################################################################################################################################################
Detected SHAFT Engine Version: [SHAFT Engine v5.4.20211202-BETA]
################################################################################################################################################
[ReportManager] File Action [GetAbsolutePath] successfully performed. With the following test data [Relative Folder Path: "target/downloadedFiles/"]. @26-12-2021 02:00:14.0838 AM
[ReportManager] Attempting to run locally on: [Mac-64], [Safari], Headless Execution. @26-12-2021 02:00:14.0857 AM
[ReportManager] Successfully Opened Safari. @26-12-2021 02:00:22.0381 AM
[ReportManager] Initial window size: (800, 600) @26-12-2021 02:00:22.0410 AM
[ReportManager] Window size after SWD Maximize: (1176, 802) @26-12-2021 02:00:22.0468 AM
[ReportManager] Browser Action [MaximizeWindow] successfully performed. With the following test data [New screen size is now: (1176, 802)]. @26-12-2021 02:00:22.0492 A

################################################################################################################################################
Starting Execution:	[1 out of 146] test cases in the current suite
Test Method:		[unitTests.tests_element_elementActions.waitForElementToBePresent_false_expectedToFail]
################################################################################################################################################
[ReportManager] Target URL: [https://www.google.com/ncr], and after redirection: [www.google.com] @26-12-2021 02:00:22.0748 AM
[ReportManager] Initial URL: [] @26-12-2021 02:00:22.0826 AM
[ReportManager] Browser Action [NavigateToURL] successfully performed. With the following test data [https://www.google.com/ncr]. @26-12-2021 02:00:24.0683 AM
[ReportManager] Waiting for element to be present; elementLocator [By.xpath: //*[@id='hplogo' or @alt='Google']], numberOfTries[1], stateOfPresence[false]... @26-12-2021 02:00:24.0692 AM
[ReportManager] Element Action [WaitForElementToBePresent] failed. With the following test data [waited for the element's state of presence to be (false). Element locator (By.xpath: //*[@id='hplogo' or @alt='Google'])]. @26-12-2021 02:00:31.0322 AM
[ReportManager] Successfully created attachment [Screenshot - 1640484024803_waitForElementToBePresent_false_expectedToFail_WaitForElementToBePresent_failed] @26-12-2021 02:00:31.0334 A
[ReportManager] Browser Action [CloseCurrentWindow] successfully performed. @26-12-2021 02:00:31.0682 AM
[ReportManager] Successfully created attachment [Browser Action Test Data - CloseCurrentWindow - Actual Value] @26-12-2021 02:00:31.0683 A
[ReportManager] File Action [GetAbsolutePath] successfully performed. With the following test data [Relative Folder Path: "target/downloadedFiles/"]. @26-12-2021 02:00:31.0696 AM
[ReportManager] Attempting to run locally on: [Mac-64], [Safari], Headless Execution. @26-12-2021 02:00:31.0696 AM
[ReportManager] Successfully Opened Safari. @26-12-2021 02:00:32.0656 AM
[ReportManager] Initial window size: (800, 600) @26-12-2021 02:00:32.0679 AM
[ReportManager] Window size after SWD Maximize: (1176, 803) @26-12-2021 02:00:32.0702 AM
[ReportManager] Browser Action [MaximizeWindow] successfully performed. With the following test data [New screen size is now: (1176, 803)]. @26-12-2021 02:00:32.0703 A

################################################################################################################################################
Starting Execution:	[2 out of 146] test cases in the current suite
Test Method:		[unitTests.tests_element_elementActions.waitForElementToBePresent_false_expectedToPass]
################################################################################################################################################
[ReportManager] Target URL: [https://www.google.com/ncr], and after redirection: [www.google.com] @26-12-2021 02:00:32.0708 AM
[ReportManager] Initial URL: [] @26-12-2021 02:00:32.0772 AM
[ReportManager] Browser Action [NavigateToURL] successfully performed. With the following test data [https://www.google.com/ncr]. @26-12-2021 02:00:33.0816 AM
[ReportManager] Waiting for element to be present; elementLocator [By.id: bla], numberOfTries[1], stateOfPresence[false]... @26-12-2021 02:00:33.0817 AM
[ReportManager] org.openqa.selenium.TimeoutException:
Expected condition failed: waiting for com.shaft.gui.element.ElementActionsHelper$$Lambda$623/0x0000000801109890@328e687e (tried for 5 second(s) with 1000 milliseconds interval)
org.openqa.selenium.support.ui.FluentWait.timeoutException(FluentWait.java:263)
org.openqa.selenium.support.ui.FluentWait.until(FluentWait.java:231)
com.shaft.gui.element.ElementActionsHelper.waitForElementPresence(ElementActionsHelper.java:63)
com.shaft.gui.element.ElementActionsHelper.waitForElementPresence(ElementActionsHelper.java:37)
com.shaft.gui.element.WebDriverElementActions.getMatchingElementsCount(WebDriverElementActions.java:1468)
com.shaft.gui.element.WebDriverElementActions.waitForElementToBePresent(WebDriverElementActions.java:1293)
com.shaft.gui.element.ElementActions.waitForElementToBePresent(ElementActions.java:622)
unitTests.tests_element_elementActions.waitForElementToBePresent_false_expectedToPass(tests_element_elementActions.java:48)
java.base/jdk.internal.reflect.NativeMethodAccessorImpl.invoke0(Native Method)
java.base/jdk.internal.reflect.NativeMethodAccessorImpl.invoke(NativeMethodAccessorImpl.java:77)
java.base/jdk.internal.reflect.DelegatingMethodAccessorImpl.invoke(DelegatingMethodAccessorImpl.java:43)
java.base/java.lang.reflect.Method.invoke(Method.java:568)
org.testng.internal.MethodInvocationHelper.invokeMethod(MethodInvocationHelper.java:133)
org.testng.internal.TestInvoker.invokeMethod(TestInvoker.java:598)
org.testng.internal.TestInvoker.invokeTestMethod(TestInvoker.java:173)
org.testng.internal.MethodRunner.runInSequence(MethodRunner.java:46)
org.testng.internal.TestInvoker$MethodInvocationAgent.invoke(TestInvoker.java:824)
org.testng.internal.TestInvoker.invokeTestMethods(TestInvoker.java:146)
org.testng.internal.TestMethodWorker.invokeTestMethods(TestMethodWorker.java:146)
org.testng.internal.TestMethodWorker.run(TestMethodWorker.java:128)
java.base/java.util.ArrayList.forEach(ArrayList.java:1511)
org.testng.TestRunner.privateRun(TestRunner.java:794)
org.testng.TestRunner.run(TestRunner.java:596)
org.testng.SuiteRunner.runTest(SuiteRunner.java:377)
org.testng.SuiteRunner.runSequentially(SuiteRunner.java:371)
org.testng.SuiteRunner.privateRun(SuiteRunner.java:332)
org.testng.SuiteRunner.run(SuiteRunner.java:276)
org.testng.SuiteRunnerWorker.runSuite(SuiteRunnerWorker.java:53)
org.testng.SuiteRunnerWorker.run(SuiteRunnerWorker.java:96)
org.testng.TestNG.runSuitesSequentially(TestNG.java:1212)
org.testng.TestNG.runSuitesLocally(TestNG.java:1134)
org.testng.TestNG.runSuites(TestNG.java:1063)
org.testng.TestNG.run(TestNG.java:1031)
org.apache.maven.surefire.testng.TestNGExecutor.run(TestNGExecutor.java:136)
org.apache.maven.surefire.testng.TestNGDirectoryTestSuite.executeMulti(TestNGDirectoryTestSuite.java:193)
org.apache.maven.surefire.testng.TestNGDirectoryTestSuite.execute(TestNGDirectoryTestSuite.java:94)
org.apache.maven.surefire.testng.TestNGProvider.invoke(TestNGProvider.java:145)
org.apache.maven.surefire.booter.ForkedBooter.runSuitesInProcess(ForkedBooter.java:428)
org.apache.maven.surefire.booter.ForkedBooter.execute(ForkedBooter.java:162)
org.apache.maven.surefire.booter.ForkedBooter.run(ForkedBooter.java:562)
org.apache.maven.surefire.booter.ForkedBooter.main(ForkedBooter.java:548)

Caused by: org.openqa.selenium.NoSuchElementException:
For documentation on this error, please visit: https://selenium.dev/exceptions/#no_such_element
Build info: version: '4.1.1', revision: 'e8fcc2cecf'
System info: host: 'Mac-1640482556111.local', ip: '10.212.23.112', os.name: 'Mac OS X', os.arch: 'x86_64', os.version: '11.5', java.version: '17.0.1'
Driver info: org.openqa.selenium.safari.SafariDriver
Command: [2BBC37A4-E027-4128-8FC3-244B24CEFB12, findElement {using=id, value=bla}]
Capabilities {acceptInsecureCerts: false, browserName: Safari, browserVersion: 15.2, goog:loggingPrefs: {browser: ALL, client: ALL, driver: ALL, performance: ALL, profiler: ALL, server: ALL}, javascriptEnabled: true, pageLoadStrategy: normal, platform: MAC, platformName: MAC, safari:automaticInspection: false, safari:automaticProfiling: false, safari:diagnose: false, safari:platformBuildVersion: 20G314, safari:platformVersion: 11.6.2, safari:useSimulator: false, setWindowRect: true, strictFileInteractability: false, timeouts: {pageLoad: 30000, script: 30000}, webkit:WebRTC: {DisableICECandidateFiltering: false, DisableInsecureMediaCapture: false}}
Session ID: 2BBC37A4-E027-4128-8FC3-244B24CEFB12
java.base/jdk.internal.reflect.NativeConstructorAccessorImpl.newInstance0(Native Method)
java.base/jdk.internal.reflect.NativeConstructorAccessorImpl.newInstance(NativeConstructorAccessorImpl.java:77)
java.base/jdk.internal.reflect.DelegatingConstructorAccessorImpl.newInstance(DelegatingConstructorAccessorImpl.java:45)
java.base/java.lang.reflect.Constructor.newInstanceWithCaller(Constructor.java:499)
java.base/java.lang.reflect.Constructor.newInstance(Constructor.java:480)
org.openqa.selenium.remote.codec.w3c.W3CHttpResponseCodec.createException(W3CHttpResponseCodec.java:200)
org.openqa.selenium.remote.codec.w3c.W3CHttpResponseCodec.decode(W3CHttpResponseCodec.java:133)
org.openqa.selenium.remote.codec.w3c.W3CHttpResponseCodec.decode(W3CHttpResponseCodec.java:53)
org.openqa.selenium.remote.HttpCommandExecutor.execute(HttpCommandExecutor.java:184)
org.openqa.selenium.remote.service.DriverCommandExecutor.invokeExecute(DriverCommandExecutor.java:167)
org.openqa.selenium.remote.service.DriverCommandExecutor.execute(DriverCommandExecutor.java:142)
org.openqa.selenium.remote.RemoteWebDriver.execute(RemoteWebDriver.java:543)
org.openqa.selenium.remote.ElementLocation$ElementFinder$2.findElement(ElementLocation.java:162)
org.openqa.selenium.remote.ElementLocation.findElement(ElementLocation.java:60)
org.openqa.selenium.remote.RemoteWebDriver.findElement(RemoteWebDriver.java:367)
org.openqa.selenium.remote.RemoteWebDriver.findElement(RemoteWebDriver.java:359)
com.shaft.gui.element.ElementActionsHelper.lambda$waitForElementPresence$0(ElementActionsHelper.java:66)
org.openqa.selenium.support.ui.FluentWait.until(FluentWait.java:208)
com.shaft.gui.element.ElementActionsHelper.waitForElementPresence(ElementActionsHelper.java:63)
com.shaft.gui.element.ElementActionsHelper.waitForElementPresence(ElementActionsHelper.java:37)
com.shaft.gui.element.WebDriverElementActions.getMatchingElementsCount(WebDriverElementActions.java:1468)
com.shaft.gui.element.WebDriverElementActions.waitForElementToBePresent(WebDriverElementActions.java:1293)
com.shaft.gui.element.ElementActions.waitForElementToBePresent(ElementActions.java:622)
unitTests.tests_element_elementActions.waitForElementToBePresent_false_expectedToPass(tests_element_elementActions.java:48)
java.base/jdk.internal.reflect.NativeMethodAccessorImpl.invoke0(Native Method)
java.base/jdk.internal.reflect.NativeMethodAccessorImpl.invoke(NativeMethodAccessorImpl.java:77)
java.base/jdk.internal.reflect.DelegatingMethodAccessorImpl.invoke(DelegatingMethodAccessorImpl.java:43)
java.base/java.lang.reflect.Method.invoke(Method.java:568)
org.testng.internal.MethodInvocationHelper.invokeMethod(MethodInvocationHelper.java:133)
org.testng.internal.TestInvoker.invokeMethod(TestInvoker.java:598)
org.testng.internal.TestInvoker.invokeTestMethod(TestInvoker.java:173)
org.testng.internal.MethodRunner.runInSequence(MethodRunner.java:46)
org.testng.internal.TestInvoker$MethodInvocationAgent.invoke(TestInvoker.java:824)
org.testng.internal.TestInvoker.invokeTestMethods(TestInvoker.java:146)
org.testng.internal.TestMethodWorker.invokeTestMethods(TestMethodWorker.java:146)
org.testng.internal.TestMethodWorker.run(TestMethodWorker.java:128)
java.base/java.util.ArrayList.forEach(ArrayList.java:1511)
org.testng.TestRunner.privateRun(TestRunner.java:794)
org.testng.TestRunner.run(TestRunner.java:596)
org.testng.SuiteRunner.runTest(SuiteRunner.java:377)
org.testng.SuiteRunner.runSequentially(SuiteRunner.java:371)
org.testng.SuiteRunner.privateRun(SuiteRunner.java:332)
org.testng.SuiteRunner.run(SuiteRunner.java:276)
org.testng.SuiteRunnerWorker.runSuite(SuiteRunnerWorker.java:53)
org.testng.SuiteRunnerWorker.run(SuiteRunnerWorker.java:96)
org.testng.TestNG.runSuitesSequentially(TestNG.java:1212)
org.testng.TestNG.runSuitesLocally(TestNG.java:1134)
org.testng.TestNG.runSuites(TestNG.java:1063)
org.testng.TestNG.run(TestNG.java:1031)
org.apache.maven.surefire.testng.TestNGExecutor.run(TestNGExecutor.java:136)
org.apache.maven.surefire.testng.TestNGDirectoryTestSuite.executeMulti(TestNGDirectoryTestSuite.java:193)
org.apache.maven.surefire.testng.TestNGDirectoryTestSuite.execute(TestNGDirectoryTestSuite.java:94)
org.apache.maven.surefire.testng.TestNGProvider.invoke(TestNGProvider.java:145)
org.apache.maven.surefire.booter.ForkedBooter.runSuitesInProcess(ForkedBooter.java:428)
org.apache.maven.surefire.booter.ForkedBooter.execute(ForkedBooter.java:162)
org.apache.maven.surefire.booter.ForkedBooter.run(ForkedBooter.java:562)
org.apache.maven.surefire.booter.ForkedBooter.main(ForkedBooter.java:548) @26-12-2021 02:00:39.0301 AM
[ReportManager] Element Action [WaitForElementToBePresent] successfully performed. With the following test data [waited for the element's state of presence to be (false). Element locator (By.id: bla)]. @26-12-2021 02:00:39.0303 A
[ReportManager] Browser Action [CloseCurrentWindow] successfully performed. @26-12-2021 02:00:39.0556 AM
[ReportManager] Successfully created attachment [Browser Action Test Data - CloseCurrentWindow - Actual Value] @26-12-2021 02:00:39.0557 A
[ReportManager] File Action [GetAbsolutePath] successfully performed. With the following test data [Relative Folder Path: "target/downloadedFiles/"]. @26-12-2021 02:00:39.0564 AM
[ReportManager] Attempting to run locally on: [Mac-64], [Safari], Headless Execution. @26-12-2021 02:00:39.0564 AM
[ReportManager] Successfully Opened Safari. @26-12-2021 02:00:40.0461 AM
[ReportManager] Initial window size: (800, 600) @26-12-2021 02:00:40.0485 AM
[ReportManager] Window size after SWD Maximize: (1176, 803) @26-12-2021 02:00:40.0503 AM
[ReportManager] Browser Action [MaximizeWindow] successfully performed. With the following test data [New screen size is now: (1176, 803)]. @26-12-2021 02:00:40.0503 A

################################################################################################################################################
Starting Execution:	[3 out of 146] test cases in the current suite
Test Method:		[unitTests.tests_element_elementActions.waitForElementToBePresent_moreThanOneElement_expectedToFail]
################################################################################################################################################
[ReportManager] Target URL: [https://www.google.com/ncr], and after redirection: [www.google.com] @26-12-2021 02:00:40.0514 AM
[ReportManager] Initial URL: [] @26-12-2021 02:00:40.0603 AM
[ReportManager] Browser Action [NavigateToURL] successfully performed. With the following test data [https://www.google.com/ncr]. @26-12-2021 02:00:41.0424 AM
[ReportManager] Waiting for element to be present; elementLocator [By.xpath: //*], numberOfTries[1], stateOfPresence[false]... @26-12-2021 02:00:41.0425 AM
[ReportManager] Element Action [WaitForElementToBePresent] failed. With the following test data [waited for the element's state of presence to be (false). Element locator (By.xpath: //*)]. @26-12-2021 02:00:41.0678 AM
[ReportManager] Successfully created attachment [Screenshot - 1640484041540_waitForElementToBePresent_moreThanOneElement_expectedToFail_WaitForElementToBePresent_failed] @26-12-2021 02:00:41.0683 A
[ReportManager] Browser Action [CloseCurrentWindow] successfully performed. @26-12-2021 02:00:42.0070 AM
[ReportManager] Successfully created attachment [Browser Action Test Data - CloseCurrentWindow - Actual Value] @26-12-2021 02:00:42.0071 A
[ReportManager] File Action [GetAbsolutePath] successfully performed. With the following test data [Relative Folder Path: "target/downloadedFiles/"]. @26-12-2021 02:00:42.0075 AM
[ReportManager] Attempting to run locally on: [Mac-64], [Safari], Headless Execution. @26-12-2021 02:00:42.0076 AM
[ReportManager] Successfully Opened Safari. @26-12-2021 02:00:42.0945 AM
[ReportManager] Initial window size: (800, 600) @26-12-2021 02:00:42.0968 AM
[ReportManager] Window size after SWD Maximize: (1176, 803) @26-12-2021 02:00:42.0999 AM
[ReportManager] Browser Action [MaximizeWindow] successfully performed. With the following test data [New screen size is now: (1176, 803)]. @26-12-2021 02:00:43.0000 A

################################################################################################################################################
Starting Execution:	[4 out of 146] test cases in the current suite
Test Method:		[unitTests.tests_element_elementActions.waitForElementToBePresent_true_expectedToFail]
################################################################################################################################################
[ReportManager] Target URL: [https://www.google.com/ncr], and after redirection: [www.google.com] @26-12-2021 02:00:43.0003 AM
[ReportManager] Initial URL: [] @26-12-2021 02:00:43.0086 AM
[ReportManager] Browser Action [NavigateToURL] successfully performed. With the following test data [https://www.google.com/ncr]. @26-12-2021 02:00:44.0483 AM
[ReportManager] Waiting for element to be present; elementLocator [By.id: bla], numberOfTries[1], stateOfPresence[true]... @26-12-2021 02:00:44.0483 AM
[ReportManager] org.openqa.selenium.TimeoutException:
Expected condition failed: waiting for com.shaft.gui.element.ElementActionsHelper$$Lambda$623/0x0000000801109890@321c01c2 (tried for 5 second(s) with 1000 milliseconds interval)
org.openqa.selenium.support.ui.FluentWait.timeoutException(FluentWait.java:263)
org.openqa.selenium.support.ui.FluentWait.until(FluentWait.java:231)
com.shaft.gui.element.ElementActionsHelper.waitForElementPresence(ElementActionsHelper.java:63)
com.shaft.gui.element.ElementActionsHelper.waitForElementPresence(ElementActionsHelper.java:37)
com.shaft.gui.element.WebDriverElementActions.getMatchingElementsCount(WebDriverElementActions.java:1468)
com.shaft.gui.element.WebDriverElementActions.waitForElementToBePresent(WebDriverElementActions.java:1293)
com.shaft.gui.element.ElementActions.waitForElementToBePresent(ElementActions.java:622)
unitTests.tests_element_elementActions.waitForElementToBePresent_true_expectedToFail(tests_element_elementActions.java:39)
java.base/jdk.internal.reflect.NativeMethodAccessorImpl.invoke0(Native Method)
java.base/jdk.internal.reflect.NativeMethodAccessorImpl.invoke(NativeMethodAccessorImpl.java:77)
java.base/jdk.internal.reflect.DelegatingMethodAccessorImpl.invoke(DelegatingMethodAccessorImpl.java:43)
java.base/java.lang.reflect.Method.invoke(Method.java:568)
org.testng.internal.MethodInvocationHelper.invokeMethod(MethodInvocationHelper.java:133)
org.testng.internal.TestInvoker.invokeMethod(TestInvoker.java:598)
org.testng.internal.TestInvoker.invokeTestMethod(TestInvoker.java:173)
org.testng.internal.MethodRunner.runInSequence(MethodRunner.java:46)
org.testng.internal.TestInvoker$MethodInvocationAgent.invoke(TestInvoker.java:824)
org.testng.internal.TestInvoker.invokeTestMethods(TestInvoker.java:146)
org.testng.internal.TestMethodWorker.invokeTestMethods(TestMethodWorker.java:146)
org.testng.internal.TestMethodWorker.run(TestMethodWorker.java:128)
java.base/java.util.ArrayList.forEach(ArrayList.java:1511)
org.testng.TestRunner.privateRun(TestRunner.java:794)
org.testng.TestRunner.run(TestRunner.java:596)
org.testng.SuiteRunner.runTest(SuiteRunner.java:377)
org.testng.SuiteRunner.runSequentially(SuiteRunner.java:371)
org.testng.SuiteRunner.privateRun(SuiteRunner.java:332)
org.testng.SuiteRunner.run(SuiteRunner.java:276)
org.testng.SuiteRunnerWorker.runSuite(SuiteRunnerWorker.java:53)
org.testng.SuiteRunnerWorker.run(SuiteRunnerWorker.java:96)
org.testng.TestNG.runSuitesSequentially(TestNG.java:1212)
org.testng.TestNG.runSuitesLocally(TestNG.java:1134)
org.testng.TestNG.runSuites(TestNG.java:1063)
org.testng.TestNG.run(TestNG.java:1031)
org.apache.maven.surefire.testng.TestNGExecutor.run(TestNGExecutor.java:136)
org.apache.maven.surefire.testng.TestNGDirectoryTestSuite.executeMulti(TestNGDirectoryTestSuite.java:193)
org.apache.maven.surefire.testng.TestNGDirectoryTestSuite.execute(TestNGDirectoryTestSuite.java:94)
org.apache.maven.surefire.testng.TestNGProvider.invoke(TestNGProvider.java:145)
org.apache.maven.surefire.booter.ForkedBooter.runSuitesInProcess(ForkedBooter.java:428)
org.apache.maven.surefire.booter.ForkedBooter.execute(ForkedBooter.java:162)
org.apache.maven.surefire.booter.ForkedBooter.run(ForkedBooter.java:562)
org.apache.maven.surefire.booter.ForkedBooter.main(ForkedBooter.java:548)

Caused by: org.openqa.selenium.NoSuchElementException:
For documentation on this error, please visit: https://selenium.dev/exceptions/#no_such_element
Build info: version: '4.1.1', revision: 'e8fcc2cecf'
System info: host: 'Mac-1640482556111.local', ip: '10.212.23.112', os.name: 'Mac OS X', os.arch: 'x86_64', os.version: '11.5', java.version: '17.0.1'
Driver info: org.openqa.selenium.safari.SafariDriver
Command: [33AB2261-7AFF-4ACB-A5BA-84085E656291, findElement {using=id, value=bla}]
Capabilities {acceptInsecureCerts: false, browserName: Safari, browserVersion: 15.2, goog:loggingPrefs: {browser: ALL, client: ALL, driver: ALL, performance: ALL, profiler: ALL, server: ALL}, javascriptEnabled: true, pageLoadStrategy: normal, platform: MAC, platformName: MAC, safari:automaticInspection: false, safari:automaticProfiling: false, safari:diagnose: false, safari:platformBuildVersion: 20G314, safari:platformVersion: 11.6.2, safari:useSimulator: false, setWindowRect: true, strictFileInteractability: false, timeouts: {pageLoad: 30000, script: 30000}, webkit:WebRTC: {DisableICECandidateFiltering: false, DisableInsecureMediaCapture: false}}
Session ID: 33AB2261-7AFF-4ACB-A5BA-84085E656291
java.base/jdk.internal.reflect.NativeConstructorAccessorImpl.newInstance0(Native Method)
java.base/jdk.internal.reflect.NativeConstructorAccessorImpl.newInstance(NativeConstructorAccessorImpl.java:77)
java.base/jdk.internal.reflect.DelegatingConstructorAccessorImpl.newInstance(DelegatingConstructorAccessorImpl.java:45)
java.base/java.lang.reflect.Constructor.newInstanceWithCaller(Constructor.java:499)
java.base/java.lang.reflect.Constructor.newInstance(Constructor.java:480)
org.openqa.selenium.remote.codec.w3c.W3CHttpResponseCodec.createException(W3CHttpResponseCodec.java:200)
org.openqa.selenium.remote.codec.w3c.W3CHttpResponseCodec.decode(W3CHttpResponseCodec.java:133)
org.openqa.selenium.remote.codec.w3c.W3CHttpResponseCodec.decode(W3CHttpResponseCodec.java:53)
org.openqa.selenium.remote.HttpCommandExecutor.execute(HttpCommandExecutor.java:184)
org.openqa.selenium.remote.service.DriverCommandExecutor.invokeExecute(DriverCommandExecutor.java:167)
org.openqa.selenium.remote.service.DriverCommandExecutor.execute(DriverCommandExecutor.java:142)
org.openqa.selenium.remote.RemoteWebDriver.execute(RemoteWebDriver.java:543)
org.openqa.selenium.remote.ElementLocation$ElementFinder$2.findElement(ElementLocation.java:162)
org.openqa.selenium.remote.ElementLocation.findElement(ElementLocation.java:60)
org.openqa.selenium.remote.RemoteWebDriver.findElement(RemoteWebDriver.java:367)
org.openqa.selenium.remote.RemoteWebDriver.findElement(RemoteWebDriver.java:359)
com.shaft.gui.element.ElementActionsHelper.lambda$waitForElementPresence$0(ElementActionsHelper.java:66)
org.openqa.selenium.support.ui.FluentWait.until(FluentWait.java:208)
com.shaft.gui.element.ElementActionsHelper.waitForElementPresence(ElementActionsHelper.java:63)
com.shaft.gui.element.ElementActionsHelper.waitForElementPresence(ElementActionsHelper.java:37)
com.shaft.gui.element.WebDriverElementActions.getMatchingElementsCount(WebDriverElementActions.java:1468)
com.shaft.gui.element.WebDriverElementActions.waitForElementToBePresent(WebDriverElementActions.java:1293)
com.shaft.gui.element.ElementActions.waitForElementToBePresent(ElementActions.java:622)
unitTests.tests_element_elementActions.waitForElementToBePresent_true_expectedToFail(tests_element_elementActions.java:39)
java.base/jdk.internal.reflect.NativeMethodAccessorImpl.invoke0(Native Method)
java.base/jdk.internal.reflect.NativeMethodAccessorImpl.invoke(NativeMethodAccessorImpl.java:77)
java.base/jdk.internal.reflect.DelegatingMethodAccessorImpl.invoke(DelegatingMethodAccessorImpl.java:43)
java.base/java.lang.reflect.Method.invoke(Method.java:568)
org.testng.internal.MethodInvocationHelper.invokeMethod(MethodInvocationHelper.java:133)
org.testng.internal.TestInvoker.invokeMethod(TestInvoker.java:598)
org.testng.internal.TestInvoker.invokeTestMethod(TestInvoker.java:173)
org.testng.internal.MethodRunner.runInSequence(MethodRunner.java:46)
org.testng.internal.TestInvoker$MethodInvocationAgent.invoke(TestInvoker.java:824)
org.testng.internal.TestInvoker.invokeTestMethods(TestInvoker.java:146)
org.testng.internal.TestMethodWorker.invokeTestMethods(TestMethodWorker.java:146)
org.testng.internal.TestMethodWorker.run(TestMethodWorker.java:128)
java.base/java.util.ArrayList.forEach(ArrayList.java:1511)
org.testng.TestRunner.privateRun(TestRunner.java:794)
org.testng.TestRunner.run(TestRunner.java:596)
org.testng.SuiteRunner.runTest(SuiteRunner.java:377)
org.testng.SuiteRunner.runSequentially(SuiteRunner.java:371)
org.testng.SuiteRunner.privateRun(SuiteRunner.java:332)
org.testng.SuiteRunner.run(SuiteRunner.java:276)
org.testng.SuiteRunnerWorker.runSuite(SuiteRunnerWorker.java:53)
org.testng.SuiteRunnerWorker.run(SuiteRunnerWorker.java:96)
org.testng.TestNG.runSuitesSequentially(TestNG.java:1212)
org.testng.TestNG.runSuitesLocally(TestNG.java:1134)
org.testng.TestNG.runSuites(TestNG.java:1063)
org.testng.TestNG.run(TestNG.java:1031)
org.apache.maven.surefire.testng.TestNGExecutor.run(TestNGExecutor.java:136)
org.apache.maven.surefire.testng.TestNGDirectoryTestSuite.executeMulti(TestNGDirectoryTestSuite.java:193)
org.apache.maven.surefire.testng.TestNGDirectoryTestSuite.execute(TestNGDirectoryTestSuite.java:94)
org.apache.maven.surefire.testng.TestNGProvider.invoke(TestNGProvider.java:145)
org.apache.maven.surefire.booter.ForkedBooter.runSuitesInProcess(ForkedBooter.java:428)
org.apache.maven.surefire.booter.ForkedBooter.execute(ForkedBooter.java:162)
org.apache.maven.surefire.booter.ForkedBooter.run(ForkedBooter.java:562)
org.apache.maven.surefire.booter.ForkedBooter.main(ForkedBooter.java:548) @26-12-2021 02:00:50.0088 AM
[ReportManager] Element Action [WaitForElementToBePresent] failed. With the following test data [waited for the element's state of presence to be (true). Element locator (By.id: bla)]. @26-12-2021 02:00:50.0220 AM
[ReportManager] Successfully created attachment [Screenshot - 1640484050118_waitForElementToBePresent_true_expectedToFail_WaitForElementToBePresent_failed] @26-12-2021 02:00:50.0227 A
[ReportManager] Browser Action [CloseCurrentWindow] successfully performed. @26-12-2021 02:00:50.0328 AM
[ReportManager] Successfully created attachment [Browser Action Test Data - CloseCurrentWindow - Actual Value] @26-12-2021 02:00:50.0329 A
[ReportManager] File Action [GetAbsolutePath] successfully performed. With the following test data [Relative Folder Path: "target/downloadedFiles/"]. @26-12-2021 02:00:50.0335 AM
[ReportManager] Attempting to run locally on: [Mac-64], [Safari], Headless Execution. @26-12-2021 02:00:50.0336 AM
[ReportManager] Successfully Opened Safari. @26-12-2021 02:00:51.0268 AM
[ReportManager] Initial window size: (800, 600) @26-12-2021 02:00:51.0322 AM
[ReportManager] Window size after SWD Maximize: (1176, 803) @26-12-2021 02:00:51.0407 AM
[ReportManager] Browser Action [MaximizeWindow] successfully performed. With the following test data [New screen size is now: (1176, 803)]. @26-12-2021 02:00:51.0408 A

################################################################################################################################################
Starting Execution:	[5 out of 146] test cases in the current suite
Test Method:		[unitTests.tests_element_elementActions.waitForElementToBePresent_true_expectedToPass]
################################################################################################################################################
[ReportManager] Target URL: [https://www.google.com/ncr], and after redirection: [www.google.com] @26-12-2021 02:00:51.0421 AM
[ReportManager] Initial URL: [] @26-12-2021 02:00:51.0502 AM
[ReportManager] Browser Action [NavigateToURL] successfully performed. With the following test data [https://www.google.com/ncr]. @26-12-2021 02:00:52.0456 AM
[ReportManager] Waiting for element to be present; elementLocator [By.xpath: //*[@id='hplogo' or @alt='Google']], numberOfTries[1], stateOfPresence[true]... @26-12-2021 02:00:52.0456 AM
[ReportManager] Element Action [WaitForElementToBePresent] successfully performed. With the following test data [waited for the element's state of presence to be (true). Element locator (By.xpath: //*[@id='hplogo' or @alt='Google'])]. @26-12-2021 02:00:52.0530 AM
[ReportManager] File Action [DoesFileExist] successfully performed. With the following test data [File Path: "src/main/resources/dynamicObjectRepository/unitTests_tests_element_elementActions_waitForElementToBePresent_true_expectedToPass_By_xpath_id_hplogo_or_alt_Google.png"]. @26-12-2021 02:00:52.0552 AM
[ReportManager] File Action [DoesFileExist] successfully performed. With the following test data [File Path: "src/main/resources/dynamicObjectRepository/unitTests_tests_element_elementActions_waitForElementToBePresent_true_expectedToPass_By_xpath_id_hplogo_or_alt_Google.png"]. @26-12-2021 02:00:52.0722 AM
[ReportManager] Passing the test and saving a reference image @26-12-2021 02:00:52.0722 AM
[ReportManager] File Action [GetAbsolutePath] successfully performed. With the following test data [Relative File Path: "src/main/resources/dynamicObjectRepository/unitTests_tests_element_elementActions_waitForElementToBePresent_true_expectedToPass_By_xpath_id_hplogo_or_alt_Google.png"]. @26-12-2021 02:00:52.0722 AM
[ReportManager] File Action [WriteToFile] successfully performed. With the following test data [Target File Path: "/Users/runner/work/SHAFT_ENGINE/SHAFT_ENGINE/src/main/resources/dynamicObjectRepository/unitTests_tests_element_elementActions_waitForElementToBePresent_true_expectedToPass_By_xpath_id_hplogo_or_alt_Google.png"]. @26-12-2021 02:00:52.0725 AM
[ReportManager] Assertion Passed: Using Visual AI; OpenCV @26-12-2021 02:00:52.0728 AM
[ReportManager] Successfully created attachment [Validation Test Data - Actual Screenshot] @26-12-2021 02:00:52.0729 AM
[ReportManager] Assertion [ValidateElementMatches] PASSED. Expected [Element should match the reference screenshot] and Actual [TRUE]. Comparison Type [EXACT_OPENCV]. Validation Type [POSITIVE]. @26-12-2021 02:00:52.0729 A
[ReportManager] Browser Action [CloseCurrentWindow] successfully performed. @26-12-2021 02:00:53.0023 AM
[ReportManager] Successfully created attachment [Browser Action Test Data - CloseCurrentWindow - Actual Value] @26-12-2021 02:00:53.0024 A
[ReportManager] File Action [GetAbsolutePath] successfully performed. With the following test data [Relative Folder Path: "target/downloadedFiles/"]. @26-12-2021 02:00:53.0029 AM
[ReportManager] Attempting to run locally on: [Mac-64], [Safari], Headless Execution. @26-12-2021 02:00:53.0030 AM
[ReportManager] Successfully Opened Safari. @26-12-2021 02:00:54.0023 AM
[ReportManager] Initial window size: (800, 600) @26-12-2021 02:00:54.0071 AM
[ReportManager] Window size after SWD Maximize: (1176, 803) @26-12-2021 02:00:54.0117 AM
[ReportManager] Browser Action [MaximizeWindow] successfully performed. With the following test data [New screen size is now: (1176, 803)]. @26-12-2021 02:00:54.0118 AM
[ReportManager] Target URL: [https://duckduckgo.com] @26-12-2021 02:00:54.0118 AM
[ReportManager] Initial URL: [] @26-12-2021 02:00:54.0188 AM
[ReportManager] Browser Action [NavigateToURL] successfully performed. With the following test data [https://duckduckgo.com]. @26-12-2021 02:00:55.0253 A

################################################################################################################################################
Starting Execution:	[6 out of 146] test cases in the current suite
Test Method:		[unitTests.tests_browserActions.fullScreenWindow]
################################################################################################################################################
[ReportManager] Initial Windows Size: 1176x803 @26-12-2021 02:00:55.0266 AM
[ReportManager] Current Windows Size after fullScreen: 1176x885 @26-12-2021 02:00:55.0820 AM
[ReportManager] Browser Action [FullScreenWindow] successfully performed. @26-12-2021 02:00:55.0896 AM
[ReportManager] Successfully created attachment [Browser Action Test Data - FullScreenWindow - Actual Value] @26-12-2021 02:00:55.0901 A
[ReportManager] Target URL: [https://duckduckgo.com] @26-12-2021 02:00:55.0910 AM
[ReportManager] Initial URL: [https://duckduckgo.com] @26-12-2021 02:00:56.0287 AM
[ReportManager] Browser Action [NavigateToURL] successfully performed. With the following test data [https://duckduckgo.com]. @26-12-2021 02:00:56.0946 AM
[ReportManager] Browser Action [CloseCurrentWindow] successfully performed. @26-12-2021 02:00:57.0354 AM
[ReportManager] Successfully created attachment [Browser Action Test Data - CloseCurrentWindow - Actual Value] @26-12-2021 02:00:57.0357 A
[ReportManager] File Action [GetAbsolutePath] successfully performed. With the following test data [Relative Folder Path: "target/downloadedFiles/"]. @26-12-2021 02:00:57.0362 AM
[ReportManager] Attempting to run locally on: [Mac-64], [Safari], Headless Execution. @26-12-2021 02:00:57.0363 AM
[ReportManager] Successfully Opened Safari. @26-12-2021 02:00:58.0468 AM
[ReportManager] Initial window size: (800, 600) @26-12-2021 02:00:58.0483 AM
[ReportManager] Window size after SWD Maximize: (1176, 803) @26-12-2021 02:00:58.0503 AM
[ReportManager] Browser Action [MaximizeWindow] successfully performed. With the following test data [New screen size is now: (1176, 803)]. @26-12-2021 02:00:58.0503 AM
[ReportManager] Target URL: [https://duckduckgo.com] @26-12-2021 02:00:58.0504 AM
[ReportManager] Initial URL: [] @26-12-2021 02:00:58.0556 AM
[ReportManager] Browser Action [NavigateToURL] successfully performed. With the following test data [https://duckduckgo.com]. @26-12-2021 02:00:59.0271 A

################################################################################################################################################
Starting Execution:	[7 out of 146] test cases in the current suite
Test Method:		[unitTests.tests_browserActions.getCurrentURL]
################################################################################################################################################
[ReportManager] Browser Action [GetCurrentURL] successfully performed. With the following test data [https://duckduckgo.com/]. @26-12-2021 02:00:59.0338 A
[ReportManager] Target URL: [https://duckduckgo.com] @26-12-2021 02:00:59.0343 AM
[ReportManager] Initial URL: [https://duckduckgo.com] @26-12-2021 02:00:59.0461 AM
[ReportManager] Browser Action [NavigateToURL] successfully performed. With the following test data [https://duckduckgo.com]. @26-12-2021 02:00:59.0847 AM
[ReportManager] Browser Action [CloseCurrentWindow] successfully performed. @26-12-2021 02:01:00.0303 AM
[ReportManager] Successfully created attachment [Browser Action Test Data - CloseCurrentWindow - Actual Value] @26-12-2021 02:01:00.0304 A
[ReportManager] File Action [GetAbsolutePath] successfully performed. With the following test data [Relative Folder Path: "target/downloadedFiles/"]. @26-12-2021 02:01:00.0308 AM
[ReportManager] Attempting to run locally on: [Mac-64], [Safari], Headless Execution. @26-12-2021 02:01:00.0309 AM
[ReportManager] Successfully Opened Safari. @26-12-2021 02:01:01.0183 AM
[ReportManager] Initial window size: (800, 600) @26-12-2021 02:01:01.0244 AM
[ReportManager] Window size after SWD Maximize: (1176, 803) @26-12-2021 02:01:01.0292 AM
[ReportManager] Browser Action [MaximizeWindow] successfully performed. With the following test data [New screen size is now: (1176, 803)]. @26-12-2021 02:01:01.0292 AM
[ReportManager] Target URL: [https://duckduckgo.com] @26-12-2021 02:01:01.0293 AM
[ReportManager] Initial URL: [] @26-12-2021 02:01:01.0350 AM
[ReportManager] Browser Action [NavigateToURL] successfully performed. With the following test data [https://duckduckgo.com]. @26-12-2021 02:01:02.0198 A

################################################################################################################################################
Starting Execution:	[8 out of 146] test cases in the current suite
Test Method:		[unitTests.tests_browserActions.getCurrentWindowTitle]
################################################################################################################################################
[ReportManager] Browser Action [GetCurrentWindowTitle] successfully performed. With the following test data [DuckDuckGo â€” Privacy, simplified.]. @26-12-2021 02:01:02.0252 A
[ReportManager] Target URL: [https://duckduckgo.com] @26-12-2021 02:01:02.0255 AM
[ReportManager] Initial URL: [https://duckduckgo.com] @26-12-2021 02:01:02.0296 AM
[ReportManager] Browser Action [NavigateToURL] successfully performed. With the following test data [https://duckduckgo.com]. @26-12-2021 02:01:02.0672 AM
[ReportManager] Browser Action [CloseCurrentWindow] successfully performed. @26-12-2021 02:01:02.0932 AM
[ReportManager] Successfully created attachment [Browser Action Test Data - CloseCurrentWindow - Actual Value] @26-12-2021 02:01:02.0933 A
[ReportManager] File Action [GetAbsolutePath] successfully performed. With the following test data [Relative Folder Path: "target/downloadedFiles/"]. @26-12-2021 02:01:02.0942 AM
[ReportManager] Attempting to run locally on: [Mac-64], [Safari], Headless Execution. @26-12-2021 02:01:02.0942 AM
[ReportManager] Successfully Opened Safari. @26-12-2021 02:01:03.0827 AM
[ReportManager] Initial window size: (800, 600) @26-12-2021 02:01:03.0836 AM
[ReportManager] Window size after SWD Maximize: (1176, 803) @26-12-2021 02:01:03.0863 AM
[ReportManager] Browser Action [MaximizeWindow] successfully performed. With the following test data [New screen size is now: (1176, 803)]. @26-12-2021 02:01:03.0864 AM
[ReportManager] Target URL: [https://duckduckgo.com] @26-12-2021 02:01:03.0864 AM
[ReportManager] Initial URL: [] @26-12-2021 02:01:03.0910 AM
[ReportManager] Browser Action [NavigateToURL] successfully performed. With the following test data [https://duckduckgo.com]. @26-12-2021 02:01:04.0591 A

################################################################################################################################################
Starting Execution:	[9 out of 146] test cases in the current suite
Test Method:		[unitTests.tests_browserActions.getPageSource]
################################################################################################################################################
[ReportManager] Browser Action [GetPageSource] successfully performed. @26-12-2021 02:01:04.0701 AM
[ReportManager] Successfully created attachment [Browser Action Test Data - GetPageSource - Actual Value] @26-12-2021 02:01:04.0702 A
[ReportManager] Target URL: [https://duckduckgo.com] @26-12-2021 02:01:04.0705 AM
[ReportManager] Initial URL: [https://duckduckgo.com] @26-12-2021 02:01:04.0760 AM
[ReportManager] Browser Action [NavigateToURL] successfully performed. With the following test data [https://duckduckgo.com]. @26-12-2021 02:01:05.0124 AM
[ReportManager] Browser Action [CloseCurrentWindow] successfully performed. @26-12-2021 02:01:05.0555 AM
[ReportManager] Successfully created attachment [Browser Action Test Data - CloseCurrentWindow - Actual Value] @26-12-2021 02:01:05.0556 A
[ReportManager] File Action [GetAbsolutePath] successfully performed. With the following test data [Relative Folder Path: "target/downloadedFiles/"]. @26-12-2021 02:01:05.0560 AM
[ReportManager] Attempting to run locally on: [Mac-64], [Safari], Headless Execution. @26-12-2021 02:01:05.0561 AM
[ReportManager] Successfully Opened Safari. @26-12-2021 02:01:06.0509 AM
[ReportManager] Initial window size: (800, 600) @26-12-2021 02:01:06.0547 AM
[ReportManager] Window size after SWD Maximize: (1176, 803) @26-12-2021 02:01:06.0632 AM
[ReportManager] Browser Action [MaximizeWindow] successfully performed. With the following test data [New screen size is now: (1176, 803)]. @26-12-2021 02:01:06.0633 AM
[ReportManager] Target URL: [https://duckduckgo.com] @26-12-2021 02:01:06.0633 AM
[ReportManager] Initial URL: [] @26-12-2021 02:01:06.0805 AM
[ReportManager] Browser Action [NavigateToURL] successfully performed. With the following test data [https://duckduckgo.com]. @26-12-2021 02:01:07.0744 A

################################################################################################################################################
Starting Execution:	[10 out of 146] test cases in the current suite
Test Method:		[unitTests.tests_browserActions.getWindowHandle]
################################################################################################################################################
[ReportManager] Browser Action [GetWindowHandle] successfully performed. With the following test data [page-222F55D0-5CC3-4E2F-908A-3950A5E5DA70]. @26-12-2021 02:01:07.0868 A
[ReportManager] Target URL: [https://duckduckgo.com] @26-12-2021 02:01:07.0870 AM
[ReportManager] Initial URL: [https://duckduckgo.com] @26-12-2021 02:01:07.0917 AM
[ReportManager] Browser Action [NavigateToURL] successfully performed. With the following test data [https://duckduckgo.com]. @26-12-2021 02:01:08.0287 AM
[ReportManager] Browser Action [CloseCurrentWindow] successfully performed. @26-12-2021 02:01:08.0724 AM
[ReportManager] Successfully created attachment [Browser Action Test Data - CloseCurrentWindow - Actual Value] @26-12-2021 02:01:08.0725 A
[ReportManager] File Action [GetAbsolutePath] successfully performed. With the following test data [Relative Folder Path: "target/downloadedFiles/"]. @26-12-2021 02:01:08.0728 AM
[ReportManager] Attempting to run locally on: [Mac-64], [Safari], Headless Execution. @26-12-2021 02:01:08.0729 AM
[ReportManager] Successfully Opened Safari. @26-12-2021 02:01:09.0702 AM
[ReportManager] Initial window size: (800, 600) @26-12-2021 02:01:09.0733 AM
[ReportManager] Window size after SWD Maximize: (1176, 803) @26-12-2021 02:01:09.0763 AM
[ReportManager] Browser Action [MaximizeWindow] successfully performed. With the following test data [New screen size is now: (1176, 803)]. @26-12-2021 02:01:09.0764 AM
[ReportManager] Target URL: [https://duckduckgo.com] @26-12-2021 02:01:09.0764 AM
[ReportManager] Initial URL: [] @26-12-2021 02:01:09.0847 AM
[ReportManager] Browser Action [NavigateToURL] successfully performed. With the following test data [https://duckduckgo.com]. @26-12-2021 02:01:10.0619 A

################################################################################################################################################
Starting Execution:	[11 out of 146] test cases in the current suite
Test Method:		[unitTests.tests_browserActions.getWindowPosition]
################################################################################################################################################
[ReportManager] Browser Action [GetWindowPosition] successfully performed. With the following test data [(0, 25)]. @26-12-2021 02:01:10.0655 A
[ReportManager] Target URL: [https://duckduckgo.com] @26-12-2021 02:01:10.0659 AM
[ReportManager] Initial URL: [https://duckduckgo.com] @26-12-2021 02:01:10.0714 AM
[ReportManager] Browser Action [NavigateToURL] successfully performed. With the following test data [https://duckduckgo.com]. @26-12-2021 02:01:11.0087 AM
[ReportManager] Browser Action [CloseCurrentWindow] successfully performed. @26-12-2021 02:01:11.0342 AM
[ReportManager] Successfully created attachment [Browser Action Test Data - CloseCurrentWindow - Actual Value] @26-12-2021 02:01:11.0757 A
[ReportManager] File Action [GetAbsolutePath] successfully performed. With the following test data [Relative Folder Path: "target/downloadedFiles/"]. @26-12-2021 02:01:11.0760 AM
[ReportManager] Attempting to run locally on: [Mac-64], [Safari], Headless Execution. @26-12-2021 02:01:11.0760 AM
[ReportManager] Successfully Opened Safari. @26-12-2021 02:01:12.0625 AM
[ReportManager] Initial window size: (800, 600) @26-12-2021 02:01:12.0687 AM
[ReportManager] Window size after SWD Maximize: (1176, 803) @26-12-2021 02:01:12.0747 AM
[ReportManager] Browser Action [MaximizeWindow] successfully performed. With the following test data [New screen size is now: (1176, 803)]. @26-12-2021 02:01:12.0748 AM
[ReportManager] Target URL: [https://duckduckgo.com] @26-12-2021 02:01:12.0748 AM
[ReportManager] Initial URL: [] @26-12-2021 02:01:12.0786 AM
[ReportManager] Browser Action [NavigateToURL] successfully performed. With the following test data [https://duckduckgo.com]. @26-12-2021 02:01:13.0453 A

################################################################################################################################################
Starting Execution:	[12 out of 146] test cases in the current suite
Test Method:		[unitTests.tests_browserActions.getWindowSize]
################################################################################################################################################
[ReportManager] Browser Action [GetWindowSize] successfully performed. With the following test data [(1176, 803)]. @26-12-2021 02:01:13.0520 A
[ReportManager] Target URL: [https://duckduckgo.com] @26-12-2021 02:01:13.0523 AM
[ReportManager] Initial URL: [https://duckduckgo.com] @26-12-2021 02:01:13.0568 AM
[ReportManager] Browser Action [NavigateToURL] successfully performed. With the following test data [https://duckduckgo.com]. @26-12-2021 02:01:13.0944 AM
[ReportManager] Browser Action [CloseCurrentWindow] successfully performed. @26-12-2021 02:01:14.0377 AM
[ReportManager] Successfully created attachment [Browser Action Test Data - CloseCurrentWindow - Actual Value] @26-12-2021 02:01:14.0378 A
[ReportManager] File Action [GetAbsolutePath] successfully performed. With the following test data [Relative Folder Path: "target/downloadedFiles/"]. @26-12-2021 02:01:14.0380 AM
[ReportManager] Attempting to run locally on: [Mac-64], [Safari], Headless Execution. @26-12-2021 02:01:14.0380 AM
[ReportManager] Successfully Opened Safari. @26-12-2021 02:01:15.0214 AM
[ReportManager] Initial window size: (800, 600) @26-12-2021 02:01:15.0234 AM
[ReportManager] Window size after SWD Maximize: (1176, 803) @26-12-2021 02:01:15.0267 AM
[ReportManager] Browser Action [MaximizeWindow] successfully performed. With the following test data [New screen size is now: (1176, 803)]. @26-12-2021 02:01:15.0267 AM
[ReportManager] Target URL: [https://duckduckgo.com] @26-12-2021 02:01:15.0267 AM
[ReportManager] Initial URL: [] @26-12-2021 02:01:15.0311 AM
[ReportManager] Browser Action [NavigateToURL] successfully performed. With the following test data [https://duckduckgo.com]. @26-12-2021 02:01:15.0988 A

################################################################################################################################################
Starting Execution:	[13 out of 146] test cases in the current suite
Test Method:		[unitTests.tests_browserActions.maximizeWindow]
################################################################################################################################################
[ReportManager] Initial window size: (1176, 803) @26-12-2021 02:01:16.0007 AM
[ReportManager] Window size after SWD Maximize: (1176, 803) @26-12-2021 02:01:16.0016 AM
[ReportManager] Window size after Toolkit: (1920, 1080) @26-12-2021 02:01:16.0057 AM
[ReportManager] Browser Action [MaximizeWindow] successfully performed. With the following test data [New screen size is now: (1920, 1080)]. @26-12-2021 02:01:16.0064 A
[ReportManager] Target URL: [https://duckduckgo.com] @26-12-2021 02:01:16.0067 AM
[ReportManager] Initial URL: [https://duckduckgo.com] @26-12-2021 02:01:16.0141 AM
[ReportManager] Browser Action [NavigateToURL] successfully performed. With the following test data [https://duckduckgo.com]. @26-12-2021 02:01:16.0516 AM
[ReportManager] Browser Action [CloseCurrentWindow] successfully performed. @26-12-2021 02:01:16.0875 AM
[ReportManager] Successfully created attachment [Browser Action Test Data - CloseCurrentWindow - Actual Value] @26-12-2021 02:01:16.0876 A
[ReportManager] File Action [GetAbsolutePath] successfully performed. With the following test data [Relative Folder Path: "target/downloadedFiles/"]. @26-12-2021 02:01:16.0879 AM
[ReportManager] Attempting to run locally on: [Mac-64], [Safari], Headless Execution. @26-12-2021 02:01:16.0879 AM
[ReportManager] Successfully Opened Safari. @26-12-2021 02:01:17.0737 AM
[ReportManager] Initial window size: (800, 600) @26-12-2021 02:01:17.0752 AM
[ReportManager] Window size after SWD Maximize: (1176, 803) @26-12-2021 02:01:17.0767 AM
[ReportManager] Browser Action [MaximizeWindow] successfully performed. With the following test data [New screen size is now: (1176, 803)]. @26-12-2021 02:01:17.0767 AM
[ReportManager] Target URL: [https://duckduckgo.com] @26-12-2021 02:01:17.0768 AM
[ReportManager] Initial URL: [] @26-12-2021 02:01:17.0819 AM
[ReportManager] Browser Action [NavigateToURL] successfully performed. With the following test data [https://duckduckgo.com]. @26-12-2021 02:01:18.0497 A

################################################################################################################################################
Starting Execution:	[14 out of 146] test cases in the current suite
Test Method:		[unitTests.tests_browserActions.navigateBack]
################################################################################################################################################
[ReportManager] Target URL: [https://www.google.com/ncr], and after redirection: [https://www.google.com] @26-12-2021 02:01:18.0500 AM
[ReportManager] Initial URL: [https://duckduckgo.com] @26-12-2021 02:01:18.0550 AM
[ReportManager] Browser Action [NavigateToURL] successfully performed. With the following test data [https://www.google.com/ncr]. @26-12-2021 02:01:19.0399 AM
[ReportManager] Browser Action [NavigateBack] successfully performed. With the following test data [https://duckduckgo.com/]. @26-12-2021 02:01:19.0550 AM
[ReportManager] Browser Action [GetCurrentURL] successfully performed. With the following test data [https://duckduckgo.com/]. @26-12-2021 02:01:19.0610 AM
[ReportManager] Assertion Passed: Confirming that navigating back was successful @26-12-2021 02:01:19.0786 AM
[ReportManager] Successfully created attachment [Screenshot - 1640484079647_navigateBack_ValidateBrowserAttribute_passed] @26-12-2021 02:01:19.0787 AM
[ReportManager] Assertion [ValidateBrowserAttribute] PASSED. Expected [Value Should be 'https://duckduckgo.com' for the 'CurrentUrl' attribute] and Actual [https://duckduckgo.com/]. Comparison Type [CONTAINS]. Validation Type [POSITIVE]. @26-12-2021 02:01:19.0787 A
[ReportManager] Target URL: [https://duckduckgo.com] @26-12-2021 02:01:19.0790 AM
[ReportManager] Initial URL: [https://duckduckgo.com] @26-12-2021 02:01:19.0822 AM
[ReportManager] Browser Action [NavigateToURL] successfully performed. With the following test data [https://duckduckgo.com]. @26-12-2021 02:01:20.0200 AM
[ReportManager] Browser Action [CloseCurrentWindow] successfully performed. @26-12-2021 02:01:20.0432 AM
[ReportManager] Successfully created attachment [Browser Action Test Data - CloseCurrentWindow - Actual Value] @26-12-2021 02:01:20.0433 A
[ReportManager] File Action [GetAbsolutePath] successfully performed. With the following test data [Relative Folder Path: "target/downloadedFiles/"]. @26-12-2021 02:01:20.0437 AM
[ReportManager] Attempting to run locally on: [Mac-64], [Safari], Headless Execution. @26-12-2021 02:01:20.0438 AM
[ReportManager] Successfully Opened Safari. @26-12-2021 02:01:21.0268 AM
[ReportManager] Initial window size: (800, 600) @26-12-2021 02:01:21.0301 AM
[ReportManager] Window size after SWD Maximize: (1176, 803) @26-12-2021 02:01:21.0330 AM
[ReportManager] Browser Action [MaximizeWindow] successfully performed. With the following test data [New screen size is now: (1176, 803)]. @26-12-2021 02:01:21.0330 AM
[ReportManager] Target URL: [https://duckduckgo.com] @26-12-2021 02:01:21.0330 AM
[ReportManager] Initial URL: [] @26-12-2021 02:01:21.0380 AM
[ReportManager] Browser Action [NavigateToURL] successfully performed. With the following test data [https://duckduckgo.com]. @26-12-2021 02:01:22.0130 A

################################################################################################################################################
Starting Execution:	[15 out of 146] test cases in the current suite
Test Method:		[unitTests.tests_browserActions.navigateForward]
################################################################################################################################################
[ReportManager] Target URL: [https://www.google.com/ncr], and after redirection: [https://www.google.com] @26-12-2021 02:01:22.0134 AM
[ReportManager] Initial URL: [https://duckduckgo.com] @26-12-2021 02:01:22.0169 AM
[ReportManager] Browser Action [NavigateToURL] successfully performed. With the following test data [https://www.google.com/ncr]. @26-12-2021 02:01:23.0064 AM
[ReportManager] Browser Action [NavigateBack] successfully performed. With the following test data [https://duckduckgo.com/]. @26-12-2021 02:01:23.0214 AM
[ReportManager] Browser Action [NavigateForward] successfully performed. With the following test data [https://www.google.com/]. @26-12-2021 02:01:23.0347 A
[ReportManager] Target URL: [https://duckduckgo.com] @26-12-2021 02:01:23.0349 AM
[ReportManager] Initial URL: [https://www.google.com] @26-12-2021 02:01:23.0410 AM
[ReportManager] Browser Action [NavigateToURL] successfully performed. With the following test data [https://duckduckgo.com]. @26-12-2021 02:01:23.0779 AM
[ReportManager] Browser Action [CloseCurrentWindow] successfully performed. @26-12-2021 02:01:24.0160 AM
[ReportManager] Successfully created attachment [Browser Action Test Data - CloseCurrentWindow - Actual Value] @26-12-2021 02:01:24.0161 A
[ReportManager] File Action [GetAbsolutePath] successfully performed. With the following test data [Relative Folder Path: "target/downloadedFiles/"]. @26-12-2021 02:01:24.0164 AM
[ReportManager] Attempting to run locally on: [Mac-64], [Safari], Headless Execution. @26-12-2021 02:01:24.0164 AM
[ReportManager] Successfully Opened Safari. @26-12-2021 02:01:25.0054 AM
[ReportManager] Initial window size: (800, 600) @26-12-2021 02:01:25.0106 AM
[ReportManager] Window size after SWD Maximize: (1176, 803) @26-12-2021 02:01:25.0148 AM
[ReportManager] Browser Action [MaximizeWindow] successfully performed. With the following test data [New screen size is now: (1176, 803)]. @26-12-2021 02:01:25.0148 AM
[ReportManager] Target URL: [https://duckduckgo.com] @26-12-2021 02:01:25.0148 AM
[ReportManager] Initial URL: [] @26-12-2021 02:01:25.0204 AM
[ReportManager] Browser Action [NavigateToURL] successfully performed. With the following test data [https://duckduckgo.com]. @26-12-2021 02:01:26.0003 A

################################################################################################################################################
Starting Execution:	[16 out of 146] test cases in the current suite
Test Method:		[unitTests.tests_browserActions.navigateToURL]
################################################################################################################################################
[ReportManager] Target URL: [https://duckduckgo.com] @26-12-2021 02:01:26.0008 AM
[ReportManager] Initial URL: [https://duckduckgo.com] @26-12-2021 02:01:26.0062 AM
[ReportManager] Browser Action [NavigateToURL] successfully performed. With the following test data [https://duckduckgo.com]. @26-12-2021 02:01:26.0432 A
[ReportManager] Target URL: [https://duckduckgo.com] @26-12-2021 02:01:26.0476 AM
[ReportManager] Initial URL: [https://duckduckgo.com] @26-12-2021 02:01:26.0544 AM
[ReportManager] Browser Action [NavigateToURL] successfully performed. With the following test data [https://duckduckgo.com]. @26-12-2021 02:01:26.0905 AM
[ReportManager] Browser Action [CloseCurrentWindow] successfully performed. @26-12-2021 02:01:27.0103 AM
[ReportManager] Successfully created attachment [Browser Action Test Data - CloseCurrentWindow - Actual Value] @26-12-2021 02:01:27.0104 A
[ReportManager] File Action [GetAbsolutePath] successfully performed. With the following test data [Relative Folder Path: "target/downloadedFiles/"]. @26-12-2021 02:01:27.0107 AM
[ReportManager] Attempting to run locally on: [Mac-64], [Safari], Headless Execution. @26-12-2021 02:01:27.0107 AM
[ReportManager] Successfully Opened Safari. @26-12-2021 02:01:27.0963 AM
[ReportManager] Initial window size: (800, 600) @26-12-2021 02:01:28.0013 AM
[ReportManager] Window size after SWD Maximize: (1176, 803) @26-12-2021 02:01:28.0037 AM
[ReportManager] Browser Action [MaximizeWindow] successfully performed. With the following test data [New screen size is now: (1176, 803)]. @26-12-2021 02:01:28.0043 AM
[ReportManager] Target URL: [https://duckduckgo.com] @26-12-2021 02:01:28.0043 AM
[ReportManager] Initial URL: [] @26-12-2021 02:01:28.0125 AM
[ReportManager] Browser Action [NavigateToURL] successfully performed. With the following test data [https://duckduckgo.com]. @26-12-2021 02:01:28.0903 A

################################################################################################################################################
Starting Execution:	[17 out of 146] test cases in the current suite
Test Method:		[unitTests.tests_browserActions.navigateToURLWithRedirection]
################################################################################################################################################
[ReportManager] Target URL: [https://www.google.com/ncr], and after redirection: [https://www.google.com] @26-12-2021 02:01:28.0908 AM
[ReportManager] Initial URL: [https://duckduckgo.com] @26-12-2021 02:01:28.0943 AM
[ReportManager] Browser Action [NavigateToURL] successfully performed. With the following test data [https://www.google.com/ncr]. @26-12-2021 02:01:30.0443 A
[ReportManager] Target URL: [https://duckduckgo.com] @26-12-2021 02:01:30.0445 AM
[ReportManager] Initial URL: [https://www.google.com] @26-12-2021 02:01:30.0484 AM
[ReportManager] Browser Action [NavigateToURL] successfully performed. With the following test data [https://duckduckgo.com]. @26-12-2021 02:01:30.0829 AM
[ReportManager] Browser Action [CloseCurrentWindow] successfully performed. @26-12-2021 02:01:31.0116 AM
[ReportManager] Successfully created attachment [Browser Action Test Data - CloseCurrentWindow - Actual Value] @26-12-2021 02:01:31.0116 A
[ReportManager] File Action [GetAbsolutePath] successfully performed. With the following test data [Relative Folder Path: "target/downloadedFiles/"]. @26-12-2021 02:01:31.0119 AM
[ReportManager] Attempting to run locally on: [Mac-64], [Safari], Headless Execution. @26-12-2021 02:01:31.0120 AM
[ReportManager] Successfully Opened Safari. @26-12-2021 02:01:31.0944 AM
[ReportManager] Initial window size: (800, 600) @26-12-2021 02:01:31.0970 AM
[ReportManager] Window size after SWD Maximize: (1176, 803) @26-12-2021 02:01:31.0989 AM
[ReportManager] Browser Action [MaximizeWindow] successfully performed. With the following test data [New screen size is now: (1176, 803)]. @26-12-2021 02:01:31.0989 AM
[ReportManager] Target URL: [https://duckduckgo.com] @26-12-2021 02:01:31.0990 AM
[ReportManager] Initial URL: [] @26-12-2021 02:01:32.0087 AM
[ReportManager] Browser Action [NavigateToURL] successfully performed. With the following test data [https://duckduckgo.com]. @26-12-2021 02:01:32.0816 A

################################################################################################################################################
Starting Execution:	[18 out of 146] test cases in the current suite
Test Method:		[unitTests.tests_browserActions.refreshCurrentPage]
################################################################################################################################################
[ReportManager] Browser Action [RefreshCurrentPage] successfully performed. @26-12-2021 02:01:33.0086 AM
[ReportManager] Successfully created attachment [Browser Action Test Data - RefreshCurrentPage - Actual Value] @26-12-2021 02:01:33.0091 A
[ReportManager] Target URL: [https://duckduckgo.com] @26-12-2021 02:01:33.0097 AM
[ReportManager] Initial URL: [https://duckduckgo.com] @26-12-2021 02:01:33.0157 AM
[ReportManager] Browser Action [NavigateToURL] successfully performed. With the following test data [https://duckduckgo.com]. @26-12-2021 02:01:33.0517 AM
[ReportManager] Browser Action [CloseCurrentWindow] successfully performed. @26-12-2021 02:01:33.0928 AM
[ReportManager] Successfully created attachment [Browser Action Test Data - CloseCurrentWindow - Actual Value] @26-12-2021 02:01:33.0929 A
[ReportManager] File Action [GetAbsolutePath] successfully performed. With the following test data [Relative Folder Path: "target/downloadedFiles/"]. @26-12-2021 02:01:33.0933 AM
[ReportManager] Attempting to run locally on: [Mac-64], [Safari], Headless Execution. @26-12-2021 02:01:33.0933 AM
[ReportManager] Successfully Opened Safari. @26-12-2021 02:01:34.0865 AM
[ReportManager] Initial window size: (800, 600) @26-12-2021 02:01:34.0874 AM
[ReportManager] Window size after SWD Maximize: (1176, 803) @26-12-2021 02:01:34.0894 AM
[ReportManager] Browser Action [MaximizeWindow] successfully performed. With the following test data [New screen size is now: (1176, 803)]. @26-12-2021 02:01:34.0895 AM
[ReportManager] Target URL: [https://duckduckgo.com] @26-12-2021 02:01:34.0895 AM
[ReportManager] Initial URL: [] @26-12-2021 02:01:34.0936 AM
[ReportManager] Browser Action [NavigateToURL] successfully performed. With the following test data [https://duckduckgo.com]. @26-12-2021 02:01:35.0611 A

################################################################################################################################################
Starting Execution:	[19 out of 146] test cases in the current suite
Test Method:		[unitTests.tests_browserActions.setWindowSize]
################################################################################################################################################
[ReportManager] Initial window size: (1176, 803) @26-12-2021 02:01:35.0620 AM
[ReportManager] Window size after SWD: (1280, 720) @26-12-2021 02:01:35.0653 AM
[ReportManager] Browser Action [SetWindowSize] successfully performed. With the following test data [New screen size is now: (1280, 720)]. @26-12-2021 02:01:35.0653 A
[ReportManager] Target URL: [https://duckduckgo.com] @26-12-2021 02:01:35.0656 AM
[ReportManager] Initial URL: [https://duckduckgo.com] @26-12-2021 02:01:35.0743 AM
[ReportManager] Browser Action [NavigateToURL] successfully performed. With the following test data [https://duckduckgo.com]. @26-12-2021 02:01:36.0073 AM
[ReportManager] Browser Action [CloseCurrentWindow] successfully performed. @26-12-2021 02:01:36.0467 AM
[ReportManager] Successfully created attachment [Browser Action Test Data - CloseCurrentWindow - Actual Value] @26-12-2021 02:01:36.0468 A
[ReportManager] Successfully loaded the following test data file [src/test/resources/testDataFiles/testSuite01/TestData.xlsx]. @26-12-2021 02:01:37.0422 AM
[ReportManager] Successfully created attachment [Test Data - Excel] @26-12-2021 02:01:37.0423 A

################################################################################################################################################
Starting Execution:	[20 out of 146] test cases in the current suite
Test Method:		[unitTests.tests_io_excelFileManager.getCellData_rowName_expectedToPass]
################################################################################################################################################
[ReportManager] testRowData. @26-12-2021 02:01:37.0436 A

################################################################################################################################################
Starting Execution:	[21 out of 146] test cases in the current suite
Test Method:		[unitTests.tests_validations_assertions.assertComparativeRelation_greaterThanOrEquals_false_equals_expectedToFail]
################################################################################################################################################
[ReportManager] Assertion [ValidateComparativeRelation] FAILED. Expected [1] and Actual [1]. Comparison Type [GREATER_THAN_OR_EQUALS]. Validation Type [NEGATIVE]. @26-12-2021 02:01:37.0442 A

################################################################################################################################################
Starting Execution:	[22 out of 146] test cases in the current suite
Test Method:		[unitTests.tests_validations_assertions.assertComparativeRelation_greaterThanOrEquals_false_equals_expectedToPass]
################################################################################################################################################
[ReportManager] Assertion [ValidateComparativeRelation] PASSED. Expected [2] and Actual [1]. Comparison Type [GREATER_THAN_OR_EQUALS]. Validation Type [NEGATIVE]. @26-12-2021 02:01:37.0447 A

################################################################################################################################################
Starting Execution:	[23 out of 146] test cases in the current suite
Test Method:		[unitTests.tests_validations_assertions.assertComparativeRelation_greaterThanOrEquals_false_greaterThan_expectedToFail]
################################################################################################################################################
[ReportManager] Assertion [ValidateComparativeRelation] FAILED. Expected [1] and Actual [2]. Comparison Type [GREATER_THAN_OR_EQUALS]. Validation Type [NEGATIVE]. @26-12-2021 02:01:37.0451 A

################################################################################################################################################
Starting Execution:	[24 out of 146] test cases in the current suite
Test Method:		[unitTests.tests_validations_assertions.assertComparativeRelation_greaterThanOrEquals_false_greaterThan_expectedToPass]
################################################################################################################################################
[ReportManager] Assertion [ValidateComparativeRelation] PASSED. Expected [2] and Actual [1]. Comparison Type [GREATER_THAN_OR_EQUALS]. Validation Type [NEGATIVE]. @26-12-2021 02:01:37.0456 A

################################################################################################################################################
Starting Execution:	[25 out of 146] test cases in the current suite
Test Method:		[unitTests.tests_validations_assertions.assertComparativeRelation_greaterThanOrEquals_true_equals_expectedToFail]
################################################################################################################################################
[ReportManager] Assertion [ValidateComparativeRelation] FAILED. Expected [1] and Actual [0]. Comparison Type [GREATER_THAN_OR_EQUALS]. Validation Type [POSITIVE]. @26-12-2021 02:01:37.0460 A

################################################################################################################################################
Starting Execution:	[26 out of 146] test cases in the current suite
Test Method:		[unitTests.tests_validations_assertions.assertComparativeRelation_greaterThanOrEquals_true_equals_expectedToPass]
################################################################################################################################################
[ReportManager] Assertion [ValidateComparativeRelation] PASSED. Expected [1] and Actual [1]. Comparison Type [GREATER_THAN_OR_EQUALS]. Validation Type [POSITIVE]. @26-12-2021 02:01:37.0464 A

################################################################################################################################################
Starting Execution:	[27 out of 146] test cases in the current suite
Test Method:		[unitTests.tests_validations_assertions.assertComparativeRelation_greaterThanOrEquals_true_greaterThan_expectedToFail]
################################################################################################################################################
[ReportManager] Assertion [ValidateComparativeRelation] FAILED. Expected [2] and Actual [1]. Comparison Type [GREATER_THAN_OR_EQUALS]. Validation Type [POSITIVE]. @26-12-2021 02:01:37.0468 A

################################################################################################################################################
Starting Execution:	[28 out of 146] test cases in the current suite
Test Method:		[unitTests.tests_validations_assertions.assertComparativeRelation_greaterThanOrEquals_true_greaterThan_expectedToPass]
################################################################################################################################################
[ReportManager] Assertion [ValidateComparativeRelation] PASSED. Expected [1] and Actual [2]. Comparison Type [GREATER_THAN_OR_EQUALS]. Validation Type [POSITIVE]. @26-12-2021 02:01:37.0472 A
[ReportManager] File Action [GetAbsolutePath] successfully performed. With the following test data [Relative Folder Path: "target/downloadedFiles/"]. @26-12-2021 02:01:37.0476 AM
[ReportManager] Attempting to run locally on: [Mac-64], [Safari], Headless Execution. @26-12-2021 02:01:37.0476 AM
[ReportManager] Successfully Opened Safari. @26-12-2021 02:01:38.0349 AM
[ReportManager] Initial window size: (800, 600) @26-12-2021 02:01:38.0383 AM
[ReportManager] Window size after SWD Maximize: (1176, 803) @26-12-2021 02:01:38.0400 AM
[ReportManager] Browser Action [MaximizeWindow] successfully performed. With the following test data [New screen size is now: (1176, 803)]. @26-12-2021 02:01:38.0400 AM
[ReportManager] Target URL: [https://www.google.com/ncr], and after redirection: [www.google.com] @26-12-2021 02:01:38.0400 AM
[ReportManager] Initial URL: [] @26-12-2021 02:01:38.0451 AM
[ReportManager] Browser Action [NavigateToURL] successfully performed. With the following test data [https://www.google.com/ncr]. @26-12-2021 02:01:39.0682 A

################################################################################################################################################
Starting Execution:	[29 out of 146] test cases in the current suite
Test Method:		[unitTests.tests_validations_assertions.assertElementAttribute_false_caseInsensitiveComparison_expectedToFail]
################################################################################################################################################
[ReportManager] Element Action [Type] successfully performed. With the following test data [AUTOMATION]. @26-12-2021 02:01:40.0355 AM
[ReportManager] Element Action [GetText] successfully performed. With the following test data [AUTOMATION]. @26-12-2021 02:01:40.0417 AM
[ReportManager] Loaded Shared OpenCV @26-12-2021 02:01:42.0274 AM
[ReportManager] Assertion [ValidateElementAttribute] FAILED. Expected [Value Should not be 'AutomaTion' for the 'text' attribute, element locator 'By.name: q'] and Actual [AUTOMATION]. Comparison Type [CASE_INSENSITIVE]. Validation Type [NEGATIVE]. @26-12-2021 02:01:42.0570 AM
[ReportManager] Successfully created attachment [Screenshot - 1640484100488_assertElementAttribute_false_caseInsensitiveComparison_expectedToFail_ValidateElementAttribute_failed] @26-12-2021 02:01:42.0573 A
[ReportManager] Browser Action [CloseCurrentWindow] successfully performed. @26-12-2021 02:01:42.0875 AM
[ReportManager] Successfully created attachment [Browser Action Test Data - CloseCurrentWindow - Actual Value] @26-12-2021 02:01:42.0879 A
[ReportManager] File Action [GetAbsolutePath] successfully performed. With the following test data [Relative Folder Path: "target/downloadedFiles/"]. @26-12-2021 02:01:42.0883 AM
[ReportManager] Attempting to run locally on: [Mac-64], [Safari], Headless Execution. @26-12-2021 02:01:42.0883 AM
[ReportManager] Successfully Opened Safari. @26-12-2021 02:01:43.0724 AM
[ReportManager] Initial window size: (800, 600) @26-12-2021 02:01:43.0749 AM
[ReportManager] Window size after SWD Maximize: (1176, 803) @26-12-2021 02:01:43.0766 AM
[ReportManager] Browser Action [MaximizeWindow] successfully performed. With the following test data [New screen size is now: (1176, 803)]. @26-12-2021 02:01:43.0766 AM
[ReportManager] Target URL: [https://www.google.com/ncr], and after redirection: [www.google.com] @26-12-2021 02:01:43.0767 AM
[ReportManager] Initial URL: [] @26-12-2021 02:01:43.0824 AM
[ReportManager] Browser Action [NavigateToURL] successfully performed. With the following test data [https://www.google.com/ncr]. @26-12-2021 02:01:44.0625 A

################################################################################################################################################
Starting Execution:	[30 out of 146] test cases in the current suite
Test Method:		[unitTests.tests_validations_assertions.assertElementAttribute_false_caseInsensitiveComparison_expectedToPass]
################################################################################################################################################
[ReportManager] Element Action [Type] successfully performed. With the following test data [AUTOMATION]. @26-12-2021 02:01:45.0175 AM
[ReportManager] Element Action [GetText] successfully performed. With the following test data [AUTOMATION]. @26-12-2021 02:01:45.0233 AM
[ReportManager] Loaded Shared OpenCV @26-12-2021 02:01:45.0296 AM
[ReportManager] Assertion [ValidateElementAttribute] PASSED. Expected [Value Should not be 'AutomaTion123' for the 'text' attribute, element locator 'By.name: q'] and Actual [AUTOMATION]. Comparison Type [CASE_INSENSITIVE]. Validation Type [NEGATIVE]. @26-12-2021 02:01:45.0409 AM
[ReportManager] Successfully created attachment [Screenshot - 1640484105296_assertElementAttribute_false_caseInsensitiveComparison_expectedToPass_ValidateElementAttribute_passed] @26-12-2021 02:01:45.0411 A
[ReportManager] Browser Action [CloseCurrentWindow] successfully performed. @26-12-2021 02:01:45.0744 AM
[ReportManager] Successfully created attachment [Browser Action Test Data - CloseCurrentWindow - Actual Value] @26-12-2021 02:01:45.0746 A
[ReportManager] File Action [GetAbsolutePath] successfully performed. With the following test data [Relative Folder Path: "target/downloadedFiles/"]. @26-12-2021 02:01:45.0752 AM
[ReportManager] Attempting to run locally on: [Mac-64], [Safari], Headless Execution. @26-12-2021 02:01:45.0752 AM
[ReportManager] Successfully Opened Safari. @26-12-2021 02:01:46.0560 AM
[ReportManager] Initial window size: (800, 600) @26-12-2021 02:01:46.0595 AM
[ReportManager] Window size after SWD Maximize: (1176, 803) @26-12-2021 02:01:46.0625 AM
[ReportManager] Browser Action [MaximizeWindow] successfully performed. With the following test data [New screen size is now: (1176, 803)]. @26-12-2021 02:01:46.0625 AM
[ReportManager] Target URL: [https://www.google.com/ncr], and after redirection: [www.google.com] @26-12-2021 02:01:46.0626 AM
[ReportManager] Initial URL: [] @26-12-2021 02:01:46.0670 AM
[ReportManager] Browser Action [NavigateToURL] successfully performed. With the following test data [https://www.google.com/ncr]. @26-12-2021 02:01:48.0165 A

################################################################################################################################################
Starting Execution:	[31 out of 146] test cases in the current suite
Test Method:		[unitTests.tests_validations_assertions.assertElementAttribute_false_containsComparison_expectedToFail]
################################################################################################################################################
[ReportManager] Element Action [Type] successfully performed. With the following test data [Automation123]. @26-12-2021 02:01:48.0462 AM
[ReportManager] Element Action [GetText] successfully performed. With the following test data [Automation123]. @26-12-2021 02:01:48.0530 AM
[ReportManager] Loaded Shared OpenCV @26-12-2021 02:01:48.0590 AM
[ReportManager] Assertion [ValidateElementAttribute] FAILED. Expected [Value Should not be 'Automation' for the 'text' attribute, element locator 'By.name: q'] and Actual [Automation123]. Comparison Type [CONTAINS]. Validation Type [NEGATIVE]. @26-12-2021 02:01:48.0706 AM
[ReportManager] Successfully created attachment [Screenshot - 1640484108590_assertElementAttribute_false_containsComparison_expectedToFail_ValidateElementAttribute_failed] @26-12-2021 02:01:48.0708 A
[ReportManager] Browser Action [CloseCurrentWindow] successfully performed. @26-12-2021 02:01:49.0009 AM
[ReportManager] Successfully created attachment [Browser Action Test Data - CloseCurrentWindow - Actual Value] @26-12-2021 02:01:49.0010 A
[ReportManager] File Action [GetAbsolutePath] successfully performed. With the following test data [Relative Folder Path: "target/downloadedFiles/"]. @26-12-2021 02:01:49.0016 AM
[ReportManager] Attempting to run locally on: [Mac-64], [Safari], Headless Execution. @26-12-2021 02:01:49.0016 AM
[ReportManager] Successfully Opened Safari. @26-12-2021 02:01:49.0811 AM
[ReportManager] Initial window size: (800, 600) @26-12-2021 02:01:49.0848 AM
[ReportManager] Window size after SWD Maximize: (1176, 803) @26-12-2021 02:01:49.0938 AM
[ReportManager] Browser Action [MaximizeWindow] successfully performed. With the following test data [New screen size is now: (1176, 803)]. @26-12-2021 02:01:49.0939 AM
[ReportManager] Target URL: [https://www.google.com/ncr], and after redirection: [www.google.com] @26-12-2021 02:01:49.0939 AM
[ReportManager] Initial URL: [] @26-12-2021 02:01:49.0994 AM
[ReportManager] Browser Action [NavigateToURL] successfully performed. With the following test data [https://www.google.com/ncr]. @26-12-2021 02:01:50.0961 A

################################################################################################################################################
Starting Execution:	[32 out of 146] test cases in the current suite
Test Method:		[unitTests.tests_validations_assertions.assertElementAttribute_false_containsComparison_expectedToPass]
################################################################################################################################################
[ReportManager] Element Action [Type] successfully performed. With the following test data [Automation123]. @26-12-2021 02:01:51.0397 AM
[ReportManager] Element Action [GetText] successfully performed. With the following test data [Automation123]. @26-12-2021 02:01:51.0457 AM
[ReportManager] Loaded Shared OpenCV @26-12-2021 02:01:51.0518 AM
[ReportManager] Assertion [ValidateElementAttribute] PASSED. Expected [Value Should not be 'Automation1234' for the 'text' attribute, element locator 'By.name: q'] and Actual [Automation123]. Comparison Type [CONTAINS]. Validation Type [NEGATIVE]. @26-12-2021 02:01:51.0627 AM
[ReportManager] Successfully created attachment [Screenshot - 1640484111518_assertElementAttribute_false_containsComparison_expectedToPass_ValidateElementAttribute_passed] @26-12-2021 02:01:51.0629 A
[ReportManager] Browser Action [CloseCurrentWindow] successfully performed. @26-12-2021 02:01:52.0087 AM
[ReportManager] Successfully created attachment [Browser Action Test Data - CloseCurrentWindow - Actual Value] @26-12-2021 02:01:52.0088 A
[ReportManager] File Action [GetAbsolutePath] successfully performed. With the following test data [Relative Folder Path: "target/downloadedFiles/"]. @26-12-2021 02:01:52.0091 AM
[ReportManager] Attempting to run locally on: [Mac-64], [Safari], Headless Execution. @26-12-2021 02:01:52.0091 AM
[ReportManager] Successfully Opened Safari. @26-12-2021 02:01:52.0913 AM
[ReportManager] Initial window size: (800, 600) @26-12-2021 02:01:52.0943 AM
[ReportManager] Window size after SWD Maximize: (1176, 803) @26-12-2021 02:01:53.0002 AM
[ReportManager] Browser Action [MaximizeWindow] successfully performed. With the following test data [New screen size is now: (1176, 803)]. @26-12-2021 02:01:53.0002 AM
[ReportManager] Target URL: [https://www.google.com/ncr], and after redirection: [www.google.com] @26-12-2021 02:01:53.0002 AM
[ReportManager] Initial URL: [] @26-12-2021 02:01:53.0050 AM
[ReportManager] Browser Action [NavigateToURL] successfully performed. With the following test data [https://www.google.com/ncr]. @26-12-2021 02:01:54.0410 A

################################################################################################################################################
Starting Execution:	[33 out of 146] test cases in the current suite
Test Method:		[unitTests.tests_validations_assertions.assertElementAttribute_false_literalComparison_expectedToFail]
################################################################################################################################################
[ReportManager] Element Action [Type] successfully performed. With the following test data [Automation!@#$%^&*()_+{}[]\';/.,]. @26-12-2021 02:01:54.0825 AM
[ReportManager] Element Action [GetText] successfully performed. With the following test data [Automation!@#$%^&*()_+{}[]\';/.,]. @26-12-2021 02:01:54.0906 AM
[ReportManager] Loaded Shared OpenCV @26-12-2021 02:01:54.0968 AM
[ReportManager] Assertion [ValidateElementAttribute] PASSED. Expected [Value Should not be 'Automation!@#$%^&*()_+{}[]\\';/.,' for the 'text' attribute, element locator 'By.name: q'] and Actual [Automation!@#$%^&*()_+{}[]\';/.,]. Comparison Type [EQUALS]. Validation Type [NEGATIVE]. @26-12-2021 02:01:55.0074 AM
[ReportManager] Successfully created attachment [Screenshot - 1640484114968_assertElementAttribute_false_literalComparison_expectedToFail_ValidateElementAttribute_passed] @26-12-2021 02:01:55.0075 A
[ReportManager] Browser Action [CloseCurrentWindow] successfully performed. @26-12-2021 02:01:55.0509 AM
[ReportManager] Successfully created attachment [Browser Action Test Data - CloseCurrentWindow - Actual Value] @26-12-2021 02:01:55.0510 A
[ReportManager] File Action [GetAbsolutePath] successfully performed. With the following test data [Relative Folder Path: "target/downloadedFiles/"]. @26-12-2021 02:01:55.0513 AM
[ReportManager] Attempting to run locally on: [Mac-64], [Safari], Headless Execution. @26-12-2021 02:01:55.0513 AM
[ReportManager] An Exception Occured with this Message: Could not start a new session. Possible causes are invalid address of the remote server or browser start-up failure.. @26-12-2021 02:01:55.0696 AM
[ReportManager] Successfully created attachment [Exception Stack Trace - org.openqa.selenium.SessionNotCreatedException] @26-12-2021 02:01:55.0697 AM
[ReportManager] Driver Factory Action [createNewLocalDriverInstanceForSafari] failed. With the following test data [Failed to create a session on DESKTOP_SAFARI]. @26-12-2021 02:01:55.0697 A

################################################################################################################################################
Starting Execution:	[34 out of 146] test cases in the current suite
Test Method:		[unitTests.tests_validations_assertions.assertElementAttribute_false_literalComparison_expectedToPass]
###############################################################################################################################################



################################################################################################################################################
Starting Execution:	[35 out of 146] test cases in the current suite
Test Method:		[unitTests.tests_validations_assertions.assertElementAttribute_false_regexComparison_expectedToFail]
###############################################################################################################################################



################################################################################################################################################
Starting Execution:	[36 out of 146] test cases in the current suite
Test Method:		[unitTests.tests_validations_assertions.assertElementAttribute_false_regexComparison_expectedToPass]
###############################################################################################################################################



################################################################################################################################################
Starting Execution:	[37 out of 146] test cases in the current suite
Test Method:		[unitTests.tests_validations_assertions.assertElementAttribute_true_caseInsensitiveComparison_expectedToFail]
###############################################################################################################################################



################################################################################################################################################
Starting Execution:	[38 out of 146] test cases in the current suite
Test Method:		[unitTests.tests_validations_assertions.assertElementAttribute_true_caseInsensitiveComparison_expectedToPass]
###############################################################################################################################################



################################################################################################################################################
Starting Execution:	[39 out of 146] test cases in the current suite
Test Method:		[unitTests.tests_validations_assertions.assertElementAttribute_true_containsComparison_expectedToFail]
###############################################################################################################################################



################################################################################################################################################
Starting Execution:	[40 out of 146] test cases in the current suite
Test Method:		[unitTests.tests_validations_assertions.assertElementAttribute_true_containsComparison_expectedToPass]
###############################################################################################################################################



################################################################################################################################################
Starting Execution:	[41 out of 146] test cases in the current suite
Test Method:		[unitTests.tests_validations_assertions.assertElementAttribute_true_literalComparison_expectedToFail]
###############################################################################################################################################



################################################################################################################################################
Starting Execution:	[42 out of 146] test cases in the current suite
Test Method:		[unitTests.tests_validations_assertions.assertElementAttribute_true_literalComparison_expectedToPass]
###############################################################################################################################################



################################################################################################################################################
Starting Execution:	[43 out of 146] test cases in the current suite
Test Method:		[unitTests.tests_validations_assertions.assertElementAttribute_true_regexComparison_expectedToFail]
###############################################################################################################################################



################################################################################################################################################
Starting Execution:	[44 out of 146] test cases in the current suite
Test Method:		[unitTests.tests_validations_assertions.assertElementAttribute_true_regexComparison_expectedToPass]
###############################################################################################################################################



################################################################################################################################################
Starting Execution:	[45 out of 146] test cases in the current suite
Test Method:		[unitTests.tests_validations_assertions.assertElementAttribute_type_true_literalComparison_expectedToPass]
###############################################################################################################################################



################################################################################################################################################
Starting Execution:	[46 out of 146] test cases in the current suite
Test Method:		[unitTests.tests_validations_assertions.assertElementExists_false_expectedToFail]
###############################################################################################################################################



################################################################################################################################################
Starting Execution:	[47 out of 146] test cases in the current suite
Test Method:		[unitTests.tests_validations_assertions.assertElementExists_false_expectedToPass]
###############################################################################################################################################



################################################################################################################################################
Starting Execution:	[48 out of 146] test cases in the current suite
Test Method:		[unitTests.tests_validations_assertions.assertElementExists_false_multipleElementsFound_expectedToFail]
###############################################################################################################################################



################################################################################################################################################
Starting Execution:	[49 out of 146] test cases in the current suite
Test Method:		[unitTests.tests_validations_assertions.assertElementExists_true_expectedToFail]
###############################################################################################################################################



################################################################################################################################################
Starting Execution:	[50 out of 146] test cases in the current suite
Test Method:		[unitTests.tests_validations_assertions.assertElementExists_true_expectedToPass]
###############################################################################################################################################



################################################################################################################################################
Starting Execution:	[51 out of 146] test cases in the current suite
Test Method:		[unitTests.tests_validations_assertions.assertElementExists_true_multipleElementsFound_expectedToFail]
###############################################################################################################################################


################################################################################################################################################
Starting Execution:	[52 out of 146] test cases in the current suite
Test Method:		[unitTests.tests_validations_assertions.assertEquals_false_expectedToFail]
###############################################################################################################################################

################################################################################################################################################
Starting Execution:	[53 out of 146] test cases in the current suite
Test Method:		[unitTests.tests_validations_assertions.assertEquals_false_expectedToPass]
###############################################################################################################################################

################################################################################################################################################
Starting Execution:	[54 out of 146] test cases in the current suite
Test Method:		[unitTests.tests_validations_assertions.assertEquals_longCharacters]
###############################################################################################################################################

################################################################################################################################################
Starting Execution:	[55 out of 146] test cases in the current suite
Test Method:		[unitTests.tests_validations_assertions.assertEquals_longCharacters_Discreet]
###############################################################################################################################################

################################################################################################################################################
Starting Execution:	[56 out of 146] test cases in the current suite
Test Method:		[unitTests.tests_validations_assertions.assertEquals_true_expectedToFail]
###############################################################################################################################################

################################################################################################################################################
Starting Execution:	[57 out of 146] test cases in the current suite
Test Method:		[unitTests.tests_validations_assertions.assertEquals_true_expectedToPass]
Test Description:	[Assert that assertEquals works as expected when the two values are equal.]
###############################################################################################################################################

################################################################################################################################################
Starting Execution:	[58 out of 146] test cases in the current suite
Test Method:		[unitTests.tests_validations_assertions.assertEquals_true_expectedToPass__]
###############################################################################################################################################

################################################################################################################################################
Starting Execution:	[59 out of 146] test cases in the current suite
Test Method:		[unitTests.tests_validations_assertions.assertFileExists_false_expectedToFail]
###############################################################################################################################################

################################################################################################################################################
Starting Execution:	[60 out of 146] test cases in the current suite
Test Method:		[unitTests.tests_validations_assertions.assertFileExists_false_expectedToPass]
###############################################################################################################################################

################################################################################################################################################
Starting Execution:	[61 out of 146] test cases in the current suite
Test Method:		[unitTests.tests_validations_assertions.assertFileExists_true_expectedToFail]
###############################################################################################################################################

################################################################################################################################################
Starting Execution:	[62 out of 146] test cases in the current suite
Test Method:		[unitTests.tests_validations_assertions.assertFileExists_true_expectedToPass]
###############################################################################################################################################

################################################################################################################################################
Starting Execution:	[63 out of 146] test cases in the current suite
Test Method:		[unitTests.tests_validations_assertions.assertNull_false_expectedToFail]
###############################################################################################################################################

################################################################################################################################################
Starting Execution:	[64 out of 146] test cases in the current suite
Test Method:		[unitTests.tests_validations_assertions.assertNull_false_expectedToPass]
###############################################################################################################################################

################################################################################################################################################
Starting Execution:	[65 out of 146] test cases in the current suite
Test Method:		[unitTests.tests_validations_assertions.assertNull_true_expectedToFail]
###############################################################################################################################################

################################################################################################################################################
Starting Execution:	[66 out of 146] test cases in the current suite
Test Method:		[unitTests.tests_validations_assertions.assertNull_true_expectedToPass]
###############################################################################################################################################

################################################################################################################################################
Starting Execution:	[67 out of 146] test cases in the current suite
Test Method:		[unitTests.tests_restActions.getPostsAndAssertBodyForSpecificTitle]
################################################################################################################################################
[ReportManager] Response status code: [200], status line: [HTTP/1.1 200 OK] @26-12-2021 02:01:58.0262 AM
[ReportManager] Assertion Passed: Evaluating the actual response status code against the expected one... @26-12-2021 02:01:58.0268 AM
[ReportManager] Assertion [ValidateComparativeRelation] PASSED. Expected [200] and Actual [200]. Comparison Type [EQUALS]. Validation Type [POSITIVE]. @26-12-2021 02:01:58.0269 AM
[ReportManager] API Action [PerformRequest] successfully performed. With the following test data [Request Type: "GET" | Target Status Code: "200" | Service URL: "https://jsonplaceholder.typicode.com/posts" | Content Type: "*/*" | Response Time: "633ms"]. @26-12-2021 02:01:59.0388 AM
[ReportManager] Successfully created attachment [API Request - Specifications] @26-12-2021 02:01:59.0389 AM
[ReportManager] Successfully created attachment [API Response - JSON Body] @26-12-2021 02:01:59.0632 AM
[ReportManager] API Action [GetResponseJSONValueAsList] successfully performed. @26-12-2021 02:01:59.0660 AM
[ReportManager] API Action [GetResponseJSONValue] successfully performed. With the following test data [title]. @26-12-2021 02:01:59.0685 AM
[ReportManager] API Action [GetResponseJSONValue] successfully performed. With the following test data [title]. @26-12-2021 02:01:59.0704 AM
[ReportManager] API Action [GetResponseJSONValue] successfully performed. With the following test data [body]. @26-12-2021 02:01:59.0722 AM
[ReportManager] Assertion [ValidateEquals] PASSED. Expected [qui neque nisi nulla] and Actual [est rerum tempore vitae
sequi sint nihil reprehenderit dolor beatae ea dolores neque
fugiat blanditiis voluptate porro vel nihil molestiae ut reiciendis
qui aperiam non debitis possimus qui neque nisi nulla]. Comparison Type [CONTAINS]. Validation Type [POSITIVE]. @26-12-2021 02:01:59.0722 AM
[ReportManager] API Action [GetResponseJSONValue] successfully performed. With the following test data [title]. @26-12-2021 02:01:59.0738 AM
[ReportManager] API Action [GetResponseJSONValue] successfully performed. With the following test data [title]. @26-12-2021 02:01:59.0754 AM
[ReportManager] API Action [GetResponseJSONValue] successfully performed. With the following test data [title]. @26-12-2021 02:01:59.0768 AM
[ReportManager] API Action [GetResponseJSONValue] successfully performed. With the following test data [title]. @26-12-2021 02:01:59.0783 AM
[ReportManager] API Action [GetResponseJSONValue] successfully performed. With the following test data [title]. @26-12-2021 02:01:59.0797 AM
[ReportManager] API Action [GetResponseJSONValue] successfully performed. With the following test data [title]. @26-12-2021 02:01:59.0813 AM
[ReportManager] API Action [GetResponseJSONValue] successfully performed. With the following test data [title]. @26-12-2021 02:01:59.0827 AM
[ReportManager] API Action [GetResponseJSONValue] successfully performed. With the following test data [title]. @26-12-2021 02:01:59.0840 AM
[ReportManager] API Action [GetResponseJSONValue] successfully performed. With the following test data [title]. @26-12-2021 02:01:59.0855 AM
[ReportManager] API Action [GetResponseJSONValue] successfully performed. With the following test data [title]. @26-12-2021 02:01:59.0871 AM
[ReportManager] API Action [GetResponseJSONValue] successfully performed. With the following test data [title]. @26-12-2021 02:01:59.0888 AM
[ReportManager] API Action [GetResponseJSONValue] successfully performed. With the following test data [title]. @26-12-2021 02:01:59.0910 AM
[ReportManager] API Action [GetResponseJSONValue] successfully performed. With the following test data [title]. @26-12-2021 02:01:59.0925 AM
[ReportManager] API Action [GetResponseJSONValue] successfully performed. With the following test data [title]. @26-12-2021 02:01:59.0939 AM
[ReportManager] API Action [GetResponseJSONValue] successfully performed. With the following test data [title]. @26-12-2021 02:01:59.0956 AM
[ReportManager] API Action [GetResponseJSONValue] successfully performed. With the following test data [title]. @26-12-2021 02:01:59.0976 AM
[ReportManager] API Action [GetResponseJSONValue] successfully performed. With the following test data [title]. @26-12-2021 02:01:59.0994 AM
[ReportManager] API Action [GetResponseJSONValue] successfully performed. With the following test data [title]. @26-12-2021 02:02:00.0012 AM
[ReportManager] API Action [GetResponseJSONValue] successfully performed. With the following test data [title]. @26-12-2021 02:02:00.0030 AM
[ReportManager] API Action [GetResponseJSONValue] successfully performed. With the following test data [title]. @26-12-2021 02:02:00.0051 AM
[ReportManager] API Action [GetResponseJSONValue] successfully performed. With the following test data [title]. @26-12-2021 02:02:00.0071 AM
[ReportManager] API Action [GetResponseJSONValue] successfully performed. With the following test data [title]. @26-12-2021 02:02:00.0112 AM
[ReportManager] API Action [GetResponseJSONValue] successfully performed. With the following test data [title]. @26-12-2021 02:02:00.0133 AM
[ReportManager] API Action [GetResponseJSONValue] successfully performed. With the following test data [title]. @26-12-2021 02:02:00.0150 AM
[ReportManager] API Action [GetResponseJSONValue] successfully performed. With the following test data [title]. @26-12-2021 02:02:00.0167 AM
[ReportManager] API Action [GetResponseJSONValue] successfully performed. With the following test data [title]. @26-12-2021 02:02:00.0180 AM
[ReportManager] API Action [GetResponseJSONValue] successfully performed. With the following test data [title]. @26-12-2021 02:02:00.0196 AM
[ReportManager] API Action [GetResponseJSONValue] successfully performed. With the following test data [title]. @26-12-2021 02:02:00.0217 AM
[ReportManager] API Action [GetResponseJSONValue] successfully performed. With the following test data [title]. @26-12-2021 02:02:00.0256 AM
[ReportManager] API Action [GetResponseJSONValue] successfully performed. With the following test data [title]. @26-12-2021 02:02:00.0296 AM
[ReportManager] API Action [GetResponseJSONValue] successfully performed. With the following test data [title]. @26-12-2021 02:02:00.0343 AM
[ReportManager] API Action [GetResponseJSONValue] successfully performed. With the following test data [title]. @26-12-2021 02:02:00.0361 AM
[ReportManager] API Action [GetResponseJSONValue] successfully performed. With the following test data [title]. @26-12-2021 02:02:00.0379 AM
[ReportManager] API Action [GetResponseJSONValue] successfully performed. With the following test data [title]. @26-12-2021 02:02:00.0394 AM
[ReportManager] API Action [GetResponseJSONValue] successfully performed. With the following test data [title]. @26-12-2021 02:02:00.0408 AM
[ReportManager] API Action [GetResponseJSONValue] successfully performed. With the following test data [title]. @26-12-2021 02:02:00.0423 AM
[ReportManager] API Action [GetResponseJSONValue] successfully performed. With the following test data [title]. @26-12-2021 02:02:00.0437 AM
[ReportManager] API Action [GetResponseJSONValue] successfully performed. With the following test data [title]. @26-12-2021 02:02:00.0454 AM
[ReportManager] API Action [GetResponseJSONValue] successfully performed. With the following test data [title]. @26-12-2021 02:02:00.0469 AM
[ReportManager] API Action [GetResponseJSONValue] successfully performed. With the following test data [title]. @26-12-2021 02:02:00.0483 AM
[ReportManager] API Action [GetResponseJSONValue] successfully performed. With the following test data [title]. @26-12-2021 02:02:00.0497 AM
[ReportManager] API Action [GetResponseJSONValue] successfully performed. With the following test data [title]. @26-12-2021 02:02:00.0510 AM
[ReportManager] API Action [GetResponseJSONValue] successfully performed. With the following test data [title]. @26-12-2021 02:02:00.0522 AM
[ReportManager] API Action [GetResponseJSONValue] successfully performed. With the following test data [title]. @26-12-2021 02:02:00.0534 AM
[ReportManager] API Action [GetResponseJSONValue] successfully performed. With the following test data [title]. @26-12-2021 02:02:00.0547 AM
[ReportManager] API Action [GetResponseJSONValue] successfully performed. With the following test data [title]. @26-12-2021 02:02:00.0560 AM
[ReportManager] API Action [GetResponseJSONValue] successfully performed. With the following test data [title]. @26-12-2021 02:02:00.0572 AM
[ReportManager] API Action [GetResponseJSONValue] successfully performed. With the following test data [title]. @26-12-2021 02:02:00.0586 AM
[ReportManager] API Action [GetResponseJSONValue] successfully performed. With the following test data [title]. @26-12-2021 02:02:00.0598 AM
[ReportManager] API Action [GetResponseJSONValue] successfully performed. With the following test data [title]. @26-12-2021 02:02:00.0609 AM
[ReportManager] API Action [GetResponseJSONValue] successfully performed. With the following test data [title]. @26-12-2021 02:02:00.0621 AM
[ReportManager] API Action [GetResponseJSONValue] successfully performed. With the following test data [title]. @26-12-2021 02:02:00.0639 AM
[ReportManager] API Action [GetResponseJSONValue] successfully performed. With the following test data [title]. @26-12-2021 02:02:00.0658 AM
[ReportManager] API Action [GetResponseJSONValue] successfully performed. With the following test data [title]. @26-12-2021 02:02:00.0675 AM
[ReportManager] API Action [GetResponseJSONValue] successfully performed. With the following test data [title]. @26-12-2021 02:02:00.0687 AM
[ReportManager] API Action [GetResponseJSONValue] successfully performed. With the following test data [title]. @26-12-2021 02:02:00.0699 AM
[ReportManager] API Action [GetResponseJSONValue] successfully performed. With the following test data [title]. @26-12-2021 02:02:00.0710 AM
[ReportManager] API Action [GetResponseJSONValue] successfully performed. With the following test data [title]. @26-12-2021 02:02:00.0722 AM
[ReportManager] API Action [GetResponseJSONValue] successfully performed. With the following test data [title]. @26-12-2021 02:02:00.0734 AM
[ReportManager] API Action [GetResponseJSONValue] successfully performed. With the following test data [title]. @26-12-2021 02:02:00.0765 AM
[ReportManager] API Action [GetResponseJSONValue] successfully performed. With the following test data [title]. @26-12-2021 02:02:00.0777 AM
[ReportManager] API Action [GetResponseJSONValue] successfully performed. With the following test data [title]. @26-12-2021 02:02:00.0788 AM
[ReportManager] API Action [GetResponseJSONValue] successfully performed. With the following test data [title]. @26-12-2021 02:02:00.0801 AM
[ReportManager] API Action [GetResponseJSONValue] successfully performed. With the following test data [title]. @26-12-2021 02:02:00.0813 AM
[ReportManager] API Action [GetResponseJSONValue] successfully performed. With the following test data [title]. @26-12-2021 02:02:00.0827 AM
[ReportManager] API Action [GetResponseJSONValue] successfully performed. With the following test data [title]. @26-12-2021 02:02:00.0839 AM
[ReportManager] API Action [GetResponseJSONValue] successfully performed. With the following test data [title]. @26-12-2021 02:02:00.0851 AM
[ReportManager] API Action [GetResponseJSONValue] successfully performed. With the following test data [title]. @26-12-2021 02:02:00.0864 AM
[ReportManager] API Action [GetResponseJSONValue] successfully performed. With the following test data [title]. @26-12-2021 02:02:00.0876 AM
[ReportManager] API Action [GetResponseJSONValue] successfully performed. With the following test data [title]. @26-12-2021 02:02:00.0887 AM
[ReportManager] API Action [GetResponseJSONValue] successfully performed. With the following test data [title]. @26-12-2021 02:02:00.0899 AM
[ReportManager] API Action [GetResponseJSONValue] successfully performed. With the following test data [title]. @26-12-2021 02:02:00.0913 AM
[ReportManager] API Action [GetResponseJSONValue] successfully performed. With the following test data [title]. @26-12-2021 02:02:00.0928 AM
[ReportManager] API Action [GetResponseJSONValue] successfully performed. With the following test data [title]. @26-12-2021 02:02:00.0941 AM
[ReportManager] API Action [GetResponseJSONValue] successfully performed. With the following test data [title]. @26-12-2021 02:02:00.0952 AM
[ReportManager] API Action [GetResponseJSONValue] successfully performed. With the following test data [title]. @26-12-2021 02:02:00.0964 AM
[ReportManager] API Action [GetResponseJSONValue] successfully performed. With the following test data [title]. @26-12-2021 02:02:00.0977 AM
[ReportManager] API Action [GetResponseJSONValue] successfully performed. With the following test data [title]. @26-12-2021 02:02:00.0991 AM
[ReportManager] API Action [GetResponseJSONValue] successfully performed. With the following test data [title]. @26-12-2021 02:02:01.0003 AM
[ReportManager] API Action [GetResponseJSONValue] successfully performed. With the following test data [title]. @26-12-2021 02:02:01.0015 AM
[ReportManager] API Action [GetResponseJSONValue] successfully performed. With the following test data [title]. @26-12-2021 02:02:01.0032 AM
[ReportManager] API Action [GetResponseJSONValue] successfully performed. With the following test data [title]. @26-12-2021 02:02:01.0057 AM
[ReportManager] API Action [GetResponseJSONValue] successfully performed. With the following test data [title]. @26-12-2021 02:02:01.0073 AM
[ReportManager] API Action [GetResponseJSONValue] successfully performed. With the following test data [title]. @26-12-2021 02:02:01.0086 AM
[ReportManager] API Action [GetResponseJSONValue] successfully performed. With the following test data [title]. @26-12-2021 02:02:01.0103 AM
[ReportManager] API Action [GetResponseJSONValue] successfully performed. With the following test data [title]. @26-12-2021 02:02:01.0120 AM
[ReportManager] API Action [GetResponseJSONValue] successfully performed. With the following test data [title]. @26-12-2021 02:02:01.0135 AM
[ReportManager] API Action [GetResponseJSONValue] successfully performed. With the following test data [title]. @26-12-2021 02:02:01.0152 AM
[ReportManager] API Action [GetResponseJSONValue] successfully performed. With the following test data [title]. @26-12-2021 02:02:01.0166 AM
[ReportManager] API Action [GetResponseJSONValue] successfully performed. With the following test data [title]. @26-12-2021 02:02:01.0180 AM
[ReportManager] API Action [GetResponseJSONValue] successfully performed. With the following test data [title]. @26-12-2021 02:02:01.0194 AM
[ReportManager] API Action [GetResponseJSONValue] successfully performed. With the following test data [title]. @26-12-2021 02:02:01.0215 AM
[ReportManager] API Action [GetResponseJSONValue] successfully performed. With the following test data [title]. @26-12-2021 02:02:01.0235 AM
[ReportManager] API Action [GetResponseJSONValue] successfully performed. With the following test data [title]. @26-12-2021 02:02:01.0252 AM
[ReportManager] API Action [GetResponseJSONValue] successfully performed. With the following test data [title]. @26-12-2021 02:02:01.0271 AM
[ReportManager] API Action [GetResponseJSONValue] successfully performed. With the following test data [title]. @26-12-2021 02:02:01.0286 AM
[ReportManager] API Action [GetResponseJSONValue] successfully performed. With the following test data [title]. @26-12-2021 02:02:01.0307 AM
[ReportManager] API Action [GetResponseJSONValue] successfully performed. With the following test data [title]. @26-12-2021 02:02:01.0324 A

################################################################################################################################################
Starting Execution:	[68 out of 146] test cases in the current suite
Test Method:		[unitTests.tests_restActions.validateUserEmail]
################################################################################################################################################
[ReportManager] Response status code: [200], status line: [HTTP/1.1 200 OK] @26-12-2021 02:02:01.0402 AM
[ReportManager] Assertion Passed: Evaluating the actual response status code against the expected one... @26-12-2021 02:02:01.0403 AM
[ReportManager] Assertion [ValidateComparativeRelation] PASSED. Expected [200] and Actual [200]. Comparison Type [EQUALS]. Validation Type [POSITIVE]. @26-12-2021 02:02:01.0403 AM
[ReportManager] API Action [PerformRequest] successfully performed. With the following test data [Request Type: "GET" | Target Status Code: "200" | Service URL: "https://jsonplaceholder.typicode.com/users" | Content Type: "*/*" | Response Time: "62ms"]. @26-12-2021 02:02:01.0441 AM
[ReportManager] Successfully created attachment [API Request - Specifications] @26-12-2021 02:02:01.0442 AM
[ReportManager] Successfully created attachment [API Response - JSON Body] @26-12-2021 02:02:01.0443 AM
[ReportManager] Assertion [ValidateEquals] PASSED. Expected and Actual values are attached. Comparison Type [CONTAINS]. Validation Type [POSITIVE]. @26-12-2021 02:02:01.0444 AM
[ReportManager] Successfully created attachment [Validation Test Data - Expected Value] @26-12-2021 02:02:01.0445 AM
[ReportManager] Successfully created attachment [Validation Test Data - Actual Value] @26-12-2021 02:02:01.0445 AM
[ReportManager] API Action [GetResponseJSONValueAsList] successfully performed. With the following test data [$]. @26-12-2021 02:02:01.0452 AM
[ReportManager] API Action [GetResponseJSONValue] successfully performed. With the following test data [name]. @26-12-2021 02:02:01.0469 AM
[ReportManager] API Action [GetResponseJSONValue] successfully performed. With the following test data [email]. @26-12-2021 02:02:01.0484 AM
[ReportManager] Assertion [ValidateEquals] PASSED. Expected [Sincere@april.biz] and Actual [Sincere@april.biz]. Comparison Type [EQUALS]. Validation Type [POSITIVE]. @26-12-2021 02:02:01.0484 AM
[ReportManager] API Action [GetResponseJSONValue] successfully performed. With the following test data [name]. @26-12-2021 02:02:01.0502 AM
[ReportManager] API Action [GetResponseJSONValue] successfully performed. With the following test data [name]. @26-12-2021 02:02:01.0518 AM
[ReportManager] API Action [GetResponseJSONValue] successfully performed. With the following test data [name]. @26-12-2021 02:02:01.0536 AM
[ReportManager] API Action [GetResponseJSONValue] successfully performed. With the following test data [name]. @26-12-2021 02:02:01.0553 AM
[ReportManager] API Action [GetResponseJSONValue] successfully performed. With the following test data [name]. @26-12-2021 02:02:01.0567 AM
[ReportManager] API Action [GetResponseJSONValue] successfully performed. With the following test data [name]. @26-12-2021 02:02:01.0626 AM
[ReportManager] API Action [GetResponseJSONValue] successfully performed. With the following test data [name]. @26-12-2021 02:02:01.0667 AM
[ReportManager] API Action [GetResponseJSONValue] successfully performed. With the following test data [name]. @26-12-2021 02:02:01.0764 AM
[ReportManager] API Action [GetResponseJSONValue] successfully performed. With the following test data [name]. @26-12-2021 02:02:01.0797 A
[ReportManager] File Action [GetAbsolutePath] successfully performed. With the following test data [Relative Folder Path: "target/downloadedFiles/"]. @26-12-2021 02:02:01.0803 AM
[ReportManager] Attempting to run locally on: [Mac-64], [Safari], Headless Execution. @26-12-2021 02:02:01.0803 AM
[ReportManager] Successfully Opened Safari. @26-12-2021 02:02:02.0659 AM
[ReportManager] Initial window size: (800, 600) @26-12-2021 02:02:02.0694 AM
[ReportManager] Window size after SWD Maximize: (1176, 803) @26-12-2021 02:02:02.0723 AM
[ReportManager] Browser Action [MaximizeWindow] successfully performed. With the following test data [New screen size is now: (1176, 803)]. @26-12-2021 02:02:02.0724 A

################################################################################################################################################
Starting Execution:	[69 out of 146] test cases in the current suite
Test Method:		[testPackage01.Test_uploadFile.uploadFile_invisibleUploadInput]
################################################################################################################################################
[ReportManager] Target URL: [https://fineuploader.com/demos.html#gallery-view] @26-12-2021 02:02:02.0767 AM
[ReportManager] Initial URL: [] @26-12-2021 02:02:02.0814 AM
[ReportManager] Browser Action [NavigateToURL] successfully performed. With the following test data [https://fineuploader.com/demos.html#gallery-view]. @26-12-2021 02:02:04.0288 AM
[ReportManager] File Action [GetAbsolutePath] successfully performed. With the following test data [Relative File Path: "src/main/resources/images/shaft.png"]. @26-12-2021 02:02:04.0288 AM
[ReportManager] Successfully created attachment [File Action Actual Result - Command Log] @26-12-2021 02:02:04.0289 AM
[ReportManager] Element Action [TypeFileLocationForUpload] successfully performed. With the following test data [/Users/runner/work/SHAFT_ENGINE/SHAFT_ENGINE/src/main/resources/images/shaft.png]. @26-12-2021 02:02:04.0332 AM
[ReportManager] Attempting to getAttribute [src] from elementLocator [By.xpath: //div[@id='fine-uploader-gallery']//div[@class='qq-thumbnail-wrapper']/img]. @26-12-2021 02:02:04.0335 AM
[ReportManager] Element Action [GetAttribute] successfully performed. @26-12-2021 02:02:04.0443 AM
[ReportManager] Successfully created attachment [Element Action Test Data - GetAttribute - Actual Value] @26-12-2021 02:02:04.0444 AM
[ReportManager] Loaded Shared OpenCV @26-12-2021 02:02:04.0521 AM
[ReportManager] Assertion Passed: Then I Assert that the element found by [By.xpath: //div[@id='fine-uploader-gallery']//div[@class='qq-thumbnail-wrapper']/img] attribute [src] contains [data:image/png;base64]. @26-12-2021 02:02:04.0645 AM
[ReportManager] Successfully created attachment [Validation Test Data - Expected Value] @26-12-2021 02:02:04.0645 AM
[ReportManager] Successfully created attachment [Validation Test Data - Actual Value] @26-12-2021 02:02:04.0646 AM
[ReportManager] Successfully created attachment [Screenshot - 1640484124521_uploadFile_invisibleUploadInput_ValidateElementAttribute_passed] @26-12-2021 02:02:04.0647 AM
[ReportManager] Assertion [ValidateElementAttribute] PASSED. Expected and Actual values are attached. Comparison Type [CONTAINS]. Validation Type [POSITIVE]. @26-12-2021 02:02:04.0647 A
[ReportManager] Browser Action [CloseCurrentWindow] successfully performed. @26-12-2021 02:02:04.0843 AM
[ReportManager] Successfully created attachment [Browser Action Test Data - CloseCurrentWindow - Actual Value] @26-12-2021 02:02:04.0844 A
[ReportManager] File Action [GetAbsolutePath] successfully performed. With the following test data [Relative Folder Path: "target/downloadedFiles/"]. @26-12-2021 02:02:04.0848 AM
[ReportManager] Attempting to run locally on: [Mac-64], [Safari], Headless Execution. @26-12-2021 02:02:04.0848 AM
[ReportManager] Successfully Opened Safari. @26-12-2021 02:02:05.0821 AM
[ReportManager] Initial window size: (800, 600) @26-12-2021 02:02:05.0838 AM
[ReportManager] Window size after SWD Maximize: (1176, 803) @26-12-2021 02:02:05.0862 AM
[ReportManager] Browser Action [MaximizeWindow] successfully performed. With the following test data [New screen size is now: (1176, 803)]. @26-12-2021 02:02:05.0862 A

################################################################################################################################################
Starting Execution:	[70 out of 146] test cases in the current suite
Test Method:		[testPackage01.Test_uploadFile.uploadFile_visibleUploadInput]
################################################################################################################################################
[ReportManager] Target URL: [http://demo.guru99.com/test/upload/] @26-12-2021 02:02:05.0865 AM
[ReportManager] Initial URL: [] @26-12-2021 02:02:05.0975 AM
[ReportManager] Browser Action [NavigateToURL] successfully performed. With the following test data [http://demo.guru99.com/test/upload/]. @26-12-2021 02:02:07.0947 AM
[ReportManager] File Action [GetAbsolutePath] successfully performed. With the following test data [Relative Folder Path: "src/main/resources/images/shaft.png"]. @26-12-2021 02:02:07.0947 AM
[ReportManager] Element Action [TypeFileLocationForUpload] successfully performed. With the following test data [/Users/runner/work/SHAFT_ENGINE/SHAFT_ENGINE/src/main/resources/images/shaft.png]. @26-12-2021 02:02:09.0964 AM
[ReportManager] Element Action [Click] successfully performed. With the following test data [By.id: terms]. @26-12-2021 02:02:10.0428 AM
[ReportManager] Element Action [Click] successfully performed. With the following test data [By.id: submitbutton]. @26-12-2021 02:02:10.0647 AM
[ReportManager] Element Action [GetText] successfully performed. With the following test data [1 file has been successfully uploaded.]. @26-12-2021 02:02:11.0495 AM
[ReportManager] Loaded Shared OpenCV @26-12-2021 02:02:11.0559 AM
[ReportManager] Assertion Passed: Then I Assert that the element found by [By.id: res] attribute [Text] contains [1 file]. @26-12-2021 02:02:11.0662 AM
[ReportManager] Successfully created attachment [Screenshot - 1640484131559_uploadFile_visibleUploadInput_ValidateElementAttribute_passed] @26-12-2021 02:02:11.0663 AM
[ReportManager] Assertion [ValidateElementAttribute] PASSED. Expected [Value Should be '1 file' for the 'Text' attribute, element locator 'By.id: res'] and Actual [1 file has been successfully uploaded.]. Comparison Type [CONTAINS]. Validation Type [POSITIVE]. @26-12-2021 02:02:11.0663 A
[ReportManager] Browser Action [CloseCurrentWindow] successfully performed. @26-12-2021 02:02:12.0048 AM
[ReportManager] Successfully created attachment [Browser Action Test Data - CloseCurrentWindow - Actual Value] @26-12-2021 02:02:12.0049 A

################################################################################################################################################
Starting Execution:	[71 out of 146] test cases in the current suite
Test Method:		[testPackage01.Test_AssertApiResponseEquals.assertApiResponseEquals_expectedToPass]
################################################################################################################################################
[ReportManager] Response status code: [200], status line: [HTTP/1.1 200 OK] @26-12-2021 02:02:12.0105 AM
[ReportManager] Assertion Passed: Evaluating the actual response status code against the expected one... @26-12-2021 02:02:12.0105 AM
[ReportManager] Assertion [ValidateComparativeRelation] PASSED. Expected [200] and Actual [200]. Comparison Type [EQUALS]. Validation Type [POSITIVE]. @26-12-2021 02:02:12.0105 AM
[ReportManager] API Action [PerformRequest] successfully performed. With the following test data [Request Type: "GET" | Target Status Code: "200" | Service URL: "https://jsonplaceholder.typicode.com/users" | Content Type: "*/*" | Response Time: "44ms"]. @26-12-2021 02:02:12.0132 AM
[ReportManager] Successfully created attachment [API Request - Specifications] @26-12-2021 02:02:12.0133 AM
[ReportManager] Successfully created attachment [API Response - JSON Body] @26-12-2021 02:02:12.0134 AM
[ReportManager] API Action [GetResponseJSONValueAsList] successfully performed. With the following test data [$]. @26-12-2021 02:02:12.0142 AM
[ReportManager] API Action [GetResponseJSONValue] successfully performed. With the following test data [name]. @26-12-2021 02:02:12.0156 AM
[ReportManager] API Action [GetResponseJSONValue] successfully performed. With the following test data [email]. @26-12-2021 02:02:12.0174 AM
[ReportManager] Verification [ValidateEquals] PASSED. Expected [Sincere@april.biz] and Actual [Sincere@april.biz]. Comparison Type [EQUALS]. Validation Type [POSITIVE]. @26-12-2021 02:02:12.0175 AM
[ReportManager] API Action [GetResponseJSONValue] successfully performed. With the following test data [username]. @26-12-2021 02:02:12.0207 AM
[ReportManager] Assertion [ValidateEquals] PASSED. Expected [Bret] and Actual [Bret]. Comparison Type [EQUALS]. Validation Type [POSITIVE]. @26-12-2021 02:02:12.0209 AM
[ReportManager] API Action [GetResponseJSONValue] successfully performed. With the following test data [name]. @26-12-2021 02:02:12.0233 AM
[ReportManager] API Action [GetResponseJSONValue] successfully performed. With the following test data [name]. @26-12-2021 02:02:12.0249 AM
[ReportManager] API Action [GetResponseJSONValue] successfully performed. With the following test data [name]. @26-12-2021 02:02:12.0264 AM
[ReportManager] API Action [GetResponseJSONValue] successfully performed. With the following test data [name]. @26-12-2021 02:02:12.0288 AM
[ReportManager] API Action [GetResponseJSONValue] successfully performed. With the following test data [name]. @26-12-2021 02:02:12.0304 AM
[ReportManager] API Action [GetResponseJSONValue] successfully performed. With the following test data [name]. @26-12-2021 02:02:12.0324 AM
[ReportManager] API Action [GetResponseJSONValue] successfully performed. With the following test data [name]. @26-12-2021 02:02:12.0344 AM
[ReportManager] API Action [GetResponseJSONValue] successfully performed. With the following test data [name]. @26-12-2021 02:02:12.0368 AM
[ReportManager] API Action [GetResponseJSONValue] successfully performed. With the following test data [name]. @26-12-2021 02:02:12.0390 A

################################################################################################################################################
Starting Execution:	[72 out of 146] test cases in the current suite
Test Method:		[testPackage01.Test_testData.f]
################################################################################################################################################
[ReportManager] Successfully loaded the following test data file [src/test/resources/testDataFiles/testSuite01/TestData.xlsx]. @26-12-2021 02:02:12.0474 AM
[ReportManager] Successfully created attachment [Test Data - Excel] @26-12-2021 02:02:12.0476 AM
[ReportManager] Last Column Number is: [3]. Zero-based. @26-12-2021 02:02:12.0476 A

################################################################################################################################################
Starting Execution:	[73 out of 146] test cases in the current suite
Test Method:		[testPackage01.Test_PDF.testPDF1]
################################################################################################################################################
[ReportManager] File Action [DoesFileExist] successfully performed. With the following test data [File Path: "src/test/resources/testDataFiles/sample.pdf"]. @26-12-2021 02:02:12.0489 AM
[ReportManager] File Action [GetAbsolutePath] successfully performed. With the following test data [Relative Folder Path: "src/test/resources/testDataFiles/sample.pdf"]. @26-12-2021 02:02:12.0492 AM
[ReportManager] Assertion Passed: Checking to see that the pdf file contains [A Simple PDF File] @26-12-2021 02:02:17.0599 AM
[ReportManager] Successfully created attachment [Validation Test Data - Expected Value] @26-12-2021 02:02:17.0600 AM
[ReportManager] Successfully created attachment [Validation Test Data - Actual Value] @26-12-2021 02:02:17.0601 AM
[ReportManager] Assertion [ValidateEquals] PASSED. Expected and Actual values are attached. Comparison Type [CONTAINS]. Validation Type [POSITIVE]. @26-12-2021 02:02:17.0601 A

################################################################################################################################################
Starting Execution:	[74 out of 146] test cases in the current suite
Test Method:		[testPackage01.Test_PDF.testPDF2]
################################################################################################################################################
[ReportManager] File Action [DoesFileExist] successfully performed. With the following test data [File Path: "src/test/resources/testDataFiles/sample.pdf"]. @26-12-2021 02:02:17.0606 AM
[ReportManager] File Action [GetAbsolutePath] successfully performed. With the following test data [Relative Folder Path: "src/test/resources/testDataFiles/sample.pdf"]. @26-12-2021 02:02:17.0607 AM
[ReportManager] Assertion Passed: Checking to see that the pdf file contains [A Simple PDF File] @26-12-2021 02:02:17.0618 AM
[ReportManager] Successfully created attachment [Validation Test Data - Expected Value] @26-12-2021 02:02:17.0619 AM
[ReportManager] Successfully created attachment [Validation Test Data - Actual Value] @26-12-2021 02:02:17.0619 AM
[ReportManager] Assertion [ValidateEquals] PASSED. Expected and Actual values are attached. Comparison Type [CONTAINS]. Validation Type [POSITIVE]. @26-12-2021 02:02:17.0619 A
[ReportManager] File Action [GetAbsolutePath] successfully performed. With the following test data [Relative Folder Path: "target/downloadedFiles/"]. @26-12-2021 02:02:17.0622 AM
[ReportManager] Attempting to run locally on: [Mac-64], [Safari], Headless Execution. @26-12-2021 02:02:17.0622 AM
[ReportManager] Successfully Opened Safari. @26-12-2021 02:02:18.0492 AM
[ReportManager] Initial window size: (800, 600) @26-12-2021 02:02:18.0528 AM
[ReportManager] Window size after SWD Maximize: (1176, 803) @26-12-2021 02:02:18.0571 AM
[ReportManager] Browser Action [MaximizeWindow] successfully performed. With the following test data [New screen size is now: (1176, 803)]. @26-12-2021 02:02:18.0571 A

################################################################################################################################################
Starting Execution:	[75 out of 146] test cases in the current suite
Test Method:		[testPackage01.Test_ShadowDOM.shadowdom]
################################################################################################################################################
[ReportManager] Target URL: [https://mdn.github.io/web-components-examples/popup-info-box-web-component/] @26-12-2021 02:02:18.0575 AM
[ReportManager] Initial URL: [] @26-12-2021 02:02:18.0625 AM
[ReportManager] Browser Action [NavigateToURL] successfully performed. With the following test data [https://mdn.github.io/web-components-examples/popup-info-box-web-component/]. @26-12-2021 02:02:18.0859 AM
[ReportManager] Element Action [Type] successfully performed. With the following test data [Typing into SHADOW DOM...]. @26-12-2021 02:02:19.0688 AM
[ReportManager] Element Action [GetText] successfully performed. With the following test data [Typing into SHADOW DOM...]. @26-12-2021 02:02:19.0751 AM
[ReportManager] Loaded Shared OpenCV @26-12-2021 02:02:19.0807 AM
[ReportManager] Assertion [ValidateElementAttribute] PASSED. Expected [Value Should be 'Typing into SHADOW DOM...' for the 'Text' attribute, element locator 'By.id: cvc'] and Actual [Typing into SHADOW DOM...]. Comparison Type [EQUALS]. Validation Type [POSITIVE]. @26-12-2021 02:02:20.0077 AM
[ReportManager] Successfully created attachment [Screenshot - 1640484139806_shadowdom_ValidateElementAttribute_passed] @26-12-2021 02:02:20.0078 A
[ReportManager] Browser Action [CloseCurrentWindow] successfully performed. @26-12-2021 02:02:20.0508 AM
[ReportManager] Successfully created attachment [Browser Action Test Data - CloseCurrentWindow - Actual Value] @26-12-2021 02:02:20.0508 A
[ReportManager] File Action [GetAbsolutePath] successfully performed. With the following test data [Relative Folder Path: "target/downloadedFiles/"]. @26-12-2021 02:02:20.0510 AM
[ReportManager] Attempting to run locally on: [Mac-64], [Safari], Headless Execution. @26-12-2021 02:02:20.0510 AM
[ReportManager] Successfully Opened Safari. @26-12-2021 02:02:21.0360 AM
[ReportManager] Initial window size: (800, 600) @26-12-2021 02:02:21.0394 AM
[ReportManager] Window size after SWD Maximize: (1176, 803) @26-12-2021 02:02:21.0419 AM
[ReportManager] Browser Action [MaximizeWindow] successfully performed. With the following test data [New screen size is now: (1176, 803)]. @26-12-2021 02:02:21.0419 A

################################################################################################################################################
Starting Execution:	[76 out of 146] test cases in the current suite
Test Method:		[testPackage01.Test_clipboardActions.typeTextAndCopyPaste]
################################################################################################################################################
[ReportManager] Target URL: [https://www.google.com/ncr], and after redirection: [https://www.google.com] @26-12-2021 02:02:21.0422 AM
[ReportManager] Initial URL: [] @26-12-2021 02:02:21.0473 AM
[ReportManager] Browser Action [NavigateToURL] successfully performed. With the following test data [https://www.google.com/ncr]. @26-12-2021 02:02:22.0791 AM
[ReportManager] Element Action [Type] successfully performed. With the following test data [FIRST]. @26-12-2021 02:02:23.0221 A
[ReportManager] Browser Action [CloseCurrentWindow] successfully performed. @26-12-2021 02:02:23.0724 AM
[ReportManager] Successfully created attachment [Browser Action Test Data - CloseCurrentWindow - Actual Value] @26-12-2021 02:02:23.0725 A

################################################################################################################################################
Starting Execution:	[77 out of 146] test cases in the current suite
Test Method:		[testPackage01.Test_NewValidationHelper.f1]
################################################################################################################################################
[ReportManager] Assertion Passed: Checking valid user data @26-12-2021 02:02:23.0730 AM
[ReportManager] Successfully created attachment [Validation Test Data - Expected Value] @26-12-2021 02:02:23.0730 AM
[ReportManager] Successfully created attachment [Validation Test Data - Actual Value] @26-12-2021 02:02:23.0731 AM
[ReportManager] Assertion [ValidateEquals] PASSED. Expected and Actual values are attached. Comparison Type [EQUALS]. Validation Type [POSITIVE]. @26-12-2021 02:02:23.0731 A
[ReportManager] File Action [GetAbsolutePath] successfully performed. With the following test data [Relative Folder Path: "target/downloadedFiles/"]. @26-12-2021 02:02:23.0733 AM
[ReportManager] Attempting to run locally on: [Mac-64], [Safari], Headless Execution. @26-12-2021 02:02:23.0733 AM
[ReportManager] Successfully Opened Safari. @26-12-2021 02:02:24.0565 AM
[ReportManager] Initial window size: (800, 600) @26-12-2021 02:02:24.0593 AM
[ReportManager] Window size after SWD Maximize: (1176, 803) @26-12-2021 02:02:24.0628 AM
[ReportManager] Browser Action [MaximizeWindow] successfully performed. With the following test data [New screen size is now: (1176, 803)]. @26-12-2021 02:02:24.0629 AM
[ReportManager] Target URL: [https://the-internet.herokuapp.com/] @26-12-2021 02:02:24.0629 AM
[ReportManager] Initial URL: [] @26-12-2021 02:02:24.0664 AM
[ReportManager] Browser Action [NavigateToURL] successfully performed. With the following test data [https://the-internet.herokuapp.com/]. @26-12-2021 02:02:25.0045 A

################################################################################################################################################
Starting Execution:	[78 out of 146] test cases in the current suite
Test Method:		[testPackage01.Test_NewValidationHelper.f10]
################################################################################################################################################
[ReportManager] Loaded Shared OpenCV @26-12-2021 02:02:25.0202 AM
[ReportManager] Assertion [ValidateElementExists] FAILED. Expected [Element Should Exist, locator 'By.tagName: div'] and Actual [Element Exists but is not unique]. Comparison Type [EQUALS]. Validation Type [POSITIVE]. @26-12-2021 02:02:25.0304 AM
[ReportManager] Successfully created attachment [Screenshot - 1640484145202_f10_ValidateElementExists_failed] @26-12-2021 02:02:25.0305 A
[ReportManager] Successfully Closed All Drivers. @26-12-2021 02:02:25.0498 A
[ReportManager] File Action [GetAbsolutePath] successfully performed. With the following test data [Relative Folder Path: "target/downloadedFiles/"]. @26-12-2021 02:02:25.0500 AM
[ReportManager] Attempting to run locally on: [Mac-64], [Safari], Headless Execution. @26-12-2021 02:02:25.0500 AM
[ReportManager] Successfully Opened Safari. @26-12-2021 02:02:26.0383 AM
[ReportManager] Initial window size: (800, 600) @26-12-2021 02:02:26.0395 AM
[ReportManager] Window size after SWD Maximize: (1176, 803) @26-12-2021 02:02:26.0423 AM
[ReportManager] Browser Action [MaximizeWindow] successfully performed. With the following test data [New screen size is now: (1176, 803)]. @26-12-2021 02:02:26.0423 AM
[ReportManager] Target URL: [https://the-internet.herokuapp.com/] @26-12-2021 02:02:26.0423 AM
[ReportManager] Initial URL: [] @26-12-2021 02:02:26.0475 AM
[ReportManager] Browser Action [NavigateToURL] successfully performed. With the following test data [https://the-internet.herokuapp.com/]. @26-12-2021 02:02:26.0835 A

################################################################################################################################################
Starting Execution:	[79 out of 146] test cases in the current suite
Test Method:		[testPackage01.Test_NewValidationHelper.f11]
################################################################################################################################################
[ReportManager] org.openqa.selenium.TimeoutException:
Expected condition failed: waiting for com.shaft.gui.element.ElementActionsHelper$$Lambda$623/0x0000000801109890@247be2e5 (tried for 5 second(s) with 1000 milliseconds interval)
org.openqa.selenium.support.ui.FluentWait.timeoutException(FluentWait.java:263)
org.openqa.selenium.support.ui.FluentWait.until(FluentWait.java:231)
com.shaft.gui.element.ElementActionsHelper.waitForElementPresence(ElementActionsHelper.java:63)
com.shaft.gui.element.ElementActionsHelper.waitForElementPresence(ElementActionsHelper.java:37)
com.shaft.gui.element.WebDriverElementActions.getMatchingElementsCount(WebDriverElementActions.java:1468)
com.shaft.gui.element.WebDriverElementActions.getElementsCount(WebDriverElementActions.java:559)
com.shaft.gui.element.ElementActions.getElementsCount(ElementActions.java:261)
com.shaft.validation.ValidationsHelper.validateElementExists(ValidationsHelper.java:149)
com.shaft.validation.Assertions.assertElementExists(Assertions.java:118)
testPackage01.Test_NewValidationHelper.f11(Test_NewValidationHelper.java:137)
java.base/jdk.internal.reflect.NativeMethodAccessorImpl.invoke0(Native Method)
java.base/jdk.internal.reflect.NativeMethodAccessorImpl.invoke(NativeMethodAccessorImpl.java:77)
java.base/jdk.internal.reflect.DelegatingMethodAccessorImpl.invoke(DelegatingMethodAccessorImpl.java:43)
java.base/java.lang.reflect.Method.invoke(Method.java:568)
org.testng.internal.MethodInvocationHelper.invokeMethod(MethodInvocationHelper.java:133)
org.testng.internal.TestInvoker.invokeMethod(TestInvoker.java:598)
org.testng.internal.TestInvoker.invokeTestMethod(TestInvoker.java:173)
org.testng.internal.MethodRunner.runInSequence(MethodRunner.java:46)
org.testng.internal.TestInvoker$MethodInvocationAgent.invoke(TestInvoker.java:824)
org.testng.internal.TestInvoker.invokeTestMethods(TestInvoker.java:146)
org.testng.internal.TestMethodWorker.invokeTestMethods(TestMethodWorker.java:146)
org.testng.internal.TestMethodWorker.run(TestMethodWorker.java:128)
java.base/java.util.ArrayList.forEach(ArrayList.java:1511)
org.testng.TestRunner.privateRun(TestRunner.java:794)
org.testng.TestRunner.run(TestRunner.java:596)
org.testng.SuiteRunner.runTest(SuiteRunner.java:377)
org.testng.SuiteRunner.runSequentially(SuiteRunner.java:371)
org.testng.SuiteRunner.privateRun(SuiteRunner.java:332)
org.testng.SuiteRunner.run(SuiteRunner.java:276)
org.testng.SuiteRunnerWorker.runSuite(SuiteRunnerWorker.java:53)
org.testng.SuiteRunnerWorker.run(SuiteRunnerWorker.java:96)
org.testng.TestNG.runSuitesSequentially(TestNG.java:1212)
org.testng.TestNG.runSuitesLocally(TestNG.java:1134)
org.testng.TestNG.runSuites(TestNG.java:1063)
org.testng.TestNG.run(TestNG.java:1031)
org.apache.maven.surefire.testng.TestNGExecutor.run(TestNGExecutor.java:136)
org.apache.maven.surefire.testng.TestNGDirectoryTestSuite.executeMulti(TestNGDirectoryTestSuite.java:193)
org.apache.maven.surefire.testng.TestNGDirectoryTestSuite.execute(TestNGDirectoryTestSuite.java:94)
org.apache.maven.surefire.testng.TestNGProvider.invoke(TestNGProvider.java:145)
org.apache.maven.surefire.booter.ForkedBooter.runSuitesInProcess(ForkedBooter.java:428)
org.apache.maven.surefire.booter.ForkedBooter.execute(ForkedBooter.java:162)
org.apache.maven.surefire.booter.ForkedBooter.run(ForkedBooter.java:562)
org.apache.maven.surefire.booter.ForkedBooter.main(ForkedBooter.java:548)

Caused by: org.openqa.selenium.NoSuchElementException:
For documentation on this error, please visit: https://selenium.dev/exceptions/#no_such_element
Build info: version: '4.1.1', revision: 'e8fcc2cecf'
System info: host: 'Mac-1640482556111.local', ip: '10.212.23.112', os.name: 'Mac OS X', os.arch: 'x86_64', os.version: '11.5', java.version: '17.0.1'
Driver info: org.openqa.selenium.safari.SafariDriver
Command: [E6DADCC3-0D57-4B48-A488-D0607C0B9890, findElement {using=tag name, value=h3}]
Capabilities {acceptInsecureCerts: false, browserName: Safari, browserVersion: 15.2, goog:loggingPrefs: {browser: ALL, client: ALL, driver: ALL, performance: ALL, profiler: ALL, server: ALL}, javascriptEnabled: true, pageLoadStrategy: normal, platform: MAC, platformName: MAC, safari:automaticInspection: false, safari:automaticProfiling: false, safari:diagnose: false, safari:platformBuildVersion: 20G314, safari:platformVersion: 11.6.2, safari:useSimulator: false, setWindowRect: true, strictFileInteractability: false, timeouts: {pageLoad: 30000, script: 30000}, webkit:WebRTC: {DisableICECandidateFiltering: false, DisableInsecureMediaCapture: false}}
Session ID: E6DADCC3-0D57-4B48-A488-D0607C0B9890
jdk.internal.reflect.GeneratedConstructorAccessor70.newInstance(Unknown Source)
java.base/jdk.internal.reflect.DelegatingConstructorAccessorImpl.newInstance(DelegatingConstructorAccessorImpl.java:45)
java.base/java.lang.reflect.Constructor.newInstanceWithCaller(Constructor.java:499)
java.base/java.lang.reflect.Constructor.newInstance(Constructor.java:480)
org.openqa.selenium.remote.codec.w3c.W3CHttpResponseCodec.createException(W3CHttpResponseCodec.java:200)
org.openqa.selenium.remote.codec.w3c.W3CHttpResponseCodec.decode(W3CHttpResponseCodec.java:133)
org.openqa.selenium.remote.codec.w3c.W3CHttpResponseCodec.decode(W3CHttpResponseCodec.java:53)
org.openqa.selenium.remote.HttpCommandExecutor.execute(HttpCommandExecutor.java:184)
org.openqa.selenium.remote.service.DriverCommandExecutor.invokeExecute(DriverCommandExecutor.java:167)
org.openqa.selenium.remote.service.DriverCommandExecutor.execute(DriverCommandExecutor.java:142)
org.openqa.selenium.remote.RemoteWebDriver.execute(RemoteWebDriver.java:543)
org.openqa.selenium.remote.ElementLocation$ElementFinder$2.findElement(ElementLocation.java:162)
org.openqa.selenium.remote.ElementLocation.findElement(ElementLocation.java:60)
org.openqa.selenium.remote.RemoteWebDriver.findElement(RemoteWebDriver.java:367)
org.openqa.selenium.remote.RemoteWebDriver.findElement(RemoteWebDriver.java:359)
com.shaft.gui.element.ElementActionsHelper.lambda$waitForElementPresence$0(ElementActionsHelper.java:66)
org.openqa.selenium.support.ui.FluentWait.until(FluentWait.java:208)
com.shaft.gui.element.ElementActionsHelper.waitForElementPresence(ElementActionsHelper.java:63)
com.shaft.gui.element.ElementActionsHelper.waitForElementPresence(ElementActionsHelper.java:37)
com.shaft.gui.element.WebDriverElementActions.getMatchingElementsCount(WebDriverElementActions.java:1468)
com.shaft.gui.element.WebDriverElementActions.getElementsCount(WebDriverElementActions.java:559)
com.shaft.gui.element.ElementActions.getElementsCount(ElementActions.java:261)
com.shaft.validation.ValidationsHelper.validateElementExists(ValidationsHelper.java:149)
com.shaft.validation.Assertions.assertElementExists(Assertions.java:118)
testPackage01.Test_NewValidationHelper.f11(Test_NewValidationHelper.java:137)
java.base/jdk.internal.reflect.NativeMethodAccessorImpl.invoke0(Native Method)
java.base/jdk.internal.reflect.NativeMethodAccessorImpl.invoke(NativeMethodAccessorImpl.java:77)
java.base/jdk.internal.reflect.DelegatingMethodAccessorImpl.invoke(DelegatingMethodAccessorImpl.java:43)
java.base/java.lang.reflect.Method.invoke(Method.java:568)
org.testng.internal.MethodInvocationHelper.invokeMethod(MethodInvocationHelper.java:133)
org.testng.internal.TestInvoker.invokeMethod(TestInvoker.java:598)
org.testng.internal.TestInvoker.invokeTestMethod(TestInvoker.java:173)
org.testng.internal.MethodRunner.runInSequence(MethodRunner.java:46)
org.testng.internal.TestInvoker$MethodInvocationAgent.invoke(TestInvoker.java:824)
org.testng.internal.TestInvoker.invokeTestMethods(TestInvoker.java:146)
org.testng.internal.TestMethodWorker.invokeTestMethods(TestMethodWorker.java:146)
org.testng.internal.TestMethodWorker.run(TestMethodWorker.java:128)
java.base/java.util.ArrayList.forEach(ArrayList.java:1511)
org.testng.TestRunner.privateRun(TestRunner.java:794)
org.testng.TestRunner.run(TestRunner.java:596)
org.testng.SuiteRunner.runTest(SuiteRunner.java:377)
org.testng.SuiteRunner.runSequentially(SuiteRunner.java:371)
org.testng.SuiteRunner.privateRun(SuiteRunner.java:332)
org.testng.SuiteRunner.run(SuiteRunner.java:276)
org.testng.SuiteRunnerWorker.runSuite(SuiteRunnerWorker.java:53)
org.testng.SuiteRunnerWorker.run(SuiteRunnerWorker.java:96)
org.testng.TestNG.runSuitesSequentially(TestNG.java:1212)
org.testng.TestNG.runSuitesLocally(TestNG.java:1134)
org.testng.TestNG.runSuites(TestNG.java:1063)
org.testng.TestNG.run(TestNG.java:1031)
org.apache.maven.surefire.testng.TestNGExecutor.run(TestNGExecutor.java:136)
org.apache.maven.surefire.testng.TestNGDirectoryTestSuite.executeMulti(TestNGDirectoryTestSuite.java:193)
org.apache.maven.surefire.testng.TestNGDirectoryTestSuite.execute(TestNGDirectoryTestSuite.java:94)
org.apache.maven.surefire.testng.TestNGProvider.invoke(TestNGProvider.java:145)
org.apache.maven.surefire.booter.ForkedBooter.runSuitesInProcess(ForkedBooter.java:428)
org.apache.maven.surefire.booter.ForkedBooter.execute(ForkedBooter.java:162)
org.apache.maven.surefire.booter.ForkedBooter.run(ForkedBooter.java:562)
org.apache.maven.surefire.booter.ForkedBooter.main(ForkedBooter.java:548) @26-12-2021 02:02:32.0323 AM
[ReportManager] org.openqa.selenium.TimeoutException:
Expected condition failed: waiting for com.shaft.gui.element.ElementActionsHelper$$Lambda$623/0x0000000801109890@56d7ff9 (tried for 5 second(s) with 1000 milliseconds interval)
org.openqa.selenium.support.ui.FluentWait.timeoutException(FluentWait.java:263)
org.openqa.selenium.support.ui.FluentWait.until(FluentWait.java:231)
com.shaft.gui.element.ElementActionsHelper.waitForElementPresence(ElementActionsHelper.java:63)
com.shaft.gui.element.ElementActionsHelper.waitForElementPresence(ElementActionsHelper.java:37)
com.shaft.gui.element.WebDriverElementActions.getMatchingElementsCount(WebDriverElementActions.java:1468)
com.shaft.gui.element.WebDriverElementActions.getElementsCount(WebDriverElementActions.java:559)
com.shaft.gui.element.ElementActions.getElementsCount(ElementActions.java:261)
com.shaft.gui.image.ScreenshotManager.internalCaptureScreenShot(ScreenshotManager.java:394)
com.shaft.gui.image.ScreenshotManager.captureScreenShot(ScreenshotManager.java:141)
com.shaft.validation.ValidationsHelper.reportValidationState(ValidationsHelper.java:823)
com.shaft.validation.ValidationsHelper.pass(ValidationsHelper.java:564)
com.shaft.validation.ValidationsHelper.validateElementExists(ValidationsHelper.java:166)
com.shaft.validation.Assertions.assertElementExists(Assertions.java:118)
testPackage01.Test_NewValidationHelper.f11(Test_NewValidationHelper.java:137)
java.base/jdk.internal.reflect.NativeMethodAccessorImpl.invoke0(Native Method)
java.base/jdk.internal.reflect.NativeMethodAccessorImpl.invoke(NativeMethodAccessorImpl.java:77)
java.base/jdk.internal.reflect.DelegatingMethodAccessorImpl.invoke(DelegatingMethodAccessorImpl.java:43)
java.base/java.lang.reflect.Method.invoke(Method.java:568)
org.testng.internal.MethodInvocationHelper.invokeMethod(MethodInvocationHelper.java:133)
org.testng.internal.TestInvoker.invokeMethod(TestInvoker.java:598)
org.testng.internal.TestInvoker.invokeTestMethod(TestInvoker.java:173)
org.testng.internal.MethodRunner.runInSequence(MethodRunner.java:46)
org.testng.internal.TestInvoker$MethodInvocationAgent.invoke(TestInvoker.java:824)
org.testng.internal.TestInvoker.invokeTestMethods(TestInvoker.java:146)
org.testng.internal.TestMethodWorker.invokeTestMethods(TestMethodWorker.java:146)
org.testng.internal.TestMethodWorker.run(TestMethodWorker.java:128)
java.base/java.util.ArrayList.forEach(ArrayList.java:1511)
org.testng.TestRunner.privateRun(TestRunner.java:794)
org.testng.TestRunner.run(TestRunner.java:596)
org.testng.SuiteRunner.runTest(SuiteRunner.java:377)
org.testng.SuiteRunner.runSequentially(SuiteRunner.java:371)
org.testng.SuiteRunner.privateRun(SuiteRunner.java:332)
org.testng.SuiteRunner.run(SuiteRunner.java:276)
org.testng.SuiteRunnerWorker.runSuite(SuiteRunnerWorker.java:53)
org.testng.SuiteRunnerWorker.run(SuiteRunnerWorker.java:96)
org.testng.TestNG.runSuitesSequentially(TestNG.java:1212)
org.testng.TestNG.runSuitesLocally(TestNG.java:1134)
org.testng.TestNG.runSuites(TestNG.java:1063)
org.testng.TestNG.run(TestNG.java:1031)
org.apache.maven.surefire.testng.TestNGExecutor.run(TestNGExecutor.java:136)
org.apache.maven.surefire.testng.TestNGDirectoryTestSuite.executeMulti(TestNGDirectoryTestSuite.java:193)
org.apache.maven.surefire.testng.TestNGDirectoryTestSuite.execute(TestNGDirectoryTestSuite.java:94)
org.apache.maven.surefire.testng.TestNGProvider.invoke(TestNGProvider.java:145)
org.apache.maven.surefire.booter.ForkedBooter.runSuitesInProcess(ForkedBooter.java:428)
org.apache.maven.surefire.booter.ForkedBooter.execute(ForkedBooter.java:162)
org.apache.maven.surefire.booter.ForkedBooter.run(ForkedBooter.java:562)
org.apache.maven.surefire.booter.ForkedBooter.main(ForkedBooter.java:548)

Caused by: org.openqa.selenium.NoSuchElementException:
For documentation on this error, please visit: https://selenium.dev/exceptions/#no_such_element
Build info: version: '4.1.1', revision: 'e8fcc2cecf'
System info: host: 'Mac-1640482556111.local', ip: '10.212.23.112', os.name: 'Mac OS X', os.arch: 'x86_64', os.version: '11.5', java.version: '17.0.1'
Driver info: org.openqa.selenium.safari.SafariDriver
Command: [E6DADCC3-0D57-4B48-A488-D0607C0B9890, findElement {using=tag name, value=h3}]
Capabilities {acceptInsecureCerts: false, browserName: Safari, browserVersion: 15.2, goog:loggingPrefs: {browser: ALL, client: ALL, driver: ALL, performance: ALL, profiler: ALL, server: ALL}, javascriptEnabled: true, pageLoadStrategy: normal, platform: MAC, platformName: MAC, safari:automaticInspection: false, safari:automaticProfiling: false, safari:diagnose: false, safari:platformBuildVersion: 20G314, safari:platformVersion: 11.6.2, safari:useSimulator: false, setWindowRect: true, strictFileInteractability: false, timeouts: {pageLoad: 30000, script: 30000}, webkit:WebRTC: {DisableICECandidateFiltering: false, DisableInsecureMediaCapture: false}}
Session ID: E6DADCC3-0D57-4B48-A488-D0607C0B9890
jdk.internal.reflect.GeneratedConstructorAccessor70.newInstance(Unknown Source)
java.base/jdk.internal.reflect.DelegatingConstructorAccessorImpl.newInstance(DelegatingConstructorAccessorImpl.java:45)
java.base/java.lang.reflect.Constructor.newInstanceWithCaller(Constructor.java:499)
java.base/java.lang.reflect.Constructor.newInstance(Constructor.java:480)
org.openqa.selenium.remote.codec.w3c.W3CHttpResponseCodec.createException(W3CHttpResponseCodec.java:200)
org.openqa.selenium.remote.codec.w3c.W3CHttpResponseCodec.decode(W3CHttpResponseCodec.java:133)
org.openqa.selenium.remote.codec.w3c.W3CHttpResponseCodec.decode(W3CHttpResponseCodec.java:53)
org.openqa.selenium.remote.HttpCommandExecutor.execute(HttpCommandExecutor.java:184)
org.openqa.selenium.remote.service.DriverCommandExecutor.invokeExecute(DriverCommandExecutor.java:167)
org.openqa.selenium.remote.service.DriverCommandExecutor.execute(DriverCommandExecutor.java:142)
org.openqa.selenium.remote.RemoteWebDriver.execute(RemoteWebDriver.java:543)
org.openqa.selenium.remote.ElementLocation$ElementFinder$2.findElement(ElementLocation.java:162)
org.openqa.selenium.remote.ElementLocation.findElement(ElementLocation.java:60)
org.openqa.selenium.remote.RemoteWebDriver.findElement(RemoteWebDriver.java:367)
org.openqa.selenium.remote.RemoteWebDriver.findElement(RemoteWebDriver.java:359)
com.shaft.gui.element.ElementActionsHelper.lambda$waitForElementPresence$0(ElementActionsHelper.java:66)
org.openqa.selenium.support.ui.FluentWait.until(FluentWait.java:208)
com.shaft.gui.element.ElementActionsHelper.waitForElementPresence(ElementActionsHelper.java:63)
com.shaft.gui.element.ElementActionsHelper.waitForElementPresence(ElementActionsHelper.java:37)
com.shaft.gui.element.WebDriverElementActions.getMatchingElementsCount(WebDriverElementActions.java:1468)
com.shaft.gui.element.WebDriverElementActions.getElementsCount(WebDriverElementActions.java:559)
com.shaft.gui.element.ElementActions.getElementsCount(ElementActions.java:261)
com.shaft.gui.image.ScreenshotManager.internalCaptureScreenShot(ScreenshotManager.java:394)
com.shaft.gui.image.ScreenshotManager.captureScreenShot(ScreenshotManager.java:141)
com.shaft.validation.ValidationsHelper.reportValidationState(ValidationsHelper.java:823)
com.shaft.validation.ValidationsHelper.pass(ValidationsHelper.java:564)
com.shaft.validation.ValidationsHelper.validateElementExists(ValidationsHelper.java:166)
com.shaft.validation.Assertions.assertElementExists(Assertions.java:118)
testPackage01.Test_NewValidationHelper.f11(Test_NewValidationHelper.java:137)
java.base/jdk.internal.reflect.NativeMethodAccessorImpl.invoke0(Native Method)
java.base/jdk.internal.reflect.NativeMethodAccessorImpl.invoke(NativeMethodAccessorImpl.java:77)
java.base/jdk.internal.reflect.DelegatingMethodAccessorImpl.invoke(DelegatingMethodAccessorImpl.java:43)
java.base/java.lang.reflect.Method.invoke(Method.java:568)
org.testng.internal.MethodInvocationHelper.invokeMethod(MethodInvocationHelper.java:133)
org.testng.internal.TestInvoker.invokeMethod(TestInvoker.java:598)
org.testng.internal.TestInvoker.invokeTestMethod(TestInvoker.java:173)
org.testng.internal.MethodRunner.runInSequence(MethodRunner.java:46)
org.testng.internal.TestInvoker$MethodInvocationAgent.invoke(TestInvoker.java:824)
org.testng.internal.TestInvoker.invokeTestMethods(TestInvoker.java:146)
org.testng.internal.TestMethodWorker.invokeTestMethods(TestMethodWorker.java:146)
org.testng.internal.TestMethodWorker.run(TestMethodWorker.java:128)
java.base/java.util.ArrayList.forEach(ArrayList.java:1511)
org.testng.TestRunner.privateRun(TestRunner.java:794)
org.testng.TestRunner.run(TestRunner.java:596)
org.testng.SuiteRunner.runTest(SuiteRunner.java:377)
org.testng.SuiteRunner.runSequentially(SuiteRunner.java:371)
org.testng.SuiteRunner.privateRun(SuiteRunner.java:332)
org.testng.SuiteRunner.run(SuiteRunner.java:276)
org.testng.SuiteRunnerWorker.runSuite(SuiteRunnerWorker.java:53)
org.testng.SuiteRunnerWorker.run(SuiteRunnerWorker.java:96)
org.testng.TestNG.runSuitesSequentially(TestNG.java:1212)
org.testng.TestNG.runSuitesLocally(TestNG.java:1134)
org.testng.TestNG.runSuites(TestNG.java:1063)
org.testng.TestNG.run(TestNG.java:1031)
org.apache.maven.surefire.testng.TestNGExecutor.run(TestNGExecutor.java:136)
org.apache.maven.surefire.testng.TestNGDirectoryTestSuite.executeMulti(TestNGDirectoryTestSuite.java:193)
org.apache.maven.surefire.testng.TestNGDirectoryTestSuite.execute(TestNGDirectoryTestSuite.java:94)
org.apache.maven.surefire.testng.TestNGProvider.invoke(TestNGProvider.java:145)
org.apache.maven.surefire.booter.ForkedBooter.runSuitesInProcess(ForkedBooter.java:428)
org.apache.maven.surefire.booter.ForkedBooter.execute(ForkedBooter.java:162)
org.apache.maven.surefire.booter.ForkedBooter.run(ForkedBooter.java:562)
org.apache.maven.surefire.booter.ForkedBooter.main(ForkedBooter.java:548) @26-12-2021 02:02:37.0793 AM
[ReportManager] Assertion Passed: Checking that false tag doesn't exist @26-12-2021 02:02:37.0919 AM
[ReportManager] Successfully created attachment [Screenshot - 1640484157820_f11_ValidateElementExists_passed] @26-12-2021 02:02:37.0920 AM
[ReportManager] Assertion [ValidateElementExists] PASSED. Expected [Element Should not Exist, locator 'By.tagName: h3'] and Actual [Element Doesn't Exists]. Comparison Type [EQUALS]. Validation Type [NEGATIVE]. @26-12-2021 02:02:37.0920 A
[ReportManager] Successfully Closed All Drivers. @26-12-2021 02:02:38.0176 A
[ReportManager] File Action [GetAbsolutePath] successfully performed. With the following test data [Relative Folder Path: "target/downloadedFiles/"]. @26-12-2021 02:02:38.0178 AM
[ReportManager] Attempting to run locally on: [Mac-64], [Safari], Headless Execution. @26-12-2021 02:02:38.0178 AM
[ReportManager] Successfully Opened Safari. @26-12-2021 02:02:39.0047 AM
[ReportManager] Initial window size: (800, 600) @26-12-2021 02:02:39.0057 AM
[ReportManager] Window size after SWD Maximize: (1176, 803) @26-12-2021 02:02:39.0082 AM
[ReportManager] Browser Action [MaximizeWindow] successfully performed. With the following test data [New screen size is now: (1176, 803)]. @26-12-2021 02:02:39.0083 AM
[ReportManager] Target URL: [https://the-internet.herokuapp.com/] @26-12-2021 02:02:39.0083 AM
[ReportManager] Initial URL: [] @26-12-2021 02:02:39.0127 AM
[ReportManager] Browser Action [NavigateToURL] successfully performed. With the following test data [https://the-internet.herokuapp.com/]. @26-12-2021 02:02:39.0529 A

################################################################################################################################################
Starting Execution:	[80 out of 146] test cases in the current suite
Test Method:		[testPackage01.Test_NewValidationHelper.f12]
################################################################################################################################################
[ReportManager] Loaded Shared OpenCV @26-12-2021 02:02:39.0742 AM
[ReportManager] Assertion [ValidateElementExists] FAILED. Expected [Element Should not Exist, locator 'By.tagName: h1'] and Actual [Element Exists]. Comparison Type [EQUALS]. Validation Type [NEGATIVE]. @26-12-2021 02:02:39.0838 AM
[ReportManager] Successfully created attachment [Screenshot - 1640484159742_f12_ValidateElementExists_failed] @26-12-2021 02:02:39.0840 A
[ReportManager] Successfully Closed All Drivers. @26-12-2021 02:02:40.0095 A
[ReportManager] File Action [GetAbsolutePath] successfully performed. With the following test data [Relative Folder Path: "target/downloadedFiles/"]. @26-12-2021 02:02:40.0098 AM
[ReportManager] Attempting to run locally on: [Mac-64], [Safari], Headless Execution. @26-12-2021 02:02:40.0098 AM
[ReportManager] Successfully Opened Safari. @26-12-2021 02:02:41.0007 AM
[ReportManager] Initial window size: (800, 600) @26-12-2021 02:02:41.0023 AM
[ReportManager] Window size after SWD Maximize: (1176, 803) @26-12-2021 02:02:41.0092 AM
[ReportManager] Browser Action [MaximizeWindow] successfully performed. With the following test data [New screen size is now: (1176, 803)]. @26-12-2021 02:02:41.0093 AM
[ReportManager] Target URL: [https://the-internet.herokuapp.com/] @26-12-2021 02:02:41.0093 AM
[ReportManager] Initial URL: [] @26-12-2021 02:02:41.0161 AM
[ReportManager] Browser Action [NavigateToURL] successfully performed. With the following test data [https://the-internet.herokuapp.com/]. @26-12-2021 02:02:41.0714 A

################################################################################################################################################
Starting Execution:	[81 out of 146] test cases in the current suite
Test Method:		[testPackage01.Test_NewValidationHelper.f13]
################################################################################################################################################
[ReportManager] Loaded Shared OpenCV @26-12-2021 02:02:41.0806 AM
[ReportManager] Assertion [ValidateElementExists] FAILED. Expected [Element Should not Exist, locator 'By.tagName: div'] and Actual [Element Exists but is not unique]. Comparison Type [EQUALS]. Validation Type [NEGATIVE]. @26-12-2021 02:02:41.0907 AM
[ReportManager] Successfully created attachment [Screenshot - 1640484161806_f13_ValidateElementExists_failed] @26-12-2021 02:02:41.0909 A
[ReportManager] Successfully Closed All Drivers. @26-12-2021 02:02:42.0173 A
[ReportManager] File Action [GetAbsolutePath] successfully performed. With the following test data [Relative Folder Path: "target/downloadedFiles/"]. @26-12-2021 02:02:42.0175 AM
[ReportManager] Attempting to run locally on: [Mac-64], [Safari], Headless Execution. @26-12-2021 02:02:42.0175 AM
[ReportManager] Successfully Opened Safari. @26-12-2021 02:02:43.0058 AM
[ReportManager] Initial window size: (800, 600) @26-12-2021 02:02:43.0092 AM
[ReportManager] Window size after SWD Maximize: (1176, 803) @26-12-2021 02:02:43.0124 AM
[ReportManager] Browser Action [MaximizeWindow] successfully performed. With the following test data [New screen size is now: (1176, 803)]. @26-12-2021 02:02:43.0125 AM
[ReportManager] Target URL: [https://the-internet.herokuapp.com/] @26-12-2021 02:02:43.0125 AM
[ReportManager] Initial URL: [] @26-12-2021 02:02:43.0181 AM
[ReportManager] Browser Action [NavigateToURL] successfully performed. With the following test data [https://the-internet.herokuapp.com/]. @26-12-2021 02:02:43.0700 A

################################################################################################################################################
Starting Execution:	[82 out of 146] test cases in the current suite
Test Method:		[testPackage01.Test_NewValidationHelper.f14]
################################################################################################################################################
[ReportManager] Element Action [GetText] successfully performed. With the following test data [Welcome to the-internet]. @26-12-2021 02:02:43.0744 AM
[ReportManager] Loaded Shared OpenCV @26-12-2021 02:02:43.0805 AM
[ReportManager] Assertion Passed: Asserting that the header text is correct @26-12-2021 02:02:43.0903 AM
[ReportManager] Successfully created attachment [Screenshot - 1640484163804_f14_ValidateElementAttribute_passed] @26-12-2021 02:02:43.0905 AM
[ReportManager] Assertion [ValidateElementAttribute] PASSED. Expected [Value Should be 'Welcome to the-internet' for the 'text' attribute, element locator 'By.tagName: h1'] and Actual [Welcome to the-internet]. Comparison Type [EQUALS]. Validation Type [POSITIVE]. @26-12-2021 02:02:43.0905 A
[ReportManager] Successfully Closed All Drivers. @26-12-2021 02:02:44.0154 A
[ReportManager] File Action [GetAbsolutePath] successfully performed. With the following test data [Relative Folder Path: "target/downloadedFiles/"]. @26-12-2021 02:02:44.0156 AM
[ReportManager] Attempting to run locally on: [Mac-64], [Safari], Headless Execution. @26-12-2021 02:02:44.0156 AM
[ReportManager] An Exception Occured with this Message: Could not start a new session. Possible causes are invalid address of the remote server or browser start-up failure.. @26-12-2021 02:02:44.0249 AM
[ReportManager] Successfully created attachment [Exception Stack Trace - org.openqa.selenium.SessionNotCreatedException] @26-12-2021 02:02:44.0249 AM
[ReportManager] Driver Factory Action [createNewLocalDriverInstanceForSafari] failed. With the following test data [Failed to create a session on DESKTOP_SAFARI]. @26-12-2021 02:02:44.0249 A

################################################################################################################################################
Starting Execution:	[83 out of 146] test cases in the current suite
Test Method:		[testPackage01.Test_NewValidationHelper.f15]
###############################################################################################################################################



################################################################################################################################################
Starting Execution:	[84 out of 146] test cases in the current suite
Test Method:		[testPackage01.Test_NewValidationHelper.f16]
###############################################################################################################################################



################################################################################################################################################
Starting Execution:	[85 out of 146] test cases in the current suite
Test Method:		[testPackage01.Test_NewValidationHelper.f17]
###############################################################################################################################################



################################################################################################################################################
Starting Execution:	[86 out of 146] test cases in the current suite
Test Method:		[testPackage01.Test_NewValidationHelper.f18]
###############################################################################################################################################


################################################################################################################################################
Starting Execution:	[87 out of 146] test cases in the current suite
Test Method:		[testPackage01.Test_NewValidationHelper.f2]
###############################################################################################################################################


################################################################################################################################################
Starting Execution:	[88 out of 146] test cases in the current suite
Test Method:		[testPackage01.Test_NewValidationHelper.f20]
###############################################################################################################################################



################################################################################################################################################
Starting Execution:	[89 out of 146] test cases in the current suite
Test Method:		[testPackage01.Test_NewValidationHelper.f21]
###############################################################################################################################################



################################################################################################################################################
Starting Execution:	[90 out of 146] test cases in the current suite
Test Method:		[testPackage01.Test_NewValidationHelper.f22]
###############################################################################################################################################


################################################################################################################################################
Starting Execution:	[91 out of 146] test cases in the current suite
Test Method:		[testPackage01.Test_NewValidationHelper.f23]
###############################################################################################################################################

################################################################################################################################################
Starting Execution:	[92 out of 146] test cases in the current suite
Test Method:		[testPackage01.Test_NewValidationHelper.f24]
###############################################################################################################################################

################################################################################################################################################
Starting Execution:	[93 out of 146] test cases in the current suite
Test Method:		[testPackage01.Test_NewValidationHelper.f25]
###############################################################################################################################################

################################################################################################################################################
Starting Execution:	[94 out of 146] test cases in the current suite
Test Method:		[testPackage01.Test_NewValidationHelper.f26]
###############################################################################################################################################

################################################################################################################################################
Starting Execution:	[95 out of 146] test cases in the current suite
Test Method:		[testPackage01.Test_NewValidationHelper.f27]
###############################################################################################################################################

################################################################################################################################################
Starting Execution:	[96 out of 146] test cases in the current suite
Test Method:		[testPackage01.Test_NewValidationHelper.f28]
###############################################################################################################################################

################################################################################################################################################
Starting Execution:	[97 out of 146] test cases in the current suite
Test Method:		[testPackage01.Test_NewValidationHelper.f29]
###############################################################################################################################################

################################################################################################################################################
Starting Execution:	[98 out of 146] test cases in the current suite
Test Method:		[testPackage01.Test_NewValidationHelper.f3]
###############################################################################################################################################

################################################################################################################################################
Starting Execution:	[99 out of 146] test cases in the current suite
Test Method:		[testPackage01.Test_NewValidationHelper.f30]
###############################################################################################################################################

################################################################################################################################################
Starting Execution:	[100 out of 146] test cases in the current suite
Test Method:		[testPackage01.Test_NewValidationHelper.f31]
###############################################################################################################################################

################################################################################################################################################
Starting Execution:	[101 out of 146] test cases in the current suite
Test Method:		[testPackage01.Test_NewValidationHelper.f32]
###############################################################################################################################################

################################################################################################################################################
Starting Execution:	[102 out of 146] test cases in the current suite
Test Method:		[testPackage01.Test_NewValidationHelper.f33]
###############################################################################################################################################

################################################################################################################################################
Starting Execution:	[103 out of 146] test cases in the current suite
Test Method:		[testPackage01.Test_NewValidationHelper.f34]
###############################################################################################################################################

################################################################################################################################################
Starting Execution:	[104 out of 146] test cases in the current suite
Test Method:		[testPackage01.Test_NewValidationHelper.f35]
###############################################################################################################################################

################################################################################################################################################
Starting Execution:	[105 out of 146] test cases in the current suite
Test Method:		[testPackage01.Test_NewValidationHelper.f36]
###############################################################################################################################################

################################################################################################################################################
Starting Execution:	[106 out of 146] test cases in the current suite
Test Method:		[testPackage01.Test_NewValidationHelper.f37]
###############################################################################################################################################

################################################################################################################################################
Starting Execution:	[107 out of 146] test cases in the current suite
Test Method:		[testPackage01.Test_NewValidationHelper.f3_1]
###############################################################################################################################################

################################################################################################################################################
Starting Execution:	[108 out of 146] test cases in the current suite
Test Method:		[testPackage01.Test_NewValidationHelper.f4]
###############################################################################################################################################

################################################################################################################################################
Starting Execution:	[109 out of 146] test cases in the current suite
Test Method:		[testPackage01.Test_NewValidationHelper.f5]
###############################################################################################################################################

################################################################################################################################################
Starting Execution:	[110 out of 146] test cases in the current suite
Test Method:		[testPackage01.Test_NewValidationHelper.f6]
###############################################################################################################################################

################################################################################################################################################
Starting Execution:	[111 out of 146] test cases in the current suite
Test Method:		[testPackage01.Test_NewValidationHelper.f6_1]
###############################################################################################################################################

################################################################################################################################################
Starting Execution:	[112 out of 146] test cases in the current suite
Test Method:		[testPackage01.Test_NewValidationHelper.f6_2]
###############################################################################################################################################

################################################################################################################################################
Starting Execution:	[113 out of 146] test cases in the current suite
Test Method:		[testPackage01.Test_NewValidationHelper.f7]
###############################################################################################################################################


################################################################################################################################################
Starting Execution:	[114 out of 146] test cases in the current suite
Test Method:		[testPackage01.Test_NewValidationHelper.f8]
###############################################################################################################################################



################################################################################################################################################
Starting Execution:	[115 out of 146] test cases in the current suite
Test Method:		[testPackage01.Test_NewValidationHelper.f9]
###############################################################################################################################################


################################################################################################################################################
Starting Execution:	[116 out of 146] test cases in the current suite
Test Method:		[testPackage01.Test_NewValidationHelper.forceFail]
###############################################################################################################################################

################################################################################################################################################
Starting Execution:	[117 out of 146] test cases in the current suite
Test Method:		[testPackage01.Test_NewValidationHelper.forceFail2]
###############################################################################################################################################

################################################################################################################################################
Starting Execution:	[118 out of 146] test cases in the current suite
Test Method:		[testPackage01.Test_JsonActions.f]
###############################################################################################################################################

################################################################################################################################################
Starting Execution:	[119 out of 146] test cases in the current suite
Test Method:		[testPackage01.Test_JsonActions.f2]
###############################################################################################################################################

################################################################################################################################################
Starting Execution:	[120 out of 146] test cases in the current suite
Test Method:		[testPackage01.Test_sendGraphqlRequest.sendGraphqlRequestUsingMutationAndVariables]
################################################################################################################################################
[ReportManager] GraphQl Request is being Performed with the Following Parameters [Service URL: https://api.spacex.land/graphql | Request Body: {"variables":"{\"name\": \"sherlock holmes\",\"rocket\": \"221B Baker Street\"}","query":"mutation ($name: String, $rocket: String) {\n  insert_users(objects: {name: $name, rocket: $rocket}) {\n    returning {\n      name\n      rocket\n    }\n  }\n}"}] @26-12-2021 02:02:44.0677 AM
[ReportManager] Response status code: [200], status line: [HTTP/1.1 200 OK] @26-12-2021 02:02:49.0132 AM
[ReportManager] Assertion Passed: Evaluating the actual response status code against the expected one... @26-12-2021 02:02:49.0132 AM
[ReportManager] Assertion [ValidateComparativeRelation] PASSED. Expected [200] and Actual [200]. Comparison Type [EQUALS]. Validation Type [POSITIVE]. @26-12-2021 02:02:49.0133 AM
[ReportManager] API Action [PerformRequest] successfully performed. With the following test data [Request Type: "POST" | Target Status Code: "200" | Service URL: "https://api.spacex.land/graphql" | Content Type: "application/json" | Response Time: "4333ms"]. @26-12-2021 02:02:49.0165 AM
[ReportManager] Successfully created attachment [API Request - Specifications] @26-12-2021 02:02:49.0165 AM
[ReportManager] Successfully created attachment [API Request - JSON Body] @26-12-2021 02:02:49.0166 AM
[ReportManager] Successfully created attachment [API Response - JSON Body] @26-12-2021 02:02:49.0166 AM
[ReportManager] API Action [GetResponseJSONValue] successfully performed. With the following test data [data.insert_users.returning[0].name]. @26-12-2021 02:02:49.0209 AM
[ReportManager] Assertion [ValidateEquals] PASSED. Expected [sherlock holmes] and Actual [sherlock holmes]. Comparison Type [EQUALS]. Validation Type [POSITIVE]. @26-12-2021 02:02:49.0209 A

################################################################################################################################################
Starting Execution:	[121 out of 146] test cases in the current suite
Test Method:		[testPackage01.Test_sendGraphqlRequest.sendGraphqlRequestUsingQuery]
################################################################################################################################################
[ReportManager] GraphQl Request is being Performed with the Following Parameters [Service URL: https://api.spacex.land/graphql | Request Body: {"query":"{company {ceo}}"}] @26-12-2021 02:02:49.0212 AM
[ReportManager] Response status code: [200], status line: [HTTP/1.1 200 OK] @26-12-2021 02:02:49.0279 AM
[ReportManager] Assertion Passed: Evaluating the actual response status code against the expected one... @26-12-2021 02:02:49.0280 AM
[ReportManager] Assertion [ValidateComparativeRelation] PASSED. Expected [200] and Actual [200]. Comparison Type [EQUALS]. Validation Type [POSITIVE]. @26-12-2021 02:02:49.0280 AM
[ReportManager] API Action [PerformRequest] successfully performed. With the following test data [Request Type: "POST" | Target Status Code: "200" | Service URL: "https://api.spacex.land/graphql" | Content Type: "application/json" | Response Time: "63ms"]. @26-12-2021 02:02:49.0291 AM
[ReportManager] Successfully created attachment [API Request - Specifications] @26-12-2021 02:02:49.0291 AM
[ReportManager] Successfully created attachment [API Request - JSON Body] @26-12-2021 02:02:49.0292 AM
[ReportManager] Successfully created attachment [API Response - JSON Body] @26-12-2021 02:02:49.0292 AM
[ReportManager] API Action [GetResponseJSONValue] successfully performed. With the following test data [data.company.ceo]. @26-12-2021 02:02:49.0303 AM
[ReportManager] Assertion [ValidateEquals] PASSED. Expected [Elon Musk] and Actual [Elon Musk]. Comparison Type [EQUALS]. Validation Type [POSITIVE]. @26-12-2021 02:02:49.0304 A

################################################################################################################################################
Starting Execution:	[122 out of 146] test cases in the current suite
Test Method:		[testPackage01.Test_MatchJsonSchema.checkAPI_ResponseSchema]
################################################################################################################################################
[ReportManager] Response status code: [200], status line: [HTTP/1.1 200 OK] @26-12-2021 02:02:49.0378 AM
[ReportManager] Assertion Passed: Evaluating the actual response status code against the expected one... @26-12-2021 02:02:49.0379 AM
[ReportManager] Assertion [ValidateComparativeRelation] PASSED. Expected [200] and Actual [200]. Comparison Type [EQUALS]. Validation Type [POSITIVE]. @26-12-2021 02:02:49.0379 AM
[ReportManager] API Action [PerformRequest] successfully performed. With the following test data [Request Type: "GET" | Target Status Code: "200" | Service URL: "http://api.zippopotam.us/us/90210" | Content Type: "*/*" | Response Time: "67ms"]. @26-12-2021 02:02:49.0389 AM
[ReportManager] Successfully created attachment [API Request - Specifications] @26-12-2021 02:02:49.0390 AM
[ReportManager] Successfully created attachment [API Response - JSON Body] @26-12-2021 02:02:49.0390 AM
[ReportManager] File Action [GetAbsolutePath] successfully performed. With the following test data [Relative Folder Path: "src/test/resources/testDataFiles/schema.json"]. @26-12-2021 02:02:49.0391 AM
[ReportManager] File Action [GetAbsolutePath] successfully performed. With the following test data [Relative Folder Path: "/Users/runner/work/SHAFT_ENGINE/SHAFT_ENGINE/src/test/resources/testDataFiles/schema.json"]. @26-12-2021 02:02:50.0070 AM
[ReportManager] File Action [ReadFromFile] successfully performed. With the following test data [File Path: "/Users/runner/work/SHAFT_ENGINE/SHAFT_ENGINE/src/test/resources/testDataFiles/schema.json"]. @26-12-2021 02:02:50.0070 AM
[ReportManager] Assertion Passed: Then I Assert that the API response schema matches that in this file [src/test/resources/testDataFiles/schema.json]. @26-12-2021 02:02:50.0072 AM
[ReportManager] Successfully created attachment [Validation Test Data - Expected JSON Value] @26-12-2021 02:02:50.0072 AM
[ReportManager] Successfully created attachment [Validation Test Data - Actual JSON Value] @26-12-2021 02:02:50.0073 AM
[ReportManager] Assertion [ValidateResponseFileSchema] PASSED. Expected [Response data should match the JSON File in this path '/Users/runner/work/SHAFT_ENGINE/SHAFT_ENGINE/src/test/resources/testDataFiles/schema.json'] and Actual [TRUE]. Comparison Type [EQUALS]. Validation Type [POSITIVE]. @26-12-2021 02:02:50.0073 A
[ReportManager] File Action [GetAbsolutePath] successfully performed. With the following test data [Relative Folder Path: "target/downloadedFiles/"]. @26-12-2021 02:02:50.0076 AM
[ReportManager] Attempting to run locally on: [Mac-64], [Safari], Headless Execution. @26-12-2021 02:02:50.0076 AM
[ReportManager] An Exception Occured with this Message: Could not start a new session. Possible causes are invalid address of the remote server or browser start-up failure.. @26-12-2021 02:02:50.0209 AM
[ReportManager] Successfully created attachment [Exception Stack Trace - org.openqa.selenium.SessionNotCreatedException] @26-12-2021 02:02:50.0209 AM
[ReportManager] Driver Factory Action [createNewLocalDriverInstanceForSafari] failed. With the following test data [Failed to create a session on DESKTOP_SAFARI]. @26-12-2021 02:02:50.0209 A

################################################################################################################################################
Starting Execution:	[123 out of 146] test cases in the current suite
Test Method:		[testPackage01.Test_dragAndDrop.dragAndDropJquery]
###############################################################################################################################################



################################################################################################################################################
Starting Execution:	[124 out of 146] test cases in the current suite
Test Method:		[testPackage01.Test_dragAndDrop.dragAndDrop]
Test Description:	[TC001 - Test Drag and Drop function.]
###############################################################################################################################################



################################################################################################################################################
Starting Execution:	[125 out of 146] test cases in the current suite
Test Method:		[testPackage01.Test_dragAndDrop.dragAndDropByOffset]
Test Description:	[TC002 - Test Drag and Drop by offset function.]
###############################################################################################################################################

[ReportManager] Successfully loaded the following test data file [src/test/resources/testDataFiles/testSuite01/TestData.xlsx]. @26-12-2021 02:02:50.0262 AM
[ReportManager] Successfully created attachment [Test Data - Excel] @26-12-2021 02:02:50.0262 AM
[ReportManager] File Action [GetAbsolutePath] successfully performed. With the following test data [Relative Folder Path: "target/downloadedFiles/"]. @26-12-2021 02:02:50.0262 AM
[ReportManager] Attempting to run locally on: [Mac-64], [Safari], Headless Execution. @26-12-2021 02:02:50.0263 AM
[ReportManager] Successfully Opened Safari. @26-12-2021 02:02:51.0112 AM
[ReportManager] Initial window size: (800, 600) @26-12-2021 02:02:51.0145 AM
[ReportManager] Window size after SWD Maximize: (1176, 803) @26-12-2021 02:02:51.0161 AM
[ReportManager] Browser Action [MaximizeWindow] successfully performed. With the following test data [New screen size is now: (1176, 803)]. @26-12-2021 02:02:51.0161 A

################################################################################################################################################
Starting Execution:	[126 out of 146] test cases in the current suite
Test Method:		[testPackage01.Test_google.navigateToURLandVerifyGoogleLogoIsDisplayed]
Test Description:	[TC001 - Navigate to URL and Verify Google Logo is Displayed]
################################################################################################################################################
[ReportManager] Target URL: [https://www.google.com/ncr], and after redirection: [https://www.google.com] @26-12-2021 02:02:51.0180 AM
[ReportManager] Initial URL: [] @26-12-2021 02:02:51.0268 AM
[ReportManager] Browser Action [NavigateToURL] successfully performed. With the following test data [https://www.google.com/ncr]. @26-12-2021 02:02:52.0565 AM
[ReportManager] Loaded Shared OpenCV @26-12-2021 02:02:52.0665 AM
[ReportManager] Assertion Passed: Then I Assert that the element found by [By.xpath: //*[@id='hplogo' or @alt='Google']] exists. @26-12-2021 02:02:52.0757 AM
[ReportManager] Successfully created attachment [Screenshot - 1640484172665_navigateToURLandVerifyGoogleLogoIsDisplayed_ValidateElementExists_passed] @26-12-2021 02:02:52.0758 AM
[ReportManager] Assertion [ValidateElementExists] PASSED. Expected [Element Should Exist, locator 'By.xpath: //*[@id='hplogo' or @alt='Google']'] and Actual [Element Exists]. Comparison Type [EQUALS]. Validation Type [POSITIVE]. @26-12-2021 02:02:52.0758 A

################################################################################################################################################
Starting Execution:	[127 out of 146] test cases in the current suite
Test Method:		[testPackage01.Test_google.searchForQueryandAssertResultsNumDisplayed]
Test Description:	[TC002 - Search for Query and Assert that the number of results is displayed]
################################################################################################################################################
[ReportManager] Element Action [Type] successfully performed. With the following test data [SHAFT_Engine]. @26-12-2021 02:02:53.0490 AM
[ReportManager] Element Action [KeyPress] successfully performed. With the following test data [Enter]. @26-12-2021 02:02:53.0551 AM
[ReportManager] Element Action [GetText] successfully performed. With the following test data [About 73,900,000 results (0.58 seconds)Â ]. @26-12-2021 02:02:54.0995 AM
[ReportManager] Loaded Shared OpenCV @26-12-2021 02:02:55.0221 AM
[ReportManager] Assertion Passed: Then I Assert that the element found by [By.id: appbar] text does not equal []. @26-12-2021 02:02:55.0321 AM
[ReportManager] Successfully created attachment [Screenshot - 1640484175221_searchForQueryandAssertResultsNumDisplayed_ValidateElementAttribute_passed] @26-12-2021 02:02:55.0323 AM
[ReportManager] Assertion [ValidateElementAttribute] PASSED. Expected [Value Should not be '' for the 'text' attribute, element locator 'By.id: appbar'] and Actual [About 73,900,000 results (0.58 seconds)Â ]. Comparison Type [EQUALS]. Validation Type [NEGATIVE]. @26-12-2021 02:02:55.0323 A

################################################################################################################################################
Starting Execution:	[128 out of 146] test cases in the current suite
Test Method:		[testPackage01.Test_google.clickNextThrice]
Test Description:	[TC003 - Clicks the next button to make sure that the framework can scroll element into view before clicking it]
################################################################################################################################################
[ReportManager] Element Action [Click] successfully performed. With the following test data [By.xpath: //span[text()='Next']]. @26-12-2021 02:02:55.0577 A
[ReportManager] Successfully Closed All Drivers. @26-12-2021 02:02:55.0704 A
[ReportManager] File Action [GetAbsolutePath] successfully performed. With the following test data [Relative Folder Path: "target/downloadedFiles/"]. @26-12-2021 02:02:55.0706 AM
[ReportManager] Attempting to run locally on: [Mac-64], [Safari], Headless Execution. @26-12-2021 02:02:55.0706 AM
[ReportManager] Successfully Opened Safari. @26-12-2021 02:02:56.0573 AM
[ReportManager] Initial window size: (800, 600) @26-12-2021 02:02:56.0609 AM
[ReportManager] Window size after SWD Maximize: (1176, 803) @26-12-2021 02:02:56.0624 AM
[ReportManager] Browser Action [MaximizeWindow] successfully performed. With the following test data [New screen size is now: (1176, 803)]. @26-12-2021 02:02:56.0624 A

################################################################################################################################################
Starting Execution:	[129 out of 146] test cases in the current suite
Test Method:		[testPackage01.Test_chainableElementActions.chainElementActions]
################################################################################################################################################
[ReportManager] Target URL: [https://www.google.com/ncr], and after redirection: [https://www.google.com] @26-12-2021 02:02:56.0627 AM
[ReportManager] Initial URL: [] @26-12-2021 02:02:56.0683 AM
[ReportManager] Browser Action [NavigateToURL] successfully performed. With the following test data [https://www.google.com/ncr]. @26-12-2021 02:02:58.0042 AM
[ReportManager] Element Action [Type] successfully performed. With the following test data [chained type 1]. @26-12-2021 02:02:58.0722 AM
[ReportManager] Element Action [Type] successfully performed. With the following test data [chained type 2]. @26-12-2021 02:02:59.0557 AM
[ReportManager] Element Action [TypeAppend] successfully performed. With the following test data [345]. @26-12-2021 02:02:59.0679 AM
[ReportManager] Element Action [GetText] successfully performed. With the following test data [chained type 2345]. @26-12-2021 02:02:59.0761 AM
[ReportManager] Loaded Shared OpenCV @26-12-2021 02:02:59.0811 AM
[ReportManager] Assertion Passed: Then I Assert that the element found by [By.name: q] text is equal to [chained type 2345]. @26-12-2021 02:02:59.0896 AM
[ReportManager] Successfully created attachment [Screenshot - 1640484179811_chainElementActions_ValidateElementAttribute_passed] @26-12-2021 02:02:59.0897 AM
[ReportManager] Assertion [ValidateElementAttribute] PASSED. Expected [Value Should be 'chained type 2345' for the 'text' attribute, element locator 'By.name: q'] and Actual [chained type 2345]. Comparison Type [EQUALS]. Validation Type [POSITIVE]. @26-12-2021 02:02:59.0897 A
[ReportManager] Successfully Closed All Drivers. @26-12-2021 02:03:00.0297 A
[ReportManager] File Action [GetAbsolutePath] successfully performed. With the following test data [Relative Folder Path: "target/downloadedFiles/"]. @26-12-2021 02:03:00.0299 AM
[ReportManager] Attempting to run locally on: [Mac-64], [Safari], Headless Execution. @26-12-2021 02:03:00.0299 AM
[ReportManager] Successfully Opened Safari. @26-12-2021 02:03:01.0107 AM
[ReportManager] Initial window size: (800, 600) @26-12-2021 02:03:01.0145 AM
[ReportManager] Window size after SWD Maximize: (1176, 803) @26-12-2021 02:03:01.0253 AM
[ReportManager] Browser Action [MaximizeWindow] successfully performed. With the following test data [New screen size is now: (1176, 803)]. @26-12-2021 02:03:01.0254 A

################################################################################################################################################
Starting Execution:	[130 out of 146] test cases in the current suite
Test Method:		[testPackage01.Test_RelativeLocators.relativeLocatorsTest1]
################################################################################################################################################
[ReportManager] Target URL: [https://duckduckgo.com/] @26-12-2021 02:03:01.0258 AM
[ReportManager] Initial URL: [] @26-12-2021 02:03:01.0287 AM
[ReportManager] Browser Action [NavigateToURL] successfully performed. With the following test data [https://duckduckgo.com/]. @26-12-2021 02:03:01.0917 AM
[ReportManager] Element Action [Type] successfully performed. With the following test data [SHAFT_Engine]. @26-12-2021 02:03:02.0193 AM
[ReportManager] Element Action [KeyPress] successfully performed. With the following test data [ENTER]. @26-12-2021 02:03:02.0268 AM
[ReportManager] Element Action [GetText] successfully performed. With the following test data [GitHub - MohabMohie/SHAFT_ENGINE: SHAFT_ENGINE is a Test ...]. @26-12-2021 02:03:03.0606 AM
[ReportManager] Loaded Shared OpenCV @26-12-2021 02:03:03.0736 AM
[ReportManager] Assertion Passed: Then I Assert that the element found by [Relative Locator: {root={xpath=//a[@class='result__a js-result-title-link']}, filters=[{kind=below, args=[{xpath=//input[@name='q']}]}]}] text does not equal []. @26-12-2021 02:03:03.0862 AM
[ReportManager] Successfully created attachment [Screenshot - 1640484183736_relativeLocatorsTest1_ValidateElementAttribute_passed] @26-12-2021 02:03:03.0865 AM
[ReportManager] Assertion [ValidateElementAttribute] PASSED. Expected [Value Should not be '' for the 'text' attribute, element locator '[unknown locator]'] and Actual [GitHub - MohabMohie/SHAFT_ENGINE: SHAFT_ENGINE is a Test ...]. Comparison Type [EQUALS]. Validation Type [NEGATIVE]. @26-12-2021 02:03:03.0865 A
[ReportManager] Browser Action [CloseCurrentWindow] successfully performed. @26-12-2021 02:03:04.0276 AM
[ReportManager] Successfully created attachment [Browser Action Test Data - CloseCurrentWindow - Actual Value] @26-12-2021 02:03:04.0277 A

################################################################################################################################################
Starting Execution:	[131 out of 146] test cases in the current suite
Test Method:		[testPackage01.Test_JsonCompareWithSpecialCharacters.specialCharacters]
################################################################################################################################################
[ReportManager] File Action [GetAbsolutePath] successfully performed. With the following test data [Relative Folder Path: "src/test/resources/testDataFiles/specialCharacters.json"]. @26-12-2021 02:03:04.0283 AM
[ReportManager] File Action [ReadFromFile] successfully performed. With the following test data [File Path: "/Users/runner/work/SHAFT_ENGINE/SHAFT_ENGINE/src/test/resources/testDataFiles/specialCharacters.json"]. @26-12-2021 02:03:04.0283 AM
[ReportManager] Successfully created attachment [File Action Actual Result - Command Log] @26-12-2021 02:03:04.0284 AM
[ReportManager] Comparing the provided API response with the file at this path "src/test/resources/testDataFiles/specialCharacters.json", comparison type "EQUALS" @26-12-2021 02:03:04.0286 AM
[ReportManager] API Action [CompareJSON] successfully performed. With the following test data [src/test/resources/testDataFiles/specialCharacters.json]. @26-12-2021 02:03:04.0294 AM
[ReportManager] File Action [GetAbsolutePath] successfully performed. With the following test data [Relative Folder Path: "src/test/resources/testDataFiles/specialCharacters.json"]. @26-12-2021 02:03:04.0294 AM
[ReportManager] File Action [ReadFromFile] successfully performed. With the following test data [File Path: "/Users/runner/work/SHAFT_ENGINE/SHAFT_ENGINE/src/test/resources/testDataFiles/specialCharacters.json"]. @26-12-2021 02:03:04.0294 AM
[ReportManager] Verification [ValidateJSONFileContent] PASSED. Expected [Response data should match the JSON File in this path 'src/test/resources/testDataFiles/specialCharacters.json'] and Actual [TRUE]. Comparison Type [EQUALS]. Validation Type [POSITIVE]. @26-12-2021 02:03:04.0299 AM
[ReportManager] Successfully created attachment [Validation Test Data - Expected JSON Value] @26-12-2021 02:03:04.0304 AM
[ReportManager] Successfully created attachment [Validation Test Data - Actual JSON Value] @26-12-2021 02:03:04.0305 A

################################################################################################################################################
Starting Execution:	[132 out of 146] test cases in the current suite
Test Method:		[testPackage01.Test_JsonCompareWithSpecialCharacters.specialCharacters_assertion]
################################################################################################################################################
[ReportManager] File Action [GetAbsolutePath] successfully performed. With the following test data [Relative Folder Path: "src/test/resources/testDataFiles/specialCharacters.json"]. @26-12-2021 02:03:04.0309 AM
[ReportManager] File Action [ReadFromFile] successfully performed. With the following test data [File Path: "/Users/runner/work/SHAFT_ENGINE/SHAFT_ENGINE/src/test/resources/testDataFiles/specialCharacters.json"]. @26-12-2021 02:03:04.0309 AM
[ReportManager] Successfully created attachment [File Action Actual Result - Command Log] @26-12-2021 02:03:04.0310 AM
[ReportManager] Comparing the provided API response with the file at this path "src/test/resources/testDataFiles/specialCharacters.json", comparison type "CONTAINS" @26-12-2021 02:03:04.0310 AM
[ReportManager] API Action [CompareJSON] successfully performed. With the following test data [src/test/resources/testDataFiles/specialCharacters.json]. @26-12-2021 02:03:04.0319 AM
[ReportManager] File Action [GetAbsolutePath] successfully performed. With the following test data [Relative Folder Path: "src/test/resources/testDataFiles/specialCharacters.json"]. @26-12-2021 02:03:04.0319 AM
[ReportManager] File Action [ReadFromFile] successfully performed. With the following test data [File Path: "/Users/runner/work/SHAFT_ENGINE/SHAFT_ENGINE/src/test/resources/testDataFiles/specialCharacters.json"]. @26-12-2021 02:03:04.0319 AM
[ReportManager] Assertion Passed: trying out the log message @26-12-2021 02:03:04.0323 AM
[ReportManager] Successfully created attachment [Validation Test Data - Expected JSON Value] @26-12-2021 02:03:04.0324 AM
[ReportManager] Successfully created attachment [Validation Test Data - Actual JSON Value] @26-12-2021 02:03:04.0324 AM
[ReportManager] Assertion [ValidateJSONFileContent] PASSED. Expected [Response data should match the JSON File in this path 'src/test/resources/testDataFiles/specialCharacters.json'] and Actual [TRUE]. Comparison Type [CONTAINS]. Validation Type [POSITIVE]. @26-12-2021 02:03:04.0324 A

################################################################################################################################################
Starting Execution:	[133 out of 146] test cases in the current suite
Test Method:		[testPackage01.Test_SkipDueToIssue.doNotSkip]
################################################################################################################################################
[ReportManager] This should not be skipped. @26-12-2021 02:03:04.0327 A

################################################################################################################################################
Starting Execution:	[134 out of 146] test cases in the current suite
Test Method:		[testPackage01.Test_SkipDueToIssue.skip]
################################################################################################################################################
[ReportManager] This should be skipped. @26-12-2021 02:03:04.0334 A

################################################################################################################################################
Starting Execution:	[135 out of 146] test cases in the current suite
Test Method:		[testPackage01.Test_SkipDueToIssue.skip2]
################################################################################################################################################
[ReportManager] This should be skipped. @26-12-2021 02:03:04.0341 A

################################################################################################################################################
Starting Execution:	[136 out of 146] test cases in the current suite
Test Method:		[testPackage01.Test_JSONFileManager.readStringFromJson]
################################################################################################################################################
[ReportManager] File Action [GetAbsolutePath] successfully performed. With the following test data [Relative Folder Path: "src/test/resources/testDataFiles/simpleJSON.json"]. @26-12-2021 02:03:04.0346 AM
[ReportManager] Successfully loaded the following test data file [src/test/resources/testDataFiles/simpleJSON.json]. @26-12-2021 02:03:04.0347 AM
[ReportManager] Successfully created attachment [Test Data - JSON] @26-12-2021 02:03:04.0348 AM
[ReportManager] File Action [GetAbsolutePath] successfully performed. With the following test data [Relative Folder Path: "src/test/resources/testDataFiles/simpleJSON.json"]. @26-12-2021 02:03:04.0349 AM
[ReportManager] Assertion [ValidateEquals] PASSED. Expected [Mohab Mohie] and Actual [Mohab Mohie]. Comparison Type [EQUALS]. Validation Type [POSITIVE]. @26-12-2021 02:03:04.0361 A
[ReportManager] File Action [GetAbsolutePath] successfully performed. With the following test data [Relative Folder Path: "target/downloadedFiles/"]. @26-12-2021 02:03:04.0363 AM
[ReportManager] Attempting to run locally on: [Mac-64], [Safari], Headless Execution. @26-12-2021 02:03:04.0364 AM
[ReportManager] An Exception Occured with this Message: Could not start a new session. Possible causes are invalid address of the remote server or browser start-up failure.. @26-12-2021 02:03:04.0515 AM
[ReportManager] Successfully created attachment [Exception Stack Trace - org.openqa.selenium.SessionNotCreatedException] @26-12-2021 02:03:04.0516 AM
[ReportManager] Driver Factory Action [createNewLocalDriverInstanceForSafari] failed. With the following test data [Failed to create a session on DESKTOP_SAFARI]. @26-12-2021 02:03:04.0516 A

################################################################################################################################################
Starting Execution:	[137 out of 146] test cases in the current suite
Test Method:		[testPackage01.Test_assertEquals.test_assertElementAttribute]
###############################################################################################################################################

[ReportManager] File Action [GetAbsolutePath] successfully performed. With the following test data [Relative Folder Path: "target/downloadedFiles/"]. @26-12-2021 02:03:04.0525 AM
[ReportManager] Attempting to run locally on: [Mac-64], [Safari], Headless Execution. @26-12-2021 02:03:04.0525 AM
[ReportManager] Successfully Opened Safari. @26-12-2021 02:03:05.0473 AM
[ReportManager] Initial window size: (800, 600) @26-12-2021 02:03:05.0509 AM
[ReportManager] Window size after SWD Maximize: (1176, 803) @26-12-2021 02:03:05.0525 AM
[ReportManager] Browser Action [MaximizeWindow] successfully performed. With the following test data [New screen size is now: (1176, 803)]. @26-12-2021 02:03:05.0526 A

################################################################################################################################################
Starting Execution:	[138 out of 146] test cases in the current suite
Test Method:		[testPackage01.Test_IsElementClickable.testIsElementClickable]
################################################################################################################################################
[ReportManager] Target URL: [https://the-internet.herokuapp.com/] @26-12-2021 02:03:05.0529 AM
[ReportManager] Initial URL: [] @26-12-2021 02:03:05.0649 AM
[ReportManager] Browser Action [NavigateToURL] successfully performed. With the following test data [https://the-internet.herokuapp.com/]. @26-12-2021 02:03:06.0122 AM
[ReportManager] Element Action [IsElementClickable] successfully performed. @26-12-2021 02:03:06.0186 AM
[ReportManager] Assertion [ValidateTrue] PASSED. Expected [TRUE] and Actual [TRUE]. Validation Type [POSITIVE]. @26-12-2021 02:03:06.0187 A
[ReportManager] Browser Action [CloseCurrentWindow] successfully performed. @26-12-2021 02:03:06.0422 AM
[ReportManager] Successfully created attachment [Browser Action Test Data - CloseCurrentWindow - Actual Value] @26-12-2021 02:03:06.0422 A
[ReportManager] Successfully loaded the following test data file [src/test/resources/testDataFiles/testSuite01/TestData.xlsx]. @26-12-2021 02:03:06.0453 AM
[ReportManager] Successfully created attachment [Test Data - Excel] @26-12-2021 02:03:06.0453 AM
[ReportManager] Attempting to run using Playwright locally on: [Mac-64], [Safari], Headless Execution. @26-12-2021 02:03:29.0970 AM
[ReportManager] File Action [GetAbsolutePath] successfully performed. With the following test data [Relative Folder Path: "target/downloadedFiles/"]. @26-12-2021 02:03:29.0971 AM
[ReportManager] Initial window size: (1280, 720) @26-12-2021 02:03:34.0748 AM
[ReportManager] Window size after Toolkit: com.microsoft.playwright.options.ViewportSize@1469a956 @26-12-2021 02:03:34.0757 AM
[ReportManager] Browser Action [MaximizeWindow] successfully performed. With the following test data [New screen size is now: (1920, 1080)]. @26-12-2021 02:03:34.0758 A

################################################################################################################################################
Starting Execution:	[139 out of 146] test cases in the current suite
Test Method:		[testPackage01.Test_google_playwright.navigateToURLandVerifyGoogleLogoIsDisplayed]
Test Description:	[TC001 - Navigate to URL and Verify Google Logo is Displayed]
################################################################################################################################################
[ReportManager] Target URL: [https://www.google.com/ncr], and after redirection: [https://www.google.com] @26-12-2021 02:03:34.0762 AM
[ReportManager] Initial URL: [about:blank] @26-12-2021 02:03:35.0328 AM
[ReportManager] Browser Action [NavigateToURL] successfully performed. With the following test data [https://www.google.com/ncr]. @26-12-2021 02:03:36.0922 AM
[ReportManager] Loaded Shared OpenCV @26-12-2021 02:03:37.0005 AM
[ReportManager] Assertion [ValidateElementExists] PASSED. Expected [Element Should Exist, locator 'xpath=//*[@id='hplogo' or @alt='Google']'] and Actual [Element Exists]. Comparison Type [EQUALS]. Validation Type [POSITIVE]. @26-12-2021 02:03:37.0175 AM
[ReportManager] Successfully created attachment [Screenshot - 1640484217002_navigateToURLandVerifyGoogleLogoIsDisplayed_ValidateElementExists_passed] @26-12-2021 02:03:37.0176 A

################################################################################################################################################
Starting Execution:	[140 out of 146] test cases in the current suite
Test Method:		[testPackage01.Test_google_playwright.searchForQueryandAssertResultsNumDisplayed]
Test Description:	[TC002 - Search for Query and Assert that the number of results is displayed]
################################################################################################################################################
[ReportManager] Element Action [Type] successfully performed. With the following test data [SHAFT_Engine]. @26-12-2021 02:03:37.0676 AM
[ReportManager] Element Action [KeyPress] successfully performed. With the following test data [Enter]. @26-12-2021 02:03:37.0707 AM
[ReportManager] Element Action [GetText] successfully performed. With the following test data [About 73,900,000 results (0.54 seconds)Â 
]. @26-12-2021 02:03:39.0477 AM
[ReportManager] Loaded Shared OpenCV @26-12-2021 02:03:40.0186 AM
[ReportManager] Assertion [ValidateElementAttribute] PASSED. Expected [Value Should not be '' for the 'text' attribute, element locator 'xpath=//div[@id='appbar']'] and Actual [About 73,900,000 results (0.54 seconds)Â 
]. Comparison Type [EQUALS]. Validation Type [NEGATIVE]. @26-12-2021 02:03:40.0392 AM
[ReportManager] Successfully created attachment [Screenshot - 1640484220184_searchForQueryandAssertResultsNumDisplayed_ValidateElementAttribute_passed] @26-12-2021 02:03:40.0395 A

################################################################################################################################################
Starting Execution:	[141 out of 146] test cases in the current suite
Test Method:		[testPackage01.Test_google_playwright.clickNextThrice]
Test Description:	[TC003 - Clicks the next button to make sure that the framework can scroll element into view before clicking it]
################################################################################################################################################
[ReportManager] Element Action [Click] successfully performed. With the following test data [Next]. @26-12-2021 02:03:40.0652 A
[ReportManager] Failed to find video recording. @26-12-2021 02:03:40.0654 AM
[ReportManager] Successfully Closed PlayWright Driver. @26-12-2021 02:03:40.0722 A
[ReportManager] File Action [GetAbsolutePath] successfully performed. With the following test data [Relative Folder Path: "target/downloadedFiles/"]. @26-12-2021 02:03:40.0723 AM
[ReportManager] Attempting to run locally on: [Mac-64], [Safari], Headless Execution. @26-12-2021 02:03:40.0723 AM
[ReportManager] Successfully Opened Safari. @26-12-2021 02:03:41.0610 AM
[ReportManager] Initial window size: (800, 600) @26-12-2021 02:03:41.0734 AM
[ReportManager] Window size after SWD Maximize: (1176, 803) @26-12-2021 02:03:41.0761 AM
[ReportManager] Browser Action [MaximizeWindow] successfully performed. With the following test data [New screen size is now: (1176, 803)]. @26-12-2021 02:03:41.0762 A

################################################################################################################################################
Starting Execution:	[142 out of 146] test cases in the current suite
Test Method:		[testPackage01.Test_verifyEquals.test_assertElementAttribute]
################################################################################################################################################
[ReportManager] Target URL: [https://www.google.com/ncr], and after redirection: [https://www.google.com] @26-12-2021 02:03:41.0764 AM
[ReportManager] Initial URL: [] @26-12-2021 02:03:41.0833 AM
[ReportManager] Browser Action [NavigateToURL] successfully performed. With the following test data [https://www.google.com/ncr]. @26-12-2021 02:03:43.0185 AM
[ReportManager] Element Action [Type] successfully performed. With the following test data [INC_004010050:Another SCHEDULER with the same name [Duplicate Job Name] already exists.]. @26-12-2021 02:03:55.0269 AM
[ReportManager] Element Action [GetText] successfully performed. With the following test data [INC_004010050:Another SCHEDULER with the same name [Duplicate Job Name] already exists.]. @26-12-2021 02:03:55.0349 AM
[ReportManager] Loaded Shared OpenCV @26-12-2021 02:03:55.0424 AM
[ReportManager] Verification [ValidateElementAttribute] PASSED. Expected [Value Should be 'INC_004010050:Another SCHEDULER with the same name \[Duplicate Job Name\] already exists.' for the 'text' attribute, element locator 'By.name: q'] and Actual [INC_004010050:Another SCHEDULER with the same name [Duplicate Job Name] already exists.]. Comparison Type [MATCHES]. Validation Type [POSITIVE]. @26-12-2021 02:03:55.0533 AM
[ReportManager] Successfully created attachment [Screenshot - 1640484235423_test_assertElementAttribute_ValidateElementAttribute_passed] @26-12-2021 02:03:55.0535 A
[ReportManager] Browser Action [CloseCurrentWindow] successfully performed. @26-12-2021 02:03:55.0978 AM
[ReportManager] Successfully created attachment [Browser Action Test Data - CloseCurrentWindow - Actual Value] @26-12-2021 02:03:55.0979 A

################################################################################################################################################
Starting Execution:	[143 out of 146] test cases in the current suite
Test Method:		[testPackage01.Test_SelectedValue.multipleSelect]
################################################################################################################################################
[ReportManager] File Action [GetAbsolutePath] successfully performed. With the following test data [Relative Folder Path: "target/downloadedFiles/"]. @26-12-2021 02:03:55.0983 AM
[ReportManager] Attempting to run locally on: [Mac-64], [GoogleChrome], Headless Execution. @26-12-2021 02:03:55.0984 AM
[ReportManager] Identifying OS/Driver combination and selecting the correct driver version automatically. Please note that if a new driver executable will be downloaded it may take some time... @26-12-2021 02:03:55.0984 AM
[ReportManager] Successfully Opened Google Chrome. @26-12-2021 02:03:59.0440 AM
[ReportManager] Initial window size: (1920, 1080) @26-12-2021 02:03:59.0446 AM
[ReportManager] Window size after SWD Maximize: (1920, 1080) @26-12-2021 02:03:59.0673 AM
[ReportManager] Window size after Toolkit: (1920, 1080) @26-12-2021 02:04:00.0299 AM
[ReportManager] Browser Action [MaximizeWindow] successfully performed. With the following test data [New screen size is now: (1920, 1080)]. @26-12-2021 02:04:00.0302 AM
[ReportManager] Target URL: [https://yari-demos.prod.mdn.mozit.cloud/en-US/docs/Web/HTML/Element/select/_sample_.Advanced_select_with_multiple_features.html] @26-12-2021 02:04:00.0303 AM
[ReportManager] Initial URL: [data:,] @26-12-2021 02:04:00.0335 AM
[ReportManager] Browser Action [NavigateToURL] successfully performed. With the following test data [https://yari-demos.prod.mdn.mozit.cloud/en-US/docs/Web/HTML/Element/select/_sample_.Advanced_select_with_multiple_features.html]. @26-12-2021 02:04:00.0615 AM
[ReportManager] Element Action [Select] successfully performed. With the following test data [Dog]. @26-12-2021 02:04:00.0826 AM
[ReportManager] Element Action [Select] successfully performed. With the following test data [Cat]. @26-12-2021 02:04:01.0004 AM
[ReportManager] Element Action [GetSelectedText] successfully performed. With the following test data [DogCat]. @26-12-2021 02:04:01.0105 AM
[ReportManager] DogCat @26-12-2021 02:04:01.0105 AM
[ReportManager] Element Action [GetSelectedText] successfully performed. With the following test data [DogCat]. @26-12-2021 02:04:01.0198 AM
[ReportManager] Loaded Shared OpenCV @26-12-2021 02:04:01.0527 AM
[ReportManager] Assertion [ValidateElementAttribute] PASSED. Expected [Value Should be 'DogCat' for the 'selectedText' attribute, element locator 'By.tagName: select'] and Actual [DogCat]. Comparison Type [EQUALS]. Validation Type [POSITIVE]. @26-12-2021 02:04:01.0694 AM
[ReportManager] Successfully created attachment [Screenshot - 1640484241527_multipleSelect_ValidateElementAttribute_passed] @26-12-2021 02:04:01.0695 AM
[ReportManager] Browser Action [CloseCurrentWindow] successfully performed. @26-12-2021 02:04:01.0999 AM
[ReportManager] Successfully created attachment [Browser Action Test Data - CloseCurrentWindow - Actual Value] @26-12-2021 02:04:02.0000 A

################################################################################################################################################
Starting Execution:	[144 out of 146] test cases in the current suite
Test Method:		[testPackage01.Test_SelectedValue.simpleSelect]
################################################################################################################################################
[ReportManager] File Action [GetAbsolutePath] successfully performed. With the following test data [Relative Folder Path: "target/downloadedFiles/"]. @26-12-2021 02:04:02.0007 AM
[ReportManager] Attempting to run locally on: [Mac-64], [GoogleChrome], Headless Execution. @26-12-2021 02:04:02.0007 AM
[ReportManager] Identifying OS/Driver combination and selecting the correct driver version automatically. Please note that if a new driver executable will be downloaded it may take some time... @26-12-2021 02:04:02.0008 AM
[ReportManager] Successfully Opened Google Chrome. @26-12-2021 02:04:02.0625 AM
[ReportManager] Initial window size: (1920, 1080) @26-12-2021 02:04:02.0628 AM
[ReportManager] Window size after SWD Maximize: (1920, 1080) @26-12-2021 02:04:02.0765 AM
[ReportManager] Window size after Toolkit: (1920, 1080) @26-12-2021 02:04:03.0237 AM
[ReportManager] Browser Action [MaximizeWindow] successfully performed. With the following test data [New screen size is now: (1920, 1080)]. @26-12-2021 02:04:03.0240 AM
[ReportManager] Target URL: [https://yari-demos.prod.mdn.mozit.cloud/en-US/docs/Web/HTML/Element/select/_sample_.Basic_select.html] @26-12-2021 02:04:03.0241 AM
[ReportManager] Initial URL: [data:,] @26-12-2021 02:04:03.0272 AM
[ReportManager] Browser Action [NavigateToURL] successfully performed. With the following test data [https://yari-demos.prod.mdn.mozit.cloud/en-US/docs/Web/HTML/Element/select/_sample_.Basic_select.html]. @26-12-2021 02:04:03.0479 AM
[ReportManager] Element Action [Select] successfully performed. With the following test data [Third Value]. @26-12-2021 02:04:03.0756 AM
[ReportManager] Element Action [GetSelectedText] successfully performed. With the following test data [Third Value]. @26-12-2021 02:04:03.0844 AM
[ReportManager] Third Value @26-12-2021 02:04:03.0845 AM
[ReportManager] Element Action [GetSelectedText] successfully performed. With the following test data [Third Value]. @26-12-2021 02:04:03.0919 AM
[ReportManager] Loaded Shared OpenCV @26-12-2021 02:04:04.0385 AM
[ReportManager] Assertion [ValidateElementAttribute] PASSED. Expected [Value Should be 'Third Value' for the 'selectedText' attribute, element locator 'By.tagName: select'] and Actual [Third Value]. Comparison Type [EQUALS]. Validation Type [POSITIVE]. @26-12-2021 02:04:04.0553 AM
[ReportManager] Successfully created attachment [Screenshot - 1640484244385_simpleSelect_ValidateElementAttribute_passed] @26-12-2021 02:04:04.0554 AM
[ReportManager] Browser Action [CloseCurrentWindow] successfully performed. @26-12-2021 02:04:04.0793 AM
[ReportManager] Successfully created attachment [Browser Action Test Data - CloseCurrentWindow - Actual Value] @26-12-2021 02:04:04.0794 A
[ReportManager] File Action [GetAbsolutePath] successfully performed. With the following test data [Relative Folder Path: "target/downloadedFiles/"]. @26-12-2021 02:04:04.0796 AM
[ReportManager] Attempting to run locally on: [Mac-64], [Safari], Headless Execution. @26-12-2021 02:04:04.0797 AM
[ReportManager] An Exception Occured with this Message: Could not start a new session. Possible causes are invalid address of the remote server or browser start-up failure.. @26-12-2021 02:04:04.0941 AM
[ReportManager] Successfully created attachment [Exception Stack Trace - org.openqa.selenium.SessionNotCreatedException] @26-12-2021 02:04:05.0021 AM
[ReportManager] Driver Factory Action [createNewLocalDriverInstanceForSafari] failed. With the following test data [Failed to create a session on DESKTOP_SAFARI]. @26-12-2021 02:04:05.0021 A

################################################################################################################################################
Starting Execution:	[145 out of 146] test cases in the current suite
Test Method:		[testPackage01.Test_dynamicLoading.dynamicLoading_elementIsHidden]
###############################################################################################################################################



################################################################################################################################################
Starting Execution:	[146 out of 146] test cases in the current suite
Test Method:		[testPackage01.Test_dynamicLoading.dynamicLoading_elementIsRendered]
###############################################################################################################################################

[ReportManager] Successfully created attachment [SHAFT Engine Logs - Execution log] @26-12-2021 02:04:05.0201 AM

################################################################################################################################################
This test run was powered by SHAFT Engine Version: [SHAFT Engine v5.4.20211202-BETA]
SHAFT Engine is licensed under the MIT License: [https://github.com/MohabMohie/SHAFT_ENGINE/blob/master/LICENSE].
################################################################################################################################################