################################################################################################################################################
Detected SHAFT Engine Version: [SHAFT Engine v5.4.20211030-BETA]
################################################################################################################################################
[ReportManager] File Action [GetAbsolutePath] successfully performed. With the following test data [Relative Folder Path: "target/downloadedFiles/"]. @07-11-2021 01:53:15.0824 AM
[ReportManager] Attempting to run locally on: [Mac-64], [Safari], Headless Execution. @07-11-2021 01:53:15.0839 AM
[ReportManager] Successfully Opened Safari. @07-11-2021 01:53:19.0528 AM
[ReportManager] Initial window size: (800, 600) @07-11-2021 01:53:19.0548 AM
[ReportManager] Window size after SWD Maximize: (1176, 810) @07-11-2021 01:53:19.0592 AM
[ReportManager] Browser Action [MaximizeWindow] successfully performed. With the following test data [New screen size is now: (1176, 810)]. @07-11-2021 01:53:19.0602 A

################################################################################################################################################
Starting Execution:	[1 out of 146] test cases in the current suite
Test Method:		[unitTests.tests_element_elementActions.waitForElementToBePresent_false_expectedToFail]
################################################################################################################################################
[ReportManager] Target URL: [https://www.google.com/ncr], and after redirection: [www.google.com] @07-11-2021 01:53:19.0771 AM
[ReportManager] Initial URL: [] @07-11-2021 01:53:19.0827 AM
[ReportManager] Browser Action [NavigateToURL] successfully performed. With the following test data [https://www.google.com/ncr]. @07-11-2021 01:53:20.0941 AM
[ReportManager] Waiting for element to be present; elementLocator [By.xpath: //*[@id='hplogo' or @alt='Google']], numberOfTries[1], stateOfPresence[false]... @07-11-2021 01:53:20.0950 AM
[ReportManager] Element Action [WaitForElementToBePresent] failed. With the following test data [waited for the element's state of presence to be (false). Element locator (By.xpath: //*[@id='hplogo' or @alt='Google'])]. @07-11-2021 01:53:23.0294 AM
[ReportManager] Successfully created attachment [Screenshot - 1636250001009_waitForElementToBePresent_false_expectedToFail_WaitForElementToBePresent_failed] @07-11-2021 01:53:23.0304 A
[ReportManager] Browser Action [CloseCurrentWindow] successfully performed. @07-11-2021 01:53:23.0411 AM
[ReportManager] Successfully created attachment [Browser Action Test Data - CloseCurrentWindow - Actual Value] @07-11-2021 01:53:23.0412 A
[ReportManager] File Action [GetAbsolutePath] successfully performed. With the following test data [Relative Folder Path: "target/downloadedFiles/"]. @07-11-2021 01:53:23.0424 AM
[ReportManager] Attempting to run locally on: [Mac-64], [Safari], Headless Execution. @07-11-2021 01:53:23.0425 AM
[ReportManager] Successfully Opened Safari. @07-11-2021 01:53:24.0300 AM
[ReportManager] Initial window size: (800, 600) @07-11-2021 01:53:24.0334 AM
[ReportManager] Window size after SWD Maximize: (1176, 811) @07-11-2021 01:53:24.0381 AM
[ReportManager] Browser Action [MaximizeWindow] successfully performed. With the following test data [New screen size is now: (1176, 811)]. @07-11-2021 01:53:24.0381 A

################################################################################################################################################
Starting Execution:	[2 out of 146] test cases in the current suite
Test Method:		[unitTests.tests_element_elementActions.waitForElementToBePresent_false_expectedToPass]
################################################################################################################################################
[ReportManager] Target URL: [https://www.google.com/ncr], and after redirection: [www.google.com] @07-11-2021 01:53:24.0388 AM
[ReportManager] Initial URL: [] @07-11-2021 01:53:24.0434 AM
[ReportManager] Browser Action [NavigateToURL] successfully performed. With the following test data [https://www.google.com/ncr]. @07-11-2021 01:53:25.0239 AM
[ReportManager] Waiting for element to be present; elementLocator [By.id: bla], numberOfTries[1], stateOfPresence[false]... @07-11-2021 01:53:25.0240 A
[ReportManager] Browser Action [CloseCurrentWindow] successfully performed. @07-11-2021 01:53:25.0370 AM
[ReportManager] Successfully created attachment [Browser Action Test Data - CloseCurrentWindow - Actual Value] @07-11-2021 01:53:25.0371 A
[ReportManager] File Action [GetAbsolutePath] successfully performed. With the following test data [Relative Folder Path: "target/downloadedFiles/"]. @07-11-2021 01:53:25.0381 AM
[ReportManager] Attempting to run locally on: [Mac-64], [Safari], Headless Execution. @07-11-2021 01:53:25.0381 AM
[ReportManager] Successfully Opened Safari. @07-11-2021 01:53:26.0243 AM
[ReportManager] Initial window size: (800, 600) @07-11-2021 01:53:26.0252 AM
[ReportManager] Window size after SWD Maximize: (1176, 811) @07-11-2021 01:53:26.0286 AM
[ReportManager] Browser Action [MaximizeWindow] successfully performed. With the following test data [New screen size is now: (1176, 811)]. @07-11-2021 01:53:26.0287 A

################################################################################################################################################
Starting Execution:	[3 out of 146] test cases in the current suite
Test Method:		[unitTests.tests_element_elementActions.waitForElementToBePresent_moreThanOneElement_expectedToFail]
################################################################################################################################################
[ReportManager] Target URL: [https://www.google.com/ncr], and after redirection: [www.google.com] @07-11-2021 01:53:26.0307 AM
[ReportManager] Initial URL: [] @07-11-2021 01:53:26.0379 AM
[ReportManager] Browser Action [NavigateToURL] successfully performed. With the following test data [https://www.google.com/ncr]. @07-11-2021 01:53:27.0296 AM
[ReportManager] Waiting for element to be present; elementLocator [By.xpath: //*], numberOfTries[1], stateOfPresence[false]... @07-11-2021 01:53:27.0297 AM
[ReportManager] Element Action [WaitForElementToBePresent] failed. With the following test data [waited for the element's state of presence to be (false). Element locator (By.xpath: //*)]. @07-11-2021 01:53:27.0549 AM
[ReportManager] Successfully created attachment [Screenshot - 1636250007406_waitForElementToBePresent_moreThanOneElement_expectedToFail_WaitForElementToBePresent_failed] @07-11-2021 01:53:27.0552 A
[ReportManager] Browser Action [CloseCurrentWindow] successfully performed. @07-11-2021 01:53:27.0920 AM
[ReportManager] Successfully created attachment [Browser Action Test Data - CloseCurrentWindow - Actual Value] @07-11-2021 01:53:27.0921 A
[ReportManager] File Action [GetAbsolutePath] successfully performed. With the following test data [Relative Folder Path: "target/downloadedFiles/"]. @07-11-2021 01:53:27.0927 AM
[ReportManager] Attempting to run locally on: [Mac-64], [Safari], Headless Execution. @07-11-2021 01:53:27.0927 AM
[ReportManager] Successfully Opened Safari. @07-11-2021 01:53:28.0696 AM
[ReportManager] Initial window size: (800, 600) @07-11-2021 01:53:28.0705 AM
[ReportManager] Window size after SWD Maximize: (1176, 811) @07-11-2021 01:53:28.0738 AM
[ReportManager] Browser Action [MaximizeWindow] successfully performed. With the following test data [New screen size is now: (1176, 811)]. @07-11-2021 01:53:28.0738 A

################################################################################################################################################
Starting Execution:	[4 out of 146] test cases in the current suite
Test Method:		[unitTests.tests_element_elementActions.waitForElementToBePresent_true_expectedToFail]
################################################################################################################################################
[ReportManager] Target URL: [https://www.google.com/ncr], and after redirection: [www.google.com] @07-11-2021 01:53:28.0755 AM
[ReportManager] Initial URL: [] @07-11-2021 01:53:28.0821 AM
[ReportManager] Browser Action [NavigateToURL] successfully performed. With the following test data [https://www.google.com/ncr]. @07-11-2021 01:53:30.0129 AM
[ReportManager] Waiting for element to be present; elementLocator [By.id: bla], numberOfTries[1], stateOfPresence[true]... @07-11-2021 01:53:30.0130 A
[ReportManager] Browser Action [CloseCurrentWindow] successfully performed. @07-11-2021 01:53:30.0464 AM
[ReportManager] Successfully created attachment [Browser Action Test Data - CloseCurrentWindow - Actual Value] @07-11-2021 01:53:30.0465 A
[ReportManager] File Action [GetAbsolutePath] successfully performed. With the following test data [Relative Folder Path: "target/downloadedFiles/"]. @07-11-2021 01:53:30.0469 AM
[ReportManager] Attempting to run locally on: [Mac-64], [Safari], Headless Execution. @07-11-2021 01:53:30.0469 AM
[ReportManager] Successfully Opened Safari. @07-11-2021 01:53:31.0323 AM
[ReportManager] Initial window size: (800, 600) @07-11-2021 01:53:31.0339 AM
[ReportManager] Window size after SWD Maximize: (1176, 811) @07-11-2021 01:53:31.0371 AM
[ReportManager] Browser Action [MaximizeWindow] successfully performed. With the following test data [New screen size is now: (1176, 811)]. @07-11-2021 01:53:31.0372 A

################################################################################################################################################
Starting Execution:	[5 out of 146] test cases in the current suite
Test Method:		[unitTests.tests_element_elementActions.waitForElementToBePresent_true_expectedToPass]
################################################################################################################################################
[ReportManager] Target URL: [https://www.google.com/ncr], and after redirection: [www.google.com] @07-11-2021 01:53:31.0377 AM
[ReportManager] Initial URL: [] @07-11-2021 01:53:31.0431 AM
[ReportManager] Browser Action [NavigateToURL] successfully performed. With the following test data [https://www.google.com/ncr]. @07-11-2021 01:53:32.0290 AM
[ReportManager] Waiting for element to be present; elementLocator [By.xpath: //*[@id='hplogo' or @alt='Google']], numberOfTries[1], stateOfPresence[true]... @07-11-2021 01:53:32.0290 AM
[ReportManager] Element Action [WaitForElementToBePresent] successfully performed. With the following test data [waited for the element's state of presence to be (true). Element locator (By.xpath: //*[@id='hplogo' or @alt='Google'])]. @07-11-2021 01:53:32.0316 AM
[ReportManager] File Action [DoesFileExist] successfully performed. With the following test data [File Path: "src/main/resources/dynamicObjectRepository/unitTests_tests_element_elementActions_waitForElementToBePresent_true_expectedToPass_By_xpath_id_hplogo_or_alt_Google.png"]. @07-11-2021 01:53:32.0334 AM
[ReportManager] File Action [DoesFileExist] successfully performed. With the following test data [File Path: "src/main/resources/dynamicObjectRepository/unitTests_tests_element_elementActions_waitForElementToBePresent_true_expectedToPass_By_xpath_id_hplogo_or_alt_Google.png"]. @07-11-2021 01:53:32.0397 AM
[ReportManager] Passing the test and saving a reference image @07-11-2021 01:53:32.0397 AM
[ReportManager] File Action [GetAbsolutePath] successfully performed. With the following test data [Relative File Path: "src/main/resources/dynamicObjectRepository/unitTests_tests_element_elementActions_waitForElementToBePresent_true_expectedToPass_By_xpath_id_hplogo_or_alt_Google.png"]. @07-11-2021 01:53:32.0397 AM
[ReportManager] File Action [WriteToFile] successfully performed. With the following test data [Target File Path: "/Users/runner/work/SHAFT_ENGINE/SHAFT_ENGINE/src/main/resources/dynamicObjectRepository/unitTests_tests_element_elementActions_waitForElementToBePresent_true_expectedToPass_By_xpath_id_hplogo_or_alt_Google.png"]. @07-11-2021 01:53:32.0399 AM
[ReportManager] Assertion Passed: Using Visual AI; OpenCV @07-11-2021 01:53:32.0400 AM
[ReportManager] Successfully created attachment [Validation Test Data - Actual Screenshot] @07-11-2021 01:53:32.0402 AM
[ReportManager] Assertion [ValidateElementMatches] PASSED. Expected [Element should match the reference screenshot] and Actual [TRUE]. Comparison Type [EXACT_OPENCV]. Validation Type [POSITIVE]. @07-11-2021 01:53:32.0402 A
[ReportManager] Browser Action [CloseCurrentWindow] successfully performed. @07-11-2021 01:53:32.0713 AM
[ReportManager] Successfully created attachment [Browser Action Test Data - CloseCurrentWindow - Actual Value] @07-11-2021 01:53:32.0754 A
[ReportManager] File Action [GetAbsolutePath] successfully performed. With the following test data [Relative Folder Path: "target/downloadedFiles/"]. @07-11-2021 01:53:32.0758 AM
[ReportManager] Attempting to run locally on: [Mac-64], [Safari], Headless Execution. @07-11-2021 01:53:32.0759 AM
[ReportManager] Successfully Opened Safari. @07-11-2021 01:53:33.0605 AM
[ReportManager] Initial window size: (800, 600) @07-11-2021 01:53:33.0631 AM
[ReportManager] Window size after SWD Maximize: (1176, 811) @07-11-2021 01:53:33.0686 AM
[ReportManager] Browser Action [MaximizeWindow] successfully performed. With the following test data [New screen size is now: (1176, 811)]. @07-11-2021 01:53:33.0688 AM
[ReportManager] Target URL: [https://duckduckgo.com] @07-11-2021 01:53:33.0688 AM
[ReportManager] Initial URL: [] @07-11-2021 01:53:33.0749 AM
[ReportManager] Browser Action [NavigateToURL] successfully performed. With the following test data [https://duckduckgo.com]. @07-11-2021 01:53:34.0473 A

################################################################################################################################################
Starting Execution:	[6 out of 146] test cases in the current suite
Test Method:		[unitTests.tests_browserActions.fullScreenWindow]
################################################################################################################################################
[ReportManager] Initial Windows Size: 1176x811 @07-11-2021 01:53:34.0480 AM
[ReportManager] Current Windows Size after fullScreen: 1176x885 @07-11-2021 01:53:34.0694 AM
[ReportManager] Browser Action [FullScreenWindow] successfully performed. @07-11-2021 01:53:34.0704 AM
[ReportManager] Successfully created attachment [Browser Action Test Data - FullScreenWindow - Actual Value] @07-11-2021 01:53:34.0706 A
[ReportManager] Target URL: [https://duckduckgo.com] @07-11-2021 01:53:34.0725 AM
[ReportManager] Initial URL: [https://duckduckgo.com] @07-11-2021 01:53:34.0793 AM
[ReportManager] Browser Action [NavigateToURL] successfully performed. With the following test data [https://duckduckgo.com]. @07-11-2021 01:53:35.0117 AM
[ReportManager] Browser Action [CloseCurrentWindow] successfully performed. @07-11-2021 01:53:35.0279 AM
[ReportManager] Successfully created attachment [Browser Action Test Data - CloseCurrentWindow - Actual Value] @07-11-2021 01:53:35.0281 A
[ReportManager] File Action [GetAbsolutePath] successfully performed. With the following test data [Relative Folder Path: "target/downloadedFiles/"]. @07-11-2021 01:53:35.0286 AM
[ReportManager] Attempting to run locally on: [Mac-64], [Safari], Headless Execution. @07-11-2021 01:53:35.0286 AM
[ReportManager] Successfully Opened Safari. @07-11-2021 01:53:36.0088 AM
[ReportManager] Initial window size: (800, 600) @07-11-2021 01:53:36.0109 AM
[ReportManager] Window size after SWD Maximize: (1176, 811) @07-11-2021 01:53:36.0135 AM
[ReportManager] Browser Action [MaximizeWindow] successfully performed. With the following test data [New screen size is now: (1176, 811)]. @07-11-2021 01:53:36.0135 AM
[ReportManager] Target URL: [https://duckduckgo.com] @07-11-2021 01:53:36.0135 AM
[ReportManager] Initial URL: [] @07-11-2021 01:53:36.0190 AM
[ReportManager] Browser Action [NavigateToURL] successfully performed. With the following test data [https://duckduckgo.com]. @07-11-2021 01:53:36.0811 A

################################################################################################################################################
Starting Execution:	[7 out of 146] test cases in the current suite
Test Method:		[unitTests.tests_browserActions.getCurrentURL]
################################################################################################################################################
[ReportManager] Browser Action [GetCurrentURL] successfully performed. With the following test data [https://duckduckgo.com/]. @07-11-2021 01:53:36.0847 A
[ReportManager] Target URL: [https://duckduckgo.com] @07-11-2021 01:53:36.0850 AM
[ReportManager] Initial URL: [https://duckduckgo.com] @07-11-2021 01:53:36.0913 AM
[ReportManager] Browser Action [NavigateToURL] successfully performed. With the following test data [https://duckduckgo.com]. @07-11-2021 01:53:37.0188 AM
[ReportManager] Browser Action [CloseCurrentWindow] successfully performed. @07-11-2021 01:53:37.0540 AM
[ReportManager] Successfully created attachment [Browser Action Test Data - CloseCurrentWindow - Actual Value] @07-11-2021 01:53:37.0541 A
[ReportManager] File Action [GetAbsolutePath] successfully performed. With the following test data [Relative Folder Path: "target/downloadedFiles/"]. @07-11-2021 01:53:37.0544 AM
[ReportManager] Attempting to run locally on: [Mac-64], [Safari], Headless Execution. @07-11-2021 01:53:37.0545 AM
[ReportManager] Successfully Opened Safari. @07-11-2021 01:53:38.0389 AM
[ReportManager] Initial window size: (800, 600) @07-11-2021 01:53:38.0403 AM
[ReportManager] Window size after SWD Maximize: (1176, 811) @07-11-2021 01:53:38.0437 AM
[ReportManager] Browser Action [MaximizeWindow] successfully performed. With the following test data [New screen size is now: (1176, 811)]. @07-11-2021 01:53:38.0437 AM
[ReportManager] Target URL: [https://duckduckgo.com] @07-11-2021 01:53:38.0437 AM
[ReportManager] Initial URL: [] @07-11-2021 01:53:38.0507 AM
[ReportManager] Browser Action [NavigateToURL] successfully performed. With the following test data [https://duckduckgo.com]. @07-11-2021 01:53:39.0121 A

################################################################################################################################################
Starting Execution:	[8 out of 146] test cases in the current suite
Test Method:		[unitTests.tests_browserActions.getCurrentWindowTitle]
################################################################################################################################################
[ReportManager] Browser Action [GetCurrentWindowTitle] successfully performed. With the following test data [DuckDuckGo â€” Privacy, simplified.]. @07-11-2021 01:53:39.0208 A
[ReportManager] Target URL: [https://duckduckgo.com] @07-11-2021 01:53:39.0214 AM
[ReportManager] Initial URL: [https://duckduckgo.com] @07-11-2021 01:53:39.0291 AM
[ReportManager] Browser Action [NavigateToURL] successfully performed. With the following test data [https://duckduckgo.com]. @07-11-2021 01:53:39.0560 AM
[ReportManager] Browser Action [CloseCurrentWindow] successfully performed. @07-11-2021 01:53:39.0845 AM
[ReportManager] Successfully created attachment [Browser Action Test Data - CloseCurrentWindow - Actual Value] @07-11-2021 01:53:39.0846 A
[ReportManager] File Action [GetAbsolutePath] successfully performed. With the following test data [Relative Folder Path: "target/downloadedFiles/"]. @07-11-2021 01:53:39.0854 AM
[ReportManager] Attempting to run locally on: [Mac-64], [Safari], Headless Execution. @07-11-2021 01:53:39.0854 AM
[ReportManager] Successfully Opened Safari. @07-11-2021 01:53:40.0656 AM
[ReportManager] Initial window size: (800, 600) @07-11-2021 01:53:40.0684 AM
[ReportManager] Window size after SWD Maximize: (1176, 811) @07-11-2021 01:53:40.0705 AM
[ReportManager] Browser Action [MaximizeWindow] successfully performed. With the following test data [New screen size is now: (1176, 811)]. @07-11-2021 01:53:40.0705 AM
[ReportManager] Target URL: [https://duckduckgo.com] @07-11-2021 01:53:40.0706 AM
[ReportManager] Initial URL: [] @07-11-2021 01:53:40.0778 AM
[ReportManager] Browser Action [NavigateToURL] successfully performed. With the following test data [https://duckduckgo.com]. @07-11-2021 01:53:41.0344 A

################################################################################################################################################
Starting Execution:	[9 out of 146] test cases in the current suite
Test Method:		[unitTests.tests_browserActions.getPageSource]
################################################################################################################################################
[ReportManager] Browser Action [GetPageSource] successfully performed. @07-11-2021 01:53:41.0381 AM
[ReportManager] Successfully created attachment [Browser Action Test Data - GetPageSource - Actual Value] @07-11-2021 01:53:41.0382 A
[ReportManager] Target URL: [https://duckduckgo.com] @07-11-2021 01:53:41.0384 AM
[ReportManager] Initial URL: [https://duckduckgo.com] @07-11-2021 01:53:41.0411 AM
[ReportManager] Browser Action [NavigateToURL] successfully performed. With the following test data [https://duckduckgo.com]. @07-11-2021 01:53:41.0673 AM
[ReportManager] Browser Action [CloseCurrentWindow] successfully performed. @07-11-2021 01:53:41.0999 AM
[ReportManager] Successfully created attachment [Browser Action Test Data - CloseCurrentWindow - Actual Value] @07-11-2021 01:53:42.0000 A
[ReportManager] File Action [GetAbsolutePath] successfully performed. With the following test data [Relative Folder Path: "target/downloadedFiles/"]. @07-11-2021 01:53:42.0003 AM
[ReportManager] Attempting to run locally on: [Mac-64], [Safari], Headless Execution. @07-11-2021 01:53:42.0003 AM
[ReportManager] Successfully Opened Safari. @07-11-2021 01:53:42.0856 AM
[ReportManager] Initial window size: (800, 600) @07-11-2021 01:53:42.0882 AM
[ReportManager] Window size after SWD Maximize: (1176, 811) @07-11-2021 01:53:42.0905 AM
[ReportManager] Browser Action [MaximizeWindow] successfully performed. With the following test data [New screen size is now: (1176, 811)]. @07-11-2021 01:53:42.0905 AM
[ReportManager] Target URL: [https://duckduckgo.com] @07-11-2021 01:53:42.0905 AM
[ReportManager] Initial URL: [] @07-11-2021 01:53:42.0975 AM
[ReportManager] Browser Action [NavigateToURL] successfully performed. With the following test data [https://duckduckgo.com]. @07-11-2021 01:53:43.0509 A

################################################################################################################################################
Starting Execution:	[10 out of 146] test cases in the current suite
Test Method:		[unitTests.tests_browserActions.getWindowHandle]
################################################################################################################################################
[ReportManager] Browser Action [GetWindowHandle] successfully performed. With the following test data [page-DA126252-19A9-496E-A5D4-47B5A7701B46]. @07-11-2021 01:53:43.0560 A
[ReportManager] Target URL: [https://duckduckgo.com] @07-11-2021 01:53:43.0563 AM
[ReportManager] Initial URL: [https://duckduckgo.com] @07-11-2021 01:53:43.0601 AM
[ReportManager] Browser Action [NavigateToURL] successfully performed. With the following test data [https://duckduckgo.com]. @07-11-2021 01:53:43.0886 AM
[ReportManager] Browser Action [CloseCurrentWindow] successfully performed. @07-11-2021 01:53:44.0185 AM
[ReportManager] Successfully created attachment [Browser Action Test Data - CloseCurrentWindow - Actual Value] @07-11-2021 01:53:44.0186 A
[ReportManager] File Action [GetAbsolutePath] successfully performed. With the following test data [Relative Folder Path: "target/downloadedFiles/"]. @07-11-2021 01:53:44.0189 AM
[ReportManager] Attempting to run locally on: [Mac-64], [Safari], Headless Execution. @07-11-2021 01:53:44.0190 AM
[ReportManager] Successfully Opened Safari. @07-11-2021 01:53:45.0030 AM
[ReportManager] Initial window size: (800, 600) @07-11-2021 01:53:45.0039 AM
[ReportManager] Window size after SWD Maximize: (1176, 811) @07-11-2021 01:53:45.0067 AM
[ReportManager] Browser Action [MaximizeWindow] successfully performed. With the following test data [New screen size is now: (1176, 811)]. @07-11-2021 01:53:45.0068 AM
[ReportManager] Target URL: [https://duckduckgo.com] @07-11-2021 01:53:45.0068 AM
[ReportManager] Initial URL: [] @07-11-2021 01:53:45.0142 AM
[ReportManager] Browser Action [NavigateToURL] successfully performed. With the following test data [https://duckduckgo.com]. @07-11-2021 01:53:45.0683 A

################################################################################################################################################
Starting Execution:	[11 out of 146] test cases in the current suite
Test Method:		[unitTests.tests_browserActions.getWindowPosition]
################################################################################################################################################
[ReportManager] Browser Action [GetWindowPosition] successfully performed. With the following test data [(0, 23)]. @07-11-2021 01:53:45.0723 A
[ReportManager] Target URL: [https://duckduckgo.com] @07-11-2021 01:53:45.0726 AM
[ReportManager] Initial URL: [https://duckduckgo.com] @07-11-2021 01:53:45.0757 AM
[ReportManager] Browser Action [NavigateToURL] successfully performed. With the following test data [https://duckduckgo.com]. @07-11-2021 01:53:46.0031 AM
[ReportManager] Browser Action [CloseCurrentWindow] successfully performed. @07-11-2021 01:53:46.0338 AM
[ReportManager] Successfully created attachment [Browser Action Test Data - CloseCurrentWindow - Actual Value] @07-11-2021 01:53:46.0339 A
[ReportManager] File Action [GetAbsolutePath] successfully performed. With the following test data [Relative Folder Path: "target/downloadedFiles/"]. @07-11-2021 01:53:46.0341 AM
[ReportManager] Attempting to run locally on: [Mac-64], [Safari], Headless Execution. @07-11-2021 01:53:46.0342 AM
[ReportManager] Successfully Opened Safari. @07-11-2021 01:53:47.0154 AM
[ReportManager] Initial window size: (800, 600) @07-11-2021 01:53:47.0161 AM
[ReportManager] Window size after SWD Maximize: (1176, 811) @07-11-2021 01:53:47.0190 AM
[ReportManager] Browser Action [MaximizeWindow] successfully performed. With the following test data [New screen size is now: (1176, 811)]. @07-11-2021 01:53:47.0190 AM
[ReportManager] Target URL: [https://duckduckgo.com] @07-11-2021 01:53:47.0190 AM
[ReportManager] Initial URL: [] @07-11-2021 01:53:47.0253 AM
[ReportManager] Browser Action [NavigateToURL] successfully performed. With the following test data [https://duckduckgo.com]. @07-11-2021 01:53:47.0803 A

################################################################################################################################################
Starting Execution:	[12 out of 146] test cases in the current suite
Test Method:		[unitTests.tests_browserActions.getWindowSize]
################################################################################################################################################
[ReportManager] Browser Action [GetWindowSize] successfully performed. With the following test data [(1176, 811)]. @07-11-2021 01:53:47.0834 A
[ReportManager] Target URL: [https://duckduckgo.com] @07-11-2021 01:53:47.0836 AM
[ReportManager] Initial URL: [https://duckduckgo.com] @07-11-2021 01:53:47.0868 AM
[ReportManager] Browser Action [NavigateToURL] successfully performed. With the following test data [https://duckduckgo.com]. @07-11-2021 01:53:48.0130 AM
[ReportManager] Browser Action [CloseCurrentWindow] successfully performed. @07-11-2021 01:53:48.0481 AM
[ReportManager] Successfully created attachment [Browser Action Test Data - CloseCurrentWindow - Actual Value] @07-11-2021 01:53:48.0482 A
[ReportManager] File Action [GetAbsolutePath] successfully performed. With the following test data [Relative Folder Path: "target/downloadedFiles/"]. @07-11-2021 01:53:48.0485 AM
[ReportManager] Attempting to run locally on: [Mac-64], [Safari], Headless Execution. @07-11-2021 01:53:48.0486 AM
[ReportManager] Successfully Opened Safari. @07-11-2021 01:53:49.0296 AM
[ReportManager] Initial window size: (800, 600) @07-11-2021 01:53:49.0311 AM
[ReportManager] Window size after SWD Maximize: (1176, 811) @07-11-2021 01:53:49.0334 AM
[ReportManager] Browser Action [MaximizeWindow] successfully performed. With the following test data [New screen size is now: (1176, 811)]. @07-11-2021 01:53:49.0335 AM
[ReportManager] Target URL: [https://duckduckgo.com] @07-11-2021 01:53:49.0335 AM
[ReportManager] Initial URL: [] @07-11-2021 01:53:49.0405 AM
[ReportManager] Browser Action [NavigateToURL] successfully performed. With the following test data [https://duckduckgo.com]. @07-11-2021 01:53:50.0002 A

################################################################################################################################################
Starting Execution:	[13 out of 146] test cases in the current suite
Test Method:		[unitTests.tests_browserActions.maximizeWindow]
################################################################################################################################################
[ReportManager] Initial window size: (1176, 811) @07-11-2021 01:53:50.0013 AM
[ReportManager] Window size after SWD Maximize: (1176, 811) @07-11-2021 01:53:50.0022 AM
[ReportManager] Window size after Toolkit: (1920, 1080) @07-11-2021 01:53:50.0056 AM
[ReportManager] Browser Action [MaximizeWindow] successfully performed. With the following test data [New screen size is now: (1920, 1080)]. @07-11-2021 01:53:50.0073 A
[ReportManager] Target URL: [https://duckduckgo.com] @07-11-2021 01:53:50.0075 AM
[ReportManager] Initial URL: [https://duckduckgo.com] @07-11-2021 01:53:50.0102 AM
[ReportManager] Browser Action [NavigateToURL] successfully performed. With the following test data [https://duckduckgo.com]. @07-11-2021 01:53:50.0386 AM
[ReportManager] Browser Action [CloseCurrentWindow] successfully performed. @07-11-2021 01:53:50.0678 AM
[ReportManager] Successfully created attachment [Browser Action Test Data - CloseCurrentWindow - Actual Value] @07-11-2021 01:53:50.0678 A
[ReportManager] File Action [GetAbsolutePath] successfully performed. With the following test data [Relative Folder Path: "target/downloadedFiles/"]. @07-11-2021 01:53:50.0681 AM
[ReportManager] Attempting to run locally on: [Mac-64], [Safari], Headless Execution. @07-11-2021 01:53:50.0681 AM
[ReportManager] Successfully Opened Safari. @07-11-2021 01:53:51.0467 AM
[ReportManager] Initial window size: (800, 600) @07-11-2021 01:53:51.0512 AM
[ReportManager] Window size after SWD Maximize: (1176, 811) @07-11-2021 01:53:51.0532 AM
[ReportManager] Browser Action [MaximizeWindow] successfully performed. With the following test data [New screen size is now: (1176, 811)]. @07-11-2021 01:53:51.0532 AM
[ReportManager] Target URL: [https://duckduckgo.com] @07-11-2021 01:53:51.0532 AM
[ReportManager] Initial URL: [] @07-11-2021 01:53:51.0577 AM
[ReportManager] Browser Action [NavigateToURL] successfully performed. With the following test data [https://duckduckgo.com]. @07-11-2021 01:53:52.0142 A

################################################################################################################################################
Starting Execution:	[14 out of 146] test cases in the current suite
Test Method:		[unitTests.tests_browserActions.navigateBack]
################################################################################################################################################
[ReportManager] Target URL: [https://www.google.com/ncr], and after redirection: [https://www.google.com] @07-11-2021 01:53:52.0146 AM
[ReportManager] Initial URL: [https://duckduckgo.com] @07-11-2021 01:53:52.0180 AM
[ReportManager] Browser Action [NavigateToURL] successfully performed. With the following test data [https://www.google.com/ncr]. @07-11-2021 01:53:53.0351 AM
[ReportManager] Browser Action [NavigateBack] successfully performed. With the following test data [https://duckduckgo.com/]. @07-11-2021 01:53:53.0495 AM
[ReportManager] Browser Action [GetCurrentURL] successfully performed. With the following test data [https://duckduckgo.com/]. @07-11-2021 01:53:53.0518 AM
[ReportManager] Assertion Passed: Confirming that navigating back was successful @07-11-2021 01:53:53.0645 AM
[ReportManager] Successfully created attachment [Screenshot - 1636250033550_navigateBack_ValidateBrowserAttribute_passed] @07-11-2021 01:53:53.0649 AM
[ReportManager] Assertion [ValidateBrowserAttribute] PASSED. Expected [Value Should be 'https://duckduckgo.com' for the 'CurrentUrl' attribute] and Actual [https://duckduckgo.com/]. Comparison Type [CONTAINS]. Validation Type [POSITIVE]. @07-11-2021 01:53:53.0649 A
[ReportManager] Target URL: [https://duckduckgo.com] @07-11-2021 01:53:53.0652 AM
[ReportManager] Initial URL: [https://duckduckgo.com] @07-11-2021 01:53:53.0700 AM
[ReportManager] Browser Action [NavigateToURL] successfully performed. With the following test data [https://duckduckgo.com]. @07-11-2021 01:53:53.0956 AM
[ReportManager] Browser Action [CloseCurrentWindow] successfully performed. @07-11-2021 01:53:54.0245 AM
[ReportManager] Successfully created attachment [Browser Action Test Data - CloseCurrentWindow - Actual Value] @07-11-2021 01:53:54.0246 A
[ReportManager] File Action [GetAbsolutePath] successfully performed. With the following test data [Relative Folder Path: "target/downloadedFiles/"]. @07-11-2021 01:53:54.0249 AM
[ReportManager] Attempting to run locally on: [Mac-64], [Safari], Headless Execution. @07-11-2021 01:53:54.0249 AM
[ReportManager] Successfully Opened Safari. @07-11-2021 01:53:55.0052 AM
[ReportManager] Initial window size: (800, 600) @07-11-2021 01:53:55.0082 AM
[ReportManager] Window size after SWD Maximize: (1176, 811) @07-11-2021 01:53:55.0103 AM
[ReportManager] Browser Action [MaximizeWindow] successfully performed. With the following test data [New screen size is now: (1176, 811)]. @07-11-2021 01:53:55.0104 AM
[ReportManager] Target URL: [https://duckduckgo.com] @07-11-2021 01:53:55.0104 AM
[ReportManager] Initial URL: [] @07-11-2021 01:53:55.0190 AM
[ReportManager] Browser Action [NavigateToURL] successfully performed. With the following test data [https://duckduckgo.com]. @07-11-2021 01:53:55.0717 A

################################################################################################################################################
Starting Execution:	[15 out of 146] test cases in the current suite
Test Method:		[unitTests.tests_browserActions.navigateForward]
################################################################################################################################################
[ReportManager] Target URL: [https://www.google.com/ncr], and after redirection: [https://www.google.com] @07-11-2021 01:53:55.0721 AM
[ReportManager] Initial URL: [https://duckduckgo.com] @07-11-2021 01:53:55.0767 AM
[ReportManager] Browser Action [NavigateToURL] successfully performed. With the following test data [https://www.google.com/ncr]. @07-11-2021 01:53:56.0944 AM
[ReportManager] Browser Action [NavigateBack] successfully performed. With the following test data [https://duckduckgo.com/]. @07-11-2021 01:53:57.0073 AM
[ReportManager] Browser Action [NavigateForward] successfully performed. With the following test data [https://www.google.com/]. @07-11-2021 01:53:57.0165 A
[ReportManager] Target URL: [https://duckduckgo.com] @07-11-2021 01:53:57.0167 AM
[ReportManager] Initial URL: [https://www.google.com] @07-11-2021 01:53:57.0201 AM
[ReportManager] Browser Action [NavigateToURL] successfully performed. With the following test data [https://duckduckgo.com]. @07-11-2021 01:53:57.0439 AM
[ReportManager] Browser Action [CloseCurrentWindow] successfully performed. @07-11-2021 01:53:57.0733 AM
[ReportManager] Successfully created attachment [Browser Action Test Data - CloseCurrentWindow - Actual Value] @07-11-2021 01:53:57.0734 A
[ReportManager] File Action [GetAbsolutePath] successfully performed. With the following test data [Relative Folder Path: "target/downloadedFiles/"]. @07-11-2021 01:53:57.0737 AM
[ReportManager] Attempting to run locally on: [Mac-64], [Safari], Headless Execution. @07-11-2021 01:53:57.0737 AM
[ReportManager] Successfully Opened Safari. @07-11-2021 01:53:58.0638 AM
[ReportManager] Initial window size: (800, 600) @07-11-2021 01:53:58.0643 AM
[ReportManager] Window size after SWD Maximize: (1176, 811) @07-11-2021 01:53:58.0656 AM
[ReportManager] Browser Action [MaximizeWindow] successfully performed. With the following test data [New screen size is now: (1176, 811)]. @07-11-2021 01:53:58.0658 AM
[ReportManager] Target URL: [https://duckduckgo.com] @07-11-2021 01:53:58.0658 AM
[ReportManager] Initial URL: [] @07-11-2021 01:53:58.0740 AM
[ReportManager] Browser Action [NavigateToURL] successfully performed. With the following test data [https://duckduckgo.com]. @07-11-2021 01:53:59.0287 A

################################################################################################################################################
Starting Execution:	[16 out of 146] test cases in the current suite
Test Method:		[unitTests.tests_browserActions.navigateToURL]
################################################################################################################################################
[ReportManager] Target URL: [https://duckduckgo.com] @07-11-2021 01:53:59.0291 AM
[ReportManager] Initial URL: [https://duckduckgo.com] @07-11-2021 01:53:59.0328 AM
[ReportManager] Browser Action [NavigateToURL] successfully performed. With the following test data [https://duckduckgo.com]. @07-11-2021 01:53:59.0582 A
[ReportManager] Target URL: [https://duckduckgo.com] @07-11-2021 01:53:59.0588 AM
[ReportManager] Initial URL: [https://duckduckgo.com] @07-11-2021 01:53:59.0616 AM
[ReportManager] Browser Action [NavigateToURL] successfully performed. With the following test data [https://duckduckgo.com]. @07-11-2021 01:53:59.0886 AM
[ReportManager] Browser Action [CloseCurrentWindow] successfully performed. @07-11-2021 01:54:00.0235 AM
[ReportManager] Successfully created attachment [Browser Action Test Data - CloseCurrentWindow - Actual Value] @07-11-2021 01:54:00.0236 A
[ReportManager] File Action [GetAbsolutePath] successfully performed. With the following test data [Relative Folder Path: "target/downloadedFiles/"]. @07-11-2021 01:54:00.0238 AM
[ReportManager] Attempting to run locally on: [Mac-64], [Safari], Headless Execution. @07-11-2021 01:54:00.0239 AM
[ReportManager] Successfully Opened Safari. @07-11-2021 01:54:01.0089 AM
[ReportManager] Initial window size: (800, 600) @07-11-2021 01:54:01.0095 AM
[ReportManager] Window size after SWD Maximize: (1176, 811) @07-11-2021 01:54:01.0110 AM
[ReportManager] Browser Action [MaximizeWindow] successfully performed. With the following test data [New screen size is now: (1176, 811)]. @07-11-2021 01:54:01.0115 AM
[ReportManager] Target URL: [https://duckduckgo.com] @07-11-2021 01:54:01.0115 AM
[ReportManager] Initial URL: [] @07-11-2021 01:54:01.0178 AM
[ReportManager] Browser Action [NavigateToURL] successfully performed. With the following test data [https://duckduckgo.com]. @07-11-2021 01:54:01.0758 A

################################################################################################################################################
Starting Execution:	[17 out of 146] test cases in the current suite
Test Method:		[unitTests.tests_browserActions.navigateToURLWithRedirection]
################################################################################################################################################
[ReportManager] Target URL: [https://www.google.com/ncr], and after redirection: [https://www.google.com] @07-11-2021 01:54:01.0803 AM
[ReportManager] Initial URL: [https://duckduckgo.com] @07-11-2021 01:54:01.0833 AM
[ReportManager] Browser Action [NavigateToURL] successfully performed. With the following test data [https://www.google.com/ncr]. @07-11-2021 01:54:02.0521 A
[ReportManager] Target URL: [https://duckduckgo.com] @07-11-2021 01:54:02.0523 AM
[ReportManager] Initial URL: [https://www.google.com] @07-11-2021 01:54:02.0554 AM
[ReportManager] Browser Action [NavigateToURL] successfully performed. With the following test data [https://duckduckgo.com]. @07-11-2021 01:54:02.0813 AM
[ReportManager] Browser Action [CloseCurrentWindow] successfully performed. @07-11-2021 01:54:03.0179 AM
[ReportManager] Successfully created attachment [Browser Action Test Data - CloseCurrentWindow - Actual Value] @07-11-2021 01:54:03.0180 A
[ReportManager] File Action [GetAbsolutePath] successfully performed. With the following test data [Relative Folder Path: "target/downloadedFiles/"]. @07-11-2021 01:54:03.0183 AM
[ReportManager] Attempting to run locally on: [Mac-64], [Safari], Headless Execution. @07-11-2021 01:54:03.0183 AM
[ReportManager] Successfully Opened Safari. @07-11-2021 01:54:04.0022 AM
[ReportManager] Initial window size: (800, 600) @07-11-2021 01:54:04.0036 AM
[ReportManager] Window size after SWD Maximize: (1176, 811) @07-11-2021 01:54:04.0080 AM
[ReportManager] Browser Action [MaximizeWindow] successfully performed. With the following test data [New screen size is now: (1176, 811)]. @07-11-2021 01:54:04.0081 AM
[ReportManager] Target URL: [https://duckduckgo.com] @07-11-2021 01:54:04.0081 AM
[ReportManager] Initial URL: [] @07-11-2021 01:54:04.0134 AM
[ReportManager] Browser Action [NavigateToURL] successfully performed. With the following test data [https://duckduckgo.com]. @07-11-2021 01:54:05.0061 A

################################################################################################################################################
Starting Execution:	[18 out of 146] test cases in the current suite
Test Method:		[unitTests.tests_browserActions.refreshCurrentPage]
################################################################################################################################################
[ReportManager] Browser Action [RefreshCurrentPage] successfully performed. @07-11-2021 01:54:05.0401 AM
[ReportManager] Successfully created attachment [Browser Action Test Data - RefreshCurrentPage - Actual Value] @07-11-2021 01:54:05.0442 A
[ReportManager] Target URL: [https://duckduckgo.com] @07-11-2021 01:54:05.0568 AM
[ReportManager] Initial URL: [https://duckduckgo.com] @07-11-2021 01:54:05.0602 AM
[ReportManager] Browser Action [NavigateToURL] successfully performed. With the following test data [https://duckduckgo.com]. @07-11-2021 01:54:05.0908 AM
[ReportManager] Browser Action [CloseCurrentWindow] successfully performed. @07-11-2021 01:54:06.0250 AM
[ReportManager] Successfully created attachment [Browser Action Test Data - CloseCurrentWindow - Actual Value] @07-11-2021 01:54:06.0251 A
[ReportManager] File Action [GetAbsolutePath] successfully performed. With the following test data [Relative Folder Path: "target/downloadedFiles/"]. @07-11-2021 01:54:06.0253 AM
[ReportManager] Attempting to run locally on: [Mac-64], [Safari], Headless Execution. @07-11-2021 01:54:06.0254 AM
[ReportManager] Successfully Opened Safari. @07-11-2021 01:54:07.0135 AM
[ReportManager] Initial window size: (800, 600) @07-11-2021 01:54:07.0157 AM
[ReportManager] Window size after SWD Maximize: (1176, 811) @07-11-2021 01:54:07.0198 AM
[ReportManager] Browser Action [MaximizeWindow] successfully performed. With the following test data [New screen size is now: (1176, 811)]. @07-11-2021 01:54:07.0198 AM
[ReportManager] Target URL: [https://duckduckgo.com] @07-11-2021 01:54:07.0198 AM
[ReportManager] Initial URL: [] @07-11-2021 01:54:07.0268 AM
[ReportManager] Browser Action [NavigateToURL] successfully performed. With the following test data [https://duckduckgo.com]. @07-11-2021 01:54:07.0855 A

################################################################################################################################################
Starting Execution:	[19 out of 146] test cases in the current suite
Test Method:		[unitTests.tests_browserActions.setWindowSize]
################################################################################################################################################
[ReportManager] Initial window size: (1176, 811) @07-11-2021 01:54:07.0945 AM
[ReportManager] Window size after SWD: (1280, 720) @07-11-2021 01:54:07.0985 AM
[ReportManager] Browser Action [SetWindowSize] successfully performed. With the following test data [New screen size is now: (1280, 720)]. @07-11-2021 01:54:07.0986 A
[ReportManager] Target URL: [https://duckduckgo.com] @07-11-2021 01:54:08.0111 AM
[ReportManager] Initial URL: [https://duckduckgo.com] @07-11-2021 01:54:08.0141 AM
[ReportManager] Browser Action [NavigateToURL] successfully performed. With the following test data [https://duckduckgo.com]. @07-11-2021 01:54:08.0424 AM
[ReportManager] Browser Action [CloseCurrentWindow] successfully performed. @07-11-2021 01:54:08.0720 AM
[ReportManager] Successfully created attachment [Browser Action Test Data - CloseCurrentWindow - Actual Value] @07-11-2021 01:54:08.0761 A
[ReportManager] Successfully loaded the following test data file [src/test/resources/TestDataFiles/testSuite01/TestData.xlsx]. @07-11-2021 01:54:10.0107 AM
[ReportManager] Successfully created attachment [Test Data - Excel] @07-11-2021 01:54:10.0151 A

################################################################################################################################################
Starting Execution:	[20 out of 146] test cases in the current suite
Test Method:		[unitTests.tests_io_excelFileManager.getCellData_rowName_expectedToPass]
################################################################################################################################################
[ReportManager] testRowData. @07-11-2021 01:54:10.0221 A

################################################################################################################################################
Starting Execution:	[21 out of 146] test cases in the current suite
Test Method:		[unitTests.tests_validations_assertions.assertComparativeRelation_greaterThanOrEquals_false_equals_expectedToFail]
################################################################################################################################################
[ReportManager] Assertion [ValidateComparativeRelation] FAILED. Expected [1] and Actual [1]. Comparison Type [GREATER_THAN_OR_EQUALS]. Validation Type [NEGATIVE]. @07-11-2021 01:54:10.0350 A

################################################################################################################################################
Starting Execution:	[22 out of 146] test cases in the current suite
Test Method:		[unitTests.tests_validations_assertions.assertComparativeRelation_greaterThanOrEquals_false_equals_expectedToPass]
################################################################################################################################################
[ReportManager] Assertion [ValidateComparativeRelation] PASSED. Expected [2] and Actual [1]. Comparison Type [GREATER_THAN_OR_EQUALS]. Validation Type [NEGATIVE]. @07-11-2021 01:54:10.0436 A

################################################################################################################################################
Starting Execution:	[23 out of 146] test cases in the current suite
Test Method:		[unitTests.tests_validations_assertions.assertComparativeRelation_greaterThanOrEquals_false_greaterThan_expectedToFail]
################################################################################################################################################
[ReportManager] Assertion [ValidateComparativeRelation] FAILED. Expected [1] and Actual [2]. Comparison Type [GREATER_THAN_OR_EQUALS]. Validation Type [NEGATIVE]. @07-11-2021 01:54:10.0443 A

################################################################################################################################################
Starting Execution:	[24 out of 146] test cases in the current suite
Test Method:		[unitTests.tests_validations_assertions.assertComparativeRelation_greaterThanOrEquals_false_greaterThan_expectedToPass]
################################################################################################################################################
[ReportManager] Assertion [ValidateComparativeRelation] PASSED. Expected [2] and Actual [1]. Comparison Type [GREATER_THAN_OR_EQUALS]. Validation Type [NEGATIVE]. @07-11-2021 01:54:10.0450 A

################################################################################################################################################
Starting Execution:	[25 out of 146] test cases in the current suite
Test Method:		[unitTests.tests_validations_assertions.assertComparativeRelation_greaterThanOrEquals_true_equals_expectedToFail]
################################################################################################################################################
[ReportManager] Assertion [ValidateComparativeRelation] FAILED. Expected [1] and Actual [0]. Comparison Type [GREATER_THAN_OR_EQUALS]. Validation Type [POSITIVE]. @07-11-2021 01:54:10.0459 A

################################################################################################################################################
Starting Execution:	[26 out of 146] test cases in the current suite
Test Method:		[unitTests.tests_validations_assertions.assertComparativeRelation_greaterThanOrEquals_true_equals_expectedToPass]
################################################################################################################################################
[ReportManager] Assertion [ValidateComparativeRelation] PASSED. Expected [1] and Actual [1]. Comparison Type [GREATER_THAN_OR_EQUALS]. Validation Type [POSITIVE]. @07-11-2021 01:54:10.0466 A

################################################################################################################################################
Starting Execution:	[27 out of 146] test cases in the current suite
Test Method:		[unitTests.tests_validations_assertions.assertComparativeRelation_greaterThanOrEquals_true_greaterThan_expectedToFail]
################################################################################################################################################
[ReportManager] Assertion [ValidateComparativeRelation] FAILED. Expected [2] and Actual [1]. Comparison Type [GREATER_THAN_OR_EQUALS]. Validation Type [POSITIVE]. @07-11-2021 01:54:10.0594 A

################################################################################################################################################
Starting Execution:	[28 out of 146] test cases in the current suite
Test Method:		[unitTests.tests_validations_assertions.assertComparativeRelation_greaterThanOrEquals_true_greaterThan_expectedToPass]
################################################################################################################################################
[ReportManager] Assertion [ValidateComparativeRelation] PASSED. Expected [1] and Actual [2]. Comparison Type [GREATER_THAN_OR_EQUALS]. Validation Type [POSITIVE]. @07-11-2021 01:54:10.0679 A
[ReportManager] File Action [GetAbsolutePath] successfully performed. With the following test data [Relative Folder Path: "target/downloadedFiles/"]. @07-11-2021 01:54:10.0685 AM
[ReportManager] Attempting to run locally on: [Mac-64], [Safari], Headless Execution. @07-11-2021 01:54:10.0685 AM
[ReportManager] Successfully Opened Safari. @07-11-2021 01:54:11.0518 AM
[ReportManager] Initial window size: (800, 600) @07-11-2021 01:54:11.0549 AM
[ReportManager] Window size after SWD Maximize: (1176, 811) @07-11-2021 01:54:11.0624 AM
[ReportManager] Browser Action [MaximizeWindow] successfully performed. With the following test data [New screen size is now: (1176, 811)]. @07-11-2021 01:54:11.0625 AM
[ReportManager] Target URL: [https://www.google.com/ncr], and after redirection: [www.google.com] @07-11-2021 01:54:11.0625 AM
[ReportManager] Initial URL: [] @07-11-2021 01:54:11.0659 AM
[ReportManager] Browser Action [NavigateToURL] successfully performed. With the following test data [https://www.google.com/ncr]. @07-11-2021 01:54:12.0919 A

################################################################################################################################################
Starting Execution:	[29 out of 146] test cases in the current suite
Test Method:		[unitTests.tests_validations_assertions.assertElementAttribute_false_caseInsensitiveComparison_expectedToFail]
################################################################################################################################################
[ReportManager] Element Action [Type] successfully performed. With the following test data [AUTOMATION]. @07-11-2021 01:54:13.0426 AM
[ReportManager] Element Action [GetText] successfully performed. With the following test data [AUTOMATION]. @07-11-2021 01:54:13.0484 AM
[ReportManager] Loaded Shared OpenCV @07-11-2021 01:54:17.0363 AM
[ReportManager] Assertion [ValidateElementAttribute] FAILED. Expected [Value Should not be 'AutomaTion' for the 'text' attribute, element locator 'By.name: q'] and Actual [AUTOMATION]. Comparison Type [CASE_INSENSITIVE]. Validation Type [NEGATIVE]. @07-11-2021 01:54:17.0869 AM
[ReportManager] Successfully created attachment [Screenshot - 1636250053549_assertElementAttribute_false_caseInsensitiveComparison_expectedToFail_ValidateElementAttribute_failed] @07-11-2021 01:54:17.0955 A
[ReportManager] Browser Action [CloseCurrentWindow] successfully performed. @07-11-2021 01:54:18.0331 AM
[ReportManager] Successfully created attachment [Browser Action Test Data - CloseCurrentWindow - Actual Value] @07-11-2021 01:54:18.0373 A
[ReportManager] File Action [GetAbsolutePath] successfully performed. With the following test data [Relative Folder Path: "target/downloadedFiles/"]. @07-11-2021 01:54:18.0459 AM
[ReportManager] Attempting to run locally on: [Mac-64], [Safari], Headless Execution. @07-11-2021 01:54:18.0460 AM
[ReportManager] Successfully Opened Safari. @07-11-2021 01:54:19.0298 AM
[ReportManager] Initial window size: (800, 600) @07-11-2021 01:54:19.0306 AM
[ReportManager] Window size after SWD Maximize: (1176, 811) @07-11-2021 01:54:19.0335 AM
[ReportManager] Browser Action [MaximizeWindow] successfully performed. With the following test data [New screen size is now: (1176, 811)]. @07-11-2021 01:54:19.0335 AM
[ReportManager] Target URL: [https://www.google.com/ncr], and after redirection: [www.google.com] @07-11-2021 01:54:19.0335 AM
[ReportManager] Initial URL: [] @07-11-2021 01:54:19.0400 AM
[ReportManager] Browser Action [NavigateToURL] successfully performed. With the following test data [https://www.google.com/ncr]. @07-11-2021 01:54:21.0215 A

################################################################################################################################################
Starting Execution:	[30 out of 146] test cases in the current suite
Test Method:		[unitTests.tests_validations_assertions.assertElementAttribute_false_caseInsensitiveComparison_expectedToPass]
################################################################################################################################################
[ReportManager] Element Action [Type] successfully performed. With the following test data [AUTOMATION]. @07-11-2021 01:54:21.0768 AM
[ReportManager] Element Action [GetText] successfully performed. With the following test data [AUTOMATION]. @07-11-2021 01:54:21.0832 AM
[ReportManager] Loaded Shared OpenCV @07-11-2021 01:54:21.0903 AM
[ReportManager] Assertion [ValidateElementAttribute] PASSED. Expected [Value Should not be 'AutomaTion123' for the 'text' attribute, element locator 'By.name: q'] and Actual [AUTOMATION]. Comparison Type [CASE_INSENSITIVE]. Validation Type [NEGATIVE]. @07-11-2021 01:54:22.0212 AM
[ReportManager] Successfully created attachment [Screenshot - 1636250061903_assertElementAttribute_false_caseInsensitiveComparison_expectedToPass_ValidateElementAttribute_passed] @07-11-2021 01:54:22.0259 A
[ReportManager] Browser Action [CloseCurrentWindow] successfully performed. @07-11-2021 01:54:22.0497 AM
[ReportManager] Successfully created attachment [Browser Action Test Data - CloseCurrentWindow - Actual Value] @07-11-2021 01:54:22.0539 A
[ReportManager] File Action [GetAbsolutePath] successfully performed. With the following test data [Relative Folder Path: "target/downloadedFiles/"]. @07-11-2021 01:54:22.0670 AM
[ReportManager] Attempting to run locally on: [Mac-64], [Safari], Headless Execution. @07-11-2021 01:54:22.0670 AM
[ReportManager] Successfully Opened Safari. @07-11-2021 01:54:23.0480 AM
[ReportManager] Initial window size: (800, 600) @07-11-2021 01:54:23.0487 AM
[ReportManager] Window size after SWD Maximize: (1176, 811) @07-11-2021 01:54:23.0511 AM
[ReportManager] Browser Action [MaximizeWindow] successfully performed. With the following test data [New screen size is now: (1176, 811)]. @07-11-2021 01:54:23.0513 AM
[ReportManager] Target URL: [https://www.google.com/ncr], and after redirection: [www.google.com] @07-11-2021 01:54:23.0513 AM
[ReportManager] Initial URL: [] @07-11-2021 01:54:23.0577 AM
[ReportManager] Browser Action [NavigateToURL] successfully performed. With the following test data [https://www.google.com/ncr]. @07-11-2021 01:54:24.0810 A

################################################################################################################################################
Starting Execution:	[31 out of 146] test cases in the current suite
Test Method:		[unitTests.tests_validations_assertions.assertElementAttribute_false_containsComparison_expectedToFail]
################################################################################################################################################
[ReportManager] Element Action [Type] successfully performed. With the following test data [Automation123]. @07-11-2021 01:54:25.0421 AM
[ReportManager] Element Action [GetText] successfully performed. With the following test data [Automation123]. @07-11-2021 01:54:25.0492 AM
[ReportManager] Loaded Shared OpenCV @07-11-2021 01:54:25.0545 AM
[ReportManager] Assertion [ValidateElementAttribute] FAILED. Expected [Value Should not be 'Automation' for the 'text' attribute, element locator 'By.name: q'] and Actual [Automation123]. Comparison Type [CONTAINS]. Validation Type [NEGATIVE]. @07-11-2021 01:54:25.0764 AM
[ReportManager] Successfully created attachment [Screenshot - 1636250065545_assertElementAttribute_false_containsComparison_expectedToFail_ValidateElementAttribute_failed] @07-11-2021 01:54:25.0766 A
[ReportManager] Browser Action [CloseCurrentWindow] successfully performed. @07-11-2021 01:54:26.0168 AM
[ReportManager] Successfully created attachment [Browser Action Test Data - CloseCurrentWindow - Actual Value] @07-11-2021 01:54:26.0170 A
[ReportManager] File Action [GetAbsolutePath] successfully performed. With the following test data [Relative Folder Path: "target/downloadedFiles/"]. @07-11-2021 01:54:26.0174 AM
[ReportManager] Attempting to run locally on: [Mac-64], [Safari], Headless Execution. @07-11-2021 01:54:26.0174 AM
[ReportManager] Successfully Opened Safari. @07-11-2021 01:54:26.0914 AM
[ReportManager] Initial window size: (800, 600) @07-11-2021 01:54:26.0944 AM
[ReportManager] Window size after SWD Maximize: (1176, 811) @07-11-2021 01:54:26.0976 AM
[ReportManager] Browser Action [MaximizeWindow] successfully performed. With the following test data [New screen size is now: (1176, 811)]. @07-11-2021 01:54:26.0976 AM
[ReportManager] Target URL: [https://www.google.com/ncr], and after redirection: [www.google.com] @07-11-2021 01:54:26.0976 AM
[ReportManager] Initial URL: [] @07-11-2021 01:54:27.0023 AM
[ReportManager] Browser Action [NavigateToURL] successfully performed. With the following test data [https://www.google.com/ncr]. @07-11-2021 01:54:29.0154 A

################################################################################################################################################
Starting Execution:	[32 out of 146] test cases in the current suite
Test Method:		[unitTests.tests_validations_assertions.assertElementAttribute_false_containsComparison_expectedToPass]
################################################################################################################################################
[ReportManager] Element Action [Type] successfully performed. With the following test data [Automation123]. @07-11-2021 01:54:29.0927 AM
[ReportManager] Element Action [GetText] successfully performed. With the following test data [Automation123]. @07-11-2021 01:54:29.0984 AM
[ReportManager] Loaded Shared OpenCV @07-11-2021 01:54:30.0037 AM
[ReportManager] Assertion [ValidateElementAttribute] PASSED. Expected [Value Should not be 'Automation1234' for the 'text' attribute, element locator 'By.name: q'] and Actual [Automation123]. Comparison Type [CONTAINS]. Validation Type [NEGATIVE]. @07-11-2021 01:54:30.0312 AM
[ReportManager] Successfully created attachment [Screenshot - 1636250070037_assertElementAttribute_false_containsComparison_expectedToPass_ValidateElementAttribute_passed] @07-11-2021 01:54:30.0353 A
[ReportManager] Browser Action [CloseCurrentWindow] successfully performed. @07-11-2021 01:54:30.0584 AM
[ReportManager] Successfully created attachment [Browser Action Test Data - CloseCurrentWindow - Actual Value] @07-11-2021 01:54:30.0625 A
[ReportManager] File Action [GetAbsolutePath] successfully performed. With the following test data [Relative Folder Path: "target/downloadedFiles/"]. @07-11-2021 01:54:30.0709 AM
[ReportManager] Attempting to run locally on: [Mac-64], [Safari], Headless Execution. @07-11-2021 01:54:30.0709 AM
[ReportManager] Successfully Opened Safari. @07-11-2021 01:54:31.0671 AM
[ReportManager] Initial window size: (800, 600) @07-11-2021 01:54:31.0681 AM
[ReportManager] Window size after SWD Maximize: (1176, 811) @07-11-2021 01:54:31.0702 AM
[ReportManager] Browser Action [MaximizeWindow] successfully performed. With the following test data [New screen size is now: (1176, 811)]. @07-11-2021 01:54:31.0702 AM
[ReportManager] Target URL: [https://www.google.com/ncr], and after redirection: [www.google.com] @07-11-2021 01:54:31.0702 AM
[ReportManager] Initial URL: [] @07-11-2021 01:54:31.0753 AM
[ReportManager] Browser Action [NavigateToURL] successfully performed. With the following test data [https://www.google.com/ncr]. @07-11-2021 01:54:37.0730 A

################################################################################################################################################
Starting Execution:	[33 out of 146] test cases in the current suite
Test Method:		[unitTests.tests_validations_assertions.assertElementAttribute_false_literalComparison_expectedToFail]
################################################################################################################################################
[ReportManager] Element Action [Type] successfully performed. With the following test data [Automation!@#$%^&*()_+{}[]\';/.,]. @07-11-2021 01:54:38.0795 AM
[ReportManager] Element Action [GetText] successfully performed. With the following test data [Automation!@#$%^&*()_+{}[]\';/.,]. @07-11-2021 01:54:38.0847 AM
[ReportManager] Loaded Shared OpenCV @07-11-2021 01:54:38.0894 AM
[ReportManager] Assertion [ValidateElementAttribute] PASSED. Expected [Value Should not be 'Automation!@#$%^&*()_+{}[]\\';/.,' for the 'text' attribute, element locator 'By.name: q'] and Actual [Automation!@#$%^&*()_+{}[]\';/.,]. Comparison Type [EQUALS]. Validation Type [NEGATIVE]. @07-11-2021 01:54:39.0164 AM
[ReportManager] Successfully created attachment [Screenshot - 1636250078894_assertElementAttribute_false_literalComparison_expectedToFail_ValidateElementAttribute_passed] @07-11-2021 01:54:39.0247 A
[ReportManager] Browser Action [CloseCurrentWindow] successfully performed. @07-11-2021 01:54:39.0662 AM
[ReportManager] Successfully created attachment [Browser Action Test Data - CloseCurrentWindow - Actual Value] @07-11-2021 01:54:39.0704 A
[ReportManager] File Action [GetAbsolutePath] successfully performed. With the following test data [Relative Folder Path: "target/downloadedFiles/"]. @07-11-2021 01:54:39.0870 AM
[ReportManager] Attempting to run locally on: [Mac-64], [Safari], Headless Execution. @07-11-2021 01:54:39.0870 AM
[ReportManager] Successfully Opened Safari. @07-11-2021 01:54:40.0685 AM
[ReportManager] Initial window size: (800, 600) @07-11-2021 01:54:40.0712 AM
[ReportManager] Window size after SWD Maximize: (1176, 811) @07-11-2021 01:54:40.0728 AM
[ReportManager] Browser Action [MaximizeWindow] successfully performed. With the following test data [New screen size is now: (1176, 811)]. @07-11-2021 01:54:40.0728 AM
[ReportManager] Target URL: [https://www.google.com/ncr], and after redirection: [www.google.com] @07-11-2021 01:54:40.0728 AM
[ReportManager] Initial URL: [] @07-11-2021 01:54:40.0910 AM
[ReportManager] Browser Action [NavigateToURL] successfully performed. With the following test data [https://www.google.com/ncr]. @07-11-2021 01:54:44.0288 A

################################################################################################################################################
Starting Execution:	[34 out of 146] test cases in the current suite
Test Method:		[unitTests.tests_validations_assertions.assertElementAttribute_false_literalComparison_expectedToPass]
################################################################################################################################################
[ReportManager] Element Action [Type] successfully performed. With the following test data [Automation!@#$%^&*()_+{}[]\';/.,]. @07-11-2021 01:54:45.0426 AM
[ReportManager] Element Action [GetText] successfully performed. With the following test data [Automation!@#$%^&*()_+{}[]\';/.,]. @07-11-2021 01:54:45.0470 AM
[ReportManager] Loaded Shared OpenCV @07-11-2021 01:54:45.0518 AM
[ReportManager] Assertion [ValidateElementAttribute] PASSED. Expected [Value Should not be 'Automation' for the 'text' attribute, element locator 'By.name: q'] and Actual [Automation!@#$%^&*()_+{}[]\';/.,]. Comparison Type [EQUALS]. Validation Type [NEGATIVE]. @07-11-2021 01:54:45.0795 AM
[ReportManager] Successfully created attachment [Screenshot - 1636250085518_assertElementAttribute_false_literalComparison_expectedToPass_ValidateElementAttribute_passed] @07-11-2021 01:54:45.0837 A
[ReportManager] Browser Action [CloseCurrentWindow] successfully performed. @07-11-2021 01:54:46.0272 AM
[ReportManager] Successfully created attachment [Browser Action Test Data - CloseCurrentWindow - Actual Value] @07-11-2021 01:54:46.0279 A
[ReportManager] File Action [GetAbsolutePath] successfully performed. With the following test data [Relative Folder Path: "target/downloadedFiles/"]. @07-11-2021 01:54:46.0287 AM
[ReportManager] Attempting to run locally on: [Mac-64], [Safari], Headless Execution. @07-11-2021 01:54:46.0287 AM
[ReportManager] Successfully Opened Safari. @07-11-2021 01:54:47.0088 AM
[ReportManager] Initial window size: (800, 600) @07-11-2021 01:54:47.0094 AM
[ReportManager] Window size after SWD Maximize: (1176, 811) @07-11-2021 01:54:47.0105 AM
[ReportManager] Browser Action [MaximizeWindow] successfully performed. With the following test data [New screen size is now: (1176, 811)]. @07-11-2021 01:54:47.0105 AM
[ReportManager] Target URL: [https://www.google.com/ncr], and after redirection: [www.google.com] @07-11-2021 01:54:47.0105 AM
[ReportManager] Initial URL: [] @07-11-2021 01:54:47.0155 AM
[ReportManager] Browser Action [NavigateToURL] successfully performed. With the following test data [https://www.google.com/ncr]. @07-11-2021 01:54:52.0420 A

################################################################################################################################################
Starting Execution:	[35 out of 146] test cases in the current suite
Test Method:		[unitTests.tests_validations_assertions.assertElementAttribute_false_regexComparison_expectedToFail]
################################################################################################################################################
[ReportManager] Element Action [Type] successfully performed. With the following test data [Automation123]. @07-11-2021 01:54:52.0986 AM
[ReportManager] Element Action [GetText] successfully performed. With the following test data [Automation123]. @07-11-2021 01:54:53.0028 AM
[ReportManager] Loaded Shared OpenCV @07-11-2021 01:54:53.0072 AM
[ReportManager] Assertion [ValidateElementAttribute] FAILED. Expected [Value Should not be 'Automation.*' for the 'text' attribute, element locator 'By.name: q'] and Actual [Automation123]. Comparison Type [MATCHES]. Validation Type [NEGATIVE]. @07-11-2021 01:54:53.0332 AM
[ReportManager] Successfully created attachment [Screenshot - 1636250093072_assertElementAttribute_false_regexComparison_expectedToFail_ValidateElementAttribute_failed] @07-11-2021 01:54:53.0373 A
[ReportManager] Browser Action [CloseCurrentWindow] successfully performed. @07-11-2021 01:54:53.0796 AM
[ReportManager] Successfully created attachment [Browser Action Test Data - CloseCurrentWindow - Actual Value] @07-11-2021 01:54:53.0838 A
[ReportManager] File Action [GetAbsolutePath] successfully performed. With the following test data [Relative Folder Path: "target/downloadedFiles/"]. @07-11-2021 01:54:53.0963 AM
[ReportManager] Attempting to run locally on: [Mac-64], [Safari], Headless Execution. @07-11-2021 01:54:53.0964 AM
[ReportManager] Successfully Opened Safari. @07-11-2021 01:54:54.0735 AM
[ReportManager] Initial window size: (800, 600) @07-11-2021 01:54:54.0758 AM
[ReportManager] Window size after SWD Maximize: (1176, 811) @07-11-2021 01:54:54.0776 AM
[ReportManager] Browser Action [MaximizeWindow] successfully performed. With the following test data [New screen size is now: (1176, 811)]. @07-11-2021 01:54:54.0777 AM
[ReportManager] Target URL: [https://www.google.com/ncr], and after redirection: [www.google.com] @07-11-2021 01:54:54.0777 AM
[ReportManager] Initial URL: [] @07-11-2021 01:54:54.0938 AM
[ReportManager] Browser Action [NavigateToURL] successfully performed. With the following test data [https://www.google.com/ncr]. @07-11-2021 01:54:57.0473 A

################################################################################################################################################
Starting Execution:	[36 out of 146] test cases in the current suite
Test Method:		[unitTests.tests_validations_assertions.assertElementAttribute_false_regexComparison_expectedToPass]
################################################################################################################################################
[ReportManager] Element Action [Type] successfully performed. With the following test data [Automation123]. @07-11-2021 01:54:58.0082 AM
[ReportManager] Element Action [GetText] successfully performed. With the following test data [Automation123]. @07-11-2021 01:54:58.0129 AM
[ReportManager] Loaded Shared OpenCV @07-11-2021 01:54:58.0176 AM
[ReportManager] Assertion [ValidateElementAttribute] PASSED. Expected [Value Should not be 'Automation' for the 'text' attribute, element locator 'By.name: q'] and Actual [Automation123]. Comparison Type [MATCHES]. Validation Type [NEGATIVE]. @07-11-2021 01:54:58.0372 AM
[ReportManager] Successfully created attachment [Screenshot - 1636250098176_assertElementAttribute_false_regexComparison_expectedToPass_ValidateElementAttribute_passed] @07-11-2021 01:54:58.0373 A
[ReportManager] Browser Action [CloseCurrentWindow] successfully performed. @07-11-2021 01:54:58.0509 AM
[ReportManager] Successfully created attachment [Browser Action Test Data - CloseCurrentWindow - Actual Value] @07-11-2021 01:54:58.0510 A
[ReportManager] File Action [GetAbsolutePath] successfully performed. With the following test data [Relative Folder Path: "target/downloadedFiles/"]. @07-11-2021 01:54:58.0513 AM
[ReportManager] Attempting to run locally on: [Mac-64], [Safari], Headless Execution. @07-11-2021 01:54:58.0513 AM
[ReportManager] Successfully Opened Safari. @07-11-2021 01:54:59.0307 AM
[ReportManager] Initial window size: (800, 600) @07-11-2021 01:54:59.0318 AM
[ReportManager] Window size after SWD Maximize: (1176, 811) @07-11-2021 01:54:59.0431 AM
[ReportManager] Browser Action [MaximizeWindow] successfully performed. With the following test data [New screen size is now: (1176, 811)]. @07-11-2021 01:54:59.0432 AM
[ReportManager] Target URL: [https://www.google.com/ncr], and after redirection: [www.google.com] @07-11-2021 01:54:59.0432 AM
[ReportManager] Initial URL: [] @07-11-2021 01:54:59.0478 AM
[ReportManager] Browser Action [NavigateToURL] successfully performed. With the following test data [https://www.google.com/ncr]. @07-11-2021 01:55:03.0813 A

################################################################################################################################################
Starting Execution:	[37 out of 146] test cases in the current suite
Test Method:		[unitTests.tests_validations_assertions.assertElementAttribute_true_caseInsensitiveComparison_expectedToFail]
################################################################################################################################################
[ReportManager] Element Action [Type] successfully performed. With the following test data [AUTOMATION]. @07-11-2021 01:55:04.0302 AM
[ReportManager] Element Action [GetText] successfully performed. With the following test data [AUTOMATION]. @07-11-2021 01:55:04.0351 AM
[ReportManager] Loaded Shared OpenCV @07-11-2021 01:55:04.0404 AM
[ReportManager] Assertion [ValidateElementAttribute] FAILED. Expected [Value Should be 'AutomaTion123' for the 'text' attribute, element locator 'By.name: q'] and Actual [AUTOMATION]. Comparison Type [CASE_INSENSITIVE]. Validation Type [POSITIVE]. @07-11-2021 01:55:04.0586 AM
[ReportManager] Successfully created attachment [Screenshot - 1636250104404_assertElementAttribute_true_caseInsensitiveComparison_expectedToFail_ValidateElementAttribute_failed] @07-11-2021 01:55:04.0588 A
[ReportManager] Browser Action [CloseCurrentWindow] successfully performed. @07-11-2021 01:55:04.0906 AM
[ReportManager] Successfully created attachment [Browser Action Test Data - CloseCurrentWindow - Actual Value] @07-11-2021 01:55:04.0907 A
[ReportManager] File Action [GetAbsolutePath] successfully performed. With the following test data [Relative Folder Path: "target/downloadedFiles/"]. @07-11-2021 01:55:04.0911 AM
[ReportManager] Attempting to run locally on: [Mac-64], [Safari], Headless Execution. @07-11-2021 01:55:04.0912 AM
[ReportManager] Successfully Opened Safari. @07-11-2021 01:55:05.0737 AM
[ReportManager] Initial window size: (800, 600) @07-11-2021 01:55:05.0747 AM
[ReportManager] Window size after SWD Maximize: (1176, 811) @07-11-2021 01:55:05.0804 AM
[ReportManager] Browser Action [MaximizeWindow] successfully performed. With the following test data [New screen size is now: (1176, 811)]. @07-11-2021 01:55:05.0804 AM
[ReportManager] Target URL: [https://www.google.com/ncr], and after redirection: [www.google.com] @07-11-2021 01:55:05.0804 AM
[ReportManager] Initial URL: [] @07-11-2021 01:55:05.0868 AM
[ReportManager] Browser Action [NavigateToURL] successfully performed. With the following test data [https://www.google.com/ncr]. @07-11-2021 01:55:09.0284 A

################################################################################################################################################
Starting Execution:	[38 out of 146] test cases in the current suite
Test Method:		[unitTests.tests_validations_assertions.assertElementAttribute_true_caseInsensitiveComparison_expectedToPass]
################################################################################################################################################
[ReportManager] Element Action [Type] successfully performed. With the following test data [AUTOMATION]. @07-11-2021 01:55:09.0805 AM
[ReportManager] Element Action [GetText] successfully performed. With the following test data [AUTOMATION]. @07-11-2021 01:55:09.0852 AM
[ReportManager] Loaded Shared OpenCV @07-11-2021 01:55:09.0904 AM
[ReportManager] Assertion [ValidateElementAttribute] PASSED. Expected [Value Should be 'AutomaTion' for the 'text' attribute, element locator 'By.name: q'] and Actual [AUTOMATION]. Comparison Type [CASE_INSENSITIVE]. Validation Type [POSITIVE]. @07-11-2021 01:55:10.0180 AM
[ReportManager] Successfully created attachment [Screenshot - 1636250109904_assertElementAttribute_true_caseInsensitiveComparison_expectedToPass_ValidateElementAttribute_passed] @07-11-2021 01:55:10.0223 A
[ReportManager] Browser Action [CloseCurrentWindow] successfully performed. @07-11-2021 01:55:10.0687 AM
[ReportManager] Successfully created attachment [Browser Action Test Data - CloseCurrentWindow - Actual Value] @07-11-2021 01:55:10.0729 A
[ReportManager] File Action [GetAbsolutePath] successfully performed. With the following test data [Relative Folder Path: "target/downloadedFiles/"]. @07-11-2021 01:55:10.0856 AM
[ReportManager] Attempting to run locally on: [Mac-64], [Safari], Headless Execution. @07-11-2021 01:55:10.0856 AM
[ReportManager] Successfully Opened Safari. @07-11-2021 01:55:11.0687 AM
[ReportManager] Initial window size: (800, 600) @07-11-2021 01:55:11.0697 AM
[ReportManager] Window size after SWD Maximize: (1176, 811) @07-11-2021 01:55:11.0772 AM
[ReportManager] Browser Action [MaximizeWindow] successfully performed. With the following test data [New screen size is now: (1176, 811)]. @07-11-2021 01:55:11.0772 AM
[ReportManager] Target URL: [https://www.google.com/ncr], and after redirection: [www.google.com] @07-11-2021 01:55:11.0772 AM
[ReportManager] Initial URL: [] @07-11-2021 01:55:11.0871 AM
[ReportManager] Browser Action [NavigateToURL] successfully performed. With the following test data [https://www.google.com/ncr]. @07-11-2021 01:55:19.0236 A

################################################################################################################################################
Starting Execution:	[39 out of 146] test cases in the current suite
Test Method:		[unitTests.tests_validations_assertions.assertElementAttribute_true_containsComparison_expectedToFail]
################################################################################################################################################
[ReportManager] Element Action [Type] successfully performed. With the following test data [Automation123]. @07-11-2021 01:55:20.0037 AM
[ReportManager] Element Action [GetText] successfully performed. With the following test data [Automation123]. @07-11-2021 01:55:20.0086 AM
[ReportManager] Loaded Shared OpenCV @07-11-2021 01:55:20.0135 AM
[ReportManager] Assertion [ValidateElementAttribute] FAILED. Expected [Value Should be 'Automation1234' for the 'text' attribute, element locator 'By.name: q'] and Actual [Automation123]. Comparison Type [CONTAINS]. Validation Type [POSITIVE]. @07-11-2021 01:55:20.0403 AM
[ReportManager] Successfully created attachment [Screenshot - 1636250120135_assertElementAttribute_true_containsComparison_expectedToFail_ValidateElementAttribute_failed] @07-11-2021 01:55:20.0489 A
[ReportManager] Browser Action [CloseCurrentWindow] successfully performed. @07-11-2021 01:55:20.0941 AM
[ReportManager] Successfully created attachment [Browser Action Test Data - CloseCurrentWindow - Actual Value] @07-11-2021 01:55:20.0951 A
[ReportManager] File Action [GetAbsolutePath] successfully performed. With the following test data [Relative Folder Path: "target/downloadedFiles/"]. @07-11-2021 01:55:20.0955 AM
[ReportManager] Attempting to run locally on: [Mac-64], [Safari], Headless Execution. @07-11-2021 01:55:20.0955 AM
[ReportManager] Successfully Opened Safari. @07-11-2021 01:55:21.0784 AM
[ReportManager] Initial window size: (800, 600) @07-11-2021 01:55:21.0808 AM
[ReportManager] Window size after SWD Maximize: (1176, 811) @07-11-2021 01:55:21.0839 AM
[ReportManager] Browser Action [MaximizeWindow] successfully performed. With the following test data [New screen size is now: (1176, 811)]. @07-11-2021 01:55:21.0839 AM
[ReportManager] Target URL: [https://www.google.com/ncr], and after redirection: [www.google.com] @07-11-2021 01:55:21.0839 AM
[ReportManager] Initial URL: [] @07-11-2021 01:55:21.0905 AM
[ReportManager] Browser Action [NavigateToURL] successfully performed. With the following test data [https://www.google.com/ncr]. @07-11-2021 01:55:25.0650 A

################################################################################################################################################
Starting Execution:	[40 out of 146] test cases in the current suite
Test Method:		[unitTests.tests_validations_assertions.assertElementAttribute_true_containsComparison_expectedToPass]
################################################################################################################################################
[ReportManager] Element Action [Type] successfully performed. With the following test data [Automation123]. @07-11-2021 01:55:26.0406 AM
[ReportManager] Element Action [GetText] successfully performed. With the following test data [Automation123]. @07-11-2021 01:55:26.0470 AM
[ReportManager] Loaded Shared OpenCV @07-11-2021 01:55:26.0531 AM
[ReportManager] Assertion [ValidateElementAttribute] PASSED. Expected [Value Should be 'Automation' for the 'text' attribute, element locator 'By.name: q'] and Actual [Automation123]. Comparison Type [CONTAINS]. Validation Type [POSITIVE]. @07-11-2021 01:55:26.0819 AM
[ReportManager] Successfully created attachment [Screenshot - 1636250126531_assertElementAttribute_true_containsComparison_expectedToPass_ValidateElementAttribute_passed] @07-11-2021 01:55:26.0901 A
[ReportManager] Browser Action [CloseCurrentWindow] successfully performed. @07-11-2021 01:55:27.0368 AM
[ReportManager] Successfully created attachment [Browser Action Test Data - CloseCurrentWindow - Actual Value] @07-11-2021 01:55:27.0410 A
[ReportManager] File Action [GetAbsolutePath] successfully performed. With the following test data [Relative Folder Path: "target/downloadedFiles/"]. @07-11-2021 01:55:27.0536 AM
[ReportManager] Attempting to run locally on: [Mac-64], [Safari], Headless Execution. @07-11-2021 01:55:27.0536 AM
[ReportManager] Successfully Opened Safari. @07-11-2021 01:55:28.0366 AM
[ReportManager] Initial window size: (800, 600) @07-11-2021 01:55:28.0383 AM
[ReportManager] Window size after SWD Maximize: (1176, 811) @07-11-2021 01:55:28.0441 AM
[ReportManager] Browser Action [MaximizeWindow] successfully performed. With the following test data [New screen size is now: (1176, 811)]. @07-11-2021 01:55:28.0441 AM
[ReportManager] Target URL: [https://www.google.com/ncr], and after redirection: [www.google.com] @07-11-2021 01:55:28.0442 AM
[ReportManager] Initial URL: [] @07-11-2021 01:55:28.0566 AM
[ReportManager] Browser Action [NavigateToURL] successfully performed. With the following test data [https://www.google.com/ncr]. @07-11-2021 01:55:34.0043 A

################################################################################################################################################
Starting Execution:	[41 out of 146] test cases in the current suite
Test Method:		[unitTests.tests_validations_assertions.assertElementAttribute_true_literalComparison_expectedToFail]
################################################################################################################################################
[ReportManager] Element Action [Type] successfully performed. With the following test data [Automation!@#$%^&*()_+{}[]\';/.,]. @07-11-2021 01:55:35.0264 AM
[ReportManager] Element Action [GetText] successfully performed. With the following test data [Automation!@#$%^&*()_+{}[]\';/.,]. @07-11-2021 01:55:35.0309 AM
[ReportManager] Loaded Shared OpenCV @07-11-2021 01:55:35.0359 AM
[ReportManager] Assertion [ValidateElementAttribute] FAILED. Expected [Value Should be 'Automation' for the 'text' attribute, element locator 'By.name: q'] and Actual [Automation!@#$%^&*()_+{}[]\';/.,]. Comparison Type [EQUALS]. Validation Type [POSITIVE]. @07-11-2021 01:55:35.0638 AM
[ReportManager] Successfully created attachment [Screenshot - 1636250135359_assertElementAttribute_true_literalComparison_expectedToFail_ValidateElementAttribute_failed] @07-11-2021 01:55:35.0723 A
[ReportManager] Browser Action [CloseCurrentWindow] successfully performed. @07-11-2021 01:55:36.0097 AM
[ReportManager] Successfully created attachment [Browser Action Test Data - CloseCurrentWindow - Actual Value] @07-11-2021 01:55:36.0140 A
[ReportManager] File Action [GetAbsolutePath] successfully performed. With the following test data [Relative Folder Path: "target/downloadedFiles/"]. @07-11-2021 01:55:36.0266 AM
[ReportManager] Attempting to run locally on: [Mac-64], [Safari], Headless Execution. @07-11-2021 01:55:36.0266 AM
[ReportManager] Successfully Opened Safari. @07-11-2021 01:55:37.0101 AM
[ReportManager] Initial window size: (800, 600) @07-11-2021 01:55:37.0117 AM
[ReportManager] Window size after SWD Maximize: (1176, 811) @07-11-2021 01:55:37.0128 AM
[ReportManager] Browser Action [MaximizeWindow] successfully performed. With the following test data [New screen size is now: (1176, 811)]. @07-11-2021 01:55:37.0129 AM
[ReportManager] Target URL: [https://www.google.com/ncr], and after redirection: [www.google.com] @07-11-2021 01:55:37.0129 AM
[ReportManager] Initial URL: [] @07-11-2021 01:55:37.0169 AM
[ReportManager] Browser Action [NavigateToURL] successfully performed. With the following test data [https://www.google.com/ncr]. @07-11-2021 01:55:39.0023 A

################################################################################################################################################
Starting Execution:	[42 out of 146] test cases in the current suite
Test Method:		[unitTests.tests_validations_assertions.assertElementAttribute_true_literalComparison_expectedToPass]
################################################################################################################################################
[ReportManager] Element Action [Type] successfully performed. With the following test data [Automation!@#$%^&*()_+{}[]\';/.,]. @07-11-2021 01:55:40.0048 AM
[ReportManager] Element Action [GetText] successfully performed. With the following test data [Automation!@#$%^&*()_+{}[]\';/.,]. @07-11-2021 01:55:40.0098 AM
[ReportManager] Loaded Shared OpenCV @07-11-2021 01:55:40.0150 AM
[ReportManager] Assertion [ValidateElementAttribute] PASSED. Expected [Value Should be 'Automation!@#$%^&*()_+{}[]\';/.,' for the 'text' attribute, element locator 'By.name: q'] and Actual [Automation!@#$%^&*()_+{}[]\';/.,]. Comparison Type [EQUALS]. Validation Type [POSITIVE]. @07-11-2021 01:55:40.0426 AM
[ReportManager] Successfully created attachment [Screenshot - 1636250140150_assertElementAttribute_true_literalComparison_expectedToPass_ValidateElementAttribute_passed] @07-11-2021 01:55:40.0511 A
[ReportManager] Browser Action [CloseCurrentWindow] successfully performed. @07-11-2021 01:55:41.0036 AM
[ReportManager] Successfully created attachment [Browser Action Test Data - CloseCurrentWindow - Actual Value] @07-11-2021 01:55:41.0078 A
[ReportManager] File Action [GetAbsolutePath] successfully performed. With the following test data [Relative Folder Path: "target/downloadedFiles/"]. @07-11-2021 01:55:41.0204 AM
[ReportManager] Attempting to run locally on: [Mac-64], [Safari], Headless Execution. @07-11-2021 01:55:41.0204 AM
[ReportManager] Successfully Opened Safari. @07-11-2021 01:55:42.0083 AM
[ReportManager] Initial window size: (800, 600) @07-11-2021 01:55:42.0099 AM
[ReportManager] Window size after SWD Maximize: (1176, 811) @07-11-2021 01:55:42.0115 AM
[ReportManager] Browser Action [MaximizeWindow] successfully performed. With the following test data [New screen size is now: (1176, 811)]. @07-11-2021 01:55:42.0115 AM
[ReportManager] Target URL: [https://www.google.com/ncr], and after redirection: [www.google.com] @07-11-2021 01:55:42.0115 AM
[ReportManager] Initial URL: [] @07-11-2021 01:55:42.0174 AM
[ReportManager] Browser Action [NavigateToURL] successfully performed. With the following test data [https://www.google.com/ncr]. @07-11-2021 01:55:47.0556 A

################################################################################################################################################
Starting Execution:	[43 out of 146] test cases in the current suite
Test Method:		[unitTests.tests_validations_assertions.assertElementAttribute_true_regexComparison_expectedToFail]
################################################################################################################################################
[ReportManager] Element Action [Type] successfully performed. With the following test data [Automation123]. @07-11-2021 01:55:48.0309 AM
[ReportManager] Element Action [GetText] successfully performed. With the following test data [Automation123]. @07-11-2021 01:55:48.0377 AM
[ReportManager] Loaded Shared OpenCV @07-11-2021 01:55:48.0448 AM
[ReportManager] Assertion [ValidateElementAttribute] FAILED. Expected [Value Should be 'Automation' for the 'text' attribute, element locator 'By.name: q'] and Actual [Automation123]. Comparison Type [MATCHES]. Validation Type [POSITIVE]. @07-11-2021 01:55:48.0731 AM
[ReportManager] Successfully created attachment [Screenshot - 1636250148448_assertElementAttribute_true_regexComparison_expectedToFail_ValidateElementAttribute_failed] @07-11-2021 01:55:48.0819 A
[ReportManager] Browser Action [CloseCurrentWindow] successfully performed. @07-11-2021 01:55:49.0038 AM
[ReportManager] Successfully created attachment [Browser Action Test Data - CloseCurrentWindow - Actual Value] @07-11-2021 01:55:49.0086 A
[ReportManager] File Action [GetAbsolutePath] successfully performed. With the following test data [Relative Folder Path: "target/downloadedFiles/"]. @07-11-2021 01:55:49.0173 AM
[ReportManager] Attempting to run locally on: [Mac-64], [Safari], Headless Execution. @07-11-2021 01:55:49.0173 AM
[ReportManager] Successfully Opened Safari. @07-11-2021 01:55:49.0998 AM
[ReportManager] Initial window size: (800, 600) @07-11-2021 01:55:50.0005 AM
[ReportManager] Window size after SWD Maximize: (1176, 811) @07-11-2021 01:55:50.0096 AM
[ReportManager] Browser Action [MaximizeWindow] successfully performed. With the following test data [New screen size is now: (1176, 811)]. @07-11-2021 01:55:50.0097 AM
[ReportManager] Target URL: [https://www.google.com/ncr], and after redirection: [www.google.com] @07-11-2021 01:55:50.0097 AM
[ReportManager] Initial URL: [] @07-11-2021 01:55:50.0194 AM
[ReportManager] Browser Action [NavigateToURL] successfully performed. With the following test data [https://www.google.com/ncr]. @07-11-2021 01:55:53.0698 A

################################################################################################################################################
Starting Execution:	[44 out of 146] test cases in the current suite
Test Method:		[unitTests.tests_validations_assertions.assertElementAttribute_true_regexComparison_expectedToPass]
################################################################################################################################################
[ReportManager] Element Action [Type] successfully performed. With the following test data [Automation123]. @07-11-2021 01:55:54.0387 AM
[ReportManager] Element Action [GetText] successfully performed. With the following test data [Automation123]. @07-11-2021 01:55:54.0445 AM
[ReportManager] Loaded Shared OpenCV @07-11-2021 01:55:54.0501 AM
[ReportManager] Assertion [ValidateElementAttribute] PASSED. Expected [Value Should be 'Automation.*' for the 'text' attribute, element locator 'By.name: q'] and Actual [Automation123]. Comparison Type [MATCHES]. Validation Type [POSITIVE]. @07-11-2021 01:55:54.0770 AM
[ReportManager] Successfully created attachment [Screenshot - 1636250154500_assertElementAttribute_true_regexComparison_expectedToPass_ValidateElementAttribute_passed] @07-11-2021 01:55:54.0854 A
[ReportManager] Browser Action [CloseCurrentWindow] successfully performed. @07-11-2021 01:55:55.0317 AM
[ReportManager] Successfully created attachment [Browser Action Test Data - CloseCurrentWindow - Actual Value] @07-11-2021 01:55:55.0318 A
[ReportManager] File Action [GetAbsolutePath] successfully performed. With the following test data [Relative Folder Path: "target/downloadedFiles/"]. @07-11-2021 01:55:55.0322 AM
[ReportManager] Attempting to run locally on: [Mac-64], [Safari], Headless Execution. @07-11-2021 01:55:55.0322 AM
[ReportManager] Successfully Opened Safari. @07-11-2021 01:55:56.0191 AM
[ReportManager] Initial window size: (800, 600) @07-11-2021 01:55:56.0309 AM
[ReportManager] Window size after SWD Maximize: (1176, 811) @07-11-2021 01:55:56.0367 AM
[ReportManager] Browser Action [MaximizeWindow] successfully performed. With the following test data [New screen size is now: (1176, 811)]. @07-11-2021 01:55:56.0367 AM
[ReportManager] Target URL: [https://www.google.com/ncr], and after redirection: [www.google.com] @07-11-2021 01:55:56.0367 AM
[ReportManager] Initial URL: [] @07-11-2021 01:55:56.0437 AM
[ReportManager] Browser Action [NavigateToURL] successfully performed. With the following test data [https://www.google.com/ncr]. @07-11-2021 01:55:58.0871 A

################################################################################################################################################
Starting Execution:	[45 out of 146] test cases in the current suite
Test Method:		[unitTests.tests_validations_assertions.assertElementAttribute_type_true_literalComparison_expectedToPass]
################################################################################################################################################
[ReportManager] Element Action [Type] successfully performed. With the following test data [Automation!@#$%^&*()_+{}[]\';/.,]. @07-11-2021 01:56:00.0040 AM
[ReportManager] Element Action [GetText] successfully performed. With the following test data [Automation!@#$%^&*()_+{}[]\';/.,]. @07-11-2021 01:56:00.0095 AM
[ReportManager] Loaded Shared OpenCV @07-11-2021 01:56:00.0153 AM
[ReportManager] Assertion [ValidateElementAttribute] PASSED. Expected [Value Should be 'Automation!@#$%^&*()_+{}[]\';/.,' for the 'text' attribute, element locator 'By.name: q'] and Actual [Automation!@#$%^&*()_+{}[]\';/.,]. Comparison Type [EQUALS]. Validation Type [POSITIVE]. @07-11-2021 01:56:00.0429 AM
[ReportManager] Successfully created attachment [Screenshot - 1636250160153_assertElementAttribute_type_true_literalComparison_expectedToPass_ValidateElementAttribute_passed] @07-11-2021 01:56:00.0512 A
[ReportManager] Browser Action [CloseCurrentWindow] successfully performed. @07-11-2021 01:56:01.0069 AM
[ReportManager] Successfully created attachment [Browser Action Test Data - CloseCurrentWindow - Actual Value] @07-11-2021 01:56:01.0111 A
[ReportManager] File Action [GetAbsolutePath] successfully performed. With the following test data [Relative Folder Path: "target/downloadedFiles/"]. @07-11-2021 01:56:01.0237 AM
[ReportManager] Attempting to run locally on: [Mac-64], [Safari], Headless Execution. @07-11-2021 01:56:01.0237 AM
[ReportManager] Successfully Opened Safari. @07-11-2021 01:56:02.0079 AM
[ReportManager] Initial window size: (800, 600) @07-11-2021 01:56:02.0086 AM
[ReportManager] Window size after SWD Maximize: (1176, 811) @07-11-2021 01:56:02.0110 AM
[ReportManager] Browser Action [MaximizeWindow] successfully performed. With the following test data [New screen size is now: (1176, 811)]. @07-11-2021 01:56:02.0111 AM
[ReportManager] Target URL: [https://www.google.com/ncr], and after redirection: [www.google.com] @07-11-2021 01:56:02.0111 AM
[ReportManager] Initial URL: [] @07-11-2021 01:56:02.0172 AM
[ReportManager] Browser Action [NavigateToURL] successfully performed. With the following test data [https://www.google.com/ncr]. @07-11-2021 01:56:04.0845 A

################################################################################################################################################
Starting Execution:	[46 out of 146] test cases in the current suite
Test Method:		[unitTests.tests_validations_assertions.assertElementExists_false_expectedToFail]
###############################################################################################################################################
[ReportManager] Browser Action [CloseCurrentWindow] successfully performed. @07-11-2021 01:56:05.0414 AM
[ReportManager] Successfully created attachment [Browser Action Test Data - CloseCurrentWindow - Actual Value] @07-11-2021 01:56:05.0414 A
[ReportManager] File Action [GetAbsolutePath] successfully performed. With the following test data [Relative Folder Path: "target/downloadedFiles/"]. @07-11-2021 01:56:05.0418 AM
[ReportManager] Attempting to run locally on: [Mac-64], [Safari], Headless Execution. @07-11-2021 01:56:05.0418 AM
[ReportManager] Successfully Opened Safari. @07-11-2021 01:56:06.0272 AM
[ReportManager] Initial window size: (800, 600) @07-11-2021 01:56:06.0286 AM
[ReportManager] Window size after SWD Maximize: (1176, 811) @07-11-2021 01:56:06.0303 AM
[ReportManager] Browser Action [MaximizeWindow] successfully performed. With the following test data [New screen size is now: (1176, 811)]. @07-11-2021 01:56:06.0304 AM
[ReportManager] Target URL: [https://www.google.com/ncr], and after redirection: [www.google.com] @07-11-2021 01:56:06.0304 AM
[ReportManager] Initial URL: [] @07-11-2021 01:56:06.0468 AM
[ReportManager] Browser Action [NavigateToURL] successfully performed. With the following test data [https://www.google.com/ncr]. @07-11-2021 01:56:09.0536 A

################################################################################################################################################
Starting Execution:	[47 out of 146] test cases in the current suite
Test Method:		[unitTests.tests_validations_assertions.assertElementExists_false_expectedToPass]
###############################################################################################################################################
[ReportManager] Browser Action [CloseCurrentWindow] successfully performed. @07-11-2021 01:56:09.0943 AM
[ReportManager] Successfully created attachment [Browser Action Test Data - CloseCurrentWindow - Actual Value] @07-11-2021 01:56:09.0944 A
[ReportManager] File Action [GetAbsolutePath] successfully performed. With the following test data [Relative Folder Path: "target/downloadedFiles/"]. @07-11-2021 01:56:09.0947 AM
[ReportManager] Attempting to run locally on: [Mac-64], [Safari], Headless Execution. @07-11-2021 01:56:09.0948 AM
[ReportManager] Successfully Opened Safari. @07-11-2021 01:56:10.0851 AM
[ReportManager] Initial window size: (800, 600) @07-11-2021 01:56:10.0872 AM
[ReportManager] Window size after SWD Maximize: (1176, 811) @07-11-2021 01:56:10.0938 AM
[ReportManager] Browser Action [MaximizeWindow] successfully performed. With the following test data [New screen size is now: (1176, 811)]. @07-11-2021 01:56:10.0938 AM
[ReportManager] Target URL: [https://www.google.com/ncr], and after redirection: [www.google.com] @07-11-2021 01:56:10.0938 AM
[ReportManager] Initial URL: [] @07-11-2021 01:56:11.0000 AM
[ReportManager] Browser Action [NavigateToURL] successfully performed. With the following test data [https://www.google.com/ncr]. @07-11-2021 01:56:14.0212 A

################################################################################################################################################
Starting Execution:	[48 out of 146] test cases in the current suite
Test Method:		[unitTests.tests_validations_assertions.assertElementExists_false_multipleElementsFound_expectedToFail]
################################################################################################################################################
[ReportManager] Loaded Shared OpenCV @07-11-2021 01:56:14.0357 AM
[ReportManager] Assertion [ValidateElementExists] FAILED. Expected [Element Should not Exist, locator 'By.xpath: //div'] and Actual [Element Exists but is not unique]. Comparison Type [EQUALS]. Validation Type [NEGATIVE]. @07-11-2021 01:56:14.0444 AM
[ReportManager] Successfully created attachment [Screenshot - 1636250174357_assertElementExists_false_multipleElementsFound_expectedToFail_ValidateElementExists_failed] @07-11-2021 01:56:14.0445 A
[ReportManager] Browser Action [CloseCurrentWindow] successfully performed. @07-11-2021 01:56:14.0728 AM
[ReportManager] Successfully created attachment [Browser Action Test Data - CloseCurrentWindow - Actual Value] @07-11-2021 01:56:14.0729 A
[ReportManager] File Action [GetAbsolutePath] successfully performed. With the following test data [Relative Folder Path: "target/downloadedFiles/"]. @07-11-2021 01:56:14.0733 AM
[ReportManager] Attempting to run locally on: [Mac-64], [Safari], Headless Execution. @07-11-2021 01:56:14.0733 AM
[ReportManager] Successfully Opened Safari. @07-11-2021 01:56:15.0603 AM
[ReportManager] Initial window size: (800, 600) @07-11-2021 01:56:15.0612 AM
[ReportManager] Window size after SWD Maximize: (1176, 811) @07-11-2021 01:56:15.0636 AM
[ReportManager] Browser Action [MaximizeWindow] successfully performed. With the following test data [New screen size is now: (1176, 811)]. @07-11-2021 01:56:15.0637 AM
[ReportManager] Target URL: [https://www.google.com/ncr], and after redirection: [www.google.com] @07-11-2021 01:56:15.0637 AM
[ReportManager] Initial URL: [] @07-11-2021 01:56:15.0717 AM
[ReportManager] Browser Action [NavigateToURL] successfully performed. With the following test data [https://www.google.com/ncr]. @07-11-2021 01:56:18.0613 A

################################################################################################################################################
Starting Execution:	[49 out of 146] test cases in the current suite
Test Method:		[unitTests.tests_validations_assertions.assertElementExists_true_expectedToFail]
###############################################################################################################################################
[ReportManager] Browser Action [CloseCurrentWindow] successfully performed. @07-11-2021 01:56:19.0295 AM
[ReportManager] Successfully created attachment [Browser Action Test Data - CloseCurrentWindow - Actual Value] @07-11-2021 01:56:19.0337 A
[ReportManager] File Action [GetAbsolutePath] successfully performed. With the following test data [Relative Folder Path: "target/downloadedFiles/"]. @07-11-2021 01:56:19.0464 AM
[ReportManager] Attempting to run locally on: [Mac-64], [Safari], Headless Execution. @07-11-2021 01:56:19.0464 AM
[ReportManager] Successfully Opened Safari. @07-11-2021 01:56:22.0111 AM
[ReportManager] Initial window size: (800, 600) @07-11-2021 01:56:22.0134 AM
[ReportManager] Window size after SWD Maximize: (1176, 811) @07-11-2021 01:56:22.0345 AM
[ReportManager] Browser Action [MaximizeWindow] successfully performed. With the following test data [New screen size is now: (1176, 811)]. @07-11-2021 01:56:22.0345 AM
[ReportManager] Target URL: [https://www.google.com/ncr], and after redirection: [www.google.com] @07-11-2021 01:56:22.0345 AM
[ReportManager] Initial URL: [] @07-11-2021 01:56:22.0416 AM
[ReportManager] Browser Action [NavigateToURL] successfully performed. With the following test data [https://www.google.com/ncr]. @07-11-2021 01:56:23.0904 A

################################################################################################################################################
Starting Execution:	[50 out of 146] test cases in the current suite
Test Method:		[unitTests.tests_validations_assertions.assertElementExists_true_expectedToPass]
################################################################################################################################################
[ReportManager] Loaded Shared OpenCV @07-11-2021 01:56:24.0063 AM
[ReportManager] Assertion [ValidateElementExists] PASSED. Expected [Element Should Exist, locator 'By.xpath: //*[@id='hplogo' or @alt='Google']'] and Actual [Element Exists]. Comparison Type [EQUALS]. Validation Type [POSITIVE]. @07-11-2021 01:56:24.0321 AM
[ReportManager] Successfully created attachment [Screenshot - 1636250184063_assertElementExists_true_expectedToPass_ValidateElementExists_passed] @07-11-2021 01:56:24.0404 A
[ReportManager] Browser Action [CloseCurrentWindow] successfully performed. @07-11-2021 01:56:24.0971 AM
[ReportManager] Successfully created attachment [Browser Action Test Data - CloseCurrentWindow - Actual Value] @07-11-2021 01:56:25.0012 A
[ReportManager] File Action [GetAbsolutePath] successfully performed. With the following test data [Relative Folder Path: "target/downloadedFiles/"]. @07-11-2021 01:56:25.0137 AM
[ReportManager] Attempting to run locally on: [Mac-64], [Safari], Headless Execution. @07-11-2021 01:56:25.0137 AM
[ReportManager] Successfully Opened Safari. @07-11-2021 01:56:26.0137 AM
[ReportManager] Initial window size: (800, 600) @07-11-2021 01:56:26.0152 AM
[ReportManager] Window size after SWD Maximize: (1176, 811) @07-11-2021 01:56:26.0164 AM
[ReportManager] Browser Action [MaximizeWindow] successfully performed. With the following test data [New screen size is now: (1176, 811)]. @07-11-2021 01:56:26.0164 AM
[ReportManager] Target URL: [https://www.google.com/ncr], and after redirection: [www.google.com] @07-11-2021 01:56:26.0164 AM
[ReportManager] Initial URL: [] @07-11-2021 01:56:26.0217 AM
[ReportManager] Browser Action [NavigateToURL] successfully performed. With the following test data [https://www.google.com/ncr]. @07-11-2021 01:56:28.0489 A

################################################################################################################################################
Starting Execution:	[51 out of 146] test cases in the current suite
Test Method:		[unitTests.tests_validations_assertions.assertElementExists_true_multipleElementsFound_expectedToFail]
################################################################################################################################################
[ReportManager] Loaded Shared OpenCV @07-11-2021 01:56:28.0707 AM
[ReportManager] Assertion [ValidateElementExists] FAILED. Expected [Element Should Exist, locator 'By.xpath: //div'] and Actual [Element Exists but is not unique]. Comparison Type [EQUALS]. Validation Type [POSITIVE]. @07-11-2021 01:56:28.0976 AM
[ReportManager] Successfully created attachment [Screenshot - 1636250188707_assertElementExists_true_multipleElementsFound_expectedToFail_ValidateElementExists_failed] @07-11-2021 01:56:29.0058 A
[ReportManager] Browser Action [CloseCurrentWindow] successfully performed. @07-11-2021 01:56:29.0577 AM
[ReportManager] Successfully created attachment [Browser Action Test Data - CloseCurrentWindow - Actual Value] @07-11-2021 01:56:29.0619 A

################################################################################################################################################
Starting Execution:	[52 out of 146] test cases in the current suite
Test Method:		[unitTests.tests_validations_assertions.assertEquals_false_expectedToFail]
################################################################################################################################################
[ReportManager] Assertion [ValidateEquals] FAILED. Expected [1] and Actual [1]. Comparison Type [EQUALS]. Validation Type [NEGATIVE]. @07-11-2021 01:56:29.0750 A

################################################################################################################################################
Starting Execution:	[53 out of 146] test cases in the current suite
Test Method:		[unitTests.tests_validations_assertions.assertEquals_false_expectedToPass]
################################################################################################################################################
[ReportManager] Assertion [ValidateEquals] PASSED. Expected [1] and Actual [2]. Comparison Type [EQUALS]. Validation Type [NEGATIVE]. @07-11-2021 01:56:29.0876 A

################################################################################################################################################
Starting Execution:	[54 out of 146] test cases in the current suite
Test Method:		[unitTests.tests_validations_assertions.assertEquals_longCharacters]
################################################################################################################################################
[ReportManager] Verification [ValidateEquals] PASSED. Expected and Actual values are attached. Comparison Type [EQUALS]. Validation Type [POSITIVE]. @07-11-2021 01:56:30.0008 AM
[ReportManager] Successfully created attachment [Validation Test Data - Expected Value] @07-11-2021 01:56:30.0090 AM
[ReportManager] Successfully created attachment [Validation Test Data - Actual Value] @07-11-2021 01:56:30.0131 AM
[ReportManager] Assertion [ValidateEquals] PASSED. Expected and Actual values are attached. Comparison Type [EQUALS]. Validation Type [POSITIVE]. @07-11-2021 01:56:30.0132 AM
[ReportManager] Successfully created attachment [Validation Test Data - Expected Value] @07-11-2021 01:56:30.0214 AM
[ReportManager] Successfully created attachment [Validation Test Data - Actual Value] @07-11-2021 01:56:30.0256 A

################################################################################################################################################
Starting Execution:	[55 out of 146] test cases in the current suite
Test Method:		[unitTests.tests_validations_assertions.assertEquals_longCharacters_Discreet]
################################################################################################################################################
[ReportManager] Assertion [ValidateEquals] PASSED. Expected [1LH5pROcDBjjQk0t0mCr0lXuzQu9lcGj28kY8R1H81X67eVAQJgWQhILiRWVPUgZ6uCtK5cnBkF55Jr9vYngjGO1Iyf0Mktv6lruDlL9T8MAUPcUZJGHZtji6nIeadujDSNmWMj5d6C8zlFqw0CRqBU0hO5adIasHgBSNoLotAjce3NGXoDwAlp3rYreeV16VIyZXROQY] and Actual [1LH5pROcDBjjQk0t0mCr0lXuzQu9lcGj28kY8R1H81X67eVAQJgWQhILiRWVPUgZ6uCtK5cnBkF55Jr9vYngjGO1Iyf0Mktv6lruDlL9T8MAUPcUZJGHZtji6nIeadujDSNmWMj5d6C8zlFqw0CRqBU0hO5adIasHgBSNoLotAjce3NGXoDwAlp3rYreeV16VIyZXROQY]. Comparison Type [EQUALS]. Validation Type [POSITIVE]. @07-11-2021 01:56:30.0383 A

################################################################################################################################################
Starting Execution:	[56 out of 146] test cases in the current suite
Test Method:		[unitTests.tests_validations_assertions.assertEquals_true_expectedToFail]
################################################################################################################################################
[ReportManager] Assertion [ValidateEquals] FAILED. Expected [1] and Actual [2]. Comparison Type [EQUALS]. Validation Type [POSITIVE]. @07-11-2021 01:56:30.0627 A

################################################################################################################################################
Starting Execution:	[57 out of 146] test cases in the current suite
Test Method:		[unitTests.tests_validations_assertions.assertEquals_true_expectedToPass]
Test Description:	[Assert that assertEquals works as expected when the two values are equal.]
################################################################################################################################################
[ReportManager] Verification [ValidateEquals] PASSED. Expected [1] and Actual [1]. Comparison Type [EQUALS]. Validation Type [POSITIVE]. @07-11-2021 01:56:30.0883 AM
[ReportManager] Assertion [ValidateEquals] PASSED. Expected [1] and Actual [1]. Comparison Type [EQUALS]. Validation Type [POSITIVE]. @07-11-2021 01:56:30.0883 A

################################################################################################################################################
Starting Execution:	[58 out of 146] test cases in the current suite
Test Method:		[unitTests.tests_validations_assertions.assertEquals_true_expectedToPass__]
################################################################################################################################################
[ReportManager] Assertion [ValidateEquals] PASSED. Expected [1] and Actual [1]. Comparison Type [EQUALS]. Validation Type [POSITIVE]. @07-11-2021 01:56:31.0122 A

################################################################################################################################################
Starting Execution:	[59 out of 146] test cases in the current suite
Test Method:		[unitTests.tests_validations_assertions.assertFileExists_false_expectedToFail]
################################################################################################################################################
[ReportManager] File Action [DoesFileExist] successfully performed. With the following test data [File Path: "src/main/java/com/shaft/gui/element/ElementActions.java"]. @07-11-2021 01:56:31.0327 AM
[ReportManager] Assertion [ValidateFileExists] FAILED. Expected [File 'src/main/java/com/shaft/gui/element/ElementActions.java' should not exist, after up to '1' retries] and Actual [File exists]. Validation Type [NEGATIVE]. @07-11-2021 01:56:31.0333 A

################################################################################################################################################
Starting Execution:	[60 out of 146] test cases in the current suite
Test Method:		[unitTests.tests_validations_assertions.assertFileExists_false_expectedToPass]
################################################################################################################################################
[ReportManager] File Action [DoesFileExist] successfully performed. With the following test data [File Path: "src/main/java/com/shaft/gui/element/ElementActions.java_fail"]. @07-11-2021 01:56:32.0070 AM
[ReportManager] Assertion [ValidateFileExists] PASSED. Expected [File 'src/main/java/com/shaft/gui/element/ElementActions.java_fail' should not exist, after up to '1' retries] and Actual [File does not exist]. Validation Type [NEGATIVE]. @07-11-2021 01:56:32.0070 A

################################################################################################################################################
Starting Execution:	[61 out of 146] test cases in the current suite
Test Method:		[unitTests.tests_validations_assertions.assertFileExists_true_expectedToFail]
################################################################################################################################################
[ReportManager] File Action [DoesFileExist] successfully performed. With the following test data [File Path: "src/main/java/com/shaft/gui/element/ElementActions.java_fail"]. @07-11-2021 01:56:32.0698 AM
[ReportManager] Assertion [ValidateFileExists] FAILED. Expected [File 'src/main/java/com/shaft/gui/element/ElementActions.java_fail' should exist, after up to '1' retries] and Actual [File does not exist]. Validation Type [POSITIVE]. @07-11-2021 01:56:32.0699 A

################################################################################################################################################
Starting Execution:	[62 out of 146] test cases in the current suite
Test Method:		[unitTests.tests_validations_assertions.assertFileExists_true_expectedToPass]
################################################################################################################################################
[ReportManager] File Action [DoesFileExist] successfully performed. With the following test data [File Path: "src/main/java/com/shaft/gui/element/ElementActions.java"]. @07-11-2021 01:56:32.0825 AM
[ReportManager] Assertion [ValidateFileExists] PASSED. Expected [File 'src/main/java/com/shaft/gui/element/ElementActions.java' should exist, after up to '1' retries] and Actual [File exists]. Validation Type [POSITIVE]. @07-11-2021 01:56:32.0825 A

################################################################################################################################################
Starting Execution:	[63 out of 146] test cases in the current suite
Test Method:		[unitTests.tests_validations_assertions.assertNull_false_expectedToFail]
################################################################################################################################################
[ReportManager] Assertion [ValidateNull] FAILED. Expected [NULL] and Actual [NULL]. Comparison Type [EQUALS]. Validation Type [NEGATIVE]. @07-11-2021 01:56:32.0951 A

################################################################################################################################################
Starting Execution:	[64 out of 146] test cases in the current suite
Test Method:		[unitTests.tests_validations_assertions.assertNull_false_expectedToPass]
################################################################################################################################################
[ReportManager] Assertion [ValidateNull] PASSED. Expected [NULL] and Actual [1]. Comparison Type [EQUALS]. Validation Type [NEGATIVE]. @07-11-2021 01:56:33.0078 A

################################################################################################################################################
Starting Execution:	[65 out of 146] test cases in the current suite
Test Method:		[unitTests.tests_validations_assertions.assertNull_true_expectedToFail]
################################################################################################################################################
[ReportManager] Assertion [ValidateNull] FAILED. Expected [NULL] and Actual [1]. Comparison Type [EQUALS]. Validation Type [POSITIVE]. @07-11-2021 01:56:33.0204 A

################################################################################################################################################
Starting Execution:	[66 out of 146] test cases in the current suite
Test Method:		[unitTests.tests_validations_assertions.assertNull_true_expectedToPass]
################################################################################################################################################
[ReportManager] Assertion [ValidateNull] PASSED. Expected [NULL] and Actual [NULL]. Comparison Type [EQUALS]. Validation Type [POSITIVE]. @07-11-2021 01:56:33.0330 A

################################################################################################################################################
Starting Execution:	[67 out of 146] test cases in the current suite
Test Method:		[unitTests.tests_restActions.getPostsAndAssertBodyForSpecificTitle]
################################################################################################################################################
[ReportManager] Response status code: [200], status line: [HTTP/1.1 200 OK] @07-11-2021 01:56:35.0487 AM
[ReportManager] Assertion Passed: Evaluating the actual response status code against the expected one... @07-11-2021 01:56:35.0492 AM
[ReportManager] Assertion [ValidateComparativeRelation] PASSED. Expected [200] and Actual [200]. Comparison Type [EQUALS]. Validation Type [POSITIVE]. @07-11-2021 01:56:35.0492 AM
[ReportManager] API Action [PerformRequest] successfully performed. With the following test data [Request Type: "GET" | Target Status Code: "200" | Service URL: "https://jsonplaceholder.typicode.com/posts" | Content Type: "*/*" | Response Time: "651ms"]. @07-11-2021 01:56:36.0594 AM
[ReportManager] Successfully created attachment [API Request - Specifications] @07-11-2021 01:56:36.0636 AM
[ReportManager] Successfully created attachment [API Response - JSON Body] @07-11-2021 01:56:36.0956 AM
[ReportManager] API Action [GetResponseJSONValueAsList] successfully performed. @07-11-2021 01:56:36.0986 AM
[ReportManager] API Action [GetResponseJSONValue] successfully performed. With the following test data [title]. @07-11-2021 01:56:37.0008 AM
[ReportManager] API Action [GetResponseJSONValue] successfully performed. With the following test data [title]. @07-11-2021 01:56:37.0024 AM
[ReportManager] API Action [GetResponseJSONValue] successfully performed. With the following test data [body]. @07-11-2021 01:56:37.0039 AM
[ReportManager] Assertion [ValidateEquals] PASSED. Expected [qui neque nisi nulla] and Actual [est rerum tempore vitae
sequi sint nihil reprehenderit dolor beatae ea dolores neque
fugiat blanditiis voluptate porro vel nihil molestiae ut reiciendis
qui aperiam non debitis possimus qui neque nisi nulla]. Comparison Type [CONTAINS]. Validation Type [POSITIVE]. @07-11-2021 01:56:37.0039 AM
[ReportManager] API Action [GetResponseJSONValue] successfully performed. With the following test data [title]. @07-11-2021 01:56:37.0053 AM
[ReportManager] API Action [GetResponseJSONValue] successfully performed. With the following test data [title]. @07-11-2021 01:56:37.0070 AM
[ReportManager] API Action [GetResponseJSONValue] successfully performed. With the following test data [title]. @07-11-2021 01:56:37.0084 AM
[ReportManager] API Action [GetResponseJSONValue] successfully performed. With the following test data [title]. @07-11-2021 01:56:37.0099 AM
[ReportManager] API Action [GetResponseJSONValue] successfully performed. With the following test data [title]. @07-11-2021 01:56:37.0113 AM
[ReportManager] API Action [GetResponseJSONValue] successfully performed. With the following test data [title]. @07-11-2021 01:56:37.0125 AM
[ReportManager] API Action [GetResponseJSONValue] successfully performed. With the following test data [title]. @07-11-2021 01:56:37.0138 AM
[ReportManager] API Action [GetResponseJSONValue] successfully performed. With the following test data [title]. @07-11-2021 01:56:37.0150 AM
[ReportManager] API Action [GetResponseJSONValue] successfully performed. With the following test data [title]. @07-11-2021 01:56:37.0162 AM
[ReportManager] API Action [GetResponseJSONValue] successfully performed. With the following test data [title]. @07-11-2021 01:56:37.0175 AM
[ReportManager] API Action [GetResponseJSONValue] successfully performed. With the following test data [title]. @07-11-2021 01:56:37.0190 AM
[ReportManager] API Action [GetResponseJSONValue] successfully performed. With the following test data [title]. @07-11-2021 01:56:37.0206 AM
[ReportManager] API Action [GetResponseJSONValue] successfully performed. With the following test data [title]. @07-11-2021 01:56:37.0219 AM
[ReportManager] API Action [GetResponseJSONValue] successfully performed. With the following test data [title]. @07-11-2021 01:56:37.0232 AM
[ReportManager] API Action [GetResponseJSONValue] successfully performed. With the following test data [title]. @07-11-2021 01:56:37.0246 AM
[ReportManager] API Action [GetResponseJSONValue] successfully performed. With the following test data [title]. @07-11-2021 01:56:37.0259 AM
[ReportManager] API Action [GetResponseJSONValue] successfully performed. With the following test data [title]. @07-11-2021 01:56:37.0272 AM
[ReportManager] API Action [GetResponseJSONValue] successfully performed. With the following test data [title]. @07-11-2021 01:56:37.0285 AM
[ReportManager] API Action [GetResponseJSONValue] successfully performed. With the following test data [title]. @07-11-2021 01:56:37.0297 AM
[ReportManager] API Action [GetResponseJSONValue] successfully performed. With the following test data [title]. @07-11-2021 01:56:37.0310 AM
[ReportManager] API Action [GetResponseJSONValue] successfully performed. With the following test data [title]. @07-11-2021 01:56:37.0322 AM
[ReportManager] API Action [GetResponseJSONValue] successfully performed. With the following test data [title]. @07-11-2021 01:56:37.0335 AM
[ReportManager] API Action [GetResponseJSONValue] successfully performed. With the following test data [title]. @07-11-2021 01:56:37.0348 AM
[ReportManager] API Action [GetResponseJSONValue] successfully performed. With the following test data [title]. @07-11-2021 01:56:37.0360 AM
[ReportManager] API Action [GetResponseJSONValue] successfully performed. With the following test data [title]. @07-11-2021 01:56:37.0373 AM
[ReportManager] API Action [GetResponseJSONValue] successfully performed. With the following test data [title]. @07-11-2021 01:56:37.0384 AM
[ReportManager] API Action [GetResponseJSONValue] successfully performed. With the following test data [title]. @07-11-2021 01:56:37.0398 AM
[ReportManager] API Action [GetResponseJSONValue] successfully performed. With the following test data [title]. @07-11-2021 01:56:37.0410 AM
[ReportManager] API Action [GetResponseJSONValue] successfully performed. With the following test data [title]. @07-11-2021 01:56:37.0422 AM
[ReportManager] API Action [GetResponseJSONValue] successfully performed. With the following test data [title]. @07-11-2021 01:56:37.0435 AM
[ReportManager] API Action [GetResponseJSONValue] successfully performed. With the following test data [title]. @07-11-2021 01:56:37.0448 AM
[ReportManager] API Action [GetResponseJSONValue] successfully performed. With the following test data [title]. @07-11-2021 01:56:37.0461 AM
[ReportManager] API Action [GetResponseJSONValue] successfully performed. With the following test data [title]. @07-11-2021 01:56:37.0473 AM
[ReportManager] API Action [GetResponseJSONValue] successfully performed. With the following test data [title]. @07-11-2021 01:56:37.0485 AM
[ReportManager] API Action [GetResponseJSONValue] successfully performed. With the following test data [title]. @07-11-2021 01:56:37.0497 AM
[ReportManager] API Action [GetResponseJSONValue] successfully performed. With the following test data [title]. @07-11-2021 01:56:37.0508 AM
[ReportManager] API Action [GetResponseJSONValue] successfully performed. With the following test data [title]. @07-11-2021 01:56:37.0521 AM
[ReportManager] API Action [GetResponseJSONValue] successfully performed. With the following test data [title]. @07-11-2021 01:56:37.0533 AM
[ReportManager] API Action [GetResponseJSONValue] successfully performed. With the following test data [title]. @07-11-2021 01:56:37.0546 AM
[ReportManager] API Action [GetResponseJSONValue] successfully performed. With the following test data [title]. @07-11-2021 01:56:37.0560 AM
[ReportManager] API Action [GetResponseJSONValue] successfully performed. With the following test data [title]. @07-11-2021 01:56:37.0573 AM
[ReportManager] API Action [GetResponseJSONValue] successfully performed. With the following test data [title]. @07-11-2021 01:56:37.0587 AM
[ReportManager] API Action [GetResponseJSONValue] successfully performed. With the following test data [title]. @07-11-2021 01:56:37.0600 AM
[ReportManager] API Action [GetResponseJSONValue] successfully performed. With the following test data [title]. @07-11-2021 01:56:37.0612 AM
[ReportManager] API Action [GetResponseJSONValue] successfully performed. With the following test data [title]. @07-11-2021 01:56:37.0625 AM
[ReportManager] API Action [GetResponseJSONValue] successfully performed. With the following test data [title]. @07-11-2021 01:56:37.0637 AM
[ReportManager] API Action [GetResponseJSONValue] successfully performed. With the following test data [title]. @07-11-2021 01:56:37.0649 AM
[ReportManager] API Action [GetResponseJSONValue] successfully performed. With the following test data [title]. @07-11-2021 01:56:37.0660 AM
[ReportManager] API Action [GetResponseJSONValue] successfully performed. With the following test data [title]. @07-11-2021 01:56:37.0672 AM
[ReportManager] API Action [GetResponseJSONValue] successfully performed. With the following test data [title]. @07-11-2021 01:56:37.0683 AM
[ReportManager] API Action [GetResponseJSONValue] successfully performed. With the following test data [title]. @07-11-2021 01:56:37.0696 AM
[ReportManager] API Action [GetResponseJSONValue] successfully performed. With the following test data [title]. @07-11-2021 01:56:37.0708 AM
[ReportManager] API Action [GetResponseJSONValue] successfully performed. With the following test data [title]. @07-11-2021 01:56:37.0720 AM
[ReportManager] API Action [GetResponseJSONValue] successfully performed. With the following test data [title]. @07-11-2021 01:56:37.0732 AM
[ReportManager] API Action [GetResponseJSONValue] successfully performed. With the following test data [title]. @07-11-2021 01:56:37.0743 AM
[ReportManager] API Action [GetResponseJSONValue] successfully performed. With the following test data [title]. @07-11-2021 01:56:37.0755 AM
[ReportManager] API Action [GetResponseJSONValue] successfully performed. With the following test data [title]. @07-11-2021 01:56:37.0768 AM
[ReportManager] API Action [GetResponseJSONValue] successfully performed. With the following test data [title]. @07-11-2021 01:56:37.0778 AM
[ReportManager] API Action [GetResponseJSONValue] successfully performed. With the following test data [title]. @07-11-2021 01:56:37.0791 AM
[ReportManager] API Action [GetResponseJSONValue] successfully performed. With the following test data [title]. @07-11-2021 01:56:37.0820 AM
[ReportManager] API Action [GetResponseJSONValue] successfully performed. With the following test data [title]. @07-11-2021 01:56:37.0831 AM
[ReportManager] API Action [GetResponseJSONValue] successfully performed. With the following test data [title]. @07-11-2021 01:56:37.0841 AM
[ReportManager] API Action [GetResponseJSONValue] successfully performed. With the following test data [title]. @07-11-2021 01:56:37.0852 AM
[ReportManager] API Action [GetResponseJSONValue] successfully performed. With the following test data [title]. @07-11-2021 01:56:37.0863 AM
[ReportManager] API Action [GetResponseJSONValue] successfully performed. With the following test data [title]. @07-11-2021 01:56:37.0874 AM
[ReportManager] API Action [GetResponseJSONValue] successfully performed. With the following test data [title]. @07-11-2021 01:56:37.0884 AM
[ReportManager] API Action [GetResponseJSONValue] successfully performed. With the following test data [title]. @07-11-2021 01:56:37.0896 AM
[ReportManager] API Action [GetResponseJSONValue] successfully performed. With the following test data [title]. @07-11-2021 01:56:37.0907 AM
[ReportManager] API Action [GetResponseJSONValue] successfully performed. With the following test data [title]. @07-11-2021 01:56:37.0918 AM
[ReportManager] API Action [GetResponseJSONValue] successfully performed. With the following test data [title]. @07-11-2021 01:56:37.0930 AM
[ReportManager] API Action [GetResponseJSONValue] successfully performed. With the following test data [title]. @07-11-2021 01:56:37.0940 AM
[ReportManager] API Action [GetResponseJSONValue] successfully performed. With the following test data [title]. @07-11-2021 01:56:37.0951 AM
[ReportManager] API Action [GetResponseJSONValue] successfully performed. With the following test data [title]. @07-11-2021 01:56:37.0962 AM
[ReportManager] API Action [GetResponseJSONValue] successfully performed. With the following test data [title]. @07-11-2021 01:56:37.0973 AM
[ReportManager] API Action [GetResponseJSONValue] successfully performed. With the following test data [title]. @07-11-2021 01:56:37.0983 AM
[ReportManager] API Action [GetResponseJSONValue] successfully performed. With the following test data [title]. @07-11-2021 01:56:37.0994 AM
[ReportManager] API Action [GetResponseJSONValue] successfully performed. With the following test data [title]. @07-11-2021 01:56:38.0006 AM
[ReportManager] API Action [GetResponseJSONValue] successfully performed. With the following test data [title]. @07-11-2021 01:56:38.0018 AM
[ReportManager] API Action [GetResponseJSONValue] successfully performed. With the following test data [title]. @07-11-2021 01:56:38.0029 AM
[ReportManager] API Action [GetResponseJSONValue] successfully performed. With the following test data [title]. @07-11-2021 01:56:38.0041 AM
[ReportManager] API Action [GetResponseJSONValue] successfully performed. With the following test data [title]. @07-11-2021 01:56:38.0053 AM
[ReportManager] API Action [GetResponseJSONValue] successfully performed. With the following test data [title]. @07-11-2021 01:56:38.0065 AM
[ReportManager] API Action [GetResponseJSONValue] successfully performed. With the following test data [title]. @07-11-2021 01:56:38.0076 AM
[ReportManager] API Action [GetResponseJSONValue] successfully performed. With the following test data [title]. @07-11-2021 01:56:38.0086 AM
[ReportManager] API Action [GetResponseJSONValue] successfully performed. With the following test data [title]. @07-11-2021 01:56:38.0097 AM
[ReportManager] API Action [GetResponseJSONValue] successfully performed. With the following test data [title]. @07-11-2021 01:56:38.0109 AM
[ReportManager] API Action [GetResponseJSONValue] successfully performed. With the following test data [title]. @07-11-2021 01:56:38.0119 AM
[ReportManager] API Action [GetResponseJSONValue] successfully performed. With the following test data [title]. @07-11-2021 01:56:38.0130 AM
[ReportManager] API Action [GetResponseJSONValue] successfully performed. With the following test data [title]. @07-11-2021 01:56:38.0140 AM
[ReportManager] API Action [GetResponseJSONValue] successfully performed. With the following test data [title]. @07-11-2021 01:56:38.0149 AM
[ReportManager] API Action [GetResponseJSONValue] successfully performed. With the following test data [title]. @07-11-2021 01:56:38.0159 AM
[ReportManager] API Action [GetResponseJSONValue] successfully performed. With the following test data [title]. @07-11-2021 01:56:38.0169 AM
[ReportManager] API Action [GetResponseJSONValue] successfully performed. With the following test data [title]. @07-11-2021 01:56:38.0180 AM
[ReportManager] API Action [GetResponseJSONValue] successfully performed. With the following test data [title]. @07-11-2021 01:56:38.0190 AM
[ReportManager] API Action [GetResponseJSONValue] successfully performed. With the following test data [title]. @07-11-2021 01:56:38.0200 AM
[ReportManager] API Action [GetResponseJSONValue] successfully performed. With the following test data [title]. @07-11-2021 01:56:38.0210 AM
[ReportManager] API Action [GetResponseJSONValue] successfully performed. With the following test data [title]. @07-11-2021 01:56:38.0221 AM
[ReportManager] API Action [GetResponseJSONValue] successfully performed. With the following test data [title]. @07-11-2021 01:56:38.0231 A

################################################################################################################################################
Starting Execution:	[68 out of 146] test cases in the current suite
Test Method:		[unitTests.tests_restActions.validateUserEmail]
################################################################################################################################################
[ReportManager] Response status code: [200], status line: [HTTP/1.1 200 OK] @07-11-2021 01:56:38.0584 AM
[ReportManager] Assertion Passed: Evaluating the actual response status code against the expected one... @07-11-2021 01:56:38.0585 AM
[ReportManager] Assertion [ValidateComparativeRelation] PASSED. Expected [200] and Actual [200]. Comparison Type [EQUALS]. Validation Type [POSITIVE]. @07-11-2021 01:56:38.0585 AM
[ReportManager] API Action [PerformRequest] successfully performed. With the following test data [Request Type: "GET" | Target Status Code: "200" | Service URL: "https://jsonplaceholder.typicode.com/users" | Content Type: "*/*" | Response Time: "221ms"]. @07-11-2021 01:56:38.0606 AM
[ReportManager] Successfully created attachment [API Request - Specifications] @07-11-2021 01:56:38.0647 AM
[ReportManager] Successfully created attachment [API Response - JSON Body] @07-11-2021 01:56:38.0729 AM
[ReportManager] Assertion [ValidateEquals] PASSED. Expected and Actual values are attached. Comparison Type [CONTAINS]. Validation Type [POSITIVE]. @07-11-2021 01:56:38.0730 AM
[ReportManager] Successfully created attachment [Validation Test Data - Expected Value] @07-11-2021 01:56:38.0771 AM
[ReportManager] Successfully created attachment [Validation Test Data - Actual Value] @07-11-2021 01:56:38.0854 AM
[ReportManager] API Action [GetResponseJSONValueAsList] successfully performed. With the following test data [$]. @07-11-2021 01:56:38.0861 AM
[ReportManager] API Action [GetResponseJSONValue] successfully performed. With the following test data [name]. @07-11-2021 01:56:38.0873 AM
[ReportManager] API Action [GetResponseJSONValue] successfully performed. With the following test data [email]. @07-11-2021 01:56:38.0885 AM
[ReportManager] Assertion [ValidateEquals] PASSED. Expected [Sincere@april.biz] and Actual [Sincere@april.biz]. Comparison Type [EQUALS]. Validation Type [POSITIVE]. @07-11-2021 01:56:38.0885 AM
[ReportManager] API Action [GetResponseJSONValue] successfully performed. With the following test data [name]. @07-11-2021 01:56:38.0896 AM
[ReportManager] API Action [GetResponseJSONValue] successfully performed. With the following test data [name]. @07-11-2021 01:56:38.0907 AM
[ReportManager] API Action [GetResponseJSONValue] successfully performed. With the following test data [name]. @07-11-2021 01:56:38.0917 AM
[ReportManager] API Action [GetResponseJSONValue] successfully performed. With the following test data [name]. @07-11-2021 01:56:38.0928 AM
[ReportManager] API Action [GetResponseJSONValue] successfully performed. With the following test data [name]. @07-11-2021 01:56:38.0938 AM
[ReportManager] API Action [GetResponseJSONValue] successfully performed. With the following test data [name]. @07-11-2021 01:56:38.0949 AM
[ReportManager] API Action [GetResponseJSONValue] successfully performed. With the following test data [name]. @07-11-2021 01:56:38.0959 AM
[ReportManager] API Action [GetResponseJSONValue] successfully performed. With the following test data [name]. @07-11-2021 01:56:38.0969 AM
[ReportManager] API Action [GetResponseJSONValue] successfully performed. With the following test data [name]. @07-11-2021 01:56:38.0980 A
[ReportManager] File Action [GetAbsolutePath] successfully performed. With the following test data [Relative Folder Path: "target/downloadedFiles/"]. @07-11-2021 01:56:39.0106 AM
[ReportManager] Attempting to run locally on: [Mac-64], [Safari], Headless Execution. @07-11-2021 01:56:39.0106 AM
[ReportManager] Successfully Opened Safari. @07-11-2021 01:56:39.0919 AM
[ReportManager] Initial window size: (800, 600) @07-11-2021 01:56:39.0926 AM
[ReportManager] Window size after SWD Maximize: (1176, 811) @07-11-2021 01:56:39.0950 AM
[ReportManager] Browser Action [MaximizeWindow] successfully performed. With the following test data [New screen size is now: (1176, 811)]. @07-11-2021 01:56:39.0951 A

################################################################################################################################################
Starting Execution:	[69 out of 146] test cases in the current suite
Test Method:		[testPackage01.Test_uploadFile.uploadFile_invisibleUploadInput]
################################################################################################################################################
[ReportManager] Target URL: [https://fineuploader.com/demos.html#gallery-view] @07-11-2021 01:56:40.0075 AM
[ReportManager] Initial URL: [] @07-11-2021 01:56:40.0107 AM
[ReportManager] Browser Action [NavigateToURL] successfully performed. With the following test data [https://fineuploader.com/demos.html#gallery-view]. @07-11-2021 01:56:41.0755 AM
[ReportManager] File Action [GetAbsolutePath] successfully performed. With the following test data [Relative File Path: "src/main/resources/images/shaft.png"]. @07-11-2021 01:56:41.0756 AM
[ReportManager] Successfully created attachment [File Action Actual Result - Command Log] @07-11-2021 01:56:41.0888 AM
[ReportManager] Element Action [TypeFileLocationForUpload] successfully performed. With the following test data [/Users/runner/work/SHAFT_ENGINE/SHAFT_ENGINE/src/main/resources/images/shaft.png]. @07-11-2021 01:56:41.0952 AM
[ReportManager] Attempting to getAttribute [src] from elementLocator [By.xpath: //div[@id='fine-uploader-gallery']//div[@class='qq-thumbnail-wrapper']/img]. @07-11-2021 01:56:41.0953 AM
[ReportManager] Element Action [GetAttribute] successfully performed. @07-11-2021 01:56:42.0124 AM
[ReportManager] Successfully created attachment [Element Action Test Data - GetAttribute - Actual Value] @07-11-2021 01:56:42.0248 AM
[ReportManager] Loaded Shared OpenCV @07-11-2021 01:56:42.0310 AM
[ReportManager] Assertion [ValidateElementAttribute] PASSED. Expected and Actual values are attached. Comparison Type [CONTAINS]. Validation Type [POSITIVE]. @07-11-2021 01:56:42.0573 AM
[ReportManager] Successfully created attachment [Validation Test Data - Expected Value] @07-11-2021 01:56:42.0613 AM
[ReportManager] Successfully created attachment [Validation Test Data - Actual Value] @07-11-2021 01:56:42.0613 AM
[ReportManager] Successfully created attachment [Screenshot - 1636250202310_uploadFile_invisibleUploadInput_ValidateElementAttribute_passed] @07-11-2021 01:56:42.0615 A
[ReportManager] Browser Action [CloseCurrentWindow] successfully performed. @07-11-2021 01:56:43.0046 AM
[ReportManager] Successfully created attachment [Browser Action Test Data - CloseCurrentWindow - Actual Value] @07-11-2021 01:56:43.0088 A
[ReportManager] File Action [GetAbsolutePath] successfully performed. With the following test data [Relative Folder Path: "target/downloadedFiles/"]. @07-11-2021 01:56:43.0217 AM
[ReportManager] Attempting to run locally on: [Mac-64], [Safari], Headless Execution. @07-11-2021 01:56:43.0218 A

################################################################################################################################################
Starting Execution:	[70 out of 146] test cases in the current suite
Test Method:		[testPackage01.Test_uploadFile.uploadFile_visibleUploadInput]
###############################################################################################################################################


################################################################################################################################################
Starting Execution:	[71 out of 146] test cases in the current suite
Test Method:		[testPackage01.Test_AssertApiResponseEquals.assertApiResponseEquals_expectedToPass]
################################################################################################################################################
[ReportManager] Response status code: [200], status line: [HTTP/1.1 200 OK] @07-11-2021 01:56:43.0821 AM
[ReportManager] Assertion Passed: Evaluating the actual response status code against the expected one... @07-11-2021 01:56:43.0821 AM
[ReportManager] Assertion [ValidateComparativeRelation] PASSED. Expected [200] and Actual [200]. Comparison Type [EQUALS]. Validation Type [POSITIVE]. @07-11-2021 01:56:43.0821 AM
[ReportManager] API Action [PerformRequest] successfully performed. With the following test data [Request Type: "GET" | Target Status Code: "200" | Service URL: "https://jsonplaceholder.typicode.com/users" | Content Type: "*/*" | Response Time: "64ms"]. @07-11-2021 01:56:43.0915 AM
[ReportManager] Successfully created attachment [API Request - Specifications] @07-11-2021 01:56:43.0956 AM
[ReportManager] Successfully created attachment [API Response - JSON Body] @07-11-2021 01:56:44.0038 AM
[ReportManager] API Action [GetResponseJSONValueAsList] successfully performed. With the following test data [$]. @07-11-2021 01:56:44.0049 AM
[ReportManager] API Action [GetResponseJSONValue] successfully performed. With the following test data [name]. @07-11-2021 01:56:44.0062 AM
[ReportManager] API Action [GetResponseJSONValue] successfully performed. With the following test data [email]. @07-11-2021 01:56:44.0101 AM
[ReportManager] Verification [ValidateEquals] PASSED. Expected [Sincere@april.biz] and Actual [Sincere@april.biz]. Comparison Type [EQUALS]. Validation Type [POSITIVE]. @07-11-2021 01:56:44.0102 AM
[ReportManager] API Action [GetResponseJSONValue] successfully performed. With the following test data [username]. @07-11-2021 01:56:44.0117 AM
[ReportManager] Assertion [ValidateEquals] PASSED. Expected [Bret] and Actual [Bret]. Comparison Type [EQUALS]. Validation Type [POSITIVE]. @07-11-2021 01:56:44.0117 AM
[ReportManager] API Action [GetResponseJSONValue] successfully performed. With the following test data [name]. @07-11-2021 01:56:44.0130 AM
[ReportManager] API Action [GetResponseJSONValue] successfully performed. With the following test data [name]. @07-11-2021 01:56:44.0155 AM
[ReportManager] API Action [GetResponseJSONValue] successfully performed. With the following test data [name]. @07-11-2021 01:56:44.0193 AM
[ReportManager] API Action [GetResponseJSONValue] successfully performed. With the following test data [name]. @07-11-2021 01:56:44.0231 AM
[ReportManager] API Action [GetResponseJSONValue] successfully performed. With the following test data [name]. @07-11-2021 01:56:44.0255 AM
[ReportManager] API Action [GetResponseJSONValue] successfully performed. With the following test data [name]. @07-11-2021 01:56:44.0277 AM
[ReportManager] API Action [GetResponseJSONValue] successfully performed. With the following test data [name]. @07-11-2021 01:56:44.0303 AM
[ReportManager] API Action [GetResponseJSONValue] successfully performed. With the following test data [name]. @07-11-2021 01:56:44.0338 AM
[ReportManager] API Action [GetResponseJSONValue] successfully performed. With the following test data [name]. @07-11-2021 01:56:44.0374 A

################################################################################################################################################
Starting Execution:	[72 out of 146] test cases in the current suite
Test Method:		[testPackage01.Test_testData.f]
################################################################################################################################################
[ReportManager] Successfully loaded the following test data file [src/test/resources/TestDataFiles/testSuite01/TestData.xlsx]. @07-11-2021 01:56:44.0575 AM
[ReportManager] Successfully created attachment [Test Data - Excel] @07-11-2021 01:56:44.0617 AM
[ReportManager] Last Column Number is: [3]. Zero-based. @07-11-2021 01:56:44.0618 A

################################################################################################################################################
Starting Execution:	[73 out of 146] test cases in the current suite
Test Method:		[testPackage01.Test_PDF.testPDF1]
################################################################################################################################################
[ReportManager] File Action [DoesFileExist] successfully performed. With the following test data [File Path: "src/test/resources/TestDataFiles/sample.pdf"]. @07-11-2021 01:56:44.0747 AM
[ReportManager] File Action [GetAbsolutePath] successfully performed. With the following test data [Relative Folder Path: "src/test/resources/TestDataFiles/sample.pdf"]. @07-11-2021 01:56:44.0749 AM
[ReportManager] Assertion Passed: Checking to see that the pdf file contains [A Simple PDF File] @07-11-2021 01:59:08.0082 AM
[ReportManager] Successfully created attachment [Validation Test Data - Expected Value] @07-11-2021 01:59:08.0126 AM
[ReportManager] Successfully created attachment [Validation Test Data - Actual Value] @07-11-2021 01:59:08.0249 AM
[ReportManager] Assertion [ValidateEquals] PASSED. Expected and Actual values are attached. Comparison Type [CONTAINS]. Validation Type [POSITIVE]. @07-11-2021 01:59:08.0249 A

################################################################################################################################################
Starting Execution:	[74 out of 146] test cases in the current suite
Test Method:		[testPackage01.Test_PDF.testPDF2]
################################################################################################################################################
[ReportManager] File Action [DoesFileExist] successfully performed. With the following test data [File Path: "src/test/resources/TestDataFiles/sample.pdf"]. @07-11-2021 01:59:08.0628 AM
[ReportManager] File Action [GetAbsolutePath] successfully performed. With the following test data [Relative Folder Path: "src/test/resources/TestDataFiles/sample.pdf"]. @07-11-2021 01:59:08.0629 AM
[ReportManager] Assertion Passed: Checking to see that the pdf file contains [A Simple PDF File] @07-11-2021 01:59:08.0650 AM
[ReportManager] Successfully created attachment [Validation Test Data - Expected Value] @07-11-2021 01:59:08.0735 AM
[ReportManager] Successfully created attachment [Validation Test Data - Actual Value] @07-11-2021 01:59:08.0857 AM
[ReportManager] Assertion [ValidateEquals] PASSED. Expected and Actual values are attached. Comparison Type [CONTAINS]. Validation Type [POSITIVE]. @07-11-2021 01:59:08.0857 A
[ReportManager] File Action [GetAbsolutePath] successfully performed. With the following test data [Relative Folder Path: "target/downloadedFiles/"]. @07-11-2021 01:59:09.0102 AM
[ReportManager] Attempting to run locally on: [Mac-64], [Safari], Headless Execution. @07-11-2021 01:59:09.0102 AM
[ReportManager] Successfully Opened Safari. @07-11-2021 01:59:10.0143 AM
[ReportManager] Initial window size: (800, 600) @07-11-2021 01:59:10.0258 AM
[ReportManager] Window size after SWD Maximize: (1176, 811) @07-11-2021 01:59:10.0275 AM
[ReportManager] Browser Action [MaximizeWindow] successfully performed. With the following test data [New screen size is now: (1176, 811)]. @07-11-2021 01:59:10.0276 A

################################################################################################################################################
Starting Execution:	[75 out of 146] test cases in the current suite
Test Method:		[testPackage01.Test_ShadowDOM.shadowdom]
################################################################################################################################################
[ReportManager] Target URL: [https://mdn.github.io/web-components-examples/popup-info-box-web-component/] @07-11-2021 01:59:10.0521 AM
[ReportManager] Initial URL: [] @07-11-2021 01:59:10.0552 AM
[ReportManager] Browser Action [NavigateToURL] successfully performed. With the following test data [https://mdn.github.io/web-components-examples/popup-info-box-web-component/]. @07-11-2021 01:59:10.0864 AM
[ReportManager] Element Action [Type] successfully performed. With the following test data [Typing into SHADOW DOM...]. @07-11-2021 01:59:11.0896 AM
[ReportManager] Element Action [GetText] successfully performed. With the following test data [Typing into SHADOW DOM...]. @07-11-2021 01:59:11.0946 AM
[ReportManager] Loaded Shared OpenCV @07-11-2021 01:59:11.0991 AM
[ReportManager] Assertion [ValidateElementAttribute] PASSED. Expected [Value Should be 'Typing into SHADOW DOM...' for the 'Text' attribute, element locator 'By.id: cvc'] and Actual [Typing into SHADOW DOM...]. Comparison Type [EQUALS]. Validation Type [POSITIVE]. @07-11-2021 01:59:12.0408 AM
[ReportManager] Successfully created attachment [Screenshot - 1636250351991_shadowdom_ValidateElementAttribute_passed] @07-11-2021 01:59:12.0530 A
[ReportManager] Browser Action [CloseCurrentWindow] successfully performed. @07-11-2021 01:59:12.0864 AM
[ReportManager] Successfully created attachment [Browser Action Test Data - CloseCurrentWindow - Actual Value] @07-11-2021 01:59:12.0976 A
[ReportManager] File Action [GetAbsolutePath] successfully performed. With the following test data [Relative Folder Path: "target/downloadedFiles/"]. @07-11-2021 01:59:13.0102 AM
[ReportManager] Attempting to run locally on: [Mac-64], [Safari], Headless Execution. @07-11-2021 01:59:13.0102 AM
[ReportManager] Successfully Opened Safari. @07-11-2021 01:59:14.0014 AM
[ReportManager] Initial window size: (800, 600) @07-11-2021 01:59:14.0062 AM
[ReportManager] Window size after SWD Maximize: (1176, 811) @07-11-2021 01:59:14.0079 AM
[ReportManager] Browser Action [MaximizeWindow] successfully performed. With the following test data [New screen size is now: (1176, 811)]. @07-11-2021 01:59:14.0079 A

################################################################################################################################################
Starting Execution:	[76 out of 146] test cases in the current suite
Test Method:		[testPackage01.Test_clipboardActions.typeTextAndCopyPaste]
################################################################################################################################################
[ReportManager] Target URL: [https://www.google.com/ncr], and after redirection: [https://www.google.com] @07-11-2021 01:59:14.0171 AM
[ReportManager] Initial URL: [] @07-11-2021 01:59:14.0264 AM
[ReportManager] Browser Action [NavigateToURL] successfully performed. With the following test data [https://www.google.com/ncr]. @07-11-2021 01:59:15.0794 AM
[ReportManager] Element Action [Type] successfully performed. With the following test data [FIRST]. @07-11-2021 01:59:16.0166 A
[ReportManager] Browser Action [CloseCurrentWindow] successfully performed. @07-11-2021 01:59:16.0796 AM
[ReportManager] Successfully created attachment [Browser Action Test Data - CloseCurrentWindow - Actual Value] @07-11-2021 01:59:16.0901 A

################################################################################################################################################
Starting Execution:	[77 out of 146] test cases in the current suite
Test Method:		[testPackage01.Test_NewValidationHelper.f1]
################################################################################################################################################
[ReportManager] Assertion Passed: Checking valid user data @07-11-2021 01:59:17.0027 AM
[ReportManager] Successfully created attachment [Validation Test Data - Expected Value] @07-11-2021 01:59:17.0145 AM
[ReportManager] Successfully created attachment [Validation Test Data - Actual Value] @07-11-2021 01:59:17.0269 AM
[ReportManager] Assertion [ValidateEquals] PASSED. Expected and Actual values are attached. Comparison Type [EQUALS]. Validation Type [POSITIVE]. @07-11-2021 01:59:17.0269 A
[ReportManager] File Action [GetAbsolutePath] successfully performed. With the following test data [Relative Folder Path: "target/downloadedFiles/"]. @07-11-2021 01:59:17.0517 AM
[ReportManager] Attempting to run locally on: [Mac-64], [Safari], Headless Execution. @07-11-2021 01:59:17.0518 AM
[ReportManager] Successfully Opened Safari. @07-11-2021 01:59:18.0360 AM
[ReportManager] Initial window size: (800, 600) @07-11-2021 01:59:18.0381 AM
[ReportManager] Window size after SWD Maximize: (1176, 811) @07-11-2021 01:59:18.0426 AM
[ReportManager] Browser Action [MaximizeWindow] successfully performed. With the following test data [New screen size is now: (1176, 811)]. @07-11-2021 01:59:18.0426 AM
[ReportManager] Target URL: [https://the-internet.herokuapp.com/] @07-11-2021 01:59:18.0426 AM
[ReportManager] Initial URL: [] @07-11-2021 01:59:18.0473 AM
[ReportManager] Browser Action [NavigateToURL] successfully performed. With the following test data [https://the-internet.herokuapp.com/]. @07-11-2021 01:59:19.0677 A

################################################################################################################################################
Starting Execution:	[78 out of 146] test cases in the current suite
Test Method:		[testPackage01.Test_NewValidationHelper.f10]
################################################################################################################################################
[ReportManager] Loaded Shared OpenCV @07-11-2021 01:59:19.0936 AM
[ReportManager] Assertion [ValidateElementExists] FAILED. Expected [Element Should Exist, locator 'By.tagName: div'] and Actual [Element Exists but is not unique]. Comparison Type [EQUALS]. Validation Type [POSITIVE]. @07-11-2021 01:59:20.0168 AM
[ReportManager] Successfully created attachment [Screenshot - 1636250359936_f10_ValidateElementExists_failed] @07-11-2021 01:59:20.0292 A



################################################################################################################################################
Starting Execution:	[79 out of 146] test cases in the current suite
Test Method:		[testPackage01.Test_NewValidationHelper.f11]
###############################################################################################################################################



################################################################################################################################################
Starting Execution:	[80 out of 146] test cases in the current suite
Test Method:		[testPackage01.Test_NewValidationHelper.f12]
###############################################################################################################################################



################################################################################################################################################
Starting Execution:	[81 out of 146] test cases in the current suite
Test Method:		[testPackage01.Test_NewValidationHelper.f13]
###############################################################################################################################################



################################################################################################################################################
Starting Execution:	[82 out of 146] test cases in the current suite
Test Method:		[testPackage01.Test_NewValidationHelper.f14]
###############################################################################################################################################



################################################################################################################################################
Starting Execution:	[83 out of 146] test cases in the current suite
Test Method:		[testPackage01.Test_NewValidationHelper.f15]
###############################################################################################################################################



################################################################################################################################################
Starting Execution:	[84 out of 146] test cases in the current suite
Test Method:		[testPackage01.Test_NewValidationHelper.f16]
###############################################################################################################################################



################################################################################################################################################
Starting Execution:	[85 out of 146] test cases in the current suite
Test Method:		[testPackage01.Test_NewValidationHelper.f17]
###############################################################################################################################################



################################################################################################################################################
Starting Execution:	[86 out of 146] test cases in the current suite
Test Method:		[testPackage01.Test_NewValidationHelper.f18]
###############################################################################################################################################


################################################################################################################################################
Starting Execution:	[87 out of 146] test cases in the current suite
Test Method:		[testPackage01.Test_NewValidationHelper.f2]
###############################################################################################################################################


################################################################################################################################################
Starting Execution:	[88 out of 146] test cases in the current suite
Test Method:		[testPackage01.Test_NewValidationHelper.f20]
###############################################################################################################################################



################################################################################################################################################
Starting Execution:	[89 out of 146] test cases in the current suite
Test Method:		[testPackage01.Test_NewValidationHelper.f21]
###############################################################################################################################################



################################################################################################################################################
Starting Execution:	[90 out of 146] test cases in the current suite
Test Method:		[testPackage01.Test_NewValidationHelper.f22]
###############################################################################################################################################


################################################################################################################################################
Starting Execution:	[91 out of 146] test cases in the current suite
Test Method:		[testPackage01.Test_NewValidationHelper.f23]
###############################################################################################################################################

################################################################################################################################################
Starting Execution:	[92 out of 146] test cases in the current suite
Test Method:		[testPackage01.Test_NewValidationHelper.f24]
###############################################################################################################################################

################################################################################################################################################
Starting Execution:	[93 out of 146] test cases in the current suite
Test Method:		[testPackage01.Test_NewValidationHelper.f25]
###############################################################################################################################################

################################################################################################################################################
Starting Execution:	[94 out of 146] test cases in the current suite
Test Method:		[testPackage01.Test_NewValidationHelper.f26]
###############################################################################################################################################

################################################################################################################################################
Starting Execution:	[95 out of 146] test cases in the current suite
Test Method:		[testPackage01.Test_NewValidationHelper.f27]
###############################################################################################################################################

################################################################################################################################################
Starting Execution:	[96 out of 146] test cases in the current suite
Test Method:		[testPackage01.Test_NewValidationHelper.f28]
###############################################################################################################################################

################################################################################################################################################
Starting Execution:	[97 out of 146] test cases in the current suite
Test Method:		[testPackage01.Test_NewValidationHelper.f29]
###############################################################################################################################################

################################################################################################################################################
Starting Execution:	[98 out of 146] test cases in the current suite
Test Method:		[testPackage01.Test_NewValidationHelper.f3]
###############################################################################################################################################

################################################################################################################################################
Starting Execution:	[99 out of 146] test cases in the current suite
Test Method:		[testPackage01.Test_NewValidationHelper.f30]
###############################################################################################################################################

################################################################################################################################################
Starting Execution:	[100 out of 146] test cases in the current suite
Test Method:		[testPackage01.Test_NewValidationHelper.f31]
###############################################################################################################################################

################################################################################################################################################
Starting Execution:	[101 out of 146] test cases in the current suite
Test Method:		[testPackage01.Test_NewValidationHelper.f32]
###############################################################################################################################################

################################################################################################################################################
Starting Execution:	[102 out of 146] test cases in the current suite
Test Method:		[testPackage01.Test_NewValidationHelper.f33]
###############################################################################################################################################

################################################################################################################################################
Starting Execution:	[103 out of 146] test cases in the current suite
Test Method:		[testPackage01.Test_NewValidationHelper.f34]
###############################################################################################################################################

################################################################################################################################################
Starting Execution:	[104 out of 146] test cases in the current suite
Test Method:		[testPackage01.Test_NewValidationHelper.f35]
###############################################################################################################################################

################################################################################################################################################
Starting Execution:	[105 out of 146] test cases in the current suite
Test Method:		[testPackage01.Test_NewValidationHelper.f36]
###############################################################################################################################################

################################################################################################################################################
Starting Execution:	[106 out of 146] test cases in the current suite
Test Method:		[testPackage01.Test_NewValidationHelper.f37]
###############################################################################################################################################

################################################################################################################################################
Starting Execution:	[107 out of 146] test cases in the current suite
Test Method:		[testPackage01.Test_NewValidationHelper.f3_1]
###############################################################################################################################################

################################################################################################################################################
Starting Execution:	[108 out of 146] test cases in the current suite
Test Method:		[testPackage01.Test_NewValidationHelper.f4]
###############################################################################################################################################

################################################################################################################################################
Starting Execution:	[109 out of 146] test cases in the current suite
Test Method:		[testPackage01.Test_NewValidationHelper.f5]
###############################################################################################################################################

################################################################################################################################################
Starting Execution:	[110 out of 146] test cases in the current suite
Test Method:		[testPackage01.Test_NewValidationHelper.f6]
###############################################################################################################################################

################################################################################################################################################
Starting Execution:	[111 out of 146] test cases in the current suite
Test Method:		[testPackage01.Test_NewValidationHelper.f6_1]
###############################################################################################################################################

################################################################################################################################################
Starting Execution:	[112 out of 146] test cases in the current suite
Test Method:		[testPackage01.Test_NewValidationHelper.f6_2]
###############################################################################################################################################

################################################################################################################################################
Starting Execution:	[113 out of 146] test cases in the current suite
Test Method:		[testPackage01.Test_NewValidationHelper.f7]
###############################################################################################################################################


################################################################################################################################################
Starting Execution:	[114 out of 146] test cases in the current suite
Test Method:		[testPackage01.Test_NewValidationHelper.f8]
###############################################################################################################################################



################################################################################################################################################
Starting Execution:	[115 out of 146] test cases in the current suite
Test Method:		[testPackage01.Test_NewValidationHelper.f9]
###############################################################################################################################################


################################################################################################################################################
Starting Execution:	[116 out of 146] test cases in the current suite
Test Method:		[testPackage01.Test_NewValidationHelper.forceFail]
###############################################################################################################################################

################################################################################################################################################
Starting Execution:	[117 out of 146] test cases in the current suite
Test Method:		[testPackage01.Test_NewValidationHelper.forceFail2]
###############################################################################################################################################

################################################################################################################################################
Starting Execution:	[118 out of 146] test cases in the current suite
Test Method:		[testPackage01.Test_JsonActions.f]
###############################################################################################################################################

################################################################################################################################################
Starting Execution:	[119 out of 146] test cases in the current suite
Test Method:		[testPackage01.Test_JsonActions.f2]
###############################################################################################################################################

################################################################################################################################################
Starting Execution:	[120 out of 146] test cases in the current suite
Test Method:		[testPackage01.Test_sendGraphqlRequest.sendGraphqlRequestUsingMutationAndVariables]
################################################################################################################################################
[ReportManager] GraphQl Request is being Performed with the Following Parameters [Service URL: https://api.spacex.land/graphql | Request Body: {"variables":"{\"name\": \"sherlock holmes\",\"rocket\": \"221B Baker Street\"}","query":"mutation ($name: String, $rocket: String) {\n  insert_users(objects: {name: $name, rocket: $rocket}) {\n    returning {\n      name\n      rocket\n    }\n  }\n}"}] @07-11-2021 01:59:22.0470 AM
[ReportManager] Response status code: [200], status line: [HTTP/1.1 200 OK] @07-11-2021 01:59:23.0116 AM
[ReportManager] Assertion Passed: Evaluating the actual response status code against the expected one... @07-11-2021 01:59:23.0117 AM
[ReportManager] Assertion [ValidateComparativeRelation] PASSED. Expected [200] and Actual [200]. Comparison Type [EQUALS]. Validation Type [POSITIVE]. @07-11-2021 01:59:23.0117 AM
[ReportManager] API Action [PerformRequest] successfully performed. With the following test data [Request Type: "POST" | Target Status Code: "200" | Service URL: "https://api.spacex.land/graphql" | Content Type: "application/json" | Response Time: "558ms"]. @07-11-2021 01:59:23.0159 AM
[ReportManager] Successfully created attachment [API Request - Specifications] @07-11-2021 01:59:23.0200 AM
[ReportManager] Successfully created attachment [API Request - JSON Body] @07-11-2021 01:59:23.0284 AM
[ReportManager] Successfully created attachment [API Response - JSON Body] @07-11-2021 01:59:23.0324 AM
[ReportManager] API Action [GetResponseJSONValue] successfully performed. With the following test data [data.insert_users.returning[0].name]. @07-11-2021 01:59:23.0371 AM
[ReportManager] Assertion [ValidateEquals] PASSED. Expected [sherlock holmes] and Actual [sherlock holmes]. Comparison Type [EQUALS]. Validation Type [POSITIVE]. @07-11-2021 01:59:23.0371 A

################################################################################################################################################
Starting Execution:	[121 out of 146] test cases in the current suite
Test Method:		[testPackage01.Test_sendGraphqlRequest.sendGraphqlRequestUsingQuery]
################################################################################################################################################
[ReportManager] GraphQl Request is being Performed with the Following Parameters [Service URL: https://api.spacex.land/graphql | Request Body: {"query":"{company {ceo}}"}] @07-11-2021 01:59:23.0535 AM
[ReportManager] Response status code: [200], status line: [HTTP/1.1 200 OK] @07-11-2021 01:59:23.0806 AM
[ReportManager] Assertion Passed: Evaluating the actual response status code against the expected one... @07-11-2021 01:59:23.0807 AM
[ReportManager] Assertion [ValidateComparativeRelation] PASSED. Expected [200] and Actual [200]. Comparison Type [EQUALS]. Validation Type [POSITIVE]. @07-11-2021 01:59:23.0807 AM
[ReportManager] API Action [PerformRequest] successfully performed. With the following test data [Request Type: "POST" | Target Status Code: "200" | Service URL: "https://api.spacex.land/graphql" | Content Type: "application/json" | Response Time: "266ms"]. @07-11-2021 01:59:23.0819 AM
[ReportManager] Successfully created attachment [API Request - Specifications] @07-11-2021 01:59:23.0842 AM
[ReportManager] Successfully created attachment [API Request - JSON Body] @07-11-2021 01:59:23.0843 AM
[ReportManager] Successfully created attachment [API Response - JSON Body] @07-11-2021 01:59:23.0844 AM
[ReportManager] API Action [GetResponseJSONValue] successfully performed. With the following test data [data.company.ceo]. @07-11-2021 01:59:23.0857 AM
[ReportManager] Assertion [ValidateEquals] PASSED. Expected [Elon Musk] and Actual [Elon Musk]. Comparison Type [EQUALS]. Validation Type [POSITIVE]. @07-11-2021 01:59:23.0857 A

################################################################################################################################################
Starting Execution:	[122 out of 146] test cases in the current suite
Test Method:		[testPackage01.Test_MatchJsonSchema.checkAPI_ResponseSchema]
################################################################################################################################################
[ReportManager] Response status code: [200], status line: [HTTP/1.1 200 OK] @07-11-2021 01:59:24.0019 AM
[ReportManager] Assertion Passed: Evaluating the actual response status code against the expected one... @07-11-2021 01:59:24.0019 AM
[ReportManager] Assertion [ValidateComparativeRelation] PASSED. Expected [200] and Actual [200]. Comparison Type [EQUALS]. Validation Type [POSITIVE]. @07-11-2021 01:59:24.0019 AM
[ReportManager] API Action [PerformRequest] successfully performed. With the following test data [Request Type: "GET" | Target Status Code: "200" | Service URL: "http://api.zippopotam.us/us/90210" | Content Type: "*/*" | Response Time: "119ms"]. @07-11-2021 01:59:24.0032 AM
[ReportManager] Successfully created attachment [API Request - Specifications] @07-11-2021 01:59:24.0032 AM
[ReportManager] Successfully created attachment [API Response - JSON Body] @07-11-2021 01:59:24.0033 AM
[ReportManager] File Action [GetAbsolutePath] successfully performed. With the following test data [Relative Folder Path: "src/test/resources/testDataFiles/schema.json"]. @07-11-2021 01:59:24.0034 AM
[ReportManager] File Action [GetAbsolutePath] successfully performed. With the following test data [Relative Folder Path: "/Users/runner/work/SHAFT_ENGINE/SHAFT_ENGINE/src/test/resources/testDataFiles/schema.json"]. @07-11-2021 01:59:25.0150 AM
[ReportManager] File Action [ReadFromFile] successfully performed. With the following test data [File Path: "/Users/runner/work/SHAFT_ENGINE/SHAFT_ENGINE/src/test/resources/testDataFiles/schema.json"]. @07-11-2021 01:59:25.0150 AM
[ReportManager] Assertion Passed: Then I Assert that the API response schema matches that in this file [src/test/resources/testDataFiles/schema.json]. @07-11-2021 01:59:25.0152 AM
[ReportManager] Successfully created attachment [Validation Test Data - Expected JSON Value] @07-11-2021 01:59:25.0153 AM
[ReportManager] Successfully created attachment [Validation Test Data - Actual JSON Value] @07-11-2021 01:59:25.0153 AM
[ReportManager] Assertion [ValidateResponseFileSchema] PASSED. Expected [Response data should match the JSON File in this path '/Users/runner/work/SHAFT_ENGINE/SHAFT_ENGINE/src/test/resources/testDataFiles/schema.json'] and Actual [TRUE]. Comparison Type [EQUALS]. Validation Type [POSITIVE]. @07-11-2021 01:59:25.0153 A
[ReportManager] File Action [GetAbsolutePath] successfully performed. With the following test data [Relative Folder Path: "target/downloadedFiles/"]. @07-11-2021 01:59:25.0156 AM
[ReportManager] Attempting to run locally on: [Mac-64], [Safari], Headless Execution. @07-11-2021 01:59:25.0156 AM
[ReportManager] Successfully Opened Safari. @07-11-2021 01:59:26.0146 AM
[ReportManager] Initial window size: (800, 600) @07-11-2021 01:59:26.0179 AM
[ReportManager] Window size after SWD Maximize: (1176, 811) @07-11-2021 01:59:26.0258 AM
[ReportManager] Browser Action [MaximizeWindow] successfully performed. With the following test data [New screen size is now: (1176, 811)]. @07-11-2021 01:59:26.0258 A

################################################################################################################################################
Starting Execution:	[123 out of 146] test cases in the current suite
Test Method:		[testPackage01.Test_dragAndDrop.dragAndDropJquery]
################################################################################################################################################
[ReportManager] Target URL: [https://jqueryui.com/resources/demos/droppable/default.html] @07-11-2021 01:59:26.0262 AM
[ReportManager] Initial URL: [] @07-11-2021 01:59:26.0313 AM
[ReportManager] Browser Action [NavigateToURL] successfully performed. With the following test data [https://jqueryui.com/resources/demos/droppable/default.html]. @07-11-2021 01:59:26.0971 AM
[ReportManager] Element Action [GetText] successfully performed. With the following test data [
	Drop here
]. @07-11-2021 01:59:27.0005 AM
[ReportManager] Element Action [DragAndDrop] successfully performed. With the following test data [Start point: (8, 18), End point: (8, 18)]. @07-11-2021 01:59:28.0178 AM
[ReportManager] Element Action [GetText] successfully performed. With the following test data [
	Dropped!
]. @07-11-2021 01:59:28.0208 AM
[ReportManager] Assertion Passed: Checking to see if the text has changed after performing drag and drop @07-11-2021 01:59:28.0209 AM
[ReportManager] Assertion [ValidateEquals] PASSED. Expected [
	Drop here
] and Actual [
	Dropped!
]. Comparison Type [EQUALS]. Validation Type [NEGATIVE]. @07-11-2021 01:59:28.0209 A
[ReportManager] Browser Action [CloseCurrentWindow] successfully performed. @07-11-2021 01:59:28.0604 AM
[ReportManager] Successfully created attachment [Browser Action Test Data - CloseCurrentWindow - Actual Value] @07-11-2021 01:59:28.0606 A
[ReportManager] File Action [GetAbsolutePath] successfully performed. With the following test data [Relative Folder Path: "target/downloadedFiles/"]. @07-11-2021 01:59:28.0608 AM
[ReportManager] Attempting to run locally on: [Mac-64], [Safari], Headless Execution. @07-11-2021 01:59:28.0608 AM
[ReportManager] Successfully Opened Safari. @07-11-2021 01:59:29.0410 AM
[ReportManager] Initial window size: (800, 600) @07-11-2021 01:59:29.0421 AM
[ReportManager] Window size after SWD Maximize: (1176, 811) @07-11-2021 01:59:29.0435 AM
[ReportManager] Browser Action [MaximizeWindow] successfully performed. With the following test data [New screen size is now: (1176, 811)]. @07-11-2021 01:59:29.0436 A

################################################################################################################################################
Starting Execution:	[124 out of 146] test cases in the current suite
Test Method:		[testPackage01.Test_dragAndDrop.dragAndDrop]
Test Description:	[TC001 - Test Drag and Drop function.]
################################################################################################################################################
[ReportManager] Target URL: [http://the-internet.herokuapp.com/drag_and_drop] @07-11-2021 01:59:29.0443 AM
[ReportManager] Initial URL: [] @07-11-2021 01:59:29.0492 AM
[ReportManager] Browser Action [NavigateToURL] successfully performed. With the following test data [http://the-internet.herokuapp.com/drag_and_drop]. @07-11-2021 01:59:30.0355 AM
[ReportManager] Attempting Drag and Drop @07-11-2021 01:59:30.0355 AM
[ReportManager] Element Action [DragAndDrop] successfully performed. With the following test data [Start point: (120, 89), End point: (335, 89)]. @07-11-2021 01:59:30.0998 A
[ReportManager] Browser Action [CloseCurrentWindow] successfully performed. @07-11-2021 01:59:31.0393 AM
[ReportManager] Successfully created attachment [Browser Action Test Data - CloseCurrentWindow - Actual Value] @07-11-2021 01:59:31.0394 A
[ReportManager] File Action [GetAbsolutePath] successfully performed. With the following test data [Relative Folder Path: "target/downloadedFiles/"]. @07-11-2021 01:59:31.0396 AM
[ReportManager] Attempting to run locally on: [Mac-64], [Safari], Headless Execution. @07-11-2021 01:59:31.0397 AM
[ReportManager] Successfully Opened Safari. @07-11-2021 01:59:32.0190 AM
[ReportManager] Initial window size: (800, 600) @07-11-2021 01:59:32.0197 AM
[ReportManager] Window size after SWD Maximize: (1176, 811) @07-11-2021 01:59:32.0220 AM
[ReportManager] Browser Action [MaximizeWindow] successfully performed. With the following test data [New screen size is now: (1176, 811)]. @07-11-2021 01:59:32.0220 A

################################################################################################################################################
Starting Execution:	[125 out of 146] test cases in the current suite
Test Method:		[testPackage01.Test_dragAndDrop.dragAndDropByOffset]
Test Description:	[TC002 - Test Drag and Drop by offset function.]
################################################################################################################################################
[ReportManager] Target URL: [https://jqueryui.com/resources/demos/draggable/default.html] @07-11-2021 01:59:32.0224 AM
[ReportManager] Initial URL: [] @07-11-2021 01:59:32.0278 AM
[ReportManager] Browser Action [NavigateToURL] successfully performed. With the following test data [https://jqueryui.com/resources/demos/draggable/default.html]. @07-11-2021 01:59:32.0717 AM
[ReportManager] Element Action [DragAndDropByOffset] successfully performed. With the following test data [Start point: (8, 8), End point: (108, 58)]. @07-11-2021 01:59:33.0469 A
[ReportManager] Browser Action [CloseCurrentWindow] successfully performed. @07-11-2021 01:59:33.0876 AM
[ReportManager] Successfully created attachment [Browser Action Test Data - CloseCurrentWindow - Actual Value] @07-11-2021 01:59:33.0877 A
[ReportManager] Successfully loaded the following test data file [src/test/resources/TestDataFiles/testSuite01/TestData.xlsx]. @07-11-2021 01:59:33.0960 AM
[ReportManager] Successfully created attachment [Test Data - Excel] @07-11-2021 01:59:33.0960 AM
[ReportManager] File Action [GetAbsolutePath] successfully performed. With the following test data [Relative Folder Path: "target/downloadedFiles/"]. @07-11-2021 01:59:33.0960 AM
[ReportManager] Attempting to run locally on: [Mac-64], [Safari], Headless Execution. @07-11-2021 01:59:33.0961 AM
[ReportManager] Successfully Opened Safari. @07-11-2021 01:59:34.0748 AM
[ReportManager] Initial window size: (800, 600) @07-11-2021 01:59:34.0760 AM
[ReportManager] Window size after SWD Maximize: (1176, 811) @07-11-2021 01:59:34.0801 AM
[ReportManager] Browser Action [MaximizeWindow] successfully performed. With the following test data [New screen size is now: (1176, 811)]. @07-11-2021 01:59:34.0801 A

################################################################################################################################################
Starting Execution:	[126 out of 146] test cases in the current suite
Test Method:		[testPackage01.Test_google.navigateToURLandVerifyGoogleLogoIsDisplayed]
Test Description:	[TC001 - Navigate to URL and Verify Google Logo is Displayed]
################################################################################################################################################
[ReportManager] Target URL: [https://www.google.com/ncr], and after redirection: [https://www.google.com] @07-11-2021 01:59:34.0803 AM
[ReportManager] Initial URL: [] @07-11-2021 01:59:34.0856 AM
[ReportManager] Browser Action [NavigateToURL] successfully performed. With the following test data [https://www.google.com/ncr]. @07-11-2021 01:59:36.0147 AM
[ReportManager] Loaded Shared OpenCV @07-11-2021 01:59:36.0215 AM
[ReportManager] Assertion Passed: Then I Assert that the element found by [By.xpath: //*[@id='hplogo' or @alt='Google']] exists. @07-11-2021 01:59:36.0302 AM
[ReportManager] Successfully created attachment [Screenshot - 1636250376215_navigateToURLandVerifyGoogleLogoIsDisplayed_ValidateElementExists_passed] @07-11-2021 01:59:36.0303 AM
[ReportManager] Assertion [ValidateElementExists] PASSED. Expected [Element Should Exist, locator 'By.xpath: //*[@id='hplogo' or @alt='Google']'] and Actual [Element Exists]. Comparison Type [EQUALS]. Validation Type [POSITIVE]. @07-11-2021 01:59:36.0303 A

################################################################################################################################################
Starting Execution:	[127 out of 146] test cases in the current suite
Test Method:		[testPackage01.Test_google.searchForQueryandAssertResultsNumDisplayed]
Test Description:	[TC002 - Search for Query and Assert that the number of results is displayed]
################################################################################################################################################
[ReportManager] Element Action [Type] successfully performed. With the following test data [SHAFT_Engine]. @07-11-2021 01:59:36.0771 AM
[ReportManager] Element Action [KeyPress] successfully performed. With the following test data [Enter]. @07-11-2021 01:59:36.0821 A

################################################################################################################################################
Starting Execution:	[128 out of 146] test cases in the current suite
Test Method:		[testPackage01.Test_google.clickNextThrice]
Test Description:	[TC003 - Clicks the next button to make sure that the framework can scroll element into view before clicking it]
###############################################################################################################################################
[ReportManager] Browser Action [CloseCurrentWindow] successfully performed. @07-11-2021 01:59:37.0180 AM
[ReportManager] Successfully created attachment [Browser Action Test Data - CloseCurrentWindow - Actual Value] @07-11-2021 01:59:37.0181 A

################################################################################################################################################
Starting Execution:	[129 out of 146] test cases in the current suite
Test Method:		[testPackage01.Test_chainableElementActions.chainElementActions]
################################################################################################################################################
[ReportManager] File Action [GetAbsolutePath] successfully performed. With the following test data [Relative Folder Path: "target/downloadedFiles/"]. @07-11-2021 01:59:37.0183 AM
[ReportManager] Attempting to run locally on: [Mac-64], [GoogleChrome], Headless Execution. @07-11-2021 01:59:37.0184 AM
[ReportManager] Identifying OS/Driver combination and selecting the correct driver version automatically. Please note that if a new driver executable will be downloaded it may take some time... @07-11-2021 01:59:37.0185 AM
[ReportManager] Successfully Opened Google Chrome. @07-11-2021 01:59:40.0148 AM
[ReportManager] Initial window size: (1920, 1080) @07-11-2021 01:59:40.0153 AM
[ReportManager] Window size after SWD Maximize: (1920, 1080) @07-11-2021 01:59:40.0364 AM
[ReportManager] Window size after Toolkit: (1920, 1080) @07-11-2021 01:59:40.0694 AM
[ReportManager] Browser Action [MaximizeWindow] successfully performed. With the following test data [New screen size is now: (1920, 1080)]. @07-11-2021 01:59:40.0697 AM
[ReportManager] Target URL: [https://www.google.com/ncr], and after redirection: [https://www.google.com] @07-11-2021 01:59:40.0697 AM
[ReportManager] Initial URL: [data:,] @07-11-2021 01:59:40.0728 AM
[ReportManager] Browser Action [NavigateToURL] successfully performed. With the following test data [https://www.google.com/ncr]. @07-11-2021 01:59:41.0533 AM
[ReportManager] Element Action [Type] successfully performed. With the following test data [chained type 1]. @07-11-2021 01:59:41.0979 AM
[ReportManager] Element Action [Type] successfully performed. With the following test data [chained type 2]. @07-11-2021 01:59:42.0258 AM
[ReportManager] Element Action [TypeAppend] successfully performed. With the following test data [345]. @07-11-2021 01:59:42.0324 AM
[ReportManager] Element Action [GetText] successfully performed. With the following test data [chained type 2345]. @07-11-2021 01:59:42.0397 AM
[ReportManager] Loaded Shared OpenCV @07-11-2021 01:59:42.0795 AM
[ReportManager] Assertion [ValidateElementAttribute] PASSED. Expected [Value Should be 'chained type 2345' for the 'text' attribute, element locator 'By.name: q'] and Actual [chained type 2345]. Comparison Type [EQUALS]. Validation Type [POSITIVE]. @07-11-2021 01:59:42.0964 AM
[ReportManager] Successfully created attachment [Screenshot - 1636250382795_chainElementActions_ValidateElementAttribute_passed] @07-11-2021 01:59:42.0966 AM
[ReportManager] Browser Action [CloseCurrentWindow] successfully performed. @07-11-2021 01:59:43.0217 AM
[ReportManager] Successfully created attachment [Browser Action Test Data - CloseCurrentWindow - Actual Value] @07-11-2021 01:59:43.0218 A
[ReportManager] File Action [GetAbsolutePath] successfully performed. With the following test data [Relative Folder Path: "target/downloadedFiles/"]. @07-11-2021 01:59:43.0225 AM
[ReportManager] Attempting to run locally on: [Mac-64], [Safari], Headless Execution. @07-11-2021 01:59:43.0225 AM
[ReportManager] Successfully Opened Safari. @07-11-2021 01:59:44.0027 AM
[ReportManager] Initial window size: (800, 600) @07-11-2021 01:59:44.0052 AM
[ReportManager] Window size after SWD Maximize: (1176, 811) @07-11-2021 01:59:44.0063 AM
[ReportManager] Browser Action [MaximizeWindow] successfully performed. With the following test data [New screen size is now: (1176, 811)]. @07-11-2021 01:59:44.0063 A

################################################################################################################################################
Starting Execution:	[130 out of 146] test cases in the current suite
Test Method:		[testPackage01.Test_RelativeLocators.relativeLocatorsTest1]
################################################################################################################################################
[ReportManager] Target URL: [https://duckduckgo.com/] @07-11-2021 01:59:44.0073 AM
[ReportManager] Initial URL: [] @07-11-2021 01:59:44.0116 AM
[ReportManager] Browser Action [NavigateToURL] successfully performed. With the following test data [https://duckduckgo.com/]. @07-11-2021 01:59:44.0724 AM
[ReportManager] Element Action [Type] successfully performed. With the following test data [SHAFT_Engine]. @07-11-2021 01:59:45.0047 AM
[ReportManager] Element Action [KeyPress] successfully performed. With the following test data [ENTER]. @07-11-2021 01:59:45.0105 A
[ReportManager] Browser Action [CloseCurrentWindow] successfully performed. @07-11-2021 01:59:47.0023 AM
[ReportManager] Successfully created attachment [Browser Action Test Data - CloseCurrentWindow - Actual Value] @07-11-2021 01:59:47.0024 A

################################################################################################################################################
Starting Execution:	[131 out of 146] test cases in the current suite
Test Method:		[testPackage01.Test_JsonCompareWithSpecialCharacters.specialCharacters]
################################################################################################################################################
[ReportManager] File Action [GetAbsolutePath] successfully performed. With the following test data [Relative Folder Path: "src/test/resources/testDataFiles/specialCharacters.json"]. @07-11-2021 01:59:47.0029 AM
[ReportManager] File Action [ReadFromFile] successfully performed. With the following test data [File Path: "/Users/runner/work/SHAFT_ENGINE/SHAFT_ENGINE/src/test/resources/testDataFiles/specialCharacters.json"]. @07-11-2021 01:59:47.0029 AM
[ReportManager] Successfully created attachment [File Action Actual Result - Command Log] @07-11-2021 01:59:47.0030 AM
[ReportManager] Comparing the provided API response with the file at this path "src/test/resources/testDataFiles/specialCharacters.json", comparison type "EQUALS" @07-11-2021 01:59:47.0031 AM
[ReportManager] API Action [CompareJSON] successfully performed. With the following test data [src/test/resources/testDataFiles/specialCharacters.json]. @07-11-2021 01:59:47.0037 AM
[ReportManager] File Action [GetAbsolutePath] successfully performed. With the following test data [Relative Folder Path: "src/test/resources/testDataFiles/specialCharacters.json"]. @07-11-2021 01:59:47.0037 AM
[ReportManager] File Action [ReadFromFile] successfully performed. With the following test data [File Path: "/Users/runner/work/SHAFT_ENGINE/SHAFT_ENGINE/src/test/resources/testDataFiles/specialCharacters.json"]. @07-11-2021 01:59:47.0037 AM
[ReportManager] Verification [ValidateJSONFileContent] PASSED. Expected [Response data should match the JSON File in this path 'src/test/resources/testDataFiles/specialCharacters.json'] and Actual [TRUE]. Comparison Type [EQUALS]. Validation Type [POSITIVE]. @07-11-2021 01:59:47.0042 AM
[ReportManager] Successfully created attachment [Validation Test Data - Expected JSON Value] @07-11-2021 01:59:47.0043 AM
[ReportManager] Successfully created attachment [Validation Test Data - Actual JSON Value] @07-11-2021 01:59:47.0043 A

################################################################################################################################################
Starting Execution:	[132 out of 146] test cases in the current suite
Test Method:		[testPackage01.Test_JsonCompareWithSpecialCharacters.specialCharacters_assertion]
################################################################################################################################################
[ReportManager] File Action [GetAbsolutePath] successfully performed. With the following test data [Relative Folder Path: "src/test/resources/testDataFiles/specialCharacters.json"]. @07-11-2021 01:59:47.0046 AM
[ReportManager] File Action [ReadFromFile] successfully performed. With the following test data [File Path: "/Users/runner/work/SHAFT_ENGINE/SHAFT_ENGINE/src/test/resources/testDataFiles/specialCharacters.json"]. @07-11-2021 01:59:47.0046 AM
[ReportManager] Successfully created attachment [File Action Actual Result - Command Log] @07-11-2021 01:59:47.0047 AM
[ReportManager] Comparing the provided API response with the file at this path "src/test/resources/testDataFiles/specialCharacters.json", comparison type "CONTAINS" @07-11-2021 01:59:47.0047 AM
[ReportManager] API Action [CompareJSON] successfully performed. With the following test data [src/test/resources/testDataFiles/specialCharacters.json]. @07-11-2021 01:59:47.0057 AM
[ReportManager] File Action [GetAbsolutePath] successfully performed. With the following test data [Relative Folder Path: "src/test/resources/testDataFiles/specialCharacters.json"]. @07-11-2021 01:59:47.0057 AM
[ReportManager] File Action [ReadFromFile] successfully performed. With the following test data [File Path: "/Users/runner/work/SHAFT_ENGINE/SHAFT_ENGINE/src/test/resources/testDataFiles/specialCharacters.json"]. @07-11-2021 01:59:47.0057 AM
[ReportManager] Assertion Passed: trying out the log message @07-11-2021 01:59:47.0061 AM
[ReportManager] Successfully created attachment [Validation Test Data - Expected JSON Value] @07-11-2021 01:59:47.0061 AM
[ReportManager] Successfully created attachment [Validation Test Data - Actual JSON Value] @07-11-2021 01:59:47.0062 AM
[ReportManager] Assertion [ValidateJSONFileContent] PASSED. Expected [Response data should match the JSON File in this path 'src/test/resources/testDataFiles/specialCharacters.json'] and Actual [TRUE]. Comparison Type [CONTAINS]. Validation Type [POSITIVE]. @07-11-2021 01:59:47.0062 A

################################################################################################################################################
Starting Execution:	[133 out of 146] test cases in the current suite
Test Method:		[testPackage01.Test_SkipDueToIssue.doNotSkip]
################################################################################################################################################
[ReportManager] This should not be skipped. @07-11-2021 01:59:47.0065 A

################################################################################################################################################
Starting Execution:	[134 out of 146] test cases in the current suite
Test Method:		[testPackage01.Test_SkipDueToIssue.skip]
################################################################################################################################################
[ReportManager] This should be skipped. @07-11-2021 01:59:47.0071 A

################################################################################################################################################
Starting Execution:	[135 out of 146] test cases in the current suite
Test Method:		[testPackage01.Test_SkipDueToIssue.skip2]
################################################################################################################################################
[ReportManager] This should be skipped. @07-11-2021 01:59:47.0076 A

################################################################################################################################################
Starting Execution:	[136 out of 146] test cases in the current suite
Test Method:		[testPackage01.Test_JSONFileManager.readStringFromJson]
################################################################################################################################################
[ReportManager] File Action [GetAbsolutePath] successfully performed. With the following test data [Relative Folder Path: "src/test/resources/testDataFiles/simpleJSON.json"]. @07-11-2021 01:59:47.0081 AM
[ReportManager] Successfully loaded the following test data file [src/test/resources/testDataFiles/simpleJSON.json]. @07-11-2021 01:59:47.0081 AM
[ReportManager] Successfully created attachment [Test Data - JSON] @07-11-2021 01:59:47.0082 AM
[ReportManager] File Action [GetAbsolutePath] successfully performed. With the following test data [Relative Folder Path: "src/test/resources/testDataFiles/simpleJSON.json"]. @07-11-2021 01:59:47.0083 AM
[ReportManager] Assertion [ValidateEquals] PASSED. Expected [Mohab Mohie] and Actual [Mohab Mohie]. Comparison Type [EQUALS]. Validation Type [POSITIVE]. @07-11-2021 01:59:47.0095 A
[ReportManager] File Action [GetAbsolutePath] successfully performed. With the following test data [Relative Folder Path: "target/downloadedFiles/"]. @07-11-2021 01:59:47.0097 AM
[ReportManager] Attempting to run locally on: [Mac-64], [Safari], Headless Execution. @07-11-2021 01:59:47.0098 AM
[ReportManager] Successfully Opened Safari. @07-11-2021 01:59:47.0911 AM
[ReportManager] Initial window size: (800, 600) @07-11-2021 01:59:47.0928 AM
[ReportManager] Window size after SWD Maximize: (1176, 811) @07-11-2021 01:59:47.0943 AM
[ReportManager] Browser Action [MaximizeWindow] successfully performed. With the following test data [New screen size is now: (1176, 811)]. @07-11-2021 01:59:47.0943 A

################################################################################################################################################
Starting Execution:	[137 out of 146] test cases in the current suite
Test Method:		[testPackage01.Test_assertEquals.test_assertElementAttribute]
################################################################################################################################################
[ReportManager] Target URL: [https://www.google.com/ncr], and after redirection: [https://www.google.com] @07-11-2021 01:59:47.0964 AM
[ReportManager] Initial URL: [] @07-11-2021 01:59:47.0990 AM
[ReportManager] Browser Action [NavigateToURL] successfully performed. With the following test data [https://www.google.com/ncr]. @07-11-2021 01:59:48.0747 AM
[ReportManager] Element Action [Type] successfully performed. With the following test data [INC_004010050:Another SCHEDULER with the same name [Duplicate Job Name] already exists.]. @07-11-2021 01:59:51.0239 AM
[ReportManager] Element Action [GetText] successfully performed. With the following test data [INC_004010050:Another SCHEDULER with the same name [Duplicate Job Name] already exists.]. @07-11-2021 01:59:51.0287 AM
[ReportManager] Loaded Shared OpenCV @07-11-2021 01:59:51.0335 AM
[ReportManager] Assertion [ValidateElementAttribute] PASSED. Expected [Value Should be 'INC_004010050:Another SCHEDULER with the same name \[Duplicate Job Name\] already exists.' for the 'text' attribute, element locator 'By.name: q'] and Actual [INC_004010050:Another SCHEDULER with the same name [Duplicate Job Name] already exists.]. Comparison Type [MATCHES]. Validation Type [POSITIVE]. @07-11-2021 01:59:51.0428 AM
[ReportManager] Successfully created attachment [Screenshot - 1636250391334_test_assertElementAttribute_ValidateElementAttribute_passed] @07-11-2021 01:59:51.0429 A
[ReportManager] Browser Action [CloseCurrentWindow] successfully performed. @07-11-2021 01:59:51.0637 AM
[ReportManager] Successfully created attachment [Browser Action Test Data - CloseCurrentWindow - Actual Value] @07-11-2021 01:59:51.0638 A
[ReportManager] File Action [GetAbsolutePath] successfully performed. With the following test data [Relative Folder Path: "target/downloadedFiles/"]. @07-11-2021 01:59:51.0641 AM
[ReportManager] Attempting to run locally on: [Mac-64], [Safari], Headless Execution. @07-11-2021 01:59:51.0641 AM
[ReportManager] Successfully Opened Safari. @07-11-2021 01:59:52.0445 AM
[ReportManager] Initial window size: (800, 600) @07-11-2021 01:59:52.0454 AM
[ReportManager] Window size after SWD Maximize: (1176, 811) @07-11-2021 01:59:52.0481 AM
[ReportManager] Browser Action [MaximizeWindow] successfully performed. With the following test data [New screen size is now: (1176, 811)]. @07-11-2021 01:59:52.0482 A

################################################################################################################################################
Starting Execution:	[138 out of 146] test cases in the current suite
Test Method:		[testPackage01.Test_IsElementClickable.testIsElementClickable]
################################################################################################################################################
[ReportManager] Target URL: [https://the-internet.herokuapp.com/] @07-11-2021 01:59:52.0486 AM
[ReportManager] Initial URL: [] @07-11-2021 01:59:52.0555 AM
[ReportManager] Browser Action [NavigateToURL] successfully performed. With the following test data [https://the-internet.herokuapp.com/]. @07-11-2021 01:59:53.0686 AM
[ReportManager] Element Action [IsElementClickable] successfully performed. @07-11-2021 01:59:53.0769 AM
[ReportManager] Assertion [ValidateTrue] PASSED. Expected [TRUE] and Actual [TRUE]. Validation Type [POSITIVE]. @07-11-2021 01:59:53.0770 A
[ReportManager] Browser Action [CloseCurrentWindow] successfully performed. @07-11-2021 01:59:54.0124 AM
[ReportManager] Successfully created attachment [Browser Action Test Data - CloseCurrentWindow - Actual Value] @07-11-2021 01:59:54.0125 A
[ReportManager] Successfully loaded the following test data file [src/test/resources/TestDataFiles/testSuite01/TestData.xlsx]. @07-11-2021 01:59:54.0154 AM
[ReportManager] Successfully created attachment [Test Data - Excel] @07-11-2021 01:59:54.0155 AM
[ReportManager] Attempting to run using Playwright locally on: [Mac-64], [Safari], Headless Execution. @07-11-2021 02:00:18.0958 AM
[ReportManager] File Action [GetAbsolutePath] successfully performed. With the following test data [Relative Folder Path: "target/downloadedFiles/"]. @07-11-2021 02:00:18.0959 AM
[ReportManager] Initial window size: (1280, 720) @07-11-2021 02:00:25.0358 AM
[ReportManager] Window size after Toolkit: com.microsoft.playwright.options.ViewportSize@2771fba2 @07-11-2021 02:00:25.0370 AM
[ReportManager] Browser Action [MaximizeWindow] successfully performed. With the following test data [New screen size is now: (1920, 1080)]. @07-11-2021 02:00:25.0370 A

################################################################################################################################################
Starting Execution:	[139 out of 146] test cases in the current suite
Test Method:		[testPackage01.Test_google_playwright.navigateToURLandVerifyGoogleLogoIsDisplayed]
Test Description:	[TC001 - Navigate to URL and Verify Google Logo is Displayed]
################################################################################################################################################
[ReportManager] Target URL: [https://www.google.com/ncr], and after redirection: [https://www.google.com] @07-11-2021 02:00:25.0374 AM
[ReportManager] Initial URL: [about:blank] @07-11-2021 02:00:25.0931 AM
[ReportManager] Browser Action [NavigateToURL] successfully performed. With the following test data [https://www.google.com/ncr]. @07-11-2021 02:00:27.0605 AM
[ReportManager] Loaded Shared OpenCV @07-11-2021 02:00:27.0694 AM
[ReportManager] Assertion [ValidateElementExists] PASSED. Expected [Element Should Exist, locator 'xpath=//*[@id='hplogo' or @alt='Google']'] and Actual [Element Exists]. Comparison Type [EQUALS]. Validation Type [POSITIVE]. @07-11-2021 02:00:27.0857 AM
[ReportManager] Successfully created attachment [Screenshot - 1636250427690_navigateToURLandVerifyGoogleLogoIsDisplayed_ValidateElementExists_passed] @07-11-2021 02:00:27.0858 A

################################################################################################################################################
Starting Execution:	[140 out of 146] test cases in the current suite
Test Method:		[testPackage01.Test_google_playwright.searchForQueryandAssertResultsNumDisplayed]
Test Description:	[TC002 - Search for Query and Assert that the number of results is displayed]
################################################################################################################################################
[ReportManager] Element Action [Type] successfully performed. With the following test data [SHAFT_Engine]. @07-11-2021 02:00:28.0093 AM
[ReportManager] Element Action [KeyPress] successfully performed. With the following test data [Enter]. @07-11-2021 02:00:28.0135 AM
[ReportManager] Element Action [GetText] successfully performed. With the following test data [About 853,000 results (0.62 seconds)Â 
]. @07-11-2021 02:00:29.0726 AM
[ReportManager] Loaded Shared OpenCV @07-11-2021 02:00:30.0337 AM
[ReportManager] Assertion [ValidateElementAttribute] PASSED. Expected [Value Should not be '' for the 'text' attribute, element locator 'xpath=//div[@id='appbar']'] and Actual [About 853,000 results (0.62 seconds)Â 
]. Comparison Type [EQUALS]. Validation Type [NEGATIVE]. @07-11-2021 02:00:30.0530 AM
[ReportManager] Successfully created attachment [Screenshot - 1636250430336_searchForQueryandAssertResultsNumDisplayed_ValidateElementAttribute_passed] @07-11-2021 02:00:30.0532 A

################################################################################################################################################
Starting Execution:	[141 out of 146] test cases in the current suite
Test Method:		[testPackage01.Test_google_playwright.clickNextThrice]
Test Description:	[TC003 - Clicks the next button to make sure that the framework can scroll element into view before clicking it]
################################################################################################################################################
[ReportManager] Element Action [Click] successfully performed. With the following test data [Next]. @07-11-2021 02:00:30.0857 A
[ReportManager] Failed to find video recording. @07-11-2021 02:00:30.0859 AM
[ReportManager] Successfully Closed PlayWright Driver. @07-11-2021 02:00:30.0903 A
[ReportManager] File Action [GetAbsolutePath] successfully performed. With the following test data [Relative Folder Path: "target/downloadedFiles/"]. @07-11-2021 02:00:30.0946 AM
[ReportManager] Attempting to run locally on: [Mac-64], [Safari], Headless Execution. @07-11-2021 02:00:30.0946 AM
[ReportManager] Successfully Opened Safari. @07-11-2021 02:00:31.0757 AM
[ReportManager] Initial window size: (800, 600) @07-11-2021 02:00:31.0763 AM
[ReportManager] Window size after SWD Maximize: (1176, 811) @07-11-2021 02:00:31.0778 AM
[ReportManager] Browser Action [MaximizeWindow] successfully performed. With the following test data [New screen size is now: (1176, 811)]. @07-11-2021 02:00:31.0779 A

################################################################################################################################################
Starting Execution:	[142 out of 146] test cases in the current suite
Test Method:		[testPackage01.Test_verifyEquals.test_assertElementAttribute]
################################################################################################################################################
[ReportManager] Target URL: [https://www.google.com/ncr], and after redirection: [https://www.google.com] @07-11-2021 02:00:31.0781 AM
[ReportManager] Initial URL: [] @07-11-2021 02:00:31.0821 AM
[ReportManager] Browser Action [NavigateToURL] successfully performed. With the following test data [https://www.google.com/ncr]. @07-11-2021 02:00:32.0956 AM
[ReportManager] Element Action [Type] successfully performed. With the following test data [INC_004010050:Another SCHEDULER with the same name [Duplicate Job Name] already exists.]. @07-11-2021 02:00:35.0343 AM
[ReportManager] Element Action [GetText] successfully performed. With the following test data [INC_004010050:Another SCHEDULER with the same name [Duplicate Job Name] already exists.]. @07-11-2021 02:00:35.0384 AM
[ReportManager] Loaded Shared OpenCV @07-11-2021 02:00:35.0427 AM
[ReportManager] Verification [ValidateElementAttribute] PASSED. Expected [Value Should be 'INC_004010050:Another SCHEDULER with the same name \[Duplicate Job Name\] already exists.' for the 'text' attribute, element locator 'By.name: q'] and Actual [INC_004010050:Another SCHEDULER with the same name [Duplicate Job Name] already exists.]. Comparison Type [MATCHES]. Validation Type [POSITIVE]. @07-11-2021 02:00:35.0515 AM
[ReportManager] Successfully created attachment [Screenshot - 1636250435427_test_assertElementAttribute_ValidateElementAttribute_passed] @07-11-2021 02:00:35.0516 A
[ReportManager] Browser Action [CloseCurrentWindow] successfully performed. @07-11-2021 02:00:35.0893 AM
[ReportManager] Successfully created attachment [Browser Action Test Data - CloseCurrentWindow - Actual Value] @07-11-2021 02:00:35.0894 A

################################################################################################################################################
Starting Execution:	[143 out of 146] test cases in the current suite
Test Method:		[testPackage01.Test_SelectedValue.multipleSelect]
################################################################################################################################################
[ReportManager] File Action [GetAbsolutePath] successfully performed. With the following test data [Relative Folder Path: "target/downloadedFiles/"]. @07-11-2021 02:00:35.0898 AM
[ReportManager] Attempting to run locally on: [Mac-64], [GoogleChrome], Headless Execution. @07-11-2021 02:00:35.0898 AM
[ReportManager] Identifying OS/Driver combination and selecting the correct driver version automatically. Please note that if a new driver executable will be downloaded it may take some time... @07-11-2021 02:00:35.0898 AM
[ReportManager] Successfully Opened Google Chrome. @07-11-2021 02:00:36.0465 AM
[ReportManager] Initial window size: (1920, 1080) @07-11-2021 02:00:36.0469 AM
[ReportManager] Window size after SWD Maximize: (1920, 1080) @07-11-2021 02:00:36.0721 AM
[ReportManager] Window size after Toolkit: (1920, 1080) @07-11-2021 02:00:37.0337 AM
[ReportManager] Browser Action [MaximizeWindow] successfully performed. With the following test data [New screen size is now: (1920, 1080)]. @07-11-2021 02:00:37.0340 AM
[ReportManager] Target URL: [https://yari-demos.prod.mdn.mozit.cloud/en-US/docs/Web/HTML/Element/select/_sample_.Advanced_select_with_multiple_features.html] @07-11-2021 02:00:37.0340 AM
[ReportManager] Initial URL: [data:,] @07-11-2021 02:00:37.0371 AM
[ReportManager] Browser Action [NavigateToURL] successfully performed. With the following test data [https://yari-demos.prod.mdn.mozit.cloud/en-US/docs/Web/HTML/Element/select/_sample_.Advanced_select_with_multiple_features.html]. @07-11-2021 02:00:37.0675 AM
[ReportManager] Element Action [Select] successfully performed. With the following test data [Dog]. @07-11-2021 02:00:37.0890 AM
[ReportManager] Element Action [Select] successfully performed. With the following test data [Cat]. @07-11-2021 02:00:38.0080 AM
[ReportManager] Element Action [GetSelectedText] successfully performed. With the following test data [DogCat]. @07-11-2021 02:00:38.0174 AM
[ReportManager] DogCat @07-11-2021 02:00:38.0174 AM
[ReportManager] Element Action [GetSelectedText] successfully performed. With the following test data [DogCat]. @07-11-2021 02:00:38.0254 AM
[ReportManager] Loaded Shared OpenCV @07-11-2021 02:00:38.0627 AM
[ReportManager] Assertion [ValidateElementAttribute] PASSED. Expected [Value Should be 'DogCat' for the 'selectedText' attribute, element locator 'By.tagName: select'] and Actual [DogCat]. Comparison Type [EQUALS]. Validation Type [POSITIVE]. @07-11-2021 02:00:38.0809 AM
[ReportManager] Successfully created attachment [Screenshot - 1636250438627_multipleSelect_ValidateElementAttribute_passed] @07-11-2021 02:00:38.0810 AM
[ReportManager] Browser Action [CloseCurrentWindow] successfully performed. @07-11-2021 02:00:38.0959 AM
[ReportManager] Successfully created attachment [Browser Action Test Data - CloseCurrentWindow - Actual Value] @07-11-2021 02:00:38.0959 A

################################################################################################################################################
Starting Execution:	[144 out of 146] test cases in the current suite
Test Method:		[testPackage01.Test_SelectedValue.simpleSelect]
################################################################################################################################################
[ReportManager] File Action [GetAbsolutePath] successfully performed. With the following test data [Relative Folder Path: "target/downloadedFiles/"]. @07-11-2021 02:00:38.0963 AM
[ReportManager] Attempting to run locally on: [Mac-64], [GoogleChrome], Headless Execution. @07-11-2021 02:00:38.0963 AM
[ReportManager] Identifying OS/Driver combination and selecting the correct driver version automatically. Please note that if a new driver executable will be downloaded it may take some time... @07-11-2021 02:00:38.0963 AM
[ReportManager] Successfully Opened Google Chrome. @07-11-2021 02:00:39.0414 AM
[ReportManager] Initial window size: (1920, 1080) @07-11-2021 02:00:39.0418 AM
[ReportManager] Window size after SWD Maximize: (1920, 1080) @07-11-2021 02:00:39.0559 AM
[ReportManager] Window size after Toolkit: (1920, 1080) @07-11-2021 02:00:39.0934 AM
[ReportManager] Browser Action [MaximizeWindow] successfully performed. With the following test data [New screen size is now: (1920, 1080)]. @07-11-2021 02:00:39.0937 AM
[ReportManager] Target URL: [https://yari-demos.prod.mdn.mozit.cloud/en-US/docs/Web/HTML/Element/select/_sample_.Basic_select.html] @07-11-2021 02:00:39.0937 AM
[ReportManager] Initial URL: [data:,] @07-11-2021 02:00:39.0966 AM
[ReportManager] Browser Action [NavigateToURL] successfully performed. With the following test data [https://yari-demos.prod.mdn.mozit.cloud/en-US/docs/Web/HTML/Element/select/_sample_.Basic_select.html]. @07-11-2021 02:00:40.0152 AM
[ReportManager] Element Action [Select] successfully performed. With the following test data [Third Value]. @07-11-2021 02:00:40.0411 AM
[ReportManager] Element Action [GetSelectedText] successfully performed. With the following test data [Third Value]. @07-11-2021 02:00:40.0478 AM
[ReportManager] Third Value @07-11-2021 02:00:40.0478 AM
[ReportManager] Element Action [GetSelectedText] successfully performed. With the following test data [Third Value]. @07-11-2021 02:00:40.0538 AM
[ReportManager] Loaded Shared OpenCV @07-11-2021 02:00:40.0924 AM
[ReportManager] Assertion [ValidateElementAttribute] PASSED. Expected [Value Should be 'Third Value' for the 'selectedText' attribute, element locator 'By.tagName: select'] and Actual [Third Value]. Comparison Type [EQUALS]. Validation Type [POSITIVE]. @07-11-2021 02:00:41.0126 AM
[ReportManager] Successfully created attachment [Screenshot - 1636250440924_simpleSelect_ValidateElementAttribute_passed] @07-11-2021 02:00:41.0127 AM
[ReportManager] Browser Action [CloseCurrentWindow] successfully performed. @07-11-2021 02:00:41.0340 AM
[ReportManager] Successfully created attachment [Browser Action Test Data - CloseCurrentWindow - Actual Value] @07-11-2021 02:00:41.0341 A
[ReportManager] File Action [GetAbsolutePath] successfully performed. With the following test data [Relative Folder Path: "target/downloadedFiles/"]. @07-11-2021 02:00:41.0343 AM
[ReportManager] Attempting to run locally on: [Mac-64], [Safari], Headless Execution. @07-11-2021 02:00:41.0343 AM
[ReportManager] Successfully Opened Safari. @07-11-2021 02:00:42.0341 AM
[ReportManager] Initial window size: (800, 600) @07-11-2021 02:00:42.0365 AM
[ReportManager] Window size after SWD Maximize: (1176, 811) @07-11-2021 02:00:42.0381 AM
[ReportManager] Browser Action [MaximizeWindow] successfully performed. With the following test data [New screen size is now: (1176, 811)]. @07-11-2021 02:00:42.0381 A

################################################################################################################################################
Starting Execution:	[145 out of 146] test cases in the current suite
Test Method:		[testPackage01.Test_dynamicLoading.dynamicLoading_elementIsHidden]
################################################################################################################################################
[ReportManager] Target URL: [https://the-internet.herokuapp.com/dynamic_loading/1] @07-11-2021 02:00:42.0401 AM
[ReportManager] Initial URL: [] @07-11-2021 02:00:42.0452 AM
[ReportManager] Browser Action [NavigateToURL] successfully performed. With the following test data [https://the-internet.herokuapp.com/dynamic_loading/1]. @07-11-2021 02:00:43.0544 AM
[ReportManager] Element Action [Click] successfully performed. With the following test data [Start]. @07-11-2021 02:00:43.0790 AM
[ReportManager] Element Action [GetText] successfully performed. With the following test data [
    Hello World!
  ]. @07-11-2021 02:00:43.0820 A
[ReportManager] Browser Action [CloseCurrentWindow] successfully performed. @07-11-2021 02:00:44.0264 AM
[ReportManager] Successfully created attachment [Browser Action Test Data - CloseCurrentWindow - Actual Value] @07-11-2021 02:00:44.0265 A
[ReportManager] File Action [GetAbsolutePath] successfully performed. With the following test data [Relative Folder Path: "target/downloadedFiles/"]. @07-11-2021 02:00:44.0266 AM
[ReportManager] Attempting to run locally on: [Mac-64], [Safari], Headless Execution. @07-11-2021 02:00:44.0267 AM
[ReportManager] Successfully Opened Safari. @07-11-2021 02:00:45.0030 AM
[ReportManager] Initial window size: (800, 600) @07-11-2021 02:00:45.0044 AM
[ReportManager] Window size after SWD Maximize: (1176, 811) @07-11-2021 02:00:45.0061 AM
[ReportManager] Browser Action [MaximizeWindow] successfully performed. With the following test data [New screen size is now: (1176, 811)]. @07-11-2021 02:00:45.0062 A

################################################################################################################################################
Starting Execution:	[146 out of 146] test cases in the current suite
Test Method:		[testPackage01.Test_dynamicLoading.dynamicLoading_elementIsRendered]
################################################################################################################################################
[ReportManager] Target URL: [https://the-internet.herokuapp.com/dynamic_loading/2] @07-11-2021 02:00:45.0064 AM
[ReportManager] Initial URL: [] @07-11-2021 02:00:45.0131 AM
[ReportManager] Browser Action [NavigateToURL] successfully performed. With the following test data [https://the-internet.herokuapp.com/dynamic_loading/2]. @07-11-2021 02:00:46.0158 AM
[ReportManager] Element Action [Click] successfully performed. With the following test data [Start]. @07-11-2021 02:00:46.0402 A
[ReportManager] Browser Action [CloseCurrentWindow] successfully performed. @07-11-2021 02:00:46.0750 AM
[ReportManager] Successfully created attachment [Browser Action Test Data - CloseCurrentWindow - Actual Value] @07-11-2021 02:00:46.0751 A
[ReportManager] Successfully created attachment [SHAFT Engine Logs - Execution log] @07-11-2021 02:00:46.0783 AM

################################################################################################################################################
This test run was powered by SHAFT Engine Version: [SHAFT Engine v5.4.20211030-BETA]
SHAFT Engine is licensed under the MIT License: [https://github.com/MohabMohie/SHAFT_ENGINE/blob/master/LICENSE].
################################################################################################################################################