################################################################################################################################################
Detected SHAFT Engine Version: [SHAFT Engine v5.4.20211202-BETA]
################################################################################################################################################
[ReportManager] File Action [GetAbsolutePath] successfully performed. With the following test data [Relative Folder Path: "target/downloadedFiles/"]. @24-12-2021 01:55:10.0656 AM
[ReportManager] Attempting to run locally on: [Mac-64], [Safari], Headless Execution. @24-12-2021 01:55:10.0672 AM
[ReportManager] Successfully Opened Safari. @24-12-2021 01:55:15.0445 AM
[ReportManager] Initial window size: (800, 600) @24-12-2021 01:55:15.0479 AM
[ReportManager] Window size after SWD Maximize: (1176, 802) @24-12-2021 01:55:15.0536 AM
[ReportManager] Browser Action [MaximizeWindow] successfully performed. With the following test data [New screen size is now: (1176, 802)]. @24-12-2021 01:55:15.0557 A

################################################################################################################################################
Starting Execution:	[1 out of 146] test cases in the current suite
Test Method:		[unitTests.tests_element_elementActions.waitForElementToBePresent_false_expectedToFail]
################################################################################################################################################
[ReportManager] Target URL: [https://www.google.com/ncr], and after redirection: [www.google.com] @24-12-2021 01:55:15.0722 AM
[ReportManager] Initial URL: [] @24-12-2021 01:55:15.0784 AM
[ReportManager] Browser Action [NavigateToURL] successfully performed. With the following test data [https://www.google.com/ncr]. @24-12-2021 01:55:20.0661 AM
[ReportManager] Waiting for element to be present; elementLocator [By.xpath: //*[@id='hplogo' or @alt='Google']], numberOfTries[1], stateOfPresence[false]... @24-12-2021 01:55:20.0672 AM
[ReportManager] Element Action [WaitForElementToBePresent] failed. With the following test data [waited for the element's state of presence to be (false). Element locator (By.xpath: //*[@id='hplogo' or @alt='Google'])]. @24-12-2021 01:55:22.0443 AM
[ReportManager] Successfully created attachment [Screenshot - 1640310920858_waitForElementToBePresent_false_expectedToFail_WaitForElementToBePresent_failed] @24-12-2021 01:55:22.0460 A
[ReportManager] Browser Action [CloseCurrentWindow] successfully performed. @24-12-2021 01:55:22.0725 AM
[ReportManager] Successfully created attachment [Browser Action Test Data - CloseCurrentWindow - Actual Value] @24-12-2021 01:55:22.0726 A
[ReportManager] File Action [GetAbsolutePath] successfully performed. With the following test data [Relative Folder Path: "target/downloadedFiles/"]. @24-12-2021 01:55:22.0739 AM
[ReportManager] Attempting to run locally on: [Mac-64], [Safari], Headless Execution. @24-12-2021 01:55:22.0740 AM
[ReportManager] Successfully Opened Safari. @24-12-2021 01:55:23.0759 AM
[ReportManager] Initial window size: (800, 600) @24-12-2021 01:55:23.0778 AM
[ReportManager] Window size after SWD Maximize: (1176, 803) @24-12-2021 01:55:23.0826 AM
[ReportManager] Browser Action [MaximizeWindow] successfully performed. With the following test data [New screen size is now: (1176, 803)]. @24-12-2021 01:55:23.0827 A

################################################################################################################################################
Starting Execution:	[2 out of 146] test cases in the current suite
Test Method:		[unitTests.tests_element_elementActions.waitForElementToBePresent_false_expectedToPass]
################################################################################################################################################
[ReportManager] Target URL: [https://www.google.com/ncr], and after redirection: [www.google.com] @24-12-2021 01:55:23.0835 AM
[ReportManager] Initial URL: [] @24-12-2021 01:55:23.0922 AM
[ReportManager] Browser Action [NavigateToURL] successfully performed. With the following test data [https://www.google.com/ncr]. @24-12-2021 01:55:28.0010 AM
[ReportManager] Waiting for element to be present; elementLocator [By.id: bla], numberOfTries[1], stateOfPresence[false]... @24-12-2021 01:55:28.0010 AM
[ReportManager] org.openqa.selenium.TimeoutException:
Expected condition failed: waiting for com.shaft.gui.element.ElementActionsHelper$$Lambda$625/0x000000080113ef48@113e6e06 (tried for 5 second(s) with 1000 milliseconds interval)
org.openqa.selenium.support.ui.FluentWait.timeoutException(FluentWait.java:263)
org.openqa.selenium.support.ui.FluentWait.until(FluentWait.java:231)
com.shaft.gui.element.ElementActionsHelper.waitForElementPresence(ElementActionsHelper.java:63)
com.shaft.gui.element.ElementActionsHelper.waitForElementPresence(ElementActionsHelper.java:37)
com.shaft.gui.element.WebDriverElementActions.getMatchingElementsCount(WebDriverElementActions.java:1468)
com.shaft.gui.element.WebDriverElementActions.waitForElementToBePresent(WebDriverElementActions.java:1293)
com.shaft.gui.element.ElementActions.waitForElementToBePresent(ElementActions.java:622)
unitTests.tests_element_elementActions.waitForElementToBePresent_false_expectedToPass(tests_element_elementActions.java:48)
java.base/jdk.internal.reflect.NativeMethodAccessorImpl.invoke0(Native Method)
java.base/jdk.internal.reflect.NativeMethodAccessorImpl.invoke(NativeMethodAccessorImpl.java:77)
java.base/jdk.internal.reflect.DelegatingMethodAccessorImpl.invoke(DelegatingMethodAccessorImpl.java:43)
java.base/java.lang.reflect.Method.invoke(Method.java:568)
org.testng.internal.MethodInvocationHelper.invokeMethod(MethodInvocationHelper.java:133)
org.testng.internal.TestInvoker.invokeMethod(TestInvoker.java:598)
org.testng.internal.TestInvoker.invokeTestMethod(TestInvoker.java:173)
org.testng.internal.MethodRunner.runInSequence(MethodRunner.java:46)
org.testng.internal.TestInvoker$MethodInvocationAgent.invoke(TestInvoker.java:824)
org.testng.internal.TestInvoker.invokeTestMethods(TestInvoker.java:146)
org.testng.internal.TestMethodWorker.invokeTestMethods(TestMethodWorker.java:146)
org.testng.internal.TestMethodWorker.run(TestMethodWorker.java:128)
java.base/java.util.ArrayList.forEach(ArrayList.java:1511)
org.testng.TestRunner.privateRun(TestRunner.java:794)
org.testng.TestRunner.run(TestRunner.java:596)
org.testng.SuiteRunner.runTest(SuiteRunner.java:377)
org.testng.SuiteRunner.runSequentially(SuiteRunner.java:371)
org.testng.SuiteRunner.privateRun(SuiteRunner.java:332)
org.testng.SuiteRunner.run(SuiteRunner.java:276)
org.testng.SuiteRunnerWorker.runSuite(SuiteRunnerWorker.java:53)
org.testng.SuiteRunnerWorker.run(SuiteRunnerWorker.java:96)
org.testng.TestNG.runSuitesSequentially(TestNG.java:1212)
org.testng.TestNG.runSuitesLocally(TestNG.java:1134)
org.testng.TestNG.runSuites(TestNG.java:1063)
org.testng.TestNG.run(TestNG.java:1031)
org.apache.maven.surefire.testng.TestNGExecutor.run(TestNGExecutor.java:136)
org.apache.maven.surefire.testng.TestNGDirectoryTestSuite.executeMulti(TestNGDirectoryTestSuite.java:193)
org.apache.maven.surefire.testng.TestNGDirectoryTestSuite.execute(TestNGDirectoryTestSuite.java:94)
org.apache.maven.surefire.testng.TestNGProvider.invoke(TestNGProvider.java:145)
org.apache.maven.surefire.booter.ForkedBooter.runSuitesInProcess(ForkedBooter.java:428)
org.apache.maven.surefire.booter.ForkedBooter.execute(ForkedBooter.java:162)
org.apache.maven.surefire.booter.ForkedBooter.run(ForkedBooter.java:562)
org.apache.maven.surefire.booter.ForkedBooter.main(ForkedBooter.java:548)

Caused by: org.openqa.selenium.NoSuchElementException:
For documentation on this error, please visit: https://selenium.dev/exceptions/#no_such_element
Build info: version: '4.1.1', revision: 'e8fcc2cecf'
System info: host: 'Mac-1640310697205.local', ip: '10.213.5.49', os.name: 'Mac OS X', os.arch: 'x86_64', os.version: '11.5', java.version: '17.0.1'
Driver info: org.openqa.selenium.safari.SafariDriver
Command: [C63A25FA-CE3E-4722-9BFC-FB726B4D2441, findElement {using=id, value=bla}]
Capabilities {acceptInsecureCerts: false, browserName: Safari, browserVersion: 15.2, goog:loggingPrefs: {browser: ALL, client: ALL, driver: ALL, performance: ALL, profiler: ALL, server: ALL}, javascriptEnabled: true, pageLoadStrategy: normal, platform: MAC, platformName: MAC, safari:automaticInspection: false, safari:automaticProfiling: false, safari:diagnose: false, safari:platformBuildVersion: 20G314, safari:platformVersion: 11.6.2, safari:useSimulator: false, setWindowRect: true, strictFileInteractability: false, timeouts: {pageLoad: 30000, script: 30000}, webkit:WebRTC: {DisableICECandidateFiltering: false, DisableInsecureMediaCapture: false}}
Session ID: C63A25FA-CE3E-4722-9BFC-FB726B4D2441
java.base/jdk.internal.reflect.NativeConstructorAccessorImpl.newInstance0(Native Method)
java.base/jdk.internal.reflect.NativeConstructorAccessorImpl.newInstance(NativeConstructorAccessorImpl.java:77)
java.base/jdk.internal.reflect.DelegatingConstructorAccessorImpl.newInstance(DelegatingConstructorAccessorImpl.java:45)
java.base/java.lang.reflect.Constructor.newInstanceWithCaller(Constructor.java:499)
java.base/java.lang.reflect.Constructor.newInstance(Constructor.java:480)
org.openqa.selenium.remote.codec.w3c.W3CHttpResponseCodec.createException(W3CHttpResponseCodec.java:200)
org.openqa.selenium.remote.codec.w3c.W3CHttpResponseCodec.decode(W3CHttpResponseCodec.java:133)
org.openqa.selenium.remote.codec.w3c.W3CHttpResponseCodec.decode(W3CHttpResponseCodec.java:53)
org.openqa.selenium.remote.HttpCommandExecutor.execute(HttpCommandExecutor.java:184)
org.openqa.selenium.remote.service.DriverCommandExecutor.invokeExecute(DriverCommandExecutor.java:167)
org.openqa.selenium.remote.service.DriverCommandExecutor.execute(DriverCommandExecutor.java:142)
org.openqa.selenium.remote.RemoteWebDriver.execute(RemoteWebDriver.java:543)
org.openqa.selenium.remote.ElementLocation$ElementFinder$2.findElement(ElementLocation.java:162)
org.openqa.selenium.remote.ElementLocation.findElement(ElementLocation.java:60)
org.openqa.selenium.remote.RemoteWebDriver.findElement(RemoteWebDriver.java:367)
org.openqa.selenium.remote.RemoteWebDriver.findElement(RemoteWebDriver.java:359)
com.shaft.gui.element.ElementActionsHelper.lambda$waitForElementPresence$0(ElementActionsHelper.java:66)
org.openqa.selenium.support.ui.FluentWait.until(FluentWait.java:208)
com.shaft.gui.element.ElementActionsHelper.waitForElementPresence(ElementActionsHelper.java:63)
com.shaft.gui.element.ElementActionsHelper.waitForElementPresence(ElementActionsHelper.java:37)
com.shaft.gui.element.WebDriverElementActions.getMatchingElementsCount(WebDriverElementActions.java:1468)
com.shaft.gui.element.WebDriverElementActions.waitForElementToBePresent(WebDriverElementActions.java:1293)
com.shaft.gui.element.ElementActions.waitForElementToBePresent(ElementActions.java:622)
unitTests.tests_element_elementActions.waitForElementToBePresent_false_expectedToPass(tests_element_elementActions.java:48)
java.base/jdk.internal.reflect.NativeMethodAccessorImpl.invoke0(Native Method)
java.base/jdk.internal.reflect.NativeMethodAccessorImpl.invoke(NativeMethodAccessorImpl.java:77)
java.base/jdk.internal.reflect.DelegatingMethodAccessorImpl.invoke(DelegatingMethodAccessorImpl.java:43)
java.base/java.lang.reflect.Method.invoke(Method.java:568)
org.testng.internal.MethodInvocationHelper.invokeMethod(MethodInvocationHelper.java:133)
org.testng.internal.TestInvoker.invokeMethod(TestInvoker.java:598)
org.testng.internal.TestInvoker.invokeTestMethod(TestInvoker.java:173)
org.testng.internal.MethodRunner.runInSequence(MethodRunner.java:46)
org.testng.internal.TestInvoker$MethodInvocationAgent.invoke(TestInvoker.java:824)
org.testng.internal.TestInvoker.invokeTestMethods(TestInvoker.java:146)
org.testng.internal.TestMethodWorker.invokeTestMethods(TestMethodWorker.java:146)
org.testng.internal.TestMethodWorker.run(TestMethodWorker.java:128)
java.base/java.util.ArrayList.forEach(ArrayList.java:1511)
org.testng.TestRunner.privateRun(TestRunner.java:794)
org.testng.TestRunner.run(TestRunner.java:596)
org.testng.SuiteRunner.runTest(SuiteRunner.java:377)
org.testng.SuiteRunner.runSequentially(SuiteRunner.java:371)
org.testng.SuiteRunner.privateRun(SuiteRunner.java:332)
org.testng.SuiteRunner.run(SuiteRunner.java:276)
org.testng.SuiteRunnerWorker.runSuite(SuiteRunnerWorker.java:53)
org.testng.SuiteRunnerWorker.run(SuiteRunnerWorker.java:96)
org.testng.TestNG.runSuitesSequentially(TestNG.java:1212)
org.testng.TestNG.runSuitesLocally(TestNG.java:1134)
org.testng.TestNG.runSuites(TestNG.java:1063)
org.testng.TestNG.run(TestNG.java:1031)
org.apache.maven.surefire.testng.TestNGExecutor.run(TestNGExecutor.java:136)
org.apache.maven.surefire.testng.TestNGDirectoryTestSuite.executeMulti(TestNGDirectoryTestSuite.java:193)
org.apache.maven.surefire.testng.TestNGDirectoryTestSuite.execute(TestNGDirectoryTestSuite.java:94)
org.apache.maven.surefire.testng.TestNGProvider.invoke(TestNGProvider.java:145)
org.apache.maven.surefire.booter.ForkedBooter.runSuitesInProcess(ForkedBooter.java:428)
org.apache.maven.surefire.booter.ForkedBooter.execute(ForkedBooter.java:162)
org.apache.maven.surefire.booter.ForkedBooter.run(ForkedBooter.java:562)
org.apache.maven.surefire.booter.ForkedBooter.main(ForkedBooter.java:548) @24-12-2021 01:55:33.0229 AM
[ReportManager] Element Action [WaitForElementToBePresent] successfully performed. With the following test data [waited for the element's state of presence to be (false). Element locator (By.id: bla)]. @24-12-2021 01:55:33.0231 A
[ReportManager] Browser Action [CloseCurrentWindow] successfully performed. @24-12-2021 01:55:33.0535 AM
[ReportManager] Successfully created attachment [Browser Action Test Data - CloseCurrentWindow - Actual Value] @24-12-2021 01:55:33.0536 A
[ReportManager] File Action [GetAbsolutePath] successfully performed. With the following test data [Relative Folder Path: "target/downloadedFiles/"]. @24-12-2021 01:55:33.0542 AM
[ReportManager] Attempting to run locally on: [Mac-64], [Safari], Headless Execution. @24-12-2021 01:55:33.0543 AM
[ReportManager] Successfully Opened Safari. @24-12-2021 01:55:34.0367 AM
[ReportManager] Initial window size: (800, 600) @24-12-2021 01:55:34.0407 AM
[ReportManager] Window size after SWD Maximize: (1176, 803) @24-12-2021 01:55:34.0440 AM
[ReportManager] Browser Action [MaximizeWindow] successfully performed. With the following test data [New screen size is now: (1176, 803)]. @24-12-2021 01:55:34.0442 A

################################################################################################################################################
Starting Execution:	[3 out of 146] test cases in the current suite
Test Method:		[unitTests.tests_element_elementActions.waitForElementToBePresent_moreThanOneElement_expectedToFail]
################################################################################################################################################
[ReportManager] Target URL: [https://www.google.com/ncr], and after redirection: [www.google.com] @24-12-2021 01:55:34.0447 AM
[ReportManager] Initial URL: [] @24-12-2021 01:55:34.0534 AM
[ReportManager] Browser Action [NavigateToURL] successfully performed. With the following test data [https://www.google.com/ncr]. @24-12-2021 01:55:35.0937 AM
[ReportManager] Waiting for element to be present; elementLocator [By.xpath: //*], numberOfTries[1], stateOfPresence[false]... @24-12-2021 01:55:35.0938 AM
[ReportManager] Element Action [WaitForElementToBePresent] failed. With the following test data [waited for the element's state of presence to be (false). Element locator (By.xpath: //*)]. @24-12-2021 01:55:36.0138 AM
[ReportManager] Successfully created attachment [Screenshot - 1640310936021_waitForElementToBePresent_moreThanOneElement_expectedToFail_WaitForElementToBePresent_failed] @24-12-2021 01:55:36.0143 A
[ReportManager] Browser Action [CloseCurrentWindow] successfully performed. @24-12-2021 01:55:36.0357 AM
[ReportManager] Successfully created attachment [Browser Action Test Data - CloseCurrentWindow - Actual Value] @24-12-2021 01:55:36.0358 A
[ReportManager] File Action [GetAbsolutePath] successfully performed. With the following test data [Relative Folder Path: "target/downloadedFiles/"]. @24-12-2021 01:55:36.0366 AM
[ReportManager] Attempting to run locally on: [Mac-64], [Safari], Headless Execution. @24-12-2021 01:55:36.0367 AM
[ReportManager] Successfully Opened Safari. @24-12-2021 01:55:37.0212 AM
[ReportManager] Initial window size: (800, 600) @24-12-2021 01:55:37.0236 AM
[ReportManager] Window size after SWD Maximize: (1176, 803) @24-12-2021 01:55:37.0253 AM
[ReportManager] Browser Action [MaximizeWindow] successfully performed. With the following test data [New screen size is now: (1176, 803)]. @24-12-2021 01:55:37.0254 A

################################################################################################################################################
Starting Execution:	[4 out of 146] test cases in the current suite
Test Method:		[unitTests.tests_element_elementActions.waitForElementToBePresent_true_expectedToFail]
################################################################################################################################################
[ReportManager] Target URL: [https://www.google.com/ncr], and after redirection: [www.google.com] @24-12-2021 01:55:37.0257 AM
[ReportManager] Initial URL: [] @24-12-2021 01:55:37.0319 AM
[ReportManager] Browser Action [NavigateToURL] successfully performed. With the following test data [https://www.google.com/ncr]. @24-12-2021 01:55:38.0671 AM
[ReportManager] Waiting for element to be present; elementLocator [By.id: bla], numberOfTries[1], stateOfPresence[true]... @24-12-2021 01:55:38.0671 AM
[ReportManager] org.openqa.selenium.TimeoutException:
Expected condition failed: waiting for com.shaft.gui.element.ElementActionsHelper$$Lambda$625/0x000000080113ef48@7f82a71f (tried for 5 second(s) with 1000 milliseconds interval)
org.openqa.selenium.support.ui.FluentWait.timeoutException(FluentWait.java:263)
org.openqa.selenium.support.ui.FluentWait.until(FluentWait.java:231)
com.shaft.gui.element.ElementActionsHelper.waitForElementPresence(ElementActionsHelper.java:63)
com.shaft.gui.element.ElementActionsHelper.waitForElementPresence(ElementActionsHelper.java:37)
com.shaft.gui.element.WebDriverElementActions.getMatchingElementsCount(WebDriverElementActions.java:1468)
com.shaft.gui.element.WebDriverElementActions.waitForElementToBePresent(WebDriverElementActions.java:1293)
com.shaft.gui.element.ElementActions.waitForElementToBePresent(ElementActions.java:622)
unitTests.tests_element_elementActions.waitForElementToBePresent_true_expectedToFail(tests_element_elementActions.java:39)
java.base/jdk.internal.reflect.NativeMethodAccessorImpl.invoke0(Native Method)
java.base/jdk.internal.reflect.NativeMethodAccessorImpl.invoke(NativeMethodAccessorImpl.java:77)
java.base/jdk.internal.reflect.DelegatingMethodAccessorImpl.invoke(DelegatingMethodAccessorImpl.java:43)
java.base/java.lang.reflect.Method.invoke(Method.java:568)
org.testng.internal.MethodInvocationHelper.invokeMethod(MethodInvocationHelper.java:133)
org.testng.internal.TestInvoker.invokeMethod(TestInvoker.java:598)
org.testng.internal.TestInvoker.invokeTestMethod(TestInvoker.java:173)
org.testng.internal.MethodRunner.runInSequence(MethodRunner.java:46)
org.testng.internal.TestInvoker$MethodInvocationAgent.invoke(TestInvoker.java:824)
org.testng.internal.TestInvoker.invokeTestMethods(TestInvoker.java:146)
org.testng.internal.TestMethodWorker.invokeTestMethods(TestMethodWorker.java:146)
org.testng.internal.TestMethodWorker.run(TestMethodWorker.java:128)
java.base/java.util.ArrayList.forEach(ArrayList.java:1511)
org.testng.TestRunner.privateRun(TestRunner.java:794)
org.testng.TestRunner.run(TestRunner.java:596)
org.testng.SuiteRunner.runTest(SuiteRunner.java:377)
org.testng.SuiteRunner.runSequentially(SuiteRunner.java:371)
org.testng.SuiteRunner.privateRun(SuiteRunner.java:332)
org.testng.SuiteRunner.run(SuiteRunner.java:276)
org.testng.SuiteRunnerWorker.runSuite(SuiteRunnerWorker.java:53)
org.testng.SuiteRunnerWorker.run(SuiteRunnerWorker.java:96)
org.testng.TestNG.runSuitesSequentially(TestNG.java:1212)
org.testng.TestNG.runSuitesLocally(TestNG.java:1134)
org.testng.TestNG.runSuites(TestNG.java:1063)
org.testng.TestNG.run(TestNG.java:1031)
org.apache.maven.surefire.testng.TestNGExecutor.run(TestNGExecutor.java:136)
org.apache.maven.surefire.testng.TestNGDirectoryTestSuite.executeMulti(TestNGDirectoryTestSuite.java:193)
org.apache.maven.surefire.testng.TestNGDirectoryTestSuite.execute(TestNGDirectoryTestSuite.java:94)
org.apache.maven.surefire.testng.TestNGProvider.invoke(TestNGProvider.java:145)
org.apache.maven.surefire.booter.ForkedBooter.runSuitesInProcess(ForkedBooter.java:428)
org.apache.maven.surefire.booter.ForkedBooter.execute(ForkedBooter.java:162)
org.apache.maven.surefire.booter.ForkedBooter.run(ForkedBooter.java:562)
org.apache.maven.surefire.booter.ForkedBooter.main(ForkedBooter.java:548)

Caused by: org.openqa.selenium.NoSuchElementException:
For documentation on this error, please visit: https://selenium.dev/exceptions/#no_such_element
Build info: version: '4.1.1', revision: 'e8fcc2cecf'
System info: host: 'Mac-1640310697205.local', ip: '10.213.5.49', os.name: 'Mac OS X', os.arch: 'x86_64', os.version: '11.5', java.version: '17.0.1'
Driver info: org.openqa.selenium.safari.SafariDriver
Command: [8488391F-B3E2-46FD-8B7A-7B40B37EEA10, findElement {using=id, value=bla}]
Capabilities {acceptInsecureCerts: false, browserName: Safari, browserVersion: 15.2, goog:loggingPrefs: {browser: ALL, client: ALL, driver: ALL, performance: ALL, profiler: ALL, server: ALL}, javascriptEnabled: true, pageLoadStrategy: normal, platform: MAC, platformName: MAC, safari:automaticInspection: false, safari:automaticProfiling: false, safari:diagnose: false, safari:platformBuildVersion: 20G314, safari:platformVersion: 11.6.2, safari:useSimulator: false, setWindowRect: true, strictFileInteractability: false, timeouts: {pageLoad: 30000, script: 30000}, webkit:WebRTC: {DisableICECandidateFiltering: false, DisableInsecureMediaCapture: false}}
Session ID: 8488391F-B3E2-46FD-8B7A-7B40B37EEA10
java.base/jdk.internal.reflect.NativeConstructorAccessorImpl.newInstance0(Native Method)
java.base/jdk.internal.reflect.NativeConstructorAccessorImpl.newInstance(NativeConstructorAccessorImpl.java:77)
java.base/jdk.internal.reflect.DelegatingConstructorAccessorImpl.newInstance(DelegatingConstructorAccessorImpl.java:45)
java.base/java.lang.reflect.Constructor.newInstanceWithCaller(Constructor.java:499)
java.base/java.lang.reflect.Constructor.newInstance(Constructor.java:480)
org.openqa.selenium.remote.codec.w3c.W3CHttpResponseCodec.createException(W3CHttpResponseCodec.java:200)
org.openqa.selenium.remote.codec.w3c.W3CHttpResponseCodec.decode(W3CHttpResponseCodec.java:133)
org.openqa.selenium.remote.codec.w3c.W3CHttpResponseCodec.decode(W3CHttpResponseCodec.java:53)
org.openqa.selenium.remote.HttpCommandExecutor.execute(HttpCommandExecutor.java:184)
org.openqa.selenium.remote.service.DriverCommandExecutor.invokeExecute(DriverCommandExecutor.java:167)
org.openqa.selenium.remote.service.DriverCommandExecutor.execute(DriverCommandExecutor.java:142)
org.openqa.selenium.remote.RemoteWebDriver.execute(RemoteWebDriver.java:543)
org.openqa.selenium.remote.ElementLocation$ElementFinder$2.findElement(ElementLocation.java:162)
org.openqa.selenium.remote.ElementLocation.findElement(ElementLocation.java:60)
org.openqa.selenium.remote.RemoteWebDriver.findElement(RemoteWebDriver.java:367)
org.openqa.selenium.remote.RemoteWebDriver.findElement(RemoteWebDriver.java:359)
com.shaft.gui.element.ElementActionsHelper.lambda$waitForElementPresence$0(ElementActionsHelper.java:66)
org.openqa.selenium.support.ui.FluentWait.until(FluentWait.java:208)
com.shaft.gui.element.ElementActionsHelper.waitForElementPresence(ElementActionsHelper.java:63)
com.shaft.gui.element.ElementActionsHelper.waitForElementPresence(ElementActionsHelper.java:37)
com.shaft.gui.element.WebDriverElementActions.getMatchingElementsCount(WebDriverElementActions.java:1468)
com.shaft.gui.element.WebDriverElementActions.waitForElementToBePresent(WebDriverElementActions.java:1293)
com.shaft.gui.element.ElementActions.waitForElementToBePresent(ElementActions.java:622)
unitTests.tests_element_elementActions.waitForElementToBePresent_true_expectedToFail(tests_element_elementActions.java:39)
java.base/jdk.internal.reflect.NativeMethodAccessorImpl.invoke0(Native Method)
java.base/jdk.internal.reflect.NativeMethodAccessorImpl.invoke(NativeMethodAccessorImpl.java:77)
java.base/jdk.internal.reflect.DelegatingMethodAccessorImpl.invoke(DelegatingMethodAccessorImpl.java:43)
java.base/java.lang.reflect.Method.invoke(Method.java:568)
org.testng.internal.MethodInvocationHelper.invokeMethod(MethodInvocationHelper.java:133)
org.testng.internal.TestInvoker.invokeMethod(TestInvoker.java:598)
org.testng.internal.TestInvoker.invokeTestMethod(TestInvoker.java:173)
org.testng.internal.MethodRunner.runInSequence(MethodRunner.java:46)
org.testng.internal.TestInvoker$MethodInvocationAgent.invoke(TestInvoker.java:824)
org.testng.internal.TestInvoker.invokeTestMethods(TestInvoker.java:146)
org.testng.internal.TestMethodWorker.invokeTestMethods(TestMethodWorker.java:146)
org.testng.internal.TestMethodWorker.run(TestMethodWorker.java:128)
java.base/java.util.ArrayList.forEach(ArrayList.java:1511)
org.testng.TestRunner.privateRun(TestRunner.java:794)
org.testng.TestRunner.run(TestRunner.java:596)
org.testng.SuiteRunner.runTest(SuiteRunner.java:377)
org.testng.SuiteRunner.runSequentially(SuiteRunner.java:371)
org.testng.SuiteRunner.privateRun(SuiteRunner.java:332)
org.testng.SuiteRunner.run(SuiteRunner.java:276)
org.testng.SuiteRunnerWorker.runSuite(SuiteRunnerWorker.java:53)
org.testng.SuiteRunnerWorker.run(SuiteRunnerWorker.java:96)
org.testng.TestNG.runSuitesSequentially(TestNG.java:1212)
org.testng.TestNG.runSuitesLocally(TestNG.java:1134)
org.testng.TestNG.runSuites(TestNG.java:1063)
org.testng.TestNG.run(TestNG.java:1031)
org.apache.maven.surefire.testng.TestNGExecutor.run(TestNGExecutor.java:136)
org.apache.maven.surefire.testng.TestNGDirectoryTestSuite.executeMulti(TestNGDirectoryTestSuite.java:193)
org.apache.maven.surefire.testng.TestNGDirectoryTestSuite.execute(TestNGDirectoryTestSuite.java:94)
org.apache.maven.surefire.testng.TestNGProvider.invoke(TestNGProvider.java:145)
org.apache.maven.surefire.booter.ForkedBooter.runSuitesInProcess(ForkedBooter.java:428)
org.apache.maven.surefire.booter.ForkedBooter.execute(ForkedBooter.java:162)
org.apache.maven.surefire.booter.ForkedBooter.run(ForkedBooter.java:562)
org.apache.maven.surefire.booter.ForkedBooter.main(ForkedBooter.java:548) @24-12-2021 01:55:43.0743 AM
[ReportManager] Element Action [WaitForElementToBePresent] failed. With the following test data [waited for the element's state of presence to be (true). Element locator (By.id: bla)]. @24-12-2021 01:55:43.0856 AM
[ReportManager] Successfully created attachment [Screenshot - 1640310943775_waitForElementToBePresent_true_expectedToFail_WaitForElementToBePresent_failed] @24-12-2021 01:55:43.0860 A
[ReportManager] Browser Action [CloseCurrentWindow] successfully performed. @24-12-2021 01:55:44.0036 AM
[ReportManager] Successfully created attachment [Browser Action Test Data - CloseCurrentWindow - Actual Value] @24-12-2021 01:55:44.0037 A
[ReportManager] File Action [GetAbsolutePath] successfully performed. With the following test data [Relative Folder Path: "target/downloadedFiles/"]. @24-12-2021 01:55:44.0042 AM
[ReportManager] Attempting to run locally on: [Mac-64], [Safari], Headless Execution. @24-12-2021 01:55:44.0042 AM
[ReportManager] Successfully Opened Safari. @24-12-2021 01:55:44.0882 AM
[ReportManager] Initial window size: (800, 600) @24-12-2021 01:55:44.0919 AM
[ReportManager] Window size after SWD Maximize: (1176, 803) @24-12-2021 01:55:44.0954 AM
[ReportManager] Browser Action [MaximizeWindow] successfully performed. With the following test data [New screen size is now: (1176, 803)]. @24-12-2021 01:55:44.0954 A

################################################################################################################################################
Starting Execution:	[5 out of 146] test cases in the current suite
Test Method:		[unitTests.tests_element_elementActions.waitForElementToBePresent_true_expectedToPass]
################################################################################################################################################
[ReportManager] Target URL: [https://www.google.com/ncr], and after redirection: [www.google.com] @24-12-2021 01:55:44.0968 AM
[ReportManager] Initial URL: [] @24-12-2021 01:55:45.0013 AM
[ReportManager] Browser Action [NavigateToURL] successfully performed. With the following test data [https://www.google.com/ncr]. @24-12-2021 01:55:45.0843 AM
[ReportManager] Waiting for element to be present; elementLocator [By.xpath: //*[@id='hplogo' or @alt='Google']], numberOfTries[1], stateOfPresence[true]... @24-12-2021 01:55:45.0843 AM
[ReportManager] Element Action [WaitForElementToBePresent] successfully performed. With the following test data [waited for the element's state of presence to be (true). Element locator (By.xpath: //*[@id='hplogo' or @alt='Google'])]. @24-12-2021 01:55:45.0889 AM
[ReportManager] File Action [DoesFileExist] successfully performed. With the following test data [File Path: "src/main/resources/dynamicObjectRepository/unitTests_tests_element_elementActions_waitForElementToBePresent_true_expectedToPass_By_xpath_id_hplogo_or_alt_Google.png"]. @24-12-2021 01:55:45.0923 AM
[ReportManager] File Action [DoesFileExist] successfully performed. With the following test data [File Path: "src/main/resources/dynamicObjectRepository/unitTests_tests_element_elementActions_waitForElementToBePresent_true_expectedToPass_By_xpath_id_hplogo_or_alt_Google.png"]. @24-12-2021 01:55:46.0178 AM
[ReportManager] Passing the test and saving a reference image @24-12-2021 01:55:46.0178 AM
[ReportManager] File Action [GetAbsolutePath] successfully performed. With the following test data [Relative File Path: "src/main/resources/dynamicObjectRepository/unitTests_tests_element_elementActions_waitForElementToBePresent_true_expectedToPass_By_xpath_id_hplogo_or_alt_Google.png"]. @24-12-2021 01:55:46.0179 AM
[ReportManager] File Action [WriteToFile] successfully performed. With the following test data [Target File Path: "/Users/runner/work/SHAFT_ENGINE/SHAFT_ENGINE/src/main/resources/dynamicObjectRepository/unitTests_tests_element_elementActions_waitForElementToBePresent_true_expectedToPass_By_xpath_id_hplogo_or_alt_Google.png"]. @24-12-2021 01:55:46.0181 AM
[ReportManager] Assertion Passed: Using Visual AI; OpenCV @24-12-2021 01:55:46.0183 AM
[ReportManager] Successfully created attachment [Validation Test Data - Actual Screenshot] @24-12-2021 01:55:46.0184 AM
[ReportManager] Assertion [ValidateElementMatches] PASSED. Expected [Element should match the reference screenshot] and Actual [TRUE]. Comparison Type [EXACT_OPENCV]. Validation Type [POSITIVE]. @24-12-2021 01:55:46.0184 A
[ReportManager] Browser Action [CloseCurrentWindow] successfully performed. @24-12-2021 01:55:46.0517 AM
[ReportManager] Successfully created attachment [Browser Action Test Data - CloseCurrentWindow - Actual Value] @24-12-2021 01:55:46.0519 A
[ReportManager] File Action [GetAbsolutePath] successfully performed. With the following test data [Relative Folder Path: "target/downloadedFiles/"]. @24-12-2021 01:55:46.0524 AM
[ReportManager] Attempting to run locally on: [Mac-64], [Safari], Headless Execution. @24-12-2021 01:55:46.0525 AM
[ReportManager] Successfully Opened Safari. @24-12-2021 01:55:47.0383 AM
[ReportManager] Initial window size: (800, 600) @24-12-2021 01:55:47.0416 AM
[ReportManager] Window size after SWD Maximize: (1176, 803) @24-12-2021 01:55:47.0453 AM
[ReportManager] Browser Action [MaximizeWindow] successfully performed. With the following test data [New screen size is now: (1176, 803)]. @24-12-2021 01:55:47.0454 AM
[ReportManager] Target URL: [https://duckduckgo.com] @24-12-2021 01:55:47.0454 AM
[ReportManager] Initial URL: [] @24-12-2021 01:55:47.0531 AM
[ReportManager] Browser Action [NavigateToURL] successfully performed. With the following test data [https://duckduckgo.com]. @24-12-2021 01:55:48.0473 A

################################################################################################################################################
Starting Execution:	[6 out of 146] test cases in the current suite
Test Method:		[unitTests.tests_browserActions.fullScreenWindow]
################################################################################################################################################
[ReportManager] Initial Windows Size: 1176x803 @24-12-2021 01:55:48.0482 AM
[ReportManager] Current Windows Size after fullScreen: 1176x885 @24-12-2021 01:55:49.0035 AM
[ReportManager] Browser Action [FullScreenWindow] successfully performed. @24-12-2021 01:55:49.0056 AM
[ReportManager] Successfully created attachment [Browser Action Test Data - FullScreenWindow - Actual Value] @24-12-2021 01:55:49.0062 A
[ReportManager] Target URL: [https://duckduckgo.com] @24-12-2021 01:55:49.0067 AM
[ReportManager] Initial URL: [https://duckduckgo.com] @24-12-2021 01:55:49.0171 AM
[ReportManager] Browser Action [NavigateToURL] successfully performed. With the following test data [https://duckduckgo.com]. @24-12-2021 01:55:50.0559 AM
[ReportManager] Browser Action [CloseCurrentWindow] successfully performed. @24-12-2021 01:55:50.0900 AM
[ReportManager] Successfully created attachment [Browser Action Test Data - CloseCurrentWindow - Actual Value] @24-12-2021 01:55:50.0902 A
[ReportManager] File Action [GetAbsolutePath] successfully performed. With the following test data [Relative Folder Path: "target/downloadedFiles/"]. @24-12-2021 01:55:50.0906 AM
[ReportManager] Attempting to run locally on: [Mac-64], [Safari], Headless Execution. @24-12-2021 01:55:50.0906 AM
[ReportManager] Successfully Opened Safari. @24-12-2021 01:55:51.0772 AM
[ReportManager] Initial window size: (800, 600) @24-12-2021 01:55:51.0802 AM
[ReportManager] Window size after SWD Maximize: (1176, 803) @24-12-2021 01:55:51.0818 AM
[ReportManager] Browser Action [MaximizeWindow] successfully performed. With the following test data [New screen size is now: (1176, 803)]. @24-12-2021 01:55:51.0818 AM
[ReportManager] Target URL: [https://duckduckgo.com] @24-12-2021 01:55:51.0818 AM
[ReportManager] Initial URL: [] @24-12-2021 01:55:51.0881 AM
[ReportManager] Browser Action [NavigateToURL] successfully performed. With the following test data [https://duckduckgo.com]. @24-12-2021 01:55:52.0648 A

################################################################################################################################################
Starting Execution:	[7 out of 146] test cases in the current suite
Test Method:		[unitTests.tests_browserActions.getCurrentURL]
################################################################################################################################################
[ReportManager] Browser Action [GetCurrentURL] successfully performed. With the following test data [https://duckduckgo.com/]. @24-12-2021 01:55:52.0689 A
[ReportManager] Target URL: [https://duckduckgo.com] @24-12-2021 01:55:52.0693 AM
[ReportManager] Initial URL: [https://duckduckgo.com] @24-12-2021 01:55:52.0740 AM
[ReportManager] Browser Action [NavigateToURL] successfully performed. With the following test data [https://duckduckgo.com]. @24-12-2021 01:55:53.0085 AM
[ReportManager] Browser Action [CloseCurrentWindow] successfully performed. @24-12-2021 01:55:53.0453 AM
[ReportManager] Successfully created attachment [Browser Action Test Data - CloseCurrentWindow - Actual Value] @24-12-2021 01:55:53.0454 A
[ReportManager] File Action [GetAbsolutePath] successfully performed. With the following test data [Relative Folder Path: "target/downloadedFiles/"]. @24-12-2021 01:55:53.0458 AM
[ReportManager] Attempting to run locally on: [Mac-64], [Safari], Headless Execution. @24-12-2021 01:55:53.0458 AM
[ReportManager] Successfully Opened Safari. @24-12-2021 01:55:54.0277 AM
[ReportManager] Initial window size: (800, 600) @24-12-2021 01:55:54.0306 AM
[ReportManager] Window size after SWD Maximize: (1176, 803) @24-12-2021 01:55:54.0321 AM
[ReportManager] Browser Action [MaximizeWindow] successfully performed. With the following test data [New screen size is now: (1176, 803)]. @24-12-2021 01:55:54.0321 AM
[ReportManager] Target URL: [https://duckduckgo.com] @24-12-2021 01:55:54.0321 AM
[ReportManager] Initial URL: [] @24-12-2021 01:55:54.0389 AM
[ReportManager] Browser Action [NavigateToURL] successfully performed. With the following test data [https://duckduckgo.com]. @24-12-2021 01:55:55.0100 A

################################################################################################################################################
Starting Execution:	[8 out of 146] test cases in the current suite
Test Method:		[unitTests.tests_browserActions.getCurrentWindowTitle]
################################################################################################################################################
[ReportManager] Browser Action [GetCurrentWindowTitle] successfully performed. With the following test data [DuckDuckGo â€” Privacy, simplified.]. @24-12-2021 01:55:55.0125 A
[ReportManager] Target URL: [https://duckduckgo.com] @24-12-2021 01:55:55.0128 AM
[ReportManager] Initial URL: [https://duckduckgo.com] @24-12-2021 01:55:55.0161 AM
[ReportManager] Browser Action [NavigateToURL] successfully performed. With the following test data [https://duckduckgo.com]. @24-12-2021 01:55:55.0560 AM
[ReportManager] Browser Action [CloseCurrentWindow] successfully performed. @24-12-2021 01:55:55.0737 AM
[ReportManager] Successfully created attachment [Browser Action Test Data - CloseCurrentWindow - Actual Value] @24-12-2021 01:55:55.0738 A
[ReportManager] File Action [GetAbsolutePath] successfully performed. With the following test data [Relative Folder Path: "target/downloadedFiles/"]. @24-12-2021 01:55:55.0746 AM
[ReportManager] Attempting to run locally on: [Mac-64], [Safari], Headless Execution. @24-12-2021 01:55:55.0746 AM
[ReportManager] Successfully Opened Safari. @24-12-2021 01:55:56.0571 AM
[ReportManager] Initial window size: (800, 600) @24-12-2021 01:55:56.0601 AM
[ReportManager] Window size after SWD Maximize: (1176, 803) @24-12-2021 01:55:56.0618 AM
[ReportManager] Browser Action [MaximizeWindow] successfully performed. With the following test data [New screen size is now: (1176, 803)]. @24-12-2021 01:55:56.0618 AM
[ReportManager] Target URL: [https://duckduckgo.com] @24-12-2021 01:55:56.0619 AM
[ReportManager] Initial URL: [] @24-12-2021 01:55:56.0675 AM
[ReportManager] Browser Action [NavigateToURL] successfully performed. With the following test data [https://duckduckgo.com]. @24-12-2021 01:55:57.0355 A

################################################################################################################################################
Starting Execution:	[9 out of 146] test cases in the current suite
Test Method:		[unitTests.tests_browserActions.getPageSource]
################################################################################################################################################
[ReportManager] Browser Action [GetPageSource] successfully performed. @24-12-2021 01:55:57.0389 AM
[ReportManager] Successfully created attachment [Browser Action Test Data - GetPageSource - Actual Value] @24-12-2021 01:55:57.0390 A
[ReportManager] Target URL: [https://duckduckgo.com] @24-12-2021 01:55:57.0392 AM
[ReportManager] Initial URL: [https://duckduckgo.com] @24-12-2021 01:55:57.0425 AM
[ReportManager] Browser Action [NavigateToURL] successfully performed. With the following test data [https://duckduckgo.com]. @24-12-2021 01:55:57.0777 AM
[ReportManager] Browser Action [CloseCurrentWindow] successfully performed. @24-12-2021 01:55:58.0114 AM
[ReportManager] Successfully created attachment [Browser Action Test Data - CloseCurrentWindow - Actual Value] @24-12-2021 01:55:58.0115 A
[ReportManager] File Action [GetAbsolutePath] successfully performed. With the following test data [Relative Folder Path: "target/downloadedFiles/"]. @24-12-2021 01:55:58.0118 AM
[ReportManager] Attempting to run locally on: [Mac-64], [Safari], Headless Execution. @24-12-2021 01:55:58.0119 AM
[ReportManager] Successfully Opened Safari. @24-12-2021 01:55:59.0188 AM
[ReportManager] Initial window size: (800, 600) @24-12-2021 01:55:59.0218 AM
[ReportManager] Window size after SWD Maximize: (1176, 803) @24-12-2021 01:55:59.0249 AM
[ReportManager] Browser Action [MaximizeWindow] successfully performed. With the following test data [New screen size is now: (1176, 803)]. @24-12-2021 01:55:59.0249 AM
[ReportManager] Target URL: [https://duckduckgo.com] @24-12-2021 01:55:59.0250 AM
[ReportManager] Initial URL: [] @24-12-2021 01:55:59.0286 AM
[ReportManager] Browser Action [NavigateToURL] successfully performed. With the following test data [https://duckduckgo.com]. @24-12-2021 01:55:59.0992 A

################################################################################################################################################
Starting Execution:	[10 out of 146] test cases in the current suite
Test Method:		[unitTests.tests_browserActions.getWindowHandle]
################################################################################################################################################
[ReportManager] Browser Action [GetWindowHandle] successfully performed. With the following test data [page-612FD54C-49B3-42BC-9538-D9A10AE2A8B2]. @24-12-2021 01:56:00.0026 A
[ReportManager] Target URL: [https://duckduckgo.com] @24-12-2021 01:56:00.0028 AM
[ReportManager] Initial URL: [https://duckduckgo.com] @24-12-2021 01:56:00.0061 AM
[ReportManager] Browser Action [NavigateToURL] successfully performed. With the following test data [https://duckduckgo.com]. @24-12-2021 01:56:00.0457 AM
[ReportManager] Browser Action [CloseCurrentWindow] successfully performed. @24-12-2021 01:56:00.0820 AM
[ReportManager] Successfully created attachment [Browser Action Test Data - CloseCurrentWindow - Actual Value] @24-12-2021 01:56:00.0820 A
[ReportManager] File Action [GetAbsolutePath] successfully performed. With the following test data [Relative Folder Path: "target/downloadedFiles/"]. @24-12-2021 01:56:00.0823 AM
[ReportManager] Attempting to run locally on: [Mac-64], [Safari], Headless Execution. @24-12-2021 01:56:00.0824 AM
[ReportManager] An Exception Occured with this Message: Could not start a new session. Possible causes are invalid address of the remote server or browser start-up failure.. @24-12-2021 01:56:00.0965 AM
[ReportManager] Successfully created attachment [Exception Stack Trace - org.openqa.selenium.SessionNotCreatedException] @24-12-2021 01:56:00.0966 AM
[ReportManager] Driver Factory Action [createNewLocalDriverInstanceForSafari] failed. With the following test data [Failed to create a session on DESKTOP_SAFARI]. @24-12-2021 01:56:00.0966 A

################################################################################################################################################
Starting Execution:	[11 out of 146] test cases in the current suite
Test Method:		[unitTests.tests_browserActions.getWindowPosition]
###############################################################################################################################################



################################################################################################################################################
Starting Execution:	[12 out of 146] test cases in the current suite
Test Method:		[unitTests.tests_browserActions.getWindowSize]
###############################################################################################################################################



################################################################################################################################################
Starting Execution:	[13 out of 146] test cases in the current suite
Test Method:		[unitTests.tests_browserActions.maximizeWindow]
###############################################################################################################################################



################################################################################################################################################
Starting Execution:	[14 out of 146] test cases in the current suite
Test Method:		[unitTests.tests_browserActions.navigateBack]
###############################################################################################################################################



################################################################################################################################################
Starting Execution:	[15 out of 146] test cases in the current suite
Test Method:		[unitTests.tests_browserActions.navigateForward]
###############################################################################################################################################



################################################################################################################################################
Starting Execution:	[16 out of 146] test cases in the current suite
Test Method:		[unitTests.tests_browserActions.navigateToURL]
###############################################################################################################################################



################################################################################################################################################
Starting Execution:	[17 out of 146] test cases in the current suite
Test Method:		[unitTests.tests_browserActions.navigateToURLWithRedirection]
###############################################################################################################################################



################################################################################################################################################
Starting Execution:	[18 out of 146] test cases in the current suite
Test Method:		[unitTests.tests_browserActions.refreshCurrentPage]
###############################################################################################################################################



################################################################################################################################################
Starting Execution:	[19 out of 146] test cases in the current suite
Test Method:		[unitTests.tests_browserActions.setWindowSize]
###############################################################################################################################################

[ReportManager] Successfully loaded the following test data file [src/test/resources/testDataFiles/testSuite01/TestData.xlsx]. @24-12-2021 01:56:02.0579 AM
[ReportManager] Successfully created attachment [Test Data - Excel] @24-12-2021 01:56:02.0580 A

################################################################################################################################################
Starting Execution:	[20 out of 146] test cases in the current suite
Test Method:		[unitTests.tests_io_excelFileManager.getCellData_rowName_expectedToPass]
################################################################################################################################################
[ReportManager] testRowData. @24-12-2021 01:56:02.0595 A

################################################################################################################################################
Starting Execution:	[21 out of 146] test cases in the current suite
Test Method:		[unitTests.tests_validations_assertions.assertComparativeRelation_greaterThanOrEquals_false_equals_expectedToFail]
################################################################################################################################################
[ReportManager] Assertion [ValidateComparativeRelation] FAILED. Expected [1] and Actual [1]. Comparison Type [GREATER_THAN_OR_EQUALS]. Validation Type [NEGATIVE]. @24-12-2021 01:56:02.0605 A

################################################################################################################################################
Starting Execution:	[22 out of 146] test cases in the current suite
Test Method:		[unitTests.tests_validations_assertions.assertComparativeRelation_greaterThanOrEquals_false_equals_expectedToPass]
################################################################################################################################################
[ReportManager] Assertion [ValidateComparativeRelation] PASSED. Expected [2] and Actual [1]. Comparison Type [GREATER_THAN_OR_EQUALS]. Validation Type [NEGATIVE]. @24-12-2021 01:56:02.0612 A

################################################################################################################################################
Starting Execution:	[23 out of 146] test cases in the current suite
Test Method:		[unitTests.tests_validations_assertions.assertComparativeRelation_greaterThanOrEquals_false_greaterThan_expectedToFail]
################################################################################################################################################
[ReportManager] Assertion [ValidateComparativeRelation] FAILED. Expected [1] and Actual [2]. Comparison Type [GREATER_THAN_OR_EQUALS]. Validation Type [NEGATIVE]. @24-12-2021 01:56:02.0618 A

################################################################################################################################################
Starting Execution:	[24 out of 146] test cases in the current suite
Test Method:		[unitTests.tests_validations_assertions.assertComparativeRelation_greaterThanOrEquals_false_greaterThan_expectedToPass]
################################################################################################################################################
[ReportManager] Assertion [ValidateComparativeRelation] PASSED. Expected [2] and Actual [1]. Comparison Type [GREATER_THAN_OR_EQUALS]. Validation Type [NEGATIVE]. @24-12-2021 01:56:02.0625 A

################################################################################################################################################
Starting Execution:	[25 out of 146] test cases in the current suite
Test Method:		[unitTests.tests_validations_assertions.assertComparativeRelation_greaterThanOrEquals_true_equals_expectedToFail]
################################################################################################################################################
[ReportManager] Assertion [ValidateComparativeRelation] FAILED. Expected [1] and Actual [0]. Comparison Type [GREATER_THAN_OR_EQUALS]. Validation Type [POSITIVE]. @24-12-2021 01:56:02.0631 A

################################################################################################################################################
Starting Execution:	[26 out of 146] test cases in the current suite
Test Method:		[unitTests.tests_validations_assertions.assertComparativeRelation_greaterThanOrEquals_true_equals_expectedToPass]
################################################################################################################################################
[ReportManager] Assertion [ValidateComparativeRelation] PASSED. Expected [1] and Actual [1]. Comparison Type [GREATER_THAN_OR_EQUALS]. Validation Type [POSITIVE]. @24-12-2021 01:56:02.0639 A

################################################################################################################################################
Starting Execution:	[27 out of 146] test cases in the current suite
Test Method:		[unitTests.tests_validations_assertions.assertComparativeRelation_greaterThanOrEquals_true_greaterThan_expectedToFail]
################################################################################################################################################
[ReportManager] Assertion [ValidateComparativeRelation] FAILED. Expected [2] and Actual [1]. Comparison Type [GREATER_THAN_OR_EQUALS]. Validation Type [POSITIVE]. @24-12-2021 01:56:02.0717 A

################################################################################################################################################
Starting Execution:	[28 out of 146] test cases in the current suite
Test Method:		[unitTests.tests_validations_assertions.assertComparativeRelation_greaterThanOrEquals_true_greaterThan_expectedToPass]
################################################################################################################################################
[ReportManager] Assertion [ValidateComparativeRelation] PASSED. Expected [1] and Actual [2]. Comparison Type [GREATER_THAN_OR_EQUALS]. Validation Type [POSITIVE]. @24-12-2021 01:56:02.0724 A
[ReportManager] File Action [GetAbsolutePath] successfully performed. With the following test data [Relative Folder Path: "target/downloadedFiles/"]. @24-12-2021 01:56:02.0739 AM
[ReportManager] Attempting to run locally on: [Mac-64], [Safari], Headless Execution. @24-12-2021 01:56:02.0740 AM
[ReportManager] Successfully Opened Safari. @24-12-2021 01:56:03.0602 AM
[ReportManager] Initial window size: (800, 600) @24-12-2021 01:56:03.0617 AM
[ReportManager] Window size after SWD Maximize: (1176, 803) @24-12-2021 01:56:03.0646 AM
[ReportManager] Browser Action [MaximizeWindow] successfully performed. With the following test data [New screen size is now: (1176, 803)]. @24-12-2021 01:56:03.0646 AM
[ReportManager] Target URL: [https://www.google.com/ncr], and after redirection: [www.google.com] @24-12-2021 01:56:03.0647 AM
[ReportManager] Initial URL: [] @24-12-2021 01:56:03.0703 AM
[ReportManager] Browser Action [NavigateToURL] successfully performed. With the following test data [https://www.google.com/ncr]. @24-12-2021 01:56:05.0072 A

################################################################################################################################################
Starting Execution:	[29 out of 146] test cases in the current suite
Test Method:		[unitTests.tests_validations_assertions.assertElementAttribute_false_caseInsensitiveComparison_expectedToFail]
################################################################################################################################################
[ReportManager] Element Action [Type] successfully performed. With the following test data [AUTOMATION]. @24-12-2021 01:56:05.0400 AM
[ReportManager] Element Action [GetText] successfully performed. With the following test data [AUTOMATION]. @24-12-2021 01:56:05.0485 AM
[ReportManager] Loaded Shared OpenCV @24-12-2021 01:56:06.0750 AM
[ReportManager] Assertion [ValidateElementAttribute] FAILED. Expected [Value Should not be 'AutomaTion' for the 'text' attribute, element locator 'By.name: q'] and Actual [AUTOMATION]. Comparison Type [CASE_INSENSITIVE]. Validation Type [NEGATIVE]. @24-12-2021 01:56:07.0136 AM
[ReportManager] Successfully created attachment [Screenshot - 1640310965558_assertElementAttribute_false_caseInsensitiveComparison_expectedToFail_ValidateElementAttribute_failed] @24-12-2021 01:56:07.0139 A
[ReportManager] Browser Action [CloseCurrentWindow] successfully performed. @24-12-2021 01:56:07.0509 AM
[ReportManager] Successfully created attachment [Browser Action Test Data - CloseCurrentWindow - Actual Value] @24-12-2021 01:56:07.0510 A
[ReportManager] File Action [GetAbsolutePath] successfully performed. With the following test data [Relative Folder Path: "target/downloadedFiles/"]. @24-12-2021 01:56:07.0513 AM
[ReportManager] Attempting to run locally on: [Mac-64], [Safari], Headless Execution. @24-12-2021 01:56:07.0514 AM
[ReportManager] An Exception Occured with this Message: Could not start a new session. Possible causes are invalid address of the remote server or browser start-up failure.. @24-12-2021 01:56:07.0622 AM
[ReportManager] Successfully created attachment [Exception Stack Trace - org.openqa.selenium.SessionNotCreatedException] @24-12-2021 01:56:07.0623 AM
[ReportManager] Driver Factory Action [createNewLocalDriverInstanceForSafari] failed. With the following test data [Failed to create a session on DESKTOP_SAFARI]. @24-12-2021 01:56:07.0624 A

################################################################################################################################################
Starting Execution:	[30 out of 146] test cases in the current suite
Test Method:		[unitTests.tests_validations_assertions.assertElementAttribute_false_caseInsensitiveComparison_expectedToPass]
###############################################################################################################################################



################################################################################################################################################
Starting Execution:	[31 out of 146] test cases in the current suite
Test Method:		[unitTests.tests_validations_assertions.assertElementAttribute_false_containsComparison_expectedToFail]
###############################################################################################################################################



################################################################################################################################################
Starting Execution:	[32 out of 146] test cases in the current suite
Test Method:		[unitTests.tests_validations_assertions.assertElementAttribute_false_containsComparison_expectedToPass]
###############################################################################################################################################



################################################################################################################################################
Starting Execution:	[33 out of 146] test cases in the current suite
Test Method:		[unitTests.tests_validations_assertions.assertElementAttribute_false_literalComparison_expectedToFail]
###############################################################################################################################################



################################################################################################################################################
Starting Execution:	[34 out of 146] test cases in the current suite
Test Method:		[unitTests.tests_validations_assertions.assertElementAttribute_false_literalComparison_expectedToPass]
###############################################################################################################################################



################################################################################################################################################
Starting Execution:	[35 out of 146] test cases in the current suite
Test Method:		[unitTests.tests_validations_assertions.assertElementAttribute_false_regexComparison_expectedToFail]
###############################################################################################################################################



################################################################################################################################################
Starting Execution:	[36 out of 146] test cases in the current suite
Test Method:		[unitTests.tests_validations_assertions.assertElementAttribute_false_regexComparison_expectedToPass]
###############################################################################################################################################



################################################################################################################################################
Starting Execution:	[37 out of 146] test cases in the current suite
Test Method:		[unitTests.tests_validations_assertions.assertElementAttribute_true_caseInsensitiveComparison_expectedToFail]
###############################################################################################################################################



################################################################################################################################################
Starting Execution:	[38 out of 146] test cases in the current suite
Test Method:		[unitTests.tests_validations_assertions.assertElementAttribute_true_caseInsensitiveComparison_expectedToPass]
###############################################################################################################################################



################################################################################################################################################
Starting Execution:	[39 out of 146] test cases in the current suite
Test Method:		[unitTests.tests_validations_assertions.assertElementAttribute_true_containsComparison_expectedToFail]
###############################################################################################################################################



################################################################################################################################################
Starting Execution:	[40 out of 146] test cases in the current suite
Test Method:		[unitTests.tests_validations_assertions.assertElementAttribute_true_containsComparison_expectedToPass]
###############################################################################################################################################



################################################################################################################################################
Starting Execution:	[41 out of 146] test cases in the current suite
Test Method:		[unitTests.tests_validations_assertions.assertElementAttribute_true_literalComparison_expectedToFail]
###############################################################################################################################################



################################################################################################################################################
Starting Execution:	[42 out of 146] test cases in the current suite
Test Method:		[unitTests.tests_validations_assertions.assertElementAttribute_true_literalComparison_expectedToPass]
###############################################################################################################################################



################################################################################################################################################
Starting Execution:	[43 out of 146] test cases in the current suite
Test Method:		[unitTests.tests_validations_assertions.assertElementAttribute_true_regexComparison_expectedToFail]
###############################################################################################################################################



################################################################################################################################################
Starting Execution:	[44 out of 146] test cases in the current suite
Test Method:		[unitTests.tests_validations_assertions.assertElementAttribute_true_regexComparison_expectedToPass]
###############################################################################################################################################



################################################################################################################################################
Starting Execution:	[45 out of 146] test cases in the current suite
Test Method:		[unitTests.tests_validations_assertions.assertElementAttribute_type_true_literalComparison_expectedToPass]
###############################################################################################################################################



################################################################################################################################################
Starting Execution:	[46 out of 146] test cases in the current suite
Test Method:		[unitTests.tests_validations_assertions.assertElementExists_false_expectedToFail]
###############################################################################################################################################



################################################################################################################################################
Starting Execution:	[47 out of 146] test cases in the current suite
Test Method:		[unitTests.tests_validations_assertions.assertElementExists_false_expectedToPass]
###############################################################################################################################################



################################################################################################################################################
Starting Execution:	[48 out of 146] test cases in the current suite
Test Method:		[unitTests.tests_validations_assertions.assertElementExists_false_multipleElementsFound_expectedToFail]
###############################################################################################################################################



################################################################################################################################################
Starting Execution:	[49 out of 146] test cases in the current suite
Test Method:		[unitTests.tests_validations_assertions.assertElementExists_true_expectedToFail]
###############################################################################################################################################



################################################################################################################################################
Starting Execution:	[50 out of 146] test cases in the current suite
Test Method:		[unitTests.tests_validations_assertions.assertElementExists_true_expectedToPass]
###############################################################################################################################################



################################################################################################################################################
Starting Execution:	[51 out of 146] test cases in the current suite
Test Method:		[unitTests.tests_validations_assertions.assertElementExists_true_multipleElementsFound_expectedToFail]
###############################################################################################################################################


################################################################################################################################################
Starting Execution:	[52 out of 146] test cases in the current suite
Test Method:		[unitTests.tests_validations_assertions.assertEquals_false_expectedToFail]
###############################################################################################################################################

################################################################################################################################################
Starting Execution:	[53 out of 146] test cases in the current suite
Test Method:		[unitTests.tests_validations_assertions.assertEquals_false_expectedToPass]
###############################################################################################################################################

################################################################################################################################################
Starting Execution:	[54 out of 146] test cases in the current suite
Test Method:		[unitTests.tests_validations_assertions.assertEquals_longCharacters]
###############################################################################################################################################

################################################################################################################################################
Starting Execution:	[55 out of 146] test cases in the current suite
Test Method:		[unitTests.tests_validations_assertions.assertEquals_longCharacters_Discreet]
###############################################################################################################################################

################################################################################################################################################
Starting Execution:	[56 out of 146] test cases in the current suite
Test Method:		[unitTests.tests_validations_assertions.assertEquals_true_expectedToFail]
###############################################################################################################################################

################################################################################################################################################
Starting Execution:	[57 out of 146] test cases in the current suite
Test Method:		[unitTests.tests_validations_assertions.assertEquals_true_expectedToPass]
Test Description:	[Assert that assertEquals works as expected when the two values are equal.]
###############################################################################################################################################

################################################################################################################################################
Starting Execution:	[58 out of 146] test cases in the current suite
Test Method:		[unitTests.tests_validations_assertions.assertEquals_true_expectedToPass__]
###############################################################################################################################################

################################################################################################################################################
Starting Execution:	[59 out of 146] test cases in the current suite
Test Method:		[unitTests.tests_validations_assertions.assertFileExists_false_expectedToFail]
###############################################################################################################################################

################################################################################################################################################
Starting Execution:	[60 out of 146] test cases in the current suite
Test Method:		[unitTests.tests_validations_assertions.assertFileExists_false_expectedToPass]
###############################################################################################################################################

################################################################################################################################################
Starting Execution:	[61 out of 146] test cases in the current suite
Test Method:		[unitTests.tests_validations_assertions.assertFileExists_true_expectedToFail]
###############################################################################################################################################

################################################################################################################################################
Starting Execution:	[62 out of 146] test cases in the current suite
Test Method:		[unitTests.tests_validations_assertions.assertFileExists_true_expectedToPass]
###############################################################################################################################################

################################################################################################################################################
Starting Execution:	[63 out of 146] test cases in the current suite
Test Method:		[unitTests.tests_validations_assertions.assertNull_false_expectedToFail]
###############################################################################################################################################

################################################################################################################################################
Starting Execution:	[64 out of 146] test cases in the current suite
Test Method:		[unitTests.tests_validations_assertions.assertNull_false_expectedToPass]
###############################################################################################################################################

################################################################################################################################################
Starting Execution:	[65 out of 146] test cases in the current suite
Test Method:		[unitTests.tests_validations_assertions.assertNull_true_expectedToFail]
###############################################################################################################################################

################################################################################################################################################
Starting Execution:	[66 out of 146] test cases in the current suite
Test Method:		[unitTests.tests_validations_assertions.assertNull_true_expectedToPass]
###############################################################################################################################################

################################################################################################################################################
Starting Execution:	[67 out of 146] test cases in the current suite
Test Method:		[unitTests.tests_restActions.getPostsAndAssertBodyForSpecificTitle]
################################################################################################################################################
[ReportManager] Response status code: [200], status line: [HTTP/1.1 200 OK] @24-12-2021 01:56:10.0589 AM
[ReportManager] Assertion Passed: Evaluating the actual response status code against the expected one... @24-12-2021 01:56:10.0594 AM
[ReportManager] Assertion [ValidateComparativeRelation] PASSED. Expected [200] and Actual [200]. Comparison Type [EQUALS]. Validation Type [POSITIVE]. @24-12-2021 01:56:10.0594 AM
[ReportManager] API Action [PerformRequest] successfully performed. With the following test data [Request Type: "GET" | Target Status Code: "200" | Service URL: "https://jsonplaceholder.typicode.com/posts" | Content Type: "*/*" | Response Time: "651ms"]. @24-12-2021 01:56:11.0659 AM
[ReportManager] Successfully created attachment [API Request - Specifications] @24-12-2021 01:56:11.0660 AM
[ReportManager] Successfully created attachment [API Response - JSON Body] @24-12-2021 01:56:11.0909 AM
[ReportManager] API Action [GetResponseJSONValueAsList] successfully performed. @24-12-2021 01:56:11.0934 AM
[ReportManager] API Action [GetResponseJSONValue] successfully performed. With the following test data [title]. @24-12-2021 01:56:11.0956 AM
[ReportManager] API Action [GetResponseJSONValue] successfully performed. With the following test data [title]. @24-12-2021 01:56:11.0971 AM
[ReportManager] API Action [GetResponseJSONValue] successfully performed. With the following test data [body]. @24-12-2021 01:56:11.0985 AM
[ReportManager] Assertion [ValidateEquals] PASSED. Expected [qui neque nisi nulla] and Actual [est rerum tempore vitae
sequi sint nihil reprehenderit dolor beatae ea dolores neque
fugiat blanditiis voluptate porro vel nihil molestiae ut reiciendis
qui aperiam non debitis possimus qui neque nisi nulla]. Comparison Type [CONTAINS]. Validation Type [POSITIVE]. @24-12-2021 01:56:11.0985 AM
[ReportManager] API Action [GetResponseJSONValue] successfully performed. With the following test data [title]. @24-12-2021 01:56:11.0999 AM
[ReportManager] API Action [GetResponseJSONValue] successfully performed. With the following test data [title]. @24-12-2021 01:56:12.0012 AM
[ReportManager] API Action [GetResponseJSONValue] successfully performed. With the following test data [title]. @24-12-2021 01:56:12.0025 AM
[ReportManager] API Action [GetResponseJSONValue] successfully performed. With the following test data [title]. @24-12-2021 01:56:12.0038 AM
[ReportManager] API Action [GetResponseJSONValue] successfully performed. With the following test data [title]. @24-12-2021 01:56:12.0053 AM
[ReportManager] API Action [GetResponseJSONValue] successfully performed. With the following test data [title]. @24-12-2021 01:56:12.0067 AM
[ReportManager] API Action [GetResponseJSONValue] successfully performed. With the following test data [title]. @24-12-2021 01:56:12.0080 AM
[ReportManager] API Action [GetResponseJSONValue] successfully performed. With the following test data [title]. @24-12-2021 01:56:12.0092 AM
[ReportManager] API Action [GetResponseJSONValue] successfully performed. With the following test data [title]. @24-12-2021 01:56:12.0106 AM
[ReportManager] API Action [GetResponseJSONValue] successfully performed. With the following test data [title]. @24-12-2021 01:56:12.0119 AM
[ReportManager] API Action [GetResponseJSONValue] successfully performed. With the following test data [title]. @24-12-2021 01:56:12.0133 AM
[ReportManager] API Action [GetResponseJSONValue] successfully performed. With the following test data [title]. @24-12-2021 01:56:12.0148 AM
[ReportManager] API Action [GetResponseJSONValue] successfully performed. With the following test data [title]. @24-12-2021 01:56:12.0172 AM
[ReportManager] API Action [GetResponseJSONValue] successfully performed. With the following test data [title]. @24-12-2021 01:56:12.0190 AM
[ReportManager] API Action [GetResponseJSONValue] successfully performed. With the following test data [title]. @24-12-2021 01:56:12.0244 AM
[ReportManager] API Action [GetResponseJSONValue] successfully performed. With the following test data [title]. @24-12-2021 01:56:12.0255 AM
[ReportManager] API Action [GetResponseJSONValue] successfully performed. With the following test data [title]. @24-12-2021 01:56:12.0267 AM
[ReportManager] API Action [GetResponseJSONValue] successfully performed. With the following test data [title]. @24-12-2021 01:56:12.0279 AM
[ReportManager] API Action [GetResponseJSONValue] successfully performed. With the following test data [title]. @24-12-2021 01:56:12.0291 AM
[ReportManager] API Action [GetResponseJSONValue] successfully performed. With the following test data [title]. @24-12-2021 01:56:12.0358 AM
[ReportManager] API Action [GetResponseJSONValue] successfully performed. With the following test data [title]. @24-12-2021 01:56:12.0369 AM
[ReportManager] API Action [GetResponseJSONValue] successfully performed. With the following test data [title]. @24-12-2021 01:56:12.0380 AM
[ReportManager] API Action [GetResponseJSONValue] successfully performed. With the following test data [title]. @24-12-2021 01:56:12.0391 AM
[ReportManager] API Action [GetResponseJSONValue] successfully performed. With the following test data [title]. @24-12-2021 01:56:12.0402 AM
[ReportManager] API Action [GetResponseJSONValue] successfully performed. With the following test data [title]. @24-12-2021 01:56:12.0413 AM
[ReportManager] API Action [GetResponseJSONValue] successfully performed. With the following test data [title]. @24-12-2021 01:56:12.0424 AM
[ReportManager] API Action [GetResponseJSONValue] successfully performed. With the following test data [title]. @24-12-2021 01:56:12.0436 AM
[ReportManager] API Action [GetResponseJSONValue] successfully performed. With the following test data [title]. @24-12-2021 01:56:12.0448 AM
[ReportManager] API Action [GetResponseJSONValue] successfully performed. With the following test data [title]. @24-12-2021 01:56:12.0459 AM
[ReportManager] API Action [GetResponseJSONValue] successfully performed. With the following test data [title]. @24-12-2021 01:56:12.0470 AM
[ReportManager] API Action [GetResponseJSONValue] successfully performed. With the following test data [title]. @24-12-2021 01:56:12.0480 AM
[ReportManager] API Action [GetResponseJSONValue] successfully performed. With the following test data [title]. @24-12-2021 01:56:12.0491 AM
[ReportManager] API Action [GetResponseJSONValue] successfully performed. With the following test data [title]. @24-12-2021 01:56:12.0501 AM
[ReportManager] API Action [GetResponseJSONValue] successfully performed. With the following test data [title]. @24-12-2021 01:56:12.0513 AM
[ReportManager] API Action [GetResponseJSONValue] successfully performed. With the following test data [title]. @24-12-2021 01:56:12.0524 AM
[ReportManager] API Action [GetResponseJSONValue] successfully performed. With the following test data [title]. @24-12-2021 01:56:12.0535 AM
[ReportManager] API Action [GetResponseJSONValue] successfully performed. With the following test data [title]. @24-12-2021 01:56:12.0545 AM
[ReportManager] API Action [GetResponseJSONValue] successfully performed. With the following test data [title]. @24-12-2021 01:56:12.0556 AM
[ReportManager] API Action [GetResponseJSONValue] successfully performed. With the following test data [title]. @24-12-2021 01:56:12.0567 AM
[ReportManager] API Action [GetResponseJSONValue] successfully performed. With the following test data [title]. @24-12-2021 01:56:12.0578 AM
[ReportManager] API Action [GetResponseJSONValue] successfully performed. With the following test data [title]. @24-12-2021 01:56:12.0590 AM
[ReportManager] API Action [GetResponseJSONValue] successfully performed. With the following test data [title]. @24-12-2021 01:56:12.0601 AM
[ReportManager] API Action [GetResponseJSONValue] successfully performed. With the following test data [title]. @24-12-2021 01:56:12.0612 AM
[ReportManager] API Action [GetResponseJSONValue] successfully performed. With the following test data [title]. @24-12-2021 01:56:12.0623 AM
[ReportManager] API Action [GetResponseJSONValue] successfully performed. With the following test data [title]. @24-12-2021 01:56:12.0634 AM
[ReportManager] API Action [GetResponseJSONValue] successfully performed. With the following test data [title]. @24-12-2021 01:56:12.0645 AM
[ReportManager] API Action [GetResponseJSONValue] successfully performed. With the following test data [title]. @24-12-2021 01:56:12.0656 AM
[ReportManager] API Action [GetResponseJSONValue] successfully performed. With the following test data [title]. @24-12-2021 01:56:12.0668 AM
[ReportManager] API Action [GetResponseJSONValue] successfully performed. With the following test data [title]. @24-12-2021 01:56:12.0679 AM
[ReportManager] API Action [GetResponseJSONValue] successfully performed. With the following test data [title]. @24-12-2021 01:56:12.0690 AM
[ReportManager] API Action [GetResponseJSONValue] successfully performed. With the following test data [title]. @24-12-2021 01:56:12.0701 AM
[ReportManager] API Action [GetResponseJSONValue] successfully performed. With the following test data [title]. @24-12-2021 01:56:12.0713 AM
[ReportManager] API Action [GetResponseJSONValue] successfully performed. With the following test data [title]. @24-12-2021 01:56:12.0725 AM
[ReportManager] API Action [GetResponseJSONValue] successfully performed. With the following test data [title]. @24-12-2021 01:56:12.0737 AM
[ReportManager] API Action [GetResponseJSONValue] successfully performed. With the following test data [title]. @24-12-2021 01:56:12.0751 AM
[ReportManager] API Action [GetResponseJSONValue] successfully performed. With the following test data [title]. @24-12-2021 01:56:12.0801 AM
[ReportManager] API Action [GetResponseJSONValue] successfully performed. With the following test data [title]. @24-12-2021 01:56:12.0816 AM
[ReportManager] API Action [GetResponseJSONValue] successfully performed. With the following test data [title]. @24-12-2021 01:56:12.0828 AM
[ReportManager] API Action [GetResponseJSONValue] successfully performed. With the following test data [title]. @24-12-2021 01:56:12.0839 AM
[ReportManager] API Action [GetResponseJSONValue] successfully performed. With the following test data [title]. @24-12-2021 01:56:12.0865 AM
[ReportManager] API Action [GetResponseJSONValue] successfully performed. With the following test data [title]. @24-12-2021 01:56:12.0876 AM
[ReportManager] API Action [GetResponseJSONValue] successfully performed. With the following test data [title]. @24-12-2021 01:56:12.0887 AM
[ReportManager] API Action [GetResponseJSONValue] successfully performed. With the following test data [title]. @24-12-2021 01:56:12.0897 AM
[ReportManager] API Action [GetResponseJSONValue] successfully performed. With the following test data [title]. @24-12-2021 01:56:12.0907 AM
[ReportManager] API Action [GetResponseJSONValue] successfully performed. With the following test data [title]. @24-12-2021 01:56:12.0917 AM
[ReportManager] API Action [GetResponseJSONValue] successfully performed. With the following test data [title]. @24-12-2021 01:56:12.0928 AM
[ReportManager] API Action [GetResponseJSONValue] successfully performed. With the following test data [title]. @24-12-2021 01:56:12.0939 AM
[ReportManager] API Action [GetResponseJSONValue] successfully performed. With the following test data [title]. @24-12-2021 01:56:12.0950 AM
[ReportManager] API Action [GetResponseJSONValue] successfully performed. With the following test data [title]. @24-12-2021 01:56:12.0969 AM
[ReportManager] API Action [GetResponseJSONValue] successfully performed. With the following test data [title]. @24-12-2021 01:56:12.0981 AM
[ReportManager] API Action [GetResponseJSONValue] successfully performed. With the following test data [title]. @24-12-2021 01:56:12.0991 AM
[ReportManager] API Action [GetResponseJSONValue] successfully performed. With the following test data [title]. @24-12-2021 01:56:13.0011 AM
[ReportManager] API Action [GetResponseJSONValue] successfully performed. With the following test data [title]. @24-12-2021 01:56:13.0022 AM
[ReportManager] API Action [GetResponseJSONValue] successfully performed. With the following test data [title]. @24-12-2021 01:56:13.0033 AM
[ReportManager] API Action [GetResponseJSONValue] successfully performed. With the following test data [title]. @24-12-2021 01:56:13.0044 AM
[ReportManager] API Action [GetResponseJSONValue] successfully performed. With the following test data [title]. @24-12-2021 01:56:13.0058 AM
[ReportManager] API Action [GetResponseJSONValue] successfully performed. With the following test data [title]. @24-12-2021 01:56:13.0069 AM
[ReportManager] API Action [GetResponseJSONValue] successfully performed. With the following test data [title]. @24-12-2021 01:56:13.0080 AM
[ReportManager] API Action [GetResponseJSONValue] successfully performed. With the following test data [title]. @24-12-2021 01:56:13.0090 AM
[ReportManager] API Action [GetResponseJSONValue] successfully performed. With the following test data [title]. @24-12-2021 01:56:13.0104 AM
[ReportManager] API Action [GetResponseJSONValue] successfully performed. With the following test data [title]. @24-12-2021 01:56:13.0118 AM
[ReportManager] API Action [GetResponseJSONValue] successfully performed. With the following test data [title]. @24-12-2021 01:56:13.0131 AM
[ReportManager] API Action [GetResponseJSONValue] successfully performed. With the following test data [title]. @24-12-2021 01:56:13.0156 AM
[ReportManager] API Action [GetResponseJSONValue] successfully performed. With the following test data [title]. @24-12-2021 01:56:13.0170 AM
[ReportManager] API Action [GetResponseJSONValue] successfully performed. With the following test data [title]. @24-12-2021 01:56:13.0182 AM
[ReportManager] API Action [GetResponseJSONValue] successfully performed. With the following test data [title]. @24-12-2021 01:56:13.0194 AM
[ReportManager] API Action [GetResponseJSONValue] successfully performed. With the following test data [title]. @24-12-2021 01:56:13.0206 AM
[ReportManager] API Action [GetResponseJSONValue] successfully performed. With the following test data [title]. @24-12-2021 01:56:13.0219 AM
[ReportManager] API Action [GetResponseJSONValue] successfully performed. With the following test data [title]. @24-12-2021 01:56:13.0231 AM
[ReportManager] API Action [GetResponseJSONValue] successfully performed. With the following test data [title]. @24-12-2021 01:56:13.0243 AM
[ReportManager] API Action [GetResponseJSONValue] successfully performed. With the following test data [title]. @24-12-2021 01:56:13.0256 AM
[ReportManager] API Action [GetResponseJSONValue] successfully performed. With the following test data [title]. @24-12-2021 01:56:13.0269 AM
[ReportManager] API Action [GetResponseJSONValue] successfully performed. With the following test data [title]. @24-12-2021 01:56:13.0282 AM
[ReportManager] API Action [GetResponseJSONValue] successfully performed. With the following test data [title]. @24-12-2021 01:56:13.0295 AM
[ReportManager] API Action [GetResponseJSONValue] successfully performed. With the following test data [title]. @24-12-2021 01:56:13.0307 AM
[ReportManager] API Action [GetResponseJSONValue] successfully performed. With the following test data [title]. @24-12-2021 01:56:13.0320 AM
[ReportManager] API Action [GetResponseJSONValue] successfully performed. With the following test data [title]. @24-12-2021 01:56:13.0333 AM
[ReportManager] API Action [GetResponseJSONValue] successfully performed. With the following test data [title]. @24-12-2021 01:56:13.0346 A

################################################################################################################################################
Starting Execution:	[68 out of 146] test cases in the current suite
Test Method:		[unitTests.tests_restActions.validateUserEmail]
################################################################################################################################################
[ReportManager] Response status code: [200], status line: [HTTP/1.1 200 OK] @24-12-2021 01:56:13.0408 AM
[ReportManager] Assertion Passed: Evaluating the actual response status code against the expected one... @24-12-2021 01:56:13.0408 AM
[ReportManager] Assertion [ValidateComparativeRelation] PASSED. Expected [200] and Actual [200]. Comparison Type [EQUALS]. Validation Type [POSITIVE]. @24-12-2021 01:56:13.0408 AM
[ReportManager] API Action [PerformRequest] successfully performed. With the following test data [Request Type: "GET" | Target Status Code: "200" | Service URL: "https://jsonplaceholder.typicode.com/users" | Content Type: "*/*" | Response Time: "47ms"]. @24-12-2021 01:56:13.0431 AM
[ReportManager] Successfully created attachment [API Request - Specifications] @24-12-2021 01:56:13.0432 AM
[ReportManager] Successfully created attachment [API Response - JSON Body] @24-12-2021 01:56:13.0433 AM
[ReportManager] Assertion [ValidateEquals] PASSED. Expected and Actual values are attached. Comparison Type [CONTAINS]. Validation Type [POSITIVE]. @24-12-2021 01:56:13.0434 AM
[ReportManager] Successfully created attachment [Validation Test Data - Expected Value] @24-12-2021 01:56:13.0434 AM
[ReportManager] Successfully created attachment [Validation Test Data - Actual Value] @24-12-2021 01:56:13.0435 AM
[ReportManager] API Action [GetResponseJSONValueAsList] successfully performed. With the following test data [$]. @24-12-2021 01:56:13.0445 AM
[ReportManager] API Action [GetResponseJSONValue] successfully performed. With the following test data [name]. @24-12-2021 01:56:13.0459 AM
[ReportManager] API Action [GetResponseJSONValue] successfully performed. With the following test data [email]. @24-12-2021 01:56:13.0471 AM
[ReportManager] Assertion [ValidateEquals] PASSED. Expected [Sincere@april.biz] and Actual [Sincere@april.biz]. Comparison Type [EQUALS]. Validation Type [POSITIVE]. @24-12-2021 01:56:13.0472 AM
[ReportManager] API Action [GetResponseJSONValue] successfully performed. With the following test data [name]. @24-12-2021 01:56:13.0484 AM
[ReportManager] API Action [GetResponseJSONValue] successfully performed. With the following test data [name]. @24-12-2021 01:56:13.0497 AM
[ReportManager] API Action [GetResponseJSONValue] successfully performed. With the following test data [name]. @24-12-2021 01:56:13.0510 AM
[ReportManager] API Action [GetResponseJSONValue] successfully performed. With the following test data [name]. @24-12-2021 01:56:13.0523 AM
[ReportManager] API Action [GetResponseJSONValue] successfully performed. With the following test data [name]. @24-12-2021 01:56:13.0534 AM
[ReportManager] API Action [GetResponseJSONValue] successfully performed. With the following test data [name]. @24-12-2021 01:56:13.0544 AM
[ReportManager] API Action [GetResponseJSONValue] successfully performed. With the following test data [name]. @24-12-2021 01:56:13.0554 AM
[ReportManager] API Action [GetResponseJSONValue] successfully performed. With the following test data [name]. @24-12-2021 01:56:13.0564 AM
[ReportManager] API Action [GetResponseJSONValue] successfully performed. With the following test data [name]. @24-12-2021 01:56:13.0575 A
[ReportManager] File Action [GetAbsolutePath] successfully performed. With the following test data [Relative Folder Path: "target/downloadedFiles/"]. @24-12-2021 01:56:13.0578 AM
[ReportManager] Attempting to run locally on: [Mac-64], [Safari], Headless Execution. @24-12-2021 01:56:13.0578 AM
[ReportManager] Successfully Opened Safari. @24-12-2021 01:56:14.0414 AM
[ReportManager] Initial window size: (800, 600) @24-12-2021 01:56:14.0450 AM
[ReportManager] Window size after SWD Maximize: (1176, 803) @24-12-2021 01:56:14.0483 AM
[ReportManager] Browser Action [MaximizeWindow] successfully performed. With the following test data [New screen size is now: (1176, 803)]. @24-12-2021 01:56:14.0483 A

################################################################################################################################################
Starting Execution:	[69 out of 146] test cases in the current suite
Test Method:		[testPackage01.Test_uploadFile.uploadFile_invisibleUploadInput]
################################################################################################################################################
[ReportManager] Target URL: [https://fineuploader.com/demos.html#gallery-view] @24-12-2021 01:56:14.0486 AM
[ReportManager] Initial URL: [] @24-12-2021 01:56:14.0551 AM
[ReportManager] Browser Action [NavigateToURL] successfully performed. With the following test data [https://fineuploader.com/demos.html#gallery-view]. @24-12-2021 01:56:16.0022 AM
[ReportManager] File Action [GetAbsolutePath] successfully performed. With the following test data [Relative File Path: "src/main/resources/images/shaft.png"]. @24-12-2021 01:56:16.0022 AM
[ReportManager] Successfully created attachment [File Action Actual Result - Command Log] @24-12-2021 01:56:16.0023 AM
[ReportManager] Element Action [TypeFileLocationForUpload] successfully performed. With the following test data [/Users/runner/work/SHAFT_ENGINE/SHAFT_ENGINE/src/main/resources/images/shaft.png]. @24-12-2021 01:56:16.0080 AM
[ReportManager] Attempting to getAttribute [src] from elementLocator [By.xpath: //div[@id='fine-uploader-gallery']//div[@class='qq-thumbnail-wrapper']/img]. @24-12-2021 01:56:16.0083 AM
[ReportManager] Element Action [GetAttribute] successfully performed. @24-12-2021 01:56:16.0192 AM
[ReportManager] Successfully created attachment [Element Action Test Data - GetAttribute - Actual Value] @24-12-2021 01:56:16.0195 AM
[ReportManager] Loaded Shared OpenCV @24-12-2021 01:56:16.0288 AM
[ReportManager] Assertion Passed: Then I Assert that the element found by [By.xpath: //div[@id='fine-uploader-gallery']//div[@class='qq-thumbnail-wrapper']/img] attribute [src] contains [data:image/png;base64]. @24-12-2021 01:56:16.0413 AM
[ReportManager] Successfully created attachment [Validation Test Data - Expected Value] @24-12-2021 01:56:16.0414 AM
[ReportManager] Successfully created attachment [Validation Test Data - Actual Value] @24-12-2021 01:56:16.0414 AM
[ReportManager] Successfully created attachment [Screenshot - 1640310976287_uploadFile_invisibleUploadInput_ValidateElementAttribute_passed] @24-12-2021 01:56:16.0416 AM
[ReportManager] Assertion [ValidateElementAttribute] PASSED. Expected and Actual values are attached. Comparison Type [CONTAINS]. Validation Type [POSITIVE]. @24-12-2021 01:56:16.0416 A
[ReportManager] Browser Action [CloseCurrentWindow] successfully performed. @24-12-2021 01:56:16.0711 AM
[ReportManager] Successfully created attachment [Browser Action Test Data - CloseCurrentWindow - Actual Value] @24-12-2021 01:56:16.0712 A
[ReportManager] File Action [GetAbsolutePath] successfully performed. With the following test data [Relative Folder Path: "target/downloadedFiles/"]. @24-12-2021 01:56:16.0716 AM
[ReportManager] Attempting to run locally on: [Mac-64], [Safari], Headless Execution. @24-12-2021 01:56:16.0716 AM
[ReportManager] Successfully Opened Safari. @24-12-2021 01:56:17.0550 AM
[ReportManager] Initial window size: (800, 600) @24-12-2021 01:56:17.0586 AM
[ReportManager] Window size after SWD Maximize: (1176, 803) @24-12-2021 01:56:17.0615 AM
[ReportManager] Browser Action [MaximizeWindow] successfully performed. With the following test data [New screen size is now: (1176, 803)]. @24-12-2021 01:56:17.0616 A

################################################################################################################################################
Starting Execution:	[70 out of 146] test cases in the current suite
Test Method:		[testPackage01.Test_uploadFile.uploadFile_visibleUploadInput]
################################################################################################################################################
[ReportManager] Target URL: [http://demo.guru99.com/test/upload/] @24-12-2021 01:56:17.0659 AM
[ReportManager] Initial URL: [] @24-12-2021 01:56:17.0695 AM
[ReportManager] Browser Action [NavigateToURL] successfully performed. With the following test data [http://demo.guru99.com/test/upload/]. @24-12-2021 01:56:19.0336 AM
[ReportManager] File Action [GetAbsolutePath] successfully performed. With the following test data [Relative Folder Path: "src/main/resources/images/shaft.png"]. @24-12-2021 01:56:19.0336 AM
[ReportManager] Element Action [TypeFileLocationForUpload] successfully performed. With the following test data [/Users/runner/work/SHAFT_ENGINE/SHAFT_ENGINE/src/main/resources/images/shaft.png]. @24-12-2021 01:56:21.0527 AM
[ReportManager] Element Action [Click] successfully performed. With the following test data [By.id: terms]. @24-12-2021 01:56:21.0750 AM
[ReportManager] Element Action [Click] successfully performed. With the following test data [By.id: submitbutton]. @24-12-2021 01:56:21.0946 AM
[ReportManager] Element Action [GetText] successfully performed. With the following test data [1 file has been successfully uploaded.]. @24-12-2021 01:56:22.0579 AM
[ReportManager] Loaded Shared OpenCV @24-12-2021 01:56:22.0646 AM
[ReportManager] Assertion Passed: Then I Assert that the element found by [By.id: res] attribute [Text] contains [1 file]. @24-12-2021 01:56:22.0791 AM
[ReportManager] Successfully created attachment [Screenshot - 1640310982646_uploadFile_visibleUploadInput_ValidateElementAttribute_passed] @24-12-2021 01:56:22.0792 AM
[ReportManager] Assertion [ValidateElementAttribute] PASSED. Expected [Value Should be '1 file' for the 'Text' attribute, element locator 'By.id: res'] and Actual [1 file has been successfully uploaded.]. Comparison Type [CONTAINS]. Validation Type [POSITIVE]. @24-12-2021 01:56:22.0792 A
[ReportManager] Browser Action [CloseCurrentWindow] successfully performed. @24-12-2021 01:56:23.0260 AM
[ReportManager] Successfully created attachment [Browser Action Test Data - CloseCurrentWindow - Actual Value] @24-12-2021 01:56:23.0261 A

################################################################################################################################################
Starting Execution:	[71 out of 146] test cases in the current suite
Test Method:		[testPackage01.Test_AssertApiResponseEquals.assertApiResponseEquals_expectedToPass]
################################################################################################################################################
[ReportManager] Response status code: [200], status line: [HTTP/1.1 200 OK] @24-12-2021 01:56:23.0316 AM
[ReportManager] Assertion Passed: Evaluating the actual response status code against the expected one... @24-12-2021 01:56:23.0317 AM
[ReportManager] Assertion [ValidateComparativeRelation] PASSED. Expected [200] and Actual [200]. Comparison Type [EQUALS]. Validation Type [POSITIVE]. @24-12-2021 01:56:23.0317 AM
[ReportManager] API Action [PerformRequest] successfully performed. With the following test data [Request Type: "GET" | Target Status Code: "200" | Service URL: "https://jsonplaceholder.typicode.com/users" | Content Type: "*/*" | Response Time: "46ms"]. @24-12-2021 01:56:23.0344 AM
[ReportManager] Successfully created attachment [API Request - Specifications] @24-12-2021 01:56:23.0345 AM
[ReportManager] Successfully created attachment [API Response - JSON Body] @24-12-2021 01:56:23.0345 AM
[ReportManager] API Action [GetResponseJSONValueAsList] successfully performed. With the following test data [$]. @24-12-2021 01:56:23.0354 AM
[ReportManager] API Action [GetResponseJSONValue] successfully performed. With the following test data [name]. @24-12-2021 01:56:23.0366 AM
[ReportManager] API Action [GetResponseJSONValue] successfully performed. With the following test data [email]. @24-12-2021 01:56:23.0381 AM
[ReportManager] Verification [ValidateEquals] PASSED. Expected [Sincere@april.biz] and Actual [Sincere@april.biz]. Comparison Type [EQUALS]. Validation Type [POSITIVE]. @24-12-2021 01:56:23.0382 AM
[ReportManager] API Action [GetResponseJSONValue] successfully performed. With the following test data [username]. @24-12-2021 01:56:23.0394 AM
[ReportManager] Assertion [ValidateEquals] PASSED. Expected [Bret] and Actual [Bret]. Comparison Type [EQUALS]. Validation Type [POSITIVE]. @24-12-2021 01:56:23.0394 AM
[ReportManager] API Action [GetResponseJSONValue] successfully performed. With the following test data [name]. @24-12-2021 01:56:23.0406 AM
[ReportManager] API Action [GetResponseJSONValue] successfully performed. With the following test data [name]. @24-12-2021 01:56:23.0417 AM
[ReportManager] API Action [GetResponseJSONValue] successfully performed. With the following test data [name]. @24-12-2021 01:56:23.0429 AM
[ReportManager] API Action [GetResponseJSONValue] successfully performed. With the following test data [name]. @24-12-2021 01:56:23.0442 AM
[ReportManager] API Action [GetResponseJSONValue] successfully performed. With the following test data [name]. @24-12-2021 01:56:23.0453 AM
[ReportManager] API Action [GetResponseJSONValue] successfully performed. With the following test data [name]. @24-12-2021 01:56:23.0466 AM
[ReportManager] API Action [GetResponseJSONValue] successfully performed. With the following test data [name]. @24-12-2021 01:56:23.0478 AM
[ReportManager] API Action [GetResponseJSONValue] successfully performed. With the following test data [name]. @24-12-2021 01:56:23.0490 AM
[ReportManager] API Action [GetResponseJSONValue] successfully performed. With the following test data [name]. @24-12-2021 01:56:23.0502 A

################################################################################################################################################
Starting Execution:	[72 out of 146] test cases in the current suite
Test Method:		[testPackage01.Test_testData.f]
################################################################################################################################################
[ReportManager] Successfully loaded the following test data file [src/test/resources/testDataFiles/testSuite01/TestData.xlsx]. @24-12-2021 01:56:23.0546 AM
[ReportManager] Successfully created attachment [Test Data - Excel] @24-12-2021 01:56:23.0547 AM
[ReportManager] Last Column Number is: [3]. Zero-based. @24-12-2021 01:56:23.0547 A

################################################################################################################################################
Starting Execution:	[73 out of 146] test cases in the current suite
Test Method:		[testPackage01.Test_PDF.testPDF1]
################################################################################################################################################
[ReportManager] File Action [DoesFileExist] successfully performed. With the following test data [File Path: "src/test/resources/testDataFiles/sample.pdf"]. @24-12-2021 01:56:23.0555 AM
[ReportManager] File Action [GetAbsolutePath] successfully performed. With the following test data [Relative Folder Path: "src/test/resources/testDataFiles/sample.pdf"]. @24-12-2021 01:56:23.0556 AM
[ReportManager] Assertion Passed: Checking to see that the pdf file contains [A Simple PDF File] @24-12-2021 01:56:28.0534 AM
[ReportManager] Successfully created attachment [Validation Test Data - Expected Value] @24-12-2021 01:56:28.0535 AM
[ReportManager] Successfully created attachment [Validation Test Data - Actual Value] @24-12-2021 01:56:28.0535 AM
[ReportManager] Assertion [ValidateEquals] PASSED. Expected and Actual values are attached. Comparison Type [CONTAINS]. Validation Type [POSITIVE]. @24-12-2021 01:56:28.0535 A

################################################################################################################################################
Starting Execution:	[74 out of 146] test cases in the current suite
Test Method:		[testPackage01.Test_PDF.testPDF2]
################################################################################################################################################
[ReportManager] File Action [DoesFileExist] successfully performed. With the following test data [File Path: "src/test/resources/testDataFiles/sample.pdf"]. @24-12-2021 01:56:28.0542 AM
[ReportManager] File Action [GetAbsolutePath] successfully performed. With the following test data [Relative Folder Path: "src/test/resources/testDataFiles/sample.pdf"]. @24-12-2021 01:56:28.0542 AM
[ReportManager] Assertion Passed: Checking to see that the pdf file contains [A Simple PDF File] @24-12-2021 01:56:28.0556 AM
[ReportManager] Successfully created attachment [Validation Test Data - Expected Value] @24-12-2021 01:56:28.0557 AM
[ReportManager] Successfully created attachment [Validation Test Data - Actual Value] @24-12-2021 01:56:28.0558 AM
[ReportManager] Assertion [ValidateEquals] PASSED. Expected and Actual values are attached. Comparison Type [CONTAINS]. Validation Type [POSITIVE]. @24-12-2021 01:56:28.0558 A
[ReportManager] File Action [GetAbsolutePath] successfully performed. With the following test data [Relative Folder Path: "target/downloadedFiles/"]. @24-12-2021 01:56:28.0561 AM
[ReportManager] Attempting to run locally on: [Mac-64], [Safari], Headless Execution. @24-12-2021 01:56:28.0561 AM
[ReportManager] An Exception Occured with this Message: Could not start a new session. Possible causes are invalid address of the remote server or browser start-up failure.. @24-12-2021 01:56:28.0676 AM
[ReportManager] Successfully created attachment [Exception Stack Trace - org.openqa.selenium.SessionNotCreatedException] @24-12-2021 01:56:28.0677 AM
[ReportManager] Driver Factory Action [createNewLocalDriverInstanceForSafari] failed. With the following test data [Failed to create a session on DESKTOP_SAFARI]. @24-12-2021 01:56:28.0677 A

################################################################################################################################################
Starting Execution:	[75 out of 146] test cases in the current suite
Test Method:		[testPackage01.Test_ShadowDOM.shadowdom]
###############################################################################################################################################

[ReportManager] File Action [GetAbsolutePath] successfully performed. With the following test data [Relative Folder Path: "target/downloadedFiles/"]. @24-12-2021 01:56:28.0688 AM
[ReportManager] Attempting to run locally on: [Mac-64], [Safari], Headless Execution. @24-12-2021 01:56:28.0688 AM
[ReportManager] Successfully Opened Safari. @24-12-2021 01:56:29.0696 AM
[ReportManager] Initial window size: (800, 600) @24-12-2021 01:56:29.0712 AM
[ReportManager] Window size after SWD Maximize: (1176, 803) @24-12-2021 01:56:29.0749 AM
[ReportManager] Browser Action [MaximizeWindow] successfully performed. With the following test data [New screen size is now: (1176, 803)]. @24-12-2021 01:56:29.0749 A

################################################################################################################################################
Starting Execution:	[76 out of 146] test cases in the current suite
Test Method:		[testPackage01.Test_clipboardActions.typeTextAndCopyPaste]
################################################################################################################################################
[ReportManager] Target URL: [https://www.google.com/ncr], and after redirection: [https://www.google.com] @24-12-2021 01:56:29.0752 AM
[ReportManager] Initial URL: [] @24-12-2021 01:56:29.0823 AM
[ReportManager] Browser Action [NavigateToURL] successfully performed. With the following test data [https://www.google.com/ncr]. @24-12-2021 01:56:30.0754 AM
[ReportManager] Element Action [Type] successfully performed. With the following test data [FIRST]. @24-12-2021 01:56:31.0225 A
[ReportManager] Browser Action [CloseCurrentWindow] successfully performed. @24-12-2021 01:56:31.0771 AM
[ReportManager] Successfully created attachment [Browser Action Test Data - CloseCurrentWindow - Actual Value] @24-12-2021 01:56:31.0816 A

################################################################################################################################################
Starting Execution:	[77 out of 146] test cases in the current suite
Test Method:		[testPackage01.Test_NewValidationHelper.f1]
################################################################################################################################################
[ReportManager] Assertion Passed: Checking valid user data @24-12-2021 01:56:31.0859 AM
[ReportManager] Successfully created attachment [Validation Test Data - Expected Value] @24-12-2021 01:56:31.0859 AM
[ReportManager] Successfully created attachment [Validation Test Data - Actual Value] @24-12-2021 01:56:31.0900 AM
[ReportManager] Assertion [ValidateEquals] PASSED. Expected and Actual values are attached. Comparison Type [EQUALS]. Validation Type [POSITIVE]. @24-12-2021 01:56:31.0900 A
[ReportManager] File Action [GetAbsolutePath] successfully performed. With the following test data [Relative Folder Path: "target/downloadedFiles/"]. @24-12-2021 01:56:31.0944 AM
[ReportManager] Attempting to run locally on: [Mac-64], [Safari], Headless Execution. @24-12-2021 01:56:31.0944 AM
[ReportManager] Successfully Opened Safari. @24-12-2021 01:56:32.0888 AM
[ReportManager] Initial window size: (800, 600) @24-12-2021 01:56:32.0987 AM
[ReportManager] Window size after SWD Maximize: (1176, 803) @24-12-2021 01:56:33.0055 AM
[ReportManager] Browser Action [MaximizeWindow] successfully performed. With the following test data [New screen size is now: (1176, 803)]. @24-12-2021 01:56:33.0056 AM
[ReportManager] Target URL: [https://the-internet.herokuapp.com/] @24-12-2021 01:56:33.0056 AM
[ReportManager] Initial URL: [] @24-12-2021 01:56:33.0105 AM
[ReportManager] Browser Action [NavigateToURL] successfully performed. With the following test data [https://the-internet.herokuapp.com/]. @24-12-2021 01:56:33.0790 A

################################################################################################################################################
Starting Execution:	[78 out of 146] test cases in the current suite
Test Method:		[testPackage01.Test_NewValidationHelper.f10]
################################################################################################################################################
[ReportManager] Loaded Shared OpenCV @24-12-2021 01:56:33.0963 AM
[ReportManager] Assertion [ValidateElementExists] FAILED. Expected [Element Should Exist, locator 'By.tagName: div'] and Actual [Element Exists but is not unique]. Comparison Type [EQUALS]. Validation Type [POSITIVE]. @24-12-2021 01:56:34.0228 AM
[ReportManager] Successfully created attachment [Screenshot - 1640310993963_f10_ValidateElementExists_failed] @24-12-2021 01:56:34.0232 A
[ReportManager] Successfully Closed All Drivers. @24-12-2021 01:56:34.0473 A
[ReportManager] File Action [GetAbsolutePath] successfully performed. With the following test data [Relative Folder Path: "target/downloadedFiles/"]. @24-12-2021 01:56:34.0514 AM
[ReportManager] Attempting to run locally on: [Mac-64], [Safari], Headless Execution. @24-12-2021 01:56:34.0514 AM
[ReportManager] Successfully Opened Safari. @24-12-2021 01:56:36.0600 AM
[ReportManager] Initial window size: (800, 600) @24-12-2021 01:56:36.0657 AM
[ReportManager] Window size after SWD Maximize: (1176, 803) @24-12-2021 01:56:36.0695 AM
[ReportManager] Browser Action [MaximizeWindow] successfully performed. With the following test data [New screen size is now: (1176, 803)]. @24-12-2021 01:56:36.0696 AM
[ReportManager] Target URL: [https://the-internet.herokuapp.com/] @24-12-2021 01:56:36.0696 AM
[ReportManager] Initial URL: [] @24-12-2021 01:56:36.0758 AM
[ReportManager] Browser Action [NavigateToURL] successfully performed. With the following test data [https://the-internet.herokuapp.com/]. @24-12-2021 01:56:37.0414 A

################################################################################################################################################
Starting Execution:	[79 out of 146] test cases in the current suite
Test Method:		[testPackage01.Test_NewValidationHelper.f11]
################################################################################################################################################
[ReportManager] org.openqa.selenium.TimeoutException:
Expected condition failed: waiting for com.shaft.gui.element.ElementActionsHelper$$Lambda$625/0x000000080113ef48@60faac92 (tried for 5 second(s) with 1000 milliseconds interval)
org.openqa.selenium.support.ui.FluentWait.timeoutException(FluentWait.java:263)
org.openqa.selenium.support.ui.FluentWait.until(FluentWait.java:231)
com.shaft.gui.element.ElementActionsHelper.waitForElementPresence(ElementActionsHelper.java:63)
com.shaft.gui.element.ElementActionsHelper.waitForElementPresence(ElementActionsHelper.java:37)
com.shaft.gui.element.WebDriverElementActions.getMatchingElementsCount(WebDriverElementActions.java:1468)
com.shaft.gui.element.WebDriverElementActions.getElementsCount(WebDriverElementActions.java:559)
com.shaft.gui.element.ElementActions.getElementsCount(ElementActions.java:261)
com.shaft.validation.ValidationsHelper.validateElementExists(ValidationsHelper.java:149)
com.shaft.validation.Assertions.assertElementExists(Assertions.java:118)
testPackage01.Test_NewValidationHelper.f11(Test_NewValidationHelper.java:137)
java.base/jdk.internal.reflect.NativeMethodAccessorImpl.invoke0(Native Method)
java.base/jdk.internal.reflect.NativeMethodAccessorImpl.invoke(NativeMethodAccessorImpl.java:77)
java.base/jdk.internal.reflect.DelegatingMethodAccessorImpl.invoke(DelegatingMethodAccessorImpl.java:43)
java.base/java.lang.reflect.Method.invoke(Method.java:568)
org.testng.internal.MethodInvocationHelper.invokeMethod(MethodInvocationHelper.java:133)
org.testng.internal.TestInvoker.invokeMethod(TestInvoker.java:598)
org.testng.internal.TestInvoker.invokeTestMethod(TestInvoker.java:173)
org.testng.internal.MethodRunner.runInSequence(MethodRunner.java:46)
org.testng.internal.TestInvoker$MethodInvocationAgent.invoke(TestInvoker.java:824)
org.testng.internal.TestInvoker.invokeTestMethods(TestInvoker.java:146)
org.testng.internal.TestMethodWorker.invokeTestMethods(TestMethodWorker.java:146)
org.testng.internal.TestMethodWorker.run(TestMethodWorker.java:128)
java.base/java.util.ArrayList.forEach(ArrayList.java:1511)
org.testng.TestRunner.privateRun(TestRunner.java:794)
org.testng.TestRunner.run(TestRunner.java:596)
org.testng.SuiteRunner.runTest(SuiteRunner.java:377)
org.testng.SuiteRunner.runSequentially(SuiteRunner.java:371)
org.testng.SuiteRunner.privateRun(SuiteRunner.java:332)
org.testng.SuiteRunner.run(SuiteRunner.java:276)
org.testng.SuiteRunnerWorker.runSuite(SuiteRunnerWorker.java:53)
org.testng.SuiteRunnerWorker.run(SuiteRunnerWorker.java:96)
org.testng.TestNG.runSuitesSequentially(TestNG.java:1212)
org.testng.TestNG.runSuitesLocally(TestNG.java:1134)
org.testng.TestNG.runSuites(TestNG.java:1063)
org.testng.TestNG.run(TestNG.java:1031)
org.apache.maven.surefire.testng.TestNGExecutor.run(TestNGExecutor.java:136)
org.apache.maven.surefire.testng.TestNGDirectoryTestSuite.executeMulti(TestNGDirectoryTestSuite.java:193)
org.apache.maven.surefire.testng.TestNGDirectoryTestSuite.execute(TestNGDirectoryTestSuite.java:94)
org.apache.maven.surefire.testng.TestNGProvider.invoke(TestNGProvider.java:145)
org.apache.maven.surefire.booter.ForkedBooter.runSuitesInProcess(ForkedBooter.java:428)
org.apache.maven.surefire.booter.ForkedBooter.execute(ForkedBooter.java:162)
org.apache.maven.surefire.booter.ForkedBooter.run(ForkedBooter.java:562)
org.apache.maven.surefire.booter.ForkedBooter.main(ForkedBooter.java:548)

Caused by: org.openqa.selenium.NoSuchElementException:
For documentation on this error, please visit: https://selenium.dev/exceptions/#no_such_element
Build info: version: '4.1.1', revision: 'e8fcc2cecf'
System info: host: 'Mac-1640310697205.local', ip: '10.213.5.49', os.name: 'Mac OS X', os.arch: 'x86_64', os.version: '11.5', java.version: '17.0.1'
Driver info: org.openqa.selenium.safari.SafariDriver
Command: [13B94199-2829-44D0-B748-F0FE7FB36FF1, findElement {using=tag name, value=h3}]
Capabilities {acceptInsecureCerts: false, browserName: Safari, browserVersion: 15.2, goog:loggingPrefs: {browser: ALL, client: ALL, driver: ALL, performance: ALL, profiler: ALL, server: ALL}, javascriptEnabled: true, pageLoadStrategy: normal, platform: MAC, platformName: MAC, safari:automaticInspection: false, safari:automaticProfiling: false, safari:diagnose: false, safari:platformBuildVersion: 20G314, safari:platformVersion: 11.6.2, safari:useSimulator: false, setWindowRect: true, strictFileInteractability: false, timeouts: {pageLoad: 30000, script: 30000}, webkit:WebRTC: {DisableICECandidateFiltering: false, DisableInsecureMediaCapture: false}}
Session ID: 13B94199-2829-44D0-B748-F0FE7FB36FF1
jdk.internal.reflect.GeneratedConstructorAccessor69.newInstance(Unknown Source)
java.base/jdk.internal.reflect.DelegatingConstructorAccessorImpl.newInstance(DelegatingConstructorAccessorImpl.java:45)
java.base/java.lang.reflect.Constructor.newInstanceWithCaller(Constructor.java:499)
java.base/java.lang.reflect.Constructor.newInstance(Constructor.java:480)
org.openqa.selenium.remote.codec.w3c.W3CHttpResponseCodec.createException(W3CHttpResponseCodec.java:200)
org.openqa.selenium.remote.codec.w3c.W3CHttpResponseCodec.decode(W3CHttpResponseCodec.java:133)
org.openqa.selenium.remote.codec.w3c.W3CHttpResponseCodec.decode(W3CHttpResponseCodec.java:53)
org.openqa.selenium.remote.HttpCommandExecutor.execute(HttpCommandExecutor.java:184)
org.openqa.selenium.remote.service.DriverCommandExecutor.invokeExecute(DriverCommandExecutor.java:167)
org.openqa.selenium.remote.service.DriverCommandExecutor.execute(DriverCommandExecutor.java:142)
org.openqa.selenium.remote.RemoteWebDriver.execute(RemoteWebDriver.java:543)
org.openqa.selenium.remote.ElementLocation$ElementFinder$2.findElement(ElementLocation.java:162)
org.openqa.selenium.remote.ElementLocation.findElement(ElementLocation.java:60)
org.openqa.selenium.remote.RemoteWebDriver.findElement(RemoteWebDriver.java:367)
org.openqa.selenium.remote.RemoteWebDriver.findElement(RemoteWebDriver.java:359)
com.shaft.gui.element.ElementActionsHelper.lambda$waitForElementPresence$0(ElementActionsHelper.java:66)
org.openqa.selenium.support.ui.FluentWait.until(FluentWait.java:208)
com.shaft.gui.element.ElementActionsHelper.waitForElementPresence(ElementActionsHelper.java:63)
com.shaft.gui.element.ElementActionsHelper.waitForElementPresence(ElementActionsHelper.java:37)
com.shaft.gui.element.WebDriverElementActions.getMatchingElementsCount(WebDriverElementActions.java:1468)
com.shaft.gui.element.WebDriverElementActions.getElementsCount(WebDriverElementActions.java:559)
com.shaft.gui.element.ElementActions.getElementsCount(ElementActions.java:261)
com.shaft.validation.ValidationsHelper.validateElementExists(ValidationsHelper.java:149)
com.shaft.validation.Assertions.assertElementExists(Assertions.java:118)
testPackage01.Test_NewValidationHelper.f11(Test_NewValidationHelper.java:137)
java.base/jdk.internal.reflect.NativeMethodAccessorImpl.invoke0(Native Method)
java.base/jdk.internal.reflect.NativeMethodAccessorImpl.invoke(NativeMethodAccessorImpl.java:77)
java.base/jdk.internal.reflect.DelegatingMethodAccessorImpl.invoke(DelegatingMethodAccessorImpl.java:43)
java.base/java.lang.reflect.Method.invoke(Method.java:568)
org.testng.internal.MethodInvocationHelper.invokeMethod(MethodInvocationHelper.java:133)
org.testng.internal.TestInvoker.invokeMethod(TestInvoker.java:598)
org.testng.internal.TestInvoker.invokeTestMethod(TestInvoker.java:173)
org.testng.internal.MethodRunner.runInSequence(MethodRunner.java:46)
org.testng.internal.TestInvoker$MethodInvocationAgent.invoke(TestInvoker.java:824)
org.testng.internal.TestInvoker.invokeTestMethods(TestInvoker.java:146)
org.testng.internal.TestMethodWorker.invokeTestMethods(TestMethodWorker.java:146)
org.testng.internal.TestMethodWorker.run(TestMethodWorker.java:128)
java.base/java.util.ArrayList.forEach(ArrayList.java:1511)
org.testng.TestRunner.privateRun(TestRunner.java:794)
org.testng.TestRunner.run(TestRunner.java:596)
org.testng.SuiteRunner.runTest(SuiteRunner.java:377)
org.testng.SuiteRunner.runSequentially(SuiteRunner.java:371)
org.testng.SuiteRunner.privateRun(SuiteRunner.java:332)
org.testng.SuiteRunner.run(SuiteRunner.java:276)
org.testng.SuiteRunnerWorker.runSuite(SuiteRunnerWorker.java:53)
org.testng.SuiteRunnerWorker.run(SuiteRunnerWorker.java:96)
org.testng.TestNG.runSuitesSequentially(TestNG.java:1212)
org.testng.TestNG.runSuitesLocally(TestNG.java:1134)
org.testng.TestNG.runSuites(TestNG.java:1063)
org.testng.TestNG.run(TestNG.java:1031)
org.apache.maven.surefire.testng.TestNGExecutor.run(TestNGExecutor.java:136)
org.apache.maven.surefire.testng.TestNGDirectoryTestSuite.executeMulti(TestNGDirectoryTestSuite.java:193)
org.apache.maven.surefire.testng.TestNGDirectoryTestSuite.execute(TestNGDirectoryTestSuite.java:94)
org.apache.maven.surefire.testng.TestNGProvider.invoke(TestNGProvider.java:145)
org.apache.maven.surefire.booter.ForkedBooter.runSuitesInProcess(ForkedBooter.java:428)
org.apache.maven.surefire.booter.ForkedBooter.execute(ForkedBooter.java:162)
org.apache.maven.surefire.booter.ForkedBooter.run(ForkedBooter.java:562)
org.apache.maven.surefire.booter.ForkedBooter.main(ForkedBooter.java:548) @24-12-2021 01:56:42.0599 AM
[ReportManager] org.openqa.selenium.TimeoutException:
Expected condition failed: waiting for com.shaft.gui.element.ElementActionsHelper$$Lambda$625/0x000000080113ef48@52990f00 (tried for 5 second(s) with 1000 milliseconds interval)
org.openqa.selenium.support.ui.FluentWait.timeoutException(FluentWait.java:263)
org.openqa.selenium.support.ui.FluentWait.until(FluentWait.java:231)
com.shaft.gui.element.ElementActionsHelper.waitForElementPresence(ElementActionsHelper.java:63)
com.shaft.gui.element.ElementActionsHelper.waitForElementPresence(ElementActionsHelper.java:37)
com.shaft.gui.element.WebDriverElementActions.getMatchingElementsCount(WebDriverElementActions.java:1468)
com.shaft.gui.element.WebDriverElementActions.getElementsCount(WebDriverElementActions.java:559)
com.shaft.gui.element.ElementActions.getElementsCount(ElementActions.java:261)
com.shaft.gui.image.ScreenshotManager.internalCaptureScreenShot(ScreenshotManager.java:394)
com.shaft.gui.image.ScreenshotManager.captureScreenShot(ScreenshotManager.java:141)
com.shaft.validation.ValidationsHelper.reportValidationState(ValidationsHelper.java:823)
com.shaft.validation.ValidationsHelper.pass(ValidationsHelper.java:564)
com.shaft.validation.ValidationsHelper.validateElementExists(ValidationsHelper.java:166)
com.shaft.validation.Assertions.assertElementExists(Assertions.java:118)
testPackage01.Test_NewValidationHelper.f11(Test_NewValidationHelper.java:137)
java.base/jdk.internal.reflect.NativeMethodAccessorImpl.invoke0(Native Method)
java.base/jdk.internal.reflect.NativeMethodAccessorImpl.invoke(NativeMethodAccessorImpl.java:77)
java.base/jdk.internal.reflect.DelegatingMethodAccessorImpl.invoke(DelegatingMethodAccessorImpl.java:43)
java.base/java.lang.reflect.Method.invoke(Method.java:568)
org.testng.internal.MethodInvocationHelper.invokeMethod(MethodInvocationHelper.java:133)
org.testng.internal.TestInvoker.invokeMethod(TestInvoker.java:598)
org.testng.internal.TestInvoker.invokeTestMethod(TestInvoker.java:173)
org.testng.internal.MethodRunner.runInSequence(MethodRunner.java:46)
org.testng.internal.TestInvoker$MethodInvocationAgent.invoke(TestInvoker.java:824)
org.testng.internal.TestInvoker.invokeTestMethods(TestInvoker.java:146)
org.testng.internal.TestMethodWorker.invokeTestMethods(TestMethodWorker.java:146)
org.testng.internal.TestMethodWorker.run(TestMethodWorker.java:128)
java.base/java.util.ArrayList.forEach(ArrayList.java:1511)
org.testng.TestRunner.privateRun(TestRunner.java:794)
org.testng.TestRunner.run(TestRunner.java:596)
org.testng.SuiteRunner.runTest(SuiteRunner.java:377)
org.testng.SuiteRunner.runSequentially(SuiteRunner.java:371)
org.testng.SuiteRunner.privateRun(SuiteRunner.java:332)
org.testng.SuiteRunner.run(SuiteRunner.java:276)
org.testng.SuiteRunnerWorker.runSuite(SuiteRunnerWorker.java:53)
org.testng.SuiteRunnerWorker.run(SuiteRunnerWorker.java:96)
org.testng.TestNG.runSuitesSequentially(TestNG.java:1212)
org.testng.TestNG.runSuitesLocally(TestNG.java:1134)
org.testng.TestNG.runSuites(TestNG.java:1063)
org.testng.TestNG.run(TestNG.java:1031)
org.apache.maven.surefire.testng.TestNGExecutor.run(TestNGExecutor.java:136)
org.apache.maven.surefire.testng.TestNGDirectoryTestSuite.executeMulti(TestNGDirectoryTestSuite.java:193)
org.apache.maven.surefire.testng.TestNGDirectoryTestSuite.execute(TestNGDirectoryTestSuite.java:94)
org.apache.maven.surefire.testng.TestNGProvider.invoke(TestNGProvider.java:145)
org.apache.maven.surefire.booter.ForkedBooter.runSuitesInProcess(ForkedBooter.java:428)
org.apache.maven.surefire.booter.ForkedBooter.execute(ForkedBooter.java:162)
org.apache.maven.surefire.booter.ForkedBooter.run(ForkedBooter.java:562)
org.apache.maven.surefire.booter.ForkedBooter.main(ForkedBooter.java:548)

Caused by: org.openqa.selenium.NoSuchElementException:
For documentation on this error, please visit: https://selenium.dev/exceptions/#no_such_element
Build info: version: '4.1.1', revision: 'e8fcc2cecf'
System info: host: 'Mac-1640310697205.local', ip: '10.213.5.49', os.name: 'Mac OS X', os.arch: 'x86_64', os.version: '11.5', java.version: '17.0.1'
Driver info: org.openqa.selenium.safari.SafariDriver
Command: [13B94199-2829-44D0-B748-F0FE7FB36FF1, findElement {using=tag name, value=h3}]
Capabilities {acceptInsecureCerts: false, browserName: Safari, browserVersion: 15.2, goog:loggingPrefs: {browser: ALL, client: ALL, driver: ALL, performance: ALL, profiler: ALL, server: ALL}, javascriptEnabled: true, pageLoadStrategy: normal, platform: MAC, platformName: MAC, safari:automaticInspection: false, safari:automaticProfiling: false, safari:diagnose: false, safari:platformBuildVersion: 20G314, safari:platformVersion: 11.6.2, safari:useSimulator: false, setWindowRect: true, strictFileInteractability: false, timeouts: {pageLoad: 30000, script: 30000}, webkit:WebRTC: {DisableICECandidateFiltering: false, DisableInsecureMediaCapture: false}}
Session ID: 13B94199-2829-44D0-B748-F0FE7FB36FF1
jdk.internal.reflect.GeneratedConstructorAccessor69.newInstance(Unknown Source)
java.base/jdk.internal.reflect.DelegatingConstructorAccessorImpl.newInstance(DelegatingConstructorAccessorImpl.java:45)
java.base/java.lang.reflect.Constructor.newInstanceWithCaller(Constructor.java:499)
java.base/java.lang.reflect.Constructor.newInstance(Constructor.java:480)
org.openqa.selenium.remote.codec.w3c.W3CHttpResponseCodec.createException(W3CHttpResponseCodec.java:200)
org.openqa.selenium.remote.codec.w3c.W3CHttpResponseCodec.decode(W3CHttpResponseCodec.java:133)
org.openqa.selenium.remote.codec.w3c.W3CHttpResponseCodec.decode(W3CHttpResponseCodec.java:53)
org.openqa.selenium.remote.HttpCommandExecutor.execute(HttpCommandExecutor.java:184)
org.openqa.selenium.remote.service.DriverCommandExecutor.invokeExecute(DriverCommandExecutor.java:167)
org.openqa.selenium.remote.service.DriverCommandExecutor.execute(DriverCommandExecutor.java:142)
org.openqa.selenium.remote.RemoteWebDriver.execute(RemoteWebDriver.java:543)
org.openqa.selenium.remote.ElementLocation$ElementFinder$2.findElement(ElementLocation.java:162)
org.openqa.selenium.remote.ElementLocation.findElement(ElementLocation.java:60)
org.openqa.selenium.remote.RemoteWebDriver.findElement(RemoteWebDriver.java:367)
org.openqa.selenium.remote.RemoteWebDriver.findElement(RemoteWebDriver.java:359)
com.shaft.gui.element.ElementActionsHelper.lambda$waitForElementPresence$0(ElementActionsHelper.java:66)
org.openqa.selenium.support.ui.FluentWait.until(FluentWait.java:208)
com.shaft.gui.element.ElementActionsHelper.waitForElementPresence(ElementActionsHelper.java:63)
com.shaft.gui.element.ElementActionsHelper.waitForElementPresence(ElementActionsHelper.java:37)
com.shaft.gui.element.WebDriverElementActions.getMatchingElementsCount(WebDriverElementActions.java:1468)
com.shaft.gui.element.WebDriverElementActions.getElementsCount(WebDriverElementActions.java:559)
com.shaft.gui.element.ElementActions.getElementsCount(ElementActions.java:261)
com.shaft.gui.image.ScreenshotManager.internalCaptureScreenShot(ScreenshotManager.java:394)
com.shaft.gui.image.ScreenshotManager.captureScreenShot(ScreenshotManager.java:141)
com.shaft.validation.ValidationsHelper.reportValidationState(ValidationsHelper.java:823)
com.shaft.validation.ValidationsHelper.pass(ValidationsHelper.java:564)
com.shaft.validation.ValidationsHelper.validateElementExists(ValidationsHelper.java:166)
com.shaft.validation.Assertions.assertElementExists(Assertions.java:118)
testPackage01.Test_NewValidationHelper.f11(Test_NewValidationHelper.java:137)
java.base/jdk.internal.reflect.NativeMethodAccessorImpl.invoke0(Native Method)
java.base/jdk.internal.reflect.NativeMethodAccessorImpl.invoke(NativeMethodAccessorImpl.java:77)
java.base/jdk.internal.reflect.DelegatingMethodAccessorImpl.invoke(DelegatingMethodAccessorImpl.java:43)
java.base/java.lang.reflect.Method.invoke(Method.java:568)
org.testng.internal.MethodInvocationHelper.invokeMethod(MethodInvocationHelper.java:133)
org.testng.internal.TestInvoker.invokeMethod(TestInvoker.java:598)
org.testng.internal.TestInvoker.invokeTestMethod(TestInvoker.java:173)
org.testng.internal.MethodRunner.runInSequence(MethodRunner.java:46)
org.testng.internal.TestInvoker$MethodInvocationAgent.invoke(TestInvoker.java:824)
org.testng.internal.TestInvoker.invokeTestMethods(TestInvoker.java:146)
org.testng.internal.TestMethodWorker.invokeTestMethods(TestMethodWorker.java:146)
org.testng.internal.TestMethodWorker.run(TestMethodWorker.java:128)
java.base/java.util.ArrayList.forEach(ArrayList.java:1511)
org.testng.TestRunner.privateRun(TestRunner.java:794)
org.testng.TestRunner.run(TestRunner.java:596)
org.testng.SuiteRunner.runTest(SuiteRunner.java:377)
org.testng.SuiteRunner.runSequentially(SuiteRunner.java:371)
org.testng.SuiteRunner.privateRun(SuiteRunner.java:332)
org.testng.SuiteRunner.run(SuiteRunner.java:276)
org.testng.SuiteRunnerWorker.runSuite(SuiteRunnerWorker.java:53)
org.testng.SuiteRunnerWorker.run(SuiteRunnerWorker.java:96)
org.testng.TestNG.runSuitesSequentially(TestNG.java:1212)
org.testng.TestNG.runSuitesLocally(TestNG.java:1134)
org.testng.TestNG.runSuites(TestNG.java:1063)
org.testng.TestNG.run(TestNG.java:1031)
org.apache.maven.surefire.testng.TestNGExecutor.run(TestNGExecutor.java:136)
org.apache.maven.surefire.testng.TestNGDirectoryTestSuite.executeMulti(TestNGDirectoryTestSuite.java:193)
org.apache.maven.surefire.testng.TestNGDirectoryTestSuite.execute(TestNGDirectoryTestSuite.java:94)
org.apache.maven.surefire.testng.TestNGProvider.invoke(TestNGProvider.java:145)
org.apache.maven.surefire.booter.ForkedBooter.runSuitesInProcess(ForkedBooter.java:428)
org.apache.maven.surefire.booter.ForkedBooter.execute(ForkedBooter.java:162)
org.apache.maven.surefire.booter.ForkedBooter.run(ForkedBooter.java:562)
org.apache.maven.surefire.booter.ForkedBooter.main(ForkedBooter.java:548) @24-12-2021 01:56:47.0764 AM
[ReportManager] Assertion Passed: Checking that false tag doesn't exist @24-12-2021 01:56:47.0915 AM
[ReportManager] Successfully created attachment [Screenshot - 1640311007792_f11_ValidateElementExists_passed] @24-12-2021 01:56:47.0916 AM
[ReportManager] Assertion [ValidateElementExists] PASSED. Expected [Element Should not Exist, locator 'By.tagName: h3'] and Actual [Element Doesn't Exists]. Comparison Type [EQUALS]. Validation Type [NEGATIVE]. @24-12-2021 01:56:47.0916 A
[ReportManager] Successfully Closed All Drivers. @24-12-2021 01:56:48.0156 A
[ReportManager] File Action [GetAbsolutePath] successfully performed. With the following test data [Relative Folder Path: "target/downloadedFiles/"]. @24-12-2021 01:56:48.0159 AM
[ReportManager] Attempting to run locally on: [Mac-64], [Safari], Headless Execution. @24-12-2021 01:56:48.0159 AM
[ReportManager] Successfully Opened Safari. @24-12-2021 01:56:49.0007 AM
[ReportManager] Initial window size: (800, 600) @24-12-2021 01:56:49.0016 AM
[ReportManager] Window size after SWD Maximize: (1176, 803) @24-12-2021 01:56:49.0043 AM
[ReportManager] Browser Action [MaximizeWindow] successfully performed. With the following test data [New screen size is now: (1176, 803)]. @24-12-2021 01:56:49.0043 AM
[ReportManager] Target URL: [https://the-internet.herokuapp.com/] @24-12-2021 01:56:49.0043 AM
[ReportManager] Initial URL: [] @24-12-2021 01:56:49.0108 AM
[ReportManager] Browser Action [NavigateToURL] successfully performed. With the following test data [https://the-internet.herokuapp.com/]. @24-12-2021 01:56:49.0515 A

################################################################################################################################################
Starting Execution:	[80 out of 146] test cases in the current suite
Test Method:		[testPackage01.Test_NewValidationHelper.f12]
################################################################################################################################################
[ReportManager] Loaded Shared OpenCV @24-12-2021 01:56:49.0736 AM
[ReportManager] Assertion [ValidateElementExists] FAILED. Expected [Element Should not Exist, locator 'By.tagName: h1'] and Actual [Element Exists]. Comparison Type [EQUALS]. Validation Type [NEGATIVE]. @24-12-2021 01:56:49.0880 AM
[ReportManager] Successfully created attachment [Screenshot - 1640311009735_f12_ValidateElementExists_failed] @24-12-2021 01:56:49.0882 A
[ReportManager] Successfully Closed All Drivers. @24-12-2021 01:56:50.0034 A
[ReportManager] File Action [GetAbsolutePath] successfully performed. With the following test data [Relative Folder Path: "target/downloadedFiles/"]. @24-12-2021 01:56:50.0036 AM
[ReportManager] Attempting to run locally on: [Mac-64], [Safari], Headless Execution. @24-12-2021 01:56:50.0037 AM
[ReportManager] Successfully Opened Safari. @24-12-2021 01:56:50.0865 AM
[ReportManager] Initial window size: (800, 600) @24-12-2021 01:56:50.0902 AM
[ReportManager] Window size after SWD Maximize: (1176, 803) @24-12-2021 01:56:50.0916 AM
[ReportManager] Browser Action [MaximizeWindow] successfully performed. With the following test data [New screen size is now: (1176, 803)]. @24-12-2021 01:56:50.0917 AM
[ReportManager] Target URL: [https://the-internet.herokuapp.com/] @24-12-2021 01:56:50.0917 AM
[ReportManager] Initial URL: [] @24-12-2021 01:56:50.0981 AM
[ReportManager] Browser Action [NavigateToURL] successfully performed. With the following test data [https://the-internet.herokuapp.com/]. @24-12-2021 01:56:51.0447 A

################################################################################################################################################
Starting Execution:	[81 out of 146] test cases in the current suite
Test Method:		[testPackage01.Test_NewValidationHelper.f13]
################################################################################################################################################
[ReportManager] Loaded Shared OpenCV @24-12-2021 01:56:51.0631 AM
[ReportManager] Assertion [ValidateElementExists] FAILED. Expected [Element Should not Exist, locator 'By.tagName: div'] and Actual [Element Exists but is not unique]. Comparison Type [EQUALS]. Validation Type [NEGATIVE]. @24-12-2021 01:56:51.0753 AM
[ReportManager] Successfully created attachment [Screenshot - 1640311011630_f13_ValidateElementExists_failed] @24-12-2021 01:56:51.0756 A
[ReportManager] Successfully Closed All Drivers. @24-12-2021 01:56:51.0953 A
[ReportManager] File Action [GetAbsolutePath] successfully performed. With the following test data [Relative Folder Path: "target/downloadedFiles/"]. @24-12-2021 01:56:51.0998 AM
[ReportManager] Attempting to run locally on: [Mac-64], [Safari], Headless Execution. @24-12-2021 01:56:51.0998 AM
[ReportManager] Successfully Opened Safari. @24-12-2021 01:56:52.0888 AM
[ReportManager] Initial window size: (800, 600) @24-12-2021 01:56:52.0916 AM
[ReportManager] Window size after SWD Maximize: (1176, 803) @24-12-2021 01:56:52.0942 AM
[ReportManager] Browser Action [MaximizeWindow] successfully performed. With the following test data [New screen size is now: (1176, 803)]. @24-12-2021 01:56:52.0943 AM
[ReportManager] Target URL: [https://the-internet.herokuapp.com/] @24-12-2021 01:56:52.0943 AM
[ReportManager] Initial URL: [] @24-12-2021 01:56:52.0987 AM
[ReportManager] Browser Action [NavigateToURL] successfully performed. With the following test data [https://the-internet.herokuapp.com/]. @24-12-2021 01:56:53.0542 A

################################################################################################################################################
Starting Execution:	[82 out of 146] test cases in the current suite
Test Method:		[testPackage01.Test_NewValidationHelper.f14]
################################################################################################################################################
[ReportManager] Element Action [GetText] successfully performed. With the following test data [Welcome to the-internet]. @24-12-2021 01:56:53.0708 AM
[ReportManager] Loaded Shared OpenCV @24-12-2021 01:56:53.0778 AM
[ReportManager] Assertion Passed: Asserting that the header text is correct @24-12-2021 01:56:54.0133 AM
[ReportManager] Successfully created attachment [Screenshot - 1640311013777_f14_ValidateElementAttribute_passed] @24-12-2021 01:56:54.0175 AM
[ReportManager] Assertion [ValidateElementAttribute] PASSED. Expected [Value Should be 'Welcome to the-internet' for the 'text' attribute, element locator 'By.tagName: h1'] and Actual [Welcome to the-internet]. Comparison Type [EQUALS]. Validation Type [POSITIVE]. @24-12-2021 01:56:54.0175 A
[ReportManager] Successfully Closed All Drivers. @24-12-2021 01:56:54.0504 A
[ReportManager] File Action [GetAbsolutePath] successfully performed. With the following test data [Relative Folder Path: "target/downloadedFiles/"]. @24-12-2021 01:56:54.0588 AM
[ReportManager] Attempting to run locally on: [Mac-64], [Safari], Headless Execution. @24-12-2021 01:56:54.0588 AM
[ReportManager] Successfully Opened Safari. @24-12-2021 01:56:55.0506 AM
[ReportManager] Initial window size: (800, 600) @24-12-2021 01:56:55.0520 AM
[ReportManager] Window size after SWD Maximize: (1176, 803) @24-12-2021 01:56:55.0673 AM
[ReportManager] Browser Action [MaximizeWindow] successfully performed. With the following test data [New screen size is now: (1176, 803)]. @24-12-2021 01:56:55.0673 AM
[ReportManager] Target URL: [https://the-internet.herokuapp.com/] @24-12-2021 01:56:55.0673 AM
[ReportManager] Initial URL: [] @24-12-2021 01:56:55.0748 AM
[ReportManager] Browser Action [NavigateToURL] successfully performed. With the following test data [https://the-internet.herokuapp.com/]. @24-12-2021 01:56:56.0422 A

################################################################################################################################################
Starting Execution:	[83 out of 146] test cases in the current suite
Test Method:		[testPackage01.Test_NewValidationHelper.f15]
################################################################################################################################################
[ReportManager] Element Action [GetText] successfully performed. With the following test data [Welcome to the-internet]. @24-12-2021 01:56:56.0597 AM
[ReportManager] Loaded Shared OpenCV @24-12-2021 01:56:56.0670 AM
[ReportManager] Assertion [ValidateElementAttribute] FAILED. Expected [Value Should not be 'Welcome' for the 'text' attribute, element locator 'By.tagName: h1'] and Actual [Welcome to the-internet]. Comparison Type [CONTAINS]. Validation Type [NEGATIVE]. @24-12-2021 01:56:56.0958 AM
[ReportManager] Successfully created attachment [Screenshot - 1640311016670_f15_ValidateElementAttribute_failed] @24-12-2021 01:56:57.0043 A
[ReportManager] Successfully Closed All Drivers. @24-12-2021 01:56:57.0326 A
[ReportManager] File Action [GetAbsolutePath] successfully performed. With the following test data [Relative Folder Path: "target/downloadedFiles/"]. @24-12-2021 01:56:57.0450 AM
[ReportManager] Attempting to run locally on: [Mac-64], [Safari], Headless Execution. @24-12-2021 01:56:57.0451 AM
[ReportManager] An Exception Occured with this Message: Could not start a new session. Possible causes are invalid address of the remote server or browser start-up failure.. @24-12-2021 01:56:57.0826 AM
[ReportManager] Successfully created attachment [Exception Stack Trace - org.openqa.selenium.SessionNotCreatedException] @24-12-2021 01:56:57.0868 AM
[ReportManager] Driver Factory Action [createNewLocalDriverInstanceForSafari] failed. With the following test data [Failed to create a session on DESKTOP_SAFARI]. @24-12-2021 01:56:57.0869 A

################################################################################################################################################
Starting Execution:	[84 out of 146] test cases in the current suite
Test Method:		[testPackage01.Test_NewValidationHelper.f16]
###############################################################################################################################################



################################################################################################################################################
Starting Execution:	[85 out of 146] test cases in the current suite
Test Method:		[testPackage01.Test_NewValidationHelper.f17]
###############################################################################################################################################



################################################################################################################################################
Starting Execution:	[86 out of 146] test cases in the current suite
Test Method:		[testPackage01.Test_NewValidationHelper.f18]
###############################################################################################################################################


################################################################################################################################################
Starting Execution:	[87 out of 146] test cases in the current suite
Test Method:		[testPackage01.Test_NewValidationHelper.f2]
###############################################################################################################################################


################################################################################################################################################
Starting Execution:	[88 out of 146] test cases in the current suite
Test Method:		[testPackage01.Test_NewValidationHelper.f20]
###############################################################################################################################################



################################################################################################################################################
Starting Execution:	[89 out of 146] test cases in the current suite
Test Method:		[testPackage01.Test_NewValidationHelper.f21]
###############################################################################################################################################



################################################################################################################################################
Starting Execution:	[90 out of 146] test cases in the current suite
Test Method:		[testPackage01.Test_NewValidationHelper.f22]
###############################################################################################################################################


################################################################################################################################################
Starting Execution:	[91 out of 146] test cases in the current suite
Test Method:		[testPackage01.Test_NewValidationHelper.f23]
###############################################################################################################################################

################################################################################################################################################
Starting Execution:	[92 out of 146] test cases in the current suite
Test Method:		[testPackage01.Test_NewValidationHelper.f24]
###############################################################################################################################################

################################################################################################################################################
Starting Execution:	[93 out of 146] test cases in the current suite
Test Method:		[testPackage01.Test_NewValidationHelper.f25]
###############################################################################################################################################

################################################################################################################################################
Starting Execution:	[94 out of 146] test cases in the current suite
Test Method:		[testPackage01.Test_NewValidationHelper.f26]
###############################################################################################################################################

################################################################################################################################################
Starting Execution:	[95 out of 146] test cases in the current suite
Test Method:		[testPackage01.Test_NewValidationHelper.f27]
###############################################################################################################################################

################################################################################################################################################
Starting Execution:	[96 out of 146] test cases in the current suite
Test Method:		[testPackage01.Test_NewValidationHelper.f28]
###############################################################################################################################################

################################################################################################################################################
Starting Execution:	[97 out of 146] test cases in the current suite
Test Method:		[testPackage01.Test_NewValidationHelper.f29]
###############################################################################################################################################

################################################################################################################################################
Starting Execution:	[98 out of 146] test cases in the current suite
Test Method:		[testPackage01.Test_NewValidationHelper.f3]
###############################################################################################################################################

################################################################################################################################################
Starting Execution:	[99 out of 146] test cases in the current suite
Test Method:		[testPackage01.Test_NewValidationHelper.f30]
###############################################################################################################################################

################################################################################################################################################
Starting Execution:	[100 out of 146] test cases in the current suite
Test Method:		[testPackage01.Test_NewValidationHelper.f31]
###############################################################################################################################################

################################################################################################################################################
Starting Execution:	[101 out of 146] test cases in the current suite
Test Method:		[testPackage01.Test_NewValidationHelper.f32]
###############################################################################################################################################

################################################################################################################################################
Starting Execution:	[102 out of 146] test cases in the current suite
Test Method:		[testPackage01.Test_NewValidationHelper.f33]
###############################################################################################################################################

################################################################################################################################################
Starting Execution:	[103 out of 146] test cases in the current suite
Test Method:		[testPackage01.Test_NewValidationHelper.f34]
###############################################################################################################################################

################################################################################################################################################
Starting Execution:	[104 out of 146] test cases in the current suite
Test Method:		[testPackage01.Test_NewValidationHelper.f35]
###############################################################################################################################################

################################################################################################################################################
Starting Execution:	[105 out of 146] test cases in the current suite
Test Method:		[testPackage01.Test_NewValidationHelper.f36]
###############################################################################################################################################

################################################################################################################################################
Starting Execution:	[106 out of 146] test cases in the current suite
Test Method:		[testPackage01.Test_NewValidationHelper.f37]
###############################################################################################################################################

################################################################################################################################################
Starting Execution:	[107 out of 146] test cases in the current suite
Test Method:		[testPackage01.Test_NewValidationHelper.f3_1]
###############################################################################################################################################

################################################################################################################################################
Starting Execution:	[108 out of 146] test cases in the current suite
Test Method:		[testPackage01.Test_NewValidationHelper.f4]
###############################################################################################################################################

################################################################################################################################################
Starting Execution:	[109 out of 146] test cases in the current suite
Test Method:		[testPackage01.Test_NewValidationHelper.f5]
###############################################################################################################################################

################################################################################################################################################
Starting Execution:	[110 out of 146] test cases in the current suite
Test Method:		[testPackage01.Test_NewValidationHelper.f6]
###############################################################################################################################################

################################################################################################################################################
Starting Execution:	[111 out of 146] test cases in the current suite
Test Method:		[testPackage01.Test_NewValidationHelper.f6_1]
###############################################################################################################################################

################################################################################################################################################
Starting Execution:	[112 out of 146] test cases in the current suite
Test Method:		[testPackage01.Test_NewValidationHelper.f6_2]
###############################################################################################################################################

################################################################################################################################################
Starting Execution:	[113 out of 146] test cases in the current suite
Test Method:		[testPackage01.Test_NewValidationHelper.f7]
###############################################################################################################################################


################################################################################################################################################
Starting Execution:	[114 out of 146] test cases in the current suite
Test Method:		[testPackage01.Test_NewValidationHelper.f8]
###############################################################################################################################################



################################################################################################################################################
Starting Execution:	[115 out of 146] test cases in the current suite
Test Method:		[testPackage01.Test_NewValidationHelper.f9]
###############################################################################################################################################


################################################################################################################################################
Starting Execution:	[116 out of 146] test cases in the current suite
Test Method:		[testPackage01.Test_NewValidationHelper.forceFail]
###############################################################################################################################################

################################################################################################################################################
Starting Execution:	[117 out of 146] test cases in the current suite
Test Method:		[testPackage01.Test_NewValidationHelper.forceFail2]
###############################################################################################################################################

################################################################################################################################################
Starting Execution:	[118 out of 146] test cases in the current suite
Test Method:		[testPackage01.Test_JsonActions.f]
###############################################################################################################################################

################################################################################################################################################
Starting Execution:	[119 out of 146] test cases in the current suite
Test Method:		[testPackage01.Test_JsonActions.f2]
###############################################################################################################################################

################################################################################################################################################
Starting Execution:	[120 out of 146] test cases in the current suite
Test Method:		[testPackage01.Test_sendGraphqlRequest.sendGraphqlRequestUsingMutationAndVariables]
################################################################################################################################################
[ReportManager] GraphQl Request is being Performed with the Following Parameters [Service URL: https://api.spacex.land/graphql | Request Body: {"variables":"{\"name\": \"sherlock holmes\",\"rocket\": \"221B Baker Street\"}","query":"mutation ($name: String, $rocket: String) {\n  insert_users(objects: {name: $name, rocket: $rocket}) {\n    returning {\n      name\n      rocket\n    }\n  }\n}"}] @24-12-2021 01:57:03.0983 AM
[ReportManager] Response status code: [200], status line: [HTTP/1.1 200 OK] @24-12-2021 01:57:04.0206 AM
[ReportManager] Assertion Passed: Evaluating the actual response status code against the expected one... @24-12-2021 01:57:04.0207 AM
[ReportManager] Assertion [ValidateComparativeRelation] PASSED. Expected [200] and Actual [200]. Comparison Type [EQUALS]. Validation Type [POSITIVE]. @24-12-2021 01:57:04.0207 AM
[ReportManager] API Action [PerformRequest] successfully performed. With the following test data [Request Type: "POST" | Target Status Code: "200" | Service URL: "https://api.spacex.land/graphql" | Content Type: "application/json" | Response Time: "126ms"]. @24-12-2021 01:57:04.0241 AM
[ReportManager] Successfully created attachment [API Request - Specifications] @24-12-2021 01:57:04.0284 AM
[ReportManager] Successfully created attachment [API Request - JSON Body] @24-12-2021 01:57:04.0365 AM
[ReportManager] Successfully created attachment [API Response - JSON Body] @24-12-2021 01:57:04.0407 AM
[ReportManager] API Action [GetResponseJSONValue] successfully performed. With the following test data [data.insert_users.returning[0].name]. @24-12-2021 01:57:04.0459 AM
[ReportManager] Assertion [ValidateEquals] PASSED. Expected [sherlock holmes] and Actual [sherlock holmes]. Comparison Type [EQUALS]. Validation Type [POSITIVE]. @24-12-2021 01:57:04.0459 A

################################################################################################################################################
Starting Execution:	[121 out of 146] test cases in the current suite
Test Method:		[testPackage01.Test_sendGraphqlRequest.sendGraphqlRequestUsingQuery]
################################################################################################################################################
[ReportManager] GraphQl Request is being Performed with the Following Parameters [Service URL: https://api.spacex.land/graphql | Request Body: {"query":"{company {ceo}}"}] @24-12-2021 01:57:04.0585 AM
[ReportManager] Response status code: [200], status line: [HTTP/1.1 200 OK] @24-12-2021 01:57:04.0650 AM
[ReportManager] Assertion Passed: Evaluating the actual response status code against the expected one... @24-12-2021 01:57:04.0651 AM
[ReportManager] Assertion [ValidateComparativeRelation] PASSED. Expected [200] and Actual [200]. Comparison Type [EQUALS]. Validation Type [POSITIVE]. @24-12-2021 01:57:04.0651 AM
[ReportManager] API Action [PerformRequest] successfully performed. With the following test data [Request Type: "POST" | Target Status Code: "200" | Service URL: "https://api.spacex.land/graphql" | Content Type: "application/json" | Response Time: "60ms"]. @24-12-2021 01:57:04.0665 AM
[ReportManager] Successfully created attachment [API Request - Specifications] @24-12-2021 01:57:04.0706 AM
[ReportManager] Successfully created attachment [API Request - JSON Body] @24-12-2021 01:57:04.0790 AM
[ReportManager] Successfully created attachment [API Response - JSON Body] @24-12-2021 01:57:04.0832 AM
[ReportManager] API Action [GetResponseJSONValue] successfully performed. With the following test data [data.company.ceo]. @24-12-2021 01:57:04.0843 AM
[ReportManager] Assertion [ValidateEquals] PASSED. Expected [Elon Musk] and Actual [Elon Musk]. Comparison Type [EQUALS]. Validation Type [POSITIVE]. @24-12-2021 01:57:04.0843 A

################################################################################################################################################
Starting Execution:	[122 out of 146] test cases in the current suite
Test Method:		[testPackage01.Test_MatchJsonSchema.checkAPI_ResponseSchema]
################################################################################################################################################
[ReportManager] Response status code: [200], status line: [HTTP/1.1 200 OK] @24-12-2021 01:57:05.0051 AM
[ReportManager] Assertion Passed: Evaluating the actual response status code against the expected one... @24-12-2021 01:57:05.0051 AM
[ReportManager] Assertion [ValidateComparativeRelation] PASSED. Expected [200] and Actual [200]. Comparison Type [EQUALS]. Validation Type [POSITIVE]. @24-12-2021 01:57:05.0051 AM
[ReportManager] API Action [PerformRequest] successfully performed. With the following test data [Request Type: "GET" | Target Status Code: "200" | Service URL: "http://api.zippopotam.us/us/90210" | Content Type: "*/*" | Response Time: "76ms"]. @24-12-2021 01:57:05.0064 AM
[ReportManager] Successfully created attachment [API Request - Specifications] @24-12-2021 01:57:05.0106 AM
[ReportManager] Successfully created attachment [API Response - JSON Body] @24-12-2021 01:57:05.0189 AM
[ReportManager] File Action [GetAbsolutePath] successfully performed. With the following test data [Relative Folder Path: "src/test/resources/testDataFiles/schema.json"]. @24-12-2021 01:57:05.0190 AM
[ReportManager] File Action [GetAbsolutePath] successfully performed. With the following test data [Relative Folder Path: "/Users/runner/work/SHAFT_ENGINE/SHAFT_ENGINE/src/test/resources/testDataFiles/schema.json"]. @24-12-2021 01:57:05.0974 AM
[ReportManager] File Action [ReadFromFile] successfully performed. With the following test data [File Path: "/Users/runner/work/SHAFT_ENGINE/SHAFT_ENGINE/src/test/resources/testDataFiles/schema.json"]. @24-12-2021 01:57:05.0975 AM
[ReportManager] Assertion Passed: Then I Assert that the API response schema matches that in this file [src/test/resources/testDataFiles/schema.json]. @24-12-2021 01:57:05.0978 AM
[ReportManager] Successfully created attachment [Validation Test Data - Expected JSON Value] @24-12-2021 01:57:06.0023 AM
[ReportManager] Successfully created attachment [Validation Test Data - Actual JSON Value] @24-12-2021 01:57:06.0107 AM
[ReportManager] Assertion [ValidateResponseFileSchema] PASSED. Expected [Response data should match the JSON File in this path '/Users/runner/work/SHAFT_ENGINE/SHAFT_ENGINE/src/test/resources/testDataFiles/schema.json'] and Actual [TRUE]. Comparison Type [EQUALS]. Validation Type [POSITIVE]. @24-12-2021 01:57:06.0107 A
[ReportManager] File Action [GetAbsolutePath] successfully performed. With the following test data [Relative Folder Path: "target/downloadedFiles/"]. @24-12-2021 01:57:06.0234 AM
[ReportManager] Attempting to run locally on: [Mac-64], [Safari], Headless Execution. @24-12-2021 01:57:06.0235 AM
[ReportManager] Successfully Opened Safari. @24-12-2021 01:57:07.0168 AM
[ReportManager] Initial window size: (800, 600) @24-12-2021 01:57:07.0191 AM
[ReportManager] Window size after SWD Maximize: (1176, 803) @24-12-2021 01:57:07.0234 AM
[ReportManager] Browser Action [MaximizeWindow] successfully performed. With the following test data [New screen size is now: (1176, 803)]. @24-12-2021 01:57:07.0234 A

################################################################################################################################################
Starting Execution:	[123 out of 146] test cases in the current suite
Test Method:		[testPackage01.Test_dragAndDrop.dragAndDropJquery]
################################################################################################################################################
[ReportManager] Target URL: [https://jqueryui.com/resources/demos/droppable/default.html] @24-12-2021 01:57:07.0254 AM
[ReportManager] Initial URL: [] @24-12-2021 01:57:07.0331 AM
[ReportManager] Browser Action [NavigateToURL] successfully performed. With the following test data [https://jqueryui.com/resources/demos/droppable/default.html]. @24-12-2021 01:57:07.0762 AM
[ReportManager] Element Action [GetText] successfully performed. With the following test data [
	Drop here
]. @24-12-2021 01:57:07.0914 AM
[ReportManager] Element Action [DragAndDrop] successfully performed. With the following test data [Start point: (8, 18), End point: (8, 18)]. @24-12-2021 01:57:09.0031 AM
[ReportManager] Element Action [GetText] successfully performed. With the following test data [
	Dropped!
]. @24-12-2021 01:57:09.0081 AM
[ReportManager] Assertion Passed: Checking to see if the text has changed after performing drag and drop @24-12-2021 01:57:09.0082 AM
[ReportManager] Assertion [ValidateEquals] PASSED. Expected [
	Drop here
] and Actual [
	Dropped!
]. Comparison Type [EQUALS]. Validation Type [NEGATIVE]. @24-12-2021 01:57:09.0082 A
[ReportManager] Browser Action [CloseCurrentWindow] successfully performed. @24-12-2021 01:57:09.0480 AM
[ReportManager] Successfully created attachment [Browser Action Test Data - CloseCurrentWindow - Actual Value] @24-12-2021 01:57:09.0521 A
[ReportManager] File Action [GetAbsolutePath] successfully performed. With the following test data [Relative Folder Path: "target/downloadedFiles/"]. @24-12-2021 01:57:09.0648 AM
[ReportManager] Attempting to run locally on: [Mac-64], [Safari], Headless Execution. @24-12-2021 01:57:09.0648 AM
[ReportManager] Successfully Opened Safari. @24-12-2021 01:57:10.0585 AM
[ReportManager] Initial window size: (800, 600) @24-12-2021 01:57:10.0601 AM
[ReportManager] Window size after SWD Maximize: (1176, 803) @24-12-2021 01:57:10.0618 AM
[ReportManager] Browser Action [MaximizeWindow] successfully performed. With the following test data [New screen size is now: (1176, 803)]. @24-12-2021 01:57:10.0618 A

################################################################################################################################################
Starting Execution:	[124 out of 146] test cases in the current suite
Test Method:		[testPackage01.Test_dragAndDrop.dragAndDrop]
Test Description:	[TC001 - Test Drag and Drop function.]
################################################################################################################################################
[ReportManager] Target URL: [http://the-internet.herokuapp.com/drag_and_drop] @24-12-2021 01:57:10.0756 AM
[ReportManager] Initial URL: [] @24-12-2021 01:57:10.0785 AM
[ReportManager] Browser Action [NavigateToURL] successfully performed. With the following test data [http://the-internet.herokuapp.com/drag_and_drop]. @24-12-2021 01:57:11.0135 AM
[ReportManager] Attempting Drag and Drop @24-12-2021 01:57:11.0136 AM
[ReportManager] Element Action [DragAndDrop] successfully performed. With the following test data [Start point: (120, 89), End point: (335, 89)]. @24-12-2021 01:57:11.0839 A
[ReportManager] Browser Action [CloseCurrentWindow] successfully performed. @24-12-2021 01:57:11.0971 AM
[ReportManager] Successfully created attachment [Browser Action Test Data - CloseCurrentWindow - Actual Value] @24-12-2021 01:57:11.0971 A
[ReportManager] File Action [GetAbsolutePath] successfully performed. With the following test data [Relative Folder Path: "target/downloadedFiles/"]. @24-12-2021 01:57:11.0973 AM
[ReportManager] Attempting to run locally on: [Mac-64], [Safari], Headless Execution. @24-12-2021 01:57:11.0974 AM
[ReportManager] Successfully Opened Safari. @24-12-2021 01:57:12.0834 AM
[ReportManager] Initial window size: (800, 600) @24-12-2021 01:57:12.0846 AM
[ReportManager] Window size after SWD Maximize: (1176, 803) @24-12-2021 01:57:12.0912 AM
[ReportManager] Browser Action [MaximizeWindow] successfully performed. With the following test data [New screen size is now: (1176, 803)]. @24-12-2021 01:57:12.0912 A

################################################################################################################################################
Starting Execution:	[125 out of 146] test cases in the current suite
Test Method:		[testPackage01.Test_dragAndDrop.dragAndDropByOffset]
Test Description:	[TC002 - Test Drag and Drop by offset function.]
################################################################################################################################################
[ReportManager] Target URL: [https://jqueryui.com/resources/demos/draggable/default.html] @24-12-2021 01:57:13.0042 AM
[ReportManager] Initial URL: [] @24-12-2021 01:57:13.0074 AM
[ReportManager] Browser Action [NavigateToURL] successfully performed. With the following test data [https://jqueryui.com/resources/demos/draggable/default.html]. @24-12-2021 01:57:13.0560 AM
[ReportManager] Element Action [DragAndDropByOffset] successfully performed. With the following test data [Start point: (8, 8), End point: (108, 58)]. @24-12-2021 01:57:14.0330 A
[ReportManager] Browser Action [CloseCurrentWindow] successfully performed. @24-12-2021 01:57:14.0846 AM
[ReportManager] Successfully created attachment [Browser Action Test Data - CloseCurrentWindow - Actual Value] @24-12-2021 01:57:14.0888 A
[ReportManager] Successfully loaded the following test data file [src/test/resources/testDataFiles/testSuite01/TestData.xlsx]. @24-12-2021 01:57:15.0081 AM
[ReportManager] Successfully created attachment [Test Data - Excel] @24-12-2021 01:57:15.0123 AM
[ReportManager] File Action [GetAbsolutePath] successfully performed. With the following test data [Relative Folder Path: "target/downloadedFiles/"]. @24-12-2021 01:57:15.0123 AM
[ReportManager] Attempting to run locally on: [Mac-64], [Safari], Headless Execution. @24-12-2021 01:57:15.0124 AM
[ReportManager] An Exception Occured with this Message: Could not start a new session. Possible causes are invalid address of the remote server or browser start-up failure.. @24-12-2021 01:57:15.0158 AM
[ReportManager] Successfully created attachment [Exception Stack Trace - org.openqa.selenium.SessionNotCreatedException] @24-12-2021 01:57:15.0247 AM
[ReportManager] Driver Factory Action [createNewLocalDriverInstanceForSafari] failed. With the following test data [Failed to create a session on DESKTOP_SAFARI]. @24-12-2021 01:57:15.0247 A

################################################################################################################################################
Starting Execution:	[126 out of 146] test cases in the current suite
Test Method:		[testPackage01.Test_google.navigateToURLandVerifyGoogleLogoIsDisplayed]
Test Description:	[TC001 - Navigate to URL and Verify Google Logo is Displayed]
###############################################################################################################################################

################################################################################################################################################
Starting Execution:	[127 out of 146] test cases in the current suite
Test Method:		[testPackage01.Test_google.searchForQueryandAssertResultsNumDisplayed]
Test Description:	[TC002 - Search for Query and Assert that the number of results is displayed]
###############################################################################################################################################

################################################################################################################################################
Starting Execution:	[128 out of 146] test cases in the current suite
Test Method:		[testPackage01.Test_google.clickNextThrice]
Test Description:	[TC003 - Clicks the next button to make sure that the framework can scroll element into view before clicking it]
###############################################################################################################################################

[ReportManager] File Action [GetAbsolutePath] successfully performed. With the following test data [Relative Folder Path: "target/downloadedFiles/"]. @24-12-2021 01:57:15.0337 AM
[ReportManager] Attempting to run locally on: [Mac-64], [Safari], Headless Execution. @24-12-2021 01:57:15.0337 AM
[ReportManager] Successfully Opened Safari. @24-12-2021 01:57:16.0471 AM
[ReportManager] Initial window size: (800, 600) @24-12-2021 01:57:16.0478 AM
[ReportManager] Window size after SWD Maximize: (1176, 803) @24-12-2021 01:57:16.0515 AM
[ReportManager] Browser Action [MaximizeWindow] successfully performed. With the following test data [New screen size is now: (1176, 803)]. @24-12-2021 01:57:16.0515 A

################################################################################################################################################
Starting Execution:	[129 out of 146] test cases in the current suite
Test Method:		[testPackage01.Test_chainableElementActions.chainElementActions]
################################################################################################################################################
[ReportManager] Target URL: [https://www.google.com/ncr], and after redirection: [https://www.google.com] @24-12-2021 01:57:16.0642 AM
[ReportManager] Initial URL: [] @24-12-2021 01:57:16.0672 AM
[ReportManager] Browser Action [NavigateToURL] successfully performed. With the following test data [https://www.google.com/ncr]. @24-12-2021 01:57:17.0804 AM
[ReportManager] Element Action [Type] successfully performed. With the following test data [chained type 1]. @24-12-2021 01:57:18.0222 AM
[ReportManager] Element Action [Type] successfully performed. With the following test data [chained type 2]. @24-12-2021 01:57:18.0963 AM
[ReportManager] Element Action [TypeAppend] successfully performed. With the following test data [345]. @24-12-2021 01:57:19.0074 AM
[ReportManager] Element Action [GetText] successfully performed. With the following test data [chained type 2345]. @24-12-2021 01:57:19.0303 AM
[ReportManager] Loaded Shared OpenCV @24-12-2021 01:57:19.0608 AM
[ReportManager] Assertion Passed: Then I Assert that the element found by [By.name: q] text is equal to [chained type 2345]. @24-12-2021 01:57:19.0877 AM
[ReportManager] Successfully created attachment [Screenshot - 1640311039608_chainElementActions_ValidateElementAttribute_passed] @24-12-2021 01:57:19.0959 AM
[ReportManager] Assertion [ValidateElementAttribute] PASSED. Expected [Value Should be 'chained type 2345' for the 'text' attribute, element locator 'By.name: q'] and Actual [chained type 2345]. Comparison Type [EQUALS]. Validation Type [POSITIVE]. @24-12-2021 01:57:19.0960 A
[ReportManager] Successfully Closed All Drivers. @24-12-2021 01:57:20.0480 A
[ReportManager] File Action [GetAbsolutePath] successfully performed. With the following test data [Relative Folder Path: "target/downloadedFiles/"]. @24-12-2021 01:57:20.0604 AM
[ReportManager] Attempting to run locally on: [Mac-64], [Safari], Headless Execution. @24-12-2021 01:57:20.0604 AM
[ReportManager] Successfully Opened Safari. @24-12-2021 01:57:21.0446 AM
[ReportManager] Initial window size: (800, 600) @24-12-2021 01:57:21.0468 AM
[ReportManager] Window size after SWD Maximize: (1176, 803) @24-12-2021 01:57:21.0483 AM
[ReportManager] Browser Action [MaximizeWindow] successfully performed. With the following test data [New screen size is now: (1176, 803)]. @24-12-2021 01:57:21.0483 A

################################################################################################################################################
Starting Execution:	[130 out of 146] test cases in the current suite
Test Method:		[testPackage01.Test_RelativeLocators.relativeLocatorsTest1]
################################################################################################################################################
[ReportManager] Target URL: [https://duckduckgo.com/] @24-12-2021 01:57:21.0660 AM
[ReportManager] Initial URL: [] @24-12-2021 01:57:21.0693 AM
[ReportManager] Browser Action [NavigateToURL] successfully performed. With the following test data [https://duckduckgo.com/]. @24-12-2021 01:57:22.0389 AM
[ReportManager] Element Action [Type] successfully performed. With the following test data [SHAFT_Engine]. @24-12-2021 01:57:22.0619 AM
[ReportManager] Element Action [KeyPress] successfully performed. With the following test data [ENTER]. @24-12-2021 01:57:22.0692 AM
[ReportManager] Element Action [GetText] successfully performed. With the following test data [GitHub - MohabMohie/SHAFT_ENGINE: SHAFT_ENGINE is a Test ...]. @24-12-2021 01:57:24.0297 AM
[ReportManager] Loaded Shared OpenCV @24-12-2021 01:57:24.0420 AM
[ReportManager] Assertion Passed: Then I Assert that the element found by [Relative Locator: {root={xpath=//a[@class='result__a js-result-title-link']}, filters=[{kind=below, args=[{xpath=//input[@name='q']}]}]}] text does not equal []. @24-12-2021 01:57:24.0716 AM
[ReportManager] Successfully created attachment [Screenshot - 1640311044420_relativeLocatorsTest1_ValidateElementAttribute_passed] @24-12-2021 01:57:24.0803 AM
[ReportManager] Assertion [ValidateElementAttribute] PASSED. Expected [Value Should not be '' for the 'text' attribute, element locator '[unknown locator]'] and Actual [GitHub - MohabMohie/SHAFT_ENGINE: SHAFT_ENGINE is a Test ...]. Comparison Type [EQUALS]. Validation Type [NEGATIVE]. @24-12-2021 01:57:24.0803 A
[ReportManager] Browser Action [CloseCurrentWindow] successfully performed. @24-12-2021 01:57:25.0186 AM
[ReportManager] Successfully created attachment [Browser Action Test Data - CloseCurrentWindow - Actual Value] @24-12-2021 01:57:25.0227 A

################################################################################################################################################
Starting Execution:	[131 out of 146] test cases in the current suite
Test Method:		[testPackage01.Test_JsonCompareWithSpecialCharacters.specialCharacters]
################################################################################################################################################
[ReportManager] File Action [GetAbsolutePath] successfully performed. With the following test data [Relative Folder Path: "src/test/resources/testDataFiles/specialCharacters.json"]. @24-12-2021 01:57:25.0354 AM
[ReportManager] File Action [ReadFromFile] successfully performed. With the following test data [File Path: "/Users/runner/work/SHAFT_ENGINE/SHAFT_ENGINE/src/test/resources/testDataFiles/specialCharacters.json"]. @24-12-2021 01:57:25.0355 AM
[ReportManager] Successfully created attachment [File Action Actual Result - Command Log] @24-12-2021 01:57:25.0437 AM
[ReportManager] Comparing the provided API response with the file at this path "src/test/resources/testDataFiles/specialCharacters.json", comparison type "EQUALS" @24-12-2021 01:57:25.0440 AM
[ReportManager] API Action [CompareJSON] successfully performed. With the following test data [src/test/resources/testDataFiles/specialCharacters.json]. @24-12-2021 01:57:25.0446 AM
[ReportManager] File Action [GetAbsolutePath] successfully performed. With the following test data [Relative Folder Path: "src/test/resources/testDataFiles/specialCharacters.json"]. @24-12-2021 01:57:25.0447 AM
[ReportManager] File Action [ReadFromFile] successfully performed. With the following test data [File Path: "/Users/runner/work/SHAFT_ENGINE/SHAFT_ENGINE/src/test/resources/testDataFiles/specialCharacters.json"]. @24-12-2021 01:57:25.0447 AM
[ReportManager] Verification [ValidateJSONFileContent] PASSED. Expected [Response data should match the JSON File in this path 'src/test/resources/testDataFiles/specialCharacters.json'] and Actual [TRUE]. Comparison Type [EQUALS]. Validation Type [POSITIVE]. @24-12-2021 01:57:25.0452 AM
[ReportManager] Successfully created attachment [Validation Test Data - Expected JSON Value] @24-12-2021 01:57:25.0533 AM
[ReportManager] Successfully created attachment [Validation Test Data - Actual JSON Value] @24-12-2021 01:57:25.0575 A

################################################################################################################################################
Starting Execution:	[132 out of 146] test cases in the current suite
Test Method:		[testPackage01.Test_JsonCompareWithSpecialCharacters.specialCharacters_assertion]
################################################################################################################################################
[ReportManager] File Action [GetAbsolutePath] successfully performed. With the following test data [Relative Folder Path: "src/test/resources/testDataFiles/specialCharacters.json"]. @24-12-2021 01:57:25.0746 AM
[ReportManager] File Action [ReadFromFile] successfully performed. With the following test data [File Path: "/Users/runner/work/SHAFT_ENGINE/SHAFT_ENGINE/src/test/resources/testDataFiles/specialCharacters.json"]. @24-12-2021 01:57:25.0747 AM
[ReportManager] Successfully created attachment [File Action Actual Result - Command Log] @24-12-2021 01:57:25.0830 AM
[ReportManager] Comparing the provided API response with the file at this path "src/test/resources/testDataFiles/specialCharacters.json", comparison type "CONTAINS" @24-12-2021 01:57:25.0830 AM
[ReportManager] API Action [CompareJSON] successfully performed. With the following test data [src/test/resources/testDataFiles/specialCharacters.json]. @24-12-2021 01:57:25.0839 AM
[ReportManager] File Action [GetAbsolutePath] successfully performed. With the following test data [Relative Folder Path: "src/test/resources/testDataFiles/specialCharacters.json"]. @24-12-2021 01:57:25.0839 AM
[ReportManager] File Action [ReadFromFile] successfully performed. With the following test data [File Path: "/Users/runner/work/SHAFT_ENGINE/SHAFT_ENGINE/src/test/resources/testDataFiles/specialCharacters.json"]. @24-12-2021 01:57:25.0839 AM
[ReportManager] Assertion Passed: trying out the log message @24-12-2021 01:57:25.0844 AM
[ReportManager] Successfully created attachment [Validation Test Data - Expected JSON Value] @24-12-2021 01:57:25.0926 AM
[ReportManager] Successfully created attachment [Validation Test Data - Actual JSON Value] @24-12-2021 01:57:25.0968 AM
[ReportManager] Assertion [ValidateJSONFileContent] PASSED. Expected [Response data should match the JSON File in this path 'src/test/resources/testDataFiles/specialCharacters.json'] and Actual [TRUE]. Comparison Type [CONTAINS]. Validation Type [POSITIVE]. @24-12-2021 01:57:25.0968 A

################################################################################################################################################
Starting Execution:	[133 out of 146] test cases in the current suite
Test Method:		[testPackage01.Test_SkipDueToIssue.doNotSkip]
################################################################################################################################################
[ReportManager] This should not be skipped. @24-12-2021 01:57:26.0094 A

################################################################################################################################################
Starting Execution:	[134 out of 146] test cases in the current suite
Test Method:		[testPackage01.Test_SkipDueToIssue.skip]
################################################################################################################################################
[ReportManager] This should be skipped. @24-12-2021 01:57:26.0224 A

################################################################################################################################################
Starting Execution:	[135 out of 146] test cases in the current suite
Test Method:		[testPackage01.Test_SkipDueToIssue.skip2]
################################################################################################################################################
[ReportManager] This should be skipped. @24-12-2021 01:57:26.0352 A

################################################################################################################################################
Starting Execution:	[136 out of 146] test cases in the current suite
Test Method:		[testPackage01.Test_JSONFileManager.readStringFromJson]
################################################################################################################################################
[ReportManager] File Action [GetAbsolutePath] successfully performed. With the following test data [Relative Folder Path: "src/test/resources/testDataFiles/simpleJSON.json"]. @24-12-2021 01:57:26.0482 AM
[ReportManager] Successfully loaded the following test data file [src/test/resources/testDataFiles/simpleJSON.json]. @24-12-2021 01:57:26.0482 AM
[ReportManager] Successfully created attachment [Test Data - JSON] @24-12-2021 01:57:26.0566 AM
[ReportManager] File Action [GetAbsolutePath] successfully performed. With the following test data [Relative Folder Path: "src/test/resources/testDataFiles/simpleJSON.json"]. @24-12-2021 01:57:26.0567 AM
[ReportManager] Assertion [ValidateEquals] PASSED. Expected [Mohab Mohie] and Actual [Mohab Mohie]. Comparison Type [EQUALS]. Validation Type [POSITIVE]. @24-12-2021 01:57:26.0578 A
[ReportManager] File Action [GetAbsolutePath] successfully performed. With the following test data [Relative Folder Path: "target/downloadedFiles/"]. @24-12-2021 01:57:26.0704 AM
[ReportManager] Attempting to run locally on: [Mac-64], [Safari], Headless Execution. @24-12-2021 01:57:26.0705 AM
[ReportManager] Successfully Opened Safari. @24-12-2021 01:57:27.0536 AM
[ReportManager] Initial window size: (800, 600) @24-12-2021 01:57:27.0567 AM
[ReportManager] Window size after SWD Maximize: (1176, 803) @24-12-2021 01:57:27.0583 AM
[ReportManager] Browser Action [MaximizeWindow] successfully performed. With the following test data [New screen size is now: (1176, 803)]. @24-12-2021 01:57:27.0583 A

################################################################################################################################################
Starting Execution:	[137 out of 146] test cases in the current suite
Test Method:		[testPackage01.Test_assertEquals.test_assertElementAttribute]
################################################################################################################################################
[ReportManager] Target URL: [https://www.google.com/ncr], and after redirection: [https://www.google.com] @24-12-2021 01:57:27.0631 AM
[ReportManager] Initial URL: [] @24-12-2021 01:57:27.0679 AM
[ReportManager] Browser Action [NavigateToURL] successfully performed. With the following test data [https://www.google.com/ncr]. @24-12-2021 01:57:28.0562 AM
[ReportManager] Element Action [Type] successfully performed. With the following test data [INC_004010050:Another SCHEDULER with the same name [Duplicate Job Name] already exists.]. @24-12-2021 01:57:31.0596 AM
[ReportManager] Element Action [GetText] successfully performed. With the following test data [INC_004010050:Another SCHEDULER with the same name [Duplicate Job Name] already exists.]. @24-12-2021 01:57:31.0725 AM
[ReportManager] Loaded Shared OpenCV @24-12-2021 01:57:31.0866 AM
[ReportManager] Assertion [ValidateElementAttribute] PASSED. Expected [Value Should be 'INC_004010050:Another SCHEDULER with the same name \[Duplicate Job Name\] already exists.' for the 'text' attribute, element locator 'By.name: q'] and Actual [INC_004010050:Another SCHEDULER with the same name [Duplicate Job Name] already exists.]. Comparison Type [MATCHES]. Validation Type [POSITIVE]. @24-12-2021 01:57:32.0076 AM
[ReportManager] Successfully created attachment [Screenshot - 1640311051866_test_assertElementAttribute_ValidateElementAttribute_passed] @24-12-2021 01:57:32.0117 A
[ReportManager] Browser Action [CloseCurrentWindow] successfully performed. @24-12-2021 01:57:32.0328 AM
[ReportManager] Successfully created attachment [Browser Action Test Data - CloseCurrentWindow - Actual Value] @24-12-2021 01:57:32.0371 A
[ReportManager] File Action [GetAbsolutePath] successfully performed. With the following test data [Relative Folder Path: "target/downloadedFiles/"]. @24-12-2021 01:57:32.0454 AM
[ReportManager] Attempting to run locally on: [Mac-64], [Safari], Headless Execution. @24-12-2021 01:57:32.0454 AM
[ReportManager] Successfully Opened Safari. @24-12-2021 01:57:33.0490 AM
[ReportManager] Initial window size: (800, 600) @24-12-2021 01:57:33.0507 AM
[ReportManager] Window size after SWD Maximize: (1176, 803) @24-12-2021 01:57:33.0540 AM
[ReportManager] Browser Action [MaximizeWindow] successfully performed. With the following test data [New screen size is now: (1176, 803)]. @24-12-2021 01:57:33.0541 A

################################################################################################################################################
Starting Execution:	[138 out of 146] test cases in the current suite
Test Method:		[testPackage01.Test_IsElementClickable.testIsElementClickable]
################################################################################################################################################
[ReportManager] Target URL: [https://the-internet.herokuapp.com/] @24-12-2021 01:57:33.0669 AM
[ReportManager] Initial URL: [] @24-12-2021 01:57:33.0707 AM
[ReportManager] Browser Action [NavigateToURL] successfully performed. With the following test data [https://the-internet.herokuapp.com/]. @24-12-2021 01:57:34.0128 AM
[ReportManager] Element Action [IsElementClickable] successfully performed. @24-12-2021 01:57:34.0226 AM
[ReportManager] Assertion [ValidateTrue] PASSED. Expected [TRUE] and Actual [TRUE]. Validation Type [POSITIVE]. @24-12-2021 01:57:34.0226 A
[ReportManager] Browser Action [CloseCurrentWindow] successfully performed. @24-12-2021 01:57:34.0739 AM
[ReportManager] Successfully created attachment [Browser Action Test Data - CloseCurrentWindow - Actual Value] @24-12-2021 01:57:34.0780 A
[ReportManager] Successfully loaded the following test data file [src/test/resources/testDataFiles/testSuite01/TestData.xlsx]. @24-12-2021 01:57:34.0936 AM
[ReportManager] Successfully created attachment [Test Data - Excel] @24-12-2021 01:57:35.0017 AM
[ReportManager] Attempting to run using Playwright locally on: [Mac-64], [Safari], Headless Execution. @24-12-2021 02:00:26.0946 AM
[ReportManager] File Action [GetAbsolutePath] successfully performed. With the following test data [Relative Folder Path: "target/downloadedFiles/"]. @24-12-2021 02:00:26.0948 AM
[ReportManager] Initial window size: (1280, 720) @24-12-2021 02:00:31.0754 AM
[ReportManager] Window size after Toolkit: com.microsoft.playwright.options.ViewportSize@2ef70cb4 @24-12-2021 02:00:31.0763 AM
[ReportManager] Browser Action [MaximizeWindow] successfully performed. With the following test data [New screen size is now: (1920, 1080)]. @24-12-2021 02:00:31.0764 A

################################################################################################################################################
Starting Execution:	[139 out of 146] test cases in the current suite
Test Method:		[testPackage01.Test_google_playwright.navigateToURLandVerifyGoogleLogoIsDisplayed]
Test Description:	[TC001 - Navigate to URL and Verify Google Logo is Displayed]
################################################################################################################################################
[ReportManager] Target URL: [https://www.google.com/ncr], and after redirection: [https://www.google.com] @24-12-2021 02:00:31.0989 AM
[ReportManager] Initial URL: [about:blank] @24-12-2021 02:00:32.0306 AM
[ReportManager] Browser Action [NavigateToURL] successfully performed. With the following test data [https://www.google.com/ncr]. @24-12-2021 02:00:33.0956 AM
[ReportManager] Loaded Shared OpenCV @24-12-2021 02:00:34.0061 AM
[ReportManager] Assertion [ValidateElementExists] PASSED. Expected [Element Should Exist, locator 'xpath=//*[@id='hplogo' or @alt='Google']'] and Actual [Element Exists]. Comparison Type [EQUALS]. Validation Type [POSITIVE]. @24-12-2021 02:00:34.0280 AM
[ReportManager] Successfully created attachment [Screenshot - 1640311234053_navigateToURLandVerifyGoogleLogoIsDisplayed_ValidateElementExists_passed] @24-12-2021 02:00:34.0281 A

################################################################################################################################################
Starting Execution:	[140 out of 146] test cases in the current suite
Test Method:		[testPackage01.Test_google_playwright.searchForQueryandAssertResultsNumDisplayed]
Test Description:	[TC002 - Search for Query and Assert that the number of results is displayed]
################################################################################################################################################
[ReportManager] Element Action [Type] successfully performed. With the following test data [SHAFT_Engine]. @24-12-2021 02:00:34.0843 AM
[ReportManager] Element Action [KeyPress] successfully performed. With the following test data [Enter]. @24-12-2021 02:00:34.0881 AM
[ReportManager] Element Action [GetText] successfully performed. With the following test data [About 723,000 results (0.55 seconds)Â 
]. @24-12-2021 02:00:36.0818 AM
[ReportManager] Loaded Shared OpenCV @24-12-2021 02:00:37.0465 AM
[ReportManager] Assertion [ValidateElementAttribute] PASSED. Expected [Value Should not be '' for the 'text' attribute, element locator 'xpath=//div[@id='appbar']'] and Actual [About 723,000 results (0.55 seconds)Â 
]. Comparison Type [EQUALS]. Validation Type [NEGATIVE]. @24-12-2021 02:00:37.0732 AM
[ReportManager] Successfully created attachment [Screenshot - 1640311237463_searchForQueryandAssertResultsNumDisplayed_ValidateElementAttribute_passed] @24-12-2021 02:00:37.0735 A

################################################################################################################################################
Starting Execution:	[141 out of 146] test cases in the current suite
Test Method:		[testPackage01.Test_google_playwright.clickNextThrice]
Test Description:	[TC003 - Clicks the next button to make sure that the framework can scroll element into view before clicking it]
################################################################################################################################################
[ReportManager] Element Action [Click] successfully performed. With the following test data [Next]. @24-12-2021 02:00:38.0093 A
[ReportManager] Failed to find video recording. @24-12-2021 02:00:38.0096 AM
[ReportManager] Successfully Closed PlayWright Driver. @24-12-2021 02:00:38.0154 A
[ReportManager] File Action [GetAbsolutePath] successfully performed. With the following test data [Relative Folder Path: "target/downloadedFiles/"]. @24-12-2021 02:00:38.0156 AM
[ReportManager] Attempting to run locally on: [Mac-64], [Safari], Headless Execution. @24-12-2021 02:00:38.0156 AM
[ReportManager] Successfully Opened Safari. @24-12-2021 02:00:39.0686 AM
[ReportManager] Initial window size: (800, 600) @24-12-2021 02:00:39.0797 AM
[ReportManager] Window size after SWD Maximize: (1176, 803) @24-12-2021 02:00:39.0880 AM
[ReportManager] Browser Action [MaximizeWindow] successfully performed. With the following test data [New screen size is now: (1176, 803)]. @24-12-2021 02:00:39.0880 A

################################################################################################################################################
Starting Execution:	[142 out of 146] test cases in the current suite
Test Method:		[testPackage01.Test_verifyEquals.test_assertElementAttribute]
################################################################################################################################################
[ReportManager] Target URL: [https://www.google.com/ncr], and after redirection: [https://www.google.com] @24-12-2021 02:00:39.0884 AM
[ReportManager] Initial URL: [] @24-12-2021 02:00:40.0349 AM
[ReportManager] Browser Action [NavigateToURL] successfully performed. With the following test data [https://www.google.com/ncr]. @24-12-2021 02:00:41.0424 AM
[ReportManager] Element Action [Type] successfully performed. With the following test data [INC_004010050:Another SCHEDULER with the same name [Duplicate Job Name] already exists.]. @24-12-2021 02:01:01.0649 AM
[ReportManager] Element Action [GetText] successfully performed. With the following test data [INC_004010050:Another SCHEDULER with the same name [Duplicate Job Name] already exists.]. @24-12-2021 02:01:01.0969 AM
[ReportManager] Loaded Shared OpenCV @24-12-2021 02:01:02.0387 AM
[ReportManager] Verification [ValidateElementAttribute] PASSED. Expected [Value Should be 'INC_004010050:Another SCHEDULER with the same name \[Duplicate Job Name\] already exists.' for the 'text' attribute, element locator 'By.name: q'] and Actual [INC_004010050:Another SCHEDULER with the same name [Duplicate Job Name] already exists.]. Comparison Type [MATCHES]. Validation Type [POSITIVE]. @24-12-2021 02:01:02.0555 AM
[ReportManager] Successfully created attachment [Screenshot - 1640311262387_test_assertElementAttribute_ValidateElementAttribute_passed] @24-12-2021 02:01:02.0556 A
[ReportManager] Browser Action [CloseCurrentWindow] successfully performed. @24-12-2021 02:01:02.0950 AM
[ReportManager] Successfully created attachment [Browser Action Test Data - CloseCurrentWindow - Actual Value] @24-12-2021 02:01:02.0951 A

################################################################################################################################################
Starting Execution:	[143 out of 146] test cases in the current suite
Test Method:		[testPackage01.Test_SelectedValue.multipleSelect]
################################################################################################################################################
[ReportManager] File Action [GetAbsolutePath] successfully performed. With the following test data [Relative Folder Path: "target/downloadedFiles/"]. @24-12-2021 02:01:02.0954 AM
[ReportManager] Attempting to run locally on: [Mac-64], [GoogleChrome], Headless Execution. @24-12-2021 02:01:02.0956 AM
[ReportManager] Identifying OS/Driver combination and selecting the correct driver version automatically. Please note that if a new driver executable will be downloaded it may take some time... @24-12-2021 02:01:02.0956 AM
[ReportManager] Successfully Opened Google Chrome. @24-12-2021 02:01:06.0721 AM
[ReportManager] Initial window size: (1920, 1080) @24-12-2021 02:01:06.0729 AM
[ReportManager] Window size after SWD Maximize: (1920, 1080) @24-12-2021 02:01:06.0961 AM
[ReportManager] Window size after Toolkit: (1920, 1080) @24-12-2021 02:01:07.0493 AM
[ReportManager] Browser Action [MaximizeWindow] successfully performed. With the following test data [New screen size is now: (1920, 1080)]. @24-12-2021 02:01:07.0496 AM
[ReportManager] Target URL: [https://yari-demos.prod.mdn.mozit.cloud/en-US/docs/Web/HTML/Element/select/_sample_.Advanced_select_with_multiple_features.html] @24-12-2021 02:01:07.0497 AM
[ReportManager] Initial URL: [data:,] @24-12-2021 02:01:07.0529 AM
[ReportManager] Browser Action [NavigateToURL] successfully performed. With the following test data [https://yari-demos.prod.mdn.mozit.cloud/en-US/docs/Web/HTML/Element/select/_sample_.Advanced_select_with_multiple_features.html]. @24-12-2021 02:01:07.0824 AM
[ReportManager] Element Action [Select] successfully performed. With the following test data [Dog]. @24-12-2021 02:01:08.0065 AM
[ReportManager] Element Action [Select] successfully performed. With the following test data [Cat]. @24-12-2021 02:01:08.0266 AM
[ReportManager] Element Action [GetSelectedText] successfully performed. With the following test data [DogCat]. @24-12-2021 02:01:08.0394 AM
[ReportManager] DogCat @24-12-2021 02:01:08.0394 AM
[ReportManager] Element Action [GetSelectedText] successfully performed. With the following test data [DogCat]. @24-12-2021 02:01:08.0495 AM
[ReportManager] Loaded Shared OpenCV @24-12-2021 02:01:08.0758 AM
[ReportManager] Assertion [ValidateElementAttribute] PASSED. Expected [Value Should be 'DogCat' for the 'selectedText' attribute, element locator 'By.tagName: select'] and Actual [DogCat]. Comparison Type [EQUALS]. Validation Type [POSITIVE]. @24-12-2021 02:01:08.0926 AM
[ReportManager] Successfully created attachment [Screenshot - 1640311268758_multipleSelect_ValidateElementAttribute_passed] @24-12-2021 02:01:08.0927 AM
[ReportManager] Browser Action [CloseCurrentWindow] successfully performed. @24-12-2021 02:01:09.0266 AM
[ReportManager] Successfully created attachment [Browser Action Test Data - CloseCurrentWindow - Actual Value] @24-12-2021 02:01:09.0267 A

################################################################################################################################################
Starting Execution:	[144 out of 146] test cases in the current suite
Test Method:		[testPackage01.Test_SelectedValue.simpleSelect]
################################################################################################################################################
[ReportManager] File Action [GetAbsolutePath] successfully performed. With the following test data [Relative Folder Path: "target/downloadedFiles/"]. @24-12-2021 02:01:09.0274 AM
[ReportManager] Attempting to run locally on: [Mac-64], [GoogleChrome], Headless Execution. @24-12-2021 02:01:09.0274 AM
[ReportManager] Identifying OS/Driver combination and selecting the correct driver version automatically. Please note that if a new driver executable will be downloaded it may take some time... @24-12-2021 02:01:09.0274 AM
[ReportManager] Successfully Opened Google Chrome. @24-12-2021 02:01:09.0755 AM
[ReportManager] Initial window size: (1920, 1080) @24-12-2021 02:01:09.0759 AM
[ReportManager] Window size after SWD Maximize: (1920, 1080) @24-12-2021 02:01:09.0869 AM
[ReportManager] Window size after Toolkit: (1920, 1080) @24-12-2021 02:01:10.0541 AM
[ReportManager] Browser Action [MaximizeWindow] successfully performed. With the following test data [New screen size is now: (1920, 1080)]. @24-12-2021 02:01:10.0543 AM
[ReportManager] Target URL: [https://yari-demos.prod.mdn.mozit.cloud/en-US/docs/Web/HTML/Element/select/_sample_.Basic_select.html] @24-12-2021 02:01:10.0544 AM
[ReportManager] Initial URL: [data:,] @24-12-2021 02:01:10.0584 AM
[ReportManager] Browser Action [NavigateToURL] successfully performed. With the following test data [https://yari-demos.prod.mdn.mozit.cloud/en-US/docs/Web/HTML/Element/select/_sample_.Basic_select.html]. @24-12-2021 02:01:10.0851 AM
[ReportManager] Element Action [Select] successfully performed. With the following test data [Third Value]. @24-12-2021 02:01:11.0142 AM
[ReportManager] Element Action [GetSelectedText] successfully performed. With the following test data [Third Value]. @24-12-2021 02:01:11.0219 AM
[ReportManager] Third Value @24-12-2021 02:01:11.0219 AM
[ReportManager] Element Action [GetSelectedText] successfully performed. With the following test data [Third Value]. @24-12-2021 02:01:11.0290 AM
[ReportManager] Loaded Shared OpenCV @24-12-2021 02:01:11.0825 AM
[ReportManager] Assertion [ValidateElementAttribute] PASSED. Expected [Value Should be 'Third Value' for the 'selectedText' attribute, element locator 'By.tagName: select'] and Actual [Third Value]. Comparison Type [EQUALS]. Validation Type [POSITIVE]. @24-12-2021 02:01:12.0322 AM
[ReportManager] Successfully created attachment [Screenshot - 1640311271825_simpleSelect_ValidateElementAttribute_passed] @24-12-2021 02:01:12.0561 AM
[ReportManager] Browser Action [CloseCurrentWindow] successfully performed. @24-12-2021 02:01:12.0788 AM
[ReportManager] Successfully created attachment [Browser Action Test Data - CloseCurrentWindow - Actual Value] @24-12-2021 02:01:12.0883 A
[ReportManager] File Action [GetAbsolutePath] successfully performed. With the following test data [Relative Folder Path: "target/downloadedFiles/"]. @24-12-2021 02:01:13.0248 AM
[ReportManager] Attempting to run locally on: [Mac-64], [Safari], Headless Execution. @24-12-2021 02:01:13.0248 AM
[ReportManager] An Exception Occured with this Message: Could not start a new session. Possible causes are invalid address of the remote server or browser start-up failure.. @24-12-2021 02:01:14.0458 AM
[ReportManager] Successfully created attachment [Exception Stack Trace - org.openqa.selenium.SessionNotCreatedException] @24-12-2021 02:01:14.0581 AM
[ReportManager] Driver Factory Action [createNewLocalDriverInstanceForSafari] failed. With the following test data [Failed to create a session on DESKTOP_SAFARI]. @24-12-2021 02:01:14.0582 A

################################################################################################################################################
Starting Execution:	[145 out of 146] test cases in the current suite
Test Method:		[testPackage01.Test_dynamicLoading.dynamicLoading_elementIsHidden]
###############################################################################################################################################



################################################################################################################################################
Starting Execution:	[146 out of 146] test cases in the current suite
Test Method:		[testPackage01.Test_dynamicLoading.dynamicLoading_elementIsRendered]
###############################################################################################################################################

[ReportManager] Successfully created attachment [SHAFT Engine Logs - Execution log] @24-12-2021 02:01:15.0549 AM

################################################################################################################################################
This test run was powered by SHAFT Engine Version: [SHAFT Engine v5.4.20211202-BETA]
SHAFT Engine is licensed under the MIT License: [https://github.com/MohabMohie/SHAFT_ENGINE/blob/master/LICENSE].
################################################################################################################################################