################################################################################################################################################
Detected SHAFT Engine Version: [SHAFT Engine v5.4.20211116-BETA]
################################################################################################################################################
[ReportManager] File Action [GetAbsolutePath] successfully performed. With the following test data [Relative Folder Path: "target/downloadedFiles/"]. @16-11-2021 08:03:46.0323 AM
[ReportManager] Attempting to run locally on: [Mac-64], [Safari], Headless Execution. @16-11-2021 08:03:46.0343 AM
[ReportManager] Successfully Opened Safari. @16-11-2021 08:03:52.0711 AM
[ReportManager] Initial window size: (800, 600) @16-11-2021 08:03:52.0743 AM
[ReportManager] Window size after SWD Maximize: (1176, 810) @16-11-2021 08:03:52.0782 AM
[ReportManager] Browser Action [MaximizeWindow] successfully performed. With the following test data [New screen size is now: (1176, 810)]. @16-11-2021 08:03:52.0790 A

################################################################################################################################################
Starting Execution:	[1 out of 146] test cases in the current suite
Test Method:		[unitTests.tests_element_elementActions.waitForElementToBePresent_false_expectedToFail]
################################################################################################################################################
[ReportManager] Target URL: [https://www.google.com/ncr], and after redirection: [www.google.com] @16-11-2021 08:03:53.0061 AM
[ReportManager] Initial URL: [] @16-11-2021 08:03:53.0147 AM
[ReportManager] Browser Action [NavigateToURL] successfully performed. With the following test data [https://www.google.com/ncr]. @16-11-2021 08:03:54.0798 AM
[ReportManager] Waiting for element to be present; elementLocator [By.xpath: //*[@id='hplogo' or @alt='Google']], numberOfTries[1], stateOfPresence[false]... @16-11-2021 08:03:54.0809 AM
[ReportManager] Element Action [WaitForElementToBePresent] failed. With the following test data [waited for the element's state of presence to be (false). Element locator (By.xpath: //*[@id='hplogo' or @alt='Google'])]. @16-11-2021 08:03:57.0588 AM
[ReportManager] Successfully created attachment [Screenshot - 1637049834885_waitForElementToBePresent_false_expectedToFail_WaitForElementToBePresent_failed] @16-11-2021 08:03:57.0630 A
[ReportManager] Browser Action [CloseCurrentWindow] successfully performed. @16-11-2021 08:03:57.0955 AM
[ReportManager] Successfully created attachment [Browser Action Test Data - CloseCurrentWindow - Actual Value] @16-11-2021 08:03:57.0971 A
[ReportManager] File Action [GetAbsolutePath] successfully performed. With the following test data [Relative Folder Path: "target/downloadedFiles/"]. @16-11-2021 08:03:58.0017 AM
[ReportManager] Attempting to run locally on: [Mac-64], [Safari], Headless Execution. @16-11-2021 08:03:58.0017 AM
[ReportManager] Successfully Opened Safari. @16-11-2021 08:03:58.0977 AM
[ReportManager] Initial window size: (800, 600) @16-11-2021 08:03:59.0005 AM
[ReportManager] Window size after SWD Maximize: (1176, 811) @16-11-2021 08:03:59.0092 AM
[ReportManager] Browser Action [MaximizeWindow] successfully performed. With the following test data [New screen size is now: (1176, 811)]. @16-11-2021 08:03:59.0093 A

################################################################################################################################################
Starting Execution:	[2 out of 146] test cases in the current suite
Test Method:		[unitTests.tests_element_elementActions.waitForElementToBePresent_false_expectedToPass]
################################################################################################################################################
[ReportManager] Target URL: [https://www.google.com/ncr], and after redirection: [www.google.com] @16-11-2021 08:03:59.0117 AM
[ReportManager] Initial URL: [] @16-11-2021 08:03:59.0188 AM
[ReportManager] Browser Action [NavigateToURL] successfully performed. With the following test data [https://www.google.com/ncr]. @16-11-2021 08:04:00.0226 AM
[ReportManager] Waiting for element to be present; elementLocator [By.id: bla], numberOfTries[1], stateOfPresence[false]... @16-11-2021 08:04:00.0227 A
[ReportManager] Browser Action [CloseCurrentWindow] successfully performed. @16-11-2021 08:04:00.0422 AM
[ReportManager] Successfully created attachment [Browser Action Test Data - CloseCurrentWindow - Actual Value] @16-11-2021 08:04:00.0429 A
[ReportManager] File Action [GetAbsolutePath] successfully performed. With the following test data [Relative Folder Path: "target/downloadedFiles/"]. @16-11-2021 08:04:00.0439 AM
[ReportManager] Attempting to run locally on: [Mac-64], [Safari], Headless Execution. @16-11-2021 08:04:00.0440 AM
[ReportManager] Successfully Opened Safari. @16-11-2021 08:04:01.0382 AM
[ReportManager] Initial window size: (800, 600) @16-11-2021 08:04:01.0413 AM
[ReportManager] Window size after SWD Maximize: (1176, 811) @16-11-2021 08:04:01.0440 AM
[ReportManager] Browser Action [MaximizeWindow] successfully performed. With the following test data [New screen size is now: (1176, 811)]. @16-11-2021 08:04:01.0441 A

################################################################################################################################################
Starting Execution:	[3 out of 146] test cases in the current suite
Test Method:		[unitTests.tests_element_elementActions.waitForElementToBePresent_moreThanOneElement_expectedToFail]
################################################################################################################################################
[ReportManager] Target URL: [https://www.google.com/ncr], and after redirection: [www.google.com] @16-11-2021 08:04:01.0450 AM
[ReportManager] Initial URL: [] @16-11-2021 08:04:01.0512 AM
[ReportManager] Browser Action [NavigateToURL] successfully performed. With the following test data [https://www.google.com/ncr]. @16-11-2021 08:04:02.0582 AM
[ReportManager] Waiting for element to be present; elementLocator [By.xpath: //*], numberOfTries[1], stateOfPresence[false]... @16-11-2021 08:04:02.0582 AM
[ReportManager] Element Action [WaitForElementToBePresent] failed. With the following test data [waited for the element's state of presence to be (false). Element locator (By.xpath: //*)]. @16-11-2021 08:04:02.0828 AM
[ReportManager] Successfully created attachment [Screenshot - 1637049842665_waitForElementToBePresent_moreThanOneElement_expectedToFail_WaitForElementToBePresent_failed] @16-11-2021 08:04:02.0843 A
[ReportManager] Browser Action [CloseCurrentWindow] successfully performed. @16-11-2021 08:04:03.0143 AM
[ReportManager] Successfully created attachment [Browser Action Test Data - CloseCurrentWindow - Actual Value] @16-11-2021 08:04:03.0151 A
[ReportManager] File Action [GetAbsolutePath] successfully performed. With the following test data [Relative Folder Path: "target/downloadedFiles/"]. @16-11-2021 08:04:03.0177 AM
[ReportManager] Attempting to run locally on: [Mac-64], [Safari], Headless Execution. @16-11-2021 08:04:03.0178 AM
[ReportManager] Successfully Opened Safari. @16-11-2021 08:04:04.0105 AM
[ReportManager] Initial window size: (800, 600) @16-11-2021 08:04:04.0132 AM
[ReportManager] Window size after SWD Maximize: (1176, 811) @16-11-2021 08:04:04.0152 AM
[ReportManager] Browser Action [MaximizeWindow] successfully performed. With the following test data [New screen size is now: (1176, 811)]. @16-11-2021 08:04:04.0152 A

################################################################################################################################################
Starting Execution:	[4 out of 146] test cases in the current suite
Test Method:		[unitTests.tests_element_elementActions.waitForElementToBePresent_true_expectedToFail]
################################################################################################################################################
[ReportManager] Target URL: [https://www.google.com/ncr], and after redirection: [www.google.com] @16-11-2021 08:04:04.0180 AM
[ReportManager] Initial URL: [] @16-11-2021 08:04:04.0245 AM
[ReportManager] Browser Action [NavigateToURL] successfully performed. With the following test data [https://www.google.com/ncr]. @16-11-2021 08:04:05.0615 AM
[ReportManager] Waiting for element to be present; elementLocator [By.id: bla], numberOfTries[1], stateOfPresence[true]... @16-11-2021 08:04:05.0616 A
[ReportManager] Browser Action [CloseCurrentWindow] successfully performed. @16-11-2021 08:04:06.0059 AM
[ReportManager] Successfully created attachment [Browser Action Test Data - CloseCurrentWindow - Actual Value] @16-11-2021 08:04:06.0065 A
[ReportManager] File Action [GetAbsolutePath] successfully performed. With the following test data [Relative Folder Path: "target/downloadedFiles/"]. @16-11-2021 08:04:06.0070 AM
[ReportManager] Attempting to run locally on: [Mac-64], [Safari], Headless Execution. @16-11-2021 08:04:06.0071 AM
[ReportManager] Successfully Opened Safari. @16-11-2021 08:04:07.0032 AM
[ReportManager] Initial window size: (800, 600) @16-11-2021 08:04:07.0042 AM
[ReportManager] Window size after SWD Maximize: (1176, 811) @16-11-2021 08:04:07.0066 AM
[ReportManager] Browser Action [MaximizeWindow] successfully performed. With the following test data [New screen size is now: (1176, 811)]. @16-11-2021 08:04:07.0066 A

################################################################################################################################################
Starting Execution:	[5 out of 146] test cases in the current suite
Test Method:		[unitTests.tests_element_elementActions.waitForElementToBePresent_true_expectedToPass]
################################################################################################################################################
[ReportManager] Target URL: [https://www.google.com/ncr], and after redirection: [www.google.com] @16-11-2021 08:04:07.0094 AM
[ReportManager] Initial URL: [] @16-11-2021 08:04:07.0169 AM
[ReportManager] Browser Action [NavigateToURL] successfully performed. With the following test data [https://www.google.com/ncr]. @16-11-2021 08:04:08.0126 AM
[ReportManager] Waiting for element to be present; elementLocator [By.xpath: //*[@id='hplogo' or @alt='Google']], numberOfTries[1], stateOfPresence[true]... @16-11-2021 08:04:08.0126 AM
[ReportManager] Element Action [WaitForElementToBePresent] successfully performed. With the following test data [waited for the element's state of presence to be (true). Element locator (By.xpath: //*[@id='hplogo' or @alt='Google'])]. @16-11-2021 08:04:08.0157 AM
[ReportManager] File Action [DoesFileExist] successfully performed. With the following test data [File Path: "src/main/resources/dynamicObjectRepository/unitTests_tests_element_elementActions_waitForElementToBePresent_true_expectedToPass_By_xpath_id_hplogo_or_alt_Google.png"]. @16-11-2021 08:04:08.0182 AM
[ReportManager] File Action [DoesFileExist] successfully performed. With the following test data [File Path: "src/main/resources/dynamicObjectRepository/unitTests_tests_element_elementActions_waitForElementToBePresent_true_expectedToPass_By_xpath_id_hplogo_or_alt_Google.png"]. @16-11-2021 08:04:08.0267 AM
[ReportManager] Passing the test and saving a reference image @16-11-2021 08:04:08.0267 AM
[ReportManager] File Action [GetAbsolutePath] successfully performed. With the following test data [Relative File Path: "src/main/resources/dynamicObjectRepository/unitTests_tests_element_elementActions_waitForElementToBePresent_true_expectedToPass_By_xpath_id_hplogo_or_alt_Google.png"]. @16-11-2021 08:04:08.0268 AM
[ReportManager] File Action [WriteToFile] successfully performed. With the following test data [Target File Path: "/Users/runner/work/SHAFT_ENGINE/SHAFT_ENGINE/src/main/resources/dynamicObjectRepository/unitTests_tests_element_elementActions_waitForElementToBePresent_true_expectedToPass_By_xpath_id_hplogo_or_alt_Google.png"]. @16-11-2021 08:04:08.0276 AM
[ReportManager] Assertion Passed: Using Visual AI; OpenCV @16-11-2021 08:04:08.0279 AM
[ReportManager] Successfully created attachment [Validation Test Data - Actual Screenshot] @16-11-2021 08:04:08.0286 AM
[ReportManager] Assertion [ValidateElementMatches] PASSED. Expected [Element should match the reference screenshot] and Actual [TRUE]. Comparison Type [EXACT_OPENCV]. Validation Type [POSITIVE]. @16-11-2021 08:04:08.0286 A
[ReportManager] Browser Action [CloseCurrentWindow] successfully performed. @16-11-2021 08:04:08.0473 AM
[ReportManager] Successfully created attachment [Browser Action Test Data - CloseCurrentWindow - Actual Value] @16-11-2021 08:04:08.0480 A
[ReportManager] File Action [GetAbsolutePath] successfully performed. With the following test data [Relative Folder Path: "target/downloadedFiles/"]. @16-11-2021 08:04:08.0504 AM
[ReportManager] Attempting to run locally on: [Mac-64], [Safari], Headless Execution. @16-11-2021 08:04:08.0504 AM
[ReportManager] Successfully Opened Safari. @16-11-2021 08:04:09.0391 AM
[ReportManager] Initial window size: (800, 600) @16-11-2021 08:04:09.0432 AM
[ReportManager] Window size after SWD Maximize: (1176, 811) @16-11-2021 08:04:09.0493 AM
[ReportManager] Browser Action [MaximizeWindow] successfully performed. With the following test data [New screen size is now: (1176, 811)]. @16-11-2021 08:04:09.0494 AM
[ReportManager] Target URL: [https://duckduckgo.com] @16-11-2021 08:04:09.0494 AM
[ReportManager] Initial URL: [] @16-11-2021 08:04:09.0539 AM
[ReportManager] Browser Action [NavigateToURL] successfully performed. With the following test data [https://duckduckgo.com]. @16-11-2021 08:04:10.0551 A

################################################################################################################################################
Starting Execution:	[6 out of 146] test cases in the current suite
Test Method:		[unitTests.tests_browserActions.fullScreenWindow]
################################################################################################################################################
[ReportManager] Initial Windows Size: 1176x811 @16-11-2021 08:04:10.0577 AM
[ReportManager] Current Windows Size after fullScreen: 1176x885 @16-11-2021 08:04:10.0790 AM
[ReportManager] Browser Action [FullScreenWindow] successfully performed. @16-11-2021 08:04:10.0813 AM
[ReportManager] Successfully created attachment [Browser Action Test Data - FullScreenWindow - Actual Value] @16-11-2021 08:04:10.0821 A
[ReportManager] Target URL: [https://duckduckgo.com] @16-11-2021 08:04:10.0852 AM
[ReportManager] Initial URL: [https://duckduckgo.com] @16-11-2021 08:04:10.0920 AM
[ReportManager] Browser Action [NavigateToURL] successfully performed. With the following test data [https://duckduckgo.com]. @16-11-2021 08:04:11.0690 AM
[ReportManager] Browser Action [CloseCurrentWindow] successfully performed. @16-11-2021 08:04:12.0043 AM
[ReportManager] Successfully created attachment [Browser Action Test Data - CloseCurrentWindow - Actual Value] @16-11-2021 08:04:12.0045 A
[ReportManager] File Action [GetAbsolutePath] successfully performed. With the following test data [Relative Folder Path: "target/downloadedFiles/"]. @16-11-2021 08:04:12.0050 AM
[ReportManager] Attempting to run locally on: [Mac-64], [Safari], Headless Execution. @16-11-2021 08:04:12.0050 AM
[ReportManager] Successfully Opened Safari. @16-11-2021 08:04:13.0011 AM
[ReportManager] Initial window size: (800, 600) @16-11-2021 08:04:13.0034 AM
[ReportManager] Window size after SWD Maximize: (1176, 811) @16-11-2021 08:04:13.0063 AM
[ReportManager] Browser Action [MaximizeWindow] successfully performed. With the following test data [New screen size is now: (1176, 811)]. @16-11-2021 08:04:13.0063 AM
[ReportManager] Target URL: [https://duckduckgo.com] @16-11-2021 08:04:13.0064 AM
[ReportManager] Initial URL: [] @16-11-2021 08:04:13.0117 AM
[ReportManager] Browser Action [NavigateToURL] successfully performed. With the following test data [https://duckduckgo.com]. @16-11-2021 08:04:14.0124 A

################################################################################################################################################
Starting Execution:	[7 out of 146] test cases in the current suite
Test Method:		[unitTests.tests_browserActions.getCurrentURL]
################################################################################################################################################
[ReportManager] Browser Action [GetCurrentURL] successfully performed. With the following test data [https://duckduckgo.com/]. @16-11-2021 08:04:14.0253 A
[ReportManager] Target URL: [https://duckduckgo.com] @16-11-2021 08:04:14.0257 AM
[ReportManager] Initial URL: [https://duckduckgo.com] @16-11-2021 08:04:14.0402 AM
[ReportManager] Browser Action [NavigateToURL] successfully performed. With the following test data [https://duckduckgo.com]. @16-11-2021 08:04:14.0823 AM
[ReportManager] Browser Action [CloseCurrentWindow] successfully performed. @16-11-2021 08:04:15.0079 AM
[ReportManager] Successfully created attachment [Browser Action Test Data - CloseCurrentWindow - Actual Value] @16-11-2021 08:04:15.0085 A
[ReportManager] File Action [GetAbsolutePath] successfully performed. With the following test data [Relative Folder Path: "target/downloadedFiles/"]. @16-11-2021 08:04:15.0092 AM
[ReportManager] Attempting to run locally on: [Mac-64], [Safari], Headless Execution. @16-11-2021 08:04:15.0093 AM
[ReportManager] Successfully Opened Safari. @16-11-2021 08:04:15.0982 AM
[ReportManager] Initial window size: (800, 600) @16-11-2021 08:04:16.0030 AM
[ReportManager] Window size after SWD Maximize: (1176, 811) @16-11-2021 08:04:16.0089 AM
[ReportManager] Browser Action [MaximizeWindow] successfully performed. With the following test data [New screen size is now: (1176, 811)]. @16-11-2021 08:04:16.0089 AM
[ReportManager] Target URL: [https://duckduckgo.com] @16-11-2021 08:04:16.0090 AM
[ReportManager] Initial URL: [] @16-11-2021 08:04:16.0134 AM
[ReportManager] Browser Action [NavigateToURL] successfully performed. With the following test data [https://duckduckgo.com]. @16-11-2021 08:04:16.0911 A

################################################################################################################################################
Starting Execution:	[8 out of 146] test cases in the current suite
Test Method:		[unitTests.tests_browserActions.getCurrentWindowTitle]
################################################################################################################################################
[ReportManager] Browser Action [GetCurrentWindowTitle] successfully performed. With the following test data [DuckDuckGo â€” Privacy, simplified.]. @16-11-2021 08:04:16.0957 A
[ReportManager] Target URL: [https://duckduckgo.com] @16-11-2021 08:04:16.0976 AM
[ReportManager] Initial URL: [https://duckduckgo.com] @16-11-2021 08:04:17.0012 AM
[ReportManager] Browser Action [NavigateToURL] successfully performed. With the following test data [https://duckduckgo.com]. @16-11-2021 08:04:17.0410 AM
[ReportManager] Browser Action [CloseCurrentWindow] successfully performed. @16-11-2021 08:04:17.0737 AM
[ReportManager] Successfully created attachment [Browser Action Test Data - CloseCurrentWindow - Actual Value] @16-11-2021 08:04:17.0744 A
[ReportManager] File Action [GetAbsolutePath] successfully performed. With the following test data [Relative Folder Path: "target/downloadedFiles/"]. @16-11-2021 08:04:17.0758 AM
[ReportManager] Attempting to run locally on: [Mac-64], [Safari], Headless Execution. @16-11-2021 08:04:17.0758 AM
[ReportManager] Successfully Opened Safari. @16-11-2021 08:04:18.0582 AM
[ReportManager] Initial window size: (800, 600) @16-11-2021 08:04:18.0590 AM
[ReportManager] Window size after SWD Maximize: (1176, 811) @16-11-2021 08:04:18.0625 AM
[ReportManager] Browser Action [MaximizeWindow] successfully performed. With the following test data [New screen size is now: (1176, 811)]. @16-11-2021 08:04:18.0626 AM
[ReportManager] Target URL: [https://duckduckgo.com] @16-11-2021 08:04:18.0626 AM
[ReportManager] Initial URL: [] @16-11-2021 08:04:18.0704 AM
[ReportManager] Browser Action [NavigateToURL] successfully performed. With the following test data [https://duckduckgo.com]. @16-11-2021 08:04:19.0439 A

################################################################################################################################################
Starting Execution:	[9 out of 146] test cases in the current suite
Test Method:		[unitTests.tests_browserActions.getPageSource]
################################################################################################################################################
[ReportManager] Browser Action [GetPageSource] successfully performed. @16-11-2021 08:04:19.0492 AM
[ReportManager] Successfully created attachment [Browser Action Test Data - GetPageSource - Actual Value] @16-11-2021 08:04:19.0499 A
[ReportManager] Target URL: [https://duckduckgo.com] @16-11-2021 08:04:19.0520 AM
[ReportManager] Initial URL: [https://duckduckgo.com] @16-11-2021 08:04:19.0559 AM
[ReportManager] Browser Action [NavigateToURL] successfully performed. With the following test data [https://duckduckgo.com]. @16-11-2021 08:04:19.0923 AM
[ReportManager] Browser Action [CloseCurrentWindow] successfully performed. @16-11-2021 08:04:20.0276 AM
[ReportManager] Successfully created attachment [Browser Action Test Data - CloseCurrentWindow - Actual Value] @16-11-2021 08:04:20.0282 A
[ReportManager] File Action [GetAbsolutePath] successfully performed. With the following test data [Relative Folder Path: "target/downloadedFiles/"]. @16-11-2021 08:04:20.0292 AM
[ReportManager] Attempting to run locally on: [Mac-64], [Safari], Headless Execution. @16-11-2021 08:04:20.0293 AM
[ReportManager] Successfully Opened Safari. @16-11-2021 08:04:21.0170 AM
[ReportManager] Initial window size: (800, 600) @16-11-2021 08:04:21.0191 AM
[ReportManager] Window size after SWD Maximize: (1176, 811) @16-11-2021 08:04:21.0212 AM
[ReportManager] Browser Action [MaximizeWindow] successfully performed. With the following test data [New screen size is now: (1176, 811)]. @16-11-2021 08:04:21.0222 AM
[ReportManager] Target URL: [https://duckduckgo.com] @16-11-2021 08:04:21.0223 AM
[ReportManager] Initial URL: [] @16-11-2021 08:04:21.0293 AM
[ReportManager] Browser Action [NavigateToURL] successfully performed. With the following test data [https://duckduckgo.com]. @16-11-2021 08:04:22.0014 A

################################################################################################################################################
Starting Execution:	[10 out of 146] test cases in the current suite
Test Method:		[unitTests.tests_browserActions.getWindowHandle]
################################################################################################################################################
[ReportManager] Browser Action [GetWindowHandle] successfully performed. With the following test data [page-D4694467-83E4-46ED-9104-001BA7385804]. @16-11-2021 08:04:22.0055 A
[ReportManager] Target URL: [https://duckduckgo.com] @16-11-2021 08:04:22.0075 AM
[ReportManager] Initial URL: [https://duckduckgo.com] @16-11-2021 08:04:22.0115 AM
[ReportManager] Browser Action [NavigateToURL] successfully performed. With the following test data [https://duckduckgo.com]. @16-11-2021 08:04:22.0463 AM
[ReportManager] Browser Action [CloseCurrentWindow] successfully performed. @16-11-2021 08:04:22.0828 AM
[ReportManager] Successfully created attachment [Browser Action Test Data - CloseCurrentWindow - Actual Value] @16-11-2021 08:04:22.0834 A
[ReportManager] File Action [GetAbsolutePath] successfully performed. With the following test data [Relative Folder Path: "target/downloadedFiles/"]. @16-11-2021 08:04:22.0855 AM
[ReportManager] Attempting to run locally on: [Mac-64], [Safari], Headless Execution. @16-11-2021 08:04:22.0856 AM
[ReportManager] Successfully Opened Safari. @16-11-2021 08:04:23.0709 AM
[ReportManager] Initial window size: (800, 600) @16-11-2021 08:04:23.0738 AM
[ReportManager] Window size after SWD Maximize: (1176, 811) @16-11-2021 08:04:23.0776 AM
[ReportManager] Browser Action [MaximizeWindow] successfully performed. With the following test data [New screen size is now: (1176, 811)]. @16-11-2021 08:04:23.0776 AM
[ReportManager] Target URL: [https://duckduckgo.com] @16-11-2021 08:04:23.0776 AM
[ReportManager] Initial URL: [] @16-11-2021 08:04:23.0850 AM
[ReportManager] Browser Action [NavigateToURL] successfully performed. With the following test data [https://duckduckgo.com]. @16-11-2021 08:04:24.0664 A

################################################################################################################################################
Starting Execution:	[11 out of 146] test cases in the current suite
Test Method:		[unitTests.tests_browserActions.getWindowPosition]
################################################################################################################################################
[ReportManager] Browser Action [GetWindowPosition] successfully performed. With the following test data [(0, 23)]. @16-11-2021 08:04:24.0839 A
[ReportManager] Target URL: [https://duckduckgo.com] @16-11-2021 08:04:24.0860 AM
[ReportManager] Initial URL: [https://duckduckgo.com] @16-11-2021 08:04:24.0902 AM
[ReportManager] Browser Action [NavigateToURL] successfully performed. With the following test data [https://duckduckgo.com]. @16-11-2021 08:04:25.0464 AM
[ReportManager] Browser Action [CloseCurrentWindow] successfully performed. @16-11-2021 08:04:25.0821 AM
[ReportManager] Successfully created attachment [Browser Action Test Data - CloseCurrentWindow - Actual Value] @16-11-2021 08:04:25.0827 A
[ReportManager] File Action [GetAbsolutePath] successfully performed. With the following test data [Relative Folder Path: "target/downloadedFiles/"]. @16-11-2021 08:04:25.0843 AM
[ReportManager] Attempting to run locally on: [Mac-64], [Safari], Headless Execution. @16-11-2021 08:04:25.0843 AM
[ReportManager] Successfully Opened Safari. @16-11-2021 08:04:26.0788 AM
[ReportManager] Initial window size: (800, 600) @16-11-2021 08:04:26.0794 AM
[ReportManager] Window size after SWD Maximize: (1176, 811) @16-11-2021 08:04:26.0863 AM
[ReportManager] Browser Action [MaximizeWindow] successfully performed. With the following test data [New screen size is now: (1176, 811)]. @16-11-2021 08:04:26.0863 AM
[ReportManager] Target URL: [https://duckduckgo.com] @16-11-2021 08:04:26.0863 AM
[ReportManager] Initial URL: [] @16-11-2021 08:04:26.0915 AM
[ReportManager] Browser Action [NavigateToURL] successfully performed. With the following test data [https://duckduckgo.com]. @16-11-2021 08:04:27.0782 A

################################################################################################################################################
Starting Execution:	[12 out of 146] test cases in the current suite
Test Method:		[unitTests.tests_browserActions.getWindowSize]
################################################################################################################################################
[ReportManager] Browser Action [GetWindowSize] successfully performed. With the following test data [(1176, 811)]. @16-11-2021 08:04:27.0817 A
[ReportManager] Target URL: [https://duckduckgo.com] @16-11-2021 08:04:27.0837 AM
[ReportManager] Initial URL: [https://duckduckgo.com] @16-11-2021 08:04:27.0885 AM
[ReportManager] Browser Action [NavigateToURL] successfully performed. With the following test data [https://duckduckgo.com]. @16-11-2021 08:04:28.0240 AM
[ReportManager] Browser Action [CloseCurrentWindow] successfully performed. @16-11-2021 08:04:28.0564 AM
[ReportManager] Successfully created attachment [Browser Action Test Data - CloseCurrentWindow - Actual Value] @16-11-2021 08:04:28.0570 A
[ReportManager] File Action [GetAbsolutePath] successfully performed. With the following test data [Relative Folder Path: "target/downloadedFiles/"]. @16-11-2021 08:04:28.0591 AM
[ReportManager] Attempting to run locally on: [Mac-64], [Safari], Headless Execution. @16-11-2021 08:04:28.0592 AM
[ReportManager] Successfully Opened Safari. @16-11-2021 08:04:29.0559 AM
[ReportManager] Initial window size: (800, 600) @16-11-2021 08:04:29.0584 AM
[ReportManager] Window size after SWD Maximize: (1176, 811) @16-11-2021 08:04:29.0610 AM
[ReportManager] Browser Action [MaximizeWindow] successfully performed. With the following test data [New screen size is now: (1176, 811)]. @16-11-2021 08:04:29.0611 AM
[ReportManager] Target URL: [https://duckduckgo.com] @16-11-2021 08:04:29.0611 AM
[ReportManager] Initial URL: [] @16-11-2021 08:04:29.0679 AM
[ReportManager] Browser Action [NavigateToURL] successfully performed. With the following test data [https://duckduckgo.com]. @16-11-2021 08:04:30.0433 A

################################################################################################################################################
Starting Execution:	[13 out of 146] test cases in the current suite
Test Method:		[unitTests.tests_browserActions.maximizeWindow]
################################################################################################################################################
[ReportManager] Initial window size: (1176, 811) @16-11-2021 08:04:30.0460 AM
[ReportManager] Window size after SWD Maximize: (1176, 811) @16-11-2021 08:04:30.0469 AM
[ReportManager] Window size after Toolkit: (1920, 1080) @16-11-2021 08:04:30.0489 AM
[ReportManager] Browser Action [MaximizeWindow] successfully performed. With the following test data [New screen size is now: (1920, 1080)]. @16-11-2021 08:04:30.0495 A
[ReportManager] Target URL: [https://duckduckgo.com] @16-11-2021 08:04:30.0559 AM
[ReportManager] Initial URL: [https://duckduckgo.com] @16-11-2021 08:04:30.0653 AM
[ReportManager] Browser Action [NavigateToURL] successfully performed. With the following test data [https://duckduckgo.com]. @16-11-2021 08:04:31.0114 AM
[ReportManager] Browser Action [CloseCurrentWindow] successfully performed. @16-11-2021 08:04:31.0289 AM
[ReportManager] Successfully created attachment [Browser Action Test Data - CloseCurrentWindow - Actual Value] @16-11-2021 08:04:31.0296 A
[ReportManager] File Action [GetAbsolutePath] successfully performed. With the following test data [Relative Folder Path: "target/downloadedFiles/"]. @16-11-2021 08:04:31.0319 AM
[ReportManager] Attempting to run locally on: [Mac-64], [Safari], Headless Execution. @16-11-2021 08:04:31.0320 AM
[ReportManager] Successfully Opened Safari. @16-11-2021 08:04:32.0162 AM
[ReportManager] Initial window size: (800, 600) @16-11-2021 08:04:32.0176 AM
[ReportManager] Window size after SWD Maximize: (1176, 811) @16-11-2021 08:04:32.0199 AM
[ReportManager] Browser Action [MaximizeWindow] successfully performed. With the following test data [New screen size is now: (1176, 811)]. @16-11-2021 08:04:32.0204 AM
[ReportManager] Target URL: [https://duckduckgo.com] @16-11-2021 08:04:32.0204 AM
[ReportManager] Initial URL: [] @16-11-2021 08:04:32.0268 AM
[ReportManager] Browser Action [NavigateToURL] successfully performed. With the following test data [https://duckduckgo.com]. @16-11-2021 08:04:33.0077 A

################################################################################################################################################
Starting Execution:	[14 out of 146] test cases in the current suite
Test Method:		[unitTests.tests_browserActions.navigateBack]
################################################################################################################################################
[ReportManager] Target URL: [https://www.google.com/ncr], and after redirection: [https://www.google.com] @16-11-2021 08:04:33.0099 AM
[ReportManager] Initial URL: [https://duckduckgo.com] @16-11-2021 08:04:33.0136 AM
[ReportManager] Browser Action [NavigateToURL] successfully performed. With the following test data [https://www.google.com/ncr]. @16-11-2021 08:04:33.0976 AM
[ReportManager] Browser Action [NavigateBack] successfully performed. With the following test data [https://duckduckgo.com/]. @16-11-2021 08:04:34.0206 AM
[ReportManager] Browser Action [GetCurrentURL] successfully performed. With the following test data [https://duckduckgo.com/]. @16-11-2021 08:04:34.0234 AM
[ReportManager] Assertion Passed: Confirming that navigating back was successful @16-11-2021 08:04:34.0450 AM
[ReportManager] Successfully created attachment [Screenshot - 1637049874280_navigateBack_ValidateBrowserAttribute_passed] @16-11-2021 08:04:34.0467 AM
[ReportManager] Assertion [ValidateBrowserAttribute] PASSED. Expected [Value Should be 'https://duckduckgo.com' for the 'CurrentUrl' attribute] and Actual [https://duckduckgo.com/]. Comparison Type [CONTAINS]. Validation Type [POSITIVE]. @16-11-2021 08:04:34.0467 A
[ReportManager] Target URL: [https://duckduckgo.com] @16-11-2021 08:04:34.0490 AM
[ReportManager] Initial URL: [https://duckduckgo.com] @16-11-2021 08:04:34.0571 AM
[ReportManager] Browser Action [NavigateToURL] successfully performed. With the following test data [https://duckduckgo.com]. @16-11-2021 08:04:34.0995 AM
[ReportManager] Browser Action [CloseCurrentWindow] successfully performed. @16-11-2021 08:04:35.0307 AM
[ReportManager] Successfully created attachment [Browser Action Test Data - CloseCurrentWindow - Actual Value] @16-11-2021 08:04:35.0313 A
[ReportManager] File Action [GetAbsolutePath] successfully performed. With the following test data [Relative Folder Path: "target/downloadedFiles/"]. @16-11-2021 08:04:35.0334 AM
[ReportManager] Attempting to run locally on: [Mac-64], [Safari], Headless Execution. @16-11-2021 08:04:35.0334 AM
[ReportManager] Successfully Opened Safari. @16-11-2021 08:04:36.0189 AM
[ReportManager] Initial window size: (800, 600) @16-11-2021 08:04:36.0256 AM
[ReportManager] Window size after SWD Maximize: (1176, 811) @16-11-2021 08:04:36.0326 AM
[ReportManager] Browser Action [MaximizeWindow] successfully performed. With the following test data [New screen size is now: (1176, 811)]. @16-11-2021 08:04:36.0327 AM
[ReportManager] Target URL: [https://duckduckgo.com] @16-11-2021 08:04:36.0327 AM
[ReportManager] Initial URL: [] @16-11-2021 08:04:36.0381 AM
[ReportManager] Browser Action [NavigateToURL] successfully performed. With the following test data [https://duckduckgo.com]. @16-11-2021 08:04:37.0166 A

################################################################################################################################################
Starting Execution:	[15 out of 146] test cases in the current suite
Test Method:		[unitTests.tests_browserActions.navigateForward]
################################################################################################################################################
[ReportManager] Target URL: [https://www.google.com/ncr], and after redirection: [https://www.google.com] @16-11-2021 08:04:37.0187 AM
[ReportManager] Initial URL: [https://duckduckgo.com] @16-11-2021 08:04:37.0226 AM
[ReportManager] Browser Action [NavigateToURL] successfully performed. With the following test data [https://www.google.com/ncr]. @16-11-2021 08:04:38.0809 AM
[ReportManager] Browser Action [NavigateBack] successfully performed. With the following test data [https://duckduckgo.com/]. @16-11-2021 08:04:39.0001 AM
[ReportManager] Browser Action [NavigateForward] successfully performed. With the following test data [https://www.google.com/]. @16-11-2021 08:04:39.0113 A
[ReportManager] Target URL: [https://duckduckgo.com] @16-11-2021 08:04:39.0132 AM
[ReportManager] Initial URL: [https://www.google.com] @16-11-2021 08:04:39.0171 AM
[ReportManager] Browser Action [NavigateToURL] successfully performed. With the following test data [https://duckduckgo.com]. @16-11-2021 08:04:39.0556 AM
[ReportManager] Browser Action [CloseCurrentWindow] successfully performed. @16-11-2021 08:04:39.0676 AM
[ReportManager] Successfully created attachment [Browser Action Test Data - CloseCurrentWindow - Actual Value] @16-11-2021 08:04:39.0683 A
[ReportManager] File Action [GetAbsolutePath] successfully performed. With the following test data [Relative Folder Path: "target/downloadedFiles/"]. @16-11-2021 08:04:39.0690 AM
[ReportManager] Attempting to run locally on: [Mac-64], [Safari], Headless Execution. @16-11-2021 08:04:39.0691 AM
[ReportManager] Successfully Opened Safari. @16-11-2021 08:04:40.0760 AM
[ReportManager] Initial window size: (800, 600) @16-11-2021 08:04:40.0783 AM
[ReportManager] Window size after SWD Maximize: (1176, 811) @16-11-2021 08:04:40.0818 AM
[ReportManager] Browser Action [MaximizeWindow] successfully performed. With the following test data [New screen size is now: (1176, 811)]. @16-11-2021 08:04:40.0819 AM
[ReportManager] Target URL: [https://duckduckgo.com] @16-11-2021 08:04:40.0819 AM
[ReportManager] Initial URL: [] @16-11-2021 08:04:40.0864 AM
[ReportManager] Browser Action [NavigateToURL] successfully performed. With the following test data [https://duckduckgo.com]. @16-11-2021 08:04:41.0640 A

################################################################################################################################################
Starting Execution:	[16 out of 146] test cases in the current suite
Test Method:		[unitTests.tests_browserActions.navigateToURL]
################################################################################################################################################
[ReportManager] Target URL: [https://duckduckgo.com] @16-11-2021 08:04:41.0646 AM
[ReportManager] Initial URL: [https://duckduckgo.com] @16-11-2021 08:04:41.0679 AM
[ReportManager] Browser Action [NavigateToURL] successfully performed. With the following test data [https://duckduckgo.com]. @16-11-2021 08:04:42.0007 A
[ReportManager] Target URL: [https://duckduckgo.com] @16-11-2021 08:04:42.0018 AM
[ReportManager] Initial URL: [https://duckduckgo.com] @16-11-2021 08:04:42.0049 AM
[ReportManager] Browser Action [NavigateToURL] successfully performed. With the following test data [https://duckduckgo.com]. @16-11-2021 08:04:42.0472 AM
[ReportManager] Browser Action [CloseCurrentWindow] successfully performed. @16-11-2021 08:04:42.0853 AM
[ReportManager] Successfully created attachment [Browser Action Test Data - CloseCurrentWindow - Actual Value] @16-11-2021 08:04:42.0863 A
[ReportManager] File Action [GetAbsolutePath] successfully performed. With the following test data [Relative Folder Path: "target/downloadedFiles/"]. @16-11-2021 08:04:42.0879 AM
[ReportManager] Attempting to run locally on: [Mac-64], [Safari], Headless Execution. @16-11-2021 08:04:42.0879 AM
[ReportManager] Successfully Opened Safari. @16-11-2021 08:04:43.0741 AM
[ReportManager] Initial window size: (800, 600) @16-11-2021 08:04:43.0756 AM
[ReportManager] Window size after SWD Maximize: (1176, 811) @16-11-2021 08:04:43.0781 AM
[ReportManager] Browser Action [MaximizeWindow] successfully performed. With the following test data [New screen size is now: (1176, 811)]. @16-11-2021 08:04:43.0782 AM
[ReportManager] Target URL: [https://duckduckgo.com] @16-11-2021 08:04:43.0782 AM
[ReportManager] Initial URL: [] @16-11-2021 08:04:43.0854 AM
[ReportManager] Browser Action [NavigateToURL] successfully performed. With the following test data [https://duckduckgo.com]. @16-11-2021 08:04:44.0666 A

################################################################################################################################################
Starting Execution:	[17 out of 146] test cases in the current suite
Test Method:		[unitTests.tests_browserActions.navigateToURLWithRedirection]
################################################################################################################################################
[ReportManager] Target URL: [https://www.google.com/ncr], and after redirection: [https://www.google.com] @16-11-2021 08:04:44.0687 AM
[ReportManager] Initial URL: [https://duckduckgo.com] @16-11-2021 08:04:44.0728 AM
[ReportManager] Browser Action [NavigateToURL] successfully performed. With the following test data [https://www.google.com/ncr]. @16-11-2021 08:04:45.0414 A
[ReportManager] Target URL: [https://duckduckgo.com] @16-11-2021 08:04:45.0433 AM
[ReportManager] Initial URL: [https://www.google.com] @16-11-2021 08:04:45.0467 AM
[ReportManager] Browser Action [NavigateToURL] successfully performed. With the following test data [https://duckduckgo.com]. @16-11-2021 08:04:45.0819 AM
[ReportManager] Browser Action [CloseCurrentWindow] successfully performed. @16-11-2021 08:04:46.0129 AM
[ReportManager] Successfully created attachment [Browser Action Test Data - CloseCurrentWindow - Actual Value] @16-11-2021 08:04:46.0130 A
[ReportManager] File Action [GetAbsolutePath] successfully performed. With the following test data [Relative Folder Path: "target/downloadedFiles/"]. @16-11-2021 08:04:46.0133 AM
[ReportManager] Attempting to run locally on: [Mac-64], [Safari], Headless Execution. @16-11-2021 08:04:46.0133 AM
[ReportManager] Successfully Opened Safari. @16-11-2021 08:04:47.0009 AM
[ReportManager] Initial window size: (800, 600) @16-11-2021 08:04:47.0033 AM
[ReportManager] Window size after SWD Maximize: (1176, 811) @16-11-2021 08:04:47.0066 AM
[ReportManager] Browser Action [MaximizeWindow] successfully performed. With the following test data [New screen size is now: (1176, 811)]. @16-11-2021 08:04:47.0066 AM
[ReportManager] Target URL: [https://duckduckgo.com] @16-11-2021 08:04:47.0066 AM
[ReportManager] Initial URL: [] @16-11-2021 08:04:47.0145 AM
[ReportManager] Browser Action [NavigateToURL] successfully performed. With the following test data [https://duckduckgo.com]. @16-11-2021 08:04:48.0011 A

################################################################################################################################################
Starting Execution:	[18 out of 146] test cases in the current suite
Test Method:		[unitTests.tests_browserActions.refreshCurrentPage]
################################################################################################################################################
[ReportManager] Browser Action [RefreshCurrentPage] successfully performed. @16-11-2021 08:04:48.0380 AM
[ReportManager] Successfully created attachment [Browser Action Test Data - RefreshCurrentPage - Actual Value] @16-11-2021 08:04:48.0386 A
[ReportManager] Target URL: [https://duckduckgo.com] @16-11-2021 08:04:48.0408 AM
[ReportManager] Initial URL: [https://duckduckgo.com] @16-11-2021 08:04:48.0452 AM
[ReportManager] Browser Action [NavigateToURL] successfully performed. With the following test data [https://duckduckgo.com]. @16-11-2021 08:04:48.0806 AM
[ReportManager] Browser Action [CloseCurrentWindow] successfully performed. @16-11-2021 08:04:48.0916 AM
[ReportManager] Successfully created attachment [Browser Action Test Data - CloseCurrentWindow - Actual Value] @16-11-2021 08:04:48.0927 A
[ReportManager] File Action [GetAbsolutePath] successfully performed. With the following test data [Relative Folder Path: "target/downloadedFiles/"]. @16-11-2021 08:04:48.0950 AM
[ReportManager] Attempting to run locally on: [Mac-64], [Safari], Headless Execution. @16-11-2021 08:04:48.0951 AM
[ReportManager] Successfully Opened Safari. @16-11-2021 08:04:49.0795 AM
[ReportManager] Initial window size: (800, 600) @16-11-2021 08:04:49.0837 AM
[ReportManager] Window size after SWD Maximize: (1176, 811) @16-11-2021 08:04:49.0856 AM
[ReportManager] Browser Action [MaximizeWindow] successfully performed. With the following test data [New screen size is now: (1176, 811)]. @16-11-2021 08:04:49.0857 AM
[ReportManager] Target URL: [https://duckduckgo.com] @16-11-2021 08:04:49.0857 AM
[ReportManager] Initial URL: [] @16-11-2021 08:04:49.0932 AM
[ReportManager] Browser Action [NavigateToURL] successfully performed. With the following test data [https://duckduckgo.com]. @16-11-2021 08:04:50.0770 A

################################################################################################################################################
Starting Execution:	[19 out of 146] test cases in the current suite
Test Method:		[unitTests.tests_browserActions.setWindowSize]
################################################################################################################################################
[ReportManager] Initial window size: (1176, 811) @16-11-2021 08:04:50.0796 AM
[ReportManager] Window size after SWD: (1280, 720) @16-11-2021 08:04:50.0864 AM
[ReportManager] Browser Action [SetWindowSize] successfully performed. With the following test data [New screen size is now: (1280, 720)]. @16-11-2021 08:04:50.0864 A
[ReportManager] Target URL: [https://duckduckgo.com] @16-11-2021 08:04:50.0890 AM
[ReportManager] Initial URL: [https://duckduckgo.com] @16-11-2021 08:04:50.0949 AM
[ReportManager] Browser Action [NavigateToURL] successfully performed. With the following test data [https://duckduckgo.com]. @16-11-2021 08:04:51.0383 AM
[ReportManager] Browser Action [CloseCurrentWindow] successfully performed. @16-11-2021 08:04:51.0680 AM
[ReportManager] Successfully created attachment [Browser Action Test Data - CloseCurrentWindow - Actual Value] @16-11-2021 08:04:51.0686 A
[ReportManager] Successfully loaded the following test data file [src/test/resources/TestDataFiles/testSuite01/TestData.xlsx]. @16-11-2021 08:04:52.0716 AM
[ReportManager] Successfully created attachment [Test Data - Excel] @16-11-2021 08:04:52.0727 A

################################################################################################################################################
Starting Execution:	[20 out of 146] test cases in the current suite
Test Method:		[unitTests.tests_io_excelFileManager.getCellData_rowName_expectedToPass]
################################################################################################################################################
[ReportManager] testRowData. @16-11-2021 08:04:52.0754 A

################################################################################################################################################
Starting Execution:	[21 out of 146] test cases in the current suite
Test Method:		[unitTests.tests_validations_assertions.assertComparativeRelation_greaterThanOrEquals_false_equals_expectedToFail]
################################################################################################################################################
[ReportManager] Assertion [ValidateComparativeRelation] FAILED. Expected [1] and Actual [1]. Comparison Type [GREATER_THAN_OR_EQUALS]. Validation Type [NEGATIVE]. @16-11-2021 08:04:52.0767 A

################################################################################################################################################
Starting Execution:	[22 out of 146] test cases in the current suite
Test Method:		[unitTests.tests_validations_assertions.assertComparativeRelation_greaterThanOrEquals_false_equals_expectedToPass]
################################################################################################################################################
[ReportManager] Assertion [ValidateComparativeRelation] PASSED. Expected [2] and Actual [1]. Comparison Type [GREATER_THAN_OR_EQUALS]. Validation Type [NEGATIVE]. @16-11-2021 08:04:52.0792 A

################################################################################################################################################
Starting Execution:	[23 out of 146] test cases in the current suite
Test Method:		[unitTests.tests_validations_assertions.assertComparativeRelation_greaterThanOrEquals_false_greaterThan_expectedToFail]
################################################################################################################################################
[ReportManager] Assertion [ValidateComparativeRelation] FAILED. Expected [1] and Actual [2]. Comparison Type [GREATER_THAN_OR_EQUALS]. Validation Type [NEGATIVE]. @16-11-2021 08:04:52.0797 A

################################################################################################################################################
Starting Execution:	[24 out of 146] test cases in the current suite
Test Method:		[unitTests.tests_validations_assertions.assertComparativeRelation_greaterThanOrEquals_false_greaterThan_expectedToPass]
################################################################################################################################################
[ReportManager] Assertion [ValidateComparativeRelation] PASSED. Expected [2] and Actual [1]. Comparison Type [GREATER_THAN_OR_EQUALS]. Validation Type [NEGATIVE]. @16-11-2021 08:04:52.0805 A

################################################################################################################################################
Starting Execution:	[25 out of 146] test cases in the current suite
Test Method:		[unitTests.tests_validations_assertions.assertComparativeRelation_greaterThanOrEquals_true_equals_expectedToFail]
################################################################################################################################################
[ReportManager] Assertion [ValidateComparativeRelation] FAILED. Expected [1] and Actual [0]. Comparison Type [GREATER_THAN_OR_EQUALS]. Validation Type [POSITIVE]. @16-11-2021 08:04:52.0814 A

################################################################################################################################################
Starting Execution:	[26 out of 146] test cases in the current suite
Test Method:		[unitTests.tests_validations_assertions.assertComparativeRelation_greaterThanOrEquals_true_equals_expectedToPass]
################################################################################################################################################
[ReportManager] Assertion [ValidateComparativeRelation] PASSED. Expected [1] and Actual [1]. Comparison Type [GREATER_THAN_OR_EQUALS]. Validation Type [POSITIVE]. @16-11-2021 08:04:52.0819 A

################################################################################################################################################
Starting Execution:	[27 out of 146] test cases in the current suite
Test Method:		[unitTests.tests_validations_assertions.assertComparativeRelation_greaterThanOrEquals_true_greaterThan_expectedToFail]
################################################################################################################################################
[ReportManager] Assertion [ValidateComparativeRelation] FAILED. Expected [2] and Actual [1]. Comparison Type [GREATER_THAN_OR_EQUALS]. Validation Type [POSITIVE]. @16-11-2021 08:04:52.0853 A

################################################################################################################################################
Starting Execution:	[28 out of 146] test cases in the current suite
Test Method:		[unitTests.tests_validations_assertions.assertComparativeRelation_greaterThanOrEquals_true_greaterThan_expectedToPass]
################################################################################################################################################
[ReportManager] Assertion [ValidateComparativeRelation] PASSED. Expected [1] and Actual [2]. Comparison Type [GREATER_THAN_OR_EQUALS]. Validation Type [POSITIVE]. @16-11-2021 08:04:52.0857 A
[ReportManager] File Action [GetAbsolutePath] successfully performed. With the following test data [Relative Folder Path: "target/downloadedFiles/"]. @16-11-2021 08:04:52.0860 AM
[ReportManager] Attempting to run locally on: [Mac-64], [Safari], Headless Execution. @16-11-2021 08:04:52.0861 AM
[ReportManager] Successfully Opened Safari. @16-11-2021 08:04:53.0702 AM
[ReportManager] Initial window size: (800, 600) @16-11-2021 08:04:53.0726 AM
[ReportManager] Window size after SWD Maximize: (1176, 811) @16-11-2021 08:04:53.0791 AM
[ReportManager] Browser Action [MaximizeWindow] successfully performed. With the following test data [New screen size is now: (1176, 811)]. @16-11-2021 08:04:53.0791 AM
[ReportManager] Target URL: [https://www.google.com/ncr], and after redirection: [www.google.com] @16-11-2021 08:04:53.0791 AM
[ReportManager] Initial URL: [] @16-11-2021 08:04:53.0828 AM
[ReportManager] Browser Action [NavigateToURL] successfully performed. With the following test data [https://www.google.com/ncr]. @16-11-2021 08:04:55.0269 A

################################################################################################################################################
Starting Execution:	[29 out of 146] test cases in the current suite
Test Method:		[unitTests.tests_validations_assertions.assertElementAttribute_false_caseInsensitiveComparison_expectedToFail]
################################################################################################################################################
[ReportManager] Element Action [Type] successfully performed. With the following test data [AUTOMATION]. @16-11-2021 08:04:55.0573 AM
[ReportManager] Element Action [GetText] successfully performed. With the following test data [AUTOMATION]. @16-11-2021 08:04:55.0678 AM
[ReportManager] Loaded Shared OpenCV @16-11-2021 08:04:57.0036 AM
[ReportManager] Assertion [ValidateElementAttribute] FAILED. Expected [Value Should not be 'AutomaTion' for the 'text' attribute, element locator 'By.name: q'] and Actual [AUTOMATION]. Comparison Type [CASE_INSENSITIVE]. Validation Type [NEGATIVE]. @16-11-2021 08:04:57.0368 AM
[ReportManager] Successfully created attachment [Screenshot - 1637049895752_assertElementAttribute_false_caseInsensitiveComparison_expectedToFail_ValidateElementAttribute_failed] @16-11-2021 08:04:57.0384 A
[ReportManager] Browser Action [CloseCurrentWindow] successfully performed. @16-11-2021 08:04:57.0709 AM
[ReportManager] Successfully created attachment [Browser Action Test Data - CloseCurrentWindow - Actual Value] @16-11-2021 08:04:57.0716 A
[ReportManager] File Action [GetAbsolutePath] successfully performed. With the following test data [Relative Folder Path: "target/downloadedFiles/"]. @16-11-2021 08:04:57.0731 AM
[ReportManager] Attempting to run locally on: [Mac-64], [Safari], Headless Execution. @16-11-2021 08:04:57.0731 AM
[ReportManager] Successfully Opened Safari. @16-11-2021 08:04:58.0487 AM
[ReportManager] Initial window size: (800, 600) @16-11-2021 08:04:58.0537 AM
[ReportManager] Window size after SWD Maximize: (1176, 811) @16-11-2021 08:04:58.0554 AM
[ReportManager] Browser Action [MaximizeWindow] successfully performed. With the following test data [New screen size is now: (1176, 811)]. @16-11-2021 08:04:58.0555 AM
[ReportManager] Target URL: [https://www.google.com/ncr], and after redirection: [www.google.com] @16-11-2021 08:04:58.0555 AM
[ReportManager] Initial URL: [] @16-11-2021 08:04:58.0615 AM
[ReportManager] Browser Action [NavigateToURL] successfully performed. With the following test data [https://www.google.com/ncr]. @16-11-2021 08:04:59.0900 A

################################################################################################################################################
Starting Execution:	[30 out of 146] test cases in the current suite
Test Method:		[unitTests.tests_validations_assertions.assertElementAttribute_false_caseInsensitiveComparison_expectedToPass]
################################################################################################################################################
[ReportManager] Element Action [Type] successfully performed. With the following test data [AUTOMATION]. @16-11-2021 08:05:00.0274 AM
[ReportManager] Element Action [GetText] successfully performed. With the following test data [AUTOMATION]. @16-11-2021 08:05:00.0385 AM
[ReportManager] Loaded Shared OpenCV @16-11-2021 08:05:00.0446 AM
[ReportManager] Assertion [ValidateElementAttribute] PASSED. Expected [Value Should not be 'AutomaTion123' for the 'text' attribute, element locator 'By.name: q'] and Actual [AUTOMATION]. Comparison Type [CASE_INSENSITIVE]. Validation Type [NEGATIVE]. @16-11-2021 08:05:00.0573 AM
[ReportManager] Successfully created attachment [Screenshot - 1637049900446_assertElementAttribute_false_caseInsensitiveComparison_expectedToPass_ValidateElementAttribute_passed] @16-11-2021 08:05:00.0578 A
[ReportManager] Browser Action [CloseCurrentWindow] successfully performed. @16-11-2021 08:05:00.0916 AM
[ReportManager] Successfully created attachment [Browser Action Test Data - CloseCurrentWindow - Actual Value] @16-11-2021 08:05:00.0922 A
[ReportManager] File Action [GetAbsolutePath] successfully performed. With the following test data [Relative Folder Path: "target/downloadedFiles/"]. @16-11-2021 08:05:00.0944 AM
[ReportManager] Attempting to run locally on: [Mac-64], [Safari], Headless Execution. @16-11-2021 08:05:00.0944 A

################################################################################################################################################
Starting Execution:	[31 out of 146] test cases in the current suite
Test Method:		[unitTests.tests_validations_assertions.assertElementAttribute_false_containsComparison_expectedToFail]
###############################################################################################################################################



################################################################################################################################################
Starting Execution:	[32 out of 146] test cases in the current suite
Test Method:		[unitTests.tests_validations_assertions.assertElementAttribute_false_containsComparison_expectedToPass]
###############################################################################################################################################



################################################################################################################################################
Starting Execution:	[33 out of 146] test cases in the current suite
Test Method:		[unitTests.tests_validations_assertions.assertElementAttribute_false_literalComparison_expectedToFail]
###############################################################################################################################################



################################################################################################################################################
Starting Execution:	[34 out of 146] test cases in the current suite
Test Method:		[unitTests.tests_validations_assertions.assertElementAttribute_false_literalComparison_expectedToPass]
###############################################################################################################################################



################################################################################################################################################
Starting Execution:	[35 out of 146] test cases in the current suite
Test Method:		[unitTests.tests_validations_assertions.assertElementAttribute_false_regexComparison_expectedToFail]
###############################################################################################################################################



################################################################################################################################################
Starting Execution:	[36 out of 146] test cases in the current suite
Test Method:		[unitTests.tests_validations_assertions.assertElementAttribute_false_regexComparison_expectedToPass]
###############################################################################################################################################



################################################################################################################################################
Starting Execution:	[37 out of 146] test cases in the current suite
Test Method:		[unitTests.tests_validations_assertions.assertElementAttribute_true_caseInsensitiveComparison_expectedToFail]
###############################################################################################################################################



################################################################################################################################################
Starting Execution:	[38 out of 146] test cases in the current suite
Test Method:		[unitTests.tests_validations_assertions.assertElementAttribute_true_caseInsensitiveComparison_expectedToPass]
###############################################################################################################################################



################################################################################################################################################
Starting Execution:	[39 out of 146] test cases in the current suite
Test Method:		[unitTests.tests_validations_assertions.assertElementAttribute_true_containsComparison_expectedToFail]
###############################################################################################################################################



################################################################################################################################################
Starting Execution:	[40 out of 146] test cases in the current suite
Test Method:		[unitTests.tests_validations_assertions.assertElementAttribute_true_containsComparison_expectedToPass]
###############################################################################################################################################



################################################################################################################################################
Starting Execution:	[41 out of 146] test cases in the current suite
Test Method:		[unitTests.tests_validations_assertions.assertElementAttribute_true_literalComparison_expectedToFail]
###############################################################################################################################################



################################################################################################################################################
Starting Execution:	[42 out of 146] test cases in the current suite
Test Method:		[unitTests.tests_validations_assertions.assertElementAttribute_true_literalComparison_expectedToPass]
###############################################################################################################################################



################################################################################################################################################
Starting Execution:	[43 out of 146] test cases in the current suite
Test Method:		[unitTests.tests_validations_assertions.assertElementAttribute_true_regexComparison_expectedToFail]
###############################################################################################################################################



################################################################################################################################################
Starting Execution:	[44 out of 146] test cases in the current suite
Test Method:		[unitTests.tests_validations_assertions.assertElementAttribute_true_regexComparison_expectedToPass]
###############################################################################################################################################



################################################################################################################################################
Starting Execution:	[45 out of 146] test cases in the current suite
Test Method:		[unitTests.tests_validations_assertions.assertElementAttribute_type_true_literalComparison_expectedToPass]
###############################################################################################################################################



################################################################################################################################################
Starting Execution:	[46 out of 146] test cases in the current suite
Test Method:		[unitTests.tests_validations_assertions.assertElementExists_false_expectedToFail]
###############################################################################################################################################



################################################################################################################################################
Starting Execution:	[47 out of 146] test cases in the current suite
Test Method:		[unitTests.tests_validations_assertions.assertElementExists_false_expectedToPass]
###############################################################################################################################################



################################################################################################################################################
Starting Execution:	[48 out of 146] test cases in the current suite
Test Method:		[unitTests.tests_validations_assertions.assertElementExists_false_multipleElementsFound_expectedToFail]
###############################################################################################################################################



################################################################################################################################################
Starting Execution:	[49 out of 146] test cases in the current suite
Test Method:		[unitTests.tests_validations_assertions.assertElementExists_true_expectedToFail]
###############################################################################################################################################



################################################################################################################################################
Starting Execution:	[50 out of 146] test cases in the current suite
Test Method:		[unitTests.tests_validations_assertions.assertElementExists_true_expectedToPass]
###############################################################################################################################################



################################################################################################################################################
Starting Execution:	[51 out of 146] test cases in the current suite
Test Method:		[unitTests.tests_validations_assertions.assertElementExists_true_multipleElementsFound_expectedToFail]
###############################################################################################################################################


################################################################################################################################################
Starting Execution:	[52 out of 146] test cases in the current suite
Test Method:		[unitTests.tests_validations_assertions.assertEquals_false_expectedToFail]
###############################################################################################################################################

################################################################################################################################################
Starting Execution:	[53 out of 146] test cases in the current suite
Test Method:		[unitTests.tests_validations_assertions.assertEquals_false_expectedToPass]
###############################################################################################################################################

################################################################################################################################################
Starting Execution:	[54 out of 146] test cases in the current suite
Test Method:		[unitTests.tests_validations_assertions.assertEquals_longCharacters]
###############################################################################################################################################

################################################################################################################################################
Starting Execution:	[55 out of 146] test cases in the current suite
Test Method:		[unitTests.tests_validations_assertions.assertEquals_longCharacters_Discreet]
###############################################################################################################################################

################################################################################################################################################
Starting Execution:	[56 out of 146] test cases in the current suite
Test Method:		[unitTests.tests_validations_assertions.assertEquals_true_expectedToFail]
###############################################################################################################################################

################################################################################################################################################
Starting Execution:	[57 out of 146] test cases in the current suite
Test Method:		[unitTests.tests_validations_assertions.assertEquals_true_expectedToPass]
Test Description:	[Assert that assertEquals works as expected when the two values are equal.]
###############################################################################################################################################

################################################################################################################################################
Starting Execution:	[58 out of 146] test cases in the current suite
Test Method:		[unitTests.tests_validations_assertions.assertEquals_true_expectedToPass__]
###############################################################################################################################################

################################################################################################################################################
Starting Execution:	[59 out of 146] test cases in the current suite
Test Method:		[unitTests.tests_validations_assertions.assertFileExists_false_expectedToFail]
###############################################################################################################################################

################################################################################################################################################
Starting Execution:	[60 out of 146] test cases in the current suite
Test Method:		[unitTests.tests_validations_assertions.assertFileExists_false_expectedToPass]
###############################################################################################################################################

################################################################################################################################################
Starting Execution:	[61 out of 146] test cases in the current suite
Test Method:		[unitTests.tests_validations_assertions.assertFileExists_true_expectedToFail]
###############################################################################################################################################

################################################################################################################################################
Starting Execution:	[62 out of 146] test cases in the current suite
Test Method:		[unitTests.tests_validations_assertions.assertFileExists_true_expectedToPass]
###############################################################################################################################################

################################################################################################################################################
Starting Execution:	[63 out of 146] test cases in the current suite
Test Method:		[unitTests.tests_validations_assertions.assertNull_false_expectedToFail]
###############################################################################################################################################

################################################################################################################################################
Starting Execution:	[64 out of 146] test cases in the current suite
Test Method:		[unitTests.tests_validations_assertions.assertNull_false_expectedToPass]
###############################################################################################################################################

################################################################################################################################################
Starting Execution:	[65 out of 146] test cases in the current suite
Test Method:		[unitTests.tests_validations_assertions.assertNull_true_expectedToFail]
###############################################################################################################################################

################################################################################################################################################
Starting Execution:	[66 out of 146] test cases in the current suite
Test Method:		[unitTests.tests_validations_assertions.assertNull_true_expectedToPass]
###############################################################################################################################################

################################################################################################################################################
Starting Execution:	[67 out of 146] test cases in the current suite
Test Method:		[unitTests.tests_restActions.getPostsAndAssertBodyForSpecificTitle]
################################################################################################################################################
[ReportManager] Response status code: [200], status line: [HTTP/1.1 200 OK] @16-11-2021 08:05:04.0462 AM
[ReportManager] Assertion Passed: Evaluating the actual response status code against the expected one... @16-11-2021 08:05:04.0467 AM
[ReportManager] Assertion [ValidateComparativeRelation] PASSED. Expected [200] and Actual [200]. Comparison Type [EQUALS]. Validation Type [POSITIVE]. @16-11-2021 08:05:04.0467 AM
[ReportManager] API Action [PerformRequest] successfully performed. With the following test data [Request Type: "GET" | Target Status Code: "200" | Service URL: "https://jsonplaceholder.typicode.com/posts" | Content Type: "*/*" | Response Time: "800ms"]. @16-11-2021 08:05:05.0758 AM
[ReportManager] Successfully created attachment [API Request - Specifications] @16-11-2021 08:05:05.0765 AM
[ReportManager] Successfully created attachment [API Response - JSON Body] @16-11-2021 08:05:06.0020 AM
[ReportManager] API Action [GetResponseJSONValueAsList] successfully performed. @16-11-2021 08:05:06.0047 AM
[ReportManager] API Action [GetResponseJSONValue] successfully performed. With the following test data [title]. @16-11-2021 08:05:06.0070 AM
[ReportManager] API Action [GetResponseJSONValue] successfully performed. With the following test data [title]. @16-11-2021 08:05:06.0085 AM
[ReportManager] API Action [GetResponseJSONValue] successfully performed. With the following test data [body]. @16-11-2021 08:05:06.0100 AM
[ReportManager] Assertion [ValidateEquals] PASSED. Expected [qui neque nisi nulla] and Actual [est rerum tempore vitae
sequi sint nihil reprehenderit dolor beatae ea dolores neque
fugiat blanditiis voluptate porro vel nihil molestiae ut reiciendis
qui aperiam non debitis possimus qui neque nisi nulla]. Comparison Type [CONTAINS]. Validation Type [POSITIVE]. @16-11-2021 08:05:06.0100 AM
[ReportManager] API Action [GetResponseJSONValue] successfully performed. With the following test data [title]. @16-11-2021 08:05:06.0118 AM
[ReportManager] API Action [GetResponseJSONValue] successfully performed. With the following test data [title]. @16-11-2021 08:05:06.0132 AM
[ReportManager] API Action [GetResponseJSONValue] successfully performed. With the following test data [title]. @16-11-2021 08:05:06.0145 AM
[ReportManager] API Action [GetResponseJSONValue] successfully performed. With the following test data [title]. @16-11-2021 08:05:06.0163 AM
[ReportManager] API Action [GetResponseJSONValue] successfully performed. With the following test data [title]. @16-11-2021 08:05:06.0179 AM
[ReportManager] API Action [GetResponseJSONValue] successfully performed. With the following test data [title]. @16-11-2021 08:05:06.0199 AM
[ReportManager] API Action [GetResponseJSONValue] successfully performed. With the following test data [title]. @16-11-2021 08:05:06.0214 AM
[ReportManager] API Action [GetResponseJSONValue] successfully performed. With the following test data [title]. @16-11-2021 08:05:06.0228 AM
[ReportManager] API Action [GetResponseJSONValue] successfully performed. With the following test data [title]. @16-11-2021 08:05:06.0243 AM
[ReportManager] API Action [GetResponseJSONValue] successfully performed. With the following test data [title]. @16-11-2021 08:05:06.0258 AM
[ReportManager] API Action [GetResponseJSONValue] successfully performed. With the following test data [title]. @16-11-2021 08:05:06.0296 AM
[ReportManager] API Action [GetResponseJSONValue] successfully performed. With the following test data [title]. @16-11-2021 08:05:06.0313 AM
[ReportManager] API Action [GetResponseJSONValue] successfully performed. With the following test data [title]. @16-11-2021 08:05:06.0328 AM
[ReportManager] API Action [GetResponseJSONValue] successfully performed. With the following test data [title]. @16-11-2021 08:05:06.0342 AM
[ReportManager] API Action [GetResponseJSONValue] successfully performed. With the following test data [title]. @16-11-2021 08:05:06.0357 AM
[ReportManager] API Action [GetResponseJSONValue] successfully performed. With the following test data [title]. @16-11-2021 08:05:06.0377 AM
[ReportManager] API Action [GetResponseJSONValue] successfully performed. With the following test data [title]. @16-11-2021 08:05:06.0394 AM
[ReportManager] API Action [GetResponseJSONValue] successfully performed. With the following test data [title]. @16-11-2021 08:05:06.0412 AM
[ReportManager] API Action [GetResponseJSONValue] successfully performed. With the following test data [title]. @16-11-2021 08:05:06.0443 AM
[ReportManager] API Action [GetResponseJSONValue] successfully performed. With the following test data [title]. @16-11-2021 08:05:06.0459 AM
[ReportManager] API Action [GetResponseJSONValue] successfully performed. With the following test data [title]. @16-11-2021 08:05:06.0474 AM
[ReportManager] API Action [GetResponseJSONValue] successfully performed. With the following test data [title]. @16-11-2021 08:05:06.0491 AM
[ReportManager] API Action [GetResponseJSONValue] successfully performed. With the following test data [title]. @16-11-2021 08:05:06.0507 AM
[ReportManager] API Action [GetResponseJSONValue] successfully performed. With the following test data [title]. @16-11-2021 08:05:06.0525 AM
[ReportManager] API Action [GetResponseJSONValue] successfully performed. With the following test data [title]. @16-11-2021 08:05:06.0542 AM
[ReportManager] API Action [GetResponseJSONValue] successfully performed. With the following test data [title]. @16-11-2021 08:05:06.0556 AM
[ReportManager] API Action [GetResponseJSONValue] successfully performed. With the following test data [title]. @16-11-2021 08:05:06.0572 AM
[ReportManager] API Action [GetResponseJSONValue] successfully performed. With the following test data [title]. @16-11-2021 08:05:06.0590 AM
[ReportManager] API Action [GetResponseJSONValue] successfully performed. With the following test data [title]. @16-11-2021 08:05:06.0605 AM
[ReportManager] API Action [GetResponseJSONValue] successfully performed. With the following test data [title]. @16-11-2021 08:05:06.0624 AM
[ReportManager] API Action [GetResponseJSONValue] successfully performed. With the following test data [title]. @16-11-2021 08:05:06.0645 AM
[ReportManager] API Action [GetResponseJSONValue] successfully performed. With the following test data [title]. @16-11-2021 08:05:06.0666 AM
[ReportManager] API Action [GetResponseJSONValue] successfully performed. With the following test data [title]. @16-11-2021 08:05:06.0677 AM
[ReportManager] API Action [GetResponseJSONValue] successfully performed. With the following test data [title]. @16-11-2021 08:05:06.0692 AM
[ReportManager] API Action [GetResponseJSONValue] successfully performed. With the following test data [title]. @16-11-2021 08:05:06.0709 AM
[ReportManager] API Action [GetResponseJSONValue] successfully performed. With the following test data [title]. @16-11-2021 08:05:06.0721 AM
[ReportManager] API Action [GetResponseJSONValue] successfully performed. With the following test data [title]. @16-11-2021 08:05:06.0732 AM
[ReportManager] API Action [GetResponseJSONValue] successfully performed. With the following test data [title]. @16-11-2021 08:05:06.0744 AM
[ReportManager] API Action [GetResponseJSONValue] successfully performed. With the following test data [title]. @16-11-2021 08:05:06.0756 AM
[ReportManager] API Action [GetResponseJSONValue] successfully performed. With the following test data [title]. @16-11-2021 08:05:06.0769 AM
[ReportManager] API Action [GetResponseJSONValue] successfully performed. With the following test data [title]. @16-11-2021 08:05:06.0781 AM
[ReportManager] API Action [GetResponseJSONValue] successfully performed. With the following test data [title]. @16-11-2021 08:05:06.0794 AM
[ReportManager] API Action [GetResponseJSONValue] successfully performed. With the following test data [title]. @16-11-2021 08:05:06.0806 AM
[ReportManager] API Action [GetResponseJSONValue] successfully performed. With the following test data [title]. @16-11-2021 08:05:06.0816 AM
[ReportManager] API Action [GetResponseJSONValue] successfully performed. With the following test data [title]. @16-11-2021 08:05:06.0827 AM
[ReportManager] API Action [GetResponseJSONValue] successfully performed. With the following test data [title]. @16-11-2021 08:05:06.0842 AM
[ReportManager] API Action [GetResponseJSONValue] successfully performed. With the following test data [title]. @16-11-2021 08:05:06.0855 AM
[ReportManager] API Action [GetResponseJSONValue] successfully performed. With the following test data [title]. @16-11-2021 08:05:06.0872 AM
[ReportManager] API Action [GetResponseJSONValue] successfully performed. With the following test data [title]. @16-11-2021 08:05:06.0885 AM
[ReportManager] API Action [GetResponseJSONValue] successfully performed. With the following test data [title]. @16-11-2021 08:05:06.0898 AM
[ReportManager] API Action [GetResponseJSONValue] successfully performed. With the following test data [title]. @16-11-2021 08:05:06.0915 AM
[ReportManager] API Action [GetResponseJSONValue] successfully performed. With the following test data [title]. @16-11-2021 08:05:06.0926 AM
[ReportManager] API Action [GetResponseJSONValue] successfully performed. With the following test data [title]. @16-11-2021 08:05:06.0942 AM
[ReportManager] API Action [GetResponseJSONValue] successfully performed. With the following test data [title]. @16-11-2021 08:05:06.0953 AM
[ReportManager] API Action [GetResponseJSONValue] successfully performed. With the following test data [title]. @16-11-2021 08:05:06.0965 AM
[ReportManager] API Action [GetResponseJSONValue] successfully performed. With the following test data [title]. @16-11-2021 08:05:06.0984 AM
[ReportManager] API Action [GetResponseJSONValue] successfully performed. With the following test data [title]. @16-11-2021 08:05:06.0997 AM
[ReportManager] API Action [GetResponseJSONValue] successfully performed. With the following test data [title]. @16-11-2021 08:05:07.0009 AM
[ReportManager] API Action [GetResponseJSONValue] successfully performed. With the following test data [title]. @16-11-2021 08:05:07.0021 AM
[ReportManager] API Action [GetResponseJSONValue] successfully performed. With the following test data [title]. @16-11-2021 08:05:07.0054 AM
[ReportManager] API Action [GetResponseJSONValue] successfully performed. With the following test data [title]. @16-11-2021 08:05:07.0065 AM
[ReportManager] API Action [GetResponseJSONValue] successfully performed. With the following test data [title]. @16-11-2021 08:05:07.0080 AM
[ReportManager] API Action [GetResponseJSONValue] successfully performed. With the following test data [title]. @16-11-2021 08:05:07.0100 AM
[ReportManager] API Action [GetResponseJSONValue] successfully performed. With the following test data [title]. @16-11-2021 08:05:07.0114 AM
[ReportManager] API Action [GetResponseJSONValue] successfully performed. With the following test data [title]. @16-11-2021 08:05:07.0128 AM
[ReportManager] API Action [GetResponseJSONValue] successfully performed. With the following test data [title]. @16-11-2021 08:05:07.0139 AM
[ReportManager] API Action [GetResponseJSONValue] successfully performed. With the following test data [title]. @16-11-2021 08:05:07.0152 AM
[ReportManager] API Action [GetResponseJSONValue] successfully performed. With the following test data [title]. @16-11-2021 08:05:07.0163 AM
[ReportManager] API Action [GetResponseJSONValue] successfully performed. With the following test data [title]. @16-11-2021 08:05:07.0176 AM
[ReportManager] API Action [GetResponseJSONValue] successfully performed. With the following test data [title]. @16-11-2021 08:05:07.0188 AM
[ReportManager] API Action [GetResponseJSONValue] successfully performed. With the following test data [title]. @16-11-2021 08:05:07.0199 AM
[ReportManager] API Action [GetResponseJSONValue] successfully performed. With the following test data [title]. @16-11-2021 08:05:07.0214 AM
[ReportManager] API Action [GetResponseJSONValue] successfully performed. With the following test data [title]. @16-11-2021 08:05:07.0225 AM
[ReportManager] API Action [GetResponseJSONValue] successfully performed. With the following test data [title]. @16-11-2021 08:05:07.0236 AM
[ReportManager] API Action [GetResponseJSONValue] successfully performed. With the following test data [title]. @16-11-2021 08:05:07.0248 AM
[ReportManager] API Action [GetResponseJSONValue] successfully performed. With the following test data [title]. @16-11-2021 08:05:07.0263 AM
[ReportManager] API Action [GetResponseJSONValue] successfully performed. With the following test data [title]. @16-11-2021 08:05:07.0277 AM
[ReportManager] API Action [GetResponseJSONValue] successfully performed. With the following test data [title]. @16-11-2021 08:05:07.0290 AM
[ReportManager] API Action [GetResponseJSONValue] successfully performed. With the following test data [title]. @16-11-2021 08:05:07.0301 AM
[ReportManager] API Action [GetResponseJSONValue] successfully performed. With the following test data [title]. @16-11-2021 08:05:07.0312 AM
[ReportManager] API Action [GetResponseJSONValue] successfully performed. With the following test data [title]. @16-11-2021 08:05:07.0324 AM
[ReportManager] API Action [GetResponseJSONValue] successfully performed. With the following test data [title]. @16-11-2021 08:05:07.0337 AM
[ReportManager] API Action [GetResponseJSONValue] successfully performed. With the following test data [title]. @16-11-2021 08:05:07.0348 AM
[ReportManager] API Action [GetResponseJSONValue] successfully performed. With the following test data [title]. @16-11-2021 08:05:07.0361 AM
[ReportManager] API Action [GetResponseJSONValue] successfully performed. With the following test data [title]. @16-11-2021 08:05:07.0373 AM
[ReportManager] API Action [GetResponseJSONValue] successfully performed. With the following test data [title]. @16-11-2021 08:05:07.0385 AM
[ReportManager] API Action [GetResponseJSONValue] successfully performed. With the following test data [title]. @16-11-2021 08:05:07.0396 AM
[ReportManager] API Action [GetResponseJSONValue] successfully performed. With the following test data [title]. @16-11-2021 08:05:07.0406 AM
[ReportManager] API Action [GetResponseJSONValue] successfully performed. With the following test data [title]. @16-11-2021 08:05:07.0417 AM
[ReportManager] API Action [GetResponseJSONValue] successfully performed. With the following test data [title]. @16-11-2021 08:05:07.0427 AM
[ReportManager] API Action [GetResponseJSONValue] successfully performed. With the following test data [title]. @16-11-2021 08:05:07.0438 AM
[ReportManager] API Action [GetResponseJSONValue] successfully performed. With the following test data [title]. @16-11-2021 08:05:07.0452 AM
[ReportManager] API Action [GetResponseJSONValue] successfully performed. With the following test data [title]. @16-11-2021 08:05:07.0468 AM
[ReportManager] API Action [GetResponseJSONValue] successfully performed. With the following test data [title]. @16-11-2021 08:05:07.0480 AM
[ReportManager] API Action [GetResponseJSONValue] successfully performed. With the following test data [title]. @16-11-2021 08:05:07.0491 AM
[ReportManager] API Action [GetResponseJSONValue] successfully performed. With the following test data [title]. @16-11-2021 08:05:07.0503 AM
[ReportManager] API Action [GetResponseJSONValue] successfully performed. With the following test data [title]. @16-11-2021 08:05:07.0515 AM
[ReportManager] API Action [GetResponseJSONValue] successfully performed. With the following test data [title]. @16-11-2021 08:05:07.0527 A

################################################################################################################################################
Starting Execution:	[68 out of 146] test cases in the current suite
Test Method:		[unitTests.tests_restActions.validateUserEmail]
################################################################################################################################################
[ReportManager] Response status code: [200], status line: [HTTP/1.1 200 OK] @16-11-2021 08:05:07.0610 AM
[ReportManager] Assertion Passed: Evaluating the actual response status code against the expected one... @16-11-2021 08:05:07.0611 AM
[ReportManager] Assertion [ValidateComparativeRelation] PASSED. Expected [200] and Actual [200]. Comparison Type [EQUALS]. Validation Type [POSITIVE]. @16-11-2021 08:05:07.0611 AM
[ReportManager] API Action [PerformRequest] successfully performed. With the following test data [Request Type: "GET" | Target Status Code: "200" | Service URL: "https://jsonplaceholder.typicode.com/users" | Content Type: "*/*" | Response Time: "54ms"]. @16-11-2021 08:05:07.0632 AM
[ReportManager] Successfully created attachment [API Request - Specifications] @16-11-2021 08:05:07.0638 AM
[ReportManager] Successfully created attachment [API Response - JSON Body] @16-11-2021 08:05:07.0651 AM
[ReportManager] Assertion [ValidateEquals] PASSED. Expected and Actual values are attached. Comparison Type [CONTAINS]. Validation Type [POSITIVE]. @16-11-2021 08:05:07.0651 AM
[ReportManager] Successfully created attachment [Validation Test Data - Expected Value] @16-11-2021 08:05:07.0657 AM
[ReportManager] Successfully created attachment [Validation Test Data - Actual Value] @16-11-2021 08:05:07.0669 AM
[ReportManager] API Action [GetResponseJSONValueAsList] successfully performed. With the following test data [$]. @16-11-2021 08:05:07.0677 AM
[ReportManager] API Action [GetResponseJSONValue] successfully performed. With the following test data [name]. @16-11-2021 08:05:07.0691 AM
[ReportManager] API Action [GetResponseJSONValue] successfully performed. With the following test data [email]. @16-11-2021 08:05:07.0704 AM
[ReportManager] Assertion [ValidateEquals] PASSED. Expected [Sincere@april.biz] and Actual [Sincere@april.biz]. Comparison Type [EQUALS]. Validation Type [POSITIVE]. @16-11-2021 08:05:07.0704 AM
[ReportManager] API Action [GetResponseJSONValue] successfully performed. With the following test data [name]. @16-11-2021 08:05:07.0738 AM
[ReportManager] API Action [GetResponseJSONValue] successfully performed. With the following test data [name]. @16-11-2021 08:05:07.0752 AM
[ReportManager] API Action [GetResponseJSONValue] successfully performed. With the following test data [name]. @16-11-2021 08:05:07.0766 AM
[ReportManager] API Action [GetResponseJSONValue] successfully performed. With the following test data [name]. @16-11-2021 08:05:07.0778 AM
[ReportManager] API Action [GetResponseJSONValue] successfully performed. With the following test data [name]. @16-11-2021 08:05:07.0791 AM
[ReportManager] API Action [GetResponseJSONValue] successfully performed. With the following test data [name]. @16-11-2021 08:05:07.0804 AM
[ReportManager] API Action [GetResponseJSONValue] successfully performed. With the following test data [name]. @16-11-2021 08:05:07.0820 AM
[ReportManager] API Action [GetResponseJSONValue] successfully performed. With the following test data [name]. @16-11-2021 08:05:07.0832 AM
[ReportManager] API Action [GetResponseJSONValue] successfully performed. With the following test data [name]. @16-11-2021 08:05:07.0844 A
[ReportManager] File Action [GetAbsolutePath] successfully performed. With the following test data [Relative Folder Path: "target/downloadedFiles/"]. @16-11-2021 08:05:07.0869 AM
[ReportManager] Attempting to run locally on: [Mac-64], [Safari], Headless Execution. @16-11-2021 08:05:07.0869 AM
[ReportManager] Successfully Opened Safari. @16-11-2021 08:05:08.0659 AM
[ReportManager] Initial window size: (800, 600) @16-11-2021 08:05:08.0680 AM
[ReportManager] Window size after SWD Maximize: (1176, 811) @16-11-2021 08:05:08.0693 AM
[ReportManager] Browser Action [MaximizeWindow] successfully performed. With the following test data [New screen size is now: (1176, 811)]. @16-11-2021 08:05:08.0694 A

################################################################################################################################################
Starting Execution:	[69 out of 146] test cases in the current suite
Test Method:		[testPackage01.Test_uploadFile.uploadFile_invisibleUploadInput]
################################################################################################################################################
[ReportManager] Target URL: [https://fineuploader.com/demos.html#gallery-view] @16-11-2021 08:05:08.0719 AM
[ReportManager] Initial URL: [] @16-11-2021 08:05:08.0785 AM
[ReportManager] Browser Action [NavigateToURL] successfully performed. With the following test data [https://fineuploader.com/demos.html#gallery-view]. @16-11-2021 08:05:10.0394 AM
[ReportManager] File Action [GetAbsolutePath] successfully performed. With the following test data [Relative File Path: "src/main/resources/images/shaft.png"]. @16-11-2021 08:05:10.0395 AM
[ReportManager] Successfully created attachment [File Action Actual Result - Command Log] @16-11-2021 08:05:10.0402 AM
[ReportManager] Element Action [TypeFileLocationForUpload] successfully performed. With the following test data [/Users/runner/work/SHAFT_ENGINE/SHAFT_ENGINE/src/main/resources/images/shaft.png]. @16-11-2021 08:05:10.0451 AM
[ReportManager] Attempting to getAttribute [src] from elementLocator [By.xpath: //div[@id='fine-uploader-gallery']//div[@class='qq-thumbnail-wrapper']/img]. @16-11-2021 08:05:10.0454 AM
[ReportManager] Element Action [GetAttribute] successfully performed. @16-11-2021 08:05:10.0616 AM
[ReportManager] Successfully created attachment [Element Action Test Data - GetAttribute - Actual Value] @16-11-2021 08:05:10.0622 AM
[ReportManager] Loaded Shared OpenCV @16-11-2021 08:05:10.0702 AM
[ReportManager] Assertion Passed: Then I Assert that the element found by [By.xpath: //div[@id='fine-uploader-gallery']//div[@class='qq-thumbnail-wrapper']/img] attribute [src] contains [data:image/png;base64]. @16-11-2021 08:05:10.0841 AM
[ReportManager] Successfully created attachment [Validation Test Data - Expected Value] @16-11-2021 08:05:10.0853 AM
[ReportManager] Successfully created attachment [Validation Test Data - Actual Value] @16-11-2021 08:05:10.0859 AM
[ReportManager] Successfully created attachment [Screenshot - 1637049910702_uploadFile_invisibleUploadInput_ValidateElementAttribute_passed] @16-11-2021 08:05:10.0873 AM
[ReportManager] Assertion [ValidateElementAttribute] PASSED. Expected and Actual values are attached. Comparison Type [CONTAINS]. Validation Type [POSITIVE]. @16-11-2021 08:05:10.0873 A
[ReportManager] Browser Action [CloseCurrentWindow] successfully performed. @16-11-2021 08:05:11.0170 AM
[ReportManager] Successfully created attachment [Browser Action Test Data - CloseCurrentWindow - Actual Value] @16-11-2021 08:05:11.0177 A
[ReportManager] File Action [GetAbsolutePath] successfully performed. With the following test data [Relative Folder Path: "target/downloadedFiles/"]. @16-11-2021 08:05:11.0198 AM
[ReportManager] Attempting to run locally on: [Mac-64], [Safari], Headless Execution. @16-11-2021 08:05:11.0198 AM
[ReportManager] Successfully Opened Safari. @16-11-2021 08:05:12.0097 AM
[ReportManager] Initial window size: (800, 600) @16-11-2021 08:05:12.0110 AM
[ReportManager] Window size after SWD Maximize: (1176, 811) @16-11-2021 08:05:12.0208 AM
[ReportManager] Browser Action [MaximizeWindow] successfully performed. With the following test data [New screen size is now: (1176, 811)]. @16-11-2021 08:05:12.0209 A

################################################################################################################################################
Starting Execution:	[70 out of 146] test cases in the current suite
Test Method:		[testPackage01.Test_uploadFile.uploadFile_visibleUploadInput]
################################################################################################################################################
[ReportManager] Target URL: [http://demo.guru99.com/test/upload/] @16-11-2021 08:05:12.0223 AM
[ReportManager] Initial URL: [] @16-11-2021 08:05:12.0300 AM
[ReportManager] Browser Action [NavigateToURL] successfully performed. With the following test data [http://demo.guru99.com/test/upload/]. @16-11-2021 08:05:13.0591 AM
[ReportManager] File Action [GetAbsolutePath] successfully performed. With the following test data [Relative Folder Path: "src/main/resources/images/shaft.png"]. @16-11-2021 08:05:13.0592 AM
[ReportManager] Element Action [TypeFileLocationForUpload] successfully performed. With the following test data [/Users/runner/work/SHAFT_ENGINE/SHAFT_ENGINE/src/main/resources/images/shaft.png]. @16-11-2021 08:05:13.0652 AM
[ReportManager] Element Action [Click] successfully performed. With the following test data [By.id: terms]. @16-11-2021 08:05:13.0858 AM
[ReportManager] Element Action [Click] successfully performed. With the following test data [By.id: submitbutton]. @16-11-2021 08:05:14.0130 AM
[ReportManager] Element Action [GetText] successfully performed. With the following test data [1 file has been successfully uploaded.]. @16-11-2021 08:05:15.0033 AM
[ReportManager] Loaded Shared OpenCV @16-11-2021 08:05:15.0104 AM
[ReportManager] Assertion Passed: Then I Assert that the element found by [By.id: res] attribute [Text] contains [1 file]. @16-11-2021 08:05:15.0243 AM
[ReportManager] Successfully created attachment [Screenshot - 1637049915104_uploadFile_visibleUploadInput_ValidateElementAttribute_passed] @16-11-2021 08:05:15.0265 AM
[ReportManager] Assertion [ValidateElementAttribute] PASSED. Expected [Value Should be '1 file' for the 'Text' attribute, element locator 'By.id: res'] and Actual [1 file has been successfully uploaded.]. Comparison Type [CONTAINS]. Validation Type [POSITIVE]. @16-11-2021 08:05:15.0265 A
[ReportManager] Browser Action [CloseCurrentWindow] successfully performed. @16-11-2021 08:05:15.0652 AM
[ReportManager] Successfully created attachment [Browser Action Test Data - CloseCurrentWindow - Actual Value] @16-11-2021 08:05:15.0659 A

################################################################################################################################################
Starting Execution:	[71 out of 146] test cases in the current suite
Test Method:		[testPackage01.Test_AssertApiResponseEquals.assertApiResponseEquals_expectedToPass]
################################################################################################################################################
[ReportManager] Response status code: [200], status line: [HTTP/1.1 200 OK] @16-11-2021 08:05:15.0745 AM
[ReportManager] Assertion Passed: Evaluating the actual response status code against the expected one... @16-11-2021 08:05:15.0746 AM
[ReportManager] Assertion [ValidateComparativeRelation] PASSED. Expected [200] and Actual [200]. Comparison Type [EQUALS]. Validation Type [POSITIVE]. @16-11-2021 08:05:15.0746 AM
[ReportManager] API Action [PerformRequest] successfully performed. With the following test data [Request Type: "GET" | Target Status Code: "200" | Service URL: "https://jsonplaceholder.typicode.com/users" | Content Type: "*/*" | Response Time: "52ms"]. @16-11-2021 08:05:15.0774 AM
[ReportManager] Successfully created attachment [API Request - Specifications] @16-11-2021 08:05:15.0781 AM
[ReportManager] Successfully created attachment [API Response - JSON Body] @16-11-2021 08:05:15.0793 AM
[ReportManager] API Action [GetResponseJSONValueAsList] successfully performed. With the following test data [$]. @16-11-2021 08:05:15.0800 AM
[ReportManager] API Action [GetResponseJSONValue] successfully performed. With the following test data [name]. @16-11-2021 08:05:15.0816 AM
[ReportManager] API Action [GetResponseJSONValue] successfully performed. With the following test data [email]. @16-11-2021 08:05:15.0834 AM
[ReportManager] Verification [ValidateEquals] PASSED. Expected [Sincere@april.biz] and Actual [Sincere@april.biz]. Comparison Type [EQUALS]. Validation Type [POSITIVE]. @16-11-2021 08:05:15.0835 AM
[ReportManager] API Action [GetResponseJSONValue] successfully performed. With the following test data [username]. @16-11-2021 08:05:15.0849 AM
[ReportManager] Assertion [ValidateEquals] PASSED. Expected [Bret] and Actual [Bret]. Comparison Type [EQUALS]. Validation Type [POSITIVE]. @16-11-2021 08:05:15.0849 AM
[ReportManager] API Action [GetResponseJSONValue] successfully performed. With the following test data [name]. @16-11-2021 08:05:15.0861 AM
[ReportManager] API Action [GetResponseJSONValue] successfully performed. With the following test data [name]. @16-11-2021 08:05:15.0875 AM
[ReportManager] API Action [GetResponseJSONValue] successfully performed. With the following test data [name]. @16-11-2021 08:05:15.0889 AM
[ReportManager] API Action [GetResponseJSONValue] successfully performed. With the following test data [name]. @16-11-2021 08:05:15.0904 AM
[ReportManager] API Action [GetResponseJSONValue] successfully performed. With the following test data [name]. @16-11-2021 08:05:15.0919 AM
[ReportManager] API Action [GetResponseJSONValue] successfully performed. With the following test data [name]. @16-11-2021 08:05:15.0937 AM
[ReportManager] API Action [GetResponseJSONValue] successfully performed. With the following test data [name]. @16-11-2021 08:05:15.0957 AM
[ReportManager] API Action [GetResponseJSONValue] successfully performed. With the following test data [name]. @16-11-2021 08:05:15.0976 AM
[ReportManager] API Action [GetResponseJSONValue] successfully performed. With the following test data [name]. @16-11-2021 08:05:16.0001 A

################################################################################################################################################
Starting Execution:	[72 out of 146] test cases in the current suite
Test Method:		[testPackage01.Test_testData.f]
################################################################################################################################################
[ReportManager] Successfully loaded the following test data file [src/test/resources/TestDataFiles/testSuite01/TestData.xlsx]. @16-11-2021 08:05:16.0147 AM
[ReportManager] Successfully created attachment [Test Data - Excel] @16-11-2021 08:05:16.0154 AM
[ReportManager] Last Column Number is: [3]. Zero-based. @16-11-2021 08:05:16.0155 A

################################################################################################################################################
Starting Execution:	[73 out of 146] test cases in the current suite
Test Method:		[testPackage01.Test_PDF.testPDF1]
################################################################################################################################################
[ReportManager] File Action [DoesFileExist] successfully performed. With the following test data [File Path: "src/test/resources/TestDataFiles/sample.pdf"]. @16-11-2021 08:05:16.0186 AM
[ReportManager] File Action [GetAbsolutePath] successfully performed. With the following test data [Relative Folder Path: "src/test/resources/TestDataFiles/sample.pdf"]. @16-11-2021 08:05:16.0189 AM
[ReportManager] Assertion Passed: Checking to see that the pdf file contains [A Simple PDF File] @16-11-2021 08:05:34.0131 AM
[ReportManager] Successfully created attachment [Validation Test Data - Expected Value] @16-11-2021 08:05:34.0138 AM
[ReportManager] Successfully created attachment [Validation Test Data - Actual Value] @16-11-2021 08:05:34.0150 AM
[ReportManager] Assertion [ValidateEquals] PASSED. Expected and Actual values are attached. Comparison Type [CONTAINS]. Validation Type [POSITIVE]. @16-11-2021 08:05:34.0150 A

################################################################################################################################################
Starting Execution:	[74 out of 146] test cases in the current suite
Test Method:		[testPackage01.Test_PDF.testPDF2]
################################################################################################################################################
[ReportManager] File Action [DoesFileExist] successfully performed. With the following test data [File Path: "src/test/resources/TestDataFiles/sample.pdf"]. @16-11-2021 08:05:34.0175 AM
[ReportManager] File Action [GetAbsolutePath] successfully performed. With the following test data [Relative Folder Path: "src/test/resources/TestDataFiles/sample.pdf"]. @16-11-2021 08:05:34.0175 AM
[ReportManager] Assertion Passed: Checking to see that the pdf file contains [A Simple PDF File] @16-11-2021 08:05:34.0197 AM
[ReportManager] Successfully created attachment [Validation Test Data - Expected Value] @16-11-2021 08:05:34.0203 AM
[ReportManager] Successfully created attachment [Validation Test Data - Actual Value] @16-11-2021 08:05:34.0210 AM
[ReportManager] Assertion [ValidateEquals] PASSED. Expected and Actual values are attached. Comparison Type [CONTAINS]. Validation Type [POSITIVE]. @16-11-2021 08:05:34.0210 A
[ReportManager] File Action [GetAbsolutePath] successfully performed. With the following test data [Relative Folder Path: "target/downloadedFiles/"]. @16-11-2021 08:05:34.0231 AM
[ReportManager] Attempting to run locally on: [Mac-64], [Safari], Headless Execution. @16-11-2021 08:05:34.0232 AM
[ReportManager] Successfully Opened Safari. @16-11-2021 08:05:35.0119 AM
[ReportManager] Initial window size: (800, 600) @16-11-2021 08:05:35.0140 AM
[ReportManager] Window size after SWD Maximize: (1176, 811) @16-11-2021 08:05:35.0208 AM
[ReportManager] Browser Action [MaximizeWindow] successfully performed. With the following test data [New screen size is now: (1176, 811)]. @16-11-2021 08:05:35.0209 A

################################################################################################################################################
Starting Execution:	[75 out of 146] test cases in the current suite
Test Method:		[testPackage01.Test_ShadowDOM.shadowdom]
################################################################################################################################################
[ReportManager] Target URL: [https://mdn.github.io/web-components-examples/popup-info-box-web-component/] @16-11-2021 08:05:35.0224 AM
[ReportManager] Initial URL: [] @16-11-2021 08:05:35.0264 AM
[ReportManager] Browser Action [NavigateToURL] successfully performed. With the following test data [https://mdn.github.io/web-components-examples/popup-info-box-web-component/]. @16-11-2021 08:05:35.0579 AM
[ReportManager] Element Action [Type] successfully performed. With the following test data [Typing into SHADOW DOM...]. @16-11-2021 08:05:36.0607 AM
[ReportManager] Element Action [GetText] successfully performed. With the following test data [Typing into SHADOW DOM...]. @16-11-2021 08:05:36.0721 AM
[ReportManager] Loaded Shared OpenCV @16-11-2021 08:05:36.0781 AM
[ReportManager] Assertion [ValidateElementAttribute] PASSED. Expected [Value Should be 'Typing into SHADOW DOM...' for the 'Text' attribute, element locator 'By.id: cvc'] and Actual [Typing into SHADOW DOM...]. Comparison Type [EQUALS]. Validation Type [POSITIVE]. @16-11-2021 08:05:36.0915 AM
[ReportManager] Successfully created attachment [Screenshot - 1637049936781_shadowdom_ValidateElementAttribute_passed] @16-11-2021 08:05:36.0928 A
[ReportManager] Browser Action [CloseCurrentWindow] successfully performed. @16-11-2021 08:05:37.0003 AM
[ReportManager] Successfully created attachment [Browser Action Test Data - CloseCurrentWindow - Actual Value] @16-11-2021 08:05:37.0009 A
[ReportManager] File Action [GetAbsolutePath] successfully performed. With the following test data [Relative Folder Path: "target/downloadedFiles/"]. @16-11-2021 08:05:37.0031 AM
[ReportManager] Attempting to run locally on: [Mac-64], [Safari], Headless Execution. @16-11-2021 08:05:37.0032 AM
[ReportManager] Successfully Opened Safari. @16-11-2021 08:05:37.0909 AM
[ReportManager] Initial window size: (800, 600) @16-11-2021 08:05:37.0939 AM
[ReportManager] Window size after SWD Maximize: (1176, 811) @16-11-2021 08:05:37.0990 AM
[ReportManager] Browser Action [MaximizeWindow] successfully performed. With the following test data [New screen size is now: (1176, 811)]. @16-11-2021 08:05:37.0990 A

################################################################################################################################################
Starting Execution:	[76 out of 146] test cases in the current suite
Test Method:		[testPackage01.Test_clipboardActions.typeTextAndCopyPaste]
################################################################################################################################################
[ReportManager] Target URL: [https://www.google.com/ncr], and after redirection: [https://www.google.com] @16-11-2021 08:05:38.0000 AM
[ReportManager] Initial URL: [] @16-11-2021 08:05:38.0047 AM
[ReportManager] Browser Action [NavigateToURL] successfully performed. With the following test data [https://www.google.com/ncr]. @16-11-2021 08:05:39.0462 AM
[ReportManager] Element Action [Type] successfully performed. With the following test data [FIRST]. @16-11-2021 08:05:39.0633 A
[ReportManager] Browser Action [CloseCurrentWindow] successfully performed. @16-11-2021 08:05:40.0185 AM
[ReportManager] Successfully created attachment [Browser Action Test Data - CloseCurrentWindow - Actual Value] @16-11-2021 08:05:40.0192 A

################################################################################################################################################
Starting Execution:	[77 out of 146] test cases in the current suite
Test Method:		[testPackage01.Test_NewValidationHelper.f1]
################################################################################################################################################
[ReportManager] Assertion Passed: Checking valid user data @16-11-2021 08:05:40.0208 AM
[ReportManager] Successfully created attachment [Validation Test Data - Expected Value] @16-11-2021 08:05:40.0220 AM
[ReportManager] Successfully created attachment [Validation Test Data - Actual Value] @16-11-2021 08:05:40.0226 AM
[ReportManager] Assertion [ValidateEquals] PASSED. Expected and Actual values are attached. Comparison Type [EQUALS]. Validation Type [POSITIVE]. @16-11-2021 08:05:40.0226 A
[ReportManager] File Action [GetAbsolutePath] successfully performed. With the following test data [Relative Folder Path: "target/downloadedFiles/"]. @16-11-2021 08:05:40.0249 AM
[ReportManager] Attempting to run locally on: [Mac-64], [Safari], Headless Execution. @16-11-2021 08:05:40.0249 AM
[ReportManager] Successfully Opened Safari. @16-11-2021 08:05:41.0183 AM
[ReportManager] Initial window size: (800, 600) @16-11-2021 08:05:41.0283 AM
[ReportManager] Window size after SWD Maximize: (1176, 811) @16-11-2021 08:05:41.0313 AM
[ReportManager] Browser Action [MaximizeWindow] successfully performed. With the following test data [New screen size is now: (1176, 811)]. @16-11-2021 08:05:41.0313 AM
[ReportManager] Target URL: [https://the-internet.herokuapp.com/] @16-11-2021 08:05:41.0314 AM
[ReportManager] Initial URL: [] @16-11-2021 08:05:41.0362 AM
[ReportManager] Browser Action [NavigateToURL] successfully performed. With the following test data [https://the-internet.herokuapp.com/]. @16-11-2021 08:05:42.0037 A

################################################################################################################################################
Starting Execution:	[78 out of 146] test cases in the current suite
Test Method:		[testPackage01.Test_NewValidationHelper.f10]
################################################################################################################################################
[ReportManager] Loaded Shared OpenCV @16-11-2021 08:05:42.0162 AM
[ReportManager] Assertion [ValidateElementExists] FAILED. Expected [Element Should Exist, locator 'By.tagName: div'] and Actual [Element Exists but is not unique]. Comparison Type [EQUALS]. Validation Type [POSITIVE]. @16-11-2021 08:05:42.0319 AM
[ReportManager] Successfully created attachment [Screenshot - 1637049942162_f10_ValidateElementExists_failed] @16-11-2021 08:05:42.0334 A



################################################################################################################################################
Starting Execution:	[79 out of 146] test cases in the current suite
Test Method:		[testPackage01.Test_NewValidationHelper.f11]
###############################################################################################################################################



################################################################################################################################################
Starting Execution:	[80 out of 146] test cases in the current suite
Test Method:		[testPackage01.Test_NewValidationHelper.f12]
###############################################################################################################################################



################################################################################################################################################
Starting Execution:	[81 out of 146] test cases in the current suite
Test Method:		[testPackage01.Test_NewValidationHelper.f13]
###############################################################################################################################################



################################################################################################################################################
Starting Execution:	[82 out of 146] test cases in the current suite
Test Method:		[testPackage01.Test_NewValidationHelper.f14]
###############################################################################################################################################



################################################################################################################################################
Starting Execution:	[83 out of 146] test cases in the current suite
Test Method:		[testPackage01.Test_NewValidationHelper.f15]
###############################################################################################################################################



################################################################################################################################################
Starting Execution:	[84 out of 146] test cases in the current suite
Test Method:		[testPackage01.Test_NewValidationHelper.f16]
###############################################################################################################################################



################################################################################################################################################
Starting Execution:	[85 out of 146] test cases in the current suite
Test Method:		[testPackage01.Test_NewValidationHelper.f17]
###############################################################################################################################################



################################################################################################################################################
Starting Execution:	[86 out of 146] test cases in the current suite
Test Method:		[testPackage01.Test_NewValidationHelper.f18]
###############################################################################################################################################


################################################################################################################################################
Starting Execution:	[87 out of 146] test cases in the current suite
Test Method:		[testPackage01.Test_NewValidationHelper.f2]
###############################################################################################################################################


################################################################################################################################################
Starting Execution:	[88 out of 146] test cases in the current suite
Test Method:		[testPackage01.Test_NewValidationHelper.f20]
###############################################################################################################################################



################################################################################################################################################
Starting Execution:	[89 out of 146] test cases in the current suite
Test Method:		[testPackage01.Test_NewValidationHelper.f21]
###############################################################################################################################################



################################################################################################################################################
Starting Execution:	[90 out of 146] test cases in the current suite
Test Method:		[testPackage01.Test_NewValidationHelper.f22]
###############################################################################################################################################


################################################################################################################################################
Starting Execution:	[91 out of 146] test cases in the current suite
Test Method:		[testPackage01.Test_NewValidationHelper.f23]
###############################################################################################################################################

################################################################################################################################################
Starting Execution:	[92 out of 146] test cases in the current suite
Test Method:		[testPackage01.Test_NewValidationHelper.f24]
###############################################################################################################################################

################################################################################################################################################
Starting Execution:	[93 out of 146] test cases in the current suite
Test Method:		[testPackage01.Test_NewValidationHelper.f25]
###############################################################################################################################################

################################################################################################################################################
Starting Execution:	[94 out of 146] test cases in the current suite
Test Method:		[testPackage01.Test_NewValidationHelper.f26]
###############################################################################################################################################

################################################################################################################################################
Starting Execution:	[95 out of 146] test cases in the current suite
Test Method:		[testPackage01.Test_NewValidationHelper.f27]
###############################################################################################################################################

################################################################################################################################################
Starting Execution:	[96 out of 146] test cases in the current suite
Test Method:		[testPackage01.Test_NewValidationHelper.f28]
###############################################################################################################################################

################################################################################################################################################
Starting Execution:	[97 out of 146] test cases in the current suite
Test Method:		[testPackage01.Test_NewValidationHelper.f29]
###############################################################################################################################################

################################################################################################################################################
Starting Execution:	[98 out of 146] test cases in the current suite
Test Method:		[testPackage01.Test_NewValidationHelper.f3]
###############################################################################################################################################

################################################################################################################################################
Starting Execution:	[99 out of 146] test cases in the current suite
Test Method:		[testPackage01.Test_NewValidationHelper.f30]
###############################################################################################################################################

################################################################################################################################################
Starting Execution:	[100 out of 146] test cases in the current suite
Test Method:		[testPackage01.Test_NewValidationHelper.f31]
###############################################################################################################################################

################################################################################################################################################
Starting Execution:	[101 out of 146] test cases in the current suite
Test Method:		[testPackage01.Test_NewValidationHelper.f32]
###############################################################################################################################################

################################################################################################################################################
Starting Execution:	[102 out of 146] test cases in the current suite
Test Method:		[testPackage01.Test_NewValidationHelper.f33]
###############################################################################################################################################

################################################################################################################################################
Starting Execution:	[103 out of 146] test cases in the current suite
Test Method:		[testPackage01.Test_NewValidationHelper.f34]
###############################################################################################################################################

################################################################################################################################################
Starting Execution:	[104 out of 146] test cases in the current suite
Test Method:		[testPackage01.Test_NewValidationHelper.f35]
###############################################################################################################################################

################################################################################################################################################
Starting Execution:	[105 out of 146] test cases in the current suite
Test Method:		[testPackage01.Test_NewValidationHelper.f36]
###############################################################################################################################################

################################################################################################################################################
Starting Execution:	[106 out of 146] test cases in the current suite
Test Method:		[testPackage01.Test_NewValidationHelper.f37]
###############################################################################################################################################

################################################################################################################################################
Starting Execution:	[107 out of 146] test cases in the current suite
Test Method:		[testPackage01.Test_NewValidationHelper.f3_1]
###############################################################################################################################################

################################################################################################################################################
Starting Execution:	[108 out of 146] test cases in the current suite
Test Method:		[testPackage01.Test_NewValidationHelper.f4]
###############################################################################################################################################

################################################################################################################################################
Starting Execution:	[109 out of 146] test cases in the current suite
Test Method:		[testPackage01.Test_NewValidationHelper.f5]
###############################################################################################################################################

################################################################################################################################################
Starting Execution:	[110 out of 146] test cases in the current suite
Test Method:		[testPackage01.Test_NewValidationHelper.f6]
###############################################################################################################################################

################################################################################################################################################
Starting Execution:	[111 out of 146] test cases in the current suite
Test Method:		[testPackage01.Test_NewValidationHelper.f6_1]
###############################################################################################################################################

################################################################################################################################################
Starting Execution:	[112 out of 146] test cases in the current suite
Test Method:		[testPackage01.Test_NewValidationHelper.f6_2]
###############################################################################################################################################

################################################################################################################################################
Starting Execution:	[113 out of 146] test cases in the current suite
Test Method:		[testPackage01.Test_NewValidationHelper.f7]
###############################################################################################################################################


################################################################################################################################################
Starting Execution:	[114 out of 146] test cases in the current suite
Test Method:		[testPackage01.Test_NewValidationHelper.f8]
###############################################################################################################################################



################################################################################################################################################
Starting Execution:	[115 out of 146] test cases in the current suite
Test Method:		[testPackage01.Test_NewValidationHelper.f9]
###############################################################################################################################################


################################################################################################################################################
Starting Execution:	[116 out of 146] test cases in the current suite
Test Method:		[testPackage01.Test_NewValidationHelper.forceFail]
###############################################################################################################################################

################################################################################################################################################
Starting Execution:	[117 out of 146] test cases in the current suite
Test Method:		[testPackage01.Test_NewValidationHelper.forceFail2]
###############################################################################################################################################

################################################################################################################################################
Starting Execution:	[118 out of 146] test cases in the current suite
Test Method:		[testPackage01.Test_JsonActions.f]
###############################################################################################################################################

################################################################################################################################################
Starting Execution:	[119 out of 146] test cases in the current suite
Test Method:		[testPackage01.Test_JsonActions.f2]
###############################################################################################################################################

################################################################################################################################################
Starting Execution:	[120 out of 146] test cases in the current suite
Test Method:		[testPackage01.Test_sendGraphqlRequest.sendGraphqlRequestUsingMutationAndVariables]
################################################################################################################################################
[ReportManager] GraphQl Request is being Performed with the Following Parameters [Service URL: https://api.spacex.land/graphql | Request Body: {"variables":"{\"name\": \"sherlock holmes\",\"rocket\": \"221B Baker Street\"}","query":"mutation ($name: String, $rocket: String) {\n  insert_users(objects: {name: $name, rocket: $rocket}) {\n    returning {\n      name\n      rocket\n    }\n  }\n}"}] @16-11-2021 08:05:43.0904 AM
[ReportManager] Response status code: [200], status line: [HTTP/1.1 200 OK] @16-11-2021 08:05:44.0286 AM
[ReportManager] Assertion Passed: Evaluating the actual response status code against the expected one... @16-11-2021 08:05:44.0286 AM
[ReportManager] Assertion [ValidateComparativeRelation] PASSED. Expected [200] and Actual [200]. Comparison Type [EQUALS]. Validation Type [POSITIVE]. @16-11-2021 08:05:44.0286 AM
[ReportManager] API Action [PerformRequest] successfully performed. With the following test data [Request Type: "POST" | Target Status Code: "200" | Service URL: "https://api.spacex.land/graphql" | Content Type: "application/json" | Response Time: "251ms"]. @16-11-2021 08:05:44.0332 AM
[ReportManager] Successfully created attachment [API Request - Specifications] @16-11-2021 08:05:44.0338 AM
[ReportManager] Successfully created attachment [API Request - JSON Body] @16-11-2021 08:05:44.0351 AM
[ReportManager] Successfully created attachment [API Response - JSON Body] @16-11-2021 08:05:44.0358 AM
[ReportManager] API Action [GetResponseJSONValue] successfully performed. With the following test data [data.insert_users.returning[0].name]. @16-11-2021 08:05:44.0415 AM
[ReportManager] Assertion [ValidateEquals] PASSED. Expected [sherlock holmes] and Actual [sherlock holmes]. Comparison Type [EQUALS]. Validation Type [POSITIVE]. @16-11-2021 08:05:44.0416 A

################################################################################################################################################
Starting Execution:	[121 out of 146] test cases in the current suite
Test Method:		[testPackage01.Test_sendGraphqlRequest.sendGraphqlRequestUsingQuery]
################################################################################################################################################
[ReportManager] GraphQl Request is being Performed with the Following Parameters [Service URL: https://api.spacex.land/graphql | Request Body: {"query":"{company {ceo}}"}] @16-11-2021 08:05:44.0436 AM
[ReportManager] Response status code: [200], status line: [HTTP/1.1 200 OK] @16-11-2021 08:05:44.0547 AM
[ReportManager] Assertion Passed: Evaluating the actual response status code against the expected one... @16-11-2021 08:05:44.0547 AM
[ReportManager] Assertion [ValidateComparativeRelation] PASSED. Expected [200] and Actual [200]. Comparison Type [EQUALS]. Validation Type [POSITIVE]. @16-11-2021 08:05:44.0547 AM
[ReportManager] API Action [PerformRequest] successfully performed. With the following test data [Request Type: "POST" | Target Status Code: "200" | Service URL: "https://api.spacex.land/graphql" | Content Type: "application/json" | Response Time: "106ms"]. @16-11-2021 08:05:44.0560 AM
[ReportManager] Successfully created attachment [API Request - Specifications] @16-11-2021 08:05:44.0566 AM
[ReportManager] Successfully created attachment [API Request - JSON Body] @16-11-2021 08:05:44.0578 AM
[ReportManager] Successfully created attachment [API Response - JSON Body] @16-11-2021 08:05:44.0584 AM
[ReportManager] API Action [GetResponseJSONValue] successfully performed. With the following test data [data.company.ceo]. @16-11-2021 08:05:44.0598 AM
[ReportManager] Assertion [ValidateEquals] PASSED. Expected [Elon Musk] and Actual [Elon Musk]. Comparison Type [EQUALS]. Validation Type [POSITIVE]. @16-11-2021 08:05:44.0598 A

################################################################################################################################################
Starting Execution:	[122 out of 146] test cases in the current suite
Test Method:		[testPackage01.Test_MatchJsonSchema.checkAPI_ResponseSchema]
################################################################################################################################################
[ReportManager] Response status code: [200], status line: [HTTP/1.1 200 OK] @16-11-2021 08:05:44.0684 AM
[ReportManager] Assertion Passed: Evaluating the actual response status code against the expected one... @16-11-2021 08:05:44.0685 AM
[ReportManager] Assertion [ValidateComparativeRelation] PASSED. Expected [200] and Actual [200]. Comparison Type [EQUALS]. Validation Type [POSITIVE]. @16-11-2021 08:05:44.0685 AM
[ReportManager] API Action [PerformRequest] successfully performed. With the following test data [Request Type: "GET" | Target Status Code: "200" | Service URL: "http://api.zippopotam.us/us/90210" | Content Type: "*/*" | Response Time: "58ms"]. @16-11-2021 08:05:44.0700 AM
[ReportManager] Successfully created attachment [API Request - Specifications] @16-11-2021 08:05:44.0706 AM
[ReportManager] Successfully created attachment [API Response - JSON Body] @16-11-2021 08:05:44.0717 AM
[ReportManager] File Action [GetAbsolutePath] successfully performed. With the following test data [Relative Folder Path: "src/test/resources/testDataFiles/schema.json"]. @16-11-2021 08:05:44.0719 AM
[ReportManager] File Action [GetAbsolutePath] successfully performed. With the following test data [Relative Folder Path: "/Users/runner/work/SHAFT_ENGINE/SHAFT_ENGINE/src/test/resources/testDataFiles/schema.json"]. @16-11-2021 08:05:45.0570 AM
[ReportManager] File Action [ReadFromFile] successfully performed. With the following test data [File Path: "/Users/runner/work/SHAFT_ENGINE/SHAFT_ENGINE/src/test/resources/testDataFiles/schema.json"]. @16-11-2021 08:05:45.0570 AM
[ReportManager] Assertion Passed: Then I Assert that the API response schema matches that in this file [src/test/resources/testDataFiles/schema.json]. @16-11-2021 08:05:45.0572 AM
[ReportManager] Successfully created attachment [Validation Test Data - Expected JSON Value] @16-11-2021 08:05:45.0578 AM
[ReportManager] Successfully created attachment [Validation Test Data - Actual JSON Value] @16-11-2021 08:05:45.0591 AM
[ReportManager] Assertion [ValidateResponseFileSchema] PASSED. Expected [Response data should match the JSON File in this path '/Users/runner/work/SHAFT_ENGINE/SHAFT_ENGINE/src/test/resources/testDataFiles/schema.json'] and Actual [TRUE]. Comparison Type [EQUALS]. Validation Type [POSITIVE]. @16-11-2021 08:05:45.0591 A
[ReportManager] File Action [GetAbsolutePath] successfully performed. With the following test data [Relative Folder Path: "target/downloadedFiles/"]. @16-11-2021 08:05:45.0613 AM
[ReportManager] Attempting to run locally on: [Mac-64], [Safari], Headless Execution. @16-11-2021 08:05:45.0613 A

################################################################################################################################################
Starting Execution:	[123 out of 146] test cases in the current suite
Test Method:		[testPackage01.Test_dragAndDrop.dragAndDropJquery]
###############################################################################################################################################



################################################################################################################################################
Starting Execution:	[124 out of 146] test cases in the current suite
Test Method:		[testPackage01.Test_dragAndDrop.dragAndDrop]
Test Description:	[TC001 - Test Drag and Drop function.]
###############################################################################################################################################



################################################################################################################################################
Starting Execution:	[125 out of 146] test cases in the current suite
Test Method:		[testPackage01.Test_dragAndDrop.dragAndDropByOffset]
Test Description:	[TC002 - Test Drag and Drop by offset function.]
###############################################################################################################################################

[ReportManager] Successfully loaded the following test data file [src/test/resources/TestDataFiles/testSuite01/TestData.xlsx]. @16-11-2021 08:05:45.0887 AM
[ReportManager] Successfully created attachment [Test Data - Excel] @16-11-2021 08:05:45.0893 AM
[ReportManager] File Action [GetAbsolutePath] successfully performed. With the following test data [Relative Folder Path: "target/downloadedFiles/"]. @16-11-2021 08:05:45.0894 AM
[ReportManager] Attempting to run locally on: [Mac-64], [Safari], Headless Execution. @16-11-2021 08:05:45.0894 AM
[ReportManager] Successfully Opened Safari. @16-11-2021 08:05:46.0672 AM
[ReportManager] Initial window size: (800, 600) @16-11-2021 08:05:46.0704 AM
[ReportManager] Window size after SWD Maximize: (1176, 811) @16-11-2021 08:05:46.0730 AM
[ReportManager] Browser Action [MaximizeWindow] successfully performed. With the following test data [New screen size is now: (1176, 811)]. @16-11-2021 08:05:46.0730 A

################################################################################################################################################
Starting Execution:	[126 out of 146] test cases in the current suite
Test Method:		[testPackage01.Test_google.navigateToURLandVerifyGoogleLogoIsDisplayed]
Test Description:	[TC001 - Navigate to URL and Verify Google Logo is Displayed]
################################################################################################################################################
[ReportManager] Target URL: [https://www.google.com/ncr], and after redirection: [https://www.google.com] @16-11-2021 08:05:46.0738 AM
[ReportManager] Initial URL: [] @16-11-2021 08:05:46.0798 AM
[ReportManager] Browser Action [NavigateToURL] successfully performed. With the following test data [https://www.google.com/ncr]. @16-11-2021 08:05:48.0296 AM
[ReportManager] Loaded Shared OpenCV @16-11-2021 08:05:48.0374 AM
[ReportManager] Assertion Passed: Then I Assert that the element found by [By.xpath: //*[@id='hplogo' or @alt='Google']] exists. @16-11-2021 08:05:48.0491 AM
[ReportManager] Successfully created attachment [Screenshot - 1637049948373_navigateToURLandVerifyGoogleLogoIsDisplayed_ValidateElementExists_passed] @16-11-2021 08:05:48.0497 AM
[ReportManager] Assertion [ValidateElementExists] PASSED. Expected [Element Should Exist, locator 'By.xpath: //*[@id='hplogo' or @alt='Google']'] and Actual [Element Exists]. Comparison Type [EQUALS]. Validation Type [POSITIVE]. @16-11-2021 08:05:48.0497 A

################################################################################################################################################
Starting Execution:	[127 out of 146] test cases in the current suite
Test Method:		[testPackage01.Test_google.searchForQueryandAssertResultsNumDisplayed]
Test Description:	[TC002 - Search for Query and Assert that the number of results is displayed]
################################################################################################################################################
[ReportManager] Element Action [Type] successfully performed. With the following test data [SHAFT_Engine]. @16-11-2021 08:05:48.0891 AM
[ReportManager] Element Action [KeyPress] successfully performed. With the following test data [Enter]. @16-11-2021 08:05:49.0023 A

################################################################################################################################################
Starting Execution:	[128 out of 146] test cases in the current suite
Test Method:		[testPackage01.Test_google.clickNextThrice]
Test Description:	[TC003 - Clicks the next button to make sure that the framework can scroll element into view before clicking it]
###############################################################################################################################################
[ReportManager] Browser Action [CloseCurrentWindow] successfully performed. @16-11-2021 08:05:50.0897 AM
[ReportManager] Successfully created attachment [Browser Action Test Data - CloseCurrentWindow - Actual Value] @16-11-2021 08:05:50.0910 A

################################################################################################################################################
Starting Execution:	[129 out of 146] test cases in the current suite
Test Method:		[testPackage01.Test_chainableElementActions.chainElementActions]
################################################################################################################################################
[ReportManager] File Action [GetAbsolutePath] successfully performed. With the following test data [Relative Folder Path: "target/downloadedFiles/"]. @16-11-2021 08:05:51.0073 AM
[ReportManager] Attempting to run locally on: [Mac-64], [GoogleChrome], Headless Execution. @16-11-2021 08:05:51.0074 AM
[ReportManager] Identifying OS/Driver combination and selecting the correct driver version automatically. Please note that if a new driver executable will be downloaded it may take some time... @16-11-2021 08:05:51.0075 AM
[ReportManager] Successfully Opened Google Chrome. @16-11-2021 08:05:55.0630 AM
[ReportManager] Initial window size: (1920, 1080) @16-11-2021 08:05:55.0634 AM
[ReportManager] Window size after SWD Maximize: (1920, 1080) @16-11-2021 08:05:55.0786 AM
[ReportManager] Window size after Toolkit: (1920, 1080) @16-11-2021 08:05:56.0344 AM
[ReportManager] Browser Action [MaximizeWindow] successfully performed. With the following test data [New screen size is now: (1920, 1080)]. @16-11-2021 08:05:56.0347 AM
[ReportManager] Target URL: [https://www.google.com/ncr], and after redirection: [https://www.google.com] @16-11-2021 08:05:56.0347 AM
[ReportManager] Initial URL: [data:,] @16-11-2021 08:05:56.0381 AM
[ReportManager] Browser Action [NavigateToURL] successfully performed. With the following test data [https://www.google.com/ncr]. @16-11-2021 08:05:57.0558 AM
[ReportManager] Element Action [Type] successfully performed. With the following test data [chained type 1]. @16-11-2021 08:05:58.0134 AM
[ReportManager] Element Action [Type] successfully performed. With the following test data [chained type 2]. @16-11-2021 08:05:58.0406 AM
[ReportManager] Element Action [TypeAppend] successfully performed. With the following test data [345]. @16-11-2021 08:05:58.0550 AM
[ReportManager] Element Action [GetText] successfully performed. With the following test data [chained type 1chained type 2345]. @16-11-2021 08:05:58.0692 AM
[ReportManager] Loaded Shared OpenCV @16-11-2021 08:05:58.0981 AM
[ReportManager] Assertion [ValidateElementAttribute] FAILED. Expected [Value Should be 'chained type 2345' for the 'text' attribute, element locator 'By.name: q'] and Actual [chained type 1chained type 2345]. Comparison Type [EQUALS]. Validation Type [POSITIVE]. @16-11-2021 08:05:59.0200 AM
[ReportManager] Successfully created attachment [Screenshot - 1637049958981_chainElementActions_ValidateElementAttribute_failed] @16-11-2021 08:05:59.0206 A
[ReportManager] File Action [GetAbsolutePath] successfully performed. With the following test data [Relative Folder Path: "target/downloadedFiles/"]. @16-11-2021 08:05:59.0236 AM
[ReportManager] Attempting to run locally on: [Mac-64], [Safari], Headless Execution. @16-11-2021 08:05:59.0237 AM
[ReportManager] Successfully Opened Safari. @16-11-2021 08:06:00.0186 AM
[ReportManager] Initial window size: (800, 600) @16-11-2021 08:06:00.0195 AM
[ReportManager] Window size after SWD Maximize: (1176, 811) @16-11-2021 08:06:00.0229 AM
[ReportManager] Browser Action [MaximizeWindow] successfully performed. With the following test data [New screen size is now: (1176, 811)]. @16-11-2021 08:06:00.0230 A

################################################################################################################################################
Starting Execution:	[130 out of 146] test cases in the current suite
Test Method:		[testPackage01.Test_RelativeLocators.relativeLocatorsTest1]
################################################################################################################################################
[ReportManager] Target URL: [https://duckduckgo.com/] @16-11-2021 08:06:00.0279 AM
[ReportManager] Initial URL: [] @16-11-2021 08:06:00.0329 AM
[ReportManager] Browser Action [NavigateToURL] successfully performed. With the following test data [https://duckduckgo.com/]. @16-11-2021 08:06:01.0144 AM
[ReportManager] Element Action [Type] successfully performed. With the following test data [SHAFT_Engine]. @16-11-2021 08:06:01.0504 AM
[ReportManager] Element Action [KeyPress] successfully performed. With the following test data [ENTER]. @16-11-2021 08:06:01.0574 A
[ReportManager] Browser Action [CloseCurrentWindow] successfully performed. @16-11-2021 08:06:02.0951 AM
[ReportManager] Successfully created attachment [Browser Action Test Data - CloseCurrentWindow - Actual Value] @16-11-2021 08:06:02.0969 A

################################################################################################################################################
Starting Execution:	[131 out of 146] test cases in the current suite
Test Method:		[testPackage01.Test_JsonCompareWithSpecialCharacters.specialCharacters]
################################################################################################################################################
[ReportManager] File Action [GetAbsolutePath] successfully performed. With the following test data [Relative Folder Path: "src/test/resources/testDataFiles/specialCharacters.json"]. @16-11-2021 08:06:03.0010 AM
[ReportManager] File Action [ReadFromFile] successfully performed. With the following test data [File Path: "/Users/runner/work/SHAFT_ENGINE/SHAFT_ENGINE/src/test/resources/testDataFiles/specialCharacters.json"]. @16-11-2021 08:06:03.0011 AM
[ReportManager] Successfully created attachment [File Action Actual Result - Command Log] @16-11-2021 08:06:03.0012 AM
[ReportManager] Comparing the provided API response with the file at this path "src/test/resources/testDataFiles/specialCharacters.json", comparison type "EQUALS" @16-11-2021 08:06:03.0014 AM
[ReportManager] API Action [CompareJSON] successfully performed. With the following test data [src/test/resources/testDataFiles/specialCharacters.json]. @16-11-2021 08:06:03.0022 AM
[ReportManager] File Action [GetAbsolutePath] successfully performed. With the following test data [Relative Folder Path: "src/test/resources/testDataFiles/specialCharacters.json"]. @16-11-2021 08:06:03.0022 AM
[ReportManager] File Action [ReadFromFile] successfully performed. With the following test data [File Path: "/Users/runner/work/SHAFT_ENGINE/SHAFT_ENGINE/src/test/resources/testDataFiles/specialCharacters.json"]. @16-11-2021 08:06:03.0023 AM
[ReportManager] Verification [ValidateJSONFileContent] PASSED. Expected [Response data should match the JSON File in this path 'src/test/resources/testDataFiles/specialCharacters.json'] and Actual [TRUE]. Comparison Type [EQUALS]. Validation Type [POSITIVE]. @16-11-2021 08:06:03.0028 AM
[ReportManager] Successfully created attachment [Validation Test Data - Expected JSON Value] @16-11-2021 08:06:03.0040 AM
[ReportManager] Successfully created attachment [Validation Test Data - Actual JSON Value] @16-11-2021 08:06:03.0056 A

################################################################################################################################################
Starting Execution:	[132 out of 146] test cases in the current suite
Test Method:		[testPackage01.Test_JsonCompareWithSpecialCharacters.specialCharacters_assertion]
################################################################################################################################################
[ReportManager] File Action [GetAbsolutePath] successfully performed. With the following test data [Relative Folder Path: "src/test/resources/testDataFiles/specialCharacters.json"]. @16-11-2021 08:06:03.0088 AM
[ReportManager] File Action [ReadFromFile] successfully performed. With the following test data [File Path: "/Users/runner/work/SHAFT_ENGINE/SHAFT_ENGINE/src/test/resources/testDataFiles/specialCharacters.json"]. @16-11-2021 08:06:03.0089 AM
[ReportManager] Successfully created attachment [File Action Actual Result - Command Log] @16-11-2021 08:06:03.0103 AM
[ReportManager] Comparing the provided API response with the file at this path "src/test/resources/testDataFiles/specialCharacters.json", comparison type "CONTAINS" @16-11-2021 08:06:03.0104 AM
[ReportManager] API Action [CompareJSON] successfully performed. With the following test data [src/test/resources/testDataFiles/specialCharacters.json]. @16-11-2021 08:06:03.0117 AM
[ReportManager] File Action [GetAbsolutePath] successfully performed. With the following test data [Relative Folder Path: "src/test/resources/testDataFiles/specialCharacters.json"]. @16-11-2021 08:06:03.0117 AM
[ReportManager] File Action [ReadFromFile] successfully performed. With the following test data [File Path: "/Users/runner/work/SHAFT_ENGINE/SHAFT_ENGINE/src/test/resources/testDataFiles/specialCharacters.json"]. @16-11-2021 08:06:03.0117 AM
[ReportManager] Assertion Passed: trying out the log message @16-11-2021 08:06:03.0123 AM
[ReportManager] Successfully created attachment [Validation Test Data - Expected JSON Value] @16-11-2021 08:06:03.0138 AM
[ReportManager] Successfully created attachment [Validation Test Data - Actual JSON Value] @16-11-2021 08:06:03.0154 AM
[ReportManager] Assertion [ValidateJSONFileContent] PASSED. Expected [Response data should match the JSON File in this path 'src/test/resources/testDataFiles/specialCharacters.json'] and Actual [TRUE]. Comparison Type [CONTAINS]. Validation Type [POSITIVE]. @16-11-2021 08:06:03.0154 A

################################################################################################################################################
Starting Execution:	[133 out of 146] test cases in the current suite
Test Method:		[testPackage01.Test_SkipDueToIssue.doNotSkip]
################################################################################################################################################
[ReportManager] This should not be skipped. @16-11-2021 08:06:03.0187 A

################################################################################################################################################
Starting Execution:	[134 out of 146] test cases in the current suite
Test Method:		[testPackage01.Test_SkipDueToIssue.skip]
################################################################################################################################################
[ReportManager] This should be skipped. @16-11-2021 08:06:03.0222 A

################################################################################################################################################
Starting Execution:	[135 out of 146] test cases in the current suite
Test Method:		[testPackage01.Test_SkipDueToIssue.skip2]
################################################################################################################################################
[ReportManager] This should be skipped. @16-11-2021 08:06:03.0251 A

################################################################################################################################################
Starting Execution:	[136 out of 146] test cases in the current suite
Test Method:		[testPackage01.Test_JSONFileManager.readStringFromJson]
################################################################################################################################################
[ReportManager] File Action [GetAbsolutePath] successfully performed. With the following test data [Relative Folder Path: "src/test/resources/testDataFiles/simpleJSON.json"]. @16-11-2021 08:06:03.0285 AM
[ReportManager] Successfully loaded the following test data file [src/test/resources/testDataFiles/simpleJSON.json]. @16-11-2021 08:06:03.0286 AM
[ReportManager] Successfully created attachment [Test Data - JSON] @16-11-2021 08:06:03.0297 AM
[ReportManager] File Action [GetAbsolutePath] successfully performed. With the following test data [Relative Folder Path: "src/test/resources/testDataFiles/simpleJSON.json"]. @16-11-2021 08:06:03.0298 AM
[ReportManager] Assertion [ValidateEquals] PASSED. Expected [Mohab Mohie] and Actual [Mohab Mohie]. Comparison Type [EQUALS]. Validation Type [POSITIVE]. @16-11-2021 08:06:03.0312 A
[ReportManager] File Action [GetAbsolutePath] successfully performed. With the following test data [Relative Folder Path: "target/downloadedFiles/"]. @16-11-2021 08:06:03.0343 AM
[ReportManager] Attempting to run locally on: [Mac-64], [Safari], Headless Execution. @16-11-2021 08:06:03.0343 AM
[ReportManager] Successfully Opened Safari. @16-11-2021 08:06:04.0139 AM
[ReportManager] Initial window size: (800, 600) @16-11-2021 08:06:04.0189 AM
[ReportManager] Window size after SWD Maximize: (1176, 811) @16-11-2021 08:06:04.0257 AM
[ReportManager] Browser Action [MaximizeWindow] successfully performed. With the following test data [New screen size is now: (1176, 811)]. @16-11-2021 08:06:04.0258 A

################################################################################################################################################
Starting Execution:	[137 out of 146] test cases in the current suite
Test Method:		[testPackage01.Test_assertEquals.test_assertElementAttribute]
################################################################################################################################################
[ReportManager] Target URL: [https://www.google.com/ncr], and after redirection: [https://www.google.com] @16-11-2021 08:06:04.0320 AM
[ReportManager] Initial URL: [] @16-11-2021 08:06:04.0362 AM
[ReportManager] Browser Action [NavigateToURL] successfully performed. With the following test data [https://www.google.com/ncr]. @16-11-2021 08:06:05.0311 AM
[ReportManager] Element Action [Type] successfully performed. With the following test data [INC_004010050:Another SCHEDULER with the same name [Duplicate Job Name] already exists.]. @16-11-2021 08:06:07.0938 AM
[ReportManager] Element Action [GetText] successfully performed. With the following test data [INC_004010050:Another SCHEDULER with the same name [Duplicate Job Name] already exists.]. @16-11-2021 08:06:08.0040 AM
[ReportManager] Loaded Shared OpenCV @16-11-2021 08:06:08.0091 AM
[ReportManager] Assertion [ValidateElementAttribute] PASSED. Expected [Value Should be 'INC_004010050:Another SCHEDULER with the same name \[Duplicate Job Name\] already exists.' for the 'text' attribute, element locator 'By.name: q'] and Actual [INC_004010050:Another SCHEDULER with the same name [Duplicate Job Name] already exists.]. Comparison Type [MATCHES]. Validation Type [POSITIVE]. @16-11-2021 08:06:08.0249 AM
[ReportManager] Successfully created attachment [Screenshot - 1637049968091_test_assertElementAttribute_ValidateElementAttribute_passed] @16-11-2021 08:06:08.0265 A
[ReportManager] Browser Action [CloseCurrentWindow] successfully performed. @16-11-2021 08:06:08.0612 AM
[ReportManager] Successfully created attachment [Browser Action Test Data - CloseCurrentWindow - Actual Value] @16-11-2021 08:06:08.0613 A
[ReportManager] File Action [GetAbsolutePath] successfully performed. With the following test data [Relative Folder Path: "target/downloadedFiles/"]. @16-11-2021 08:06:08.0615 AM
[ReportManager] Attempting to run locally on: [Mac-64], [Safari], Headless Execution. @16-11-2021 08:06:08.0615 AM
[ReportManager] Successfully Opened Safari. @16-11-2021 08:06:09.0450 AM
[ReportManager] Initial window size: (800, 600) @16-11-2021 08:06:09.0457 AM
[ReportManager] Window size after SWD Maximize: (1176, 811) @16-11-2021 08:06:09.0484 AM
[ReportManager] Browser Action [MaximizeWindow] successfully performed. With the following test data [New screen size is now: (1176, 811)]. @16-11-2021 08:06:09.0484 A

################################################################################################################################################
Starting Execution:	[138 out of 146] test cases in the current suite
Test Method:		[testPackage01.Test_IsElementClickable.testIsElementClickable]
################################################################################################################################################
[ReportManager] Target URL: [https://the-internet.herokuapp.com/] @16-11-2021 08:06:09.0522 AM
[ReportManager] Initial URL: [] @16-11-2021 08:06:09.0577 AM
[ReportManager] Browser Action [NavigateToURL] successfully performed. With the following test data [https://the-internet.herokuapp.com/]. @16-11-2021 08:06:10.0112 AM
[ReportManager] Element Action [IsElementClickable] successfully performed. @16-11-2021 08:06:10.0192 AM
[ReportManager] Assertion [ValidateTrue] PASSED. Expected [TRUE] and Actual [TRUE]. Validation Type [POSITIVE]. @16-11-2021 08:06:10.0192 A
[ReportManager] Browser Action [CloseCurrentWindow] successfully performed. @16-11-2021 08:06:10.0642 AM
[ReportManager] Successfully created attachment [Browser Action Test Data - CloseCurrentWindow - Actual Value] @16-11-2021 08:06:10.0651 A
[ReportManager] Successfully loaded the following test data file [src/test/resources/TestDataFiles/testSuite01/TestData.xlsx]. @16-11-2021 08:06:10.0719 AM
[ReportManager] Successfully created attachment [Test Data - Excel] @16-11-2021 08:06:10.0733 AM
[ReportManager] Attempting to run using Playwright locally on: [Mac-64], [Safari], Headless Execution. @16-11-2021 08:07:24.0291 AM
[ReportManager] File Action [GetAbsolutePath] successfully performed. With the following test data [Relative Folder Path: "target/downloadedFiles/"]. @16-11-2021 08:07:24.0292 AM
[ReportManager] Initial window size: (1280, 720) @16-11-2021 08:07:31.0295 AM
[ReportManager] Window size after Toolkit: com.microsoft.playwright.options.ViewportSize@102d33d1 @16-11-2021 08:07:31.0306 AM
[ReportManager] Browser Action [MaximizeWindow] successfully performed. With the following test data [New screen size is now: (1920, 1080)]. @16-11-2021 08:07:31.0307 A

################################################################################################################################################
Starting Execution:	[139 out of 146] test cases in the current suite
Test Method:		[testPackage01.Test_google_playwright.navigateToURLandVerifyGoogleLogoIsDisplayed]
Test Description:	[TC001 - Navigate to URL and Verify Google Logo is Displayed]
################################################################################################################################################
[ReportManager] Target URL: [https://www.google.com/ncr], and after redirection: [https://www.google.com] @16-11-2021 08:07:31.0324 AM
[ReportManager] Initial URL: [about:blank] @16-11-2021 08:07:31.0765 AM
[ReportManager] Browser Action [NavigateToURL] successfully performed. With the following test data [https://www.google.com/ncr]. @16-11-2021 08:07:33.0338 AM
[ReportManager] Loaded Shared OpenCV @16-11-2021 08:07:33.0427 AM
[ReportManager] Assertion [ValidateElementExists] PASSED. Expected [Element Should Exist, locator 'xpath=//*[@id='hplogo' or @alt='Google']'] and Actual [Element Exists]. Comparison Type [EQUALS]. Validation Type [POSITIVE]. @16-11-2021 08:07:33.0655 AM
[ReportManager] Successfully created attachment [Screenshot - 1637050053423_navigateToURLandVerifyGoogleLogoIsDisplayed_ValidateElementExists_passed] @16-11-2021 08:07:33.0672 A

################################################################################################################################################
Starting Execution:	[140 out of 146] test cases in the current suite
Test Method:		[testPackage01.Test_google_playwright.searchForQueryandAssertResultsNumDisplayed]
Test Description:	[TC002 - Search for Query and Assert that the number of results is displayed]
################################################################################################################################################
[ReportManager] Element Action [Type] successfully performed. With the following test data [SHAFT_Engine]. @16-11-2021 08:07:33.0921 AM
[ReportManager] Element Action [KeyPress] successfully performed. With the following test data [Enter]. @16-11-2021 08:07:34.0038 AM
[ReportManager] Element Action [GetText] successfully performed. With the following test data [About 4,210,000 results (0.49 seconds)Â 
]. @16-11-2021 08:07:35.0679 AM
[ReportManager] Loaded Shared OpenCV @16-11-2021 08:07:36.0421 AM
[ReportManager] Assertion [ValidateElementAttribute] PASSED. Expected [Value Should not be '' for the 'text' attribute, element locator 'xpath=//div[@id='appbar']'] and Actual [About 4,210,000 results (0.49 seconds)Â 
]. Comparison Type [EQUALS]. Validation Type [NEGATIVE]. @16-11-2021 08:07:36.0668 AM
[ReportManager] Successfully created attachment [Screenshot - 1637050056419_searchForQueryandAssertResultsNumDisplayed_ValidateElementAttribute_passed] @16-11-2021 08:07:36.0684 A

################################################################################################################################################
Starting Execution:	[141 out of 146] test cases in the current suite
Test Method:		[testPackage01.Test_google_playwright.clickNextThrice]
Test Description:	[TC003 - Clicks the next button to make sure that the framework can scroll element into view before clicking it]
################################################################################################################################################
[ReportManager] Element Action [Click] successfully performed. With the following test data [Next]. @16-11-2021 08:07:37.0070 A
[ReportManager] Failed to find video recording. @16-11-2021 08:07:37.0105 AM
[ReportManager] Successfully Closed PlayWright Driver. @16-11-2021 08:07:37.0154 A
[ReportManager] File Action [GetAbsolutePath] successfully performed. With the following test data [Relative Folder Path: "target/downloadedFiles/"]. @16-11-2021 08:07:37.0170 AM
[ReportManager] Attempting to run locally on: [Mac-64], [Safari], Headless Execution. @16-11-2021 08:07:37.0170 AM
[ReportManager] Successfully Opened Safari. @16-11-2021 08:07:37.0979 AM
[ReportManager] Initial window size: (800, 600) @16-11-2021 08:07:38.0010 AM
[ReportManager] Window size after SWD Maximize: (1176, 811) @16-11-2021 08:07:38.0039 AM
[ReportManager] Browser Action [MaximizeWindow] successfully performed. With the following test data [New screen size is now: (1176, 811)]. @16-11-2021 08:07:38.0039 A

################################################################################################################################################
Starting Execution:	[142 out of 146] test cases in the current suite
Test Method:		[testPackage01.Test_verifyEquals.test_assertElementAttribute]
################################################################################################################################################
[ReportManager] Target URL: [https://www.google.com/ncr], and after redirection: [https://www.google.com] @16-11-2021 08:07:38.0042 AM
[ReportManager] Initial URL: [] @16-11-2021 08:07:38.0126 AM
[ReportManager] Browser Action [NavigateToURL] successfully performed. With the following test data [https://www.google.com/ncr]. @16-11-2021 08:07:39.0538 AM
[ReportManager] Element Action [Type] successfully performed. With the following test data [INC_004010050:Another SCHEDULER with the same name [Duplicate Job Name] already exists.]. @16-11-2021 08:07:42.0123 AM
[ReportManager] Element Action [GetText] successfully performed. With the following test data [INC_004010050:Another SCHEDULER with the same name [Duplicate Job Name] already exists.]. @16-11-2021 08:07:42.0317 AM
[ReportManager] Loaded Shared OpenCV @16-11-2021 08:07:42.0379 AM
[ReportManager] Verification [ValidateElementAttribute] PASSED. Expected [Value Should be 'INC_004010050:Another SCHEDULER with the same name \[Duplicate Job Name\] already exists.' for the 'text' attribute, element locator 'By.name: q'] and Actual [INC_004010050:Another SCHEDULER with the same name [Duplicate Job Name] already exists.]. Comparison Type [MATCHES]. Validation Type [POSITIVE]. @16-11-2021 08:07:42.0510 AM
[ReportManager] Successfully created attachment [Screenshot - 1637050062379_test_assertElementAttribute_ValidateElementAttribute_passed] @16-11-2021 08:07:42.0511 A
[ReportManager] Browser Action [CloseCurrentWindow] successfully performed. @16-11-2021 08:07:42.0823 AM
[ReportManager] Successfully created attachment [Browser Action Test Data - CloseCurrentWindow - Actual Value] @16-11-2021 08:07:42.0834 A

################################################################################################################################################
Starting Execution:	[143 out of 146] test cases in the current suite
Test Method:		[testPackage01.Test_SelectedValue.multipleSelect]
################################################################################################################################################
[ReportManager] File Action [GetAbsolutePath] successfully performed. With the following test data [Relative Folder Path: "target/downloadedFiles/"]. @16-11-2021 08:07:42.0854 AM
[ReportManager] Attempting to run locally on: [Mac-64], [GoogleChrome], Headless Execution. @16-11-2021 08:07:42.0854 AM
[ReportManager] Identifying OS/Driver combination and selecting the correct driver version automatically. Please note that if a new driver executable will be downloaded it may take some time... @16-11-2021 08:07:42.0854 AM
[ReportManager] Successfully Opened Google Chrome. @16-11-2021 08:07:42.0996 AM
[ReportManager] Initial window size: (1920, 1080) @16-11-2021 08:07:43.0001 AM
[ReportManager] Window size after SWD Maximize: (1920, 1080) @16-11-2021 08:07:43.0118 AM
[ReportManager] Window size after Toolkit: (1920, 1080) @16-11-2021 08:07:43.0591 AM
[ReportManager] Browser Action [MaximizeWindow] successfully performed. With the following test data [New screen size is now: (1920, 1080)]. @16-11-2021 08:07:43.0595 AM
[ReportManager] Target URL: [https://yari-demos.prod.mdn.mozit.cloud/en-US/docs/Web/HTML/Element/select/_sample_.Advanced_select_with_multiple_features.html] @16-11-2021 08:07:43.0596 AM
[ReportManager] Initial URL: [https://www.google.com] @16-11-2021 08:07:43.0635 AM
[ReportManager] Browser Action [NavigateToURL] successfully performed. With the following test data [https://yari-demos.prod.mdn.mozit.cloud/en-US/docs/Web/HTML/Element/select/_sample_.Advanced_select_with_multiple_features.html]. @16-11-2021 08:07:43.0890 AM
[ReportManager] Element Action [Select] successfully performed. With the following test data [Dog]. @16-11-2021 08:07:44.0095 AM
[ReportManager] Element Action [Select] successfully performed. With the following test data [Cat]. @16-11-2021 08:07:44.0297 AM
[ReportManager] Element Action [GetSelectedText] successfully performed. With the following test data [DogCat]. @16-11-2021 08:07:44.0401 AM
[ReportManager] DogCat @16-11-2021 08:07:44.0402 AM
[ReportManager] Element Action [GetSelectedText] successfully performed. With the following test data [DogCat]. @16-11-2021 08:07:44.0493 AM
[ReportManager] Loaded Shared OpenCV @16-11-2021 08:07:44.0892 AM
[ReportManager] Assertion [ValidateElementAttribute] PASSED. Expected [Value Should be 'DogCat' for the 'selectedText' attribute, element locator 'By.tagName: select'] and Actual [DogCat]. Comparison Type [EQUALS]. Validation Type [POSITIVE]. @16-11-2021 08:07:45.0083 AM
[ReportManager] Successfully created attachment [Screenshot - 1637050064892_multipleSelect_ValidateElementAttribute_passed] @16-11-2021 08:07:45.0084 AM
[ReportManager] Browser Action [CloseCurrentWindow] successfully performed. @16-11-2021 08:07:45.0176 AM
[ReportManager] Successfully created attachment [Browser Action Test Data - CloseCurrentWindow - Actual Value] @16-11-2021 08:07:45.0188 A

################################################################################################################################################
Starting Execution:	[144 out of 146] test cases in the current suite
Test Method:		[testPackage01.Test_SelectedValue.simpleSelect]
################################################################################################################################################
[ReportManager] File Action [GetAbsolutePath] successfully performed. With the following test data [Relative Folder Path: "target/downloadedFiles/"]. @16-11-2021 08:07:45.0220 AM
[ReportManager] Attempting to run locally on: [Mac-64], [GoogleChrome], Headless Execution. @16-11-2021 08:07:45.0220 AM
[ReportManager] Identifying OS/Driver combination and selecting the correct driver version automatically. Please note that if a new driver executable will be downloaded it may take some time... @16-11-2021 08:07:45.0221 AM
[ReportManager] Successfully Opened Google Chrome. @16-11-2021 08:07:45.0465 AM
[ReportManager] Initial window size: (1920, 1080) @16-11-2021 08:07:45.0470 AM
[ReportManager] Window size after SWD Maximize: (1920, 1080) @16-11-2021 08:07:45.0680 AM
[ReportManager] Window size after Toolkit: (1920, 1080) @16-11-2021 08:07:46.0125 AM
[ReportManager] Browser Action [MaximizeWindow] successfully performed. With the following test data [New screen size is now: (1920, 1080)]. @16-11-2021 08:07:46.0130 AM
[ReportManager] Target URL: [https://yari-demos.prod.mdn.mozit.cloud/en-US/docs/Web/HTML/Element/select/_sample_.Basic_select.html] @16-11-2021 08:07:46.0130 AM
[ReportManager] Initial URL: [https://yari-demos.prod.mdn.mozit.cloud/en-US/docs/Web/HTML/Element/select/_sample_.Advanced_select_with_multiple_features.html] @16-11-2021 08:07:46.0158 AM
[ReportManager] Browser Action [NavigateToURL] successfully performed. With the following test data [https://yari-demos.prod.mdn.mozit.cloud/en-US/docs/Web/HTML/Element/select/_sample_.Basic_select.html]. @16-11-2021 08:07:46.0330 AM
[ReportManager] Element Action [Select] successfully performed. With the following test data [Third Value]. @16-11-2021 08:07:46.0579 AM
[ReportManager] Element Action [GetSelectedText] successfully performed. With the following test data [Third Value]. @16-11-2021 08:07:46.0658 AM
[ReportManager] Third Value @16-11-2021 08:07:46.0658 AM
[ReportManager] Element Action [GetSelectedText] successfully performed. With the following test data [Third Value]. @16-11-2021 08:07:46.0733 AM
[ReportManager] Loaded Shared OpenCV @16-11-2021 08:07:47.0036 AM
[ReportManager] Assertion [ValidateElementAttribute] PASSED. Expected [Value Should be 'Third Value' for the 'selectedText' attribute, element locator 'By.tagName: select'] and Actual [Third Value]. Comparison Type [EQUALS]. Validation Type [POSITIVE]. @16-11-2021 08:07:47.0225 AM
[ReportManager] Successfully created attachment [Screenshot - 1637050067036_simpleSelect_ValidateElementAttribute_passed] @16-11-2021 08:07:47.0237 AM
[ReportManager] Browser Action [CloseCurrentWindow] successfully performed. @16-11-2021 08:07:47.0452 AM
[ReportManager] Successfully created attachment [Browser Action Test Data - CloseCurrentWindow - Actual Value] @16-11-2021 08:07:47.0458 A
[ReportManager] File Action [GetAbsolutePath] successfully performed. With the following test data [Relative Folder Path: "target/downloadedFiles/"]. @16-11-2021 08:07:47.0499 AM
[ReportManager] Attempting to run locally on: [Mac-64], [Safari], Headless Execution. @16-11-2021 08:07:47.0500 AM
[ReportManager] Successfully Opened Safari. @16-11-2021 08:07:48.0371 AM
[ReportManager] Initial window size: (800, 600) @16-11-2021 08:07:48.0398 AM
[ReportManager] Window size after SWD Maximize: (1176, 811) @16-11-2021 08:07:48.0520 AM
[ReportManager] Browser Action [MaximizeWindow] successfully performed. With the following test data [New screen size is now: (1176, 811)]. @16-11-2021 08:07:48.0521 A

################################################################################################################################################
Starting Execution:	[145 out of 146] test cases in the current suite
Test Method:		[testPackage01.Test_dynamicLoading.dynamicLoading_elementIsHidden]
################################################################################################################################################
[ReportManager] Target URL: [https://the-internet.herokuapp.com/dynamic_loading/1] @16-11-2021 08:07:48.0542 AM
[ReportManager] Initial URL: [] @16-11-2021 08:07:48.0592 AM
[ReportManager] Browser Action [NavigateToURL] successfully performed. With the following test data [https://the-internet.herokuapp.com/dynamic_loading/1]. @16-11-2021 08:07:49.0230 AM
[ReportManager] Element Action [Click] successfully performed. With the following test data [By.xpath: //button[text()='Start']]. @16-11-2021 08:07:49.0440 AM
[ReportManager] Element Action [GetText] successfully performed. With the following test data [
    Hello World!
  ]. @16-11-2021 08:07:49.0484 A
[ReportManager] Browser Action [CloseCurrentWindow] successfully performed. @16-11-2021 08:07:49.0868 AM
[ReportManager] Successfully created attachment [Browser Action Test Data - CloseCurrentWindow - Actual Value] @16-11-2021 08:07:49.0868 A
[ReportManager] File Action [GetAbsolutePath] successfully performed. With the following test data [Relative Folder Path: "target/downloadedFiles/"]. @16-11-2021 08:07:49.0870 AM
[ReportManager] Attempting to run locally on: [Mac-64], [Safari], Headless Execution. @16-11-2021 08:07:49.0870 AM
[ReportManager] Successfully Opened Safari. @16-11-2021 08:07:50.0772 AM
[ReportManager] Initial window size: (800, 600) @16-11-2021 08:07:50.0793 AM
[ReportManager] Window size after SWD Maximize: (1176, 811) @16-11-2021 08:07:50.0942 AM
[ReportManager] Browser Action [MaximizeWindow] successfully performed. With the following test data [New screen size is now: (1176, 811)]. @16-11-2021 08:07:50.0943 A

################################################################################################################################################
Starting Execution:	[146 out of 146] test cases in the current suite
Test Method:		[testPackage01.Test_dynamicLoading.dynamicLoading_elementIsRendered]
################################################################################################################################################
[ReportManager] Target URL: [https://the-internet.herokuapp.com/dynamic_loading/2] @16-11-2021 08:07:50.0946 AM
[ReportManager] Initial URL: [] @16-11-2021 08:07:50.0996 AM
[ReportManager] Browser Action [NavigateToURL] successfully performed. With the following test data [https://the-internet.herokuapp.com/dynamic_loading/2]. @16-11-2021 08:07:53.0113 AM
[ReportManager] Element Action [Click] successfully performed. With the following test data [By.xpath: //button[text()='Start']]. @16-11-2021 08:07:53.0365 A
[ReportManager] Browser Action [CloseCurrentWindow] successfully performed. @16-11-2021 08:07:53.0600 AM
[ReportManager] Successfully created attachment [Browser Action Test Data - CloseCurrentWindow - Actual Value] @16-11-2021 08:07:53.0600 A
[ReportManager] Successfully created attachment [SHAFT Engine Logs - Execution log] @16-11-2021 08:07:53.0921 AM

################################################################################################################################################
This test run was powered by SHAFT Engine Version: [SHAFT Engine v5.4.20211116-BETA]
SHAFT Engine is licensed under the MIT License: [https://github.com/MohabMohie/SHAFT_ENGINE/blob/master/LICENSE].
################################################################################################################################################