################################################################################################################################################
Detected SHAFT Engine Version: [SHAFT Engine v5.4.20211116-BETA]
################################################################################################################################################
[ReportManager] File Action [GetAbsolutePath] successfully performed. With the following test data [Relative Folder Path: "target/downloadedFiles/"]. @16-11-2021 21:51:56.0115 PM
[ReportManager] Attempting to run locally on: [Mac-64], [Safari], Headless Execution. @16-11-2021 21:51:56.0131 PM
[ReportManager] Successfully Opened Safari. @16-11-2021 21:52:01.0489 PM
[ReportManager] Initial window size: (800, 600) @16-11-2021 21:52:01.0622 PM
[ReportManager] Window size after SWD Maximize: (1176, 810) @16-11-2021 21:52:01.0669 PM
[ReportManager] Browser Action [MaximizeWindow] successfully performed. With the following test data [New screen size is now: (1176, 810)]. @16-11-2021 21:52:01.0680 P

################################################################################################################################################
Starting Execution:	[1 out of 146] test cases in the current suite
Test Method:		[unitTests.tests_element_elementActions.waitForElementToBePresent_false_expectedToFail]
################################################################################################################################################
[ReportManager] Target URL: [https://www.google.com/ncr], and after redirection: [www.google.com] @16-11-2021 21:52:01.0938 PM
[ReportManager] Initial URL: [] @16-11-2021 21:52:02.0057 PM
[ReportManager] Browser Action [NavigateToURL] successfully performed. With the following test data [https://www.google.com/ncr]. @16-11-2021 21:52:04.0035 PM
[ReportManager] Waiting for element to be present; elementLocator [By.xpath: //*[@id='hplogo' or @alt='Google']], numberOfTries[1], stateOfPresence[false]... @16-11-2021 21:52:04.0044 PM
[ReportManager] Element Action [WaitForElementToBePresent] failed. With the following test data [waited for the element's state of presence to be (false). Element locator (By.xpath: //*[@id='hplogo' or @alt='Google'])]. @16-11-2021 21:52:07.0013 PM
[ReportManager] Successfully created attachment [Screenshot - 1637099524112_waitForElementToBePresent_false_expectedToFail_WaitForElementToBePresent_failed] @16-11-2021 21:52:07.0041 P
[ReportManager] Browser Action [CloseCurrentWindow] successfully performed. @16-11-2021 21:52:07.0176 PM
[ReportManager] Successfully created attachment [Browser Action Test Data - CloseCurrentWindow - Actual Value] @16-11-2021 21:52:07.0198 P
[ReportManager] File Action [GetAbsolutePath] successfully performed. With the following test data [Relative Folder Path: "target/downloadedFiles/"]. @16-11-2021 21:52:07.0245 PM
[ReportManager] Attempting to run locally on: [Mac-64], [Safari], Headless Execution. @16-11-2021 21:52:07.0246 PM
[ReportManager] Successfully Opened Safari. @16-11-2021 21:52:08.0361 PM
[ReportManager] Initial window size: (800, 600) @16-11-2021 21:52:08.0373 PM
[ReportManager] Window size after SWD Maximize: (1176, 811) @16-11-2021 21:52:08.0423 PM
[ReportManager] Browser Action [MaximizeWindow] successfully performed. With the following test data [New screen size is now: (1176, 811)]. @16-11-2021 21:52:08.0424 P

################################################################################################################################################
Starting Execution:	[2 out of 146] test cases in the current suite
Test Method:		[unitTests.tests_element_elementActions.waitForElementToBePresent_false_expectedToPass]
################################################################################################################################################
[ReportManager] Target URL: [https://www.google.com/ncr], and after redirection: [www.google.com] @16-11-2021 21:52:08.0459 PM
[ReportManager] Initial URL: [] @16-11-2021 21:52:08.0553 PM
[ReportManager] Browser Action [NavigateToURL] successfully performed. With the following test data [https://www.google.com/ncr]. @16-11-2021 21:52:10.0058 PM
[ReportManager] Waiting for element to be present; elementLocator [By.id: bla], numberOfTries[1], stateOfPresence[false]... @16-11-2021 21:52:10.0059 P
[ReportManager] Browser Action [CloseCurrentWindow] successfully performed. @16-11-2021 21:52:10.0290 PM
[ReportManager] Successfully created attachment [Browser Action Test Data - CloseCurrentWindow - Actual Value] @16-11-2021 21:52:10.0305 P
[ReportManager] File Action [GetAbsolutePath] successfully performed. With the following test data [Relative Folder Path: "target/downloadedFiles/"]. @16-11-2021 21:52:10.0343 PM
[ReportManager] Attempting to run locally on: [Mac-64], [Safari], Headless Execution. @16-11-2021 21:52:10.0344 PM
[ReportManager] Successfully Opened Safari. @16-11-2021 21:52:11.0320 PM
[ReportManager] Initial window size: (800, 600) @16-11-2021 21:52:11.0328 PM
[ReportManager] Window size after SWD Maximize: (1176, 811) @16-11-2021 21:52:11.0356 PM
[ReportManager] Browser Action [MaximizeWindow] successfully performed. With the following test data [New screen size is now: (1176, 811)]. @16-11-2021 21:52:11.0357 P

################################################################################################################################################
Starting Execution:	[3 out of 146] test cases in the current suite
Test Method:		[unitTests.tests_element_elementActions.waitForElementToBePresent_moreThanOneElement_expectedToFail]
################################################################################################################################################
[ReportManager] Target URL: [https://www.google.com/ncr], and after redirection: [www.google.com] @16-11-2021 21:52:11.0410 PM
[ReportManager] Initial URL: [] @16-11-2021 21:52:11.0491 PM
[ReportManager] Browser Action [NavigateToURL] successfully performed. With the following test data [https://www.google.com/ncr]. @16-11-2021 21:52:12.0706 PM
[ReportManager] Waiting for element to be present; elementLocator [By.xpath: //*], numberOfTries[1], stateOfPresence[false]... @16-11-2021 21:52:12.0707 PM
[ReportManager] Element Action [WaitForElementToBePresent] failed. With the following test data [waited for the element's state of presence to be (false). Element locator (By.xpath: //*)]. @16-11-2021 21:52:12.0947 PM
[ReportManager] Successfully created attachment [Screenshot - 1637099532804_waitForElementToBePresent_moreThanOneElement_expectedToFail_WaitForElementToBePresent_failed] @16-11-2021 21:52:12.0965 P
[ReportManager] Browser Action [CloseCurrentWindow] successfully performed. @16-11-2021 21:52:13.0425 PM
[ReportManager] Successfully created attachment [Browser Action Test Data - CloseCurrentWindow - Actual Value] @16-11-2021 21:52:13.0427 P
[ReportManager] File Action [GetAbsolutePath] successfully performed. With the following test data [Relative Folder Path: "target/downloadedFiles/"]. @16-11-2021 21:52:13.0433 PM
[ReportManager] Attempting to run locally on: [Mac-64], [Safari], Headless Execution. @16-11-2021 21:52:13.0433 PM
[ReportManager] Successfully Opened Safari. @16-11-2021 21:52:14.0379 PM
[ReportManager] Initial window size: (800, 600) @16-11-2021 21:52:14.0461 PM
[ReportManager] Window size after SWD Maximize: (1176, 811) @16-11-2021 21:52:14.0556 PM
[ReportManager] Browser Action [MaximizeWindow] successfully performed. With the following test data [New screen size is now: (1176, 811)]. @16-11-2021 21:52:14.0556 P

################################################################################################################################################
Starting Execution:	[4 out of 146] test cases in the current suite
Test Method:		[unitTests.tests_element_elementActions.waitForElementToBePresent_true_expectedToFail]
################################################################################################################################################
[ReportManager] Target URL: [https://www.google.com/ncr], and after redirection: [www.google.com] @16-11-2021 21:52:14.0594 PM
[ReportManager] Initial URL: [] @16-11-2021 21:52:14.0641 PM
[ReportManager] Browser Action [NavigateToURL] successfully performed. With the following test data [https://www.google.com/ncr]. @16-11-2021 21:52:16.0064 PM
[ReportManager] Waiting for element to be present; elementLocator [By.id: bla], numberOfTries[1], stateOfPresence[true]... @16-11-2021 21:52:16.0065 P
[ReportManager] Browser Action [CloseCurrentWindow] successfully performed. @16-11-2021 21:52:16.0467 PM
[ReportManager] Successfully created attachment [Browser Action Test Data - CloseCurrentWindow - Actual Value] @16-11-2021 21:52:16.0477 P
[ReportManager] File Action [GetAbsolutePath] successfully performed. With the following test data [Relative Folder Path: "target/downloadedFiles/"]. @16-11-2021 21:52:16.0514 PM
[ReportManager] Attempting to run locally on: [Mac-64], [Safari], Headless Execution. @16-11-2021 21:52:16.0515 PM
[ReportManager] Successfully Opened Safari. @16-11-2021 21:52:17.0584 PM
[ReportManager] Initial window size: (800, 600) @16-11-2021 21:52:17.0667 PM
[ReportManager] Window size after SWD Maximize: (1176, 811) @16-11-2021 21:52:17.0714 PM
[ReportManager] Browser Action [MaximizeWindow] successfully performed. With the following test data [New screen size is now: (1176, 811)]. @16-11-2021 21:52:17.0715 P

################################################################################################################################################
Starting Execution:	[5 out of 146] test cases in the current suite
Test Method:		[unitTests.tests_element_elementActions.waitForElementToBePresent_true_expectedToPass]
################################################################################################################################################
[ReportManager] Target URL: [https://www.google.com/ncr], and after redirection: [www.google.com] @16-11-2021 21:52:17.0748 PM
[ReportManager] Initial URL: [] @16-11-2021 21:52:17.0810 PM
[ReportManager] Browser Action [NavigateToURL] successfully performed. With the following test data [https://www.google.com/ncr]. @16-11-2021 21:52:19.0231 PM
[ReportManager] Waiting for element to be present; elementLocator [By.xpath: //*[@id='hplogo' or @alt='Google']], numberOfTries[1], stateOfPresence[true]... @16-11-2021 21:52:19.0232 PM
[ReportManager] Element Action [WaitForElementToBePresent] successfully performed. With the following test data [waited for the element's state of presence to be (true). Element locator (By.xpath: //*[@id='hplogo' or @alt='Google'])]. @16-11-2021 21:52:19.0306 PM
[ReportManager] File Action [DoesFileExist] successfully performed. With the following test data [File Path: "src/main/resources/dynamicObjectRepository/unitTests_tests_element_elementActions_waitForElementToBePresent_true_expectedToPass_By_xpath_id_hplogo_or_alt_Google.png"]. @16-11-2021 21:52:19.0330 PM
[ReportManager] File Action [DoesFileExist] successfully performed. With the following test data [File Path: "src/main/resources/dynamicObjectRepository/unitTests_tests_element_elementActions_waitForElementToBePresent_true_expectedToPass_By_xpath_id_hplogo_or_alt_Google.png"]. @16-11-2021 21:52:19.0468 PM
[ReportManager] Passing the test and saving a reference image @16-11-2021 21:52:19.0468 PM
[ReportManager] File Action [GetAbsolutePath] successfully performed. With the following test data [Relative File Path: "src/main/resources/dynamicObjectRepository/unitTests_tests_element_elementActions_waitForElementToBePresent_true_expectedToPass_By_xpath_id_hplogo_or_alt_Google.png"]. @16-11-2021 21:52:19.0468 PM
[ReportManager] File Action [WriteToFile] successfully performed. With the following test data [Target File Path: "/Users/runner/work/SHAFT_ENGINE/SHAFT_ENGINE/src/main/resources/dynamicObjectRepository/unitTests_tests_element_elementActions_waitForElementToBePresent_true_expectedToPass_By_xpath_id_hplogo_or_alt_Google.png"]. @16-11-2021 21:52:19.0475 PM
[ReportManager] Assertion Passed: Using Visual AI; OpenCV @16-11-2021 21:52:19.0477 PM
[ReportManager] Successfully created attachment [Validation Test Data - Actual Screenshot] @16-11-2021 21:52:19.0490 PM
[ReportManager] Assertion [ValidateElementMatches] PASSED. Expected [Element should match the reference screenshot] and Actual [TRUE]. Comparison Type [EXACT_OPENCV]. Validation Type [POSITIVE]. @16-11-2021 21:52:19.0490 P
[ReportManager] Browser Action [CloseCurrentWindow] successfully performed. @16-11-2021 21:52:19.0660 PM
[ReportManager] Successfully created attachment [Browser Action Test Data - CloseCurrentWindow - Actual Value] @16-11-2021 21:52:19.0668 P
[ReportManager] File Action [GetAbsolutePath] successfully performed. With the following test data [Relative Folder Path: "target/downloadedFiles/"]. @16-11-2021 21:52:19.0693 PM
[ReportManager] Attempting to run locally on: [Mac-64], [Safari], Headless Execution. @16-11-2021 21:52:19.0693 PM
[ReportManager] Successfully Opened Safari. @16-11-2021 21:52:20.0655 PM
[ReportManager] Initial window size: (800, 600) @16-11-2021 21:52:20.0664 PM
[ReportManager] Window size after SWD Maximize: (1176, 811) @16-11-2021 21:52:20.0728 PM
[ReportManager] Browser Action [MaximizeWindow] successfully performed. With the following test data [New screen size is now: (1176, 811)]. @16-11-2021 21:52:20.0728 PM
[ReportManager] Target URL: [https://duckduckgo.com] @16-11-2021 21:52:20.0728 PM
[ReportManager] Initial URL: [] @16-11-2021 21:52:20.0788 PM
[ReportManager] Browser Action [NavigateToURL] successfully performed. With the following test data [https://duckduckgo.com]. @16-11-2021 21:52:21.0868 P

################################################################################################################################################
Starting Execution:	[6 out of 146] test cases in the current suite
Test Method:		[unitTests.tests_browserActions.fullScreenWindow]
################################################################################################################################################
[ReportManager] Initial Windows Size: 1176x811 @16-11-2021 21:52:21.0897 PM
[ReportManager] Current Windows Size after fullScreen: 1176x885 @16-11-2021 21:52:22.0133 PM
[ReportManager] Browser Action [FullScreenWindow] successfully performed. @16-11-2021 21:52:22.0163 PM
[ReportManager] Successfully created attachment [Browser Action Test Data - FullScreenWindow - Actual Value] @16-11-2021 21:52:22.0171 P
[ReportManager] Target URL: [https://duckduckgo.com] @16-11-2021 21:52:22.0195 PM
[ReportManager] Initial URL: [https://duckduckgo.com] @16-11-2021 21:52:22.0290 PM
[ReportManager] Browser Action [NavigateToURL] successfully performed. With the following test data [https://duckduckgo.com]. @16-11-2021 21:52:23.0082 PM
[ReportManager] Browser Action [CloseCurrentWindow] successfully performed. @16-11-2021 21:52:23.0529 PM
[ReportManager] Successfully created attachment [Browser Action Test Data - CloseCurrentWindow - Actual Value] @16-11-2021 21:52:23.0540 P
[ReportManager] File Action [GetAbsolutePath] successfully performed. With the following test data [Relative Folder Path: "target/downloadedFiles/"]. @16-11-2021 21:52:23.0564 PM
[ReportManager] Attempting to run locally on: [Mac-64], [Safari], Headless Execution. @16-11-2021 21:52:23.0565 PM
[ReportManager] Successfully Opened Safari. @16-11-2021 21:52:24.0439 PM
[ReportManager] Initial window size: (800, 600) @16-11-2021 21:52:24.0455 PM
[ReportManager] Window size after SWD Maximize: (1176, 811) @16-11-2021 21:52:24.0477 PM
[ReportManager] Browser Action [MaximizeWindow] successfully performed. With the following test data [New screen size is now: (1176, 811)]. @16-11-2021 21:52:24.0477 PM
[ReportManager] Target URL: [https://duckduckgo.com] @16-11-2021 21:52:24.0477 PM
[ReportManager] Initial URL: [] @16-11-2021 21:52:24.0605 PM
[ReportManager] Browser Action [NavigateToURL] successfully performed. With the following test data [https://duckduckgo.com]. @16-11-2021 21:52:25.0505 P

################################################################################################################################################
Starting Execution:	[7 out of 146] test cases in the current suite
Test Method:		[unitTests.tests_browserActions.getCurrentURL]
################################################################################################################################################
[ReportManager] Browser Action [GetCurrentURL] successfully performed. With the following test data [https://duckduckgo.com/]. @16-11-2021 21:52:25.0568 P
[ReportManager] Target URL: [https://duckduckgo.com] @16-11-2021 21:52:25.0582 PM
[ReportManager] Initial URL: [https://duckduckgo.com] @16-11-2021 21:52:25.0667 PM
[ReportManager] Browser Action [NavigateToURL] successfully performed. With the following test data [https://duckduckgo.com]. @16-11-2021 21:52:26.0162 PM
[ReportManager] Browser Action [CloseCurrentWindow] successfully performed. @16-11-2021 21:52:26.0532 PM
[ReportManager] Successfully created attachment [Browser Action Test Data - CloseCurrentWindow - Actual Value] @16-11-2021 21:52:26.0539 P
[ReportManager] File Action [GetAbsolutePath] successfully performed. With the following test data [Relative Folder Path: "target/downloadedFiles/"]. @16-11-2021 21:52:26.0565 PM
[ReportManager] Attempting to run locally on: [Mac-64], [Safari], Headless Execution. @16-11-2021 21:52:26.0566 PM
[ReportManager] Successfully Opened Safari. @16-11-2021 21:52:27.0448 PM
[ReportManager] Initial window size: (800, 600) @16-11-2021 21:52:27.0473 PM
[ReportManager] Window size after SWD Maximize: (1176, 811) @16-11-2021 21:52:27.0504 PM
[ReportManager] Browser Action [MaximizeWindow] successfully performed. With the following test data [New screen size is now: (1176, 811)]. @16-11-2021 21:52:27.0505 PM
[ReportManager] Target URL: [https://duckduckgo.com] @16-11-2021 21:52:27.0505 PM
[ReportManager] Initial URL: [] @16-11-2021 21:52:27.0590 PM
[ReportManager] Browser Action [NavigateToURL] successfully performed. With the following test data [https://duckduckgo.com]. @16-11-2021 21:52:28.0385 P

################################################################################################################################################
Starting Execution:	[8 out of 146] test cases in the current suite
Test Method:		[unitTests.tests_browserActions.getCurrentWindowTitle]
################################################################################################################################################
[ReportManager] Browser Action [GetCurrentWindowTitle] successfully performed. With the following test data [DuckDuckGo â€” Privacy, simplified.]. @16-11-2021 21:52:28.0447 P
[ReportManager] Target URL: [https://duckduckgo.com] @16-11-2021 21:52:28.0461 PM
[ReportManager] Initial URL: [https://duckduckgo.com] @16-11-2021 21:52:28.0520 PM
[ReportManager] Browser Action [NavigateToURL] successfully performed. With the following test data [https://duckduckgo.com]. @16-11-2021 21:52:28.0888 PM
[ReportManager] Browser Action [CloseCurrentWindow] successfully performed. @16-11-2021 21:52:29.0192 PM
[ReportManager] Successfully created attachment [Browser Action Test Data - CloseCurrentWindow - Actual Value] @16-11-2021 21:52:29.0200 P
[ReportManager] File Action [GetAbsolutePath] successfully performed. With the following test data [Relative Folder Path: "target/downloadedFiles/"]. @16-11-2021 21:52:29.0229 PM
[ReportManager] Attempting to run locally on: [Mac-64], [Safari], Headless Execution. @16-11-2021 21:52:29.0229 PM
[ReportManager] Successfully Opened Safari. @16-11-2021 21:52:30.0197 PM
[ReportManager] Initial window size: (800, 600) @16-11-2021 21:52:30.0262 PM
[ReportManager] Window size after SWD Maximize: (1176, 811) @16-11-2021 21:52:30.0300 PM
[ReportManager] Browser Action [MaximizeWindow] successfully performed. With the following test data [New screen size is now: (1176, 811)]. @16-11-2021 21:52:30.0302 PM
[ReportManager] Target URL: [https://duckduckgo.com] @16-11-2021 21:52:30.0302 PM
[ReportManager] Initial URL: [] @16-11-2021 21:52:30.0350 PM
[ReportManager] Browser Action [NavigateToURL] successfully performed. With the following test data [https://duckduckgo.com]. @16-11-2021 21:52:31.0120 P

################################################################################################################################################
Starting Execution:	[9 out of 146] test cases in the current suite
Test Method:		[unitTests.tests_browserActions.getPageSource]
################################################################################################################################################
[ReportManager] Browser Action [GetPageSource] successfully performed. @16-11-2021 21:52:31.0180 PM
[ReportManager] Successfully created attachment [Browser Action Test Data - GetPageSource - Actual Value] @16-11-2021 21:52:31.0187 P
[ReportManager] Target URL: [https://duckduckgo.com] @16-11-2021 21:52:31.0208 PM
[ReportManager] Initial URL: [https://duckduckgo.com] @16-11-2021 21:52:31.0251 PM
[ReportManager] Browser Action [NavigateToURL] successfully performed. With the following test data [https://duckduckgo.com]. @16-11-2021 21:52:31.0740 PM
[ReportManager] Browser Action [CloseCurrentWindow] successfully performed. @16-11-2021 21:52:32.0062 PM
[ReportManager] Successfully created attachment [Browser Action Test Data - CloseCurrentWindow - Actual Value] @16-11-2021 21:52:32.0063 P
[ReportManager] File Action [GetAbsolutePath] successfully performed. With the following test data [Relative Folder Path: "target/downloadedFiles/"]. @16-11-2021 21:52:32.0066 PM
[ReportManager] Attempting to run locally on: [Mac-64], [Safari], Headless Execution. @16-11-2021 21:52:32.0067 PM
[ReportManager] Successfully Opened Safari. @16-11-2021 21:52:32.0941 PM
[ReportManager] Initial window size: (800, 600) @16-11-2021 21:52:32.0950 PM
[ReportManager] Window size after SWD Maximize: (1176, 811) @16-11-2021 21:52:32.0974 PM
[ReportManager] Browser Action [MaximizeWindow] successfully performed. With the following test data [New screen size is now: (1176, 811)]. @16-11-2021 21:52:32.0974 PM
[ReportManager] Target URL: [https://duckduckgo.com] @16-11-2021 21:52:32.0975 PM
[ReportManager] Initial URL: [] @16-11-2021 21:52:33.0040 PM
[ReportManager] Browser Action [NavigateToURL] successfully performed. With the following test data [https://duckduckgo.com]. @16-11-2021 21:52:33.0846 P

################################################################################################################################################
Starting Execution:	[10 out of 146] test cases in the current suite
Test Method:		[unitTests.tests_browserActions.getWindowHandle]
################################################################################################################################################
[ReportManager] Browser Action [GetWindowHandle] successfully performed. With the following test data [page-0924200B-9C9F-4EC3-802C-D0FC6302EFEB]. @16-11-2021 21:52:33.0890 P
[ReportManager] Target URL: [https://duckduckgo.com] @16-11-2021 21:52:33.0910 PM
[ReportManager] Initial URL: [https://duckduckgo.com] @16-11-2021 21:52:33.0965 PM
[ReportManager] Browser Action [NavigateToURL] successfully performed. With the following test data [https://duckduckgo.com]. @16-11-2021 21:52:34.0379 PM
[ReportManager] Browser Action [CloseCurrentWindow] successfully performed. @16-11-2021 21:52:34.0653 PM
[ReportManager] Successfully created attachment [Browser Action Test Data - CloseCurrentWindow - Actual Value] @16-11-2021 21:52:34.0660 P
[ReportManager] File Action [GetAbsolutePath] successfully performed. With the following test data [Relative Folder Path: "target/downloadedFiles/"]. @16-11-2021 21:52:34.0682 PM
[ReportManager] Attempting to run locally on: [Mac-64], [Safari], Headless Execution. @16-11-2021 21:52:34.0682 PM
[ReportManager] Successfully Opened Safari. @16-11-2021 21:52:35.0712 PM
[ReportManager] Initial window size: (800, 600) @16-11-2021 21:52:35.0730 PM
[ReportManager] Window size after SWD Maximize: (1176, 811) @16-11-2021 21:52:35.0798 PM
[ReportManager] Browser Action [MaximizeWindow] successfully performed. With the following test data [New screen size is now: (1176, 811)]. @16-11-2021 21:52:35.0798 PM
[ReportManager] Target URL: [https://duckduckgo.com] @16-11-2021 21:52:35.0798 PM
[ReportManager] Initial URL: [] @16-11-2021 21:52:35.0864 PM
[ReportManager] Browser Action [NavigateToURL] successfully performed. With the following test data [https://duckduckgo.com]. @16-11-2021 21:52:37.0138 P

################################################################################################################################################
Starting Execution:	[11 out of 146] test cases in the current suite
Test Method:		[unitTests.tests_browserActions.getWindowPosition]
################################################################################################################################################
[ReportManager] Browser Action [GetWindowPosition] successfully performed. With the following test data [(0, 23)]. @16-11-2021 21:52:37.0196 P
[ReportManager] Target URL: [https://duckduckgo.com] @16-11-2021 21:52:37.0217 PM
[ReportManager] Initial URL: [https://duckduckgo.com] @16-11-2021 21:52:37.0257 PM
[ReportManager] Browser Action [NavigateToURL] successfully performed. With the following test data [https://duckduckgo.com]. @16-11-2021 21:52:37.0717 PM
[ReportManager] Browser Action [CloseCurrentWindow] successfully performed. @16-11-2021 21:52:38.0012 PM
[ReportManager] Successfully created attachment [Browser Action Test Data - CloseCurrentWindow - Actual Value] @16-11-2021 21:52:38.0019 P
[ReportManager] File Action [GetAbsolutePath] successfully performed. With the following test data [Relative Folder Path: "target/downloadedFiles/"]. @16-11-2021 21:52:38.0041 PM
[ReportManager] Attempting to run locally on: [Mac-64], [Safari], Headless Execution. @16-11-2021 21:52:38.0041 PM
[ReportManager] Successfully Opened Safari. @16-11-2021 21:52:39.0042 PM
[ReportManager] Initial window size: (800, 600) @16-11-2021 21:52:39.0084 PM
[ReportManager] Window size after SWD Maximize: (1176, 811) @16-11-2021 21:52:39.0167 PM
[ReportManager] Browser Action [MaximizeWindow] successfully performed. With the following test data [New screen size is now: (1176, 811)]. @16-11-2021 21:52:39.0167 PM
[ReportManager] Target URL: [https://duckduckgo.com] @16-11-2021 21:52:39.0168 PM
[ReportManager] Initial URL: [] @16-11-2021 21:52:39.0219 PM
[ReportManager] Browser Action [NavigateToURL] successfully performed. With the following test data [https://duckduckgo.com]. @16-11-2021 21:52:40.0301 P

################################################################################################################################################
Starting Execution:	[12 out of 146] test cases in the current suite
Test Method:		[unitTests.tests_browserActions.getWindowSize]
################################################################################################################################################
[ReportManager] Browser Action [GetWindowSize] successfully performed. With the following test data [(1176, 811)]. @16-11-2021 21:52:40.0351 P
[ReportManager] Target URL: [https://duckduckgo.com] @16-11-2021 21:52:40.0371 PM
[ReportManager] Initial URL: [https://duckduckgo.com] @16-11-2021 21:52:40.0430 PM
[ReportManager] Browser Action [NavigateToURL] successfully performed. With the following test data [https://duckduckgo.com]. @16-11-2021 21:52:41.0043 PM
[ReportManager] Browser Action [CloseCurrentWindow] successfully performed. @16-11-2021 21:52:41.0468 PM
[ReportManager] Successfully created attachment [Browser Action Test Data - CloseCurrentWindow - Actual Value] @16-11-2021 21:52:41.0469 P
[ReportManager] File Action [GetAbsolutePath] successfully performed. With the following test data [Relative Folder Path: "target/downloadedFiles/"]. @16-11-2021 21:52:41.0472 PM
[ReportManager] Attempting to run locally on: [Mac-64], [Safari], Headless Execution. @16-11-2021 21:52:41.0472 PM
[ReportManager] Successfully Opened Safari. @16-11-2021 21:52:42.0379 PM
[ReportManager] Initial window size: (800, 600) @16-11-2021 21:52:42.0405 PM
[ReportManager] Window size after SWD Maximize: (1176, 811) @16-11-2021 21:52:42.0425 PM
[ReportManager] Browser Action [MaximizeWindow] successfully performed. With the following test data [New screen size is now: (1176, 811)]. @16-11-2021 21:52:42.0426 PM
[ReportManager] Target URL: [https://duckduckgo.com] @16-11-2021 21:52:42.0427 PM
[ReportManager] Initial URL: [] @16-11-2021 21:52:42.0504 PM
[ReportManager] Browser Action [NavigateToURL] successfully performed. With the following test data [https://duckduckgo.com]. @16-11-2021 21:52:43.0322 P

################################################################################################################################################
Starting Execution:	[13 out of 146] test cases in the current suite
Test Method:		[unitTests.tests_browserActions.maximizeWindow]
################################################################################################################################################
[ReportManager] Initial window size: (1176, 811) @16-11-2021 21:52:43.0358 PM
[ReportManager] Window size after SWD Maximize: (1176, 811) @16-11-2021 21:52:43.0368 PM
[ReportManager] Window size after Toolkit: (1920, 1080) @16-11-2021 21:52:43.0508 PM
[ReportManager] Browser Action [MaximizeWindow] successfully performed. With the following test data [New screen size is now: (1920, 1080)]. @16-11-2021 21:52:43.0520 P
[ReportManager] Target URL: [https://duckduckgo.com] @16-11-2021 21:52:43.0540 PM
[ReportManager] Initial URL: [https://duckduckgo.com] @16-11-2021 21:52:43.0574 PM
[ReportManager] Browser Action [NavigateToURL] successfully performed. With the following test data [https://duckduckgo.com]. @16-11-2021 21:52:43.0976 PM
[ReportManager] Browser Action [CloseCurrentWindow] successfully performed. @16-11-2021 21:52:44.0374 PM
[ReportManager] Successfully created attachment [Browser Action Test Data - CloseCurrentWindow - Actual Value] @16-11-2021 21:52:44.0381 P
[ReportManager] File Action [GetAbsolutePath] successfully performed. With the following test data [Relative Folder Path: "target/downloadedFiles/"]. @16-11-2021 21:52:44.0402 PM
[ReportManager] Attempting to run locally on: [Mac-64], [Safari], Headless Execution. @16-11-2021 21:52:44.0402 PM
[ReportManager] Successfully Opened Safari. @16-11-2021 21:52:45.0242 PM
[ReportManager] Initial window size: (800, 600) @16-11-2021 21:52:45.0268 PM
[ReportManager] Window size after SWD Maximize: (1176, 811) @16-11-2021 21:52:45.0285 PM
[ReportManager] Browser Action [MaximizeWindow] successfully performed. With the following test data [New screen size is now: (1176, 811)]. @16-11-2021 21:52:45.0286 PM
[ReportManager] Target URL: [https://duckduckgo.com] @16-11-2021 21:52:45.0286 PM
[ReportManager] Initial URL: [] @16-11-2021 21:52:45.0375 PM
[ReportManager] Browser Action [NavigateToURL] successfully performed. With the following test data [https://duckduckgo.com]. @16-11-2021 21:52:46.0408 P

################################################################################################################################################
Starting Execution:	[14 out of 146] test cases in the current suite
Test Method:		[unitTests.tests_browserActions.navigateBack]
################################################################################################################################################
[ReportManager] Target URL: [https://www.google.com/ncr], and after redirection: [https://www.google.com] @16-11-2021 21:52:46.0429 PM
[ReportManager] Initial URL: [https://duckduckgo.com] @16-11-2021 21:52:46.0497 PM
[ReportManager] Browser Action [NavigateToURL] successfully performed. With the following test data [https://www.google.com/ncr]. @16-11-2021 21:52:47.0694 PM
[ReportManager] Browser Action [NavigateBack] successfully performed. With the following test data [https://duckduckgo.com/]. @16-11-2021 21:52:47.0878 PM
[ReportManager] Browser Action [GetCurrentURL] successfully performed. With the following test data [https://duckduckgo.com/]. @16-11-2021 21:52:47.0911 PM
[ReportManager] Assertion Passed: Confirming that navigating back was successful @16-11-2021 21:52:48.0084 PM
[ReportManager] Successfully created attachment [Screenshot - 1637099567947_navigateBack_ValidateBrowserAttribute_passed] @16-11-2021 21:52:48.0121 PM
[ReportManager] Assertion [ValidateBrowserAttribute] PASSED. Expected [Value Should be 'https://duckduckgo.com' for the 'CurrentUrl' attribute] and Actual [https://duckduckgo.com/]. Comparison Type [CONTAINS]. Validation Type [POSITIVE]. @16-11-2021 21:52:48.0121 P
[ReportManager] Target URL: [https://duckduckgo.com] @16-11-2021 21:52:48.0123 PM
[ReportManager] Initial URL: [https://duckduckgo.com] @16-11-2021 21:52:48.0174 PM
[ReportManager] Browser Action [NavigateToURL] successfully performed. With the following test data [https://duckduckgo.com]. @16-11-2021 21:52:48.0680 PM
[ReportManager] Browser Action [CloseCurrentWindow] successfully performed. @16-11-2021 21:52:48.0750 PM
[ReportManager] Successfully created attachment [Browser Action Test Data - CloseCurrentWindow - Actual Value] @16-11-2021 21:52:48.0759 P
[ReportManager] File Action [GetAbsolutePath] successfully performed. With the following test data [Relative Folder Path: "target/downloadedFiles/"]. @16-11-2021 21:52:48.0782 PM
[ReportManager] Attempting to run locally on: [Mac-64], [Safari], Headless Execution. @16-11-2021 21:52:48.0783 PM
[ReportManager] Successfully Opened Safari. @16-11-2021 21:52:49.0663 PM
[ReportManager] Initial window size: (800, 600) @16-11-2021 21:52:49.0696 PM
[ReportManager] Window size after SWD Maximize: (1176, 811) @16-11-2021 21:52:49.0725 PM
[ReportManager] Browser Action [MaximizeWindow] successfully performed. With the following test data [New screen size is now: (1176, 811)]. @16-11-2021 21:52:49.0725 PM
[ReportManager] Target URL: [https://duckduckgo.com] @16-11-2021 21:52:49.0725 PM
[ReportManager] Initial URL: [] @16-11-2021 21:52:49.0803 PM
[ReportManager] Browser Action [NavigateToURL] successfully performed. With the following test data [https://duckduckgo.com]. @16-11-2021 21:52:50.0687 P

################################################################################################################################################
Starting Execution:	[15 out of 146] test cases in the current suite
Test Method:		[unitTests.tests_browserActions.navigateForward]
################################################################################################################################################
[ReportManager] Target URL: [https://www.google.com/ncr], and after redirection: [https://www.google.com] @16-11-2021 21:52:50.0690 PM
[ReportManager] Initial URL: [https://duckduckgo.com] @16-11-2021 21:52:50.0739 PM
[ReportManager] Browser Action [NavigateToURL] successfully performed. With the following test data [https://www.google.com/ncr]. @16-11-2021 21:52:52.0003 PM
[ReportManager] Browser Action [NavigateBack] successfully performed. With the following test data [https://duckduckgo.com/]. @16-11-2021 21:52:52.0157 PM
[ReportManager] Browser Action [NavigateForward] successfully performed. With the following test data [https://www.google.com/]. @16-11-2021 21:52:52.0281 P
[ReportManager] Target URL: [https://duckduckgo.com] @16-11-2021 21:52:52.0301 PM
[ReportManager] Initial URL: [https://www.google.com] @16-11-2021 21:52:52.0342 PM
[ReportManager] Browser Action [NavigateToURL] successfully performed. With the following test data [https://duckduckgo.com]. @16-11-2021 21:52:52.0662 PM
[ReportManager] Browser Action [CloseCurrentWindow] successfully performed. @16-11-2021 21:52:52.0904 PM
[ReportManager] Successfully created attachment [Browser Action Test Data - CloseCurrentWindow - Actual Value] @16-11-2021 21:52:52.0910 P
[ReportManager] File Action [GetAbsolutePath] successfully performed. With the following test data [Relative Folder Path: "target/downloadedFiles/"]. @16-11-2021 21:52:52.0931 PM
[ReportManager] Attempting to run locally on: [Mac-64], [Safari], Headless Execution. @16-11-2021 21:52:52.0931 PM
[ReportManager] Successfully Opened Safari. @16-11-2021 21:52:53.0959 PM
[ReportManager] Initial window size: (800, 600) @16-11-2021 21:52:53.0969 PM
[ReportManager] Window size after SWD Maximize: (1176, 811) @16-11-2021 21:52:54.0034 PM
[ReportManager] Browser Action [MaximizeWindow] successfully performed. With the following test data [New screen size is now: (1176, 811)]. @16-11-2021 21:52:54.0038 PM
[ReportManager] Target URL: [https://duckduckgo.com] @16-11-2021 21:52:54.0039 PM
[ReportManager] Initial URL: [] @16-11-2021 21:52:54.0102 PM
[ReportManager] Browser Action [NavigateToURL] successfully performed. With the following test data [https://duckduckgo.com]. @16-11-2021 21:52:54.0893 P

################################################################################################################################################
Starting Execution:	[16 out of 146] test cases in the current suite
Test Method:		[unitTests.tests_browserActions.navigateToURL]
################################################################################################################################################
[ReportManager] Target URL: [https://duckduckgo.com] @16-11-2021 21:52:54.0914 PM
[ReportManager] Initial URL: [https://duckduckgo.com] @16-11-2021 21:52:54.0949 PM
[ReportManager] Browser Action [NavigateToURL] successfully performed. With the following test data [https://duckduckgo.com]. @16-11-2021 21:52:55.0292 P
[ReportManager] Target URL: [https://duckduckgo.com] @16-11-2021 21:52:55.0310 PM
[ReportManager] Initial URL: [https://duckduckgo.com] @16-11-2021 21:52:55.0357 PM
[ReportManager] Browser Action [NavigateToURL] successfully performed. With the following test data [https://duckduckgo.com]. @16-11-2021 21:52:55.0722 PM
[ReportManager] Browser Action [CloseCurrentWindow] successfully performed. @16-11-2021 21:52:56.0167 PM
[ReportManager] Successfully created attachment [Browser Action Test Data - CloseCurrentWindow - Actual Value] @16-11-2021 21:52:56.0174 P
[ReportManager] File Action [GetAbsolutePath] successfully performed. With the following test data [Relative Folder Path: "target/downloadedFiles/"]. @16-11-2021 21:52:56.0195 PM
[ReportManager] Attempting to run locally on: [Mac-64], [Safari], Headless Execution. @16-11-2021 21:52:56.0195 PM
[ReportManager] Successfully Opened Safari. @16-11-2021 21:52:57.0007 PM
[ReportManager] Initial window size: (800, 600) @16-11-2021 21:52:57.0026 PM
[ReportManager] Window size after SWD Maximize: (1176, 811) @16-11-2021 21:52:57.0044 PM
[ReportManager] Browser Action [MaximizeWindow] successfully performed. With the following test data [New screen size is now: (1176, 811)]. @16-11-2021 21:52:57.0044 PM
[ReportManager] Target URL: [https://duckduckgo.com] @16-11-2021 21:52:57.0044 PM
[ReportManager] Initial URL: [] @16-11-2021 21:52:57.0089 PM
[ReportManager] Browser Action [NavigateToURL] successfully performed. With the following test data [https://duckduckgo.com]. @16-11-2021 21:52:57.0912 P

################################################################################################################################################
Starting Execution:	[17 out of 146] test cases in the current suite
Test Method:		[unitTests.tests_browserActions.navigateToURLWithRedirection]
################################################################################################################################################
[ReportManager] Target URL: [https://www.google.com/ncr], and after redirection: [https://www.google.com] @16-11-2021 21:52:57.0933 PM
[ReportManager] Initial URL: [https://duckduckgo.com] @16-11-2021 21:52:57.0968 PM
[ReportManager] Browser Action [NavigateToURL] successfully performed. With the following test data [https://www.google.com/ncr]. @16-11-2021 21:52:59.0759 P
[ReportManager] Target URL: [https://duckduckgo.com] @16-11-2021 21:52:59.0779 PM
[ReportManager] Initial URL: [https://www.google.com] @16-11-2021 21:52:59.0809 PM
[ReportManager] Browser Action [NavigateToURL] successfully performed. With the following test data [https://duckduckgo.com]. @16-11-2021 21:53:00.0217 PM
[ReportManager] Browser Action [CloseCurrentWindow] successfully performed. @16-11-2021 21:53:00.0477 PM
[ReportManager] Successfully created attachment [Browser Action Test Data - CloseCurrentWindow - Actual Value] @16-11-2021 21:53:00.0484 P
[ReportManager] File Action [GetAbsolutePath] successfully performed. With the following test data [Relative Folder Path: "target/downloadedFiles/"]. @16-11-2021 21:53:00.0506 PM
[ReportManager] Attempting to run locally on: [Mac-64], [Safari], Headless Execution. @16-11-2021 21:53:00.0506 PM
[ReportManager] Successfully Opened Safari. @16-11-2021 21:53:01.0425 PM
[ReportManager] Initial window size: (800, 600) @16-11-2021 21:53:01.0441 PM
[ReportManager] Window size after SWD Maximize: (1176, 811) @16-11-2021 21:53:01.0488 PM
[ReportManager] Browser Action [MaximizeWindow] successfully performed. With the following test data [New screen size is now: (1176, 811)]. @16-11-2021 21:53:01.0488 PM
[ReportManager] Target URL: [https://duckduckgo.com] @16-11-2021 21:53:01.0488 PM
[ReportManager] Initial URL: [] @16-11-2021 21:53:01.0555 PM
[ReportManager] Browser Action [NavigateToURL] successfully performed. With the following test data [https://duckduckgo.com]. @16-11-2021 21:53:02.0521 P

################################################################################################################################################
Starting Execution:	[18 out of 146] test cases in the current suite
Test Method:		[unitTests.tests_browserActions.refreshCurrentPage]
################################################################################################################################################
[ReportManager] Browser Action [RefreshCurrentPage] successfully performed. @16-11-2021 21:53:02.0883 PM
[ReportManager] Successfully created attachment [Browser Action Test Data - RefreshCurrentPage - Actual Value] @16-11-2021 21:53:02.0887 P
[ReportManager] Target URL: [https://duckduckgo.com] @16-11-2021 21:53:02.0890 PM
[ReportManager] Initial URL: [https://duckduckgo.com] @16-11-2021 21:53:02.0928 PM
[ReportManager] Browser Action [NavigateToURL] successfully performed. With the following test data [https://duckduckgo.com]. @16-11-2021 21:53:03.0303 PM
[ReportManager] Browser Action [CloseCurrentWindow] successfully performed. @16-11-2021 21:53:03.0394 PM
[ReportManager] Successfully created attachment [Browser Action Test Data - CloseCurrentWindow - Actual Value] @16-11-2021 21:53:03.0400 P
[ReportManager] File Action [GetAbsolutePath] successfully performed. With the following test data [Relative Folder Path: "target/downloadedFiles/"]. @16-11-2021 21:53:03.0421 PM
[ReportManager] Attempting to run locally on: [Mac-64], [Safari], Headless Execution. @16-11-2021 21:53:03.0421 PM
[ReportManager] Successfully Opened Safari. @16-11-2021 21:53:04.0285 PM
[ReportManager] Initial window size: (800, 600) @16-11-2021 21:53:04.0297 PM
[ReportManager] Window size after SWD Maximize: (1176, 811) @16-11-2021 21:53:04.0346 PM
[ReportManager] Browser Action [MaximizeWindow] successfully performed. With the following test data [New screen size is now: (1176, 811)]. @16-11-2021 21:53:04.0348 PM
[ReportManager] Target URL: [https://duckduckgo.com] @16-11-2021 21:53:04.0348 PM
[ReportManager] Initial URL: [] @16-11-2021 21:53:04.0421 PM
[ReportManager] Browser Action [NavigateToURL] successfully performed. With the following test data [https://duckduckgo.com]. @16-11-2021 21:53:05.0312 P

################################################################################################################################################
Starting Execution:	[19 out of 146] test cases in the current suite
Test Method:		[unitTests.tests_browserActions.setWindowSize]
################################################################################################################################################
[ReportManager] Initial window size: (1176, 811) @16-11-2021 21:53:05.0336 PM
[ReportManager] Window size after SWD: (1280, 720) @16-11-2021 21:53:05.0388 PM
[ReportManager] Browser Action [SetWindowSize] successfully performed. With the following test data [New screen size is now: (1280, 720)]. @16-11-2021 21:53:05.0389 P
[ReportManager] Target URL: [https://duckduckgo.com] @16-11-2021 21:53:05.0414 PM
[ReportManager] Initial URL: [https://duckduckgo.com] @16-11-2021 21:53:05.0452 PM
[ReportManager] Browser Action [NavigateToURL] successfully performed. With the following test data [https://duckduckgo.com]. @16-11-2021 21:53:05.0873 PM
[ReportManager] Browser Action [CloseCurrentWindow] successfully performed. @16-11-2021 21:53:06.0055 PM
[ReportManager] Successfully created attachment [Browser Action Test Data - CloseCurrentWindow - Actual Value] @16-11-2021 21:53:06.0061 P
[ReportManager] Successfully loaded the following test data file [src/test/resources/TestDataFiles/testSuite01/TestData.xlsx]. @16-11-2021 21:53:07.0221 PM
[ReportManager] Successfully created attachment [Test Data - Excel] @16-11-2021 21:53:07.0228 P

################################################################################################################################################
Starting Execution:	[20 out of 146] test cases in the current suite
Test Method:		[unitTests.tests_io_excelFileManager.getCellData_rowName_expectedToPass]
################################################################################################################################################
[ReportManager] testRowData. @16-11-2021 21:53:07.0256 P

################################################################################################################################################
Starting Execution:	[21 out of 146] test cases in the current suite
Test Method:		[unitTests.tests_validations_assertions.assertComparativeRelation_greaterThanOrEquals_false_equals_expectedToFail]
################################################################################################################################################
[ReportManager] Assertion [ValidateComparativeRelation] FAILED. Expected [1] and Actual [1]. Comparison Type [GREATER_THAN_OR_EQUALS]. Validation Type [NEGATIVE]. @16-11-2021 21:53:07.0281 P

################################################################################################################################################
Starting Execution:	[22 out of 146] test cases in the current suite
Test Method:		[unitTests.tests_validations_assertions.assertComparativeRelation_greaterThanOrEquals_false_equals_expectedToPass]
################################################################################################################################################
[ReportManager] Assertion [ValidateComparativeRelation] PASSED. Expected [2] and Actual [1]. Comparison Type [GREATER_THAN_OR_EQUALS]. Validation Type [NEGATIVE]. @16-11-2021 21:53:07.0304 P

################################################################################################################################################
Starting Execution:	[23 out of 146] test cases in the current suite
Test Method:		[unitTests.tests_validations_assertions.assertComparativeRelation_greaterThanOrEquals_false_greaterThan_expectedToFail]
################################################################################################################################################
[ReportManager] Assertion [ValidateComparativeRelation] FAILED. Expected [1] and Actual [2]. Comparison Type [GREATER_THAN_OR_EQUALS]. Validation Type [NEGATIVE]. @16-11-2021 21:53:07.0326 P

################################################################################################################################################
Starting Execution:	[24 out of 146] test cases in the current suite
Test Method:		[unitTests.tests_validations_assertions.assertComparativeRelation_greaterThanOrEquals_false_greaterThan_expectedToPass]
################################################################################################################################################
[ReportManager] Assertion [ValidateComparativeRelation] PASSED. Expected [2] and Actual [1]. Comparison Type [GREATER_THAN_OR_EQUALS]. Validation Type [NEGATIVE]. @16-11-2021 21:53:07.0350 P

################################################################################################################################################
Starting Execution:	[25 out of 146] test cases in the current suite
Test Method:		[unitTests.tests_validations_assertions.assertComparativeRelation_greaterThanOrEquals_true_equals_expectedToFail]
################################################################################################################################################
[ReportManager] Assertion [ValidateComparativeRelation] FAILED. Expected [1] and Actual [0]. Comparison Type [GREATER_THAN_OR_EQUALS]. Validation Type [POSITIVE]. @16-11-2021 21:53:07.0381 P

################################################################################################################################################
Starting Execution:	[26 out of 146] test cases in the current suite
Test Method:		[unitTests.tests_validations_assertions.assertComparativeRelation_greaterThanOrEquals_true_equals_expectedToPass]
################################################################################################################################################
[ReportManager] Assertion [ValidateComparativeRelation] PASSED. Expected [1] and Actual [1]. Comparison Type [GREATER_THAN_OR_EQUALS]. Validation Type [POSITIVE]. @16-11-2021 21:53:07.0403 P

################################################################################################################################################
Starting Execution:	[27 out of 146] test cases in the current suite
Test Method:		[unitTests.tests_validations_assertions.assertComparativeRelation_greaterThanOrEquals_true_greaterThan_expectedToFail]
################################################################################################################################################
[ReportManager] Assertion [ValidateComparativeRelation] FAILED. Expected [2] and Actual [1]. Comparison Type [GREATER_THAN_OR_EQUALS]. Validation Type [POSITIVE]. @16-11-2021 21:53:07.0427 P

################################################################################################################################################
Starting Execution:	[28 out of 146] test cases in the current suite
Test Method:		[unitTests.tests_validations_assertions.assertComparativeRelation_greaterThanOrEquals_true_greaterThan_expectedToPass]
################################################################################################################################################
[ReportManager] Assertion [ValidateComparativeRelation] PASSED. Expected [1] and Actual [2]. Comparison Type [GREATER_THAN_OR_EQUALS]. Validation Type [POSITIVE]. @16-11-2021 21:53:07.0460 P
[ReportManager] File Action [GetAbsolutePath] successfully performed. With the following test data [Relative Folder Path: "target/downloadedFiles/"]. @16-11-2021 21:53:07.0492 PM
[ReportManager] Attempting to run locally on: [Mac-64], [Safari], Headless Execution. @16-11-2021 21:53:07.0492 PM
[ReportManager] Successfully Opened Safari. @16-11-2021 21:53:08.0384 PM
[ReportManager] Initial window size: (800, 600) @16-11-2021 21:53:08.0409 PM
[ReportManager] Window size after SWD Maximize: (1176, 811) @16-11-2021 21:53:08.0447 PM
[ReportManager] Browser Action [MaximizeWindow] successfully performed. With the following test data [New screen size is now: (1176, 811)]. @16-11-2021 21:53:08.0447 PM
[ReportManager] Target URL: [https://www.google.com/ncr], and after redirection: [www.google.com] @16-11-2021 21:53:08.0447 PM
[ReportManager] Initial URL: [] @16-11-2021 21:53:08.0507 PM
[ReportManager] Browser Action [NavigateToURL] successfully performed. With the following test data [https://www.google.com/ncr]. @16-11-2021 21:53:09.0958 P

################################################################################################################################################
Starting Execution:	[29 out of 146] test cases in the current suite
Test Method:		[unitTests.tests_validations_assertions.assertElementAttribute_false_caseInsensitiveComparison_expectedToFail]
################################################################################################################################################
[ReportManager] Element Action [Type] successfully performed. With the following test data [AUTOMATION]. @16-11-2021 21:53:10.0209 PM
[ReportManager] Element Action [GetText] successfully performed. With the following test data [AUTOMATION]. @16-11-2021 21:53:10.0495 PM
[ReportManager] Loaded Shared OpenCV @16-11-2021 21:53:12.0450 PM
[ReportManager] Assertion [ValidateElementAttribute] FAILED. Expected [Value Should not be 'AutomaTion' for the 'text' attribute, element locator 'By.name: q'] and Actual [AUTOMATION]. Comparison Type [CASE_INSENSITIVE]. Validation Type [NEGATIVE]. @16-11-2021 21:53:12.0887 PM
[ReportManager] Successfully created attachment [Screenshot - 1637099590605_assertElementAttribute_false_caseInsensitiveComparison_expectedToFail_ValidateElementAttribute_failed] @16-11-2021 21:53:12.0900 P
[ReportManager] Browser Action [CloseCurrentWindow] successfully performed. @16-11-2021 21:53:13.0177 PM
[ReportManager] Successfully created attachment [Browser Action Test Data - CloseCurrentWindow - Actual Value] @16-11-2021 21:53:13.0178 P
[ReportManager] File Action [GetAbsolutePath] successfully performed. With the following test data [Relative Folder Path: "target/downloadedFiles/"]. @16-11-2021 21:53:13.0182 PM
[ReportManager] Attempting to run locally on: [Mac-64], [Safari], Headless Execution. @16-11-2021 21:53:13.0182 PM
[ReportManager] Successfully Opened Safari. @16-11-2021 21:53:14.0047 PM
[ReportManager] Initial window size: (800, 600) @16-11-2021 21:53:14.0116 PM
[ReportManager] Window size after SWD Maximize: (1176, 811) @16-11-2021 21:53:14.0241 PM
[ReportManager] Browser Action [MaximizeWindow] successfully performed. With the following test data [New screen size is now: (1176, 811)]. @16-11-2021 21:53:14.0242 PM
[ReportManager] Target URL: [https://www.google.com/ncr], and after redirection: [www.google.com] @16-11-2021 21:53:14.0242 PM
[ReportManager] Initial URL: [] @16-11-2021 21:53:14.0291 PM
[ReportManager] Browser Action [NavigateToURL] successfully performed. With the following test data [https://www.google.com/ncr]. @16-11-2021 21:53:16.0493 P

################################################################################################################################################
Starting Execution:	[30 out of 146] test cases in the current suite
Test Method:		[unitTests.tests_validations_assertions.assertElementAttribute_false_caseInsensitiveComparison_expectedToPass]
################################################################################################################################################
[ReportManager] Element Action [Type] successfully performed. With the following test data [AUTOMATION]. @16-11-2021 21:53:16.0920 PM
[ReportManager] Element Action [GetText] successfully performed. With the following test data [AUTOMATION]. @16-11-2021 21:53:17.0053 PM
[ReportManager] Loaded Shared OpenCV @16-11-2021 21:53:17.0117 PM
[ReportManager] Assertion [ValidateElementAttribute] PASSED. Expected [Value Should not be 'AutomaTion123' for the 'text' attribute, element locator 'By.name: q'] and Actual [AUTOMATION]. Comparison Type [CASE_INSENSITIVE]. Validation Type [NEGATIVE]. @16-11-2021 21:53:17.0274 PM
[ReportManager] Successfully created attachment [Screenshot - 1637099597117_assertElementAttribute_false_caseInsensitiveComparison_expectedToPass_ValidateElementAttribute_passed] @16-11-2021 21:53:17.0289 P
[ReportManager] Browser Action [CloseCurrentWindow] successfully performed. @16-11-2021 21:53:17.0607 PM
[ReportManager] Successfully created attachment [Browser Action Test Data - CloseCurrentWindow - Actual Value] @16-11-2021 21:53:17.0614 P
[ReportManager] File Action [GetAbsolutePath] successfully performed. With the following test data [Relative Folder Path: "target/downloadedFiles/"]. @16-11-2021 21:53:17.0636 PM
[ReportManager] Attempting to run locally on: [Mac-64], [Safari], Headless Execution. @16-11-2021 21:53:17.0636 PM
[ReportManager] Successfully Opened Safari. @16-11-2021 21:53:18.0561 PM
[ReportManager] Initial window size: (800, 600) @16-11-2021 21:53:18.0572 PM
[ReportManager] Window size after SWD Maximize: (1176, 811) @16-11-2021 21:53:18.0608 PM
[ReportManager] Browser Action [MaximizeWindow] successfully performed. With the following test data [New screen size is now: (1176, 811)]. @16-11-2021 21:53:18.0609 PM
[ReportManager] Target URL: [https://www.google.com/ncr], and after redirection: [www.google.com] @16-11-2021 21:53:18.0609 PM
[ReportManager] Initial URL: [] @16-11-2021 21:53:18.0688 PM
[ReportManager] Browser Action [NavigateToURL] successfully performed. With the following test data [https://www.google.com/ncr]. @16-11-2021 21:53:20.0005 P

################################################################################################################################################
Starting Execution:	[31 out of 146] test cases in the current suite
Test Method:		[unitTests.tests_validations_assertions.assertElementAttribute_false_containsComparison_expectedToFail]
################################################################################################################################################
[ReportManager] Element Action [Type] successfully performed. With the following test data [Automation123]. @16-11-2021 21:53:20.0403 PM
[ReportManager] Element Action [GetText] successfully performed. With the following test data [Automation123]. @16-11-2021 21:53:20.0557 PM
[ReportManager] Loaded Shared OpenCV @16-11-2021 21:53:20.0615 PM
[ReportManager] Assertion [ValidateElementAttribute] FAILED. Expected [Value Should not be 'Automation' for the 'text' attribute, element locator 'By.name: q'] and Actual [Automation123]. Comparison Type [CONTAINS]. Validation Type [NEGATIVE]. @16-11-2021 21:53:20.0763 PM
[ReportManager] Successfully created attachment [Screenshot - 1637099600615_assertElementAttribute_false_containsComparison_expectedToFail_ValidateElementAttribute_failed] @16-11-2021 21:53:20.0771 P
[ReportManager] Browser Action [CloseCurrentWindow] successfully performed. @16-11-2021 21:53:21.0153 PM
[ReportManager] Successfully created attachment [Browser Action Test Data - CloseCurrentWindow - Actual Value] @16-11-2021 21:53:21.0164 P
[ReportManager] File Action [GetAbsolutePath] successfully performed. With the following test data [Relative Folder Path: "target/downloadedFiles/"]. @16-11-2021 21:53:21.0188 PM
[ReportManager] Attempting to run locally on: [Mac-64], [Safari], Headless Execution. @16-11-2021 21:53:21.0188 PM
[ReportManager] Successfully Opened Safari. @16-11-2021 21:53:22.0084 PM
[ReportManager] Initial window size: (800, 600) @16-11-2021 21:53:22.0093 PM
[ReportManager] Window size after SWD Maximize: (1176, 811) @16-11-2021 21:53:22.0126 PM
[ReportManager] Browser Action [MaximizeWindow] successfully performed. With the following test data [New screen size is now: (1176, 811)]. @16-11-2021 21:53:22.0127 PM
[ReportManager] Target URL: [https://www.google.com/ncr], and after redirection: [www.google.com] @16-11-2021 21:53:22.0127 PM
[ReportManager] Initial URL: [] @16-11-2021 21:53:22.0209 PM
[ReportManager] Browser Action [NavigateToURL] successfully performed. With the following test data [https://www.google.com/ncr]. @16-11-2021 21:53:23.0851 P

################################################################################################################################################
Starting Execution:	[32 out of 146] test cases in the current suite
Test Method:		[unitTests.tests_validations_assertions.assertElementAttribute_false_containsComparison_expectedToPass]
################################################################################################################################################
[ReportManager] Element Action [Type] successfully performed. With the following test data [Automation123]. @16-11-2021 21:53:24.0322 PM
[ReportManager] Element Action [GetText] successfully performed. With the following test data [Automation123]. @16-11-2021 21:53:24.0457 PM
[ReportManager] Loaded Shared OpenCV @16-11-2021 21:53:24.0520 PM
[ReportManager] Assertion [ValidateElementAttribute] PASSED. Expected [Value Should not be 'Automation1234' for the 'text' attribute, element locator 'By.name: q'] and Actual [Automation123]. Comparison Type [CONTAINS]. Validation Type [NEGATIVE]. @16-11-2021 21:53:24.0654 PM
[ReportManager] Successfully created attachment [Screenshot - 1637099604520_assertElementAttribute_false_containsComparison_expectedToPass_ValidateElementAttribute_passed] @16-11-2021 21:53:24.0667 P
[ReportManager] Browser Action [CloseCurrentWindow] successfully performed. @16-11-2021 21:53:24.0821 PM
[ReportManager] Successfully created attachment [Browser Action Test Data - CloseCurrentWindow - Actual Value] @16-11-2021 21:53:24.0839 P
[ReportManager] File Action [GetAbsolutePath] successfully performed. With the following test data [Relative Folder Path: "target/downloadedFiles/"]. @16-11-2021 21:53:24.0855 PM
[ReportManager] Attempting to run locally on: [Mac-64], [Safari], Headless Execution. @16-11-2021 21:53:24.0856 PM
[ReportManager] Successfully Opened Safari. @16-11-2021 21:53:25.0742 PM
[ReportManager] Initial window size: (800, 600) @16-11-2021 21:53:25.0760 PM
[ReportManager] Window size after SWD Maximize: (1176, 811) @16-11-2021 21:53:25.0788 PM
[ReportManager] Browser Action [MaximizeWindow] successfully performed. With the following test data [New screen size is now: (1176, 811)]. @16-11-2021 21:53:25.0789 PM
[ReportManager] Target URL: [https://www.google.com/ncr], and after redirection: [www.google.com] @16-11-2021 21:53:25.0789 PM
[ReportManager] Initial URL: [] @16-11-2021 21:53:25.0858 PM
[ReportManager] Browser Action [NavigateToURL] successfully performed. With the following test data [https://www.google.com/ncr]. @16-11-2021 21:53:27.0046 P

################################################################################################################################################
Starting Execution:	[33 out of 146] test cases in the current suite
Test Method:		[unitTests.tests_validations_assertions.assertElementAttribute_false_literalComparison_expectedToFail]
################################################################################################################################################
[ReportManager] Element Action [Type] successfully performed. With the following test data [Automation!@#$%^&*()_+{}[]\';/.,]. @16-11-2021 21:53:28.0048 PM
[ReportManager] Element Action [GetText] successfully performed. With the following test data [Automation!@#$%^&*()_+{}[]\';/.,]. @16-11-2021 21:53:28.0147 PM
[ReportManager] Loaded Shared OpenCV @16-11-2021 21:53:28.0217 PM
[ReportManager] Assertion [ValidateElementAttribute] PASSED. Expected [Value Should not be 'Automation!@#$%^&*()_+{}[]\\';/.,' for the 'text' attribute, element locator 'By.name: q'] and Actual [Automation!@#$%^&*()_+{}[]\';/.,]. Comparison Type [EQUALS]. Validation Type [NEGATIVE]. @16-11-2021 21:53:28.0396 PM
[ReportManager] Successfully created attachment [Screenshot - 1637099608217_assertElementAttribute_false_literalComparison_expectedToFail_ValidateElementAttribute_passed] @16-11-2021 21:53:28.0404 P
[ReportManager] Browser Action [CloseCurrentWindow] successfully performed. @16-11-2021 21:53:28.0696 PM
[ReportManager] Successfully created attachment [Browser Action Test Data - CloseCurrentWindow - Actual Value] @16-11-2021 21:53:28.0703 P
[ReportManager] File Action [GetAbsolutePath] successfully performed. With the following test data [Relative Folder Path: "target/downloadedFiles/"]. @16-11-2021 21:53:28.0723 PM
[ReportManager] Attempting to run locally on: [Mac-64], [Safari], Headless Execution. @16-11-2021 21:53:28.0724 PM
[ReportManager] Successfully Opened Safari. @16-11-2021 21:53:29.0597 PM
[ReportManager] Initial window size: (800, 600) @16-11-2021 21:53:29.0603 PM
[ReportManager] Window size after SWD Maximize: (1176, 811) @16-11-2021 21:53:29.0631 PM
[ReportManager] Browser Action [MaximizeWindow] successfully performed. With the following test data [New screen size is now: (1176, 811)]. @16-11-2021 21:53:29.0631 PM
[ReportManager] Target URL: [https://www.google.com/ncr], and after redirection: [www.google.com] @16-11-2021 21:53:29.0632 PM
[ReportManager] Initial URL: [] @16-11-2021 21:53:29.0705 PM
[ReportManager] Browser Action [NavigateToURL] successfully performed. With the following test data [https://www.google.com/ncr]. @16-11-2021 21:53:31.0357 P

################################################################################################################################################
Starting Execution:	[34 out of 146] test cases in the current suite
Test Method:		[unitTests.tests_validations_assertions.assertElementAttribute_false_literalComparison_expectedToPass]
################################################################################################################################################
[ReportManager] Element Action [Type] successfully performed. With the following test data [Automation!@#$%^&*()_+{}[]\';/.,]. @16-11-2021 21:53:32.0087 PM
[ReportManager] Element Action [GetText] successfully performed. With the following test data [Automation!@#$%^&*()_+{}[]\';/.,]. @16-11-2021 21:53:32.0190 PM
[ReportManager] Loaded Shared OpenCV @16-11-2021 21:53:32.0261 PM
[ReportManager] Assertion [ValidateElementAttribute] PASSED. Expected [Value Should not be 'Automation' for the 'text' attribute, element locator 'By.name: q'] and Actual [Automation!@#$%^&*()_+{}[]\';/.,]. Comparison Type [EQUALS]. Validation Type [NEGATIVE]. @16-11-2021 21:53:32.0420 PM
[ReportManager] Successfully created attachment [Screenshot - 1637099612261_assertElementAttribute_false_literalComparison_expectedToPass_ValidateElementAttribute_passed] @16-11-2021 21:53:32.0431 P
[ReportManager] Browser Action [CloseCurrentWindow] successfully performed. @16-11-2021 21:53:32.0590 PM
[ReportManager] Successfully created attachment [Browser Action Test Data - CloseCurrentWindow - Actual Value] @16-11-2021 21:53:32.0600 P
[ReportManager] File Action [GetAbsolutePath] successfully performed. With the following test data [Relative Folder Path: "target/downloadedFiles/"]. @16-11-2021 21:53:32.0628 PM
[ReportManager] Attempting to run locally on: [Mac-64], [Safari], Headless Execution. @16-11-2021 21:53:32.0629 PM
[ReportManager] Successfully Opened Safari. @16-11-2021 21:53:33.0497 PM
[ReportManager] Initial window size: (800, 600) @16-11-2021 21:53:33.0537 PM
[ReportManager] Window size after SWD Maximize: (1176, 811) @16-11-2021 21:53:33.0610 PM
[ReportManager] Browser Action [MaximizeWindow] successfully performed. With the following test data [New screen size is now: (1176, 811)]. @16-11-2021 21:53:33.0611 PM
[ReportManager] Target URL: [https://www.google.com/ncr], and after redirection: [www.google.com] @16-11-2021 21:53:33.0611 PM
[ReportManager] Initial URL: [] @16-11-2021 21:53:33.0653 PM
[ReportManager] Browser Action [NavigateToURL] successfully performed. With the following test data [https://www.google.com/ncr]. @16-11-2021 21:53:35.0353 P

################################################################################################################################################
Starting Execution:	[35 out of 146] test cases in the current suite
Test Method:		[unitTests.tests_validations_assertions.assertElementAttribute_false_regexComparison_expectedToFail]
################################################################################################################################################
[ReportManager] Element Action [Type] successfully performed. With the following test data [Automation123]. @16-11-2021 21:53:35.0837 PM
[ReportManager] Element Action [GetText] successfully performed. With the following test data [Automation123]. @16-11-2021 21:53:36.0001 PM
[ReportManager] Loaded Shared OpenCV @16-11-2021 21:53:36.0068 PM
[ReportManager] Assertion [ValidateElementAttribute] FAILED. Expected [Value Should not be 'Automation.*' for the 'text' attribute, element locator 'By.name: q'] and Actual [Automation123]. Comparison Type [MATCHES]. Validation Type [NEGATIVE]. @16-11-2021 21:53:36.0255 PM
[ReportManager] Successfully created attachment [Screenshot - 1637099616068_assertElementAttribute_false_regexComparison_expectedToFail_ValidateElementAttribute_failed] @16-11-2021 21:53:36.0269 P
[ReportManager] Browser Action [CloseCurrentWindow] successfully performed. @16-11-2021 21:53:36.0794 PM
[ReportManager] Successfully created attachment [Browser Action Test Data - CloseCurrentWindow - Actual Value] @16-11-2021 21:53:36.0801 P
[ReportManager] File Action [GetAbsolutePath] successfully performed. With the following test data [Relative Folder Path: "target/downloadedFiles/"]. @16-11-2021 21:53:36.0822 PM
[ReportManager] Attempting to run locally on: [Mac-64], [Safari], Headless Execution. @16-11-2021 21:53:36.0822 PM
[ReportManager] Successfully Opened Safari. @16-11-2021 21:53:37.0661 PM
[ReportManager] Initial window size: (800, 600) @16-11-2021 21:53:37.0671 PM
[ReportManager] Window size after SWD Maximize: (1176, 811) @16-11-2021 21:53:37.0688 PM
[ReportManager] Browser Action [MaximizeWindow] successfully performed. With the following test data [New screen size is now: (1176, 811)]. @16-11-2021 21:53:37.0689 PM
[ReportManager] Target URL: [https://www.google.com/ncr], and after redirection: [www.google.com] @16-11-2021 21:53:37.0689 PM
[ReportManager] Initial URL: [] @16-11-2021 21:53:37.0759 PM
[ReportManager] Browser Action [NavigateToURL] successfully performed. With the following test data [https://www.google.com/ncr]. @16-11-2021 21:53:39.0085 P

################################################################################################################################################
Starting Execution:	[36 out of 146] test cases in the current suite
Test Method:		[unitTests.tests_validations_assertions.assertElementAttribute_false_regexComparison_expectedToPass]
################################################################################################################################################
[ReportManager] Element Action [Type] successfully performed. With the following test data [Automation123]. @16-11-2021 21:53:39.0470 PM
[ReportManager] Element Action [GetText] successfully performed. With the following test data [Automation123]. @16-11-2021 21:53:39.0597 PM
[ReportManager] Loaded Shared OpenCV @16-11-2021 21:53:39.0667 PM
[ReportManager] Assertion [ValidateElementAttribute] PASSED. Expected [Value Should not be 'Automation' for the 'text' attribute, element locator 'By.name: q'] and Actual [Automation123]. Comparison Type [MATCHES]. Validation Type [NEGATIVE]. @16-11-2021 21:53:39.0816 PM
[ReportManager] Successfully created attachment [Screenshot - 1637099619667_assertElementAttribute_false_regexComparison_expectedToPass_ValidateElementAttribute_passed] @16-11-2021 21:53:39.0830 P
[ReportManager] Browser Action [CloseCurrentWindow] successfully performed. @16-11-2021 21:53:40.0112 PM
[ReportManager] Successfully created attachment [Browser Action Test Data - CloseCurrentWindow - Actual Value] @16-11-2021 21:53:40.0119 P
[ReportManager] File Action [GetAbsolutePath] successfully performed. With the following test data [Relative Folder Path: "target/downloadedFiles/"]. @16-11-2021 21:53:40.0142 PM
[ReportManager] Attempting to run locally on: [Mac-64], [Safari], Headless Execution. @16-11-2021 21:53:40.0143 PM
[ReportManager] Successfully Opened Safari. @16-11-2021 21:53:41.0098 PM
[ReportManager] Initial window size: (800, 600) @16-11-2021 21:53:41.0128 PM
[ReportManager] Window size after SWD Maximize: (1176, 811) @16-11-2021 21:53:41.0209 PM
[ReportManager] Browser Action [MaximizeWindow] successfully performed. With the following test data [New screen size is now: (1176, 811)]. @16-11-2021 21:53:41.0209 PM
[ReportManager] Target URL: [https://www.google.com/ncr], and after redirection: [www.google.com] @16-11-2021 21:53:41.0209 PM
[ReportManager] Initial URL: [] @16-11-2021 21:53:41.0253 PM
[ReportManager] Browser Action [NavigateToURL] successfully performed. With the following test data [https://www.google.com/ncr]. @16-11-2021 21:53:43.0059 P

################################################################################################################################################
Starting Execution:	[37 out of 146] test cases in the current suite
Test Method:		[unitTests.tests_validations_assertions.assertElementAttribute_true_caseInsensitiveComparison_expectedToFail]
################################################################################################################################################
[ReportManager] Element Action [Type] successfully performed. With the following test data [AUTOMATION]. @16-11-2021 21:53:43.0641 PM
[ReportManager] Element Action [GetText] successfully performed. With the following test data [AUTOMATION]. @16-11-2021 21:53:43.0747 PM
[ReportManager] Loaded Shared OpenCV @16-11-2021 21:53:43.0866 PM
[ReportManager] Assertion [ValidateElementAttribute] FAILED. Expected [Value Should be 'AutomaTion123' for the 'text' attribute, element locator 'By.name: q'] and Actual [AUTOMATION]. Comparison Type [CASE_INSENSITIVE]. Validation Type [POSITIVE]. @16-11-2021 21:53:44.0031 PM
[ReportManager] Successfully created attachment [Screenshot - 1637099623866_assertElementAttribute_true_caseInsensitiveComparison_expectedToFail_ValidateElementAttribute_failed] @16-11-2021 21:53:44.0046 P
[ReportManager] Browser Action [CloseCurrentWindow] successfully performed. @16-11-2021 21:53:44.0451 PM
[ReportManager] Successfully created attachment [Browser Action Test Data - CloseCurrentWindow - Actual Value] @16-11-2021 21:53:44.0458 P
[ReportManager] File Action [GetAbsolutePath] successfully performed. With the following test data [Relative Folder Path: "target/downloadedFiles/"]. @16-11-2021 21:53:44.0479 PM
[ReportManager] Attempting to run locally on: [Mac-64], [Safari], Headless Execution. @16-11-2021 21:53:44.0479 PM
[ReportManager] Successfully Opened Safari. @16-11-2021 21:53:45.0321 PM
[ReportManager] Initial window size: (800, 600) @16-11-2021 21:53:45.0341 PM
[ReportManager] Window size after SWD Maximize: (1176, 811) @16-11-2021 21:53:45.0447 PM
[ReportManager] Browser Action [MaximizeWindow] successfully performed. With the following test data [New screen size is now: (1176, 811)]. @16-11-2021 21:53:45.0448 PM
[ReportManager] Target URL: [https://www.google.com/ncr], and after redirection: [www.google.com] @16-11-2021 21:53:45.0448 PM
[ReportManager] Initial URL: [] @16-11-2021 21:53:45.0511 PM
[ReportManager] Browser Action [NavigateToURL] successfully performed. With the following test data [https://www.google.com/ncr]. @16-11-2021 21:53:46.0775 P

################################################################################################################################################
Starting Execution:	[38 out of 146] test cases in the current suite
Test Method:		[unitTests.tests_validations_assertions.assertElementAttribute_true_caseInsensitiveComparison_expectedToPass]
################################################################################################################################################
[ReportManager] Element Action [Type] successfully performed. With the following test data [AUTOMATION]. @16-11-2021 21:53:47.0172 PM
[ReportManager] Element Action [GetText] successfully performed. With the following test data [AUTOMATION]. @16-11-2021 21:53:47.0326 PM
[ReportManager] Loaded Shared OpenCV @16-11-2021 21:53:47.0394 PM
[ReportManager] Assertion [ValidateElementAttribute] PASSED. Expected [Value Should be 'AutomaTion' for the 'text' attribute, element locator 'By.name: q'] and Actual [AUTOMATION]. Comparison Type [CASE_INSENSITIVE]. Validation Type [POSITIVE]. @16-11-2021 21:53:47.0559 PM
[ReportManager] Successfully created attachment [Screenshot - 1637099627394_assertElementAttribute_true_caseInsensitiveComparison_expectedToPass_ValidateElementAttribute_passed] @16-11-2021 21:53:47.0574 P
[ReportManager] Browser Action [CloseCurrentWindow] successfully performed. @16-11-2021 21:53:47.0864 PM
[ReportManager] Successfully created attachment [Browser Action Test Data - CloseCurrentWindow - Actual Value] @16-11-2021 21:53:47.0870 P
[ReportManager] File Action [GetAbsolutePath] successfully performed. With the following test data [Relative Folder Path: "target/downloadedFiles/"]. @16-11-2021 21:53:47.0891 PM
[ReportManager] Attempting to run locally on: [Mac-64], [Safari], Headless Execution. @16-11-2021 21:53:47.0892 PM
[ReportManager] Successfully Opened Safari. @16-11-2021 21:53:48.0820 PM
[ReportManager] Initial window size: (800, 600) @16-11-2021 21:53:48.0846 PM
[ReportManager] Window size after SWD Maximize: (1176, 811) @16-11-2021 21:53:48.0884 PM
[ReportManager] Browser Action [MaximizeWindow] successfully performed. With the following test data [New screen size is now: (1176, 811)]. @16-11-2021 21:53:48.0888 PM
[ReportManager] Target URL: [https://www.google.com/ncr], and after redirection: [www.google.com] @16-11-2021 21:53:48.0889 PM
[ReportManager] Initial URL: [] @16-11-2021 21:53:48.0962 PM
[ReportManager] Browser Action [NavigateToURL] successfully performed. With the following test data [https://www.google.com/ncr]. @16-11-2021 21:53:50.0407 P

################################################################################################################################################
Starting Execution:	[39 out of 146] test cases in the current suite
Test Method:		[unitTests.tests_validations_assertions.assertElementAttribute_true_containsComparison_expectedToFail]
################################################################################################################################################
[ReportManager] Element Action [Type] successfully performed. With the following test data [Automation123]. @16-11-2021 21:53:50.0978 PM
[ReportManager] Element Action [GetText] successfully performed. With the following test data [Automation123]. @16-11-2021 21:53:51.0085 PM
[ReportManager] Loaded Shared OpenCV @16-11-2021 21:53:51.0143 PM
[ReportManager] Assertion [ValidateElementAttribute] FAILED. Expected [Value Should be 'Automation1234' for the 'text' attribute, element locator 'By.name: q'] and Actual [Automation123]. Comparison Type [CONTAINS]. Validation Type [POSITIVE]. @16-11-2021 21:53:51.0290 PM
[ReportManager] Successfully created attachment [Screenshot - 1637099631143_assertElementAttribute_true_containsComparison_expectedToFail_ValidateElementAttribute_failed] @16-11-2021 21:53:51.0310 P
[ReportManager] Browser Action [CloseCurrentWindow] successfully performed. @16-11-2021 21:53:51.0765 PM
[ReportManager] Successfully created attachment [Browser Action Test Data - CloseCurrentWindow - Actual Value] @16-11-2021 21:53:51.0771 P
[ReportManager] File Action [GetAbsolutePath] successfully performed. With the following test data [Relative Folder Path: "target/downloadedFiles/"]. @16-11-2021 21:53:51.0794 PM
[ReportManager] Attempting to run locally on: [Mac-64], [Safari], Headless Execution. @16-11-2021 21:53:51.0794 PM
[ReportManager] Successfully Opened Safari. @16-11-2021 21:53:52.0628 PM
[ReportManager] Initial window size: (800, 600) @16-11-2021 21:53:52.0659 PM
[ReportManager] Window size after SWD Maximize: (1176, 811) @16-11-2021 21:53:52.0678 PM
[ReportManager] Browser Action [MaximizeWindow] successfully performed. With the following test data [New screen size is now: (1176, 811)]. @16-11-2021 21:53:52.0679 PM
[ReportManager] Target URL: [https://www.google.com/ncr], and after redirection: [www.google.com] @16-11-2021 21:53:52.0679 PM
[ReportManager] Initial URL: [] @16-11-2021 21:53:52.0745 PM
[ReportManager] Browser Action [NavigateToURL] successfully performed. With the following test data [https://www.google.com/ncr]. @16-11-2021 21:53:53.0915 P

################################################################################################################################################
Starting Execution:	[40 out of 146] test cases in the current suite
Test Method:		[unitTests.tests_validations_assertions.assertElementAttribute_true_containsComparison_expectedToPass]
################################################################################################################################################
[ReportManager] Element Action [Type] successfully performed. With the following test data [Automation123]. @16-11-2021 21:53:54.0335 PM
[ReportManager] Element Action [GetText] successfully performed. With the following test data [Automation123]. @16-11-2021 21:53:54.0440 PM
[ReportManager] Loaded Shared OpenCV @16-11-2021 21:53:54.0655 PM
[ReportManager] Assertion [ValidateElementAttribute] PASSED. Expected [Value Should be 'Automation' for the 'text' attribute, element locator 'By.name: q'] and Actual [Automation123]. Comparison Type [CONTAINS]. Validation Type [POSITIVE]. @16-11-2021 21:53:54.0818 PM
[ReportManager] Successfully created attachment [Screenshot - 1637099634655_assertElementAttribute_true_containsComparison_expectedToPass_ValidateElementAttribute_passed] @16-11-2021 21:53:54.0832 P
[ReportManager] Browser Action [CloseCurrentWindow] successfully performed. @16-11-2021 21:53:55.0000 PM
[ReportManager] Successfully created attachment [Browser Action Test Data - CloseCurrentWindow - Actual Value] @16-11-2021 21:53:55.0007 P
[ReportManager] File Action [GetAbsolutePath] successfully performed. With the following test data [Relative Folder Path: "target/downloadedFiles/"]. @16-11-2021 21:53:55.0031 PM
[ReportManager] Attempting to run locally on: [Mac-64], [Safari], Headless Execution. @16-11-2021 21:53:55.0031 PM
[ReportManager] Successfully Opened Safari. @16-11-2021 21:53:55.0913 PM
[ReportManager] Initial window size: (800, 600) @16-11-2021 21:53:55.0944 PM
[ReportManager] Window size after SWD Maximize: (1176, 811) @16-11-2021 21:53:56.0020 PM
[ReportManager] Browser Action [MaximizeWindow] successfully performed. With the following test data [New screen size is now: (1176, 811)]. @16-11-2021 21:53:56.0020 PM
[ReportManager] Target URL: [https://www.google.com/ncr], and after redirection: [www.google.com] @16-11-2021 21:53:56.0020 PM
[ReportManager] Initial URL: [] @16-11-2021 21:53:56.0051 PM
[ReportManager] Browser Action [NavigateToURL] successfully performed. With the following test data [https://www.google.com/ncr]. @16-11-2021 21:53:57.0823 P

################################################################################################################################################
Starting Execution:	[41 out of 146] test cases in the current suite
Test Method:		[unitTests.tests_validations_assertions.assertElementAttribute_true_literalComparison_expectedToFail]
################################################################################################################################################
[ReportManager] Element Action [Type] successfully performed. With the following test data [Automation!@#$%^&*()_+{}[]\';/.,]. @16-11-2021 21:53:59.0009 PM
[ReportManager] Element Action [GetText] successfully performed. With the following test data [Automation!@#$%^&*()_+{}[]\';/.,]. @16-11-2021 21:53:59.0143 PM
[ReportManager] Loaded Shared OpenCV @16-11-2021 21:53:59.0206 PM
[ReportManager] Assertion [ValidateElementAttribute] FAILED. Expected [Value Should be 'Automation' for the 'text' attribute, element locator 'By.name: q'] and Actual [Automation!@#$%^&*()_+{}[]\';/.,]. Comparison Type [EQUALS]. Validation Type [POSITIVE]. @16-11-2021 21:53:59.0347 PM
[ReportManager] Successfully created attachment [Screenshot - 1637099639206_assertElementAttribute_true_literalComparison_expectedToFail_ValidateElementAttribute_failed] @16-11-2021 21:53:59.0361 P
[ReportManager] Browser Action [CloseCurrentWindow] successfully performed. @16-11-2021 21:53:59.0645 PM
[ReportManager] Successfully created attachment [Browser Action Test Data - CloseCurrentWindow - Actual Value] @16-11-2021 21:53:59.0652 P
[ReportManager] File Action [GetAbsolutePath] successfully performed. With the following test data [Relative Folder Path: "target/downloadedFiles/"]. @16-11-2021 21:53:59.0671 PM
[ReportManager] Attempting to run locally on: [Mac-64], [Safari], Headless Execution. @16-11-2021 21:53:59.0672 PM
[ReportManager] Successfully Opened Safari. @16-11-2021 21:54:00.0646 PM
[ReportManager] Initial window size: (800, 600) @16-11-2021 21:54:00.0659 PM
[ReportManager] Window size after SWD Maximize: (1176, 811) @16-11-2021 21:54:00.0688 PM
[ReportManager] Browser Action [MaximizeWindow] successfully performed. With the following test data [New screen size is now: (1176, 811)]. @16-11-2021 21:54:00.0688 PM
[ReportManager] Target URL: [https://www.google.com/ncr], and after redirection: [www.google.com] @16-11-2021 21:54:00.0688 PM
[ReportManager] Initial URL: [] @16-11-2021 21:54:00.0764 PM
[ReportManager] Browser Action [NavigateToURL] successfully performed. With the following test data [https://www.google.com/ncr]. @16-11-2021 21:54:02.0279 P

################################################################################################################################################
Starting Execution:	[42 out of 146] test cases in the current suite
Test Method:		[unitTests.tests_validations_assertions.assertElementAttribute_true_literalComparison_expectedToPass]
################################################################################################################################################
[ReportManager] Element Action [Type] successfully performed. With the following test data [Automation!@#$%^&*()_+{}[]\';/.,]. @16-11-2021 21:54:03.0425 PM
[ReportManager] Element Action [GetText] successfully performed. With the following test data [Automation!@#$%^&*()_+{}[]\';/.,]. @16-11-2021 21:54:03.0543 PM
[ReportManager] Loaded Shared OpenCV @16-11-2021 21:54:03.0605 PM
[ReportManager] Assertion [ValidateElementAttribute] PASSED. Expected [Value Should be 'Automation!@#$%^&*()_+{}[]\';/.,' for the 'text' attribute, element locator 'By.name: q'] and Actual [Automation!@#$%^&*()_+{}[]\';/.,]. Comparison Type [EQUALS]. Validation Type [POSITIVE]. @16-11-2021 21:54:03.0756 PM
[ReportManager] Successfully created attachment [Screenshot - 1637099643605_assertElementAttribute_true_literalComparison_expectedToPass_ValidateElementAttribute_passed] @16-11-2021 21:54:03.0764 P
[ReportManager] Browser Action [CloseCurrentWindow] successfully performed. @16-11-2021 21:54:03.0902 PM
[ReportManager] Successfully created attachment [Browser Action Test Data - CloseCurrentWindow - Actual Value] @16-11-2021 21:54:03.0908 P
[ReportManager] File Action [GetAbsolutePath] successfully performed. With the following test data [Relative Folder Path: "target/downloadedFiles/"]. @16-11-2021 21:54:03.0930 PM
[ReportManager] Attempting to run locally on: [Mac-64], [Safari], Headless Execution. @16-11-2021 21:54:03.0930 PM
[ReportManager] Successfully Opened Safari. @16-11-2021 21:54:04.0864 PM
[ReportManager] Initial window size: (800, 600) @16-11-2021 21:54:04.0889 PM
[ReportManager] Window size after SWD Maximize: (1176, 811) @16-11-2021 21:54:04.0912 PM
[ReportManager] Browser Action [MaximizeWindow] successfully performed. With the following test data [New screen size is now: (1176, 811)]. @16-11-2021 21:54:04.0913 PM
[ReportManager] Target URL: [https://www.google.com/ncr], and after redirection: [www.google.com] @16-11-2021 21:54:04.0913 PM
[ReportManager] Initial URL: [] @16-11-2021 21:54:04.0999 PM
[ReportManager] Browser Action [NavigateToURL] successfully performed. With the following test data [https://www.google.com/ncr]. @16-11-2021 21:54:06.0640 P

################################################################################################################################################
Starting Execution:	[43 out of 146] test cases in the current suite
Test Method:		[unitTests.tests_validations_assertions.assertElementAttribute_true_regexComparison_expectedToFail]
################################################################################################################################################
[ReportManager] Element Action [Type] successfully performed. With the following test data [Automation123]. @16-11-2021 21:54:07.0221 PM
[ReportManager] Element Action [GetText] successfully performed. With the following test data [Automation123]. @16-11-2021 21:54:07.0294 PM
[ReportManager] Loaded Shared OpenCV @16-11-2021 21:54:07.0349 PM
[ReportManager] Assertion [ValidateElementAttribute] FAILED. Expected [Value Should be 'Automation' for the 'text' attribute, element locator 'By.name: q'] and Actual [Automation123]. Comparison Type [MATCHES]. Validation Type [POSITIVE]. @16-11-2021 21:54:07.0580 PM
[ReportManager] Successfully created attachment [Screenshot - 1637099647349_assertElementAttribute_true_regexComparison_expectedToFail_ValidateElementAttribute_failed] @16-11-2021 21:54:07.0598 P
[ReportManager] Browser Action [CloseCurrentWindow] successfully performed. @16-11-2021 21:54:07.0711 PM
[ReportManager] Successfully created attachment [Browser Action Test Data - CloseCurrentWindow - Actual Value] @16-11-2021 21:54:07.0718 P
[ReportManager] File Action [GetAbsolutePath] successfully performed. With the following test data [Relative Folder Path: "target/downloadedFiles/"]. @16-11-2021 21:54:07.0742 PM
[ReportManager] Attempting to run locally on: [Mac-64], [Safari], Headless Execution. @16-11-2021 21:54:07.0743 PM
[ReportManager] Successfully Opened Safari. @16-11-2021 21:54:08.0607 PM
[ReportManager] Initial window size: (800, 600) @16-11-2021 21:54:08.0675 PM
[ReportManager] Window size after SWD Maximize: (1176, 811) @16-11-2021 21:54:08.0690 PM
[ReportManager] Browser Action [MaximizeWindow] successfully performed. With the following test data [New screen size is now: (1176, 811)]. @16-11-2021 21:54:08.0690 PM
[ReportManager] Target URL: [https://www.google.com/ncr], and after redirection: [www.google.com] @16-11-2021 21:54:08.0690 PM
[ReportManager] Initial URL: [] @16-11-2021 21:54:08.0756 PM
[ReportManager] Browser Action [NavigateToURL] successfully performed. With the following test data [https://www.google.com/ncr]. @16-11-2021 21:54:10.0721 P

################################################################################################################################################
Starting Execution:	[44 out of 146] test cases in the current suite
Test Method:		[unitTests.tests_validations_assertions.assertElementAttribute_true_regexComparison_expectedToPass]
################################################################################################################################################
[ReportManager] Element Action [Type] successfully performed. With the following test data [Automation123]. @16-11-2021 21:54:11.0141 PM
[ReportManager] Element Action [GetText] successfully performed. With the following test data [Automation123]. @16-11-2021 21:54:11.0285 PM
[ReportManager] Loaded Shared OpenCV @16-11-2021 21:54:11.0345 PM
[ReportManager] Assertion [ValidateElementAttribute] PASSED. Expected [Value Should be 'Automation.*' for the 'text' attribute, element locator 'By.name: q'] and Actual [Automation123]. Comparison Type [MATCHES]. Validation Type [POSITIVE]. @16-11-2021 21:54:11.0486 PM
[ReportManager] Successfully created attachment [Screenshot - 1637099651345_assertElementAttribute_true_regexComparison_expectedToPass_ValidateElementAttribute_passed] @16-11-2021 21:54:11.0500 P
[ReportManager] Browser Action [CloseCurrentWindow] successfully performed. @16-11-2021 21:54:11.0849 PM
[ReportManager] Successfully created attachment [Browser Action Test Data - CloseCurrentWindow - Actual Value] @16-11-2021 21:54:11.0856 P
[ReportManager] File Action [GetAbsolutePath] successfully performed. With the following test data [Relative Folder Path: "target/downloadedFiles/"]. @16-11-2021 21:54:11.0878 PM
[ReportManager] Attempting to run locally on: [Mac-64], [Safari], Headless Execution. @16-11-2021 21:54:11.0878 PM
[ReportManager] Successfully Opened Safari. @16-11-2021 21:54:12.0723 PM
[ReportManager] Initial window size: (800, 600) @16-11-2021 21:54:12.0751 PM
[ReportManager] Window size after SWD Maximize: (1176, 811) @16-11-2021 21:54:12.0778 PM
[ReportManager] Browser Action [MaximizeWindow] successfully performed. With the following test data [New screen size is now: (1176, 811)]. @16-11-2021 21:54:12.0778 PM
[ReportManager] Target URL: [https://www.google.com/ncr], and after redirection: [www.google.com] @16-11-2021 21:54:12.0778 PM
[ReportManager] Initial URL: [] @16-11-2021 21:54:12.0851 PM
[ReportManager] Browser Action [NavigateToURL] successfully performed. With the following test data [https://www.google.com/ncr]. @16-11-2021 21:54:14.0158 P

################################################################################################################################################
Starting Execution:	[45 out of 146] test cases in the current suite
Test Method:		[unitTests.tests_validations_assertions.assertElementAttribute_type_true_literalComparison_expectedToPass]
################################################################################################################################################
[ReportManager] Element Action [Type] successfully performed. With the following test data [Automation!@#$%^&*()_+{}[]\';/.,]. @16-11-2021 21:54:15.0227 PM
[ReportManager] Element Action [GetText] successfully performed. With the following test data [Automation!@#$%^&*()_+{}[]\';/.,]. @16-11-2021 21:54:15.0327 PM
[ReportManager] Loaded Shared OpenCV @16-11-2021 21:54:15.0390 PM
[ReportManager] Assertion [ValidateElementAttribute] PASSED. Expected [Value Should be 'Automation!@#$%^&*()_+{}[]\';/.,' for the 'text' attribute, element locator 'By.name: q'] and Actual [Automation!@#$%^&*()_+{}[]\';/.,]. Comparison Type [EQUALS]. Validation Type [POSITIVE]. @16-11-2021 21:54:15.0556 PM
[ReportManager] Successfully created attachment [Screenshot - 1637099655390_assertElementAttribute_type_true_literalComparison_expectedToPass_ValidateElementAttribute_passed] @16-11-2021 21:54:15.0575 P
[ReportManager] Browser Action [CloseCurrentWindow] successfully performed. @16-11-2021 21:54:15.0878 PM
[ReportManager] Successfully created attachment [Browser Action Test Data - CloseCurrentWindow - Actual Value] @16-11-2021 21:54:15.0884 P
[ReportManager] File Action [GetAbsolutePath] successfully performed. With the following test data [Relative Folder Path: "target/downloadedFiles/"]. @16-11-2021 21:54:15.0904 PM
[ReportManager] Attempting to run locally on: [Mac-64], [Safari], Headless Execution. @16-11-2021 21:54:15.0904 PM
[ReportManager] Successfully Opened Safari. @16-11-2021 21:54:16.0800 PM
[ReportManager] Initial window size: (800, 600) @16-11-2021 21:54:16.0820 PM
[ReportManager] Window size after SWD Maximize: (1176, 811) @16-11-2021 21:54:16.0865 PM
[ReportManager] Browser Action [MaximizeWindow] successfully performed. With the following test data [New screen size is now: (1176, 811)]. @16-11-2021 21:54:16.0865 PM
[ReportManager] Target URL: [https://www.google.com/ncr], and after redirection: [www.google.com] @16-11-2021 21:54:16.0865 PM
[ReportManager] Initial URL: [] @16-11-2021 21:54:16.0908 PM
[ReportManager] Browser Action [NavigateToURL] successfully performed. With the following test data [https://www.google.com/ncr]. @16-11-2021 21:54:18.0304 P

################################################################################################################################################
Starting Execution:	[46 out of 146] test cases in the current suite
Test Method:		[unitTests.tests_validations_assertions.assertElementExists_false_expectedToFail]
###############################################################################################################################################
[ReportManager] Browser Action [CloseCurrentWindow] successfully performed. @16-11-2021 21:54:18.0619 PM
[ReportManager] Successfully created attachment [Browser Action Test Data - CloseCurrentWindow - Actual Value] @16-11-2021 21:54:18.0626 P
[ReportManager] File Action [GetAbsolutePath] successfully performed. With the following test data [Relative Folder Path: "target/downloadedFiles/"]. @16-11-2021 21:54:18.0651 PM
[ReportManager] Attempting to run locally on: [Mac-64], [Safari], Headless Execution. @16-11-2021 21:54:18.0651 PM
[ReportManager] Successfully Opened Safari. @16-11-2021 21:54:19.0601 PM
[ReportManager] Initial window size: (800, 600) @16-11-2021 21:54:19.0613 PM
[ReportManager] Window size after SWD Maximize: (1176, 811) @16-11-2021 21:54:19.0645 PM
[ReportManager] Browser Action [MaximizeWindow] successfully performed. With the following test data [New screen size is now: (1176, 811)]. @16-11-2021 21:54:19.0646 PM
[ReportManager] Target URL: [https://www.google.com/ncr], and after redirection: [www.google.com] @16-11-2021 21:54:19.0646 PM
[ReportManager] Initial URL: [] @16-11-2021 21:54:19.0738 PM
[ReportManager] Browser Action [NavigateToURL] successfully performed. With the following test data [https://www.google.com/ncr]. @16-11-2021 21:54:21.0688 P

################################################################################################################################################
Starting Execution:	[47 out of 146] test cases in the current suite
Test Method:		[unitTests.tests_validations_assertions.assertElementExists_false_expectedToPass]
###############################################################################################################################################
[ReportManager] Browser Action [CloseCurrentWindow] successfully performed. @16-11-2021 21:54:21.0857 PM
[ReportManager] Successfully created attachment [Browser Action Test Data - CloseCurrentWindow - Actual Value] @16-11-2021 21:54:21.0864 P
[ReportManager] File Action [GetAbsolutePath] successfully performed. With the following test data [Relative Folder Path: "target/downloadedFiles/"]. @16-11-2021 21:54:21.0891 PM
[ReportManager] Attempting to run locally on: [Mac-64], [Safari], Headless Execution. @16-11-2021 21:54:21.0891 PM
[ReportManager] Successfully Opened Safari. @16-11-2021 21:54:23.0051 PM
[ReportManager] Initial window size: (800, 600) @16-11-2021 21:54:23.0063 PM
[ReportManager] Window size after SWD Maximize: (1176, 811) @16-11-2021 21:54:23.0089 PM
[ReportManager] Browser Action [MaximizeWindow] successfully performed. With the following test data [New screen size is now: (1176, 811)]. @16-11-2021 21:54:23.0089 PM
[ReportManager] Target URL: [https://www.google.com/ncr], and after redirection: [www.google.com] @16-11-2021 21:54:23.0089 PM
[ReportManager] Initial URL: [] @16-11-2021 21:54:23.0181 PM
[ReportManager] Browser Action [NavigateToURL] successfully performed. With the following test data [https://www.google.com/ncr]. @16-11-2021 21:54:24.0379 P

################################################################################################################################################
Starting Execution:	[48 out of 146] test cases in the current suite
Test Method:		[unitTests.tests_validations_assertions.assertElementExists_false_multipleElementsFound_expectedToFail]
################################################################################################################################################
[ReportManager] Loaded Shared OpenCV @16-11-2021 21:54:24.0527 PM
[ReportManager] Assertion [ValidateElementExists] FAILED. Expected [Element Should not Exist, locator 'By.xpath: //div'] and Actual [Element Exists but is not unique]. Comparison Type [EQUALS]. Validation Type [NEGATIVE]. @16-11-2021 21:54:24.0698 PM
[ReportManager] Successfully created attachment [Screenshot - 1637099664526_assertElementExists_false_multipleElementsFound_expectedToFail_ValidateElementExists_failed] @16-11-2021 21:54:24.0705 P
[ReportManager] Browser Action [CloseCurrentWindow] successfully performed. @16-11-2021 21:54:24.0786 PM
[ReportManager] Successfully created attachment [Browser Action Test Data - CloseCurrentWindow - Actual Value] @16-11-2021 21:54:24.0792 P
[ReportManager] File Action [GetAbsolutePath] successfully performed. With the following test data [Relative Folder Path: "target/downloadedFiles/"]. @16-11-2021 21:54:24.0816 PM
[ReportManager] Attempting to run locally on: [Mac-64], [Safari], Headless Execution. @16-11-2021 21:54:24.0817 PM
[ReportManager] Successfully Opened Safari. @16-11-2021 21:54:25.0655 PM
[ReportManager] Initial window size: (800, 600) @16-11-2021 21:54:25.0660 PM
[ReportManager] Window size after SWD Maximize: (1176, 811) @16-11-2021 21:54:25.0687 PM
[ReportManager] Browser Action [MaximizeWindow] successfully performed. With the following test data [New screen size is now: (1176, 811)]. @16-11-2021 21:54:25.0687 PM
[ReportManager] Target URL: [https://www.google.com/ncr], and after redirection: [www.google.com] @16-11-2021 21:54:25.0687 PM
[ReportManager] Initial URL: [] @16-11-2021 21:54:25.0746 PM
[ReportManager] Browser Action [NavigateToURL] successfully performed. With the following test data [https://www.google.com/ncr]. @16-11-2021 21:54:27.0665 P

################################################################################################################################################
Starting Execution:	[49 out of 146] test cases in the current suite
Test Method:		[unitTests.tests_validations_assertions.assertElementExists_true_expectedToFail]
###############################################################################################################################################
[ReportManager] Browser Action [CloseCurrentWindow] successfully performed. @16-11-2021 21:54:28.0029 PM
[ReportManager] Successfully created attachment [Browser Action Test Data - CloseCurrentWindow - Actual Value] @16-11-2021 21:54:28.0035 P
[ReportManager] File Action [GetAbsolutePath] successfully performed. With the following test data [Relative Folder Path: "target/downloadedFiles/"]. @16-11-2021 21:54:28.0080 PM
[ReportManager] Attempting to run locally on: [Mac-64], [Safari], Headless Execution. @16-11-2021 21:54:28.0081 PM
[ReportManager] Successfully Opened Safari. @16-11-2021 21:54:28.0996 PM
[ReportManager] Initial window size: (800, 600) @16-11-2021 21:54:29.0026 PM
[ReportManager] Window size after SWD Maximize: (1176, 811) @16-11-2021 21:54:29.0065 PM
[ReportManager] Browser Action [MaximizeWindow] successfully performed. With the following test data [New screen size is now: (1176, 811)]. @16-11-2021 21:54:29.0065 PM
[ReportManager] Target URL: [https://www.google.com/ncr], and after redirection: [www.google.com] @16-11-2021 21:54:29.0066 PM
[ReportManager] Initial URL: [] @16-11-2021 21:54:29.0169 PM
[ReportManager] Browser Action [NavigateToURL] successfully performed. With the following test data [https://www.google.com/ncr]. @16-11-2021 21:54:30.0842 P

################################################################################################################################################
Starting Execution:	[50 out of 146] test cases in the current suite
Test Method:		[unitTests.tests_validations_assertions.assertElementExists_true_expectedToPass]
################################################################################################################################################
[ReportManager] Loaded Shared OpenCV @16-11-2021 21:54:30.0966 PM
[ReportManager] Assertion [ValidateElementExists] PASSED. Expected [Element Should Exist, locator 'By.xpath: //*[@id='hplogo' or @alt='Google']'] and Actual [Element Exists]. Comparison Type [EQUALS]. Validation Type [POSITIVE]. @16-11-2021 21:54:31.0124 PM
[ReportManager] Successfully created attachment [Screenshot - 1637099670966_assertElementExists_true_expectedToPass_ValidateElementExists_passed] @16-11-2021 21:54:31.0138 P
[ReportManager] Browser Action [CloseCurrentWindow] successfully performed. @16-11-2021 21:54:31.0613 PM
[ReportManager] Successfully created attachment [Browser Action Test Data - CloseCurrentWindow - Actual Value] @16-11-2021 21:54:31.0619 P
[ReportManager] File Action [GetAbsolutePath] successfully performed. With the following test data [Relative Folder Path: "target/downloadedFiles/"]. @16-11-2021 21:54:31.0640 PM
[ReportManager] Attempting to run locally on: [Mac-64], [Safari], Headless Execution. @16-11-2021 21:54:31.0640 PM
[ReportManager] Successfully Opened Safari. @16-11-2021 21:54:32.0595 PM
[ReportManager] Initial window size: (800, 600) @16-11-2021 21:54:32.0601 PM
[ReportManager] Window size after SWD Maximize: (1176, 811) @16-11-2021 21:54:32.0625 PM
[ReportManager] Browser Action [MaximizeWindow] successfully performed. With the following test data [New screen size is now: (1176, 811)]. @16-11-2021 21:54:32.0627 PM
[ReportManager] Target URL: [https://www.google.com/ncr], and after redirection: [www.google.com] @16-11-2021 21:54:32.0627 PM
[ReportManager] Initial URL: [] @16-11-2021 21:54:32.0723 PM
[ReportManager] Browser Action [NavigateToURL] successfully performed. With the following test data [https://www.google.com/ncr]. @16-11-2021 21:54:34.0579 P

################################################################################################################################################
Starting Execution:	[51 out of 146] test cases in the current suite
Test Method:		[unitTests.tests_validations_assertions.assertElementExists_true_multipleElementsFound_expectedToFail]
################################################################################################################################################
[ReportManager] Loaded Shared OpenCV @16-11-2021 21:54:34.0679 PM
[ReportManager] Assertion [ValidateElementExists] FAILED. Expected [Element Should Exist, locator 'By.xpath: //div'] and Actual [Element Exists but is not unique]. Comparison Type [EQUALS]. Validation Type [POSITIVE]. @16-11-2021 21:54:34.0813 PM
[ReportManager] Successfully created attachment [Screenshot - 1637099674679_assertElementExists_true_multipleElementsFound_expectedToFail_ValidateElementExists_failed] @16-11-2021 21:54:34.0826 P
[ReportManager] Browser Action [CloseCurrentWindow] successfully performed. @16-11-2021 21:54:35.0156 PM
[ReportManager] Successfully created attachment [Browser Action Test Data - CloseCurrentWindow - Actual Value] @16-11-2021 21:54:35.0162 P

################################################################################################################################################
Starting Execution:	[52 out of 146] test cases in the current suite
Test Method:		[unitTests.tests_validations_assertions.assertEquals_false_expectedToFail]
################################################################################################################################################
[ReportManager] Assertion [ValidateEquals] FAILED. Expected [1] and Actual [1]. Comparison Type [EQUALS]. Validation Type [NEGATIVE]. @16-11-2021 21:54:35.0186 P

################################################################################################################################################
Starting Execution:	[53 out of 146] test cases in the current suite
Test Method:		[unitTests.tests_validations_assertions.assertEquals_false_expectedToPass]
################################################################################################################################################
[ReportManager] Assertion [ValidateEquals] PASSED. Expected [1] and Actual [2]. Comparison Type [EQUALS]. Validation Type [NEGATIVE]. @16-11-2021 21:54:35.0207 P

################################################################################################################################################
Starting Execution:	[54 out of 146] test cases in the current suite
Test Method:		[unitTests.tests_validations_assertions.assertEquals_longCharacters]
################################################################################################################################################
[ReportManager] Verification [ValidateEquals] PASSED. Expected and Actual values are attached. Comparison Type [EQUALS]. Validation Type [POSITIVE]. @16-11-2021 21:54:35.0282 PM
[ReportManager] Successfully created attachment [Validation Test Data - Expected Value] @16-11-2021 21:54:35.0296 PM
[ReportManager] Successfully created attachment [Validation Test Data - Actual Value] @16-11-2021 21:54:35.0308 PM
[ReportManager] Assertion [ValidateEquals] PASSED. Expected and Actual values are attached. Comparison Type [EQUALS]. Validation Type [POSITIVE]. @16-11-2021 21:54:35.0310 PM
[ReportManager] Successfully created attachment [Validation Test Data - Expected Value] @16-11-2021 21:54:35.0322 PM
[ReportManager] Successfully created attachment [Validation Test Data - Actual Value] @16-11-2021 21:54:35.0333 P

################################################################################################################################################
Starting Execution:	[55 out of 146] test cases in the current suite
Test Method:		[unitTests.tests_validations_assertions.assertEquals_longCharacters_Discreet]
################################################################################################################################################
[ReportManager] Assertion [ValidateEquals] PASSED. Expected [1LH5pROcDBjjQk0t0mCr0lXuzQu9lcGj28kY8R1H81X67eVAQJgWQhILiRWVPUgZ6uCtK5cnBkF55Jr9vYngjGO1Iyf0Mktv6lruDlL9T8MAUPcUZJGHZtji6nIeadujDSNmWMj5d6C8zlFqw0CRqBU0hO5adIasHgBSNoLotAjce3NGXoDwAlp3rYreeV16VIyZXROQY] and Actual [1LH5pROcDBjjQk0t0mCr0lXuzQu9lcGj28kY8R1H81X67eVAQJgWQhILiRWVPUgZ6uCtK5cnBkF55Jr9vYngjGO1Iyf0Mktv6lruDlL9T8MAUPcUZJGHZtji6nIeadujDSNmWMj5d6C8zlFqw0CRqBU0hO5adIasHgBSNoLotAjce3NGXoDwAlp3rYreeV16VIyZXROQY]. Comparison Type [EQUALS]. Validation Type [POSITIVE]. @16-11-2021 21:54:35.0356 P

################################################################################################################################################
Starting Execution:	[56 out of 146] test cases in the current suite
Test Method:		[unitTests.tests_validations_assertions.assertEquals_true_expectedToFail]
################################################################################################################################################
[ReportManager] Assertion [ValidateEquals] FAILED. Expected [1] and Actual [2]. Comparison Type [EQUALS]. Validation Type [POSITIVE]. @16-11-2021 21:54:35.0376 P

################################################################################################################################################
Starting Execution:	[57 out of 146] test cases in the current suite
Test Method:		[unitTests.tests_validations_assertions.assertEquals_true_expectedToPass]
Test Description:	[Assert that assertEquals works as expected when the two values are equal.]
################################################################################################################################################
[ReportManager] Verification [ValidateEquals] PASSED. Expected [1] and Actual [1]. Comparison Type [EQUALS]. Validation Type [POSITIVE]. @16-11-2021 21:54:35.0411 PM
[ReportManager] Assertion [ValidateEquals] PASSED. Expected [1] and Actual [1]. Comparison Type [EQUALS]. Validation Type [POSITIVE]. @16-11-2021 21:54:35.0412 P

################################################################################################################################################
Starting Execution:	[58 out of 146] test cases in the current suite
Test Method:		[unitTests.tests_validations_assertions.assertEquals_true_expectedToPass__]
################################################################################################################################################
[ReportManager] Assertion [ValidateEquals] PASSED. Expected [1] and Actual [1]. Comparison Type [EQUALS]. Validation Type [POSITIVE]. @16-11-2021 21:54:35.0435 P

################################################################################################################################################
Starting Execution:	[59 out of 146] test cases in the current suite
Test Method:		[unitTests.tests_validations_assertions.assertFileExists_false_expectedToFail]
################################################################################################################################################
[ReportManager] File Action [DoesFileExist] successfully performed. With the following test data [File Path: "src/main/java/com/shaft/gui/element/ElementActions.java"]. @16-11-2021 21:54:35.0473 PM
[ReportManager] Assertion [ValidateFileExists] FAILED. Expected [File 'src/main/java/com/shaft/gui/element/ElementActions.java' should not exist, after up to '1' retries] and Actual [File exists]. Validation Type [NEGATIVE]. @16-11-2021 21:54:35.0492 P

################################################################################################################################################
Starting Execution:	[60 out of 146] test cases in the current suite
Test Method:		[unitTests.tests_validations_assertions.assertFileExists_false_expectedToPass]
################################################################################################################################################
[ReportManager] File Action [DoesFileExist] successfully performed. With the following test data [File Path: "src/main/java/com/shaft/gui/element/ElementActions.java_fail"]. @16-11-2021 21:54:36.0150 PM
[ReportManager] Assertion [ValidateFileExists] PASSED. Expected [File 'src/main/java/com/shaft/gui/element/ElementActions.java_fail' should not exist, after up to '1' retries] and Actual [File does not exist]. Validation Type [NEGATIVE]. @16-11-2021 21:54:36.0150 P

################################################################################################################################################
Starting Execution:	[61 out of 146] test cases in the current suite
Test Method:		[unitTests.tests_validations_assertions.assertFileExists_true_expectedToFail]
################################################################################################################################################
[ReportManager] File Action [DoesFileExist] successfully performed. With the following test data [File Path: "src/main/java/com/shaft/gui/element/ElementActions.java_fail"]. @16-11-2021 21:54:36.0815 PM
[ReportManager] Assertion [ValidateFileExists] FAILED. Expected [File 'src/main/java/com/shaft/gui/element/ElementActions.java_fail' should exist, after up to '1' retries] and Actual [File does not exist]. Validation Type [POSITIVE]. @16-11-2021 21:54:36.0816 P

################################################################################################################################################
Starting Execution:	[62 out of 146] test cases in the current suite
Test Method:		[unitTests.tests_validations_assertions.assertFileExists_true_expectedToPass]
################################################################################################################################################
[ReportManager] File Action [DoesFileExist] successfully performed. With the following test data [File Path: "src/main/java/com/shaft/gui/element/ElementActions.java"]. @16-11-2021 21:54:36.0837 PM
[ReportManager] Assertion [ValidateFileExists] PASSED. Expected [File 'src/main/java/com/shaft/gui/element/ElementActions.java' should exist, after up to '1' retries] and Actual [File exists]. Validation Type [POSITIVE]. @16-11-2021 21:54:36.0837 P

################################################################################################################################################
Starting Execution:	[63 out of 146] test cases in the current suite
Test Method:		[unitTests.tests_validations_assertions.assertNull_false_expectedToFail]
################################################################################################################################################
[ReportManager] Assertion [ValidateNull] FAILED. Expected [NULL] and Actual [NULL]. Comparison Type [EQUALS]. Validation Type [NEGATIVE]. @16-11-2021 21:54:36.0862 P

################################################################################################################################################
Starting Execution:	[64 out of 146] test cases in the current suite
Test Method:		[unitTests.tests_validations_assertions.assertNull_false_expectedToPass]
################################################################################################################################################
[ReportManager] Assertion [ValidateNull] PASSED. Expected [NULL] and Actual [1]. Comparison Type [EQUALS]. Validation Type [NEGATIVE]. @16-11-2021 21:54:36.0883 P

################################################################################################################################################
Starting Execution:	[65 out of 146] test cases in the current suite
Test Method:		[unitTests.tests_validations_assertions.assertNull_true_expectedToFail]
################################################################################################################################################
[ReportManager] Assertion [ValidateNull] FAILED. Expected [NULL] and Actual [1]. Comparison Type [EQUALS]. Validation Type [POSITIVE]. @16-11-2021 21:54:36.0900 P

################################################################################################################################################
Starting Execution:	[66 out of 146] test cases in the current suite
Test Method:		[unitTests.tests_validations_assertions.assertNull_true_expectedToPass]
################################################################################################################################################
[ReportManager] Assertion [ValidateNull] PASSED. Expected [NULL] and Actual [NULL]. Comparison Type [EQUALS]. Validation Type [POSITIVE]. @16-11-2021 21:54:36.0909 P

################################################################################################################################################
Starting Execution:	[67 out of 146] test cases in the current suite
Test Method:		[unitTests.tests_restActions.getPostsAndAssertBodyForSpecificTitle]
################################################################################################################################################
[ReportManager] Response status code: [200], status line: [HTTP/1.1 200 OK] @16-11-2021 21:54:40.0426 PM
[ReportManager] Assertion Passed: Evaluating the actual response status code against the expected one... @16-11-2021 21:54:40.0438 PM
[ReportManager] Assertion [ValidateComparativeRelation] PASSED. Expected [200] and Actual [200]. Comparison Type [EQUALS]. Validation Type [POSITIVE]. @16-11-2021 21:54:40.0438 PM
[ReportManager] API Action [PerformRequest] successfully performed. With the following test data [Request Type: "GET" | Target Status Code: "200" | Service URL: "https://jsonplaceholder.typicode.com/posts" | Content Type: "*/*" | Response Time: "1297ms"]. @16-11-2021 21:54:41.0895 PM
[ReportManager] Successfully created attachment [API Request - Specifications] @16-11-2021 21:54:41.0901 PM
[ReportManager] Successfully created attachment [API Response - JSON Body] @16-11-2021 21:54:42.0197 PM
[ReportManager] API Action [GetResponseJSONValueAsList] successfully performed. @16-11-2021 21:54:42.0225 PM
[ReportManager] API Action [GetResponseJSONValue] successfully performed. With the following test data [title]. @16-11-2021 21:54:42.0261 PM
[ReportManager] API Action [GetResponseJSONValue] successfully performed. With the following test data [title]. @16-11-2021 21:54:42.0285 PM
[ReportManager] API Action [GetResponseJSONValue] successfully performed. With the following test data [body]. @16-11-2021 21:54:42.0302 PM
[ReportManager] Assertion [ValidateEquals] PASSED. Expected [qui neque nisi nulla] and Actual [est rerum tempore vitae
sequi sint nihil reprehenderit dolor beatae ea dolores neque
fugiat blanditiis voluptate porro vel nihil molestiae ut reiciendis
qui aperiam non debitis possimus qui neque nisi nulla]. Comparison Type [CONTAINS]. Validation Type [POSITIVE]. @16-11-2021 21:54:42.0303 PM
[ReportManager] API Action [GetResponseJSONValue] successfully performed. With the following test data [title]. @16-11-2021 21:54:42.0318 PM
[ReportManager] API Action [GetResponseJSONValue] successfully performed. With the following test data [title]. @16-11-2021 21:54:42.0334 PM
[ReportManager] API Action [GetResponseJSONValue] successfully performed. With the following test data [title]. @16-11-2021 21:54:42.0351 PM
[ReportManager] API Action [GetResponseJSONValue] successfully performed. With the following test data [title]. @16-11-2021 21:54:42.0365 PM
[ReportManager] API Action [GetResponseJSONValue] successfully performed. With the following test data [title]. @16-11-2021 21:54:42.0385 PM
[ReportManager] API Action [GetResponseJSONValue] successfully performed. With the following test data [title]. @16-11-2021 21:54:42.0401 PM
[ReportManager] API Action [GetResponseJSONValue] successfully performed. With the following test data [title]. @16-11-2021 21:54:42.0415 PM
[ReportManager] API Action [GetResponseJSONValue] successfully performed. With the following test data [title]. @16-11-2021 21:54:42.0431 PM
[ReportManager] API Action [GetResponseJSONValue] successfully performed. With the following test data [title]. @16-11-2021 21:54:42.0445 PM
[ReportManager] API Action [GetResponseJSONValue] successfully performed. With the following test data [title]. @16-11-2021 21:54:42.0462 PM
[ReportManager] API Action [GetResponseJSONValue] successfully performed. With the following test data [title]. @16-11-2021 21:54:42.0480 PM
[ReportManager] API Action [GetResponseJSONValue] successfully performed. With the following test data [title]. @16-11-2021 21:54:42.0500 PM
[ReportManager] API Action [GetResponseJSONValue] successfully performed. With the following test data [title]. @16-11-2021 21:54:42.0518 PM
[ReportManager] API Action [GetResponseJSONValue] successfully performed. With the following test data [title]. @16-11-2021 21:54:42.0532 PM
[ReportManager] API Action [GetResponseJSONValue] successfully performed. With the following test data [title]. @16-11-2021 21:54:42.0549 PM
[ReportManager] API Action [GetResponseJSONValue] successfully performed. With the following test data [title]. @16-11-2021 21:54:42.0564 PM
[ReportManager] API Action [GetResponseJSONValue] successfully performed. With the following test data [title]. @16-11-2021 21:54:42.0580 PM
[ReportManager] API Action [GetResponseJSONValue] successfully performed. With the following test data [title]. @16-11-2021 21:54:42.0596 PM
[ReportManager] API Action [GetResponseJSONValue] successfully performed. With the following test data [title]. @16-11-2021 21:54:42.0612 PM
[ReportManager] API Action [GetResponseJSONValue] successfully performed. With the following test data [title]. @16-11-2021 21:54:42.0626 PM
[ReportManager] API Action [GetResponseJSONValue] successfully performed. With the following test data [title]. @16-11-2021 21:54:42.0641 PM
[ReportManager] API Action [GetResponseJSONValue] successfully performed. With the following test data [title]. @16-11-2021 21:54:42.0659 PM
[ReportManager] API Action [GetResponseJSONValue] successfully performed. With the following test data [title]. @16-11-2021 21:54:42.0675 PM
[ReportManager] API Action [GetResponseJSONValue] successfully performed. With the following test data [title]. @16-11-2021 21:54:42.0691 PM
[ReportManager] API Action [GetResponseJSONValue] successfully performed. With the following test data [title]. @16-11-2021 21:54:42.0707 PM
[ReportManager] API Action [GetResponseJSONValue] successfully performed. With the following test data [title]. @16-11-2021 21:54:42.0723 PM
[ReportManager] API Action [GetResponseJSONValue] successfully performed. With the following test data [title]. @16-11-2021 21:54:42.0737 PM
[ReportManager] API Action [GetResponseJSONValue] successfully performed. With the following test data [title]. @16-11-2021 21:54:42.0755 PM
[ReportManager] API Action [GetResponseJSONValue] successfully performed. With the following test data [title]. @16-11-2021 21:54:42.0772 PM
[ReportManager] API Action [GetResponseJSONValue] successfully performed. With the following test data [title]. @16-11-2021 21:54:42.0787 PM
[ReportManager] API Action [GetResponseJSONValue] successfully performed. With the following test data [title]. @16-11-2021 21:54:42.0803 PM
[ReportManager] API Action [GetResponseJSONValue] successfully performed. With the following test data [title]. @16-11-2021 21:54:42.0818 PM
[ReportManager] API Action [GetResponseJSONValue] successfully performed. With the following test data [title]. @16-11-2021 21:54:42.0858 PM
[ReportManager] API Action [GetResponseJSONValue] successfully performed. With the following test data [title]. @16-11-2021 21:54:42.0874 PM
[ReportManager] API Action [GetResponseJSONValue] successfully performed. With the following test data [title]. @16-11-2021 21:54:42.0888 PM
[ReportManager] API Action [GetResponseJSONValue] successfully performed. With the following test data [title]. @16-11-2021 21:54:42.0904 PM
[ReportManager] API Action [GetResponseJSONValue] successfully performed. With the following test data [title]. @16-11-2021 21:54:42.0918 PM
[ReportManager] API Action [GetResponseJSONValue] successfully performed. With the following test data [title]. @16-11-2021 21:54:42.0933 PM
[ReportManager] API Action [GetResponseJSONValue] successfully performed. With the following test data [title]. @16-11-2021 21:54:42.0952 PM
[ReportManager] API Action [GetResponseJSONValue] successfully performed. With the following test data [title]. @16-11-2021 21:54:42.0969 PM
[ReportManager] API Action [GetResponseJSONValue] successfully performed. With the following test data [title]. @16-11-2021 21:54:42.0984 PM
[ReportManager] API Action [GetResponseJSONValue] successfully performed. With the following test data [title]. @16-11-2021 21:54:42.0998 PM
[ReportManager] API Action [GetResponseJSONValue] successfully performed. With the following test data [title]. @16-11-2021 21:54:43.0012 PM
[ReportManager] API Action [GetResponseJSONValue] successfully performed. With the following test data [title]. @16-11-2021 21:54:43.0033 PM
[ReportManager] API Action [GetResponseJSONValue] successfully performed. With the following test data [title]. @16-11-2021 21:54:43.0096 PM
[ReportManager] API Action [GetResponseJSONValue] successfully performed. With the following test data [title]. @16-11-2021 21:54:43.0122 PM
[ReportManager] API Action [GetResponseJSONValue] successfully performed. With the following test data [title]. @16-11-2021 21:54:43.0142 PM
[ReportManager] API Action [GetResponseJSONValue] successfully performed. With the following test data [title]. @16-11-2021 21:54:43.0161 PM
[ReportManager] API Action [GetResponseJSONValue] successfully performed. With the following test data [title]. @16-11-2021 21:54:43.0221 PM
[ReportManager] API Action [GetResponseJSONValue] successfully performed. With the following test data [title]. @16-11-2021 21:54:43.0242 PM
[ReportManager] API Action [GetResponseJSONValue] successfully performed. With the following test data [title]. @16-11-2021 21:54:43.0266 PM
[ReportManager] API Action [GetResponseJSONValue] successfully performed. With the following test data [title]. @16-11-2021 21:54:43.0282 PM
[ReportManager] API Action [GetResponseJSONValue] successfully performed. With the following test data [title]. @16-11-2021 21:54:43.0300 PM
[ReportManager] API Action [GetResponseJSONValue] successfully performed. With the following test data [title]. @16-11-2021 21:54:43.0320 PM
[ReportManager] API Action [GetResponseJSONValue] successfully performed. With the following test data [title]. @16-11-2021 21:54:43.0349 PM
[ReportManager] API Action [GetResponseJSONValue] successfully performed. With the following test data [title]. @16-11-2021 21:54:43.0369 PM
[ReportManager] API Action [GetResponseJSONValue] successfully performed. With the following test data [title]. @16-11-2021 21:54:43.0387 PM
[ReportManager] API Action [GetResponseJSONValue] successfully performed. With the following test data [title]. @16-11-2021 21:54:43.0410 PM
[ReportManager] API Action [GetResponseJSONValue] successfully performed. With the following test data [title]. @16-11-2021 21:54:43.0432 PM
[ReportManager] API Action [GetResponseJSONValue] successfully performed. With the following test data [title]. @16-11-2021 21:54:43.0472 PM
[ReportManager] API Action [GetResponseJSONValue] successfully performed. With the following test data [title]. @16-11-2021 21:54:43.0488 PM
[ReportManager] API Action [GetResponseJSONValue] successfully performed. With the following test data [title]. @16-11-2021 21:54:43.0503 PM
[ReportManager] API Action [GetResponseJSONValue] successfully performed. With the following test data [title]. @16-11-2021 21:54:43.0524 PM
[ReportManager] API Action [GetResponseJSONValue] successfully performed. With the following test data [title]. @16-11-2021 21:54:43.0538 PM
[ReportManager] API Action [GetResponseJSONValue] successfully performed. With the following test data [title]. @16-11-2021 21:54:43.0559 PM
[ReportManager] API Action [GetResponseJSONValue] successfully performed. With the following test data [title]. @16-11-2021 21:54:43.0572 PM
[ReportManager] API Action [GetResponseJSONValue] successfully performed. With the following test data [title]. @16-11-2021 21:54:43.0586 PM
[ReportManager] API Action [GetResponseJSONValue] successfully performed. With the following test data [title]. @16-11-2021 21:54:43.0601 PM
[ReportManager] API Action [GetResponseJSONValue] successfully performed. With the following test data [title]. @16-11-2021 21:54:43.0616 PM
[ReportManager] API Action [GetResponseJSONValue] successfully performed. With the following test data [title]. @16-11-2021 21:54:43.0631 PM
[ReportManager] API Action [GetResponseJSONValue] successfully performed. With the following test data [title]. @16-11-2021 21:54:43.0645 PM
[ReportManager] API Action [GetResponseJSONValue] successfully performed. With the following test data [title]. @16-11-2021 21:54:43.0661 PM
[ReportManager] API Action [GetResponseJSONValue] successfully performed. With the following test data [title]. @16-11-2021 21:54:43.0680 PM
[ReportManager] API Action [GetResponseJSONValue] successfully performed. With the following test data [title]. @16-11-2021 21:54:43.0694 PM
[ReportManager] API Action [GetResponseJSONValue] successfully performed. With the following test data [title]. @16-11-2021 21:54:43.0711 PM
[ReportManager] API Action [GetResponseJSONValue] successfully performed. With the following test data [title]. @16-11-2021 21:54:43.0727 PM
[ReportManager] API Action [GetResponseJSONValue] successfully performed. With the following test data [title]. @16-11-2021 21:54:43.0742 PM
[ReportManager] API Action [GetResponseJSONValue] successfully performed. With the following test data [title]. @16-11-2021 21:54:43.0755 PM
[ReportManager] API Action [GetResponseJSONValue] successfully performed. With the following test data [title]. @16-11-2021 21:54:43.0769 PM
[ReportManager] API Action [GetResponseJSONValue] successfully performed. With the following test data [title]. @16-11-2021 21:54:43.0787 PM
[ReportManager] API Action [GetResponseJSONValue] successfully performed. With the following test data [title]. @16-11-2021 21:54:43.0801 PM
[ReportManager] API Action [GetResponseJSONValue] successfully performed. With the following test data [title]. @16-11-2021 21:54:43.0819 PM
[ReportManager] API Action [GetResponseJSONValue] successfully performed. With the following test data [title]. @16-11-2021 21:54:43.0833 PM
[ReportManager] API Action [GetResponseJSONValue] successfully performed. With the following test data [title]. @16-11-2021 21:54:43.0846 PM
[ReportManager] API Action [GetResponseJSONValue] successfully performed. With the following test data [title]. @16-11-2021 21:54:43.0860 PM
[ReportManager] API Action [GetResponseJSONValue] successfully performed. With the following test data [title]. @16-11-2021 21:54:43.0874 PM
[ReportManager] API Action [GetResponseJSONValue] successfully performed. With the following test data [title]. @16-11-2021 21:54:43.0886 PM
[ReportManager] API Action [GetResponseJSONValue] successfully performed. With the following test data [title]. @16-11-2021 21:54:43.0900 PM
[ReportManager] API Action [GetResponseJSONValue] successfully performed. With the following test data [title]. @16-11-2021 21:54:43.0913 PM
[ReportManager] API Action [GetResponseJSONValue] successfully performed. With the following test data [title]. @16-11-2021 21:54:43.0928 PM
[ReportManager] API Action [GetResponseJSONValue] successfully performed. With the following test data [title]. @16-11-2021 21:54:43.0943 PM
[ReportManager] API Action [GetResponseJSONValue] successfully performed. With the following test data [title]. @16-11-2021 21:54:43.0965 PM
[ReportManager] API Action [GetResponseJSONValue] successfully performed. With the following test data [title]. @16-11-2021 21:54:43.0982 PM
[ReportManager] API Action [GetResponseJSONValue] successfully performed. With the following test data [title]. @16-11-2021 21:54:44.0005 PM
[ReportManager] API Action [GetResponseJSONValue] successfully performed. With the following test data [title]. @16-11-2021 21:54:44.0051 PM
[ReportManager] API Action [GetResponseJSONValue] successfully performed. With the following test data [title]. @16-11-2021 21:54:44.0082 PM
[ReportManager] API Action [GetResponseJSONValue] successfully performed. With the following test data [title]. @16-11-2021 21:54:44.0099 PM
[ReportManager] API Action [GetResponseJSONValue] successfully performed. With the following test data [title]. @16-11-2021 21:54:44.0113 P

################################################################################################################################################
Starting Execution:	[68 out of 146] test cases in the current suite
Test Method:		[unitTests.tests_restActions.validateUserEmail]
################################################################################################################################################
[ReportManager] Response status code: [200], status line: [HTTP/1.1 200 OK] @16-11-2021 21:54:44.0280 PM
[ReportManager] Assertion Passed: Evaluating the actual response status code against the expected one... @16-11-2021 21:54:44.0281 PM
[ReportManager] Assertion [ValidateComparativeRelation] PASSED. Expected [200] and Actual [200]. Comparison Type [EQUALS]. Validation Type [POSITIVE]. @16-11-2021 21:54:44.0281 PM
[ReportManager] API Action [PerformRequest] successfully performed. With the following test data [Request Type: "GET" | Target Status Code: "200" | Service URL: "https://jsonplaceholder.typicode.com/users" | Content Type: "*/*" | Response Time: "135ms"]. @16-11-2021 21:54:44.0308 PM
[ReportManager] Successfully created attachment [API Request - Specifications] @16-11-2021 21:54:44.0308 PM
[ReportManager] Successfully created attachment [API Response - JSON Body] @16-11-2021 21:54:44.0315 PM
[ReportManager] Assertion [ValidateEquals] PASSED. Expected and Actual values are attached. Comparison Type [CONTAINS]. Validation Type [POSITIVE]. @16-11-2021 21:54:44.0316 PM
[ReportManager] Successfully created attachment [Validation Test Data - Expected Value] @16-11-2021 21:54:44.0322 PM
[ReportManager] Successfully created attachment [Validation Test Data - Actual Value] @16-11-2021 21:54:44.0334 PM
[ReportManager] API Action [GetResponseJSONValueAsList] successfully performed. With the following test data [$]. @16-11-2021 21:54:44.0342 PM
[ReportManager] API Action [GetResponseJSONValue] successfully performed. With the following test data [name]. @16-11-2021 21:54:44.0355 PM
[ReportManager] API Action [GetResponseJSONValue] successfully performed. With the following test data [email]. @16-11-2021 21:54:44.0370 PM
[ReportManager] Assertion [ValidateEquals] PASSED. Expected [Sincere@april.biz] and Actual [Sincere@april.biz]. Comparison Type [EQUALS]. Validation Type [POSITIVE]. @16-11-2021 21:54:44.0371 PM
[ReportManager] API Action [GetResponseJSONValue] successfully performed. With the following test data [name]. @16-11-2021 21:54:44.0385 PM
[ReportManager] API Action [GetResponseJSONValue] successfully performed. With the following test data [name]. @16-11-2021 21:54:44.0399 PM
[ReportManager] API Action [GetResponseJSONValue] successfully performed. With the following test data [name]. @16-11-2021 21:54:44.0414 PM
[ReportManager] API Action [GetResponseJSONValue] successfully performed. With the following test data [name]. @16-11-2021 21:54:44.0426 PM
[ReportManager] API Action [GetResponseJSONValue] successfully performed. With the following test data [name]. @16-11-2021 21:54:44.0443 PM
[ReportManager] API Action [GetResponseJSONValue] successfully performed. With the following test data [name]. @16-11-2021 21:54:44.0460 PM
[ReportManager] API Action [GetResponseJSONValue] successfully performed. With the following test data [name]. @16-11-2021 21:54:44.0474 PM
[ReportManager] API Action [GetResponseJSONValue] successfully performed. With the following test data [name]. @16-11-2021 21:54:44.0487 PM
[ReportManager] API Action [GetResponseJSONValue] successfully performed. With the following test data [name]. @16-11-2021 21:54:44.0500 P
[ReportManager] File Action [GetAbsolutePath] successfully performed. With the following test data [Relative Folder Path: "target/downloadedFiles/"]. @16-11-2021 21:54:44.0522 PM
[ReportManager] Attempting to run locally on: [Mac-64], [Safari], Headless Execution. @16-11-2021 21:54:44.0523 PM
[ReportManager] Successfully Opened Safari. @16-11-2021 21:54:45.0395 PM
[ReportManager] Initial window size: (800, 600) @16-11-2021 21:54:45.0449 PM
[ReportManager] Window size after SWD Maximize: (1176, 811) @16-11-2021 21:54:45.0514 PM
[ReportManager] Browser Action [MaximizeWindow] successfully performed. With the following test data [New screen size is now: (1176, 811)]. @16-11-2021 21:54:45.0515 P

################################################################################################################################################
Starting Execution:	[69 out of 146] test cases in the current suite
Test Method:		[testPackage01.Test_uploadFile.uploadFile_invisibleUploadInput]
################################################################################################################################################
[ReportManager] Target URL: [https://fineuploader.com/demos.html#gallery-view] @16-11-2021 21:54:45.0534 PM
[ReportManager] Initial URL: [] @16-11-2021 21:54:45.0571 PM
[ReportManager] Browser Action [NavigateToURL] successfully performed. With the following test data [https://fineuploader.com/demos.html#gallery-view]. @16-11-2021 21:54:48.0561 PM
[ReportManager] File Action [GetAbsolutePath] successfully performed. With the following test data [Relative File Path: "src/main/resources/images/shaft.png"]. @16-11-2021 21:54:48.0561 PM
[ReportManager] Successfully created attachment [File Action Actual Result - Command Log] @16-11-2021 21:54:48.0573 PM
[ReportManager] Element Action [TypeFileLocationForUpload] successfully performed. With the following test data [/Users/runner/work/SHAFT_ENGINE/SHAFT_ENGINE/src/main/resources/images/shaft.png]. @16-11-2021 21:54:48.0671 PM
[ReportManager] Attempting to getAttribute [src] from elementLocator [By.xpath: //div[@id='fine-uploader-gallery']//div[@class='qq-thumbnail-wrapper']/img]. @16-11-2021 21:54:48.0677 PM
[ReportManager] Element Action [GetAttribute] successfully performed. @16-11-2021 21:54:48.0962 PM
[ReportManager] Successfully created attachment [Element Action Test Data - GetAttribute - Actual Value] @16-11-2021 21:54:48.0969 PM
[ReportManager] Loaded Shared OpenCV @16-11-2021 21:54:49.0055 PM
[ReportManager] Assertion Passed: Then I Assert that the element found by [By.xpath: //div[@id='fine-uploader-gallery']//div[@class='qq-thumbnail-wrapper']/img] attribute [src] contains [data:image/png;base64]. @16-11-2021 21:54:49.0227 PM
[ReportManager] Successfully created attachment [Validation Test Data - Expected Value] @16-11-2021 21:54:49.0240 PM
[ReportManager] Successfully created attachment [Validation Test Data - Actual Value] @16-11-2021 21:54:49.0247 PM
[ReportManager] Successfully created attachment [Screenshot - 1637099689055_uploadFile_invisibleUploadInput_ValidateElementAttribute_passed] @16-11-2021 21:54:49.0262 PM
[ReportManager] Assertion [ValidateElementAttribute] PASSED. Expected and Actual values are attached. Comparison Type [CONTAINS]. Validation Type [POSITIVE]. @16-11-2021 21:54:49.0262 P
[ReportManager] Browser Action [CloseCurrentWindow] successfully performed. @16-11-2021 21:54:49.0467 PM
[ReportManager] Successfully created attachment [Browser Action Test Data - CloseCurrentWindow - Actual Value] @16-11-2021 21:54:49.0475 P
[ReportManager] File Action [GetAbsolutePath] successfully performed. With the following test data [Relative Folder Path: "target/downloadedFiles/"]. @16-11-2021 21:54:49.0524 PM
[ReportManager] Attempting to run locally on: [Mac-64], [Safari], Headless Execution. @16-11-2021 21:54:49.0527 PM
[ReportManager] Successfully Opened Safari. @16-11-2021 21:54:50.0426 PM
[ReportManager] Initial window size: (800, 600) @16-11-2021 21:54:50.0452 PM
[ReportManager] Window size after SWD Maximize: (1176, 811) @16-11-2021 21:54:50.0528 PM
[ReportManager] Browser Action [MaximizeWindow] successfully performed. With the following test data [New screen size is now: (1176, 811)]. @16-11-2021 21:54:50.0528 P

################################################################################################################################################
Starting Execution:	[70 out of 146] test cases in the current suite
Test Method:		[testPackage01.Test_uploadFile.uploadFile_visibleUploadInput]
################################################################################################################################################
[ReportManager] Target URL: [http://demo.guru99.com/test/upload/] @16-11-2021 21:54:50.0551 PM
[ReportManager] Initial URL: [] @16-11-2021 21:54:50.0619 PM
[ReportManager] Browser Action [NavigateToURL] successfully performed. With the following test data [http://demo.guru99.com/test/upload/]. @16-11-2021 21:54:52.0079 PM
[ReportManager] File Action [GetAbsolutePath] successfully performed. With the following test data [Relative Folder Path: "src/main/resources/images/shaft.png"]. @16-11-2021 21:54:52.0079 PM
[ReportManager] Element Action [TypeFileLocationForUpload] successfully performed. With the following test data [/Users/runner/work/SHAFT_ENGINE/SHAFT_ENGINE/src/main/resources/images/shaft.png]. @16-11-2021 21:54:52.0438 PM
[ReportManager] Element Action [Click] successfully performed. With the following test data [By.id: terms]. @16-11-2021 21:54:52.0791 PM
[ReportManager] Element Action [Click] successfully performed. With the following test data [By.id: submitbutton]. @16-11-2021 21:54:54.0340 PM
[ReportManager] Element Action [GetText] successfully performed. With the following test data [1 file has been successfully uploaded.]. @16-11-2021 21:54:54.0994 PM
[ReportManager] Loaded Shared OpenCV @16-11-2021 21:54:55.0105 PM
[ReportManager] Assertion Passed: Then I Assert that the element found by [By.id: res] attribute [Text] contains [1 file]. @16-11-2021 21:54:55.0265 PM
[ReportManager] Successfully created attachment [Screenshot - 1637099695105_uploadFile_visibleUploadInput_ValidateElementAttribute_passed] @16-11-2021 21:54:55.0278 PM
[ReportManager] Assertion [ValidateElementAttribute] PASSED. Expected [Value Should be '1 file' for the 'Text' attribute, element locator 'By.id: res'] and Actual [1 file has been successfully uploaded.]. Comparison Type [CONTAINS]. Validation Type [POSITIVE]. @16-11-2021 21:54:55.0278 P
[ReportManager] Browser Action [CloseCurrentWindow] successfully performed. @16-11-2021 21:54:55.0620 PM
[ReportManager] Successfully created attachment [Browser Action Test Data - CloseCurrentWindow - Actual Value] @16-11-2021 21:54:55.0626 P

################################################################################################################################################
Starting Execution:	[71 out of 146] test cases in the current suite
Test Method:		[testPackage01.Test_AssertApiResponseEquals.assertApiResponseEquals_expectedToPass]
################################################################################################################################################
[ReportManager] Response status code: [200], status line: [HTTP/1.1 200 OK] @16-11-2021 21:54:55.0782 PM
[ReportManager] Assertion Passed: Evaluating the actual response status code against the expected one... @16-11-2021 21:54:55.0783 PM
[ReportManager] Assertion [ValidateComparativeRelation] PASSED. Expected [200] and Actual [200]. Comparison Type [EQUALS]. Validation Type [POSITIVE]. @16-11-2021 21:54:55.0783 PM
[ReportManager] API Action [PerformRequest] successfully performed. With the following test data [Request Type: "GET" | Target Status Code: "200" | Service URL: "https://jsonplaceholder.typicode.com/users" | Content Type: "*/*" | Response Time: "121ms"]. @16-11-2021 21:54:55.0819 PM
[ReportManager] Successfully created attachment [API Request - Specifications] @16-11-2021 21:54:55.0825 PM
[ReportManager] Successfully created attachment [API Response - JSON Body] @16-11-2021 21:54:55.0839 PM
[ReportManager] API Action [GetResponseJSONValueAsList] successfully performed. With the following test data [$]. @16-11-2021 21:54:55.0850 PM
[ReportManager] API Action [GetResponseJSONValue] successfully performed. With the following test data [name]. @16-11-2021 21:54:55.0871 PM
[ReportManager] API Action [GetResponseJSONValue] successfully performed. With the following test data [email]. @16-11-2021 21:54:55.0926 PM
[ReportManager] Verification [ValidateEquals] PASSED. Expected [Sincere@april.biz] and Actual [Sincere@april.biz]. Comparison Type [EQUALS]. Validation Type [POSITIVE]. @16-11-2021 21:54:55.0926 PM
[ReportManager] API Action [GetResponseJSONValue] successfully performed. With the following test data [username]. @16-11-2021 21:54:55.0946 PM
[ReportManager] Assertion [ValidateEquals] PASSED. Expected [Bret] and Actual [Bret]. Comparison Type [EQUALS]. Validation Type [POSITIVE]. @16-11-2021 21:54:55.0946 PM
[ReportManager] API Action [GetResponseJSONValue] successfully performed. With the following test data [name]. @16-11-2021 21:54:55.0967 PM
[ReportManager] API Action [GetResponseJSONValue] successfully performed. With the following test data [name]. @16-11-2021 21:54:55.0986 PM
[ReportManager] API Action [GetResponseJSONValue] successfully performed. With the following test data [name]. @16-11-2021 21:54:56.0006 PM
[ReportManager] API Action [GetResponseJSONValue] successfully performed. With the following test data [name]. @16-11-2021 21:54:56.0029 PM
[ReportManager] API Action [GetResponseJSONValue] successfully performed. With the following test data [name]. @16-11-2021 21:54:56.0059 PM
[ReportManager] API Action [GetResponseJSONValue] successfully performed. With the following test data [name]. @16-11-2021 21:54:56.0078 PM
[ReportManager] API Action [GetResponseJSONValue] successfully performed. With the following test data [name]. @16-11-2021 21:54:56.0092 PM
[ReportManager] API Action [GetResponseJSONValue] successfully performed. With the following test data [name]. @16-11-2021 21:54:56.0109 PM
[ReportManager] API Action [GetResponseJSONValue] successfully performed. With the following test data [name]. @16-11-2021 21:54:56.0139 P

################################################################################################################################################
Starting Execution:	[72 out of 146] test cases in the current suite
Test Method:		[testPackage01.Test_testData.f]
################################################################################################################################################
[ReportManager] Successfully loaded the following test data file [src/test/resources/TestDataFiles/testSuite01/TestData.xlsx]. @16-11-2021 21:54:56.0255 PM
[ReportManager] Successfully created attachment [Test Data - Excel] @16-11-2021 21:54:56.0261 PM
[ReportManager] Last Column Number is: [3]. Zero-based. @16-11-2021 21:54:56.0262 P

################################################################################################################################################
Starting Execution:	[73 out of 146] test cases in the current suite
Test Method:		[testPackage01.Test_PDF.testPDF1]
################################################################################################################################################
[ReportManager] File Action [DoesFileExist] successfully performed. With the following test data [File Path: "src/test/resources/TestDataFiles/sample.pdf"]. @16-11-2021 21:54:56.0317 PM
[ReportManager] File Action [GetAbsolutePath] successfully performed. With the following test data [Relative Folder Path: "src/test/resources/TestDataFiles/sample.pdf"]. @16-11-2021 21:54:56.0322 PM
[ReportManager] Assertion Passed: Checking to see that the pdf file contains [A Simple PDF File] @16-11-2021 21:55:09.0879 PM
[ReportManager] Successfully created attachment [Validation Test Data - Expected Value] @16-11-2021 21:55:09.0885 PM
[ReportManager] Successfully created attachment [Validation Test Data - Actual Value] @16-11-2021 21:55:09.0897 PM
[ReportManager] Assertion [ValidateEquals] PASSED. Expected and Actual values are attached. Comparison Type [CONTAINS]. Validation Type [POSITIVE]. @16-11-2021 21:55:09.0897 P

################################################################################################################################################
Starting Execution:	[74 out of 146] test cases in the current suite
Test Method:		[testPackage01.Test_PDF.testPDF2]
################################################################################################################################################
[ReportManager] File Action [DoesFileExist] successfully performed. With the following test data [File Path: "src/test/resources/TestDataFiles/sample.pdf"]. @16-11-2021 21:55:09.0924 PM
[ReportManager] File Action [GetAbsolutePath] successfully performed. With the following test data [Relative Folder Path: "src/test/resources/TestDataFiles/sample.pdf"]. @16-11-2021 21:55:09.0924 PM
[ReportManager] Assertion Passed: Checking to see that the pdf file contains [A Simple PDF File] @16-11-2021 21:55:09.0960 PM
[ReportManager] Successfully created attachment [Validation Test Data - Expected Value] @16-11-2021 21:55:09.0969 PM
[ReportManager] Successfully created attachment [Validation Test Data - Actual Value] @16-11-2021 21:55:09.0982 PM
[ReportManager] Assertion [ValidateEquals] PASSED. Expected and Actual values are attached. Comparison Type [CONTAINS]. Validation Type [POSITIVE]. @16-11-2021 21:55:09.0982 P
[ReportManager] File Action [GetAbsolutePath] successfully performed. With the following test data [Relative Folder Path: "target/downloadedFiles/"]. @16-11-2021 21:55:10.0004 PM
[ReportManager] Attempting to run locally on: [Mac-64], [Safari], Headless Execution. @16-11-2021 21:55:10.0004 PM
[ReportManager] Successfully Opened Safari. @16-11-2021 21:55:10.0992 PM
[ReportManager] Initial window size: (800, 600) @16-11-2021 21:55:11.0005 PM
[ReportManager] Window size after SWD Maximize: (1176, 811) @16-11-2021 21:55:11.0079 PM
[ReportManager] Browser Action [MaximizeWindow] successfully performed. With the following test data [New screen size is now: (1176, 811)]. @16-11-2021 21:55:11.0080 P

################################################################################################################################################
Starting Execution:	[75 out of 146] test cases in the current suite
Test Method:		[testPackage01.Test_ShadowDOM.shadowdom]
################################################################################################################################################
[ReportManager] Target URL: [https://mdn.github.io/web-components-examples/popup-info-box-web-component/] @16-11-2021 21:55:11.0085 PM
[ReportManager] Initial URL: [] @16-11-2021 21:55:11.0145 PM
[ReportManager] Browser Action [NavigateToURL] successfully performed. With the following test data [https://mdn.github.io/web-components-examples/popup-info-box-web-component/]. @16-11-2021 21:55:11.0599 PM
[ReportManager] Element Action [Type] successfully performed. With the following test data [Typing into SHADOW DOM...]. @16-11-2021 21:55:12.0719 PM
[ReportManager] Element Action [GetText] successfully performed. With the following test data [Typing into SHADOW DOM...]. @16-11-2021 21:55:12.0807 PM
[ReportManager] Loaded Shared OpenCV @16-11-2021 21:55:12.0878 PM
[ReportManager] Assertion [ValidateElementAttribute] PASSED. Expected [Value Should be 'Typing into SHADOW DOM...' for the 'Text' attribute, element locator 'By.id: cvc'] and Actual [Typing into SHADOW DOM...]. Comparison Type [EQUALS]. Validation Type [POSITIVE]. @16-11-2021 21:55:13.0040 PM
[ReportManager] Successfully created attachment [Screenshot - 1637099712878_shadowdom_ValidateElementAttribute_passed] @16-11-2021 21:55:13.0041 P
[ReportManager] Browser Action [CloseCurrentWindow] successfully performed. @16-11-2021 21:55:13.0311 PM
[ReportManager] Successfully created attachment [Browser Action Test Data - CloseCurrentWindow - Actual Value] @16-11-2021 21:55:13.0316 P
[ReportManager] File Action [GetAbsolutePath] successfully performed. With the following test data [Relative Folder Path: "target/downloadedFiles/"]. @16-11-2021 21:55:13.0336 PM
[ReportManager] Attempting to run locally on: [Mac-64], [Safari], Headless Execution. @16-11-2021 21:55:13.0336 PM
[ReportManager] Successfully Opened Safari. @16-11-2021 21:55:14.0411 PM
[ReportManager] Initial window size: (800, 600) @16-11-2021 21:55:14.0449 PM
[ReportManager] Window size after SWD Maximize: (1176, 811) @16-11-2021 21:55:14.0468 PM
[ReportManager] Browser Action [MaximizeWindow] successfully performed. With the following test data [New screen size is now: (1176, 811)]. @16-11-2021 21:55:14.0469 P

################################################################################################################################################
Starting Execution:	[76 out of 146] test cases in the current suite
Test Method:		[testPackage01.Test_clipboardActions.typeTextAndCopyPaste]
################################################################################################################################################
[ReportManager] Target URL: [https://www.google.com/ncr], and after redirection: [https://www.google.com] @16-11-2021 21:55:14.0476 PM
[ReportManager] Initial URL: [] @16-11-2021 21:55:14.0575 PM
[ReportManager] Browser Action [NavigateToURL] successfully performed. With the following test data [https://www.google.com/ncr]. @16-11-2021 21:55:16.0695 PM
[ReportManager] Element Action [Type] successfully performed. With the following test data [FIRST]. @16-11-2021 21:55:16.0911 P
[ReportManager] Browser Action [CloseCurrentWindow] successfully performed. @16-11-2021 21:55:17.0559 PM
[ReportManager] Successfully created attachment [Browser Action Test Data - CloseCurrentWindow - Actual Value] @16-11-2021 21:55:17.0560 P

################################################################################################################################################
Starting Execution:	[77 out of 146] test cases in the current suite
Test Method:		[testPackage01.Test_NewValidationHelper.f1]
################################################################################################################################################
[ReportManager] Assertion Passed: Checking valid user data @16-11-2021 21:55:17.0566 PM
[ReportManager] Successfully created attachment [Validation Test Data - Expected Value] @16-11-2021 21:55:17.0566 PM
[ReportManager] Successfully created attachment [Validation Test Data - Actual Value] @16-11-2021 21:55:17.0567 PM
[ReportManager] Assertion [ValidateEquals] PASSED. Expected and Actual values are attached. Comparison Type [EQUALS]. Validation Type [POSITIVE]. @16-11-2021 21:55:17.0567 P
[ReportManager] File Action [GetAbsolutePath] successfully performed. With the following test data [Relative Folder Path: "target/downloadedFiles/"]. @16-11-2021 21:55:17.0572 PM
[ReportManager] Attempting to run locally on: [Mac-64], [Safari], Headless Execution. @16-11-2021 21:55:17.0572 PM
[ReportManager] Successfully Opened Safari. @16-11-2021 21:55:18.0626 PM
[ReportManager] Initial window size: (800, 600) @16-11-2021 21:55:18.0633 PM
[ReportManager] Window size after SWD Maximize: (1176, 811) @16-11-2021 21:55:18.0668 PM
[ReportManager] Browser Action [MaximizeWindow] successfully performed. With the following test data [New screen size is now: (1176, 811)]. @16-11-2021 21:55:18.0669 PM
[ReportManager] Target URL: [https://the-internet.herokuapp.com/] @16-11-2021 21:55:18.0669 PM
[ReportManager] Initial URL: [] @16-11-2021 21:55:18.0818 PM
[ReportManager] Browser Action [NavigateToURL] successfully performed. With the following test data [https://the-internet.herokuapp.com/]. @16-11-2021 21:55:19.0727 P

################################################################################################################################################
Starting Execution:	[78 out of 146] test cases in the current suite
Test Method:		[testPackage01.Test_NewValidationHelper.f10]
################################################################################################################################################
[ReportManager] Loaded Shared OpenCV @16-11-2021 21:55:19.0844 PM
[ReportManager] Assertion [ValidateElementExists] FAILED. Expected [Element Should Exist, locator 'By.tagName: div'] and Actual [Element Exists but is not unique]. Comparison Type [EQUALS]. Validation Type [POSITIVE]. @16-11-2021 21:55:19.0975 PM
[ReportManager] Successfully created attachment [Screenshot - 1637099719844_f10_ValidateElementExists_failed] @16-11-2021 21:55:19.0978 P



################################################################################################################################################
Starting Execution:	[79 out of 146] test cases in the current suite
Test Method:		[testPackage01.Test_NewValidationHelper.f11]
###############################################################################################################################################



################################################################################################################################################
Starting Execution:	[80 out of 146] test cases in the current suite
Test Method:		[testPackage01.Test_NewValidationHelper.f12]
###############################################################################################################################################



################################################################################################################################################
Starting Execution:	[81 out of 146] test cases in the current suite
Test Method:		[testPackage01.Test_NewValidationHelper.f13]
###############################################################################################################################################



################################################################################################################################################
Starting Execution:	[82 out of 146] test cases in the current suite
Test Method:		[testPackage01.Test_NewValidationHelper.f14]
###############################################################################################################################################



################################################################################################################################################
Starting Execution:	[83 out of 146] test cases in the current suite
Test Method:		[testPackage01.Test_NewValidationHelper.f15]
###############################################################################################################################################



################################################################################################################################################
Starting Execution:	[84 out of 146] test cases in the current suite
Test Method:		[testPackage01.Test_NewValidationHelper.f16]
###############################################################################################################################################



################################################################################################################################################
Starting Execution:	[85 out of 146] test cases in the current suite
Test Method:		[testPackage01.Test_NewValidationHelper.f17]
###############################################################################################################################################



################################################################################################################################################
Starting Execution:	[86 out of 146] test cases in the current suite
Test Method:		[testPackage01.Test_NewValidationHelper.f18]
###############################################################################################################################################


################################################################################################################################################
Starting Execution:	[87 out of 146] test cases in the current suite
Test Method:		[testPackage01.Test_NewValidationHelper.f2]
###############################################################################################################################################


################################################################################################################################################
Starting Execution:	[88 out of 146] test cases in the current suite
Test Method:		[testPackage01.Test_NewValidationHelper.f20]
###############################################################################################################################################



################################################################################################################################################
Starting Execution:	[89 out of 146] test cases in the current suite
Test Method:		[testPackage01.Test_NewValidationHelper.f21]
###############################################################################################################################################



################################################################################################################################################
Starting Execution:	[90 out of 146] test cases in the current suite
Test Method:		[testPackage01.Test_NewValidationHelper.f22]
###############################################################################################################################################


################################################################################################################################################
Starting Execution:	[91 out of 146] test cases in the current suite
Test Method:		[testPackage01.Test_NewValidationHelper.f23]
###############################################################################################################################################

################################################################################################################################################
Starting Execution:	[92 out of 146] test cases in the current suite
Test Method:		[testPackage01.Test_NewValidationHelper.f24]
###############################################################################################################################################

################################################################################################################################################
Starting Execution:	[93 out of 146] test cases in the current suite
Test Method:		[testPackage01.Test_NewValidationHelper.f25]
###############################################################################################################################################

################################################################################################################################################
Starting Execution:	[94 out of 146] test cases in the current suite
Test Method:		[testPackage01.Test_NewValidationHelper.f26]
###############################################################################################################################################

################################################################################################################################################
Starting Execution:	[95 out of 146] test cases in the current suite
Test Method:		[testPackage01.Test_NewValidationHelper.f27]
###############################################################################################################################################

################################################################################################################################################
Starting Execution:	[96 out of 146] test cases in the current suite
Test Method:		[testPackage01.Test_NewValidationHelper.f28]
###############################################################################################################################################

################################################################################################################################################
Starting Execution:	[97 out of 146] test cases in the current suite
Test Method:		[testPackage01.Test_NewValidationHelper.f29]
###############################################################################################################################################

################################################################################################################################################
Starting Execution:	[98 out of 146] test cases in the current suite
Test Method:		[testPackage01.Test_NewValidationHelper.f3]
###############################################################################################################################################

################################################################################################################################################
Starting Execution:	[99 out of 146] test cases in the current suite
Test Method:		[testPackage01.Test_NewValidationHelper.f30]
###############################################################################################################################################

################################################################################################################################################
Starting Execution:	[100 out of 146] test cases in the current suite
Test Method:		[testPackage01.Test_NewValidationHelper.f31]
###############################################################################################################################################

################################################################################################################################################
Starting Execution:	[101 out of 146] test cases in the current suite
Test Method:		[testPackage01.Test_NewValidationHelper.f32]
###############################################################################################################################################

################################################################################################################################################
Starting Execution:	[102 out of 146] test cases in the current suite
Test Method:		[testPackage01.Test_NewValidationHelper.f33]
###############################################################################################################################################

################################################################################################################################################
Starting Execution:	[103 out of 146] test cases in the current suite
Test Method:		[testPackage01.Test_NewValidationHelper.f34]
###############################################################################################################################################

################################################################################################################################################
Starting Execution:	[104 out of 146] test cases in the current suite
Test Method:		[testPackage01.Test_NewValidationHelper.f35]
###############################################################################################################################################

################################################################################################################################################
Starting Execution:	[105 out of 146] test cases in the current suite
Test Method:		[testPackage01.Test_NewValidationHelper.f36]
###############################################################################################################################################

################################################################################################################################################
Starting Execution:	[106 out of 146] test cases in the current suite
Test Method:		[testPackage01.Test_NewValidationHelper.f37]
###############################################################################################################################################

################################################################################################################################################
Starting Execution:	[107 out of 146] test cases in the current suite
Test Method:		[testPackage01.Test_NewValidationHelper.f3_1]
###############################################################################################################################################

################################################################################################################################################
Starting Execution:	[108 out of 146] test cases in the current suite
Test Method:		[testPackage01.Test_NewValidationHelper.f4]
###############################################################################################################################################

################################################################################################################################################
Starting Execution:	[109 out of 146] test cases in the current suite
Test Method:		[testPackage01.Test_NewValidationHelper.f5]
###############################################################################################################################################

################################################################################################################################################
Starting Execution:	[110 out of 146] test cases in the current suite
Test Method:		[testPackage01.Test_NewValidationHelper.f6]
###############################################################################################################################################

################################################################################################################################################
Starting Execution:	[111 out of 146] test cases in the current suite
Test Method:		[testPackage01.Test_NewValidationHelper.f6_1]
###############################################################################################################################################

################################################################################################################################################
Starting Execution:	[112 out of 146] test cases in the current suite
Test Method:		[testPackage01.Test_NewValidationHelper.f6_2]
###############################################################################################################################################

################################################################################################################################################
Starting Execution:	[113 out of 146] test cases in the current suite
Test Method:		[testPackage01.Test_NewValidationHelper.f7]
###############################################################################################################################################


################################################################################################################################################
Starting Execution:	[114 out of 146] test cases in the current suite
Test Method:		[testPackage01.Test_NewValidationHelper.f8]
###############################################################################################################################################



################################################################################################################################################
Starting Execution:	[115 out of 146] test cases in the current suite
Test Method:		[testPackage01.Test_NewValidationHelper.f9]
###############################################################################################################################################


################################################################################################################################################
Starting Execution:	[116 out of 146] test cases in the current suite
Test Method:		[testPackage01.Test_NewValidationHelper.forceFail]
###############################################################################################################################################

################################################################################################################################################
Starting Execution:	[117 out of 146] test cases in the current suite
Test Method:		[testPackage01.Test_NewValidationHelper.forceFail2]
###############################################################################################################################################

################################################################################################################################################
Starting Execution:	[118 out of 146] test cases in the current suite
Test Method:		[testPackage01.Test_JsonActions.f]
###############################################################################################################################################

################################################################################################################################################
Starting Execution:	[119 out of 146] test cases in the current suite
Test Method:		[testPackage01.Test_JsonActions.f2]
###############################################################################################################################################

################################################################################################################################################
Starting Execution:	[120 out of 146] test cases in the current suite
Test Method:		[testPackage01.Test_sendGraphqlRequest.sendGraphqlRequestUsingMutationAndVariables]
################################################################################################################################################
[ReportManager] GraphQl Request is being Performed with the Following Parameters [Service URL: https://api.spacex.land/graphql | Request Body: {"variables":"{\"name\": \"sherlock holmes\",\"rocket\": \"221B Baker Street\"}","query":"mutation ($name: String, $rocket: String) {\n  insert_users(objects: {name: $name, rocket: $rocket}) {\n    returning {\n      name\n      rocket\n    }\n  }\n}"}] @16-11-2021 21:55:21.0070 PM
[ReportManager] Response status code: [200], status line: [HTTP/1.1 200 OK] @16-11-2021 21:55:21.0405 PM
[ReportManager] Assertion Passed: Evaluating the actual response status code against the expected one... @16-11-2021 21:55:21.0406 PM
[ReportManager] Assertion [ValidateComparativeRelation] PASSED. Expected [200] and Actual [200]. Comparison Type [EQUALS]. Validation Type [POSITIVE]. @16-11-2021 21:55:21.0406 PM
[ReportManager] API Action [PerformRequest] successfully performed. With the following test data [Request Type: "POST" | Target Status Code: "200" | Service URL: "https://api.spacex.land/graphql" | Content Type: "application/json" | Response Time: "217ms"]. @16-11-2021 21:55:21.0465 PM
[ReportManager] Successfully created attachment [API Request - Specifications] @16-11-2021 21:55:21.0473 PM
[ReportManager] Successfully created attachment [API Request - JSON Body] @16-11-2021 21:55:21.0485 PM
[ReportManager] Successfully created attachment [API Response - JSON Body] @16-11-2021 21:55:21.0491 PM
[ReportManager] API Action [GetResponseJSONValue] successfully performed. With the following test data [data.insert_users.returning[0].name]. @16-11-2021 21:55:21.0564 PM
[ReportManager] Assertion [ValidateEquals] PASSED. Expected [sherlock holmes] and Actual [sherlock holmes]. Comparison Type [EQUALS]. Validation Type [POSITIVE]. @16-11-2021 21:55:21.0564 P

################################################################################################################################################
Starting Execution:	[121 out of 146] test cases in the current suite
Test Method:		[testPackage01.Test_sendGraphqlRequest.sendGraphqlRequestUsingQuery]
################################################################################################################################################
[ReportManager] GraphQl Request is being Performed with the Following Parameters [Service URL: https://api.spacex.land/graphql | Request Body: {"query":"{company {ceo}}"}] @16-11-2021 21:55:21.0586 PM
[ReportManager] Response status code: [200], status line: [HTTP/1.1 200 OK] @16-11-2021 21:55:21.0701 PM
[ReportManager] Assertion Passed: Evaluating the actual response status code against the expected one... @16-11-2021 21:55:21.0701 PM
[ReportManager] Assertion [ValidateComparativeRelation] PASSED. Expected [200] and Actual [200]. Comparison Type [EQUALS]. Validation Type [POSITIVE]. @16-11-2021 21:55:21.0701 PM
[ReportManager] API Action [PerformRequest] successfully performed. With the following test data [Request Type: "POST" | Target Status Code: "200" | Service URL: "https://api.spacex.land/graphql" | Content Type: "application/json" | Response Time: "108ms"]. @16-11-2021 21:55:21.0714 PM
[ReportManager] Successfully created attachment [API Request - Specifications] @16-11-2021 21:55:21.0735 PM
[ReportManager] Successfully created attachment [API Request - JSON Body] @16-11-2021 21:55:21.0781 PM
[ReportManager] Successfully created attachment [API Response - JSON Body] @16-11-2021 21:55:21.0799 PM
[ReportManager] API Action [GetResponseJSONValue] successfully performed. With the following test data [data.company.ceo]. @16-11-2021 21:55:21.0823 PM
[ReportManager] Assertion [ValidateEquals] PASSED. Expected [Elon Musk] and Actual [Elon Musk]. Comparison Type [EQUALS]. Validation Type [POSITIVE]. @16-11-2021 21:55:21.0824 P

################################################################################################################################################
Starting Execution:	[122 out of 146] test cases in the current suite
Test Method:		[testPackage01.Test_MatchJsonSchema.checkAPI_ResponseSchema]
################################################################################################################################################
[ReportManager] Response status code: [200], status line: [HTTP/1.1 200 OK] @16-11-2021 21:55:22.0017 PM
[ReportManager] Assertion Passed: Evaluating the actual response status code against the expected one... @16-11-2021 21:55:22.0017 PM
[ReportManager] Assertion [ValidateComparativeRelation] PASSED. Expected [200] and Actual [200]. Comparison Type [EQUALS]. Validation Type [POSITIVE]. @16-11-2021 21:55:22.0018 PM
[ReportManager] API Action [PerformRequest] successfully performed. With the following test data [Request Type: "GET" | Target Status Code: "200" | Service URL: "http://api.zippopotam.us/us/90210" | Content Type: "*/*" | Response Time: "154ms"]. @16-11-2021 21:55:22.0033 PM
[ReportManager] Successfully created attachment [API Request - Specifications] @16-11-2021 21:55:22.0039 PM
[ReportManager] Successfully created attachment [API Response - JSON Body] @16-11-2021 21:55:22.0046 PM
[ReportManager] File Action [GetAbsolutePath] successfully performed. With the following test data [Relative Folder Path: "src/test/resources/testDataFiles/schema.json"]. @16-11-2021 21:55:22.0047 PM
[ReportManager] File Action [GetAbsolutePath] successfully performed. With the following test data [Relative Folder Path: "/Users/runner/work/SHAFT_ENGINE/SHAFT_ENGINE/src/test/resources/testDataFiles/schema.json"]. @16-11-2021 21:55:22.0924 PM
[ReportManager] File Action [ReadFromFile] successfully performed. With the following test data [File Path: "/Users/runner/work/SHAFT_ENGINE/SHAFT_ENGINE/src/test/resources/testDataFiles/schema.json"]. @16-11-2021 21:55:22.0925 PM
[ReportManager] Assertion Passed: Then I Assert that the API response schema matches that in this file [src/test/resources/testDataFiles/schema.json]. @16-11-2021 21:55:22.0927 PM
[ReportManager] Successfully created attachment [Validation Test Data - Expected JSON Value] @16-11-2021 21:55:22.0928 PM
[ReportManager] Successfully created attachment [Validation Test Data - Actual JSON Value] @16-11-2021 21:55:22.0929 PM
[ReportManager] Assertion [ValidateResponseFileSchema] PASSED. Expected [Response data should match the JSON File in this path '/Users/runner/work/SHAFT_ENGINE/SHAFT_ENGINE/src/test/resources/testDataFiles/schema.json'] and Actual [TRUE]. Comparison Type [EQUALS]. Validation Type [POSITIVE]. @16-11-2021 21:55:22.0929 P
[ReportManager] File Action [GetAbsolutePath] successfully performed. With the following test data [Relative Folder Path: "target/downloadedFiles/"]. @16-11-2021 21:55:22.0932 PM
[ReportManager] Attempting to run locally on: [Mac-64], [Safari], Headless Execution. @16-11-2021 21:55:22.0933 PM
[ReportManager] Successfully Opened Safari. @16-11-2021 21:55:23.0825 PM
[ReportManager] Initial window size: (800, 600) @16-11-2021 21:55:23.0902 PM
[ReportManager] Window size after SWD Maximize: (1176, 811) @16-11-2021 21:55:23.0969 PM
[ReportManager] Browser Action [MaximizeWindow] successfully performed. With the following test data [New screen size is now: (1176, 811)]. @16-11-2021 21:55:23.0970 P

################################################################################################################################################
Starting Execution:	[123 out of 146] test cases in the current suite
Test Method:		[testPackage01.Test_dragAndDrop.dragAndDropJquery]
################################################################################################################################################
[ReportManager] Target URL: [https://jqueryui.com/resources/demos/droppable/default.html] @16-11-2021 21:55:23.0995 PM
[ReportManager] Initial URL: [] @16-11-2021 21:55:24.0039 PM
[ReportManager] Browser Action [NavigateToURL] successfully performed. With the following test data [https://jqueryui.com/resources/demos/droppable/default.html]. @16-11-2021 21:55:24.0645 PM
[ReportManager] Element Action [GetText] successfully performed. With the following test data [
	Drop here
]. @16-11-2021 21:55:24.0701 PM
[ReportManager] Element Action [DragAndDrop] successfully performed. With the following test data [Start point: (8, 18), End point: (8, 18)]. @16-11-2021 21:55:26.0072 PM
[ReportManager] Element Action [GetText] successfully performed. With the following test data [
	Dropped!
]. @16-11-2021 21:55:26.0201 PM
[ReportManager] Assertion Passed: Checking to see if the text has changed after performing drag and drop @16-11-2021 21:55:26.0201 PM
[ReportManager] Assertion [ValidateEquals] PASSED. Expected [
	Drop here
] and Actual [
	Dropped!
]. Comparison Type [EQUALS]. Validation Type [NEGATIVE]. @16-11-2021 21:55:26.0202 P
[ReportManager] Browser Action [CloseCurrentWindow] successfully performed. @16-11-2021 21:55:26.0350 PM
[ReportManager] Successfully created attachment [Browser Action Test Data - CloseCurrentWindow - Actual Value] @16-11-2021 21:55:26.0356 P
[ReportManager] File Action [GetAbsolutePath] successfully performed. With the following test data [Relative Folder Path: "target/downloadedFiles/"]. @16-11-2021 21:55:26.0370 PM
[ReportManager] Attempting to run locally on: [Mac-64], [Safari], Headless Execution. @16-11-2021 21:55:26.0371 PM
[ReportManager] Successfully Opened Safari. @16-11-2021 21:55:27.0229 PM
[ReportManager] Initial window size: (800, 600) @16-11-2021 21:55:27.0249 PM
[ReportManager] Window size after SWD Maximize: (1176, 811) @16-11-2021 21:55:27.0361 PM
[ReportManager] Browser Action [MaximizeWindow] successfully performed. With the following test data [New screen size is now: (1176, 811)]. @16-11-2021 21:55:27.0362 P

################################################################################################################################################
Starting Execution:	[124 out of 146] test cases in the current suite
Test Method:		[testPackage01.Test_dragAndDrop.dragAndDrop]
Test Description:	[TC001 - Test Drag and Drop function.]
################################################################################################################################################
[ReportManager] Target URL: [http://the-internet.herokuapp.com/drag_and_drop] @16-11-2021 21:55:27.0382 PM
[ReportManager] Initial URL: [] @16-11-2021 21:55:27.0418 PM
[ReportManager] Browser Action [NavigateToURL] successfully performed. With the following test data [http://the-internet.herokuapp.com/drag_and_drop]. @16-11-2021 21:55:28.0381 PM
[ReportManager] Attempting Drag and Drop @16-11-2021 21:55:28.0382 PM
[ReportManager] Element Action [DragAndDrop] successfully performed. With the following test data [Start point: (120, 89), End point: (335, 89)]. @16-11-2021 21:55:29.0216 P
[ReportManager] Browser Action [CloseCurrentWindow] successfully performed. @16-11-2021 21:55:29.0525 PM
[ReportManager] Successfully created attachment [Browser Action Test Data - CloseCurrentWindow - Actual Value] @16-11-2021 21:55:29.0531 P
[ReportManager] File Action [GetAbsolutePath] successfully performed. With the following test data [Relative Folder Path: "target/downloadedFiles/"]. @16-11-2021 21:55:29.0539 PM
[ReportManager] Attempting to run locally on: [Mac-64], [Safari], Headless Execution. @16-11-2021 21:55:29.0540 P

################################################################################################################################################
Starting Execution:	[125 out of 146] test cases in the current suite
Test Method:		[testPackage01.Test_dragAndDrop.dragAndDropByOffset]
Test Description:	[TC002 - Test Drag and Drop by offset function.]
###############################################################################################################################################

[ReportManager] Successfully loaded the following test data file [src/test/resources/TestDataFiles/testSuite01/TestData.xlsx]. @16-11-2021 21:55:29.0991 PM
[ReportManager] Successfully created attachment [Test Data - Excel] @16-11-2021 21:55:30.0000 PM
[ReportManager] File Action [GetAbsolutePath] successfully performed. With the following test data [Relative Folder Path: "target/downloadedFiles/"]. @16-11-2021 21:55:30.0000 PM
[ReportManager] Attempting to run locally on: [Mac-64], [Safari], Headless Execution. @16-11-2021 21:55:30.0001 PM
[ReportManager] Successfully Opened Safari. @16-11-2021 21:55:31.0156 PM
[ReportManager] Initial window size: (800, 600) @16-11-2021 21:55:31.0177 PM
[ReportManager] Window size after SWD Maximize: (1176, 811) @16-11-2021 21:55:31.0223 PM
[ReportManager] Browser Action [MaximizeWindow] successfully performed. With the following test data [New screen size is now: (1176, 811)]. @16-11-2021 21:55:31.0223 P

################################################################################################################################################
Starting Execution:	[126 out of 146] test cases in the current suite
Test Method:		[testPackage01.Test_google.navigateToURLandVerifyGoogleLogoIsDisplayed]
Test Description:	[TC001 - Navigate to URL and Verify Google Logo is Displayed]
################################################################################################################################################
[ReportManager] Target URL: [https://www.google.com/ncr], and after redirection: [https://www.google.com] @16-11-2021 21:55:31.0226 PM
[ReportManager] Initial URL: [] @16-11-2021 21:55:31.0277 PM
[ReportManager] Browser Action [NavigateToURL] successfully performed. With the following test data [https://www.google.com/ncr]. @16-11-2021 21:55:33.0135 PM
[ReportManager] Loaded Shared OpenCV @16-11-2021 21:55:33.0249 PM
[ReportManager] Assertion Passed: Then I Assert that the element found by [By.xpath: //*[@id='hplogo' or @alt='Google']] exists. @16-11-2021 21:55:33.0376 PM
[ReportManager] Successfully created attachment [Screenshot - 1637099733248_navigateToURLandVerifyGoogleLogoIsDisplayed_ValidateElementExists_passed] @16-11-2021 21:55:33.0382 PM
[ReportManager] Assertion [ValidateElementExists] PASSED. Expected [Element Should Exist, locator 'By.xpath: //*[@id='hplogo' or @alt='Google']'] and Actual [Element Exists]. Comparison Type [EQUALS]. Validation Type [POSITIVE]. @16-11-2021 21:55:33.0383 P

################################################################################################################################################
Starting Execution:	[127 out of 146] test cases in the current suite
Test Method:		[testPackage01.Test_google.searchForQueryandAssertResultsNumDisplayed]
Test Description:	[TC002 - Search for Query and Assert that the number of results is displayed]
################################################################################################################################################
[ReportManager] Element Action [Type] successfully performed. With the following test data [SHAFT_Engine]. @16-11-2021 21:55:33.0872 PM
[ReportManager] Element Action [KeyPress] successfully performed. With the following test data [Enter]. @16-11-2021 21:55:33.0967 P

################################################################################################################################################
Starting Execution:	[128 out of 146] test cases in the current suite
Test Method:		[testPackage01.Test_google.clickNextThrice]
Test Description:	[TC003 - Clicks the next button to make sure that the framework can scroll element into view before clicking it]
###############################################################################################################################################
[ReportManager] Browser Action [CloseCurrentWindow] successfully performed. @16-11-2021 21:55:34.0261 PM
[ReportManager] Successfully created attachment [Browser Action Test Data - CloseCurrentWindow - Actual Value] @16-11-2021 21:55:34.0267 P

################################################################################################################################################
Starting Execution:	[129 out of 146] test cases in the current suite
Test Method:		[testPackage01.Test_chainableElementActions.chainElementActions]
################################################################################################################################################
[ReportManager] File Action [GetAbsolutePath] successfully performed. With the following test data [Relative Folder Path: "target/downloadedFiles/"]. @16-11-2021 21:55:34.0276 PM
[ReportManager] Attempting to run locally on: [Mac-64], [GoogleChrome], Headless Execution. @16-11-2021 21:55:34.0277 PM
[ReportManager] Identifying OS/Driver combination and selecting the correct driver version automatically. Please note that if a new driver executable will be downloaded it may take some time... @16-11-2021 21:55:34.0278 PM
[ReportManager] Successfully Opened Google Chrome. @16-11-2021 21:55:39.0249 PM
[ReportManager] Initial window size: (1920, 1080) @16-11-2021 21:55:39.0262 PM
[ReportManager] Window size after SWD Maximize: (1920, 1080) @16-11-2021 21:55:39.0387 PM
[ReportManager] Window size after Toolkit: (1920, 1080) @16-11-2021 21:55:39.0842 PM
[ReportManager] Browser Action [MaximizeWindow] successfully performed. With the following test data [New screen size is now: (1920, 1080)]. @16-11-2021 21:55:39.0846 PM
[ReportManager] Target URL: [https://www.google.com/ncr], and after redirection: [https://www.google.com] @16-11-2021 21:55:39.0846 PM
[ReportManager] Initial URL: [data:,] @16-11-2021 21:55:39.0886 PM
[ReportManager] Browser Action [NavigateToURL] successfully performed. With the following test data [https://www.google.com/ncr]. @16-11-2021 21:55:41.0561 PM
[ReportManager] Element Action [Type] successfully performed. With the following test data [chained type 1]. @16-11-2021 21:55:41.0948 PM
[ReportManager] Element Action [Type] successfully performed. With the following test data [chained type 2]. @16-11-2021 21:55:42.0246 PM
[ReportManager] Element Action [TypeAppend] successfully performed. With the following test data [345]. @16-11-2021 21:55:42.0374 PM
[ReportManager] Element Action [GetText] successfully performed. With the following test data [chained type 1chained type 2345]. @16-11-2021 21:55:42.0524 PM
[ReportManager] Loaded Shared OpenCV @16-11-2021 21:55:42.0921 PM
[ReportManager] Assertion [ValidateElementAttribute] FAILED. Expected [Value Should be 'chained type 2345' for the 'text' attribute, element locator 'By.name: q'] and Actual [chained type 1chained type 2345]. Comparison Type [EQUALS]. Validation Type [POSITIVE]. @16-11-2021 21:55:43.0238 PM
[ReportManager] Successfully created attachment [Screenshot - 1637099742921_chainElementActions_ValidateElementAttribute_failed] @16-11-2021 21:55:43.0278 P
[ReportManager] File Action [GetAbsolutePath] successfully performed. With the following test data [Relative Folder Path: "target/downloadedFiles/"]. @16-11-2021 21:55:43.0331 PM
[ReportManager] Attempting to run locally on: [Mac-64], [Safari], Headless Execution. @16-11-2021 21:55:43.0331 PM
[ReportManager] Successfully Opened Safari. @16-11-2021 21:55:44.0217 PM
[ReportManager] Initial window size: (800, 600) @16-11-2021 21:55:44.0226 PM
[ReportManager] Window size after SWD Maximize: (1176, 811) @16-11-2021 21:55:44.0254 PM
[ReportManager] Browser Action [MaximizeWindow] successfully performed. With the following test data [New screen size is now: (1176, 811)]. @16-11-2021 21:55:44.0255 P

################################################################################################################################################
Starting Execution:	[130 out of 146] test cases in the current suite
Test Method:		[testPackage01.Test_RelativeLocators.relativeLocatorsTest1]
################################################################################################################################################
[ReportManager] Target URL: [https://duckduckgo.com/] @16-11-2021 21:55:44.0305 PM
[ReportManager] Initial URL: [] @16-11-2021 21:55:44.0369 PM
[ReportManager] Browser Action [NavigateToURL] successfully performed. With the following test data [https://duckduckgo.com/]. @16-11-2021 21:55:45.0437 PM
[ReportManager] Element Action [Type] successfully performed. With the following test data [SHAFT_Engine]. @16-11-2021 21:55:45.0697 PM
[ReportManager] Element Action [KeyPress] successfully performed. With the following test data [ENTER]. @16-11-2021 21:55:45.0794 P
[ReportManager] Browser Action [CloseCurrentWindow] successfully performed. @16-11-2021 21:55:47.0982 PM
[ReportManager] Successfully created attachment [Browser Action Test Data - CloseCurrentWindow - Actual Value] @16-11-2021 21:55:48.0000 P

################################################################################################################################################
Starting Execution:	[131 out of 146] test cases in the current suite
Test Method:		[testPackage01.Test_JsonCompareWithSpecialCharacters.specialCharacters]
################################################################################################################################################
[ReportManager] File Action [GetAbsolutePath] successfully performed. With the following test data [Relative Folder Path: "src/test/resources/testDataFiles/specialCharacters.json"]. @16-11-2021 21:55:48.0040 PM
[ReportManager] File Action [ReadFromFile] successfully performed. With the following test data [File Path: "/Users/runner/work/SHAFT_ENGINE/SHAFT_ENGINE/src/test/resources/testDataFiles/specialCharacters.json"]. @16-11-2021 21:55:48.0040 PM
[ReportManager] Successfully created attachment [File Action Actual Result - Command Log] @16-11-2021 21:55:48.0051 PM
[ReportManager] Comparing the provided API response with the file at this path "src/test/resources/testDataFiles/specialCharacters.json", comparison type "EQUALS" @16-11-2021 21:55:48.0052 PM
[ReportManager] API Action [CompareJSON] successfully performed. With the following test data [src/test/resources/testDataFiles/specialCharacters.json]. @16-11-2021 21:55:48.0063 PM
[ReportManager] File Action [GetAbsolutePath] successfully performed. With the following test data [Relative Folder Path: "src/test/resources/testDataFiles/specialCharacters.json"]. @16-11-2021 21:55:48.0065 PM
[ReportManager] File Action [ReadFromFile] successfully performed. With the following test data [File Path: "/Users/runner/work/SHAFT_ENGINE/SHAFT_ENGINE/src/test/resources/testDataFiles/specialCharacters.json"]. @16-11-2021 21:55:48.0066 PM
[ReportManager] Verification [ValidateJSONFileContent] PASSED. Expected [Response data should match the JSON File in this path 'src/test/resources/testDataFiles/specialCharacters.json'] and Actual [TRUE]. Comparison Type [EQUALS]. Validation Type [POSITIVE]. @16-11-2021 21:55:48.0075 PM
[ReportManager] Successfully created attachment [Validation Test Data - Expected JSON Value] @16-11-2021 21:55:48.0083 PM
[ReportManager] Successfully created attachment [Validation Test Data - Actual JSON Value] @16-11-2021 21:55:48.0100 P

################################################################################################################################################
Starting Execution:	[132 out of 146] test cases in the current suite
Test Method:		[testPackage01.Test_JsonCompareWithSpecialCharacters.specialCharacters_assertion]
################################################################################################################################################
[ReportManager] File Action [GetAbsolutePath] successfully performed. With the following test data [Relative Folder Path: "src/test/resources/testDataFiles/specialCharacters.json"]. @16-11-2021 21:55:48.0136 PM
[ReportManager] File Action [ReadFromFile] successfully performed. With the following test data [File Path: "/Users/runner/work/SHAFT_ENGINE/SHAFT_ENGINE/src/test/resources/testDataFiles/specialCharacters.json"]. @16-11-2021 21:55:48.0137 PM
[ReportManager] Successfully created attachment [File Action Actual Result - Command Log] @16-11-2021 21:55:48.0150 PM
[ReportManager] Comparing the provided API response with the file at this path "src/test/resources/testDataFiles/specialCharacters.json", comparison type "CONTAINS" @16-11-2021 21:55:48.0150 PM
[ReportManager] API Action [CompareJSON] successfully performed. With the following test data [src/test/resources/testDataFiles/specialCharacters.json]. @16-11-2021 21:55:48.0166 PM
[ReportManager] File Action [GetAbsolutePath] successfully performed. With the following test data [Relative Folder Path: "src/test/resources/testDataFiles/specialCharacters.json"]. @16-11-2021 21:55:48.0166 PM
[ReportManager] File Action [ReadFromFile] successfully performed. With the following test data [File Path: "/Users/runner/work/SHAFT_ENGINE/SHAFT_ENGINE/src/test/resources/testDataFiles/specialCharacters.json"]. @16-11-2021 21:55:48.0167 PM
[ReportManager] Assertion Passed: trying out the log message @16-11-2021 21:55:48.0176 PM
[ReportManager] Successfully created attachment [Validation Test Data - Expected JSON Value] @16-11-2021 21:55:48.0189 PM
[ReportManager] Successfully created attachment [Validation Test Data - Actual JSON Value] @16-11-2021 21:55:48.0207 PM
[ReportManager] Assertion [ValidateJSONFileContent] PASSED. Expected [Response data should match the JSON File in this path 'src/test/resources/testDataFiles/specialCharacters.json'] and Actual [TRUE]. Comparison Type [CONTAINS]. Validation Type [POSITIVE]. @16-11-2021 21:55:48.0207 P

################################################################################################################################################
Starting Execution:	[133 out of 146] test cases in the current suite
Test Method:		[testPackage01.Test_SkipDueToIssue.doNotSkip]
################################################################################################################################################
[ReportManager] This should not be skipped. @16-11-2021 21:55:48.0230 P

################################################################################################################################################
Starting Execution:	[134 out of 146] test cases in the current suite
Test Method:		[testPackage01.Test_SkipDueToIssue.skip]
################################################################################################################################################
[ReportManager] This should be skipped. @16-11-2021 21:55:48.0268 P

################################################################################################################################################
Starting Execution:	[135 out of 146] test cases in the current suite
Test Method:		[testPackage01.Test_SkipDueToIssue.skip2]
################################################################################################################################################
[ReportManager] This should be skipped. @16-11-2021 21:55:48.0296 P

################################################################################################################################################
Starting Execution:	[136 out of 146] test cases in the current suite
Test Method:		[testPackage01.Test_JSONFileManager.readStringFromJson]
################################################################################################################################################
[ReportManager] File Action [GetAbsolutePath] successfully performed. With the following test data [Relative Folder Path: "src/test/resources/testDataFiles/simpleJSON.json"]. @16-11-2021 21:55:48.0332 PM
[ReportManager] Successfully loaded the following test data file [src/test/resources/testDataFiles/simpleJSON.json]. @16-11-2021 21:55:48.0333 PM
[ReportManager] Successfully created attachment [Test Data - JSON] @16-11-2021 21:55:48.0344 PM
[ReportManager] File Action [GetAbsolutePath] successfully performed. With the following test data [Relative Folder Path: "src/test/resources/testDataFiles/simpleJSON.json"]. @16-11-2021 21:55:48.0345 PM
[ReportManager] Assertion [ValidateEquals] PASSED. Expected [Mohab Mohie] and Actual [Mohab Mohie]. Comparison Type [EQUALS]. Validation Type [POSITIVE]. @16-11-2021 21:55:48.0362 P
[ReportManager] File Action [GetAbsolutePath] successfully performed. With the following test data [Relative Folder Path: "target/downloadedFiles/"]. @16-11-2021 21:55:48.0397 PM
[ReportManager] Attempting to run locally on: [Mac-64], [Safari], Headless Execution. @16-11-2021 21:55:48.0398 PM
[ReportManager] Successfully Opened Safari. @16-11-2021 21:55:49.0492 PM
[ReportManager] Initial window size: (800, 600) @16-11-2021 21:55:49.0549 PM
[ReportManager] Window size after SWD Maximize: (1176, 811) @16-11-2021 21:55:49.0571 PM
[ReportManager] Browser Action [MaximizeWindow] successfully performed. With the following test data [New screen size is now: (1176, 811)]. @16-11-2021 21:55:49.0572 P

################################################################################################################################################
Starting Execution:	[137 out of 146] test cases in the current suite
Test Method:		[testPackage01.Test_assertEquals.test_assertElementAttribute]
################################################################################################################################################
[ReportManager] Target URL: [https://www.google.com/ncr], and after redirection: [https://www.google.com] @16-11-2021 21:55:49.0587 PM
[ReportManager] Initial URL: [] @16-11-2021 21:55:49.0781 PM
[ReportManager] Browser Action [NavigateToURL] successfully performed. With the following test data [https://www.google.com/ncr]. @16-11-2021 21:55:51.0979 PM
[ReportManager] Element Action [Type] successfully performed. With the following test data [INC_004010050:Another SCHEDULER with the same name [Duplicate Job Name] already exists.]. @16-11-2021 21:55:54.0429 PM
[ReportManager] Element Action [GetText] successfully performed. With the following test data [INC_004010050:Another SCHEDULER with the same name [Duplicate Job Name] already exists.]. @16-11-2021 21:55:54.0528 PM
[ReportManager] Loaded Shared OpenCV @16-11-2021 21:55:54.0578 PM
[ReportManager] Assertion [ValidateElementAttribute] PASSED. Expected [Value Should be 'INC_004010050:Another SCHEDULER with the same name \[Duplicate Job Name\] already exists.' for the 'text' attribute, element locator 'By.name: q'] and Actual [INC_004010050:Another SCHEDULER with the same name [Duplicate Job Name] already exists.]. Comparison Type [MATCHES]. Validation Type [POSITIVE]. @16-11-2021 21:55:54.0700 PM
[ReportManager] Successfully created attachment [Screenshot - 1637099754578_test_assertElementAttribute_ValidateElementAttribute_passed] @16-11-2021 21:55:54.0716 P
[ReportManager] Browser Action [CloseCurrentWindow] successfully performed. @16-11-2021 21:55:54.0854 PM
[ReportManager] Successfully created attachment [Browser Action Test Data - CloseCurrentWindow - Actual Value] @16-11-2021 21:55:54.0863 P
[ReportManager] File Action [GetAbsolutePath] successfully performed. With the following test data [Relative Folder Path: "target/downloadedFiles/"]. @16-11-2021 21:55:54.0890 PM
[ReportManager] Attempting to run locally on: [Mac-64], [Safari], Headless Execution. @16-11-2021 21:55:54.0890 PM
[ReportManager] Successfully Opened Safari. @16-11-2021 21:55:55.0929 PM
[ReportManager] Initial window size: (800, 600) @16-11-2021 21:55:55.0950 PM
[ReportManager] Window size after SWD Maximize: (1176, 811) @16-11-2021 21:55:55.0980 PM
[ReportManager] Browser Action [MaximizeWindow] successfully performed. With the following test data [New screen size is now: (1176, 811)]. @16-11-2021 21:55:55.0980 P

################################################################################################################################################
Starting Execution:	[138 out of 146] test cases in the current suite
Test Method:		[testPackage01.Test_IsElementClickable.testIsElementClickable]
################################################################################################################################################
[ReportManager] Target URL: [https://the-internet.herokuapp.com/] @16-11-2021 21:55:56.0207 PM
[ReportManager] Initial URL: [] @16-11-2021 21:55:56.0257 PM
[ReportManager] Browser Action [NavigateToURL] successfully performed. With the following test data [https://the-internet.herokuapp.com/]. @16-11-2021 21:55:56.0879 PM
[ReportManager] Element Action [IsElementClickable] successfully performed. @16-11-2021 21:55:57.0054 PM
[ReportManager] Assertion [ValidateTrue] PASSED. Expected [TRUE] and Actual [TRUE]. Validation Type [POSITIVE]. @16-11-2021 21:55:57.0055 P
[ReportManager] Browser Action [CloseCurrentWindow] successfully performed. @16-11-2021 21:55:57.0302 PM
[ReportManager] Successfully created attachment [Browser Action Test Data - CloseCurrentWindow - Actual Value] @16-11-2021 21:55:57.0303 P
[ReportManager] Successfully loaded the following test data file [src/test/resources/TestDataFiles/testSuite01/TestData.xlsx]. @16-11-2021 21:55:57.0359 PM
[ReportManager] Successfully created attachment [Test Data - Excel] @16-11-2021 21:55:57.0360 PM
[ReportManager] Attempting to run using Playwright locally on: [Mac-64], [Safari], Headless Execution. @16-11-2021 21:56:27.0214 PM
[ReportManager] File Action [GetAbsolutePath] successfully performed. With the following test data [Relative Folder Path: "target/downloadedFiles/"]. @16-11-2021 21:56:27.0215 PM
[ReportManager] Initial window size: (1280, 720) @16-11-2021 21:56:36.0335 PM
[ReportManager] Window size after Toolkit: com.microsoft.playwright.options.ViewportSize@15c99c06 @16-11-2021 21:56:36.0346 PM
[ReportManager] Browser Action [MaximizeWindow] successfully performed. With the following test data [New screen size is now: (1920, 1080)]. @16-11-2021 21:56:36.0347 P

################################################################################################################################################
Starting Execution:	[139 out of 146] test cases in the current suite
Test Method:		[testPackage01.Test_google_playwright.navigateToURLandVerifyGoogleLogoIsDisplayed]
Test Description:	[TC001 - Navigate to URL and Verify Google Logo is Displayed]
################################################################################################################################################
[ReportManager] Target URL: [https://www.google.com/ncr], and after redirection: [https://www.google.com] @16-11-2021 21:56:36.0352 PM
[ReportManager] Initial URL: [about:blank] @16-11-2021 21:56:36.0847 PM
[ReportManager] Browser Action [NavigateToURL] successfully performed. With the following test data [https://www.google.com/ncr]. @16-11-2021 21:56:39.0430 PM
[ReportManager] Loaded Shared OpenCV @16-11-2021 21:56:39.0581 PM
[ReportManager] Assertion [ValidateElementExists] PASSED. Expected [Element Should Exist, locator 'xpath=//*[@id='hplogo' or @alt='Google']'] and Actual [Element Exists]. Comparison Type [EQUALS]. Validation Type [POSITIVE]. @16-11-2021 21:56:39.0878 PM
[ReportManager] Successfully created attachment [Screenshot - 1637099799576_navigateToURLandVerifyGoogleLogoIsDisplayed_ValidateElementExists_passed] @16-11-2021 21:56:39.0880 P

################################################################################################################################################
Starting Execution:	[140 out of 146] test cases in the current suite
Test Method:		[testPackage01.Test_google_playwright.searchForQueryandAssertResultsNumDisplayed]
Test Description:	[TC002 - Search for Query and Assert that the number of results is displayed]
################################################################################################################################################
[ReportManager] Element Action [Type] successfully performed. With the following test data [SHAFT_Engine]. @16-11-2021 21:56:40.0113 PM
[ReportManager] Element Action [KeyPress] successfully performed. With the following test data [Enter]. @16-11-2021 21:56:40.0279 PM
[ReportManager] Element Action [GetText] successfully performed. With the following test data [About 879,000 results (0.63 seconds)Â 
]. @16-11-2021 21:56:42.0582 PM
[ReportManager] Loaded Shared OpenCV @16-11-2021 21:56:43.0464 PM
[ReportManager] Assertion [ValidateElementAttribute] PASSED. Expected [Value Should not be '' for the 'text' attribute, element locator 'xpath=//div[@id='appbar']'] and Actual [About 879,000 results (0.63 seconds)Â 
]. Comparison Type [EQUALS]. Validation Type [NEGATIVE]. @16-11-2021 21:56:43.0783 PM
[ReportManager] Successfully created attachment [Screenshot - 1637099803462_searchForQueryandAssertResultsNumDisplayed_ValidateElementAttribute_passed] @16-11-2021 21:56:43.0786 P

################################################################################################################################################
Starting Execution:	[141 out of 146] test cases in the current suite
Test Method:		[testPackage01.Test_google_playwright.clickNextThrice]
Test Description:	[TC003 - Clicks the next button to make sure that the framework can scroll element into view before clicking it]
################################################################################################################################################
[ReportManager] Element Action [Click] successfully performed. With the following test data [Next]. @16-11-2021 21:56:44.0118 P
[ReportManager] Failed to find video recording. @16-11-2021 21:56:44.0122 PM
[ReportManager] Successfully Closed PlayWright Driver. @16-11-2021 21:56:44.0179 P
[ReportManager] File Action [GetAbsolutePath] successfully performed. With the following test data [Relative Folder Path: "target/downloadedFiles/"]. @16-11-2021 21:56:44.0182 PM
[ReportManager] Attempting to run locally on: [Mac-64], [Safari], Headless Execution. @16-11-2021 21:56:44.0182 PM
[ReportManager] Successfully Opened Safari. @16-11-2021 21:56:45.0636 PM
[ReportManager] Initial window size: (800, 600) @16-11-2021 21:56:45.0650 PM
[ReportManager] Window size after SWD Maximize: (1176, 811) @16-11-2021 21:56:45.0670 PM
[ReportManager] Browser Action [MaximizeWindow] successfully performed. With the following test data [New screen size is now: (1176, 811)]. @16-11-2021 21:56:45.0671 P

################################################################################################################################################
Starting Execution:	[142 out of 146] test cases in the current suite
Test Method:		[testPackage01.Test_verifyEquals.test_assertElementAttribute]
################################################################################################################################################
[ReportManager] Target URL: [https://www.google.com/ncr], and after redirection: [https://www.google.com] @16-11-2021 21:56:45.0673 PM
[ReportManager] Initial URL: [] @16-11-2021 21:56:45.0730 PM
[ReportManager] Browser Action [NavigateToURL] successfully performed. With the following test data [https://www.google.com/ncr]. @16-11-2021 21:56:47.0478 PM
[ReportManager] Element Action [Type] successfully performed. With the following test data [INC_004010050:Another SCHEDULER with the same name [Duplicate Job Name] already exists.]. @16-11-2021 21:56:49.0961 PM
[ReportManager] Element Action [GetText] successfully performed. With the following test data [INC_004010050:Another SCHEDULER with the same name [Duplicate Job Name] already exists.]. @16-11-2021 21:56:50.0063 PM
[ReportManager] Loaded Shared OpenCV @16-11-2021 21:56:50.0162 PM
[ReportManager] Verification [ValidateElementAttribute] PASSED. Expected [Value Should be 'INC_004010050:Another SCHEDULER with the same name \[Duplicate Job Name\] already exists.' for the 'text' attribute, element locator 'By.name: q'] and Actual [INC_004010050:Another SCHEDULER with the same name [Duplicate Job Name] already exists.]. Comparison Type [MATCHES]. Validation Type [POSITIVE]. @16-11-2021 21:56:50.0269 PM
[ReportManager] Successfully created attachment [Screenshot - 1637099810162_test_assertElementAttribute_ValidateElementAttribute_passed] @16-11-2021 21:56:50.0275 P
[ReportManager] Browser Action [CloseCurrentWindow] successfully performed. @16-11-2021 21:56:50.0648 PM
[ReportManager] Successfully created attachment [Browser Action Test Data - CloseCurrentWindow - Actual Value] @16-11-2021 21:56:50.0649 P

################################################################################################################################################
Starting Execution:	[143 out of 146] test cases in the current suite
Test Method:		[testPackage01.Test_SelectedValue.multipleSelect]
################################################################################################################################################
[ReportManager] File Action [GetAbsolutePath] successfully performed. With the following test data [Relative Folder Path: "target/downloadedFiles/"]. @16-11-2021 21:56:50.0653 PM
[ReportManager] Attempting to run locally on: [Mac-64], [GoogleChrome], Headless Execution. @16-11-2021 21:56:50.0653 PM
[ReportManager] Identifying OS/Driver combination and selecting the correct driver version automatically. Please note that if a new driver executable will be downloaded it may take some time... @16-11-2021 21:56:50.0654 PM
[ReportManager] Successfully Opened Google Chrome. @16-11-2021 21:56:50.0776 PM
[ReportManager] Initial window size: (1920, 1080) @16-11-2021 21:56:50.0780 PM
[ReportManager] Window size after SWD Maximize: (1920, 1080) @16-11-2021 21:56:51.0032 PM
[ReportManager] Window size after Toolkit: (1920, 1080) @16-11-2021 21:56:51.0505 PM
[ReportManager] Browser Action [MaximizeWindow] successfully performed. With the following test data [New screen size is now: (1920, 1080)]. @16-11-2021 21:56:51.0508 PM
[ReportManager] Target URL: [https://yari-demos.prod.mdn.mozit.cloud/en-US/docs/Web/HTML/Element/select/_sample_.Advanced_select_with_multiple_features.html] @16-11-2021 21:56:51.0509 PM
[ReportManager] Initial URL: [https://www.google.com] @16-11-2021 21:56:51.0546 PM
[ReportManager] Browser Action [NavigateToURL] successfully performed. With the following test data [https://yari-demos.prod.mdn.mozit.cloud/en-US/docs/Web/HTML/Element/select/_sample_.Advanced_select_with_multiple_features.html]. @16-11-2021 21:56:51.0825 PM
[ReportManager] Element Action [Select] successfully performed. With the following test data [Dog]. @16-11-2021 21:56:52.0037 PM
[ReportManager] Element Action [Select] successfully performed. With the following test data [Cat]. @16-11-2021 21:56:52.0303 PM
[ReportManager] Element Action [GetSelectedText] successfully performed. With the following test data [DogCat]. @16-11-2021 21:56:52.0414 PM
[ReportManager] DogCat @16-11-2021 21:56:52.0415 PM
[ReportManager] Element Action [GetSelectedText] successfully performed. With the following test data [DogCat]. @16-11-2021 21:56:52.0512 PM
[ReportManager] Loaded Shared OpenCV @16-11-2021 21:56:52.0973 PM
[ReportManager] Assertion [ValidateElementAttribute] PASSED. Expected [Value Should be 'DogCat' for the 'selectedText' attribute, element locator 'By.tagName: select'] and Actual [DogCat]. Comparison Type [EQUALS]. Validation Type [POSITIVE]. @16-11-2021 21:56:53.0200 PM
[ReportManager] Successfully created attachment [Screenshot - 1637099812973_multipleSelect_ValidateElementAttribute_passed] @16-11-2021 21:56:53.0200 PM
[ReportManager] Browser Action [CloseCurrentWindow] successfully performed. @16-11-2021 21:56:54.0829 PM
[ReportManager] Successfully created attachment [Browser Action Test Data - CloseCurrentWindow - Actual Value] @16-11-2021 21:56:54.0829 P

################################################################################################################################################
Starting Execution:	[144 out of 146] test cases in the current suite
Test Method:		[testPackage01.Test_SelectedValue.simpleSelect]
################################################################################################################################################
[ReportManager] File Action [GetAbsolutePath] successfully performed. With the following test data [Relative Folder Path: "target/downloadedFiles/"]. @16-11-2021 21:56:54.0834 PM
[ReportManager] Attempting to run locally on: [Mac-64], [GoogleChrome], Headless Execution. @16-11-2021 21:56:54.0834 PM
[ReportManager] Identifying OS/Driver combination and selecting the correct driver version automatically. Please note that if a new driver executable will be downloaded it may take some time... @16-11-2021 21:56:54.0834 PM
[ReportManager] Successfully Opened Google Chrome. @16-11-2021 21:56:54.0978 PM
[ReportManager] Initial window size: (1920, 1080) @16-11-2021 21:56:54.0983 PM
[ReportManager] Window size after SWD Maximize: (1920, 1080) @16-11-2021 21:56:55.0151 PM
[ReportManager] Window size after Toolkit: (1920, 1080) @16-11-2021 21:56:55.0617 PM
[ReportManager] Browser Action [MaximizeWindow] successfully performed. With the following test data [New screen size is now: (1920, 1080)]. @16-11-2021 21:56:55.0620 PM
[ReportManager] Target URL: [https://yari-demos.prod.mdn.mozit.cloud/en-US/docs/Web/HTML/Element/select/_sample_.Basic_select.html] @16-11-2021 21:56:55.0620 PM
[ReportManager] Initial URL: [https://yari-demos.prod.mdn.mozit.cloud/en-US/docs/Web/HTML/Element/select/_sample_.Advanced_select_with_multiple_features.html] @16-11-2021 21:56:55.0646 PM
[ReportManager] Browser Action [NavigateToURL] successfully performed. With the following test data [https://yari-demos.prod.mdn.mozit.cloud/en-US/docs/Web/HTML/Element/select/_sample_.Basic_select.html]. @16-11-2021 21:56:55.0759 PM
[ReportManager] Element Action [Select] successfully performed. With the following test data [Third Value]. @16-11-2021 21:56:56.0015 PM
[ReportManager] Element Action [GetSelectedText] successfully performed. With the following test data [Third Value]. @16-11-2021 21:56:56.0109 PM
[ReportManager] Third Value @16-11-2021 21:56:56.0109 PM
[ReportManager] Element Action [GetSelectedText] successfully performed. With the following test data [Third Value]. @16-11-2021 21:56:56.0196 PM
[ReportManager] Loaded Shared OpenCV @16-11-2021 21:56:56.0506 PM
[ReportManager] Assertion [ValidateElementAttribute] PASSED. Expected [Value Should be 'Third Value' for the 'selectedText' attribute, element locator 'By.tagName: select'] and Actual [Third Value]. Comparison Type [EQUALS]. Validation Type [POSITIVE]. @16-11-2021 21:56:56.0709 PM
[ReportManager] Successfully created attachment [Screenshot - 1637099816506_simpleSelect_ValidateElementAttribute_passed] @16-11-2021 21:56:56.0710 PM
[ReportManager] Browser Action [CloseCurrentWindow] successfully performed. @16-11-2021 21:56:59.0033 PM
[ReportManager] Successfully created attachment [Browser Action Test Data - CloseCurrentWindow - Actual Value] @16-11-2021 21:56:59.0034 P
[ReportManager] File Action [GetAbsolutePath] successfully performed. With the following test data [Relative Folder Path: "target/downloadedFiles/"]. @16-11-2021 21:56:59.0036 PM
[ReportManager] Attempting to run locally on: [Mac-64], [Safari], Headless Execution. @16-11-2021 21:56:59.0036 PM
[ReportManager] Successfully Opened Safari. @16-11-2021 21:56:59.0839 PM
[ReportManager] Initial window size: (800, 600) @16-11-2021 21:56:59.0856 PM
[ReportManager] Window size after SWD Maximize: (1176, 811) @16-11-2021 21:56:59.0880 PM
[ReportManager] Browser Action [MaximizeWindow] successfully performed. With the following test data [New screen size is now: (1176, 811)]. @16-11-2021 21:56:59.0880 P

################################################################################################################################################
Starting Execution:	[145 out of 146] test cases in the current suite
Test Method:		[testPackage01.Test_dynamicLoading.dynamicLoading_elementIsHidden]
################################################################################################################################################
[ReportManager] Target URL: [https://the-internet.herokuapp.com/dynamic_loading/1] @16-11-2021 21:56:59.0902 PM
[ReportManager] Initial URL: [] @16-11-2021 21:57:00.0110 PM
[ReportManager] Browser Action [NavigateToURL] successfully performed. With the following test data [https://the-internet.herokuapp.com/dynamic_loading/1]. @16-11-2021 21:57:00.0808 PM
[ReportManager] Element Action [Click] successfully performed. With the following test data [By.xpath: //button[text()='Start']]. @16-11-2021 21:57:01.0021 PM
[ReportManager] Element Action [GetText] successfully performed. With the following test data [
    Hello World!
  ]. @16-11-2021 21:57:01.0072 P
[ReportManager] Browser Action [CloseCurrentWindow] successfully performed. @16-11-2021 21:57:01.0446 PM
[ReportManager] Successfully created attachment [Browser Action Test Data - CloseCurrentWindow - Actual Value] @16-11-2021 21:57:01.0447 P
[ReportManager] File Action [GetAbsolutePath] successfully performed. With the following test data [Relative Folder Path: "target/downloadedFiles/"]. @16-11-2021 21:57:01.0449 PM
[ReportManager] Attempting to run locally on: [Mac-64], [Safari], Headless Execution. @16-11-2021 21:57:01.0449 PM
[ReportManager] Successfully Opened Safari. @16-11-2021 21:57:02.0546 PM
[ReportManager] Initial window size: (800, 600) @16-11-2021 21:57:02.0573 PM
[ReportManager] Window size after SWD Maximize: (1176, 811) @16-11-2021 21:57:02.0591 PM
[ReportManager] Browser Action [MaximizeWindow] successfully performed. With the following test data [New screen size is now: (1176, 811)]. @16-11-2021 21:57:02.0591 P

################################################################################################################################################
Starting Execution:	[146 out of 146] test cases in the current suite
Test Method:		[testPackage01.Test_dynamicLoading.dynamicLoading_elementIsRendered]
################################################################################################################################################
[ReportManager] Target URL: [https://the-internet.herokuapp.com/dynamic_loading/2] @16-11-2021 21:57:02.0594 PM
[ReportManager] Initial URL: [] @16-11-2021 21:57:02.0678 PM
[ReportManager] Browser Action [NavigateToURL] successfully performed. With the following test data [https://the-internet.herokuapp.com/dynamic_loading/2]. @16-11-2021 21:57:16.0808 PM
[ReportManager] Element Action [Click] successfully performed. With the following test data [By.xpath: //button[text()='Start']]. @16-11-2021 21:57:17.0040 P
[ReportManager] Browser Action [CloseCurrentWindow] successfully performed. @16-11-2021 21:57:17.0432 PM
[ReportManager] Successfully created attachment [Browser Action Test Data - CloseCurrentWindow - Actual Value] @16-11-2021 21:57:17.0432 P
[ReportManager] Successfully created attachment [SHAFT Engine Logs - Execution log] @16-11-2021 21:57:17.0726 PM

################################################################################################################################################
This test run was powered by SHAFT Engine Version: [SHAFT Engine v5.4.20211116-BETA]
SHAFT Engine is licensed under the MIT License: [https://github.com/MohabMohie/SHAFT_ENGINE/blob/master/LICENSE].
################################################################################################################################################