################################################################################################################################################
Detected SHAFT Engine Version: [SHAFT Engine v5.4.20211025-BETA]
################################################################################################################################################
[ReportManager] File Action [GetAbsolutePath] successfully performed. With the following test data [Relative Folder Path: "target/downloadedFiles/"]. @26-10-2021 18:55:20.0762 PM
[ReportManager] Attempting to run locally on: [Mac-64], [Safari], Headless Execution. @26-10-2021 18:55:20.0781 PM
[ReportManager] Successfully Opened Safari. @26-10-2021 18:55:25.0540 PM
[ReportManager] Initial window size: (800, 600) @26-10-2021 18:55:25.0562 PM
[ReportManager] Window size after SWD Maximize: (1176, 810) @26-10-2021 18:55:25.0588 PM
[ReportManager] Browser Action [MaximizeWindow] successfully performed. With the following test data [New screen size is now: (1176, 810)]. @26-10-2021 18:55:25.0589 P

################################################################################################################################################
Starting Execution:	[1 out of 143] test cases in the current suite
Test Method:		[unitTests.tests_element_elementActions.waitForElementToBePresent_false_expectedToFail]
################################################################################################################################################
[ReportManager] Target URL: [https://www.google.com/ncr], and after redirection: [www.google.com] @26-10-2021 18:55:25.0744 PM
[ReportManager] Initial URL: [] @26-10-2021 18:55:25.0805 PM
[ReportManager] Browser Action [NavigateToURL] successfully performed. With the following test data [https://www.google.com/ncr]. @26-10-2021 18:55:27.0504 PM
[ReportManager] Waiting for element to be present; elementLocator [By.xpath: //*[@id='hplogo' or @alt='Google']], numberOfTries[1], stateOfPresence[false]... @26-10-2021 18:55:27.0513 PM
[ReportManager] Element Action [WaitForElementToBePresent] failed. With the following test data [waited for the element's state of presence to be (false). Element locator (By.xpath: //*[@id='hplogo' or @alt='Google'])]. @26-10-2021 18:55:29.0927 PM
[ReportManager] Successfully created attachment [Screenshot - 1635274527603_waitForElementToBePresent_false_expectedToFail_WaitForElementToBePresent_failed] @26-10-2021 18:55:29.0948 P
[ReportManager] Browser Action [CloseCurrentWindow] successfully performed. @26-10-2021 18:55:30.0108 PM
[ReportManager] Successfully created attachment [Browser Action Test Data - CloseCurrentWindow - Actual Value] @26-10-2021 18:55:30.0111 P
[ReportManager] File Action [GetAbsolutePath] successfully performed. With the following test data [Relative Folder Path: "target/downloadedFiles/"]. @26-10-2021 18:55:30.0125 PM
[ReportManager] Attempting to run locally on: [Mac-64], [Safari], Headless Execution. @26-10-2021 18:55:30.0126 PM
[ReportManager] Successfully Opened Safari. @26-10-2021 18:55:30.0985 PM
[ReportManager] Initial window size: (800, 600) @26-10-2021 18:55:30.0991 PM
[ReportManager] Window size after SWD Maximize: (1176, 811) @26-10-2021 18:55:31.0019 PM
[ReportManager] Browser Action [MaximizeWindow] successfully performed. With the following test data [New screen size is now: (1176, 811)]. @26-10-2021 18:55:31.0020 P

################################################################################################################################################
Starting Execution:	[2 out of 143] test cases in the current suite
Test Method:		[unitTests.tests_element_elementActions.waitForElementToBePresent_false_expectedToPass]
################################################################################################################################################
[ReportManager] Target URL: [https://www.google.com/ncr], and after redirection: [www.google.com] @26-10-2021 18:55:31.0025 PM
[ReportManager] Initial URL: [] @26-10-2021 18:55:31.0109 PM
[ReportManager] Browser Action [NavigateToURL] successfully performed. With the following test data [https://www.google.com/ncr]. @26-10-2021 18:55:31.0911 PM
[ReportManager] Waiting for element to be present; elementLocator [By.id: bla], numberOfTries[1], stateOfPresence[false]... @26-10-2021 18:55:31.0911 P
[ReportManager] Browser Action [CloseCurrentWindow] successfully performed. @26-10-2021 18:55:32.0154 PM
[ReportManager] Successfully created attachment [Browser Action Test Data - CloseCurrentWindow - Actual Value] @26-10-2021 18:55:32.0155 P
[ReportManager] File Action [GetAbsolutePath] successfully performed. With the following test data [Relative Folder Path: "target/downloadedFiles/"]. @26-10-2021 18:55:32.0161 PM
[ReportManager] Attempting to run locally on: [Mac-64], [Safari], Headless Execution. @26-10-2021 18:55:32.0161 PM
[ReportManager] Successfully Opened Safari. @26-10-2021 18:55:33.0016 PM
[ReportManager] Initial window size: (800, 600) @26-10-2021 18:55:33.0023 PM
[ReportManager] Window size after SWD Maximize: (1176, 811) @26-10-2021 18:55:33.0042 PM
[ReportManager] Browser Action [MaximizeWindow] successfully performed. With the following test data [New screen size is now: (1176, 811)]. @26-10-2021 18:55:33.0042 P

################################################################################################################################################
Starting Execution:	[3 out of 143] test cases in the current suite
Test Method:		[unitTests.tests_element_elementActions.waitForElementToBePresent_moreThanOneElement_expectedToFail]
################################################################################################################################################
[ReportManager] Target URL: [https://www.google.com/ncr], and after redirection: [www.google.com] @26-10-2021 18:55:33.0059 PM
[ReportManager] Initial URL: [] @26-10-2021 18:55:33.0121 PM
[ReportManager] Browser Action [NavigateToURL] successfully performed. With the following test data [https://www.google.com/ncr]. @26-10-2021 18:55:33.0905 PM
[ReportManager] Waiting for element to be present; elementLocator [By.xpath: //*], numberOfTries[1], stateOfPresence[false]... @26-10-2021 18:55:33.0906 PM
[ReportManager] Element Action [WaitForElementToBePresent] failed. With the following test data [waited for the element's state of presence to be (false). Element locator (By.xpath: //*)]. @26-10-2021 18:55:34.0101 PM
[ReportManager] Successfully created attachment [Screenshot - 1635274533985_waitForElementToBePresent_moreThanOneElement_expectedToFail_WaitForElementToBePresent_failed] @26-10-2021 18:55:34.0103 P
[ReportManager] Browser Action [CloseCurrentWindow] successfully performed. @26-10-2021 18:55:34.0374 PM
[ReportManager] Successfully created attachment [Browser Action Test Data - CloseCurrentWindow - Actual Value] @26-10-2021 18:55:34.0375 P
[ReportManager] File Action [GetAbsolutePath] successfully performed. With the following test data [Relative Folder Path: "target/downloadedFiles/"]. @26-10-2021 18:55:34.0382 PM
[ReportManager] Attempting to run locally on: [Mac-64], [Safari], Headless Execution. @26-10-2021 18:55:34.0382 PM
[ReportManager] Successfully Opened Safari. @26-10-2021 18:55:35.0293 PM
[ReportManager] Initial window size: (800, 600) @26-10-2021 18:55:35.0301 PM
[ReportManager] Window size after SWD Maximize: (1176, 811) @26-10-2021 18:55:35.0322 PM
[ReportManager] Browser Action [MaximizeWindow] successfully performed. With the following test data [New screen size is now: (1176, 811)]. @26-10-2021 18:55:35.0323 P

################################################################################################################################################
Starting Execution:	[4 out of 143] test cases in the current suite
Test Method:		[unitTests.tests_element_elementActions.waitForElementToBePresent_true_expectedToFail]
################################################################################################################################################
[ReportManager] Target URL: [https://www.google.com/ncr], and after redirection: [www.google.com] @26-10-2021 18:55:35.0327 PM
[ReportManager] Initial URL: [] @26-10-2021 18:55:35.0390 PM
[ReportManager] Browser Action [NavigateToURL] successfully performed. With the following test data [https://www.google.com/ncr]. @26-10-2021 18:55:36.0383 PM
[ReportManager] Waiting for element to be present; elementLocator [By.id: bla], numberOfTries[1], stateOfPresence[true]... @26-10-2021 18:55:36.0383 P
[ReportManager] Browser Action [CloseCurrentWindow] successfully performed. @26-10-2021 18:55:36.0469 PM
[ReportManager] Successfully created attachment [Browser Action Test Data - CloseCurrentWindow - Actual Value] @26-10-2021 18:55:36.0470 P
[ReportManager] File Action [GetAbsolutePath] successfully performed. With the following test data [Relative Folder Path: "target/downloadedFiles/"]. @26-10-2021 18:55:36.0474 PM
[ReportManager] Attempting to run locally on: [Mac-64], [Safari], Headless Execution. @26-10-2021 18:55:36.0475 PM
[ReportManager] Successfully Opened Safari. @26-10-2021 18:55:37.0342 PM
[ReportManager] Initial window size: (800, 600) @26-10-2021 18:55:37.0349 PM
[ReportManager] Window size after SWD Maximize: (1176, 811) @26-10-2021 18:55:37.0377 PM
[ReportManager] Browser Action [MaximizeWindow] successfully performed. With the following test data [New screen size is now: (1176, 811)]. @26-10-2021 18:55:37.0377 P

################################################################################################################################################
Starting Execution:	[5 out of 143] test cases in the current suite
Test Method:		[unitTests.tests_element_elementActions.waitForElementToBePresent_true_expectedToPass]
################################################################################################################################################
[ReportManager] Target URL: [https://www.google.com/ncr], and after redirection: [www.google.com] @26-10-2021 18:55:37.0382 PM
[ReportManager] Initial URL: [] @26-10-2021 18:55:37.0454 PM
[ReportManager] Browser Action [NavigateToURL] successfully performed. With the following test data [https://www.google.com/ncr]. @26-10-2021 18:55:38.0328 PM
[ReportManager] Waiting for element to be present; elementLocator [By.xpath: //*[@id='hplogo' or @alt='Google']], numberOfTries[1], stateOfPresence[true]... @26-10-2021 18:55:38.0329 PM
[ReportManager] Element Action [WaitForElementToBePresent] successfully performed. With the following test data [waited for the element's state of presence to be (true). Element locator (By.xpath: //*[@id='hplogo' or @alt='Google'])]. @26-10-2021 18:55:38.0356 PM
[ReportManager] File Action [DoesFileExist] successfully performed. With the following test data [File Path: "src/test/resources/DynamicObjectRepository/unitTests_tests_element_elementActions_waitForElementToBePresent_true_expectedToPass_By_xpath_id_hplogo_or_alt_Google.png"]. @26-10-2021 18:55:38.0376 PM
[ReportManager] File Action [DoesFileExist] successfully performed. With the following test data [File Path: "src/test/resources/DynamicObjectRepository/unitTests_tests_element_elementActions_waitForElementToBePresent_true_expectedToPass_By_xpath_id_hplogo_or_alt_Google.png"]. @26-10-2021 18:55:38.0448 PM
[ReportManager] Passing the test and saving a reference image @26-10-2021 18:55:38.0448 PM
[ReportManager] File Action [GetAbsolutePath] successfully performed. With the following test data [Relative File Path: "src/test/resources/DynamicObjectRepository/unitTests_tests_element_elementActions_waitForElementToBePresent_true_expectedToPass_By_xpath_id_hplogo_or_alt_Google.png"]. @26-10-2021 18:55:38.0448 PM
[ReportManager] File Action [WriteToFile] successfully performed. With the following test data [Target File Path: "/Users/runner/work/SHAFT_ENGINE/SHAFT_ENGINE/src/test/resources/DynamicObjectRepository/unitTests_tests_element_elementActions_waitForElementToBePresent_true_expectedToPass_By_xpath_id_hplogo_or_alt_Google.png"]. @26-10-2021 18:55:38.0450 PM
[ReportManager] Assertion Passed: Using Visual AI; OpenCV @26-10-2021 18:55:38.0452 PM
[ReportManager] Successfully created attachment [Validation Test Data - Actual Screenshot] @26-10-2021 18:55:38.0453 PM
[ReportManager] Assertion [ValidateElementMatches] PASSED. Expected [Element should match the reference screenshot] and Actual [TRUE]. Comparison Type [EXACT_OPENCV]. Validation Type [POSITIVE]. @26-10-2021 18:55:38.0453 P
[ReportManager] Browser Action [CloseCurrentWindow] successfully performed. @26-10-2021 18:55:38.0514 PM
[ReportManager] Successfully created attachment [Browser Action Test Data - CloseCurrentWindow - Actual Value] @26-10-2021 18:55:38.0515 P
[ReportManager] File Action [GetAbsolutePath] successfully performed. With the following test data [Relative Folder Path: "target/downloadedFiles/"]. @26-10-2021 18:55:38.0521 PM
[ReportManager] Attempting to run locally on: [Mac-64], [Safari], Headless Execution. @26-10-2021 18:55:38.0521 PM
[ReportManager] Successfully Opened Safari. @26-10-2021 18:55:39.0376 PM
[ReportManager] Initial window size: (800, 600) @26-10-2021 18:55:39.0385 PM
[ReportManager] Window size after SWD Maximize: (1176, 811) @26-10-2021 18:55:39.0411 PM
[ReportManager] Browser Action [MaximizeWindow] successfully performed. With the following test data [New screen size is now: (1176, 811)]. @26-10-2021 18:55:39.0411 PM
[ReportManager] Target URL: [https://duckduckgo.com] @26-10-2021 18:55:39.0411 PM
[ReportManager] Initial URL: [] @26-10-2021 18:55:39.0470 PM
[ReportManager] Browser Action [NavigateToURL] successfully performed. With the following test data [https://duckduckgo.com]. @26-10-2021 18:55:42.0431 P

################################################################################################################################################
Starting Execution:	[6 out of 143] test cases in the current suite
Test Method:		[unitTests.tests_browserActions.fullScreenWindow]
################################################################################################################################################
[ReportManager] Initial Windows Size: 1176x811 @26-10-2021 18:55:42.0441 PM
[ReportManager] Current Windows Size after fullScreen: 1176x885 @26-10-2021 18:55:42.0662 PM
[ReportManager] Browser Action [FullScreenWindow] successfully performed. @26-10-2021 18:55:42.0682 PM
[ReportManager] Successfully created attachment [Browser Action Test Data - FullScreenWindow - Actual Value] @26-10-2021 18:55:42.0691 P
[ReportManager] Target URL: [https://duckduckgo.com] @26-10-2021 18:55:42.0694 PM
[ReportManager] Initial URL: [https://duckduckgo.com] @26-10-2021 18:55:42.0761 PM
[ReportManager] Browser Action [NavigateToURL] successfully performed. With the following test data [https://duckduckgo.com]. @26-10-2021 18:55:43.0739 PM
[ReportManager] Browser Action [CloseCurrentWindow] successfully performed. @26-10-2021 18:55:43.0835 PM
[ReportManager] Successfully created attachment [Browser Action Test Data - CloseCurrentWindow - Actual Value] @26-10-2021 18:55:43.0838 P
[ReportManager] File Action [GetAbsolutePath] successfully performed. With the following test data [Relative Folder Path: "target/downloadedFiles/"]. @26-10-2021 18:55:43.0842 PM
[ReportManager] Attempting to run locally on: [Mac-64], [Safari], Headless Execution. @26-10-2021 18:55:43.0842 PM
[ReportManager] Successfully Opened Safari. @26-10-2021 18:55:44.0528 PM
[ReportManager] Initial window size: (800, 600) @26-10-2021 18:55:44.0573 PM
[ReportManager] Window size after SWD Maximize: (1176, 811) @26-10-2021 18:55:44.0588 PM
[ReportManager] Browser Action [MaximizeWindow] successfully performed. With the following test data [New screen size is now: (1176, 811)]. @26-10-2021 18:55:44.0588 PM
[ReportManager] Target URL: [https://duckduckgo.com] @26-10-2021 18:55:44.0589 PM
[ReportManager] Initial URL: [] @26-10-2021 18:55:44.0641 PM
[ReportManager] Browser Action [NavigateToURL] successfully performed. With the following test data [https://duckduckgo.com]. @26-10-2021 18:55:47.0496 P

################################################################################################################################################
Starting Execution:	[7 out of 143] test cases in the current suite
Test Method:		[unitTests.tests_browserActions.getCurrentURL]
################################################################################################################################################
[ReportManager] Browser Action [GetCurrentURL] successfully performed. With the following test data [https://duckduckgo.com/]. @26-10-2021 18:55:47.0533 P
[ReportManager] Target URL: [https://duckduckgo.com] @26-10-2021 18:55:47.0536 PM
[ReportManager] Initial URL: [https://duckduckgo.com] @26-10-2021 18:55:47.0582 PM
[ReportManager] Browser Action [NavigateToURL] successfully performed. With the following test data [https://duckduckgo.com]. @26-10-2021 18:55:48.0537 PM
[ReportManager] Browser Action [CloseCurrentWindow] successfully performed. @26-10-2021 18:55:48.0802 PM
[ReportManager] Successfully created attachment [Browser Action Test Data - CloseCurrentWindow - Actual Value] @26-10-2021 18:55:48.0803 P
[ReportManager] File Action [GetAbsolutePath] successfully performed. With the following test data [Relative Folder Path: "target/downloadedFiles/"]. @26-10-2021 18:55:48.0808 PM
[ReportManager] Attempting to run locally on: [Mac-64], [Safari], Headless Execution. @26-10-2021 18:55:48.0808 PM
[ReportManager] Successfully Opened Safari. @26-10-2021 18:55:49.0668 PM
[ReportManager] Initial window size: (800, 600) @26-10-2021 18:55:49.0687 PM
[ReportManager] Window size after SWD Maximize: (1176, 811) @26-10-2021 18:55:49.0722 PM
[ReportManager] Browser Action [MaximizeWindow] successfully performed. With the following test data [New screen size is now: (1176, 811)]. @26-10-2021 18:55:49.0722 PM
[ReportManager] Target URL: [https://duckduckgo.com] @26-10-2021 18:55:49.0723 PM
[ReportManager] Initial URL: [] @26-10-2021 18:55:49.0777 PM
[ReportManager] Browser Action [NavigateToURL] successfully performed. With the following test data [https://duckduckgo.com]. @26-10-2021 18:55:52.0598 P

################################################################################################################################################
Starting Execution:	[8 out of 143] test cases in the current suite
Test Method:		[unitTests.tests_browserActions.getCurrentWindowTitle]
################################################################################################################################################
[ReportManager] Browser Action [GetCurrentWindowTitle] successfully performed. With the following test data [DuckDuckGo â€” Privacy, simplified.]. @26-10-2021 18:55:52.0631 P
[ReportManager] Target URL: [https://duckduckgo.com] @26-10-2021 18:55:52.0635 PM
[ReportManager] Initial URL: [https://duckduckgo.com] @26-10-2021 18:55:52.0666 PM
[ReportManager] Browser Action [NavigateToURL] successfully performed. With the following test data [https://duckduckgo.com]. @26-10-2021 18:55:53.0634 PM
[ReportManager] Browser Action [CloseCurrentWindow] successfully performed. @26-10-2021 18:55:53.0849 PM
[ReportManager] Successfully created attachment [Browser Action Test Data - CloseCurrentWindow - Actual Value] @26-10-2021 18:55:53.0850 P
[ReportManager] File Action [GetAbsolutePath] successfully performed. With the following test data [Relative Folder Path: "target/downloadedFiles/"]. @26-10-2021 18:55:53.0857 PM
[ReportManager] Attempting to run locally on: [Mac-64], [Safari], Headless Execution. @26-10-2021 18:55:53.0857 PM
[ReportManager] Successfully Opened Safari. @26-10-2021 18:55:54.0678 PM
[ReportManager] Initial window size: (800, 600) @26-10-2021 18:55:54.0687 PM
[ReportManager] Window size after SWD Maximize: (1176, 811) @26-10-2021 18:55:54.0714 PM
[ReportManager] Browser Action [MaximizeWindow] successfully performed. With the following test data [New screen size is now: (1176, 811)]. @26-10-2021 18:55:54.0715 PM
[ReportManager] Target URL: [https://duckduckgo.com] @26-10-2021 18:55:54.0715 PM
[ReportManager] Initial URL: [] @26-10-2021 18:55:54.0767 PM
[ReportManager] Browser Action [NavigateToURL] successfully performed. With the following test data [https://duckduckgo.com]. @26-10-2021 18:55:57.0624 P

################################################################################################################################################
Starting Execution:	[9 out of 143] test cases in the current suite
Test Method:		[unitTests.tests_browserActions.getPageSource]
################################################################################################################################################
[ReportManager] Browser Action [GetPageSource] successfully performed. @26-10-2021 18:55:57.0657 PM
[ReportManager] Successfully created attachment [Browser Action Test Data - GetPageSource - Actual Value] @26-10-2021 18:55:57.0658 P
[ReportManager] Target URL: [https://duckduckgo.com] @26-10-2021 18:55:57.0661 PM
[ReportManager] Initial URL: [https://duckduckgo.com] @26-10-2021 18:55:57.0690 PM
[ReportManager] Browser Action [NavigateToURL] successfully performed. With the following test data [https://duckduckgo.com]. @26-10-2021 18:55:58.0662 PM
[ReportManager] Browser Action [CloseCurrentWindow] successfully performed. @26-10-2021 18:55:58.0774 PM
[ReportManager] Successfully created attachment [Browser Action Test Data - CloseCurrentWindow - Actual Value] @26-10-2021 18:55:58.0775 P
[ReportManager] File Action [GetAbsolutePath] successfully performed. With the following test data [Relative Folder Path: "target/downloadedFiles/"]. @26-10-2021 18:55:58.0778 PM
[ReportManager] Attempting to run locally on: [Mac-64], [Safari], Headless Execution. @26-10-2021 18:55:58.0778 PM
[ReportManager] Successfully Opened Safari. @26-10-2021 18:55:59.0656 PM
[ReportManager] Initial window size: (800, 600) @26-10-2021 18:55:59.0686 PM
[ReportManager] Window size after SWD Maximize: (1176, 811) @26-10-2021 18:55:59.0701 PM
[ReportManager] Browser Action [MaximizeWindow] successfully performed. With the following test data [New screen size is now: (1176, 811)]. @26-10-2021 18:55:59.0701 PM
[ReportManager] Target URL: [https://duckduckgo.com] @26-10-2021 18:55:59.0702 PM
[ReportManager] Initial URL: [] @26-10-2021 18:55:59.0758 PM
[ReportManager] Browser Action [NavigateToURL] successfully performed. With the following test data [https://duckduckgo.com]. @26-10-2021 18:56:02.0587 P

################################################################################################################################################
Starting Execution:	[10 out of 143] test cases in the current suite
Test Method:		[unitTests.tests_browserActions.getWindowHandle]
################################################################################################################################################
[ReportManager] Browser Action [GetWindowHandle] successfully performed. With the following test data [page-EB94AC93-C658-454E-A061-86452B971C08]. @26-10-2021 18:56:02.0630 P
[ReportManager] Target URL: [https://duckduckgo.com] @26-10-2021 18:56:02.0633 PM
[ReportManager] Initial URL: [https://duckduckgo.com] @26-10-2021 18:56:02.0664 PM
[ReportManager] Browser Action [NavigateToURL] successfully performed. With the following test data [https://duckduckgo.com]. @26-10-2021 18:56:03.0636 PM
[ReportManager] Browser Action [CloseCurrentWindow] successfully performed. @26-10-2021 18:56:03.0765 PM
[ReportManager] Successfully created attachment [Browser Action Test Data - CloseCurrentWindow - Actual Value] @26-10-2021 18:56:03.0766 P
[ReportManager] File Action [GetAbsolutePath] successfully performed. With the following test data [Relative Folder Path: "target/downloadedFiles/"]. @26-10-2021 18:56:03.0769 PM
[ReportManager] Attempting to run locally on: [Mac-64], [Safari], Headless Execution. @26-10-2021 18:56:03.0770 PM
[ReportManager] Successfully Opened Safari. @26-10-2021 18:56:04.0585 PM
[ReportManager] Initial window size: (800, 600) @26-10-2021 18:56:04.0595 PM
[ReportManager] Window size after SWD Maximize: (1176, 811) @26-10-2021 18:56:04.0608 PM
[ReportManager] Browser Action [MaximizeWindow] successfully performed. With the following test data [New screen size is now: (1176, 811)]. @26-10-2021 18:56:04.0616 PM
[ReportManager] Target URL: [https://duckduckgo.com] @26-10-2021 18:56:04.0616 PM
[ReportManager] Initial URL: [] @26-10-2021 18:56:04.0682 PM
[ReportManager] Browser Action [NavigateToURL] successfully performed. With the following test data [https://duckduckgo.com]. @26-10-2021 18:56:07.0501 P

################################################################################################################################################
Starting Execution:	[11 out of 143] test cases in the current suite
Test Method:		[unitTests.tests_browserActions.getWindowPosition]
################################################################################################################################################
[ReportManager] Browser Action [GetWindowPosition] successfully performed. With the following test data [(0, 23)]. @26-10-2021 18:56:07.0544 P
[ReportManager] Target URL: [https://duckduckgo.com] @26-10-2021 18:56:07.0546 PM
[ReportManager] Initial URL: [https://duckduckgo.com] @26-10-2021 18:56:07.0577 PM
[ReportManager] Browser Action [NavigateToURL] successfully performed. With the following test data [https://duckduckgo.com]. @26-10-2021 18:56:08.0543 PM
[ReportManager] Browser Action [CloseCurrentWindow] successfully performed. @26-10-2021 18:56:08.0641 PM
[ReportManager] Successfully created attachment [Browser Action Test Data - CloseCurrentWindow - Actual Value] @26-10-2021 18:56:08.0642 P
[ReportManager] File Action [GetAbsolutePath] successfully performed. With the following test data [Relative Folder Path: "target/downloadedFiles/"]. @26-10-2021 18:56:08.0645 PM
[ReportManager] Attempting to run locally on: [Mac-64], [Safari], Headless Execution. @26-10-2021 18:56:08.0645 PM
[ReportManager] Successfully Opened Safari. @26-10-2021 18:56:09.0433 PM
[ReportManager] Initial window size: (800, 600) @26-10-2021 18:56:09.0454 PM
[ReportManager] Window size after SWD Maximize: (1176, 811) @26-10-2021 18:56:09.0468 PM
[ReportManager] Browser Action [MaximizeWindow] successfully performed. With the following test data [New screen size is now: (1176, 811)]. @26-10-2021 18:56:09.0469 PM
[ReportManager] Target URL: [https://duckduckgo.com] @26-10-2021 18:56:09.0469 PM
[ReportManager] Initial URL: [] @26-10-2021 18:56:09.0510 PM
[ReportManager] Browser Action [NavigateToURL] successfully performed. With the following test data [https://duckduckgo.com]. @26-10-2021 18:56:12.0419 P

################################################################################################################################################
Starting Execution:	[12 out of 143] test cases in the current suite
Test Method:		[unitTests.tests_browserActions.getWindowSize]
################################################################################################################################################
[ReportManager] Browser Action [GetWindowSize] successfully performed. With the following test data [(1176, 811)]. @26-10-2021 18:56:12.0579 P
[ReportManager] Target URL: [https://duckduckgo.com] @26-10-2021 18:56:12.0581 PM
[ReportManager] Initial URL: [https://duckduckgo.com] @26-10-2021 18:56:12.0617 PM
[ReportManager] Browser Action [NavigateToURL] successfully performed. With the following test data [https://duckduckgo.com]. @26-10-2021 18:56:13.0584 PM
[ReportManager] Browser Action [CloseCurrentWindow] successfully performed. @26-10-2021 18:56:13.0829 PM
[ReportManager] Successfully created attachment [Browser Action Test Data - CloseCurrentWindow - Actual Value] @26-10-2021 18:56:13.0830 P
[ReportManager] File Action [GetAbsolutePath] successfully performed. With the following test data [Relative Folder Path: "target/downloadedFiles/"]. @26-10-2021 18:56:13.0833 PM
[ReportManager] Attempting to run locally on: [Mac-64], [Safari], Headless Execution. @26-10-2021 18:56:13.0834 PM
[ReportManager] Successfully Opened Safari. @26-10-2021 18:56:14.0710 PM
[ReportManager] Initial window size: (800, 600) @26-10-2021 18:56:14.0716 PM
[ReportManager] Window size after SWD Maximize: (1176, 811) @26-10-2021 18:56:14.0745 PM
[ReportManager] Browser Action [MaximizeWindow] successfully performed. With the following test data [New screen size is now: (1176, 811)]. @26-10-2021 18:56:14.0746 PM
[ReportManager] Target URL: [https://duckduckgo.com] @26-10-2021 18:56:14.0746 PM
[ReportManager] Initial URL: [] @26-10-2021 18:56:14.0804 PM
[ReportManager] Browser Action [NavigateToURL] successfully performed. With the following test data [https://duckduckgo.com]. @26-10-2021 18:56:17.0666 P

################################################################################################################################################
Starting Execution:	[13 out of 143] test cases in the current suite
Test Method:		[unitTests.tests_browserActions.maximizeWindow]
################################################################################################################################################
[ReportManager] Initial window size: (1176, 811) @26-10-2021 18:56:17.0675 PM
[ReportManager] Window size after SWD Maximize: (1176, 811) @26-10-2021 18:56:17.0685 PM
[ReportManager] Window size after Toolkit: (1920, 1080) @26-10-2021 18:56:17.0723 PM
[ReportManager] Browser Action [MaximizeWindow] successfully performed. With the following test data [New screen size is now: (1920, 1080)]. @26-10-2021 18:56:17.0735 P
[ReportManager] Target URL: [https://duckduckgo.com] @26-10-2021 18:56:17.0737 PM
[ReportManager] Initial URL: [https://duckduckgo.com] @26-10-2021 18:56:17.0773 PM
[ReportManager] Browser Action [NavigateToURL] successfully performed. With the following test data [https://duckduckgo.com]. @26-10-2021 18:56:18.0751 PM
[ReportManager] Browser Action [CloseCurrentWindow] successfully performed. @26-10-2021 18:56:18.0932 PM
[ReportManager] Successfully created attachment [Browser Action Test Data - CloseCurrentWindow - Actual Value] @26-10-2021 18:56:18.0933 P
[ReportManager] File Action [GetAbsolutePath] successfully performed. With the following test data [Relative Folder Path: "target/downloadedFiles/"]. @26-10-2021 18:56:18.0937 PM
[ReportManager] Attempting to run locally on: [Mac-64], [Safari], Headless Execution. @26-10-2021 18:56:18.0937 PM
[ReportManager] Successfully Opened Safari. @26-10-2021 18:56:19.0789 PM
[ReportManager] Initial window size: (800, 600) @26-10-2021 18:56:19.0811 PM
[ReportManager] Window size after SWD Maximize: (1176, 811) @26-10-2021 18:56:19.0823 PM
[ReportManager] Browser Action [MaximizeWindow] successfully performed. With the following test data [New screen size is now: (1176, 811)]. @26-10-2021 18:56:19.0824 PM
[ReportManager] Target URL: [https://duckduckgo.com] @26-10-2021 18:56:19.0824 PM
[ReportManager] Initial URL: [] @26-10-2021 18:56:19.0884 PM
[ReportManager] Browser Action [NavigateToURL] successfully performed. With the following test data [https://duckduckgo.com]. @26-10-2021 18:56:22.0676 P

################################################################################################################################################
Starting Execution:	[14 out of 143] test cases in the current suite
Test Method:		[unitTests.tests_browserActions.navigateBack]
################################################################################################################################################
[ReportManager] Target URL: [https://www.google.com/ncr], and after redirection: [https://www.google.com] @26-10-2021 18:56:22.0683 PM
[ReportManager] Initial URL: [https://duckduckgo.com] @26-10-2021 18:56:22.0719 PM
[ReportManager] Browser Action [NavigateToURL] successfully performed. With the following test data [https://www.google.com/ncr]. @26-10-2021 18:56:24.0214 PM
[ReportManager] Browser Action [NavigateBack] successfully performed. With the following test data [https://duckduckgo.com/]. @26-10-2021 18:56:24.0357 PM
[ReportManager] Browser Action [GetCurrentURL] successfully performed. With the following test data [https://duckduckgo.com/]. @26-10-2021 18:56:24.0394 PM
[ReportManager] Assertion Passed: Confirming that navigating back was successful @26-10-2021 18:56:24.0525 PM
[ReportManager] Successfully created attachment [Screenshot - 1635274584430_navigateBack_ValidateBrowserAttribute_passed] @26-10-2021 18:56:24.0529 PM
[ReportManager] Assertion [ValidateBrowserAttribute] PASSED. Expected [Value Should be 'https://duckduckgo.com' for the 'CurrentUrl' attribute] and Actual [https://duckduckgo.com/]. Comparison Type [CONTAINS]. Validation Type [POSITIVE]. @26-10-2021 18:56:24.0529 P
[ReportManager] Target URL: [https://duckduckgo.com] @26-10-2021 18:56:24.0533 PM
[ReportManager] Initial URL: [https://duckduckgo.com] @26-10-2021 18:56:24.0576 PM
[ReportManager] Browser Action [NavigateToURL] successfully performed. With the following test data [https://duckduckgo.com]. @26-10-2021 18:56:25.0762 PM
[ReportManager] Browser Action [CloseCurrentWindow] successfully performed. @26-10-2021 18:56:25.0974 PM
[ReportManager] Successfully created attachment [Browser Action Test Data - CloseCurrentWindow - Actual Value] @26-10-2021 18:56:25.0975 P
[ReportManager] File Action [GetAbsolutePath] successfully performed. With the following test data [Relative Folder Path: "target/downloadedFiles/"]. @26-10-2021 18:56:25.0978 PM
[ReportManager] Attempting to run locally on: [Mac-64], [Safari], Headless Execution. @26-10-2021 18:56:25.0978 PM
[ReportManager] Successfully Opened Safari. @26-10-2021 18:56:26.0815 PM
[ReportManager] Initial window size: (800, 600) @26-10-2021 18:56:26.0834 PM
[ReportManager] Window size after SWD Maximize: (1176, 811) @26-10-2021 18:56:26.0847 PM
[ReportManager] Browser Action [MaximizeWindow] successfully performed. With the following test data [New screen size is now: (1176, 811)]. @26-10-2021 18:56:26.0847 PM
[ReportManager] Target URL: [https://duckduckgo.com] @26-10-2021 18:56:26.0847 PM
[ReportManager] Initial URL: [] @26-10-2021 18:56:26.0906 PM
[ReportManager] Browser Action [NavigateToURL] successfully performed. With the following test data [https://duckduckgo.com]. @26-10-2021 18:56:29.0746 P

################################################################################################################################################
Starting Execution:	[15 out of 143] test cases in the current suite
Test Method:		[unitTests.tests_browserActions.navigateForward]
################################################################################################################################################
[ReportManager] Target URL: [https://www.google.com/ncr], and after redirection: [https://www.google.com] @26-10-2021 18:56:29.0750 PM
[ReportManager] Initial URL: [https://duckduckgo.com] @26-10-2021 18:56:29.0788 PM
[ReportManager] Browser Action [NavigateToURL] successfully performed. With the following test data [https://www.google.com/ncr]. @26-10-2021 18:56:31.0169 PM
[ReportManager] Browser Action [NavigateBack] successfully performed. With the following test data [https://duckduckgo.com/]. @26-10-2021 18:56:31.0283 PM
[ReportManager] Browser Action [NavigateForward] successfully performed. With the following test data [https://www.google.com/]. @26-10-2021 18:56:31.0395 P
[ReportManager] Target URL: [https://duckduckgo.com] @26-10-2021 18:56:31.0397 PM
[ReportManager] Initial URL: [https://www.google.com] @26-10-2021 18:56:31.0423 PM
[ReportManager] Browser Action [NavigateToURL] successfully performed. With the following test data [https://duckduckgo.com]. @26-10-2021 18:56:32.0338 PM
[ReportManager] Browser Action [CloseCurrentWindow] successfully performed. @26-10-2021 18:56:32.0561 PM
[ReportManager] Successfully created attachment [Browser Action Test Data - CloseCurrentWindow - Actual Value] @26-10-2021 18:56:32.0561 P
[ReportManager] File Action [GetAbsolutePath] successfully performed. With the following test data [Relative Folder Path: "target/downloadedFiles/"]. @26-10-2021 18:56:32.0564 PM
[ReportManager] Attempting to run locally on: [Mac-64], [Safari], Headless Execution. @26-10-2021 18:56:32.0564 PM
[ReportManager] Successfully Opened Safari. @26-10-2021 18:56:33.0416 PM
[ReportManager] Initial window size: (800, 600) @26-10-2021 18:56:33.0447 PM
[ReportManager] Window size after SWD Maximize: (1176, 811) @26-10-2021 18:56:33.0498 PM
[ReportManager] Browser Action [MaximizeWindow] successfully performed. With the following test data [New screen size is now: (1176, 811)]. @26-10-2021 18:56:33.0498 PM
[ReportManager] Target URL: [https://duckduckgo.com] @26-10-2021 18:56:33.0498 PM
[ReportManager] Initial URL: [] @26-10-2021 18:56:33.0572 PM
[ReportManager] Browser Action [NavigateToURL] successfully performed. With the following test data [https://duckduckgo.com]. @26-10-2021 18:56:36.0393 P

################################################################################################################################################
Starting Execution:	[16 out of 143] test cases in the current suite
Test Method:		[unitTests.tests_browserActions.navigateToURL]
################################################################################################################################################
[ReportManager] Target URL: [https://duckduckgo.com] @26-10-2021 18:56:36.0397 PM
[ReportManager] Initial URL: [https://duckduckgo.com] @26-10-2021 18:56:36.0426 PM
[ReportManager] Browser Action [NavigateToURL] successfully performed. With the following test data [https://duckduckgo.com]. @26-10-2021 18:56:37.0399 P
[ReportManager] Target URL: [https://duckduckgo.com] @26-10-2021 18:56:37.0405 PM
[ReportManager] Initial URL: [https://duckduckgo.com] @26-10-2021 18:56:37.0445 PM
[ReportManager] Browser Action [NavigateToURL] successfully performed. With the following test data [https://duckduckgo.com]. @26-10-2021 18:56:38.0418 PM
[ReportManager] Browser Action [CloseCurrentWindow] successfully performed. @26-10-2021 18:56:38.0584 PM
[ReportManager] Successfully created attachment [Browser Action Test Data - CloseCurrentWindow - Actual Value] @26-10-2021 18:56:38.0585 P
[ReportManager] File Action [GetAbsolutePath] successfully performed. With the following test data [Relative Folder Path: "target/downloadedFiles/"]. @26-10-2021 18:56:38.0588 PM
[ReportManager] Attempting to run locally on: [Mac-64], [Safari], Headless Execution. @26-10-2021 18:56:38.0588 PM
[ReportManager] Successfully Opened Safari. @26-10-2021 18:56:39.0433 PM
[ReportManager] Initial window size: (800, 600) @26-10-2021 18:56:39.0457 PM
[ReportManager] Window size after SWD Maximize: (1176, 811) @26-10-2021 18:56:39.0488 PM
[ReportManager] Browser Action [MaximizeWindow] successfully performed. With the following test data [New screen size is now: (1176, 811)]. @26-10-2021 18:56:39.0489 PM
[ReportManager] Target URL: [https://duckduckgo.com] @26-10-2021 18:56:39.0489 PM
[ReportManager] Initial URL: [] @26-10-2021 18:56:39.0557 PM
[ReportManager] Browser Action [NavigateToURL] successfully performed. With the following test data [https://duckduckgo.com]. @26-10-2021 18:56:42.0333 P

################################################################################################################################################
Starting Execution:	[17 out of 143] test cases in the current suite
Test Method:		[unitTests.tests_browserActions.navigateToURLWithRedirection]
################################################################################################################################################
[ReportManager] Target URL: [https://www.google.com/ncr], and after redirection: [https://www.google.com] @26-10-2021 18:56:42.0338 PM
[ReportManager] Initial URL: [https://duckduckgo.com] @26-10-2021 18:56:42.0368 PM
[ReportManager] Browser Action [NavigateToURL] successfully performed. With the following test data [https://www.google.com/ncr]. @26-10-2021 18:56:43.0747 P
[ReportManager] Target URL: [https://duckduckgo.com] @26-10-2021 18:56:43.0750 PM
[ReportManager] Initial URL: [https://www.google.com] @26-10-2021 18:56:43.0776 PM
[ReportManager] Browser Action [NavigateToURL] successfully performed. With the following test data [https://duckduckgo.com]. @26-10-2021 18:56:44.0438 PM
[ReportManager] Browser Action [CloseCurrentWindow] successfully performed. @26-10-2021 18:56:44.0649 PM
[ReportManager] Successfully created attachment [Browser Action Test Data - CloseCurrentWindow - Actual Value] @26-10-2021 18:56:44.0650 P
[ReportManager] File Action [GetAbsolutePath] successfully performed. With the following test data [Relative Folder Path: "target/downloadedFiles/"]. @26-10-2021 18:56:44.0653 PM
[ReportManager] Attempting to run locally on: [Mac-64], [Safari], Headless Execution. @26-10-2021 18:56:44.0653 PM
[ReportManager] Successfully Opened Safari. @26-10-2021 18:56:45.0452 PM
[ReportManager] Initial window size: (800, 600) @26-10-2021 18:56:45.0461 PM
[ReportManager] Window size after SWD Maximize: (1176, 811) @26-10-2021 18:56:45.0487 PM
[ReportManager] Browser Action [MaximizeWindow] successfully performed. With the following test data [New screen size is now: (1176, 811)]. @26-10-2021 18:56:45.0488 PM
[ReportManager] Target URL: [https://duckduckgo.com] @26-10-2021 18:56:45.0488 PM
[ReportManager] Initial URL: [] @26-10-2021 18:56:45.0557 PM
[ReportManager] Browser Action [NavigateToURL] successfully performed. With the following test data [https://duckduckgo.com]. @26-10-2021 18:56:48.0346 P

################################################################################################################################################
Starting Execution:	[18 out of 143] test cases in the current suite
Test Method:		[unitTests.tests_browserActions.refreshCurrentPage]
################################################################################################################################################
[ReportManager] Browser Action [RefreshCurrentPage] successfully performed. @26-10-2021 18:56:49.0252 PM
[ReportManager] Successfully created attachment [Browser Action Test Data - RefreshCurrentPage - Actual Value] @26-10-2021 18:56:49.0253 P
[ReportManager] Target URL: [https://duckduckgo.com] @26-10-2021 18:56:49.0255 PM
[ReportManager] Initial URL: [https://duckduckgo.com] @26-10-2021 18:56:49.0288 PM
[ReportManager] Browser Action [NavigateToURL] successfully performed. With the following test data [https://duckduckgo.com]. @26-10-2021 18:56:50.0235 PM
[ReportManager] Browser Action [CloseCurrentWindow] successfully performed. @26-10-2021 18:56:50.0442 PM
[ReportManager] Successfully created attachment [Browser Action Test Data - CloseCurrentWindow - Actual Value] @26-10-2021 18:56:50.0443 P
[ReportManager] File Action [GetAbsolutePath] successfully performed. With the following test data [Relative Folder Path: "target/downloadedFiles/"]. @26-10-2021 18:56:50.0446 PM
[ReportManager] Attempting to run locally on: [Mac-64], [Safari], Headless Execution. @26-10-2021 18:56:50.0446 PM
[ReportManager] Successfully Opened Safari. @26-10-2021 18:56:51.0261 PM
[ReportManager] Initial window size: (800, 600) @26-10-2021 18:56:51.0267 PM
[ReportManager] Window size after SWD Maximize: (1176, 811) @26-10-2021 18:56:51.0288 PM
[ReportManager] Browser Action [MaximizeWindow] successfully performed. With the following test data [New screen size is now: (1176, 811)]. @26-10-2021 18:56:51.0289 PM
[ReportManager] Target URL: [https://duckduckgo.com] @26-10-2021 18:56:51.0289 PM
[ReportManager] Initial URL: [] @26-10-2021 18:56:51.0350 PM
[ReportManager] Browser Action [NavigateToURL] successfully performed. With the following test data [https://duckduckgo.com]. @26-10-2021 18:56:54.0186 P

################################################################################################################################################
Starting Execution:	[19 out of 143] test cases in the current suite
Test Method:		[unitTests.tests_browserActions.setWindowSize]
################################################################################################################################################
[ReportManager] Initial window size: (1176, 811) @26-10-2021 18:56:54.0195 PM
[ReportManager] Window size after SWD: (1280, 720) @26-10-2021 18:56:54.0240 PM
[ReportManager] Browser Action [SetWindowSize] successfully performed. With the following test data [New screen size is now: (1280, 720)]. @26-10-2021 18:56:54.0240 P
[ReportManager] Target URL: [https://duckduckgo.com] @26-10-2021 18:56:54.0242 PM
[ReportManager] Initial URL: [https://duckduckgo.com] @26-10-2021 18:56:54.0273 PM
[ReportManager] Browser Action [NavigateToURL] successfully performed. With the following test data [https://duckduckgo.com]. @26-10-2021 18:56:55.0234 PM
[ReportManager] Browser Action [CloseCurrentWindow] successfully performed. @26-10-2021 18:56:55.0418 PM
[ReportManager] Successfully created attachment [Browser Action Test Data - CloseCurrentWindow - Actual Value] @26-10-2021 18:56:55.0419 P
[ReportManager] Successfully loaded the following test data file [src/test/resources/TestDataFiles/testSuite01/TestData.xlsx]. @26-10-2021 18:56:56.0161 PM
[ReportManager] Successfully created attachment [Test Data - Excel] @26-10-2021 18:56:56.0161 P

################################################################################################################################################
Starting Execution:	[20 out of 143] test cases in the current suite
Test Method:		[unitTests.tests_io_excelFileManager.getCellData_rowName_expectedToPass]
################################################################################################################################################
[ReportManager] testRowData. @26-10-2021 18:56:56.0174 P

################################################################################################################################################
Starting Execution:	[21 out of 143] test cases in the current suite
Test Method:		[unitTests.tests_validations_assertions.assertComparativeRelation_greaterThanOrEquals_false_equals_expectedToFail]
################################################################################################################################################
[ReportManager] Assertion [ValidateComparativeRelation] FAILED. Expected [1] and Actual [1]. Comparison Type [GREATER_THAN_OR_EQUALS]. Validation Type [NEGATIVE]. @26-10-2021 18:56:56.0180 P

################################################################################################################################################
Starting Execution:	[22 out of 143] test cases in the current suite
Test Method:		[unitTests.tests_validations_assertions.assertComparativeRelation_greaterThanOrEquals_false_equals_expectedToPass]
################################################################################################################################################
[ReportManager] Assertion [ValidateComparativeRelation] PASSED. Expected [2] and Actual [1]. Comparison Type [GREATER_THAN_OR_EQUALS]. Validation Type [NEGATIVE]. @26-10-2021 18:56:56.0186 P

################################################################################################################################################
Starting Execution:	[23 out of 143] test cases in the current suite
Test Method:		[unitTests.tests_validations_assertions.assertComparativeRelation_greaterThanOrEquals_false_greaterThan_expectedToFail]
################################################################################################################################################
[ReportManager] Assertion [ValidateComparativeRelation] FAILED. Expected [1] and Actual [2]. Comparison Type [GREATER_THAN_OR_EQUALS]. Validation Type [NEGATIVE]. @26-10-2021 18:56:56.0196 P

################################################################################################################################################
Starting Execution:	[24 out of 143] test cases in the current suite
Test Method:		[unitTests.tests_validations_assertions.assertComparativeRelation_greaterThanOrEquals_false_greaterThan_expectedToPass]
################################################################################################################################################
[ReportManager] Assertion [ValidateComparativeRelation] PASSED. Expected [2] and Actual [1]. Comparison Type [GREATER_THAN_OR_EQUALS]. Validation Type [NEGATIVE]. @26-10-2021 18:56:56.0200 P

################################################################################################################################################
Starting Execution:	[25 out of 143] test cases in the current suite
Test Method:		[unitTests.tests_validations_assertions.assertComparativeRelation_greaterThanOrEquals_true_equals_expectedToFail]
################################################################################################################################################
[ReportManager] Assertion [ValidateComparativeRelation] FAILED. Expected [1] and Actual [0]. Comparison Type [GREATER_THAN_OR_EQUALS]. Validation Type [POSITIVE]. @26-10-2021 18:56:56.0205 P

################################################################################################################################################
Starting Execution:	[26 out of 143] test cases in the current suite
Test Method:		[unitTests.tests_validations_assertions.assertComparativeRelation_greaterThanOrEquals_true_equals_expectedToPass]
################################################################################################################################################
[ReportManager] Assertion [ValidateComparativeRelation] PASSED. Expected [1] and Actual [1]. Comparison Type [GREATER_THAN_OR_EQUALS]. Validation Type [POSITIVE]. @26-10-2021 18:56:56.0210 P

################################################################################################################################################
Starting Execution:	[27 out of 143] test cases in the current suite
Test Method:		[unitTests.tests_validations_assertions.assertComparativeRelation_greaterThanOrEquals_true_greaterThan_expectedToFail]
################################################################################################################################################
[ReportManager] Assertion [ValidateComparativeRelation] FAILED. Expected [2] and Actual [1]. Comparison Type [GREATER_THAN_OR_EQUALS]. Validation Type [POSITIVE]. @26-10-2021 18:56:56.0215 P

################################################################################################################################################
Starting Execution:	[28 out of 143] test cases in the current suite
Test Method:		[unitTests.tests_validations_assertions.assertComparativeRelation_greaterThanOrEquals_true_greaterThan_expectedToPass]
################################################################################################################################################
[ReportManager] Assertion [ValidateComparativeRelation] PASSED. Expected [1] and Actual [2]. Comparison Type [GREATER_THAN_OR_EQUALS]. Validation Type [POSITIVE]. @26-10-2021 18:56:56.0220 P
[ReportManager] File Action [GetAbsolutePath] successfully performed. With the following test data [Relative Folder Path: "target/downloadedFiles/"]. @26-10-2021 18:56:56.0229 PM
[ReportManager] Attempting to run locally on: [Mac-64], [Safari], Headless Execution. @26-10-2021 18:56:56.0229 PM
[ReportManager] Successfully Opened Safari. @26-10-2021 18:56:57.0207 PM
[ReportManager] Initial window size: (800, 600) @26-10-2021 18:56:57.0230 PM
[ReportManager] Window size after SWD Maximize: (1176, 811) @26-10-2021 18:56:57.0253 PM
[ReportManager] Browser Action [MaximizeWindow] successfully performed. With the following test data [New screen size is now: (1176, 811)]. @26-10-2021 18:56:57.0253 PM
[ReportManager] Target URL: [https://www.google.com/ncr], and after redirection: [www.google.com] @26-10-2021 18:56:57.0253 PM
[ReportManager] Initial URL: [] @26-10-2021 18:56:57.0298 PM
[ReportManager] Browser Action [NavigateToURL] successfully performed. With the following test data [https://www.google.com/ncr]. @26-10-2021 18:56:58.0180 P

################################################################################################################################################
Starting Execution:	[29 out of 143] test cases in the current suite
Test Method:		[unitTests.tests_validations_assertions.assertElementAttribute_false_caseInsensitiveComparison_expectedToFail]
################################################################################################################################################
[ReportManager] Element Action [Type] successfully performed. With the following test data [AUTOMATION]. @26-10-2021 18:56:58.0596 PM
[ReportManager] Element Action [GetText] successfully performed. With the following test data [AUTOMATION]. @26-10-2021 18:56:58.0650 PM
[ReportManager] Loaded Shared OpenCV @26-10-2021 18:56:59.0753 PM
[ReportManager] Assertion [ValidateElementAttribute] FAILED. Expected [Value Should not be 'AutomaTion' for the 'text' attribute, element locator 'By.name: q'] and Actual [AUTOMATION]. Comparison Type [CASE_INSENSITIVE]. Validation Type [NEGATIVE]. @26-10-2021 18:57:00.0101 PM
[ReportManager] Successfully created attachment [Screenshot - 1635274618712_assertElementAttribute_false_caseInsensitiveComparison_expectedToFail_ValidateElementAttribute_failed] @26-10-2021 18:57:00.0106 P
[ReportManager] Browser Action [CloseCurrentWindow] successfully performed. @26-10-2021 18:57:00.0315 PM
[ReportManager] Successfully created attachment [Browser Action Test Data - CloseCurrentWindow - Actual Value] @26-10-2021 18:57:00.0315 P
[ReportManager] File Action [GetAbsolutePath] successfully performed. With the following test data [Relative Folder Path: "target/downloadedFiles/"]. @26-10-2021 18:57:00.0319 PM
[ReportManager] Attempting to run locally on: [Mac-64], [Safari], Headless Execution. @26-10-2021 18:57:00.0319 PM
[ReportManager] Successfully Opened Safari. @26-10-2021 18:57:01.0140 PM
[ReportManager] Initial window size: (800, 600) @26-10-2021 18:57:01.0145 PM
[ReportManager] Window size after SWD Maximize: (1176, 811) @26-10-2021 18:57:01.0165 PM
[ReportManager] Browser Action [MaximizeWindow] successfully performed. With the following test data [New screen size is now: (1176, 811)]. @26-10-2021 18:57:01.0166 PM
[ReportManager] Target URL: [https://www.google.com/ncr], and after redirection: [www.google.com] @26-10-2021 18:57:01.0166 PM
[ReportManager] Initial URL: [] @26-10-2021 18:57:01.0217 PM
[ReportManager] Browser Action [NavigateToURL] successfully performed. With the following test data [https://www.google.com/ncr]. @26-10-2021 18:57:02.0030 P

################################################################################################################################################
Starting Execution:	[30 out of 143] test cases in the current suite
Test Method:		[unitTests.tests_validations_assertions.assertElementAttribute_false_caseInsensitiveComparison_expectedToPass]
################################################################################################################################################
[ReportManager] Element Action [Type] successfully performed. With the following test data [AUTOMATION]. @26-10-2021 18:57:02.0465 PM
[ReportManager] Element Action [GetText] successfully performed. With the following test data [AUTOMATION]. @26-10-2021 18:57:02.0519 PM
[ReportManager] Loaded Shared OpenCV @26-10-2021 18:57:02.0573 PM
[ReportManager] Assertion [ValidateElementAttribute] PASSED. Expected [Value Should not be 'AutomaTion123' for the 'text' attribute, element locator 'By.name: q'] and Actual [AUTOMATION]. Comparison Type [CASE_INSENSITIVE]. Validation Type [NEGATIVE]. @26-10-2021 18:57:02.0694 PM
[ReportManager] Successfully created attachment [Screenshot - 1635274622573_assertElementAttribute_false_caseInsensitiveComparison_expectedToPass_ValidateElementAttribute_passed] @26-10-2021 18:57:02.0696 P
[ReportManager] Browser Action [CloseCurrentWindow] successfully performed. @26-10-2021 18:57:02.0764 PM
[ReportManager] Successfully created attachment [Browser Action Test Data - CloseCurrentWindow - Actual Value] @26-10-2021 18:57:02.0765 P
[ReportManager] File Action [GetAbsolutePath] successfully performed. With the following test data [Relative Folder Path: "target/downloadedFiles/"]. @26-10-2021 18:57:02.0772 PM
[ReportManager] Attempting to run locally on: [Mac-64], [Safari], Headless Execution. @26-10-2021 18:57:02.0772 PM
[ReportManager] Successfully Opened Safari. @26-10-2021 18:57:03.0634 PM
[ReportManager] Initial window size: (800, 600) @26-10-2021 18:57:03.0640 PM
[ReportManager] Window size after SWD Maximize: (1176, 811) @26-10-2021 18:57:03.0677 PM
[ReportManager] Browser Action [MaximizeWindow] successfully performed. With the following test data [New screen size is now: (1176, 811)]. @26-10-2021 18:57:03.0678 PM
[ReportManager] Target URL: [https://www.google.com/ncr], and after redirection: [www.google.com] @26-10-2021 18:57:03.0678 PM
[ReportManager] Initial URL: [] @26-10-2021 18:57:03.0714 PM
[ReportManager] Browser Action [NavigateToURL] successfully performed. With the following test data [https://www.google.com/ncr]. @26-10-2021 18:57:04.0431 P

################################################################################################################################################
Starting Execution:	[31 out of 143] test cases in the current suite
Test Method:		[unitTests.tests_validations_assertions.assertElementAttribute_false_containsComparison_expectedToFail]
################################################################################################################################################
[ReportManager] Element Action [Type] successfully performed. With the following test data [Automation123]. @26-10-2021 18:57:04.0961 PM
[ReportManager] Element Action [GetText] successfully performed. With the following test data [Automation123]. @26-10-2021 18:57:05.0025 PM
[ReportManager] Loaded Shared OpenCV @26-10-2021 18:57:05.0087 PM
[ReportManager] Assertion [ValidateElementAttribute] FAILED. Expected [Value Should not be 'Automation' for the 'text' attribute, element locator 'By.name: q'] and Actual [Automation123]. Comparison Type [CONTAINS]. Validation Type [NEGATIVE]. @26-10-2021 18:57:05.0223 PM
[ReportManager] Successfully created attachment [Screenshot - 1635274625086_assertElementAttribute_false_containsComparison_expectedToFail_ValidateElementAttribute_failed] @26-10-2021 18:57:05.0227 P
[ReportManager] Browser Action [CloseCurrentWindow] successfully performed. @26-10-2021 18:57:05.0283 PM
[ReportManager] Successfully created attachment [Browser Action Test Data - CloseCurrentWindow - Actual Value] @26-10-2021 18:57:05.0284 P
[ReportManager] File Action [GetAbsolutePath] successfully performed. With the following test data [Relative Folder Path: "target/downloadedFiles/"]. @26-10-2021 18:57:05.0302 PM
[ReportManager] Attempting to run locally on: [Mac-64], [Safari], Headless Execution. @26-10-2021 18:57:05.0303 PM
[ReportManager] Successfully Opened Safari. @26-10-2021 18:57:06.0086 PM
[ReportManager] Initial window size: (800, 600) @26-10-2021 18:57:06.0109 PM
[ReportManager] Window size after SWD Maximize: (1176, 811) @26-10-2021 18:57:06.0120 PM
[ReportManager] Browser Action [MaximizeWindow] successfully performed. With the following test data [New screen size is now: (1176, 811)]. @26-10-2021 18:57:06.0121 PM
[ReportManager] Target URL: [https://www.google.com/ncr], and after redirection: [www.google.com] @26-10-2021 18:57:06.0121 PM
[ReportManager] Initial URL: [] @26-10-2021 18:57:06.0175 PM
[ReportManager] Browser Action [NavigateToURL] successfully performed. With the following test data [https://www.google.com/ncr]. @26-10-2021 18:57:07.0562 P

################################################################################################################################################
Starting Execution:	[32 out of 143] test cases in the current suite
Test Method:		[unitTests.tests_validations_assertions.assertElementAttribute_false_containsComparison_expectedToPass]
################################################################################################################################################
[ReportManager] Element Action [Type] successfully performed. With the following test data [Automation123]. @26-10-2021 18:57:08.0042 PM
[ReportManager] Element Action [GetText] successfully performed. With the following test data [Automation123]. @26-10-2021 18:57:08.0094 PM
[ReportManager] Loaded Shared OpenCV @26-10-2021 18:57:08.0145 PM
[ReportManager] Assertion [ValidateElementAttribute] PASSED. Expected [Value Should not be 'Automation1234' for the 'text' attribute, element locator 'By.name: q'] and Actual [Automation123]. Comparison Type [CONTAINS]. Validation Type [NEGATIVE]. @26-10-2021 18:57:08.0242 PM
[ReportManager] Successfully created attachment [Screenshot - 1635274628145_assertElementAttribute_false_containsComparison_expectedToPass_ValidateElementAttribute_passed] @26-10-2021 18:57:08.0244 P
[ReportManager] Browser Action [CloseCurrentWindow] successfully performed. @26-10-2021 18:57:08.0384 PM
[ReportManager] Successfully created attachment [Browser Action Test Data - CloseCurrentWindow - Actual Value] @26-10-2021 18:57:08.0385 P
[ReportManager] File Action [GetAbsolutePath] successfully performed. With the following test data [Relative Folder Path: "target/downloadedFiles/"]. @26-10-2021 18:57:08.0391 PM
[ReportManager] Attempting to run locally on: [Mac-64], [Safari], Headless Execution. @26-10-2021 18:57:08.0391 PM
[ReportManager] Successfully Opened Safari. @26-10-2021 18:57:09.0238 PM
[ReportManager] Initial window size: (800, 600) @26-10-2021 18:57:09.0271 PM
[ReportManager] Window size after SWD Maximize: (1176, 811) @26-10-2021 18:57:09.0300 PM
[ReportManager] Browser Action [MaximizeWindow] successfully performed. With the following test data [New screen size is now: (1176, 811)]. @26-10-2021 18:57:09.0301 PM
[ReportManager] Target URL: [https://www.google.com/ncr], and after redirection: [www.google.com] @26-10-2021 18:57:09.0301 PM
[ReportManager] Initial URL: [] @26-10-2021 18:57:09.0356 PM
[ReportManager] Browser Action [NavigateToURL] successfully performed. With the following test data [https://www.google.com/ncr]. @26-10-2021 18:57:10.0387 P

################################################################################################################################################
Starting Execution:	[33 out of 143] test cases in the current suite
Test Method:		[unitTests.tests_validations_assertions.assertElementAttribute_false_literalComparison_expectedToFail]
################################################################################################################################################
[ReportManager] Element Action [Type] successfully performed. With the following test data [Automation!@#$%^&*()_+{}[]\';/.,]. @26-10-2021 18:57:11.0274 PM
[ReportManager] Element Action [GetText] successfully performed. With the following test data [Automation!@#$%^&*()_+{}[]\';/.,]. @26-10-2021 18:57:11.0318 PM
[ReportManager] Loaded Shared OpenCV @26-10-2021 18:57:11.0373 PM
[ReportManager] Assertion [ValidateElementAttribute] PASSED. Expected [Value Should not be 'Automation!@#$%^&*()_+{}[]\\';/.,' for the 'text' attribute, element locator 'By.name: q'] and Actual [Automation!@#$%^&*()_+{}[]\';/.,]. Comparison Type [EQUALS]. Validation Type [NEGATIVE]. @26-10-2021 18:57:11.0525 PM
[ReportManager] Successfully created attachment [Screenshot - 1635274631373_assertElementAttribute_false_literalComparison_expectedToFail_ValidateElementAttribute_passed] @26-10-2021 18:57:11.0526 P
[ReportManager] Browser Action [CloseCurrentWindow] successfully performed. @26-10-2021 18:57:11.0698 PM
[ReportManager] Successfully created attachment [Browser Action Test Data - CloseCurrentWindow - Actual Value] @26-10-2021 18:57:11.0698 P
[ReportManager] File Action [GetAbsolutePath] successfully performed. With the following test data [Relative Folder Path: "target/downloadedFiles/"]. @26-10-2021 18:57:11.0706 PM
[ReportManager] Attempting to run locally on: [Mac-64], [Safari], Headless Execution. @26-10-2021 18:57:11.0706 PM
[ReportManager] Successfully Opened Safari. @26-10-2021 18:57:12.0504 PM
[ReportManager] Initial window size: (800, 600) @26-10-2021 18:57:12.0509 PM
[ReportManager] Window size after SWD Maximize: (1176, 811) @26-10-2021 18:57:12.0520 PM
[ReportManager] Browser Action [MaximizeWindow] successfully performed. With the following test data [New screen size is now: (1176, 811)]. @26-10-2021 18:57:12.0521 PM
[ReportManager] Target URL: [https://www.google.com/ncr], and after redirection: [www.google.com] @26-10-2021 18:57:12.0521 PM
[ReportManager] Initial URL: [] @26-10-2021 18:57:12.0580 PM
[ReportManager] Browser Action [NavigateToURL] successfully performed. With the following test data [https://www.google.com/ncr]. @26-10-2021 18:57:13.0298 P

################################################################################################################################################
Starting Execution:	[34 out of 143] test cases in the current suite
Test Method:		[unitTests.tests_validations_assertions.assertElementAttribute_false_literalComparison_expectedToPass]
################################################################################################################################################
[ReportManager] Element Action [Type] successfully performed. With the following test data [Automation!@#$%^&*()_+{}[]\';/.,]. @26-10-2021 18:57:14.0395 PM
[ReportManager] Element Action [GetText] successfully performed. With the following test data [Automation!@#$%^&*()_+{}[]\';/.,]. @26-10-2021 18:57:14.0437 PM
[ReportManager] Loaded Shared OpenCV @26-10-2021 18:57:14.0488 PM
[ReportManager] Assertion [ValidateElementAttribute] PASSED. Expected [Value Should not be 'Automation' for the 'text' attribute, element locator 'By.name: q'] and Actual [Automation!@#$%^&*()_+{}[]\';/.,]. Comparison Type [EQUALS]. Validation Type [NEGATIVE]. @26-10-2021 18:57:14.0639 PM
[ReportManager] Successfully created attachment [Screenshot - 1635274634487_assertElementAttribute_false_literalComparison_expectedToPass_ValidateElementAttribute_passed] @26-10-2021 18:57:14.0641 P
[ReportManager] Browser Action [CloseCurrentWindow] successfully performed. @26-10-2021 18:57:14.0865 PM
[ReportManager] Successfully created attachment [Browser Action Test Data - CloseCurrentWindow - Actual Value] @26-10-2021 18:57:14.0866 P
[ReportManager] File Action [GetAbsolutePath] successfully performed. With the following test data [Relative Folder Path: "target/downloadedFiles/"]. @26-10-2021 18:57:14.0871 PM
[ReportManager] Attempting to run locally on: [Mac-64], [Safari], Headless Execution. @26-10-2021 18:57:14.0872 PM
[ReportManager] Successfully Opened Safari. @26-10-2021 18:57:15.0753 PM
[ReportManager] Initial window size: (800, 600) @26-10-2021 18:57:15.0759 PM
[ReportManager] Window size after SWD Maximize: (1176, 811) @26-10-2021 18:57:15.0789 PM
[ReportManager] Browser Action [MaximizeWindow] successfully performed. With the following test data [New screen size is now: (1176, 811)]. @26-10-2021 18:57:15.0790 PM
[ReportManager] Target URL: [https://www.google.com/ncr], and after redirection: [www.google.com] @26-10-2021 18:57:15.0790 PM
[ReportManager] Initial URL: [] @26-10-2021 18:57:15.0859 PM
[ReportManager] Browser Action [NavigateToURL] successfully performed. With the following test data [https://www.google.com/ncr]. @26-10-2021 18:57:16.0683 P

################################################################################################################################################
Starting Execution:	[35 out of 143] test cases in the current suite
Test Method:		[unitTests.tests_validations_assertions.assertElementAttribute_false_regexComparison_expectedToFail]
################################################################################################################################################
[ReportManager] Element Action [Type] successfully performed. With the following test data [Automation123]. @26-10-2021 18:57:17.0219 PM
[ReportManager] Element Action [GetText] successfully performed. With the following test data [Automation123]. @26-10-2021 18:57:17.0275 PM
[ReportManager] Loaded Shared OpenCV @26-10-2021 18:57:17.0325 PM
[ReportManager] Assertion [ValidateElementAttribute] FAILED. Expected [Value Should not be 'Automation.*' for the 'text' attribute, element locator 'By.name: q'] and Actual [Automation123]. Comparison Type [MATCHES]. Validation Type [NEGATIVE]. @26-10-2021 18:57:17.0430 PM
[ReportManager] Successfully created attachment [Screenshot - 1635274637325_assertElementAttribute_false_regexComparison_expectedToFail_ValidateElementAttribute_failed] @26-10-2021 18:57:17.0432 P
[ReportManager] Browser Action [CloseCurrentWindow] successfully performed. @26-10-2021 18:57:17.0698 PM
[ReportManager] Successfully created attachment [Browser Action Test Data - CloseCurrentWindow - Actual Value] @26-10-2021 18:57:17.0699 P
[ReportManager] File Action [GetAbsolutePath] successfully performed. With the following test data [Relative Folder Path: "target/downloadedFiles/"]. @26-10-2021 18:57:17.0702 PM
[ReportManager] Attempting to run locally on: [Mac-64], [Safari], Headless Execution. @26-10-2021 18:57:17.0702 PM
[ReportManager] Successfully Opened Safari. @26-10-2021 18:57:18.0542 PM
[ReportManager] Initial window size: (800, 600) @26-10-2021 18:57:18.0548 PM
[ReportManager] Window size after SWD Maximize: (1176, 811) @26-10-2021 18:57:18.0572 PM
[ReportManager] Browser Action [MaximizeWindow] successfully performed. With the following test data [New screen size is now: (1176, 811)]. @26-10-2021 18:57:18.0573 PM
[ReportManager] Target URL: [https://www.google.com/ncr], and after redirection: [www.google.com] @26-10-2021 18:57:18.0573 PM
[ReportManager] Initial URL: [] @26-10-2021 18:57:18.0634 PM
[ReportManager] Browser Action [NavigateToURL] successfully performed. With the following test data [https://www.google.com/ncr]. @26-10-2021 18:57:19.0881 P

################################################################################################################################################
Starting Execution:	[36 out of 143] test cases in the current suite
Test Method:		[unitTests.tests_validations_assertions.assertElementAttribute_false_regexComparison_expectedToPass]
################################################################################################################################################
[ReportManager] Element Action [Type] successfully performed. With the following test data [Automation123]. @26-10-2021 18:57:20.0403 PM
[ReportManager] Element Action [GetText] successfully performed. With the following test data [Automation123]. @26-10-2021 18:57:20.0459 PM
[ReportManager] Loaded Shared OpenCV @26-10-2021 18:57:20.0509 PM
[ReportManager] Assertion [ValidateElementAttribute] PASSED. Expected [Value Should not be 'Automation' for the 'text' attribute, element locator 'By.name: q'] and Actual [Automation123]. Comparison Type [MATCHES]. Validation Type [NEGATIVE]. @26-10-2021 18:57:20.0609 PM
[ReportManager] Successfully created attachment [Screenshot - 1635274640509_assertElementAttribute_false_regexComparison_expectedToPass_ValidateElementAttribute_passed] @26-10-2021 18:57:20.0610 P
[ReportManager] Browser Action [CloseCurrentWindow] successfully performed. @26-10-2021 18:57:20.0884 PM
[ReportManager] Successfully created attachment [Browser Action Test Data - CloseCurrentWindow - Actual Value] @26-10-2021 18:57:20.0885 P
[ReportManager] File Action [GetAbsolutePath] successfully performed. With the following test data [Relative Folder Path: "target/downloadedFiles/"]. @26-10-2021 18:57:20.0888 PM
[ReportManager] Attempting to run locally on: [Mac-64], [Safari], Headless Execution. @26-10-2021 18:57:20.0888 PM
[ReportManager] Successfully Opened Safari. @26-10-2021 18:57:21.0736 PM
[ReportManager] Initial window size: (800, 600) @26-10-2021 18:57:21.0744 PM
[ReportManager] Window size after SWD Maximize: (1176, 811) @26-10-2021 18:57:21.0770 PM
[ReportManager] Browser Action [MaximizeWindow] successfully performed. With the following test data [New screen size is now: (1176, 811)]. @26-10-2021 18:57:21.0771 PM
[ReportManager] Target URL: [https://www.google.com/ncr], and after redirection: [www.google.com] @26-10-2021 18:57:21.0771 PM
[ReportManager] Initial URL: [] @26-10-2021 18:57:21.0827 PM
[ReportManager] Browser Action [NavigateToURL] successfully performed. With the following test data [https://www.google.com/ncr]. @26-10-2021 18:57:23.0241 P

################################################################################################################################################
Starting Execution:	[37 out of 143] test cases in the current suite
Test Method:		[unitTests.tests_validations_assertions.assertElementAttribute_true_caseInsensitiveComparison_expectedToFail]
################################################################################################################################################
[ReportManager] Element Action [Type] successfully performed. With the following test data [AUTOMATION]. @26-10-2021 18:57:23.0631 PM
[ReportManager] Element Action [GetText] successfully performed. With the following test data [AUTOMATION]. @26-10-2021 18:57:23.0675 PM
[ReportManager] Loaded Shared OpenCV @26-10-2021 18:57:23.0725 PM
[ReportManager] Assertion [ValidateElementAttribute] FAILED. Expected [Value Should be 'AutomaTion123' for the 'text' attribute, element locator 'By.name: q'] and Actual [AUTOMATION]. Comparison Type [CASE_INSENSITIVE]. Validation Type [POSITIVE]. @26-10-2021 18:57:23.0822 PM
[ReportManager] Successfully created attachment [Screenshot - 1635274643725_assertElementAttribute_true_caseInsensitiveComparison_expectedToFail_ValidateElementAttribute_failed] @26-10-2021 18:57:23.0823 P
[ReportManager] Browser Action [CloseCurrentWindow] successfully performed. @26-10-2021 18:57:23.0969 PM
[ReportManager] Successfully created attachment [Browser Action Test Data - CloseCurrentWindow - Actual Value] @26-10-2021 18:57:23.0970 P
[ReportManager] File Action [GetAbsolutePath] successfully performed. With the following test data [Relative Folder Path: "target/downloadedFiles/"]. @26-10-2021 18:57:23.0973 PM
[ReportManager] Attempting to run locally on: [Mac-64], [Safari], Headless Execution. @26-10-2021 18:57:23.0974 PM
[ReportManager] Successfully Opened Safari. @26-10-2021 18:57:24.0783 PM
[ReportManager] Initial window size: (800, 600) @26-10-2021 18:57:24.0807 PM
[ReportManager] Window size after SWD Maximize: (1176, 811) @26-10-2021 18:57:24.0820 PM
[ReportManager] Browser Action [MaximizeWindow] successfully performed. With the following test data [New screen size is now: (1176, 811)]. @26-10-2021 18:57:24.0820 PM
[ReportManager] Target URL: [https://www.google.com/ncr], and after redirection: [www.google.com] @26-10-2021 18:57:24.0820 PM
[ReportManager] Initial URL: [] @26-10-2021 18:57:24.0889 PM
[ReportManager] Browser Action [NavigateToURL] successfully performed. With the following test data [https://www.google.com/ncr]. @26-10-2021 18:57:25.0821 P

################################################################################################################################################
Starting Execution:	[38 out of 143] test cases in the current suite
Test Method:		[unitTests.tests_validations_assertions.assertElementAttribute_true_caseInsensitiveComparison_expectedToPass]
################################################################################################################################################
[ReportManager] Element Action [Type] successfully performed. With the following test data [AUTOMATION]. @26-10-2021 18:57:26.0233 PM
[ReportManager] Element Action [GetText] successfully performed. With the following test data [AUTOMATION]. @26-10-2021 18:57:26.0283 PM
[ReportManager] Loaded Shared OpenCV @26-10-2021 18:57:26.0337 PM
[ReportManager] Assertion [ValidateElementAttribute] PASSED. Expected [Value Should be 'AutomaTion' for the 'text' attribute, element locator 'By.name: q'] and Actual [AUTOMATION]. Comparison Type [CASE_INSENSITIVE]. Validation Type [POSITIVE]. @26-10-2021 18:57:26.0542 PM
[ReportManager] Successfully created attachment [Screenshot - 1635274646337_assertElementAttribute_true_caseInsensitiveComparison_expectedToPass_ValidateElementAttribute_passed] @26-10-2021 18:57:26.0544 P
[ReportManager] Browser Action [CloseCurrentWindow] successfully performed. @26-10-2021 18:57:26.0676 PM
[ReportManager] Successfully created attachment [Browser Action Test Data - CloseCurrentWindow - Actual Value] @26-10-2021 18:57:26.0677 P
[ReportManager] File Action [GetAbsolutePath] successfully performed. With the following test data [Relative Folder Path: "target/downloadedFiles/"]. @26-10-2021 18:57:26.0682 PM
[ReportManager] Attempting to run locally on: [Mac-64], [Safari], Headless Execution. @26-10-2021 18:57:26.0683 PM
[ReportManager] Successfully Opened Safari. @26-10-2021 18:57:27.0449 PM
[ReportManager] Initial window size: (800, 600) @26-10-2021 18:57:27.0466 PM
[ReportManager] Window size after SWD Maximize: (1176, 811) @26-10-2021 18:57:27.0478 PM
[ReportManager] Browser Action [MaximizeWindow] successfully performed. With the following test data [New screen size is now: (1176, 811)]. @26-10-2021 18:57:27.0479 PM
[ReportManager] Target URL: [https://www.google.com/ncr], and after redirection: [www.google.com] @26-10-2021 18:57:27.0479 PM
[ReportManager] Initial URL: [] @26-10-2021 18:57:27.0536 PM
[ReportManager] Browser Action [NavigateToURL] successfully performed. With the following test data [https://www.google.com/ncr]. @26-10-2021 18:57:28.0839 P

################################################################################################################################################
Starting Execution:	[39 out of 143] test cases in the current suite
Test Method:		[unitTests.tests_validations_assertions.assertElementAttribute_true_containsComparison_expectedToFail]
################################################################################################################################################
[ReportManager] Element Action [Type] successfully performed. With the following test data [Automation123]. @26-10-2021 18:57:29.0392 PM
[ReportManager] Element Action [GetText] successfully performed. With the following test data [Automation123]. @26-10-2021 18:57:29.0435 PM
[ReportManager] Loaded Shared OpenCV @26-10-2021 18:57:29.0484 PM
[ReportManager] Assertion [ValidateElementAttribute] FAILED. Expected [Value Should be 'Automation1234' for the 'text' attribute, element locator 'By.name: q'] and Actual [Automation123]. Comparison Type [CONTAINS]. Validation Type [POSITIVE]. @26-10-2021 18:57:29.0635 PM
[ReportManager] Successfully created attachment [Screenshot - 1635274649484_assertElementAttribute_true_containsComparison_expectedToFail_ValidateElementAttribute_failed] @26-10-2021 18:57:29.0637 P
[ReportManager] Browser Action [CloseCurrentWindow] successfully performed. @26-10-2021 18:57:29.0737 PM
[ReportManager] Successfully created attachment [Browser Action Test Data - CloseCurrentWindow - Actual Value] @26-10-2021 18:57:29.0738 P
[ReportManager] File Action [GetAbsolutePath] successfully performed. With the following test data [Relative Folder Path: "target/downloadedFiles/"]. @26-10-2021 18:57:29.0741 PM
[ReportManager] Attempting to run locally on: [Mac-64], [Safari], Headless Execution. @26-10-2021 18:57:29.0742 PM
[ReportManager] Successfully Opened Safari. @26-10-2021 18:57:30.0600 PM
[ReportManager] Initial window size: (800, 600) @26-10-2021 18:57:30.0613 PM
[ReportManager] Window size after SWD Maximize: (1176, 811) @26-10-2021 18:57:30.0625 PM
[ReportManager] Browser Action [MaximizeWindow] successfully performed. With the following test data [New screen size is now: (1176, 811)]. @26-10-2021 18:57:30.0626 PM
[ReportManager] Target URL: [https://www.google.com/ncr], and after redirection: [www.google.com] @26-10-2021 18:57:30.0626 PM
[ReportManager] Initial URL: [] @26-10-2021 18:57:30.0683 PM
[ReportManager] Browser Action [NavigateToURL] successfully performed. With the following test data [https://www.google.com/ncr]. @26-10-2021 18:57:31.0481 P

################################################################################################################################################
Starting Execution:	[40 out of 143] test cases in the current suite
Test Method:		[unitTests.tests_validations_assertions.assertElementAttribute_true_containsComparison_expectedToPass]
################################################################################################################################################
[ReportManager] Element Action [Type] successfully performed. With the following test data [Automation123]. @26-10-2021 18:57:32.0041 PM
[ReportManager] Element Action [GetText] successfully performed. With the following test data [Automation123]. @26-10-2021 18:57:32.0086 PM
[ReportManager] Loaded Shared OpenCV @26-10-2021 18:57:32.0133 PM
[ReportManager] Assertion [ValidateElementAttribute] PASSED. Expected [Value Should be 'Automation' for the 'text' attribute, element locator 'By.name: q'] and Actual [Automation123]. Comparison Type [CONTAINS]. Validation Type [POSITIVE]. @26-10-2021 18:57:32.0289 PM
[ReportManager] Successfully created attachment [Screenshot - 1635274652133_assertElementAttribute_true_containsComparison_expectedToPass_ValidateElementAttribute_passed] @26-10-2021 18:57:32.0292 P
[ReportManager] Browser Action [CloseCurrentWindow] successfully performed. @26-10-2021 18:57:32.0577 PM
[ReportManager] Successfully created attachment [Browser Action Test Data - CloseCurrentWindow - Actual Value] @26-10-2021 18:57:32.0578 P
[ReportManager] File Action [GetAbsolutePath] successfully performed. With the following test data [Relative Folder Path: "target/downloadedFiles/"]. @26-10-2021 18:57:32.0581 PM
[ReportManager] Attempting to run locally on: [Mac-64], [Safari], Headless Execution. @26-10-2021 18:57:32.0581 PM
[ReportManager] Successfully Opened Safari. @26-10-2021 18:57:33.0434 PM
[ReportManager] Initial window size: (800, 600) @26-10-2021 18:57:33.0453 PM
[ReportManager] Window size after SWD Maximize: (1176, 811) @26-10-2021 18:57:33.0470 PM
[ReportManager] Browser Action [MaximizeWindow] successfully performed. With the following test data [New screen size is now: (1176, 811)]. @26-10-2021 18:57:33.0471 PM
[ReportManager] Target URL: [https://www.google.com/ncr], and after redirection: [www.google.com] @26-10-2021 18:57:33.0471 PM
[ReportManager] Initial URL: [] @26-10-2021 18:57:33.0532 PM
[ReportManager] Browser Action [NavigateToURL] successfully performed. With the following test data [https://www.google.com/ncr]. @26-10-2021 18:57:34.0812 P

################################################################################################################################################
Starting Execution:	[41 out of 143] test cases in the current suite
Test Method:		[unitTests.tests_validations_assertions.assertElementAttribute_true_literalComparison_expectedToFail]
################################################################################################################################################
[ReportManager] Element Action [Type] successfully performed. With the following test data [Automation!@#$%^&*()_+{}[]\';/.,]. @26-10-2021 18:57:35.0911 PM
[ReportManager] Element Action [GetText] successfully performed. With the following test data [Automation!@#$%^&*()_+{}[]\';/.,]. @26-10-2021 18:57:35.0958 PM
[ReportManager] Loaded Shared OpenCV @26-10-2021 18:57:36.0011 PM
[ReportManager] Assertion [ValidateElementAttribute] FAILED. Expected [Value Should be 'Automation' for the 'text' attribute, element locator 'By.name: q'] and Actual [Automation!@#$%^&*()_+{}[]\';/.,]. Comparison Type [EQUALS]. Validation Type [POSITIVE]. @26-10-2021 18:57:36.0137 PM
[ReportManager] Successfully created attachment [Screenshot - 1635274656011_assertElementAttribute_true_literalComparison_expectedToFail_ValidateElementAttribute_failed] @26-10-2021 18:57:36.0138 P
[ReportManager] Browser Action [CloseCurrentWindow] successfully performed. @26-10-2021 18:57:36.0194 PM
[ReportManager] Successfully created attachment [Browser Action Test Data - CloseCurrentWindow - Actual Value] @26-10-2021 18:57:36.0194 P
[ReportManager] File Action [GetAbsolutePath] successfully performed. With the following test data [Relative Folder Path: "target/downloadedFiles/"]. @26-10-2021 18:57:36.0198 PM
[ReportManager] Attempting to run locally on: [Mac-64], [Safari], Headless Execution. @26-10-2021 18:57:36.0198 PM
[ReportManager] Successfully Opened Safari. @26-10-2021 18:57:36.0977 PM
[ReportManager] Initial window size: (800, 600) @26-10-2021 18:57:36.0984 PM
[ReportManager] Window size after SWD Maximize: (1176, 811) @26-10-2021 18:57:36.0998 PM
[ReportManager] Browser Action [MaximizeWindow] successfully performed. With the following test data [New screen size is now: (1176, 811)]. @26-10-2021 18:57:36.0998 PM
[ReportManager] Target URL: [https://www.google.com/ncr], and after redirection: [www.google.com] @26-10-2021 18:57:36.0998 PM
[ReportManager] Initial URL: [] @26-10-2021 18:57:37.0037 PM
[ReportManager] Browser Action [NavigateToURL] successfully performed. With the following test data [https://www.google.com/ncr]. @26-10-2021 18:57:38.0381 P

################################################################################################################################################
Starting Execution:	[42 out of 143] test cases in the current suite
Test Method:		[unitTests.tests_validations_assertions.assertElementAttribute_true_literalComparison_expectedToPass]
################################################################################################################################################
[ReportManager] Element Action [Type] successfully performed. With the following test data [Automation!@#$%^&*()_+{}[]\';/.,]. @26-10-2021 18:57:39.0463 PM
[ReportManager] Element Action [GetText] successfully performed. With the following test data [Automation!@#$%^&*()_+{}[]\';/.,]. @26-10-2021 18:57:39.0516 PM
[ReportManager] Loaded Shared OpenCV @26-10-2021 18:57:39.0572 PM
[ReportManager] Assertion [ValidateElementAttribute] PASSED. Expected [Value Should be 'Automation!@#$%^&*()_+{}[]\';/.,' for the 'text' attribute, element locator 'By.name: q'] and Actual [Automation!@#$%^&*()_+{}[]\';/.,]. Comparison Type [EQUALS]. Validation Type [POSITIVE]. @26-10-2021 18:57:39.0676 PM
[ReportManager] Successfully created attachment [Screenshot - 1635274659572_assertElementAttribute_true_literalComparison_expectedToPass_ValidateElementAttribute_passed] @26-10-2021 18:57:39.0678 P
[ReportManager] Browser Action [CloseCurrentWindow] successfully performed. @26-10-2021 18:57:39.0827 PM
[ReportManager] Successfully created attachment [Browser Action Test Data - CloseCurrentWindow - Actual Value] @26-10-2021 18:57:39.0828 P
[ReportManager] File Action [GetAbsolutePath] successfully performed. With the following test data [Relative Folder Path: "target/downloadedFiles/"]. @26-10-2021 18:57:39.0836 PM
[ReportManager] Attempting to run locally on: [Mac-64], [Safari], Headless Execution. @26-10-2021 18:57:39.0836 PM
[ReportManager] Successfully Opened Safari. @26-10-2021 18:57:40.0739 PM
[ReportManager] Initial window size: (800, 600) @26-10-2021 18:57:40.0743 PM
[ReportManager] Window size after SWD Maximize: (1176, 811) @26-10-2021 18:57:40.0753 PM
[ReportManager] Browser Action [MaximizeWindow] successfully performed. With the following test data [New screen size is now: (1176, 811)]. @26-10-2021 18:57:40.0754 PM
[ReportManager] Target URL: [https://www.google.com/ncr], and after redirection: [www.google.com] @26-10-2021 18:57:40.0754 PM
[ReportManager] Initial URL: [] @26-10-2021 18:57:40.0810 PM
[ReportManager] Browser Action [NavigateToURL] successfully performed. With the following test data [https://www.google.com/ncr]. @26-10-2021 18:57:41.0589 P

################################################################################################################################################
Starting Execution:	[43 out of 143] test cases in the current suite
Test Method:		[unitTests.tests_validations_assertions.assertElementAttribute_true_regexComparison_expectedToFail]
################################################################################################################################################
[ReportManager] Element Action [Type] successfully performed. With the following test data [Automation123]. @26-10-2021 18:57:42.0154 PM
[ReportManager] Element Action [GetText] successfully performed. With the following test data [Automation123]. @26-10-2021 18:57:42.0208 PM
[ReportManager] Loaded Shared OpenCV @26-10-2021 18:57:42.0255 PM
[ReportManager] Assertion [ValidateElementAttribute] FAILED. Expected [Value Should be 'Automation' for the 'text' attribute, element locator 'By.name: q'] and Actual [Automation123]. Comparison Type [MATCHES]. Validation Type [POSITIVE]. @26-10-2021 18:57:42.0349 PM
[ReportManager] Successfully created attachment [Screenshot - 1635274662255_assertElementAttribute_true_regexComparison_expectedToFail_ValidateElementAttribute_failed] @26-10-2021 18:57:42.0350 P
[ReportManager] Browser Action [CloseCurrentWindow] successfully performed. @26-10-2021 18:57:42.0595 PM
[ReportManager] Successfully created attachment [Browser Action Test Data - CloseCurrentWindow - Actual Value] @26-10-2021 18:57:42.0596 P
[ReportManager] File Action [GetAbsolutePath] successfully performed. With the following test data [Relative Folder Path: "target/downloadedFiles/"]. @26-10-2021 18:57:42.0600 PM
[ReportManager] Attempting to run locally on: [Mac-64], [Safari], Headless Execution. @26-10-2021 18:57:42.0600 PM
[ReportManager] Successfully Opened Safari. @26-10-2021 18:57:43.0382 PM
[ReportManager] Initial window size: (800, 600) @26-10-2021 18:57:43.0404 PM
[ReportManager] Window size after SWD Maximize: (1176, 811) @26-10-2021 18:57:43.0415 PM
[ReportManager] Browser Action [MaximizeWindow] successfully performed. With the following test data [New screen size is now: (1176, 811)]. @26-10-2021 18:57:43.0415 PM
[ReportManager] Target URL: [https://www.google.com/ncr], and after redirection: [www.google.com] @26-10-2021 18:57:43.0415 PM
[ReportManager] Initial URL: [] @26-10-2021 18:57:43.0472 PM
[ReportManager] Browser Action [NavigateToURL] successfully performed. With the following test data [https://www.google.com/ncr]. @26-10-2021 18:57:44.0845 P

################################################################################################################################################
Starting Execution:	[44 out of 143] test cases in the current suite
Test Method:		[unitTests.tests_validations_assertions.assertElementAttribute_true_regexComparison_expectedToPass]
################################################################################################################################################
[ReportManager] Element Action [Type] successfully performed. With the following test data [Automation123]. @26-10-2021 18:57:45.0302 PM
[ReportManager] Element Action [GetText] successfully performed. With the following test data [Automation123]. @26-10-2021 18:57:45.0344 PM
[ReportManager] Loaded Shared OpenCV @26-10-2021 18:57:45.0393 PM
[ReportManager] Assertion [ValidateElementAttribute] PASSED. Expected [Value Should be 'Automation.*' for the 'text' attribute, element locator 'By.name: q'] and Actual [Automation123]. Comparison Type [MATCHES]. Validation Type [POSITIVE]. @26-10-2021 18:57:45.0487 PM
[ReportManager] Successfully created attachment [Screenshot - 1635274665393_assertElementAttribute_true_regexComparison_expectedToPass_ValidateElementAttribute_passed] @26-10-2021 18:57:45.0488 P
[ReportManager] Browser Action [CloseCurrentWindow] successfully performed. @26-10-2021 18:57:45.0601 PM
[ReportManager] Successfully created attachment [Browser Action Test Data - CloseCurrentWindow - Actual Value] @26-10-2021 18:57:45.0602 P
[ReportManager] File Action [GetAbsolutePath] successfully performed. With the following test data [Relative Folder Path: "target/downloadedFiles/"]. @26-10-2021 18:57:45.0605 PM
[ReportManager] Attempting to run locally on: [Mac-64], [Safari], Headless Execution. @26-10-2021 18:57:45.0605 PM
[ReportManager] Successfully Opened Safari. @26-10-2021 18:57:46.0438 PM
[ReportManager] Initial window size: (800, 600) @26-10-2021 18:57:46.0447 PM
[ReportManager] Window size after SWD Maximize: (1176, 811) @26-10-2021 18:57:46.0472 PM
[ReportManager] Browser Action [MaximizeWindow] successfully performed. With the following test data [New screen size is now: (1176, 811)]. @26-10-2021 18:57:46.0472 PM
[ReportManager] Target URL: [https://www.google.com/ncr], and after redirection: [www.google.com] @26-10-2021 18:57:46.0473 PM
[ReportManager] Initial URL: [] @26-10-2021 18:57:46.0528 PM
[ReportManager] Browser Action [NavigateToURL] successfully performed. With the following test data [https://www.google.com/ncr]. @26-10-2021 18:57:47.0288 P

################################################################################################################################################
Starting Execution:	[45 out of 143] test cases in the current suite
Test Method:		[unitTests.tests_validations_assertions.assertElementAttribute_type_true_literalComparison_expectedToPass]
################################################################################################################################################
[ReportManager] Element Action [Type] successfully performed. With the following test data [Automation!@#$%^&*()_+{}[]\';/.,]. @26-10-2021 18:57:48.0536 PM
[ReportManager] Element Action [GetText] successfully performed. With the following test data [Automation!@#$%^&*()_+{}[]\';/.,]. @26-10-2021 18:57:48.0584 PM
[ReportManager] Loaded Shared OpenCV @26-10-2021 18:57:48.0632 PM
[ReportManager] Assertion [ValidateElementAttribute] PASSED. Expected [Value Should be 'Automation!@#$%^&*()_+{}[]\';/.,' for the 'text' attribute, element locator 'By.name: q'] and Actual [Automation!@#$%^&*()_+{}[]\';/.,]. Comparison Type [EQUALS]. Validation Type [POSITIVE]. @26-10-2021 18:57:48.0734 PM
[ReportManager] Successfully created attachment [Screenshot - 1635274668632_assertElementAttribute_type_true_literalComparison_expectedToPass_ValidateElementAttribute_passed] @26-10-2021 18:57:48.0735 P
[ReportManager] Browser Action [CloseCurrentWindow] successfully performed. @26-10-2021 18:57:48.0864 PM
[ReportManager] Successfully created attachment [Browser Action Test Data - CloseCurrentWindow - Actual Value] @26-10-2021 18:57:48.0865 P
[ReportManager] File Action [GetAbsolutePath] successfully performed. With the following test data [Relative Folder Path: "target/downloadedFiles/"]. @26-10-2021 18:57:48.0868 PM
[ReportManager] Attempting to run locally on: [Mac-64], [Safari], Headless Execution. @26-10-2021 18:57:48.0869 PM
[ReportManager] Successfully Opened Safari. @26-10-2021 18:57:49.0696 PM
[ReportManager] Initial window size: (800, 600) @26-10-2021 18:57:49.0711 PM
[ReportManager] Window size after SWD Maximize: (1176, 811) @26-10-2021 18:57:49.0723 PM
[ReportManager] Browser Action [MaximizeWindow] successfully performed. With the following test data [New screen size is now: (1176, 811)]. @26-10-2021 18:57:49.0723 PM
[ReportManager] Target URL: [https://www.google.com/ncr], and after redirection: [www.google.com] @26-10-2021 18:57:49.0723 PM
[ReportManager] Initial URL: [] @26-10-2021 18:57:49.0771 PM
[ReportManager] Browser Action [NavigateToURL] successfully performed. With the following test data [https://www.google.com/ncr]. @26-10-2021 18:57:50.0512 P

################################################################################################################################################
Starting Execution:	[46 out of 143] test cases in the current suite
Test Method:		[unitTests.tests_validations_assertions.assertElementExists_false_expectedToFail]
###############################################################################################################################################
[ReportManager] Browser Action [CloseCurrentWindow] successfully performed. @26-10-2021 18:57:50.0850 PM
[ReportManager] Successfully created attachment [Browser Action Test Data - CloseCurrentWindow - Actual Value] @26-10-2021 18:57:50.0850 P
[ReportManager] File Action [GetAbsolutePath] successfully performed. With the following test data [Relative Folder Path: "target/downloadedFiles/"]. @26-10-2021 18:57:50.0853 PM
[ReportManager] Attempting to run locally on: [Mac-64], [Safari], Headless Execution. @26-10-2021 18:57:50.0853 PM
[ReportManager] Successfully Opened Safari. @26-10-2021 18:57:51.0651 PM
[ReportManager] Initial window size: (800, 600) @26-10-2021 18:57:51.0663 PM
[ReportManager] Window size after SWD Maximize: (1176, 811) @26-10-2021 18:57:51.0685 PM
[ReportManager] Browser Action [MaximizeWindow] successfully performed. With the following test data [New screen size is now: (1176, 811)]. @26-10-2021 18:57:51.0685 PM
[ReportManager] Target URL: [https://www.google.com/ncr], and after redirection: [www.google.com] @26-10-2021 18:57:51.0685 PM
[ReportManager] Initial URL: [] @26-10-2021 18:57:51.0751 PM
[ReportManager] Browser Action [NavigateToURL] successfully performed. With the following test data [https://www.google.com/ncr]. @26-10-2021 18:57:52.0497 P

################################################################################################################################################
Starting Execution:	[47 out of 143] test cases in the current suite
Test Method:		[unitTests.tests_validations_assertions.assertElementExists_false_expectedToPass]
###############################################################################################################################################
[ReportManager] Browser Action [CloseCurrentWindow] successfully performed. @26-10-2021 18:57:52.0666 PM
[ReportManager] Successfully created attachment [Browser Action Test Data - CloseCurrentWindow - Actual Value] @26-10-2021 18:57:52.0667 P
[ReportManager] File Action [GetAbsolutePath] successfully performed. With the following test data [Relative Folder Path: "target/downloadedFiles/"]. @26-10-2021 18:57:52.0670 PM
[ReportManager] Attempting to run locally on: [Mac-64], [Safari], Headless Execution. @26-10-2021 18:57:52.0670 PM
[ReportManager] Successfully Opened Safari. @26-10-2021 18:57:53.0449 PM
[ReportManager] Initial window size: (800, 600) @26-10-2021 18:57:53.0470 PM
[ReportManager] Window size after SWD Maximize: (1176, 811) @26-10-2021 18:57:53.0506 PM
[ReportManager] Browser Action [MaximizeWindow] successfully performed. With the following test data [New screen size is now: (1176, 811)]. @26-10-2021 18:57:53.0506 PM
[ReportManager] Target URL: [https://www.google.com/ncr], and after redirection: [www.google.com] @26-10-2021 18:57:53.0506 PM
[ReportManager] Initial URL: [] @26-10-2021 18:57:53.0572 PM
[ReportManager] Browser Action [NavigateToURL] successfully performed. With the following test data [https://www.google.com/ncr]. @26-10-2021 18:57:54.0929 P

################################################################################################################################################
Starting Execution:	[48 out of 143] test cases in the current suite
Test Method:		[unitTests.tests_validations_assertions.assertElementExists_false_multipleElementsFound_expectedToFail]
################################################################################################################################################
[ReportManager] Assertion [ValidateElementExists] FAILED. Expected [Element Should not Exist, locator 'By.xpath: //div'] and Actual [Element Exists but is not unique]. Comparison Type [EQUALS]. Validation Type [NEGATIVE]. @26-10-2021 18:57:55.0091 PM
[ReportManager] Successfully created attachment [Screenshot - 1635274674996_assertElementExists_false_multipleElementsFound_expectedToFail_ValidateElementExists_failed] @26-10-2021 18:57:55.0092 P
[ReportManager] Browser Action [CloseCurrentWindow] successfully performed. @26-10-2021 18:57:55.0363 PM
[ReportManager] Successfully created attachment [Browser Action Test Data - CloseCurrentWindow - Actual Value] @26-10-2021 18:57:55.0364 P
[ReportManager] File Action [GetAbsolutePath] successfully performed. With the following test data [Relative Folder Path: "target/downloadedFiles/"]. @26-10-2021 18:57:55.0367 PM
[ReportManager] Attempting to run locally on: [Mac-64], [Safari], Headless Execution. @26-10-2021 18:57:55.0367 PM
[ReportManager] Successfully Opened Safari. @26-10-2021 18:57:56.0240 PM
[ReportManager] Initial window size: (800, 600) @26-10-2021 18:57:56.0248 PM
[ReportManager] Window size after SWD Maximize: (1176, 811) @26-10-2021 18:57:56.0270 PM
[ReportManager] Browser Action [MaximizeWindow] successfully performed. With the following test data [New screen size is now: (1176, 811)]. @26-10-2021 18:57:56.0270 PM
[ReportManager] Target URL: [https://www.google.com/ncr], and after redirection: [www.google.com] @26-10-2021 18:57:56.0270 PM
[ReportManager] Initial URL: [] @26-10-2021 18:57:56.0319 PM
[ReportManager] Browser Action [NavigateToURL] successfully performed. With the following test data [https://www.google.com/ncr]. @26-10-2021 18:57:57.0671 P

################################################################################################################################################
Starting Execution:	[49 out of 143] test cases in the current suite
Test Method:		[unitTests.tests_validations_assertions.assertElementExists_true_expectedToFail]
###############################################################################################################################################
[ReportManager] Browser Action [CloseCurrentWindow] successfully performed. @26-10-2021 18:57:57.0779 PM
[ReportManager] Successfully created attachment [Browser Action Test Data - CloseCurrentWindow - Actual Value] @26-10-2021 18:57:57.0780 P
[ReportManager] File Action [GetAbsolutePath] successfully performed. With the following test data [Relative Folder Path: "target/downloadedFiles/"]. @26-10-2021 18:57:57.0782 PM
[ReportManager] Attempting to run locally on: [Mac-64], [Safari], Headless Execution. @26-10-2021 18:57:57.0783 PM
[ReportManager] Successfully Opened Safari. @26-10-2021 18:57:58.0626 PM
[ReportManager] Initial window size: (800, 600) @26-10-2021 18:57:58.0637 PM
[ReportManager] Window size after SWD Maximize: (1176, 811) @26-10-2021 18:57:58.0651 PM
[ReportManager] Browser Action [MaximizeWindow] successfully performed. With the following test data [New screen size is now: (1176, 811)]. @26-10-2021 18:57:58.0651 PM
[ReportManager] Target URL: [https://www.google.com/ncr], and after redirection: [www.google.com] @26-10-2021 18:57:58.0652 PM
[ReportManager] Initial URL: [] @26-10-2021 18:57:58.0730 PM
[ReportManager] Browser Action [NavigateToURL] successfully performed. With the following test data [https://www.google.com/ncr]. @26-10-2021 18:58:00.0006 P

################################################################################################################################################
Starting Execution:	[50 out of 143] test cases in the current suite
Test Method:		[unitTests.tests_validations_assertions.assertElementExists_true_expectedToPass]
################################################################################################################################################
[ReportManager] Loaded Shared OpenCV @26-10-2021 18:58:00.0081 PM
[ReportManager] Assertion [ValidateElementExists] PASSED. Expected [Element Should Exist, locator 'By.xpath: //*[@id='hplogo' or @alt='Google']'] and Actual [Element Exists]. Comparison Type [EQUALS]. Validation Type [POSITIVE]. @26-10-2021 18:58:00.0201 PM
[ReportManager] Successfully created attachment [Screenshot - 1635274680080_assertElementExists_true_expectedToPass_ValidateElementExists_passed] @26-10-2021 18:58:00.0202 P
[ReportManager] Browser Action [CloseCurrentWindow] successfully performed. @26-10-2021 18:58:00.0487 PM
[ReportManager] Successfully created attachment [Browser Action Test Data - CloseCurrentWindow - Actual Value] @26-10-2021 18:58:00.0488 P
[ReportManager] File Action [GetAbsolutePath] successfully performed. With the following test data [Relative Folder Path: "target/downloadedFiles/"]. @26-10-2021 18:58:00.0491 PM
[ReportManager] Attempting to run locally on: [Mac-64], [Safari], Headless Execution. @26-10-2021 18:58:00.0492 PM
[ReportManager] Successfully Opened Safari. @26-10-2021 18:58:01.0317 PM
[ReportManager] Initial window size: (800, 600) @26-10-2021 18:58:01.0322 PM
[ReportManager] Window size after SWD Maximize: (1176, 811) @26-10-2021 18:58:01.0336 PM
[ReportManager] Browser Action [MaximizeWindow] successfully performed. With the following test data [New screen size is now: (1176, 811)]. @26-10-2021 18:58:01.0337 PM
[ReportManager] Target URL: [https://www.google.com/ncr], and after redirection: [www.google.com] @26-10-2021 18:58:01.0343 PM
[ReportManager] Initial URL: [] @26-10-2021 18:58:01.0381 PM
[ReportManager] Browser Action [NavigateToURL] successfully performed. With the following test data [https://www.google.com/ncr]. @26-10-2021 18:58:02.0794 P

################################################################################################################################################
Starting Execution:	[51 out of 143] test cases in the current suite
Test Method:		[unitTests.tests_validations_assertions.assertElementExists_true_multipleElementsFound_expectedToFail]
################################################################################################################################################
[ReportManager] Assertion [ValidateElementExists] FAILED. Expected [Element Should Exist, locator 'By.xpath: //div'] and Actual [Element Exists but is not unique]. Comparison Type [EQUALS]. Validation Type [POSITIVE]. @26-10-2021 18:58:03.0008 PM
[ReportManager] Successfully created attachment [Screenshot - 1635274682889_assertElementExists_true_multipleElementsFound_expectedToFail_ValidateElementExists_failed] @26-10-2021 18:58:03.0009 P
[ReportManager] Browser Action [CloseCurrentWindow] successfully performed. @26-10-2021 18:58:03.0183 PM
[ReportManager] Successfully created attachment [Browser Action Test Data - CloseCurrentWindow - Actual Value] @26-10-2021 18:58:03.0183 P

################################################################################################################################################
Starting Execution:	[52 out of 143] test cases in the current suite
Test Method:		[unitTests.tests_validations_assertions.assertEquals_false_expectedToFail]
################################################################################################################################################
[ReportManager] Assertion [ValidateEquals] FAILED. Expected [1] and Actual [1]. Comparison Type [EQUALS]. Validation Type [NEGATIVE]. @26-10-2021 18:58:03.0187 P

################################################################################################################################################
Starting Execution:	[53 out of 143] test cases in the current suite
Test Method:		[unitTests.tests_validations_assertions.assertEquals_false_expectedToPass]
################################################################################################################################################
[ReportManager] Assertion [ValidateEquals] PASSED. Expected [1] and Actual [2]. Comparison Type [EQUALS]. Validation Type [NEGATIVE]. @26-10-2021 18:58:03.0191 P

################################################################################################################################################
Starting Execution:	[54 out of 143] test cases in the current suite
Test Method:		[unitTests.tests_validations_assertions.assertEquals_longCharacters]
################################################################################################################################################
[ReportManager] Verification [ValidateEquals] PASSED. Expected and Actual values are attached. Comparison Type [EQUALS]. Validation Type [POSITIVE]. @26-10-2021 18:58:03.0196 PM
[ReportManager] Successfully created attachment [Validation Test Data - Expected Value] @26-10-2021 18:58:03.0197 PM
[ReportManager] Successfully created attachment [Validation Test Data - Actual Value] @26-10-2021 18:58:03.0197 PM
[ReportManager] Assertion [ValidateEquals] PASSED. Expected and Actual values are attached. Comparison Type [EQUALS]. Validation Type [POSITIVE]. @26-10-2021 18:58:03.0198 PM
[ReportManager] Successfully created attachment [Validation Test Data - Expected Value] @26-10-2021 18:58:03.0198 PM
[ReportManager] Successfully created attachment [Validation Test Data - Actual Value] @26-10-2021 18:58:03.0198 P

################################################################################################################################################
Starting Execution:	[55 out of 143] test cases in the current suite
Test Method:		[unitTests.tests_validations_assertions.assertEquals_longCharacters_Discreet]
################################################################################################################################################
[ReportManager] Assertion [ValidateEquals] PASSED. Expected [1LH5pROcDBjjQk0t0mCr0lXuzQu9lcGj28kY8R1H81X67eVAQJgWQhILiRWVPUgZ6uCtK5cnBkF55Jr9vYngjGO1Iyf0Mktv6lruDlL9T8MAUPcUZJGHZtji6nIeadujDSNmWMj5d6C8zlFqw0CRqBU0hO5adIasHgBSNoLotAjce3NGXoDwAlp3rYreeV16VIyZXROQY] and Actual [1LH5pROcDBjjQk0t0mCr0lXuzQu9lcGj28kY8R1H81X67eVAQJgWQhILiRWVPUgZ6uCtK5cnBkF55Jr9vYngjGO1Iyf0Mktv6lruDlL9T8MAUPcUZJGHZtji6nIeadujDSNmWMj5d6C8zlFqw0CRqBU0hO5adIasHgBSNoLotAjce3NGXoDwAlp3rYreeV16VIyZXROQY]. Comparison Type [EQUALS]. Validation Type [POSITIVE]. @26-10-2021 18:58:03.0202 P

################################################################################################################################################
Starting Execution:	[56 out of 143] test cases in the current suite
Test Method:		[unitTests.tests_validations_assertions.assertEquals_true_expectedToFail]
################################################################################################################################################
[ReportManager] Assertion [ValidateEquals] FAILED. Expected [1] and Actual [2]. Comparison Type [EQUALS]. Validation Type [POSITIVE]. @26-10-2021 18:58:03.0206 P

################################################################################################################################################
Starting Execution:	[57 out of 143] test cases in the current suite
Test Method:		[unitTests.tests_validations_assertions.assertEquals_true_expectedToPass]
Test Description:	[Assert that assertEquals works as expected when the two values are equal.]
################################################################################################################################################
[ReportManager] Verification [ValidateEquals] PASSED. Expected [1] and Actual [1]. Comparison Type [EQUALS]. Validation Type [POSITIVE]. @26-10-2021 18:58:03.0215 PM
[ReportManager] Assertion [ValidateEquals] PASSED. Expected [1] and Actual [1]. Comparison Type [EQUALS]. Validation Type [POSITIVE]. @26-10-2021 18:58:03.0215 P

################################################################################################################################################
Starting Execution:	[58 out of 143] test cases in the current suite
Test Method:		[unitTests.tests_validations_assertions.assertEquals_true_expectedToPass__]
################################################################################################################################################
[ReportManager] Assertion [ValidateEquals] PASSED. Expected [1] and Actual [1]. Comparison Type [EQUALS]. Validation Type [POSITIVE]. @26-10-2021 18:58:03.0219 P

################################################################################################################################################
Starting Execution:	[59 out of 143] test cases in the current suite
Test Method:		[unitTests.tests_validations_assertions.assertFileExists_false_expectedToFail]
################################################################################################################################################
[ReportManager] File Action [DoesFileExist] successfully performed. With the following test data [File Path: "src/main/java/com/shaft/gui/element/ElementActions.java"]. @26-10-2021 18:58:03.0223 PM
[ReportManager] Assertion [ValidateFileExists] FAILED. Expected [File 'src/main/java/com/shaft/gui/element/ElementActions.java' should not exist, after up to '1' retries] and Actual [File exists]. Validation Type [NEGATIVE]. @26-10-2021 18:58:03.0232 P

################################################################################################################################################
Starting Execution:	[60 out of 143] test cases in the current suite
Test Method:		[unitTests.tests_validations_assertions.assertFileExists_false_expectedToPass]
################################################################################################################################################
[ReportManager] File Action [DoesFileExist] successfully performed. With the following test data [File Path: "src/main/java/com/shaft/gui/element/ElementActions.java_fail"]. @26-10-2021 18:58:03.0809 PM
[ReportManager] Assertion [ValidateFileExists] PASSED. Expected [File 'src/main/java/com/shaft/gui/element/ElementActions.java_fail' should not exist, after up to '1' retries] and Actual [File does not exist]. Validation Type [NEGATIVE]. @26-10-2021 18:58:03.0809 P

################################################################################################################################################
Starting Execution:	[61 out of 143] test cases in the current suite
Test Method:		[unitTests.tests_validations_assertions.assertFileExists_true_expectedToFail]
################################################################################################################################################
[ReportManager] File Action [DoesFileExist] successfully performed. With the following test data [File Path: "src/main/java/com/shaft/gui/element/ElementActions.java_fail"]. @26-10-2021 18:58:04.0361 PM
[ReportManager] Assertion [ValidateFileExists] FAILED. Expected [File 'src/main/java/com/shaft/gui/element/ElementActions.java_fail' should exist, after up to '1' retries] and Actual [File does not exist]. Validation Type [POSITIVE]. @26-10-2021 18:58:04.0361 P

################################################################################################################################################
Starting Execution:	[62 out of 143] test cases in the current suite
Test Method:		[unitTests.tests_validations_assertions.assertFileExists_true_expectedToPass]
################################################################################################################################################
[ReportManager] File Action [DoesFileExist] successfully performed. With the following test data [File Path: "src/main/java/com/shaft/gui/element/ElementActions.java"]. @26-10-2021 18:58:04.0365 PM
[ReportManager] Assertion [ValidateFileExists] PASSED. Expected [File 'src/main/java/com/shaft/gui/element/ElementActions.java' should exist, after up to '1' retries] and Actual [File exists]. Validation Type [POSITIVE]. @26-10-2021 18:58:04.0365 P

################################################################################################################################################
Starting Execution:	[63 out of 143] test cases in the current suite
Test Method:		[unitTests.tests_validations_assertions.assertNull_false_expectedToFail]
################################################################################################################################################
[ReportManager] Assertion [ValidateNull] FAILED. Expected [NULL] and Actual [NULL]. Comparison Type [EQUALS]. Validation Type [NEGATIVE]. @26-10-2021 18:58:04.0369 P

################################################################################################################################################
Starting Execution:	[64 out of 143] test cases in the current suite
Test Method:		[unitTests.tests_validations_assertions.assertNull_false_expectedToPass]
################################################################################################################################################
[ReportManager] Assertion [ValidateNull] PASSED. Expected [NULL] and Actual [1]. Comparison Type [EQUALS]. Validation Type [NEGATIVE]. @26-10-2021 18:58:04.0373 P

################################################################################################################################################
Starting Execution:	[65 out of 143] test cases in the current suite
Test Method:		[unitTests.tests_validations_assertions.assertNull_true_expectedToFail]
################################################################################################################################################
[ReportManager] Assertion [ValidateNull] FAILED. Expected [NULL] and Actual [1]. Comparison Type [EQUALS]. Validation Type [POSITIVE]. @26-10-2021 18:58:04.0376 P

################################################################################################################################################
Starting Execution:	[66 out of 143] test cases in the current suite
Test Method:		[unitTests.tests_validations_assertions.assertNull_true_expectedToPass]
################################################################################################################################################
[ReportManager] Assertion [ValidateNull] PASSED. Expected [NULL] and Actual [NULL]. Comparison Type [EQUALS]. Validation Type [POSITIVE]. @26-10-2021 18:58:04.0380 P

################################################################################################################################################
Starting Execution:	[67 out of 143] test cases in the current suite
Test Method:		[unitTests.tests_restActions.getPostsAndAssertBodyForSpecificTitle]
################################################################################################################################################
[ReportManager] Response status code: [200], status line: [HTTP/1.1 200 OK] @26-10-2021 18:58:06.0534 PM
[ReportManager] Assertion Passed: Evaluating the actual response status code against the expected one... @26-10-2021 18:58:06.0535 PM
[ReportManager] Assertion [ValidateEquals] PASSED. Expected [200] and Actual [200]. Comparison Type [EQUALS]. Validation Type [POSITIVE]. @26-10-2021 18:58:06.0535 PM
[ReportManager] API Action [PerformRequest] successfully performed. With the following test data [Request Type: "GET" | Target Status Code: "200" | Service URL: "https://jsonplaceholder.typicode.com/posts" | Content Type: "*/*" | Response Time: "601ms"]. @26-10-2021 18:58:07.0479 PM
[ReportManager] Successfully created attachment [API Request - Specifications] @26-10-2021 18:58:07.0480 PM
[ReportManager] Successfully created attachment [API Response - JSON Body] @26-10-2021 18:58:07.0727 PM
[ReportManager] API Action [GetResponseJSONValueAsList] successfully performed. @26-10-2021 18:58:07.0753 PM
[ReportManager] API Action [GetResponseJSONValue] successfully performed. With the following test data [title]. @26-10-2021 18:58:07.0774 PM
[ReportManager] API Action [GetResponseJSONValue] successfully performed. With the following test data [title]. @26-10-2021 18:58:07.0789 PM
[ReportManager] API Action [GetResponseJSONValue] successfully performed. With the following test data [body]. @26-10-2021 18:58:07.0802 PM
[ReportManager] Assertion [ValidateEquals] PASSED. Expected [qui neque nisi nulla] and Actual [est rerum tempore vitae
sequi sint nihil reprehenderit dolor beatae ea dolores neque
fugiat blanditiis voluptate porro vel nihil molestiae ut reiciendis
qui aperiam non debitis possimus qui neque nisi nulla]. Comparison Type [CONTAINS]. Validation Type [POSITIVE]. @26-10-2021 18:58:07.0803 PM
[ReportManager] API Action [GetResponseJSONValue] successfully performed. With the following test data [title]. @26-10-2021 18:58:07.0816 PM
[ReportManager] API Action [GetResponseJSONValue] successfully performed. With the following test data [title]. @26-10-2021 18:58:07.0828 PM
[ReportManager] API Action [GetResponseJSONValue] successfully performed. With the following test data [title]. @26-10-2021 18:58:07.0840 PM
[ReportManager] API Action [GetResponseJSONValue] successfully performed. With the following test data [title]. @26-10-2021 18:58:07.0853 PM
[ReportManager] API Action [GetResponseJSONValue] successfully performed. With the following test data [title]. @26-10-2021 18:58:07.0865 PM
[ReportManager] API Action [GetResponseJSONValue] successfully performed. With the following test data [title]. @26-10-2021 18:58:07.0877 PM
[ReportManager] API Action [GetResponseJSONValue] successfully performed. With the following test data [title]. @26-10-2021 18:58:07.0889 PM
[ReportManager] API Action [GetResponseJSONValue] successfully performed. With the following test data [title]. @26-10-2021 18:58:07.0902 PM
[ReportManager] API Action [GetResponseJSONValue] successfully performed. With the following test data [title]. @26-10-2021 18:58:07.0915 PM
[ReportManager] API Action [GetResponseJSONValue] successfully performed. With the following test data [title]. @26-10-2021 18:58:07.0928 PM
[ReportManager] API Action [GetResponseJSONValue] successfully performed. With the following test data [title]. @26-10-2021 18:58:07.0942 PM
[ReportManager] API Action [GetResponseJSONValue] successfully performed. With the following test data [title]. @26-10-2021 18:58:07.0955 PM
[ReportManager] API Action [GetResponseJSONValue] successfully performed. With the following test data [title]. @26-10-2021 18:58:07.0967 PM
[ReportManager] API Action [GetResponseJSONValue] successfully performed. With the following test data [title]. @26-10-2021 18:58:07.0978 PM
[ReportManager] API Action [GetResponseJSONValue] successfully performed. With the following test data [title]. @26-10-2021 18:58:07.0990 PM
[ReportManager] API Action [GetResponseJSONValue] successfully performed. With the following test data [title]. @26-10-2021 18:58:08.0002 PM
[ReportManager] API Action [GetResponseJSONValue] successfully performed. With the following test data [title]. @26-10-2021 18:58:08.0013 PM
[ReportManager] API Action [GetResponseJSONValue] successfully performed. With the following test data [title]. @26-10-2021 18:58:08.0025 PM
[ReportManager] API Action [GetResponseJSONValue] successfully performed. With the following test data [title]. @26-10-2021 18:58:08.0037 PM
[ReportManager] API Action [GetResponseJSONValue] successfully performed. With the following test data [title]. @26-10-2021 18:58:08.0048 PM
[ReportManager] API Action [GetResponseJSONValue] successfully performed. With the following test data [title]. @26-10-2021 18:58:08.0059 PM
[ReportManager] API Action [GetResponseJSONValue] successfully performed. With the following test data [title]. @26-10-2021 18:58:08.0070 PM
[ReportManager] API Action [GetResponseJSONValue] successfully performed. With the following test data [title]. @26-10-2021 18:58:08.0082 PM
[ReportManager] API Action [GetResponseJSONValue] successfully performed. With the following test data [title]. @26-10-2021 18:58:08.0093 PM
[ReportManager] API Action [GetResponseJSONValue] successfully performed. With the following test data [title]. @26-10-2021 18:58:08.0104 PM
[ReportManager] API Action [GetResponseJSONValue] successfully performed. With the following test data [title]. @26-10-2021 18:58:08.0115 PM
[ReportManager] API Action [GetResponseJSONValue] successfully performed. With the following test data [title]. @26-10-2021 18:58:08.0126 PM
[ReportManager] API Action [GetResponseJSONValue] successfully performed. With the following test data [title]. @26-10-2021 18:58:08.0137 PM
[ReportManager] API Action [GetResponseJSONValue] successfully performed. With the following test data [title]. @26-10-2021 18:58:08.0148 PM
[ReportManager] API Action [GetResponseJSONValue] successfully performed. With the following test data [title]. @26-10-2021 18:58:08.0159 PM
[ReportManager] API Action [GetResponseJSONValue] successfully performed. With the following test data [title]. @26-10-2021 18:58:08.0169 PM
[ReportManager] API Action [GetResponseJSONValue] successfully performed. With the following test data [title]. @26-10-2021 18:58:08.0180 PM
[ReportManager] API Action [GetResponseJSONValue] successfully performed. With the following test data [title]. @26-10-2021 18:58:08.0191 PM
[ReportManager] API Action [GetResponseJSONValue] successfully performed. With the following test data [title]. @26-10-2021 18:58:08.0202 PM
[ReportManager] API Action [GetResponseJSONValue] successfully performed. With the following test data [title]. @26-10-2021 18:58:08.0212 PM
[ReportManager] API Action [GetResponseJSONValue] successfully performed. With the following test data [title]. @26-10-2021 18:58:08.0223 PM
[ReportManager] API Action [GetResponseJSONValue] successfully performed. With the following test data [title]. @26-10-2021 18:58:08.0233 PM
[ReportManager] API Action [GetResponseJSONValue] successfully performed. With the following test data [title]. @26-10-2021 18:58:08.0243 PM
[ReportManager] API Action [GetResponseJSONValue] successfully performed. With the following test data [title]. @26-10-2021 18:58:08.0254 PM
[ReportManager] API Action [GetResponseJSONValue] successfully performed. With the following test data [title]. @26-10-2021 18:58:08.0265 PM
[ReportManager] API Action [GetResponseJSONValue] successfully performed. With the following test data [title]. @26-10-2021 18:58:08.0275 PM
[ReportManager] API Action [GetResponseJSONValue] successfully performed. With the following test data [title]. @26-10-2021 18:58:08.0285 PM
[ReportManager] API Action [GetResponseJSONValue] successfully performed. With the following test data [title]. @26-10-2021 18:58:08.0296 PM
[ReportManager] API Action [GetResponseJSONValue] successfully performed. With the following test data [title]. @26-10-2021 18:58:08.0308 PM
[ReportManager] API Action [GetResponseJSONValue] successfully performed. With the following test data [title]. @26-10-2021 18:58:08.0319 PM
[ReportManager] API Action [GetResponseJSONValue] successfully performed. With the following test data [title]. @26-10-2021 18:58:08.0329 PM
[ReportManager] API Action [GetResponseJSONValue] successfully performed. With the following test data [title]. @26-10-2021 18:58:08.0340 PM
[ReportManager] API Action [GetResponseJSONValue] successfully performed. With the following test data [title]. @26-10-2021 18:58:08.0351 PM
[ReportManager] API Action [GetResponseJSONValue] successfully performed. With the following test data [title]. @26-10-2021 18:58:08.0361 PM
[ReportManager] API Action [GetResponseJSONValue] successfully performed. With the following test data [title]. @26-10-2021 18:58:08.0372 PM
[ReportManager] API Action [GetResponseJSONValue] successfully performed. With the following test data [title]. @26-10-2021 18:58:08.0383 PM
[ReportManager] API Action [GetResponseJSONValue] successfully performed. With the following test data [title]. @26-10-2021 18:58:08.0394 PM
[ReportManager] API Action [GetResponseJSONValue] successfully performed. With the following test data [title]. @26-10-2021 18:58:08.0404 PM
[ReportManager] API Action [GetResponseJSONValue] successfully performed. With the following test data [title]. @26-10-2021 18:58:08.0415 PM
[ReportManager] API Action [GetResponseJSONValue] successfully performed. With the following test data [title]. @26-10-2021 18:58:08.0426 PM
[ReportManager] API Action [GetResponseJSONValue] successfully performed. With the following test data [title]. @26-10-2021 18:58:08.0436 PM
[ReportManager] API Action [GetResponseJSONValue] successfully performed. With the following test data [title]. @26-10-2021 18:58:08.0446 PM
[ReportManager] API Action [GetResponseJSONValue] successfully performed. With the following test data [title]. @26-10-2021 18:58:08.0474 PM
[ReportManager] API Action [GetResponseJSONValue] successfully performed. With the following test data [title]. @26-10-2021 18:58:08.0486 PM
[ReportManager] API Action [GetResponseJSONValue] successfully performed. With the following test data [title]. @26-10-2021 18:58:08.0514 PM
[ReportManager] API Action [GetResponseJSONValue] successfully performed. With the following test data [title]. @26-10-2021 18:58:08.0525 PM
[ReportManager] API Action [GetResponseJSONValue] successfully performed. With the following test data [title]. @26-10-2021 18:58:08.0536 PM
[ReportManager] API Action [GetResponseJSONValue] successfully performed. With the following test data [title]. @26-10-2021 18:58:08.0546 PM
[ReportManager] API Action [GetResponseJSONValue] successfully performed. With the following test data [title]. @26-10-2021 18:58:08.0556 PM
[ReportManager] API Action [GetResponseJSONValue] successfully performed. With the following test data [title]. @26-10-2021 18:58:08.0566 PM
[ReportManager] API Action [GetResponseJSONValue] successfully performed. With the following test data [title]. @26-10-2021 18:58:08.0576 PM
[ReportManager] API Action [GetResponseJSONValue] successfully performed. With the following test data [title]. @26-10-2021 18:58:08.0586 PM
[ReportManager] API Action [GetResponseJSONValue] successfully performed. With the following test data [title]. @26-10-2021 18:58:08.0596 PM
[ReportManager] API Action [GetResponseJSONValue] successfully performed. With the following test data [title]. @26-10-2021 18:58:08.0607 PM
[ReportManager] API Action [GetResponseJSONValue] successfully performed. With the following test data [title]. @26-10-2021 18:58:08.0617 PM
[ReportManager] API Action [GetResponseJSONValue] successfully performed. With the following test data [title]. @26-10-2021 18:58:08.0627 PM
[ReportManager] API Action [GetResponseJSONValue] successfully performed. With the following test data [title]. @26-10-2021 18:58:08.0637 PM
[ReportManager] API Action [GetResponseJSONValue] successfully performed. With the following test data [title]. @26-10-2021 18:58:08.0647 PM
[ReportManager] API Action [GetResponseJSONValue] successfully performed. With the following test data [title]. @26-10-2021 18:58:08.0657 PM
[ReportManager] API Action [GetResponseJSONValue] successfully performed. With the following test data [title]. @26-10-2021 18:58:08.0667 PM
[ReportManager] API Action [GetResponseJSONValue] successfully performed. With the following test data [title]. @26-10-2021 18:58:08.0678 PM
[ReportManager] API Action [GetResponseJSONValue] successfully performed. With the following test data [title]. @26-10-2021 18:58:08.0688 PM
[ReportManager] API Action [GetResponseJSONValue] successfully performed. With the following test data [title]. @26-10-2021 18:58:08.0698 PM
[ReportManager] API Action [GetResponseJSONValue] successfully performed. With the following test data [title]. @26-10-2021 18:58:08.0708 PM
[ReportManager] API Action [GetResponseJSONValue] successfully performed. With the following test data [title]. @26-10-2021 18:58:08.0719 PM
[ReportManager] API Action [GetResponseJSONValue] successfully performed. With the following test data [title]. @26-10-2021 18:58:08.0729 PM
[ReportManager] API Action [GetResponseJSONValue] successfully performed. With the following test data [title]. @26-10-2021 18:58:08.0739 PM
[ReportManager] API Action [GetResponseJSONValue] successfully performed. With the following test data [title]. @26-10-2021 18:58:08.0749 PM
[ReportManager] API Action [GetResponseJSONValue] successfully performed. With the following test data [title]. @26-10-2021 18:58:08.0759 PM
[ReportManager] API Action [GetResponseJSONValue] successfully performed. With the following test data [title]. @26-10-2021 18:58:08.0769 PM
[ReportManager] API Action [GetResponseJSONValue] successfully performed. With the following test data [title]. @26-10-2021 18:58:08.0779 PM
[ReportManager] API Action [GetResponseJSONValue] successfully performed. With the following test data [title]. @26-10-2021 18:58:08.0788 PM
[ReportManager] API Action [GetResponseJSONValue] successfully performed. With the following test data [title]. @26-10-2021 18:58:08.0799 PM
[ReportManager] API Action [GetResponseJSONValue] successfully performed. With the following test data [title]. @26-10-2021 18:58:08.0809 PM
[ReportManager] API Action [GetResponseJSONValue] successfully performed. With the following test data [title]. @26-10-2021 18:58:08.0819 PM
[ReportManager] API Action [GetResponseJSONValue] successfully performed. With the following test data [title]. @26-10-2021 18:58:08.0829 PM
[ReportManager] API Action [GetResponseJSONValue] successfully performed. With the following test data [title]. @26-10-2021 18:58:08.0840 PM
[ReportManager] API Action [GetResponseJSONValue] successfully performed. With the following test data [title]. @26-10-2021 18:58:08.0850 PM
[ReportManager] API Action [GetResponseJSONValue] successfully performed. With the following test data [title]. @26-10-2021 18:58:08.0860 PM
[ReportManager] API Action [GetResponseJSONValue] successfully performed. With the following test data [title]. @26-10-2021 18:58:08.0870 PM
[ReportManager] API Action [GetResponseJSONValue] successfully performed. With the following test data [title]. @26-10-2021 18:58:08.0880 PM
[ReportManager] API Action [GetResponseJSONValue] successfully performed. With the following test data [title]. @26-10-2021 18:58:08.0890 PM
[ReportManager] API Action [GetResponseJSONValue] successfully performed. With the following test data [title]. @26-10-2021 18:58:08.0900 P

################################################################################################################################################
Starting Execution:	[68 out of 143] test cases in the current suite
Test Method:		[unitTests.tests_restActions.validateUserEmail]
################################################################################################################################################
[ReportManager] Response status code: [200], status line: [HTTP/1.1 200 OK] @26-10-2021 18:58:08.0951 PM
[ReportManager] Assertion Passed: Evaluating the actual response status code against the expected one... @26-10-2021 18:58:08.0951 PM
[ReportManager] Assertion [ValidateEquals] PASSED. Expected [200] and Actual [200]. Comparison Type [EQUALS]. Validation Type [POSITIVE]. @26-10-2021 18:58:08.0951 PM
[ReportManager] API Action [PerformRequest] successfully performed. With the following test data [Request Type: "GET" | Target Status Code: "200" | Service URL: "https://jsonplaceholder.typicode.com/users" | Content Type: "*/*" | Response Time: "41ms"]. @26-10-2021 18:58:08.0972 PM
[ReportManager] Successfully created attachment [API Request - Specifications] @26-10-2021 18:58:08.0972 PM
[ReportManager] Successfully created attachment [API Response - JSON Body] @26-10-2021 18:58:08.0973 PM
[ReportManager] Assertion [ValidateEquals] PASSED. Expected and Actual values are attached. Comparison Type [CONTAINS]. Validation Type [POSITIVE]. @26-10-2021 18:58:08.0973 PM
[ReportManager] Successfully created attachment [Validation Test Data - Expected Value] @26-10-2021 18:58:08.0973 PM
[ReportManager] Successfully created attachment [Validation Test Data - Actual Value] @26-10-2021 18:58:08.0974 PM
[ReportManager] API Action [GetResponseJSONValueAsList] successfully performed. With the following test data [$]. @26-10-2021 18:58:08.0983 PM
[ReportManager] API Action [GetResponseJSONValue] successfully performed. With the following test data [name]. @26-10-2021 18:58:08.0997 PM
[ReportManager] API Action [GetResponseJSONValue] successfully performed. With the following test data [email]. @26-10-2021 18:58:09.0011 PM
[ReportManager] Assertion [ValidateEquals] PASSED. Expected [Sincere@april.biz] and Actual [Sincere@april.biz]. Comparison Type [EQUALS]. Validation Type [POSITIVE]. @26-10-2021 18:58:09.0012 PM
[ReportManager] API Action [GetResponseJSONValue] successfully performed. With the following test data [name]. @26-10-2021 18:58:09.0026 PM
[ReportManager] API Action [GetResponseJSONValue] successfully performed. With the following test data [name]. @26-10-2021 18:58:09.0050 PM
[ReportManager] API Action [GetResponseJSONValue] successfully performed. With the following test data [name]. @26-10-2021 18:58:09.0071 PM
[ReportManager] API Action [GetResponseJSONValue] successfully performed. With the following test data [name]. @26-10-2021 18:58:09.0087 PM
[ReportManager] API Action [GetResponseJSONValue] successfully performed. With the following test data [name]. @26-10-2021 18:58:09.0100 PM
[ReportManager] API Action [GetResponseJSONValue] successfully performed. With the following test data [name]. @26-10-2021 18:58:09.0113 PM
[ReportManager] API Action [GetResponseJSONValue] successfully performed. With the following test data [name]. @26-10-2021 18:58:09.0124 PM
[ReportManager] API Action [GetResponseJSONValue] successfully performed. With the following test data [name]. @26-10-2021 18:58:09.0139 PM
[ReportManager] API Action [GetResponseJSONValue] successfully performed. With the following test data [name]. @26-10-2021 18:58:09.0154 P
[ReportManager] File Action [GetAbsolutePath] successfully performed. With the following test data [Relative Folder Path: "target/downloadedFiles/"]. @26-10-2021 18:58:09.0157 PM
[ReportManager] Attempting to run locally on: [Mac-64], [Safari], Headless Execution. @26-10-2021 18:58:09.0157 P

################################################################################################################################################
Starting Execution:	[69 out of 143] test cases in the current suite
Test Method:		[testPackage01.Test_uploadFile.uploadFile_invisibleUploadInput]
###############################################################################################################################################



################################################################################################################################################
Starting Execution:	[70 out of 143] test cases in the current suite
Test Method:		[testPackage01.Test_uploadFile.uploadFile_visibleUploadInput]
###############################################################################################################################################


################################################################################################################################################
Starting Execution:	[71 out of 143] test cases in the current suite
Test Method:		[testPackage01.Test_AssertApiResponseEquals.assertApiResponseEquals_expectedToPass]
################################################################################################################################################
[ReportManager] Response status code: [200], status line: [HTTP/1.1 200 OK] @26-10-2021 18:58:09.0361 PM
[ReportManager] Assertion Passed: Evaluating the actual response status code against the expected one... @26-10-2021 18:58:09.0362 PM
[ReportManager] Assertion [ValidateEquals] PASSED. Expected [200] and Actual [200]. Comparison Type [EQUALS]. Validation Type [POSITIVE]. @26-10-2021 18:58:09.0362 PM
[ReportManager] API Action [PerformRequest] successfully performed. With the following test data [Request Type: "GET" | Target Status Code: "200" | Service URL: "https://jsonplaceholder.typicode.com/users" | Content Type: "*/*" | Response Time: "85ms"]. @26-10-2021 18:58:09.0397 PM
[ReportManager] Successfully created attachment [API Request - Specifications] @26-10-2021 18:58:09.0398 PM
[ReportManager] Successfully created attachment [API Response - JSON Body] @26-10-2021 18:58:09.0399 PM
[ReportManager] API Action [GetResponseJSONValueAsList] successfully performed. With the following test data [$]. @26-10-2021 18:58:09.0445 PM
[ReportManager] API Action [GetResponseJSONValue] successfully performed. With the following test data [name]. @26-10-2021 18:58:09.0473 PM
[ReportManager] API Action [GetResponseJSONValue] successfully performed. With the following test data [email]. @26-10-2021 18:58:09.0490 PM
[ReportManager] Verification [ValidateEquals] PASSED. Expected [Sincere@april.biz] and Actual [Sincere@april.biz]. Comparison Type [EQUALS]. Validation Type [POSITIVE]. @26-10-2021 18:58:09.0490 PM
[ReportManager] API Action [GetResponseJSONValue] successfully performed. With the following test data [username]. @26-10-2021 18:58:09.0504 PM
[ReportManager] Assertion [ValidateEquals] PASSED. Expected [Bret] and Actual [Bret]. Comparison Type [EQUALS]. Validation Type [POSITIVE]. @26-10-2021 18:58:09.0505 PM
[ReportManager] API Action [GetResponseJSONValue] successfully performed. With the following test data [name]. @26-10-2021 18:58:09.0520 PM
[ReportManager] API Action [GetResponseJSONValue] successfully performed. With the following test data [name]. @26-10-2021 18:58:09.0536 PM
[ReportManager] API Action [GetResponseJSONValue] successfully performed. With the following test data [name]. @26-10-2021 18:58:09.0558 PM
[ReportManager] API Action [GetResponseJSONValue] successfully performed. With the following test data [name]. @26-10-2021 18:58:09.0573 PM
[ReportManager] API Action [GetResponseJSONValue] successfully performed. With the following test data [name]. @26-10-2021 18:58:09.0592 PM
[ReportManager] API Action [GetResponseJSONValue] successfully performed. With the following test data [name]. @26-10-2021 18:58:09.0606 PM
[ReportManager] API Action [GetResponseJSONValue] successfully performed. With the following test data [name]. @26-10-2021 18:58:09.0619 PM
[ReportManager] API Action [GetResponseJSONValue] successfully performed. With the following test data [name]. @26-10-2021 18:58:09.0633 PM
[ReportManager] API Action [GetResponseJSONValue] successfully performed. With the following test data [name]. @26-10-2021 18:58:09.0647 P

################################################################################################################################################
Starting Execution:	[72 out of 143] test cases in the current suite
Test Method:		[testPackage01.Test_testData.f]
################################################################################################################################################
[ReportManager] Successfully loaded the following test data file [src/test/resources/TestDataFiles/testSuite01/TestData.xlsx]. @26-10-2021 18:58:09.0688 PM
[ReportManager] Successfully created attachment [Test Data - Excel] @26-10-2021 18:58:09.0689 PM
[ReportManager] Last Column Number is: [3]. Zero-based. @26-10-2021 18:58:09.0689 P

################################################################################################################################################
Starting Execution:	[73 out of 143] test cases in the current suite
Test Method:		[testPackage01.Test_PDF.testPDF_Downloaded]
################################################################################################################################################
[ReportManager] File Action [DoesFileExist] successfully performed. With the following test data [File Path: "src/test/resources/TestDataFiles/sample.pdf"]. @26-10-2021 18:58:09.0697 PM
[ReportManager] File Action [GetAbsolutePath] successfully performed. With the following test data [Relative File Path: "src/test/resources/TestDataFiles/sample.pdf"]. @26-10-2021 18:58:09.0697 PM
[ReportManager] Assertion [ValidateTrue] PASSED. Expected [TRUE] and Actual [TRUE]. Validation Type [POSITIVE]. @26-10-2021 18:58:12.0767 P
[ReportManager] File Action [GetAbsolutePath] successfully performed. With the following test data [Relative Folder Path: "target/downloadedFiles/"]. @26-10-2021 18:58:12.0770 PM
[ReportManager] Attempting to run locally on: [Mac-64], [Safari], Headless Execution. @26-10-2021 18:58:12.0770 PM
[ReportManager] Successfully Opened Safari. @26-10-2021 18:58:13.0564 PM
[ReportManager] Initial window size: (800, 600) @26-10-2021 18:58:13.0569 PM
[ReportManager] Window size after SWD Maximize: (1176, 811) @26-10-2021 18:58:13.0588 PM
[ReportManager] Browser Action [MaximizeWindow] successfully performed. With the following test data [New screen size is now: (1176, 811)]. @26-10-2021 18:58:13.0589 P

################################################################################################################################################
Starting Execution:	[74 out of 143] test cases in the current suite
Test Method:		[testPackage01.Test_ShadowDOM.shadowdom]
################################################################################################################################################
[ReportManager] Target URL: [https://mdn.github.io/web-components-examples/popup-info-box-web-component/] @26-10-2021 18:58:13.0591 PM
[ReportManager] Initial URL: [] @26-10-2021 18:58:13.0637 PM
[ReportManager] Browser Action [NavigateToURL] successfully performed. With the following test data [https://mdn.github.io/web-components-examples/popup-info-box-web-component/]. @26-10-2021 18:58:14.0123 PM
[ReportManager] Element Action [Type] successfully performed. With the following test data [Typing into SHADOW DOM...]. @26-10-2021 18:58:15.0116 PM
[ReportManager] Element Action [GetText] successfully performed. With the following test data [Typing into SHADOW DOM...]. @26-10-2021 18:58:15.0207 PM
[ReportManager] Loaded Shared OpenCV @26-10-2021 18:58:15.0260 PM
[ReportManager] Assertion [ValidateElementAttribute] PASSED. Expected [Value Should be 'Typing into SHADOW DOM...' for the 'Text' attribute, element locator 'By.id: cvc'] and Actual [Typing into SHADOW DOM...]. Comparison Type [EQUALS]. Validation Type [POSITIVE]. @26-10-2021 18:58:15.0455 PM
[ReportManager] Successfully created attachment [Screenshot - 1635274695260_shadowdom_ValidateElementAttribute_passed] @26-10-2021 18:58:15.0456 P
[ReportManager] Browser Action [CloseCurrentWindow] successfully performed. @26-10-2021 18:58:15.0560 PM
[ReportManager] Successfully created attachment [Browser Action Test Data - CloseCurrentWindow - Actual Value] @26-10-2021 18:58:15.0560 P
[ReportManager] File Action [GetAbsolutePath] successfully performed. With the following test data [Relative Folder Path: "target/downloadedFiles/"]. @26-10-2021 18:58:15.0562 PM
[ReportManager] Attempting to run locally on: [Mac-64], [Safari], Headless Execution. @26-10-2021 18:58:15.0562 PM
[ReportManager] Successfully Opened Safari. @26-10-2021 18:58:16.0335 PM
[ReportManager] Initial window size: (800, 600) @26-10-2021 18:58:16.0352 PM
[ReportManager] Window size after SWD Maximize: (1176, 811) @26-10-2021 18:58:16.0368 PM
[ReportManager] Browser Action [MaximizeWindow] successfully performed. With the following test data [New screen size is now: (1176, 811)]. @26-10-2021 18:58:16.0368 P

################################################################################################################################################
Starting Execution:	[75 out of 143] test cases in the current suite
Test Method:		[testPackage01.Test_clipboardActions.typeTextAndCopyPaste]
################################################################################################################################################
[ReportManager] Target URL: [https://www.google.com/ncr], and after redirection: [https://www.google.com] @26-10-2021 18:58:16.0382 PM
[ReportManager] Initial URL: [] @26-10-2021 18:58:16.0419 PM
[ReportManager] Browser Action [NavigateToURL] successfully performed. With the following test data [https://www.google.com/ncr]. @26-10-2021 18:58:17.0665 PM
[ReportManager] Element Action [Type] successfully performed. With the following test data [FIRST]. @26-10-2021 18:58:17.0981 P
[ReportManager] Browser Action [CloseCurrentWindow] successfully performed. @26-10-2021 18:58:18.0213 PM
[ReportManager] Successfully created attachment [Browser Action Test Data - CloseCurrentWindow - Actual Value] @26-10-2021 18:58:18.0213 P

################################################################################################################################################
Starting Execution:	[76 out of 143] test cases in the current suite
Test Method:		[testPackage01.Test_NewValidationHelper.f1]
################################################################################################################################################
[ReportManager] Assertion Passed: Checking valid user data @26-10-2021 18:58:18.0216 PM
[ReportManager] Successfully created attachment [Validation Test Data - Expected Value] @26-10-2021 18:58:18.0216 PM
[ReportManager] Successfully created attachment [Validation Test Data - Actual Value] @26-10-2021 18:58:18.0217 PM
[ReportManager] Assertion [ValidateEquals] PASSED. Expected and Actual values are attached. Comparison Type [EQUALS]. Validation Type [POSITIVE]. @26-10-2021 18:58:18.0217 P
[ReportManager] File Action [GetAbsolutePath] successfully performed. With the following test data [Relative Folder Path: "target/downloadedFiles/"]. @26-10-2021 18:58:18.0219 PM
[ReportManager] Attempting to run locally on: [Mac-64], [Safari], Headless Execution. @26-10-2021 18:58:18.0219 PM
[ReportManager] Successfully Opened Safari. @26-10-2021 18:58:19.0016 PM
[ReportManager] Initial window size: (800, 600) @26-10-2021 18:58:19.0036 PM
[ReportManager] Window size after SWD Maximize: (1176, 811) @26-10-2021 18:58:19.0047 PM
[ReportManager] Browser Action [MaximizeWindow] successfully performed. With the following test data [New screen size is now: (1176, 811)]. @26-10-2021 18:58:19.0047 PM
[ReportManager] Target URL: [https://the-internet.herokuapp.com/] @26-10-2021 18:58:19.0047 PM
[ReportManager] Initial URL: [] @26-10-2021 18:58:19.0105 PM
[ReportManager] Browser Action [NavigateToURL] successfully performed. With the following test data [https://the-internet.herokuapp.com/]. @26-10-2021 18:58:20.0368 P

################################################################################################################################################
Starting Execution:	[77 out of 143] test cases in the current suite
Test Method:		[testPackage01.Test_NewValidationHelper.f10]
################################################################################################################################################
[ReportManager] Assertion [ValidateElementExists] FAILED. Expected [Element Should Exist, locator 'By.tagName: div'] and Actual [Element Exists but is not unique]. Comparison Type [EQUALS]. Validation Type [POSITIVE]. @26-10-2021 18:58:20.0537 PM
[ReportManager] Successfully created attachment [Screenshot - 1635274700452_f10_ValidateElementExists_failed] @26-10-2021 18:58:20.0538 P



################################################################################################################################################
Starting Execution:	[78 out of 143] test cases in the current suite
Test Method:		[testPackage01.Test_NewValidationHelper.f11]
###############################################################################################################################################



################################################################################################################################################
Starting Execution:	[79 out of 143] test cases in the current suite
Test Method:		[testPackage01.Test_NewValidationHelper.f12]
###############################################################################################################################################



################################################################################################################################################
Starting Execution:	[80 out of 143] test cases in the current suite
Test Method:		[testPackage01.Test_NewValidationHelper.f13]
###############################################################################################################################################



################################################################################################################################################
Starting Execution:	[81 out of 143] test cases in the current suite
Test Method:		[testPackage01.Test_NewValidationHelper.f14]
###############################################################################################################################################



################################################################################################################################################
Starting Execution:	[82 out of 143] test cases in the current suite
Test Method:		[testPackage01.Test_NewValidationHelper.f15]
###############################################################################################################################################



################################################################################################################################################
Starting Execution:	[83 out of 143] test cases in the current suite
Test Method:		[testPackage01.Test_NewValidationHelper.f16]
###############################################################################################################################################



################################################################################################################################################
Starting Execution:	[84 out of 143] test cases in the current suite
Test Method:		[testPackage01.Test_NewValidationHelper.f17]
###############################################################################################################################################



################################################################################################################################################
Starting Execution:	[85 out of 143] test cases in the current suite
Test Method:		[testPackage01.Test_NewValidationHelper.f18]
###############################################################################################################################################


################################################################################################################################################
Starting Execution:	[86 out of 143] test cases in the current suite
Test Method:		[testPackage01.Test_NewValidationHelper.f2]
###############################################################################################################################################


################################################################################################################################################
Starting Execution:	[87 out of 143] test cases in the current suite
Test Method:		[testPackage01.Test_NewValidationHelper.f20]
###############################################################################################################################################



################################################################################################################################################
Starting Execution:	[88 out of 143] test cases in the current suite
Test Method:		[testPackage01.Test_NewValidationHelper.f21]
###############################################################################################################################################



################################################################################################################################################
Starting Execution:	[89 out of 143] test cases in the current suite
Test Method:		[testPackage01.Test_NewValidationHelper.f22]
###############################################################################################################################################


################################################################################################################################################
Starting Execution:	[90 out of 143] test cases in the current suite
Test Method:		[testPackage01.Test_NewValidationHelper.f23]
###############################################################################################################################################

################################################################################################################################################
Starting Execution:	[91 out of 143] test cases in the current suite
Test Method:		[testPackage01.Test_NewValidationHelper.f24]
###############################################################################################################################################

################################################################################################################################################
Starting Execution:	[92 out of 143] test cases in the current suite
Test Method:		[testPackage01.Test_NewValidationHelper.f25]
###############################################################################################################################################

################################################################################################################################################
Starting Execution:	[93 out of 143] test cases in the current suite
Test Method:		[testPackage01.Test_NewValidationHelper.f26]
###############################################################################################################################################

################################################################################################################################################
Starting Execution:	[94 out of 143] test cases in the current suite
Test Method:		[testPackage01.Test_NewValidationHelper.f27]
###############################################################################################################################################

################################################################################################################################################
Starting Execution:	[95 out of 143] test cases in the current suite
Test Method:		[testPackage01.Test_NewValidationHelper.f28]
###############################################################################################################################################

################################################################################################################################################
Starting Execution:	[96 out of 143] test cases in the current suite
Test Method:		[testPackage01.Test_NewValidationHelper.f29]
###############################################################################################################################################

################################################################################################################################################
Starting Execution:	[97 out of 143] test cases in the current suite
Test Method:		[testPackage01.Test_NewValidationHelper.f3]
###############################################################################################################################################

################################################################################################################################################
Starting Execution:	[98 out of 143] test cases in the current suite
Test Method:		[testPackage01.Test_NewValidationHelper.f30]
###############################################################################################################################################

################################################################################################################################################
Starting Execution:	[99 out of 143] test cases in the current suite
Test Method:		[testPackage01.Test_NewValidationHelper.f31]
###############################################################################################################################################

################################################################################################################################################
Starting Execution:	[100 out of 143] test cases in the current suite
Test Method:		[testPackage01.Test_NewValidationHelper.f32]
###############################################################################################################################################

################################################################################################################################################
Starting Execution:	[101 out of 143] test cases in the current suite
Test Method:		[testPackage01.Test_NewValidationHelper.f33]
###############################################################################################################################################

################################################################################################################################################
Starting Execution:	[102 out of 143] test cases in the current suite
Test Method:		[testPackage01.Test_NewValidationHelper.f34]
###############################################################################################################################################

################################################################################################################################################
Starting Execution:	[103 out of 143] test cases in the current suite
Test Method:		[testPackage01.Test_NewValidationHelper.f35]
###############################################################################################################################################

################################################################################################################################################
Starting Execution:	[104 out of 143] test cases in the current suite
Test Method:		[testPackage01.Test_NewValidationHelper.f36]
###############################################################################################################################################

################################################################################################################################################
Starting Execution:	[105 out of 143] test cases in the current suite
Test Method:		[testPackage01.Test_NewValidationHelper.f37]
###############################################################################################################################################

################################################################################################################################################
Starting Execution:	[106 out of 143] test cases in the current suite
Test Method:		[testPackage01.Test_NewValidationHelper.f3_1]
###############################################################################################################################################

################################################################################################################################################
Starting Execution:	[107 out of 143] test cases in the current suite
Test Method:		[testPackage01.Test_NewValidationHelper.f4]
###############################################################################################################################################

################################################################################################################################################
Starting Execution:	[108 out of 143] test cases in the current suite
Test Method:		[testPackage01.Test_NewValidationHelper.f5]
###############################################################################################################################################

################################################################################################################################################
Starting Execution:	[109 out of 143] test cases in the current suite
Test Method:		[testPackage01.Test_NewValidationHelper.f6]
###############################################################################################################################################

################################################################################################################################################
Starting Execution:	[110 out of 143] test cases in the current suite
Test Method:		[testPackage01.Test_NewValidationHelper.f6_1]
###############################################################################################################################################

################################################################################################################################################
Starting Execution:	[111 out of 143] test cases in the current suite
Test Method:		[testPackage01.Test_NewValidationHelper.f6_2]
###############################################################################################################################################

################################################################################################################################################
Starting Execution:	[112 out of 143] test cases in the current suite
Test Method:		[testPackage01.Test_NewValidationHelper.f7]
###############################################################################################################################################


################################################################################################################################################
Starting Execution:	[113 out of 143] test cases in the current suite
Test Method:		[testPackage01.Test_NewValidationHelper.f8]
###############################################################################################################################################



################################################################################################################################################
Starting Execution:	[114 out of 143] test cases in the current suite
Test Method:		[testPackage01.Test_NewValidationHelper.f9]
###############################################################################################################################################


################################################################################################################################################
Starting Execution:	[115 out of 143] test cases in the current suite
Test Method:		[testPackage01.Test_NewValidationHelper.forceFail]
###############################################################################################################################################

################################################################################################################################################
Starting Execution:	[116 out of 143] test cases in the current suite
Test Method:		[testPackage01.Test_NewValidationHelper.forceFail2]
###############################################################################################################################################

################################################################################################################################################
Starting Execution:	[117 out of 143] test cases in the current suite
Test Method:		[testPackage01.Test_JsonActions.f]
###############################################################################################################################################

################################################################################################################################################
Starting Execution:	[118 out of 143] test cases in the current suite
Test Method:		[testPackage01.Test_JsonActions.f2]
###############################################################################################################################################

################################################################################################################################################
Starting Execution:	[119 out of 143] test cases in the current suite
Test Method:		[testPackage01.Test_sendGraphqlRequest.sendGraphqlRequestUsingMutationAndVariables]
################################################################################################################################################
[ReportManager] GraphQl Request is being Performed with the Following Parameters [Service URL: https://api.spacex.land/graphql | Request Body: {"variables":"{\"name\": \"sherlock holmes\",\"rocket\": \"221B Baker Street\"}","query":"mutation ($name: String, $rocket: String) {\n  insert_users(objects: {name: $name, rocket: $rocket}) {\n    returning {\n      name\n      rocket\n    }\n  }\n}"}] @26-10-2021 18:58:20.0928 PM
[ReportManager] Response status code: [200], status line: [HTTP/1.1 200 OK] @26-10-2021 18:58:22.0449 PM
[ReportManager] Assertion Passed: Evaluating the actual response status code against the expected one... @26-10-2021 18:58:22.0450 PM
[ReportManager] Assertion [ValidateEquals] PASSED. Expected [200] and Actual [200]. Comparison Type [EQUALS]. Validation Type [POSITIVE]. @26-10-2021 18:58:22.0450 PM
[ReportManager] API Action [PerformRequest] successfully performed. With the following test data [Request Type: "POST" | Target Status Code: "200" | Service URL: "https://api.spacex.land/graphql" | Content Type: "application/json" | Response Time: "1430ms"]. @26-10-2021 18:58:22.0481 PM
[ReportManager] Successfully created attachment [API Request - Specifications] @26-10-2021 18:58:22.0482 PM
[ReportManager] Successfully created attachment [API Request - JSON Body] @26-10-2021 18:58:22.0482 PM
[ReportManager] Successfully created attachment [API Response - JSON Body] @26-10-2021 18:58:22.0483 PM
[ReportManager] API Action [GetResponseJSONValue] successfully performed. With the following test data [data.insert_users.returning[0].name]. @26-10-2021 18:58:22.0557 PM
[ReportManager] Assertion [ValidateEquals] PASSED. Expected [sherlock holmes] and Actual [sherlock holmes]. Comparison Type [EQUALS]. Validation Type [POSITIVE]. @26-10-2021 18:58:22.0557 P

################################################################################################################################################
Starting Execution:	[120 out of 143] test cases in the current suite
Test Method:		[testPackage01.Test_sendGraphqlRequest.sendGraphqlRequestUsingQuery]
################################################################################################################################################
[ReportManager] GraphQl Request is being Performed with the Following Parameters [Service URL: https://api.spacex.land/graphql | Request Body: {"query":"{company {ceo}}"}] @26-10-2021 18:58:22.0562 PM
[ReportManager] Response status code: [200], status line: [HTTP/1.1 200 OK] @26-10-2021 18:58:22.0837 PM
[ReportManager] Assertion Passed: Evaluating the actual response status code against the expected one... @26-10-2021 18:58:22.0838 PM
[ReportManager] Assertion [ValidateEquals] PASSED. Expected [200] and Actual [200]. Comparison Type [EQUALS]. Validation Type [POSITIVE]. @26-10-2021 18:58:22.0838 PM
[ReportManager] API Action [PerformRequest] successfully performed. With the following test data [Request Type: "POST" | Target Status Code: "200" | Service URL: "https://api.spacex.land/graphql" | Content Type: "application/json" | Response Time: "269ms"]. @26-10-2021 18:58:22.0857 PM
[ReportManager] Successfully created attachment [API Request - Specifications] @26-10-2021 18:58:22.0858 PM
[ReportManager] Successfully created attachment [API Request - JSON Body] @26-10-2021 18:58:22.0858 PM
[ReportManager] Successfully created attachment [API Response - JSON Body] @26-10-2021 18:58:22.0859 PM
[ReportManager] API Action [GetResponseJSONValue] successfully performed. With the following test data [data.company.ceo]. @26-10-2021 18:58:22.0870 PM
[ReportManager] Assertion [ValidateEquals] PASSED. Expected [Elon Musk] and Actual [Elon Musk]. Comparison Type [EQUALS]. Validation Type [POSITIVE]. @26-10-2021 18:58:22.0870 P
[ReportManager] File Action [GetAbsolutePath] successfully performed. With the following test data [Relative Folder Path: "target/downloadedFiles/"]. @26-10-2021 18:58:22.0874 PM
[ReportManager] Attempting to run locally on: [Mac-64], [Safari], Headless Execution. @26-10-2021 18:58:22.0874 P

################################################################################################################################################
Starting Execution:	[121 out of 143] test cases in the current suite
Test Method:		[testPackage01.Test_dragAndDrop.dragAndDropJquery]
###############################################################################################################################################



################################################################################################################################################
Starting Execution:	[122 out of 143] test cases in the current suite
Test Method:		[testPackage01.Test_dragAndDrop.dragAndDrop]
Test Description:	[TC001 - Test Drag and Drop function.]
###############################################################################################################################################



################################################################################################################################################
Starting Execution:	[123 out of 143] test cases in the current suite
Test Method:		[testPackage01.Test_dragAndDrop.dragAndDropByOffset]
Test Description:	[TC002 - Test Drag and Drop by offset function.]
###############################################################################################################################################

[ReportManager] Successfully loaded the following test data file [src/test/resources/TestDataFiles/testSuite01/TestData.xlsx]. @26-10-2021 18:58:22.0971 PM
[ReportManager] Successfully created attachment [Test Data - Excel] @26-10-2021 18:58:22.0972 PM
[ReportManager] File Action [GetAbsolutePath] successfully performed. With the following test data [Relative Folder Path: "target/downloadedFiles/"]. @26-10-2021 18:58:22.0972 PM
[ReportManager] Attempting to run locally on: [Mac-64], [Safari], Headless Execution. @26-10-2021 18:58:22.0972 PM
[ReportManager] Successfully Opened Safari. @26-10-2021 18:58:23.0761 PM
[ReportManager] Initial window size: (800, 600) @26-10-2021 18:58:23.0776 PM
[ReportManager] Window size after SWD Maximize: (1176, 811) @26-10-2021 18:58:23.0788 PM
[ReportManager] Browser Action [MaximizeWindow] successfully performed. With the following test data [New screen size is now: (1176, 811)]. @26-10-2021 18:58:23.0788 P

################################################################################################################################################
Starting Execution:	[124 out of 143] test cases in the current suite
Test Method:		[testPackage01.Test_google.navigateToURLandVerifyGoogleLogoIsDisplayed]
Test Description:	[TC001 - Navigate to URL and Verify Google Logo is Displayed]
################################################################################################################################################
[ReportManager] Target URL: [https://www.google.com/ncr], and after redirection: [https://www.google.com] @26-10-2021 18:58:23.0791 PM
[ReportManager] Initial URL: [] @26-10-2021 18:58:23.0840 PM
[ReportManager] Browser Action [NavigateToURL] successfully performed. With the following test data [https://www.google.com/ncr]. @26-10-2021 18:58:24.0747 PM
[ReportManager] Loaded Shared OpenCV @26-10-2021 18:58:24.0818 PM
[ReportManager] Assertion [ValidateElementExists] PASSED. Expected [Element Should Exist, locator 'By.xpath: //*[@id='hplogo' or @alt='Google']'] and Actual [Element Exists]. Comparison Type [EQUALS]. Validation Type [POSITIVE]. @26-10-2021 18:58:24.0910 PM
[ReportManager] Successfully created attachment [Screenshot - 1635274704818_navigateToURLandVerifyGoogleLogoIsDisplayed_ValidateElementExists_passed] @26-10-2021 18:58:24.0912 P

################################################################################################################################################
Starting Execution:	[125 out of 143] test cases in the current suite
Test Method:		[testPackage01.Test_google.searchForQueryandAssertResultsNumDisplayed]
Test Description:	[TC002 - Search for Query and Assert that the number of results is displayed]
################################################################################################################################################
[ReportManager] Element Action [Type] successfully performed. With the following test data [SHAFT_Engine]. @26-10-2021 18:58:25.0359 PM
[ReportManager] Element Action [KeyPress] successfully performed. With the following test data [Enter]. @26-10-2021 18:58:25.0410 P

################################################################################################################################################
Starting Execution:	[126 out of 143] test cases in the current suite
Test Method:		[testPackage01.Test_google.clickNextThrice]
Test Description:	[TC003 - Clicks the next button to make sure that the framework can scroll element into view before clicking it]
###############################################################################################################################################
[ReportManager] Browser Action [CloseCurrentWindow] successfully performed. @26-10-2021 18:58:25.0569 PM
[ReportManager] Successfully created attachment [Browser Action Test Data - CloseCurrentWindow - Actual Value] @26-10-2021 18:58:25.0570 P

################################################################################################################################################
Starting Execution:	[127 out of 143] test cases in the current suite
Test Method:		[testPackage01.Test_chainableElementActions.chainElementActions]
################################################################################################################################################
[ReportManager] File Action [GetAbsolutePath] successfully performed. With the following test data [Relative Folder Path: "target/downloadedFiles/"]. @26-10-2021 18:58:25.0573 PM
[ReportManager] Attempting to run locally on: [Mac-64], [GoogleChrome], Headless Execution. @26-10-2021 18:58:25.0577 PM
[ReportManager] Identifying OS/Driver combination and selecting the correct driver version automatically. Please note that if a new driver executable will be downloaded it may take some time... @26-10-2021 18:58:25.0577 PM
[ReportManager] Successfully Opened Google Chrome. @26-10-2021 18:58:28.0825 PM
[ReportManager] Initial window size: (1920, 1080) @26-10-2021 18:58:28.0831 PM
[ReportManager] Window size after SWD Maximize: (1920, 1080) @26-10-2021 18:58:28.0955 PM
[ReportManager] Window size after Toolkit: (1920, 1080) @26-10-2021 18:58:29.0392 PM
[ReportManager] Browser Action [MaximizeWindow] successfully performed. With the following test data [New screen size is now: (1920, 1080)]. @26-10-2021 18:58:29.0395 PM
[ReportManager] Target URL: [https://www.google.com/ncr], and after redirection: [https://www.google.com] @26-10-2021 18:58:29.0395 PM
[ReportManager] Initial URL: [data:,] @26-10-2021 18:58:29.0434 PM
[ReportManager] Browser Action [NavigateToURL] successfully performed. With the following test data [https://www.google.com/ncr]. @26-10-2021 18:58:30.0517 PM
[ReportManager] Element Action [Type] successfully performed. With the following test data [chained type 1]. @26-10-2021 18:58:31.0026 PM
[ReportManager] Element Action [Type] successfully performed. With the following test data [chained type 2]. @26-10-2021 18:58:31.0442 PM
[ReportManager] Element Action [TypeAppend] successfully performed. With the following test data [345]. @26-10-2021 18:58:31.0513 PM
[ReportManager] Element Action [GetText] successfully performed. With the following test data [chained type 2345]. @26-10-2021 18:58:31.0594 PM
[ReportManager] Loaded Shared OpenCV @26-10-2021 18:58:31.0863 PM
[ReportManager] Assertion [ValidateElementAttribute] PASSED. Expected [Value Should be 'chained type 2345' for the 'text' attribute, element locator 'By.name: q'] and Actual [chained type 2345]. Comparison Type [EQUALS]. Validation Type [POSITIVE]. @26-10-2021 18:58:32.0103 PM
[ReportManager] Successfully created attachment [Screenshot - 1635274711863_chainElementActions_ValidateElementAttribute_passed] @26-10-2021 18:58:32.0105 PM
[ReportManager] Browser Action [CloseCurrentWindow] successfully performed. @26-10-2021 18:58:32.0210 PM
[ReportManager] Successfully created attachment [Browser Action Test Data - CloseCurrentWindow - Actual Value] @26-10-2021 18:58:32.0212 P

################################################################################################################################################
Starting Execution:	[128 out of 143] test cases in the current suite
Test Method:		[testPackage01.Test_JsonCompareWithSpecialCharacters.specialCharacters]
################################################################################################################################################
[ReportManager] File Action [GetAbsolutePath] successfully performed. With the following test data [Relative Folder Path: "src/test/resources/TestJsonFiles/specialCharacters.json"]. @26-10-2021 18:58:32.0221 PM
[ReportManager] File Action [ReadFromFile] successfully performed. With the following test data [File Path: "/Users/runner/work/SHAFT_ENGINE/SHAFT_ENGINE/src/test/resources/TestJsonFiles/specialCharacters.json"]. @26-10-2021 18:58:32.0228 PM
[ReportManager] Successfully created attachment [File Action Actual Result - Command Log] @26-10-2021 18:58:32.0228 PM
[ReportManager] Comparing the provided API response with the file at this path "src/test/resources/TestJsonFiles/specialCharacters.json", comparison type "EQUALS" @26-10-2021 18:58:32.0229 PM
[ReportManager] API Action [CompareJSON] successfully performed. With the following test data [src/test/resources/TestJsonFiles/specialCharacters.json]. @26-10-2021 18:58:32.0237 PM
[ReportManager] File Action [GetAbsolutePath] successfully performed. With the following test data [Relative Folder Path: "src/test/resources/TestJsonFiles/specialCharacters.json"]. @26-10-2021 18:58:32.0237 PM
[ReportManager] File Action [ReadFromFile] successfully performed. With the following test data [File Path: "/Users/runner/work/SHAFT_ENGINE/SHAFT_ENGINE/src/test/resources/TestJsonFiles/specialCharacters.json"]. @26-10-2021 18:58:32.0238 PM
[ReportManager] Verification [ValidateJSONFileContent] PASSED. Expected [Response data should match the JSON File in this path 'src/test/resources/TestJsonFiles/specialCharacters.json'] and Actual [TRUE]. Comparison Type [EQUALS]. Validation Type [POSITIVE]. @26-10-2021 18:58:32.0242 PM
[ReportManager] Successfully created attachment [Validation Test Data - Expected JSON Value] @26-10-2021 18:58:32.0243 PM
[ReportManager] Successfully created attachment [Validation Test Data - Actual JSON Value] @26-10-2021 18:58:32.0244 P

################################################################################################################################################
Starting Execution:	[129 out of 143] test cases in the current suite
Test Method:		[testPackage01.Test_JsonCompareWithSpecialCharacters.specialCharacters_assertion]
################################################################################################################################################
[ReportManager] File Action [GetAbsolutePath] successfully performed. With the following test data [Relative Folder Path: "src/test/resources/TestJsonFiles/specialCharacters.json"]. @26-10-2021 18:58:32.0248 PM
[ReportManager] File Action [ReadFromFile] successfully performed. With the following test data [File Path: "/Users/runner/work/SHAFT_ENGINE/SHAFT_ENGINE/src/test/resources/TestJsonFiles/specialCharacters.json"]. @26-10-2021 18:58:32.0249 PM
[ReportManager] Successfully created attachment [File Action Actual Result - Command Log] @26-10-2021 18:58:32.0250 PM
[ReportManager] Comparing the provided API response with the file at this path "src/test/resources/TestJsonFiles/specialCharacters.json", comparison type "CONTAINS" @26-10-2021 18:58:32.0250 PM
[ReportManager] API Action [CompareJSON] successfully performed. With the following test data [src/test/resources/TestJsonFiles/specialCharacters.json]. @26-10-2021 18:58:32.0259 PM
[ReportManager] File Action [GetAbsolutePath] successfully performed. With the following test data [Relative Folder Path: "src/test/resources/TestJsonFiles/specialCharacters.json"]. @26-10-2021 18:58:32.0259 PM
[ReportManager] File Action [ReadFromFile] successfully performed. With the following test data [File Path: "/Users/runner/work/SHAFT_ENGINE/SHAFT_ENGINE/src/test/resources/TestJsonFiles/specialCharacters.json"]. @26-10-2021 18:58:32.0259 PM
[ReportManager] Assertion Passed: trying out the log message @26-10-2021 18:58:32.0264 PM
[ReportManager] Successfully created attachment [Validation Test Data - Expected JSON Value] @26-10-2021 18:58:32.0266 PM
[ReportManager] Successfully created attachment [Validation Test Data - Actual JSON Value] @26-10-2021 18:58:32.0267 PM
[ReportManager] Assertion [ValidateJSONFileContent] PASSED. Expected [Response data should match the JSON File in this path 'src/test/resources/TestJsonFiles/specialCharacters.json'] and Actual [TRUE]. Comparison Type [CONTAINS]. Validation Type [POSITIVE]. @26-10-2021 18:58:32.0267 P

################################################################################################################################################
Starting Execution:	[130 out of 143] test cases in the current suite
Test Method:		[testPackage01.Test_SkipDueToIssue.doNotSkip]
################################################################################################################################################
[ReportManager] This should not be skipped. @26-10-2021 18:58:32.0271 P

################################################################################################################################################
Starting Execution:	[131 out of 143] test cases in the current suite
Test Method:		[testPackage01.Test_SkipDueToIssue.skip]
################################################################################################################################################
[ReportManager] This should be skipped. @26-10-2021 18:58:32.0282 P

################################################################################################################################################
Starting Execution:	[132 out of 143] test cases in the current suite
Test Method:		[testPackage01.Test_SkipDueToIssue.skip2]
################################################################################################################################################
[ReportManager] This should be skipped. @26-10-2021 18:58:32.0289 P

################################################################################################################################################
Starting Execution:	[133 out of 143] test cases in the current suite
Test Method:		[testPackage01.Test_JSONFileManager.readStringFromJson]
################################################################################################################################################
[ReportManager] Successfully loaded the following test data file [src/test/resources/TestDataFiles/simpleJSON.json]. @26-10-2021 18:58:32.0297 PM
[ReportManager] Successfully created attachment [Test Data - JSON] @26-10-2021 18:58:32.0298 PM
[ReportManager] Assertion [ValidateEquals] PASSED. Expected [Mohab Mohie] and Actual [Mohab Mohie]. Comparison Type [EQUALS]. Validation Type [POSITIVE]. @26-10-2021 18:58:32.0319 P
[ReportManager] File Action [GetAbsolutePath] successfully performed. With the following test data [Relative Folder Path: "target/downloadedFiles/"]. @26-10-2021 18:58:32.0323 PM
[ReportManager] Attempting to run locally on: [Mac-64], [Safari], Headless Execution. @26-10-2021 18:58:32.0323 PM
[ReportManager] Successfully Opened Safari. @26-10-2021 18:58:33.0518 PM
[ReportManager] Initial window size: (800, 600) @26-10-2021 18:58:33.0523 PM
[ReportManager] Window size after SWD Maximize: (1176, 811) @26-10-2021 18:58:33.0539 PM
[ReportManager] Browser Action [MaximizeWindow] successfully performed. With the following test data [New screen size is now: (1176, 811)]. @26-10-2021 18:58:33.0542 P

################################################################################################################################################
Starting Execution:	[134 out of 143] test cases in the current suite
Test Method:		[testPackage01.Test_assertEquals.test_assertElementAttribute]
################################################################################################################################################
[ReportManager] Target URL: [https://www.google.com/ncr], and after redirection: [https://www.google.com] @26-10-2021 18:58:33.0546 PM
[ReportManager] Initial URL: [] @26-10-2021 18:58:33.0606 PM
[ReportManager] Browser Action [NavigateToURL] successfully performed. With the following test data [https://www.google.com/ncr]. @26-10-2021 18:58:34.0805 PM
[ReportManager] Element Action [Type] successfully performed. With the following test data [INC_004010050:Another SCHEDULER with the same name [Duplicate Job Name] already exists.]. @26-10-2021 18:58:37.0388 PM
[ReportManager] Element Action [GetText] successfully performed. With the following test data [INC_004010050:Another SCHEDULER with the same name [Duplicate Job Name] already exists.]. @26-10-2021 18:58:37.0439 PM
[ReportManager] Loaded Shared OpenCV @26-10-2021 18:58:37.0486 PM
[ReportManager] Assertion [ValidateElementAttribute] PASSED. Expected [Value Should be 'INC_004010050:Another SCHEDULER with the same name \[Duplicate Job Name\] already exists.' for the 'text' attribute, element locator 'By.name: q'] and Actual [INC_004010050:Another SCHEDULER with the same name [Duplicate Job Name] already exists.]. Comparison Type [MATCHES]. Validation Type [POSITIVE]. @26-10-2021 18:58:37.0636 PM
[ReportManager] Successfully created attachment [Screenshot - 1635274717486_test_assertElementAttribute_ValidateElementAttribute_passed] @26-10-2021 18:58:37.0638 P
[ReportManager] Browser Action [CloseCurrentWindow] successfully performed. @26-10-2021 18:58:37.0899 PM
[ReportManager] Successfully created attachment [Browser Action Test Data - CloseCurrentWindow - Actual Value] @26-10-2021 18:58:37.0900 P
[ReportManager] File Action [GetAbsolutePath] successfully performed. With the following test data [Relative Folder Path: "target/downloadedFiles/"]. @26-10-2021 18:58:37.0902 PM
[ReportManager] Attempting to run locally on: [Mac-64], [Safari], Headless Execution. @26-10-2021 18:58:37.0902 PM
[ReportManager] Successfully Opened Safari. @26-10-2021 18:58:38.0694 PM
[ReportManager] Initial window size: (800, 600) @26-10-2021 18:58:38.0718 PM
[ReportManager] Window size after SWD Maximize: (1176, 811) @26-10-2021 18:58:38.0734 PM
[ReportManager] Browser Action [MaximizeWindow] successfully performed. With the following test data [New screen size is now: (1176, 811)]. @26-10-2021 18:58:38.0734 P

################################################################################################################################################
Starting Execution:	[135 out of 143] test cases in the current suite
Test Method:		[testPackage01.Test_IsElementClickable.testIsElementClickable]
################################################################################################################################################
[ReportManager] Target URL: [https://the-internet.herokuapp.com/] @26-10-2021 18:58:38.0745 PM
[ReportManager] Initial URL: [] @26-10-2021 18:58:38.0831 PM
[ReportManager] Browser Action [NavigateToURL] successfully performed. With the following test data [https://the-internet.herokuapp.com/]. @26-10-2021 18:58:40.0089 PM
[ReportManager] Element Action [IsElementClickable] successfully performed. @26-10-2021 18:58:40.0172 PM
[ReportManager] Assertion [ValidateTrue] PASSED. Expected [TRUE] and Actual [TRUE]. Validation Type [POSITIVE]. @26-10-2021 18:58:40.0173 P
[ReportManager] Browser Action [CloseCurrentWindow] successfully performed. @26-10-2021 18:58:40.0300 PM
[ReportManager] Successfully created attachment [Browser Action Test Data - CloseCurrentWindow - Actual Value] @26-10-2021 18:58:40.0301 P
[ReportManager] Successfully loaded the following test data file [src/test/resources/TestDataFiles/testSuite01/TestData.xlsx]. @26-10-2021 18:58:40.0329 PM
[ReportManager] Successfully created attachment [Test Data - Excel] @26-10-2021 18:58:40.0330 PM
[ReportManager] Attempting to run using Playwright locally on: [Mac-64], [Safari], Headless Execution. @26-10-2021 18:59:17.0406 PM
[ReportManager] File Action [GetAbsolutePath] successfully performed. With the following test data [Relative Folder Path: "target/downloadedFiles/"]. @26-10-2021 18:59:17.0407 PM
[ReportManager] Initial window size: (1280, 720) @26-10-2021 18:59:23.0600 PM
[ReportManager] Window size after Toolkit: com.microsoft.playwright.options.ViewportSize@4cf0c635 @26-10-2021 18:59:23.0608 PM
[ReportManager] Browser Action [MaximizeWindow] successfully performed. With the following test data [New screen size is now: (1920, 1080)]. @26-10-2021 18:59:23.0609 P

################################################################################################################################################
Starting Execution:	[136 out of 143] test cases in the current suite
Test Method:		[testPackage01.Test_google_playwright.navigateToURLandVerifyGoogleLogoIsDisplayed]
Test Description:	[TC001 - Navigate to URL and Verify Google Logo is Displayed]
################################################################################################################################################
[ReportManager] Target URL: [https://www.google.com/ncr], and after redirection: [https://www.google.com] @26-10-2021 18:59:23.0759 PM
[ReportManager] Initial URL: [about:blank] @26-10-2021 18:59:24.0189 PM
[ReportManager] Browser Action [NavigateToURL] successfully performed. With the following test data [https://www.google.com/ncr]. @26-10-2021 18:59:25.0874 PM
[ReportManager] Loaded Shared OpenCV @26-10-2021 18:59:25.0967 PM
[ReportManager] Assertion [ValidateElementExists] PASSED. Expected [Element Should Exist, locator 'xpath=//*[@id='hplogo' or @alt='Google']'] and Actual [Element Exists]. Comparison Type [EQUALS]. Validation Type [POSITIVE]. @26-10-2021 18:59:26.0187 PM
[ReportManager] Successfully created attachment [Screenshot - 1635274765964_navigateToURLandVerifyGoogleLogoIsDisplayed_ValidateElementExists_passed] @26-10-2021 18:59:26.0188 P

################################################################################################################################################
Starting Execution:	[137 out of 143] test cases in the current suite
Test Method:		[testPackage01.Test_google_playwright.searchForQueryandAssertResultsNumDisplayed]
Test Description:	[TC002 - Search for Query and Assert that the number of results is displayed]
################################################################################################################################################
[ReportManager] Element Action [Type] successfully performed. With the following test data [SHAFT_Engine]. @26-10-2021 18:59:26.0375 PM
[ReportManager] Element Action [KeyPress] successfully performed. With the following test data [Enter]. @26-10-2021 18:59:26.0499 PM
[ReportManager] Element Action [GetText] successfully performed. With the following test data [About 702,000 results (0.75 seconds)Â 
]. @26-10-2021 18:59:28.0102 PM
[ReportManager] Loaded Shared OpenCV @26-10-2021 18:59:28.0898 PM
[ReportManager] Assertion [ValidateElementAttribute] PASSED. Expected [Value Should not be '' for the 'text' attribute, element locator 'xpath=//div[@id='appbar']'] and Actual [About 702,000 results (0.75 seconds)Â 
]. Comparison Type [EQUALS]. Validation Type [NEGATIVE]. @26-10-2021 18:59:29.0096 PM
[ReportManager] Successfully created attachment [Screenshot - 1635274768896_searchForQueryandAssertResultsNumDisplayed_ValidateElementAttribute_passed] @26-10-2021 18:59:29.0098 P

################################################################################################################################################
Starting Execution:	[138 out of 143] test cases in the current suite
Test Method:		[testPackage01.Test_google_playwright.clickNextThrice]
Test Description:	[TC003 - Clicks the next button to make sure that the framework can scroll element into view before clicking it]
################################################################################################################################################
[ReportManager] Element Action [Click] successfully performed. With the following test data [Next]. @26-10-2021 18:59:29.0401 P
[ReportManager] Failed to find video recording. @26-10-2021 18:59:29.0404 PM
[ReportManager] Successfully Closed PlayWright Driver. @26-10-2021 18:59:29.0446 P
[ReportManager] File Action [GetAbsolutePath] successfully performed. With the following test data [Relative Folder Path: "target/downloadedFiles/"]. @26-10-2021 18:59:29.0451 PM
[ReportManager] Attempting to run locally on: [Mac-64], [Safari], Headless Execution. @26-10-2021 18:59:29.0451 PM
[ReportManager] Successfully Opened Safari. @26-10-2021 18:59:30.0260 PM
[ReportManager] Initial window size: (800, 600) @26-10-2021 18:59:30.0281 PM
[ReportManager] Window size after SWD Maximize: (1176, 811) @26-10-2021 18:59:30.0297 PM
[ReportManager] Browser Action [MaximizeWindow] successfully performed. With the following test data [New screen size is now: (1176, 811)]. @26-10-2021 18:59:30.0298 P

################################################################################################################################################
Starting Execution:	[139 out of 143] test cases in the current suite
Test Method:		[testPackage01.Test_verifyEquals.test_assertElementAttribute]
################################################################################################################################################
[ReportManager] Target URL: [https://www.google.com/ncr], and after redirection: [https://www.google.com] @26-10-2021 18:59:30.0300 PM
[ReportManager] Initial URL: [] @26-10-2021 18:59:30.0355 PM
[ReportManager] Browser Action [NavigateToURL] successfully performed. With the following test data [https://www.google.com/ncr]. @26-10-2021 18:59:31.0645 PM
[ReportManager] Element Action [Type] successfully performed. With the following test data [INC_004010050:Another SCHEDULER with the same name [Duplicate Job Name] already exists.]. @26-10-2021 18:59:34.0295 PM
[ReportManager] Element Action [GetText] successfully performed. With the following test data [INC_004010050:Another SCHEDULER with the same name [Duplicate Job Name] already exists.]. @26-10-2021 18:59:34.0335 PM
[ReportManager] Loaded Shared OpenCV @26-10-2021 18:59:34.0375 PM
[ReportManager] Verification [ValidateElementAttribute] PASSED. Expected [Value Should be 'INC_004010050:Another SCHEDULER with the same name \[Duplicate Job Name\] already exists.' for the 'text' attribute, element locator 'By.name: q'] and Actual [INC_004010050:Another SCHEDULER with the same name [Duplicate Job Name] already exists.]. Comparison Type [MATCHES]. Validation Type [POSITIVE]. @26-10-2021 18:59:34.0464 PM
[ReportManager] Successfully created attachment [Screenshot - 1635274774375_test_assertElementAttribute_ValidateElementAttribute_passed] @26-10-2021 18:59:34.0465 P
[ReportManager] Browser Action [CloseCurrentWindow] successfully performed. @26-10-2021 18:59:34.0567 PM
[ReportManager] Successfully created attachment [Browser Action Test Data - CloseCurrentWindow - Actual Value] @26-10-2021 18:59:34.0567 P

################################################################################################################################################
Starting Execution:	[140 out of 143] test cases in the current suite
Test Method:		[testPackage01.Test_SelectedValue.multipleSelect]
################################################################################################################################################
[ReportManager] File Action [GetAbsolutePath] successfully performed. With the following test data [Relative Folder Path: "target/downloadedFiles/"]. @26-10-2021 18:59:34.0570 PM
[ReportManager] Attempting to run locally on: [Mac-64], [GoogleChrome], Headless Execution. @26-10-2021 18:59:34.0571 PM
[ReportManager] Identifying OS/Driver combination and selecting the correct driver version automatically. Please note that if a new driver executable will be downloaded it may take some time... @26-10-2021 18:59:34.0571 PM
[ReportManager] Successfully Opened Google Chrome. @26-10-2021 18:59:35.0190 PM
[ReportManager] Initial window size: (1920, 1080) @26-10-2021 18:59:35.0194 PM
[ReportManager] Window size after SWD Maximize: (1920, 1080) @26-10-2021 18:59:35.0331 PM
[ReportManager] Window size after Toolkit: (1920, 1080) @26-10-2021 18:59:35.0922 PM
[ReportManager] Browser Action [MaximizeWindow] successfully performed. With the following test data [New screen size is now: (1920, 1080)]. @26-10-2021 18:59:35.0924 PM
[ReportManager] Target URL: [https://yari-demos.prod.mdn.mozit.cloud/en-US/docs/Web/HTML/Element/select/_sample_.Advanced_select_with_multiple_features.html] @26-10-2021 18:59:35.0924 PM
[ReportManager] Initial URL: [data:,] @26-10-2021 18:59:35.0948 PM
[ReportManager] Browser Action [NavigateToURL] successfully performed. With the following test data [https://yari-demos.prod.mdn.mozit.cloud/en-US/docs/Web/HTML/Element/select/_sample_.Advanced_select_with_multiple_features.html]. @26-10-2021 18:59:36.0130 PM
[ReportManager] Element Action [Select] successfully performed. With the following test data [Dog]. @26-10-2021 18:59:36.0310 PM
[ReportManager] Element Action [Select] successfully performed. With the following test data [Cat]. @26-10-2021 18:59:36.0457 PM
[ReportManager] Element Action [GetSelectedText] successfully performed. With the following test data [DogCat]. @26-10-2021 18:59:36.0545 PM
[ReportManager] DogCat @26-10-2021 18:59:36.0546 PM
[ReportManager] Element Action [GetSelectedText] successfully performed. With the following test data [DogCat]. @26-10-2021 18:59:36.0614 PM
[ReportManager] Loaded Shared OpenCV @26-10-2021 18:59:36.0992 PM
[ReportManager] Assertion [ValidateElementAttribute] PASSED. Expected [Value Should be 'DogCat' for the 'selectedText' attribute, element locator 'By.tagName: select'] and Actual [DogCat]. Comparison Type [EQUALS]. Validation Type [POSITIVE]. @26-10-2021 18:59:37.0212 PM
[ReportManager] Successfully created attachment [Screenshot - 1635274776992_multipleSelect_ValidateElementAttribute_passed] @26-10-2021 18:59:37.0213 PM
[ReportManager] Browser Action [CloseCurrentWindow] successfully performed. @26-10-2021 18:59:37.0416 PM
[ReportManager] Successfully created attachment [Browser Action Test Data - CloseCurrentWindow - Actual Value] @26-10-2021 18:59:37.0417 P

################################################################################################################################################
Starting Execution:	[141 out of 143] test cases in the current suite
Test Method:		[testPackage01.Test_SelectedValue.simpleSelect]
################################################################################################################################################
[ReportManager] File Action [GetAbsolutePath] successfully performed. With the following test data [Relative Folder Path: "target/downloadedFiles/"]. @26-10-2021 18:59:37.0421 PM
[ReportManager] Attempting to run locally on: [Mac-64], [GoogleChrome], Headless Execution. @26-10-2021 18:59:37.0421 PM
[ReportManager] Identifying OS/Driver combination and selecting the correct driver version automatically. Please note that if a new driver executable will be downloaded it may take some time... @26-10-2021 18:59:37.0422 PM
[ReportManager] Successfully Opened Google Chrome. @26-10-2021 18:59:37.0835 PM
[ReportManager] Initial window size: (1920, 1080) @26-10-2021 18:59:37.0839 PM
[ReportManager] Window size after SWD Maximize: (1920, 1080) @26-10-2021 18:59:38.0075 PM
[ReportManager] Window size after Toolkit: (1920, 1080) @26-10-2021 18:59:38.0539 PM
[ReportManager] Browser Action [MaximizeWindow] successfully performed. With the following test data [New screen size is now: (1920, 1080)]. @26-10-2021 18:59:38.0541 PM
[ReportManager] Target URL: [https://yari-demos.prod.mdn.mozit.cloud/en-US/docs/Web/HTML/Element/select/_sample_.Basic_select.html] @26-10-2021 18:59:38.0541 PM
[ReportManager] Initial URL: [data:,] @26-10-2021 18:59:38.0564 PM
[ReportManager] Browser Action [NavigateToURL] successfully performed. With the following test data [https://yari-demos.prod.mdn.mozit.cloud/en-US/docs/Web/HTML/Element/select/_sample_.Basic_select.html]. @26-10-2021 18:59:38.0732 PM
[ReportManager] Element Action [Select] successfully performed. With the following test data [Third Value]. @26-10-2021 18:59:38.0943 PM
[ReportManager] Element Action [GetSelectedText] successfully performed. With the following test data [Third Value]. @26-10-2021 18:59:39.0001 PM
[ReportManager] Third Value @26-10-2021 18:59:39.0001 PM
[ReportManager] Element Action [GetSelectedText] successfully performed. With the following test data [Third Value]. @26-10-2021 18:59:39.0056 PM
[ReportManager] Loaded Shared OpenCV @26-10-2021 18:59:39.0312 PM
[ReportManager] Assertion [ValidateElementAttribute] PASSED. Expected [Value Should be 'Third Value' for the 'selectedText' attribute, element locator 'By.tagName: select'] and Actual [Third Value]. Comparison Type [EQUALS]. Validation Type [POSITIVE]. @26-10-2021 18:59:39.0515 PM
[ReportManager] Successfully created attachment [Screenshot - 1635274779312_simpleSelect_ValidateElementAttribute_passed] @26-10-2021 18:59:39.0516 PM
[ReportManager] Browser Action [CloseCurrentWindow] successfully performed. @26-10-2021 18:59:39.0649 PM
[ReportManager] Successfully created attachment [Browser Action Test Data - CloseCurrentWindow - Actual Value] @26-10-2021 18:59:39.0650 P
[ReportManager] File Action [GetAbsolutePath] successfully performed. With the following test data [Relative Folder Path: "target/downloadedFiles/"]. @26-10-2021 18:59:39.0652 PM
[ReportManager] Attempting to run locally on: [Mac-64], [Safari], Headless Execution. @26-10-2021 18:59:39.0652 PM
[ReportManager] Successfully Opened Safari. @26-10-2021 18:59:40.0444 PM
[ReportManager] Initial window size: (800, 600) @26-10-2021 18:59:40.0464 PM
[ReportManager] Window size after SWD Maximize: (1176, 811) @26-10-2021 18:59:40.0476 PM
[ReportManager] Browser Action [MaximizeWindow] successfully performed. With the following test data [New screen size is now: (1176, 811)]. @26-10-2021 18:59:40.0477 P

################################################################################################################################################
Starting Execution:	[142 out of 143] test cases in the current suite
Test Method:		[testPackage01.Test_dynamicLoading.dynamicLoading_elementIsHidden]
################################################################################################################################################
[ReportManager] Target URL: [https://the-internet.herokuapp.com/dynamic_loading/1] @26-10-2021 18:59:40.0481 PM
[ReportManager] Initial URL: [] @26-10-2021 18:59:40.0574 PM
[ReportManager] Browser Action [NavigateToURL] successfully performed. With the following test data [https://the-internet.herokuapp.com/dynamic_loading/1]. @26-10-2021 18:59:41.0800 PM
[ReportManager] Element Action [Click] successfully performed. With the following test data [Start]. @26-10-2021 18:59:42.0049 PM
[ReportManager] Element Action [GetText] successfully performed. With the following test data [
    Hello World!
  ]. @26-10-2021 18:59:42.0075 P
[ReportManager] Browser Action [CloseCurrentWindow] successfully performed. @26-10-2021 18:59:42.0187 PM
[ReportManager] Successfully created attachment [Browser Action Test Data - CloseCurrentWindow - Actual Value] @26-10-2021 18:59:42.0188 P
[ReportManager] File Action [GetAbsolutePath] successfully performed. With the following test data [Relative Folder Path: "target/downloadedFiles/"]. @26-10-2021 18:59:42.0190 PM
[ReportManager] Attempting to run locally on: [Mac-64], [Safari], Headless Execution. @26-10-2021 18:59:42.0190 PM
[ReportManager] Successfully Opened Safari. @26-10-2021 18:59:43.0043 PM
[ReportManager] Initial window size: (800, 600) @26-10-2021 18:59:43.0061 PM
[ReportManager] Window size after SWD Maximize: (1176, 811) @26-10-2021 18:59:43.0076 PM
[ReportManager] Browser Action [MaximizeWindow] successfully performed. With the following test data [New screen size is now: (1176, 811)]. @26-10-2021 18:59:43.0077 P

################################################################################################################################################
Starting Execution:	[143 out of 143] test cases in the current suite
Test Method:		[testPackage01.Test_dynamicLoading.dynamicLoading_elementIsRendered]
################################################################################################################################################
[ReportManager] Target URL: [https://the-internet.herokuapp.com/dynamic_loading/2] @26-10-2021 18:59:43.0080 PM
[ReportManager] Initial URL: [] @26-10-2021 18:59:43.0176 PM
[ReportManager] Browser Action [NavigateToURL] successfully performed. With the following test data [https://the-internet.herokuapp.com/dynamic_loading/2]. @26-10-2021 18:59:44.0375 PM
[ReportManager] Element Action [Click] successfully performed. With the following test data [Start]. @26-10-2021 18:59:44.0644 P
[ReportManager] Browser Action [CloseCurrentWindow] successfully performed. @26-10-2021 18:59:44.0817 PM
[ReportManager] Successfully created attachment [Browser Action Test Data - CloseCurrentWindow - Actual Value] @26-10-2021 18:59:44.0818 P

################################################################################################################################################
Test Closure Activities
################################################################################################################################################
[ReportManager] Successfully created attachment [SHAFT Engine Logs - Execution log] @26-10-2021 18:59:44.0882 PM

################################################################################################################################################
This test run was powered by SHAFT Engine Version: [SHAFT Engine v5.4.20211025-BETA]
SHAFT Engine is licensed under the MIT License: [https://github.com/MohabMohie/SHAFT_ENGINE/blob/master/LICENSE].
################################################################################################################################################