################################################################################################################################################
Detected SHAFT Engine Version: [SHAFT Engine v5.3.20210902]
################################################################################################################################################

################################################################################################################################################
Starting Execution:	[1 out of 144] test cases in the current suite
Test Method:		[unitTests.tests_validations_assertions.assertComparativeRelation_greaterThanOrEquals_false_equals_expectedToFail]
################################################################################################################################################
[ReportManager] Assertion [ValidateComparativeRelation] FAILED. Expected [1] and Actual [1]. Comparison Type [GREATER_THAN_OR_EQUALS]. Validation Type [NEGATIVE]. @22-09-2021 14:20:12.0772 P

################################################################################################################################################
Starting Execution:	[2 out of 144] test cases in the current suite
Test Method:		[unitTests.tests_validations_assertions.assertComparativeRelation_greaterThanOrEquals_false_equals_expectedToPass]
################################################################################################################################################
[ReportManager] Assertion [ValidateComparativeRelation] PASSED. Expected [2] and Actual [1]. Comparison Type [GREATER_THAN_OR_EQUALS]. Validation Type [NEGATIVE]. @22-09-2021 14:20:12.0878 P

################################################################################################################################################
Starting Execution:	[3 out of 144] test cases in the current suite
Test Method:		[unitTests.tests_validations_assertions.assertComparativeRelation_greaterThanOrEquals_false_greaterThan_expectedToFail]
################################################################################################################################################
[ReportManager] Assertion [ValidateComparativeRelation] FAILED. Expected [1] and Actual [2]. Comparison Type [GREATER_THAN_OR_EQUALS]. Validation Type [NEGATIVE]. @22-09-2021 14:20:12.0896 P

################################################################################################################################################
Starting Execution:	[4 out of 144] test cases in the current suite
Test Method:		[unitTests.tests_validations_assertions.assertComparativeRelation_greaterThanOrEquals_false_greaterThan_expectedToPass]
################################################################################################################################################
[ReportManager] Assertion [ValidateComparativeRelation] PASSED. Expected [2] and Actual [1]. Comparison Type [GREATER_THAN_OR_EQUALS]. Validation Type [NEGATIVE]. @22-09-2021 14:20:12.0910 P

################################################################################################################################################
Starting Execution:	[5 out of 144] test cases in the current suite
Test Method:		[unitTests.tests_validations_assertions.assertComparativeRelation_greaterThanOrEquals_true_equals_expectedToFail]
################################################################################################################################################
[ReportManager] Assertion [ValidateComparativeRelation] FAILED. Expected [1] and Actual [0]. Comparison Type [GREATER_THAN_OR_EQUALS]. Validation Type [POSITIVE]. @22-09-2021 14:20:12.0916 P

################################################################################################################################################
Starting Execution:	[6 out of 144] test cases in the current suite
Test Method:		[unitTests.tests_validations_assertions.assertComparativeRelation_greaterThanOrEquals_true_equals_expectedToPass]
################################################################################################################################################
[ReportManager] Assertion [ValidateComparativeRelation] PASSED. Expected [1] and Actual [1]. Comparison Type [GREATER_THAN_OR_EQUALS]. Validation Type [POSITIVE]. @22-09-2021 14:20:12.0928 P

################################################################################################################################################
Starting Execution:	[7 out of 144] test cases in the current suite
Test Method:		[unitTests.tests_validations_assertions.assertComparativeRelation_greaterThanOrEquals_true_greaterThan_expectedToFail]
################################################################################################################################################
[ReportManager] Assertion [ValidateComparativeRelation] FAILED. Expected [2] and Actual [1]. Comparison Type [GREATER_THAN_OR_EQUALS]. Validation Type [POSITIVE]. @22-09-2021 14:20:12.0936 P

################################################################################################################################################
Starting Execution:	[8 out of 144] test cases in the current suite
Test Method:		[unitTests.tests_validations_assertions.assertComparativeRelation_greaterThanOrEquals_true_greaterThan_expectedToPass]
################################################################################################################################################
[ReportManager] Assertion [ValidateComparativeRelation] PASSED. Expected [1] and Actual [2]. Comparison Type [GREATER_THAN_OR_EQUALS]. Validation Type [POSITIVE]. @22-09-2021 14:20:12.0941 P
[ReportManager] File Action [GetAbsolutePath] successfully performed. With the following test data [Relative Folder Path: "target/downloadedFiles/"]. @22-09-2021 14:20:12.0951 PM
[ReportManager] Attempting to run remotely on: [Linux-64], [GoogleChrome], [http://localhost:4444/wd/hub], Headless Execution. @22-09-2021 14:20:12.0977 PM
[ReportManager] Successfully Opened [GoogleChrome]. @22-09-2021 14:20:14.0521 PM
[ReportManager] Target URL: [https://www.google.com/ncr], and after redirection: [www.google.com] @22-09-2021 14:20:14.0578 PM
[ReportManager] Initial URL: [data:,] @22-09-2021 14:20:14.0712 PM
[ReportManager] Browser Action [NavigateToURL] successfully performed. With the following test data [https://www.google.com/ncr]. @22-09-2021 14:20:16.0020 P

################################################################################################################################################
Starting Execution:	[9 out of 144] test cases in the current suite
Test Method:		[unitTests.tests_validations_assertions.assertElementAttribute_false_caseInsensitiveComparison_expectedToFail]
################################################################################################################################################
[ReportManager] Element Action [Type] successfully performed. With the following test data [AUTOMATION]. @22-09-2021 14:20:16.0566 PM
[ReportManager] Element Action [GetText] successfully performed. With the following test data [AUTOMATION]. @22-09-2021 14:20:16.0785 PM
[ReportManager] Loaded Shared OpenCV @22-09-2021 14:20:17.0563 PM
[ReportManager] Assertion [ValidateElementAttribute] FAILED. Expected [Value Should not be 'AutomaTion' for the 'text' attribute, element locator 'By.name: q'] and Actual [AUTOMATION]. Comparison Type [CASE_INSENSITIVE]. Validation Type [NEGATIVE]. @22-09-2021 14:20:17.0903 PM
[ReportManager] Successfully created attachment [Screenshot - 1632320417055_assertElementAttribute_false_caseInsensitiveComparison_expectedToFail_ValidateElementAttribute_failed] @22-09-2021 14:20:17.0924 P
[ReportManager] Browser Action [CloseCurrentWindow] successfully performed. @22-09-2021 14:20:18.0111 PM
[ReportManager] Successfully created attachment [Browser Action Test Data - CloseCurrentWindow - Actual Value] @22-09-2021 14:20:18.0124 P
[ReportManager] File Action [GetAbsolutePath] successfully performed. With the following test data [Relative Folder Path: "target/downloadedFiles/"]. @22-09-2021 14:20:18.0132 PM
[ReportManager] Attempting to run remotely on: [Linux-64], [GoogleChrome], [http://localhost:4444/wd/hub], Headless Execution. @22-09-2021 14:20:18.0133 PM
[ReportManager] Successfully Opened [GoogleChrome]. @22-09-2021 14:20:18.0412 PM
[ReportManager] Target URL: [https://www.google.com/ncr], and after redirection: [www.google.com] @22-09-2021 14:20:18.0435 PM
[ReportManager] Initial URL: [data:,] @22-09-2021 14:20:18.0536 PM
[ReportManager] Browser Action [NavigateToURL] successfully performed. With the following test data [https://www.google.com/ncr]. @22-09-2021 14:20:19.0502 P

################################################################################################################################################
Starting Execution:	[10 out of 144] test cases in the current suite
Test Method:		[unitTests.tests_validations_assertions.assertElementAttribute_false_caseInsensitiveComparison_expectedToPass]
################################################################################################################################################
[ReportManager] Element Action [Type] successfully performed. With the following test data [AUTOMATION]. @22-09-2021 14:20:19.0977 PM
[ReportManager] Element Action [GetText] successfully performed. With the following test data [AUTOMATION]. @22-09-2021 14:20:20.0144 PM
[ReportManager] Loaded Shared OpenCV @22-09-2021 14:20:20.0369 PM
[ReportManager] Assertion [ValidateElementAttribute] PASSED. Expected [Value Should not be 'AutomaTion123' for the 'text' attribute, element locator 'By.name: q'] and Actual [AUTOMATION]. Comparison Type [CASE_INSENSITIVE]. Validation Type [NEGATIVE]. @22-09-2021 14:20:20.0507 PM
[ReportManager] Successfully created attachment [Screenshot - 1632320420369_assertElementAttribute_false_caseInsensitiveComparison_expectedToPass_ValidateElementAttribute_passed] @22-09-2021 14:20:20.0511 P
[ReportManager] Browser Action [CloseCurrentWindow] successfully performed. @22-09-2021 14:20:20.0678 PM
[ReportManager] Successfully created attachment [Browser Action Test Data - CloseCurrentWindow - Actual Value] @22-09-2021 14:20:20.0679 P
[ReportManager] File Action [GetAbsolutePath] successfully performed. With the following test data [Relative Folder Path: "target/downloadedFiles/"]. @22-09-2021 14:20:20.0689 PM
[ReportManager] Attempting to run remotely on: [Linux-64], [GoogleChrome], [http://localhost:4444/wd/hub], Headless Execution. @22-09-2021 14:20:20.0689 PM
[ReportManager] Successfully Opened [GoogleChrome]. @22-09-2021 14:20:20.0923 PM
[ReportManager] Target URL: [https://www.google.com/ncr], and after redirection: [www.google.com] @22-09-2021 14:20:20.0948 PM
[ReportManager] Initial URL: [data:,] @22-09-2021 14:20:21.0034 PM
[ReportManager] Browser Action [NavigateToURL] successfully performed. With the following test data [https://www.google.com/ncr]. @22-09-2021 14:20:21.0942 P

################################################################################################################################################
Starting Execution:	[11 out of 144] test cases in the current suite
Test Method:		[unitTests.tests_validations_assertions.assertElementAttribute_false_containsComparison_expectedToFail]
################################################################################################################################################
[ReportManager] Element Action [Type] successfully performed. With the following test data [Automation123]. @22-09-2021 14:20:22.0386 PM
[ReportManager] Element Action [GetText] successfully performed. With the following test data [Automation123]. @22-09-2021 14:20:22.0543 PM
[ReportManager] Loaded Shared OpenCV @22-09-2021 14:20:22.0763 PM
[ReportManager] Assertion [ValidateElementAttribute] FAILED. Expected [Value Should not be 'Automation' for the 'text' attribute, element locator 'By.name: q'] and Actual [Automation123]. Comparison Type [CONTAINS]. Validation Type [NEGATIVE]. @22-09-2021 14:20:22.0849 PM
[ReportManager] Successfully created attachment [Screenshot - 1632320422763_assertElementAttribute_false_containsComparison_expectedToFail_ValidateElementAttribute_failed] @22-09-2021 14:20:22.0851 P
[ReportManager] Browser Action [CloseCurrentWindow] successfully performed. @22-09-2021 14:20:23.0017 PM
[ReportManager] Successfully created attachment [Browser Action Test Data - CloseCurrentWindow - Actual Value] @22-09-2021 14:20:23.0018 P
[ReportManager] File Action [GetAbsolutePath] successfully performed. With the following test data [Relative Folder Path: "target/downloadedFiles/"]. @22-09-2021 14:20:23.0027 PM
[ReportManager] Attempting to run remotely on: [Linux-64], [GoogleChrome], [http://localhost:4444/wd/hub], Headless Execution. @22-09-2021 14:20:23.0027 PM
[ReportManager] Successfully Opened [GoogleChrome]. @22-09-2021 14:20:23.0271 PM
[ReportManager] Target URL: [https://www.google.com/ncr], and after redirection: [www.google.com] @22-09-2021 14:20:23.0287 PM
[ReportManager] Initial URL: [data:,] @22-09-2021 14:20:23.0347 PM
[ReportManager] Browser Action [NavigateToURL] successfully performed. With the following test data [https://www.google.com/ncr]. @22-09-2021 14:20:24.0234 P

################################################################################################################################################
Starting Execution:	[12 out of 144] test cases in the current suite
Test Method:		[unitTests.tests_validations_assertions.assertElementAttribute_false_containsComparison_expectedToPass]
################################################################################################################################################
[ReportManager] Element Action [Type] successfully performed. With the following test data [Automation123]. @22-09-2021 14:20:24.0696 PM
[ReportManager] Element Action [GetText] successfully performed. With the following test data [Automation123]. @22-09-2021 14:20:24.0823 PM
[ReportManager] Loaded Shared OpenCV @22-09-2021 14:20:25.0029 PM
[ReportManager] Assertion [ValidateElementAttribute] PASSED. Expected [Value Should not be 'Automation1234' for the 'text' attribute, element locator 'By.name: q'] and Actual [Automation123]. Comparison Type [CONTAINS]. Validation Type [NEGATIVE]. @22-09-2021 14:20:25.0123 PM
[ReportManager] Successfully created attachment [Screenshot - 1632320425028_assertElementAttribute_false_containsComparison_expectedToPass_ValidateElementAttribute_passed] @22-09-2021 14:20:25.0124 P
[ReportManager] Browser Action [CloseCurrentWindow] successfully performed. @22-09-2021 14:20:25.0267 PM
[ReportManager] Successfully created attachment [Browser Action Test Data - CloseCurrentWindow - Actual Value] @22-09-2021 14:20:25.0268 P
[ReportManager] File Action [GetAbsolutePath] successfully performed. With the following test data [Relative Folder Path: "target/downloadedFiles/"]. @22-09-2021 14:20:25.0272 PM
[ReportManager] Attempting to run remotely on: [Linux-64], [GoogleChrome], [http://localhost:4444/wd/hub], Headless Execution. @22-09-2021 14:20:25.0272 PM
[ReportManager] Successfully Opened [GoogleChrome]. @22-09-2021 14:20:25.0505 PM
[ReportManager] Target URL: [https://www.google.com/ncr], and after redirection: [www.google.com] @22-09-2021 14:20:25.0520 PM
[ReportManager] Initial URL: [data:,] @22-09-2021 14:20:25.0588 PM
[ReportManager] Browser Action [NavigateToURL] successfully performed. With the following test data [https://www.google.com/ncr]. @22-09-2021 14:20:26.0465 P

################################################################################################################################################
Starting Execution:	[13 out of 144] test cases in the current suite
Test Method:		[unitTests.tests_validations_assertions.assertElementAttribute_false_literalComparison_expectedToFail]
################################################################################################################################################
[ReportManager] Element Action [Type] successfully performed. With the following test data [Automation!@#$%^&*()_+{}[]\';/.,]. @22-09-2021 14:20:27.0036 PM
[ReportManager] Element Action [GetText] successfully performed. With the following test data [Automation!@#$%^&*()_+{}[]\';/.,]. @22-09-2021 14:20:27.0178 PM
[ReportManager] Loaded Shared OpenCV @22-09-2021 14:20:27.0394 PM
[ReportManager] Assertion [ValidateElementAttribute] PASSED. Expected [Value Should not be 'Automation!@#$%^&*()_+{}[]\\';/.,' for the 'text' attribute, element locator 'By.name: q'] and Actual [Automation!@#$%^&*()_+{}[]\';/.,]. Comparison Type [EQUALS]. Validation Type [NEGATIVE]. @22-09-2021 14:20:27.0477 PM
[ReportManager] Successfully created attachment [Screenshot - 1632320427393_assertElementAttribute_false_literalComparison_expectedToFail_ValidateElementAttribute_passed] @22-09-2021 14:20:27.0479 P
[ReportManager] Browser Action [CloseCurrentWindow] successfully performed. @22-09-2021 14:20:27.0622 PM
[ReportManager] Successfully created attachment [Browser Action Test Data - CloseCurrentWindow - Actual Value] @22-09-2021 14:20:27.0623 P
[ReportManager] File Action [GetAbsolutePath] successfully performed. With the following test data [Relative Folder Path: "target/downloadedFiles/"]. @22-09-2021 14:20:27.0626 PM
[ReportManager] Attempting to run remotely on: [Linux-64], [GoogleChrome], [http://localhost:4444/wd/hub], Headless Execution. @22-09-2021 14:20:27.0626 PM
[ReportManager] Successfully Opened [GoogleChrome]. @22-09-2021 14:20:27.0855 PM
[ReportManager] Target URL: [https://www.google.com/ncr], and after redirection: [www.google.com] @22-09-2021 14:20:27.0868 PM
[ReportManager] Initial URL: [data:,] @22-09-2021 14:20:27.0929 PM
[ReportManager] Browser Action [NavigateToURL] successfully performed. With the following test data [https://www.google.com/ncr]. @22-09-2021 14:20:28.0826 P

################################################################################################################################################
Starting Execution:	[14 out of 144] test cases in the current suite
Test Method:		[unitTests.tests_validations_assertions.assertElementAttribute_false_literalComparison_expectedToPass]
################################################################################################################################################
[ReportManager] Element Action [Type] successfully performed. With the following test data [Automation!@#$%^&*()_+{}[]\';/.,]. @22-09-2021 14:20:29.0402 PM
[ReportManager] Element Action [GetText] successfully performed. With the following test data [Automation!@#$%^&*()_+{}[]\';/.,]. @22-09-2021 14:20:29.0506 PM
[ReportManager] Loaded Shared OpenCV @22-09-2021 14:20:29.0677 PM
[ReportManager] Assertion [ValidateElementAttribute] PASSED. Expected [Value Should not be 'Automation' for the 'text' attribute, element locator 'By.name: q'] and Actual [Automation!@#$%^&*()_+{}[]\';/.,]. Comparison Type [EQUALS]. Validation Type [NEGATIVE]. @22-09-2021 14:20:29.0759 PM
[ReportManager] Successfully created attachment [Screenshot - 1632320429676_assertElementAttribute_false_literalComparison_expectedToPass_ValidateElementAttribute_passed] @22-09-2021 14:20:29.0761 P
[ReportManager] Browser Action [CloseCurrentWindow] successfully performed. @22-09-2021 14:20:29.0905 PM
[ReportManager] Successfully created attachment [Browser Action Test Data - CloseCurrentWindow - Actual Value] @22-09-2021 14:20:29.0906 P
[ReportManager] File Action [GetAbsolutePath] successfully performed. With the following test data [Relative Folder Path: "target/downloadedFiles/"]. @22-09-2021 14:20:29.0912 PM
[ReportManager] Attempting to run remotely on: [Linux-64], [GoogleChrome], [http://localhost:4444/wd/hub], Headless Execution. @22-09-2021 14:20:29.0912 PM
[ReportManager] Successfully Opened [GoogleChrome]. @22-09-2021 14:20:30.0140 PM
[ReportManager] Target URL: [https://www.google.com/ncr], and after redirection: [www.google.com] @22-09-2021 14:20:30.0173 PM
[ReportManager] Initial URL: [data:,] @22-09-2021 14:20:30.0231 PM
[ReportManager] Browser Action [NavigateToURL] successfully performed. With the following test data [https://www.google.com/ncr]. @22-09-2021 14:20:31.0089 P

################################################################################################################################################
Starting Execution:	[15 out of 144] test cases in the current suite
Test Method:		[unitTests.tests_validations_assertions.assertElementAttribute_false_regexComparison_expectedToFail]
################################################################################################################################################
[ReportManager] Element Action [Type] successfully performed. With the following test data [Automation123]. @22-09-2021 14:20:31.0466 PM
[ReportManager] Element Action [GetText] successfully performed. With the following test data [Automation123]. @22-09-2021 14:20:31.0574 PM
[ReportManager] Loaded Shared OpenCV @22-09-2021 14:20:31.0755 PM
[ReportManager] Assertion [ValidateElementAttribute] FAILED. Expected [Value Should not be 'Automation.*' for the 'text' attribute, element locator 'By.name: q'] and Actual [Automation123]. Comparison Type [MATCHES]. Validation Type [NEGATIVE]. @22-09-2021 14:20:31.0838 PM
[ReportManager] Successfully created attachment [Screenshot - 1632320431755_assertElementAttribute_false_regexComparison_expectedToFail_ValidateElementAttribute_failed] @22-09-2021 14:20:31.0839 P
[ReportManager] Browser Action [CloseCurrentWindow] successfully performed. @22-09-2021 14:20:31.0981 PM
[ReportManager] Successfully created attachment [Browser Action Test Data - CloseCurrentWindow - Actual Value] @22-09-2021 14:20:31.0982 P
[ReportManager] File Action [GetAbsolutePath] successfully performed. With the following test data [Relative Folder Path: "target/downloadedFiles/"]. @22-09-2021 14:20:31.0989 PM
[ReportManager] Attempting to run remotely on: [Linux-64], [GoogleChrome], [http://localhost:4444/wd/hub], Headless Execution. @22-09-2021 14:20:31.0989 PM
[ReportManager] Successfully Opened [GoogleChrome]. @22-09-2021 14:20:32.0204 PM
[ReportManager] Target URL: [https://www.google.com/ncr], and after redirection: [www.google.com] @22-09-2021 14:20:32.0221 PM
[ReportManager] Initial URL: [data:,] @22-09-2021 14:20:32.0276 PM
[ReportManager] Browser Action [NavigateToURL] successfully performed. With the following test data [https://www.google.com/ncr]. @22-09-2021 14:20:33.0128 P

################################################################################################################################################
Starting Execution:	[16 out of 144] test cases in the current suite
Test Method:		[unitTests.tests_validations_assertions.assertElementAttribute_false_regexComparison_expectedToPass]
################################################################################################################################################
[ReportManager] Element Action [Type] successfully performed. With the following test data [Automation123]. @22-09-2021 14:20:33.0507 PM
[ReportManager] Element Action [GetText] successfully performed. With the following test data [Automation123]. @22-09-2021 14:20:33.0638 PM
[ReportManager] Loaded Shared OpenCV @22-09-2021 14:20:33.0791 PM
[ReportManager] Assertion [ValidateElementAttribute] PASSED. Expected [Value Should not be 'Automation' for the 'text' attribute, element locator 'By.name: q'] and Actual [Automation123]. Comparison Type [MATCHES]. Validation Type [NEGATIVE]. @22-09-2021 14:20:33.0872 PM
[ReportManager] Successfully created attachment [Screenshot - 1632320433791_assertElementAttribute_false_regexComparison_expectedToPass_ValidateElementAttribute_passed] @22-09-2021 14:20:33.0873 P
[ReportManager] Browser Action [CloseCurrentWindow] successfully performed. @22-09-2021 14:20:34.0030 PM
[ReportManager] Successfully created attachment [Browser Action Test Data - CloseCurrentWindow - Actual Value] @22-09-2021 14:20:34.0031 P
[ReportManager] File Action [GetAbsolutePath] successfully performed. With the following test data [Relative Folder Path: "target/downloadedFiles/"]. @22-09-2021 14:20:34.0041 PM
[ReportManager] Attempting to run remotely on: [Linux-64], [GoogleChrome], [http://localhost:4444/wd/hub], Headless Execution. @22-09-2021 14:20:34.0041 PM
[ReportManager] Successfully Opened [GoogleChrome]. @22-09-2021 14:20:34.0322 PM
[ReportManager] Target URL: [https://www.google.com/ncr], and after redirection: [www.google.com] @22-09-2021 14:20:34.0338 PM
[ReportManager] Initial URL: [data:,] @22-09-2021 14:20:34.0395 PM
[ReportManager] Browser Action [NavigateToURL] successfully performed. With the following test data [https://www.google.com/ncr]. @22-09-2021 14:20:35.0258 P

################################################################################################################################################
Starting Execution:	[17 out of 144] test cases in the current suite
Test Method:		[unitTests.tests_validations_assertions.assertElementAttribute_true_caseInsensitiveComparison_expectedToFail]
################################################################################################################################################
[ReportManager] Element Action [Type] successfully performed. With the following test data [AUTOMATION]. @22-09-2021 14:20:35.0627 PM
[ReportManager] Element Action [GetText] successfully performed. With the following test data [AUTOMATION]. @22-09-2021 14:20:35.0748 PM
[ReportManager] Loaded Shared OpenCV @22-09-2021 14:20:35.0908 PM
[ReportManager] Assertion [ValidateElementAttribute] FAILED. Expected [Value Should be 'AutomaTion123' for the 'text' attribute, element locator 'By.name: q'] and Actual [AUTOMATION]. Comparison Type [CASE_INSENSITIVE]. Validation Type [POSITIVE]. @22-09-2021 14:20:35.0990 PM
[ReportManager] Successfully created attachment [Screenshot - 1632320435908_assertElementAttribute_true_caseInsensitiveComparison_expectedToFail_ValidateElementAttribute_failed] @22-09-2021 14:20:35.0991 P
[ReportManager] Browser Action [CloseCurrentWindow] successfully performed. @22-09-2021 14:20:36.0138 PM
[ReportManager] Successfully created attachment [Browser Action Test Data - CloseCurrentWindow - Actual Value] @22-09-2021 14:20:36.0139 P
[ReportManager] File Action [GetAbsolutePath] successfully performed. With the following test data [Relative Folder Path: "target/downloadedFiles/"]. @22-09-2021 14:20:36.0143 PM
[ReportManager] Attempting to run remotely on: [Linux-64], [GoogleChrome], [http://localhost:4444/wd/hub], Headless Execution. @22-09-2021 14:20:36.0144 PM
[ReportManager] Successfully Opened [GoogleChrome]. @22-09-2021 14:20:36.0369 PM
[ReportManager] Target URL: [https://www.google.com/ncr], and after redirection: [www.google.com] @22-09-2021 14:20:36.0381 PM
[ReportManager] Initial URL: [data:,] @22-09-2021 14:20:36.0425 PM
[ReportManager] Browser Action [NavigateToURL] successfully performed. With the following test data [https://www.google.com/ncr]. @22-09-2021 14:20:37.0429 P

################################################################################################################################################
Starting Execution:	[18 out of 144] test cases in the current suite
Test Method:		[unitTests.tests_validations_assertions.assertElementAttribute_true_caseInsensitiveComparison_expectedToPass]
################################################################################################################################################
[ReportManager] Element Action [Type] successfully performed. With the following test data [AUTOMATION]. @22-09-2021 14:20:37.0806 PM
[ReportManager] Element Action [GetText] successfully performed. With the following test data [AUTOMATION]. @22-09-2021 14:20:37.0909 PM
[ReportManager] Loaded Shared OpenCV @22-09-2021 14:20:38.0078 PM
[ReportManager] Assertion [ValidateElementAttribute] PASSED. Expected [Value Should be 'AutomaTion' for the 'text' attribute, element locator 'By.name: q'] and Actual [AUTOMATION]. Comparison Type [CASE_INSENSITIVE]. Validation Type [POSITIVE]. @22-09-2021 14:20:38.0160 PM
[ReportManager] Successfully created attachment [Screenshot - 1632320438078_assertElementAttribute_true_caseInsensitiveComparison_expectedToPass_ValidateElementAttribute_passed] @22-09-2021 14:20:38.0161 P
[ReportManager] Browser Action [CloseCurrentWindow] successfully performed. @22-09-2021 14:20:38.0294 PM
[ReportManager] Successfully created attachment [Browser Action Test Data - CloseCurrentWindow - Actual Value] @22-09-2021 14:20:38.0295 P
[ReportManager] File Action [GetAbsolutePath] successfully performed. With the following test data [Relative Folder Path: "target/downloadedFiles/"]. @22-09-2021 14:20:38.0297 PM
[ReportManager] Attempting to run remotely on: [Linux-64], [GoogleChrome], [http://localhost:4444/wd/hub], Headless Execution. @22-09-2021 14:20:38.0298 PM
[ReportManager] Successfully Opened [GoogleChrome]. @22-09-2021 14:20:38.0526 PM
[ReportManager] Target URL: [https://www.google.com/ncr], and after redirection: [www.google.com] @22-09-2021 14:20:38.0538 PM
[ReportManager] Initial URL: [data:,] @22-09-2021 14:20:38.0588 PM
[ReportManager] Browser Action [NavigateToURL] successfully performed. With the following test data [https://www.google.com/ncr]. @22-09-2021 14:20:39.0452 P

################################################################################################################################################
Starting Execution:	[19 out of 144] test cases in the current suite
Test Method:		[unitTests.tests_validations_assertions.assertElementAttribute_true_containsComparison_expectedToFail]
################################################################################################################################################
[ReportManager] Element Action [Type] successfully performed. With the following test data [Automation123]. @22-09-2021 14:20:39.0801 PM
[ReportManager] Element Action [GetText] successfully performed. With the following test data [Automation123]. @22-09-2021 14:20:39.0909 PM
[ReportManager] Loaded Shared OpenCV @22-09-2021 14:20:40.0073 PM
[ReportManager] Assertion [ValidateElementAttribute] FAILED. Expected [Value Should be 'Automation1234' for the 'text' attribute, element locator 'By.name: q'] and Actual [Automation123]. Comparison Type [CONTAINS]. Validation Type [POSITIVE]. @22-09-2021 14:20:40.0148 PM
[ReportManager] Successfully created attachment [Screenshot - 1632320440073_assertElementAttribute_true_containsComparison_expectedToFail_ValidateElementAttribute_failed] @22-09-2021 14:20:40.0149 P
[ReportManager] Browser Action [CloseCurrentWindow] successfully performed. @22-09-2021 14:20:40.0296 PM
[ReportManager] Successfully created attachment [Browser Action Test Data - CloseCurrentWindow - Actual Value] @22-09-2021 14:20:40.0297 P
[ReportManager] File Action [GetAbsolutePath] successfully performed. With the following test data [Relative Folder Path: "target/downloadedFiles/"]. @22-09-2021 14:20:40.0301 PM
[ReportManager] Attempting to run remotely on: [Linux-64], [GoogleChrome], [http://localhost:4444/wd/hub], Headless Execution. @22-09-2021 14:20:40.0302 PM
[ReportManager] Successfully Opened [GoogleChrome]. @22-09-2021 14:20:40.0606 PM
[ReportManager] Target URL: [https://www.google.com/ncr], and after redirection: [www.google.com] @22-09-2021 14:20:40.0626 PM
[ReportManager] Initial URL: [data:,] @22-09-2021 14:20:40.0677 PM
[ReportManager] Browser Action [NavigateToURL] successfully performed. With the following test data [https://www.google.com/ncr]. @22-09-2021 14:20:41.0507 P

################################################################################################################################################
Starting Execution:	[20 out of 144] test cases in the current suite
Test Method:		[unitTests.tests_validations_assertions.assertElementAttribute_true_containsComparison_expectedToPass]
################################################################################################################################################
[ReportManager] Element Action [Type] successfully performed. With the following test data [Automation123]. @22-09-2021 14:20:41.0956 PM
[ReportManager] Element Action [GetText] successfully performed. With the following test data [Automation123]. @22-09-2021 14:20:42.0078 PM
[ReportManager] Loaded Shared OpenCV @22-09-2021 14:20:42.0218 PM
[ReportManager] Assertion [ValidateElementAttribute] PASSED. Expected [Value Should be 'Automation' for the 'text' attribute, element locator 'By.name: q'] and Actual [Automation123]. Comparison Type [CONTAINS]. Validation Type [POSITIVE]. @22-09-2021 14:20:42.0305 PM
[ReportManager] Successfully created attachment [Screenshot - 1632320442218_assertElementAttribute_true_containsComparison_expectedToPass_ValidateElementAttribute_passed] @22-09-2021 14:20:42.0306 P
[ReportManager] Browser Action [CloseCurrentWindow] successfully performed. @22-09-2021 14:20:42.0431 PM
[ReportManager] Successfully created attachment [Browser Action Test Data - CloseCurrentWindow - Actual Value] @22-09-2021 14:20:42.0432 P
[ReportManager] File Action [GetAbsolutePath] successfully performed. With the following test data [Relative Folder Path: "target/downloadedFiles/"]. @22-09-2021 14:20:42.0436 PM
[ReportManager] Attempting to run remotely on: [Linux-64], [GoogleChrome], [http://localhost:4444/wd/hub], Headless Execution. @22-09-2021 14:20:42.0436 PM
[ReportManager] Successfully Opened [GoogleChrome]. @22-09-2021 14:20:42.0641 PM
[ReportManager] Target URL: [https://www.google.com/ncr], and after redirection: [www.google.com] @22-09-2021 14:20:42.0655 PM
[ReportManager] Initial URL: [data:,] @22-09-2021 14:20:42.0699 PM
[ReportManager] Browser Action [NavigateToURL] successfully performed. With the following test data [https://www.google.com/ncr]. @22-09-2021 14:20:43.0509 P

################################################################################################################################################
Starting Execution:	[21 out of 144] test cases in the current suite
Test Method:		[unitTests.tests_validations_assertions.assertElementAttribute_true_literalComparison_expectedToFail]
################################################################################################################################################
[ReportManager] Element Action [Type] successfully performed. With the following test data [Automation!@#$%^&*()_+{}[]\';/.,]. @22-09-2021 14:20:44.0006 PM
[ReportManager] Element Action [GetText] successfully performed. With the following test data [Automation!@#$%^&*()_+{}[]\';/.,]. @22-09-2021 14:20:44.0136 PM
[ReportManager] Loaded Shared OpenCV @22-09-2021 14:20:44.0329 PM
[ReportManager] Assertion [ValidateElementAttribute] FAILED. Expected [Value Should be 'Automation' for the 'text' attribute, element locator 'By.name: q'] and Actual [Automation!@#$%^&*()_+{}[]\';/.,]. Comparison Type [EQUALS]. Validation Type [POSITIVE]. @22-09-2021 14:20:44.0421 PM
[ReportManager] Successfully created attachment [Screenshot - 1632320444328_assertElementAttribute_true_literalComparison_expectedToFail_ValidateElementAttribute_failed] @22-09-2021 14:20:44.0422 P
[ReportManager] Browser Action [CloseCurrentWindow] successfully performed. @22-09-2021 14:20:44.0556 PM
[ReportManager] Successfully created attachment [Browser Action Test Data - CloseCurrentWindow - Actual Value] @22-09-2021 14:20:44.0557 P
[ReportManager] File Action [GetAbsolutePath] successfully performed. With the following test data [Relative Folder Path: "target/downloadedFiles/"]. @22-09-2021 14:20:44.0560 PM
[ReportManager] Attempting to run remotely on: [Linux-64], [GoogleChrome], [http://localhost:4444/wd/hub], Headless Execution. @22-09-2021 14:20:44.0560 PM
[ReportManager] Successfully Opened [GoogleChrome]. @22-09-2021 14:20:44.0801 PM
[ReportManager] Target URL: [https://www.google.com/ncr], and after redirection: [www.google.com] @22-09-2021 14:20:44.0814 PM
[ReportManager] Initial URL: [data:,] @22-09-2021 14:20:44.0870 PM
[ReportManager] Browser Action [NavigateToURL] successfully performed. With the following test data [https://www.google.com/ncr]. @22-09-2021 14:20:45.0723 P

################################################################################################################################################
Starting Execution:	[22 out of 144] test cases in the current suite
Test Method:		[unitTests.tests_validations_assertions.assertElementAttribute_true_literalComparison_expectedToPass]
################################################################################################################################################
[ReportManager] Element Action [Type] successfully performed. With the following test data [Automation!@#$%^&*()_+{}[]\';/.,]. @22-09-2021 14:20:46.0198 PM
[ReportManager] Element Action [GetText] successfully performed. With the following test data [Automation!@#$%^&*()_+{}[]\';/.,]. @22-09-2021 14:20:46.0302 PM
[ReportManager] Loaded Shared OpenCV @22-09-2021 14:20:46.0473 PM
[ReportManager] Assertion [ValidateElementAttribute] PASSED. Expected [Value Should be 'Automation!@#$%^&*()_+{}[]\';/.,' for the 'text' attribute, element locator 'By.name: q'] and Actual [Automation!@#$%^&*()_+{}[]\';/.,]. Comparison Type [EQUALS]. Validation Type [POSITIVE]. @22-09-2021 14:20:46.0554 PM
[ReportManager] Successfully created attachment [Screenshot - 1632320446473_assertElementAttribute_true_literalComparison_expectedToPass_ValidateElementAttribute_passed] @22-09-2021 14:20:46.0555 P
[ReportManager] Browser Action [CloseCurrentWindow] successfully performed. @22-09-2021 14:20:46.0686 PM
[ReportManager] Successfully created attachment [Browser Action Test Data - CloseCurrentWindow - Actual Value] @22-09-2021 14:20:46.0688 P
[ReportManager] File Action [GetAbsolutePath] successfully performed. With the following test data [Relative Folder Path: "target/downloadedFiles/"]. @22-09-2021 14:20:46.0695 PM
[ReportManager] Attempting to run remotely on: [Linux-64], [GoogleChrome], [http://localhost:4444/wd/hub], Headless Execution. @22-09-2021 14:20:46.0695 PM
[ReportManager] Successfully Opened [GoogleChrome]. @22-09-2021 14:20:46.0896 PM
[ReportManager] Target URL: [https://www.google.com/ncr], and after redirection: [www.google.com] @22-09-2021 14:20:46.0915 PM
[ReportManager] Initial URL: [data:,] @22-09-2021 14:20:46.0959 PM
[ReportManager] Browser Action [NavigateToURL] successfully performed. With the following test data [https://www.google.com/ncr]. @22-09-2021 14:20:47.0761 P

################################################################################################################################################
Starting Execution:	[23 out of 144] test cases in the current suite
Test Method:		[unitTests.tests_validations_assertions.assertElementAttribute_true_regexComparison_expectedToFail]
################################################################################################################################################
[ReportManager] Element Action [Type] successfully performed. With the following test data [Automation123]. @22-09-2021 14:20:48.0102 PM
[ReportManager] Element Action [GetText] successfully performed. With the following test data [Automation123]. @22-09-2021 14:20:48.0211 PM
[ReportManager] Loaded Shared OpenCV @22-09-2021 14:20:48.0401 PM
[ReportManager] Assertion [ValidateElementAttribute] FAILED. Expected [Value Should be 'Automation' for the 'text' attribute, element locator 'By.name: q'] and Actual [Automation123]. Comparison Type [MATCHES]. Validation Type [POSITIVE]. @22-09-2021 14:20:48.0476 PM
[ReportManager] Successfully created attachment [Screenshot - 1632320448401_assertElementAttribute_true_regexComparison_expectedToFail_ValidateElementAttribute_failed] @22-09-2021 14:20:48.0477 P
[ReportManager] Browser Action [CloseCurrentWindow] successfully performed. @22-09-2021 14:20:48.0604 PM
[ReportManager] Successfully created attachment [Browser Action Test Data - CloseCurrentWindow - Actual Value] @22-09-2021 14:20:48.0606 P
[ReportManager] File Action [GetAbsolutePath] successfully performed. With the following test data [Relative Folder Path: "target/downloadedFiles/"]. @22-09-2021 14:20:48.0609 PM
[ReportManager] Attempting to run remotely on: [Linux-64], [GoogleChrome], [http://localhost:4444/wd/hub], Headless Execution. @22-09-2021 14:20:48.0609 PM
[ReportManager] Successfully Opened [GoogleChrome]. @22-09-2021 14:20:48.0799 PM
[ReportManager] Target URL: [https://www.google.com/ncr], and after redirection: [www.google.com] @22-09-2021 14:20:48.0821 PM
[ReportManager] Initial URL: [data:,] @22-09-2021 14:20:48.0865 PM
[ReportManager] Browser Action [NavigateToURL] successfully performed. With the following test data [https://www.google.com/ncr]. @22-09-2021 14:20:49.0671 P

################################################################################################################################################
Starting Execution:	[24 out of 144] test cases in the current suite
Test Method:		[unitTests.tests_validations_assertions.assertElementAttribute_true_regexComparison_expectedToPass]
################################################################################################################################################
[ReportManager] Element Action [Type] successfully performed. With the following test data [Automation123]. @22-09-2021 14:20:50.0069 PM
[ReportManager] Element Action [GetText] successfully performed. With the following test data [Automation123]. @22-09-2021 14:20:50.0175 PM
[ReportManager] Loaded Shared OpenCV @22-09-2021 14:20:50.0335 PM
[ReportManager] Assertion [ValidateElementAttribute] PASSED. Expected [Value Should be 'Automation.*' for the 'text' attribute, element locator 'By.name: q'] and Actual [Automation123]. Comparison Type [MATCHES]. Validation Type [POSITIVE]. @22-09-2021 14:20:50.0409 PM
[ReportManager] Successfully created attachment [Screenshot - 1632320450335_assertElementAttribute_true_regexComparison_expectedToPass_ValidateElementAttribute_passed] @22-09-2021 14:20:50.0410 P
[ReportManager] Browser Action [CloseCurrentWindow] successfully performed. @22-09-2021 14:20:50.0548 PM
[ReportManager] Successfully created attachment [Browser Action Test Data - CloseCurrentWindow - Actual Value] @22-09-2021 14:20:50.0549 P
[ReportManager] File Action [GetAbsolutePath] successfully performed. With the following test data [Relative Folder Path: "target/downloadedFiles/"]. @22-09-2021 14:20:50.0552 PM
[ReportManager] Attempting to run remotely on: [Linux-64], [GoogleChrome], [http://localhost:4444/wd/hub], Headless Execution. @22-09-2021 14:20:50.0552 PM
[ReportManager] Successfully Opened [GoogleChrome]. @22-09-2021 14:20:50.0764 PM
[ReportManager] Target URL: [https://www.google.com/ncr], and after redirection: [www.google.com] @22-09-2021 14:20:50.0777 PM
[ReportManager] Initial URL: [data:,] @22-09-2021 14:20:50.0825 PM
[ReportManager] Browser Action [NavigateToURL] successfully performed. With the following test data [https://www.google.com/ncr]. @22-09-2021 14:20:51.0650 P

################################################################################################################################################
Starting Execution:	[25 out of 144] test cases in the current suite
Test Method:		[unitTests.tests_validations_assertions.assertElementAttribute_type_true_literalComparison_expectedToPass]
################################################################################################################################################
[ReportManager] Element Action [Type] successfully performed. With the following test data [Automation!@#$%^&*()_+{}[]\';/.,]. @22-09-2021 14:20:52.0135 PM
[ReportManager] Element Action [GetText] successfully performed. With the following test data [Automation!@#$%^&*()_+{}[]\';/.,]. @22-09-2021 14:20:52.0245 PM
[ReportManager] Loaded Shared OpenCV @22-09-2021 14:20:52.0442 PM
[ReportManager] Assertion [ValidateElementAttribute] PASSED. Expected [Value Should be 'Automation!@#$%^&*()_+{}[]\';/.,' for the 'text' attribute, element locator 'By.name: q'] and Actual [Automation!@#$%^&*()_+{}[]\';/.,]. Comparison Type [EQUALS]. Validation Type [POSITIVE]. @22-09-2021 14:20:52.0524 PM
[ReportManager] Successfully created attachment [Screenshot - 1632320452442_assertElementAttribute_type_true_literalComparison_expectedToPass_ValidateElementAttribute_passed] @22-09-2021 14:20:52.0525 P
[ReportManager] Browser Action [CloseCurrentWindow] successfully performed. @22-09-2021 14:20:52.0656 PM
[ReportManager] Successfully created attachment [Browser Action Test Data - CloseCurrentWindow - Actual Value] @22-09-2021 14:20:52.0657 P
[ReportManager] File Action [GetAbsolutePath] successfully performed. With the following test data [Relative Folder Path: "target/downloadedFiles/"]. @22-09-2021 14:20:52.0662 PM
[ReportManager] Attempting to run remotely on: [Linux-64], [GoogleChrome], [http://localhost:4444/wd/hub], Headless Execution. @22-09-2021 14:20:52.0662 PM
[ReportManager] Successfully Opened [GoogleChrome]. @22-09-2021 14:20:52.0883 PM
[ReportManager] Target URL: [https://www.google.com/ncr], and after redirection: [www.google.com] @22-09-2021 14:20:52.0896 PM
[ReportManager] Initial URL: [data:,] @22-09-2021 14:20:52.0943 PM
[ReportManager] Browser Action [NavigateToURL] successfully performed. With the following test data [https://www.google.com/ncr]. @22-09-2021 14:20:53.0730 P

################################################################################################################################################
Starting Execution:	[26 out of 144] test cases in the current suite
Test Method:		[unitTests.tests_validations_assertions.assertElementExists_false_expectedToFail]
################################################################################################################################################
[ReportManager] Loaded Shared OpenCV @22-09-2021 14:20:53.0967 PM
[ReportManager] Assertion [ValidateElementExists] FAILED. Expected [Element Should not Exist, locator 'By.id: hplogo'] and Actual [Element Exists]. Comparison Type [EQUALS]. Validation Type [NEGATIVE]. @22-09-2021 14:20:54.0043 PM
[ReportManager] Successfully created attachment [Screenshot - 1632320453967_assertElementExists_false_expectedToFail_ValidateElementExists_failed] @22-09-2021 14:20:54.0044 P
[ReportManager] Browser Action [CloseCurrentWindow] successfully performed. @22-09-2021 14:20:54.0181 PM
[ReportManager] Successfully created attachment [Browser Action Test Data - CloseCurrentWindow - Actual Value] @22-09-2021 14:20:54.0181 P
[ReportManager] File Action [GetAbsolutePath] successfully performed. With the following test data [Relative Folder Path: "target/downloadedFiles/"]. @22-09-2021 14:20:54.0184 PM
[ReportManager] Attempting to run remotely on: [Linux-64], [GoogleChrome], [http://localhost:4444/wd/hub], Headless Execution. @22-09-2021 14:20:54.0184 PM
[ReportManager] Successfully Opened [GoogleChrome]. @22-09-2021 14:20:54.0512 PM
[ReportManager] Target URL: [https://www.google.com/ncr], and after redirection: [www.google.com] @22-09-2021 14:20:54.0532 PM
[ReportManager] Initial URL: [data:,] @22-09-2021 14:20:54.0577 PM
[ReportManager] Browser Action [NavigateToURL] successfully performed. With the following test data [https://www.google.com/ncr]. @22-09-2021 14:20:55.0470 P

################################################################################################################################################
Starting Execution:	[27 out of 144] test cases in the current suite
Test Method:		[unitTests.tests_validations_assertions.assertElementExists_false_expectedToPass]
################################################################################################################################################
[ReportManager] Assertion [ValidateElementExists] PASSED. Expected [Element Should not Exist, locator 'By.id: fakeElement'] and Actual [Element Doesn't Exists]. Comparison Type [EQUALS]. Validation Type [NEGATIVE]. @22-09-2021 14:21:05.0939 PM
[ReportManager] Successfully created attachment [Screenshot - 1632320465854_assertElementExists_false_expectedToPass_ValidateElementExists_passed] @22-09-2021 14:21:05.0940 P
[ReportManager] Browser Action [CloseCurrentWindow] successfully performed. @22-09-2021 14:21:06.0071 PM
[ReportManager] Successfully created attachment [Browser Action Test Data - CloseCurrentWindow - Actual Value] @22-09-2021 14:21:06.0072 P
[ReportManager] File Action [GetAbsolutePath] successfully performed. With the following test data [Relative Folder Path: "target/downloadedFiles/"]. @22-09-2021 14:21:06.0078 PM
[ReportManager] Attempting to run remotely on: [Linux-64], [GoogleChrome], [http://localhost:4444/wd/hub], Headless Execution. @22-09-2021 14:21:06.0079 PM
[ReportManager] Successfully Opened [GoogleChrome]. @22-09-2021 14:21:06.0295 PM
[ReportManager] Target URL: [https://www.google.com/ncr], and after redirection: [www.google.com] @22-09-2021 14:21:06.0323 PM
[ReportManager] Initial URL: [data:,] @22-09-2021 14:21:06.0377 PM
[ReportManager] Browser Action [NavigateToURL] successfully performed. With the following test data [https://www.google.com/ncr]. @22-09-2021 14:21:07.0222 P

################################################################################################################################################
Starting Execution:	[28 out of 144] test cases in the current suite
Test Method:		[unitTests.tests_validations_assertions.assertElementExists_false_multipleElementsFound_expectedToFail]
################################################################################################################################################
[ReportManager] Assertion [ValidateElementExists] FAILED. Expected [Element Should not Exist, locator 'By.xpath: //div'] and Actual [Element Exists but is not unique]. Comparison Type [EQUALS]. Validation Type [NEGATIVE]. @22-09-2021 14:21:07.0519 PM
[ReportManager] Successfully created attachment [Screenshot - 1632320467451_assertElementExists_false_multipleElementsFound_expectedToFail_ValidateElementExists_failed] @22-09-2021 14:21:07.0520 P
[ReportManager] Browser Action [CloseCurrentWindow] successfully performed. @22-09-2021 14:21:07.0647 PM
[ReportManager] Successfully created attachment [Browser Action Test Data - CloseCurrentWindow - Actual Value] @22-09-2021 14:21:07.0648 P
[ReportManager] File Action [GetAbsolutePath] successfully performed. With the following test data [Relative Folder Path: "target/downloadedFiles/"]. @22-09-2021 14:21:07.0653 PM
[ReportManager] Attempting to run remotely on: [Linux-64], [GoogleChrome], [http://localhost:4444/wd/hub], Headless Execution. @22-09-2021 14:21:07.0653 PM
[ReportManager] Successfully Opened [GoogleChrome]. @22-09-2021 14:21:07.0850 PM
[ReportManager] Target URL: [https://www.google.com/ncr], and after redirection: [www.google.com] @22-09-2021 14:21:07.0869 PM
[ReportManager] Initial URL: [data:,] @22-09-2021 14:21:07.0939 PM
[ReportManager] Browser Action [NavigateToURL] successfully performed. With the following test data [https://www.google.com/ncr]. @22-09-2021 14:21:08.0756 P

################################################################################################################################################
Starting Execution:	[29 out of 144] test cases in the current suite
Test Method:		[unitTests.tests_validations_assertions.assertElementExists_true_expectedToFail]
################################################################################################################################################
[ReportManager] Assertion [ValidateElementExists] FAILED. Expected [Element Should Exist, locator 'By.id: fakeElement'] and Actual [Element Doesn't Exists]. Comparison Type [EQUALS]. Validation Type [POSITIVE]. @22-09-2021 14:21:39.0486 PM
[ReportManager] Successfully created attachment [Screenshot - 1632320499414_assertElementExists_true_expectedToFail_ValidateElementExists_failed] @22-09-2021 14:21:39.0487 P
[ReportManager] Browser Action [CloseCurrentWindow] successfully performed. @22-09-2021 14:21:39.0612 PM
[ReportManager] Successfully created attachment [Browser Action Test Data - CloseCurrentWindow - Actual Value] @22-09-2021 14:21:39.0613 P
[ReportManager] File Action [GetAbsolutePath] successfully performed. With the following test data [Relative Folder Path: "target/downloadedFiles/"]. @22-09-2021 14:21:39.0617 PM
[ReportManager] Attempting to run remotely on: [Linux-64], [GoogleChrome], [http://localhost:4444/wd/hub], Headless Execution. @22-09-2021 14:21:39.0618 PM
[ReportManager] Successfully Opened [GoogleChrome]. @22-09-2021 14:21:39.0813 PM
[ReportManager] Target URL: [https://www.google.com/ncr], and after redirection: [www.google.com] @22-09-2021 14:21:39.0824 PM
[ReportManager] Initial URL: [data:,] @22-09-2021 14:21:39.0863 PM
[ReportManager] Browser Action [NavigateToURL] successfully performed. With the following test data [https://www.google.com/ncr]. @22-09-2021 14:21:40.0667 P

################################################################################################################################################
Starting Execution:	[30 out of 144] test cases in the current suite
Test Method:		[unitTests.tests_validations_assertions.assertElementExists_true_expectedToPass]
################################################################################################################################################
[ReportManager] Loaded Shared OpenCV @22-09-2021 14:21:40.0925 PM
[ReportManager] Assertion [ValidateElementExists] PASSED. Expected [Element Should Exist, locator 'By.xpath: //*[@id='hplogo' or @alt='Google']'] and Actual [Element Exists]. Comparison Type [EQUALS]. Validation Type [POSITIVE]. @22-09-2021 14:21:41.0014 PM
[ReportManager] Successfully created attachment [Screenshot - 1632320500924_assertElementExists_true_expectedToPass_ValidateElementExists_passed] @22-09-2021 14:21:41.0015 P
[ReportManager] Browser Action [CloseCurrentWindow] successfully performed. @22-09-2021 14:21:41.0149 PM
[ReportManager] Successfully created attachment [Browser Action Test Data - CloseCurrentWindow - Actual Value] @22-09-2021 14:21:41.0150 P
[ReportManager] File Action [GetAbsolutePath] successfully performed. With the following test data [Relative Folder Path: "target/downloadedFiles/"]. @22-09-2021 14:21:41.0156 PM
[ReportManager] Attempting to run remotely on: [Linux-64], [GoogleChrome], [http://localhost:4444/wd/hub], Headless Execution. @22-09-2021 14:21:41.0157 PM
[ReportManager] Successfully Opened [GoogleChrome]. @22-09-2021 14:21:41.0367 PM
[ReportManager] Target URL: [https://www.google.com/ncr], and after redirection: [www.google.com] @22-09-2021 14:21:41.0380 PM
[ReportManager] Initial URL: [data:,] @22-09-2021 14:21:41.0426 PM
[ReportManager] Browser Action [NavigateToURL] successfully performed. With the following test data [https://www.google.com/ncr]. @22-09-2021 14:21:42.0232 P

################################################################################################################################################
Starting Execution:	[31 out of 144] test cases in the current suite
Test Method:		[unitTests.tests_validations_assertions.assertElementExists_true_multipleElementsFound_expectedToFail]
################################################################################################################################################
[ReportManager] Assertion [ValidateElementExists] FAILED. Expected [Element Should Exist, locator 'By.xpath: //div'] and Actual [Element Exists but is not unique]. Comparison Type [EQUALS]. Validation Type [POSITIVE]. @22-09-2021 14:21:42.0519 PM
[ReportManager] Successfully created attachment [Screenshot - 1632320502451_assertElementExists_true_multipleElementsFound_expectedToFail_ValidateElementExists_failed] @22-09-2021 14:21:42.0519 P
[ReportManager] Browser Action [CloseCurrentWindow] successfully performed. @22-09-2021 14:21:42.0648 PM
[ReportManager] Successfully created attachment [Browser Action Test Data - CloseCurrentWindow - Actual Value] @22-09-2021 14:21:42.0649 P

################################################################################################################################################
Starting Execution:	[32 out of 144] test cases in the current suite
Test Method:		[unitTests.tests_validations_assertions.assertEquals_false_expectedToFail]
################################################################################################################################################
[ReportManager] Assertion [ValidateEquals] FAILED. Expected [1] and Actual [1]. Comparison Type [EQUALS]. Validation Type [NEGATIVE]. @22-09-2021 14:21:42.0661 P

################################################################################################################################################
Starting Execution:	[33 out of 144] test cases in the current suite
Test Method:		[unitTests.tests_validations_assertions.assertEquals_false_expectedToPass]
################################################################################################################################################
[ReportManager] Assertion [ValidateEquals] PASSED. Expected [1] and Actual [2]. Comparison Type [EQUALS]. Validation Type [NEGATIVE]. @22-09-2021 14:21:42.0664 P

################################################################################################################################################
Starting Execution:	[34 out of 144] test cases in the current suite
Test Method:		[unitTests.tests_validations_assertions.assertEquals_longCharacters]
################################################################################################################################################
[ReportManager] Verification [ValidateEquals] PASSED. Expected and Actual values are attached. Comparison Type [EQUALS]. Validation Type [POSITIVE]. @22-09-2021 14:21:42.0672 PM
[ReportManager] Successfully created attachment [Validation Test Data - Expected Value] @22-09-2021 14:21:42.0672 PM
[ReportManager] Successfully created attachment [Validation Test Data - Actual Value] @22-09-2021 14:21:42.0672 PM
[ReportManager] Assertion [ValidateEquals] PASSED. Expected and Actual values are attached. Comparison Type [EQUALS]. Validation Type [POSITIVE]. @22-09-2021 14:21:42.0672 PM
[ReportManager] Successfully created attachment [Validation Test Data - Expected Value] @22-09-2021 14:21:42.0673 PM
[ReportManager] Successfully created attachment [Validation Test Data - Actual Value] @22-09-2021 14:21:42.0673 P

################################################################################################################################################
Starting Execution:	[35 out of 144] test cases in the current suite
Test Method:		[unitTests.tests_validations_assertions.assertEquals_longCharacters_Discreet]
################################################################################################################################################
[ReportManager] Assertion [ValidateEquals] PASSED. Expected [1LH5pROcDBjjQk0t0mCr0lXuzQu9lcGj28kY8R1H81X67eVAQJgWQhILiRWVPUgZ6uCtK5cnBkF55Jr9vYngjGO1Iyf0Mktv6lruDlL9T8MAUPcUZJGHZtji6nIeadujDSNmWMj5d6C8zlFqw0CRqBU0hO5adIasHgBSNoLotAjce3NGXoDwAlp3rYreeV16VIyZXROQY] and Actual [1LH5pROcDBjjQk0t0mCr0lXuzQu9lcGj28kY8R1H81X67eVAQJgWQhILiRWVPUgZ6uCtK5cnBkF55Jr9vYngjGO1Iyf0Mktv6lruDlL9T8MAUPcUZJGHZtji6nIeadujDSNmWMj5d6C8zlFqw0CRqBU0hO5adIasHgBSNoLotAjce3NGXoDwAlp3rYreeV16VIyZXROQY]. Comparison Type [EQUALS]. Validation Type [POSITIVE]. @22-09-2021 14:21:42.0675 P

################################################################################################################################################
Starting Execution:	[36 out of 144] test cases in the current suite
Test Method:		[unitTests.tests_validations_assertions.assertEquals_true_expectedToFail]
################################################################################################################################################
[ReportManager] Assertion [ValidateEquals] FAILED. Expected [1] and Actual [2]. Comparison Type [EQUALS]. Validation Type [POSITIVE]. @22-09-2021 14:21:42.0678 P

################################################################################################################################################
Starting Execution:	[37 out of 144] test cases in the current suite
Test Method:		[unitTests.tests_validations_assertions.assertEquals_true_expectedToPass]
Test Description:	[Assert that assertEquals works as expected when the two values are equal.]
################################################################################################################################################
[ReportManager] Verification [ValidateEquals] PASSED. Expected [1] and Actual [1]. Comparison Type [EQUALS]. Validation Type [POSITIVE]. @22-09-2021 14:21:42.0692 PM
[ReportManager] Assertion [ValidateEquals] PASSED. Expected [1] and Actual [1]. Comparison Type [EQUALS]. Validation Type [POSITIVE]. @22-09-2021 14:21:42.0692 P

################################################################################################################################################
Starting Execution:	[38 out of 144] test cases in the current suite
Test Method:		[unitTests.tests_validations_assertions.assertEquals_true_expectedToPass__]
################################################################################################################################################
[ReportManager] Assertion [ValidateEquals] PASSED. Expected [1] and Actual [1]. Comparison Type [EQUALS]. Validation Type [POSITIVE]. @22-09-2021 14:21:42.0696 P

################################################################################################################################################
Starting Execution:	[39 out of 144] test cases in the current suite
Test Method:		[unitTests.tests_validations_assertions.assertFileExists_false_expectedToFail]
################################################################################################################################################
[ReportManager] File Action [DoesFileExist] successfully performed. With the following test data [File Path: "src/main/java/com/shaft/gui/element/ElementActions.java"]. @22-09-2021 14:21:42.0701 PM
[ReportManager] Assertion [ValidateFileExists] FAILED. Expected [File 'src/main/java/com/shaft/gui/element/ElementActions.java' should not exist, after up to '1' retries] and Actual [File exists]. Validation Type [NEGATIVE]. @22-09-2021 14:21:42.0705 P

################################################################################################################################################
Starting Execution:	[40 out of 144] test cases in the current suite
Test Method:		[unitTests.tests_validations_assertions.assertFileExists_false_expectedToPass]
################################################################################################################################################
[ReportManager] File Action [DoesFileExist] successfully performed. With the following test data [File Path: "src/main/java/com/shaft/gui/element/ElementActions.java_fail"]. @22-09-2021 14:21:43.0210 PM
[ReportManager] Assertion [ValidateFileExists] PASSED. Expected [File 'src/main/java/com/shaft/gui/element/ElementActions.java_fail' should not exist, after up to '1' retries] and Actual [File does not exist]. Validation Type [NEGATIVE]. @22-09-2021 14:21:43.0210 P

################################################################################################################################################
Starting Execution:	[41 out of 144] test cases in the current suite
Test Method:		[unitTests.tests_validations_assertions.assertFileExists_true_expectedToFail]
################################################################################################################################################
[ReportManager] File Action [DoesFileExist] successfully performed. With the following test data [File Path: "src/main/java/com/shaft/gui/element/ElementActions.java_fail"]. @22-09-2021 14:21:43.0716 PM
[ReportManager] Assertion [ValidateFileExists] FAILED. Expected [File 'src/main/java/com/shaft/gui/element/ElementActions.java_fail' should exist, after up to '1' retries] and Actual [File does not exist]. Validation Type [POSITIVE]. @22-09-2021 14:21:43.0716 P

################################################################################################################################################
Starting Execution:	[42 out of 144] test cases in the current suite
Test Method:		[unitTests.tests_validations_assertions.assertFileExists_true_expectedToPass]
################################################################################################################################################
[ReportManager] File Action [DoesFileExist] successfully performed. With the following test data [File Path: "src/main/java/com/shaft/gui/element/ElementActions.java"]. @22-09-2021 14:21:43.0722 PM
[ReportManager] Assertion [ValidateFileExists] PASSED. Expected [File 'src/main/java/com/shaft/gui/element/ElementActions.java' should exist, after up to '1' retries] and Actual [File exists]. Validation Type [POSITIVE]. @22-09-2021 14:21:43.0723 P

################################################################################################################################################
Starting Execution:	[43 out of 144] test cases in the current suite
Test Method:		[unitTests.tests_validations_assertions.assertNull_false_expectedToFail]
################################################################################################################################################
[ReportManager] Assertion [ValidateNull] FAILED. Expected [NULL] and Actual [NULL]. Comparison Type [EQUALS]. Validation Type [NEGATIVE]. @22-09-2021 14:21:43.0728 P

################################################################################################################################################
Starting Execution:	[44 out of 144] test cases in the current suite
Test Method:		[unitTests.tests_validations_assertions.assertNull_false_expectedToPass]
################################################################################################################################################
[ReportManager] Assertion [ValidateNull] PASSED. Expected [NULL] and Actual [1]. Comparison Type [EQUALS]. Validation Type [NEGATIVE]. @22-09-2021 14:21:43.0731 P

################################################################################################################################################
Starting Execution:	[45 out of 144] test cases in the current suite
Test Method:		[unitTests.tests_validations_assertions.assertNull_true_expectedToFail]
################################################################################################################################################
[ReportManager] Assertion [ValidateNull] FAILED. Expected [NULL] and Actual [1]. Comparison Type [EQUALS]. Validation Type [POSITIVE]. @22-09-2021 14:21:43.0735 P

################################################################################################################################################
Starting Execution:	[46 out of 144] test cases in the current suite
Test Method:		[unitTests.tests_validations_assertions.assertNull_true_expectedToPass]
################################################################################################################################################
[ReportManager] Assertion [ValidateNull] PASSED. Expected [NULL] and Actual [NULL]. Comparison Type [EQUALS]. Validation Type [POSITIVE]. @22-09-2021 14:21:43.0739 P

################################################################################################################################################
Starting Execution:	[47 out of 144] test cases in the current suite
Test Method:		[unitTests.tests_restActions.getPostsAndAssertBodyForSpecificTitle]
################################################################################################################################################
[ReportManager] Response status code: [200], status line: [HTTP/1.1 200 OK] @22-09-2021 14:21:45.0925 PM
[ReportManager] Assertion Passed: Evaluating the actual response status code against the expected one... @22-09-2021 14:21:45.0925 PM
[ReportManager] Assertion [ValidateEquals] PASSED. Expected [200] and Actual [200]. Comparison Type [EQUALS]. Validation Type [POSITIVE]. @22-09-2021 14:21:45.0925 PM
[ReportManager] API Action [PerformRequest] successfully performed. With the following test data [Request Type: "GET" | Target Status Code: "200" | Service URL: "https://jsonplaceholder.typicode.com/posts" | Content Type: "*/*" | Response Time: "717ms"]. @22-09-2021 14:21:47.0146 PM
[ReportManager] Successfully created attachment [API Request - Specifications] @22-09-2021 14:21:47.0146 PM
[ReportManager] Successfully created attachment [API Response - JSON Body] @22-09-2021 14:21:47.0480 PM
[ReportManager] API Action [GetResponseJSONValueAsList] successfully performed. @22-09-2021 14:21:47.0502 PM
[ReportManager] API Action [GetResponseJSONValue] successfully performed. With the following test data [title]. @22-09-2021 14:21:47.0522 PM
[ReportManager] API Action [GetResponseJSONValue] successfully performed. With the following test data [title]. @22-09-2021 14:21:47.0535 PM
[ReportManager] API Action [GetResponseJSONValue] successfully performed. With the following test data [body]. @22-09-2021 14:21:47.0567 PM
[ReportManager] Assertion [ValidateEquals] PASSED. Expected [qui neque nisi nulla] and Actual [est rerum tempore vitae
sequi sint nihil reprehenderit dolor beatae ea dolores neque
fugiat blanditiis voluptate porro vel nihil molestiae ut reiciendis
qui aperiam non debitis possimus qui neque nisi nulla]. Comparison Type [CONTAINS]. Validation Type [POSITIVE]. @22-09-2021 14:21:47.0567 PM
[ReportManager] API Action [GetResponseJSONValue] successfully performed. With the following test data [title]. @22-09-2021 14:21:47.0585 PM
[ReportManager] API Action [GetResponseJSONValue] successfully performed. With the following test data [title]. @22-09-2021 14:21:47.0607 PM
[ReportManager] API Action [GetResponseJSONValue] successfully performed. With the following test data [title]. @22-09-2021 14:21:47.0639 PM
[ReportManager] API Action [GetResponseJSONValue] successfully performed. With the following test data [title]. @22-09-2021 14:21:47.0657 PM
[ReportManager] API Action [GetResponseJSONValue] successfully performed. With the following test data [title]. @22-09-2021 14:21:47.0677 PM
[ReportManager] API Action [GetResponseJSONValue] successfully performed. With the following test data [title]. @22-09-2021 14:21:47.0689 PM
[ReportManager] API Action [GetResponseJSONValue] successfully performed. With the following test data [title]. @22-09-2021 14:21:47.0700 PM
[ReportManager] API Action [GetResponseJSONValue] successfully performed. With the following test data [title]. @22-09-2021 14:21:47.0710 PM
[ReportManager] API Action [GetResponseJSONValue] successfully performed. With the following test data [title]. @22-09-2021 14:21:47.0721 PM
[ReportManager] API Action [GetResponseJSONValue] successfully performed. With the following test data [title]. @22-09-2021 14:21:47.0732 PM
[ReportManager] API Action [GetResponseJSONValue] successfully performed. With the following test data [title]. @22-09-2021 14:21:47.0743 PM
[ReportManager] API Action [GetResponseJSONValue] successfully performed. With the following test data [title]. @22-09-2021 14:21:47.0756 PM
[ReportManager] API Action [GetResponseJSONValue] successfully performed. With the following test data [title]. @22-09-2021 14:21:47.0766 PM
[ReportManager] API Action [GetResponseJSONValue] successfully performed. With the following test data [title]. @22-09-2021 14:21:47.0776 PM
[ReportManager] API Action [GetResponseJSONValue] successfully performed. With the following test data [title]. @22-09-2021 14:21:47.0787 PM
[ReportManager] API Action [GetResponseJSONValue] successfully performed. With the following test data [title]. @22-09-2021 14:21:47.0797 PM
[ReportManager] API Action [GetResponseJSONValue] successfully performed. With the following test data [title]. @22-09-2021 14:21:47.0808 PM
[ReportManager] API Action [GetResponseJSONValue] successfully performed. With the following test data [title]. @22-09-2021 14:21:47.0818 PM
[ReportManager] API Action [GetResponseJSONValue] successfully performed. With the following test data [title]. @22-09-2021 14:21:47.0828 PM
[ReportManager] API Action [GetResponseJSONValue] successfully performed. With the following test data [title]. @22-09-2021 14:21:47.0838 PM
[ReportManager] API Action [GetResponseJSONValue] successfully performed. With the following test data [title]. @22-09-2021 14:21:47.0849 PM
[ReportManager] API Action [GetResponseJSONValue] successfully performed. With the following test data [title]. @22-09-2021 14:21:47.0859 PM
[ReportManager] API Action [GetResponseJSONValue] successfully performed. With the following test data [title]. @22-09-2021 14:21:47.0869 PM
[ReportManager] API Action [GetResponseJSONValue] successfully performed. With the following test data [title]. @22-09-2021 14:21:47.0879 PM
[ReportManager] API Action [GetResponseJSONValue] successfully performed. With the following test data [title]. @22-09-2021 14:21:47.0889 PM
[ReportManager] API Action [GetResponseJSONValue] successfully performed. With the following test data [title]. @22-09-2021 14:21:47.0899 PM
[ReportManager] API Action [GetResponseJSONValue] successfully performed. With the following test data [title]. @22-09-2021 14:21:47.0910 PM
[ReportManager] API Action [GetResponseJSONValue] successfully performed. With the following test data [title]. @22-09-2021 14:21:47.0920 PM
[ReportManager] API Action [GetResponseJSONValue] successfully performed. With the following test data [title]. @22-09-2021 14:21:47.0930 PM
[ReportManager] API Action [GetResponseJSONValue] successfully performed. With the following test data [title]. @22-09-2021 14:21:47.0940 PM
[ReportManager] API Action [GetResponseJSONValue] successfully performed. With the following test data [title]. @22-09-2021 14:21:47.0950 PM
[ReportManager] API Action [GetResponseJSONValue] successfully performed. With the following test data [title]. @22-09-2021 14:21:47.0959 PM
[ReportManager] API Action [GetResponseJSONValue] successfully performed. With the following test data [title]. @22-09-2021 14:21:47.0969 PM
[ReportManager] API Action [GetResponseJSONValue] successfully performed. With the following test data [title]. @22-09-2021 14:21:47.0979 PM
[ReportManager] API Action [GetResponseJSONValue] successfully performed. With the following test data [title]. @22-09-2021 14:21:47.0988 PM
[ReportManager] API Action [GetResponseJSONValue] successfully performed. With the following test data [title]. @22-09-2021 14:21:47.0998 PM
[ReportManager] API Action [GetResponseJSONValue] successfully performed. With the following test data [title]. @22-09-2021 14:21:48.0007 PM
[ReportManager] API Action [GetResponseJSONValue] successfully performed. With the following test data [title]. @22-09-2021 14:21:48.0017 PM
[ReportManager] API Action [GetResponseJSONValue] successfully performed. With the following test data [title]. @22-09-2021 14:21:48.0026 PM
[ReportManager] API Action [GetResponseJSONValue] successfully performed. With the following test data [title]. @22-09-2021 14:21:48.0036 PM
[ReportManager] API Action [GetResponseJSONValue] successfully performed. With the following test data [title]. @22-09-2021 14:21:48.0046 PM
[ReportManager] API Action [GetResponseJSONValue] successfully performed. With the following test data [title]. @22-09-2021 14:21:48.0056 PM
[ReportManager] API Action [GetResponseJSONValue] successfully performed. With the following test data [title]. @22-09-2021 14:21:48.0066 PM
[ReportManager] API Action [GetResponseJSONValue] successfully performed. With the following test data [title]. @22-09-2021 14:21:48.0075 PM
[ReportManager] API Action [GetResponseJSONValue] successfully performed. With the following test data [title]. @22-09-2021 14:21:48.0085 PM
[ReportManager] API Action [GetResponseJSONValue] successfully performed. With the following test data [title]. @22-09-2021 14:21:48.0094 PM
[ReportManager] API Action [GetResponseJSONValue] successfully performed. With the following test data [title]. @22-09-2021 14:21:48.0104 PM
[ReportManager] API Action [GetResponseJSONValue] successfully performed. With the following test data [title]. @22-09-2021 14:21:48.0114 PM
[ReportManager] API Action [GetResponseJSONValue] successfully performed. With the following test data [title]. @22-09-2021 14:21:48.0123 PM
[ReportManager] API Action [GetResponseJSONValue] successfully performed. With the following test data [title]. @22-09-2021 14:21:48.0133 PM
[ReportManager] API Action [GetResponseJSONValue] successfully performed. With the following test data [title]. @22-09-2021 14:21:48.0142 PM
[ReportManager] API Action [GetResponseJSONValue] successfully performed. With the following test data [title]. @22-09-2021 14:21:48.0151 PM
[ReportManager] API Action [GetResponseJSONValue] successfully performed. With the following test data [title]. @22-09-2021 14:21:48.0160 PM
[ReportManager] API Action [GetResponseJSONValue] successfully performed. With the following test data [title]. @22-09-2021 14:21:48.0169 PM
[ReportManager] API Action [GetResponseJSONValue] successfully performed. With the following test data [title]. @22-09-2021 14:21:48.0177 PM
[ReportManager] API Action [GetResponseJSONValue] successfully performed. With the following test data [title]. @22-09-2021 14:21:48.0187 PM
[ReportManager] API Action [GetResponseJSONValue] successfully performed. With the following test data [title]. @22-09-2021 14:21:48.0196 PM
[ReportManager] API Action [GetResponseJSONValue] successfully performed. With the following test data [title]. @22-09-2021 14:21:48.0205 PM
[ReportManager] API Action [GetResponseJSONValue] successfully performed. With the following test data [title]. @22-09-2021 14:21:48.0214 PM
[ReportManager] API Action [GetResponseJSONValue] successfully performed. With the following test data [title]. @22-09-2021 14:21:48.0239 PM
[ReportManager] API Action [GetResponseJSONValue] successfully performed. With the following test data [title]. @22-09-2021 14:21:48.0248 PM
[ReportManager] API Action [GetResponseJSONValue] successfully performed. With the following test data [title]. @22-09-2021 14:21:48.0273 PM
[ReportManager] API Action [GetResponseJSONValue] successfully performed. With the following test data [title]. @22-09-2021 14:21:48.0303 PM
[ReportManager] API Action [GetResponseJSONValue] successfully performed. With the following test data [title]. @22-09-2021 14:21:48.0318 PM
[ReportManager] API Action [GetResponseJSONValue] successfully performed. With the following test data [title]. @22-09-2021 14:21:48.0336 PM
[ReportManager] API Action [GetResponseJSONValue] successfully performed. With the following test data [title]. @22-09-2021 14:21:48.0359 PM
[ReportManager] API Action [GetResponseJSONValue] successfully performed. With the following test data [title]. @22-09-2021 14:21:48.0377 PM
[ReportManager] API Action [GetResponseJSONValue] successfully performed. With the following test data [title]. @22-09-2021 14:21:48.0401 PM
[ReportManager] API Action [GetResponseJSONValue] successfully performed. With the following test data [title]. @22-09-2021 14:21:48.0419 PM
[ReportManager] API Action [GetResponseJSONValue] successfully performed. With the following test data [title]. @22-09-2021 14:21:48.0445 PM
[ReportManager] API Action [GetResponseJSONValue] successfully performed. With the following test data [title]. @22-09-2021 14:21:48.0463 PM
[ReportManager] API Action [GetResponseJSONValue] successfully performed. With the following test data [title]. @22-09-2021 14:21:48.0484 PM
[ReportManager] API Action [GetResponseJSONValue] successfully performed. With the following test data [title]. @22-09-2021 14:21:48.0510 PM
[ReportManager] API Action [GetResponseJSONValue] successfully performed. With the following test data [title]. @22-09-2021 14:21:48.0519 PM
[ReportManager] API Action [GetResponseJSONValue] successfully performed. With the following test data [title]. @22-09-2021 14:21:48.0547 PM
[ReportManager] API Action [GetResponseJSONValue] successfully performed. With the following test data [title]. @22-09-2021 14:21:48.0584 PM
[ReportManager] API Action [GetResponseJSONValue] successfully performed. With the following test data [title]. @22-09-2021 14:21:48.0594 PM
[ReportManager] API Action [GetResponseJSONValue] successfully performed. With the following test data [title]. @22-09-2021 14:21:48.0603 PM
[ReportManager] API Action [GetResponseJSONValue] successfully performed. With the following test data [title]. @22-09-2021 14:21:48.0612 PM
[ReportManager] API Action [GetResponseJSONValue] successfully performed. With the following test data [title]. @22-09-2021 14:21:48.0621 PM
[ReportManager] API Action [GetResponseJSONValue] successfully performed. With the following test data [title]. @22-09-2021 14:21:48.0630 PM
[ReportManager] API Action [GetResponseJSONValue] successfully performed. With the following test data [title]. @22-09-2021 14:21:48.0638 PM
[ReportManager] API Action [GetResponseJSONValue] successfully performed. With the following test data [title]. @22-09-2021 14:21:48.0646 PM
[ReportManager] API Action [GetResponseJSONValue] successfully performed. With the following test data [title]. @22-09-2021 14:21:48.0654 PM
[ReportManager] API Action [GetResponseJSONValue] successfully performed. With the following test data [title]. @22-09-2021 14:21:48.0663 PM
[ReportManager] API Action [GetResponseJSONValue] successfully performed. With the following test data [title]. @22-09-2021 14:21:48.0671 PM
[ReportManager] API Action [GetResponseJSONValue] successfully performed. With the following test data [title]. @22-09-2021 14:21:48.0680 PM
[ReportManager] API Action [GetResponseJSONValue] successfully performed. With the following test data [title]. @22-09-2021 14:21:48.0689 PM
[ReportManager] API Action [GetResponseJSONValue] successfully performed. With the following test data [title]. @22-09-2021 14:21:48.0697 PM
[ReportManager] API Action [GetResponseJSONValue] successfully performed. With the following test data [title]. @22-09-2021 14:21:48.0706 PM
[ReportManager] API Action [GetResponseJSONValue] successfully performed. With the following test data [title]. @22-09-2021 14:21:48.0713 PM
[ReportManager] API Action [GetResponseJSONValue] successfully performed. With the following test data [title]. @22-09-2021 14:21:48.0737 PM
[ReportManager] API Action [GetResponseJSONValue] successfully performed. With the following test data [title]. @22-09-2021 14:21:48.0757 PM
[ReportManager] API Action [GetResponseJSONValue] successfully performed. With the following test data [title]. @22-09-2021 14:21:48.0770 PM
[ReportManager] API Action [GetResponseJSONValue] successfully performed. With the following test data [title]. @22-09-2021 14:21:48.0792 PM
[ReportManager] API Action [GetResponseJSONValue] successfully performed. With the following test data [title]. @22-09-2021 14:21:48.0812 PM
[ReportManager] API Action [GetResponseJSONValue] successfully performed. With the following test data [title]. @22-09-2021 14:21:48.0828 PM
[ReportManager] API Action [GetResponseJSONValue] successfully performed. With the following test data [title]. @22-09-2021 14:21:48.0836 P

################################################################################################################################################
Starting Execution:	[48 out of 144] test cases in the current suite
Test Method:		[unitTests.tests_restActions.validateUserEmail]
################################################################################################################################################
[ReportManager] Response status code: [200], status line: [HTTP/1.1 200 OK] @22-09-2021 14:21:48.0890 PM
[ReportManager] Assertion Passed: Evaluating the actual response status code against the expected one... @22-09-2021 14:21:48.0891 PM
[ReportManager] Assertion [ValidateEquals] PASSED. Expected [200] and Actual [200]. Comparison Type [EQUALS]. Validation Type [POSITIVE]. @22-09-2021 14:21:48.0891 PM
[ReportManager] API Action [PerformRequest] successfully performed. With the following test data [Request Type: "GET" | Target Status Code: "200" | Service URL: "https://jsonplaceholder.typicode.com/users" | Content Type: "*/*" | Response Time: "44ms"]. @22-09-2021 14:21:48.0914 PM
[ReportManager] Successfully created attachment [API Request - Specifications] @22-09-2021 14:21:48.0915 PM
[ReportManager] Successfully created attachment [API Response - JSON Body] @22-09-2021 14:21:48.0915 PM
[ReportManager] Assertion [ValidateEquals] PASSED. Expected and Actual values are attached. Comparison Type [CONTAINS]. Validation Type [POSITIVE]. @22-09-2021 14:21:48.0916 PM
[ReportManager] Successfully created attachment [Validation Test Data - Expected Value] @22-09-2021 14:21:48.0916 PM
[ReportManager] Successfully created attachment [Validation Test Data - Actual Value] @22-09-2021 14:21:48.0916 PM
[ReportManager] API Action [GetResponseJSONValueAsList] successfully performed. With the following test data [$]. @22-09-2021 14:21:48.0920 PM
[ReportManager] API Action [GetResponseJSONValue] successfully performed. With the following test data [name]. @22-09-2021 14:21:48.0937 PM
[ReportManager] API Action [GetResponseJSONValue] successfully performed. With the following test data [email]. @22-09-2021 14:21:48.0945 PM
[ReportManager] Assertion [ValidateEquals] PASSED. Expected [Sincere@april.biz] and Actual [Sincere@april.biz]. Comparison Type [EQUALS]. Validation Type [POSITIVE]. @22-09-2021 14:21:48.0946 PM
[ReportManager] API Action [GetResponseJSONValue] successfully performed. With the following test data [name]. @22-09-2021 14:21:48.0955 PM
[ReportManager] API Action [GetResponseJSONValue] successfully performed. With the following test data [name]. @22-09-2021 14:21:48.0962 PM
[ReportManager] API Action [GetResponseJSONValue] successfully performed. With the following test data [name]. @22-09-2021 14:21:48.0971 PM
[ReportManager] API Action [GetResponseJSONValue] successfully performed. With the following test data [name]. @22-09-2021 14:21:48.0978 PM
[ReportManager] API Action [GetResponseJSONValue] successfully performed. With the following test data [name]. @22-09-2021 14:21:48.0987 PM
[ReportManager] API Action [GetResponseJSONValue] successfully performed. With the following test data [name]. @22-09-2021 14:21:48.0994 PM
[ReportManager] API Action [GetResponseJSONValue] successfully performed. With the following test data [name]. @22-09-2021 14:21:49.0001 PM
[ReportManager] API Action [GetResponseJSONValue] successfully performed. With the following test data [name]. @22-09-2021 14:21:49.0010 PM
[ReportManager] API Action [GetResponseJSONValue] successfully performed. With the following test data [name]. @22-09-2021 14:21:49.0017 P
[ReportManager] File Action [GetAbsolutePath] successfully performed. With the following test data [Relative Folder Path: "target/downloadedFiles/"]. @22-09-2021 14:21:49.0028 PM
[ReportManager] Attempting to run remotely on: [Linux-64], [GoogleChrome], [http://localhost:4444/wd/hub], Headless Execution. @22-09-2021 14:21:49.0028 PM
[ReportManager] Successfully Opened [GoogleChrome]. @22-09-2021 14:21:49.0261 P

################################################################################################################################################
Starting Execution:	[49 out of 144] test cases in the current suite
Test Method:		[unitTests.tests_element_elementActions.waitForElementToBePresent_false_expectedToFail]
################################################################################################################################################
[ReportManager] Target URL: [https://www.google.com/ncr], and after redirection: [www.google.com] @22-09-2021 14:21:49.0278 PM
[ReportManager] Initial URL: [data:,] @22-09-2021 14:21:49.0332 PM
[ReportManager] Browser Action [NavigateToURL] successfully performed. With the following test data [https://www.google.com/ncr]. @22-09-2021 14:21:50.0224 PM
[ReportManager] Waiting for element to be present; elementLocator [By.xpath: //*[@id='hplogo' or @alt='Google']], numberOfTries[1], stateOfPresence[false]... @22-09-2021 14:21:50.0231 PM
[ReportManager] Element Action [WaitForElementToBePresent] failed. With the following test data [waited for the element's state of presence to be (false). Element locator (By.xpath: //*[@id='hplogo' or @alt='Google'])]. @22-09-2021 14:21:50.0469 PM
[ReportManager] Successfully created attachment [Screenshot - 1632320510401_waitForElementToBePresent_false_expectedToFail_WaitForElementToBePresent_failed] @22-09-2021 14:21:50.0470 P
[ReportManager] Browser Action [CloseCurrentWindow] successfully performed. @22-09-2021 14:21:50.0602 PM
[ReportManager] Successfully created attachment [Browser Action Test Data - CloseCurrentWindow - Actual Value] @22-09-2021 14:21:50.0604 P
[ReportManager] File Action [GetAbsolutePath] successfully performed. With the following test data [Relative Folder Path: "target/downloadedFiles/"]. @22-09-2021 14:21:50.0610 PM
[ReportManager] Attempting to run remotely on: [Linux-64], [GoogleChrome], [http://localhost:4444/wd/hub], Headless Execution. @22-09-2021 14:21:50.0611 PM
[ReportManager] Successfully Opened [GoogleChrome]. @22-09-2021 14:21:50.0811 P

################################################################################################################################################
Starting Execution:	[50 out of 144] test cases in the current suite
Test Method:		[unitTests.tests_element_elementActions.waitForElementToBePresent_false_expectedToPass]
################################################################################################################################################
[ReportManager] Target URL: [https://www.google.com/ncr], and after redirection: [www.google.com] @22-09-2021 14:21:50.0833 PM
[ReportManager] Initial URL: [data:,] @22-09-2021 14:21:50.0877 PM
[ReportManager] Browser Action [NavigateToURL] successfully performed. With the following test data [https://www.google.com/ncr]. @22-09-2021 14:21:51.0719 PM
[ReportManager] Waiting for element to be present; elementLocator [By.id: bla], numberOfTries[1], stateOfPresence[false]... @22-09-2021 14:21:51.0719 PM
[ReportManager] Element Action [WaitForElementToBePresent] successfully performed. With the following test data [waited for the element's state of presence to be (false). Element locator (By.id: bla)]. @22-09-2021 14:21:56.0850 P
[ReportManager] Browser Action [CloseCurrentWindow] successfully performed. @22-09-2021 14:21:56.0976 PM
[ReportManager] Successfully created attachment [Browser Action Test Data - CloseCurrentWindow - Actual Value] @22-09-2021 14:21:56.0977 P
[ReportManager] File Action [GetAbsolutePath] successfully performed. With the following test data [Relative Folder Path: "target/downloadedFiles/"]. @22-09-2021 14:21:56.0980 PM
[ReportManager] Attempting to run remotely on: [Linux-64], [GoogleChrome], [http://localhost:4444/wd/hub], Headless Execution. @22-09-2021 14:21:56.0980 PM
[ReportManager] Successfully Opened [GoogleChrome]. @22-09-2021 14:21:57.0193 P

################################################################################################################################################
Starting Execution:	[51 out of 144] test cases in the current suite
Test Method:		[unitTests.tests_element_elementActions.waitForElementToBePresent_moreThanOneElement_expectedToFail]
################################################################################################################################################
[ReportManager] Target URL: [https://www.google.com/ncr], and after redirection: [www.google.com] @22-09-2021 14:21:57.0211 PM
[ReportManager] Initial URL: [data:,] @22-09-2021 14:21:57.0270 PM
[ReportManager] Browser Action [NavigateToURL] successfully performed. With the following test data [https://www.google.com/ncr]. @22-09-2021 14:21:58.0135 PM
[ReportManager] Waiting for element to be present; elementLocator [By.xpath: //*], numberOfTries[1], stateOfPresence[false]... @22-09-2021 14:21:58.0136 PM
[ReportManager] Element Action [WaitForElementToBePresent] failed. With the following test data [waited for the element's state of presence to be (false). Element locator (By.xpath: //*)]. @22-09-2021 14:21:58.0408 PM
[ReportManager] Successfully created attachment [Screenshot - 1632320518340_waitForElementToBePresent_moreThanOneElement_expectedToFail_WaitForElementToBePresent_failed] @22-09-2021 14:21:58.0409 P
[ReportManager] Browser Action [CloseCurrentWindow] successfully performed. @22-09-2021 14:21:58.0564 PM
[ReportManager] Successfully created attachment [Browser Action Test Data - CloseCurrentWindow - Actual Value] @22-09-2021 14:21:58.0565 P
[ReportManager] File Action [GetAbsolutePath] successfully performed. With the following test data [Relative Folder Path: "target/downloadedFiles/"]. @22-09-2021 14:21:58.0568 PM
[ReportManager] Attempting to run remotely on: [Linux-64], [GoogleChrome], [http://localhost:4444/wd/hub], Headless Execution. @22-09-2021 14:21:58.0568 PM
[ReportManager] Successfully Opened [GoogleChrome]. @22-09-2021 14:21:58.0784 P

################################################################################################################################################
Starting Execution:	[52 out of 144] test cases in the current suite
Test Method:		[unitTests.tests_element_elementActions.waitForElementToBePresent_true_expectedToFail]
################################################################################################################################################
[ReportManager] Target URL: [https://www.google.com/ncr], and after redirection: [www.google.com] @22-09-2021 14:21:58.0808 PM
[ReportManager] Initial URL: [data:,] @22-09-2021 14:21:58.0850 PM
[ReportManager] Browser Action [NavigateToURL] successfully performed. With the following test data [https://www.google.com/ncr]. @22-09-2021 14:22:00.0106 PM
[ReportManager] Waiting for element to be present; elementLocator [By.id: bla], numberOfTries[1], stateOfPresence[true]... @22-09-2021 14:22:00.0106 PM
[ReportManager] Element Action [WaitForElementToBePresent] failed. With the following test data [waited for the element's state of presence to be (true). Element locator (By.id: bla)]. @22-09-2021 14:22:05.0389 PM
[ReportManager] Successfully created attachment [Screenshot - 1632320525315_waitForElementToBePresent_true_expectedToFail_WaitForElementToBePresent_failed] @22-09-2021 14:22:05.0393 P
[ReportManager] Browser Action [CloseCurrentWindow] successfully performed. @22-09-2021 14:22:05.0517 PM
[ReportManager] Successfully created attachment [Browser Action Test Data - CloseCurrentWindow - Actual Value] @22-09-2021 14:22:05.0518 P
[ReportManager] File Action [GetAbsolutePath] successfully performed. With the following test data [Relative Folder Path: "target/downloadedFiles/"]. @22-09-2021 14:22:05.0522 PM
[ReportManager] Attempting to run remotely on: [Linux-64], [GoogleChrome], [http://localhost:4444/wd/hub], Headless Execution. @22-09-2021 14:22:05.0522 PM
[ReportManager] Successfully Opened [GoogleChrome]. @22-09-2021 14:22:05.0741 P

################################################################################################################################################
Starting Execution:	[53 out of 144] test cases in the current suite
Test Method:		[unitTests.tests_element_elementActions.waitForElementToBePresent_true_expectedToPass]
################################################################################################################################################
[ReportManager] Target URL: [https://www.google.com/ncr], and after redirection: [www.google.com] @22-09-2021 14:22:05.0762 PM
[ReportManager] Initial URL: [data:,] @22-09-2021 14:22:05.0804 PM
[ReportManager] Browser Action [NavigateToURL] successfully performed. With the following test data [https://www.google.com/ncr]. @22-09-2021 14:22:06.0652 PM
[ReportManager] Waiting for element to be present; elementLocator [By.xpath: //*[@id='hplogo' or @alt='Google']], numberOfTries[1], stateOfPresence[true]... @22-09-2021 14:22:06.0652 PM
[ReportManager] Element Action [WaitForElementToBePresent] successfully performed. With the following test data [waited for the element's state of presence to be (true). Element locator (By.xpath: //*[@id='hplogo' or @alt='Google'])]. @22-09-2021 14:22:06.0716 PM
[ReportManager] File Action [DoesFileExist] successfully performed. With the following test data [File Path: "src/test/resources/DynamicObjectRepository/unitTests_tests_element_elementActions_waitForElementToBePresent_true_expectedToPass_By_xpath_id_hplogo_or_alt_Google.png"]. @22-09-2021 14:22:06.0720 PM
[ReportManager] File Action [DoesFileExist] successfully performed. With the following test data [File Path: "src/test/resources/DynamicObjectRepository/unitTests_tests_element_elementActions_waitForElementToBePresent_true_expectedToPass_By_xpath_id_hplogo_or_alt_Google.png"]. @22-09-2021 14:22:06.0971 PM
[ReportManager] Passing the test and saving a reference image @22-09-2021 14:22:06.0971 PM
[ReportManager] File Action [GetAbsolutePath] successfully performed. With the following test data [Relative File Path: "src/test/resources/DynamicObjectRepository/unitTests_tests_element_elementActions_waitForElementToBePresent_true_expectedToPass_By_xpath_id_hplogo_or_alt_Google.png"]. @22-09-2021 14:22:06.0971 PM
[ReportManager] File Action [WriteToFile] successfully performed. With the following test data [Target File Path: "/home/runner/work/SHAFT_ENGINE/SHAFT_ENGINE/src/test/resources/DynamicObjectRepository/unitTests_tests_element_elementActions_waitForElementToBePresent_true_expectedToPass_By_xpath_id_hplogo_or_alt_Google.png"]. @22-09-2021 14:22:06.0974 PM
[ReportManager] Assertion Passed: Using Visual AI; OpenCV @22-09-2021 14:22:06.0975 PM
[ReportManager] Successfully created attachment [Validation Test Data - Actual Screenshot] @22-09-2021 14:22:06.0976 PM
[ReportManager] Assertion [ValidateElementMatches] PASSED. Expected [Element should match the reference screenshot] and Actual [TRUE]. Comparison Type [EXACT_OPENCV]. Validation Type [POSITIVE]. @22-09-2021 14:22:06.0976 P
[ReportManager] Browser Action [CloseCurrentWindow] successfully performed. @22-09-2021 14:22:07.0117 PM
[ReportManager] Successfully created attachment [Browser Action Test Data - CloseCurrentWindow - Actual Value] @22-09-2021 14:22:07.0117 P
[ReportManager] File Action [GetAbsolutePath] successfully performed. With the following test data [Relative Folder Path: "target/downloadedFiles/"]. @22-09-2021 14:22:07.0128 PM
[ReportManager] Attempting to run remotely on: [Linux-64], [GoogleChrome], [http://localhost:4444/wd/hub], Headless Execution. @22-09-2021 14:22:07.0128 PM
[ReportManager] Successfully Opened [GoogleChrome]. @22-09-2021 14:22:07.0359 PM
[ReportManager] Target URL: [https://duckduckgo.com] @22-09-2021 14:22:07.0371 PM
[ReportManager] Initial URL: [data:,] @22-09-2021 14:22:07.0417 PM
[ReportManager] Browser Action [NavigateToURL] successfully performed. With the following test data [https://duckduckgo.com]. @22-09-2021 14:22:08.0025 P

################################################################################################################################################
Starting Execution:	[54 out of 144] test cases in the current suite
Test Method:		[unitTests.tests_browserActions.fullScreenWindow]
################################################################################################################################################
[ReportManager] Initial Windows Size: 800x600 @22-09-2021 14:22:08.0038 PM
[ReportManager] Initial window size: (800, 600) @22-09-2021 14:22:08.0041 PM
[ReportManager] Window size after Toolkit: (1920, 1080) @22-09-2021 14:22:08.0266 PM
[ReportManager] Browser Action [MaximizeWindow] successfully performed. With the following test data [New screen size is now: (1920, 1080)]. @22-09-2021 14:22:08.0269 PM
[ReportManager] Current Windows Size after fullScreen: 1920x1080 @22-09-2021 14:22:08.0274 PM
[ReportManager] Browser Action [FullScreenWindow] successfully performed. @22-09-2021 14:22:08.0291 PM
[ReportManager] Successfully created attachment [Browser Action Test Data - FullScreenWindow - Actual Value] @22-09-2021 14:22:08.0293 P
[ReportManager] Target URL: [https://duckduckgo.com] @22-09-2021 14:22:08.0296 PM
[ReportManager] Initial URL: [https://duckduckgo.com] @22-09-2021 14:22:08.0359 PM
[ReportManager] Browser Action [NavigateToURL] successfully performed. With the following test data [https://duckduckgo.com]. @22-09-2021 14:22:08.0737 PM
[ReportManager] Browser Action [CloseCurrentWindow] successfully performed. @22-09-2021 14:22:08.0833 PM
[ReportManager] Successfully created attachment [Browser Action Test Data - CloseCurrentWindow - Actual Value] @22-09-2021 14:22:08.0841 P
[ReportManager] File Action [GetAbsolutePath] successfully performed. With the following test data [Relative Folder Path: "target/downloadedFiles/"]. @22-09-2021 14:22:08.0848 PM
[ReportManager] Attempting to run remotely on: [Linux-64], [GoogleChrome], [http://localhost:4444/wd/hub], Headless Execution. @22-09-2021 14:22:08.0848 PM
[ReportManager] Successfully Opened [GoogleChrome]. @22-09-2021 14:22:09.0052 PM
[ReportManager] Target URL: [https://duckduckgo.com] @22-09-2021 14:22:09.0063 PM
[ReportManager] Initial URL: [data:,] @22-09-2021 14:22:09.0109 PM
[ReportManager] Browser Action [NavigateToURL] successfully performed. With the following test data [https://duckduckgo.com]. @22-09-2021 14:22:09.0713 P

################################################################################################################################################
Starting Execution:	[55 out of 144] test cases in the current suite
Test Method:		[unitTests.tests_browserActions.getCurrentURL]
################################################################################################################################################
[ReportManager] Browser Action [GetCurrentURL] successfully performed. With the following test data [https://duckduckgo.com/]. @22-09-2021 14:22:09.0755 P
[ReportManager] Target URL: [https://duckduckgo.com] @22-09-2021 14:22:09.0757 PM
[ReportManager] Initial URL: [https://duckduckgo.com] @22-09-2021 14:22:09.0818 PM
[ReportManager] Browser Action [NavigateToURL] successfully performed. With the following test data [https://duckduckgo.com]. @22-09-2021 14:22:10.0163 PM
[ReportManager] Browser Action [CloseCurrentWindow] successfully performed. @22-09-2021 14:22:10.0260 PM
[ReportManager] Successfully created attachment [Browser Action Test Data - CloseCurrentWindow - Actual Value] @22-09-2021 14:22:10.0260 P
[ReportManager] File Action [GetAbsolutePath] successfully performed. With the following test data [Relative Folder Path: "target/downloadedFiles/"]. @22-09-2021 14:22:10.0263 PM
[ReportManager] Attempting to run remotely on: [Linux-64], [GoogleChrome], [http://localhost:4444/wd/hub], Headless Execution. @22-09-2021 14:22:10.0263 PM
[ReportManager] Successfully Opened [GoogleChrome]. @22-09-2021 14:22:10.0459 PM
[ReportManager] Target URL: [https://duckduckgo.com] @22-09-2021 14:22:10.0478 PM
[ReportManager] Initial URL: [data:,] @22-09-2021 14:22:10.0548 PM
[ReportManager] Browser Action [NavigateToURL] successfully performed. With the following test data [https://duckduckgo.com]. @22-09-2021 14:22:11.0303 P

################################################################################################################################################
Starting Execution:	[56 out of 144] test cases in the current suite
Test Method:		[unitTests.tests_browserActions.getCurrentWindowTitle]
################################################################################################################################################
[ReportManager] Browser Action [GetCurrentWindowTitle] successfully performed. With the following test data [DuckDuckGo  Privacy, simplified.]. @22-09-2021 14:22:11.0343 P
[ReportManager] Target URL: [https://duckduckgo.com] @22-09-2021 14:22:11.0348 PM
[ReportManager] Initial URL: [https://duckduckgo.com] @22-09-2021 14:22:11.0441 PM
[ReportManager] Browser Action [NavigateToURL] successfully performed. With the following test data [https://duckduckgo.com]. @22-09-2021 14:22:11.0802 PM
[ReportManager] Browser Action [CloseCurrentWindow] successfully performed. @22-09-2021 14:22:11.0938 PM
[ReportManager] Successfully created attachment [Browser Action Test Data - CloseCurrentWindow - Actual Value] @22-09-2021 14:22:11.0938 P
[ReportManager] File Action [GetAbsolutePath] successfully performed. With the following test data [Relative Folder Path: "target/downloadedFiles/"]. @22-09-2021 14:22:11.0941 PM
[ReportManager] Attempting to run remotely on: [Linux-64], [GoogleChrome], [http://localhost:4444/wd/hub], Headless Execution. @22-09-2021 14:22:11.0941 PM
[ReportManager] Successfully Opened [GoogleChrome]. @22-09-2021 14:22:12.0339 PM
[ReportManager] Target URL: [https://duckduckgo.com] @22-09-2021 14:22:12.0364 PM
[ReportManager] Initial URL: [data:,] @22-09-2021 14:22:12.0403 PM
[ReportManager] Browser Action [NavigateToURL] successfully performed. With the following test data [https://duckduckgo.com]. @22-09-2021 14:22:12.0982 P

################################################################################################################################################
Starting Execution:	[57 out of 144] test cases in the current suite
Test Method:		[unitTests.tests_browserActions.getPageSource]
################################################################################################################################################
[ReportManager] Browser Action [GetPageSource] successfully performed. @22-09-2021 14:22:13.0033 PM
[ReportManager] Successfully created attachment [Browser Action Test Data - GetPageSource - Actual Value] @22-09-2021 14:22:13.0034 P
[ReportManager] Target URL: [https://duckduckgo.com] @22-09-2021 14:22:13.0036 PM
[ReportManager] Initial URL: [https://duckduckgo.com] @22-09-2021 14:22:13.0100 PM
[ReportManager] Browser Action [NavigateToURL] successfully performed. With the following test data [https://duckduckgo.com]. @22-09-2021 14:22:13.0417 PM
[ReportManager] Browser Action [CloseCurrentWindow] successfully performed. @22-09-2021 14:22:13.0514 PM
[ReportManager] Successfully created attachment [Browser Action Test Data - CloseCurrentWindow - Actual Value] @22-09-2021 14:22:13.0515 P
[ReportManager] File Action [GetAbsolutePath] successfully performed. With the following test data [Relative Folder Path: "target/downloadedFiles/"]. @22-09-2021 14:22:13.0523 PM
[ReportManager] Attempting to run remotely on: [Linux-64], [GoogleChrome], [http://localhost:4444/wd/hub], Headless Execution. @22-09-2021 14:22:13.0523 PM
[ReportManager] Successfully Opened [GoogleChrome]. @22-09-2021 14:22:13.0740 PM
[ReportManager] Target URL: [https://duckduckgo.com] @22-09-2021 14:22:13.0750 PM
[ReportManager] Initial URL: [data:,] @22-09-2021 14:22:13.0787 PM
[ReportManager] Browser Action [NavigateToURL] successfully performed. With the following test data [https://duckduckgo.com]. @22-09-2021 14:22:14.0252 P

################################################################################################################################################
Starting Execution:	[58 out of 144] test cases in the current suite
Test Method:		[unitTests.tests_browserActions.getWindowHandle]
################################################################################################################################################
[ReportManager] Browser Action [GetWindowHandle] successfully performed. With the following test data [CDwindow-A428A4A8CBCADB1B5D70B99FF261E20E]. @22-09-2021 14:22:14.0295 P
[ReportManager] Target URL: [https://duckduckgo.com] @22-09-2021 14:22:14.0298 PM
[ReportManager] Initial URL: [https://duckduckgo.com] @22-09-2021 14:22:14.0351 PM
[ReportManager] Browser Action [NavigateToURL] successfully performed. With the following test data [https://duckduckgo.com]. @22-09-2021 14:22:14.0649 PM
[ReportManager] Browser Action [CloseCurrentWindow] successfully performed. @22-09-2021 14:22:14.0748 PM
[ReportManager] Successfully created attachment [Browser Action Test Data - CloseCurrentWindow - Actual Value] @22-09-2021 14:22:14.0748 P
[ReportManager] File Action [GetAbsolutePath] successfully performed. With the following test data [Relative Folder Path: "target/downloadedFiles/"]. @22-09-2021 14:22:14.0766 PM
[ReportManager] Attempting to run remotely on: [Linux-64], [GoogleChrome], [http://localhost:4444/wd/hub], Headless Execution. @22-09-2021 14:22:14.0766 PM
[ReportManager] Successfully Opened [GoogleChrome]. @22-09-2021 14:22:14.0959 PM
[ReportManager] Target URL: [https://duckduckgo.com] @22-09-2021 14:22:14.0977 PM
[ReportManager] Initial URL: [data:,] @22-09-2021 14:22:15.0018 PM
[ReportManager] Browser Action [NavigateToURL] successfully performed. With the following test data [https://duckduckgo.com]. @22-09-2021 14:22:15.0522 P

################################################################################################################################################
Starting Execution:	[59 out of 144] test cases in the current suite
Test Method:		[unitTests.tests_browserActions.getWindowPosition]
################################################################################################################################################
[ReportManager] Browser Action [GetWindowPosition] successfully performed. With the following test data [(0, 0)]. @22-09-2021 14:22:15.0561 P
[ReportManager] Target URL: [https://duckduckgo.com] @22-09-2021 14:22:15.0564 PM
[ReportManager] Initial URL: [https://duckduckgo.com] @22-09-2021 14:22:15.0626 PM
[ReportManager] Browser Action [NavigateToURL] successfully performed. With the following test data [https://duckduckgo.com]. @22-09-2021 14:22:15.0935 PM
[ReportManager] Browser Action [CloseCurrentWindow] successfully performed. @22-09-2021 14:22:16.0036 PM
[ReportManager] Successfully created attachment [Browser Action Test Data - CloseCurrentWindow - Actual Value] @22-09-2021 14:22:16.0037 P
[ReportManager] File Action [GetAbsolutePath] successfully performed. With the following test data [Relative Folder Path: "target/downloadedFiles/"]. @22-09-2021 14:22:16.0039 PM
[ReportManager] Attempting to run remotely on: [Linux-64], [GoogleChrome], [http://localhost:4444/wd/hub], Headless Execution. @22-09-2021 14:22:16.0040 PM
[ReportManager] Successfully Opened [GoogleChrome]. @22-09-2021 14:22:16.0250 PM
[ReportManager] Target URL: [https://duckduckgo.com] @22-09-2021 14:22:16.0272 PM
[ReportManager] Initial URL: [data:,] @22-09-2021 14:22:16.0310 PM
[ReportManager] Browser Action [NavigateToURL] successfully performed. With the following test data [https://duckduckgo.com]. @22-09-2021 14:22:16.0811 P

################################################################################################################################################
Starting Execution:	[60 out of 144] test cases in the current suite
Test Method:		[unitTests.tests_browserActions.getWindowSize]
################################################################################################################################################
[ReportManager] Browser Action [GetWindowSize] successfully performed. With the following test data [(800, 600)]. @22-09-2021 14:22:16.0848 P
[ReportManager] Target URL: [https://duckduckgo.com] @22-09-2021 14:22:16.0849 PM
[ReportManager] Initial URL: [https://duckduckgo.com] @22-09-2021 14:22:16.0905 PM
[ReportManager] Browser Action [NavigateToURL] successfully performed. With the following test data [https://duckduckgo.com]. @22-09-2021 14:22:17.0213 PM
[ReportManager] Browser Action [CloseCurrentWindow] successfully performed. @22-09-2021 14:22:17.0312 PM
[ReportManager] Successfully created attachment [Browser Action Test Data - CloseCurrentWindow - Actual Value] @22-09-2021 14:22:17.0313 P
[ReportManager] File Action [GetAbsolutePath] successfully performed. With the following test data [Relative Folder Path: "target/downloadedFiles/"]. @22-09-2021 14:22:17.0314 PM
[ReportManager] Attempting to run remotely on: [Linux-64], [GoogleChrome], [http://localhost:4444/wd/hub], Headless Execution. @22-09-2021 14:22:17.0315 PM
[ReportManager] Successfully Opened [GoogleChrome]. @22-09-2021 14:22:17.0504 PM
[ReportManager] Target URL: [https://duckduckgo.com] @22-09-2021 14:22:17.0518 PM
[ReportManager] Initial URL: [data:,] @22-09-2021 14:22:17.0571 PM
[ReportManager] Browser Action [NavigateToURL] successfully performed. With the following test data [https://duckduckgo.com]. @22-09-2021 14:22:18.0051 P

################################################################################################################################################
Starting Execution:	[61 out of 144] test cases in the current suite
Test Method:		[unitTests.tests_browserActions.maximizeWindow]
################################################################################################################################################
[ReportManager] Initial window size: (800, 600) @22-09-2021 14:22:18.0061 PM
[ReportManager] Window size after Toolkit: (1920, 1080) @22-09-2021 14:22:18.0283 PM
[ReportManager] Browser Action [MaximizeWindow] successfully performed. With the following test data [New screen size is now: (1920, 1080)]. @22-09-2021 14:22:18.0285 P
[ReportManager] Target URL: [https://duckduckgo.com] @22-09-2021 14:22:18.0287 PM
[ReportManager] Initial URL: [https://duckduckgo.com] @22-09-2021 14:22:18.0362 PM
[ReportManager] Browser Action [NavigateToURL] successfully performed. With the following test data [https://duckduckgo.com]. @22-09-2021 14:22:18.0678 PM
[ReportManager] Browser Action [CloseCurrentWindow] successfully performed. @22-09-2021 14:22:18.0775 PM
[ReportManager] Successfully created attachment [Browser Action Test Data - CloseCurrentWindow - Actual Value] @22-09-2021 14:22:18.0776 P
[ReportManager] File Action [GetAbsolutePath] successfully performed. With the following test data [Relative Folder Path: "target/downloadedFiles/"]. @22-09-2021 14:22:18.0778 PM
[ReportManager] Attempting to run remotely on: [Linux-64], [GoogleChrome], [http://localhost:4444/wd/hub], Headless Execution. @22-09-2021 14:22:18.0779 PM
[ReportManager] Successfully Opened [GoogleChrome]. @22-09-2021 14:22:19.0033 PM
[ReportManager] Target URL: [https://duckduckgo.com] @22-09-2021 14:22:19.0043 PM
[ReportManager] Initial URL: [data:,] @22-09-2021 14:22:19.0082 PM
[ReportManager] Browser Action [NavigateToURL] successfully performed. With the following test data [https://duckduckgo.com]. @22-09-2021 14:22:19.0545 P

################################################################################################################################################
Starting Execution:	[62 out of 144] test cases in the current suite
Test Method:		[unitTests.tests_browserActions.navigateBack]
################################################################################################################################################
[ReportManager] Target URL: [https://www.google.com/ncr], and after redirection: [https://www.google.com] @22-09-2021 14:22:19.0549 PM
[ReportManager] Initial URL: [https://duckduckgo.com] @22-09-2021 14:22:19.0607 PM
[ReportManager] Browser Action [NavigateToURL] successfully performed. With the following test data [https://www.google.com/ncr]. @22-09-2021 14:22:20.0427 PM
[ReportManager] Browser Action [NavigateBack] successfully performed. With the following test data [https://duckduckgo.com/]. @22-09-2021 14:22:20.0768 PM
[ReportManager] Browser Action [GetCurrentURL] successfully performed. With the following test data [https://duckduckgo.com/]. @22-09-2021 14:22:20.0809 PM
[ReportManager] Assertion Passed: Confirming that navigating back was successful @22-09-2021 14:22:20.0944 PM
[ReportManager] Successfully created attachment [Screenshot - 1632320540883_navigateBack_ValidateBrowserAttribute_passed] @22-09-2021 14:22:20.0945 PM
[ReportManager] Assertion [ValidateBrowserAttribute] PASSED. Expected [Value Should be 'https://duckduckgo.com' for the 'CurrentUrl' attribute] and Actual [https://duckduckgo.com/]. Comparison Type [CONTAINS]. Validation Type [POSITIVE]. @22-09-2021 14:22:20.0945 P
[ReportManager] Target URL: [https://duckduckgo.com] @22-09-2021 14:22:20.0950 PM
[ReportManager] Initial URL: [https://duckduckgo.com] @22-09-2021 14:22:21.0007 PM
[ReportManager] Browser Action [NavigateToURL] successfully performed. With the following test data [https://duckduckgo.com]. @22-09-2021 14:22:21.0332 PM
[ReportManager] Browser Action [CloseCurrentWindow] successfully performed. @22-09-2021 14:22:21.0426 PM
[ReportManager] Successfully created attachment [Browser Action Test Data - CloseCurrentWindow - Actual Value] @22-09-2021 14:22:21.0427 P
[ReportManager] File Action [GetAbsolutePath] successfully performed. With the following test data [Relative Folder Path: "target/downloadedFiles/"]. @22-09-2021 14:22:21.0431 PM
[ReportManager] Attempting to run remotely on: [Linux-64], [GoogleChrome], [http://localhost:4444/wd/hub], Headless Execution. @22-09-2021 14:22:21.0432 PM
[ReportManager] Successfully Opened [GoogleChrome]. @22-09-2021 14:22:21.0633 PM
[ReportManager] Target URL: [https://duckduckgo.com] @22-09-2021 14:22:21.0660 PM
[ReportManager] Initial URL: [data:,] @22-09-2021 14:22:21.0698 PM
[ReportManager] Browser Action [NavigateToURL] successfully performed. With the following test data [https://duckduckgo.com]. @22-09-2021 14:22:22.0157 P

################################################################################################################################################
Starting Execution:	[63 out of 144] test cases in the current suite
Test Method:		[unitTests.tests_browserActions.navigateForward]
################################################################################################################################################
[ReportManager] Target URL: [https://www.google.com/ncr], and after redirection: [https://www.google.com] @22-09-2021 14:22:22.0164 PM
[ReportManager] Initial URL: [https://duckduckgo.com] @22-09-2021 14:22:22.0218 PM
[ReportManager] Browser Action [NavigateToURL] successfully performed. With the following test data [https://www.google.com/ncr]. @22-09-2021 14:22:23.0001 PM
[ReportManager] Browser Action [NavigateBack] successfully performed. With the following test data [https://duckduckgo.com/]. @22-09-2021 14:22:23.0336 PM
[ReportManager] Browser Action [NavigateForward] successfully performed. With the following test data [https://www.google.com/]. @22-09-2021 14:22:23.0747 P
[ReportManager] Target URL: [https://duckduckgo.com] @22-09-2021 14:22:23.0752 PM
[ReportManager] Initial URL: [https://www.google.com] @22-09-2021 14:22:23.0830 PM
[ReportManager] Browser Action [NavigateToURL] successfully performed. With the following test data [https://duckduckgo.com]. @22-09-2021 14:22:24.0271 PM
[ReportManager] Browser Action [CloseCurrentWindow] successfully performed. @22-09-2021 14:22:24.0368 PM
[ReportManager] Successfully created attachment [Browser Action Test Data - CloseCurrentWindow - Actual Value] @22-09-2021 14:22:24.0369 P
[ReportManager] File Action [GetAbsolutePath] successfully performed. With the following test data [Relative Folder Path: "target/downloadedFiles/"]. @22-09-2021 14:22:24.0371 PM
[ReportManager] Attempting to run remotely on: [Linux-64], [GoogleChrome], [http://localhost:4444/wd/hub], Headless Execution. @22-09-2021 14:22:24.0371 PM
[ReportManager] Successfully Opened [GoogleChrome]. @22-09-2021 14:22:24.0588 PM
[ReportManager] Target URL: [https://duckduckgo.com] @22-09-2021 14:22:24.0599 PM
[ReportManager] Initial URL: [data:,] @22-09-2021 14:22:24.0639 PM
[ReportManager] Browser Action [NavigateToURL] successfully performed. With the following test data [https://duckduckgo.com]. @22-09-2021 14:22:25.0132 P

################################################################################################################################################
Starting Execution:	[64 out of 144] test cases in the current suite
Test Method:		[unitTests.tests_browserActions.navigateToURL]
################################################################################################################################################
[ReportManager] Target URL: [https://duckduckgo.com] @22-09-2021 14:22:25.0137 PM
[ReportManager] Initial URL: [https://duckduckgo.com] @22-09-2021 14:22:25.0190 PM
[ReportManager] Browser Action [NavigateToURL] successfully performed. With the following test data [https://duckduckgo.com]. @22-09-2021 14:22:25.0482 P
[ReportManager] Target URL: [https://duckduckgo.com] @22-09-2021 14:22:25.0486 PM
[ReportManager] Initial URL: [https://duckduckgo.com] @22-09-2021 14:22:25.0536 PM
[ReportManager] Browser Action [NavigateToURL] successfully performed. With the following test data [https://duckduckgo.com]. @22-09-2021 14:22:25.0824 PM
[ReportManager] Browser Action [CloseCurrentWindow] successfully performed. @22-09-2021 14:22:25.0943 PM
[ReportManager] Successfully created attachment [Browser Action Test Data - CloseCurrentWindow - Actual Value] @22-09-2021 14:22:25.0944 P
[ReportManager] File Action [GetAbsolutePath] successfully performed. With the following test data [Relative Folder Path: "target/downloadedFiles/"]. @22-09-2021 14:22:25.0946 PM
[ReportManager] Attempting to run remotely on: [Linux-64], [GoogleChrome], [http://localhost:4444/wd/hub], Headless Execution. @22-09-2021 14:22:25.0946 PM
[ReportManager] Successfully Opened [GoogleChrome]. @22-09-2021 14:22:26.0161 PM
[ReportManager] Target URL: [https://duckduckgo.com] @22-09-2021 14:22:26.0172 PM
[ReportManager] Initial URL: [data:,] @22-09-2021 14:22:26.0211 PM
[ReportManager] Browser Action [NavigateToURL] successfully performed. With the following test data [https://duckduckgo.com]. @22-09-2021 14:22:26.0687 P

################################################################################################################################################
Starting Execution:	[65 out of 144] test cases in the current suite
Test Method:		[unitTests.tests_browserActions.navigateToURLWithRedirection]
################################################################################################################################################
[ReportManager] Target URL: [https://www.google.com/ncr], and after redirection: [https://www.google.com] @22-09-2021 14:22:26.0690 PM
[ReportManager] Initial URL: [https://duckduckgo.com] @22-09-2021 14:22:26.0759 PM
[ReportManager] Browser Action [NavigateToURL] successfully performed. With the following test data [https://www.google.com/ncr]. @22-09-2021 14:22:27.0563 P
[ReportManager] Target URL: [https://duckduckgo.com] @22-09-2021 14:22:27.0565 PM
[ReportManager] Initial URL: [https://www.google.com] @22-09-2021 14:22:27.0644 PM
[ReportManager] Browser Action [NavigateToURL] successfully performed. With the following test data [https://duckduckgo.com]. @22-09-2021 14:22:28.0136 PM
[ReportManager] Browser Action [CloseCurrentWindow] successfully performed. @22-09-2021 14:22:28.0232 PM
[ReportManager] Successfully created attachment [Browser Action Test Data - CloseCurrentWindow - Actual Value] @22-09-2021 14:22:28.0233 P
[ReportManager] File Action [GetAbsolutePath] successfully performed. With the following test data [Relative Folder Path: "target/downloadedFiles/"]. @22-09-2021 14:22:28.0235 PM
[ReportManager] Attempting to run remotely on: [Linux-64], [GoogleChrome], [http://localhost:4444/wd/hub], Headless Execution. @22-09-2021 14:22:28.0235 PM
[ReportManager] Successfully Opened [GoogleChrome]. @22-09-2021 14:22:28.0430 PM
[ReportManager] Target URL: [https://duckduckgo.com] @22-09-2021 14:22:28.0440 PM
[ReportManager] Initial URL: [data:,] @22-09-2021 14:22:28.0480 PM
[ReportManager] Browser Action [NavigateToURL] successfully performed. With the following test data [https://duckduckgo.com]. @22-09-2021 14:22:28.0955 P

################################################################################################################################################
Starting Execution:	[66 out of 144] test cases in the current suite
Test Method:		[unitTests.tests_browserActions.refreshCurrentPage]
################################################################################################################################################
[ReportManager] Browser Action [RefreshCurrentPage] successfully performed. @22-09-2021 14:22:29.0157 PM
[ReportManager] Successfully created attachment [Browser Action Test Data - RefreshCurrentPage - Actual Value] @22-09-2021 14:22:29.0158 P
[ReportManager] Target URL: [https://duckduckgo.com] @22-09-2021 14:22:29.0162 PM
[ReportManager] Initial URL: [https://duckduckgo.com] @22-09-2021 14:22:29.0229 PM
[ReportManager] Browser Action [NavigateToURL] successfully performed. With the following test data [https://duckduckgo.com]. @22-09-2021 14:22:29.0517 PM
[ReportManager] Browser Action [CloseCurrentWindow] successfully performed. @22-09-2021 14:22:29.0624 PM
[ReportManager] Successfully created attachment [Browser Action Test Data - CloseCurrentWindow - Actual Value] @22-09-2021 14:22:29.0625 P
[ReportManager] File Action [GetAbsolutePath] successfully performed. With the following test data [Relative Folder Path: "target/downloadedFiles/"]. @22-09-2021 14:22:29.0627 PM
[ReportManager] Attempting to run remotely on: [Linux-64], [GoogleChrome], [http://localhost:4444/wd/hub], Headless Execution. @22-09-2021 14:22:29.0627 PM
[ReportManager] Successfully Opened [GoogleChrome]. @22-09-2021 14:22:29.0826 PM
[ReportManager] Target URL: [https://duckduckgo.com] @22-09-2021 14:22:29.0837 PM
[ReportManager] Initial URL: [data:,] @22-09-2021 14:22:29.0877 PM
[ReportManager] Browser Action [NavigateToURL] successfully performed. With the following test data [https://duckduckgo.com]. @22-09-2021 14:22:30.0363 P

################################################################################################################################################
Starting Execution:	[67 out of 144] test cases in the current suite
Test Method:		[unitTests.tests_browserActions.setWindowSize]
################################################################################################################################################
[ReportManager] Initial window size: (800, 600) @22-09-2021 14:22:30.0375 PM
[ReportManager] Window size after SWD: (1280, 720) @22-09-2021 14:22:30.0595 PM
[ReportManager] Browser Action [SetWindowSize] successfully performed. With the following test data [New screen size is now: (1280, 720)]. @22-09-2021 14:22:30.0596 P
[ReportManager] Target URL: [https://duckduckgo.com] @22-09-2021 14:22:30.0600 PM
[ReportManager] Initial URL: [https://duckduckgo.com] @22-09-2021 14:22:30.0669 PM
[ReportManager] Browser Action [NavigateToURL] successfully performed. With the following test data [https://duckduckgo.com]. @22-09-2021 14:22:30.0992 PM
[ReportManager] Browser Action [CloseCurrentWindow] successfully performed. @22-09-2021 14:22:31.0094 PM
[ReportManager] Successfully created attachment [Browser Action Test Data - CloseCurrentWindow - Actual Value] @22-09-2021 14:22:31.0095 P
[ReportManager] Successfully loaded the following test data file [src/test/resources/TestDataFiles/testSuite01/TestData.xlsx]. @22-09-2021 14:22:31.0975 PM
[ReportManager] Successfully created attachment [Test Data - Excel] @22-09-2021 14:22:31.0976 P

################################################################################################################################################
Starting Execution:	[68 out of 144] test cases in the current suite
Test Method:		[unitTests.tests_io_excelFileManager.getCellData_rowName_expectedToPass]
################################################################################################################################################
[ReportManager] testRowData. @22-09-2021 14:22:31.0992 P
[ReportManager] Successfully loaded the following test data file [src/test/resources/TestDataFiles/testSuite01/TestData.xlsx]. @22-09-2021 14:22:32.0046 PM
[ReportManager] Successfully created attachment [Test Data - Excel] @22-09-2021 14:22:32.0046 PM
[ReportManager] File Action [GetAbsolutePath] successfully performed. With the following test data [Relative Folder Path: "target/downloadedFiles/"]. @22-09-2021 14:22:32.0047 PM
[ReportManager] Attempting to run remotely on: [Linux-64], [GoogleChrome], [http://localhost:4444/wd/hub], Headless Execution. @22-09-2021 14:22:32.0047 PM
[ReportManager] Successfully Opened [GoogleChrome]. @22-09-2021 14:22:32.0357 P

################################################################################################################################################
Starting Execution:	[69 out of 144] test cases in the current suite
Test Method:		[testPackage01.Test_google.navigateToURLandVerifyGoogleLogoIsDisplayed]
Test Description:	[TC001 - Navigate to URL and Verify Google Logo is Displayed]
################################################################################################################################################
[ReportManager] Target URL: [https://www.google.com/ncr], and after redirection: [https://www.google.com] @22-09-2021 14:22:32.0377 PM
[ReportManager] Initial URL: [data:,] @22-09-2021 14:22:32.0417 PM
[ReportManager] Browser Action [NavigateToURL] successfully performed. With the following test data [https://www.google.com/ncr]. @22-09-2021 14:22:33.0238 PM
[ReportManager] Loaded Shared OpenCV @22-09-2021 14:22:33.0480 PM
[ReportManager] Assertion [ValidateElementExists] PASSED. Expected [Element Should Exist, locator 'By.xpath: //*[@id='hplogo' or @alt='Google']'] and Actual [Element Exists]. Comparison Type [EQUALS]. Validation Type [POSITIVE]. @22-09-2021 14:22:33.0558 PM
[ReportManager] Successfully created attachment [Screenshot - 1632320553480_navigateToURLandVerifyGoogleLogoIsDisplayed_ValidateElementExists_passed] @22-09-2021 14:22:33.0559 P

################################################################################################################################################
Starting Execution:	[70 out of 144] test cases in the current suite
Test Method:		[testPackage01.Test_google.searchForQueryandAssertResultsNumDisplayed]
Test Description:	[TC002 - Search for Query and Assert that the number of results is displayed]
################################################################################################################################################
[ReportManager] Element Action [Type] successfully performed. With the following test data [SHAFT_Engine]. @22-09-2021 14:22:33.0938 PM
[ReportManager] Element Action [KeyPress] successfully performed. With the following test data [Enter]. @22-09-2021 14:22:35.0498 PM
[ReportManager] Element Action [GetText] successfully performed. With the following test data [About 1,030,000 results (0.78 seconds) ]. @22-09-2021 14:22:35.0585 PM
[ReportManager] Loaded Shared OpenCV @22-09-2021 14:22:35.0783 PM
[ReportManager] Assertion [ValidateElementAttribute] PASSED. Expected [Value Should not be '' for the 'Text' attribute, element locator 'By.id: appbar'] and Actual [About 1,030,000 results (0.78 seconds) ]. Comparison Type [EQUALS]. Validation Type [NEGATIVE]. @22-09-2021 14:22:35.0877 PM
[ReportManager] Successfully created attachment [Screenshot - 1632320555783_searchForQueryandAssertResultsNumDisplayed_ValidateElementAttribute_passed] @22-09-2021 14:22:35.0878 P

################################################################################################################################################
Starting Execution:	[71 out of 144] test cases in the current suite
Test Method:		[testPackage01.Test_google.clickNextThrice]
Test Description:	[TC003 - Clicks the next button to make sure that the framework can scroll element into view before clicking it]
################################################################################################################################################
[ReportManager] Element Action [Click] successfully performed. With the following test data [Next]. @22-09-2021 14:22:37.0411 P
[ReportManager] Browser Action [CloseCurrentWindow] successfully performed. @22-09-2021 14:22:37.0598 PM
[ReportManager] Successfully created attachment [Browser Action Test Data - CloseCurrentWindow - Actual Value] @22-09-2021 14:22:37.0600 P

################################################################################################################################################
Starting Execution:	[72 out of 144] test cases in the current suite
Test Method:		[testPackage01.Test_testData.f]
################################################################################################################################################
[ReportManager] Successfully loaded the following test data file [src/test/resources/TestDataFiles/testSuite01/TestData.xlsx]. @22-09-2021 14:22:37.0645 PM
[ReportManager] Successfully created attachment [Test Data - Excel] @22-09-2021 14:22:37.0645 PM
[ReportManager] Last Column Number is: [3]. Zero-based. @22-09-2021 14:22:37.0646 P

################################################################################################################################################
Starting Execution:	[73 out of 144] test cases in the current suite
Test Method:		[testPackage01.Test_PDF.testPDF_Downloaded]
################################################################################################################################################
[ReportManager] File Action [DoesFileExist] successfully performed. With the following test data [File Path: "src/test/resources/TestDataFiles/sample.pdf"]. @22-09-2021 14:22:37.0653 PM
[ReportManager] File Action [GetAbsolutePath] successfully performed. With the following test data [Relative File Path: "src/test/resources/TestDataFiles/sample.pdf"]. @22-09-2021 14:22:37.0654 PM
[ReportManager] Assertion [ValidateTrue] PASSED. Expected [TRUE] and Actual [TRUE]. Validation Type [POSITIVE]. @22-09-2021 14:22:38.0050 P

################################################################################################################################################
Starting Execution:	[74 out of 144] test cases in the current suite
Test Method:		[testPackage01.Test_JSONFileManager.readStringFromJson]
################################################################################################################################################
[ReportManager] Successfully loaded the following test data file [src/test/resources/TestDataFiles/simpleJSON.json]. @22-09-2021 14:22:38.0057 PM
[ReportManager] Successfully created attachment [Test Data - JSON] @22-09-2021 14:22:38.0058 PM
[ReportManager] Assertion [ValidateEquals] PASSED. Expected [Mohab Mohie] and Actual [Mohab Mohie]. Comparison Type [EQUALS]. Validation Type [POSITIVE]. @22-09-2021 14:22:38.0078 P
[ReportManager] File Action [GetAbsolutePath] successfully performed. With the following test data [Relative Folder Path: "target/downloadedFiles/"]. @22-09-2021 14:22:38.0080 PM
[ReportManager] Attempting to run remotely on: [Linux-64], [GoogleChrome], [http://localhost:4444/wd/hub], Headless Execution. @22-09-2021 14:22:38.0080 PM
[ReportManager] Successfully Opened [GoogleChrome]. @22-09-2021 14:22:38.0294 P

################################################################################################################################################
Starting Execution:	[75 out of 144] test cases in the current suite
Test Method:		[testPackage01.Test_dragAndDrop.dragAndDropJquery]
################################################################################################################################################
[ReportManager] Target URL: [https://jqueryui.com/resources/demos/droppable/default.html] @22-09-2021 14:22:38.0309 PM
[ReportManager] Initial URL: [data:,] @22-09-2021 14:22:38.0363 PM
[ReportManager] Browser Action [NavigateToURL] successfully performed. With the following test data [https://jqueryui.com/resources/demos/droppable/default.html]. @22-09-2021 14:22:38.0729 PM
[ReportManager] Element Action [GetText] successfully performed. With the following test data [Drop here]. @22-09-2021 14:22:38.0807 PM
[ReportManager] Element Action [DragAndDrop] successfully performed. With the following test data [Start point: (8, 18), End point: (8, 18)]. @22-09-2021 14:22:40.0178 PM
[ReportManager] Element Action [GetText] successfully performed. With the following test data [Dropped!]. @22-09-2021 14:22:40.0246 PM
[ReportManager] Assertion Passed: Checking to see if the text has changed after performing drag and drop @22-09-2021 14:22:40.0246 PM
[ReportManager] Assertion [ValidateEquals] PASSED. Expected [Drop here] and Actual [Dropped!]. Comparison Type [EQUALS]. Validation Type [NEGATIVE]. @22-09-2021 14:22:40.0246 P
[ReportManager] Browser Action [CloseCurrentWindow] successfully performed. @22-09-2021 14:22:40.0388 PM
[ReportManager] Successfully created attachment [Browser Action Test Data - CloseCurrentWindow - Actual Value] @22-09-2021 14:22:40.0390 P
[ReportManager] File Action [GetAbsolutePath] successfully performed. With the following test data [Relative Folder Path: "target/downloadedFiles/"]. @22-09-2021 14:22:40.0394 PM
[ReportManager] Attempting to run remotely on: [Linux-64], [GoogleChrome], [http://localhost:4444/wd/hub], Headless Execution. @22-09-2021 14:22:40.0395 PM
[ReportManager] Successfully Opened [GoogleChrome]. @22-09-2021 14:22:40.0586 P

################################################################################################################################################
Starting Execution:	[76 out of 144] test cases in the current suite
Test Method:		[testPackage01.Test_dragAndDrop.dragAndDrop]
Test Description:	[TC001 - Test Drag and Drop function.]
################################################################################################################################################
[ReportManager] Target URL: [http://the-internet.herokuapp.com/drag_and_drop] @22-09-2021 14:22:40.0601 PM
[ReportManager] Initial URL: [data:,] @22-09-2021 14:22:40.0647 PM
[ReportManager] Browser Action [NavigateToURL] successfully performed. With the following test data [http://the-internet.herokuapp.com/drag_and_drop]. @22-09-2021 14:22:41.0004 PM
[ReportManager] Attempting Drag and Drop @22-09-2021 14:22:41.0005 PM
[ReportManager] Element Action [DragAndDrop] successfully performed. With the following test data [Start point: (32, 89), End point: (247, 89)]. @22-09-2021 14:22:42.0198 P
[ReportManager] Browser Action [CloseCurrentWindow] successfully performed. @22-09-2021 14:22:42.0290 PM
[ReportManager] Successfully created attachment [Browser Action Test Data - CloseCurrentWindow - Actual Value] @22-09-2021 14:22:42.0290 P
[ReportManager] File Action [GetAbsolutePath] successfully performed. With the following test data [Relative Folder Path: "target/downloadedFiles/"]. @22-09-2021 14:22:42.0294 PM
[ReportManager] Attempting to run remotely on: [Linux-64], [GoogleChrome], [http://localhost:4444/wd/hub], Headless Execution. @22-09-2021 14:22:42.0294 PM
[ReportManager] Successfully Opened [GoogleChrome]. @22-09-2021 14:22:42.0489 P

################################################################################################################################################
Starting Execution:	[77 out of 144] test cases in the current suite
Test Method:		[testPackage01.Test_dragAndDrop.dragAndDropByOffset]
Test Description:	[TC002 - Test Drag and Drop by offset function.]
################################################################################################################################################
[ReportManager] Target URL: [https://jqueryui.com/resources/demos/draggable/default.html] @22-09-2021 14:22:42.0508 PM
[ReportManager] Initial URL: [data:,] @22-09-2021 14:22:42.0549 PM
[ReportManager] Browser Action [NavigateToURL] successfully performed. With the following test data [https://jqueryui.com/resources/demos/draggable/default.html]. @22-09-2021 14:22:42.0861 PM
[ReportManager] Element Action [DragAndDropByOffset] successfully performed. With the following test data [Start point: (8, 8), End point: (108, 58)]. @22-09-2021 14:22:43.0015 P
[ReportManager] Browser Action [CloseCurrentWindow] successfully performed. @22-09-2021 14:22:43.0108 PM
[ReportManager] Successfully created attachment [Browser Action Test Data - CloseCurrentWindow - Actual Value] @22-09-2021 14:22:43.0108 P
[ReportManager] File Action [GetAbsolutePath] successfully performed. With the following test data [Relative Folder Path: "target/downloadedFiles/"]. @22-09-2021 14:22:43.0110 PM
[ReportManager] Attempting to run remotely on: [Linux-64], [GoogleChrome], [http://localhost:4444/wd/hub], Headless Execution. @22-09-2021 14:22:43.0110 PM
[ReportManager] Successfully Opened [GoogleChrome]. @22-09-2021 14:22:43.0309 P

################################################################################################################################################
Starting Execution:	[78 out of 144] test cases in the current suite
Test Method:		[testPackage01.Test_verifyEquals.test_assertElementAttribute]
################################################################################################################################################
[ReportManager] Target URL: [https://www.google.com/ncr], and after redirection: [https://www.google.com] @22-09-2021 14:22:43.0325 PM
[ReportManager] Initial URL: [data:,] @22-09-2021 14:22:43.0364 PM
[ReportManager] Browser Action [NavigateToURL] successfully performed. With the following test data [https://www.google.com/ncr]. @22-09-2021 14:22:44.0199 PM
[ReportManager] Element Action [Type] successfully performed. With the following test data [INC_004010050:Another SCHEDULER with the same name [Duplicate Job Name] already exists.]. @22-09-2021 14:22:44.0849 PM
[ReportManager] Element Action [GetText] successfully performed. With the following test data [INC_004010050:Another SCHEDULER with the same name [Duplicate Job Name] already exists.]. @22-09-2021 14:22:44.0932 PM
[ReportManager] Loaded Shared OpenCV @22-09-2021 14:22:45.0084 PM
[ReportManager] Verification [ValidateElementAttribute] PASSED. Expected [Value Should be 'INC_004010050:Another SCHEDULER with the same name \[Duplicate Job Name\] already exists.' for the 'text' attribute, element locator 'By.name: q'] and Actual [INC_004010050:Another SCHEDULER with the same name [Duplicate Job Name] already exists.]. Comparison Type [MATCHES]. Validation Type [POSITIVE]. @22-09-2021 14:22:45.0184 PM
[ReportManager] Successfully created attachment [Screenshot - 1632320565084_test_assertElementAttribute_ValidateElementAttribute_passed] @22-09-2021 14:22:45.0185 P
[ReportManager] Browser Action [CloseCurrentWindow] successfully performed. @22-09-2021 14:22:45.0316 PM
[ReportManager] Successfully created attachment [Browser Action Test Data - CloseCurrentWindow - Actual Value] @22-09-2021 14:22:45.0318 P
[ReportManager] Successfully loaded the following test data file [src/test/resources/TestDataFiles/testSuite01/TestData.xlsx]. @22-09-2021 14:22:45.0378 PM
[ReportManager] Successfully created attachment [Test Data - Excel] @22-09-2021 14:22:45.0378 PM
[ReportManager] Attempting to run using Playwright locally on: [Linux-64], [GoogleChrome], Headless Execution. @22-09-2021 14:22:59.0800 PM
[ReportManager] File Action [GetAbsolutePath] successfully performed. With the following test data [Relative Folder Path: "target/downloadedFiles/"]. @22-09-2021 14:22:59.0801 PM
[ReportManager] Initial window size: (1280, 720) @22-09-2021 14:23:00.0128 PM
[ReportManager] Window size after Toolkit: com.microsoft.playwright.options.ViewportSize@3655a68c @22-09-2021 14:23:00.0137 PM
[ReportManager] Browser Action [MaximizeWindow] successfully performed. With the following test data [New screen size is now: (1920, 1080)]. @22-09-2021 14:23:00.0137 P

################################################################################################################################################
Starting Execution:	[79 out of 144] test cases in the current suite
Test Method:		[testPackage01.Test_google_playwright.navigateToURLandVerifyGoogleLogoIsDisplayed]
Test Description:	[TC001 - Navigate to URL and Verify Google Logo is Displayed]
################################################################################################################################################
[ReportManager] Target URL: [https://www.google.com/ncr], and after redirection: [https://www.google.com] @22-09-2021 14:23:00.0141 PM
[ReportManager] Initial URL: [about:blank] @22-09-2021 14:23:00.0615 PM
[ReportManager] Browser Action [NavigateToURL] successfully performed. With the following test data [https://www.google.com/ncr]. @22-09-2021 14:23:01.0853 PM
[ReportManager] Loaded Shared OpenCV @22-09-2021 14:23:02.0091 PM
[ReportManager] Assertion [ValidateElementExists] PASSED. Expected [Element Should Exist, locator 'xpath=//*[@id='hplogo' or @alt='Google']'] and Actual [Element Exists]. Comparison Type [EQUALS]. Validation Type [POSITIVE]. @22-09-2021 14:23:02.0324 PM
[ReportManager] Successfully created attachment [Screenshot - 1632320582086_navigateToURLandVerifyGoogleLogoIsDisplayed_ValidateElementExists_passed] @22-09-2021 14:23:02.0325 P

################################################################################################################################################
Starting Execution:	[80 out of 144] test cases in the current suite
Test Method:		[testPackage01.Test_google_playwright.searchForQueryandAssertResultsNumDisplayed]
Test Description:	[TC002 - Search for Query and Assert that the number of results is displayed]
################################################################################################################################################
[ReportManager] Element Action [Type] successfully performed. With the following test data [SHAFT_Engine]. @22-09-2021 14:23:02.0598 PM
[ReportManager] Element Action [KeyPress] successfully performed. With the following test data [Enter]. @22-09-2021 14:23:02.0630 PM
[ReportManager] Element Action [GetText] successfully performed. With the following test data [About 1,030,000 results (0.68 seconds)]. @22-09-2021 14:23:03.0543 PM
[ReportManager] Loaded Shared OpenCV @22-09-2021 14:23:04.0879 PM
[ReportManager] Assertion [ValidateElementAttribute] PASSED. Expected [Value Should not be '' for the 'text' attribute, element locator 'xpath=//div[@id='appbar']'] and Actual [About 1,030,000 results (0.68 seconds)]. Comparison Type [EQUALS]. Validation Type [NEGATIVE]. @22-09-2021 14:23:05.0177 PM
[ReportManager] Successfully created attachment [Screenshot - 1632320584877_searchForQueryandAssertResultsNumDisplayed_ValidateElementAttribute_passed] @22-09-2021 14:23:05.0180 P

################################################################################################################################################
Starting Execution:	[81 out of 144] test cases in the current suite
Test Method:		[testPackage01.Test_google_playwright.clickNextThrice]
Test Description:	[TC003 - Clicks the next button to make sure that the framework can scroll element into view before clicking it]
################################################################################################################################################
[ReportManager] Element Action [Click] successfully performed. With the following test data [Next]. @22-09-2021 14:23:05.0418 P
[ReportManager] Failed to find video recording. @22-09-2021 14:23:05.0424 PM
[ReportManager] Successfully Closed PlayWright Driver. @22-09-2021 14:23:05.0472 P

################################################################################################################################################
Starting Execution:	[82 out of 144] test cases in the current suite
Test Method:		[testPackage01.Test_JsonActions.f]
###############################################################################################################################################

################################################################################################################################################
Starting Execution:	[83 out of 144] test cases in the current suite
Test Method:		[testPackage01.Test_JsonActions.f2]
###############################################################################################################################################

################################################################################################################################################
Starting Execution:	[84 out of 144] test cases in the current suite
Test Method:		[testPackage01.Test_AssertApiResponseEquals.assertApiResponseEquals_expectedToPass]
################################################################################################################################################
[ReportManager] Response status code: [200], status line: [HTTP/1.1 200 OK] @22-09-2021 14:23:05.0559 PM
[ReportManager] Assertion Passed: Evaluating the actual response status code against the expected one... @22-09-2021 14:23:05.0559 PM
[ReportManager] Assertion [ValidateEquals] PASSED. Expected [200] and Actual [200]. Comparison Type [EQUALS]. Validation Type [POSITIVE]. @22-09-2021 14:23:05.0559 PM
[ReportManager] API Action [PerformRequest] successfully performed. With the following test data [Request Type: "GET" | Target Status Code: "200" | Service URL: "https://jsonplaceholder.typicode.com/users" | Content Type: "*/*" | Response Time: "45ms"]. @22-09-2021 14:23:05.0575 PM
[ReportManager] Successfully created attachment [API Request - Specifications] @22-09-2021 14:23:05.0575 PM
[ReportManager] Successfully created attachment [API Response - JSON Body] @22-09-2021 14:23:05.0576 PM
[ReportManager] API Action [GetResponseJSONValueAsList] successfully performed. With the following test data [$]. @22-09-2021 14:23:05.0579 PM
[ReportManager] API Action [GetResponseJSONValue] successfully performed. With the following test data [name]. @22-09-2021 14:23:05.0589 PM
[ReportManager] API Action [GetResponseJSONValue] successfully performed. With the following test data [email]. @22-09-2021 14:23:05.0597 PM
[ReportManager] Verification [ValidateEquals] PASSED. Expected [Sincere@april.biz] and Actual [Sincere@april.biz]. Comparison Type [EQUALS]. Validation Type [POSITIVE]. @22-09-2021 14:23:05.0597 PM
[ReportManager] API Action [GetResponseJSONValue] successfully performed. With the following test data [username]. @22-09-2021 14:23:05.0605 PM
[ReportManager] Assertion [ValidateEquals] PASSED. Expected [Bret] and Actual [Bret]. Comparison Type [EQUALS]. Validation Type [POSITIVE]. @22-09-2021 14:23:05.0605 PM
[ReportManager] API Action [GetResponseJSONValue] successfully performed. With the following test data [name]. @22-09-2021 14:23:05.0613 PM
[ReportManager] API Action [GetResponseJSONValue] successfully performed. With the following test data [name]. @22-09-2021 14:23:05.0621 PM
[ReportManager] API Action [GetResponseJSONValue] successfully performed. With the following test data [name]. @22-09-2021 14:23:05.0629 PM
[ReportManager] API Action [GetResponseJSONValue] successfully performed. With the following test data [name]. @22-09-2021 14:23:05.0636 PM
[ReportManager] API Action [GetResponseJSONValue] successfully performed. With the following test data [name]. @22-09-2021 14:23:05.0644 PM
[ReportManager] API Action [GetResponseJSONValue] successfully performed. With the following test data [name]. @22-09-2021 14:23:05.0651 PM
[ReportManager] API Action [GetResponseJSONValue] successfully performed. With the following test data [name]. @22-09-2021 14:23:05.0659 PM
[ReportManager] API Action [GetResponseJSONValue] successfully performed. With the following test data [name]. @22-09-2021 14:23:05.0666 PM
[ReportManager] API Action [GetResponseJSONValue] successfully performed. With the following test data [name]. @22-09-2021 14:23:05.0691 P
[ReportManager] File Action [GetAbsolutePath] successfully performed. With the following test data [Relative Folder Path: "target/downloadedFiles/"]. @22-09-2021 14:23:05.0703 PM
[ReportManager] Attempting to run remotely on: [Linux-64], [GoogleChrome], [http://localhost:4444/wd/hub], Headless Execution. @22-09-2021 14:23:05.0703 PM
[ReportManager] Successfully Opened [GoogleChrome]. @22-09-2021 14:23:05.0930 P

################################################################################################################################################
Starting Execution:	[85 out of 144] test cases in the current suite
Test Method:		[testPackage01.Test_ShadowDOM.shadowdom]
################################################################################################################################################
[ReportManager] Target URL: [https://mdn.github.io/web-components-examples/popup-info-box-web-component/] @22-09-2021 14:23:05.0944 PM
[ReportManager] Initial URL: [data:,] @22-09-2021 14:23:06.0011 PM
[ReportManager] Browser Action [NavigateToURL] successfully performed. With the following test data [https://mdn.github.io/web-components-examples/popup-info-box-web-component/]. @22-09-2021 14:23:06.0260 PM
[ReportManager] Element Action [Type] successfully performed. With the following test data [Typing into SHADOW DOM...]. @22-09-2021 14:23:06.0560 PM
[ReportManager] Element Action [GetText] successfully performed. With the following test data [Typing into SHADOW DOM...]. @22-09-2021 14:23:06.0676 PM
[ReportManager] Loaded Shared OpenCV @22-09-2021 14:23:06.0793 PM
[ReportManager] Assertion [ValidateElementAttribute] PASSED. Expected [Value Should be 'Typing into SHADOW DOM...' for the 'Text' attribute, element locator 'By.id: cvc'] and Actual [Typing into SHADOW DOM...]. Comparison Type [EQUALS]. Validation Type [POSITIVE]. @22-09-2021 14:23:06.0865 PM
[ReportManager] Successfully created attachment [Screenshot - 1632320586793_shadowdom_ValidateElementAttribute_passed] @22-09-2021 14:23:06.0866 P
[ReportManager] Browser Action [CloseCurrentWindow] successfully performed. @22-09-2021 14:23:06.0967 PM
[ReportManager] Successfully created attachment [Browser Action Test Data - CloseCurrentWindow - Actual Value] @22-09-2021 14:23:06.0967 P

################################################################################################################################################
Starting Execution:	[86 out of 144] test cases in the current suite
Test Method:		[testPackage01.Test_SelectedValue.multipleSelect]
################################################################################################################################################
[ReportManager] File Action [GetAbsolutePath] successfully performed. With the following test data [Relative Folder Path: "target/downloadedFiles/"]. @22-09-2021 14:23:06.0975 PM
[ReportManager] Attempting to run remotely on: [Linux-64], [GoogleChrome], [http://localhost:4444/wd/hub], Headless Execution. @22-09-2021 14:23:06.0975 PM
[ReportManager] Successfully Opened [GoogleChrome]. @22-09-2021 14:23:07.0193 PM
[ReportManager] Target URL: [https://yari-demos.prod.mdn.mozit.cloud/en-US/docs/Web/HTML/Element/select/_sample_.Advanced_select_with_multiple_features.html] @22-09-2021 14:23:07.0213 PM
[ReportManager] Initial URL: [data:,] @22-09-2021 14:23:07.0256 PM
[ReportManager] Browser Action [NavigateToURL] successfully performed. With the following test data [https://yari-demos.prod.mdn.mozit.cloud/en-US/docs/Web/HTML/Element/select/_sample_.Advanced_select_with_multiple_features.html]. @22-09-2021 14:23:07.0527 PM
[ReportManager] Element Action [Select] successfully performed. With the following test data [Dog]. @22-09-2021 14:23:07.0776 PM
[ReportManager] Element Action [Select] successfully performed. With the following test data [Cat]. @22-09-2021 14:23:07.0998 PM
[ReportManager] Element Action [GetSelectedText] successfully performed. With the following test data [DogCat]. @22-09-2021 14:23:08.0163 PM
[ReportManager] DogCat @22-09-2021 14:23:08.0163 PM
[ReportManager] Element Action [GetSelectedText] successfully performed. With the following test data [DogCat]. @22-09-2021 14:23:08.0280 PM
[ReportManager] Loaded Shared OpenCV @22-09-2021 14:23:08.0402 PM
[ReportManager] Assertion [ValidateElementAttribute] PASSED. Expected [Value Should be 'DogCat' for the 'selectedText' attribute, element locator 'By.tagName: select'] and Actual [DogCat]. Comparison Type [EQUALS]. Validation Type [POSITIVE]. @22-09-2021 14:23:08.0470 PM
[ReportManager] Successfully created attachment [Screenshot - 1632320588402_multipleSelect_ValidateElementAttribute_passed] @22-09-2021 14:23:08.0471 PM
[ReportManager] Browser Action [CloseCurrentWindow] successfully performed. @22-09-2021 14:23:08.0565 PM
[ReportManager] Successfully created attachment [Browser Action Test Data - CloseCurrentWindow - Actual Value] @22-09-2021 14:23:08.0566 P

################################################################################################################################################
Starting Execution:	[87 out of 144] test cases in the current suite
Test Method:		[testPackage01.Test_SelectedValue.simpleSelect]
################################################################################################################################################
[ReportManager] File Action [GetAbsolutePath] successfully performed. With the following test data [Relative Folder Path: "target/downloadedFiles/"]. @22-09-2021 14:23:08.0572 PM
[ReportManager] Attempting to run remotely on: [Linux-64], [GoogleChrome], [http://localhost:4444/wd/hub], Headless Execution. @22-09-2021 14:23:08.0572 PM
[ReportManager] Successfully Opened [GoogleChrome]. @22-09-2021 14:23:08.0776 PM
[ReportManager] Target URL: [https://yari-demos.prod.mdn.mozit.cloud/en-US/docs/Web/HTML/Element/select/_sample_.Basic_select.html] @22-09-2021 14:23:08.0787 PM
[ReportManager] Initial URL: [data:,] @22-09-2021 14:23:08.0861 PM
[ReportManager] Browser Action [NavigateToURL] successfully performed. With the following test data [https://yari-demos.prod.mdn.mozit.cloud/en-US/docs/Web/HTML/Element/select/_sample_.Basic_select.html]. @22-09-2021 14:23:09.0086 PM
[ReportManager] Element Action [Select] successfully performed. With the following test data [Third Value]. @22-09-2021 14:23:09.0402 PM
[ReportManager] Element Action [GetSelectedText] successfully performed. With the following test data [Third Value]. @22-09-2021 14:23:09.0517 PM
[ReportManager] Third Value @22-09-2021 14:23:09.0517 PM
[ReportManager] Element Action [GetSelectedText] successfully performed. With the following test data [Third Value]. @22-09-2021 14:23:09.0626 PM
[ReportManager] Loaded Shared OpenCV @22-09-2021 14:23:09.0749 PM
[ReportManager] Assertion [ValidateElementAttribute] PASSED. Expected [Value Should be 'Third Value' for the 'selectedText' attribute, element locator 'By.tagName: select'] and Actual [Third Value]. Comparison Type [EQUALS]. Validation Type [POSITIVE]. @22-09-2021 14:23:09.0816 PM
[ReportManager] Successfully created attachment [Screenshot - 1632320589749_simpleSelect_ValidateElementAttribute_passed] @22-09-2021 14:23:09.0816 PM
[ReportManager] Browser Action [CloseCurrentWindow] successfully performed. @22-09-2021 14:23:09.0908 PM
[ReportManager] Successfully created attachment [Browser Action Test Data - CloseCurrentWindow - Actual Value] @22-09-2021 14:23:09.0908 P
[ReportManager] File Action [GetAbsolutePath] successfully performed. With the following test data [Relative Folder Path: "target/downloadedFiles/"]. @22-09-2021 14:23:09.0915 PM
[ReportManager] Attempting to run remotely on: [Linux-64], [GoogleChrome], [http://localhost:4444/wd/hub], Headless Execution. @22-09-2021 14:23:09.0915 PM
[ReportManager] Successfully Opened [GoogleChrome]. @22-09-2021 14:23:10.0181 P

################################################################################################################################################
Starting Execution:	[88 out of 144] test cases in the current suite
Test Method:		[testPackage01.Test_IsElementClickable.testIsElementClickable]
################################################################################################################################################
[ReportManager] Target URL: [https://the-internet.herokuapp.com/] @22-09-2021 14:23:10.0197 PM
[ReportManager] Initial URL: [data:,] @22-09-2021 14:23:10.0237 PM
[ReportManager] Browser Action [NavigateToURL] successfully performed. With the following test data [https://the-internet.herokuapp.com/]. @22-09-2021 14:23:10.0577 PM
[ReportManager] Element Action [IsElementClickable] successfully performed. @22-09-2021 14:23:10.0717 PM
[ReportManager] Assertion [ValidateTrue] PASSED. Expected [TRUE] and Actual [TRUE]. Validation Type [POSITIVE]. @22-09-2021 14:23:10.0717 P
[ReportManager] Browser Action [CloseCurrentWindow] successfully performed. @22-09-2021 14:23:10.0823 PM
[ReportManager] Successfully created attachment [Browser Action Test Data - CloseCurrentWindow - Actual Value] @22-09-2021 14:23:10.0823 P
[ReportManager] File Action [GetAbsolutePath] successfully performed. With the following test data [Relative Folder Path: "target/downloadedFiles/"]. @22-09-2021 14:23:10.0826 PM
[ReportManager] Attempting to run remotely on: [Linux-64], [GoogleChrome], [http://localhost:4444/wd/hub], Headless Execution. @22-09-2021 14:23:10.0827 PM
[ReportManager] Successfully Opened [GoogleChrome]. @22-09-2021 14:23:11.0012 P

################################################################################################################################################
Starting Execution:	[89 out of 144] test cases in the current suite
Test Method:		[testPackage01.Test_clipboardActions.typeTextAndCopyPaste]
################################################################################################################################################
[ReportManager] Target URL: [https://www.google.com/ncr], and after redirection: [https://www.google.com] @22-09-2021 14:23:11.0037 PM
[ReportManager] Initial URL: [data:,] @22-09-2021 14:23:11.0089 PM
[ReportManager] Browser Action [NavigateToURL] successfully performed. With the following test data [https://www.google.com/ncr]. @22-09-2021 14:23:11.0925 PM
[ReportManager] Element Action [Type] successfully performed. With the following test data [FIRST]. @22-09-2021 14:23:12.0282 PM
[ReportManager] Element Action [ClipboardActions] successfully performed. With the following test data [select all]. @22-09-2021 14:23:12.0339 PM
[ReportManager] Element Action [ClipboardActions] successfully performed. With the following test data [copy]. @22-09-2021 14:23:12.0396 PM
[ReportManager] Element Action [ClipboardActions] successfully performed. With the following test data [unselect]. @22-09-2021 14:23:12.0452 PM
[ReportManager] Element Action [ClipboardActions] successfully performed. With the following test data [paste]. @22-09-2021 14:23:12.0507 PM
[ReportManager] Element Action [ClipboardActions] successfully performed. With the following test data [select all]. @22-09-2021 14:23:12.0574 PM
[ReportManager] Element Action [Type] successfully performed. @22-09-2021 14:23:12.0810 PM
[ReportManager] Element Action [ClipboardActions] successfully performed. With the following test data [cut]. @22-09-2021 14:23:12.0810 PM
[ReportManager] Element Action [ClipboardActions] successfully performed. With the following test data [paste]. @22-09-2021 14:23:12.0871 PM
[ReportManager] Element Action [ClipboardActions] successfully performed. With the following test data [paste]. @22-09-2021 14:23:12.0948 P
[ReportManager] Browser Action [CloseCurrentWindow] successfully performed. @22-09-2021 14:23:13.0162 PM
[ReportManager] Successfully created attachment [Browser Action Test Data - CloseCurrentWindow - Actual Value] @22-09-2021 14:23:13.0173 P
[ReportManager] File Action [GetAbsolutePath] successfully performed. With the following test data [Relative Folder Path: "target/downloadedFiles/"]. @22-09-2021 14:23:13.0174 PM
[ReportManager] Attempting to run remotely on: [Linux-64], [GoogleChrome], [http://localhost:4444/wd/hub], Headless Execution. @22-09-2021 14:23:13.0175 PM
[ReportManager] Successfully Opened [GoogleChrome]. @22-09-2021 14:23:13.0442 P

################################################################################################################################################
Starting Execution:	[90 out of 144] test cases in the current suite
Test Method:		[testPackage01.Test_dynamicLoading.dynamicLoading_elementIsHidden]
################################################################################################################################################
[ReportManager] Target URL: [https://the-internet.herokuapp.com/dynamic_loading/1] @22-09-2021 14:23:13.0460 PM
[ReportManager] Initial URL: [data:,] @22-09-2021 14:23:13.0499 PM
[ReportManager] Browser Action [NavigateToURL] successfully performed. With the following test data [https://the-internet.herokuapp.com/dynamic_loading/1]. @22-09-2021 14:23:13.0823 PM
[ReportManager] Element Action [Click] successfully performed. With the following test data [Start]. @22-09-2021 14:23:14.0152 PM
[ReportManager] Element Action [GetText] successfully performed. With the following test data [
    Hello World!
  ]. @22-09-2021 14:23:14.0263 PM
[ReportManager] Loaded Shared OpenCV @22-09-2021 14:23:14.0433 PM
[ReportManager] Assertion [ValidateElementAttribute] PASSED. Expected [Value Should be 'Hello World!' for the 'text' attribute, element locator 'By.id: finish'] and Actual [
    Hello World!
  ]. Comparison Type [CONTAINS]. Validation Type [POSITIVE]. @22-09-2021 14:23:14.0506 PM
[ReportManager] Successfully created attachment [Screenshot - 1632320594433_dynamicLoading_elementIsHidden_ValidateElementAttribute_passed] @22-09-2021 14:23:14.0507 P
[ReportManager] Browser Action [CloseCurrentWindow] successfully performed. @22-09-2021 14:23:14.0613 PM
[ReportManager] Successfully created attachment [Browser Action Test Data - CloseCurrentWindow - Actual Value] @22-09-2021 14:23:14.0613 P
[ReportManager] File Action [GetAbsolutePath] successfully performed. With the following test data [Relative Folder Path: "target/downloadedFiles/"]. @22-09-2021 14:23:14.0614 PM
[ReportManager] Attempting to run remotely on: [Linux-64], [GoogleChrome], [http://localhost:4444/wd/hub], Headless Execution. @22-09-2021 14:23:14.0615 PM
[ReportManager] Successfully Opened [GoogleChrome]. @22-09-2021 14:23:14.0807 P

################################################################################################################################################
Starting Execution:	[91 out of 144] test cases in the current suite
Test Method:		[testPackage01.Test_dynamicLoading.dynamicLoading_elementIsRendered]
################################################################################################################################################
[ReportManager] Target URL: [https://the-internet.herokuapp.com/dynamic_loading/2] @22-09-2021 14:23:14.0822 PM
[ReportManager] Initial URL: [data:,] @22-09-2021 14:23:14.0860 PM
[ReportManager] Browser Action [NavigateToURL] successfully performed. With the following test data [https://the-internet.herokuapp.com/dynamic_loading/2]. @22-09-2021 14:23:15.0174 PM
[ReportManager] Element Action [Click] successfully performed. With the following test data [Start]. @22-09-2021 14:23:15.0470 PM
[ReportManager] Element Action [GetText] successfully performed. With the following test data [Hello World!]. @22-09-2021 14:23:20.0637 PM
[ReportManager] Loaded Shared OpenCV @22-09-2021 14:23:20.0758 PM
[ReportManager] Assertion [ValidateElementAttribute] PASSED. Expected [Value Should be 'Hello World!' for the 'text' attribute, element locator 'By.id: finish'] and Actual [Hello World!]. Comparison Type [CONTAINS]. Validation Type [POSITIVE]. @22-09-2021 14:23:20.0830 PM
[ReportManager] Successfully created attachment [Screenshot - 1632320600758_dynamicLoading_elementIsRendered_ValidateElementAttribute_passed] @22-09-2021 14:23:20.0831 P
[ReportManager] Browser Action [CloseCurrentWindow] successfully performed. @22-09-2021 14:23:20.0922 PM
[ReportManager] Successfully created attachment [Browser Action Test Data - CloseCurrentWindow - Actual Value] @22-09-2021 14:23:20.0922 P

################################################################################################################################################
Starting Execution:	[92 out of 144] test cases in the current suite
Test Method:		[testPackage01.Test_JsonCompareWithSpecialCharacters.specialCharacters]
################################################################################################################################################
[ReportManager] File Action [GetAbsolutePath] successfully performed. With the following test data [Relative Folder Path: "src/test/resources/TestJsonFiles/specialCharacters.json"]. @22-09-2021 14:23:20.0929 PM
[ReportManager] File Action [ReadFromFile] successfully performed. With the following test data [File Path: "/home/runner/work/SHAFT_ENGINE/SHAFT_ENGINE/src/test/resources/TestJsonFiles/specialCharacters.json"]. @22-09-2021 14:23:20.0937 PM
[ReportManager] Successfully created attachment [File Action Actual Result - Command Log] @22-09-2021 14:23:20.0938 PM
[ReportManager] Comparing the provided API response with the file at this path "src/test/resources/TestJsonFiles/specialCharacters.json", comparison type "EQUALS" @22-09-2021 14:23:20.0938 PM
[ReportManager] API Action [CompareJSON] successfully performed. With the following test data [src/test/resources/TestJsonFiles/specialCharacters.json]. @22-09-2021 14:23:20.0954 PM
[ReportManager] File Action [GetAbsolutePath] successfully performed. With the following test data [Relative Folder Path: "src/test/resources/TestJsonFiles/specialCharacters.json"]. @22-09-2021 14:23:20.0954 PM
[ReportManager] File Action [ReadFromFile] successfully performed. With the following test data [File Path: "/home/runner/work/SHAFT_ENGINE/SHAFT_ENGINE/src/test/resources/TestJsonFiles/specialCharacters.json"]. @22-09-2021 14:23:20.0954 PM
[ReportManager] Verification [ValidateJSONFileContent] PASSED. Expected [Response data should match the JSON File in this path 'src/test/resources/TestJsonFiles/specialCharacters.json'] and Actual [TRUE]. Comparison Type [EQUALS]. Validation Type [POSITIVE]. @22-09-2021 14:23:20.0962 PM
[ReportManager] Successfully created attachment [Validation Test Data - Expected JSON Value] @22-09-2021 14:23:20.0962 PM
[ReportManager] Successfully created attachment [Validation Test Data - Actual JSON Value] @22-09-2021 14:23:20.0963 P

################################################################################################################################################
Starting Execution:	[93 out of 144] test cases in the current suite
Test Method:		[testPackage01.Test_JsonCompareWithSpecialCharacters.specialCharacters_assertion]
################################################################################################################################################
[ReportManager] File Action [GetAbsolutePath] successfully performed. With the following test data [Relative Folder Path: "src/test/resources/TestJsonFiles/specialCharacters.json"]. @22-09-2021 14:23:20.0967 PM
[ReportManager] File Action [ReadFromFile] successfully performed. With the following test data [File Path: "/home/runner/work/SHAFT_ENGINE/SHAFT_ENGINE/src/test/resources/TestJsonFiles/specialCharacters.json"]. @22-09-2021 14:23:20.0967 PM
[ReportManager] Successfully created attachment [File Action Actual Result - Command Log] @22-09-2021 14:23:20.0967 PM
[ReportManager] Comparing the provided API response with the file at this path "src/test/resources/TestJsonFiles/specialCharacters.json", comparison type "CONTAINS" @22-09-2021 14:23:20.0968 PM
[ReportManager] API Action [CompareJSON] successfully performed. With the following test data [src/test/resources/TestJsonFiles/specialCharacters.json]. @22-09-2021 14:23:20.0982 PM
[ReportManager] File Action [GetAbsolutePath] successfully performed. With the following test data [Relative Folder Path: "src/test/resources/TestJsonFiles/specialCharacters.json"]. @22-09-2021 14:23:20.0983 PM
[ReportManager] File Action [ReadFromFile] successfully performed. With the following test data [File Path: "/home/runner/work/SHAFT_ENGINE/SHAFT_ENGINE/src/test/resources/TestJsonFiles/specialCharacters.json"]. @22-09-2021 14:23:20.0983 PM
[ReportManager] Assertion Passed: trying out the log message @22-09-2021 14:23:20.0988 PM
[ReportManager] Successfully created attachment [Validation Test Data - Expected JSON Value] @22-09-2021 14:23:20.0988 PM
[ReportManager] Successfully created attachment [Validation Test Data - Actual JSON Value] @22-09-2021 14:23:20.0989 PM
[ReportManager] Assertion [ValidateJSONFileContent] PASSED. Expected [Response data should match the JSON File in this path 'src/test/resources/TestJsonFiles/specialCharacters.json'] and Actual [TRUE]. Comparison Type [CONTAINS]. Validation Type [POSITIVE]. @22-09-2021 14:23:20.0989 P
[ReportManager] File Action [GetAbsolutePath] successfully performed. With the following test data [Relative Folder Path: "target/downloadedFiles/"]. @22-09-2021 14:23:20.0993 PM
[ReportManager] Attempting to run remotely on: [Linux-64], [GoogleChrome], [http://localhost:4444/wd/hub], Headless Execution. @22-09-2021 14:23:20.0993 PM
[ReportManager] Successfully Opened [GoogleChrome]. @22-09-2021 14:23:21.0192 P

################################################################################################################################################
Starting Execution:	[94 out of 144] test cases in the current suite
Test Method:		[testPackage01.Test_uploadFile.uploadFile_invisibleUploadInput]
################################################################################################################################################
[ReportManager] Target URL: [https://fineuploader.com/demos.html#gallery-view] @22-09-2021 14:23:21.0206 PM
[ReportManager] Initial URL: [data:,] @22-09-2021 14:23:21.0243 PM
[ReportManager] Browser Action [NavigateToURL] successfully performed. With the following test data [https://fineuploader.com/demos.html#gallery-view]. @22-09-2021 14:23:22.0704 PM
[ReportManager] File Action [GetAbsolutePath] successfully performed. With the following test data [Relative File Path: "src/main/resources/images/shaft.png"]. @22-09-2021 14:23:22.0704 PM
[ReportManager] Successfully created attachment [File Action Actual Result - Command Log] @22-09-2021 14:23:22.0704 PM
[ReportManager] Element Action [TypeFileLocationForUpload] successfully performed. With the following test data [/home/runner/work/SHAFT_ENGINE/SHAFT_ENGINE/src/main/resources/images/shaft.png]. @22-09-2021 14:23:22.0906 PM
[ReportManager] Attempting to getAttribute [src] from elementLocator [By.xpath: //div[@id='fine-uploader-gallery']//div[@class='qq-thumbnail-wrapper']/img]. @22-09-2021 14:23:22.0906 PM
[ReportManager] Element Action [GetAttribute] successfully performed. @22-09-2021 14:23:23.0023 PM
[ReportManager] Successfully created attachment [Element Action Test Data - GetAttribute - Actual Value] @22-09-2021 14:23:23.0023 PM
[ReportManager] Loaded Shared OpenCV @22-09-2021 14:23:23.0176 PM
[ReportManager] Assertion [ValidateElementAttribute] PASSED. Expected and Actual values are attached. Comparison Type [CONTAINS]. Validation Type [POSITIVE]. @22-09-2021 14:23:23.0262 PM
[ReportManager] Successfully created attachment [Validation Test Data - Expected Value] @22-09-2021 14:23:23.0262 PM
[ReportManager] Successfully created attachment [Validation Test Data - Actual Value] @22-09-2021 14:23:23.0263 PM
[ReportManager] Successfully created attachment [Screenshot - 1632320603176_uploadFile_invisibleUploadInput_ValidateElementAttribute_passed] @22-09-2021 14:23:23.0264 P
[ReportManager] Browser Action [CloseCurrentWindow] successfully performed. @22-09-2021 14:23:23.0400 PM
[ReportManager] Successfully created attachment [Browser Action Test Data - CloseCurrentWindow - Actual Value] @22-09-2021 14:23:23.0401 P
[ReportManager] File Action [GetAbsolutePath] successfully performed. With the following test data [Relative Folder Path: "target/downloadedFiles/"]. @22-09-2021 14:23:23.0404 PM
[ReportManager] Attempting to run remotely on: [Linux-64], [GoogleChrome], [http://localhost:4444/wd/hub], Headless Execution. @22-09-2021 14:23:23.0404 PM
[ReportManager] Successfully Opened [GoogleChrome]. @22-09-2021 14:23:23.0602 P

################################################################################################################################################
Starting Execution:	[95 out of 144] test cases in the current suite
Test Method:		[testPackage01.Test_uploadFile.uploadFile_visibleUploadInput]
################################################################################################################################################
[ReportManager] Target URL: [http://demo.guru99.com/test/upload/] @22-09-2021 14:23:23.0626 PM
[ReportManager] Initial URL: [data:,] @22-09-2021 14:23:23.0666 PM
[ReportManager] Browser Action [NavigateToURL] successfully performed. With the following test data [http://demo.guru99.com/test/upload/]. @22-09-2021 14:23:24.0620 PM
[ReportManager] File Action [GetAbsolutePath] successfully performed. With the following test data [Relative File Path: "src/main/resources/images/shaft.png"]. @22-09-2021 14:23:24.0620 PM
[ReportManager] Successfully created attachment [File Action Actual Result - Command Log] @22-09-2021 14:23:24.0621 PM
[ReportManager] Element Action [TypeFileLocationForUpload] successfully performed. With the following test data [/home/runner/work/SHAFT_ENGINE/SHAFT_ENGINE/src/main/resources/images/shaft.png]. @22-09-2021 14:23:24.0774 PM
[ReportManager] Element Action [Click] successfully performed. With the following test data [on]. @22-09-2021 14:23:25.0094 PM
[ReportManager] Element Action [Click] successfully performed. With the following test data [Submit File]. @22-09-2021 14:23:25.0424 PM
[ReportManager] Element Action [GetText] successfully performed. With the following test data [1 file
has been successfully uploaded.]. @22-09-2021 14:23:26.0053 PM
[ReportManager] Loaded Shared OpenCV @22-09-2021 14:23:26.0193 PM
[ReportManager] Assertion [ValidateElementAttribute] PASSED. Expected [Value Should be '1 file' for the 'Text' attribute, element locator 'By.id: res'] and Actual [1 file
has been successfully uploaded.]. Comparison Type [CONTAINS]. Validation Type [POSITIVE]. @22-09-2021 14:23:26.0279 PM
[ReportManager] Successfully created attachment [Screenshot - 1632320606193_uploadFile_visibleUploadInput_ValidateElementAttribute_passed] @22-09-2021 14:23:26.0280 P
[ReportManager] Browser Action [CloseCurrentWindow] successfully performed. @22-09-2021 14:23:26.0384 PM
[ReportManager] Successfully created attachment [Browser Action Test Data - CloseCurrentWindow - Actual Value] @22-09-2021 14:23:26.0385 P
[ReportManager] File Action [GetAbsolutePath] successfully performed. With the following test data [Relative Folder Path: "target/downloadedFiles/"]. @22-09-2021 14:23:26.0387 PM
[ReportManager] Attempting to run remotely on: [Linux-64], [GoogleChrome], [http://localhost:4444/wd/hub], Headless Execution. @22-09-2021 14:23:26.0388 PM
[ReportManager] Successfully Opened [GoogleChrome]. @22-09-2021 14:23:26.0576 P

################################################################################################################################################
Starting Execution:	[96 out of 144] test cases in the current suite
Test Method:		[testPackage01.Test_assertEquals.test_assertElementAttribute]
################################################################################################################################################
[ReportManager] Target URL: [https://www.google.com/ncr], and after redirection: [https://www.google.com] @22-09-2021 14:23:26.0589 PM
[ReportManager] Initial URL: [data:,] @22-09-2021 14:23:26.0639 PM
[ReportManager] Browser Action [NavigateToURL] successfully performed. With the following test data [https://www.google.com/ncr]. @22-09-2021 14:23:27.0477 PM
[ReportManager] Element Action [Type] successfully performed. With the following test data [INC_004010050:Another SCHEDULER with the same name [Duplicate Job Name] already exists.]. @22-09-2021 14:23:28.0266 PM
[ReportManager] Element Action [GetText] successfully performed. With the following test data [INC_004010050:Another SCHEDULER with the same name [Duplicate Job Name] already exists.]. @22-09-2021 14:23:28.0367 PM
[ReportManager] Loaded Shared OpenCV @22-09-2021 14:23:28.0516 PM
[ReportManager] Assertion [ValidateElementAttribute] PASSED. Expected [Value Should be 'INC_004010050:Another SCHEDULER with the same name \[Duplicate Job Name\] already exists.' for the 'text' attribute, element locator 'By.name: q'] and Actual [INC_004010050:Another SCHEDULER with the same name [Duplicate Job Name] already exists.]. Comparison Type [MATCHES]. Validation Type [POSITIVE]. @22-09-2021 14:23:28.0595 PM
[ReportManager] Successfully created attachment [Screenshot - 1632320608516_test_assertElementAttribute_ValidateElementAttribute_passed] @22-09-2021 14:23:28.0596 P
[ReportManager] Browser Action [CloseCurrentWindow] successfully performed. @22-09-2021 14:23:28.0725 PM
[ReportManager] Successfully created attachment [Browser Action Test Data - CloseCurrentWindow - Actual Value] @22-09-2021 14:23:28.0726 P

################################################################################################################################################
Starting Execution:	[97 out of 144] test cases in the current suite
Test Method:		[testPackage01.Test_NewValidationHelper.f1]
################################################################################################################################################
[ReportManager] Assertion Passed: Checking valid user data @22-09-2021 14:23:28.0732 PM
[ReportManager] Successfully created attachment [Validation Test Data - Expected Value] @22-09-2021 14:23:28.0732 PM
[ReportManager] Successfully created attachment [Validation Test Data - Actual Value] @22-09-2021 14:23:28.0732 PM
[ReportManager] Assertion [ValidateEquals] PASSED. Expected and Actual values are attached. Comparison Type [EQUALS]. Validation Type [POSITIVE]. @22-09-2021 14:23:28.0732 P
[ReportManager] File Action [GetAbsolutePath] successfully performed. With the following test data [Relative Folder Path: "target/downloadedFiles/"]. @22-09-2021 14:23:28.0738 PM
[ReportManager] Attempting to run remotely on: [Linux-64], [GoogleChrome], [http://localhost:4444/wd/hub], Headless Execution. @22-09-2021 14:23:28.0738 PM
[ReportManager] Successfully Opened [GoogleChrome]. @22-09-2021 14:23:28.0927 PM
[ReportManager] Target URL: [https://the-internet.herokuapp.com/] @22-09-2021 14:23:28.0937 PM
[ReportManager] Initial URL: [data:,] @22-09-2021 14:23:28.0976 PM
[ReportManager] Browser Action [NavigateToURL] successfully performed. With the following test data [https://the-internet.herokuapp.com/]. @22-09-2021 14:23:29.0343 P

################################################################################################################################################
Starting Execution:	[98 out of 144] test cases in the current suite
Test Method:		[testPackage01.Test_NewValidationHelper.f10]
################################################################################################################################################
[ReportManager] Assertion [ValidateElementExists] FAILED. Expected [Element Should Exist, locator 'By.tagName: div'] and Actual [Element Exists but is not unique]. Comparison Type [EQUALS]. Validation Type [POSITIVE]. @22-09-2021 14:23:29.0606 PM
[ReportManager] Successfully created attachment [Screenshot - 1632320609539_f10_ValidateElementExists_failed] @22-09-2021 14:23:29.0607 P
[ReportManager] Successfully Closed All Drivers. @22-09-2021 14:23:29.0681 P
[ReportManager] File Action [GetAbsolutePath] successfully performed. With the following test data [Relative Folder Path: "target/downloadedFiles/"]. @22-09-2021 14:23:29.0683 PM
[ReportManager] Attempting to run remotely on: [Linux-64], [GoogleChrome], [http://localhost:4444/wd/hub], Headless Execution. @22-09-2021 14:23:29.0683 PM
[ReportManager] Successfully Opened [GoogleChrome]. @22-09-2021 14:23:29.0882 PM
[ReportManager] Target URL: [https://the-internet.herokuapp.com/] @22-09-2021 14:23:29.0892 PM
[ReportManager] Initial URL: [data:,] @22-09-2021 14:23:29.0935 PM
[ReportManager] Browser Action [NavigateToURL] successfully performed. With the following test data [https://the-internet.herokuapp.com/]. @22-09-2021 14:23:30.0291 P

################################################################################################################################################
Starting Execution:	[99 out of 144] test cases in the current suite
Test Method:		[testPackage01.Test_NewValidationHelper.f11]
################################################################################################################################################
[ReportManager] Assertion Passed: Checking that false tag doesn't exist @22-09-2021 14:23:40.0686 PM
[ReportManager] Successfully created attachment [Screenshot - 1632320620620_f11_ValidateElementExists_passed] @22-09-2021 14:23:40.0686 PM
[ReportManager] Assertion [ValidateElementExists] PASSED. Expected [Element Should not Exist, locator 'By.tagName: h3'] and Actual [Element Doesn't Exists]. Comparison Type [EQUALS]. Validation Type [NEGATIVE]. @22-09-2021 14:23:40.0686 P
[ReportManager] Successfully Closed All Drivers. @22-09-2021 14:23:40.0763 P
[ReportManager] File Action [GetAbsolutePath] successfully performed. With the following test data [Relative Folder Path: "target/downloadedFiles/"]. @22-09-2021 14:23:40.0768 PM
[ReportManager] Attempting to run remotely on: [Linux-64], [GoogleChrome], [http://localhost:4444/wd/hub], Headless Execution. @22-09-2021 14:23:40.0769 PM
[ReportManager] Successfully Opened [GoogleChrome]. @22-09-2021 14:23:40.0963 PM
[ReportManager] Target URL: [https://the-internet.herokuapp.com/] @22-09-2021 14:23:40.0977 PM
[ReportManager] Initial URL: [data:,] @22-09-2021 14:23:41.0015 PM
[ReportManager] Browser Action [NavigateToURL] successfully performed. With the following test data [https://the-internet.herokuapp.com/]. @22-09-2021 14:23:41.0398 P

################################################################################################################################################
Starting Execution:	[100 out of 144] test cases in the current suite
Test Method:		[testPackage01.Test_NewValidationHelper.f12]
################################################################################################################################################
[ReportManager] Loaded Shared OpenCV @22-09-2021 14:23:41.0605 PM
[ReportManager] Assertion [ValidateElementExists] FAILED. Expected [Element Should not Exist, locator 'By.tagName: h1'] and Actual [Element Exists]. Comparison Type [EQUALS]. Validation Type [NEGATIVE]. @22-09-2021 14:23:41.0687 PM
[ReportManager] Successfully created attachment [Screenshot - 1632320621605_f12_ValidateElementExists_failed] @22-09-2021 14:23:41.0688 P
[ReportManager] Successfully Closed All Drivers. @22-09-2021 14:23:41.0760 P
[ReportManager] File Action [GetAbsolutePath] successfully performed. With the following test data [Relative Folder Path: "target/downloadedFiles/"]. @22-09-2021 14:23:41.0763 PM
[ReportManager] Attempting to run remotely on: [Linux-64], [GoogleChrome], [http://localhost:4444/wd/hub], Headless Execution. @22-09-2021 14:23:41.0763 PM
[ReportManager] Successfully Opened [GoogleChrome]. @22-09-2021 14:23:41.0952 PM
[ReportManager] Target URL: [https://the-internet.herokuapp.com/] @22-09-2021 14:23:41.0962 PM
[ReportManager] Initial URL: [data:,] @22-09-2021 14:23:42.0004 PM
[ReportManager] Browser Action [NavigateToURL] successfully performed. With the following test data [https://the-internet.herokuapp.com/]. @22-09-2021 14:23:42.0349 P

################################################################################################################################################
Starting Execution:	[101 out of 144] test cases in the current suite
Test Method:		[testPackage01.Test_NewValidationHelper.f13]
################################################################################################################################################
[ReportManager] Assertion [ValidateElementExists] FAILED. Expected [Element Should not Exist, locator 'By.tagName: div'] and Actual [Element Exists but is not unique]. Comparison Type [EQUALS]. Validation Type [NEGATIVE]. @22-09-2021 14:23:42.0627 PM
[ReportManager] Successfully created attachment [Screenshot - 1632320622554_f13_ValidateElementExists_failed] @22-09-2021 14:23:42.0628 P
[ReportManager] Successfully Closed All Drivers. @22-09-2021 14:23:42.0704 P
[ReportManager] File Action [GetAbsolutePath] successfully performed. With the following test data [Relative Folder Path: "target/downloadedFiles/"]. @22-09-2021 14:23:42.0706 PM
[ReportManager] Attempting to run remotely on: [Linux-64], [GoogleChrome], [http://localhost:4444/wd/hub], Headless Execution. @22-09-2021 14:23:42.0706 PM
[ReportManager] Successfully Opened [GoogleChrome]. @22-09-2021 14:23:42.0954 PM
[ReportManager] Target URL: [https://the-internet.herokuapp.com/] @22-09-2021 14:23:42.0964 PM
[ReportManager] Initial URL: [data:,] @22-09-2021 14:23:43.0002 PM
[ReportManager] Browser Action [NavigateToURL] successfully performed. With the following test data [https://the-internet.herokuapp.com/]. @22-09-2021 14:23:43.0349 P

################################################################################################################################################
Starting Execution:	[102 out of 144] test cases in the current suite
Test Method:		[testPackage01.Test_NewValidationHelper.f14]
################################################################################################################################################
[ReportManager] Element Action [GetText] successfully performed. With the following test data [Welcome to the-internet]. @22-09-2021 14:23:43.0433 PM
[ReportManager] Loaded Shared OpenCV @22-09-2021 14:23:43.0592 PM
[ReportManager] Assertion Passed: Asserting that the header text is correct @22-09-2021 14:23:43.0674 PM
[ReportManager] Successfully created attachment [Screenshot - 1632320623592_f14_ValidateElementAttribute_passed] @22-09-2021 14:23:43.0675 PM
[ReportManager] Assertion [ValidateElementAttribute] PASSED. Expected [Value Should be 'Welcome to the-internet' for the 'text' attribute, element locator 'By.tagName: h1'] and Actual [Welcome to the-internet]. Comparison Type [EQUALS]. Validation Type [POSITIVE]. @22-09-2021 14:23:43.0675 P
[ReportManager] Successfully Closed All Drivers. @22-09-2021 14:23:43.0745 P
[ReportManager] File Action [GetAbsolutePath] successfully performed. With the following test data [Relative Folder Path: "target/downloadedFiles/"]. @22-09-2021 14:23:43.0748 PM
[ReportManager] Attempting to run remotely on: [Linux-64], [GoogleChrome], [http://localhost:4444/wd/hub], Headless Execution. @22-09-2021 14:23:43.0748 PM
[ReportManager] Successfully Opened [GoogleChrome]. @22-09-2021 14:23:43.0943 PM
[ReportManager] Target URL: [https://the-internet.herokuapp.com/] @22-09-2021 14:23:43.0953 PM
[ReportManager] Initial URL: [data:,] @22-09-2021 14:23:43.0993 PM
[ReportManager] Browser Action [NavigateToURL] successfully performed. With the following test data [https://the-internet.herokuapp.com/]. @22-09-2021 14:23:44.0316 P

################################################################################################################################################
Starting Execution:	[103 out of 144] test cases in the current suite
Test Method:		[testPackage01.Test_NewValidationHelper.f15]
################################################################################################################################################
[ReportManager] Element Action [GetText] successfully performed. With the following test data [Welcome to the-internet]. @22-09-2021 14:23:44.0397 PM
[ReportManager] Loaded Shared OpenCV @22-09-2021 14:23:44.0540 PM
[ReportManager] Assertion [ValidateElementAttribute] FAILED. Expected [Value Should not be 'Welcome' for the 'text' attribute, element locator 'By.tagName: h1'] and Actual [Welcome to the-internet]. Comparison Type [CONTAINS]. Validation Type [NEGATIVE]. @22-09-2021 14:23:44.0623 PM
[ReportManager] Successfully created attachment [Screenshot - 1632320624540_f15_ValidateElementAttribute_failed] @22-09-2021 14:23:44.0624 P
[ReportManager] Successfully Closed All Drivers. @22-09-2021 14:23:44.0699 P
[ReportManager] File Action [GetAbsolutePath] successfully performed. With the following test data [Relative Folder Path: "target/downloadedFiles/"]. @22-09-2021 14:23:44.0701 PM
[ReportManager] Attempting to run remotely on: [Linux-64], [GoogleChrome], [http://localhost:4444/wd/hub], Headless Execution. @22-09-2021 14:23:44.0701 PM
[ReportManager] Successfully Opened [GoogleChrome]. @22-09-2021 14:23:44.0895 PM
[ReportManager] Target URL: [https://the-internet.herokuapp.com/] @22-09-2021 14:23:44.0906 PM
[ReportManager] Initial URL: [data:,] @22-09-2021 14:23:44.0951 PM
[ReportManager] Browser Action [NavigateToURL] successfully performed. With the following test data [https://the-internet.herokuapp.com/]. @22-09-2021 14:23:45.0298 P

################################################################################################################################################
Starting Execution:	[104 out of 144] test cases in the current suite
Test Method:		[testPackage01.Test_NewValidationHelper.f16]
################################################################################################################################################
[ReportManager] Element Action [IdentifyUniqueElement] failed. With the following test data [zero elements found matching this locator "By.tagName: h3".]. @22-09-2021 14:24:10.0905 PM
[ReportManager] Successfully created attachment [Screenshot - 1632320650838_f16_IdentifyUniqueElement_failed] @22-09-2021 14:24:10.0906 PM
[ReportManager] Assertion [ValidateElementAttribute] FAILED. Expected [Value Should not be 'Welcome' for the 'text' attribute, element locator 'By.tagName: h3'] and Actual [Failed to read the desired element attribute]. Comparison Type [CONTAINS]. Validation Type [NEGATIVE]. @22-09-2021 14:24:10.0906 P
[ReportManager] Successfully Closed All Drivers. @22-09-2021 14:24:10.0981 P
[ReportManager] File Action [GetAbsolutePath] successfully performed. With the following test data [Relative Folder Path: "target/downloadedFiles/"]. @22-09-2021 14:24:10.0984 PM
[ReportManager] Attempting to run remotely on: [Linux-64], [GoogleChrome], [http://localhost:4444/wd/hub], Headless Execution. @22-09-2021 14:24:10.0984 PM
[ReportManager] Successfully Opened [GoogleChrome]. @22-09-2021 14:24:11.0194 PM
[ReportManager] Target URL: [https://the-internet.herokuapp.com/] @22-09-2021 14:24:11.0207 PM
[ReportManager] Initial URL: [data:,] @22-09-2021 14:24:11.0249 PM
[ReportManager] Browser Action [NavigateToURL] successfully performed. With the following test data [https://the-internet.herokuapp.com/]. @22-09-2021 14:24:11.0602 P

################################################################################################################################################
Starting Execution:	[105 out of 144] test cases in the current suite
Test Method:		[testPackage01.Test_NewValidationHelper.f17]
################################################################################################################################################
[ReportManager] Attempting to getAttribute [text2] from elementLocator [By.tagName: h1]. @22-09-2021 14:24:11.0606 PM
[ReportManager] Element Action [GetAttribute] successfully performed. @22-09-2021 14:24:11.0680 PM
[ReportManager] Loaded Shared OpenCV @22-09-2021 14:24:11.0838 PM
[ReportManager] Assertion [ValidateElementAttribute] PASSED. Expected [Value Should not be 'Welcome' for the 'text2' attribute, element locator 'By.tagName: h1'] and Actual [null]. Comparison Type [CONTAINS]. Validation Type [NEGATIVE]. @22-09-2021 14:24:11.0920 PM
[ReportManager] Successfully created attachment [Screenshot - 1632320651838_f17_ValidateElementAttribute_passed] @22-09-2021 14:24:11.0921 P
[ReportManager] Successfully Closed All Drivers. @22-09-2021 14:24:11.0994 P
[ReportManager] File Action [GetAbsolutePath] successfully performed. With the following test data [Relative Folder Path: "target/downloadedFiles/"]. @22-09-2021 14:24:11.0997 PM
[ReportManager] Attempting to run remotely on: [Linux-64], [GoogleChrome], [http://localhost:4444/wd/hub], Headless Execution. @22-09-2021 14:24:11.0997 PM
[ReportManager] Successfully Opened [GoogleChrome]. @22-09-2021 14:24:12.0196 PM
[ReportManager] Target URL: [https://the-internet.herokuapp.com/] @22-09-2021 14:24:12.0206 PM
[ReportManager] Initial URL: [data:,] @22-09-2021 14:24:12.0245 PM
[ReportManager] Browser Action [NavigateToURL] successfully performed. With the following test data [https://the-internet.herokuapp.com/]. @22-09-2021 14:24:12.0570 P

################################################################################################################################################
Starting Execution:	[106 out of 144] test cases in the current suite
Test Method:		[testPackage01.Test_NewValidationHelper.f18]
################################################################################################################################################
[ReportManager] Element Action [GetText] successfully performed. With the following test data [Welcome to the-internet]. @22-09-2021 14:24:12.0659 PM
[ReportManager] Loaded Shared OpenCV @22-09-2021 14:24:12.0819 PM
[ReportManager] Assertion [ValidateElementAttribute] PASSED. Expected [Value Should not be 'no' for the 'text' attribute, element locator 'By.tagName: h1'] and Actual [Welcome to the-internet]. Comparison Type [CONTAINS]. Validation Type [NEGATIVE]. @22-09-2021 14:24:12.0901 PM
[ReportManager] Successfully created attachment [Screenshot - 1632320652819_f18_ValidateElementAttribute_passed] @22-09-2021 14:24:12.0902 P
[ReportManager] Successfully Closed All Drivers. @22-09-2021 14:24:12.0976 P
[ReportManager] File Action [GetAbsolutePath] successfully performed. With the following test data [Relative Folder Path: "target/downloadedFiles/"]. @22-09-2021 14:24:12.0979 PM
[ReportManager] Attempting to run remotely on: [Linux-64], [GoogleChrome], [http://localhost:4444/wd/hub], Headless Execution. @22-09-2021 14:24:12.0979 PM
[ReportManager] Successfully Opened [GoogleChrome]. @22-09-2021 14:24:13.0200 PM
[ReportManager] Target URL: [https://the-internet.herokuapp.com/] @22-09-2021 14:24:13.0217 PM
[ReportManager] Initial URL: [data:,] @22-09-2021 14:24:13.0260 PM
[ReportManager] Browser Action [NavigateToURL] successfully performed. With the following test data [https://the-internet.herokuapp.com/]. @22-09-2021 14:24:13.0575 P

################################################################################################################################################
Starting Execution:	[107 out of 144] test cases in the current suite
Test Method:		[testPackage01.Test_NewValidationHelper.f19]
################################################################################################################################################
[ReportManager] Element Action [GetTagName] successfully performed. With the following test data [h1]. @22-09-2021 14:24:13.0655 PM
[ReportManager] Loaded Shared OpenCV @22-09-2021 14:24:13.0809 PM
[ReportManager] Assertion [ValidateElementAttribute] PASSED. Expected [Value Should be 'h' for the 'tagname' attribute, element locator 'By.tagName: h1'] and Actual [h1]. Comparison Type [CONTAINS]. Validation Type [POSITIVE]. @22-09-2021 14:24:13.0906 PM
[ReportManager] Successfully created attachment [Screenshot - 1632320653809_f19_ValidateElementAttribute_passed] @22-09-2021 14:24:13.0908 P
[ReportManager] Successfully Closed All Drivers. @22-09-2021 14:24:13.0981 P

################################################################################################################################################
Starting Execution:	[108 out of 144] test cases in the current suite
Test Method:		[testPackage01.Test_NewValidationHelper.f2]
################################################################################################################################################
[ReportManager] Assertion Failed: Checking valid user data @22-09-2021 14:24:13.0984 PM
[ReportManager] Assertion [ValidateEquals] FAILED. Expected [1] and Actual [2]. Comparison Type [EQUALS]. Validation Type [POSITIVE]. @22-09-2021 14:24:13.0984 P
[ReportManager] File Action [GetAbsolutePath] successfully performed. With the following test data [Relative Folder Path: "target/downloadedFiles/"]. @22-09-2021 14:24:13.0986 PM
[ReportManager] Attempting to run remotely on: [Linux-64], [GoogleChrome], [http://localhost:4444/wd/hub], Headless Execution. @22-09-2021 14:24:13.0986 PM
[ReportManager] Successfully Opened [GoogleChrome]. @22-09-2021 14:24:14.0185 PM
[ReportManager] Target URL: [https://the-internet.herokuapp.com/] @22-09-2021 14:24:14.0194 PM
[ReportManager] Initial URL: [data:,] @22-09-2021 14:24:14.0234 PM
[ReportManager] Browser Action [NavigateToURL] successfully performed. With the following test data [https://the-internet.herokuapp.com/]. @22-09-2021 14:24:14.0567 P

################################################################################################################################################
Starting Execution:	[109 out of 144] test cases in the current suite
Test Method:		[testPackage01.Test_NewValidationHelper.f20]
################################################################################################################################################
[ReportManager] Element Action [GetSize] successfully performed. With the following test data [(755, 61)]. @22-09-2021 14:24:14.0646 PM
[ReportManager] Loaded Shared OpenCV @22-09-2021 14:24:14.0786 PM
[ReportManager] Assertion [ValidateElementAttribute] PASSED. Expected [Value Should not be 'a' for the 'size' attribute, element locator 'By.tagName: h1'] and Actual [(755, 61)]. Comparison Type [CONTAINS]. Validation Type [NEGATIVE]. @22-09-2021 14:24:14.0867 PM
[ReportManager] Successfully created attachment [Screenshot - 1632320654786_f20_ValidateElementAttribute_passed] @22-09-2021 14:24:14.0868 P
[ReportManager] Successfully Closed All Drivers. @22-09-2021 14:24:14.0952 P
[ReportManager] File Action [GetAbsolutePath] successfully performed. With the following test data [Relative Folder Path: "target/downloadedFiles/"]. @22-09-2021 14:24:14.0954 PM
[ReportManager] Attempting to run remotely on: [Linux-64], [GoogleChrome], [http://localhost:4444/wd/hub], Headless Execution. @22-09-2021 14:24:14.0955 PM
[ReportManager] Successfully Opened [GoogleChrome]. @22-09-2021 14:24:15.0189 PM
[ReportManager] Target URL: [https://the-internet.herokuapp.com/] @22-09-2021 14:24:15.0207 PM
[ReportManager] Initial URL: [data:,] @22-09-2021 14:24:15.0247 PM
[ReportManager] Browser Action [NavigateToURL] successfully performed. With the following test data [https://the-internet.herokuapp.com/]. @22-09-2021 14:24:15.0587 P

################################################################################################################################################
Starting Execution:	[110 out of 144] test cases in the current suite
Test Method:		[testPackage01.Test_NewValidationHelper.f21]
################################################################################################################################################
[ReportManager] Element Action [IdentifyUniqueElement] failed. With the following test data [zero elements found matching this locator "By.tagName: h3".]. @22-09-2021 14:24:41.0188 PM
[ReportManager] Successfully created attachment [Screenshot - 1632320681120_f21_IdentifyUniqueElement_failed] @22-09-2021 14:24:41.0188 PM
[ReportManager] Assertion [ValidateElementAttribute] FAILED. Expected [Value Should be 'Welcome' for the 'text' attribute, element locator 'By.tagName: h3'] and Actual [Failed to read the desired element attribute]. Comparison Type [CONTAINS]. Validation Type [POSITIVE]. @22-09-2021 14:24:41.0189 P
[ReportManager] Successfully Closed All Drivers. @22-09-2021 14:24:41.0266 P
[ReportManager] File Action [GetAbsolutePath] successfully performed. With the following test data [Relative Folder Path: "target/downloadedFiles/"]. @22-09-2021 14:24:41.0270 PM
[ReportManager] Attempting to run remotely on: [Linux-64], [GoogleChrome], [http://localhost:4444/wd/hub], Headless Execution. @22-09-2021 14:24:41.0271 PM
[ReportManager] Successfully Opened [GoogleChrome]. @22-09-2021 14:24:41.0454 PM
[ReportManager] Target URL: [https://the-internet.herokuapp.com/] @22-09-2021 14:24:41.0464 PM
[ReportManager] Initial URL: [data:,] @22-09-2021 14:24:41.0508 PM
[ReportManager] Browser Action [NavigateToURL] successfully performed. With the following test data [https://the-internet.herokuapp.com/]. @22-09-2021 14:24:41.0846 P

################################################################################################################################################
Starting Execution:	[111 out of 144] test cases in the current suite
Test Method:		[testPackage01.Test_NewValidationHelper.f22]
################################################################################################################################################
[ReportManager] Element Action [GetText] successfully performed. With the following test data [Welcome to the-internet]. @22-09-2021 14:24:41.0929 PM
[ReportManager] Loaded Shared OpenCV @22-09-2021 14:24:42.0072 PM
[ReportManager] Assertion [ValidateElementAttribute] FAILED. Expected [Value Should be 'yyy' for the 'text' attribute, element locator 'By.tagName: h1'] and Actual [Welcome to the-internet]. Comparison Type [CONTAINS]. Validation Type [POSITIVE]. @22-09-2021 14:24:42.0152 PM
[ReportManager] Successfully created attachment [Screenshot - 1632320682072_f22_ValidateElementAttribute_failed] @22-09-2021 14:24:42.0153 P
[ReportManager] Successfully Closed All Drivers. @22-09-2021 14:24:42.0275 P

################################################################################################################################################
Starting Execution:	[112 out of 144] test cases in the current suite
Test Method:		[testPackage01.Test_NewValidationHelper.f23]
################################################################################################################################################
[ReportManager] Assertion Passed: confirming that the actual is greater than or equal to the expected @22-09-2021 14:24:42.0280 PM
[ReportManager] Assertion [ValidateComparativeRelation] PASSED. Expected [1] and Actual [1]. Comparison Type [GREATER_THAN_OR_EQUALS]. Validation Type [POSITIVE]. @22-09-2021 14:24:42.0280 P

################################################################################################################################################
Starting Execution:	[113 out of 144] test cases in the current suite
Test Method:		[testPackage01.Test_NewValidationHelper.f24]
################################################################################################################################################
[ReportManager] Assertion [ValidateComparativeRelation] PASSED. Expected [1] and Actual [10]. Comparison Type [GREATER_THAN_OR_EQUALS]. Validation Type [POSITIVE]. @22-09-2021 14:24:42.0283 P

################################################################################################################################################
Starting Execution:	[114 out of 144] test cases in the current suite
Test Method:		[testPackage01.Test_NewValidationHelper.f25]
################################################################################################################################################
[ReportManager] Assertion [ValidateComparativeRelation] PASSED. Expected [1] and Actual [1]. Comparison Type [EQUALS]. Validation Type [POSITIVE]. @22-09-2021 14:24:42.0285 P

################################################################################################################################################
Starting Execution:	[115 out of 144] test cases in the current suite
Test Method:		[testPackage01.Test_NewValidationHelper.f26]
################################################################################################################################################
[ReportManager] Assertion [ValidateComparativeRelation] PASSED. Expected [1] and Actual [5]. Comparison Type [GREATER_THAN]. Validation Type [POSITIVE]. @22-09-2021 14:24:42.0286 P

################################################################################################################################################
Starting Execution:	[116 out of 144] test cases in the current suite
Test Method:		[testPackage01.Test_NewValidationHelper.f27]
################################################################################################################################################
[ReportManager] Assertion [ValidateComparativeRelation] PASSED. Expected [11] and Actual [5]. Comparison Type [LESS_THAN]. Validation Type [POSITIVE]. @22-09-2021 14:24:42.0289 P

################################################################################################################################################
Starting Execution:	[117 out of 144] test cases in the current suite
Test Method:		[testPackage01.Test_NewValidationHelper.f28]
################################################################################################################################################
[ReportManager] Assertion [ValidateComparativeRelation] PASSED. Expected [11] and Actual [5]. Comparison Type [LESS_THAN_OR_EQUALS]. Validation Type [POSITIVE]. @22-09-2021 14:24:42.0291 P

################################################################################################################################################
Starting Execution:	[118 out of 144] test cases in the current suite
Test Method:		[testPackage01.Test_NewValidationHelper.f29]
################################################################################################################################################
[ReportManager] Assertion [ValidateComparativeRelation] PASSED. Expected [11] and Actual [11]. Comparison Type [LESS_THAN_OR_EQUALS]. Validation Type [POSITIVE]. @22-09-2021 14:24:42.0293 P

################################################################################################################################################
Starting Execution:	[119 out of 144] test cases in the current suite
Test Method:		[testPackage01.Test_NewValidationHelper.f3]
################################################################################################################################################
[ReportManager] Assertion [ValidateEquals] PASSED. Expected [1] and Actual [2]. Comparison Type [EQUALS]. Validation Type [NEGATIVE]. @22-09-2021 14:24:42.0295 P

################################################################################################################################################
Starting Execution:	[120 out of 144] test cases in the current suite
Test Method:		[testPackage01.Test_NewValidationHelper.f30]
################################################################################################################################################
[ReportManager] Assertion [ValidateComparativeRelation] FAILED. Expected [-9] and Actual [11]. Comparison Type [LESS_THAN_OR_EQUALS]. Validation Type [POSITIVE]. @22-09-2021 14:24:42.0297 P

################################################################################################################################################
Starting Execution:	[121 out of 144] test cases in the current suite
Test Method:		[testPackage01.Test_NewValidationHelper.f31]
################################################################################################################################################
[ReportManager] Assertion [ValidateTrue] PASSED. Expected [TRUE] and Actual [TRUE]. Validation Type [POSITIVE]. @22-09-2021 14:24:42.0299 P

################################################################################################################################################
Starting Execution:	[122 out of 144] test cases in the current suite
Test Method:		[testPackage01.Test_NewValidationHelper.f32]
################################################################################################################################################
[ReportManager] Assertion [ValidateTrue] PASSED. Expected [FALSE] and Actual [FALSE]. Validation Type [NEGATIVE]. @22-09-2021 14:24:42.0301 P

################################################################################################################################################
Starting Execution:	[123 out of 144] test cases in the current suite
Test Method:		[testPackage01.Test_NewValidationHelper.f33]
################################################################################################################################################
[ReportManager] Assertion [ValidateTrue] FAILED. Expected [FALSE] and Actual [TRUE]. Validation Type [NEGATIVE]. @22-09-2021 14:24:42.0302 P

################################################################################################################################################
Starting Execution:	[124 out of 144] test cases in the current suite
Test Method:		[testPackage01.Test_NewValidationHelper.f34]
################################################################################################################################################
[ReportManager] Assertion [ValidateTrue] FAILED. Expected [TRUE] and Actual [FALSE]. Validation Type [POSITIVE]. @22-09-2021 14:24:42.0304 P

################################################################################################################################################
Starting Execution:	[125 out of 144] test cases in the current suite
Test Method:		[testPackage01.Test_NewValidationHelper.f35]
################################################################################################################################################
[ReportManager] File Action [DoesFileExist] successfully performed. With the following test data [File Path: "pom.xml"]. @22-09-2021 14:24:42.0306 PM
[ReportManager] Assertion [ValidateFileExists] PASSED. Expected [File 'pom.xml' should exist, after up to '1' retries] and Actual [File exists]. Validation Type [POSITIVE]. @22-09-2021 14:24:42.0306 P

################################################################################################################################################
Starting Execution:	[126 out of 144] test cases in the current suite
Test Method:		[testPackage01.Test_NewValidationHelper.f36]
################################################################################################################################################
[ReportManager] File Action [DoesFileExist] successfully performed. With the following test data [File Path: "src/test/java/testPackage01/Test_NewValidationHelper.java"]. @22-09-2021 14:24:42.0308 PM
[ReportManager] Assertion [ValidateFileExists] PASSED. Expected [File 'src/test/java/testPackage01/Test_NewValidationHelper.java' should exist, after up to '1' retries] and Actual [File exists]. Validation Type [POSITIVE]. @22-09-2021 14:24:42.0308 P

################################################################################################################################################
Starting Execution:	[127 out of 144] test cases in the current suite
Test Method:		[testPackage01.Test_NewValidationHelper.f37]
################################################################################################################################################
[ReportManager] File Action [DoesFileExist] successfully performed. With the following test data [File Path: "pom.xml"]. @22-09-2021 14:24:42.0311 PM
[ReportManager] Assertion Failed: confirming that the file does't exist after 5 retries @22-09-2021 14:24:42.0311 PM
[ReportManager] Assertion [ValidateFileExists] FAILED. Expected [File 'pom.xml' should not exist, after up to '5' retries] and Actual [File exists]. Validation Type [NEGATIVE]. @22-09-2021 14:24:42.0311 P

################################################################################################################################################
Starting Execution:	[128 out of 144] test cases in the current suite
Test Method:		[testPackage01.Test_NewValidationHelper.f3_1]
################################################################################################################################################
[ReportManager] Assertion Passed: Checking valid user data @22-09-2021 14:24:42.0315 PM
[ReportManager] Assertion [ValidateEquals] PASSED. Expected [null] and Actual [null]. Comparison Type [EQUALS]. Validation Type [POSITIVE]. @22-09-2021 14:24:42.0315 P

################################################################################################################################################
Starting Execution:	[129 out of 144] test cases in the current suite
Test Method:		[testPackage01.Test_NewValidationHelper.f4]
################################################################################################################################################
[ReportManager] Assertion [ValidateEquals] PASSED. Expected [1] and Actual [123]. Comparison Type [CONTAINS]. Validation Type [POSITIVE]. @22-09-2021 14:24:42.0320 P

################################################################################################################################################
Starting Execution:	[130 out of 144] test cases in the current suite
Test Method:		[testPackage01.Test_NewValidationHelper.f5]
################################################################################################################################################
[ReportManager] Assertion [ValidateNull] PASSED. Expected [NULL] and Actual [1]. Comparison Type [EQUALS]. Validation Type [NEGATIVE]. @22-09-2021 14:24:42.0322 P

################################################################################################################################################
Starting Execution:	[131 out of 144] test cases in the current suite
Test Method:		[testPackage01.Test_NewValidationHelper.f6]
################################################################################################################################################
[ReportManager] Assertion Failed: Making sure that null string is not equal to null object @22-09-2021 14:24:42.0324 PM
[ReportManager] Assertion [ValidateNull] FAILED. Expected [NULL] and Actual [NULL]. Comparison Type [EQUALS]. Validation Type [POSITIVE]. @22-09-2021 14:24:42.0324 P

################################################################################################################################################
Starting Execution:	[132 out of 144] test cases in the current suite
Test Method:		[testPackage01.Test_NewValidationHelper.f6_1]
################################################################################################################################################
[ReportManager] Assertion [ValidateNull] FAILED. Expected [NULL] and Actual [NULL]. Comparison Type [EQUALS]. Validation Type [NEGATIVE]. @22-09-2021 14:24:42.0326 P

################################################################################################################################################
Starting Execution:	[133 out of 144] test cases in the current suite
Test Method:		[testPackage01.Test_NewValidationHelper.f6_2]
################################################################################################################################################
[ReportManager] Assertion Failed: Making sure that null string is not equal to null object @22-09-2021 14:24:42.0327 PM
[ReportManager] Assertion [ValidateNull] FAILED. Expected [NULL] and Actual [not null]. Comparison Type [EQUALS]. Validation Type [POSITIVE]. @22-09-2021 14:24:42.0327 P

################################################################################################################################################
Starting Execution:	[134 out of 144] test cases in the current suite
Test Method:		[testPackage01.Test_NewValidationHelper.f7]
################################################################################################################################################
[ReportManager] Assertion [ValidateNull] PASSED. Expected [NULL] and Actual [NULL]. Comparison Type [EQUALS]. Validation Type [POSITIVE]. @22-09-2021 14:24:42.0329 P
[ReportManager] File Action [GetAbsolutePath] successfully performed. With the following test data [Relative Folder Path: "target/downloadedFiles/"]. @22-09-2021 14:24:42.0331 PM
[ReportManager] Attempting to run remotely on: [Linux-64], [GoogleChrome], [http://localhost:4444/wd/hub], Headless Execution. @22-09-2021 14:24:42.0331 PM
[ReportManager] Successfully Opened [GoogleChrome]. @22-09-2021 14:24:42.0510 PM
[ReportManager] Target URL: [https://the-internet.herokuapp.com/] @22-09-2021 14:24:42.0520 PM
[ReportManager] Initial URL: [data:,] @22-09-2021 14:24:42.0559 PM
[ReportManager] Browser Action [NavigateToURL] successfully performed. With the following test data [https://the-internet.herokuapp.com/]. @22-09-2021 14:24:42.0929 P

################################################################################################################################################
Starting Execution:	[135 out of 144] test cases in the current suite
Test Method:		[testPackage01.Test_NewValidationHelper.f8]
################################################################################################################################################
[ReportManager] Loaded Shared OpenCV @22-09-2021 14:24:43.0144 PM
[ReportManager] Assertion [ValidateElementExists] PASSED. Expected [Element Should Exist, locator 'By.tagName: h1'] and Actual [Element Exists]. Comparison Type [EQUALS]. Validation Type [POSITIVE]. @22-09-2021 14:24:43.0227 PM
[ReportManager] Successfully created attachment [Screenshot - 1632320683144_f8_ValidateElementExists_passed] @22-09-2021 14:24:43.0228 P
[ReportManager] Successfully Closed All Drivers. @22-09-2021 14:24:43.0304 P
[ReportManager] File Action [GetAbsolutePath] successfully performed. With the following test data [Relative Folder Path: "target/downloadedFiles/"]. @22-09-2021 14:24:43.0305 PM
[ReportManager] Attempting to run remotely on: [Linux-64], [GoogleChrome], [http://localhost:4444/wd/hub], Headless Execution. @22-09-2021 14:24:43.0306 PM
[ReportManager] Successfully Opened [GoogleChrome]. @22-09-2021 14:24:43.0509 PM
[ReportManager] Target URL: [https://the-internet.herokuapp.com/] @22-09-2021 14:24:43.0530 PM
[ReportManager] Initial URL: [data:,] @22-09-2021 14:24:43.0586 PM
[ReportManager] Browser Action [NavigateToURL] successfully performed. With the following test data [https://the-internet.herokuapp.com/]. @22-09-2021 14:24:43.0928 P

################################################################################################################################################
Starting Execution:	[136 out of 144] test cases in the current suite
Test Method:		[testPackage01.Test_NewValidationHelper.f9]
################################################################################################################################################
[ReportManager] Assertion [ValidateElementExists] FAILED. Expected [Element Should Exist, locator 'By.tagName: h3'] and Actual [Element Doesn't Exists]. Comparison Type [EQUALS]. Validation Type [POSITIVE]. @22-09-2021 14:25:14.0654 PM
[ReportManager] Successfully created attachment [Screenshot - 1632320714590_f9_ValidateElementExists_failed] @22-09-2021 14:25:14.0655 P
[ReportManager] Successfully Closed All Drivers. @22-09-2021 14:25:14.0731 P

################################################################################################################################################
Starting Execution:	[137 out of 144] test cases in the current suite
Test Method:		[testPackage01.Test_NewValidationHelper.forceFail]
################################################################################################################################################
[ReportManager] Assertion [ValidateFail] FAILED. Successfully force failed the test. @22-09-2021 14:25:14.0735 P

################################################################################################################################################
Starting Execution:	[138 out of 144] test cases in the current suite
Test Method:		[testPackage01.Test_NewValidationHelper.forceFail2]
################################################################################################################################################
[ReportManager] Assertion Failed: Custom Message @22-09-2021 14:25:14.0737 PM
[ReportManager] Assertion [ValidateFail] FAILED. Successfully force failed the test. @22-09-2021 14:25:14.0737 P

################################################################################################################################################
Starting Execution:	[139 out of 144] test cases in the current suite
Test Method:		[testPackage01.Test_sendGraphqlRequest.sendGraphqlRequestUsingMutationAndVariables]
################################################################################################################################################
[ReportManager] GraphQl Request is being Performed with the Following Parameters [Service URL: https://api.spacex.land/graphql | Request Body: {"variables":"{\"name\": \"sherlock holmes\",\"rocket\": \"221B Baker Street\"}","query":"mutation ($name: String, $rocket: String) {\n  insert_users(objects: {name: $name, rocket: $rocket}) {\n    returning {\n      name\n      rocket\n    }\n  }\n}"}] @22-09-2021 14:25:14.0739 PM
[ReportManager] Response status code: [200], status line: [HTTP/1.1 200 OK] @22-09-2021 14:25:14.0962 PM
[ReportManager] Assertion Passed: Evaluating the actual response status code against the expected one... @22-09-2021 14:25:14.0962 PM
[ReportManager] Assertion [ValidateEquals] PASSED. Expected [200] and Actual [200]. Comparison Type [EQUALS]. Validation Type [POSITIVE]. @22-09-2021 14:25:14.0962 PM
[ReportManager] API Action [PerformRequest] successfully performed. With the following test data [Request Type: "POST" | Target Status Code: "200" | Service URL: "https://api.spacex.land/graphql" | Content Type: "application/json" | Response Time: "139ms"]. @22-09-2021 14:25:14.0989 PM
[ReportManager] Successfully created attachment [API Request - Specifications] @22-09-2021 14:25:14.0989 PM
[ReportManager] Successfully created attachment [API Request - JSON Body] @22-09-2021 14:25:14.0989 PM
[ReportManager] Successfully created attachment [API Response - JSON Body] @22-09-2021 14:25:14.0990 PM
[ReportManager] API Action [GetResponseJSONValue] successfully performed. With the following test data [data.insert_users.returning[0].name]. @22-09-2021 14:25:15.0027 PM
[ReportManager] Assertion [ValidateEquals] PASSED. Expected [sherlock holmes] and Actual [sherlock holmes]. Comparison Type [EQUALS]. Validation Type [POSITIVE]. @22-09-2021 14:25:15.0028 P

################################################################################################################################################
Starting Execution:	[140 out of 144] test cases in the current suite
Test Method:		[testPackage01.Test_sendGraphqlRequest.sendGraphqlRequestUsingQuery]
################################################################################################################################################
[ReportManager] GraphQl Request is being Performed with the Following Parameters [Service URL: https://api.spacex.land/graphql | Request Body: {"query":"{company {ceo}}"}] @22-09-2021 14:25:15.0030 PM
[ReportManager] Response status code: [200], status line: [HTTP/1.1 200 OK] @22-09-2021 14:25:15.0094 PM
[ReportManager] Assertion Passed: Evaluating the actual response status code against the expected one... @22-09-2021 14:25:15.0095 PM
[ReportManager] Assertion [ValidateEquals] PASSED. Expected [200] and Actual [200]. Comparison Type [EQUALS]. Validation Type [POSITIVE]. @22-09-2021 14:25:15.0095 PM
[ReportManager] API Action [PerformRequest] successfully performed. With the following test data [Request Type: "POST" | Target Status Code: "200" | Service URL: "https://api.spacex.land/graphql" | Content Type: "application/json" | Response Time: "60ms"]. @22-09-2021 14:25:15.0105 PM
[ReportManager] Successfully created attachment [API Request - Specifications] @22-09-2021 14:25:15.0106 PM
[ReportManager] Successfully created attachment [API Request - JSON Body] @22-09-2021 14:25:15.0106 PM
[ReportManager] Successfully created attachment [API Response - JSON Body] @22-09-2021 14:25:15.0106 PM
[ReportManager] API Action [GetResponseJSONValue] successfully performed. With the following test data [data.company.ceo]. @22-09-2021 14:25:15.0114 PM
[ReportManager] Assertion [ValidateEquals] PASSED. Expected [Elon Musk] and Actual [Elon Musk]. Comparison Type [EQUALS]. Validation Type [POSITIVE]. @22-09-2021 14:25:15.0114 P

################################################################################################################################################
Starting Execution:	[141 out of 144] test cases in the current suite
Test Method:		[testPackage01.Test_chainableElementActions.chainElementActions]
################################################################################################################################################
[ReportManager] File Action [GetAbsolutePath] successfully performed. With the following test data [Relative Folder Path: "target/downloadedFiles/"]. @22-09-2021 14:25:15.0121 PM
[ReportManager] Attempting to run remotely on: [Linux-64], [GoogleChrome], [http://localhost:4444/wd/hub], Headless Execution. @22-09-2021 14:25:15.0121 PM
[ReportManager] Successfully Opened [GoogleChrome]. @22-09-2021 14:25:15.0354 PM
[ReportManager] Target URL: [https://www.google.com/ncr], and after redirection: [https://www.google.com] @22-09-2021 14:25:15.0364 PM
[ReportManager] Initial URL: [data:,] @22-09-2021 14:25:15.0419 PM
[ReportManager] Browser Action [NavigateToURL] successfully performed. With the following test data [https://www.google.com/ncr]. @22-09-2021 14:25:16.0224 PM
[ReportManager] Element Action [Type] successfully performed. With the following test data [chained type 1]. @22-09-2021 14:25:16.0578 PM
[ReportManager] Element Action [Type] successfully performed. With the following test data [chained type 2]. @22-09-2021 14:25:16.0910 PM
[ReportManager] Element Action [TypeAppend] successfully performed. With the following test data [345]. @22-09-2021 14:25:17.0005 PM
[ReportManager] Element Action [GetText] successfully performed. With the following test data [chained type 2345]. @22-09-2021 14:25:17.0114 PM
[ReportManager] Loaded Shared OpenCV @22-09-2021 14:25:17.0258 PM
[ReportManager] Assertion [ValidateElementAttribute] PASSED. Expected [Value Should be 'chained type 2345' for the 'text' attribute, element locator 'By.name: q'] and Actual [chained type 2345]. Comparison Type [EQUALS]. Validation Type [POSITIVE]. @22-09-2021 14:25:17.0335 PM
[ReportManager] Successfully created attachment [Screenshot - 1632320717258_chainElementActions_ValidateElementAttribute_passed] @22-09-2021 14:25:17.0336 PM
[ReportManager] Browser Action [CloseCurrentWindow] successfully performed. @22-09-2021 14:25:17.0455 PM
[ReportManager] Successfully created attachment [Browser Action Test Data - CloseCurrentWindow - Actual Value] @22-09-2021 14:25:17.0456 P

################################################################################################################################################
Starting Execution:	[142 out of 144] test cases in the current suite
Test Method:		[testPackage01.Test_SkipDueToIssue.doNotSkip]
################################################################################################################################################
[ReportManager] This should not be skipped. @22-09-2021 14:25:17.0459 P

################################################################################################################################################
Starting Execution:	[143 out of 144] test cases in the current suite
Test Method:		[testPackage01.Test_SkipDueToIssue.skip]
################################################################################################################################################
[ReportManager] This should be skipped. @22-09-2021 14:25:17.0466 P

################################################################################################################################################
Starting Execution:	[144 out of 144] test cases in the current suite
Test Method:		[testPackage01.Test_SkipDueToIssue.skip2]
################################################################################################################################################
[ReportManager] This should be skipped. @22-09-2021 14:25:17.0475 P

################################################################################################################################################
Test Closure Activities
################################################################################################################################################
[ReportManager] Successfully created attachment [SHAFT Engine Logs - Execution log] @22-09-2021 14:25:17.0509 PM

################################################################################################################################################
This test run was powered by SHAFT Engine Version: [SHAFT Engine v5.3.20210902]
SHAFT Engine is licensed under the MIT License: [https://github.com/MohabMohie/SHAFT_ENGINE/blob/master/LICENSE].
################################################################################################################################################