################################################################################################################################################
Detected SHAFT Engine Version: [SHAFT Engine v5.4.20211202-BETA]
################################################################################################################################################
[ReportManager] File Action [GetAbsolutePath] successfully performed. With the following test data [Relative Folder Path: "target/downloadedFiles/"]. @11-12-2021 18:31:08.0793 PM
[ReportManager] Attempting to run locally on: [Mac-64], [Safari], Headless Execution. @11-12-2021 18:31:08.0807 PM
[ReportManager] Successfully Opened Safari. @11-12-2021 18:31:14.0033 PM
[ReportManager] Initial window size: (800, 600) @11-12-2021 18:31:14.0052 PM
[ReportManager] Window size after SWD Maximize: (1176, 802) @11-12-2021 18:31:14.0094 PM
[ReportManager] Browser Action [MaximizeWindow] successfully performed. With the following test data [New screen size is now: (1176, 802)]. @11-12-2021 18:31:14.0102 P

################################################################################################################################################
Starting Execution:	[1 out of 146] test cases in the current suite
Test Method:		[unitTests.tests_element_elementActions.waitForElementToBePresent_false_expectedToFail]
################################################################################################################################################
[ReportManager] Target URL: [https://www.google.com/ncr], and after redirection: [www.google.com] @11-12-2021 18:31:14.0259 PM
[ReportManager] Initial URL: [] @11-12-2021 18:31:14.0327 PM
[ReportManager] Browser Action [NavigateToURL] successfully performed. With the following test data [https://www.google.com/ncr]. @11-12-2021 18:31:17.0456 PM
[ReportManager] Waiting for element to be present; elementLocator [By.xpath: //*[@id='hplogo' or @alt='Google']], numberOfTries[1], stateOfPresence[false]... @11-12-2021 18:31:17.0476 PM
[ReportManager] Element Action [WaitForElementToBePresent] failed. With the following test data [waited for the element's state of presence to be (false). Element locator (By.xpath: //*[@id='hplogo' or @alt='Google'])]. @11-12-2021 18:31:20.0279 PM
[ReportManager] Successfully created attachment [Screenshot - 1639247477787_waitForElementToBePresent_false_expectedToFail_WaitForElementToBePresent_failed] @11-12-2021 18:31:20.0306 P
[ReportManager] Browser Action [CloseCurrentWindow] successfully performed. @11-12-2021 18:31:20.0792 PM
[ReportManager] Successfully created attachment [Browser Action Test Data - CloseCurrentWindow - Actual Value] @11-12-2021 18:31:20.0814 P
[ReportManager] File Action [GetAbsolutePath] successfully performed. With the following test data [Relative Folder Path: "target/downloadedFiles/"]. @11-12-2021 18:31:20.0838 PM
[ReportManager] Attempting to run locally on: [Mac-64], [Safari], Headless Execution. @11-12-2021 18:31:20.0839 PM
[ReportManager] Successfully Opened Safari. @11-12-2021 18:31:21.0788 PM
[ReportManager] Initial window size: (800, 600) @11-12-2021 18:31:21.0807 PM
[ReportManager] Window size after SWD Maximize: (1176, 803) @11-12-2021 18:31:21.0830 PM
[ReportManager] Browser Action [MaximizeWindow] successfully performed. With the following test data [New screen size is now: (1176, 803)]. @11-12-2021 18:31:21.0831 P

################################################################################################################################################
Starting Execution:	[2 out of 146] test cases in the current suite
Test Method:		[unitTests.tests_element_elementActions.waitForElementToBePresent_false_expectedToPass]
################################################################################################################################################
[ReportManager] Target URL: [https://www.google.com/ncr], and after redirection: [www.google.com] @11-12-2021 18:31:21.0845 PM
[ReportManager] Initial URL: [] @11-12-2021 18:31:21.0964 PM
[ReportManager] Browser Action [NavigateToURL] successfully performed. With the following test data [https://www.google.com/ncr]. @11-12-2021 18:31:24.0279 PM
[ReportManager] Waiting for element to be present; elementLocator [By.id: bla], numberOfTries[1], stateOfPresence[false]... @11-12-2021 18:31:24.0280 PM
[ReportManager] org.openqa.selenium.TimeoutException:
Expected condition failed: waiting for com.shaft.gui.element.ElementActionsHelper$$Lambda$625/0x00000008011379c0@580e01cd (tried for 5 second(s) with 1000 milliseconds interval)
org.openqa.selenium.support.ui.FluentWait.timeoutException(FluentWait.java:263)
org.openqa.selenium.support.ui.FluentWait.until(FluentWait.java:231)
com.shaft.gui.element.ElementActionsHelper.waitForElementPresence(ElementActionsHelper.java:63)
com.shaft.gui.element.ElementActionsHelper.waitForElementPresence(ElementActionsHelper.java:37)
com.shaft.gui.element.WebDriverElementActions.getMatchingElementsCount(WebDriverElementActions.java:1468)
com.shaft.gui.element.WebDriverElementActions.waitForElementToBePresent(WebDriverElementActions.java:1293)
com.shaft.gui.element.ElementActions.waitForElementToBePresent(ElementActions.java:622)
unitTests.tests_element_elementActions.waitForElementToBePresent_false_expectedToPass(tests_element_elementActions.java:48)
java.base/jdk.internal.reflect.NativeMethodAccessorImpl.invoke0(Native Method)
java.base/jdk.internal.reflect.NativeMethodAccessorImpl.invoke(NativeMethodAccessorImpl.java:77)
java.base/jdk.internal.reflect.DelegatingMethodAccessorImpl.invoke(DelegatingMethodAccessorImpl.java:43)
java.base/java.lang.reflect.Method.invoke(Method.java:568)
org.testng.internal.MethodInvocationHelper.invokeMethod(MethodInvocationHelper.java:133)
org.testng.internal.TestInvoker.invokeMethod(TestInvoker.java:598)
org.testng.internal.TestInvoker.invokeTestMethod(TestInvoker.java:173)
org.testng.internal.MethodRunner.runInSequence(MethodRunner.java:46)
org.testng.internal.TestInvoker$MethodInvocationAgent.invoke(TestInvoker.java:824)
org.testng.internal.TestInvoker.invokeTestMethods(TestInvoker.java:146)
org.testng.internal.TestMethodWorker.invokeTestMethods(TestMethodWorker.java:146)
org.testng.internal.TestMethodWorker.run(TestMethodWorker.java:128)
java.base/java.util.ArrayList.forEach(ArrayList.java:1511)
org.testng.TestRunner.privateRun(TestRunner.java:794)
org.testng.TestRunner.run(TestRunner.java:596)
org.testng.SuiteRunner.runTest(SuiteRunner.java:377)
org.testng.SuiteRunner.runSequentially(SuiteRunner.java:371)
org.testng.SuiteRunner.privateRun(SuiteRunner.java:332)
org.testng.SuiteRunner.run(SuiteRunner.java:276)
org.testng.SuiteRunnerWorker.runSuite(SuiteRunnerWorker.java:53)
org.testng.SuiteRunnerWorker.run(SuiteRunnerWorker.java:96)
org.testng.TestNG.runSuitesSequentially(TestNG.java:1212)
org.testng.TestNG.runSuitesLocally(TestNG.java:1134)
org.testng.TestNG.runSuites(TestNG.java:1063)
org.testng.TestNG.run(TestNG.java:1031)
org.apache.maven.surefire.testng.TestNGExecutor.run(TestNGExecutor.java:136)
org.apache.maven.surefire.testng.TestNGDirectoryTestSuite.executeMulti(TestNGDirectoryTestSuite.java:193)
org.apache.maven.surefire.testng.TestNGDirectoryTestSuite.execute(TestNGDirectoryTestSuite.java:94)
org.apache.maven.surefire.testng.TestNGProvider.invoke(TestNGProvider.java:145)
org.apache.maven.surefire.booter.ForkedBooter.runSuitesInProcess(ForkedBooter.java:428)
org.apache.maven.surefire.booter.ForkedBooter.execute(ForkedBooter.java:162)
org.apache.maven.surefire.booter.ForkedBooter.run(ForkedBooter.java:562)
org.apache.maven.surefire.booter.ForkedBooter.main(ForkedBooter.java:548)

Caused by: org.openqa.selenium.NoSuchElementException:
For documentation on this error, please visit: https://selenium.dev/exceptions/#no_such_element
Build info: version: '4.1.0', revision: '87802e897b'
System info: host: 'Mac-1639246033922.local', ip: '10.212.9.10', os.name: 'Mac OS X', os.arch: 'x86_64', os.version: '11.5', java.version: '17.0.1'
Driver info: org.openqa.selenium.safari.SafariDriver
Command: [D31EEDB1-5BD6-4253-84AF-7097404139C4, findElement {using=id, value=bla}]
Capabilities {acceptInsecureCerts: false, browserName: Safari, browserVersion: 15.1, goog:loggingPrefs: {browser: ALL, client: ALL, driver: ALL, performance: ALL, profiler: ALL, server: ALL}, javascriptEnabled: true, pageLoadStrategy: normal, platform: MAC, platformName: MAC, safari:automaticInspection: false, safari:automaticProfiling: false, safari:diagnose: false, safari:platformBuildVersion: 20G224, safari:platformVersion: 11.6.1, safari:useSimulator: false, setWindowRect: true, strictFileInteractability: false, timeouts: {pageLoad: 30000, script: 30000}, webkit:WebRTC: {DisableICECandidateFiltering: false, DisableInsecureMediaCapture: false}}
Session ID: D31EEDB1-5BD6-4253-84AF-7097404139C4
java.base/jdk.internal.reflect.NativeConstructorAccessorImpl.newInstance0(Native Method)
java.base/jdk.internal.reflect.NativeConstructorAccessorImpl.newInstance(NativeConstructorAccessorImpl.java:77)
java.base/jdk.internal.reflect.DelegatingConstructorAccessorImpl.newInstance(DelegatingConstructorAccessorImpl.java:45)
java.base/java.lang.reflect.Constructor.newInstanceWithCaller(Constructor.java:499)
java.base/java.lang.reflect.Constructor.newInstance(Constructor.java:480)
org.openqa.selenium.remote.codec.w3c.W3CHttpResponseCodec.createException(W3CHttpResponseCodec.java:200)
org.openqa.selenium.remote.codec.w3c.W3CHttpResponseCodec.decode(W3CHttpResponseCodec.java:133)
org.openqa.selenium.remote.codec.w3c.W3CHttpResponseCodec.decode(W3CHttpResponseCodec.java:53)
org.openqa.selenium.remote.HttpCommandExecutor.execute(HttpCommandExecutor.java:184)
org.openqa.selenium.remote.service.DriverCommandExecutor.invokeExecute(DriverCommandExecutor.java:164)
org.openqa.selenium.remote.service.DriverCommandExecutor.execute(DriverCommandExecutor.java:139)
org.openqa.selenium.remote.RemoteWebDriver.execute(RemoteWebDriver.java:559)
org.openqa.selenium.remote.ElementLocation$ElementFinder$2.findElement(ElementLocation.java:162)
org.openqa.selenium.remote.ElementLocation.findElement(ElementLocation.java:60)
org.openqa.selenium.remote.RemoteWebDriver.findElement(RemoteWebDriver.java:383)
org.openqa.selenium.remote.RemoteWebDriver.findElement(RemoteWebDriver.java:375)
com.shaft.gui.element.ElementActionsHelper.lambda$waitForElementPresence$0(ElementActionsHelper.java:66)
org.openqa.selenium.support.ui.FluentWait.until(FluentWait.java:208)
com.shaft.gui.element.ElementActionsHelper.waitForElementPresence(ElementActionsHelper.java:63)
com.shaft.gui.element.ElementActionsHelper.waitForElementPresence(ElementActionsHelper.java:37)
com.shaft.gui.element.WebDriverElementActions.getMatchingElementsCount(WebDriverElementActions.java:1468)
com.shaft.gui.element.WebDriverElementActions.waitForElementToBePresent(WebDriverElementActions.java:1293)
com.shaft.gui.element.ElementActions.waitForElementToBePresent(ElementActions.java:622)
unitTests.tests_element_elementActions.waitForElementToBePresent_false_expectedToPass(tests_element_elementActions.java:48)
java.base/jdk.internal.reflect.NativeMethodAccessorImpl.invoke0(Native Method)
java.base/jdk.internal.reflect.NativeMethodAccessorImpl.invoke(NativeMethodAccessorImpl.java:77)
java.base/jdk.internal.reflect.DelegatingMethodAccessorImpl.invoke(DelegatingMethodAccessorImpl.java:43)
java.base/java.lang.reflect.Method.invoke(Method.java:568)
org.testng.internal.MethodInvocationHelper.invokeMethod(MethodInvocationHelper.java:133)
org.testng.internal.TestInvoker.invokeMethod(TestInvoker.java:598)
org.testng.internal.TestInvoker.invokeTestMethod(TestInvoker.java:173)
org.testng.internal.MethodRunner.runInSequence(MethodRunner.java:46)
org.testng.internal.TestInvoker$MethodInvocationAgent.invoke(TestInvoker.java:824)
org.testng.internal.TestInvoker.invokeTestMethods(TestInvoker.java:146)
org.testng.internal.TestMethodWorker.invokeTestMethods(TestMethodWorker.java:146)
org.testng.internal.TestMethodWorker.run(TestMethodWorker.java:128)
java.base/java.util.ArrayList.forEach(ArrayList.java:1511)
org.testng.TestRunner.privateRun(TestRunner.java:794)
org.testng.TestRunner.run(TestRunner.java:596)
org.testng.SuiteRunner.runTest(SuiteRunner.java:377)
org.testng.SuiteRunner.runSequentially(SuiteRunner.java:371)
org.testng.SuiteRunner.privateRun(SuiteRunner.java:332)
org.testng.SuiteRunner.run(SuiteRunner.java:276)
org.testng.SuiteRunnerWorker.runSuite(SuiteRunnerWorker.java:53)
org.testng.SuiteRunnerWorker.run(SuiteRunnerWorker.java:96)
org.testng.TestNG.runSuitesSequentially(TestNG.java:1212)
org.testng.TestNG.runSuitesLocally(TestNG.java:1134)
org.testng.TestNG.runSuites(TestNG.java:1063)
org.testng.TestNG.run(TestNG.java:1031)
org.apache.maven.surefire.testng.TestNGExecutor.run(TestNGExecutor.java:136)
org.apache.maven.surefire.testng.TestNGDirectoryTestSuite.executeMulti(TestNGDirectoryTestSuite.java:193)
org.apache.maven.surefire.testng.TestNGDirectoryTestSuite.execute(TestNGDirectoryTestSuite.java:94)
org.apache.maven.surefire.testng.TestNGProvider.invoke(TestNGProvider.java:145)
org.apache.maven.surefire.booter.ForkedBooter.runSuitesInProcess(ForkedBooter.java:428)
org.apache.maven.surefire.booter.ForkedBooter.execute(ForkedBooter.java:162)
org.apache.maven.surefire.booter.ForkedBooter.run(ForkedBooter.java:562)
org.apache.maven.surefire.booter.ForkedBooter.main(ForkedBooter.java:548) @11-12-2021 18:31:29.0767 PM
[ReportManager] Element Action [WaitForElementToBePresent] successfully performed. With the following test data [waited for the element's state of presence to be (false). Element locator (By.id: bla)]. @11-12-2021 18:31:29.0768 P
[ReportManager] Browser Action [CloseCurrentWindow] successfully performed. @11-12-2021 18:31:30.0132 PM
[ReportManager] Successfully created attachment [Browser Action Test Data - CloseCurrentWindow - Actual Value] @11-12-2021 18:31:30.0134 P
[ReportManager] File Action [GetAbsolutePath] successfully performed. With the following test data [Relative Folder Path: "target/downloadedFiles/"]. @11-12-2021 18:31:30.0150 PM
[ReportManager] Attempting to run locally on: [Mac-64], [Safari], Headless Execution. @11-12-2021 18:31:30.0150 PM
[ReportManager] Successfully Opened Safari. @11-12-2021 18:31:31.0042 PM
[ReportManager] Initial window size: (800, 600) @11-12-2021 18:31:31.0048 PM
[ReportManager] Window size after SWD Maximize: (1176, 803) @11-12-2021 18:31:31.0078 PM
[ReportManager] Browser Action [MaximizeWindow] successfully performed. With the following test data [New screen size is now: (1176, 803)]. @11-12-2021 18:31:31.0078 P

################################################################################################################################################
Starting Execution:	[3 out of 146] test cases in the current suite
Test Method:		[unitTests.tests_element_elementActions.waitForElementToBePresent_moreThanOneElement_expectedToFail]
################################################################################################################################################
[ReportManager] Target URL: [https://www.google.com/ncr], and after redirection: [www.google.com] @11-12-2021 18:31:31.0083 PM
[ReportManager] Initial URL: [] @11-12-2021 18:31:31.0159 PM
[ReportManager] Browser Action [NavigateToURL] successfully performed. With the following test data [https://www.google.com/ncr]. @11-12-2021 18:31:33.0146 PM
[ReportManager] Waiting for element to be present; elementLocator [By.xpath: //*], numberOfTries[1], stateOfPresence[false]... @11-12-2021 18:31:33.0147 PM
[ReportManager] Element Action [WaitForElementToBePresent] failed. With the following test data [waited for the element's state of presence to be (false). Element locator (By.xpath: //*)]. @11-12-2021 18:31:33.0323 PM
[ReportManager] Successfully created attachment [Screenshot - 1639247493218_waitForElementToBePresent_moreThanOneElement_expectedToFail_WaitForElementToBePresent_failed] @11-12-2021 18:31:33.0328 P
[ReportManager] Browser Action [CloseCurrentWindow] successfully performed. @11-12-2021 18:31:33.0756 PM
[ReportManager] Successfully created attachment [Browser Action Test Data - CloseCurrentWindow - Actual Value] @11-12-2021 18:31:33.0761 P
[ReportManager] File Action [GetAbsolutePath] successfully performed. With the following test data [Relative Folder Path: "target/downloadedFiles/"]. @11-12-2021 18:31:33.0769 PM
[ReportManager] Attempting to run locally on: [Mac-64], [Safari], Headless Execution. @11-12-2021 18:31:33.0769 PM
[ReportManager] Successfully Opened Safari. @11-12-2021 18:31:34.0837 PM
[ReportManager] Initial window size: (800, 600) @11-12-2021 18:31:34.0857 PM
[ReportManager] Window size after SWD Maximize: (1176, 803) @11-12-2021 18:31:34.0892 PM
[ReportManager] Browser Action [MaximizeWindow] successfully performed. With the following test data [New screen size is now: (1176, 803)]. @11-12-2021 18:31:34.0892 P

################################################################################################################################################
Starting Execution:	[4 out of 146] test cases in the current suite
Test Method:		[unitTests.tests_element_elementActions.waitForElementToBePresent_true_expectedToFail]
################################################################################################################################################
[ReportManager] Target URL: [https://www.google.com/ncr], and after redirection: [www.google.com] @11-12-2021 18:31:34.0897 PM
[ReportManager] Initial URL: [] @11-12-2021 18:31:35.0023 PM
[ReportManager] Browser Action [NavigateToURL] successfully performed. With the following test data [https://www.google.com/ncr]. @11-12-2021 18:31:37.0181 PM
[ReportManager] Waiting for element to be present; elementLocator [By.id: bla], numberOfTries[1], stateOfPresence[true]... @11-12-2021 18:31:37.0181 PM
[ReportManager] org.openqa.selenium.TimeoutException:
Expected condition failed: waiting for com.shaft.gui.element.ElementActionsHelper$$Lambda$625/0x00000008011379c0@28468162 (tried for 5 second(s) with 1000 milliseconds interval)
org.openqa.selenium.support.ui.FluentWait.timeoutException(FluentWait.java:263)
org.openqa.selenium.support.ui.FluentWait.until(FluentWait.java:231)
com.shaft.gui.element.ElementActionsHelper.waitForElementPresence(ElementActionsHelper.java:63)
com.shaft.gui.element.ElementActionsHelper.waitForElementPresence(ElementActionsHelper.java:37)
com.shaft.gui.element.WebDriverElementActions.getMatchingElementsCount(WebDriverElementActions.java:1468)
com.shaft.gui.element.WebDriverElementActions.waitForElementToBePresent(WebDriverElementActions.java:1293)
com.shaft.gui.element.ElementActions.waitForElementToBePresent(ElementActions.java:622)
unitTests.tests_element_elementActions.waitForElementToBePresent_true_expectedToFail(tests_element_elementActions.java:39)
java.base/jdk.internal.reflect.NativeMethodAccessorImpl.invoke0(Native Method)
java.base/jdk.internal.reflect.NativeMethodAccessorImpl.invoke(NativeMethodAccessorImpl.java:77)
java.base/jdk.internal.reflect.DelegatingMethodAccessorImpl.invoke(DelegatingMethodAccessorImpl.java:43)
java.base/java.lang.reflect.Method.invoke(Method.java:568)
org.testng.internal.MethodInvocationHelper.invokeMethod(MethodInvocationHelper.java:133)
org.testng.internal.TestInvoker.invokeMethod(TestInvoker.java:598)
org.testng.internal.TestInvoker.invokeTestMethod(TestInvoker.java:173)
org.testng.internal.MethodRunner.runInSequence(MethodRunner.java:46)
org.testng.internal.TestInvoker$MethodInvocationAgent.invoke(TestInvoker.java:824)
org.testng.internal.TestInvoker.invokeTestMethods(TestInvoker.java:146)
org.testng.internal.TestMethodWorker.invokeTestMethods(TestMethodWorker.java:146)
org.testng.internal.TestMethodWorker.run(TestMethodWorker.java:128)
java.base/java.util.ArrayList.forEach(ArrayList.java:1511)
org.testng.TestRunner.privateRun(TestRunner.java:794)
org.testng.TestRunner.run(TestRunner.java:596)
org.testng.SuiteRunner.runTest(SuiteRunner.java:377)
org.testng.SuiteRunner.runSequentially(SuiteRunner.java:371)
org.testng.SuiteRunner.privateRun(SuiteRunner.java:332)
org.testng.SuiteRunner.run(SuiteRunner.java:276)
org.testng.SuiteRunnerWorker.runSuite(SuiteRunnerWorker.java:53)
org.testng.SuiteRunnerWorker.run(SuiteRunnerWorker.java:96)
org.testng.TestNG.runSuitesSequentially(TestNG.java:1212)
org.testng.TestNG.runSuitesLocally(TestNG.java:1134)
org.testng.TestNG.runSuites(TestNG.java:1063)
org.testng.TestNG.run(TestNG.java:1031)
org.apache.maven.surefire.testng.TestNGExecutor.run(TestNGExecutor.java:136)
org.apache.maven.surefire.testng.TestNGDirectoryTestSuite.executeMulti(TestNGDirectoryTestSuite.java:193)
org.apache.maven.surefire.testng.TestNGDirectoryTestSuite.execute(TestNGDirectoryTestSuite.java:94)
org.apache.maven.surefire.testng.TestNGProvider.invoke(TestNGProvider.java:145)
org.apache.maven.surefire.booter.ForkedBooter.runSuitesInProcess(ForkedBooter.java:428)
org.apache.maven.surefire.booter.ForkedBooter.execute(ForkedBooter.java:162)
org.apache.maven.surefire.booter.ForkedBooter.run(ForkedBooter.java:562)
org.apache.maven.surefire.booter.ForkedBooter.main(ForkedBooter.java:548)

Caused by: org.openqa.selenium.NoSuchElementException:
For documentation on this error, please visit: https://selenium.dev/exceptions/#no_such_element
Build info: version: '4.1.0', revision: '87802e897b'
System info: host: 'Mac-1639246033922.local', ip: '10.212.9.10', os.name: 'Mac OS X', os.arch: 'x86_64', os.version: '11.5', java.version: '17.0.1'
Driver info: org.openqa.selenium.safari.SafariDriver
Command: [D31FFE79-8385-4095-B4B2-2B903A322F8B, findElement {using=id, value=bla}]
Capabilities {acceptInsecureCerts: false, browserName: Safari, browserVersion: 15.1, goog:loggingPrefs: {browser: ALL, client: ALL, driver: ALL, performance: ALL, profiler: ALL, server: ALL}, javascriptEnabled: true, pageLoadStrategy: normal, platform: MAC, platformName: MAC, safari:automaticInspection: false, safari:automaticProfiling: false, safari:diagnose: false, safari:platformBuildVersion: 20G224, safari:platformVersion: 11.6.1, safari:useSimulator: false, setWindowRect: true, strictFileInteractability: false, timeouts: {pageLoad: 30000, script: 30000}, webkit:WebRTC: {DisableICECandidateFiltering: false, DisableInsecureMediaCapture: false}}
Session ID: D31FFE79-8385-4095-B4B2-2B903A322F8B
java.base/jdk.internal.reflect.NativeConstructorAccessorImpl.newInstance0(Native Method)
java.base/jdk.internal.reflect.NativeConstructorAccessorImpl.newInstance(NativeConstructorAccessorImpl.java:77)
java.base/jdk.internal.reflect.DelegatingConstructorAccessorImpl.newInstance(DelegatingConstructorAccessorImpl.java:45)
java.base/java.lang.reflect.Constructor.newInstanceWithCaller(Constructor.java:499)
java.base/java.lang.reflect.Constructor.newInstance(Constructor.java:480)
org.openqa.selenium.remote.codec.w3c.W3CHttpResponseCodec.createException(W3CHttpResponseCodec.java:200)
org.openqa.selenium.remote.codec.w3c.W3CHttpResponseCodec.decode(W3CHttpResponseCodec.java:133)
org.openqa.selenium.remote.codec.w3c.W3CHttpResponseCodec.decode(W3CHttpResponseCodec.java:53)
org.openqa.selenium.remote.HttpCommandExecutor.execute(HttpCommandExecutor.java:184)
org.openqa.selenium.remote.service.DriverCommandExecutor.invokeExecute(DriverCommandExecutor.java:164)
org.openqa.selenium.remote.service.DriverCommandExecutor.execute(DriverCommandExecutor.java:139)
org.openqa.selenium.remote.RemoteWebDriver.execute(RemoteWebDriver.java:559)
org.openqa.selenium.remote.ElementLocation$ElementFinder$2.findElement(ElementLocation.java:162)
org.openqa.selenium.remote.ElementLocation.findElement(ElementLocation.java:60)
org.openqa.selenium.remote.RemoteWebDriver.findElement(RemoteWebDriver.java:383)
org.openqa.selenium.remote.RemoteWebDriver.findElement(RemoteWebDriver.java:375)
com.shaft.gui.element.ElementActionsHelper.lambda$waitForElementPresence$0(ElementActionsHelper.java:66)
org.openqa.selenium.support.ui.FluentWait.until(FluentWait.java:208)
com.shaft.gui.element.ElementActionsHelper.waitForElementPresence(ElementActionsHelper.java:63)
com.shaft.gui.element.ElementActionsHelper.waitForElementPresence(ElementActionsHelper.java:37)
com.shaft.gui.element.WebDriverElementActions.getMatchingElementsCount(WebDriverElementActions.java:1468)
com.shaft.gui.element.WebDriverElementActions.waitForElementToBePresent(WebDriverElementActions.java:1293)
com.shaft.gui.element.ElementActions.waitForElementToBePresent(ElementActions.java:622)
unitTests.tests_element_elementActions.waitForElementToBePresent_true_expectedToFail(tests_element_elementActions.java:39)
java.base/jdk.internal.reflect.NativeMethodAccessorImpl.invoke0(Native Method)
java.base/jdk.internal.reflect.NativeMethodAccessorImpl.invoke(NativeMethodAccessorImpl.java:77)
java.base/jdk.internal.reflect.DelegatingMethodAccessorImpl.invoke(DelegatingMethodAccessorImpl.java:43)
java.base/java.lang.reflect.Method.invoke(Method.java:568)
org.testng.internal.MethodInvocationHelper.invokeMethod(MethodInvocationHelper.java:133)
org.testng.internal.TestInvoker.invokeMethod(TestInvoker.java:598)
org.testng.internal.TestInvoker.invokeTestMethod(TestInvoker.java:173)
org.testng.internal.MethodRunner.runInSequence(MethodRunner.java:46)
org.testng.internal.TestInvoker$MethodInvocationAgent.invoke(TestInvoker.java:824)
org.testng.internal.TestInvoker.invokeTestMethods(TestInvoker.java:146)
org.testng.internal.TestMethodWorker.invokeTestMethods(TestMethodWorker.java:146)
org.testng.internal.TestMethodWorker.run(TestMethodWorker.java:128)
java.base/java.util.ArrayList.forEach(ArrayList.java:1511)
org.testng.TestRunner.privateRun(TestRunner.java:794)
org.testng.TestRunner.run(TestRunner.java:596)
org.testng.SuiteRunner.runTest(SuiteRunner.java:377)
org.testng.SuiteRunner.runSequentially(SuiteRunner.java:371)
org.testng.SuiteRunner.privateRun(SuiteRunner.java:332)
org.testng.SuiteRunner.run(SuiteRunner.java:276)
org.testng.SuiteRunnerWorker.runSuite(SuiteRunnerWorker.java:53)
org.testng.SuiteRunnerWorker.run(SuiteRunnerWorker.java:96)
org.testng.TestNG.runSuitesSequentially(TestNG.java:1212)
org.testng.TestNG.runSuitesLocally(TestNG.java:1134)
org.testng.TestNG.runSuites(TestNG.java:1063)
org.testng.TestNG.run(TestNG.java:1031)
org.apache.maven.surefire.testng.TestNGExecutor.run(TestNGExecutor.java:136)
org.apache.maven.surefire.testng.TestNGDirectoryTestSuite.executeMulti(TestNGDirectoryTestSuite.java:193)
org.apache.maven.surefire.testng.TestNGDirectoryTestSuite.execute(TestNGDirectoryTestSuite.java:94)
org.apache.maven.surefire.testng.TestNGProvider.invoke(TestNGProvider.java:145)
org.apache.maven.surefire.booter.ForkedBooter.runSuitesInProcess(ForkedBooter.java:428)
org.apache.maven.surefire.booter.ForkedBooter.execute(ForkedBooter.java:162)
org.apache.maven.surefire.booter.ForkedBooter.run(ForkedBooter.java:562)
org.apache.maven.surefire.booter.ForkedBooter.main(ForkedBooter.java:548) @11-12-2021 18:31:42.0743 PM
[ReportManager] Element Action [WaitForElementToBePresent] failed. With the following test data [waited for the element's state of presence to be (true). Element locator (By.id: bla)]. @11-12-2021 18:31:42.0858 PM
[ReportManager] Successfully created attachment [Screenshot - 1639247502773_waitForElementToBePresent_true_expectedToFail_WaitForElementToBePresent_failed] @11-12-2021 18:31:42.0866 P
[ReportManager] Browser Action [CloseCurrentWindow] successfully performed. @11-12-2021 18:31:43.0326 PM
[ReportManager] Successfully created attachment [Browser Action Test Data - CloseCurrentWindow - Actual Value] @11-12-2021 18:31:43.0328 P
[ReportManager] File Action [GetAbsolutePath] successfully performed. With the following test data [Relative Folder Path: "target/downloadedFiles/"]. @11-12-2021 18:31:43.0335 PM
[ReportManager] Attempting to run locally on: [Mac-64], [Safari], Headless Execution. @11-12-2021 18:31:43.0336 PM
[ReportManager] Successfully Opened Safari. @11-12-2021 18:31:44.0267 PM
[ReportManager] Initial window size: (800, 600) @11-12-2021 18:31:44.0293 PM
[ReportManager] Window size after SWD Maximize: (1176, 803) @11-12-2021 18:31:44.0310 PM
[ReportManager] Browser Action [MaximizeWindow] successfully performed. With the following test data [New screen size is now: (1176, 803)]. @11-12-2021 18:31:44.0310 P

################################################################################################################################################
Starting Execution:	[5 out of 146] test cases in the current suite
Test Method:		[unitTests.tests_element_elementActions.waitForElementToBePresent_true_expectedToPass]
################################################################################################################################################
[ReportManager] Target URL: [https://www.google.com/ncr], and after redirection: [www.google.com] @11-12-2021 18:31:44.0319 PM
[ReportManager] Initial URL: [] @11-12-2021 18:31:44.0408 PM
[ReportManager] Browser Action [NavigateToURL] successfully performed. With the following test data [https://www.google.com/ncr]. @11-12-2021 18:31:46.0408 PM
[ReportManager] Waiting for element to be present; elementLocator [By.xpath: //*[@id='hplogo' or @alt='Google']], numberOfTries[1], stateOfPresence[true]... @11-12-2021 18:31:46.0409 PM
[ReportManager] Element Action [WaitForElementToBePresent] successfully performed. With the following test data [waited for the element's state of presence to be (true). Element locator (By.xpath: //*[@id='hplogo' or @alt='Google'])]. @11-12-2021 18:31:46.0446 PM
[ReportManager] File Action [DoesFileExist] successfully performed. With the following test data [File Path: "src/main/resources/dynamicObjectRepository/unitTests_tests_element_elementActions_waitForElementToBePresent_true_expectedToPass_By_xpath_id_hplogo_or_alt_Google.png"]. @11-12-2021 18:31:46.0464 PM
[ReportManager] File Action [DoesFileExist] successfully performed. With the following test data [File Path: "src/main/resources/dynamicObjectRepository/unitTests_tests_element_elementActions_waitForElementToBePresent_true_expectedToPass_By_xpath_id_hplogo_or_alt_Google.png"]. @11-12-2021 18:31:46.0540 PM
[ReportManager] Passing the test and saving a reference image @11-12-2021 18:31:46.0540 PM
[ReportManager] File Action [GetAbsolutePath] successfully performed. With the following test data [Relative File Path: "src/main/resources/dynamicObjectRepository/unitTests_tests_element_elementActions_waitForElementToBePresent_true_expectedToPass_By_xpath_id_hplogo_or_alt_Google.png"]. @11-12-2021 18:31:46.0540 PM
[ReportManager] File Action [WriteToFile] successfully performed. With the following test data [Target File Path: "/Users/runner/work/SHAFT_ENGINE/SHAFT_ENGINE/src/main/resources/dynamicObjectRepository/unitTests_tests_element_elementActions_waitForElementToBePresent_true_expectedToPass_By_xpath_id_hplogo_or_alt_Google.png"]. @11-12-2021 18:31:46.0543 PM
[ReportManager] Assertion Passed: Using Visual AI; OpenCV @11-12-2021 18:31:46.0545 PM
[ReportManager] Successfully created attachment [Validation Test Data - Actual Screenshot] @11-12-2021 18:31:46.0546 PM
[ReportManager] Assertion [ValidateElementMatches] PASSED. Expected [Element should match the reference screenshot] and Actual [TRUE]. Comparison Type [EXACT_OPENCV]. Validation Type [POSITIVE]. @11-12-2021 18:31:46.0546 P
[ReportManager] Browser Action [CloseCurrentWindow] successfully performed. @11-12-2021 18:31:46.0645 PM
[ReportManager] Successfully created attachment [Browser Action Test Data - CloseCurrentWindow - Actual Value] @11-12-2021 18:31:46.0647 P
[ReportManager] File Action [GetAbsolutePath] successfully performed. With the following test data [Relative Folder Path: "target/downloadedFiles/"]. @11-12-2021 18:31:46.0674 PM
[ReportManager] Attempting to run locally on: [Mac-64], [Safari], Headless Execution. @11-12-2021 18:31:46.0675 PM
[ReportManager] An Exception Occured with this Message: Could not start a new session. Possible causes are invalid address of the remote server or browser start-up failure.. @11-12-2021 18:31:46.0946 PM
[ReportManager] Successfully created attachment [Exception Stack Trace - org.openqa.selenium.SessionNotCreatedException] @11-12-2021 18:31:46.0947 PM
[ReportManager] Driver Factory Action [createNewLocalDriverInstanceForSafari] failed. With the following test data [Failed to create a session on DESKTOP_SAFARI]. @11-12-2021 18:31:46.0948 P

################################################################################################################################################
Starting Execution:	[6 out of 146] test cases in the current suite
Test Method:		[unitTests.tests_browserActions.fullScreenWindow]
###############################################################################################################################################



################################################################################################################################################
Starting Execution:	[7 out of 146] test cases in the current suite
Test Method:		[unitTests.tests_browserActions.getCurrentURL]
###############################################################################################################################################



################################################################################################################################################
Starting Execution:	[8 out of 146] test cases in the current suite
Test Method:		[unitTests.tests_browserActions.getCurrentWindowTitle]
###############################################################################################################################################



################################################################################################################################################
Starting Execution:	[9 out of 146] test cases in the current suite
Test Method:		[unitTests.tests_browserActions.getPageSource]
###############################################################################################################################################



################################################################################################################################################
Starting Execution:	[10 out of 146] test cases in the current suite
Test Method:		[unitTests.tests_browserActions.getWindowHandle]
###############################################################################################################################################



################################################################################################################################################
Starting Execution:	[11 out of 146] test cases in the current suite
Test Method:		[unitTests.tests_browserActions.getWindowPosition]
###############################################################################################################################################



################################################################################################################################################
Starting Execution:	[12 out of 146] test cases in the current suite
Test Method:		[unitTests.tests_browserActions.getWindowSize]
###############################################################################################################################################



################################################################################################################################################
Starting Execution:	[13 out of 146] test cases in the current suite
Test Method:		[unitTests.tests_browserActions.maximizeWindow]
###############################################################################################################################################



################################################################################################################################################
Starting Execution:	[14 out of 146] test cases in the current suite
Test Method:		[unitTests.tests_browserActions.navigateBack]
###############################################################################################################################################



################################################################################################################################################
Starting Execution:	[15 out of 146] test cases in the current suite
Test Method:		[unitTests.tests_browserActions.navigateForward]
###############################################################################################################################################



################################################################################################################################################
Starting Execution:	[16 out of 146] test cases in the current suite
Test Method:		[unitTests.tests_browserActions.navigateToURL]
###############################################################################################################################################



################################################################################################################################################
Starting Execution:	[17 out of 146] test cases in the current suite
Test Method:		[unitTests.tests_browserActions.navigateToURLWithRedirection]
###############################################################################################################################################



################################################################################################################################################
Starting Execution:	[18 out of 146] test cases in the current suite
Test Method:		[unitTests.tests_browserActions.refreshCurrentPage]
###############################################################################################################################################



################################################################################################################################################
Starting Execution:	[19 out of 146] test cases in the current suite
Test Method:		[unitTests.tests_browserActions.setWindowSize]
###############################################################################################################################################

[ReportManager] Successfully loaded the following test data file [src/test/resources/testDataFiles/testSuite01/TestData.xlsx]. @11-12-2021 18:31:48.0786 PM
[ReportManager] Successfully created attachment [Test Data - Excel] @11-12-2021 18:31:48.0786 P

################################################################################################################################################
Starting Execution:	[20 out of 146] test cases in the current suite
Test Method:		[unitTests.tests_io_excelFileManager.getCellData_rowName_expectedToPass]
################################################################################################################################################
[ReportManager] testRowData. @11-12-2021 18:31:48.0824 P

################################################################################################################################################
Starting Execution:	[21 out of 146] test cases in the current suite
Test Method:		[unitTests.tests_validations_assertions.assertComparativeRelation_greaterThanOrEquals_false_equals_expectedToFail]
################################################################################################################################################
[ReportManager] Assertion [ValidateComparativeRelation] FAILED. Expected [1] and Actual [1]. Comparison Type [GREATER_THAN_OR_EQUALS]. Validation Type [NEGATIVE]. @11-12-2021 18:31:48.0835 P

################################################################################################################################################
Starting Execution:	[22 out of 146] test cases in the current suite
Test Method:		[unitTests.tests_validations_assertions.assertComparativeRelation_greaterThanOrEquals_false_equals_expectedToPass]
################################################################################################################################################
[ReportManager] Assertion [ValidateComparativeRelation] PASSED. Expected [2] and Actual [1]. Comparison Type [GREATER_THAN_OR_EQUALS]. Validation Type [NEGATIVE]. @11-12-2021 18:31:48.0891 P

################################################################################################################################################
Starting Execution:	[23 out of 146] test cases in the current suite
Test Method:		[unitTests.tests_validations_assertions.assertComparativeRelation_greaterThanOrEquals_false_greaterThan_expectedToFail]
################################################################################################################################################
[ReportManager] Assertion [ValidateComparativeRelation] FAILED. Expected [1] and Actual [2]. Comparison Type [GREATER_THAN_OR_EQUALS]. Validation Type [NEGATIVE]. @11-12-2021 18:31:48.0902 P

################################################################################################################################################
Starting Execution:	[24 out of 146] test cases in the current suite
Test Method:		[unitTests.tests_validations_assertions.assertComparativeRelation_greaterThanOrEquals_false_greaterThan_expectedToPass]
################################################################################################################################################
[ReportManager] Assertion [ValidateComparativeRelation] PASSED. Expected [2] and Actual [1]. Comparison Type [GREATER_THAN_OR_EQUALS]. Validation Type [NEGATIVE]. @11-12-2021 18:31:48.0907 P

################################################################################################################################################
Starting Execution:	[25 out of 146] test cases in the current suite
Test Method:		[unitTests.tests_validations_assertions.assertComparativeRelation_greaterThanOrEquals_true_equals_expectedToFail]
################################################################################################################################################
[ReportManager] Assertion [ValidateComparativeRelation] FAILED. Expected [1] and Actual [0]. Comparison Type [GREATER_THAN_OR_EQUALS]. Validation Type [POSITIVE]. @11-12-2021 18:31:48.0925 P

################################################################################################################################################
Starting Execution:	[26 out of 146] test cases in the current suite
Test Method:		[unitTests.tests_validations_assertions.assertComparativeRelation_greaterThanOrEquals_true_equals_expectedToPass]
################################################################################################################################################
[ReportManager] Assertion [ValidateComparativeRelation] PASSED. Expected [1] and Actual [1]. Comparison Type [GREATER_THAN_OR_EQUALS]. Validation Type [POSITIVE]. @11-12-2021 18:31:48.0932 P

################################################################################################################################################
Starting Execution:	[27 out of 146] test cases in the current suite
Test Method:		[unitTests.tests_validations_assertions.assertComparativeRelation_greaterThanOrEquals_true_greaterThan_expectedToFail]
################################################################################################################################################
[ReportManager] Assertion [ValidateComparativeRelation] FAILED. Expected [2] and Actual [1]. Comparison Type [GREATER_THAN_OR_EQUALS]. Validation Type [POSITIVE]. @11-12-2021 18:31:48.0936 P

################################################################################################################################################
Starting Execution:	[28 out of 146] test cases in the current suite
Test Method:		[unitTests.tests_validations_assertions.assertComparativeRelation_greaterThanOrEquals_true_greaterThan_expectedToPass]
################################################################################################################################################
[ReportManager] Assertion [ValidateComparativeRelation] PASSED. Expected [1] and Actual [2]. Comparison Type [GREATER_THAN_OR_EQUALS]. Validation Type [POSITIVE]. @11-12-2021 18:31:48.0940 P
[ReportManager] File Action [GetAbsolutePath] successfully performed. With the following test data [Relative Folder Path: "target/downloadedFiles/"]. @11-12-2021 18:31:48.0959 PM
[ReportManager] Attempting to run locally on: [Mac-64], [Safari], Headless Execution. @11-12-2021 18:31:48.0959 PM
[ReportManager] An Exception Occured with this Message: Could not start a new session. Possible causes are invalid address of the remote server or browser start-up failure.. @11-12-2021 18:31:49.0203 PM
[ReportManager] Successfully created attachment [Exception Stack Trace - org.openqa.selenium.SessionNotCreatedException] @11-12-2021 18:31:49.0204 PM
[ReportManager] Driver Factory Action [createNewLocalDriverInstanceForSafari] failed. With the following test data [Failed to create a session on DESKTOP_SAFARI]. @11-12-2021 18:31:49.0204 P

################################################################################################################################################
Starting Execution:	[29 out of 146] test cases in the current suite
Test Method:		[unitTests.tests_validations_assertions.assertElementAttribute_false_caseInsensitiveComparison_expectedToFail]
###############################################################################################################################################



################################################################################################################################################
Starting Execution:	[30 out of 146] test cases in the current suite
Test Method:		[unitTests.tests_validations_assertions.assertElementAttribute_false_caseInsensitiveComparison_expectedToPass]
###############################################################################################################################################



################################################################################################################################################
Starting Execution:	[31 out of 146] test cases in the current suite
Test Method:		[unitTests.tests_validations_assertions.assertElementAttribute_false_containsComparison_expectedToFail]
###############################################################################################################################################



################################################################################################################################################
Starting Execution:	[32 out of 146] test cases in the current suite
Test Method:		[unitTests.tests_validations_assertions.assertElementAttribute_false_containsComparison_expectedToPass]
###############################################################################################################################################



################################################################################################################################################
Starting Execution:	[33 out of 146] test cases in the current suite
Test Method:		[unitTests.tests_validations_assertions.assertElementAttribute_false_literalComparison_expectedToFail]
###############################################################################################################################################



################################################################################################################################################
Starting Execution:	[34 out of 146] test cases in the current suite
Test Method:		[unitTests.tests_validations_assertions.assertElementAttribute_false_literalComparison_expectedToPass]
###############################################################################################################################################



################################################################################################################################################
Starting Execution:	[35 out of 146] test cases in the current suite
Test Method:		[unitTests.tests_validations_assertions.assertElementAttribute_false_regexComparison_expectedToFail]
###############################################################################################################################################



################################################################################################################################################
Starting Execution:	[36 out of 146] test cases in the current suite
Test Method:		[unitTests.tests_validations_assertions.assertElementAttribute_false_regexComparison_expectedToPass]
###############################################################################################################################################



################################################################################################################################################
Starting Execution:	[37 out of 146] test cases in the current suite
Test Method:		[unitTests.tests_validations_assertions.assertElementAttribute_true_caseInsensitiveComparison_expectedToFail]
###############################################################################################################################################



################################################################################################################################################
Starting Execution:	[38 out of 146] test cases in the current suite
Test Method:		[unitTests.tests_validations_assertions.assertElementAttribute_true_caseInsensitiveComparison_expectedToPass]
###############################################################################################################################################



################################################################################################################################################
Starting Execution:	[39 out of 146] test cases in the current suite
Test Method:		[unitTests.tests_validations_assertions.assertElementAttribute_true_containsComparison_expectedToFail]
###############################################################################################################################################



################################################################################################################################################
Starting Execution:	[40 out of 146] test cases in the current suite
Test Method:		[unitTests.tests_validations_assertions.assertElementAttribute_true_containsComparison_expectedToPass]
###############################################################################################################################################



################################################################################################################################################
Starting Execution:	[41 out of 146] test cases in the current suite
Test Method:		[unitTests.tests_validations_assertions.assertElementAttribute_true_literalComparison_expectedToFail]
###############################################################################################################################################



################################################################################################################################################
Starting Execution:	[42 out of 146] test cases in the current suite
Test Method:		[unitTests.tests_validations_assertions.assertElementAttribute_true_literalComparison_expectedToPass]
###############################################################################################################################################



################################################################################################################################################
Starting Execution:	[43 out of 146] test cases in the current suite
Test Method:		[unitTests.tests_validations_assertions.assertElementAttribute_true_regexComparison_expectedToFail]
###############################################################################################################################################



################################################################################################################################################
Starting Execution:	[44 out of 146] test cases in the current suite
Test Method:		[unitTests.tests_validations_assertions.assertElementAttribute_true_regexComparison_expectedToPass]
###############################################################################################################################################



################################################################################################################################################
Starting Execution:	[45 out of 146] test cases in the current suite
Test Method:		[unitTests.tests_validations_assertions.assertElementAttribute_type_true_literalComparison_expectedToPass]
###############################################################################################################################################



################################################################################################################################################
Starting Execution:	[46 out of 146] test cases in the current suite
Test Method:		[unitTests.tests_validations_assertions.assertElementExists_false_expectedToFail]
###############################################################################################################################################



################################################################################################################################################
Starting Execution:	[47 out of 146] test cases in the current suite
Test Method:		[unitTests.tests_validations_assertions.assertElementExists_false_expectedToPass]
###############################################################################################################################################



################################################################################################################################################
Starting Execution:	[48 out of 146] test cases in the current suite
Test Method:		[unitTests.tests_validations_assertions.assertElementExists_false_multipleElementsFound_expectedToFail]
###############################################################################################################################################



################################################################################################################################################
Starting Execution:	[49 out of 146] test cases in the current suite
Test Method:		[unitTests.tests_validations_assertions.assertElementExists_true_expectedToFail]
###############################################################################################################################################



################################################################################################################################################
Starting Execution:	[50 out of 146] test cases in the current suite
Test Method:		[unitTests.tests_validations_assertions.assertElementExists_true_expectedToPass]
###############################################################################################################################################



################################################################################################################################################
Starting Execution:	[51 out of 146] test cases in the current suite
Test Method:		[unitTests.tests_validations_assertions.assertElementExists_true_multipleElementsFound_expectedToFail]
###############################################################################################################################################


################################################################################################################################################
Starting Execution:	[52 out of 146] test cases in the current suite
Test Method:		[unitTests.tests_validations_assertions.assertEquals_false_expectedToFail]
###############################################################################################################################################

################################################################################################################################################
Starting Execution:	[53 out of 146] test cases in the current suite
Test Method:		[unitTests.tests_validations_assertions.assertEquals_false_expectedToPass]
###############################################################################################################################################

################################################################################################################################################
Starting Execution:	[54 out of 146] test cases in the current suite
Test Method:		[unitTests.tests_validations_assertions.assertEquals_longCharacters]
###############################################################################################################################################

################################################################################################################################################
Starting Execution:	[55 out of 146] test cases in the current suite
Test Method:		[unitTests.tests_validations_assertions.assertEquals_longCharacters_Discreet]
###############################################################################################################################################

################################################################################################################################################
Starting Execution:	[56 out of 146] test cases in the current suite
Test Method:		[unitTests.tests_validations_assertions.assertEquals_true_expectedToFail]
###############################################################################################################################################

################################################################################################################################################
Starting Execution:	[57 out of 146] test cases in the current suite
Test Method:		[unitTests.tests_validations_assertions.assertEquals_true_expectedToPass]
Test Description:	[Assert that assertEquals works as expected when the two values are equal.]
###############################################################################################################################################

################################################################################################################################################
Starting Execution:	[58 out of 146] test cases in the current suite
Test Method:		[unitTests.tests_validations_assertions.assertEquals_true_expectedToPass__]
###############################################################################################################################################

################################################################################################################################################
Starting Execution:	[59 out of 146] test cases in the current suite
Test Method:		[unitTests.tests_validations_assertions.assertFileExists_false_expectedToFail]
###############################################################################################################################################

################################################################################################################################################
Starting Execution:	[60 out of 146] test cases in the current suite
Test Method:		[unitTests.tests_validations_assertions.assertFileExists_false_expectedToPass]
###############################################################################################################################################

################################################################################################################################################
Starting Execution:	[61 out of 146] test cases in the current suite
Test Method:		[unitTests.tests_validations_assertions.assertFileExists_true_expectedToFail]
###############################################################################################################################################

################################################################################################################################################
Starting Execution:	[62 out of 146] test cases in the current suite
Test Method:		[unitTests.tests_validations_assertions.assertFileExists_true_expectedToPass]
###############################################################################################################################################

################################################################################################################################################
Starting Execution:	[63 out of 146] test cases in the current suite
Test Method:		[unitTests.tests_validations_assertions.assertNull_false_expectedToFail]
###############################################################################################################################################

################################################################################################################################################
Starting Execution:	[64 out of 146] test cases in the current suite
Test Method:		[unitTests.tests_validations_assertions.assertNull_false_expectedToPass]
###############################################################################################################################################

################################################################################################################################################
Starting Execution:	[65 out of 146] test cases in the current suite
Test Method:		[unitTests.tests_validations_assertions.assertNull_true_expectedToFail]
###############################################################################################################################################

################################################################################################################################################
Starting Execution:	[66 out of 146] test cases in the current suite
Test Method:		[unitTests.tests_validations_assertions.assertNull_true_expectedToPass]
###############################################################################################################################################

################################################################################################################################################
Starting Execution:	[67 out of 146] test cases in the current suite
Test Method:		[unitTests.tests_restActions.getPostsAndAssertBodyForSpecificTitle]
################################################################################################################################################
[ReportManager] Response status code: [200], status line: [HTTP/1.1 200 OK] @11-12-2021 18:31:53.0203 PM
[ReportManager] Assertion Passed: Evaluating the actual response status code against the expected one... @11-12-2021 18:31:53.0207 PM
[ReportManager] Assertion [ValidateComparativeRelation] PASSED. Expected [200] and Actual [200]. Comparison Type [EQUALS]. Validation Type [POSITIVE]. @11-12-2021 18:31:53.0208 PM
[ReportManager] API Action [PerformRequest] successfully performed. With the following test data [Request Type: "GET" | Target Status Code: "200" | Service URL: "https://jsonplaceholder.typicode.com/posts" | Content Type: "*/*" | Response Time: "925ms"]. @11-12-2021 18:31:54.0182 PM
[ReportManager] Successfully created attachment [API Request - Specifications] @11-12-2021 18:31:54.0182 PM
[ReportManager] Successfully created attachment [API Response - JSON Body] @11-12-2021 18:31:54.0391 PM
[ReportManager] API Action [GetResponseJSONValueAsList] successfully performed. @11-12-2021 18:31:54.0418 PM
[ReportManager] API Action [GetResponseJSONValue] successfully performed. With the following test data [title]. @11-12-2021 18:31:54.0440 PM
[ReportManager] API Action [GetResponseJSONValue] successfully performed. With the following test data [title]. @11-12-2021 18:31:54.0455 PM
[ReportManager] API Action [GetResponseJSONValue] successfully performed. With the following test data [body]. @11-12-2021 18:31:54.0468 PM
[ReportManager] Assertion [ValidateEquals] PASSED. Expected [qui neque nisi nulla] and Actual [est rerum tempore vitae
sequi sint nihil reprehenderit dolor beatae ea dolores neque
fugiat blanditiis voluptate porro vel nihil molestiae ut reiciendis
qui aperiam non debitis possimus qui neque nisi nulla]. Comparison Type [CONTAINS]. Validation Type [POSITIVE]. @11-12-2021 18:31:54.0471 PM
[ReportManager] API Action [GetResponseJSONValue] successfully performed. With the following test data [title]. @11-12-2021 18:31:54.0485 PM
[ReportManager] API Action [GetResponseJSONValue] successfully performed. With the following test data [title]. @11-12-2021 18:31:54.0498 PM
[ReportManager] API Action [GetResponseJSONValue] successfully performed. With the following test data [title]. @11-12-2021 18:31:54.0511 PM
[ReportManager] API Action [GetResponseJSONValue] successfully performed. With the following test data [title]. @11-12-2021 18:31:54.0524 PM
[ReportManager] API Action [GetResponseJSONValue] successfully performed. With the following test data [title]. @11-12-2021 18:31:54.0536 PM
[ReportManager] API Action [GetResponseJSONValue] successfully performed. With the following test data [title]. @11-12-2021 18:31:54.0549 PM
[ReportManager] API Action [GetResponseJSONValue] successfully performed. With the following test data [title]. @11-12-2021 18:31:54.0562 PM
[ReportManager] API Action [GetResponseJSONValue] successfully performed. With the following test data [title]. @11-12-2021 18:31:54.0574 PM
[ReportManager] API Action [GetResponseJSONValue] successfully performed. With the following test data [title]. @11-12-2021 18:31:54.0587 PM
[ReportManager] API Action [GetResponseJSONValue] successfully performed. With the following test data [title]. @11-12-2021 18:31:54.0599 PM
[ReportManager] API Action [GetResponseJSONValue] successfully performed. With the following test data [title]. @11-12-2021 18:31:54.0613 PM
[ReportManager] API Action [GetResponseJSONValue] successfully performed. With the following test data [title]. @11-12-2021 18:31:54.0645 PM
[ReportManager] API Action [GetResponseJSONValue] successfully performed. With the following test data [title]. @11-12-2021 18:31:54.0657 PM
[ReportManager] API Action [GetResponseJSONValue] successfully performed. With the following test data [title]. @11-12-2021 18:31:54.0669 PM
[ReportManager] API Action [GetResponseJSONValue] successfully performed. With the following test data [title]. @11-12-2021 18:31:54.0681 PM
[ReportManager] API Action [GetResponseJSONValue] successfully performed. With the following test data [title]. @11-12-2021 18:31:54.0694 PM
[ReportManager] API Action [GetResponseJSONValue] successfully performed. With the following test data [title]. @11-12-2021 18:31:54.0710 PM
[ReportManager] API Action [GetResponseJSONValue] successfully performed. With the following test data [title]. @11-12-2021 18:31:54.0722 PM
[ReportManager] API Action [GetResponseJSONValue] successfully performed. With the following test data [title]. @11-12-2021 18:31:54.0734 PM
[ReportManager] API Action [GetResponseJSONValue] successfully performed. With the following test data [title]. @11-12-2021 18:31:54.0750 PM
[ReportManager] API Action [GetResponseJSONValue] successfully performed. With the following test data [title]. @11-12-2021 18:31:54.0763 PM
[ReportManager] API Action [GetResponseJSONValue] successfully performed. With the following test data [title]. @11-12-2021 18:31:54.0775 PM
[ReportManager] API Action [GetResponseJSONValue] successfully performed. With the following test data [title]. @11-12-2021 18:31:54.0792 PM
[ReportManager] API Action [GetResponseJSONValue] successfully performed. With the following test data [title]. @11-12-2021 18:31:54.0822 PM
[ReportManager] API Action [GetResponseJSONValue] successfully performed. With the following test data [title]. @11-12-2021 18:31:54.0855 PM
[ReportManager] API Action [GetResponseJSONValue] successfully performed. With the following test data [title]. @11-12-2021 18:31:54.0877 PM
[ReportManager] API Action [GetResponseJSONValue] successfully performed. With the following test data [title]. @11-12-2021 18:31:54.0924 PM
[ReportManager] API Action [GetResponseJSONValue] successfully performed. With the following test data [title]. @11-12-2021 18:31:54.0941 PM
[ReportManager] API Action [GetResponseJSONValue] successfully performed. With the following test data [title]. @11-12-2021 18:31:54.0955 PM
[ReportManager] API Action [GetResponseJSONValue] successfully performed. With the following test data [title]. @11-12-2021 18:31:54.0968 PM
[ReportManager] API Action [GetResponseJSONValue] successfully performed. With the following test data [title]. @11-12-2021 18:31:54.0982 PM
[ReportManager] API Action [GetResponseJSONValue] successfully performed. With the following test data [title]. @11-12-2021 18:31:54.0996 PM
[ReportManager] API Action [GetResponseJSONValue] successfully performed. With the following test data [title]. @11-12-2021 18:31:55.0010 PM
[ReportManager] API Action [GetResponseJSONValue] successfully performed. With the following test data [title]. @11-12-2021 18:31:55.0025 PM
[ReportManager] API Action [GetResponseJSONValue] successfully performed. With the following test data [title]. @11-12-2021 18:31:55.0039 PM
[ReportManager] API Action [GetResponseJSONValue] successfully performed. With the following test data [title]. @11-12-2021 18:31:55.0053 PM
[ReportManager] API Action [GetResponseJSONValue] successfully performed. With the following test data [title]. @11-12-2021 18:31:55.0066 PM
[ReportManager] API Action [GetResponseJSONValue] successfully performed. With the following test data [title]. @11-12-2021 18:31:55.0077 PM
[ReportManager] API Action [GetResponseJSONValue] successfully performed. With the following test data [title]. @11-12-2021 18:31:55.0089 PM
[ReportManager] API Action [GetResponseJSONValue] successfully performed. With the following test data [title]. @11-12-2021 18:31:55.0101 PM
[ReportManager] API Action [GetResponseJSONValue] successfully performed. With the following test data [title]. @11-12-2021 18:31:55.0113 PM
[ReportManager] API Action [GetResponseJSONValue] successfully performed. With the following test data [title]. @11-12-2021 18:31:55.0125 PM
[ReportManager] API Action [GetResponseJSONValue] successfully performed. With the following test data [title]. @11-12-2021 18:31:55.0137 PM
[ReportManager] API Action [GetResponseJSONValue] successfully performed. With the following test data [title]. @11-12-2021 18:31:55.0148 PM
[ReportManager] API Action [GetResponseJSONValue] successfully performed. With the following test data [title]. @11-12-2021 18:31:55.0160 PM
[ReportManager] API Action [GetResponseJSONValue] successfully performed. With the following test data [title]. @11-12-2021 18:31:55.0172 PM
[ReportManager] API Action [GetResponseJSONValue] successfully performed. With the following test data [title]. @11-12-2021 18:31:55.0183 PM
[ReportManager] API Action [GetResponseJSONValue] successfully performed. With the following test data [title]. @11-12-2021 18:31:55.0194 PM
[ReportManager] API Action [GetResponseJSONValue] successfully performed. With the following test data [title]. @11-12-2021 18:31:55.0206 PM
[ReportManager] API Action [GetResponseJSONValue] successfully performed. With the following test data [title]. @11-12-2021 18:31:55.0219 PM
[ReportManager] API Action [GetResponseJSONValue] successfully performed. With the following test data [title]. @11-12-2021 18:31:55.0229 PM
[ReportManager] API Action [GetResponseJSONValue] successfully performed. With the following test data [title]. @11-12-2021 18:31:55.0242 PM
[ReportManager] API Action [GetResponseJSONValue] successfully performed. With the following test data [title]. @11-12-2021 18:31:55.0254 PM
[ReportManager] API Action [GetResponseJSONValue] successfully performed. With the following test data [title]. @11-12-2021 18:31:55.0267 PM
[ReportManager] API Action [GetResponseJSONValue] successfully performed. With the following test data [title]. @11-12-2021 18:31:55.0279 PM
[ReportManager] API Action [GetResponseJSONValue] successfully performed. With the following test data [title]. @11-12-2021 18:31:55.0290 PM
[ReportManager] API Action [GetResponseJSONValue] successfully performed. With the following test data [title]. @11-12-2021 18:31:55.0301 PM
[ReportManager] API Action [GetResponseJSONValue] successfully performed. With the following test data [title]. @11-12-2021 18:31:55.0312 PM
[ReportManager] API Action [GetResponseJSONValue] successfully performed. With the following test data [title]. @11-12-2021 18:31:55.0324 PM
[ReportManager] API Action [GetResponseJSONValue] successfully performed. With the following test data [title]. @11-12-2021 18:31:55.0359 PM
[ReportManager] API Action [GetResponseJSONValue] successfully performed. With the following test data [title]. @11-12-2021 18:31:55.0374 PM
[ReportManager] API Action [GetResponseJSONValue] successfully performed. With the following test data [title]. @11-12-2021 18:31:55.0385 PM
[ReportManager] API Action [GetResponseJSONValue] successfully performed. With the following test data [title]. @11-12-2021 18:31:55.0396 PM
[ReportManager] API Action [GetResponseJSONValue] successfully performed. With the following test data [title]. @11-12-2021 18:31:55.0407 PM
[ReportManager] API Action [GetResponseJSONValue] successfully performed. With the following test data [title]. @11-12-2021 18:31:55.0418 PM
[ReportManager] API Action [GetResponseJSONValue] successfully performed. With the following test data [title]. @11-12-2021 18:31:55.0429 PM
[ReportManager] API Action [GetResponseJSONValue] successfully performed. With the following test data [title]. @11-12-2021 18:31:55.0439 PM
[ReportManager] API Action [GetResponseJSONValue] successfully performed. With the following test data [title]. @11-12-2021 18:31:55.0451 PM
[ReportManager] API Action [GetResponseJSONValue] successfully performed. With the following test data [title]. @11-12-2021 18:31:55.0462 PM
[ReportManager] API Action [GetResponseJSONValue] successfully performed. With the following test data [title]. @11-12-2021 18:31:55.0472 PM
[ReportManager] API Action [GetResponseJSONValue] successfully performed. With the following test data [title]. @11-12-2021 18:31:55.0483 PM
[ReportManager] API Action [GetResponseJSONValue] successfully performed. With the following test data [title]. @11-12-2021 18:31:55.0495 PM
[ReportManager] API Action [GetResponseJSONValue] successfully performed. With the following test data [title]. @11-12-2021 18:31:55.0507 PM
[ReportManager] API Action [GetResponseJSONValue] successfully performed. With the following test data [title]. @11-12-2021 18:31:55.0518 PM
[ReportManager] API Action [GetResponseJSONValue] successfully performed. With the following test data [title]. @11-12-2021 18:31:55.0529 PM
[ReportManager] API Action [GetResponseJSONValue] successfully performed. With the following test data [title]. @11-12-2021 18:31:55.0541 PM
[ReportManager] API Action [GetResponseJSONValue] successfully performed. With the following test data [title]. @11-12-2021 18:31:55.0552 PM
[ReportManager] API Action [GetResponseJSONValue] successfully performed. With the following test data [title]. @11-12-2021 18:31:55.0563 PM
[ReportManager] API Action [GetResponseJSONValue] successfully performed. With the following test data [title]. @11-12-2021 18:31:55.0573 PM
[ReportManager] API Action [GetResponseJSONValue] successfully performed. With the following test data [title]. @11-12-2021 18:31:55.0583 PM
[ReportManager] API Action [GetResponseJSONValue] successfully performed. With the following test data [title]. @11-12-2021 18:31:55.0594 PM
[ReportManager] API Action [GetResponseJSONValue] successfully performed. With the following test data [title]. @11-12-2021 18:31:55.0605 PM
[ReportManager] API Action [GetResponseJSONValue] successfully performed. With the following test data [title]. @11-12-2021 18:31:55.0615 PM
[ReportManager] API Action [GetResponseJSONValue] successfully performed. With the following test data [title]. @11-12-2021 18:31:55.0626 PM
[ReportManager] API Action [GetResponseJSONValue] successfully performed. With the following test data [title]. @11-12-2021 18:31:55.0637 PM
[ReportManager] API Action [GetResponseJSONValue] successfully performed. With the following test data [title]. @11-12-2021 18:31:55.0647 PM
[ReportManager] API Action [GetResponseJSONValue] successfully performed. With the following test data [title]. @11-12-2021 18:31:55.0658 PM
[ReportManager] API Action [GetResponseJSONValue] successfully performed. With the following test data [title]. @11-12-2021 18:31:55.0680 PM
[ReportManager] API Action [GetResponseJSONValue] successfully performed. With the following test data [title]. @11-12-2021 18:31:55.0691 PM
[ReportManager] API Action [GetResponseJSONValue] successfully performed. With the following test data [title]. @11-12-2021 18:31:55.0702 PM
[ReportManager] API Action [GetResponseJSONValue] successfully performed. With the following test data [title]. @11-12-2021 18:31:55.0713 PM
[ReportManager] API Action [GetResponseJSONValue] successfully performed. With the following test data [title]. @11-12-2021 18:31:55.0724 PM
[ReportManager] API Action [GetResponseJSONValue] successfully performed. With the following test data [title]. @11-12-2021 18:31:55.0735 PM
[ReportManager] API Action [GetResponseJSONValue] successfully performed. With the following test data [title]. @11-12-2021 18:31:55.0746 PM
[ReportManager] API Action [GetResponseJSONValue] successfully performed. With the following test data [title]. @11-12-2021 18:31:55.0757 PM
[ReportManager] API Action [GetResponseJSONValue] successfully performed. With the following test data [title]. @11-12-2021 18:31:55.0769 PM
[ReportManager] API Action [GetResponseJSONValue] successfully performed. With the following test data [title]. @11-12-2021 18:31:55.0780 PM
[ReportManager] API Action [GetResponseJSONValue] successfully performed. With the following test data [title]. @11-12-2021 18:31:55.0791 P

################################################################################################################################################
Starting Execution:	[68 out of 146] test cases in the current suite
Test Method:		[unitTests.tests_restActions.validateUserEmail]
################################################################################################################################################
[ReportManager] Response status code: [200], status line: [HTTP/1.1 200 OK] @11-12-2021 18:31:55.0935 PM
[ReportManager] Assertion Passed: Evaluating the actual response status code against the expected one... @11-12-2021 18:31:55.0936 PM
[ReportManager] Assertion [ValidateComparativeRelation] PASSED. Expected [200] and Actual [200]. Comparison Type [EQUALS]. Validation Type [POSITIVE]. @11-12-2021 18:31:55.0936 PM
[ReportManager] API Action [PerformRequest] successfully performed. With the following test data [Request Type: "GET" | Target Status Code: "200" | Service URL: "https://jsonplaceholder.typicode.com/users" | Content Type: "*/*" | Response Time: "134ms"]. @11-12-2021 18:31:55.0957 PM
[ReportManager] Successfully created attachment [API Request - Specifications] @11-12-2021 18:31:55.0958 PM
[ReportManager] Successfully created attachment [API Response - JSON Body] @11-12-2021 18:31:55.0958 PM
[ReportManager] Assertion [ValidateEquals] PASSED. Expected and Actual values are attached. Comparison Type [CONTAINS]. Validation Type [POSITIVE]. @11-12-2021 18:31:55.0959 PM
[ReportManager] Successfully created attachment [Validation Test Data - Expected Value] @11-12-2021 18:31:55.0959 PM
[ReportManager] Successfully created attachment [Validation Test Data - Actual Value] @11-12-2021 18:31:55.0960 PM
[ReportManager] API Action [GetResponseJSONValueAsList] successfully performed. With the following test data [$]. @11-12-2021 18:31:55.0968 PM
[ReportManager] API Action [GetResponseJSONValue] successfully performed. With the following test data [name]. @11-12-2021 18:31:55.0985 PM
[ReportManager] API Action [GetResponseJSONValue] successfully performed. With the following test data [email]. @11-12-2021 18:31:56.0001 PM
[ReportManager] Assertion [ValidateEquals] PASSED. Expected [Sincere@april.biz] and Actual [Sincere@april.biz]. Comparison Type [EQUALS]. Validation Type [POSITIVE]. @11-12-2021 18:31:56.0001 PM
[ReportManager] API Action [GetResponseJSONValue] successfully performed. With the following test data [name]. @11-12-2021 18:31:56.0014 PM
[ReportManager] API Action [GetResponseJSONValue] successfully performed. With the following test data [name]. @11-12-2021 18:31:56.0028 PM
[ReportManager] API Action [GetResponseJSONValue] successfully performed. With the following test data [name]. @11-12-2021 18:31:56.0044 PM
[ReportManager] API Action [GetResponseJSONValue] successfully performed. With the following test data [name]. @11-12-2021 18:31:56.0057 PM
[ReportManager] API Action [GetResponseJSONValue] successfully performed. With the following test data [name]. @11-12-2021 18:31:56.0069 PM
[ReportManager] API Action [GetResponseJSONValue] successfully performed. With the following test data [name]. @11-12-2021 18:31:56.0083 PM
[ReportManager] API Action [GetResponseJSONValue] successfully performed. With the following test data [name]. @11-12-2021 18:31:56.0101 PM
[ReportManager] API Action [GetResponseJSONValue] successfully performed. With the following test data [name]. @11-12-2021 18:31:56.0116 PM
[ReportManager] API Action [GetResponseJSONValue] successfully performed. With the following test data [name]. @11-12-2021 18:31:56.0133 P
[ReportManager] File Action [GetAbsolutePath] successfully performed. With the following test data [Relative Folder Path: "target/downloadedFiles/"]. @11-12-2021 18:31:56.0138 PM
[ReportManager] Attempting to run locally on: [Mac-64], [Safari], Headless Execution. @11-12-2021 18:31:56.0138 PM
[ReportManager] Successfully Opened Safari. @11-12-2021 18:31:57.0081 PM
[ReportManager] Initial window size: (800, 600) @11-12-2021 18:31:57.0109 PM
[ReportManager] Window size after SWD Maximize: (1176, 803) @11-12-2021 18:31:57.0127 PM
[ReportManager] Browser Action [MaximizeWindow] successfully performed. With the following test data [New screen size is now: (1176, 803)]. @11-12-2021 18:31:57.0128 P

################################################################################################################################################
Starting Execution:	[69 out of 146] test cases in the current suite
Test Method:		[testPackage01.Test_uploadFile.uploadFile_invisibleUploadInput]
################################################################################################################################################
[ReportManager] Target URL: [https://fineuploader.com/demos.html#gallery-view] @11-12-2021 18:31:57.0174 PM
[ReportManager] Initial URL: [] @11-12-2021 18:31:57.0215 PM
[ReportManager] Browser Action [NavigateToURL] successfully performed. With the following test data [https://fineuploader.com/demos.html#gallery-view]. @11-12-2021 18:31:58.0962 PM
[ReportManager] File Action [GetAbsolutePath] successfully performed. With the following test data [Relative File Path: "src/main/resources/images/shaft.png"]. @11-12-2021 18:31:58.0963 PM
[ReportManager] Successfully created attachment [File Action Actual Result - Command Log] @11-12-2021 18:31:58.0964 PM
[ReportManager] Element Action [TypeFileLocationForUpload] successfully performed. With the following test data [/Users/runner/work/SHAFT_ENGINE/SHAFT_ENGINE/src/main/resources/images/shaft.png]. @11-12-2021 18:31:59.0029 PM
[ReportManager] Attempting to getAttribute [src] from elementLocator [By.xpath: //div[@id='fine-uploader-gallery']//div[@class='qq-thumbnail-wrapper']/img]. @11-12-2021 18:31:59.0032 PM
[ReportManager] Element Action [GetAttribute] successfully performed. @11-12-2021 18:31:59.0184 PM
[ReportManager] Successfully created attachment [Element Action Test Data - GetAttribute - Actual Value] @11-12-2021 18:31:59.0187 PM
[ReportManager] Loaded Shared OpenCV @11-12-2021 18:32:00.0393 PM
[ReportManager] Assertion Passed: Then I Assert that the element found by [By.xpath: //div[@id='fine-uploader-gallery']//div[@class='qq-thumbnail-wrapper']/img] attribute [src] contains [data:image/png;base64]. @11-12-2021 18:32:00.0681 PM
[ReportManager] Successfully created attachment [Validation Test Data - Expected Value] @11-12-2021 18:32:00.0681 PM
[ReportManager] Successfully created attachment [Validation Test Data - Actual Value] @11-12-2021 18:32:00.0682 PM
[ReportManager] Successfully created attachment [Screenshot - 1639247519279_uploadFile_invisibleUploadInput_ValidateElementAttribute_passed] @11-12-2021 18:32:00.0685 PM
[ReportManager] Assertion [ValidateElementAttribute] PASSED. Expected and Actual values are attached. Comparison Type [CONTAINS]. Validation Type [POSITIVE]. @11-12-2021 18:32:00.0685 P
[ReportManager] Browser Action [CloseCurrentWindow] successfully performed. @11-12-2021 18:32:01.0015 PM
[ReportManager] Successfully created attachment [Browser Action Test Data - CloseCurrentWindow - Actual Value] @11-12-2021 18:32:01.0016 P
[ReportManager] File Action [GetAbsolutePath] successfully performed. With the following test data [Relative Folder Path: "target/downloadedFiles/"]. @11-12-2021 18:32:01.0021 PM
[ReportManager] Attempting to run locally on: [Mac-64], [Safari], Headless Execution. @11-12-2021 18:32:01.0021 PM
[ReportManager] Successfully Opened Safari. @11-12-2021 18:32:01.0855 PM
[ReportManager] Initial window size: (800, 600) @11-12-2021 18:32:01.0903 PM
[ReportManager] Window size after SWD Maximize: (1176, 803) @11-12-2021 18:32:01.0921 PM
[ReportManager] Browser Action [MaximizeWindow] successfully performed. With the following test data [New screen size is now: (1176, 803)]. @11-12-2021 18:32:01.0921 P

################################################################################################################################################
Starting Execution:	[70 out of 146] test cases in the current suite
Test Method:		[testPackage01.Test_uploadFile.uploadFile_visibleUploadInput]
################################################################################################################################################
[ReportManager] Target URL: [http://demo.guru99.com/test/upload/] @11-12-2021 18:32:01.0925 PM
[ReportManager] Initial URL: [] @11-12-2021 18:32:01.0999 PM
[ReportManager] Browser Action [NavigateToURL] successfully performed. With the following test data [http://demo.guru99.com/test/upload/]. @11-12-2021 18:32:04.0168 PM
[ReportManager] File Action [GetAbsolutePath] successfully performed. With the following test data [Relative Folder Path: "src/main/resources/images/shaft.png"]. @11-12-2021 18:32:04.0168 PM
[ReportManager] Element Action [TypeFileLocationForUpload] successfully performed. With the following test data [/Users/runner/work/SHAFT_ENGINE/SHAFT_ENGINE/src/main/resources/images/shaft.png]. @11-12-2021 18:32:04.0225 PM
[ReportManager] Element Action [Click] successfully performed. With the following test data [By.id: terms]. @11-12-2021 18:32:04.0445 PM
[ReportManager] Element Action [Click] successfully performed. With the following test data [By.id: submitbutton]. @11-12-2021 18:32:04.0655 PM
[ReportManager] Element Action [GetText] successfully performed. With the following test data [1 file has been successfully uploaded.]. @11-12-2021 18:32:05.0412 PM
[ReportManager] Loaded Shared OpenCV @11-12-2021 18:32:05.0478 PM
[ReportManager] Assertion Passed: Then I Assert that the element found by [By.id: res] attribute [Text] contains [1 file]. @11-12-2021 18:32:05.0574 PM
[ReportManager] Successfully created attachment [Screenshot - 1639247525478_uploadFile_visibleUploadInput_ValidateElementAttribute_passed] @11-12-2021 18:32:05.0576 PM
[ReportManager] Assertion [ValidateElementAttribute] PASSED. Expected [Value Should be '1 file' for the 'Text' attribute, element locator 'By.id: res'] and Actual [1 file has been successfully uploaded.]. Comparison Type [CONTAINS]. Validation Type [POSITIVE]. @11-12-2021 18:32:05.0576 P
[ReportManager] Browser Action [CloseCurrentWindow] successfully performed. @11-12-2021 18:32:05.0879 PM
[ReportManager] Successfully created attachment [Browser Action Test Data - CloseCurrentWindow - Actual Value] @11-12-2021 18:32:05.0880 P

################################################################################################################################################
Starting Execution:	[71 out of 146] test cases in the current suite
Test Method:		[testPackage01.Test_AssertApiResponseEquals.assertApiResponseEquals_expectedToPass]
################################################################################################################################################
[ReportManager] Response status code: [200], status line: [HTTP/1.1 200 OK] @11-12-2021 18:32:06.0015 PM
[ReportManager] Assertion Passed: Evaluating the actual response status code against the expected one... @11-12-2021 18:32:06.0016 PM
[ReportManager] Assertion [ValidateComparativeRelation] PASSED. Expected [200] and Actual [200]. Comparison Type [EQUALS]. Validation Type [POSITIVE]. @11-12-2021 18:32:06.0016 PM
[ReportManager] API Action [PerformRequest] successfully performed. With the following test data [Request Type: "GET" | Target Status Code: "200" | Service URL: "https://jsonplaceholder.typicode.com/users" | Content Type: "*/*" | Response Time: "127ms"]. @11-12-2021 18:32:06.0043 PM
[ReportManager] Successfully created attachment [API Request - Specifications] @11-12-2021 18:32:06.0044 PM
[ReportManager] Successfully created attachment [API Response - JSON Body] @11-12-2021 18:32:06.0045 PM
[ReportManager] API Action [GetResponseJSONValueAsList] successfully performed. With the following test data [$]. @11-12-2021 18:32:06.0054 PM
[ReportManager] API Action [GetResponseJSONValue] successfully performed. With the following test data [name]. @11-12-2021 18:32:06.0067 PM
[ReportManager] API Action [GetResponseJSONValue] successfully performed. With the following test data [email]. @11-12-2021 18:32:06.0082 PM
[ReportManager] Verification [ValidateEquals] PASSED. Expected [Sincere@april.biz] and Actual [Sincere@april.biz]. Comparison Type [EQUALS]. Validation Type [POSITIVE]. @11-12-2021 18:32:06.0082 PM
[ReportManager] API Action [GetResponseJSONValue] successfully performed. With the following test data [username]. @11-12-2021 18:32:06.0094 PM
[ReportManager] Assertion [ValidateEquals] PASSED. Expected [Bret] and Actual [Bret]. Comparison Type [EQUALS]. Validation Type [POSITIVE]. @11-12-2021 18:32:06.0095 PM
[ReportManager] API Action [GetResponseJSONValue] successfully performed. With the following test data [name]. @11-12-2021 18:32:06.0107 PM
[ReportManager] API Action [GetResponseJSONValue] successfully performed. With the following test data [name]. @11-12-2021 18:32:06.0121 PM
[ReportManager] API Action [GetResponseJSONValue] successfully performed. With the following test data [name]. @11-12-2021 18:32:06.0134 PM
[ReportManager] API Action [GetResponseJSONValue] successfully performed. With the following test data [name]. @11-12-2021 18:32:06.0146 PM
[ReportManager] API Action [GetResponseJSONValue] successfully performed. With the following test data [name]. @11-12-2021 18:32:06.0160 PM
[ReportManager] API Action [GetResponseJSONValue] successfully performed. With the following test data [name]. @11-12-2021 18:32:06.0175 PM
[ReportManager] API Action [GetResponseJSONValue] successfully performed. With the following test data [name]. @11-12-2021 18:32:06.0189 PM
[ReportManager] API Action [GetResponseJSONValue] successfully performed. With the following test data [name]. @11-12-2021 18:32:06.0201 PM
[ReportManager] API Action [GetResponseJSONValue] successfully performed. With the following test data [name]. @11-12-2021 18:32:06.0214 P

################################################################################################################################################
Starting Execution:	[72 out of 146] test cases in the current suite
Test Method:		[testPackage01.Test_testData.f]
################################################################################################################################################
[ReportManager] Successfully loaded the following test data file [src/test/resources/testDataFiles/testSuite01/TestData.xlsx]. @11-12-2021 18:32:06.0276 PM
[ReportManager] Successfully created attachment [Test Data - Excel] @11-12-2021 18:32:06.0278 PM
[ReportManager] Last Column Number is: [3]. Zero-based. @11-12-2021 18:32:06.0278 P

################################################################################################################################################
Starting Execution:	[73 out of 146] test cases in the current suite
Test Method:		[testPackage01.Test_PDF.testPDF1]
################################################################################################################################################
[ReportManager] File Action [DoesFileExist] successfully performed. With the following test data [File Path: "src/test/resources/testDataFiles/sample.pdf"]. @11-12-2021 18:32:06.0293 PM
[ReportManager] File Action [GetAbsolutePath] successfully performed. With the following test data [Relative Folder Path: "src/test/resources/testDataFiles/sample.pdf"]. @11-12-2021 18:32:06.0294 PM
[ReportManager] Assertion Passed: Checking to see that the pdf file contains [A Simple PDF File] @11-12-2021 18:32:11.0056 PM
[ReportManager] Successfully created attachment [Validation Test Data - Expected Value] @11-12-2021 18:32:11.0057 PM
[ReportManager] Successfully created attachment [Validation Test Data - Actual Value] @11-12-2021 18:32:11.0058 PM
[ReportManager] Assertion [ValidateEquals] PASSED. Expected and Actual values are attached. Comparison Type [CONTAINS]. Validation Type [POSITIVE]. @11-12-2021 18:32:11.0058 P

################################################################################################################################################
Starting Execution:	[74 out of 146] test cases in the current suite
Test Method:		[testPackage01.Test_PDF.testPDF2]
################################################################################################################################################
[ReportManager] File Action [DoesFileExist] successfully performed. With the following test data [File Path: "src/test/resources/testDataFiles/sample.pdf"]. @11-12-2021 18:32:11.0064 PM
[ReportManager] File Action [GetAbsolutePath] successfully performed. With the following test data [Relative Folder Path: "src/test/resources/testDataFiles/sample.pdf"]. @11-12-2021 18:32:11.0064 PM
[ReportManager] Assertion Passed: Checking to see that the pdf file contains [A Simple PDF File] @11-12-2021 18:32:11.0079 PM
[ReportManager] Successfully created attachment [Validation Test Data - Expected Value] @11-12-2021 18:32:11.0080 PM
[ReportManager] Successfully created attachment [Validation Test Data - Actual Value] @11-12-2021 18:32:11.0081 PM
[ReportManager] Assertion [ValidateEquals] PASSED. Expected and Actual values are attached. Comparison Type [CONTAINS]. Validation Type [POSITIVE]. @11-12-2021 18:32:11.0081 P
[ReportManager] File Action [GetAbsolutePath] successfully performed. With the following test data [Relative Folder Path: "target/downloadedFiles/"]. @11-12-2021 18:32:11.0083 PM
[ReportManager] Attempting to run locally on: [Mac-64], [Safari], Headless Execution. @11-12-2021 18:32:11.0083 PM
[ReportManager] Successfully Opened Safari. @11-12-2021 18:32:11.0964 PM
[ReportManager] Initial window size: (800, 600) @11-12-2021 18:32:11.0978 PM
[ReportManager] Window size after SWD Maximize: (1176, 803) @11-12-2021 18:32:11.0995 PM
[ReportManager] Browser Action [MaximizeWindow] successfully performed. With the following test data [New screen size is now: (1176, 803)]. @11-12-2021 18:32:11.0996 P

################################################################################################################################################
Starting Execution:	[75 out of 146] test cases in the current suite
Test Method:		[testPackage01.Test_ShadowDOM.shadowdom]
################################################################################################################################################
[ReportManager] Target URL: [https://mdn.github.io/web-components-examples/popup-info-box-web-component/] @11-12-2021 18:32:12.0002 PM
[ReportManager] Initial URL: [] @11-12-2021 18:32:12.0079 PM
[ReportManager] Browser Action [NavigateToURL] successfully performed. With the following test data [https://mdn.github.io/web-components-examples/popup-info-box-web-component/]. @11-12-2021 18:32:12.0394 PM
[ReportManager] Element Action [Type] successfully performed. With the following test data [Typing into SHADOW DOM...]. @11-12-2021 18:32:13.0044 PM
[ReportManager] Element Action [GetText] successfully performed. With the following test data [Typing into SHADOW DOM...]. @11-12-2021 18:32:13.0107 PM
[ReportManager] Loaded Shared OpenCV @11-12-2021 18:32:13.0166 PM
[ReportManager] Assertion [ValidateElementAttribute] PASSED. Expected [Value Should be 'Typing into SHADOW DOM...' for the 'Text' attribute, element locator 'By.id: cvc'] and Actual [Typing into SHADOW DOM...]. Comparison Type [EQUALS]. Validation Type [POSITIVE]. @11-12-2021 18:32:13.0441 PM
[ReportManager] Successfully created attachment [Screenshot - 1639247533166_shadowdom_ValidateElementAttribute_passed] @11-12-2021 18:32:13.0442 P
[ReportManager] Browser Action [CloseCurrentWindow] successfully performed. @11-12-2021 18:32:13.0628 PM
[ReportManager] Successfully created attachment [Browser Action Test Data - CloseCurrentWindow - Actual Value] @11-12-2021 18:32:13.0629 P
[ReportManager] File Action [GetAbsolutePath] successfully performed. With the following test data [Relative Folder Path: "target/downloadedFiles/"]. @11-12-2021 18:32:13.0631 PM
[ReportManager] Attempting to run locally on: [Mac-64], [Safari], Headless Execution. @11-12-2021 18:32:13.0631 PM
[ReportManager] An Exception Occured with this Message: Could not start a new session. Possible causes are invalid address of the remote server or browser start-up failure.. @11-12-2021 18:32:13.0825 PM
[ReportManager] Successfully created attachment [Exception Stack Trace - org.openqa.selenium.SessionNotCreatedException] @11-12-2021 18:32:13.0857 PM
[ReportManager] Driver Factory Action [createNewLocalDriverInstanceForSafari] failed. With the following test data [Failed to create a session on DESKTOP_SAFARI]. @11-12-2021 18:32:13.0858 P

################################################################################################################################################
Starting Execution:	[76 out of 146] test cases in the current suite
Test Method:		[testPackage01.Test_clipboardActions.typeTextAndCopyPaste]
###############################################################################################################################################


################################################################################################################################################
Starting Execution:	[77 out of 146] test cases in the current suite
Test Method:		[testPackage01.Test_NewValidationHelper.f1]
################################################################################################################################################
[ReportManager] Assertion Passed: Checking valid user data @11-12-2021 18:32:13.0868 PM
[ReportManager] Successfully created attachment [Validation Test Data - Expected Value] @11-12-2021 18:32:13.0869 PM
[ReportManager] Successfully created attachment [Validation Test Data - Actual Value] @11-12-2021 18:32:13.0870 PM
[ReportManager] Assertion [ValidateEquals] PASSED. Expected and Actual values are attached. Comparison Type [EQUALS]. Validation Type [POSITIVE]. @11-12-2021 18:32:13.0870 P
[ReportManager] File Action [GetAbsolutePath] successfully performed. With the following test data [Relative Folder Path: "target/downloadedFiles/"]. @11-12-2021 18:32:13.0876 PM
[ReportManager] Attempting to run locally on: [Mac-64], [Safari], Headless Execution. @11-12-2021 18:32:13.0876 PM
[ReportManager] Successfully Opened Safari. @11-12-2021 18:32:14.0746 PM
[ReportManager] Initial window size: (800, 600) @11-12-2021 18:32:14.0759 PM
[ReportManager] Window size after SWD Maximize: (1176, 803) @11-12-2021 18:32:14.0788 PM
[ReportManager] Browser Action [MaximizeWindow] successfully performed. With the following test data [New screen size is now: (1176, 803)]. @11-12-2021 18:32:14.0788 PM
[ReportManager] Target URL: [https://the-internet.herokuapp.com/] @11-12-2021 18:32:14.0788 PM
[ReportManager] Initial URL: [] @11-12-2021 18:32:14.0826 PM
[ReportManager] Browser Action [NavigateToURL] successfully performed. With the following test data [https://the-internet.herokuapp.com/]. @11-12-2021 18:32:16.0022 P

################################################################################################################################################
Starting Execution:	[78 out of 146] test cases in the current suite
Test Method:		[testPackage01.Test_NewValidationHelper.f10]
################################################################################################################################################
[ReportManager] Loaded Shared OpenCV @11-12-2021 18:32:16.0170 PM
[ReportManager] Assertion [ValidateElementExists] FAILED. Expected [Element Should Exist, locator 'By.tagName: div'] and Actual [Element Exists but is not unique]. Comparison Type [EQUALS]. Validation Type [POSITIVE]. @11-12-2021 18:32:16.0283 PM
[ReportManager] Successfully created attachment [Screenshot - 1639247536170_f10_ValidateElementExists_failed] @11-12-2021 18:32:16.0284 P
[ReportManager] Successfully Closed All Drivers. @11-12-2021 18:32:16.0536 P
[ReportManager] File Action [GetAbsolutePath] successfully performed. With the following test data [Relative Folder Path: "target/downloadedFiles/"]. @11-12-2021 18:32:16.0538 PM
[ReportManager] Attempting to run locally on: [Mac-64], [Safari], Headless Execution. @11-12-2021 18:32:16.0538 PM
[ReportManager] Successfully Opened Safari. @11-12-2021 18:32:17.0338 PM
[ReportManager] Initial window size: (800, 600) @11-12-2021 18:32:17.0361 PM
[ReportManager] Window size after SWD Maximize: (1176, 803) @11-12-2021 18:32:17.0379 PM
[ReportManager] Browser Action [MaximizeWindow] successfully performed. With the following test data [New screen size is now: (1176, 803)]. @11-12-2021 18:32:17.0380 PM
[ReportManager] Target URL: [https://the-internet.herokuapp.com/] @11-12-2021 18:32:17.0380 PM
[ReportManager] Initial URL: [] @11-12-2021 18:32:17.0435 PM
[ReportManager] Browser Action [NavigateToURL] successfully performed. With the following test data [https://the-internet.herokuapp.com/]. @11-12-2021 18:32:18.0743 P

################################################################################################################################################
Starting Execution:	[79 out of 146] test cases in the current suite
Test Method:		[testPackage01.Test_NewValidationHelper.f11]
################################################################################################################################################
[ReportManager] org.openqa.selenium.TimeoutException:
Expected condition failed: waiting for com.shaft.gui.element.ElementActionsHelper$$Lambda$625/0x00000008011379c0@22620b28 (tried for 5 second(s) with 1000 milliseconds interval)
org.openqa.selenium.support.ui.FluentWait.timeoutException(FluentWait.java:263)
org.openqa.selenium.support.ui.FluentWait.until(FluentWait.java:231)
com.shaft.gui.element.ElementActionsHelper.waitForElementPresence(ElementActionsHelper.java:63)
com.shaft.gui.element.ElementActionsHelper.waitForElementPresence(ElementActionsHelper.java:37)
com.shaft.gui.element.WebDriverElementActions.getMatchingElementsCount(WebDriverElementActions.java:1468)
com.shaft.gui.element.WebDriverElementActions.getElementsCount(WebDriverElementActions.java:559)
com.shaft.gui.element.ElementActions.getElementsCount(ElementActions.java:261)
com.shaft.validation.ValidationsHelper.validateElementExists(ValidationsHelper.java:149)
com.shaft.validation.Assertions.assertElementExists(Assertions.java:118)
testPackage01.Test_NewValidationHelper.f11(Test_NewValidationHelper.java:137)
java.base/jdk.internal.reflect.NativeMethodAccessorImpl.invoke0(Native Method)
java.base/jdk.internal.reflect.NativeMethodAccessorImpl.invoke(NativeMethodAccessorImpl.java:77)
java.base/jdk.internal.reflect.DelegatingMethodAccessorImpl.invoke(DelegatingMethodAccessorImpl.java:43)
java.base/java.lang.reflect.Method.invoke(Method.java:568)
org.testng.internal.MethodInvocationHelper.invokeMethod(MethodInvocationHelper.java:133)
org.testng.internal.TestInvoker.invokeMethod(TestInvoker.java:598)
org.testng.internal.TestInvoker.invokeTestMethod(TestInvoker.java:173)
org.testng.internal.MethodRunner.runInSequence(MethodRunner.java:46)
org.testng.internal.TestInvoker$MethodInvocationAgent.invoke(TestInvoker.java:824)
org.testng.internal.TestInvoker.invokeTestMethods(TestInvoker.java:146)
org.testng.internal.TestMethodWorker.invokeTestMethods(TestMethodWorker.java:146)
org.testng.internal.TestMethodWorker.run(TestMethodWorker.java:128)
java.base/java.util.ArrayList.forEach(ArrayList.java:1511)
org.testng.TestRunner.privateRun(TestRunner.java:794)
org.testng.TestRunner.run(TestRunner.java:596)
org.testng.SuiteRunner.runTest(SuiteRunner.java:377)
org.testng.SuiteRunner.runSequentially(SuiteRunner.java:371)
org.testng.SuiteRunner.privateRun(SuiteRunner.java:332)
org.testng.SuiteRunner.run(SuiteRunner.java:276)
org.testng.SuiteRunnerWorker.runSuite(SuiteRunnerWorker.java:53)
org.testng.SuiteRunnerWorker.run(SuiteRunnerWorker.java:96)
org.testng.TestNG.runSuitesSequentially(TestNG.java:1212)
org.testng.TestNG.runSuitesLocally(TestNG.java:1134)
org.testng.TestNG.runSuites(TestNG.java:1063)
org.testng.TestNG.run(TestNG.java:1031)
org.apache.maven.surefire.testng.TestNGExecutor.run(TestNGExecutor.java:136)
org.apache.maven.surefire.testng.TestNGDirectoryTestSuite.executeMulti(TestNGDirectoryTestSuite.java:193)
org.apache.maven.surefire.testng.TestNGDirectoryTestSuite.execute(TestNGDirectoryTestSuite.java:94)
org.apache.maven.surefire.testng.TestNGProvider.invoke(TestNGProvider.java:145)
org.apache.maven.surefire.booter.ForkedBooter.runSuitesInProcess(ForkedBooter.java:428)
org.apache.maven.surefire.booter.ForkedBooter.execute(ForkedBooter.java:162)
org.apache.maven.surefire.booter.ForkedBooter.run(ForkedBooter.java:562)
org.apache.maven.surefire.booter.ForkedBooter.main(ForkedBooter.java:548)

Caused by: org.openqa.selenium.NoSuchElementException:
For documentation on this error, please visit: https://selenium.dev/exceptions/#no_such_element
Build info: version: '4.1.0', revision: '87802e897b'
System info: host: 'Mac-1639246033922.local', ip: '10.212.9.10', os.name: 'Mac OS X', os.arch: 'x86_64', os.version: '11.5', java.version: '17.0.1'
Driver info: org.openqa.selenium.safari.SafariDriver
Command: [08DC414A-8D2D-4FB8-BC9E-4FCC8C0ED198, findElement {using=tag name, value=h3}]
Capabilities {acceptInsecureCerts: false, browserName: Safari, browserVersion: 15.1, goog:loggingPrefs: {browser: ALL, client: ALL, driver: ALL, performance: ALL, profiler: ALL, server: ALL}, javascriptEnabled: true, pageLoadStrategy: normal, platform: MAC, platformName: MAC, safari:automaticInspection: false, safari:automaticProfiling: false, safari:diagnose: false, safari:platformBuildVersion: 20G224, safari:platformVersion: 11.6.1, safari:useSimulator: false, setWindowRect: true, strictFileInteractability: false, timeouts: {pageLoad: 30000, script: 30000}, webkit:WebRTC: {DisableICECandidateFiltering: false, DisableInsecureMediaCapture: false}}
Session ID: 08DC414A-8D2D-4FB8-BC9E-4FCC8C0ED198
jdk.internal.reflect.GeneratedConstructorAccessor57.newInstance(Unknown Source)
java.base/jdk.internal.reflect.DelegatingConstructorAccessorImpl.newInstance(DelegatingConstructorAccessorImpl.java:45)
java.base/java.lang.reflect.Constructor.newInstanceWithCaller(Constructor.java:499)
java.base/java.lang.reflect.Constructor.newInstance(Constructor.java:480)
org.openqa.selenium.remote.codec.w3c.W3CHttpResponseCodec.createException(W3CHttpResponseCodec.java:200)
org.openqa.selenium.remote.codec.w3c.W3CHttpResponseCodec.decode(W3CHttpResponseCodec.java:133)
org.openqa.selenium.remote.codec.w3c.W3CHttpResponseCodec.decode(W3CHttpResponseCodec.java:53)
org.openqa.selenium.remote.HttpCommandExecutor.execute(HttpCommandExecutor.java:184)
org.openqa.selenium.remote.service.DriverCommandExecutor.invokeExecute(DriverCommandExecutor.java:164)
org.openqa.selenium.remote.service.DriverCommandExecutor.execute(DriverCommandExecutor.java:139)
org.openqa.selenium.remote.RemoteWebDriver.execute(RemoteWebDriver.java:559)
org.openqa.selenium.remote.ElementLocation$ElementFinder$2.findElement(ElementLocation.java:162)
org.openqa.selenium.remote.ElementLocation.findElement(ElementLocation.java:60)
org.openqa.selenium.remote.RemoteWebDriver.findElement(RemoteWebDriver.java:383)
org.openqa.selenium.remote.RemoteWebDriver.findElement(RemoteWebDriver.java:375)
com.shaft.gui.element.ElementActionsHelper.lambda$waitForElementPresence$0(ElementActionsHelper.java:66)
org.openqa.selenium.support.ui.FluentWait.until(FluentWait.java:208)
com.shaft.gui.element.ElementActionsHelper.waitForElementPresence(ElementActionsHelper.java:63)
com.shaft.gui.element.ElementActionsHelper.waitForElementPresence(ElementActionsHelper.java:37)
com.shaft.gui.element.WebDriverElementActions.getMatchingElementsCount(WebDriverElementActions.java:1468)
com.shaft.gui.element.WebDriverElementActions.getElementsCount(WebDriverElementActions.java:559)
com.shaft.gui.element.ElementActions.getElementsCount(ElementActions.java:261)
com.shaft.validation.ValidationsHelper.validateElementExists(ValidationsHelper.java:149)
com.shaft.validation.Assertions.assertElementExists(Assertions.java:118)
testPackage01.Test_NewValidationHelper.f11(Test_NewValidationHelper.java:137)
java.base/jdk.internal.reflect.NativeMethodAccessorImpl.invoke0(Native Method)
java.base/jdk.internal.reflect.NativeMethodAccessorImpl.invoke(NativeMethodAccessorImpl.java:77)
java.base/jdk.internal.reflect.DelegatingMethodAccessorImpl.invoke(DelegatingMethodAccessorImpl.java:43)
java.base/java.lang.reflect.Method.invoke(Method.java:568)
org.testng.internal.MethodInvocationHelper.invokeMethod(MethodInvocationHelper.java:133)
org.testng.internal.TestInvoker.invokeMethod(TestInvoker.java:598)
org.testng.internal.TestInvoker.invokeTestMethod(TestInvoker.java:173)
org.testng.internal.MethodRunner.runInSequence(MethodRunner.java:46)
org.testng.internal.TestInvoker$MethodInvocationAgent.invoke(TestInvoker.java:824)
org.testng.internal.TestInvoker.invokeTestMethods(TestInvoker.java:146)
org.testng.internal.TestMethodWorker.invokeTestMethods(TestMethodWorker.java:146)
org.testng.internal.TestMethodWorker.run(TestMethodWorker.java:128)
java.base/java.util.ArrayList.forEach(ArrayList.java:1511)
org.testng.TestRunner.privateRun(TestRunner.java:794)
org.testng.TestRunner.run(TestRunner.java:596)
org.testng.SuiteRunner.runTest(SuiteRunner.java:377)
org.testng.SuiteRunner.runSequentially(SuiteRunner.java:371)
org.testng.SuiteRunner.privateRun(SuiteRunner.java:332)
org.testng.SuiteRunner.run(SuiteRunner.java:276)
org.testng.SuiteRunnerWorker.runSuite(SuiteRunnerWorker.java:53)
org.testng.SuiteRunnerWorker.run(SuiteRunnerWorker.java:96)
org.testng.TestNG.runSuitesSequentially(TestNG.java:1212)
org.testng.TestNG.runSuitesLocally(TestNG.java:1134)
org.testng.TestNG.runSuites(TestNG.java:1063)
org.testng.TestNG.run(TestNG.java:1031)
org.apache.maven.surefire.testng.TestNGExecutor.run(TestNGExecutor.java:136)
org.apache.maven.surefire.testng.TestNGDirectoryTestSuite.executeMulti(TestNGDirectoryTestSuite.java:193)
org.apache.maven.surefire.testng.TestNGDirectoryTestSuite.execute(TestNGDirectoryTestSuite.java:94)
org.apache.maven.surefire.testng.TestNGProvider.invoke(TestNGProvider.java:145)
org.apache.maven.surefire.booter.ForkedBooter.runSuitesInProcess(ForkedBooter.java:428)
org.apache.maven.surefire.booter.ForkedBooter.execute(ForkedBooter.java:162)
org.apache.maven.surefire.booter.ForkedBooter.run(ForkedBooter.java:562)
org.apache.maven.surefire.booter.ForkedBooter.main(ForkedBooter.java:548) @11-12-2021 18:32:24.0172 PM
[ReportManager] org.openqa.selenium.TimeoutException:
Expected condition failed: waiting for com.shaft.gui.element.ElementActionsHelper$$Lambda$625/0x00000008011379c0@269a73d6 (tried for 5 second(s) with 1000 milliseconds interval)
org.openqa.selenium.support.ui.FluentWait.timeoutException(FluentWait.java:263)
org.openqa.selenium.support.ui.FluentWait.until(FluentWait.java:231)
com.shaft.gui.element.ElementActionsHelper.waitForElementPresence(ElementActionsHelper.java:63)
com.shaft.gui.element.ElementActionsHelper.waitForElementPresence(ElementActionsHelper.java:37)
com.shaft.gui.element.WebDriverElementActions.getMatchingElementsCount(WebDriverElementActions.java:1468)
com.shaft.gui.element.WebDriverElementActions.getElementsCount(WebDriverElementActions.java:559)
com.shaft.gui.element.ElementActions.getElementsCount(ElementActions.java:261)
com.shaft.gui.image.ScreenshotManager.internalCaptureScreenShot(ScreenshotManager.java:394)
com.shaft.gui.image.ScreenshotManager.captureScreenShot(ScreenshotManager.java:141)
com.shaft.validation.ValidationsHelper.reportValidationState(ValidationsHelper.java:823)
com.shaft.validation.ValidationsHelper.pass(ValidationsHelper.java:564)
com.shaft.validation.ValidationsHelper.validateElementExists(ValidationsHelper.java:166)
com.shaft.validation.Assertions.assertElementExists(Assertions.java:118)
testPackage01.Test_NewValidationHelper.f11(Test_NewValidationHelper.java:137)
java.base/jdk.internal.reflect.NativeMethodAccessorImpl.invoke0(Native Method)
java.base/jdk.internal.reflect.NativeMethodAccessorImpl.invoke(NativeMethodAccessorImpl.java:77)
java.base/jdk.internal.reflect.DelegatingMethodAccessorImpl.invoke(DelegatingMethodAccessorImpl.java:43)
java.base/java.lang.reflect.Method.invoke(Method.java:568)
org.testng.internal.MethodInvocationHelper.invokeMethod(MethodInvocationHelper.java:133)
org.testng.internal.TestInvoker.invokeMethod(TestInvoker.java:598)
org.testng.internal.TestInvoker.invokeTestMethod(TestInvoker.java:173)
org.testng.internal.MethodRunner.runInSequence(MethodRunner.java:46)
org.testng.internal.TestInvoker$MethodInvocationAgent.invoke(TestInvoker.java:824)
org.testng.internal.TestInvoker.invokeTestMethods(TestInvoker.java:146)
org.testng.internal.TestMethodWorker.invokeTestMethods(TestMethodWorker.java:146)
org.testng.internal.TestMethodWorker.run(TestMethodWorker.java:128)
java.base/java.util.ArrayList.forEach(ArrayList.java:1511)
org.testng.TestRunner.privateRun(TestRunner.java:794)
org.testng.TestRunner.run(TestRunner.java:596)
org.testng.SuiteRunner.runTest(SuiteRunner.java:377)
org.testng.SuiteRunner.runSequentially(SuiteRunner.java:371)
org.testng.SuiteRunner.privateRun(SuiteRunner.java:332)
org.testng.SuiteRunner.run(SuiteRunner.java:276)
org.testng.SuiteRunnerWorker.runSuite(SuiteRunnerWorker.java:53)
org.testng.SuiteRunnerWorker.run(SuiteRunnerWorker.java:96)
org.testng.TestNG.runSuitesSequentially(TestNG.java:1212)
org.testng.TestNG.runSuitesLocally(TestNG.java:1134)
org.testng.TestNG.runSuites(TestNG.java:1063)
org.testng.TestNG.run(TestNG.java:1031)
org.apache.maven.surefire.testng.TestNGExecutor.run(TestNGExecutor.java:136)
org.apache.maven.surefire.testng.TestNGDirectoryTestSuite.executeMulti(TestNGDirectoryTestSuite.java:193)
org.apache.maven.surefire.testng.TestNGDirectoryTestSuite.execute(TestNGDirectoryTestSuite.java:94)
org.apache.maven.surefire.testng.TestNGProvider.invoke(TestNGProvider.java:145)
org.apache.maven.surefire.booter.ForkedBooter.runSuitesInProcess(ForkedBooter.java:428)
org.apache.maven.surefire.booter.ForkedBooter.execute(ForkedBooter.java:162)
org.apache.maven.surefire.booter.ForkedBooter.run(ForkedBooter.java:562)
org.apache.maven.surefire.booter.ForkedBooter.main(ForkedBooter.java:548)

Caused by: org.openqa.selenium.NoSuchElementException:
For documentation on this error, please visit: https://selenium.dev/exceptions/#no_such_element
Build info: version: '4.1.0', revision: '87802e897b'
System info: host: 'Mac-1639246033922.local', ip: '10.212.9.10', os.name: 'Mac OS X', os.arch: 'x86_64', os.version: '11.5', java.version: '17.0.1'
Driver info: org.openqa.selenium.safari.SafariDriver
Command: [08DC414A-8D2D-4FB8-BC9E-4FCC8C0ED198, findElement {using=tag name, value=h3}]
Capabilities {acceptInsecureCerts: false, browserName: Safari, browserVersion: 15.1, goog:loggingPrefs: {browser: ALL, client: ALL, driver: ALL, performance: ALL, profiler: ALL, server: ALL}, javascriptEnabled: true, pageLoadStrategy: normal, platform: MAC, platformName: MAC, safari:automaticInspection: false, safari:automaticProfiling: false, safari:diagnose: false, safari:platformBuildVersion: 20G224, safari:platformVersion: 11.6.1, safari:useSimulator: false, setWindowRect: true, strictFileInteractability: false, timeouts: {pageLoad: 30000, script: 30000}, webkit:WebRTC: {DisableICECandidateFiltering: false, DisableInsecureMediaCapture: false}}
Session ID: 08DC414A-8D2D-4FB8-BC9E-4FCC8C0ED198
jdk.internal.reflect.GeneratedConstructorAccessor57.newInstance(Unknown Source)
java.base/jdk.internal.reflect.DelegatingConstructorAccessorImpl.newInstance(DelegatingConstructorAccessorImpl.java:45)
java.base/java.lang.reflect.Constructor.newInstanceWithCaller(Constructor.java:499)
java.base/java.lang.reflect.Constructor.newInstance(Constructor.java:480)
org.openqa.selenium.remote.codec.w3c.W3CHttpResponseCodec.createException(W3CHttpResponseCodec.java:200)
org.openqa.selenium.remote.codec.w3c.W3CHttpResponseCodec.decode(W3CHttpResponseCodec.java:133)
org.openqa.selenium.remote.codec.w3c.W3CHttpResponseCodec.decode(W3CHttpResponseCodec.java:53)
org.openqa.selenium.remote.HttpCommandExecutor.execute(HttpCommandExecutor.java:184)
org.openqa.selenium.remote.service.DriverCommandExecutor.invokeExecute(DriverCommandExecutor.java:164)
org.openqa.selenium.remote.service.DriverCommandExecutor.execute(DriverCommandExecutor.java:139)
org.openqa.selenium.remote.RemoteWebDriver.execute(RemoteWebDriver.java:559)
org.openqa.selenium.remote.ElementLocation$ElementFinder$2.findElement(ElementLocation.java:162)
org.openqa.selenium.remote.ElementLocation.findElement(ElementLocation.java:60)
org.openqa.selenium.remote.RemoteWebDriver.findElement(RemoteWebDriver.java:383)
org.openqa.selenium.remote.RemoteWebDriver.findElement(RemoteWebDriver.java:375)
com.shaft.gui.element.ElementActionsHelper.lambda$waitForElementPresence$0(ElementActionsHelper.java:66)
org.openqa.selenium.support.ui.FluentWait.until(FluentWait.java:208)
com.shaft.gui.element.ElementActionsHelper.waitForElementPresence(ElementActionsHelper.java:63)
com.shaft.gui.element.ElementActionsHelper.waitForElementPresence(ElementActionsHelper.java:37)
com.shaft.gui.element.WebDriverElementActions.getMatchingElementsCount(WebDriverElementActions.java:1468)
com.shaft.gui.element.WebDriverElementActions.getElementsCount(WebDriverElementActions.java:559)
com.shaft.gui.element.ElementActions.getElementsCount(ElementActions.java:261)
com.shaft.gui.image.ScreenshotManager.internalCaptureScreenShot(ScreenshotManager.java:394)
com.shaft.gui.image.ScreenshotManager.captureScreenShot(ScreenshotManager.java:141)
com.shaft.validation.ValidationsHelper.reportValidationState(ValidationsHelper.java:823)
com.shaft.validation.ValidationsHelper.pass(ValidationsHelper.java:564)
com.shaft.validation.ValidationsHelper.validateElementExists(ValidationsHelper.java:166)
com.shaft.validation.Assertions.assertElementExists(Assertions.java:118)
testPackage01.Test_NewValidationHelper.f11(Test_NewValidationHelper.java:137)
java.base/jdk.internal.reflect.NativeMethodAccessorImpl.invoke0(Native Method)
java.base/jdk.internal.reflect.NativeMethodAccessorImpl.invoke(NativeMethodAccessorImpl.java:77)
java.base/jdk.internal.reflect.DelegatingMethodAccessorImpl.invoke(DelegatingMethodAccessorImpl.java:43)
java.base/java.lang.reflect.Method.invoke(Method.java:568)
org.testng.internal.MethodInvocationHelper.invokeMethod(MethodInvocationHelper.java:133)
org.testng.internal.TestInvoker.invokeMethod(TestInvoker.java:598)
org.testng.internal.TestInvoker.invokeTestMethod(TestInvoker.java:173)
org.testng.internal.MethodRunner.runInSequence(MethodRunner.java:46)
org.testng.internal.TestInvoker$MethodInvocationAgent.invoke(TestInvoker.java:824)
org.testng.internal.TestInvoker.invokeTestMethods(TestInvoker.java:146)
org.testng.internal.TestMethodWorker.invokeTestMethods(TestMethodWorker.java:146)
org.testng.internal.TestMethodWorker.run(TestMethodWorker.java:128)
java.base/java.util.ArrayList.forEach(ArrayList.java:1511)
org.testng.TestRunner.privateRun(TestRunner.java:794)
org.testng.TestRunner.run(TestRunner.java:596)
org.testng.SuiteRunner.runTest(SuiteRunner.java:377)
org.testng.SuiteRunner.runSequentially(SuiteRunner.java:371)
org.testng.SuiteRunner.privateRun(SuiteRunner.java:332)
org.testng.SuiteRunner.run(SuiteRunner.java:276)
org.testng.SuiteRunnerWorker.runSuite(SuiteRunnerWorker.java:53)
org.testng.SuiteRunnerWorker.run(SuiteRunnerWorker.java:96)
org.testng.TestNG.runSuitesSequentially(TestNG.java:1212)
org.testng.TestNG.runSuitesLocally(TestNG.java:1134)
org.testng.TestNG.runSuites(TestNG.java:1063)
org.testng.TestNG.run(TestNG.java:1031)
org.apache.maven.surefire.testng.TestNGExecutor.run(TestNGExecutor.java:136)
org.apache.maven.surefire.testng.TestNGDirectoryTestSuite.executeMulti(TestNGDirectoryTestSuite.java:193)
org.apache.maven.surefire.testng.TestNGDirectoryTestSuite.execute(TestNGDirectoryTestSuite.java:94)
org.apache.maven.surefire.testng.TestNGProvider.invoke(TestNGProvider.java:145)
org.apache.maven.surefire.booter.ForkedBooter.runSuitesInProcess(ForkedBooter.java:428)
org.apache.maven.surefire.booter.ForkedBooter.execute(ForkedBooter.java:162)
org.apache.maven.surefire.booter.ForkedBooter.run(ForkedBooter.java:562)
org.apache.maven.surefire.booter.ForkedBooter.main(ForkedBooter.java:548) @11-12-2021 18:32:29.0639 PM
[ReportManager] Assertion Passed: Checking that false tag doesn't exist @11-12-2021 18:32:29.0749 PM
[ReportManager] Successfully created attachment [Screenshot - 1639247549665_f11_ValidateElementExists_passed] @11-12-2021 18:32:29.0750 PM
[ReportManager] Assertion [ValidateElementExists] PASSED. Expected [Element Should not Exist, locator 'By.tagName: h3'] and Actual [Element Doesn't Exists]. Comparison Type [EQUALS]. Validation Type [NEGATIVE]. @11-12-2021 18:32:29.0750 P
[ReportManager] Successfully Closed All Drivers. @11-12-2021 18:32:29.0912 P
[ReportManager] File Action [GetAbsolutePath] successfully performed. With the following test data [Relative Folder Path: "target/downloadedFiles/"]. @11-12-2021 18:32:29.0914 PM
[ReportManager] Attempting to run locally on: [Mac-64], [Safari], Headless Execution. @11-12-2021 18:32:29.0914 PM
[ReportManager] Successfully Opened Safari. @11-12-2021 18:32:30.0714 PM
[ReportManager] Initial window size: (800, 600) @11-12-2021 18:32:30.0743 PM
[ReportManager] Window size after SWD Maximize: (1176, 803) @11-12-2021 18:32:30.0762 PM
[ReportManager] Browser Action [MaximizeWindow] successfully performed. With the following test data [New screen size is now: (1176, 803)]. @11-12-2021 18:32:30.0762 PM
[ReportManager] Target URL: [https://the-internet.herokuapp.com/] @11-12-2021 18:32:30.0762 PM
[ReportManager] Initial URL: [] @11-12-2021 18:32:30.0809 PM
[ReportManager] Browser Action [NavigateToURL] successfully performed. With the following test data [https://the-internet.herokuapp.com/]. @11-12-2021 18:32:31.0887 P

################################################################################################################################################
Starting Execution:	[80 out of 146] test cases in the current suite
Test Method:		[testPackage01.Test_NewValidationHelper.f12]
################################################################################################################################################
[ReportManager] Loaded Shared OpenCV @11-12-2021 18:32:32.0089 PM
[ReportManager] Assertion [ValidateElementExists] FAILED. Expected [Element Should not Exist, locator 'By.tagName: h1'] and Actual [Element Exists]. Comparison Type [EQUALS]. Validation Type [NEGATIVE]. @11-12-2021 18:32:32.0186 PM
[ReportManager] Successfully created attachment [Screenshot - 1639247552089_f12_ValidateElementExists_failed] @11-12-2021 18:32:32.0188 P
[ReportManager] Successfully Closed All Drivers. @11-12-2021 18:32:32.0446 P
[ReportManager] File Action [GetAbsolutePath] successfully performed. With the following test data [Relative Folder Path: "target/downloadedFiles/"]. @11-12-2021 18:32:32.0448 PM
[ReportManager] Attempting to run locally on: [Mac-64], [Safari], Headless Execution. @11-12-2021 18:32:32.0448 PM
[ReportManager] Successfully Opened Safari. @11-12-2021 18:32:33.0249 PM
[ReportManager] Initial window size: (800, 600) @11-12-2021 18:32:33.0266 PM
[ReportManager] Window size after SWD Maximize: (1176, 803) @11-12-2021 18:32:33.0282 PM
[ReportManager] Browser Action [MaximizeWindow] successfully performed. With the following test data [New screen size is now: (1176, 803)]. @11-12-2021 18:32:33.0282 PM
[ReportManager] Target URL: [https://the-internet.herokuapp.com/] @11-12-2021 18:32:33.0282 PM
[ReportManager] Initial URL: [] @11-12-2021 18:32:33.0338 PM
[ReportManager] Browser Action [NavigateToURL] successfully performed. With the following test data [https://the-internet.herokuapp.com/]. @11-12-2021 18:32:34.0415 P

################################################################################################################################################
Starting Execution:	[81 out of 146] test cases in the current suite
Test Method:		[testPackage01.Test_NewValidationHelper.f13]
################################################################################################################################################
[ReportManager] Loaded Shared OpenCV @11-12-2021 18:32:34.0550 PM
[ReportManager] Assertion [ValidateElementExists] FAILED. Expected [Element Should not Exist, locator 'By.tagName: div'] and Actual [Element Exists but is not unique]. Comparison Type [EQUALS]. Validation Type [NEGATIVE]. @11-12-2021 18:32:34.0645 PM
[ReportManager] Successfully created attachment [Screenshot - 1639247554550_f13_ValidateElementExists_failed] @11-12-2021 18:32:34.0647 P
[ReportManager] Successfully Closed All Drivers. @11-12-2021 18:32:35.0082 P
[ReportManager] File Action [GetAbsolutePath] successfully performed. With the following test data [Relative Folder Path: "target/downloadedFiles/"]. @11-12-2021 18:32:35.0084 PM
[ReportManager] Attempting to run locally on: [Mac-64], [Safari], Headless Execution. @11-12-2021 18:32:35.0085 PM
[ReportManager] Successfully Opened Safari. @11-12-2021 18:32:36.0009 PM
[ReportManager] Initial window size: (800, 600) @11-12-2021 18:32:36.0027 PM
[ReportManager] Window size after SWD Maximize: (1176, 803) @11-12-2021 18:32:36.0056 PM
[ReportManager] Browser Action [MaximizeWindow] successfully performed. With the following test data [New screen size is now: (1176, 803)]. @11-12-2021 18:32:36.0057 PM
[ReportManager] Target URL: [https://the-internet.herokuapp.com/] @11-12-2021 18:32:36.0057 PM
[ReportManager] Initial URL: [] @11-12-2021 18:32:36.0103 PM
[ReportManager] Browser Action [NavigateToURL] successfully performed. With the following test data [https://the-internet.herokuapp.com/]. @11-12-2021 18:32:37.0275 P

################################################################################################################################################
Starting Execution:	[82 out of 146] test cases in the current suite
Test Method:		[testPackage01.Test_NewValidationHelper.f14]
################################################################################################################################################
[ReportManager] Element Action [GetText] successfully performed. With the following test data [Welcome to the-internet]. @11-12-2021 18:32:37.0404 PM
[ReportManager] Loaded Shared OpenCV @11-12-2021 18:32:37.0469 PM
[ReportManager] Assertion Passed: Asserting that the header text is correct @11-12-2021 18:32:37.0565 PM
[ReportManager] Successfully created attachment [Screenshot - 1639247557469_f14_ValidateElementAttribute_passed] @11-12-2021 18:32:37.0566 PM
[ReportManager] Assertion [ValidateElementAttribute] PASSED. Expected [Value Should be 'Welcome to the-internet' for the 'text' attribute, element locator 'By.tagName: h1'] and Actual [Welcome to the-internet]. Comparison Type [EQUALS]. Validation Type [POSITIVE]. @11-12-2021 18:32:37.0566 P
[ReportManager] Successfully Closed All Drivers. @11-12-2021 18:32:37.0788 P
[ReportManager] File Action [GetAbsolutePath] successfully performed. With the following test data [Relative Folder Path: "target/downloadedFiles/"]. @11-12-2021 18:32:37.0790 PM
[ReportManager] Attempting to run locally on: [Mac-64], [Safari], Headless Execution. @11-12-2021 18:32:37.0790 PM
[ReportManager] Successfully Opened Safari. @11-12-2021 18:32:38.0620 PM
[ReportManager] Initial window size: (800, 600) @11-12-2021 18:32:38.0641 PM
[ReportManager] Window size after SWD Maximize: (1176, 803) @11-12-2021 18:32:38.0655 PM
[ReportManager] Browser Action [MaximizeWindow] successfully performed. With the following test data [New screen size is now: (1176, 803)]. @11-12-2021 18:32:38.0655 PM
[ReportManager] Target URL: [https://the-internet.herokuapp.com/] @11-12-2021 18:32:38.0656 PM
[ReportManager] Initial URL: [] @11-12-2021 18:32:38.0705 PM
[ReportManager] Browser Action [NavigateToURL] successfully performed. With the following test data [https://the-internet.herokuapp.com/]. @11-12-2021 18:32:39.0906 P

################################################################################################################################################
Starting Execution:	[83 out of 146] test cases in the current suite
Test Method:		[testPackage01.Test_NewValidationHelper.f15]
################################################################################################################################################
[ReportManager] Element Action [GetText] successfully performed. With the following test data [Welcome to the-internet]. @11-12-2021 18:32:39.0992 PM
[ReportManager] Loaded Shared OpenCV @11-12-2021 18:32:40.0066 PM
[ReportManager] Assertion [ValidateElementAttribute] FAILED. Expected [Value Should not be 'Welcome' for the 'text' attribute, element locator 'By.tagName: h1'] and Actual [Welcome to the-internet]. Comparison Type [CONTAINS]. Validation Type [NEGATIVE]. @11-12-2021 18:32:40.0249 PM
[ReportManager] Successfully created attachment [Screenshot - 1639247560066_f15_ValidateElementAttribute_failed] @11-12-2021 18:32:40.0251 P
[ReportManager] Successfully Closed All Drivers. @11-12-2021 18:32:40.0502 P
[ReportManager] File Action [GetAbsolutePath] successfully performed. With the following test data [Relative Folder Path: "target/downloadedFiles/"]. @11-12-2021 18:32:40.0504 PM
[ReportManager] Attempting to run locally on: [Mac-64], [Safari], Headless Execution. @11-12-2021 18:32:40.0504 PM
[ReportManager] Successfully Opened Safari. @11-12-2021 18:32:41.0320 PM
[ReportManager] Initial window size: (800, 600) @11-12-2021 18:32:41.0341 PM
[ReportManager] Window size after SWD Maximize: (1176, 803) @11-12-2021 18:32:41.0355 PM
[ReportManager] Browser Action [MaximizeWindow] successfully performed. With the following test data [New screen size is now: (1176, 803)]. @11-12-2021 18:32:41.0355 PM
[ReportManager] Target URL: [https://the-internet.herokuapp.com/] @11-12-2021 18:32:41.0355 PM
[ReportManager] Initial URL: [] @11-12-2021 18:32:41.0404 PM
[ReportManager] Browser Action [NavigateToURL] successfully performed. With the following test data [https://the-internet.herokuapp.com/]. @11-12-2021 18:32:42.0529 P

################################################################################################################################################
Starting Execution:	[84 out of 146] test cases in the current suite
Test Method:		[testPackage01.Test_NewValidationHelper.f16]
################################################################################################################################################
[ReportManager] org.openqa.selenium.TimeoutException:
Expected condition failed: waiting for com.shaft.gui.element.ElementActionsHelper$$Lambda$625/0x00000008011379c0@349cb607 (tried for 25 second(s) with 1000 milliseconds interval)
org.openqa.selenium.support.ui.FluentWait.timeoutException(FluentWait.java:263)
org.openqa.selenium.support.ui.FluentWait.until(FluentWait.java:231)
com.shaft.gui.element.ElementActionsHelper.waitForElementPresence(ElementActionsHelper.java:63)
com.shaft.gui.element.ElementActionsHelper.waitForElementPresence(ElementActionsHelper.java:41)
com.shaft.gui.element.WebDriverElementActions.getMatchingElementsCount(WebDriverElementActions.java:1470)
com.shaft.gui.element.WebDriverElementActions.identifyUniqueElement(WebDriverElementActions.java:1518)
com.shaft.gui.element.WebDriverElementActions.identifyUniqueElement(WebDriverElementActions.java:1316)
com.shaft.gui.element.WebDriverElementActions.getText(WebDriverElementActions.java:658)
com.shaft.gui.element.ElementActions.getText(ElementActions.java:311)
com.shaft.validation.ValidationsHelper.validateElementAttribute(ValidationsHelper.java:237)
com.shaft.validation.Assertions.assertElementAttribute(Assertions.java:201)
testPackage01.Test_NewValidationHelper.f16(Test_NewValidationHelper.java:181)
java.base/jdk.internal.reflect.NativeMethodAccessorImpl.invoke0(Native Method)
java.base/jdk.internal.reflect.NativeMethodAccessorImpl.invoke(NativeMethodAccessorImpl.java:77)
java.base/jdk.internal.reflect.DelegatingMethodAccessorImpl.invoke(DelegatingMethodAccessorImpl.java:43)
java.base/java.lang.reflect.Method.invoke(Method.java:568)
org.testng.internal.MethodInvocationHelper.invokeMethod(MethodInvocationHelper.java:133)
org.testng.internal.TestInvoker.invokeMethod(TestInvoker.java:598)
org.testng.internal.TestInvoker.invokeTestMethod(TestInvoker.java:173)
org.testng.internal.MethodRunner.runInSequence(MethodRunner.java:46)
org.testng.internal.TestInvoker$MethodInvocationAgent.invoke(TestInvoker.java:824)
org.testng.internal.TestInvoker.invokeTestMethods(TestInvoker.java:146)
org.testng.internal.TestMethodWorker.invokeTestMethods(TestMethodWorker.java:146)
org.testng.internal.TestMethodWorker.run(TestMethodWorker.java:128)
java.base/java.util.ArrayList.forEach(ArrayList.java:1511)
org.testng.TestRunner.privateRun(TestRunner.java:794)
org.testng.TestRunner.run(TestRunner.java:596)
org.testng.SuiteRunner.runTest(SuiteRunner.java:377)
org.testng.SuiteRunner.runSequentially(SuiteRunner.java:371)
org.testng.SuiteRunner.privateRun(SuiteRunner.java:332)
org.testng.SuiteRunner.run(SuiteRunner.java:276)
org.testng.SuiteRunnerWorker.runSuite(SuiteRunnerWorker.java:53)
org.testng.SuiteRunnerWorker.run(SuiteRunnerWorker.java:96)
org.testng.TestNG.runSuitesSequentially(TestNG.java:1212)
org.testng.TestNG.runSuitesLocally(TestNG.java:1134)
org.testng.TestNG.runSuites(TestNG.java:1063)
org.testng.TestNG.run(TestNG.java:1031)
org.apache.maven.surefire.testng.TestNGExecutor.run(TestNGExecutor.java:136)
org.apache.maven.surefire.testng.TestNGDirectoryTestSuite.executeMulti(TestNGDirectoryTestSuite.java:193)
org.apache.maven.surefire.testng.TestNGDirectoryTestSuite.execute(TestNGDirectoryTestSuite.java:94)
org.apache.maven.surefire.testng.TestNGProvider.invoke(TestNGProvider.java:145)
org.apache.maven.surefire.booter.ForkedBooter.runSuitesInProcess(ForkedBooter.java:428)
org.apache.maven.surefire.booter.ForkedBooter.execute(ForkedBooter.java:162)
org.apache.maven.surefire.booter.ForkedBooter.run(ForkedBooter.java:562)
org.apache.maven.surefire.booter.ForkedBooter.main(ForkedBooter.java:548)

Caused by: org.openqa.selenium.NoSuchElementException:
For documentation on this error, please visit: https://selenium.dev/exceptions/#no_such_element
Build info: version: '4.1.0', revision: '87802e897b'
System info: host: 'Mac-1639246033922.local', ip: '10.212.9.10', os.name: 'Mac OS X', os.arch: 'x86_64', os.version: '11.5', java.version: '17.0.1'
Driver info: org.openqa.selenium.safari.SafariDriver
Command: [B5906B6A-5FEA-4326-91AC-C81DEDD4CE31, findElement {using=tag name, value=h3}]
Capabilities {acceptInsecureCerts: false, browserName: Safari, browserVersion: 15.1, goog:loggingPrefs: {browser: ALL, client: ALL, driver: ALL, performance: ALL, profiler: ALL, server: ALL}, javascriptEnabled: true, pageLoadStrategy: normal, platform: MAC, platformName: MAC, safari:automaticInspection: false, safari:automaticProfiling: false, safari:diagnose: false, safari:platformBuildVersion: 20G224, safari:platformVersion: 11.6.1, safari:useSimulator: false, setWindowRect: true, strictFileInteractability: false, timeouts: {pageLoad: 30000, script: 30000}, webkit:WebRTC: {DisableICECandidateFiltering: false, DisableInsecureMediaCapture: false}}
Session ID: B5906B6A-5FEA-4326-91AC-C81DEDD4CE31
jdk.internal.reflect.GeneratedConstructorAccessor57.newInstance(Unknown Source)
java.base/jdk.internal.reflect.DelegatingConstructorAccessorImpl.newInstance(DelegatingConstructorAccessorImpl.java:45)
java.base/java.lang.reflect.Constructor.newInstanceWithCaller(Constructor.java:499)
java.base/java.lang.reflect.Constructor.newInstance(Constructor.java:480)
org.openqa.selenium.remote.codec.w3c.W3CHttpResponseCodec.createException(W3CHttpResponseCodec.java:200)
org.openqa.selenium.remote.codec.w3c.W3CHttpResponseCodec.decode(W3CHttpResponseCodec.java:133)
org.openqa.selenium.remote.codec.w3c.W3CHttpResponseCodec.decode(W3CHttpResponseCodec.java:53)
org.openqa.selenium.remote.HttpCommandExecutor.execute(HttpCommandExecutor.java:184)
org.openqa.selenium.remote.service.DriverCommandExecutor.invokeExecute(DriverCommandExecutor.java:164)
org.openqa.selenium.remote.service.DriverCommandExecutor.execute(DriverCommandExecutor.java:139)
org.openqa.selenium.remote.RemoteWebDriver.execute(RemoteWebDriver.java:559)
org.openqa.selenium.remote.ElementLocation$ElementFinder$2.findElement(ElementLocation.java:162)
org.openqa.selenium.remote.ElementLocation.findElement(ElementLocation.java:60)
org.openqa.selenium.remote.RemoteWebDriver.findElement(RemoteWebDriver.java:383)
org.openqa.selenium.remote.RemoteWebDriver.findElement(RemoteWebDriver.java:375)
com.shaft.gui.element.ElementActionsHelper.lambda$waitForElementPresence$0(ElementActionsHelper.java:66)
org.openqa.selenium.support.ui.FluentWait.until(FluentWait.java:208)
com.shaft.gui.element.ElementActionsHelper.waitForElementPresence(ElementActionsHelper.java:63)
com.shaft.gui.element.ElementActionsHelper.waitForElementPresence(ElementActionsHelper.java:41)
com.shaft.gui.element.WebDriverElementActions.getMatchingElementsCount(WebDriverElementActions.java:1470)
com.shaft.gui.element.WebDriverElementActions.identifyUniqueElement(WebDriverElementActions.java:1518)
com.shaft.gui.element.WebDriverElementActions.identifyUniqueElement(WebDriverElementActions.java:1316)
com.shaft.gui.element.WebDriverElementActions.getText(WebDriverElementActions.java:658)
com.shaft.gui.element.ElementActions.getText(ElementActions.java:311)
com.shaft.validation.ValidationsHelper.validateElementAttribute(ValidationsHelper.java:237)
com.shaft.validation.Assertions.assertElementAttribute(Assertions.java:201)
testPackage01.Test_NewValidationHelper.f16(Test_NewValidationHelper.java:181)
java.base/jdk.internal.reflect.NativeMethodAccessorImpl.invoke0(Native Method)
java.base/jdk.internal.reflect.NativeMethodAccessorImpl.invoke(NativeMethodAccessorImpl.java:77)
java.base/jdk.internal.reflect.DelegatingMethodAccessorImpl.invoke(DelegatingMethodAccessorImpl.java:43)
java.base/java.lang.reflect.Method.invoke(Method.java:568)
org.testng.internal.MethodInvocationHelper.invokeMethod(MethodInvocationHelper.java:133)
org.testng.internal.TestInvoker.invokeMethod(TestInvoker.java:598)
org.testng.internal.TestInvoker.invokeTestMethod(TestInvoker.java:173)
org.testng.internal.MethodRunner.runInSequence(MethodRunner.java:46)
org.testng.internal.TestInvoker$MethodInvocationAgent.invoke(TestInvoker.java:824)
org.testng.internal.TestInvoker.invokeTestMethods(TestInvoker.java:146)
org.testng.internal.TestMethodWorker.invokeTestMethods(TestMethodWorker.java:146)
org.testng.internal.TestMethodWorker.run(TestMethodWorker.java:128)
java.base/java.util.ArrayList.forEach(ArrayList.java:1511)
org.testng.TestRunner.privateRun(TestRunner.java:794)
org.testng.TestRunner.run(TestRunner.java:596)
org.testng.SuiteRunner.runTest(SuiteRunner.java:377)
org.testng.SuiteRunner.runSequentially(SuiteRunner.java:371)
org.testng.SuiteRunner.privateRun(SuiteRunner.java:332)
org.testng.SuiteRunner.run(SuiteRunner.java:276)
org.testng.SuiteRunnerWorker.runSuite(SuiteRunnerWorker.java:53)
org.testng.SuiteRunnerWorker.run(SuiteRunnerWorker.java:96)
org.testng.TestNG.runSuitesSequentially(TestNG.java:1212)
org.testng.TestNG.runSuitesLocally(TestNG.java:1134)
org.testng.TestNG.runSuites(TestNG.java:1063)
org.testng.TestNG.run(TestNG.java:1031)
org.apache.maven.surefire.testng.TestNGExecutor.run(TestNGExecutor.java:136)
org.apache.maven.surefire.testng.TestNGDirectoryTestSuite.executeMulti(TestNGDirectoryTestSuite.java:193)
org.apache.maven.surefire.testng.TestNGDirectoryTestSuite.execute(TestNGDirectoryTestSuite.java:94)
org.apache.maven.surefire.testng.TestNGProvider.invoke(TestNGProvider.java:145)
org.apache.maven.surefire.booter.ForkedBooter.runSuitesInProcess(ForkedBooter.java:428)
org.apache.maven.surefire.booter.ForkedBooter.execute(ForkedBooter.java:162)
org.apache.maven.surefire.booter.ForkedBooter.run(ForkedBooter.java:562)
org.apache.maven.surefire.booter.ForkedBooter.main(ForkedBooter.java:548) @11-12-2021 18:33:07.0660 PM
[ReportManager] Element Action [IdentifyUniqueElement] failed. With the following test data [zero elements found matching this locator "By.tagName: h3".]. @11-12-2021 18:33:07.0765 PM
[ReportManager] Successfully created attachment [Screenshot - 1639247587686_f16_IdentifyUniqueElement_failed] @11-12-2021 18:33:07.0766 PM
[ReportManager] Assertion [ValidateElementAttribute] FAILED. Expected [Value Should not be 'Welcome' for the 'text' attribute, element locator 'By.tagName: h3'] and Actual [Failed to read the desired element attribute]. Comparison Type [CONTAINS]. Validation Type [NEGATIVE]. @11-12-2021 18:33:07.0766 P
[ReportManager] Successfully Closed All Drivers. @11-12-2021 18:33:08.0031 P
[ReportManager] File Action [GetAbsolutePath] successfully performed. With the following test data [Relative Folder Path: "target/downloadedFiles/"]. @11-12-2021 18:33:08.0033 PM
[ReportManager] Attempting to run locally on: [Mac-64], [Safari], Headless Execution. @11-12-2021 18:33:08.0033 PM
[ReportManager] An Exception Occured with this Message: Could not start a new session. Possible causes are invalid address of the remote server or browser start-up failure.. @11-12-2021 18:33:08.0170 PM
[ReportManager] Successfully created attachment [Exception Stack Trace - org.openqa.selenium.SessionNotCreatedException] @11-12-2021 18:33:08.0212 PM
[ReportManager] Driver Factory Action [createNewLocalDriverInstanceForSafari] failed. With the following test data [Failed to create a session on DESKTOP_SAFARI]. @11-12-2021 18:33:08.0212 P

################################################################################################################################################
Starting Execution:	[85 out of 146] test cases in the current suite
Test Method:		[testPackage01.Test_NewValidationHelper.f17]
###############################################################################################################################################



################################################################################################################################################
Starting Execution:	[86 out of 146] test cases in the current suite
Test Method:		[testPackage01.Test_NewValidationHelper.f18]
###############################################################################################################################################


################################################################################################################################################
Starting Execution:	[87 out of 146] test cases in the current suite
Test Method:		[testPackage01.Test_NewValidationHelper.f2]
###############################################################################################################################################


################################################################################################################################################
Starting Execution:	[88 out of 146] test cases in the current suite
Test Method:		[testPackage01.Test_NewValidationHelper.f20]
###############################################################################################################################################



################################################################################################################################################
Starting Execution:	[89 out of 146] test cases in the current suite
Test Method:		[testPackage01.Test_NewValidationHelper.f21]
###############################################################################################################################################



################################################################################################################################################
Starting Execution:	[90 out of 146] test cases in the current suite
Test Method:		[testPackage01.Test_NewValidationHelper.f22]
###############################################################################################################################################


################################################################################################################################################
Starting Execution:	[91 out of 146] test cases in the current suite
Test Method:		[testPackage01.Test_NewValidationHelper.f23]
###############################################################################################################################################

################################################################################################################################################
Starting Execution:	[92 out of 146] test cases in the current suite
Test Method:		[testPackage01.Test_NewValidationHelper.f24]
###############################################################################################################################################

################################################################################################################################################
Starting Execution:	[93 out of 146] test cases in the current suite
Test Method:		[testPackage01.Test_NewValidationHelper.f25]
###############################################################################################################################################

################################################################################################################################################
Starting Execution:	[94 out of 146] test cases in the current suite
Test Method:		[testPackage01.Test_NewValidationHelper.f26]
###############################################################################################################################################

################################################################################################################################################
Starting Execution:	[95 out of 146] test cases in the current suite
Test Method:		[testPackage01.Test_NewValidationHelper.f27]
###############################################################################################################################################

################################################################################################################################################
Starting Execution:	[96 out of 146] test cases in the current suite
Test Method:		[testPackage01.Test_NewValidationHelper.f28]
###############################################################################################################################################

################################################################################################################################################
Starting Execution:	[97 out of 146] test cases in the current suite
Test Method:		[testPackage01.Test_NewValidationHelper.f29]
###############################################################################################################################################

################################################################################################################################################
Starting Execution:	[98 out of 146] test cases in the current suite
Test Method:		[testPackage01.Test_NewValidationHelper.f3]
###############################################################################################################################################

################################################################################################################################################
Starting Execution:	[99 out of 146] test cases in the current suite
Test Method:		[testPackage01.Test_NewValidationHelper.f30]
###############################################################################################################################################

################################################################################################################################################
Starting Execution:	[100 out of 146] test cases in the current suite
Test Method:		[testPackage01.Test_NewValidationHelper.f31]
###############################################################################################################################################

################################################################################################################################################
Starting Execution:	[101 out of 146] test cases in the current suite
Test Method:		[testPackage01.Test_NewValidationHelper.f32]
###############################################################################################################################################

################################################################################################################################################
Starting Execution:	[102 out of 146] test cases in the current suite
Test Method:		[testPackage01.Test_NewValidationHelper.f33]
###############################################################################################################################################

################################################################################################################################################
Starting Execution:	[103 out of 146] test cases in the current suite
Test Method:		[testPackage01.Test_NewValidationHelper.f34]
###############################################################################################################################################

################################################################################################################################################
Starting Execution:	[104 out of 146] test cases in the current suite
Test Method:		[testPackage01.Test_NewValidationHelper.f35]
###############################################################################################################################################

################################################################################################################################################
Starting Execution:	[105 out of 146] test cases in the current suite
Test Method:		[testPackage01.Test_NewValidationHelper.f36]
###############################################################################################################################################

################################################################################################################################################
Starting Execution:	[106 out of 146] test cases in the current suite
Test Method:		[testPackage01.Test_NewValidationHelper.f37]
###############################################################################################################################################

################################################################################################################################################
Starting Execution:	[107 out of 146] test cases in the current suite
Test Method:		[testPackage01.Test_NewValidationHelper.f3_1]
###############################################################################################################################################

################################################################################################################################################
Starting Execution:	[108 out of 146] test cases in the current suite
Test Method:		[testPackage01.Test_NewValidationHelper.f4]
###############################################################################################################################################

################################################################################################################################################
Starting Execution:	[109 out of 146] test cases in the current suite
Test Method:		[testPackage01.Test_NewValidationHelper.f5]
###############################################################################################################################################

################################################################################################################################################
Starting Execution:	[110 out of 146] test cases in the current suite
Test Method:		[testPackage01.Test_NewValidationHelper.f6]
###############################################################################################################################################

################################################################################################################################################
Starting Execution:	[111 out of 146] test cases in the current suite
Test Method:		[testPackage01.Test_NewValidationHelper.f6_1]
###############################################################################################################################################

################################################################################################################################################
Starting Execution:	[112 out of 146] test cases in the current suite
Test Method:		[testPackage01.Test_NewValidationHelper.f6_2]
###############################################################################################################################################

################################################################################################################################################
Starting Execution:	[113 out of 146] test cases in the current suite
Test Method:		[testPackage01.Test_NewValidationHelper.f7]
###############################################################################################################################################


################################################################################################################################################
Starting Execution:	[114 out of 146] test cases in the current suite
Test Method:		[testPackage01.Test_NewValidationHelper.f8]
###############################################################################################################################################



################################################################################################################################################
Starting Execution:	[115 out of 146] test cases in the current suite
Test Method:		[testPackage01.Test_NewValidationHelper.f9]
###############################################################################################################################################


################################################################################################################################################
Starting Execution:	[116 out of 146] test cases in the current suite
Test Method:		[testPackage01.Test_NewValidationHelper.forceFail]
###############################################################################################################################################

################################################################################################################################################
Starting Execution:	[117 out of 146] test cases in the current suite
Test Method:		[testPackage01.Test_NewValidationHelper.forceFail2]
###############################################################################################################################################

################################################################################################################################################
Starting Execution:	[118 out of 146] test cases in the current suite
Test Method:		[testPackage01.Test_JsonActions.f]
###############################################################################################################################################

################################################################################################################################################
Starting Execution:	[119 out of 146] test cases in the current suite
Test Method:		[testPackage01.Test_JsonActions.f2]
###############################################################################################################################################

################################################################################################################################################
Starting Execution:	[120 out of 146] test cases in the current suite
Test Method:		[testPackage01.Test_sendGraphqlRequest.sendGraphqlRequestUsingMutationAndVariables]
################################################################################################################################################
[ReportManager] GraphQl Request is being Performed with the Following Parameters [Service URL: https://api.spacex.land/graphql | Request Body: {"variables":"{\"name\": \"sherlock holmes\",\"rocket\": \"221B Baker Street\"}","query":"mutation ($name: String, $rocket: String) {\n  insert_users(objects: {name: $name, rocket: $rocket}) {\n    returning {\n      name\n      rocket\n    }\n  }\n}"}] @11-12-2021 18:33:09.0187 PM
[ReportManager] Response status code: [200], status line: [HTTP/1.1 200 OK] @11-12-2021 18:33:09.0851 PM
[ReportManager] Assertion Passed: Evaluating the actual response status code against the expected one... @11-12-2021 18:33:09.0851 PM
[ReportManager] Assertion [ValidateComparativeRelation] PASSED. Expected [200] and Actual [200]. Comparison Type [EQUALS]. Validation Type [POSITIVE]. @11-12-2021 18:33:09.0851 PM
[ReportManager] API Action [PerformRequest] successfully performed. With the following test data [Request Type: "POST" | Target Status Code: "200" | Service URL: "https://api.spacex.land/graphql" | Content Type: "application/json" | Response Time: "486ms"]. @11-12-2021 18:33:09.0885 PM
[ReportManager] Successfully created attachment [API Request - Specifications] @11-12-2021 18:33:09.0885 PM
[ReportManager] Successfully created attachment [API Request - JSON Body] @11-12-2021 18:33:09.0886 PM
[ReportManager] Successfully created attachment [API Response - JSON Body] @11-12-2021 18:33:09.0887 PM
[ReportManager] API Action [GetResponseJSONValue] successfully performed. With the following test data [data.insert_users.returning[0].name]. @11-12-2021 18:33:09.0940 PM
[ReportManager] Assertion [ValidateEquals] PASSED. Expected [sherlock holmes] and Actual [sherlock holmes]. Comparison Type [EQUALS]. Validation Type [POSITIVE]. @11-12-2021 18:33:09.0941 P

################################################################################################################################################
Starting Execution:	[121 out of 146] test cases in the current suite
Test Method:		[testPackage01.Test_sendGraphqlRequest.sendGraphqlRequestUsingQuery]
################################################################################################################################################
[ReportManager] GraphQl Request is being Performed with the Following Parameters [Service URL: https://api.spacex.land/graphql | Request Body: {"query":"{company {ceo}}"}] @11-12-2021 18:33:09.0944 PM
[ReportManager] Response status code: [200], status line: [HTTP/1.1 200 OK] @11-12-2021 18:33:10.0201 PM
[ReportManager] Assertion Passed: Evaluating the actual response status code against the expected one... @11-12-2021 18:33:10.0202 PM
[ReportManager] Assertion [ValidateComparativeRelation] PASSED. Expected [200] and Actual [200]. Comparison Type [EQUALS]. Validation Type [POSITIVE]. @11-12-2021 18:33:10.0202 PM
[ReportManager] API Action [PerformRequest] successfully performed. With the following test data [Request Type: "POST" | Target Status Code: "200" | Service URL: "https://api.spacex.land/graphql" | Content Type: "application/json" | Response Time: "253ms"]. @11-12-2021 18:33:10.0213 PM
[ReportManager] Successfully created attachment [API Request - Specifications] @11-12-2021 18:33:10.0214 PM
[ReportManager] Successfully created attachment [API Request - JSON Body] @11-12-2021 18:33:10.0214 PM
[ReportManager] Successfully created attachment [API Response - JSON Body] @11-12-2021 18:33:10.0215 PM
[ReportManager] API Action [GetResponseJSONValue] successfully performed. With the following test data [data.company.ceo]. @11-12-2021 18:33:10.0228 PM
[ReportManager] Assertion [ValidateEquals] PASSED. Expected [Elon Musk] and Actual [Elon Musk]. Comparison Type [EQUALS]. Validation Type [POSITIVE]. @11-12-2021 18:33:10.0228 P

################################################################################################################################################
Starting Execution:	[122 out of 146] test cases in the current suite
Test Method:		[testPackage01.Test_MatchJsonSchema.checkAPI_ResponseSchema]
################################################################################################################################################
[ReportManager] Response status code: [200], status line: [HTTP/1.1 200 OK] @11-12-2021 18:33:10.0437 PM
[ReportManager] Assertion Passed: Evaluating the actual response status code against the expected one... @11-12-2021 18:33:10.0437 PM
[ReportManager] Assertion [ValidateComparativeRelation] PASSED. Expected [200] and Actual [200]. Comparison Type [EQUALS]. Validation Type [POSITIVE]. @11-12-2021 18:33:10.0437 PM
[ReportManager] API Action [PerformRequest] successfully performed. With the following test data [Request Type: "GET" | Target Status Code: "200" | Service URL: "http://api.zippopotam.us/us/90210" | Content Type: "*/*" | Response Time: "200ms"]. @11-12-2021 18:33:10.0450 PM
[ReportManager] Successfully created attachment [API Request - Specifications] @11-12-2021 18:33:10.0450 PM
[ReportManager] Successfully created attachment [API Response - JSON Body] @11-12-2021 18:33:10.0451 PM
[ReportManager] File Action [GetAbsolutePath] successfully performed. With the following test data [Relative Folder Path: "src/test/resources/testDataFiles/schema.json"]. @11-12-2021 18:33:10.0452 PM
[ReportManager] File Action [GetAbsolutePath] successfully performed. With the following test data [Relative Folder Path: "/Users/runner/work/SHAFT_ENGINE/SHAFT_ENGINE/src/test/resources/testDataFiles/schema.json"]. @11-12-2021 18:33:11.0125 PM
[ReportManager] File Action [ReadFromFile] successfully performed. With the following test data [File Path: "/Users/runner/work/SHAFT_ENGINE/SHAFT_ENGINE/src/test/resources/testDataFiles/schema.json"]. @11-12-2021 18:33:11.0126 PM
[ReportManager] Assertion Passed: Then I Assert that the API response schema matches that in this file [src/test/resources/testDataFiles/schema.json]. @11-12-2021 18:33:11.0129 PM
[ReportManager] Successfully created attachment [Validation Test Data - Expected JSON Value] @11-12-2021 18:33:11.0129 PM
[ReportManager] Successfully created attachment [Validation Test Data - Actual JSON Value] @11-12-2021 18:33:11.0130 PM
[ReportManager] Assertion [ValidateResponseFileSchema] PASSED. Expected [Response data should match the JSON File in this path '/Users/runner/work/SHAFT_ENGINE/SHAFT_ENGINE/src/test/resources/testDataFiles/schema.json'] and Actual [TRUE]. Comparison Type [EQUALS]. Validation Type [POSITIVE]. @11-12-2021 18:33:11.0130 P
[ReportManager] File Action [GetAbsolutePath] successfully performed. With the following test data [Relative Folder Path: "target/downloadedFiles/"]. @11-12-2021 18:33:11.0133 PM
[ReportManager] Attempting to run locally on: [Mac-64], [Safari], Headless Execution. @11-12-2021 18:33:11.0133 PM
[ReportManager] Successfully Opened Safari. @11-12-2021 18:33:12.0007 PM
[ReportManager] Initial window size: (800, 600) @11-12-2021 18:33:12.0033 PM
[ReportManager] Window size after SWD Maximize: (1176, 803) @11-12-2021 18:33:12.0068 PM
[ReportManager] Browser Action [MaximizeWindow] successfully performed. With the following test data [New screen size is now: (1176, 803)]. @11-12-2021 18:33:12.0068 P

################################################################################################################################################
Starting Execution:	[123 out of 146] test cases in the current suite
Test Method:		[testPackage01.Test_dragAndDrop.dragAndDropJquery]
################################################################################################################################################
[ReportManager] Target URL: [https://jqueryui.com/resources/demos/droppable/default.html] @11-12-2021 18:33:12.0071 PM
[ReportManager] Initial URL: [] @11-12-2021 18:33:12.0128 PM
[ReportManager] Browser Action [NavigateToURL] successfully performed. With the following test data [https://jqueryui.com/resources/demos/droppable/default.html]. @11-12-2021 18:33:12.0688 PM
[ReportManager] Element Action [GetText] successfully performed. With the following test data [
	Drop here
]. @11-12-2021 18:33:12.0770 PM
[ReportManager] Element Action [DragAndDrop] successfully performed. With the following test data [Start point: (8, 18), End point: (8, 18)]. @11-12-2021 18:33:13.0909 PM
[ReportManager] Element Action [GetText] successfully performed. With the following test data [
	Dropped!
]. @11-12-2021 18:33:13.0949 PM
[ReportManager] Assertion Passed: Checking to see if the text has changed after performing drag and drop @11-12-2021 18:33:13.0950 PM
[ReportManager] Assertion [ValidateEquals] PASSED. Expected [
	Drop here
] and Actual [
	Dropped!
]. Comparison Type [EQUALS]. Validation Type [NEGATIVE]. @11-12-2021 18:33:13.0950 P
[ReportManager] Browser Action [CloseCurrentWindow] successfully performed. @11-12-2021 18:33:14.0248 PM
[ReportManager] Successfully created attachment [Browser Action Test Data - CloseCurrentWindow - Actual Value] @11-12-2021 18:33:14.0249 P
[ReportManager] File Action [GetAbsolutePath] successfully performed. With the following test data [Relative Folder Path: "target/downloadedFiles/"]. @11-12-2021 18:33:14.0250 PM
[ReportManager] Attempting to run locally on: [Mac-64], [Safari], Headless Execution. @11-12-2021 18:33:14.0251 PM
[ReportManager] Successfully Opened Safari. @11-12-2021 18:33:15.0051 PM
[ReportManager] Initial window size: (800, 600) @11-12-2021 18:33:15.0062 PM
[ReportManager] Window size after SWD Maximize: (1176, 803) @11-12-2021 18:33:15.0081 PM
[ReportManager] Browser Action [MaximizeWindow] successfully performed. With the following test data [New screen size is now: (1176, 803)]. @11-12-2021 18:33:15.0082 P

################################################################################################################################################
Starting Execution:	[124 out of 146] test cases in the current suite
Test Method:		[testPackage01.Test_dragAndDrop.dragAndDrop]
Test Description:	[TC001 - Test Drag and Drop function.]
################################################################################################################################################
[ReportManager] Target URL: [http://the-internet.herokuapp.com/drag_and_drop] @11-12-2021 18:33:15.0087 PM
[ReportManager] Initial URL: [] @11-12-2021 18:33:15.0139 PM
[ReportManager] Browser Action [NavigateToURL] successfully performed. With the following test data [http://the-internet.herokuapp.com/drag_and_drop]. @11-12-2021 18:33:16.0009 PM
[ReportManager] Attempting Drag and Drop @11-12-2021 18:33:16.0009 PM
[ReportManager] Element Action [DragAndDrop] successfully performed. With the following test data [Start point: (120, 89), End point: (335, 89)]. @11-12-2021 18:33:16.0650 P
[ReportManager] Browser Action [CloseCurrentWindow] successfully performed. @11-12-2021 18:33:16.0946 PM
[ReportManager] Successfully created attachment [Browser Action Test Data - CloseCurrentWindow - Actual Value] @11-12-2021 18:33:16.0946 P
[ReportManager] File Action [GetAbsolutePath] successfully performed. With the following test data [Relative Folder Path: "target/downloadedFiles/"]. @11-12-2021 18:33:16.0948 PM
[ReportManager] Attempting to run locally on: [Mac-64], [Safari], Headless Execution. @11-12-2021 18:33:16.0949 PM
[ReportManager] Successfully Opened Safari. @11-12-2021 18:33:17.0817 PM
[ReportManager] Initial window size: (800, 600) @11-12-2021 18:33:17.0823 PM
[ReportManager] Window size after SWD Maximize: (1176, 803) @11-12-2021 18:33:17.0845 PM
[ReportManager] Browser Action [MaximizeWindow] successfully performed. With the following test data [New screen size is now: (1176, 803)]. @11-12-2021 18:33:17.0846 P

################################################################################################################################################
Starting Execution:	[125 out of 146] test cases in the current suite
Test Method:		[testPackage01.Test_dragAndDrop.dragAndDropByOffset]
Test Description:	[TC002 - Test Drag and Drop by offset function.]
################################################################################################################################################
[ReportManager] Target URL: [https://jqueryui.com/resources/demos/draggable/default.html] @11-12-2021 18:33:17.0848 PM
[ReportManager] Initial URL: [] @11-12-2021 18:33:17.0928 PM
[ReportManager] Browser Action [NavigateToURL] successfully performed. With the following test data [https://jqueryui.com/resources/demos/draggable/default.html]. @11-12-2021 18:33:18.0452 PM
[ReportManager] Element Action [DragAndDropByOffset] successfully performed. With the following test data [Start point: (8, 8), End point: (108, 58)]. @11-12-2021 18:33:19.0268 P
[ReportManager] Browser Action [CloseCurrentWindow] successfully performed. @11-12-2021 18:33:19.0388 PM
[ReportManager] Successfully created attachment [Browser Action Test Data - CloseCurrentWindow - Actual Value] @11-12-2021 18:33:19.0389 P
[ReportManager] Successfully loaded the following test data file [src/test/resources/testDataFiles/testSuite01/TestData.xlsx]. @11-12-2021 18:33:19.0426 PM
[ReportManager] Successfully created attachment [Test Data - Excel] @11-12-2021 18:33:19.0426 PM
[ReportManager] File Action [GetAbsolutePath] successfully performed. With the following test data [Relative Folder Path: "target/downloadedFiles/"]. @11-12-2021 18:33:19.0427 PM
[ReportManager] Attempting to run locally on: [Mac-64], [Safari], Headless Execution. @11-12-2021 18:33:19.0427 PM
[ReportManager] Successfully Opened Safari. @11-12-2021 18:33:20.0236 PM
[ReportManager] Initial window size: (800, 600) @11-12-2021 18:33:20.0255 PM
[ReportManager] Window size after SWD Maximize: (1176, 803) @11-12-2021 18:33:20.0284 PM
[ReportManager] Browser Action [MaximizeWindow] successfully performed. With the following test data [New screen size is now: (1176, 803)]. @11-12-2021 18:33:20.0284 P

################################################################################################################################################
Starting Execution:	[126 out of 146] test cases in the current suite
Test Method:		[testPackage01.Test_google.navigateToURLandVerifyGoogleLogoIsDisplayed]
Test Description:	[TC001 - Navigate to URL and Verify Google Logo is Displayed]
################################################################################################################################################
[ReportManager] Target URL: [https://www.google.com/ncr], and after redirection: [https://www.google.com] @11-12-2021 18:33:20.0287 PM
[ReportManager] Initial URL: [] @11-12-2021 18:33:20.0326 PM
[ReportManager] Browser Action [NavigateToURL] successfully performed. With the following test data [https://www.google.com/ncr]. @11-12-2021 18:33:22.0286 PM
[ReportManager] Loaded Shared OpenCV @11-12-2021 18:33:22.0366 PM
[ReportManager] Assertion Passed: Then I Assert that the element found by [By.xpath: //*[@id='hplogo' or @alt='Google']] exists. @11-12-2021 18:33:22.0515 PM
[ReportManager] Successfully created attachment [Screenshot - 1639247602366_navigateToURLandVerifyGoogleLogoIsDisplayed_ValidateElementExists_passed] @11-12-2021 18:33:22.0516 PM
[ReportManager] Assertion [ValidateElementExists] PASSED. Expected [Element Should Exist, locator 'By.xpath: //*[@id='hplogo' or @alt='Google']'] and Actual [Element Exists]. Comparison Type [EQUALS]. Validation Type [POSITIVE]. @11-12-2021 18:33:22.0516 P

################################################################################################################################################
Starting Execution:	[127 out of 146] test cases in the current suite
Test Method:		[testPackage01.Test_google.searchForQueryandAssertResultsNumDisplayed]
Test Description:	[TC002 - Search for Query and Assert that the number of results is displayed]
################################################################################################################################################
[ReportManager] Element Action [Type] successfully performed. With the following test data [SHAFT_Engine]. @11-12-2021 18:33:22.0767 PM
[ReportManager] Element Action [KeyPress] successfully performed. With the following test data [Enter]. @11-12-2021 18:33:22.0822 PM
[ReportManager] Element Action [GetText] successfully performed. With the following test data [About 718,000 results (1.43 seconds)]. @11-12-2021 18:33:25.0238 PM
[ReportManager] Loaded Shared OpenCV @11-12-2021 18:33:25.0311 PM
[ReportManager] Assertion Passed: Then I Assert that the element found by [By.id: appbar] text does not equal []. @11-12-2021 18:33:25.0429 PM
[ReportManager] Successfully created attachment [Screenshot - 1639247605311_searchForQueryandAssertResultsNumDisplayed_ValidateElementAttribute_passed] @11-12-2021 18:33:25.0431 PM
[ReportManager] Assertion [ValidateElementAttribute] PASSED. Expected [Value Should not be '' for the 'text' attribute, element locator 'By.id: appbar'] and Actual [About 718,000 results (1.43 seconds)]. Comparison Type [EQUALS]. Validation Type [NEGATIVE]. @11-12-2021 18:33:25.0431 P

################################################################################################################################################
Starting Execution:	[128 out of 146] test cases in the current suite
Test Method:		[testPackage01.Test_google.clickNextThrice]
Test Description:	[TC003 - Clicks the next button to make sure that the framework can scroll element into view before clicking it]
################################################################################################################################################
[ReportManager] Element Action [Click] successfully performed. With the following test data [By.xpath: //span[text()='Next']]. @11-12-2021 18:33:25.0668 P
[ReportManager] Successfully Closed All Drivers. @11-12-2021 18:33:25.0877 P
[ReportManager] File Action [GetAbsolutePath] successfully performed. With the following test data [Relative Folder Path: "target/downloadedFiles/"]. @11-12-2021 18:33:25.0879 PM
[ReportManager] Attempting to run locally on: [Mac-64], [Safari], Headless Execution. @11-12-2021 18:33:25.0879 PM
[ReportManager] Successfully Opened Safari. @11-12-2021 18:33:26.0724 PM
[ReportManager] Initial window size: (800, 600) @11-12-2021 18:33:26.0743 PM
[ReportManager] Window size after SWD Maximize: (1176, 803) @11-12-2021 18:33:26.0757 PM
[ReportManager] Browser Action [MaximizeWindow] successfully performed. With the following test data [New screen size is now: (1176, 803)]. @11-12-2021 18:33:26.0757 P

################################################################################################################################################
Starting Execution:	[129 out of 146] test cases in the current suite
Test Method:		[testPackage01.Test_chainableElementActions.chainElementActions]
################################################################################################################################################
[ReportManager] Target URL: [https://www.google.com/ncr], and after redirection: [https://www.google.com] @11-12-2021 18:33:26.0759 PM
[ReportManager] Initial URL: [] @11-12-2021 18:33:26.0822 PM
[ReportManager] Browser Action [NavigateToURL] successfully performed. With the following test data [https://www.google.com/ncr]. @11-12-2021 18:33:28.0755 PM
[ReportManager] Element Action [Type] successfully performed. With the following test data [chained type 1]. @11-12-2021 18:33:28.0970 PM
[ReportManager] Element Action [Type] successfully performed. With the following test data [chained type 2]. @11-12-2021 18:33:29.0165 PM
[ReportManager] Element Action [TypeAppend] successfully performed. With the following test data [345]. @11-12-2021 18:33:29.0213 PM
[ReportManager] Element Action [GetText] successfully performed. With the following test data [chained type 2345]. @11-12-2021 18:33:29.0268 PM
[ReportManager] Loaded Shared OpenCV @11-12-2021 18:33:29.0322 PM
[ReportManager] Assertion Passed: Then I Assert that the element found by [By.name: q] text is equal to [chained type 2345]. @11-12-2021 18:33:29.0441 PM
[ReportManager] Successfully created attachment [Screenshot - 1639247609322_chainElementActions_ValidateElementAttribute_passed] @11-12-2021 18:33:29.0443 PM
[ReportManager] Assertion [ValidateElementAttribute] PASSED. Expected [Value Should be 'chained type 2345' for the 'text' attribute, element locator 'By.name: q'] and Actual [chained type 2345]. Comparison Type [EQUALS]. Validation Type [POSITIVE]. @11-12-2021 18:33:29.0443 P
[ReportManager] Successfully Closed All Drivers. @11-12-2021 18:33:29.0627 P
[ReportManager] File Action [GetAbsolutePath] successfully performed. With the following test data [Relative Folder Path: "target/downloadedFiles/"]. @11-12-2021 18:33:29.0629 PM
[ReportManager] Attempting to run locally on: [Mac-64], [Safari], Headless Execution. @11-12-2021 18:33:29.0630 PM
[ReportManager] Successfully Opened Safari. @11-12-2021 18:33:30.0436 PM
[ReportManager] Initial window size: (800, 600) @11-12-2021 18:33:30.0509 PM
[ReportManager] Window size after SWD Maximize: (1176, 803) @11-12-2021 18:33:30.0540 PM
[ReportManager] Browser Action [MaximizeWindow] successfully performed. With the following test data [New screen size is now: (1176, 803)]. @11-12-2021 18:33:30.0540 P

################################################################################################################################################
Starting Execution:	[130 out of 146] test cases in the current suite
Test Method:		[testPackage01.Test_RelativeLocators.relativeLocatorsTest1]
################################################################################################################################################
[ReportManager] Target URL: [https://duckduckgo.com/] @11-12-2021 18:33:30.0545 PM
[ReportManager] Initial URL: [] @11-12-2021 18:33:30.0593 PM
[ReportManager] Browser Action [NavigateToURL] successfully performed. With the following test data [https://duckduckgo.com/]. @11-12-2021 18:33:31.0338 PM
[ReportManager] Element Action [Type] successfully performed. With the following test data [SHAFT_Engine]. @11-12-2021 18:33:31.0578 PM
[ReportManager] Element Action [KeyPress] successfully performed. With the following test data [ENTER]. @11-12-2021 18:33:31.0638 PM
[ReportManager] Element Action [GetText] successfully performed. With the following test data [GitHub - MohabMohie/SHAFT_ENGINE: SHAFT_ENGINE is a Test ...]. @11-12-2021 18:33:32.0916 PM
[ReportManager] Loaded Shared OpenCV @11-12-2021 18:33:33.0044 PM
[ReportManager] Assertion Passed: Then I Assert that the element found by [Relative Locator: {root={xpath=//a[@class='result__a js-result-title-link']}, filters=[{kind=below, args=[{xpath=//input[@name='q']}]}]}] text does not equal []. @11-12-2021 18:33:33.0222 PM
[ReportManager] Successfully created attachment [Screenshot - 1639247613044_relativeLocatorsTest1_ValidateElementAttribute_passed] @11-12-2021 18:33:33.0226 PM
[ReportManager] Assertion [ValidateElementAttribute] PASSED. Expected [Value Should not be '' for the 'text' attribute, element locator '[unknown locator]'] and Actual [GitHub - MohabMohie/SHAFT_ENGINE: SHAFT_ENGINE is a Test ...]. Comparison Type [EQUALS]. Validation Type [NEGATIVE]. @11-12-2021 18:33:33.0226 P
[ReportManager] Browser Action [CloseCurrentWindow] successfully performed. @11-12-2021 18:33:33.0627 PM
[ReportManager] Successfully created attachment [Browser Action Test Data - CloseCurrentWindow - Actual Value] @11-12-2021 18:33:33.0628 P

################################################################################################################################################
Starting Execution:	[131 out of 146] test cases in the current suite
Test Method:		[testPackage01.Test_JsonCompareWithSpecialCharacters.specialCharacters]
################################################################################################################################################
[ReportManager] File Action [GetAbsolutePath] successfully performed. With the following test data [Relative Folder Path: "src/test/resources/testDataFiles/specialCharacters.json"]. @11-12-2021 18:33:33.0633 PM
[ReportManager] File Action [ReadFromFile] successfully performed. With the following test data [File Path: "/Users/runner/work/SHAFT_ENGINE/SHAFT_ENGINE/src/test/resources/testDataFiles/specialCharacters.json"]. @11-12-2021 18:33:33.0634 PM
[ReportManager] Successfully created attachment [File Action Actual Result - Command Log] @11-12-2021 18:33:33.0635 PM
[ReportManager] Comparing the provided API response with the file at this path "src/test/resources/testDataFiles/specialCharacters.json", comparison type "EQUALS" @11-12-2021 18:33:33.0636 PM
[ReportManager] API Action [CompareJSON] successfully performed. With the following test data [src/test/resources/testDataFiles/specialCharacters.json]. @11-12-2021 18:33:33.0646 PM
[ReportManager] File Action [GetAbsolutePath] successfully performed. With the following test data [Relative Folder Path: "src/test/resources/testDataFiles/specialCharacters.json"]. @11-12-2021 18:33:33.0646 PM
[ReportManager] File Action [ReadFromFile] successfully performed. With the following test data [File Path: "/Users/runner/work/SHAFT_ENGINE/SHAFT_ENGINE/src/test/resources/testDataFiles/specialCharacters.json"]. @11-12-2021 18:33:33.0646 PM
[ReportManager] Verification [ValidateJSONFileContent] PASSED. Expected [Response data should match the JSON File in this path 'src/test/resources/testDataFiles/specialCharacters.json'] and Actual [TRUE]. Comparison Type [EQUALS]. Validation Type [POSITIVE]. @11-12-2021 18:33:33.0651 PM
[ReportManager] Successfully created attachment [Validation Test Data - Expected JSON Value] @11-12-2021 18:33:33.0652 PM
[ReportManager] Successfully created attachment [Validation Test Data - Actual JSON Value] @11-12-2021 18:33:33.0654 P

################################################################################################################################################
Starting Execution:	[132 out of 146] test cases in the current suite
Test Method:		[testPackage01.Test_JsonCompareWithSpecialCharacters.specialCharacters_assertion]
################################################################################################################################################
[ReportManager] File Action [GetAbsolutePath] successfully performed. With the following test data [Relative Folder Path: "src/test/resources/testDataFiles/specialCharacters.json"]. @11-12-2021 18:33:33.0657 PM
[ReportManager] File Action [ReadFromFile] successfully performed. With the following test data [File Path: "/Users/runner/work/SHAFT_ENGINE/SHAFT_ENGINE/src/test/resources/testDataFiles/specialCharacters.json"]. @11-12-2021 18:33:33.0657 PM
[ReportManager] Successfully created attachment [File Action Actual Result - Command Log] @11-12-2021 18:33:33.0658 PM
[ReportManager] Comparing the provided API response with the file at this path "src/test/resources/testDataFiles/specialCharacters.json", comparison type "CONTAINS" @11-12-2021 18:33:33.0658 PM
[ReportManager] API Action [CompareJSON] successfully performed. With the following test data [src/test/resources/testDataFiles/specialCharacters.json]. @11-12-2021 18:33:33.0669 PM
[ReportManager] File Action [GetAbsolutePath] successfully performed. With the following test data [Relative Folder Path: "src/test/resources/testDataFiles/specialCharacters.json"]. @11-12-2021 18:33:33.0669 PM
[ReportManager] File Action [ReadFromFile] successfully performed. With the following test data [File Path: "/Users/runner/work/SHAFT_ENGINE/SHAFT_ENGINE/src/test/resources/testDataFiles/specialCharacters.json"]. @11-12-2021 18:33:33.0669 PM
[ReportManager] Assertion Passed: trying out the log message @11-12-2021 18:33:33.0673 PM
[ReportManager] Successfully created attachment [Validation Test Data - Expected JSON Value] @11-12-2021 18:33:33.0674 PM
[ReportManager] Successfully created attachment [Validation Test Data - Actual JSON Value] @11-12-2021 18:33:33.0674 PM
[ReportManager] Assertion [ValidateJSONFileContent] PASSED. Expected [Response data should match the JSON File in this path 'src/test/resources/testDataFiles/specialCharacters.json'] and Actual [TRUE]. Comparison Type [CONTAINS]. Validation Type [POSITIVE]. @11-12-2021 18:33:33.0674 P

################################################################################################################################################
Starting Execution:	[133 out of 146] test cases in the current suite
Test Method:		[testPackage01.Test_SkipDueToIssue.doNotSkip]
################################################################################################################################################
[ReportManager] This should not be skipped. @11-12-2021 18:33:33.0677 P

################################################################################################################################################
Starting Execution:	[134 out of 146] test cases in the current suite
Test Method:		[testPackage01.Test_SkipDueToIssue.skip]
################################################################################################################################################
[ReportManager] This should be skipped. @11-12-2021 18:33:33.0684 P

################################################################################################################################################
Starting Execution:	[135 out of 146] test cases in the current suite
Test Method:		[testPackage01.Test_SkipDueToIssue.skip2]
################################################################################################################################################
[ReportManager] This should be skipped. @11-12-2021 18:33:33.0688 P

################################################################################################################################################
Starting Execution:	[136 out of 146] test cases in the current suite
Test Method:		[testPackage01.Test_JSONFileManager.readStringFromJson]
################################################################################################################################################
[ReportManager] File Action [GetAbsolutePath] successfully performed. With the following test data [Relative Folder Path: "src/test/resources/testDataFiles/simpleJSON.json"]. @11-12-2021 18:33:33.0693 PM
[ReportManager] Successfully loaded the following test data file [src/test/resources/testDataFiles/simpleJSON.json]. @11-12-2021 18:33:33.0694 PM
[ReportManager] Successfully created attachment [Test Data - JSON] @11-12-2021 18:33:33.0695 PM
[ReportManager] File Action [GetAbsolutePath] successfully performed. With the following test data [Relative Folder Path: "src/test/resources/testDataFiles/simpleJSON.json"]. @11-12-2021 18:33:33.0696 PM
[ReportManager] Assertion [ValidateEquals] PASSED. Expected [Mohab Mohie] and Actual [Mohab Mohie]. Comparison Type [EQUALS]. Validation Type [POSITIVE]. @11-12-2021 18:33:33.0710 P
[ReportManager] File Action [GetAbsolutePath] successfully performed. With the following test data [Relative Folder Path: "target/downloadedFiles/"]. @11-12-2021 18:33:33.0712 PM
[ReportManager] Attempting to run locally on: [Mac-64], [Safari], Headless Execution. @11-12-2021 18:33:33.0712 PM
[ReportManager] Successfully Opened Safari. @11-12-2021 18:33:34.0558 PM
[ReportManager] Initial window size: (800, 600) @11-12-2021 18:33:34.0591 PM
[ReportManager] Window size after SWD Maximize: (1176, 803) @11-12-2021 18:33:34.0638 PM
[ReportManager] Browser Action [MaximizeWindow] successfully performed. With the following test data [New screen size is now: (1176, 803)]. @11-12-2021 18:33:34.0639 P

################################################################################################################################################
Starting Execution:	[137 out of 146] test cases in the current suite
Test Method:		[testPackage01.Test_assertEquals.test_assertElementAttribute]
################################################################################################################################################
[ReportManager] Target URL: [https://www.google.com/ncr], and after redirection: [https://www.google.com] @11-12-2021 18:33:34.0646 PM
[ReportManager] Initial URL: [] @11-12-2021 18:33:34.0803 PM
[ReportManager] Browser Action [NavigateToURL] successfully performed. With the following test data [https://www.google.com/ncr]. @11-12-2021 18:33:36.0813 PM
[ReportManager] Element Action [Type] successfully performed. With the following test data [INC_004010050:Another SCHEDULER with the same name [Duplicate Job Name] already exists.]. @11-12-2021 18:33:37.0479 PM
[ReportManager] Element Action [GetText] successfully performed. With the following test data [INC_004010050:Another SCHEDULER with the same name [Duplicate Job Name] already exists.]. @11-12-2021 18:33:37.0531 PM
[ReportManager] Loaded Shared OpenCV @11-12-2021 18:33:37.0585 PM
[ReportManager] Assertion [ValidateElementAttribute] PASSED. Expected [Value Should be 'INC_004010050:Another SCHEDULER with the same name \[Duplicate Job Name\] already exists.' for the 'text' attribute, element locator 'By.name: q'] and Actual [INC_004010050:Another SCHEDULER with the same name [Duplicate Job Name] already exists.]. Comparison Type [MATCHES]. Validation Type [POSITIVE]. @11-12-2021 18:33:37.0730 PM
[ReportManager] Successfully created attachment [Screenshot - 1639247617585_test_assertElementAttribute_ValidateElementAttribute_passed] @11-12-2021 18:33:37.0731 P
[ReportManager] Browser Action [CloseCurrentWindow] successfully performed. @11-12-2021 18:33:38.0140 PM
[ReportManager] Successfully created attachment [Browser Action Test Data - CloseCurrentWindow - Actual Value] @11-12-2021 18:33:38.0142 P
[ReportManager] File Action [GetAbsolutePath] successfully performed. With the following test data [Relative Folder Path: "target/downloadedFiles/"]. @11-12-2021 18:33:38.0144 PM
[ReportManager] Attempting to run locally on: [Mac-64], [Safari], Headless Execution. @11-12-2021 18:33:38.0144 PM
[ReportManager] Successfully Opened Safari. @11-12-2021 18:33:38.0940 PM
[ReportManager] Initial window size: (800, 600) @11-12-2021 18:33:38.0958 PM
[ReportManager] Window size after SWD Maximize: (1176, 803) @11-12-2021 18:33:38.0989 PM
[ReportManager] Browser Action [MaximizeWindow] successfully performed. With the following test data [New screen size is now: (1176, 803)]. @11-12-2021 18:33:38.0989 P

################################################################################################################################################
Starting Execution:	[138 out of 146] test cases in the current suite
Test Method:		[testPackage01.Test_IsElementClickable.testIsElementClickable]
################################################################################################################################################
[ReportManager] Target URL: [https://the-internet.herokuapp.com/] @11-12-2021 18:33:39.0001 PM
[ReportManager] Initial URL: [] @11-12-2021 18:33:39.0040 PM
[ReportManager] Browser Action [NavigateToURL] successfully performed. With the following test data [https://the-internet.herokuapp.com/]. @11-12-2021 18:33:40.0113 PM
[ReportManager] Element Action [IsElementClickable] successfully performed. @11-12-2021 18:33:40.0181 PM
[ReportManager] Assertion [ValidateTrue] PASSED. Expected [TRUE] and Actual [TRUE]. Validation Type [POSITIVE]. @11-12-2021 18:33:40.0181 P
[ReportManager] Browser Action [CloseCurrentWindow] successfully performed. @11-12-2021 18:33:40.0377 PM
[ReportManager] Successfully created attachment [Browser Action Test Data - CloseCurrentWindow - Actual Value] @11-12-2021 18:33:40.0378 P
[ReportManager] Successfully loaded the following test data file [src/test/resources/testDataFiles/testSuite01/TestData.xlsx]. @11-12-2021 18:33:40.0404 PM
[ReportManager] Successfully created attachment [Test Data - Excel] @11-12-2021 18:33:40.0404 PM
[ReportManager] Attempting to run using Playwright locally on: [Mac-64], [Safari], Headless Execution. @11-12-2021 18:34:02.0577 PM
[ReportManager] File Action [GetAbsolutePath] successfully performed. With the following test data [Relative Folder Path: "target/downloadedFiles/"]. @11-12-2021 18:34:02.0578 PM
[ReportManager] Initial window size: (1280, 720) @11-12-2021 18:34:07.0226 PM
[ReportManager] Window size after Toolkit: com.microsoft.playwright.options.ViewportSize@4f347f61 @11-12-2021 18:34:07.0234 PM
[ReportManager] Browser Action [MaximizeWindow] successfully performed. With the following test data [New screen size is now: (1920, 1080)]. @11-12-2021 18:34:07.0235 P

################################################################################################################################################
Starting Execution:	[139 out of 146] test cases in the current suite
Test Method:		[testPackage01.Test_google_playwright.navigateToURLandVerifyGoogleLogoIsDisplayed]
Test Description:	[TC001 - Navigate to URL and Verify Google Logo is Displayed]
################################################################################################################################################
[ReportManager] Target URL: [https://www.google.com/ncr], and after redirection: [https://www.google.com] @11-12-2021 18:34:07.0238 PM
[ReportManager] Initial URL: [about:blank] @11-12-2021 18:34:07.0717 PM
[ReportManager] Browser Action [NavigateToURL] successfully performed. With the following test data [https://www.google.com/ncr]. @11-12-2021 18:34:10.0961 PM
[ReportManager] Loaded Shared OpenCV @11-12-2021 18:34:11.0063 PM
[ReportManager] Assertion [ValidateElementExists] PASSED. Expected [Element Should Exist, locator 'xpath=//*[@id='hplogo' or @alt='Google']'] and Actual [Element Exists]. Comparison Type [EQUALS]. Validation Type [POSITIVE]. @11-12-2021 18:34:11.0241 PM
[ReportManager] Successfully created attachment [Screenshot - 1639247651058_navigateToURLandVerifyGoogleLogoIsDisplayed_ValidateElementExists_passed] @11-12-2021 18:34:11.0243 P

################################################################################################################################################
Starting Execution:	[140 out of 146] test cases in the current suite
Test Method:		[testPackage01.Test_google_playwright.searchForQueryandAssertResultsNumDisplayed]
Test Description:	[TC002 - Search for Query and Assert that the number of results is displayed]
################################################################################################################################################
[ReportManager] Element Action [Type] successfully performed. With the following test data [SHAFT_Engine]. @11-12-2021 18:34:11.0437 PM
[ReportManager] Element Action [KeyPress] successfully performed. With the following test data [Enter]. @11-12-2021 18:34:11.0468 PM
[ReportManager] Element Action [GetText] successfully performed. With the following test data [About 718,000 results (0.60 seconds)
]. @11-12-2021 18:34:12.0422 PM
[ReportManager] Loaded Shared OpenCV @11-12-2021 18:34:14.0632 PM
[ReportManager] Assertion [ValidateElementAttribute] PASSED. Expected [Value Should not be '' for the 'text' attribute, element locator 'xpath=//div[@id='appbar']'] and Actual [About 718,000 results (0.60 seconds)
]. Comparison Type [EQUALS]. Validation Type [NEGATIVE]. @11-12-2021 18:34:14.0829 PM
[ReportManager] Successfully created attachment [Screenshot - 1639247654630_searchForQueryandAssertResultsNumDisplayed_ValidateElementAttribute_passed] @11-12-2021 18:34:14.0831 P

################################################################################################################################################
Starting Execution:	[141 out of 146] test cases in the current suite
Test Method:		[testPackage01.Test_google_playwright.clickNextThrice]
Test Description:	[TC003 - Clicks the next button to make sure that the framework can scroll element into view before clicking it]
################################################################################################################################################
[ReportManager] Element Action [Click] successfully performed. With the following test data [Next]. @11-12-2021 18:34:15.0257 P
[ReportManager] Failed to find video recording. @11-12-2021 18:34:15.0259 PM
[ReportManager] Successfully Closed PlayWright Driver. @11-12-2021 18:34:15.0300 P
[ReportManager] File Action [GetAbsolutePath] successfully performed. With the following test data [Relative Folder Path: "target/downloadedFiles/"]. @11-12-2021 18:34:15.0302 PM
[ReportManager] Attempting to run locally on: [Mac-64], [Safari], Headless Execution. @11-12-2021 18:34:15.0302 PM
[ReportManager] An Exception Occured with this Message: Could not start a new session. Possible causes are invalid address of the remote server or browser start-up failure.. @11-12-2021 18:34:15.0519 PM
[ReportManager] Successfully created attachment [Exception Stack Trace - org.openqa.selenium.SessionNotCreatedException] @11-12-2021 18:34:15.0520 PM
[ReportManager] Driver Factory Action [createNewLocalDriverInstanceForSafari] failed. With the following test data [Failed to create a session on DESKTOP_SAFARI]. @11-12-2021 18:34:15.0520 P

################################################################################################################################################
Starting Execution:	[142 out of 146] test cases in the current suite
Test Method:		[testPackage01.Test_verifyEquals.test_assertElementAttribute]
###############################################################################################################################################


################################################################################################################################################
Starting Execution:	[143 out of 146] test cases in the current suite
Test Method:		[testPackage01.Test_SelectedValue.multipleSelect]
################################################################################################################################################
[ReportManager] File Action [GetAbsolutePath] successfully performed. With the following test data [Relative Folder Path: "target/downloadedFiles/"]. @11-12-2021 18:34:15.0526 PM
[ReportManager] Attempting to run locally on: [Mac-64], [GoogleChrome], Headless Execution. @11-12-2021 18:34:15.0534 PM
[ReportManager] Identifying OS/Driver combination and selecting the correct driver version automatically. Please note that if a new driver executable will be downloaded it may take some time... @11-12-2021 18:34:15.0534 PM
[ReportManager] Successfully Opened Google Chrome. @11-12-2021 18:34:18.0853 PM
[ReportManager] Initial window size: (1920, 1080) @11-12-2021 18:34:18.0859 PM
[ReportManager] Window size after SWD Maximize: (1920, 1080) @11-12-2021 18:34:19.0058 PM
[ReportManager] Window size after Toolkit: (1920, 1080) @11-12-2021 18:34:19.0680 PM
[ReportManager] Browser Action [MaximizeWindow] successfully performed. With the following test data [New screen size is now: (1920, 1080)]. @11-12-2021 18:34:19.0683 PM
[ReportManager] Target URL: [https://yari-demos.prod.mdn.mozit.cloud/en-US/docs/Web/HTML/Element/select/_sample_.Advanced_select_with_multiple_features.html] @11-12-2021 18:34:19.0683 PM
[ReportManager] Initial URL: [data:,] @11-12-2021 18:34:19.0722 PM
[ReportManager] Browser Action [NavigateToURL] successfully performed. With the following test data [https://yari-demos.prod.mdn.mozit.cloud/en-US/docs/Web/HTML/Element/select/_sample_.Advanced_select_with_multiple_features.html]. @11-12-2021 18:34:20.0195 PM
[ReportManager] Element Action [Select] successfully performed. With the following test data [Dog]. @11-12-2021 18:34:20.0440 PM
[ReportManager] Element Action [Select] successfully performed. With the following test data [Cat]. @11-12-2021 18:34:20.0619 PM
[ReportManager] Element Action [GetSelectedText] successfully performed. With the following test data [DogCat]. @11-12-2021 18:34:20.0722 PM
[ReportManager] DogCat @11-12-2021 18:34:20.0723 PM
[ReportManager] Element Action [GetSelectedText] successfully performed. With the following test data [DogCat]. @11-12-2021 18:34:20.0807 PM
[ReportManager] Loaded Shared OpenCV @11-12-2021 18:34:21.0126 PM
[ReportManager] Assertion [ValidateElementAttribute] PASSED. Expected [Value Should be 'DogCat' for the 'selectedText' attribute, element locator 'By.tagName: select'] and Actual [DogCat]. Comparison Type [EQUALS]. Validation Type [POSITIVE]. @11-12-2021 18:34:21.0291 PM
[ReportManager] Successfully created attachment [Screenshot - 1639247661126_multipleSelect_ValidateElementAttribute_passed] @11-12-2021 18:34:21.0291 PM
[ReportManager] Browser Action [CloseCurrentWindow] successfully performed. @11-12-2021 18:34:21.0397 PM
[ReportManager] Successfully created attachment [Browser Action Test Data - CloseCurrentWindow - Actual Value] @11-12-2021 18:34:21.0397 P

################################################################################################################################################
Starting Execution:	[144 out of 146] test cases in the current suite
Test Method:		[testPackage01.Test_SelectedValue.simpleSelect]
################################################################################################################################################
[ReportManager] File Action [GetAbsolutePath] successfully performed. With the following test data [Relative Folder Path: "target/downloadedFiles/"]. @11-12-2021 18:34:21.0403 PM
[ReportManager] Attempting to run locally on: [Mac-64], [GoogleChrome], Headless Execution. @11-12-2021 18:34:21.0403 PM
[ReportManager] Identifying OS/Driver combination and selecting the correct driver version automatically. Please note that if a new driver executable will be downloaded it may take some time... @11-12-2021 18:34:21.0403 PM
[ReportManager] Successfully Opened Google Chrome. @11-12-2021 18:34:21.0942 PM
[ReportManager] Initial window size: (1920, 1080) @11-12-2021 18:34:21.0946 PM
[ReportManager] Window size after SWD Maximize: (1920, 1080) @11-12-2021 18:34:22.0064 PM
[ReportManager] Window size after Toolkit: (1920, 1080) @11-12-2021 18:34:22.0733 PM
[ReportManager] Browser Action [MaximizeWindow] successfully performed. With the following test data [New screen size is now: (1920, 1080)]. @11-12-2021 18:34:22.0736 PM
[ReportManager] Target URL: [https://yari-demos.prod.mdn.mozit.cloud/en-US/docs/Web/HTML/Element/select/_sample_.Basic_select.html] @11-12-2021 18:34:22.0736 PM
[ReportManager] Initial URL: [data:,] @11-12-2021 18:34:22.0766 PM
[ReportManager] Browser Action [NavigateToURL] successfully performed. With the following test data [https://yari-demos.prod.mdn.mozit.cloud/en-US/docs/Web/HTML/Element/select/_sample_.Basic_select.html]. @11-12-2021 18:34:22.0985 PM
[ReportManager] Element Action [Select] successfully performed. With the following test data [Third Value]. @11-12-2021 18:34:23.0252 PM
[ReportManager] Element Action [GetSelectedText] successfully performed. With the following test data [Third Value]. @11-12-2021 18:34:23.0324 PM
[ReportManager] Third Value @11-12-2021 18:34:23.0324 PM
[ReportManager] Element Action [GetSelectedText] successfully performed. With the following test data [Third Value]. @11-12-2021 18:34:23.0383 PM
[ReportManager] Loaded Shared OpenCV @11-12-2021 18:34:23.0632 PM
[ReportManager] Assertion [ValidateElementAttribute] PASSED. Expected [Value Should be 'Third Value' for the 'selectedText' attribute, element locator 'By.tagName: select'] and Actual [Third Value]. Comparison Type [EQUALS]. Validation Type [POSITIVE]. @11-12-2021 18:34:23.0836 PM
[ReportManager] Successfully created attachment [Screenshot - 1639247663632_simpleSelect_ValidateElementAttribute_passed] @11-12-2021 18:34:23.0836 PM
[ReportManager] Browser Action [CloseCurrentWindow] successfully performed. @11-12-2021 18:34:23.0968 PM
[ReportManager] Successfully created attachment [Browser Action Test Data - CloseCurrentWindow - Actual Value] @11-12-2021 18:34:23.0969 P
[ReportManager] File Action [GetAbsolutePath] successfully performed. With the following test data [Relative Folder Path: "target/downloadedFiles/"]. @11-12-2021 18:34:23.0971 PM
[ReportManager] Attempting to run locally on: [Mac-64], [Safari], Headless Execution. @11-12-2021 18:34:23.0971 PM
[ReportManager] Successfully Opened Safari. @11-12-2021 18:34:24.0802 PM
[ReportManager] Initial window size: (800, 600) @11-12-2021 18:34:24.0823 PM
[ReportManager] Window size after SWD Maximize: (1176, 803) @11-12-2021 18:34:24.0856 PM
[ReportManager] Browser Action [MaximizeWindow] successfully performed. With the following test data [New screen size is now: (1176, 803)]. @11-12-2021 18:34:24.0857 P

################################################################################################################################################
Starting Execution:	[145 out of 146] test cases in the current suite
Test Method:		[testPackage01.Test_dynamicLoading.dynamicLoading_elementIsHidden]
################################################################################################################################################
[ReportManager] Target URL: [https://the-internet.herokuapp.com/dynamic_loading/1] @11-12-2021 18:34:24.0859 PM
[ReportManager] Initial URL: [] @11-12-2021 18:34:24.0910 PM
[ReportManager] Browser Action [NavigateToURL] successfully performed. With the following test data [https://the-internet.herokuapp.com/dynamic_loading/1]. @11-12-2021 18:34:26.0013 PM
[ReportManager] Element Action [Click] successfully performed. With the following test data [By.xpath: //button[text()='Start']]. @11-12-2021 18:34:26.0234 PM
[ReportManager] Element Action [GetText] successfully performed. With the following test data [
    Hello World!
  ]. @11-12-2021 18:34:26.0268 P
[ReportManager] Browser Action [CloseCurrentWindow] successfully performed. @11-12-2021 18:34:26.0608 PM
[ReportManager] Successfully created attachment [Browser Action Test Data - CloseCurrentWindow - Actual Value] @11-12-2021 18:34:26.0609 P
[ReportManager] File Action [GetAbsolutePath] successfully performed. With the following test data [Relative Folder Path: "target/downloadedFiles/"]. @11-12-2021 18:34:26.0611 PM
[ReportManager] Attempting to run locally on: [Mac-64], [Safari], Headless Execution. @11-12-2021 18:34:26.0611 PM
[ReportManager] Successfully Opened Safari. @11-12-2021 18:34:27.0450 PM
[ReportManager] Initial window size: (800, 600) @11-12-2021 18:34:27.0475 PM
[ReportManager] Window size after SWD Maximize: (1176, 803) @11-12-2021 18:34:27.0488 PM
[ReportManager] Browser Action [MaximizeWindow] successfully performed. With the following test data [New screen size is now: (1176, 803)]. @11-12-2021 18:34:27.0489 P

################################################################################################################################################
Starting Execution:	[146 out of 146] test cases in the current suite
Test Method:		[testPackage01.Test_dynamicLoading.dynamicLoading_elementIsRendered]
################################################################################################################################################
[ReportManager] Target URL: [https://the-internet.herokuapp.com/dynamic_loading/2] @11-12-2021 18:34:27.0538 PM
[ReportManager] Initial URL: [] @11-12-2021 18:34:27.0567 PM
[ReportManager] Browser Action [NavigateToURL] successfully performed. With the following test data [https://the-internet.herokuapp.com/dynamic_loading/2]. @11-12-2021 18:34:28.0672 PM
[ReportManager] Element Action [Click] successfully performed. With the following test data [By.xpath: //button[text()='Start']]. @11-12-2021 18:34:28.0862 PM
[ReportManager] Element Action [GetText] successfully performed. With the following test data [Hello World!]. @11-12-2021 18:34:34.0399 PM
[ReportManager] Loaded Shared OpenCV @11-12-2021 18:34:34.0455 PM
[ReportManager] Assertion [ValidateElementAttribute] PASSED. Expected [Value Should be 'Hello World!' for the 'text' attribute, element locator 'By.id: finish'] and Actual [Hello World!]. Comparison Type [CONTAINS]. Validation Type [POSITIVE]. @11-12-2021 18:34:34.0593 PM
[ReportManager] Successfully created attachment [Screenshot - 1639247674455_dynamicLoading_elementIsRendered_ValidateElementAttribute_passed] @11-12-2021 18:34:34.0594 P
[ReportManager] Browser Action [CloseCurrentWindow] successfully performed. @11-12-2021 18:34:35.0003 PM
[ReportManager] Successfully created attachment [Browser Action Test Data - CloseCurrentWindow - Actual Value] @11-12-2021 18:34:35.0004 P
[ReportManager] Successfully created attachment [SHAFT Engine Logs - Execution log] @11-12-2021 18:34:35.0039 PM

################################################################################################################################################
This test run was powered by SHAFT Engine Version: [SHAFT Engine v5.4.20211202-BETA]
SHAFT Engine is licensed under the MIT License: [https://github.com/MohabMohie/SHAFT_ENGINE/blob/master/LICENSE].
################################################################################################################################################