################################################################################################################################################
Detected SHAFT Engine Version: [SHAFT Engine v5.3.20210902]
################################################################################################################################################

################################################################################################################################################
Starting Execution:	[1 out of 143] test cases in the current suite
Test Method:		[unitTests.tests_validations_assertions.assertComparativeRelation_greaterThanOrEquals_false_equals_expectedToFail]
################################################################################################################################################
[ReportManager] Assertion [ValidateComparativeRelation] FAILED. Expected [1] and Actual [1]. Comparison Type [GREATER_THAN_OR_EQUALS]. Validation Type [NEGATIVE]. @20-09-2021 01:54:01.0950 A

################################################################################################################################################
Starting Execution:	[2 out of 143] test cases in the current suite
Test Method:		[unitTests.tests_validations_assertions.assertComparativeRelation_greaterThanOrEquals_false_equals_expectedToPass]
################################################################################################################################################
[ReportManager] Assertion [ValidateComparativeRelation] PASSED. Expected [2] and Actual [1]. Comparison Type [GREATER_THAN_OR_EQUALS]. Validation Type [NEGATIVE]. @20-09-2021 01:54:02.0063 A

################################################################################################################################################
Starting Execution:	[3 out of 143] test cases in the current suite
Test Method:		[unitTests.tests_validations_assertions.assertComparativeRelation_greaterThanOrEquals_false_greaterThan_expectedToFail]
################################################################################################################################################
[ReportManager] Assertion [ValidateComparativeRelation] FAILED. Expected [1] and Actual [2]. Comparison Type [GREATER_THAN_OR_EQUALS]. Validation Type [NEGATIVE]. @20-09-2021 01:54:02.0070 A

################################################################################################################################################
Starting Execution:	[4 out of 143] test cases in the current suite
Test Method:		[unitTests.tests_validations_assertions.assertComparativeRelation_greaterThanOrEquals_false_greaterThan_expectedToPass]
################################################################################################################################################
[ReportManager] Assertion [ValidateComparativeRelation] PASSED. Expected [2] and Actual [1]. Comparison Type [GREATER_THAN_OR_EQUALS]. Validation Type [NEGATIVE]. @20-09-2021 01:54:02.0077 A

################################################################################################################################################
Starting Execution:	[5 out of 143] test cases in the current suite
Test Method:		[unitTests.tests_validations_assertions.assertComparativeRelation_greaterThanOrEquals_true_equals_expectedToFail]
################################################################################################################################################
[ReportManager] Assertion [ValidateComparativeRelation] FAILED. Expected [1] and Actual [0]. Comparison Type [GREATER_THAN_OR_EQUALS]. Validation Type [POSITIVE]. @20-09-2021 01:54:02.0083 A

################################################################################################################################################
Starting Execution:	[6 out of 143] test cases in the current suite
Test Method:		[unitTests.tests_validations_assertions.assertComparativeRelation_greaterThanOrEquals_true_equals_expectedToPass]
################################################################################################################################################
[ReportManager] Assertion [ValidateComparativeRelation] PASSED. Expected [1] and Actual [1]. Comparison Type [GREATER_THAN_OR_EQUALS]. Validation Type [POSITIVE]. @20-09-2021 01:54:02.0090 A

################################################################################################################################################
Starting Execution:	[7 out of 143] test cases in the current suite
Test Method:		[unitTests.tests_validations_assertions.assertComparativeRelation_greaterThanOrEquals_true_greaterThan_expectedToFail]
################################################################################################################################################
[ReportManager] Assertion [ValidateComparativeRelation] FAILED. Expected [2] and Actual [1]. Comparison Type [GREATER_THAN_OR_EQUALS]. Validation Type [POSITIVE]. @20-09-2021 01:54:02.0097 A

################################################################################################################################################
Starting Execution:	[8 out of 143] test cases in the current suite
Test Method:		[unitTests.tests_validations_assertions.assertComparativeRelation_greaterThanOrEquals_true_greaterThan_expectedToPass]
################################################################################################################################################
[ReportManager] Assertion [ValidateComparativeRelation] PASSED. Expected [1] and Actual [2]. Comparison Type [GREATER_THAN_OR_EQUALS]. Validation Type [POSITIVE]. @20-09-2021 01:54:02.0108 A
[ReportManager] File Action [GetAbsolutePath] successfully performed. With the following test data [Relative Folder Path: "target/downloadedFiles/"]. @20-09-2021 01:54:02.0121 AM
[ReportManager] Attempting to run remotely on: [Linux-64], [GoogleChrome], [http://localhost:4444/wd/hub], Headless Execution. @20-09-2021 01:54:02.0150 AM
[ReportManager] Successfully Opened [GoogleChrome]. @20-09-2021 01:54:03.0862 AM
[ReportManager] Target URL: [https://www.google.com/ncr], and after redirection: [www.google.com] @20-09-2021 01:54:03.0922 AM
[ReportManager] Initial URL: [data:,] @20-09-2021 01:54:04.0064 AM
[ReportManager] Browser Action [NavigateToURL] successfully performed. With the following test data [https://www.google.com/ncr]. @20-09-2021 01:54:05.0422 A

################################################################################################################################################
Starting Execution:	[9 out of 143] test cases in the current suite
Test Method:		[unitTests.tests_validations_assertions.assertElementAttribute_false_caseInsensitiveComparison_expectedToFail]
################################################################################################################################################
[ReportManager] Element Action [Type] successfully performed. With the following test data [AUTOMATION]. @20-09-2021 01:54:05.0999 AM
[ReportManager] Element Action [GetText] successfully performed. With the following test data [AUTOMATION]. @20-09-2021 01:54:06.0207 AM
[ReportManager] Loaded Shared OpenCV @20-09-2021 01:54:06.0981 AM
[ReportManager] Assertion [ValidateElementAttribute] FAILED. Expected [Value Should not be 'AutomaTion' for the 'text' attribute, element locator 'By.name: q'] and Actual [AUTOMATION]. Comparison Type [CASE_INSENSITIVE]. Validation Type [NEGATIVE]. @20-09-2021 01:54:07.0310 AM
[ReportManager] Successfully created attachment [Screenshot - 1632102846465_assertElementAttribute_false_caseInsensitiveComparison_expectedToFail_ValidateElementAttribute_failed] @20-09-2021 01:54:07.0328 A
[ReportManager] Browser Action [CloseCurrentWindow] successfully performed. @20-09-2021 01:54:07.0503 AM
[ReportManager] Successfully created attachment [Browser Action Test Data - CloseCurrentWindow - Actual Value] @20-09-2021 01:54:07.0511 A
[ReportManager] File Action [GetAbsolutePath] successfully performed. With the following test data [Relative Folder Path: "target/downloadedFiles/"]. @20-09-2021 01:54:07.0523 AM
[ReportManager] Attempting to run remotely on: [Linux-64], [GoogleChrome], [http://localhost:4444/wd/hub], Headless Execution. @20-09-2021 01:54:07.0524 AM
[ReportManager] Successfully Opened [GoogleChrome]. @20-09-2021 01:54:07.0792 AM
[ReportManager] Target URL: [https://www.google.com/ncr], and after redirection: [www.google.com] @20-09-2021 01:54:07.0813 AM
[ReportManager] Initial URL: [data:,] @20-09-2021 01:54:07.0915 AM
[ReportManager] Browser Action [NavigateToURL] successfully performed. With the following test data [https://www.google.com/ncr]. @20-09-2021 01:54:08.0887 A

################################################################################################################################################
Starting Execution:	[10 out of 143] test cases in the current suite
Test Method:		[unitTests.tests_validations_assertions.assertElementAttribute_false_caseInsensitiveComparison_expectedToPass]
################################################################################################################################################
[ReportManager] Element Action [Type] successfully performed. With the following test data [AUTOMATION]. @20-09-2021 01:54:09.0351 AM
[ReportManager] Element Action [GetText] successfully performed. With the following test data [AUTOMATION]. @20-09-2021 01:54:09.0527 AM
[ReportManager] Loaded Shared OpenCV @20-09-2021 01:54:09.0710 AM
[ReportManager] Assertion [ValidateElementAttribute] PASSED. Expected [Value Should not be 'AutomaTion123' for the 'text' attribute, element locator 'By.name: q'] and Actual [AUTOMATION]. Comparison Type [CASE_INSENSITIVE]. Validation Type [NEGATIVE]. @20-09-2021 01:54:09.0865 AM
[ReportManager] Successfully created attachment [Screenshot - 1632102849710_assertElementAttribute_false_caseInsensitiveComparison_expectedToPass_ValidateElementAttribute_passed] @20-09-2021 01:54:09.0869 A
[ReportManager] Browser Action [CloseCurrentWindow] successfully performed. @20-09-2021 01:54:10.0024 AM
[ReportManager] Successfully created attachment [Browser Action Test Data - CloseCurrentWindow - Actual Value] @20-09-2021 01:54:10.0025 A
[ReportManager] File Action [GetAbsolutePath] successfully performed. With the following test data [Relative Folder Path: "target/downloadedFiles/"]. @20-09-2021 01:54:10.0029 AM
[ReportManager] Attempting to run remotely on: [Linux-64], [GoogleChrome], [http://localhost:4444/wd/hub], Headless Execution. @20-09-2021 01:54:10.0033 AM
[ReportManager] Successfully Opened [GoogleChrome]. @20-09-2021 01:54:10.0301 AM
[ReportManager] Target URL: [https://www.google.com/ncr], and after redirection: [www.google.com] @20-09-2021 01:54:10.0324 AM
[ReportManager] Initial URL: [data:,] @20-09-2021 01:54:10.0422 AM
[ReportManager] Browser Action [NavigateToURL] successfully performed. With the following test data [https://www.google.com/ncr]. @20-09-2021 01:54:11.0294 A

################################################################################################################################################
Starting Execution:	[11 out of 143] test cases in the current suite
Test Method:		[unitTests.tests_validations_assertions.assertElementAttribute_false_containsComparison_expectedToFail]
################################################################################################################################################
[ReportManager] Element Action [Type] successfully performed. With the following test data [Automation123]. @20-09-2021 01:54:11.0709 AM
[ReportManager] Element Action [GetText] successfully performed. With the following test data [Automation123]. @20-09-2021 01:54:11.0854 AM
[ReportManager] Loaded Shared OpenCV @20-09-2021 01:54:12.0020 AM
[ReportManager] Assertion [ValidateElementAttribute] FAILED. Expected [Value Should not be 'Automation' for the 'text' attribute, element locator 'By.name: q'] and Actual [Automation123]. Comparison Type [CONTAINS]. Validation Type [NEGATIVE]. @20-09-2021 01:54:12.0106 AM
[ReportManager] Successfully created attachment [Screenshot - 1632102852020_assertElementAttribute_false_containsComparison_expectedToFail_ValidateElementAttribute_failed] @20-09-2021 01:54:12.0107 A
[ReportManager] Browser Action [CloseCurrentWindow] successfully performed. @20-09-2021 01:54:12.0273 AM
[ReportManager] Successfully created attachment [Browser Action Test Data - CloseCurrentWindow - Actual Value] @20-09-2021 01:54:12.0274 A
[ReportManager] File Action [GetAbsolutePath] successfully performed. With the following test data [Relative Folder Path: "target/downloadedFiles/"]. @20-09-2021 01:54:12.0278 AM
[ReportManager] Attempting to run remotely on: [Linux-64], [GoogleChrome], [http://localhost:4444/wd/hub], Headless Execution. @20-09-2021 01:54:12.0278 AM
[ReportManager] Successfully Opened [GoogleChrome]. @20-09-2021 01:54:12.0534 AM
[ReportManager] Target URL: [https://www.google.com/ncr], and after redirection: [www.google.com] @20-09-2021 01:54:12.0556 AM
[ReportManager] Initial URL: [data:,] @20-09-2021 01:54:12.0608 AM
[ReportManager] Browser Action [NavigateToURL] successfully performed. With the following test data [https://www.google.com/ncr]. @20-09-2021 01:54:13.0494 A

################################################################################################################################################
Starting Execution:	[12 out of 143] test cases in the current suite
Test Method:		[unitTests.tests_validations_assertions.assertElementAttribute_false_containsComparison_expectedToPass]
################################################################################################################################################
[ReportManager] Element Action [Type] successfully performed. With the following test data [Automation123]. @20-09-2021 01:54:13.0976 AM
[ReportManager] Element Action [GetText] successfully performed. With the following test data [Automation123]. @20-09-2021 01:54:14.0121 AM
[ReportManager] Loaded Shared OpenCV @20-09-2021 01:54:14.0284 AM
[ReportManager] Assertion [ValidateElementAttribute] PASSED. Expected [Value Should not be 'Automation1234' for the 'text' attribute, element locator 'By.name: q'] and Actual [Automation123]. Comparison Type [CONTAINS]. Validation Type [NEGATIVE]. @20-09-2021 01:54:14.0377 AM
[ReportManager] Successfully created attachment [Screenshot - 1632102854284_assertElementAttribute_false_containsComparison_expectedToPass_ValidateElementAttribute_passed] @20-09-2021 01:54:14.0378 A
[ReportManager] Browser Action [CloseCurrentWindow] successfully performed. @20-09-2021 01:54:14.0533 AM
[ReportManager] Successfully created attachment [Browser Action Test Data - CloseCurrentWindow - Actual Value] @20-09-2021 01:54:14.0534 A
[ReportManager] File Action [GetAbsolutePath] successfully performed. With the following test data [Relative Folder Path: "target/downloadedFiles/"]. @20-09-2021 01:54:14.0537 AM
[ReportManager] Attempting to run remotely on: [Linux-64], [GoogleChrome], [http://localhost:4444/wd/hub], Headless Execution. @20-09-2021 01:54:14.0538 AM
[ReportManager] Successfully Opened [GoogleChrome]. @20-09-2021 01:54:14.0764 AM
[ReportManager] Target URL: [https://www.google.com/ncr], and after redirection: [www.google.com] @20-09-2021 01:54:14.0793 AM
[ReportManager] Initial URL: [data:,] @20-09-2021 01:54:14.0853 AM
[ReportManager] Browser Action [NavigateToURL] successfully performed. With the following test data [https://www.google.com/ncr]. @20-09-2021 01:54:15.0754 A

################################################################################################################################################
Starting Execution:	[13 out of 143] test cases in the current suite
Test Method:		[unitTests.tests_validations_assertions.assertElementAttribute_false_literalComparison_expectedToFail]
################################################################################################################################################
[ReportManager] Element Action [Type] successfully performed. With the following test data [Automation!@#$%^&*()_+{}[]\';/.,]. @20-09-2021 01:54:16.0334 AM
[ReportManager] Element Action [GetText] successfully performed. With the following test data [Automation!@#$%^&*()_+{}[]\';/.,]. @20-09-2021 01:54:16.0494 AM
[ReportManager] Loaded Shared OpenCV @20-09-2021 01:54:16.0670 AM
[ReportManager] Assertion [ValidateElementAttribute] PASSED. Expected [Value Should not be 'Automation!@#$%^&*()_+{}[]\\';/.,' for the 'text' attribute, element locator 'By.name: q'] and Actual [Automation!@#$%^&*()_+{}[]\';/.,]. Comparison Type [EQUALS]. Validation Type [NEGATIVE]. @20-09-2021 01:54:16.0760 AM
[ReportManager] Successfully created attachment [Screenshot - 1632102856670_assertElementAttribute_false_literalComparison_expectedToFail_ValidateElementAttribute_passed] @20-09-2021 01:54:16.0762 A
[ReportManager] Browser Action [CloseCurrentWindow] successfully performed. @20-09-2021 01:54:16.0907 AM
[ReportManager] Successfully created attachment [Browser Action Test Data - CloseCurrentWindow - Actual Value] @20-09-2021 01:54:16.0908 A
[ReportManager] File Action [GetAbsolutePath] successfully performed. With the following test data [Relative Folder Path: "target/downloadedFiles/"]. @20-09-2021 01:54:16.0918 AM
[ReportManager] Attempting to run remotely on: [Linux-64], [GoogleChrome], [http://localhost:4444/wd/hub], Headless Execution. @20-09-2021 01:54:16.0918 AM
[ReportManager] Successfully Opened [GoogleChrome]. @20-09-2021 01:54:17.0154 AM
[ReportManager] Target URL: [https://www.google.com/ncr], and after redirection: [www.google.com] @20-09-2021 01:54:17.0177 AM
[ReportManager] Initial URL: [data:,] @20-09-2021 01:54:17.0230 AM
[ReportManager] Browser Action [NavigateToURL] successfully performed. With the following test data [https://www.google.com/ncr]. @20-09-2021 01:54:18.0169 A

################################################################################################################################################
Starting Execution:	[14 out of 143] test cases in the current suite
Test Method:		[unitTests.tests_validations_assertions.assertElementAttribute_false_literalComparison_expectedToPass]
################################################################################################################################################
[ReportManager] Element Action [Type] successfully performed. With the following test data [Automation!@#$%^&*()_+{}[]\';/.,]. @20-09-2021 01:54:18.0694 AM
[ReportManager] Element Action [GetText] successfully performed. With the following test data [Automation!@#$%^&*()_+{}[]\';/.,]. @20-09-2021 01:54:18.0818 AM
[ReportManager] Loaded Shared OpenCV @20-09-2021 01:54:18.0977 AM
[ReportManager] Assertion [ValidateElementAttribute] PASSED. Expected [Value Should not be 'Automation' for the 'text' attribute, element locator 'By.name: q'] and Actual [Automation!@#$%^&*()_+{}[]\';/.,]. Comparison Type [EQUALS]. Validation Type [NEGATIVE]. @20-09-2021 01:54:19.0064 AM
[ReportManager] Successfully created attachment [Screenshot - 1632102858977_assertElementAttribute_false_literalComparison_expectedToPass_ValidateElementAttribute_passed] @20-09-2021 01:54:19.0065 A
[ReportManager] Browser Action [CloseCurrentWindow] successfully performed. @20-09-2021 01:54:19.0204 AM
[ReportManager] Successfully created attachment [Browser Action Test Data - CloseCurrentWindow - Actual Value] @20-09-2021 01:54:19.0205 A
[ReportManager] File Action [GetAbsolutePath] successfully performed. With the following test data [Relative Folder Path: "target/downloadedFiles/"]. @20-09-2021 01:54:19.0207 AM
[ReportManager] Attempting to run remotely on: [Linux-64], [GoogleChrome], [http://localhost:4444/wd/hub], Headless Execution. @20-09-2021 01:54:19.0208 AM
[ReportManager] Successfully Opened [GoogleChrome]. @20-09-2021 01:54:19.0443 AM
[ReportManager] Target URL: [https://www.google.com/ncr], and after redirection: [www.google.com] @20-09-2021 01:54:19.0471 AM
[ReportManager] Initial URL: [data:,] @20-09-2021 01:54:19.0523 AM
[ReportManager] Browser Action [NavigateToURL] successfully performed. With the following test data [https://www.google.com/ncr]. @20-09-2021 01:54:20.0430 A

################################################################################################################################################
Starting Execution:	[15 out of 143] test cases in the current suite
Test Method:		[unitTests.tests_validations_assertions.assertElementAttribute_false_regexComparison_expectedToFail]
################################################################################################################################################
[ReportManager] Element Action [Type] successfully performed. With the following test data [Automation123]. @20-09-2021 01:54:20.0838 AM
[ReportManager] Element Action [GetText] successfully performed. With the following test data [Automation123]. @20-09-2021 01:54:20.0978 AM
[ReportManager] Loaded Shared OpenCV @20-09-2021 01:54:21.0115 AM
[ReportManager] Assertion [ValidateElementAttribute] FAILED. Expected [Value Should not be 'Automation.*' for the 'text' attribute, element locator 'By.name: q'] and Actual [Automation123]. Comparison Type [MATCHES]. Validation Type [NEGATIVE]. @20-09-2021 01:54:21.0203 AM
[ReportManager] Successfully created attachment [Screenshot - 1632102861115_assertElementAttribute_false_regexComparison_expectedToFail_ValidateElementAttribute_failed] @20-09-2021 01:54:21.0204 A
[ReportManager] Browser Action [CloseCurrentWindow] successfully performed. @20-09-2021 01:54:21.0353 AM
[ReportManager] Successfully created attachment [Browser Action Test Data - CloseCurrentWindow - Actual Value] @20-09-2021 01:54:21.0354 A
[ReportManager] File Action [GetAbsolutePath] successfully performed. With the following test data [Relative Folder Path: "target/downloadedFiles/"]. @20-09-2021 01:54:21.0357 AM
[ReportManager] Attempting to run remotely on: [Linux-64], [GoogleChrome], [http://localhost:4444/wd/hub], Headless Execution. @20-09-2021 01:54:21.0358 AM
[ReportManager] Successfully Opened [GoogleChrome]. @20-09-2021 01:54:21.0607 AM
[ReportManager] Target URL: [https://www.google.com/ncr], and after redirection: [www.google.com] @20-09-2021 01:54:21.0625 AM
[ReportManager] Initial URL: [data:,] @20-09-2021 01:54:21.0699 AM
[ReportManager] Browser Action [NavigateToURL] successfully performed. With the following test data [https://www.google.com/ncr]. @20-09-2021 01:54:22.0588 A

################################################################################################################################################
Starting Execution:	[16 out of 143] test cases in the current suite
Test Method:		[unitTests.tests_validations_assertions.assertElementAttribute_false_regexComparison_expectedToPass]
################################################################################################################################################
[ReportManager] Element Action [Type] successfully performed. With the following test data [Automation123]. @20-09-2021 01:54:23.0020 AM
[ReportManager] Element Action [GetText] successfully performed. With the following test data [Automation123]. @20-09-2021 01:54:23.0147 AM
[ReportManager] Loaded Shared OpenCV @20-09-2021 01:54:23.0299 AM
[ReportManager] Assertion [ValidateElementAttribute] PASSED. Expected [Value Should not be 'Automation' for the 'text' attribute, element locator 'By.name: q'] and Actual [Automation123]. Comparison Type [MATCHES]. Validation Type [NEGATIVE]. @20-09-2021 01:54:23.0382 AM
[ReportManager] Successfully created attachment [Screenshot - 1632102863299_assertElementAttribute_false_regexComparison_expectedToPass_ValidateElementAttribute_passed] @20-09-2021 01:54:23.0383 A
[ReportManager] Browser Action [CloseCurrentWindow] successfully performed. @20-09-2021 01:54:23.0524 AM
[ReportManager] Successfully created attachment [Browser Action Test Data - CloseCurrentWindow - Actual Value] @20-09-2021 01:54:23.0525 A
[ReportManager] File Action [GetAbsolutePath] successfully performed. With the following test data [Relative Folder Path: "target/downloadedFiles/"]. @20-09-2021 01:54:23.0534 AM
[ReportManager] Attempting to run remotely on: [Linux-64], [GoogleChrome], [http://localhost:4444/wd/hub], Headless Execution. @20-09-2021 01:54:23.0535 AM
[ReportManager] Successfully Opened [GoogleChrome]. @20-09-2021 01:54:23.0820 AM
[ReportManager] Target URL: [https://www.google.com/ncr], and after redirection: [www.google.com] @20-09-2021 01:54:23.0832 AM
[ReportManager] Initial URL: [data:,] @20-09-2021 01:54:23.0902 AM
[ReportManager] Browser Action [NavigateToURL] successfully performed. With the following test data [https://www.google.com/ncr]. @20-09-2021 01:54:24.0779 A

################################################################################################################################################
Starting Execution:	[17 out of 143] test cases in the current suite
Test Method:		[unitTests.tests_validations_assertions.assertElementAttribute_true_caseInsensitiveComparison_expectedToFail]
################################################################################################################################################
[ReportManager] Element Action [Type] successfully performed. With the following test data [AUTOMATION]. @20-09-2021 01:54:25.0160 AM
[ReportManager] Element Action [GetText] successfully performed. With the following test data [AUTOMATION]. @20-09-2021 01:54:25.0286 AM
[ReportManager] Loaded Shared OpenCV @20-09-2021 01:54:25.0439 AM
[ReportManager] Assertion [ValidateElementAttribute] FAILED. Expected [Value Should be 'AutomaTion123' for the 'text' attribute, element locator 'By.name: q'] and Actual [AUTOMATION]. Comparison Type [CASE_INSENSITIVE]. Validation Type [POSITIVE]. @20-09-2021 01:54:25.0523 AM
[ReportManager] Successfully created attachment [Screenshot - 1632102865439_assertElementAttribute_true_caseInsensitiveComparison_expectedToFail_ValidateElementAttribute_failed] @20-09-2021 01:54:25.0525 A
[ReportManager] Browser Action [CloseCurrentWindow] successfully performed. @20-09-2021 01:54:25.0666 AM
[ReportManager] Successfully created attachment [Browser Action Test Data - CloseCurrentWindow - Actual Value] @20-09-2021 01:54:25.0667 A
[ReportManager] File Action [GetAbsolutePath] successfully performed. With the following test data [Relative Folder Path: "target/downloadedFiles/"]. @20-09-2021 01:54:25.0672 AM
[ReportManager] Attempting to run remotely on: [Linux-64], [GoogleChrome], [http://localhost:4444/wd/hub], Headless Execution. @20-09-2021 01:54:25.0674 AM
[ReportManager] Successfully Opened [GoogleChrome]. @20-09-2021 01:54:25.0922 AM
[ReportManager] Target URL: [https://www.google.com/ncr], and after redirection: [www.google.com] @20-09-2021 01:54:25.0940 AM
[ReportManager] Initial URL: [data:,] @20-09-2021 01:54:25.0985 AM
[ReportManager] Browser Action [NavigateToURL] successfully performed. With the following test data [https://www.google.com/ncr]. @20-09-2021 01:54:26.0841 A

################################################################################################################################################
Starting Execution:	[18 out of 143] test cases in the current suite
Test Method:		[unitTests.tests_validations_assertions.assertElementAttribute_true_caseInsensitiveComparison_expectedToPass]
################################################################################################################################################
[ReportManager] Element Action [Type] successfully performed. With the following test data [AUTOMATION]. @20-09-2021 01:54:27.0259 AM
[ReportManager] Element Action [GetText] successfully performed. With the following test data [AUTOMATION]. @20-09-2021 01:54:27.0372 AM
[ReportManager] Loaded Shared OpenCV @20-09-2021 01:54:27.0523 AM
[ReportManager] Assertion [ValidateElementAttribute] PASSED. Expected [Value Should be 'AutomaTion' for the 'text' attribute, element locator 'By.name: q'] and Actual [AUTOMATION]. Comparison Type [CASE_INSENSITIVE]. Validation Type [POSITIVE]. @20-09-2021 01:54:27.0608 AM
[ReportManager] Successfully created attachment [Screenshot - 1632102867523_assertElementAttribute_true_caseInsensitiveComparison_expectedToPass_ValidateElementAttribute_passed] @20-09-2021 01:54:27.0610 A
[ReportManager] Browser Action [CloseCurrentWindow] successfully performed. @20-09-2021 01:54:27.0745 AM
[ReportManager] Successfully created attachment [Browser Action Test Data - CloseCurrentWindow - Actual Value] @20-09-2021 01:54:27.0746 A
[ReportManager] File Action [GetAbsolutePath] successfully performed. With the following test data [Relative Folder Path: "target/downloadedFiles/"]. @20-09-2021 01:54:27.0749 AM
[ReportManager] Attempting to run remotely on: [Linux-64], [GoogleChrome], [http://localhost:4444/wd/hub], Headless Execution. @20-09-2021 01:54:27.0749 AM
[ReportManager] Successfully Opened [GoogleChrome]. @20-09-2021 01:54:27.0995 AM
[ReportManager] Target URL: [https://www.google.com/ncr], and after redirection: [www.google.com] @20-09-2021 01:54:28.0007 AM
[ReportManager] Initial URL: [data:,] @20-09-2021 01:54:28.0059 AM
[ReportManager] Browser Action [NavigateToURL] successfully performed. With the following test data [https://www.google.com/ncr]. @20-09-2021 01:54:28.0922 A

################################################################################################################################################
Starting Execution:	[19 out of 143] test cases in the current suite
Test Method:		[unitTests.tests_validations_assertions.assertElementAttribute_true_containsComparison_expectedToFail]
################################################################################################################################################
[ReportManager] Element Action [Type] successfully performed. With the following test data [Automation123]. @20-09-2021 01:54:29.0277 AM
[ReportManager] Element Action [GetText] successfully performed. With the following test data [Automation123]. @20-09-2021 01:54:29.0439 AM
[ReportManager] Loaded Shared OpenCV @20-09-2021 01:54:29.0588 AM
[ReportManager] Assertion [ValidateElementAttribute] FAILED. Expected [Value Should be 'Automation1234' for the 'text' attribute, element locator 'By.name: q'] and Actual [Automation123]. Comparison Type [CONTAINS]. Validation Type [POSITIVE]. @20-09-2021 01:54:29.0670 AM
[ReportManager] Successfully created attachment [Screenshot - 1632102869588_assertElementAttribute_true_containsComparison_expectedToFail_ValidateElementAttribute_failed] @20-09-2021 01:54:29.0672 A
[ReportManager] Browser Action [CloseCurrentWindow] successfully performed. @20-09-2021 01:54:29.0822 AM
[ReportManager] Successfully created attachment [Browser Action Test Data - CloseCurrentWindow - Actual Value] @20-09-2021 01:54:29.0823 A
[ReportManager] File Action [GetAbsolutePath] successfully performed. With the following test data [Relative Folder Path: "target/downloadedFiles/"]. @20-09-2021 01:54:29.0825 AM
[ReportManager] Attempting to run remotely on: [Linux-64], [GoogleChrome], [http://localhost:4444/wd/hub], Headless Execution. @20-09-2021 01:54:29.0826 AM
[ReportManager] Successfully Opened [GoogleChrome]. @20-09-2021 01:54:30.0050 AM
[ReportManager] Target URL: [https://www.google.com/ncr], and after redirection: [www.google.com] @20-09-2021 01:54:30.0065 AM
[ReportManager] Initial URL: [data:,] @20-09-2021 01:54:30.0131 AM
[ReportManager] Browser Action [NavigateToURL] successfully performed. With the following test data [https://www.google.com/ncr]. @20-09-2021 01:54:30.0985 A

################################################################################################################################################
Starting Execution:	[20 out of 143] test cases in the current suite
Test Method:		[unitTests.tests_validations_assertions.assertElementAttribute_true_containsComparison_expectedToPass]
################################################################################################################################################
[ReportManager] Element Action [Type] successfully performed. With the following test data [Automation123]. @20-09-2021 01:54:31.0431 AM
[ReportManager] Element Action [GetText] successfully performed. With the following test data [Automation123]. @20-09-2021 01:54:31.0551 AM
[ReportManager] Loaded Shared OpenCV @20-09-2021 01:54:31.0681 AM
[ReportManager] Assertion [ValidateElementAttribute] PASSED. Expected [Value Should be 'Automation' for the 'text' attribute, element locator 'By.name: q'] and Actual [Automation123]. Comparison Type [CONTAINS]. Validation Type [POSITIVE]. @20-09-2021 01:54:31.0764 AM
[ReportManager] Successfully created attachment [Screenshot - 1632102871681_assertElementAttribute_true_containsComparison_expectedToPass_ValidateElementAttribute_passed] @20-09-2021 01:54:31.0765 A
[ReportManager] Browser Action [CloseCurrentWindow] successfully performed. @20-09-2021 01:54:31.0910 AM
[ReportManager] Successfully created attachment [Browser Action Test Data - CloseCurrentWindow - Actual Value] @20-09-2021 01:54:31.0911 A
[ReportManager] File Action [GetAbsolutePath] successfully performed. With the following test data [Relative Folder Path: "target/downloadedFiles/"]. @20-09-2021 01:54:31.0916 AM
[ReportManager] Attempting to run remotely on: [Linux-64], [GoogleChrome], [http://localhost:4444/wd/hub], Headless Execution. @20-09-2021 01:54:31.0916 AM
[ReportManager] Successfully Opened [GoogleChrome]. @20-09-2021 01:54:32.0261 AM
[ReportManager] Target URL: [https://www.google.com/ncr], and after redirection: [www.google.com] @20-09-2021 01:54:32.0278 AM
[ReportManager] Initial URL: [data:,] @20-09-2021 01:54:32.0329 AM
[ReportManager] Browser Action [NavigateToURL] successfully performed. With the following test data [https://www.google.com/ncr]. @20-09-2021 01:54:33.0167 A

################################################################################################################################################
Starting Execution:	[21 out of 143] test cases in the current suite
Test Method:		[unitTests.tests_validations_assertions.assertElementAttribute_true_literalComparison_expectedToFail]
################################################################################################################################################
[ReportManager] Element Action [Type] successfully performed. With the following test data [Automation!@#$%^&*()_+{}[]\';/.,]. @20-09-2021 01:54:33.0637 AM
[ReportManager] Element Action [GetText] successfully performed. With the following test data [Automation!@#$%^&*()_+{}[]\';/.,]. @20-09-2021 01:54:33.0752 AM
[ReportManager] Loaded Shared OpenCV @20-09-2021 01:54:33.0929 AM
[ReportManager] Assertion [ValidateElementAttribute] FAILED. Expected [Value Should be 'Automation' for the 'text' attribute, element locator 'By.name: q'] and Actual [Automation!@#$%^&*()_+{}[]\';/.,]. Comparison Type [EQUALS]. Validation Type [POSITIVE]. @20-09-2021 01:54:34.0016 AM
[ReportManager] Successfully created attachment [Screenshot - 1632102873928_assertElementAttribute_true_literalComparison_expectedToFail_ValidateElementAttribute_failed] @20-09-2021 01:54:34.0017 A
[ReportManager] Browser Action [CloseCurrentWindow] successfully performed. @20-09-2021 01:54:34.0174 AM
[ReportManager] Successfully created attachment [Browser Action Test Data - CloseCurrentWindow - Actual Value] @20-09-2021 01:54:34.0175 A
[ReportManager] File Action [GetAbsolutePath] successfully performed. With the following test data [Relative Folder Path: "target/downloadedFiles/"]. @20-09-2021 01:54:34.0180 AM
[ReportManager] Attempting to run remotely on: [Linux-64], [GoogleChrome], [http://localhost:4444/wd/hub], Headless Execution. @20-09-2021 01:54:34.0181 AM
[ReportManager] Successfully Opened [GoogleChrome]. @20-09-2021 01:54:34.0412 AM
[ReportManager] Target URL: [https://www.google.com/ncr], and after redirection: [www.google.com] @20-09-2021 01:54:34.0427 AM
[ReportManager] Initial URL: [data:,] @20-09-2021 01:54:34.0504 AM
[ReportManager] Browser Action [NavigateToURL] successfully performed. With the following test data [https://www.google.com/ncr]. @20-09-2021 01:54:35.0367 A

################################################################################################################################################
Starting Execution:	[22 out of 143] test cases in the current suite
Test Method:		[unitTests.tests_validations_assertions.assertElementAttribute_true_literalComparison_expectedToPass]
################################################################################################################################################
[ReportManager] Element Action [Type] successfully performed. With the following test data [Automation!@#$%^&*()_+{}[]\';/.,]. @20-09-2021 01:54:35.0852 AM
[ReportManager] Element Action [GetText] successfully performed. With the following test data [Automation!@#$%^&*()_+{}[]\';/.,]. @20-09-2021 01:54:35.0952 AM
[ReportManager] Loaded Shared OpenCV @20-09-2021 01:54:36.0113 AM
[ReportManager] Assertion [ValidateElementAttribute] PASSED. Expected [Value Should be 'Automation!@#$%^&*()_+{}[]\';/.,' for the 'text' attribute, element locator 'By.name: q'] and Actual [Automation!@#$%^&*()_+{}[]\';/.,]. Comparison Type [EQUALS]. Validation Type [POSITIVE]. @20-09-2021 01:54:36.0209 AM
[ReportManager] Successfully created attachment [Screenshot - 1632102876113_assertElementAttribute_true_literalComparison_expectedToPass_ValidateElementAttribute_passed] @20-09-2021 01:54:36.0210 A
[ReportManager] Browser Action [CloseCurrentWindow] successfully performed. @20-09-2021 01:54:36.0343 AM
[ReportManager] Successfully created attachment [Browser Action Test Data - CloseCurrentWindow - Actual Value] @20-09-2021 01:54:36.0344 A
[ReportManager] File Action [GetAbsolutePath] successfully performed. With the following test data [Relative Folder Path: "target/downloadedFiles/"]. @20-09-2021 01:54:36.0348 AM
[ReportManager] Attempting to run remotely on: [Linux-64], [GoogleChrome], [http://localhost:4444/wd/hub], Headless Execution. @20-09-2021 01:54:36.0349 AM
[ReportManager] Successfully Opened [GoogleChrome]. @20-09-2021 01:54:36.0560 AM
[ReportManager] Target URL: [https://www.google.com/ncr], and after redirection: [www.google.com] @20-09-2021 01:54:36.0571 AM
[ReportManager] Initial URL: [data:,] @20-09-2021 01:54:36.0613 AM
[ReportManager] Browser Action [NavigateToURL] successfully performed. With the following test data [https://www.google.com/ncr]. @20-09-2021 01:54:37.0428 A

################################################################################################################################################
Starting Execution:	[23 out of 143] test cases in the current suite
Test Method:		[unitTests.tests_validations_assertions.assertElementAttribute_true_regexComparison_expectedToFail]
################################################################################################################################################
[ReportManager] Element Action [Type] successfully performed. With the following test data [Automation123]. @20-09-2021 01:54:37.0814 AM
[ReportManager] Element Action [GetText] successfully performed. With the following test data [Automation123]. @20-09-2021 01:54:37.0915 AM
[ReportManager] Loaded Shared OpenCV @20-09-2021 01:54:38.0054 AM
[ReportManager] Assertion [ValidateElementAttribute] FAILED. Expected [Value Should be 'Automation' for the 'text' attribute, element locator 'By.name: q'] and Actual [Automation123]. Comparison Type [MATCHES]. Validation Type [POSITIVE]. @20-09-2021 01:54:38.0207 AM
[ReportManager] Successfully created attachment [Screenshot - 1632102878054_assertElementAttribute_true_regexComparison_expectedToFail_ValidateElementAttribute_failed] @20-09-2021 01:54:38.0209 A
[ReportManager] Browser Action [CloseCurrentWindow] successfully performed. @20-09-2021 01:54:38.0340 AM
[ReportManager] Successfully created attachment [Browser Action Test Data - CloseCurrentWindow - Actual Value] @20-09-2021 01:54:38.0341 A
[ReportManager] File Action [GetAbsolutePath] successfully performed. With the following test data [Relative Folder Path: "target/downloadedFiles/"]. @20-09-2021 01:54:38.0345 AM
[ReportManager] Attempting to run remotely on: [Linux-64], [GoogleChrome], [http://localhost:4444/wd/hub], Headless Execution. @20-09-2021 01:54:38.0346 AM
[ReportManager] Successfully Opened [GoogleChrome]. @20-09-2021 01:54:38.0567 AM
[ReportManager] Target URL: [https://www.google.com/ncr], and after redirection: [www.google.com] @20-09-2021 01:54:38.0578 AM
[ReportManager] Initial URL: [data:,] @20-09-2021 01:54:38.0651 AM
[ReportManager] Browser Action [NavigateToURL] successfully performed. With the following test data [https://www.google.com/ncr]. @20-09-2021 01:54:39.0520 A

################################################################################################################################################
Starting Execution:	[24 out of 143] test cases in the current suite
Test Method:		[unitTests.tests_validations_assertions.assertElementAttribute_true_regexComparison_expectedToPass]
################################################################################################################################################
[ReportManager] Element Action [Type] successfully performed. With the following test data [Automation123]. @20-09-2021 01:54:39.0920 AM
[ReportManager] Element Action [GetText] successfully performed. With the following test data [Automation123]. @20-09-2021 01:54:40.0033 AM
[ReportManager] Loaded Shared OpenCV @20-09-2021 01:54:40.0163 AM
[ReportManager] Assertion [ValidateElementAttribute] PASSED. Expected [Value Should be 'Automation.*' for the 'text' attribute, element locator 'By.name: q'] and Actual [Automation123]. Comparison Type [MATCHES]. Validation Type [POSITIVE]. @20-09-2021 01:54:40.0241 AM
[ReportManager] Successfully created attachment [Screenshot - 1632102880163_assertElementAttribute_true_regexComparison_expectedToPass_ValidateElementAttribute_passed] @20-09-2021 01:54:40.0242 A
[ReportManager] Browser Action [CloseCurrentWindow] successfully performed. @20-09-2021 01:54:40.0370 AM
[ReportManager] Successfully created attachment [Browser Action Test Data - CloseCurrentWindow - Actual Value] @20-09-2021 01:54:40.0371 A
[ReportManager] File Action [GetAbsolutePath] successfully performed. With the following test data [Relative Folder Path: "target/downloadedFiles/"]. @20-09-2021 01:54:40.0373 AM
[ReportManager] Attempting to run remotely on: [Linux-64], [GoogleChrome], [http://localhost:4444/wd/hub], Headless Execution. @20-09-2021 01:54:40.0373 AM
[ReportManager] Successfully Opened [GoogleChrome]. @20-09-2021 01:54:40.0664 AM
[ReportManager] Target URL: [https://www.google.com/ncr], and after redirection: [www.google.com] @20-09-2021 01:54:40.0679 AM
[ReportManager] Initial URL: [data:,] @20-09-2021 01:54:40.0721 AM
[ReportManager] Browser Action [NavigateToURL] successfully performed. With the following test data [https://www.google.com/ncr]. @20-09-2021 01:54:41.0614 A

################################################################################################################################################
Starting Execution:	[25 out of 143] test cases in the current suite
Test Method:		[unitTests.tests_validations_assertions.assertElementAttribute_type_true_literalComparison_expectedToPass]
################################################################################################################################################
[ReportManager] Element Action [Type] successfully performed. With the following test data [Automation!@#$%^&*()_+{}[]\';/.,]. @20-09-2021 01:54:42.0122 AM
[ReportManager] Element Action [GetText] successfully performed. With the following test data [Automation!@#$%^&*()_+{}[]\';/.,]. @20-09-2021 01:54:42.0240 AM
[ReportManager] Loaded Shared OpenCV @20-09-2021 01:54:42.0389 AM
[ReportManager] Assertion [ValidateElementAttribute] PASSED. Expected [Value Should be 'Automation!@#$%^&*()_+{}[]\';/.,' for the 'text' attribute, element locator 'By.name: q'] and Actual [Automation!@#$%^&*()_+{}[]\';/.,]. Comparison Type [EQUALS]. Validation Type [POSITIVE]. @20-09-2021 01:54:42.0477 AM
[ReportManager] Successfully created attachment [Screenshot - 1632102882389_assertElementAttribute_type_true_literalComparison_expectedToPass_ValidateElementAttribute_passed] @20-09-2021 01:54:42.0479 A
[ReportManager] Browser Action [CloseCurrentWindow] successfully performed. @20-09-2021 01:54:42.0618 AM
[ReportManager] Successfully created attachment [Browser Action Test Data - CloseCurrentWindow - Actual Value] @20-09-2021 01:54:42.0619 A
[ReportManager] File Action [GetAbsolutePath] successfully performed. With the following test data [Relative Folder Path: "target/downloadedFiles/"]. @20-09-2021 01:54:42.0626 AM
[ReportManager] Attempting to run remotely on: [Linux-64], [GoogleChrome], [http://localhost:4444/wd/hub], Headless Execution. @20-09-2021 01:54:42.0626 AM
[ReportManager] Successfully Opened [GoogleChrome]. @20-09-2021 01:54:42.0896 AM
[ReportManager] Target URL: [https://www.google.com/ncr], and after redirection: [www.google.com] @20-09-2021 01:54:42.0930 AM
[ReportManager] Initial URL: [data:,] @20-09-2021 01:54:42.0992 AM
[ReportManager] Browser Action [NavigateToURL] successfully performed. With the following test data [https://www.google.com/ncr]. @20-09-2021 01:54:44.0019 A

################################################################################################################################################
Starting Execution:	[26 out of 143] test cases in the current suite
Test Method:		[unitTests.tests_validations_assertions.assertElementExists_false_expectedToFail]
################################################################################################################################################
[ReportManager] Assertion [ValidateElementExists] PASSED. Expected [Element Should not Exist, locator 'By.id: hplogo'] and Actual [Element Doesn't Exists]. Comparison Type [EQUALS]. Validation Type [NEGATIVE]. @20-09-2021 01:54:54.0470 AM
[ReportManager] Successfully created attachment [Screenshot - 1632102894377_assertElementExists_false_expectedToFail_ValidateElementExists_passed] @20-09-2021 01:54:54.0471 A
[ReportManager] Browser Action [CloseCurrentWindow] successfully performed. @20-09-2021 01:54:54.0605 AM
[ReportManager] Successfully created attachment [Browser Action Test Data - CloseCurrentWindow - Actual Value] @20-09-2021 01:54:54.0606 A
[ReportManager] File Action [GetAbsolutePath] successfully performed. With the following test data [Relative Folder Path: "target/downloadedFiles/"]. @20-09-2021 01:54:54.0609 AM
[ReportManager] Attempting to run remotely on: [Linux-64], [GoogleChrome], [http://localhost:4444/wd/hub], Headless Execution. @20-09-2021 01:54:54.0609 AM
[ReportManager] Successfully Opened [GoogleChrome]. @20-09-2021 01:54:54.0817 AM
[ReportManager] Target URL: [https://www.google.com/ncr], and after redirection: [www.google.com] @20-09-2021 01:54:54.0828 AM
[ReportManager] Initial URL: [data:,] @20-09-2021 01:54:54.0869 AM
[ReportManager] Browser Action [NavigateToURL] successfully performed. With the following test data [https://www.google.com/ncr]. @20-09-2021 01:54:55.0682 A

################################################################################################################################################
Starting Execution:	[27 out of 143] test cases in the current suite
Test Method:		[unitTests.tests_validations_assertions.assertElementExists_false_expectedToPass]
################################################################################################################################################
[ReportManager] Assertion [ValidateElementExists] PASSED. Expected [Element Should not Exist, locator 'By.id: fakeElement'] and Actual [Element Doesn't Exists]. Comparison Type [EQUALS]. Validation Type [NEGATIVE]. @20-09-2021 01:55:06.0095 AM
[ReportManager] Successfully created attachment [Screenshot - 1632102906028_assertElementExists_false_expectedToPass_ValidateElementExists_passed] @20-09-2021 01:55:06.0095 A
[ReportManager] Browser Action [CloseCurrentWindow] successfully performed. @20-09-2021 01:55:06.0226 AM
[ReportManager] Successfully created attachment [Browser Action Test Data - CloseCurrentWindow - Actual Value] @20-09-2021 01:55:06.0226 A
[ReportManager] File Action [GetAbsolutePath] successfully performed. With the following test data [Relative Folder Path: "target/downloadedFiles/"]. @20-09-2021 01:55:06.0229 AM
[ReportManager] Attempting to run remotely on: [Linux-64], [GoogleChrome], [http://localhost:4444/wd/hub], Headless Execution. @20-09-2021 01:55:06.0229 AM
[ReportManager] Successfully Opened [GoogleChrome]. @20-09-2021 01:55:06.0440 AM
[ReportManager] Target URL: [https://www.google.com/ncr], and after redirection: [www.google.com] @20-09-2021 01:55:06.0455 AM
[ReportManager] Initial URL: [data:,] @20-09-2021 01:55:06.0499 AM
[ReportManager] Browser Action [NavigateToURL] successfully performed. With the following test data [https://www.google.com/ncr]. @20-09-2021 01:55:07.0336 A

################################################################################################################################################
Starting Execution:	[28 out of 143] test cases in the current suite
Test Method:		[unitTests.tests_validations_assertions.assertElementExists_false_multipleElementsFound_expectedToFail]
################################################################################################################################################
[ReportManager] Assertion [ValidateElementExists] FAILED. Expected [Element Should not Exist, locator 'By.xpath: //div'] and Actual [Element Exists but is not unique]. Comparison Type [EQUALS]. Validation Type [NEGATIVE]. @20-09-2021 01:55:07.0625 AM
[ReportManager] Successfully created attachment [Screenshot - 1632102907560_assertElementExists_false_multipleElementsFound_expectedToFail_ValidateElementExists_failed] @20-09-2021 01:55:07.0626 A
[ReportManager] Browser Action [CloseCurrentWindow] successfully performed. @20-09-2021 01:55:07.0758 AM
[ReportManager] Successfully created attachment [Browser Action Test Data - CloseCurrentWindow - Actual Value] @20-09-2021 01:55:07.0759 A
[ReportManager] File Action [GetAbsolutePath] successfully performed. With the following test data [Relative Folder Path: "target/downloadedFiles/"]. @20-09-2021 01:55:07.0762 AM
[ReportManager] Attempting to run remotely on: [Linux-64], [GoogleChrome], [http://localhost:4444/wd/hub], Headless Execution. @20-09-2021 01:55:07.0762 AM
[ReportManager] Successfully Opened [GoogleChrome]. @20-09-2021 01:55:08.0020 AM
[ReportManager] Target URL: [https://www.google.com/ncr], and after redirection: [www.google.com] @20-09-2021 01:55:08.0031 AM
[ReportManager] Initial URL: [data:,] @20-09-2021 01:55:08.0078 AM
[ReportManager] Browser Action [NavigateToURL] successfully performed. With the following test data [https://www.google.com/ncr]. @20-09-2021 01:55:08.0909 A

################################################################################################################################################
Starting Execution:	[29 out of 143] test cases in the current suite
Test Method:		[unitTests.tests_validations_assertions.assertElementExists_true_expectedToFail]
################################################################################################################################################
[ReportManager] Assertion [ValidateElementExists] FAILED. Expected [Element Should Exist, locator 'By.id: fakeElement'] and Actual [Element Doesn't Exists]. Comparison Type [EQUALS]. Validation Type [POSITIVE]. @20-09-2021 01:55:39.0611 AM
[ReportManager] Successfully created attachment [Screenshot - 1632102939542_assertElementExists_true_expectedToFail_ValidateElementExists_failed] @20-09-2021 01:55:39.0611 A
[ReportManager] Browser Action [CloseCurrentWindow] successfully performed. @20-09-2021 01:55:39.0745 AM
[ReportManager] Successfully created attachment [Browser Action Test Data - CloseCurrentWindow - Actual Value] @20-09-2021 01:55:39.0746 A
[ReportManager] File Action [GetAbsolutePath] successfully performed. With the following test data [Relative Folder Path: "target/downloadedFiles/"]. @20-09-2021 01:55:39.0748 AM
[ReportManager] Attempting to run remotely on: [Linux-64], [GoogleChrome], [http://localhost:4444/wd/hub], Headless Execution. @20-09-2021 01:55:39.0749 AM
[ReportManager] Successfully Opened [GoogleChrome]. @20-09-2021 01:55:39.0961 AM
[ReportManager] Target URL: [https://www.google.com/ncr], and after redirection: [www.google.com] @20-09-2021 01:55:39.0971 AM
[ReportManager] Initial URL: [data:,] @20-09-2021 01:55:40.0026 AM
[ReportManager] Browser Action [NavigateToURL] successfully performed. With the following test data [https://www.google.com/ncr]. @20-09-2021 01:55:40.0906 A

################################################################################################################################################
Starting Execution:	[30 out of 143] test cases in the current suite
Test Method:		[unitTests.tests_validations_assertions.assertElementExists_true_expectedToPass]
################################################################################################################################################
[ReportManager] Loaded Shared OpenCV @20-09-2021 01:55:41.0093 AM
[ReportManager] Assertion [ValidateElementExists] PASSED. Expected [Element Should Exist, locator 'By.xpath: //*[@id='hplogo' or @alt='Google']'] and Actual [Element Exists]. Comparison Type [EQUALS]. Validation Type [POSITIVE]. @20-09-2021 01:55:41.0172 AM
[ReportManager] Successfully created attachment [Screenshot - 1632102941093_assertElementExists_true_expectedToPass_ValidateElementExists_passed] @20-09-2021 01:55:41.0173 A
[ReportManager] Browser Action [CloseCurrentWindow] successfully performed. @20-09-2021 01:55:41.0301 AM
[ReportManager] Successfully created attachment [Browser Action Test Data - CloseCurrentWindow - Actual Value] @20-09-2021 01:55:41.0302 A
[ReportManager] File Action [GetAbsolutePath] successfully performed. With the following test data [Relative Folder Path: "target/downloadedFiles/"]. @20-09-2021 01:55:41.0304 AM
[ReportManager] Attempting to run remotely on: [Linux-64], [GoogleChrome], [http://localhost:4444/wd/hub], Headless Execution. @20-09-2021 01:55:41.0304 AM
[ReportManager] Successfully Opened [GoogleChrome]. @20-09-2021 01:55:41.0518 AM
[ReportManager] Target URL: [https://www.google.com/ncr], and after redirection: [www.google.com] @20-09-2021 01:55:41.0537 AM
[ReportManager] Initial URL: [data:,] @20-09-2021 01:55:41.0583 AM
[ReportManager] Browser Action [NavigateToURL] successfully performed. With the following test data [https://www.google.com/ncr]. @20-09-2021 01:55:42.0479 A

################################################################################################################################################
Starting Execution:	[31 out of 143] test cases in the current suite
Test Method:		[unitTests.tests_validations_assertions.assertElementExists_true_multipleElementsFound_expectedToFail]
################################################################################################################################################
[ReportManager] Assertion [ValidateElementExists] FAILED. Expected [Element Should Exist, locator 'By.xpath: //div'] and Actual [Element Exists but is not unique]. Comparison Type [EQUALS]. Validation Type [POSITIVE]. @20-09-2021 01:55:42.0708 AM
[ReportManager] Successfully created attachment [Screenshot - 1632102942643_assertElementExists_true_multipleElementsFound_expectedToFail_ValidateElementExists_failed] @20-09-2021 01:55:42.0709 A
[ReportManager] Browser Action [CloseCurrentWindow] successfully performed. @20-09-2021 01:55:42.0836 AM
[ReportManager] Successfully created attachment [Browser Action Test Data - CloseCurrentWindow - Actual Value] @20-09-2021 01:55:42.0837 A

################################################################################################################################################
Starting Execution:	[32 out of 143] test cases in the current suite
Test Method:		[unitTests.tests_validations_assertions.assertEquals_false_expectedToFail]
################################################################################################################################################
[ReportManager] Assertion [ValidateEquals] FAILED. Expected [1] and Actual [1]. Comparison Type [EQUALS]. Validation Type [NEGATIVE]. @20-09-2021 01:55:42.0844 A

################################################################################################################################################
Starting Execution:	[33 out of 143] test cases in the current suite
Test Method:		[unitTests.tests_validations_assertions.assertEquals_false_expectedToPass]
################################################################################################################################################
[ReportManager] Assertion [ValidateEquals] PASSED. Expected [1] and Actual [2]. Comparison Type [EQUALS]. Validation Type [NEGATIVE]. @20-09-2021 01:55:42.0848 A

################################################################################################################################################
Starting Execution:	[34 out of 143] test cases in the current suite
Test Method:		[unitTests.tests_validations_assertions.assertEquals_longCharacters]
################################################################################################################################################
[ReportManager] Verification [ValidateEquals] PASSED. Expected and Actual values are attached. Comparison Type [EQUALS]. Validation Type [POSITIVE]. @20-09-2021 01:55:42.0854 AM
[ReportManager] Successfully created attachment [Validation Test Data - Expected Value] @20-09-2021 01:55:42.0854 AM
[ReportManager] Successfully created attachment [Validation Test Data - Actual Value] @20-09-2021 01:55:42.0855 AM
[ReportManager] Assertion [ValidateEquals] PASSED. Expected and Actual values are attached. Comparison Type [EQUALS]. Validation Type [POSITIVE]. @20-09-2021 01:55:42.0855 AM
[ReportManager] Successfully created attachment [Validation Test Data - Expected Value] @20-09-2021 01:55:42.0855 AM
[ReportManager] Successfully created attachment [Validation Test Data - Actual Value] @20-09-2021 01:55:42.0855 A

################################################################################################################################################
Starting Execution:	[35 out of 143] test cases in the current suite
Test Method:		[unitTests.tests_validations_assertions.assertEquals_longCharacters_Discreet]
################################################################################################################################################
[ReportManager] Assertion [ValidateEquals] PASSED. Expected [1LH5pROcDBjjQk0t0mCr0lXuzQu9lcGj28kY8R1H81X67eVAQJgWQhILiRWVPUgZ6uCtK5cnBkF55Jr9vYngjGO1Iyf0Mktv6lruDlL9T8MAUPcUZJGHZtji6nIeadujDSNmWMj5d6C8zlFqw0CRqBU0hO5adIasHgBSNoLotAjce3NGXoDwAlp3rYreeV16VIyZXROQY] and Actual [1LH5pROcDBjjQk0t0mCr0lXuzQu9lcGj28kY8R1H81X67eVAQJgWQhILiRWVPUgZ6uCtK5cnBkF55Jr9vYngjGO1Iyf0Mktv6lruDlL9T8MAUPcUZJGHZtji6nIeadujDSNmWMj5d6C8zlFqw0CRqBU0hO5adIasHgBSNoLotAjce3NGXoDwAlp3rYreeV16VIyZXROQY]. Comparison Type [EQUALS]. Validation Type [POSITIVE]. @20-09-2021 01:55:42.0861 A

################################################################################################################################################
Starting Execution:	[36 out of 143] test cases in the current suite
Test Method:		[unitTests.tests_validations_assertions.assertEquals_true_expectedToFail]
################################################################################################################################################
[ReportManager] Assertion [ValidateEquals] FAILED. Expected [1] and Actual [2]. Comparison Type [EQUALS]. Validation Type [POSITIVE]. @20-09-2021 01:55:42.0870 A

################################################################################################################################################
Starting Execution:	[37 out of 143] test cases in the current suite
Test Method:		[unitTests.tests_validations_assertions.assertEquals_true_expectedToPass]
Test Description:	[Assert that assertEquals works as expected when the two values are equal.]
################################################################################################################################################
[ReportManager] Verification [ValidateEquals] PASSED. Expected [1] and Actual [1]. Comparison Type [EQUALS]. Validation Type [POSITIVE]. @20-09-2021 01:55:42.0876 AM
[ReportManager] Assertion [ValidateEquals] PASSED. Expected [1] and Actual [1]. Comparison Type [EQUALS]. Validation Type [POSITIVE]. @20-09-2021 01:55:42.0876 A

################################################################################################################################################
Starting Execution:	[38 out of 143] test cases in the current suite
Test Method:		[unitTests.tests_validations_assertions.assertEquals_true_expectedToPass__]
################################################################################################################################################
[ReportManager] Assertion [ValidateEquals] PASSED. Expected [1] and Actual [1]. Comparison Type [EQUALS]. Validation Type [POSITIVE]. @20-09-2021 01:55:42.0879 A

################################################################################################################################################
Starting Execution:	[39 out of 143] test cases in the current suite
Test Method:		[unitTests.tests_validations_assertions.assertFileExists_false_expectedToFail]
################################################################################################################################################
[ReportManager] File Action [DoesFileExist] successfully performed. With the following test data [File Path: "src/main/java/com/shaft/gui/element/ElementActions.java"]. @20-09-2021 01:55:42.0881 AM
[ReportManager] Assertion [ValidateFileExists] FAILED. Expected [File 'src/main/java/com/shaft/gui/element/ElementActions.java' should not exist, after up to '1' retries] and Actual [File exists]. Validation Type [NEGATIVE]. @20-09-2021 01:55:42.0891 A

################################################################################################################################################
Starting Execution:	[40 out of 143] test cases in the current suite
Test Method:		[unitTests.tests_validations_assertions.assertFileExists_false_expectedToPass]
################################################################################################################################################
[ReportManager] File Action [DoesFileExist] successfully performed. With the following test data [File Path: "src/main/java/com/shaft/gui/element/ElementActions.java_fail"]. @20-09-2021 01:55:43.0395 AM
[ReportManager] Assertion [ValidateFileExists] PASSED. Expected [File 'src/main/java/com/shaft/gui/element/ElementActions.java_fail' should not exist, after up to '1' retries] and Actual [File does not exist]. Validation Type [NEGATIVE]. @20-09-2021 01:55:43.0395 A

################################################################################################################################################
Starting Execution:	[41 out of 143] test cases in the current suite
Test Method:		[unitTests.tests_validations_assertions.assertFileExists_true_expectedToFail]
################################################################################################################################################
[ReportManager] File Action [DoesFileExist] successfully performed. With the following test data [File Path: "src/main/java/com/shaft/gui/element/ElementActions.java_fail"]. @20-09-2021 01:55:43.0899 AM
[ReportManager] Assertion [ValidateFileExists] FAILED. Expected [File 'src/main/java/com/shaft/gui/element/ElementActions.java_fail' should exist, after up to '1' retries] and Actual [File does not exist]. Validation Type [POSITIVE]. @20-09-2021 01:55:43.0900 A

################################################################################################################################################
Starting Execution:	[42 out of 143] test cases in the current suite
Test Method:		[unitTests.tests_validations_assertions.assertFileExists_true_expectedToPass]
################################################################################################################################################
[ReportManager] File Action [DoesFileExist] successfully performed. With the following test data [File Path: "src/main/java/com/shaft/gui/element/ElementActions.java"]. @20-09-2021 01:55:43.0904 AM
[ReportManager] Assertion [ValidateFileExists] PASSED. Expected [File 'src/main/java/com/shaft/gui/element/ElementActions.java' should exist, after up to '1' retries] and Actual [File exists]. Validation Type [POSITIVE]. @20-09-2021 01:55:43.0904 A

################################################################################################################################################
Starting Execution:	[43 out of 143] test cases in the current suite
Test Method:		[unitTests.tests_validations_assertions.assertNull_false_expectedToFail]
################################################################################################################################################
[ReportManager] Assertion [ValidateNull] FAILED. Expected [NULL] and Actual [NULL]. Comparison Type [EQUALS]. Validation Type [NEGATIVE]. @20-09-2021 01:55:43.0906 A

################################################################################################################################################
Starting Execution:	[44 out of 143] test cases in the current suite
Test Method:		[unitTests.tests_validations_assertions.assertNull_false_expectedToPass]
################################################################################################################################################
[ReportManager] Assertion [ValidateNull] PASSED. Expected [NULL] and Actual [1]. Comparison Type [EQUALS]. Validation Type [NEGATIVE]. @20-09-2021 01:55:43.0912 A

################################################################################################################################################
Starting Execution:	[45 out of 143] test cases in the current suite
Test Method:		[unitTests.tests_validations_assertions.assertNull_true_expectedToFail]
################################################################################################################################################
[ReportManager] Assertion [ValidateNull] FAILED. Expected [NULL] and Actual [1]. Comparison Type [EQUALS]. Validation Type [POSITIVE]. @20-09-2021 01:55:43.0916 A

################################################################################################################################################
Starting Execution:	[46 out of 143] test cases in the current suite
Test Method:		[unitTests.tests_validations_assertions.assertNull_true_expectedToPass]
################################################################################################################################################
[ReportManager] Assertion [ValidateNull] PASSED. Expected [NULL] and Actual [NULL]. Comparison Type [EQUALS]. Validation Type [POSITIVE]. @20-09-2021 01:55:43.0920 A

################################################################################################################################################
Starting Execution:	[47 out of 143] test cases in the current suite
Test Method:		[unitTests.tests_restActions.getPostsAndAssertBodyForSpecificTitle]
################################################################################################################################################
[ReportManager] Response status code: [200], status line: [HTTP/1.1 200 OK] @20-09-2021 01:55:46.0672 AM
[ReportManager] Assertion Passed: Evaluating the actual response status code against the expected one... @20-09-2021 01:55:46.0672 AM
[ReportManager] Assertion [ValidateEquals] PASSED. Expected [200] and Actual [200]. Comparison Type [EQUALS]. Validation Type [POSITIVE]. @20-09-2021 01:55:46.0672 AM
[ReportManager] API Action [PerformRequest] successfully performed. With the following test data [Request Type: "GET" | Target Status Code: "200" | Service URL: "https://jsonplaceholder.typicode.com/posts" | Content Type: "*/*" | Response Time: "880ms"]. @20-09-2021 01:55:48.0040 AM
[ReportManager] Successfully created attachment [API Request - Specifications] @20-09-2021 01:55:48.0040 AM
[ReportManager] Successfully created attachment [API Response - JSON Body] @20-09-2021 01:55:48.0310 AM
[ReportManager] API Action [GetResponseJSONValueAsList] successfully performed. @20-09-2021 01:55:48.0349 AM
[ReportManager] API Action [GetResponseJSONValue] successfully performed. With the following test data [title]. @20-09-2021 01:55:48.0373 AM
[ReportManager] API Action [GetResponseJSONValue] successfully performed. With the following test data [title]. @20-09-2021 01:55:48.0394 AM
[ReportManager] API Action [GetResponseJSONValue] successfully performed. With the following test data [body]. @20-09-2021 01:55:48.0410 AM
[ReportManager] Assertion [ValidateEquals] PASSED. Expected [qui neque nisi nulla] and Actual [est rerum tempore vitae
sequi sint nihil reprehenderit dolor beatae ea dolores neque
fugiat blanditiis voluptate porro vel nihil molestiae ut reiciendis
qui aperiam non debitis possimus qui neque nisi nulla]. Comparison Type [CONTAINS]. Validation Type [POSITIVE]. @20-09-2021 01:55:48.0412 AM
[ReportManager] API Action [GetResponseJSONValue] successfully performed. With the following test data [title]. @20-09-2021 01:55:48.0426 AM
[ReportManager] API Action [GetResponseJSONValue] successfully performed. With the following test data [title]. @20-09-2021 01:55:48.0437 AM
[ReportManager] API Action [GetResponseJSONValue] successfully performed. With the following test data [title]. @20-09-2021 01:55:48.0448 AM
[ReportManager] API Action [GetResponseJSONValue] successfully performed. With the following test data [title]. @20-09-2021 01:55:48.0461 AM
[ReportManager] API Action [GetResponseJSONValue] successfully performed. With the following test data [title]. @20-09-2021 01:55:48.0475 AM
[ReportManager] API Action [GetResponseJSONValue] successfully performed. With the following test data [title]. @20-09-2021 01:55:48.0488 AM
[ReportManager] API Action [GetResponseJSONValue] successfully performed. With the following test data [title]. @20-09-2021 01:55:48.0501 AM
[ReportManager] API Action [GetResponseJSONValue] successfully performed. With the following test data [title]. @20-09-2021 01:55:48.0514 AM
[ReportManager] API Action [GetResponseJSONValue] successfully performed. With the following test data [title]. @20-09-2021 01:55:48.0527 AM
[ReportManager] API Action [GetResponseJSONValue] successfully performed. With the following test data [title]. @20-09-2021 01:55:48.0539 AM
[ReportManager] API Action [GetResponseJSONValue] successfully performed. With the following test data [title]. @20-09-2021 01:55:48.0553 AM
[ReportManager] API Action [GetResponseJSONValue] successfully performed. With the following test data [title]. @20-09-2021 01:55:48.0567 AM
[ReportManager] API Action [GetResponseJSONValue] successfully performed. With the following test data [title]. @20-09-2021 01:55:48.0578 AM
[ReportManager] API Action [GetResponseJSONValue] successfully performed. With the following test data [title]. @20-09-2021 01:55:48.0590 AM
[ReportManager] API Action [GetResponseJSONValue] successfully performed. With the following test data [title]. @20-09-2021 01:55:48.0602 AM
[ReportManager] API Action [GetResponseJSONValue] successfully performed. With the following test data [title]. @20-09-2021 01:55:48.0613 AM
[ReportManager] API Action [GetResponseJSONValue] successfully performed. With the following test data [title]. @20-09-2021 01:55:48.0625 AM
[ReportManager] API Action [GetResponseJSONValue] successfully performed. With the following test data [title]. @20-09-2021 01:55:48.0636 AM
[ReportManager] API Action [GetResponseJSONValue] successfully performed. With the following test data [title]. @20-09-2021 01:55:48.0647 AM
[ReportManager] API Action [GetResponseJSONValue] successfully performed. With the following test data [title]. @20-09-2021 01:55:48.0656 AM
[ReportManager] API Action [GetResponseJSONValue] successfully performed. With the following test data [title]. @20-09-2021 01:55:48.0668 AM
[ReportManager] API Action [GetResponseJSONValue] successfully performed. With the following test data [title]. @20-09-2021 01:55:48.0679 AM
[ReportManager] API Action [GetResponseJSONValue] successfully performed. With the following test data [title]. @20-09-2021 01:55:48.0691 AM
[ReportManager] API Action [GetResponseJSONValue] successfully performed. With the following test data [title]. @20-09-2021 01:55:48.0705 AM
[ReportManager] API Action [GetResponseJSONValue] successfully performed. With the following test data [title]. @20-09-2021 01:55:48.0719 AM
[ReportManager] API Action [GetResponseJSONValue] successfully performed. With the following test data [title]. @20-09-2021 01:55:48.0733 AM
[ReportManager] API Action [GetResponseJSONValue] successfully performed. With the following test data [title]. @20-09-2021 01:55:48.0746 AM
[ReportManager] API Action [GetResponseJSONValue] successfully performed. With the following test data [title]. @20-09-2021 01:55:48.0760 AM
[ReportManager] API Action [GetResponseJSONValue] successfully performed. With the following test data [title]. @20-09-2021 01:55:48.0773 AM
[ReportManager] API Action [GetResponseJSONValue] successfully performed. With the following test data [title]. @20-09-2021 01:55:48.0783 AM
[ReportManager] API Action [GetResponseJSONValue] successfully performed. With the following test data [title]. @20-09-2021 01:55:48.0795 AM
[ReportManager] API Action [GetResponseJSONValue] successfully performed. With the following test data [title]. @20-09-2021 01:55:48.0807 AM
[ReportManager] API Action [GetResponseJSONValue] successfully performed. With the following test data [title]. @20-09-2021 01:55:48.0824 AM
[ReportManager] API Action [GetResponseJSONValue] successfully performed. With the following test data [title]. @20-09-2021 01:55:48.0849 AM
[ReportManager] API Action [GetResponseJSONValue] successfully performed. With the following test data [title]. @20-09-2021 01:55:48.0867 AM
[ReportManager] API Action [GetResponseJSONValue] successfully performed. With the following test data [title]. @20-09-2021 01:55:48.0881 AM
[ReportManager] API Action [GetResponseJSONValue] successfully performed. With the following test data [title]. @20-09-2021 01:55:48.0895 AM
[ReportManager] API Action [GetResponseJSONValue] successfully performed. With the following test data [title]. @20-09-2021 01:55:48.0909 AM
[ReportManager] API Action [GetResponseJSONValue] successfully performed. With the following test data [title]. @20-09-2021 01:55:48.0921 AM
[ReportManager] API Action [GetResponseJSONValue] successfully performed. With the following test data [title]. @20-09-2021 01:55:48.0934 AM
[ReportManager] API Action [GetResponseJSONValue] successfully performed. With the following test data [title]. @20-09-2021 01:55:48.0944 AM
[ReportManager] API Action [GetResponseJSONValue] successfully performed. With the following test data [title]. @20-09-2021 01:55:48.0953 AM
[ReportManager] API Action [GetResponseJSONValue] successfully performed. With the following test data [title]. @20-09-2021 01:55:48.0963 AM
[ReportManager] API Action [GetResponseJSONValue] successfully performed. With the following test data [title]. @20-09-2021 01:55:48.0973 AM
[ReportManager] API Action [GetResponseJSONValue] successfully performed. With the following test data [title]. @20-09-2021 01:55:48.0987 AM
[ReportManager] API Action [GetResponseJSONValue] successfully performed. With the following test data [title]. @20-09-2021 01:55:48.0997 AM
[ReportManager] API Action [GetResponseJSONValue] successfully performed. With the following test data [title]. @20-09-2021 01:55:49.0057 AM
[ReportManager] API Action [GetResponseJSONValue] successfully performed. With the following test data [title]. @20-09-2021 01:55:49.0067 AM
[ReportManager] API Action [GetResponseJSONValue] successfully performed. With the following test data [title]. @20-09-2021 01:55:49.0076 AM
[ReportManager] API Action [GetResponseJSONValue] successfully performed. With the following test data [title]. @20-09-2021 01:55:49.0085 AM
[ReportManager] API Action [GetResponseJSONValue] successfully performed. With the following test data [title]. @20-09-2021 01:55:49.0094 AM
[ReportManager] API Action [GetResponseJSONValue] successfully performed. With the following test data [title]. @20-09-2021 01:55:49.0102 AM
[ReportManager] API Action [GetResponseJSONValue] successfully performed. With the following test data [title]. @20-09-2021 01:55:49.0109 AM
[ReportManager] API Action [GetResponseJSONValue] successfully performed. With the following test data [title]. @20-09-2021 01:55:49.0117 AM
[ReportManager] API Action [GetResponseJSONValue] successfully performed. With the following test data [title]. @20-09-2021 01:55:49.0125 AM
[ReportManager] API Action [GetResponseJSONValue] successfully performed. With the following test data [title]. @20-09-2021 01:55:49.0133 AM
[ReportManager] API Action [GetResponseJSONValue] successfully performed. With the following test data [title]. @20-09-2021 01:55:49.0141 AM
[ReportManager] API Action [GetResponseJSONValue] successfully performed. With the following test data [title]. @20-09-2021 01:55:49.0149 AM
[ReportManager] API Action [GetResponseJSONValue] successfully performed. With the following test data [title]. @20-09-2021 01:55:49.0157 AM
[ReportManager] API Action [GetResponseJSONValue] successfully performed. With the following test data [title]. @20-09-2021 01:55:49.0181 AM
[ReportManager] API Action [GetResponseJSONValue] successfully performed. With the following test data [title]. @20-09-2021 01:55:49.0189 AM
[ReportManager] API Action [GetResponseJSONValue] successfully performed. With the following test data [title]. @20-09-2021 01:55:49.0197 AM
[ReportManager] API Action [GetResponseJSONValue] successfully performed. With the following test data [title]. @20-09-2021 01:55:49.0205 AM
[ReportManager] API Action [GetResponseJSONValue] successfully performed. With the following test data [title]. @20-09-2021 01:55:49.0213 AM
[ReportManager] API Action [GetResponseJSONValue] successfully performed. With the following test data [title]. @20-09-2021 01:55:49.0221 AM
[ReportManager] API Action [GetResponseJSONValue] successfully performed. With the following test data [title]. @20-09-2021 01:55:49.0228 AM
[ReportManager] API Action [GetResponseJSONValue] successfully performed. With the following test data [title]. @20-09-2021 01:55:49.0236 AM
[ReportManager] API Action [GetResponseJSONValue] successfully performed. With the following test data [title]. @20-09-2021 01:55:49.0251 AM
[ReportManager] API Action [GetResponseJSONValue] successfully performed. With the following test data [title]. @20-09-2021 01:55:49.0261 AM
[ReportManager] API Action [GetResponseJSONValue] successfully performed. With the following test data [title]. @20-09-2021 01:55:49.0270 AM
[ReportManager] API Action [GetResponseJSONValue] successfully performed. With the following test data [title]. @20-09-2021 01:55:49.0279 AM
[ReportManager] API Action [GetResponseJSONValue] successfully performed. With the following test data [title]. @20-09-2021 01:55:49.0287 AM
[ReportManager] API Action [GetResponseJSONValue] successfully performed. With the following test data [title]. @20-09-2021 01:55:49.0296 AM
[ReportManager] API Action [GetResponseJSONValue] successfully performed. With the following test data [title]. @20-09-2021 01:55:49.0305 AM
[ReportManager] API Action [GetResponseJSONValue] successfully performed. With the following test data [title]. @20-09-2021 01:55:49.0313 AM
[ReportManager] API Action [GetResponseJSONValue] successfully performed. With the following test data [title]. @20-09-2021 01:55:49.0321 AM
[ReportManager] API Action [GetResponseJSONValue] successfully performed. With the following test data [title]. @20-09-2021 01:55:49.0330 AM
[ReportManager] API Action [GetResponseJSONValue] successfully performed. With the following test data [title]. @20-09-2021 01:55:49.0338 AM
[ReportManager] API Action [GetResponseJSONValue] successfully performed. With the following test data [title]. @20-09-2021 01:55:49.0346 AM
[ReportManager] API Action [GetResponseJSONValue] successfully performed. With the following test data [title]. @20-09-2021 01:55:49.0359 AM
[ReportManager] API Action [GetResponseJSONValue] successfully performed. With the following test data [title]. @20-09-2021 01:55:49.0368 AM
[ReportManager] API Action [GetResponseJSONValue] successfully performed. With the following test data [title]. @20-09-2021 01:55:49.0376 AM
[ReportManager] API Action [GetResponseJSONValue] successfully performed. With the following test data [title]. @20-09-2021 01:55:49.0385 AM
[ReportManager] API Action [GetResponseJSONValue] successfully performed. With the following test data [title]. @20-09-2021 01:55:49.0394 AM
[ReportManager] API Action [GetResponseJSONValue] successfully performed. With the following test data [title]. @20-09-2021 01:55:49.0403 AM
[ReportManager] API Action [GetResponseJSONValue] successfully performed. With the following test data [title]. @20-09-2021 01:55:49.0413 AM
[ReportManager] API Action [GetResponseJSONValue] successfully performed. With the following test data [title]. @20-09-2021 01:55:49.0424 AM
[ReportManager] API Action [GetResponseJSONValue] successfully performed. With the following test data [title]. @20-09-2021 01:55:49.0434 AM
[ReportManager] API Action [GetResponseJSONValue] successfully performed. With the following test data [title]. @20-09-2021 01:55:49.0445 AM
[ReportManager] API Action [GetResponseJSONValue] successfully performed. With the following test data [title]. @20-09-2021 01:55:49.0455 AM
[ReportManager] API Action [GetResponseJSONValue] successfully performed. With the following test data [title]. @20-09-2021 01:55:49.0466 AM
[ReportManager] API Action [GetResponseJSONValue] successfully performed. With the following test data [title]. @20-09-2021 01:55:49.0476 AM
[ReportManager] API Action [GetResponseJSONValue] successfully performed. With the following test data [title]. @20-09-2021 01:55:49.0486 AM
[ReportManager] API Action [GetResponseJSONValue] successfully performed. With the following test data [title]. @20-09-2021 01:55:49.0494 AM
[ReportManager] API Action [GetResponseJSONValue] successfully performed. With the following test data [title]. @20-09-2021 01:55:49.0502 AM
[ReportManager] API Action [GetResponseJSONValue] successfully performed. With the following test data [title]. @20-09-2021 01:55:49.0510 AM
[ReportManager] API Action [GetResponseJSONValue] successfully performed. With the following test data [title]. @20-09-2021 01:55:49.0519 AM
[ReportManager] API Action [GetResponseJSONValue] successfully performed. With the following test data [title]. @20-09-2021 01:55:49.0527 A

################################################################################################################################################
Starting Execution:	[48 out of 143] test cases in the current suite
Test Method:		[unitTests.tests_restActions.validateUserEmail]
################################################################################################################################################
[ReportManager] Response status code: [200], status line: [HTTP/1.1 200 OK] @20-09-2021 01:55:49.0623 AM
[ReportManager] Assertion Passed: Evaluating the actual response status code against the expected one... @20-09-2021 01:55:49.0624 AM
[ReportManager] Assertion [ValidateEquals] PASSED. Expected [200] and Actual [200]. Comparison Type [EQUALS]. Validation Type [POSITIVE]. @20-09-2021 01:55:49.0624 AM
[ReportManager] API Action [PerformRequest] successfully performed. With the following test data [Request Type: "GET" | Target Status Code: "200" | Service URL: "https://jsonplaceholder.typicode.com/users" | Content Type: "*/*" | Response Time: "72ms"]. @20-09-2021 01:55:49.0645 AM
[ReportManager] Successfully created attachment [API Request - Specifications] @20-09-2021 01:55:49.0646 AM
[ReportManager] Successfully created attachment [API Response - JSON Body] @20-09-2021 01:55:49.0646 AM
[ReportManager] Assertion [ValidateEquals] PASSED. Expected and Actual values are attached. Comparison Type [CONTAINS]. Validation Type [POSITIVE]. @20-09-2021 01:55:49.0646 AM
[ReportManager] Successfully created attachment [Validation Test Data - Expected Value] @20-09-2021 01:55:49.0647 AM
[ReportManager] Successfully created attachment [Validation Test Data - Actual Value] @20-09-2021 01:55:49.0647 AM
[ReportManager] API Action [GetResponseJSONValueAsList] successfully performed. With the following test data [$]. @20-09-2021 01:55:49.0651 AM
[ReportManager] API Action [GetResponseJSONValue] successfully performed. With the following test data [name]. @20-09-2021 01:55:49.0661 AM
[ReportManager] API Action [GetResponseJSONValue] successfully performed. With the following test data [email]. @20-09-2021 01:55:49.0669 AM
[ReportManager] Assertion [ValidateEquals] PASSED. Expected [Sincere@april.biz] and Actual [Sincere@april.biz]. Comparison Type [EQUALS]. Validation Type [POSITIVE]. @20-09-2021 01:55:49.0669 AM
[ReportManager] API Action [GetResponseJSONValue] successfully performed. With the following test data [name]. @20-09-2021 01:55:49.0677 AM
[ReportManager] API Action [GetResponseJSONValue] successfully performed. With the following test data [name]. @20-09-2021 01:55:49.0686 AM
[ReportManager] API Action [GetResponseJSONValue] successfully performed. With the following test data [name]. @20-09-2021 01:55:49.0694 AM
[ReportManager] API Action [GetResponseJSONValue] successfully performed. With the following test data [name]. @20-09-2021 01:55:49.0705 AM
[ReportManager] API Action [GetResponseJSONValue] successfully performed. With the following test data [name]. @20-09-2021 01:55:49.0718 AM
[ReportManager] API Action [GetResponseJSONValue] successfully performed. With the following test data [name]. @20-09-2021 01:55:49.0730 AM
[ReportManager] API Action [GetResponseJSONValue] successfully performed. With the following test data [name]. @20-09-2021 01:55:49.0739 AM
[ReportManager] API Action [GetResponseJSONValue] successfully performed. With the following test data [name]. @20-09-2021 01:55:49.0750 AM
[ReportManager] API Action [GetResponseJSONValue] successfully performed. With the following test data [name]. @20-09-2021 01:55:49.0761 A
[ReportManager] File Action [GetAbsolutePath] successfully performed. With the following test data [Relative Folder Path: "target/downloadedFiles/"]. @20-09-2021 01:55:49.0766 AM
[ReportManager] Attempting to run remotely on: [Linux-64], [GoogleChrome], [http://localhost:4444/wd/hub], Headless Execution. @20-09-2021 01:55:49.0766 AM
[ReportManager] Successfully Opened [GoogleChrome]. @20-09-2021 01:55:50.0049 A

################################################################################################################################################
Starting Execution:	[49 out of 143] test cases in the current suite
Test Method:		[unitTests.tests_element_elementActions.waitForElementToBePresent_false_expectedToFail]
################################################################################################################################################
[ReportManager] Target URL: [https://www.google.com/ncr], and after redirection: [www.google.com] @20-09-2021 01:55:50.0067 AM
[ReportManager] Initial URL: [data:,] @20-09-2021 01:55:50.0134 AM
[ReportManager] Browser Action [NavigateToURL] successfully performed. With the following test data [https://www.google.com/ncr]. @20-09-2021 01:55:50.0991 AM
[ReportManager] Waiting for element to be present; elementLocator [By.xpath: //*[@id='hplogo' or @alt='Google']], numberOfTries[1], stateOfPresence[false]... @20-09-2021 01:55:50.0997 AM
[ReportManager] Element Action [WaitForElementToBePresent] failed. With the following test data [waited for the element's state of presence to be (false). Element locator (By.xpath: //*[@id='hplogo' or @alt='Google'])]. @20-09-2021 01:55:51.0226 AM
[ReportManager] Successfully created attachment [Screenshot - 1632102951158_waitForElementToBePresent_false_expectedToFail_WaitForElementToBePresent_failed] @20-09-2021 01:55:51.0227 A
[ReportManager] Browser Action [CloseCurrentWindow] successfully performed. @20-09-2021 01:55:51.0355 AM
[ReportManager] Successfully created attachment [Browser Action Test Data - CloseCurrentWindow - Actual Value] @20-09-2021 01:55:51.0356 A
[ReportManager] File Action [GetAbsolutePath] successfully performed. With the following test data [Relative Folder Path: "target/downloadedFiles/"]. @20-09-2021 01:55:51.0360 AM
[ReportManager] Attempting to run remotely on: [Linux-64], [GoogleChrome], [http://localhost:4444/wd/hub], Headless Execution. @20-09-2021 01:55:51.0360 AM
[ReportManager] Successfully Opened [GoogleChrome]. @20-09-2021 01:55:51.0579 A

################################################################################################################################################
Starting Execution:	[50 out of 143] test cases in the current suite
Test Method:		[unitTests.tests_element_elementActions.waitForElementToBePresent_false_expectedToPass]
################################################################################################################################################
[ReportManager] Target URL: [https://www.google.com/ncr], and after redirection: [www.google.com] @20-09-2021 01:55:51.0610 AM
[ReportManager] Initial URL: [data:,] @20-09-2021 01:55:51.0672 AM
[ReportManager] Browser Action [NavigateToURL] successfully performed. With the following test data [https://www.google.com/ncr]. @20-09-2021 01:55:52.0549 AM
[ReportManager] Waiting for element to be present; elementLocator [By.id: bla], numberOfTries[1], stateOfPresence[false]... @20-09-2021 01:55:52.0550 AM
[ReportManager] Element Action [WaitForElementToBePresent] successfully performed. With the following test data [waited for the element's state of presence to be (false). Element locator (By.id: bla)]. @20-09-2021 01:55:57.0669 A
[ReportManager] Browser Action [CloseCurrentWindow] successfully performed. @20-09-2021 01:55:57.0790 AM
[ReportManager] Successfully created attachment [Browser Action Test Data - CloseCurrentWindow - Actual Value] @20-09-2021 01:55:57.0791 A
[ReportManager] File Action [GetAbsolutePath] successfully performed. With the following test data [Relative Folder Path: "target/downloadedFiles/"]. @20-09-2021 01:55:57.0795 AM
[ReportManager] Attempting to run remotely on: [Linux-64], [GoogleChrome], [http://localhost:4444/wd/hub], Headless Execution. @20-09-2021 01:55:57.0795 AM
[ReportManager] Successfully Opened [GoogleChrome]. @20-09-2021 01:55:58.0004 A

################################################################################################################################################
Starting Execution:	[51 out of 143] test cases in the current suite
Test Method:		[unitTests.tests_element_elementActions.waitForElementToBePresent_moreThanOneElement_expectedToFail]
################################################################################################################################################
[ReportManager] Target URL: [https://www.google.com/ncr], and after redirection: [www.google.com] @20-09-2021 01:55:58.0025 AM
[ReportManager] Initial URL: [data:,] @20-09-2021 01:55:58.0090 AM
[ReportManager] Browser Action [NavigateToURL] successfully performed. With the following test data [https://www.google.com/ncr]. @20-09-2021 01:55:58.0937 AM
[ReportManager] Waiting for element to be present; elementLocator [By.xpath: //*], numberOfTries[1], stateOfPresence[false]... @20-09-2021 01:55:58.0937 AM
[ReportManager] Element Action [WaitForElementToBePresent] failed. With the following test data [waited for the element's state of presence to be (false). Element locator (By.xpath: //*)]. @20-09-2021 01:55:59.0142 AM
[ReportManager] Successfully created attachment [Screenshot - 1632102959075_waitForElementToBePresent_moreThanOneElement_expectedToFail_WaitForElementToBePresent_failed] @20-09-2021 01:55:59.0142 A
[ReportManager] Browser Action [CloseCurrentWindow] successfully performed. @20-09-2021 01:55:59.0271 AM
[ReportManager] Successfully created attachment [Browser Action Test Data - CloseCurrentWindow - Actual Value] @20-09-2021 01:55:59.0272 A
[ReportManager] File Action [GetAbsolutePath] successfully performed. With the following test data [Relative Folder Path: "target/downloadedFiles/"]. @20-09-2021 01:55:59.0275 AM
[ReportManager] Attempting to run remotely on: [Linux-64], [GoogleChrome], [http://localhost:4444/wd/hub], Headless Execution. @20-09-2021 01:55:59.0275 AM
[ReportManager] Successfully Opened [GoogleChrome]. @20-09-2021 01:55:59.0490 A

################################################################################################################################################
Starting Execution:	[52 out of 143] test cases in the current suite
Test Method:		[unitTests.tests_element_elementActions.waitForElementToBePresent_true_expectedToFail]
################################################################################################################################################
[ReportManager] Target URL: [https://www.google.com/ncr], and after redirection: [www.google.com] @20-09-2021 01:55:59.0504 AM
[ReportManager] Initial URL: [data:,] @20-09-2021 01:55:59.0551 AM
[ReportManager] Browser Action [NavigateToURL] successfully performed. With the following test data [https://www.google.com/ncr]. @20-09-2021 01:56:00.0425 AM
[ReportManager] Waiting for element to be present; elementLocator [By.id: bla], numberOfTries[1], stateOfPresence[true]... @20-09-2021 01:56:00.0425 AM
[ReportManager] Element Action [WaitForElementToBePresent] failed. With the following test data [waited for the element's state of presence to be (true). Element locator (By.id: bla)]. @20-09-2021 01:56:05.0674 AM
[ReportManager] Successfully created attachment [Screenshot - 1632102965608_waitForElementToBePresent_true_expectedToFail_WaitForElementToBePresent_failed] @20-09-2021 01:56:05.0675 A
[ReportManager] Browser Action [CloseCurrentWindow] successfully performed. @20-09-2021 01:56:05.0797 AM
[ReportManager] Successfully created attachment [Browser Action Test Data - CloseCurrentWindow - Actual Value] @20-09-2021 01:56:05.0799 A
[ReportManager] File Action [GetAbsolutePath] successfully performed. With the following test data [Relative Folder Path: "target/downloadedFiles/"]. @20-09-2021 01:56:05.0802 AM
[ReportManager] Attempting to run remotely on: [Linux-64], [GoogleChrome], [http://localhost:4444/wd/hub], Headless Execution. @20-09-2021 01:56:05.0802 AM
[ReportManager] Successfully Opened [GoogleChrome]. @20-09-2021 01:56:06.0030 A

################################################################################################################################################
Starting Execution:	[53 out of 143] test cases in the current suite
Test Method:		[unitTests.tests_element_elementActions.waitForElementToBePresent_true_expectedToPass]
################################################################################################################################################
[ReportManager] Target URL: [https://www.google.com/ncr], and after redirection: [www.google.com] @20-09-2021 01:56:06.0043 AM
[ReportManager] Initial URL: [data:,] @20-09-2021 01:56:06.0106 AM
[ReportManager] Browser Action [NavigateToURL] successfully performed. With the following test data [https://www.google.com/ncr]. @20-09-2021 01:56:06.0932 AM
[ReportManager] Waiting for element to be present; elementLocator [By.xpath: //*[@id='hplogo' or @alt='Google']], numberOfTries[1], stateOfPresence[true]... @20-09-2021 01:56:06.0932 AM
[ReportManager] Element Action [WaitForElementToBePresent] successfully performed. With the following test data [waited for the element's state of presence to be (true). Element locator (By.xpath: //*[@id='hplogo' or @alt='Google'])]. @20-09-2021 01:56:06.0989 AM
[ReportManager] File Action [DoesFileExist] successfully performed. With the following test data [File Path: "src/test/resources/DynamicObjectRepository/unitTests_tests_element_elementActions_waitForElementToBePresent_true_expectedToPass_By_xpath_id_hplogo_or_alt_Google.png"]. @20-09-2021 01:56:06.0992 AM
[ReportManager] File Action [DoesFileExist] successfully performed. With the following test data [File Path: "src/test/resources/DynamicObjectRepository/unitTests_tests_element_elementActions_waitForElementToBePresent_true_expectedToPass_By_xpath_id_hplogo_or_alt_Google.png"]. @20-09-2021 01:56:07.0166 AM
[ReportManager] Passing the test and saving a reference image @20-09-2021 01:56:07.0166 AM
[ReportManager] File Action [GetAbsolutePath] successfully performed. With the following test data [Relative File Path: "src/test/resources/DynamicObjectRepository/unitTests_tests_element_elementActions_waitForElementToBePresent_true_expectedToPass_By_xpath_id_hplogo_or_alt_Google.png"]. @20-09-2021 01:56:07.0166 AM
[ReportManager] File Action [WriteToFile] successfully performed. With the following test data [Target File Path: "/home/runner/work/SHAFT_ENGINE/SHAFT_ENGINE/src/test/resources/DynamicObjectRepository/unitTests_tests_element_elementActions_waitForElementToBePresent_true_expectedToPass_By_xpath_id_hplogo_or_alt_Google.png"]. @20-09-2021 01:56:07.0168 AM
[ReportManager] Assertion Passed: Using Visual AI; OpenCV @20-09-2021 01:56:07.0168 AM
[ReportManager] Successfully created attachment [Validation Test Data - Actual Screenshot] @20-09-2021 01:56:07.0169 AM
[ReportManager] Assertion [ValidateElementMatches] PASSED. Expected [Element should match the reference screenshot] and Actual [TRUE]. Comparison Type [EXACT_OPENCV]. Validation Type [POSITIVE]. @20-09-2021 01:56:07.0169 A
[ReportManager] Browser Action [CloseCurrentWindow] successfully performed. @20-09-2021 01:56:07.0292 AM
[ReportManager] Successfully created attachment [Browser Action Test Data - CloseCurrentWindow - Actual Value] @20-09-2021 01:56:07.0293 A
[ReportManager] File Action [GetAbsolutePath] successfully performed. With the following test data [Relative Folder Path: "target/downloadedFiles/"]. @20-09-2021 01:56:07.0296 AM
[ReportManager] Attempting to run remotely on: [Linux-64], [GoogleChrome], [http://localhost:4444/wd/hub], Headless Execution. @20-09-2021 01:56:07.0296 AM
[ReportManager] Successfully Opened [GoogleChrome]. @20-09-2021 01:56:07.0528 AM
[ReportManager] Target URL: [https://duckduckgo.com] @20-09-2021 01:56:07.0545 AM
[ReportManager] Initial URL: [data:,] @20-09-2021 01:56:07.0588 AM
[ReportManager] Browser Action [NavigateToURL] successfully performed. With the following test data [https://duckduckgo.com]. @20-09-2021 01:56:08.0249 A

################################################################################################################################################
Starting Execution:	[54 out of 143] test cases in the current suite
Test Method:		[unitTests.tests_browserActions.fullScreenWindow]
################################################################################################################################################
[ReportManager] Initial Windows Size: 800x600 @20-09-2021 01:56:08.0258 AM
[ReportManager] Initial window size: (800, 600) @20-09-2021 01:56:08.0260 AM
[ReportManager] Window size after Toolkit: (1920, 1080) @20-09-2021 01:56:08.0479 AM
[ReportManager] Browser Action [MaximizeWindow] successfully performed. With the following test data [New screen size is now: (1920, 1080)]. @20-09-2021 01:56:08.0487 AM
[ReportManager] Current Windows Size after fullScreen: 1920x1080 @20-09-2021 01:56:08.0493 AM
[ReportManager] Browser Action [FullScreenWindow] successfully performed. @20-09-2021 01:56:08.0509 AM
[ReportManager] Successfully created attachment [Browser Action Test Data - FullScreenWindow - Actual Value] @20-09-2021 01:56:08.0512 A
[ReportManager] Target URL: [https://duckduckgo.com] @20-09-2021 01:56:08.0514 AM
[ReportManager] Initial URL: [https://duckduckgo.com] @20-09-2021 01:56:08.0594 AM
[ReportManager] Browser Action [NavigateToURL] successfully performed. With the following test data [https://duckduckgo.com]. @20-09-2021 01:56:08.0938 AM
[ReportManager] Browser Action [CloseCurrentWindow] successfully performed. @20-09-2021 01:56:09.0046 AM
[ReportManager] Successfully created attachment [Browser Action Test Data - CloseCurrentWindow - Actual Value] @20-09-2021 01:56:09.0051 A
[ReportManager] File Action [GetAbsolutePath] successfully performed. With the following test data [Relative Folder Path: "target/downloadedFiles/"]. @20-09-2021 01:56:09.0055 AM
[ReportManager] Attempting to run remotely on: [Linux-64], [GoogleChrome], [http://localhost:4444/wd/hub], Headless Execution. @20-09-2021 01:56:09.0055 AM
[ReportManager] Successfully Opened [GoogleChrome]. @20-09-2021 01:56:09.0255 AM
[ReportManager] Target URL: [https://duckduckgo.com] @20-09-2021 01:56:09.0275 AM
[ReportManager] Initial URL: [data:,] @20-09-2021 01:56:09.0327 AM
[ReportManager] Browser Action [NavigateToURL] successfully performed. With the following test data [https://duckduckgo.com]. @20-09-2021 01:56:09.0949 A

################################################################################################################################################
Starting Execution:	[55 out of 143] test cases in the current suite
Test Method:		[unitTests.tests_browserActions.getCurrentURL]
################################################################################################################################################
[ReportManager] Browser Action [GetCurrentURL] successfully performed. With the following test data [https://duckduckgo.com/]. @20-09-2021 01:56:09.0996 A
[ReportManager] Target URL: [https://duckduckgo.com] @20-09-2021 01:56:09.0998 AM
[ReportManager] Initial URL: [https://duckduckgo.com] @20-09-2021 01:56:10.0098 AM
[ReportManager] Browser Action [NavigateToURL] successfully performed. With the following test data [https://duckduckgo.com]. @20-09-2021 01:56:10.0458 AM
[ReportManager] Browser Action [CloseCurrentWindow] successfully performed. @20-09-2021 01:56:10.0564 AM
[ReportManager] Successfully created attachment [Browser Action Test Data - CloseCurrentWindow - Actual Value] @20-09-2021 01:56:10.0565 A
[ReportManager] File Action [GetAbsolutePath] successfully performed. With the following test data [Relative Folder Path: "target/downloadedFiles/"]. @20-09-2021 01:56:10.0567 AM
[ReportManager] Attempting to run remotely on: [Linux-64], [GoogleChrome], [http://localhost:4444/wd/hub], Headless Execution. @20-09-2021 01:56:10.0567 AM
[ReportManager] Successfully Opened [GoogleChrome]. @20-09-2021 01:56:10.0773 AM
[ReportManager] Target URL: [https://duckduckgo.com] @20-09-2021 01:56:10.0782 AM
[ReportManager] Initial URL: [data:,] @20-09-2021 01:56:10.0828 AM
[ReportManager] Browser Action [NavigateToURL] successfully performed. With the following test data [https://duckduckgo.com]. @20-09-2021 01:56:11.0339 A

################################################################################################################################################
Starting Execution:	[56 out of 143] test cases in the current suite
Test Method:		[unitTests.tests_browserActions.getCurrentWindowTitle]
################################################################################################################################################
[ReportManager] Browser Action [GetCurrentWindowTitle] successfully performed. With the following test data [DuckDuckGo  Privacy, simplified.]. @20-09-2021 01:56:11.0391 A
[ReportManager] Target URL: [https://duckduckgo.com] @20-09-2021 01:56:11.0396 AM
[ReportManager] Initial URL: [https://duckduckgo.com] @20-09-2021 01:56:11.0504 AM
[ReportManager] Browser Action [NavigateToURL] successfully performed. With the following test data [https://duckduckgo.com]. @20-09-2021 01:56:11.0867 AM
[ReportManager] Browser Action [CloseCurrentWindow] successfully performed. @20-09-2021 01:56:11.0992 AM
[ReportManager] Successfully created attachment [Browser Action Test Data - CloseCurrentWindow - Actual Value] @20-09-2021 01:56:11.0992 A
[ReportManager] File Action [GetAbsolutePath] successfully performed. With the following test data [Relative Folder Path: "target/downloadedFiles/"]. @20-09-2021 01:56:11.0995 AM
[ReportManager] Attempting to run remotely on: [Linux-64], [GoogleChrome], [http://localhost:4444/wd/hub], Headless Execution. @20-09-2021 01:56:11.0995 AM
[ReportManager] Successfully Opened [GoogleChrome]. @20-09-2021 01:56:12.0308 AM
[ReportManager] Target URL: [https://duckduckgo.com] @20-09-2021 01:56:12.0328 AM
[ReportManager] Initial URL: [data:,] @20-09-2021 01:56:12.0417 AM
[ReportManager] Browser Action [NavigateToURL] successfully performed. With the following test data [https://duckduckgo.com]. @20-09-2021 01:56:13.0038 A

################################################################################################################################################
Starting Execution:	[57 out of 143] test cases in the current suite
Test Method:		[unitTests.tests_browserActions.getPageSource]
################################################################################################################################################
[ReportManager] Browser Action [GetPageSource] successfully performed. @20-09-2021 01:56:13.0089 AM
[ReportManager] Successfully created attachment [Browser Action Test Data - GetPageSource - Actual Value] @20-09-2021 01:56:13.0090 A
[ReportManager] Target URL: [https://duckduckgo.com] @20-09-2021 01:56:13.0093 AM
[ReportManager] Initial URL: [https://duckduckgo.com] @20-09-2021 01:56:13.0162 AM
[ReportManager] Browser Action [NavigateToURL] successfully performed. With the following test data [https://duckduckgo.com]. @20-09-2021 01:56:13.0506 AM
[ReportManager] Browser Action [CloseCurrentWindow] successfully performed. @20-09-2021 01:56:13.0611 AM
[ReportManager] Successfully created attachment [Browser Action Test Data - CloseCurrentWindow - Actual Value] @20-09-2021 01:56:13.0612 A
[ReportManager] File Action [GetAbsolutePath] successfully performed. With the following test data [Relative Folder Path: "target/downloadedFiles/"]. @20-09-2021 01:56:13.0614 AM
[ReportManager] Attempting to run remotely on: [Linux-64], [GoogleChrome], [http://localhost:4444/wd/hub], Headless Execution. @20-09-2021 01:56:13.0614 AM
[ReportManager] Successfully Opened [GoogleChrome]. @20-09-2021 01:56:13.0889 AM
[ReportManager] Target URL: [https://duckduckgo.com] @20-09-2021 01:56:13.0899 AM
[ReportManager] Initial URL: [data:,] @20-09-2021 01:56:13.0943 AM
[ReportManager] Browser Action [NavigateToURL] successfully performed. With the following test data [https://duckduckgo.com]. @20-09-2021 01:56:14.0483 A

################################################################################################################################################
Starting Execution:	[58 out of 143] test cases in the current suite
Test Method:		[unitTests.tests_browserActions.getWindowHandle]
################################################################################################################################################
[ReportManager] Browser Action [GetWindowHandle] successfully performed. With the following test data [CDwindow-97931F81CE9197A59D02C86B289967BB]. @20-09-2021 01:56:14.0515 A
[ReportManager] Target URL: [https://duckduckgo.com] @20-09-2021 01:56:14.0517 AM
[ReportManager] Initial URL: [https://duckduckgo.com] @20-09-2021 01:56:14.0571 AM
[ReportManager] Browser Action [NavigateToURL] successfully performed. With the following test data [https://duckduckgo.com]. @20-09-2021 01:56:14.0919 AM
[ReportManager] Browser Action [CloseCurrentWindow] successfully performed. @20-09-2021 01:56:15.0026 AM
[ReportManager] Successfully created attachment [Browser Action Test Data - CloseCurrentWindow - Actual Value] @20-09-2021 01:56:15.0026 A
[ReportManager] File Action [GetAbsolutePath] successfully performed. With the following test data [Relative Folder Path: "target/downloadedFiles/"]. @20-09-2021 01:56:15.0030 AM
[ReportManager] Attempting to run remotely on: [Linux-64], [GoogleChrome], [http://localhost:4444/wd/hub], Headless Execution. @20-09-2021 01:56:15.0030 AM
[ReportManager] Successfully Opened [GoogleChrome]. @20-09-2021 01:56:15.0251 AM
[ReportManager] Target URL: [https://duckduckgo.com] @20-09-2021 01:56:15.0261 AM
[ReportManager] Initial URL: [data:,] @20-09-2021 01:56:15.0300 AM
[ReportManager] Browser Action [NavigateToURL] successfully performed. With the following test data [https://duckduckgo.com]. @20-09-2021 01:56:15.0834 A

################################################################################################################################################
Starting Execution:	[59 out of 143] test cases in the current suite
Test Method:		[unitTests.tests_browserActions.getWindowPosition]
################################################################################################################################################
[ReportManager] Browser Action [GetWindowPosition] successfully performed. With the following test data [(0, 0)]. @20-09-2021 01:56:15.0879 A
[ReportManager] Target URL: [https://duckduckgo.com] @20-09-2021 01:56:15.0883 AM
[ReportManager] Initial URL: [https://duckduckgo.com] @20-09-2021 01:56:15.0954 AM
[ReportManager] Browser Action [NavigateToURL] successfully performed. With the following test data [https://duckduckgo.com]. @20-09-2021 01:56:16.0283 AM
[ReportManager] Browser Action [CloseCurrentWindow] successfully performed. @20-09-2021 01:56:16.0383 AM
[ReportManager] Successfully created attachment [Browser Action Test Data - CloseCurrentWindow - Actual Value] @20-09-2021 01:56:16.0384 A
[ReportManager] File Action [GetAbsolutePath] successfully performed. With the following test data [Relative Folder Path: "target/downloadedFiles/"]. @20-09-2021 01:56:16.0386 AM
[ReportManager] Attempting to run remotely on: [Linux-64], [GoogleChrome], [http://localhost:4444/wd/hub], Headless Execution. @20-09-2021 01:56:16.0386 AM
[ReportManager] Successfully Opened [GoogleChrome]. @20-09-2021 01:56:16.0599 AM
[ReportManager] Target URL: [https://duckduckgo.com] @20-09-2021 01:56:16.0621 AM
[ReportManager] Initial URL: [data:,] @20-09-2021 01:56:16.0664 AM
[ReportManager] Browser Action [NavigateToURL] successfully performed. With the following test data [https://duckduckgo.com]. @20-09-2021 01:56:17.0194 A

################################################################################################################################################
Starting Execution:	[60 out of 143] test cases in the current suite
Test Method:		[unitTests.tests_browserActions.getWindowSize]
################################################################################################################################################
[ReportManager] Browser Action [GetWindowSize] successfully performed. With the following test data [(800, 600)]. @20-09-2021 01:56:17.0236 A
[ReportManager] Target URL: [https://duckduckgo.com] @20-09-2021 01:56:17.0239 AM
[ReportManager] Initial URL: [https://duckduckgo.com] @20-09-2021 01:56:17.0293 AM
[ReportManager] Browser Action [NavigateToURL] successfully performed. With the following test data [https://duckduckgo.com]. @20-09-2021 01:56:17.0596 AM
[ReportManager] Browser Action [CloseCurrentWindow] successfully performed. @20-09-2021 01:56:17.0701 AM
[ReportManager] Successfully created attachment [Browser Action Test Data - CloseCurrentWindow - Actual Value] @20-09-2021 01:56:17.0702 A
[ReportManager] File Action [GetAbsolutePath] successfully performed. With the following test data [Relative Folder Path: "target/downloadedFiles/"]. @20-09-2021 01:56:17.0704 AM
[ReportManager] Attempting to run remotely on: [Linux-64], [GoogleChrome], [http://localhost:4444/wd/hub], Headless Execution. @20-09-2021 01:56:17.0704 AM
[ReportManager] Successfully Opened [GoogleChrome]. @20-09-2021 01:56:17.0949 AM
[ReportManager] Target URL: [https://duckduckgo.com] @20-09-2021 01:56:17.0962 AM
[ReportManager] Initial URL: [data:,] @20-09-2021 01:56:18.0013 AM
[ReportManager] Browser Action [NavigateToURL] successfully performed. With the following test data [https://duckduckgo.com]. @20-09-2021 01:56:18.0532 A

################################################################################################################################################
Starting Execution:	[61 out of 143] test cases in the current suite
Test Method:		[unitTests.tests_browserActions.maximizeWindow]
################################################################################################################################################
[ReportManager] Initial window size: (800, 600) @20-09-2021 01:56:18.0540 AM
[ReportManager] Window size after Toolkit: (1920, 1080) @20-09-2021 01:56:18.0764 AM
[ReportManager] Browser Action [MaximizeWindow] successfully performed. With the following test data [New screen size is now: (1920, 1080)]. @20-09-2021 01:56:18.0767 A
[ReportManager] Target URL: [https://duckduckgo.com] @20-09-2021 01:56:18.0768 AM
[ReportManager] Initial URL: [https://duckduckgo.com] @20-09-2021 01:56:18.0839 AM
[ReportManager] Browser Action [NavigateToURL] successfully performed. With the following test data [https://duckduckgo.com]. @20-09-2021 01:56:19.0210 AM
[ReportManager] Browser Action [CloseCurrentWindow] successfully performed. @20-09-2021 01:56:19.0322 AM
[ReportManager] Successfully created attachment [Browser Action Test Data - CloseCurrentWindow - Actual Value] @20-09-2021 01:56:19.0323 A
[ReportManager] File Action [GetAbsolutePath] successfully performed. With the following test data [Relative Folder Path: "target/downloadedFiles/"]. @20-09-2021 01:56:19.0327 AM
[ReportManager] Attempting to run remotely on: [Linux-64], [GoogleChrome], [http://localhost:4444/wd/hub], Headless Execution. @20-09-2021 01:56:19.0327 AM
[ReportManager] Successfully Opened [GoogleChrome]. @20-09-2021 01:56:19.0558 AM
[ReportManager] Target URL: [https://duckduckgo.com] @20-09-2021 01:56:19.0584 AM
[ReportManager] Initial URL: [data:,] @20-09-2021 01:56:19.0638 AM
[ReportManager] Browser Action [NavigateToURL] successfully performed. With the following test data [https://duckduckgo.com]. @20-09-2021 01:56:20.0160 A

################################################################################################################################################
Starting Execution:	[62 out of 143] test cases in the current suite
Test Method:		[unitTests.tests_browserActions.navigateBack]
################################################################################################################################################
[ReportManager] Target URL: [https://www.google.com/ncr], and after redirection: [https://www.google.com] @20-09-2021 01:56:20.0165 AM
[ReportManager] Initial URL: [https://duckduckgo.com] @20-09-2021 01:56:20.0260 AM
[ReportManager] Browser Action [NavigateToURL] successfully performed. With the following test data [https://www.google.com/ncr]. @20-09-2021 01:56:21.0721 AM
[ReportManager] Browser Action [NavigateBack] successfully performed. With the following test data [https://duckduckgo.com/]. @20-09-2021 01:56:22.0112 AM
[ReportManager] Browser Action [GetCurrentURL] successfully performed. With the following test data [https://duckduckgo.com/]. @20-09-2021 01:56:22.0143 AM
[ReportManager] Assertion Passed: Confirming that navigating back was successful @20-09-2021 01:56:22.0278 AM
[ReportManager] Successfully created attachment [Screenshot - 1632102982211_navigateBack_ValidateBrowserAttribute_passed] @20-09-2021 01:56:22.0279 AM
[ReportManager] Assertion [ValidateBrowserAttribute] PASSED. Expected [Value Should be 'https://duckduckgo.com' for the 'CurrentUrl' attribute] and Actual [https://duckduckgo.com/]. Comparison Type [CONTAINS]. Validation Type [POSITIVE]. @20-09-2021 01:56:22.0279 A
[ReportManager] Target URL: [https://duckduckgo.com] @20-09-2021 01:56:22.0285 AM
[ReportManager] Initial URL: [https://duckduckgo.com] @20-09-2021 01:56:22.0356 AM
[ReportManager] Browser Action [NavigateToURL] successfully performed. With the following test data [https://duckduckgo.com]. @20-09-2021 01:56:22.0787 AM
[ReportManager] Browser Action [CloseCurrentWindow] successfully performed. @20-09-2021 01:56:22.0898 AM
[ReportManager] Successfully created attachment [Browser Action Test Data - CloseCurrentWindow - Actual Value] @20-09-2021 01:56:22.0899 A
[ReportManager] File Action [GetAbsolutePath] successfully performed. With the following test data [Relative Folder Path: "target/downloadedFiles/"]. @20-09-2021 01:56:22.0902 AM
[ReportManager] Attempting to run remotely on: [Linux-64], [GoogleChrome], [http://localhost:4444/wd/hub], Headless Execution. @20-09-2021 01:56:22.0902 AM
[ReportManager] Successfully Opened [GoogleChrome]. @20-09-2021 01:56:23.0167 AM
[ReportManager] Target URL: [https://duckduckgo.com] @20-09-2021 01:56:23.0179 AM
[ReportManager] Initial URL: [data:,] @20-09-2021 01:56:23.0222 AM
[ReportManager] Browser Action [NavigateToURL] successfully performed. With the following test data [https://duckduckgo.com]. @20-09-2021 01:56:23.0770 A

################################################################################################################################################
Starting Execution:	[63 out of 143] test cases in the current suite
Test Method:		[unitTests.tests_browserActions.navigateForward]
################################################################################################################################################
[ReportManager] Target URL: [https://www.google.com/ncr], and after redirection: [https://www.google.com] @20-09-2021 01:56:23.0773 AM
[ReportManager] Initial URL: [https://duckduckgo.com] @20-09-2021 01:56:23.0852 AM
[ReportManager] Browser Action [NavigateToURL] successfully performed. With the following test data [https://www.google.com/ncr]. @20-09-2021 01:56:24.0672 AM
[ReportManager] Browser Action [NavigateBack] successfully performed. With the following test data [https://duckduckgo.com/]. @20-09-2021 01:56:25.0055 AM
[ReportManager] Browser Action [NavigateForward] successfully performed. With the following test data [https://www.google.com/]. @20-09-2021 01:56:25.0495 A
[ReportManager] Target URL: [https://duckduckgo.com] @20-09-2021 01:56:25.0500 AM
[ReportManager] Initial URL: [https://www.google.com] @20-09-2021 01:56:25.0575 AM
[ReportManager] Browser Action [NavigateToURL] successfully performed. With the following test data [https://duckduckgo.com]. @20-09-2021 01:56:26.0056 AM
[ReportManager] Browser Action [CloseCurrentWindow] successfully performed. @20-09-2021 01:56:26.0174 AM
[ReportManager] Successfully created attachment [Browser Action Test Data - CloseCurrentWindow - Actual Value] @20-09-2021 01:56:26.0175 A
[ReportManager] File Action [GetAbsolutePath] successfully performed. With the following test data [Relative Folder Path: "target/downloadedFiles/"]. @20-09-2021 01:56:26.0179 AM
[ReportManager] Attempting to run remotely on: [Linux-64], [GoogleChrome], [http://localhost:4444/wd/hub], Headless Execution. @20-09-2021 01:56:26.0181 AM
[ReportManager] Successfully Opened [GoogleChrome]. @20-09-2021 01:56:26.0397 AM
[ReportManager] Target URL: [https://duckduckgo.com] @20-09-2021 01:56:26.0407 AM
[ReportManager] Initial URL: [data:,] @20-09-2021 01:56:26.0447 AM
[ReportManager] Browser Action [NavigateToURL] successfully performed. With the following test data [https://duckduckgo.com]. @20-09-2021 01:56:26.0956 A

################################################################################################################################################
Starting Execution:	[64 out of 143] test cases in the current suite
Test Method:		[unitTests.tests_browserActions.navigateToURL]
################################################################################################################################################
[ReportManager] Target URL: [https://duckduckgo.com] @20-09-2021 01:56:26.0960 AM
[ReportManager] Initial URL: [https://duckduckgo.com] @20-09-2021 01:56:27.0019 AM
[ReportManager] Browser Action [NavigateToURL] successfully performed. With the following test data [https://duckduckgo.com]. @20-09-2021 01:56:27.0342 A
[ReportManager] Target URL: [https://duckduckgo.com] @20-09-2021 01:56:27.0346 AM
[ReportManager] Initial URL: [https://duckduckgo.com] @20-09-2021 01:56:27.0398 AM
[ReportManager] Browser Action [NavigateToURL] successfully performed. With the following test data [https://duckduckgo.com]. @20-09-2021 01:56:27.0700 AM
[ReportManager] Browser Action [CloseCurrentWindow] successfully performed. @20-09-2021 01:56:27.0801 AM
[ReportManager] Successfully created attachment [Browser Action Test Data - CloseCurrentWindow - Actual Value] @20-09-2021 01:56:27.0802 A
[ReportManager] File Action [GetAbsolutePath] successfully performed. With the following test data [Relative Folder Path: "target/downloadedFiles/"]. @20-09-2021 01:56:27.0803 AM
[ReportManager] Attempting to run remotely on: [Linux-64], [GoogleChrome], [http://localhost:4444/wd/hub], Headless Execution. @20-09-2021 01:56:27.0804 AM
[ReportManager] Successfully Opened [GoogleChrome]. @20-09-2021 01:56:28.0044 AM
[ReportManager] Target URL: [https://duckduckgo.com] @20-09-2021 01:56:28.0057 AM
[ReportManager] Initial URL: [data:,] @20-09-2021 01:56:28.0097 AM
[ReportManager] Browser Action [NavigateToURL] successfully performed. With the following test data [https://duckduckgo.com]. @20-09-2021 01:56:28.0610 A

################################################################################################################################################
Starting Execution:	[65 out of 143] test cases in the current suite
Test Method:		[unitTests.tests_browserActions.navigateToURLWithRedirection]
################################################################################################################################################
[ReportManager] Target URL: [https://www.google.com/ncr], and after redirection: [https://www.google.com] @20-09-2021 01:56:28.0615 AM
[ReportManager] Initial URL: [https://duckduckgo.com] @20-09-2021 01:56:28.0669 AM
[ReportManager] Browser Action [NavigateToURL] successfully performed. With the following test data [https://www.google.com/ncr]. @20-09-2021 01:56:29.0936 A
[ReportManager] Target URL: [https://duckduckgo.com] @20-09-2021 01:56:29.0939 AM
[ReportManager] Initial URL: [https://www.google.com] @20-09-2021 01:56:30.0020 AM
[ReportManager] Browser Action [NavigateToURL] successfully performed. With the following test data [https://duckduckgo.com]. @20-09-2021 01:56:30.0525 AM
[ReportManager] Browser Action [CloseCurrentWindow] successfully performed. @20-09-2021 01:56:30.0628 AM
[ReportManager] Successfully created attachment [Browser Action Test Data - CloseCurrentWindow - Actual Value] @20-09-2021 01:56:30.0628 A
[ReportManager] File Action [GetAbsolutePath] successfully performed. With the following test data [Relative Folder Path: "target/downloadedFiles/"]. @20-09-2021 01:56:30.0630 AM
[ReportManager] Attempting to run remotely on: [Linux-64], [GoogleChrome], [http://localhost:4444/wd/hub], Headless Execution. @20-09-2021 01:56:30.0631 AM
[ReportManager] Successfully Opened [GoogleChrome]. @20-09-2021 01:56:30.0838 AM
[ReportManager] Target URL: [https://duckduckgo.com] @20-09-2021 01:56:30.0848 AM
[ReportManager] Initial URL: [data:,] @20-09-2021 01:56:30.0887 AM
[ReportManager] Browser Action [NavigateToURL] successfully performed. With the following test data [https://duckduckgo.com]. @20-09-2021 01:56:31.0420 A

################################################################################################################################################
Starting Execution:	[66 out of 143] test cases in the current suite
Test Method:		[unitTests.tests_browserActions.refreshCurrentPage]
################################################################################################################################################
[ReportManager] Browser Action [RefreshCurrentPage] successfully performed. @20-09-2021 01:56:31.0623 AM
[ReportManager] Successfully created attachment [Browser Action Test Data - RefreshCurrentPage - Actual Value] @20-09-2021 01:56:31.0623 A
[ReportManager] Target URL: [https://duckduckgo.com] @20-09-2021 01:56:31.0627 AM
[ReportManager] Initial URL: [https://duckduckgo.com] @20-09-2021 01:56:31.0702 AM
[ReportManager] Browser Action [NavigateToURL] successfully performed. With the following test data [https://duckduckgo.com]. @20-09-2021 01:56:31.0993 AM
[ReportManager] Browser Action [CloseCurrentWindow] successfully performed. @20-09-2021 01:56:32.0093 AM
[ReportManager] Successfully created attachment [Browser Action Test Data - CloseCurrentWindow - Actual Value] @20-09-2021 01:56:32.0094 A
[ReportManager] File Action [GetAbsolutePath] successfully performed. With the following test data [Relative Folder Path: "target/downloadedFiles/"]. @20-09-2021 01:56:32.0101 AM
[ReportManager] Attempting to run remotely on: [Linux-64], [GoogleChrome], [http://localhost:4444/wd/hub], Headless Execution. @20-09-2021 01:56:32.0102 AM
[ReportManager] Successfully Opened [GoogleChrome]. @20-09-2021 01:56:32.0304 AM
[ReportManager] Target URL: [https://duckduckgo.com] @20-09-2021 01:56:32.0317 AM
[ReportManager] Initial URL: [data:,] @20-09-2021 01:56:32.0364 AM
[ReportManager] Browser Action [NavigateToURL] successfully performed. With the following test data [https://duckduckgo.com]. @20-09-2021 01:56:32.0892 A

################################################################################################################################################
Starting Execution:	[67 out of 143] test cases in the current suite
Test Method:		[unitTests.tests_browserActions.setWindowSize]
################################################################################################################################################
[ReportManager] Initial window size: (800, 600) @20-09-2021 01:56:32.0902 AM
[ReportManager] Window size after SWD: (1280, 720) @20-09-2021 01:56:33.0120 AM
[ReportManager] Browser Action [SetWindowSize] successfully performed. With the following test data [New screen size is now: (1280, 720)]. @20-09-2021 01:56:33.0121 A
[ReportManager] Target URL: [https://duckduckgo.com] @20-09-2021 01:56:33.0128 AM
[ReportManager] Initial URL: [https://duckduckgo.com] @20-09-2021 01:56:33.0196 AM
[ReportManager] Browser Action [NavigateToURL] successfully performed. With the following test data [https://duckduckgo.com]. @20-09-2021 01:56:33.0549 AM
[ReportManager] Browser Action [CloseCurrentWindow] successfully performed. @20-09-2021 01:56:33.0653 AM
[ReportManager] Successfully created attachment [Browser Action Test Data - CloseCurrentWindow - Actual Value] @20-09-2021 01:56:33.0654 A
[ReportManager] Successfully loaded the following test data file [src/test/resources/TestDataFiles/testSuite01/TestData.xlsx]. @20-09-2021 01:56:34.0459 AM
[ReportManager] Successfully created attachment [Test Data - Excel] @20-09-2021 01:56:34.0459 A

################################################################################################################################################
Starting Execution:	[68 out of 143] test cases in the current suite
Test Method:		[unitTests.tests_io_excelFileManager.getCellData_rowName_expectedToPass]
################################################################################################################################################
[ReportManager] testRowData. @20-09-2021 01:56:34.0470 A
[ReportManager] Successfully loaded the following test data file [src/test/resources/TestDataFiles/testSuite01/TestData.xlsx]. @20-09-2021 01:56:34.0502 AM
[ReportManager] Successfully created attachment [Test Data - Excel] @20-09-2021 01:56:34.0502 AM
[ReportManager] File Action [GetAbsolutePath] successfully performed. With the following test data [Relative Folder Path: "target/downloadedFiles/"]. @20-09-2021 01:56:34.0502 AM
[ReportManager] Attempting to run remotely on: [Linux-64], [GoogleChrome], [http://localhost:4444/wd/hub], Headless Execution. @20-09-2021 01:56:34.0503 AM
[ReportManager] Successfully Opened [GoogleChrome]. @20-09-2021 01:56:34.0707 A

################################################################################################################################################
Starting Execution:	[69 out of 143] test cases in the current suite
Test Method:		[testPackage01.Test_google.navigateToURLandVerifyGoogleLogoIsDisplayed]
Test Description:	[TC001 - Navigate to URL and Verify Google Logo is Displayed]
################################################################################################################################################
[ReportManager] Target URL: [https://www.google.com/ncr], and after redirection: [https://www.google.com] @20-09-2021 01:56:34.0723 AM
[ReportManager] Initial URL: [data:,] @20-09-2021 01:56:34.0779 AM
[ReportManager] Browser Action [NavigateToURL] successfully performed. With the following test data [https://www.google.com/ncr]. @20-09-2021 01:56:35.0639 AM
[ReportManager] Loaded Shared OpenCV @20-09-2021 01:56:35.0847 AM
[ReportManager] Assertion [ValidateElementExists] PASSED. Expected [Element Should Exist, locator 'By.xpath: //*[@id='hplogo' or @alt='Google']'] and Actual [Element Exists]. Comparison Type [EQUALS]. Validation Type [POSITIVE]. @20-09-2021 01:56:35.0927 AM
[ReportManager] Successfully created attachment [Screenshot - 1632102995847_navigateToURLandVerifyGoogleLogoIsDisplayed_ValidateElementExists_passed] @20-09-2021 01:56:35.0928 A

################################################################################################################################################
Starting Execution:	[70 out of 143] test cases in the current suite
Test Method:		[testPackage01.Test_google.searchForQueryandAssertResultsNumDisplayed]
Test Description:	[TC002 - Search for Query and Assert that the number of results is displayed]
################################################################################################################################################
[ReportManager] Element Action [Type] successfully performed. With the following test data [SHAFT_Engine]. @20-09-2021 01:56:36.0362 AM
[ReportManager] Element Action [KeyPress] successfully performed. With the following test data [Enter]. @20-09-2021 01:56:37.0701 AM
[ReportManager] Element Action [GetText] successfully performed. With the following test data [About 899,000 results (0.59 seconds) ]. @20-09-2021 01:56:37.0810 AM
[ReportManager] Loaded Shared OpenCV @20-09-2021 01:56:37.0969 AM
[ReportManager] Assertion [ValidateElementAttribute] PASSED. Expected [Value Should not be '' for the 'Text' attribute, element locator 'By.id: appbar'] and Actual [About 899,000 results (0.59 seconds) ]. Comparison Type [EQUALS]. Validation Type [NEGATIVE]. @20-09-2021 01:56:38.0062 AM
[ReportManager] Successfully created attachment [Screenshot - 1632102997968_searchForQueryandAssertResultsNumDisplayed_ValidateElementAttribute_passed] @20-09-2021 01:56:38.0064 A

################################################################################################################################################
Starting Execution:	[71 out of 143] test cases in the current suite
Test Method:		[testPackage01.Test_google.clickNextThrice]
Test Description:	[TC003 - Clicks the next button to make sure that the framework can scroll element into view before clicking it]
################################################################################################################################################
[ReportManager] Element Action [Click] successfully performed. With the following test data [Next]. @20-09-2021 01:56:39.0483 A
[ReportManager] Browser Action [CloseCurrentWindow] successfully performed. @20-09-2021 01:56:39.0711 AM
[ReportManager] Successfully created attachment [Browser Action Test Data - CloseCurrentWindow - Actual Value] @20-09-2021 01:56:39.0713 A

################################################################################################################################################
Starting Execution:	[72 out of 143] test cases in the current suite
Test Method:		[testPackage01.Test_testData.f]
################################################################################################################################################
[ReportManager] Successfully loaded the following test data file [src/test/resources/TestDataFiles/testSuite01/TestData.xlsx]. @20-09-2021 01:56:39.0759 AM
[ReportManager] Successfully created attachment [Test Data - Excel] @20-09-2021 01:56:39.0760 AM
[ReportManager] Last Column Number is: [3]. Zero-based. @20-09-2021 01:56:39.0760 A

################################################################################################################################################
Starting Execution:	[73 out of 143] test cases in the current suite
Test Method:		[testPackage01.Test_JSONFileManager.readStringFromJson]
################################################################################################################################################
[ReportManager] Successfully loaded the following test data file [src/test/resources/TestDataFiles/simpleJSON.json]. @20-09-2021 01:56:39.0767 AM
[ReportManager] Successfully created attachment [Test Data - JSON] @20-09-2021 01:56:39.0767 AM
[ReportManager] Assertion [ValidateEquals] PASSED. Expected [Mohab Mohie] and Actual [Mohab Mohie]. Comparison Type [EQUALS]. Validation Type [POSITIVE]. @20-09-2021 01:56:39.0781 A
[ReportManager] File Action [GetAbsolutePath] successfully performed. With the following test data [Relative Folder Path: "target/downloadedFiles/"]. @20-09-2021 01:56:39.0785 AM
[ReportManager] Attempting to run remotely on: [Linux-64], [GoogleChrome], [http://localhost:4444/wd/hub], Headless Execution. @20-09-2021 01:56:39.0786 AM
[ReportManager] Successfully Opened [GoogleChrome]. @20-09-2021 01:56:40.0092 A

################################################################################################################################################
Starting Execution:	[74 out of 143] test cases in the current suite
Test Method:		[testPackage01.Test_dragAndDrop.dragAndDropJquery]
################################################################################################################################################
[ReportManager] Target URL: [https://jqueryui.com/resources/demos/droppable/default.html] @20-09-2021 01:56:40.0110 AM
[ReportManager] Initial URL: [data:,] @20-09-2021 01:56:40.0155 AM
[ReportManager] Browser Action [NavigateToURL] successfully performed. With the following test data [https://jqueryui.com/resources/demos/droppable/default.html]. @20-09-2021 01:56:40.0496 AM
[ReportManager] Element Action [GetText] successfully performed. With the following test data [Drop here]. @20-09-2021 01:56:40.0595 AM
[ReportManager] Element Action [DragAndDrop] successfully performed. With the following test data [Start point: (8, 18), End point: (8, 18)]. @20-09-2021 01:56:42.0029 AM
[ReportManager] Element Action [GetText] successfully performed. With the following test data [Dropped!]. @20-09-2021 01:56:42.0099 AM
[ReportManager] Assertion Passed: Checking to see if the text has changed after performing drag and drop @20-09-2021 01:56:42.0100 AM
[ReportManager] Assertion [ValidateEquals] PASSED. Expected [Drop here] and Actual [Dropped!]. Comparison Type [EQUALS]. Validation Type [NEGATIVE]. @20-09-2021 01:56:42.0100 A
[ReportManager] Browser Action [CloseCurrentWindow] successfully performed. @20-09-2021 01:56:42.0214 AM
[ReportManager] Successfully created attachment [Browser Action Test Data - CloseCurrentWindow - Actual Value] @20-09-2021 01:56:42.0215 A
[ReportManager] File Action [GetAbsolutePath] successfully performed. With the following test data [Relative Folder Path: "target/downloadedFiles/"]. @20-09-2021 01:56:42.0216 AM
[ReportManager] Attempting to run remotely on: [Linux-64], [GoogleChrome], [http://localhost:4444/wd/hub], Headless Execution. @20-09-2021 01:56:42.0217 AM
[ReportManager] Successfully Opened [GoogleChrome]. @20-09-2021 01:56:42.0490 A

################################################################################################################################################
Starting Execution:	[75 out of 143] test cases in the current suite
Test Method:		[testPackage01.Test_dragAndDrop.dragAndDrop]
Test Description:	[TC001 - Test Drag and Drop function.]
################################################################################################################################################
[ReportManager] Target URL: [http://the-internet.herokuapp.com/drag_and_drop] @20-09-2021 01:56:42.0508 AM
[ReportManager] Initial URL: [data:,] @20-09-2021 01:56:42.0556 AM
[ReportManager] Browser Action [NavigateToURL] successfully performed. With the following test data [http://the-internet.herokuapp.com/drag_and_drop]. @20-09-2021 01:56:42.0962 AM
[ReportManager] Attempting Drag and Drop @20-09-2021 01:56:42.0962 AM
[ReportManager] Element Action [DragAndDrop] successfully performed. With the following test data [Start point: (32, 89), End point: (247, 89)]. @20-09-2021 01:56:44.0175 A
[ReportManager] Browser Action [CloseCurrentWindow] successfully performed. @20-09-2021 01:56:44.0269 AM
[ReportManager] Successfully created attachment [Browser Action Test Data - CloseCurrentWindow - Actual Value] @20-09-2021 01:56:44.0270 A
[ReportManager] File Action [GetAbsolutePath] successfully performed. With the following test data [Relative Folder Path: "target/downloadedFiles/"]. @20-09-2021 01:56:44.0277 AM
[ReportManager] Attempting to run remotely on: [Linux-64], [GoogleChrome], [http://localhost:4444/wd/hub], Headless Execution. @20-09-2021 01:56:44.0277 AM
[ReportManager] Successfully Opened [GoogleChrome]. @20-09-2021 01:56:44.0587 A

################################################################################################################################################
Starting Execution:	[76 out of 143] test cases in the current suite
Test Method:		[testPackage01.Test_dragAndDrop.dragAndDropByOffset]
Test Description:	[TC002 - Test Drag and Drop by offset function.]
################################################################################################################################################
[ReportManager] Target URL: [https://jqueryui.com/resources/demos/draggable/default.html] @20-09-2021 01:56:44.0601 AM
[ReportManager] Initial URL: [data:,] @20-09-2021 01:56:44.0665 AM
[ReportManager] Browser Action [NavigateToURL] successfully performed. With the following test data [https://jqueryui.com/resources/demos/draggable/default.html]. @20-09-2021 01:56:45.0060 AM
[ReportManager] Element Action [DragAndDropByOffset] successfully performed. With the following test data [Start point: (8, 8), End point: (108, 58)]. @20-09-2021 01:56:45.0235 A
[ReportManager] Browser Action [CloseCurrentWindow] successfully performed. @20-09-2021 01:56:45.0337 AM
[ReportManager] Successfully created attachment [Browser Action Test Data - CloseCurrentWindow - Actual Value] @20-09-2021 01:56:45.0338 A
[ReportManager] File Action [GetAbsolutePath] successfully performed. With the following test data [Relative Folder Path: "target/downloadedFiles/"]. @20-09-2021 01:56:45.0339 AM
[ReportManager] Attempting to run remotely on: [Linux-64], [GoogleChrome], [http://localhost:4444/wd/hub], Headless Execution. @20-09-2021 01:56:45.0339 AM
[ReportManager] Successfully Opened [GoogleChrome]. @20-09-2021 01:56:45.0621 A

################################################################################################################################################
Starting Execution:	[77 out of 143] test cases in the current suite
Test Method:		[testPackage01.Test_verifyEquals.test_assertElementAttribute]
################################################################################################################################################
[ReportManager] Target URL: [https://www.google.com/ncr], and after redirection: [https://www.google.com] @20-09-2021 01:56:45.0638 AM
[ReportManager] Initial URL: [data:,] @20-09-2021 01:56:45.0680 AM
[ReportManager] Browser Action [NavigateToURL] successfully performed. With the following test data [https://www.google.com/ncr]. @20-09-2021 01:56:46.0686 AM
[ReportManager] Element Action [Type] successfully performed. With the following test data [INC_004010050:Another SCHEDULER with the same name [Duplicate Job Name] already exists.]. @20-09-2021 01:56:47.0618 AM
[ReportManager] Element Action [GetText] successfully performed. With the following test data [INC_004010050:Another SCHEDULER with the same name [Duplicate Job Name] already exists.]. @20-09-2021 01:56:47.0716 AM
[ReportManager] Loaded Shared OpenCV @20-09-2021 01:56:47.0844 AM
[ReportManager] Verification [ValidateElementAttribute] PASSED. Expected [Value Should be 'INC_004010050:Another SCHEDULER with the same name \[Duplicate Job Name\] already exists.' for the 'text' attribute, element locator 'By.name: q'] and Actual [INC_004010050:Another SCHEDULER with the same name [Duplicate Job Name] already exists.]. Comparison Type [MATCHES]. Validation Type [POSITIVE]. @20-09-2021 01:56:47.0923 AM
[ReportManager] Successfully created attachment [Screenshot - 1632103007844_test_assertElementAttribute_ValidateElementAttribute_passed] @20-09-2021 01:56:47.0924 A
[ReportManager] Browser Action [CloseCurrentWindow] successfully performed. @20-09-2021 01:56:48.0049 AM
[ReportManager] Successfully created attachment [Browser Action Test Data - CloseCurrentWindow - Actual Value] @20-09-2021 01:56:48.0050 A
[ReportManager] Successfully loaded the following test data file [src/test/resources/TestDataFiles/testSuite01/TestData.xlsx]. @20-09-2021 01:56:48.0137 AM
[ReportManager] Successfully created attachment [Test Data - Excel] @20-09-2021 01:56:48.0138 AM
[ReportManager] Attempting to run using Playwright locally on: [Linux-64], [GoogleChrome], Headless Execution. @20-09-2021 01:57:02.0774 AM
[ReportManager] File Action [GetAbsolutePath] successfully performed. With the following test data [Relative Folder Path: "target/downloadedFiles/"]. @20-09-2021 01:57:02.0775 AM
[ReportManager] Initial window size: (1280, 720) @20-09-2021 01:57:03.0530 AM
[ReportManager] Window size after Toolkit: com.microsoft.playwright.options.ViewportSize@19775f20 @20-09-2021 01:57:03.0542 AM
[ReportManager] Browser Action [MaximizeWindow] successfully performed. With the following test data [New screen size is now: (1920, 1080)]. @20-09-2021 01:57:03.0543 A

################################################################################################################################################
Starting Execution:	[78 out of 143] test cases in the current suite
Test Method:		[testPackage01.Test_google_playwright.navigateToURLandVerifyGoogleLogoIsDisplayed]
Test Description:	[TC001 - Navigate to URL and Verify Google Logo is Displayed]
################################################################################################################################################
[ReportManager] Target URL: [https://www.google.com/ncr], and after redirection: [https://www.google.com] @20-09-2021 01:57:03.0549 AM
[ReportManager] Initial URL: [about:blank] @20-09-2021 01:57:04.0020 AM
[ReportManager] Browser Action [NavigateToURL] successfully performed. With the following test data [https://www.google.com/ncr]. @20-09-2021 01:57:05.0364 AM
[ReportManager] Loaded Shared OpenCV @20-09-2021 01:57:05.0584 AM
[ReportManager] Assertion [ValidateElementExists] PASSED. Expected [Element Should Exist, locator 'xpath=//*[@id='hplogo' or @alt='Google']'] and Actual [Element Exists]. Comparison Type [EQUALS]. Validation Type [POSITIVE]. @20-09-2021 01:57:05.0844 AM
[ReportManager] Successfully created attachment [Screenshot - 1632103025581_navigateToURLandVerifyGoogleLogoIsDisplayed_ValidateElementExists_passed] @20-09-2021 01:57:05.0845 A

################################################################################################################################################
Starting Execution:	[79 out of 143] test cases in the current suite
Test Method:		[testPackage01.Test_google_playwright.searchForQueryandAssertResultsNumDisplayed]
Test Description:	[TC002 - Search for Query and Assert that the number of results is displayed]
################################################################################################################################################
[ReportManager] Element Action [Type] successfully performed. With the following test data [SHAFT_Engine]. @20-09-2021 01:57:06.0110 AM
[ReportManager] Element Action [KeyPress] successfully performed. With the following test data [Enter]. @20-09-2021 01:57:06.0143 AM
[ReportManager] Element Action [GetText] successfully performed. With the following test data [About 899,000 results (0.75 seconds)]. @20-09-2021 01:57:07.0146 AM
[ReportManager] Loaded Shared OpenCV @20-09-2021 01:57:08.0588 AM
[ReportManager] Assertion [ValidateElementAttribute] PASSED. Expected [Value Should not be '' for the 'text' attribute, element locator 'xpath=//div[@id='appbar']'] and Actual [About 899,000 results (0.75 seconds)]. Comparison Type [EQUALS]. Validation Type [NEGATIVE]. @20-09-2021 01:57:08.0850 AM
[ReportManager] Successfully created attachment [Screenshot - 1632103028587_searchForQueryandAssertResultsNumDisplayed_ValidateElementAttribute_passed] @20-09-2021 01:57:08.0852 A

################################################################################################################################################
Starting Execution:	[80 out of 143] test cases in the current suite
Test Method:		[testPackage01.Test_google_playwright.clickNextThrice]
Test Description:	[TC003 - Clicks the next button to make sure that the framework can scroll element into view before clicking it]
################################################################################################################################################
[ReportManager] Element Action [Click] successfully performed. With the following test data [Next]. @20-09-2021 01:57:09.0164 A
[ReportManager] Failed to find video recording. @20-09-2021 01:57:09.0165 AM
[ReportManager] Successfully Closed PlayWright Driver. @20-09-2021 01:57:09.0221 A

################################################################################################################################################
Starting Execution:	[81 out of 143] test cases in the current suite
Test Method:		[testPackage01.Test_JsonActions.f]
###############################################################################################################################################

################################################################################################################################################
Starting Execution:	[82 out of 143] test cases in the current suite
Test Method:		[testPackage01.Test_JsonActions.f2]
###############################################################################################################################################

################################################################################################################################################
Starting Execution:	[83 out of 143] test cases in the current suite
Test Method:		[testPackage01.Test_AssertApiResponseEquals.assertApiResponseEquals_expectedToPass]
################################################################################################################################################
[ReportManager] Response status code: [200], status line: [HTTP/1.1 200 OK] @20-09-2021 01:57:09.0318 AM
[ReportManager] Assertion Passed: Evaluating the actual response status code against the expected one... @20-09-2021 01:57:09.0318 AM
[ReportManager] Assertion [ValidateEquals] PASSED. Expected [200] and Actual [200]. Comparison Type [EQUALS]. Validation Type [POSITIVE]. @20-09-2021 01:57:09.0323 AM
[ReportManager] API Action [PerformRequest] successfully performed. With the following test data [Request Type: "GET" | Target Status Code: "200" | Service URL: "https://jsonplaceholder.typicode.com/users" | Content Type: "*/*" | Response Time: "65ms"]. @20-09-2021 01:57:09.0347 AM
[ReportManager] Successfully created attachment [API Request - Specifications] @20-09-2021 01:57:09.0347 AM
[ReportManager] Successfully created attachment [API Response - JSON Body] @20-09-2021 01:57:09.0348 AM
[ReportManager] API Action [GetResponseJSONValueAsList] successfully performed. With the following test data [$]. @20-09-2021 01:57:09.0352 AM
[ReportManager] API Action [GetResponseJSONValue] successfully performed. With the following test data [name]. @20-09-2021 01:57:09.0365 AM
[ReportManager] API Action [GetResponseJSONValue] successfully performed. With the following test data [email]. @20-09-2021 01:57:09.0377 AM
[ReportManager] Verification [ValidateEquals] PASSED. Expected [Sincere@april.biz] and Actual [Sincere@april.biz]. Comparison Type [EQUALS]. Validation Type [POSITIVE]. @20-09-2021 01:57:09.0377 AM
[ReportManager] API Action [GetResponseJSONValue] successfully performed. With the following test data [username]. @20-09-2021 01:57:09.0388 AM
[ReportManager] Assertion [ValidateEquals] PASSED. Expected [Bret] and Actual [Bret]. Comparison Type [EQUALS]. Validation Type [POSITIVE]. @20-09-2021 01:57:09.0388 AM
[ReportManager] API Action [GetResponseJSONValue] successfully performed. With the following test data [name]. @20-09-2021 01:57:09.0399 AM
[ReportManager] API Action [GetResponseJSONValue] successfully performed. With the following test data [name]. @20-09-2021 01:57:09.0413 AM
[ReportManager] API Action [GetResponseJSONValue] successfully performed. With the following test data [name]. @20-09-2021 01:57:09.0424 AM
[ReportManager] API Action [GetResponseJSONValue] successfully performed. With the following test data [name]. @20-09-2021 01:57:09.0434 AM
[ReportManager] API Action [GetResponseJSONValue] successfully performed. With the following test data [name]. @20-09-2021 01:57:09.0446 AM
[ReportManager] API Action [GetResponseJSONValue] successfully performed. With the following test data [name]. @20-09-2021 01:57:09.0459 AM
[ReportManager] API Action [GetResponseJSONValue] successfully performed. With the following test data [name]. @20-09-2021 01:57:09.0470 AM
[ReportManager] API Action [GetResponseJSONValue] successfully performed. With the following test data [name]. @20-09-2021 01:57:09.0488 AM
[ReportManager] API Action [GetResponseJSONValue] successfully performed. With the following test data [name]. @20-09-2021 01:57:09.0550 A
[ReportManager] File Action [GetAbsolutePath] successfully performed. With the following test data [Relative Folder Path: "target/downloadedFiles/"]. @20-09-2021 01:57:09.0553 AM
[ReportManager] Attempting to run remotely on: [Linux-64], [GoogleChrome], [http://localhost:4444/wd/hub], Headless Execution. @20-09-2021 01:57:09.0554 AM
[ReportManager] Successfully Opened [GoogleChrome]. @20-09-2021 01:57:09.0838 A

################################################################################################################################################
Starting Execution:	[84 out of 143] test cases in the current suite
Test Method:		[testPackage01.Test_ShadowDOM.shadowdom]
################################################################################################################################################
[ReportManager] Target URL: [https://mdn.github.io/web-components-examples/popup-info-box-web-component/] @20-09-2021 01:57:09.0849 AM
[ReportManager] Initial URL: [data:,] @20-09-2021 01:57:09.0891 AM
[ReportManager] Browser Action [NavigateToURL] successfully performed. With the following test data [https://mdn.github.io/web-components-examples/popup-info-box-web-component/]. @20-09-2021 01:57:10.0099 AM
[ReportManager] Element Action [Type] successfully performed. With the following test data [Typing into SHADOW DOM...]. @20-09-2021 01:57:10.0370 AM
[ReportManager] Element Action [GetText] successfully performed. With the following test data [Typing into SHADOW DOM...]. @20-09-2021 01:57:10.0464 AM
[ReportManager] Loaded Shared OpenCV @20-09-2021 01:57:10.0582 AM
[ReportManager] Assertion [ValidateElementAttribute] PASSED. Expected [Value Should be 'Typing into SHADOW DOM...' for the 'Text' attribute, element locator 'By.id: cvc'] and Actual [Typing into SHADOW DOM...]. Comparison Type [EQUALS]. Validation Type [POSITIVE]. @20-09-2021 01:57:10.0654 AM
[ReportManager] Successfully created attachment [Screenshot - 1632103030582_shadowdom_ValidateElementAttribute_passed] @20-09-2021 01:57:10.0655 A
[ReportManager] Browser Action [CloseCurrentWindow] successfully performed. @20-09-2021 01:57:10.0740 AM
[ReportManager] Successfully created attachment [Browser Action Test Data - CloseCurrentWindow - Actual Value] @20-09-2021 01:57:10.0740 A

################################################################################################################################################
Starting Execution:	[85 out of 143] test cases in the current suite
Test Method:		[testPackage01.Test_SelectedValue.multipleSelect]
################################################################################################################################################
[ReportManager] File Action [GetAbsolutePath] successfully performed. With the following test data [Relative Folder Path: "target/downloadedFiles/"]. @20-09-2021 01:57:10.0744 AM
[ReportManager] Attempting to run remotely on: [Linux-64], [GoogleChrome], [http://localhost:4444/wd/hub], Headless Execution. @20-09-2021 01:57:10.0744 AM
[ReportManager] Successfully Opened [GoogleChrome]. @20-09-2021 01:57:10.0947 AM
[ReportManager] Target URL: [https://yari-demos.prod.mdn.mozit.cloud/en-US/docs/Web/HTML/Element/select/_sample_.Advanced_select_with_multiple_features.html] @20-09-2021 01:57:10.0963 AM
[ReportManager] Initial URL: [data:,] @20-09-2021 01:57:11.0001 AM
[ReportManager] Browser Action [NavigateToURL] successfully performed. With the following test data [https://yari-demos.prod.mdn.mozit.cloud/en-US/docs/Web/HTML/Element/select/_sample_.Advanced_select_with_multiple_features.html]. @20-09-2021 01:57:11.0284 AM
[ReportManager] Element Action [Select] successfully performed. With the following test data [Dog]. @20-09-2021 01:57:11.0541 AM
[ReportManager] Element Action [Select] successfully performed. With the following test data [Cat]. @20-09-2021 01:57:11.0784 AM
[ReportManager] Element Action [GetSelectedText] successfully performed. With the following test data [DogCat]. @20-09-2021 01:57:11.0936 AM
[ReportManager] DogCat @20-09-2021 01:57:11.0936 AM
[ReportManager] Element Action [GetSelectedText] successfully performed. With the following test data [DogCat]. @20-09-2021 01:57:12.0083 AM
[ReportManager] Loaded Shared OpenCV @20-09-2021 01:57:12.0197 AM
[ReportManager] Assertion [ValidateElementAttribute] PASSED. Expected [Value Should be 'DogCat' for the 'selectedText' attribute, element locator 'By.tagName: select'] and Actual [DogCat]. Comparison Type [EQUALS]. Validation Type [POSITIVE]. @20-09-2021 01:57:12.0292 AM
[ReportManager] Successfully created attachment [Screenshot - 1632103032197_multipleSelect_ValidateElementAttribute_passed] @20-09-2021 01:57:12.0293 AM
[ReportManager] Browser Action [CloseCurrentWindow] successfully performed. @20-09-2021 01:57:12.0388 AM
[ReportManager] Successfully created attachment [Browser Action Test Data - CloseCurrentWindow - Actual Value] @20-09-2021 01:57:12.0388 A

################################################################################################################################################
Starting Execution:	[86 out of 143] test cases in the current suite
Test Method:		[testPackage01.Test_SelectedValue.simpleSelect]
################################################################################################################################################
[ReportManager] File Action [GetAbsolutePath] successfully performed. With the following test data [Relative Folder Path: "target/downloadedFiles/"]. @20-09-2021 01:57:12.0394 AM
[ReportManager] Attempting to run remotely on: [Linux-64], [GoogleChrome], [http://localhost:4444/wd/hub], Headless Execution. @20-09-2021 01:57:12.0395 AM
[ReportManager] Successfully Opened [GoogleChrome]. @20-09-2021 01:57:12.0596 AM
[ReportManager] Target URL: [https://yari-demos.prod.mdn.mozit.cloud/en-US/docs/Web/HTML/Element/select/_sample_.Basic_select.html] @20-09-2021 01:57:12.0616 AM
[ReportManager] Initial URL: [data:,] @20-09-2021 01:57:12.0659 AM
[ReportManager] Browser Action [NavigateToURL] successfully performed. With the following test data [https://yari-demos.prod.mdn.mozit.cloud/en-US/docs/Web/HTML/Element/select/_sample_.Basic_select.html]. @20-09-2021 01:57:12.0859 AM
[ReportManager] Element Action [Select] successfully performed. With the following test data [Third Value]. @20-09-2021 01:57:13.0159 AM
[ReportManager] Element Action [GetSelectedText] successfully performed. With the following test data [Third Value]. @20-09-2021 01:57:13.0278 AM
[ReportManager] Third Value @20-09-2021 01:57:13.0278 AM
[ReportManager] Element Action [GetSelectedText] successfully performed. With the following test data [Third Value]. @20-09-2021 01:57:13.0374 AM
[ReportManager] Loaded Shared OpenCV @20-09-2021 01:57:13.0494 AM
[ReportManager] Assertion [ValidateElementAttribute] PASSED. Expected [Value Should be 'Third Value' for the 'selectedText' attribute, element locator 'By.tagName: select'] and Actual [Third Value]. Comparison Type [EQUALS]. Validation Type [POSITIVE]. @20-09-2021 01:57:13.0562 AM
[ReportManager] Successfully created attachment [Screenshot - 1632103033494_simpleSelect_ValidateElementAttribute_passed] @20-09-2021 01:57:13.0563 AM
[ReportManager] Browser Action [CloseCurrentWindow] successfully performed. @20-09-2021 01:57:13.0649 AM
[ReportManager] Successfully created attachment [Browser Action Test Data - CloseCurrentWindow - Actual Value] @20-09-2021 01:57:13.0649 A
[ReportManager] File Action [GetAbsolutePath] successfully performed. With the following test data [Relative Folder Path: "target/downloadedFiles/"]. @20-09-2021 01:57:13.0652 AM
[ReportManager] Attempting to run remotely on: [Linux-64], [GoogleChrome], [http://localhost:4444/wd/hub], Headless Execution. @20-09-2021 01:57:13.0652 AM
[ReportManager] Successfully Opened [GoogleChrome]. @20-09-2021 01:57:13.0861 A

################################################################################################################################################
Starting Execution:	[87 out of 143] test cases in the current suite
Test Method:		[testPackage01.Test_IsElementClickable.testIsElementClickable]
################################################################################################################################################
[ReportManager] Target URL: [https://the-internet.herokuapp.com/] @20-09-2021 01:57:13.0887 AM
[ReportManager] Initial URL: [data:,] @20-09-2021 01:57:13.0957 AM
[ReportManager] Browser Action [NavigateToURL] successfully performed. With the following test data [https://the-internet.herokuapp.com/]. @20-09-2021 01:57:14.0310 AM
[ReportManager] Element Action [IsElementClickable] successfully performed. @20-09-2021 01:57:14.0438 AM
[ReportManager] Assertion [ValidateTrue] PASSED. Expected [TRUE] and Actual [TRUE]. Validation Type [POSITIVE]. @20-09-2021 01:57:14.0438 A
[ReportManager] Browser Action [CloseCurrentWindow] successfully performed. @20-09-2021 01:57:14.0533 AM
[ReportManager] Successfully created attachment [Browser Action Test Data - CloseCurrentWindow - Actual Value] @20-09-2021 01:57:14.0536 A
[ReportManager] File Action [GetAbsolutePath] successfully performed. With the following test data [Relative Folder Path: "target/downloadedFiles/"]. @20-09-2021 01:57:14.0538 AM
[ReportManager] Attempting to run remotely on: [Linux-64], [GoogleChrome], [http://localhost:4444/wd/hub], Headless Execution. @20-09-2021 01:57:14.0538 AM
[ReportManager] Successfully Opened [GoogleChrome]. @20-09-2021 01:57:14.0771 A

################################################################################################################################################
Starting Execution:	[88 out of 143] test cases in the current suite
Test Method:		[testPackage01.Test_clipboardActions.typeTextAndCopyPaste]
################################################################################################################################################
[ReportManager] Target URL: [https://www.google.com/ncr], and after redirection: [https://www.google.com] @20-09-2021 01:57:14.0794 AM
[ReportManager] Initial URL: [data:,] @20-09-2021 01:57:14.0846 AM
[ReportManager] Browser Action [NavigateToURL] successfully performed. With the following test data [https://www.google.com/ncr]. @20-09-2021 01:57:15.0686 AM
[ReportManager] Element Action [Type] successfully performed. With the following test data [FIRST]. @20-09-2021 01:57:16.0061 AM
[ReportManager] Element Action [ClipboardActions] successfully performed. With the following test data [select all]. @20-09-2021 01:57:16.0121 AM
[ReportManager] Element Action [ClipboardActions] successfully performed. With the following test data [copy]. @20-09-2021 01:57:16.0187 AM
[ReportManager] Element Action [ClipboardActions] successfully performed. With the following test data [unselect]. @20-09-2021 01:57:16.0256 AM
[ReportManager] Element Action [ClipboardActions] successfully performed. With the following test data [paste]. @20-09-2021 01:57:16.0313 AM
[ReportManager] Element Action [ClipboardActions] successfully performed. With the following test data [select all]. @20-09-2021 01:57:16.0365 AM
[ReportManager] Element Action [Type] successfully performed. @20-09-2021 01:57:16.0597 AM
[ReportManager] Element Action [ClipboardActions] successfully performed. With the following test data [cut]. @20-09-2021 01:57:16.0597 AM
[ReportManager] Element Action [ClipboardActions] successfully performed. With the following test data [paste]. @20-09-2021 01:57:16.0704 AM
[ReportManager] Element Action [ClipboardActions] successfully performed. With the following test data [paste]. @20-09-2021 01:57:16.0766 A
[ReportManager] Browser Action [CloseCurrentWindow] successfully performed. @20-09-2021 01:57:16.0938 AM
[ReportManager] Successfully created attachment [Browser Action Test Data - CloseCurrentWindow - Actual Value] @20-09-2021 01:57:16.0938 A
[ReportManager] File Action [GetAbsolutePath] successfully performed. With the following test data [Relative Folder Path: "target/downloadedFiles/"]. @20-09-2021 01:57:16.0940 AM
[ReportManager] Attempting to run remotely on: [Linux-64], [GoogleChrome], [http://localhost:4444/wd/hub], Headless Execution. @20-09-2021 01:57:16.0940 AM
[ReportManager] Successfully Opened [GoogleChrome]. @20-09-2021 01:57:17.0149 A

################################################################################################################################################
Starting Execution:	[89 out of 143] test cases in the current suite
Test Method:		[testPackage01.Test_dynamicLoading.dynamicLoading_elementIsHidden]
################################################################################################################################################
[ReportManager] Target URL: [https://the-internet.herokuapp.com/dynamic_loading/1] @20-09-2021 01:57:17.0162 AM
[ReportManager] Initial URL: [data:,] @20-09-2021 01:57:17.0200 AM
[ReportManager] Browser Action [NavigateToURL] successfully performed. With the following test data [https://the-internet.herokuapp.com/dynamic_loading/1]. @20-09-2021 01:57:17.0533 AM
[ReportManager] Element Action [Click] successfully performed. With the following test data [Start]. @20-09-2021 01:57:17.0846 AM
[ReportManager] Element Action [GetText] successfully performed. With the following test data [
    Hello World!
  ]. @20-09-2021 01:57:17.0948 AM
[ReportManager] Loaded Shared OpenCV @20-09-2021 01:57:18.0107 AM
[ReportManager] Assertion [ValidateElementAttribute] PASSED. Expected [Value Should be 'Hello World!' for the 'text' attribute, element locator 'By.id: finish'] and Actual [
    Hello World!
  ]. Comparison Type [CONTAINS]. Validation Type [POSITIVE]. @20-09-2021 01:57:18.0180 AM
[ReportManager] Successfully created attachment [Screenshot - 1632103038107_dynamicLoading_elementIsHidden_ValidateElementAttribute_passed] @20-09-2021 01:57:18.0181 A
[ReportManager] Browser Action [CloseCurrentWindow] successfully performed. @20-09-2021 01:57:18.0277 AM
[ReportManager] Successfully created attachment [Browser Action Test Data - CloseCurrentWindow - Actual Value] @20-09-2021 01:57:18.0277 A
[ReportManager] File Action [GetAbsolutePath] successfully performed. With the following test data [Relative Folder Path: "target/downloadedFiles/"]. @20-09-2021 01:57:18.0279 AM
[ReportManager] Attempting to run remotely on: [Linux-64], [GoogleChrome], [http://localhost:4444/wd/hub], Headless Execution. @20-09-2021 01:57:18.0279 AM
[ReportManager] Successfully Opened [GoogleChrome]. @20-09-2021 01:57:18.0496 A

################################################################################################################################################
Starting Execution:	[90 out of 143] test cases in the current suite
Test Method:		[testPackage01.Test_dynamicLoading.dynamicLoading_elementIsRendered]
################################################################################################################################################
[ReportManager] Target URL: [https://the-internet.herokuapp.com/dynamic_loading/2] @20-09-2021 01:57:18.0510 AM
[ReportManager] Initial URL: [data:,] @20-09-2021 01:57:18.0550 AM
[ReportManager] Browser Action [NavigateToURL] successfully performed. With the following test data [https://the-internet.herokuapp.com/dynamic_loading/2]. @20-09-2021 01:57:18.0895 AM
[ReportManager] Element Action [Click] successfully performed. With the following test data [Start]. @20-09-2021 01:57:19.0216 AM
[ReportManager] Element Action [GetText] successfully performed. With the following test data [Hello World!]. @20-09-2021 01:57:24.0370 AM
[ReportManager] Loaded Shared OpenCV @20-09-2021 01:57:24.0510 AM
[ReportManager] Assertion [ValidateElementAttribute] PASSED. Expected [Value Should be 'Hello World!' for the 'text' attribute, element locator 'By.id: finish'] and Actual [Hello World!]. Comparison Type [CONTAINS]. Validation Type [POSITIVE]. @20-09-2021 01:57:24.0587 AM
[ReportManager] Successfully created attachment [Screenshot - 1632103044510_dynamicLoading_elementIsRendered_ValidateElementAttribute_passed] @20-09-2021 01:57:24.0588 A
[ReportManager] Browser Action [CloseCurrentWindow] successfully performed. @20-09-2021 01:57:24.0686 AM
[ReportManager] Successfully created attachment [Browser Action Test Data - CloseCurrentWindow - Actual Value] @20-09-2021 01:57:24.0686 A

################################################################################################################################################
Starting Execution:	[91 out of 143] test cases in the current suite
Test Method:		[testPackage01.Test_JsonCompareWithSpecialCharacters.specialCharacters]
################################################################################################################################################
[ReportManager] File Action [GetAbsolutePath] successfully performed. With the following test data [Relative Folder Path: "src/test/resources/TestJsonFiles/specialCharacters.json"]. @20-09-2021 01:57:24.0695 AM
[ReportManager] File Action [ReadFromFile] successfully performed. With the following test data [File Path: "/home/runner/work/SHAFT_ENGINE/SHAFT_ENGINE/src/test/resources/TestJsonFiles/specialCharacters.json"]. @20-09-2021 01:57:24.0711 AM
[ReportManager] Successfully created attachment [File Action Actual Result - Command Log] @20-09-2021 01:57:24.0711 AM
[ReportManager] Comparing the provided API response with the file at this path "src/test/resources/TestJsonFiles/specialCharacters.json", comparison type "EQUALS" @20-09-2021 01:57:24.0712 AM
[ReportManager] API Action [CompareJSON] successfully performed. With the following test data [src/test/resources/TestJsonFiles/specialCharacters.json]. @20-09-2021 01:57:24.0722 AM
[ReportManager] File Action [GetAbsolutePath] successfully performed. With the following test data [Relative Folder Path: "src/test/resources/TestJsonFiles/specialCharacters.json"]. @20-09-2021 01:57:24.0722 AM
[ReportManager] File Action [ReadFromFile] successfully performed. With the following test data [File Path: "/home/runner/work/SHAFT_ENGINE/SHAFT_ENGINE/src/test/resources/TestJsonFiles/specialCharacters.json"]. @20-09-2021 01:57:24.0722 AM
[ReportManager] Verification [ValidateJSONFileContent] PASSED. Expected [Response data should match the JSON File in this path 'src/test/resources/TestJsonFiles/specialCharacters.json'] and Actual [TRUE]. Comparison Type [EQUALS]. Validation Type [POSITIVE]. @20-09-2021 01:57:24.0727 AM
[ReportManager] Successfully created attachment [Validation Test Data - Expected JSON Value] @20-09-2021 01:57:24.0727 AM
[ReportManager] Successfully created attachment [Validation Test Data - Actual JSON Value] @20-09-2021 01:57:24.0728 A

################################################################################################################################################
Starting Execution:	[92 out of 143] test cases in the current suite
Test Method:		[testPackage01.Test_JsonCompareWithSpecialCharacters.specialCharacters_assertion]
################################################################################################################################################
[ReportManager] File Action [GetAbsolutePath] successfully performed. With the following test data [Relative Folder Path: "src/test/resources/TestJsonFiles/specialCharacters.json"]. @20-09-2021 01:57:24.0731 AM
[ReportManager] File Action [ReadFromFile] successfully performed. With the following test data [File Path: "/home/runner/work/SHAFT_ENGINE/SHAFT_ENGINE/src/test/resources/TestJsonFiles/specialCharacters.json"]. @20-09-2021 01:57:24.0731 AM
[ReportManager] Successfully created attachment [File Action Actual Result - Command Log] @20-09-2021 01:57:24.0731 AM
[ReportManager] Comparing the provided API response with the file at this path "src/test/resources/TestJsonFiles/specialCharacters.json", comparison type "CONTAINS" @20-09-2021 01:57:24.0732 AM
[ReportManager] API Action [CompareJSON] successfully performed. With the following test data [src/test/resources/TestJsonFiles/specialCharacters.json]. @20-09-2021 01:57:24.0741 AM
[ReportManager] File Action [GetAbsolutePath] successfully performed. With the following test data [Relative Folder Path: "src/test/resources/TestJsonFiles/specialCharacters.json"]. @20-09-2021 01:57:24.0741 AM
[ReportManager] File Action [ReadFromFile] successfully performed. With the following test data [File Path: "/home/runner/work/SHAFT_ENGINE/SHAFT_ENGINE/src/test/resources/TestJsonFiles/specialCharacters.json"]. @20-09-2021 01:57:24.0741 AM
[ReportManager] Assertion Passed: trying out the log message @20-09-2021 01:57:24.0745 AM
[ReportManager] Successfully created attachment [Validation Test Data - Expected JSON Value] @20-09-2021 01:57:24.0746 AM
[ReportManager] Successfully created attachment [Validation Test Data - Actual JSON Value] @20-09-2021 01:57:24.0746 AM
[ReportManager] Assertion [ValidateJSONFileContent] PASSED. Expected [Response data should match the JSON File in this path 'src/test/resources/TestJsonFiles/specialCharacters.json'] and Actual [TRUE]. Comparison Type [CONTAINS]. Validation Type [POSITIVE]. @20-09-2021 01:57:24.0746 A
[ReportManager] File Action [GetAbsolutePath] successfully performed. With the following test data [Relative Folder Path: "target/downloadedFiles/"]. @20-09-2021 01:57:24.0749 AM
[ReportManager] Attempting to run remotely on: [Linux-64], [GoogleChrome], [http://localhost:4444/wd/hub], Headless Execution. @20-09-2021 01:57:24.0749 AM
[ReportManager] Successfully Opened [GoogleChrome]. @20-09-2021 01:57:24.0993 A

################################################################################################################################################
Starting Execution:	[93 out of 143] test cases in the current suite
Test Method:		[testPackage01.Test_uploadFile.uploadFile_invisibleUploadInput]
################################################################################################################################################
[ReportManager] Target URL: [https://fineuploader.com/demos.html#gallery-view] @20-09-2021 01:57:25.0011 AM
[ReportManager] Initial URL: [data:,] @20-09-2021 01:57:25.0058 AM
[ReportManager] Browser Action [NavigateToURL] successfully performed. With the following test data [https://fineuploader.com/demos.html#gallery-view]. @20-09-2021 01:57:26.0425 AM
[ReportManager] File Action [GetAbsolutePath] successfully performed. With the following test data [Relative File Path: "src/main/resources/images/shaft.png"]. @20-09-2021 01:57:26.0425 AM
[ReportManager] Successfully created attachment [File Action Actual Result - Command Log] @20-09-2021 01:57:26.0426 AM
[ReportManager] Element Action [TypeFileLocationForUpload] successfully performed. With the following test data [/home/runner/work/SHAFT_ENGINE/SHAFT_ENGINE/src/main/resources/images/shaft.png]. @20-09-2021 01:57:26.0613 AM
[ReportManager] Attempting to getAttribute [src] from elementLocator [By.xpath: //div[@id='fine-uploader-gallery']//div[@class='qq-thumbnail-wrapper']/img]. @20-09-2021 01:57:26.0613 AM
[ReportManager] Element Action [GetAttribute] successfully performed. @20-09-2021 01:57:26.0722 AM
[ReportManager] Successfully created attachment [Element Action Test Data - GetAttribute - Actual Value] @20-09-2021 01:57:26.0723 AM
[ReportManager] Loaded Shared OpenCV @20-09-2021 01:57:26.0864 AM
[ReportManager] Assertion [ValidateElementAttribute] PASSED. Expected and Actual values are attached. Comparison Type [CONTAINS]. Validation Type [POSITIVE]. @20-09-2021 01:57:26.0952 AM
[ReportManager] Successfully created attachment [Validation Test Data - Expected Value] @20-09-2021 01:57:26.0953 AM
[ReportManager] Successfully created attachment [Validation Test Data - Actual Value] @20-09-2021 01:57:26.0953 AM
[ReportManager] Successfully created attachment [Screenshot - 1632103046864_uploadFile_invisibleUploadInput_ValidateElementAttribute_passed] @20-09-2021 01:57:26.0954 A
[ReportManager] Browser Action [CloseCurrentWindow] successfully performed. @20-09-2021 01:57:27.0093 AM
[ReportManager] Successfully created attachment [Browser Action Test Data - CloseCurrentWindow - Actual Value] @20-09-2021 01:57:27.0094 A
[ReportManager] File Action [GetAbsolutePath] successfully performed. With the following test data [Relative Folder Path: "target/downloadedFiles/"]. @20-09-2021 01:57:27.0097 AM
[ReportManager] Attempting to run remotely on: [Linux-64], [GoogleChrome], [http://localhost:4444/wd/hub], Headless Execution. @20-09-2021 01:57:27.0097 AM
[ReportManager] Successfully Opened [GoogleChrome]. @20-09-2021 01:57:27.0294 A

################################################################################################################################################
Starting Execution:	[94 out of 143] test cases in the current suite
Test Method:		[testPackage01.Test_uploadFile.uploadFile_visibleUploadInput]
################################################################################################################################################
[ReportManager] Target URL: [http://demo.guru99.com/test/upload/] @20-09-2021 01:57:27.0318 AM
[ReportManager] Initial URL: [data:,] @20-09-2021 01:57:27.0369 AM
[ReportManager] Browser Action [NavigateToURL] successfully performed. With the following test data [http://demo.guru99.com/test/upload/]. @20-09-2021 01:57:28.0306 AM
[ReportManager] File Action [GetAbsolutePath] successfully performed. With the following test data [Relative File Path: "src/main/resources/images/shaft.png"]. @20-09-2021 01:57:28.0306 AM
[ReportManager] Successfully created attachment [File Action Actual Result - Command Log] @20-09-2021 01:57:28.0307 AM
[ReportManager] Element Action [TypeFileLocationForUpload] successfully performed. With the following test data [/home/runner/work/SHAFT_ENGINE/SHAFT_ENGINE/src/main/resources/images/shaft.png]. @20-09-2021 01:57:28.0466 AM
[ReportManager] Element Action [Click] successfully performed. With the following test data [on]. @20-09-2021 01:57:28.0797 AM
[ReportManager] Element Action [Click] successfully performed. With the following test data [Submit File]. @20-09-2021 01:57:29.0123 AM
[ReportManager] Element Action [GetText] successfully performed. With the following test data [1 file
has been successfully uploaded.]. @20-09-2021 01:57:29.0754 AM
[ReportManager] Loaded Shared OpenCV @20-09-2021 01:57:29.0889 AM
[ReportManager] Assertion [ValidateElementAttribute] PASSED. Expected [Value Should be '1 file' for the 'Text' attribute, element locator 'By.id: res'] and Actual [1 file
has been successfully uploaded.]. Comparison Type [CONTAINS]. Validation Type [POSITIVE]. @20-09-2021 01:57:29.0965 AM
[ReportManager] Successfully created attachment [Screenshot - 1632103049889_uploadFile_visibleUploadInput_ValidateElementAttribute_passed] @20-09-2021 01:57:29.0967 A
[ReportManager] Browser Action [CloseCurrentWindow] successfully performed. @20-09-2021 01:57:30.0069 AM
[ReportManager] Successfully created attachment [Browser Action Test Data - CloseCurrentWindow - Actual Value] @20-09-2021 01:57:30.0069 A
[ReportManager] File Action [GetAbsolutePath] successfully performed. With the following test data [Relative Folder Path: "target/downloadedFiles/"]. @20-09-2021 01:57:30.0075 AM
[ReportManager] Attempting to run remotely on: [Linux-64], [GoogleChrome], [http://localhost:4444/wd/hub], Headless Execution. @20-09-2021 01:57:30.0075 AM
[ReportManager] Successfully Opened [GoogleChrome]. @20-09-2021 01:57:30.0271 A

################################################################################################################################################
Starting Execution:	[95 out of 143] test cases in the current suite
Test Method:		[testPackage01.Test_assertEquals.test_assertElementAttribute]
################################################################################################################################################
[ReportManager] Target URL: [https://www.google.com/ncr], and after redirection: [https://www.google.com] @20-09-2021 01:57:30.0285 AM
[ReportManager] Initial URL: [data:,] @20-09-2021 01:57:30.0325 AM
[ReportManager] Browser Action [NavigateToURL] successfully performed. With the following test data [https://www.google.com/ncr]. @20-09-2021 01:57:31.0178 AM
[ReportManager] Element Action [Type] successfully performed. With the following test data [INC_004010050:Another SCHEDULER with the same name [Duplicate Job Name] already exists.]. @20-09-2021 01:57:31.0879 AM
[ReportManager] Element Action [GetText] successfully performed. With the following test data [INC_004010050:Another SCHEDULER with the same name [Duplicate Job Name] already exists.]. @20-09-2021 01:57:31.0970 AM
[ReportManager] Loaded Shared OpenCV @20-09-2021 01:57:32.0109 AM
[ReportManager] Assertion [ValidateElementAttribute] PASSED. Expected [Value Should be 'INC_004010050:Another SCHEDULER with the same name \[Duplicate Job Name\] already exists.' for the 'text' attribute, element locator 'By.name: q'] and Actual [INC_004010050:Another SCHEDULER with the same name [Duplicate Job Name] already exists.]. Comparison Type [MATCHES]. Validation Type [POSITIVE]. @20-09-2021 01:57:32.0187 AM
[ReportManager] Successfully created attachment [Screenshot - 1632103052109_test_assertElementAttribute_ValidateElementAttribute_passed] @20-09-2021 01:57:32.0188 A
[ReportManager] Browser Action [CloseCurrentWindow] successfully performed. @20-09-2021 01:57:32.0311 AM
[ReportManager] Successfully created attachment [Browser Action Test Data - CloseCurrentWindow - Actual Value] @20-09-2021 01:57:32.0312 A

################################################################################################################################################
Starting Execution:	[96 out of 143] test cases in the current suite
Test Method:		[testPackage01.Test_NewValidationHelper.f1]
################################################################################################################################################
[ReportManager] Assertion Passed: Checking valid user data @20-09-2021 01:57:32.0315 AM
[ReportManager] Successfully created attachment [Validation Test Data - Expected Value] @20-09-2021 01:57:32.0315 AM
[ReportManager] Successfully created attachment [Validation Test Data - Actual Value] @20-09-2021 01:57:32.0316 AM
[ReportManager] Assertion [ValidateEquals] PASSED. Expected and Actual values are attached. Comparison Type [EQUALS]. Validation Type [POSITIVE]. @20-09-2021 01:57:32.0316 A
[ReportManager] File Action [GetAbsolutePath] successfully performed. With the following test data [Relative Folder Path: "target/downloadedFiles/"]. @20-09-2021 01:57:32.0325 AM
[ReportManager] Attempting to run remotely on: [Linux-64], [GoogleChrome], [http://localhost:4444/wd/hub], Headless Execution. @20-09-2021 01:57:32.0325 AM
[ReportManager] Successfully Opened [GoogleChrome]. @20-09-2021 01:57:32.0526 AM
[ReportManager] Target URL: [https://the-internet.herokuapp.com/] @20-09-2021 01:57:32.0538 AM
[ReportManager] Initial URL: [data:,] @20-09-2021 01:57:32.0580 AM
[ReportManager] Browser Action [NavigateToURL] successfully performed. With the following test data [https://the-internet.herokuapp.com/]. @20-09-2021 01:57:32.0932 A

################################################################################################################################################
Starting Execution:	[97 out of 143] test cases in the current suite
Test Method:		[testPackage01.Test_NewValidationHelper.f10]
################################################################################################################################################
[ReportManager] Assertion [ValidateElementExists] FAILED. Expected [Element Should Exist, locator 'By.tagName: div'] and Actual [Element Exists but is not unique]. Comparison Type [EQUALS]. Validation Type [POSITIVE]. @20-09-2021 01:57:33.0213 AM
[ReportManager] Successfully created attachment [Screenshot - 1632103053135_f10_ValidateElementExists_failed] @20-09-2021 01:57:33.0213 A
[ReportManager] Successfully Closed All Drivers. @20-09-2021 01:57:33.0737 A
[ReportManager] File Action [GetAbsolutePath] successfully performed. With the following test data [Relative Folder Path: "target/downloadedFiles/"]. @20-09-2021 01:57:33.0739 AM
[ReportManager] Attempting to run remotely on: [Linux-64], [GoogleChrome], [http://localhost:4444/wd/hub], Headless Execution. @20-09-2021 01:57:33.0739 AM
[ReportManager] Successfully Opened [GoogleChrome]. @20-09-2021 01:57:33.0939 AM
[ReportManager] Target URL: [https://the-internet.herokuapp.com/] @20-09-2021 01:57:33.0950 AM
[ReportManager] Initial URL: [data:,] @20-09-2021 01:57:34.0000 AM
[ReportManager] Browser Action [NavigateToURL] successfully performed. With the following test data [https://the-internet.herokuapp.com/]. @20-09-2021 01:57:34.0383 A

################################################################################################################################################
Starting Execution:	[98 out of 143] test cases in the current suite
Test Method:		[testPackage01.Test_NewValidationHelper.f11]
################################################################################################################################################
[ReportManager] Assertion Passed: Checking that false tag doesn't exist @20-09-2021 01:57:44.0768 AM
[ReportManager] Successfully created attachment [Screenshot - 1632103064698_f11_ValidateElementExists_passed] @20-09-2021 01:57:44.0769 AM
[ReportManager] Assertion [ValidateElementExists] PASSED. Expected [Element Should not Exist, locator 'By.tagName: h3'] and Actual [Element Doesn't Exists]. Comparison Type [EQUALS]. Validation Type [NEGATIVE]. @20-09-2021 01:57:44.0769 A
[ReportManager] Successfully Closed All Drivers. @20-09-2021 01:57:44.0840 A
[ReportManager] File Action [GetAbsolutePath] successfully performed. With the following test data [Relative Folder Path: "target/downloadedFiles/"]. @20-09-2021 01:57:44.0842 AM
[ReportManager] Attempting to run remotely on: [Linux-64], [GoogleChrome], [http://localhost:4444/wd/hub], Headless Execution. @20-09-2021 01:57:44.0842 AM
[ReportManager] Successfully Opened [GoogleChrome]. @20-09-2021 01:57:45.0039 AM
[ReportManager] Target URL: [https://the-internet.herokuapp.com/] @20-09-2021 01:57:45.0071 AM
[ReportManager] Initial URL: [data:,] @20-09-2021 01:57:45.0110 AM
[ReportManager] Browser Action [NavigateToURL] successfully performed. With the following test data [https://the-internet.herokuapp.com/]. @20-09-2021 01:57:45.0480 A

################################################################################################################################################
Starting Execution:	[99 out of 143] test cases in the current suite
Test Method:		[testPackage01.Test_NewValidationHelper.f12]
################################################################################################################################################
[ReportManager] Loaded Shared OpenCV @20-09-2021 01:57:45.0682 AM
[ReportManager] Assertion [ValidateElementExists] FAILED. Expected [Element Should not Exist, locator 'By.tagName: h1'] and Actual [Element Exists]. Comparison Type [EQUALS]. Validation Type [NEGATIVE]. @20-09-2021 01:57:45.0766 AM
[ReportManager] Successfully created attachment [Screenshot - 1632103065682_f12_ValidateElementExists_failed] @20-09-2021 01:57:45.0767 A
[ReportManager] Successfully Closed All Drivers. @20-09-2021 01:57:45.0840 A
[ReportManager] File Action [GetAbsolutePath] successfully performed. With the following test data [Relative Folder Path: "target/downloadedFiles/"]. @20-09-2021 01:57:45.0842 AM
[ReportManager] Attempting to run remotely on: [Linux-64], [GoogleChrome], [http://localhost:4444/wd/hub], Headless Execution. @20-09-2021 01:57:45.0842 AM
[ReportManager] Successfully Opened [GoogleChrome]. @20-09-2021 01:57:46.0032 AM
[ReportManager] Target URL: [https://the-internet.herokuapp.com/] @20-09-2021 01:57:46.0044 AM
[ReportManager] Initial URL: [data:,] @20-09-2021 01:57:46.0085 AM
[ReportManager] Browser Action [NavigateToURL] successfully performed. With the following test data [https://the-internet.herokuapp.com/]. @20-09-2021 01:57:46.0417 A

################################################################################################################################################
Starting Execution:	[100 out of 143] test cases in the current suite
Test Method:		[testPackage01.Test_NewValidationHelper.f13]
################################################################################################################################################
[ReportManager] Assertion [ValidateElementExists] FAILED. Expected [Element Should not Exist, locator 'By.tagName: div'] and Actual [Element Exists but is not unique]. Comparison Type [EQUALS]. Validation Type [NEGATIVE]. @20-09-2021 01:57:46.0678 AM
[ReportManager] Successfully created attachment [Screenshot - 1632103066606_f13_ValidateElementExists_failed] @20-09-2021 01:57:46.0678 A
[ReportManager] Successfully Closed All Drivers. @20-09-2021 01:57:46.0752 A
[ReportManager] File Action [GetAbsolutePath] successfully performed. With the following test data [Relative Folder Path: "target/downloadedFiles/"]. @20-09-2021 01:57:46.0754 AM
[ReportManager] Attempting to run remotely on: [Linux-64], [GoogleChrome], [http://localhost:4444/wd/hub], Headless Execution. @20-09-2021 01:57:46.0754 AM
[ReportManager] Successfully Opened [GoogleChrome]. @20-09-2021 01:57:47.0006 AM
[ReportManager] Target URL: [https://the-internet.herokuapp.com/] @20-09-2021 01:57:47.0018 AM
[ReportManager] Initial URL: [data:,] @20-09-2021 01:57:47.0061 AM
[ReportManager] Browser Action [NavigateToURL] successfully performed. With the following test data [https://the-internet.herokuapp.com/]. @20-09-2021 01:57:47.0400 A

################################################################################################################################################
Starting Execution:	[101 out of 143] test cases in the current suite
Test Method:		[testPackage01.Test_NewValidationHelper.f14]
################################################################################################################################################
[ReportManager] Element Action [GetText] successfully performed. With the following test data [Welcome to the-internet]. @20-09-2021 01:57:47.0476 AM
[ReportManager] Loaded Shared OpenCV @20-09-2021 01:57:47.0628 AM
[ReportManager] Assertion Passed: Asserting that the header text is correct @20-09-2021 01:57:47.0720 AM
[ReportManager] Successfully created attachment [Screenshot - 1632103067628_f14_ValidateElementAttribute_passed] @20-09-2021 01:57:47.0721 AM
[ReportManager] Assertion [ValidateElementAttribute] PASSED. Expected [Value Should be 'Welcome to the-internet' for the 'text' attribute, element locator 'By.tagName: h1'] and Actual [Welcome to the-internet]. Comparison Type [EQUALS]. Validation Type [POSITIVE]. @20-09-2021 01:57:47.0721 A
[ReportManager] Successfully Closed All Drivers. @20-09-2021 01:57:47.0802 A
[ReportManager] File Action [GetAbsolutePath] successfully performed. With the following test data [Relative Folder Path: "target/downloadedFiles/"]. @20-09-2021 01:57:47.0804 AM
[ReportManager] Attempting to run remotely on: [Linux-64], [GoogleChrome], [http://localhost:4444/wd/hub], Headless Execution. @20-09-2021 01:57:47.0804 AM
[ReportManager] Successfully Opened [GoogleChrome]. @20-09-2021 01:57:48.0014 AM
[ReportManager] Target URL: [https://the-internet.herokuapp.com/] @20-09-2021 01:57:48.0024 AM
[ReportManager] Initial URL: [data:,] @20-09-2021 01:57:48.0064 AM
[ReportManager] Browser Action [NavigateToURL] successfully performed. With the following test data [https://the-internet.herokuapp.com/]. @20-09-2021 01:57:48.0404 A

################################################################################################################################################
Starting Execution:	[102 out of 143] test cases in the current suite
Test Method:		[testPackage01.Test_NewValidationHelper.f15]
################################################################################################################################################
[ReportManager] Element Action [GetText] successfully performed. With the following test data [Welcome to the-internet]. @20-09-2021 01:57:48.0484 AM
[ReportManager] Loaded Shared OpenCV @20-09-2021 01:57:48.0632 AM
[ReportManager] Assertion [ValidateElementAttribute] FAILED. Expected [Value Should not be 'Welcome' for the 'text' attribute, element locator 'By.tagName: h1'] and Actual [Welcome to the-internet]. Comparison Type [CONTAINS]. Validation Type [NEGATIVE]. @20-09-2021 01:57:48.0721 AM
[ReportManager] Successfully created attachment [Screenshot - 1632103068632_f15_ValidateElementAttribute_failed] @20-09-2021 01:57:48.0722 A
[ReportManager] Successfully Closed All Drivers. @20-09-2021 01:57:48.0800 A
[ReportManager] File Action [GetAbsolutePath] successfully performed. With the following test data [Relative Folder Path: "target/downloadedFiles/"]. @20-09-2021 01:57:48.0802 AM
[ReportManager] Attempting to run remotely on: [Linux-64], [GoogleChrome], [http://localhost:4444/wd/hub], Headless Execution. @20-09-2021 01:57:48.0802 AM
[ReportManager] Successfully Opened [GoogleChrome]. @20-09-2021 01:57:49.0012 AM
[ReportManager] Target URL: [https://the-internet.herokuapp.com/] @20-09-2021 01:57:49.0031 AM
[ReportManager] Initial URL: [data:,] @20-09-2021 01:57:49.0073 AM
[ReportManager] Browser Action [NavigateToURL] successfully performed. With the following test data [https://the-internet.herokuapp.com/]. @20-09-2021 01:57:49.0418 A

################################################################################################################################################
Starting Execution:	[103 out of 143] test cases in the current suite
Test Method:		[testPackage01.Test_NewValidationHelper.f16]
################################################################################################################################################
[ReportManager] Element Action [IdentifyUniqueElement] failed. With the following test data [zero elements found matching this locator "By.tagName: h3".]. @20-09-2021 01:58:14.0985 AM
[ReportManager] Successfully created attachment [Screenshot - 1632103094915_f16_IdentifyUniqueElement_failed] @20-09-2021 01:58:14.0985 AM
[ReportManager] Assertion [ValidateElementAttribute] FAILED. Expected [Value Should not be 'Welcome' for the 'text' attribute, element locator 'By.tagName: h3'] and Actual [Failed to read the desired element attribute]. Comparison Type [CONTAINS]. Validation Type [NEGATIVE]. @20-09-2021 01:58:14.0986 A
[ReportManager] Successfully Closed All Drivers. @20-09-2021 01:58:15.0059 A
[ReportManager] File Action [GetAbsolutePath] successfully performed. With the following test data [Relative Folder Path: "target/downloadedFiles/"]. @20-09-2021 01:58:15.0062 AM
[ReportManager] Attempting to run remotely on: [Linux-64], [GoogleChrome], [http://localhost:4444/wd/hub], Headless Execution. @20-09-2021 01:58:15.0062 AM
[ReportManager] Successfully Opened [GoogleChrome]. @20-09-2021 01:58:15.0264 AM
[ReportManager] Target URL: [https://the-internet.herokuapp.com/] @20-09-2021 01:58:15.0276 AM
[ReportManager] Initial URL: [data:,] @20-09-2021 01:58:15.0316 AM
[ReportManager] Browser Action [NavigateToURL] successfully performed. With the following test data [https://the-internet.herokuapp.com/]. @20-09-2021 01:58:15.0678 A

################################################################################################################################################
Starting Execution:	[104 out of 143] test cases in the current suite
Test Method:		[testPackage01.Test_NewValidationHelper.f17]
################################################################################################################################################
[ReportManager] Attempting to getAttribute [text2] from elementLocator [By.tagName: h1]. @20-09-2021 01:58:15.0686 AM
[ReportManager] Element Action [GetAttribute] successfully performed. @20-09-2021 01:58:15.0762 AM
[ReportManager] Loaded Shared OpenCV @20-09-2021 01:58:15.0898 AM
[ReportManager] Assertion [ValidateElementAttribute] PASSED. Expected [Value Should not be 'Welcome' for the 'text2' attribute, element locator 'By.tagName: h1'] and Actual [null]. Comparison Type [CONTAINS]. Validation Type [NEGATIVE]. @20-09-2021 01:58:15.0981 AM
[ReportManager] Successfully created attachment [Screenshot - 1632103095897_f17_ValidateElementAttribute_passed] @20-09-2021 01:58:15.0982 A
[ReportManager] Successfully Closed All Drivers. @20-09-2021 01:58:16.0054 A
[ReportManager] File Action [GetAbsolutePath] successfully performed. With the following test data [Relative Folder Path: "target/downloadedFiles/"]. @20-09-2021 01:58:16.0056 AM
[ReportManager] Attempting to run remotely on: [Linux-64], [GoogleChrome], [http://localhost:4444/wd/hub], Headless Execution. @20-09-2021 01:58:16.0056 AM
[ReportManager] Successfully Opened [GoogleChrome]. @20-09-2021 01:58:16.0249 AM
[ReportManager] Target URL: [https://the-internet.herokuapp.com/] @20-09-2021 01:58:16.0259 AM
[ReportManager] Initial URL: [data:,] @20-09-2021 01:58:16.0314 AM
[ReportManager] Browser Action [NavigateToURL] successfully performed. With the following test data [https://the-internet.herokuapp.com/]. @20-09-2021 01:58:16.0667 A

################################################################################################################################################
Starting Execution:	[105 out of 143] test cases in the current suite
Test Method:		[testPackage01.Test_NewValidationHelper.f18]
################################################################################################################################################
[ReportManager] Element Action [GetText] successfully performed. With the following test data [Welcome to the-internet]. @20-09-2021 01:58:16.0749 AM
[ReportManager] Loaded Shared OpenCV @20-09-2021 01:58:16.0900 AM
[ReportManager] Assertion [ValidateElementAttribute] PASSED. Expected [Value Should not be 'no' for the 'text' attribute, element locator 'By.tagName: h1'] and Actual [Welcome to the-internet]. Comparison Type [CONTAINS]. Validation Type [NEGATIVE]. @20-09-2021 01:58:17.0015 AM
[ReportManager] Successfully created attachment [Screenshot - 1632103096900_f18_ValidateElementAttribute_passed] @20-09-2021 01:58:17.0016 A
[ReportManager] Successfully Closed All Drivers. @20-09-2021 01:58:17.0089 A
[ReportManager] File Action [GetAbsolutePath] successfully performed. With the following test data [Relative Folder Path: "target/downloadedFiles/"]. @20-09-2021 01:58:17.0091 AM
[ReportManager] Attempting to run remotely on: [Linux-64], [GoogleChrome], [http://localhost:4444/wd/hub], Headless Execution. @20-09-2021 01:58:17.0091 AM
[ReportManager] Successfully Opened [GoogleChrome]. @20-09-2021 01:58:17.0309 AM
[ReportManager] Target URL: [https://the-internet.herokuapp.com/] @20-09-2021 01:58:17.0318 AM
[ReportManager] Initial URL: [data:,] @20-09-2021 01:58:17.0357 AM
[ReportManager] Browser Action [NavigateToURL] successfully performed. With the following test data [https://the-internet.herokuapp.com/]. @20-09-2021 01:58:17.0693 A

################################################################################################################################################
Starting Execution:	[106 out of 143] test cases in the current suite
Test Method:		[testPackage01.Test_NewValidationHelper.f19]
################################################################################################################################################
[ReportManager] Element Action [GetTagName] successfully performed. With the following test data [h1]. @20-09-2021 01:58:17.0764 AM
[ReportManager] Loaded Shared OpenCV @20-09-2021 01:58:17.0899 AM
[ReportManager] Assertion [ValidateElementAttribute] PASSED. Expected [Value Should be 'h' for the 'tagname' attribute, element locator 'By.tagName: h1'] and Actual [h1]. Comparison Type [CONTAINS]. Validation Type [POSITIVE]. @20-09-2021 01:58:17.0984 AM
[ReportManager] Successfully created attachment [Screenshot - 1632103097898_f19_ValidateElementAttribute_passed] @20-09-2021 01:58:17.0986 A
[ReportManager] Successfully Closed All Drivers. @20-09-2021 01:58:18.0057 A

################################################################################################################################################
Starting Execution:	[107 out of 143] test cases in the current suite
Test Method:		[testPackage01.Test_NewValidationHelper.f2]
################################################################################################################################################
[ReportManager] Assertion Failed: Checking valid user data @20-09-2021 01:58:18.0061 AM
[ReportManager] Assertion [ValidateEquals] FAILED. Expected [1] and Actual [2]. Comparison Type [EQUALS]. Validation Type [POSITIVE]. @20-09-2021 01:58:18.0061 A
[ReportManager] File Action [GetAbsolutePath] successfully performed. With the following test data [Relative Folder Path: "target/downloadedFiles/"]. @20-09-2021 01:58:18.0062 AM
[ReportManager] Attempting to run remotely on: [Linux-64], [GoogleChrome], [http://localhost:4444/wd/hub], Headless Execution. @20-09-2021 01:58:18.0062 AM
[ReportManager] Successfully Opened [GoogleChrome]. @20-09-2021 01:58:18.0273 AM
[ReportManager] Target URL: [https://the-internet.herokuapp.com/] @20-09-2021 01:58:18.0283 AM
[ReportManager] Initial URL: [data:,] @20-09-2021 01:58:18.0331 AM
[ReportManager] Browser Action [NavigateToURL] successfully performed. With the following test data [https://the-internet.herokuapp.com/]. @20-09-2021 01:58:18.0687 A

################################################################################################################################################
Starting Execution:	[108 out of 143] test cases in the current suite
Test Method:		[testPackage01.Test_NewValidationHelper.f20]
################################################################################################################################################
[ReportManager] Element Action [GetSize] successfully performed. With the following test data [(755, 61)]. @20-09-2021 01:58:18.0776 AM
[ReportManager] Loaded Shared OpenCV @20-09-2021 01:58:18.0933 AM
[ReportManager] Assertion [ValidateElementAttribute] PASSED. Expected [Value Should not be 'a' for the 'size' attribute, element locator 'By.tagName: h1'] and Actual [(755, 61)]. Comparison Type [CONTAINS]. Validation Type [NEGATIVE]. @20-09-2021 01:58:19.0024 AM
[ReportManager] Successfully created attachment [Screenshot - 1632103098933_f20_ValidateElementAttribute_passed] @20-09-2021 01:58:19.0025 A
[ReportManager] Successfully Closed All Drivers. @20-09-2021 01:58:19.0102 A
[ReportManager] File Action [GetAbsolutePath] successfully performed. With the following test data [Relative Folder Path: "target/downloadedFiles/"]. @20-09-2021 01:58:19.0104 AM
[ReportManager] Attempting to run remotely on: [Linux-64], [GoogleChrome], [http://localhost:4444/wd/hub], Headless Execution. @20-09-2021 01:58:19.0104 AM
[ReportManager] Successfully Opened [GoogleChrome]. @20-09-2021 01:58:19.0298 AM
[ReportManager] Target URL: [https://the-internet.herokuapp.com/] @20-09-2021 01:58:19.0309 AM
[ReportManager] Initial URL: [data:,] @20-09-2021 01:58:19.0349 AM
[ReportManager] Browser Action [NavigateToURL] successfully performed. With the following test data [https://the-internet.herokuapp.com/]. @20-09-2021 01:58:19.0701 A

################################################################################################################################################
Starting Execution:	[109 out of 143] test cases in the current suite
Test Method:		[testPackage01.Test_NewValidationHelper.f21]
################################################################################################################################################
[ReportManager] Element Action [IdentifyUniqueElement] failed. With the following test data [zero elements found matching this locator "By.tagName: h3".]. @20-09-2021 01:58:45.0285 AM
[ReportManager] Successfully created attachment [Screenshot - 1632103125216_f21_IdentifyUniqueElement_failed] @20-09-2021 01:58:45.0286 AM
[ReportManager] Assertion [ValidateElementAttribute] FAILED. Expected [Value Should be 'Welcome' for the 'text' attribute, element locator 'By.tagName: h3'] and Actual [Failed to read the desired element attribute]. Comparison Type [CONTAINS]. Validation Type [POSITIVE]. @20-09-2021 01:58:45.0286 A
[ReportManager] Successfully Closed All Drivers. @20-09-2021 01:58:45.0361 A
[ReportManager] File Action [GetAbsolutePath] successfully performed. With the following test data [Relative Folder Path: "target/downloadedFiles/"]. @20-09-2021 01:58:45.0363 AM
[ReportManager] Attempting to run remotely on: [Linux-64], [GoogleChrome], [http://localhost:4444/wd/hub], Headless Execution. @20-09-2021 01:58:45.0364 AM
[ReportManager] Successfully Opened [GoogleChrome]. @20-09-2021 01:58:45.0555 AM
[ReportManager] Target URL: [https://the-internet.herokuapp.com/] @20-09-2021 01:58:45.0565 AM
[ReportManager] Initial URL: [data:,] @20-09-2021 01:58:45.0602 AM
[ReportManager] Browser Action [NavigateToURL] successfully performed. With the following test data [https://the-internet.herokuapp.com/]. @20-09-2021 01:58:45.0940 A

################################################################################################################################################
Starting Execution:	[110 out of 143] test cases in the current suite
Test Method:		[testPackage01.Test_NewValidationHelper.f22]
################################################################################################################################################
[ReportManager] Element Action [GetText] successfully performed. With the following test data [Welcome to the-internet]. @20-09-2021 01:58:46.0026 AM
[ReportManager] Loaded Shared OpenCV @20-09-2021 01:58:46.0178 AM
[ReportManager] Assertion [ValidateElementAttribute] FAILED. Expected [Value Should be 'yyy' for the 'text' attribute, element locator 'By.tagName: h1'] and Actual [Welcome to the-internet]. Comparison Type [CONTAINS]. Validation Type [POSITIVE]. @20-09-2021 01:58:46.0275 AM
[ReportManager] Successfully created attachment [Screenshot - 1632103126178_f22_ValidateElementAttribute_failed] @20-09-2021 01:58:46.0277 A
[ReportManager] Successfully Closed All Drivers. @20-09-2021 01:58:46.0352 A

################################################################################################################################################
Starting Execution:	[111 out of 143] test cases in the current suite
Test Method:		[testPackage01.Test_NewValidationHelper.f23]
################################################################################################################################################
[ReportManager] Assertion Passed: confirming that the actual is greater than or equal to the expected @20-09-2021 01:58:46.0358 AM
[ReportManager] Assertion [ValidateComparativeRelation] PASSED. Expected [1] and Actual [1]. Comparison Type [GREATER_THAN_OR_EQUALS]. Validation Type [POSITIVE]. @20-09-2021 01:58:46.0358 A

################################################################################################################################################
Starting Execution:	[112 out of 143] test cases in the current suite
Test Method:		[testPackage01.Test_NewValidationHelper.f24]
################################################################################################################################################
[ReportManager] Assertion [ValidateComparativeRelation] PASSED. Expected [1] and Actual [10]. Comparison Type [GREATER_THAN_OR_EQUALS]. Validation Type [POSITIVE]. @20-09-2021 01:58:46.0360 A

################################################################################################################################################
Starting Execution:	[113 out of 143] test cases in the current suite
Test Method:		[testPackage01.Test_NewValidationHelper.f25]
################################################################################################################################################
[ReportManager] Assertion [ValidateComparativeRelation] PASSED. Expected [1] and Actual [1]. Comparison Type [EQUALS]. Validation Type [POSITIVE]. @20-09-2021 01:58:46.0363 A

################################################################################################################################################
Starting Execution:	[114 out of 143] test cases in the current suite
Test Method:		[testPackage01.Test_NewValidationHelper.f26]
################################################################################################################################################
[ReportManager] Assertion [ValidateComparativeRelation] PASSED. Expected [1] and Actual [5]. Comparison Type [GREATER_THAN]. Validation Type [POSITIVE]. @20-09-2021 01:58:46.0366 A

################################################################################################################################################
Starting Execution:	[115 out of 143] test cases in the current suite
Test Method:		[testPackage01.Test_NewValidationHelper.f27]
################################################################################################################################################
[ReportManager] Assertion [ValidateComparativeRelation] PASSED. Expected [11] and Actual [5]. Comparison Type [LESS_THAN]. Validation Type [POSITIVE]. @20-09-2021 01:58:46.0368 A

################################################################################################################################################
Starting Execution:	[116 out of 143] test cases in the current suite
Test Method:		[testPackage01.Test_NewValidationHelper.f28]
################################################################################################################################################
[ReportManager] Assertion [ValidateComparativeRelation] PASSED. Expected [11] and Actual [5]. Comparison Type [LESS_THAN_OR_EQUALS]. Validation Type [POSITIVE]. @20-09-2021 01:58:46.0374 A

################################################################################################################################################
Starting Execution:	[117 out of 143] test cases in the current suite
Test Method:		[testPackage01.Test_NewValidationHelper.f29]
################################################################################################################################################
[ReportManager] Assertion [ValidateComparativeRelation] PASSED. Expected [11] and Actual [11]. Comparison Type [LESS_THAN_OR_EQUALS]. Validation Type [POSITIVE]. @20-09-2021 01:58:46.0378 A

################################################################################################################################################
Starting Execution:	[118 out of 143] test cases in the current suite
Test Method:		[testPackage01.Test_NewValidationHelper.f3]
################################################################################################################################################
[ReportManager] Assertion [ValidateEquals] PASSED. Expected [1] and Actual [2]. Comparison Type [EQUALS]. Validation Type [NEGATIVE]. @20-09-2021 01:58:46.0381 A

################################################################################################################################################
Starting Execution:	[119 out of 143] test cases in the current suite
Test Method:		[testPackage01.Test_NewValidationHelper.f30]
################################################################################################################################################
[ReportManager] Assertion [ValidateComparativeRelation] FAILED. Expected [-9] and Actual [11]. Comparison Type [LESS_THAN_OR_EQUALS]. Validation Type [POSITIVE]. @20-09-2021 01:58:46.0384 A

################################################################################################################################################
Starting Execution:	[120 out of 143] test cases in the current suite
Test Method:		[testPackage01.Test_NewValidationHelper.f31]
################################################################################################################################################
[ReportManager] Assertion [ValidateTrue] PASSED. Expected [TRUE] and Actual [TRUE]. Validation Type [POSITIVE]. @20-09-2021 01:58:46.0387 A

################################################################################################################################################
Starting Execution:	[121 out of 143] test cases in the current suite
Test Method:		[testPackage01.Test_NewValidationHelper.f32]
################################################################################################################################################
[ReportManager] Assertion [ValidateTrue] PASSED. Expected [FALSE] and Actual [FALSE]. Validation Type [NEGATIVE]. @20-09-2021 01:58:46.0389 A

################################################################################################################################################
Starting Execution:	[122 out of 143] test cases in the current suite
Test Method:		[testPackage01.Test_NewValidationHelper.f33]
################################################################################################################################################
[ReportManager] Assertion [ValidateTrue] FAILED. Expected [FALSE] and Actual [TRUE]. Validation Type [NEGATIVE]. @20-09-2021 01:58:46.0391 A

################################################################################################################################################
Starting Execution:	[123 out of 143] test cases in the current suite
Test Method:		[testPackage01.Test_NewValidationHelper.f34]
################################################################################################################################################
[ReportManager] Assertion [ValidateTrue] FAILED. Expected [TRUE] and Actual [FALSE]. Validation Type [POSITIVE]. @20-09-2021 01:58:46.0393 A

################################################################################################################################################
Starting Execution:	[124 out of 143] test cases in the current suite
Test Method:		[testPackage01.Test_NewValidationHelper.f35]
################################################################################################################################################
[ReportManager] File Action [DoesFileExist] successfully performed. With the following test data [File Path: "pom.xml"]. @20-09-2021 01:58:46.0395 AM
[ReportManager] Assertion [ValidateFileExists] PASSED. Expected [File 'pom.xml' should exist, after up to '1' retries] and Actual [File exists]. Validation Type [POSITIVE]. @20-09-2021 01:58:46.0395 A

################################################################################################################################################
Starting Execution:	[125 out of 143] test cases in the current suite
Test Method:		[testPackage01.Test_NewValidationHelper.f36]
################################################################################################################################################
[ReportManager] File Action [DoesFileExist] successfully performed. With the following test data [File Path: "src/test/java/testPackage01/Test_NewValidationHelper.java"]. @20-09-2021 01:58:46.0397 AM
[ReportManager] Assertion [ValidateFileExists] PASSED. Expected [File 'src/test/java/testPackage01/Test_NewValidationHelper.java' should exist, after up to '1' retries] and Actual [File exists]. Validation Type [POSITIVE]. @20-09-2021 01:58:46.0397 A

################################################################################################################################################
Starting Execution:	[126 out of 143] test cases in the current suite
Test Method:		[testPackage01.Test_NewValidationHelper.f37]
################################################################################################################################################
[ReportManager] File Action [DoesFileExist] successfully performed. With the following test data [File Path: "pom.xml"]. @20-09-2021 01:58:46.0399 AM
[ReportManager] Assertion Failed: confirming that the file does't exist after 5 retries @20-09-2021 01:58:46.0399 AM
[ReportManager] Assertion [ValidateFileExists] FAILED. Expected [File 'pom.xml' should not exist, after up to '5' retries] and Actual [File exists]. Validation Type [NEGATIVE]. @20-09-2021 01:58:46.0399 A

################################################################################################################################################
Starting Execution:	[127 out of 143] test cases in the current suite
Test Method:		[testPackage01.Test_NewValidationHelper.f3_1]
################################################################################################################################################
[ReportManager] Assertion Passed: Checking valid user data @20-09-2021 01:58:46.0402 AM
[ReportManager] Assertion [ValidateEquals] PASSED. Expected [null] and Actual [null]. Comparison Type [EQUALS]. Validation Type [POSITIVE]. @20-09-2021 01:58:46.0402 A

################################################################################################################################################
Starting Execution:	[128 out of 143] test cases in the current suite
Test Method:		[testPackage01.Test_NewValidationHelper.f4]
################################################################################################################################################
[ReportManager] Assertion [ValidateEquals] PASSED. Expected [1] and Actual [123]. Comparison Type [CONTAINS]. Validation Type [POSITIVE]. @20-09-2021 01:58:46.0406 A

################################################################################################################################################
Starting Execution:	[129 out of 143] test cases in the current suite
Test Method:		[testPackage01.Test_NewValidationHelper.f5]
################################################################################################################################################
[ReportManager] Assertion [ValidateNull] PASSED. Expected [NULL] and Actual [1]. Comparison Type [EQUALS]. Validation Type [NEGATIVE]. @20-09-2021 01:58:46.0415 A

################################################################################################################################################
Starting Execution:	[130 out of 143] test cases in the current suite
Test Method:		[testPackage01.Test_NewValidationHelper.f6]
################################################################################################################################################
[ReportManager] Assertion Failed: Making sure that null string is not equal to null object @20-09-2021 01:58:46.0417 AM
[ReportManager] Assertion [ValidateNull] FAILED. Expected [NULL] and Actual [NULL]. Comparison Type [EQUALS]. Validation Type [POSITIVE]. @20-09-2021 01:58:46.0417 A

################################################################################################################################################
Starting Execution:	[131 out of 143] test cases in the current suite
Test Method:		[testPackage01.Test_NewValidationHelper.f6_1]
################################################################################################################################################
[ReportManager] Assertion [ValidateNull] FAILED. Expected [NULL] and Actual [NULL]. Comparison Type [EQUALS]. Validation Type [NEGATIVE]. @20-09-2021 01:58:46.0419 A

################################################################################################################################################
Starting Execution:	[132 out of 143] test cases in the current suite
Test Method:		[testPackage01.Test_NewValidationHelper.f6_2]
################################################################################################################################################
[ReportManager] Assertion Failed: Making sure that null string is not equal to null object @20-09-2021 01:58:46.0421 AM
[ReportManager] Assertion [ValidateNull] FAILED. Expected [NULL] and Actual [not null]. Comparison Type [EQUALS]. Validation Type [POSITIVE]. @20-09-2021 01:58:46.0421 A

################################################################################################################################################
Starting Execution:	[133 out of 143] test cases in the current suite
Test Method:		[testPackage01.Test_NewValidationHelper.f7]
################################################################################################################################################
[ReportManager] Assertion [ValidateNull] PASSED. Expected [NULL] and Actual [NULL]. Comparison Type [EQUALS]. Validation Type [POSITIVE]. @20-09-2021 01:58:46.0424 A
[ReportManager] File Action [GetAbsolutePath] successfully performed. With the following test data [Relative Folder Path: "target/downloadedFiles/"]. @20-09-2021 01:58:46.0427 AM
[ReportManager] Attempting to run remotely on: [Linux-64], [GoogleChrome], [http://localhost:4444/wd/hub], Headless Execution. @20-09-2021 01:58:46.0428 AM
[ReportManager] Successfully Opened [GoogleChrome]. @20-09-2021 01:58:46.0633 AM
[ReportManager] Target URL: [https://the-internet.herokuapp.com/] @20-09-2021 01:58:46.0648 AM
[ReportManager] Initial URL: [data:,] @20-09-2021 01:58:46.0684 AM
[ReportManager] Browser Action [NavigateToURL] successfully performed. With the following test data [https://the-internet.herokuapp.com/]. @20-09-2021 01:58:47.0047 A

################################################################################################################################################
Starting Execution:	[134 out of 143] test cases in the current suite
Test Method:		[testPackage01.Test_NewValidationHelper.f8]
################################################################################################################################################
[ReportManager] Loaded Shared OpenCV @20-09-2021 01:58:47.0246 AM
[ReportManager] Assertion [ValidateElementExists] PASSED. Expected [Element Should Exist, locator 'By.tagName: h1'] and Actual [Element Exists]. Comparison Type [EQUALS]. Validation Type [POSITIVE]. @20-09-2021 01:58:47.0334 AM
[ReportManager] Successfully created attachment [Screenshot - 1632103127246_f8_ValidateElementExists_passed] @20-09-2021 01:58:47.0335 A
[ReportManager] Successfully Closed All Drivers. @20-09-2021 01:58:47.0408 A
[ReportManager] File Action [GetAbsolutePath] successfully performed. With the following test data [Relative Folder Path: "target/downloadedFiles/"]. @20-09-2021 01:58:47.0410 AM
[ReportManager] Attempting to run remotely on: [Linux-64], [GoogleChrome], [http://localhost:4444/wd/hub], Headless Execution. @20-09-2021 01:58:47.0410 AM
[ReportManager] Successfully Opened [GoogleChrome]. @20-09-2021 01:58:47.0597 AM
[ReportManager] Target URL: [https://the-internet.herokuapp.com/] @20-09-2021 01:58:47.0606 AM
[ReportManager] Initial URL: [data:,] @20-09-2021 01:58:47.0643 AM
[ReportManager] Browser Action [NavigateToURL] successfully performed. With the following test data [https://the-internet.herokuapp.com/]. @20-09-2021 01:58:48.0000 A

################################################################################################################################################
Starting Execution:	[135 out of 143] test cases in the current suite
Test Method:		[testPackage01.Test_NewValidationHelper.f9]
################################################################################################################################################
[ReportManager] Assertion [ValidateElementExists] FAILED. Expected [Element Should Exist, locator 'By.tagName: h3'] and Actual [Element Doesn't Exists]. Comparison Type [EQUALS]. Validation Type [POSITIVE]. @20-09-2021 01:59:18.0712 AM
[ReportManager] Successfully created attachment [Screenshot - 1632103158645_f9_ValidateElementExists_failed] @20-09-2021 01:59:18.0712 A
[ReportManager] Successfully Closed All Drivers. @20-09-2021 01:59:18.0787 A

################################################################################################################################################
Starting Execution:	[136 out of 143] test cases in the current suite
Test Method:		[testPackage01.Test_NewValidationHelper.forceFail]
################################################################################################################################################
[ReportManager] Assertion [ValidateFail] FAILED. Successfully force failed the test. @20-09-2021 01:59:18.0791 A

################################################################################################################################################
Starting Execution:	[137 out of 143] test cases in the current suite
Test Method:		[testPackage01.Test_NewValidationHelper.forceFail2]
################################################################################################################################################
[ReportManager] Assertion Failed: Custom Message @20-09-2021 01:59:18.0793 AM
[ReportManager] Assertion [ValidateFail] FAILED. Successfully force failed the test. @20-09-2021 01:59:18.0793 A

################################################################################################################################################
Starting Execution:	[138 out of 143] test cases in the current suite
Test Method:		[testPackage01.Test_sendGraphqlRequest.sendGraphqlRequestUsingMutationAndVariables]
################################################################################################################################################
[ReportManager] GraphQl Request is being Performed with the Following Parameters [Service URL: https://api.spacex.land/graphql | Request Body: {"variables":"{\"name\": \"sherlock holmes\",\"rocket\": \"221B Baker Street\"}","query":"mutation ($name: String, $rocket: String) {\n  insert_users(objects: {name: $name, rocket: $rocket}) {\n    returning {\n      name\n      rocket\n    }\n  }\n}"}] @20-09-2021 01:59:18.0800 AM
[ReportManager] Response status code: [200], status line: [HTTP/1.1 200 OK] @20-09-2021 01:59:19.0071 AM
[ReportManager] Assertion Passed: Evaluating the actual response status code against the expected one... @20-09-2021 01:59:19.0072 AM
[ReportManager] Assertion [ValidateEquals] PASSED. Expected [200] and Actual [200]. Comparison Type [EQUALS]. Validation Type [POSITIVE]. @20-09-2021 01:59:19.0072 AM
[ReportManager] API Action [PerformRequest] successfully performed. With the following test data [Request Type: "POST" | Target Status Code: "200" | Service URL: "https://api.spacex.land/graphql" | Content Type: "application/json" | Response Time: "170ms"]. @20-09-2021 01:59:19.0089 AM
[ReportManager] Successfully created attachment [API Request - Specifications] @20-09-2021 01:59:19.0089 AM
[ReportManager] Successfully created attachment [API Request - JSON Body] @20-09-2021 01:59:19.0089 AM
[ReportManager] Successfully created attachment [API Response - JSON Body] @20-09-2021 01:59:19.0090 AM
[ReportManager] API Action [GetResponseJSONValue] successfully performed. With the following test data [data.insert_users.returning[0].name]. @20-09-2021 01:59:19.0150 AM
[ReportManager] Assertion [ValidateEquals] PASSED. Expected [sherlock holmes] and Actual [sherlock holmes]. Comparison Type [EQUALS]. Validation Type [POSITIVE]. @20-09-2021 01:59:19.0151 A

################################################################################################################################################
Starting Execution:	[139 out of 143] test cases in the current suite
Test Method:		[testPackage01.Test_sendGraphqlRequest.sendGraphqlRequestUsingQuery]
################################################################################################################################################
[ReportManager] GraphQl Request is being Performed with the Following Parameters [Service URL: https://api.spacex.land/graphql | Request Body: {"query":"{company {ceo}}"}] @20-09-2021 01:59:19.0158 AM
[ReportManager] Response status code: [200], status line: [HTTP/1.1 200 OK] @20-09-2021 01:59:19.0231 AM
[ReportManager] Assertion Passed: Evaluating the actual response status code against the expected one... @20-09-2021 01:59:19.0231 AM
[ReportManager] Assertion [ValidateEquals] PASSED. Expected [200] and Actual [200]. Comparison Type [EQUALS]. Validation Type [POSITIVE]. @20-09-2021 01:59:19.0231 AM
[ReportManager] API Action [PerformRequest] successfully performed. With the following test data [Request Type: "POST" | Target Status Code: "200" | Service URL: "https://api.spacex.land/graphql" | Content Type: "application/json" | Response Time: "68ms"]. @20-09-2021 01:59:19.0242 AM
[ReportManager] Successfully created attachment [API Request - Specifications] @20-09-2021 01:59:19.0242 AM
[ReportManager] Successfully created attachment [API Request - JSON Body] @20-09-2021 01:59:19.0242 AM
[ReportManager] Successfully created attachment [API Response - JSON Body] @20-09-2021 01:59:19.0243 AM
[ReportManager] API Action [GetResponseJSONValue] successfully performed. With the following test data [data.company.ceo]. @20-09-2021 01:59:19.0256 AM
[ReportManager] Assertion [ValidateEquals] PASSED. Expected [Elon Musk] and Actual [Elon Musk]. Comparison Type [EQUALS]. Validation Type [POSITIVE]. @20-09-2021 01:59:19.0256 A

################################################################################################################################################
Starting Execution:	[140 out of 143] test cases in the current suite
Test Method:		[testPackage01.Test_chainableElementActions.chainElementActions]
################################################################################################################################################
[ReportManager] File Action [GetAbsolutePath] successfully performed. With the following test data [Relative Folder Path: "target/downloadedFiles/"]. @20-09-2021 01:59:19.0263 AM
[ReportManager] Attempting to run remotely on: [Linux-64], [GoogleChrome], [http://localhost:4444/wd/hub], Headless Execution. @20-09-2021 01:59:19.0263 AM
[ReportManager] Successfully Opened [GoogleChrome]. @20-09-2021 01:59:19.0469 AM
[ReportManager] Target URL: [https://www.google.com/ncr], and after redirection: [https://www.google.com] @20-09-2021 01:59:19.0479 AM
[ReportManager] Initial URL: [data:,] @20-09-2021 01:59:19.0519 AM
[ReportManager] Browser Action [NavigateToURL] successfully performed. With the following test data [https://www.google.com/ncr]. @20-09-2021 01:59:20.0421 AM
[ReportManager] Element Action [Type] successfully performed. With the following test data [chained type 1]. @20-09-2021 01:59:20.0770 AM
[ReportManager] Element Action [Type] successfully performed. With the following test data [chained type 2]. @20-09-2021 01:59:21.0092 AM
[ReportManager] Element Action [TypeAppend] successfully performed. With the following test data [345]. @20-09-2021 01:59:21.0175 AM
[ReportManager] Element Action [GetText] successfully performed. With the following test data [chained type 2345]. @20-09-2021 01:59:21.0305 AM
[ReportManager] Loaded Shared OpenCV @20-09-2021 01:59:21.0440 AM
[ReportManager] Assertion [ValidateElementAttribute] PASSED. Expected [Value Should be 'chained type 2345' for the 'text' attribute, element locator 'By.name: q'] and Actual [chained type 2345]. Comparison Type [EQUALS]. Validation Type [POSITIVE]. @20-09-2021 01:59:21.0519 AM
[ReportManager] Successfully created attachment [Screenshot - 1632103161440_chainElementActions_ValidateElementAttribute_passed] @20-09-2021 01:59:21.0520 AM
[ReportManager] Browser Action [CloseCurrentWindow] successfully performed. @20-09-2021 01:59:21.0639 AM
[ReportManager] Successfully created attachment [Browser Action Test Data - CloseCurrentWindow - Actual Value] @20-09-2021 01:59:21.0640 A

################################################################################################################################################
Starting Execution:	[141 out of 143] test cases in the current suite
Test Method:		[testPackage01.Test_SkipDueToIssue.doNotSkip]
################################################################################################################################################
[ReportManager] This should not be skipped. @20-09-2021 01:59:21.0647 A

################################################################################################################################################
Starting Execution:	[142 out of 143] test cases in the current suite
Test Method:		[testPackage01.Test_SkipDueToIssue.skip]
################################################################################################################################################
[ReportManager] This should be skipped. @20-09-2021 01:59:21.0657 A

################################################################################################################################################
Starting Execution:	[143 out of 143] test cases in the current suite
Test Method:		[testPackage01.Test_SkipDueToIssue.skip2]
################################################################################################################################################
[ReportManager] This should be skipped. @20-09-2021 01:59:21.0663 A

################################################################################################################################################
Test Closure Activities
################################################################################################################################################
[ReportManager] Successfully created attachment [SHAFT Engine Logs - Execution log] @20-09-2021 01:59:21.0687 AM

################################################################################################################################################
This test run was powered by SHAFT Engine Version: [SHAFT Engine v5.3.20210902]
SHAFT Engine is licensed under the MIT License: [https://github.com/MohabMohie/SHAFT_ENGINE/blob/master/LICENSE].
################################################################################################################################################