################################################################################################################################################
Detected SHAFT Engine Version: [SHAFT Engine v5.4.20211030-BETA]
################################################################################################################################################
[ReportManager] File Action [GetAbsolutePath] successfully performed. With the following test data [Relative Folder Path: "target/downloadedFiles/"]. @30-10-2021 20:19:42.0773 PM
[ReportManager] Attempting to run locally on: [Mac-64], [Safari], Headless Execution. @30-10-2021 20:19:42.0788 PM
[ReportManager] Successfully Opened Safari. @30-10-2021 20:19:47.0158 PM
[ReportManager] Initial window size: (800, 600) @30-10-2021 20:19:47.0178 PM
[ReportManager] Window size after SWD Maximize: (1176, 810) @30-10-2021 20:19:47.0218 PM
[ReportManager] Browser Action [MaximizeWindow] successfully performed. With the following test data [New screen size is now: (1176, 810)]. @30-10-2021 20:19:47.0219 P

################################################################################################################################################
Starting Execution:	[1 out of 143] test cases in the current suite
Test Method:		[unitTests.tests_element_elementActions.waitForElementToBePresent_false_expectedToFail]
################################################################################################################################################
[ReportManager] Target URL: [https://www.google.com/ncr], and after redirection: [www.google.com] @30-10-2021 20:19:47.0409 PM
[ReportManager] Initial URL: [] @30-10-2021 20:19:47.0470 PM
[ReportManager] Browser Action [NavigateToURL] successfully performed. With the following test data [https://www.google.com/ncr]. @30-10-2021 20:19:48.0539 PM
[ReportManager] Waiting for element to be present; elementLocator [By.xpath: //*[@id='hplogo' or @alt='Google']], numberOfTries[1], stateOfPresence[false]... @30-10-2021 20:19:48.0553 PM
[ReportManager] Element Action [WaitForElementToBePresent] failed. With the following test data [waited for the element's state of presence to be (false). Element locator (By.xpath: //*[@id='hplogo' or @alt='Google'])]. @30-10-2021 20:19:51.0095 PM
[ReportManager] Successfully created attachment [Screenshot - 1635625188652_waitForElementToBePresent_false_expectedToFail_WaitForElementToBePresent_failed] @30-10-2021 20:19:51.0105 P
[ReportManager] Browser Action [CloseCurrentWindow] successfully performed. @30-10-2021 20:19:51.0199 PM
[ReportManager] Successfully created attachment [Browser Action Test Data - CloseCurrentWindow - Actual Value] @30-10-2021 20:19:51.0200 P
[ReportManager] File Action [GetAbsolutePath] successfully performed. With the following test data [Relative Folder Path: "target/downloadedFiles/"]. @30-10-2021 20:19:51.0215 PM
[ReportManager] Attempting to run locally on: [Mac-64], [Safari], Headless Execution. @30-10-2021 20:19:51.0215 PM
[ReportManager] Successfully Opened Safari. @30-10-2021 20:19:52.0074 PM
[ReportManager] Initial window size: (800, 600) @30-10-2021 20:19:52.0087 PM
[ReportManager] Window size after SWD Maximize: (1176, 811) @30-10-2021 20:19:52.0116 PM
[ReportManager] Browser Action [MaximizeWindow] successfully performed. With the following test data [New screen size is now: (1176, 811)]. @30-10-2021 20:19:52.0117 P

################################################################################################################################################
Starting Execution:	[2 out of 143] test cases in the current suite
Test Method:		[unitTests.tests_element_elementActions.waitForElementToBePresent_false_expectedToPass]
################################################################################################################################################
[ReportManager] Target URL: [https://www.google.com/ncr], and after redirection: [www.google.com] @30-10-2021 20:19:52.0126 PM
[ReportManager] Initial URL: [] @30-10-2021 20:19:52.0189 PM
[ReportManager] Browser Action [NavigateToURL] successfully performed. With the following test data [https://www.google.com/ncr]. @30-10-2021 20:19:52.0941 PM
[ReportManager] Waiting for element to be present; elementLocator [By.id: bla], numberOfTries[1], stateOfPresence[false]... @30-10-2021 20:19:52.0941 P
[ReportManager] Browser Action [CloseCurrentWindow] successfully performed. @30-10-2021 20:19:53.0156 PM
[ReportManager] Successfully created attachment [Browser Action Test Data - CloseCurrentWindow - Actual Value] @30-10-2021 20:19:53.0157 P
[ReportManager] File Action [GetAbsolutePath] successfully performed. With the following test data [Relative Folder Path: "target/downloadedFiles/"]. @30-10-2021 20:19:53.0165 PM
[ReportManager] Attempting to run locally on: [Mac-64], [Safari], Headless Execution. @30-10-2021 20:19:53.0166 PM
[ReportManager] Successfully Opened Safari. @30-10-2021 20:19:54.0008 PM
[ReportManager] Initial window size: (800, 600) @30-10-2021 20:19:54.0030 PM
[ReportManager] Window size after SWD Maximize: (1176, 811) @30-10-2021 20:19:54.0044 PM
[ReportManager] Browser Action [MaximizeWindow] successfully performed. With the following test data [New screen size is now: (1176, 811)]. @30-10-2021 20:19:54.0044 P

################################################################################################################################################
Starting Execution:	[3 out of 143] test cases in the current suite
Test Method:		[unitTests.tests_element_elementActions.waitForElementToBePresent_moreThanOneElement_expectedToFail]
################################################################################################################################################
[ReportManager] Target URL: [https://www.google.com/ncr], and after redirection: [www.google.com] @30-10-2021 20:19:54.0058 PM
[ReportManager] Initial URL: [] @30-10-2021 20:19:54.0128 PM
[ReportManager] Browser Action [NavigateToURL] successfully performed. With the following test data [https://www.google.com/ncr]. @30-10-2021 20:19:55.0614 PM
[ReportManager] Waiting for element to be present; elementLocator [By.xpath: //*], numberOfTries[1], stateOfPresence[false]... @30-10-2021 20:19:55.0614 PM
[ReportManager] Element Action [WaitForElementToBePresent] failed. With the following test data [waited for the element's state of presence to be (false). Element locator (By.xpath: //*)]. @30-10-2021 20:19:55.0770 PM
[ReportManager] Successfully created attachment [Screenshot - 1635625195671_waitForElementToBePresent_moreThanOneElement_expectedToFail_WaitForElementToBePresent_failed] @30-10-2021 20:19:55.0773 P
[ReportManager] Browser Action [CloseCurrentWindow] successfully performed. @30-10-2021 20:19:56.0039 PM
[ReportManager] Successfully created attachment [Browser Action Test Data - CloseCurrentWindow - Actual Value] @30-10-2021 20:19:56.0040 P
[ReportManager] File Action [GetAbsolutePath] successfully performed. With the following test data [Relative Folder Path: "target/downloadedFiles/"]. @30-10-2021 20:19:56.0046 PM
[ReportManager] Attempting to run locally on: [Mac-64], [Safari], Headless Execution. @30-10-2021 20:19:56.0047 PM
[ReportManager] Successfully Opened Safari. @30-10-2021 20:19:56.0906 PM
[ReportManager] Initial window size: (800, 600) @30-10-2021 20:19:56.0923 PM
[ReportManager] Window size after SWD Maximize: (1176, 811) @30-10-2021 20:19:56.0938 PM
[ReportManager] Browser Action [MaximizeWindow] successfully performed. With the following test data [New screen size is now: (1176, 811)]. @30-10-2021 20:19:56.0939 P

################################################################################################################################################
Starting Execution:	[4 out of 143] test cases in the current suite
Test Method:		[unitTests.tests_element_elementActions.waitForElementToBePresent_true_expectedToFail]
################################################################################################################################################
[ReportManager] Target URL: [https://www.google.com/ncr], and after redirection: [www.google.com] @30-10-2021 20:19:56.0942 PM
[ReportManager] Initial URL: [] @30-10-2021 20:19:57.0006 PM
[ReportManager] Browser Action [NavigateToURL] successfully performed. With the following test data [https://www.google.com/ncr]. @30-10-2021 20:19:57.0719 PM
[ReportManager] Waiting for element to be present; elementLocator [By.id: bla], numberOfTries[1], stateOfPresence[true]... @30-10-2021 20:19:57.0719 P
[ReportManager] Browser Action [CloseCurrentWindow] successfully performed. @30-10-2021 20:19:57.0924 PM
[ReportManager] Successfully created attachment [Browser Action Test Data - CloseCurrentWindow - Actual Value] @30-10-2021 20:19:57.0925 P
[ReportManager] File Action [GetAbsolutePath] successfully performed. With the following test data [Relative Folder Path: "target/downloadedFiles/"]. @30-10-2021 20:19:57.0929 PM
[ReportManager] Attempting to run locally on: [Mac-64], [Safari], Headless Execution. @30-10-2021 20:19:57.0929 PM
[ReportManager] Successfully Opened Safari. @30-10-2021 20:19:58.0745 PM
[ReportManager] Initial window size: (800, 600) @30-10-2021 20:19:58.0760 PM
[ReportManager] Window size after SWD Maximize: (1176, 811) @30-10-2021 20:19:58.0774 PM
[ReportManager] Browser Action [MaximizeWindow] successfully performed. With the following test data [New screen size is now: (1176, 811)]. @30-10-2021 20:19:58.0775 P

################################################################################################################################################
Starting Execution:	[5 out of 143] test cases in the current suite
Test Method:		[unitTests.tests_element_elementActions.waitForElementToBePresent_true_expectedToPass]
################################################################################################################################################
[ReportManager] Target URL: [https://www.google.com/ncr], and after redirection: [www.google.com] @30-10-2021 20:19:58.0806 PM
[ReportManager] Initial URL: [] @30-10-2021 20:19:58.0851 PM
[ReportManager] Browser Action [NavigateToURL] successfully performed. With the following test data [https://www.google.com/ncr]. @30-10-2021 20:19:59.0569 PM
[ReportManager] Waiting for element to be present; elementLocator [By.xpath: //*[@id='hplogo' or @alt='Google']], numberOfTries[1], stateOfPresence[true]... @30-10-2021 20:19:59.0569 PM
[ReportManager] Element Action [WaitForElementToBePresent] successfully performed. With the following test data [waited for the element's state of presence to be (true). Element locator (By.xpath: //*[@id='hplogo' or @alt='Google'])]. @30-10-2021 20:19:59.0606 PM
[ReportManager] File Action [DoesFileExist] successfully performed. With the following test data [File Path: "src/test/resources/DynamicObjectRepository/unitTests_tests_element_elementActions_waitForElementToBePresent_true_expectedToPass_By_xpath_id_hplogo_or_alt_Google.png"]. @30-10-2021 20:19:59.0631 PM
[ReportManager] File Action [DoesFileExist] successfully performed. With the following test data [File Path: "src/test/resources/DynamicObjectRepository/unitTests_tests_element_elementActions_waitForElementToBePresent_true_expectedToPass_By_xpath_id_hplogo_or_alt_Google.png"]. @30-10-2021 20:19:59.0743 PM
[ReportManager] Passing the test and saving a reference image @30-10-2021 20:19:59.0744 PM
[ReportManager] File Action [GetAbsolutePath] successfully performed. With the following test data [Relative File Path: "src/test/resources/DynamicObjectRepository/unitTests_tests_element_elementActions_waitForElementToBePresent_true_expectedToPass_By_xpath_id_hplogo_or_alt_Google.png"]. @30-10-2021 20:19:59.0744 PM
[ReportManager] File Action [WriteToFile] successfully performed. With the following test data [Target File Path: "/Users/runner/work/SHAFT_ENGINE/SHAFT_ENGINE/src/test/resources/DynamicObjectRepository/unitTests_tests_element_elementActions_waitForElementToBePresent_true_expectedToPass_By_xpath_id_hplogo_or_alt_Google.png"]. @30-10-2021 20:19:59.0745 PM
[ReportManager] Assertion Passed: Using Visual AI; OpenCV @30-10-2021 20:19:59.0748 PM
[ReportManager] Successfully created attachment [Validation Test Data - Actual Screenshot] @30-10-2021 20:19:59.0749 PM
[ReportManager] Assertion [ValidateElementMatches] PASSED. Expected [Element should match the reference screenshot] and Actual [TRUE]. Comparison Type [EXACT_OPENCV]. Validation Type [POSITIVE]. @30-10-2021 20:19:59.0749 P
[ReportManager] Browser Action [CloseCurrentWindow] successfully performed. @30-10-2021 20:20:00.0002 PM
[ReportManager] Successfully created attachment [Browser Action Test Data - CloseCurrentWindow - Actual Value] @30-10-2021 20:20:00.0003 P
[ReportManager] File Action [GetAbsolutePath] successfully performed. With the following test data [Relative Folder Path: "target/downloadedFiles/"]. @30-10-2021 20:20:00.0008 PM
[ReportManager] Attempting to run locally on: [Mac-64], [Safari], Headless Execution. @30-10-2021 20:20:00.0008 PM
[ReportManager] Successfully Opened Safari. @30-10-2021 20:20:00.0841 PM
[ReportManager] Initial window size: (800, 600) @30-10-2021 20:20:00.0849 PM
[ReportManager] Window size after SWD Maximize: (1176, 811) @30-10-2021 20:20:00.0865 PM
[ReportManager] Browser Action [MaximizeWindow] successfully performed. With the following test data [New screen size is now: (1176, 811)]. @30-10-2021 20:20:00.0865 PM
[ReportManager] Target URL: [https://duckduckgo.com] @30-10-2021 20:20:00.0869 PM
[ReportManager] Initial URL: [] @30-10-2021 20:20:00.0921 PM
[ReportManager] Browser Action [NavigateToURL] successfully performed. With the following test data [https://duckduckgo.com]. @30-10-2021 20:20:01.0775 P

################################################################################################################################################
Starting Execution:	[6 out of 143] test cases in the current suite
Test Method:		[unitTests.tests_browserActions.fullScreenWindow]
################################################################################################################################################
[ReportManager] Initial Windows Size: 1176x811 @30-10-2021 20:20:01.0784 PM
[ReportManager] Current Windows Size after fullScreen: 1176x885 @30-10-2021 20:20:02.0014 PM
[ReportManager] Browser Action [FullScreenWindow] successfully performed. @30-10-2021 20:20:02.0025 PM
[ReportManager] Successfully created attachment [Browser Action Test Data - FullScreenWindow - Actual Value] @30-10-2021 20:20:02.0027 P
[ReportManager] Target URL: [https://duckduckgo.com] @30-10-2021 20:20:02.0048 PM
[ReportManager] Initial URL: [https://duckduckgo.com] @30-10-2021 20:20:02.0114 PM
[ReportManager] Browser Action [NavigateToURL] successfully performed. With the following test data [https://duckduckgo.com]. @30-10-2021 20:20:02.0588 PM
[ReportManager] Browser Action [CloseCurrentWindow] successfully performed. @30-10-2021 20:20:02.0692 PM
[ReportManager] Successfully created attachment [Browser Action Test Data - CloseCurrentWindow - Actual Value] @30-10-2021 20:20:02.0694 P
[ReportManager] File Action [GetAbsolutePath] successfully performed. With the following test data [Relative Folder Path: "target/downloadedFiles/"]. @30-10-2021 20:20:02.0698 PM
[ReportManager] Attempting to run locally on: [Mac-64], [Safari], Headless Execution. @30-10-2021 20:20:02.0698 PM
[ReportManager] Successfully Opened Safari. @30-10-2021 20:20:03.0276 PM
[ReportManager] Initial window size: (800, 600) @30-10-2021 20:20:03.0296 PM
[ReportManager] Window size after SWD Maximize: (1176, 811) @30-10-2021 20:20:03.0312 PM
[ReportManager] Browser Action [MaximizeWindow] successfully performed. With the following test data [New screen size is now: (1176, 811)]. @30-10-2021 20:20:03.0313 PM
[ReportManager] Target URL: [https://duckduckgo.com] @30-10-2021 20:20:03.0317 PM
[ReportManager] Initial URL: [] @30-10-2021 20:20:03.0408 PM
[ReportManager] Browser Action [NavigateToURL] successfully performed. With the following test data [https://duckduckgo.com]. @30-10-2021 20:20:04.0247 P

################################################################################################################################################
Starting Execution:	[7 out of 143] test cases in the current suite
Test Method:		[unitTests.tests_browserActions.getCurrentURL]
################################################################################################################################################
[ReportManager] Browser Action [GetCurrentURL] successfully performed. With the following test data [https://duckduckgo.com/]. @30-10-2021 20:20:04.0270 P
[ReportManager] Target URL: [https://duckduckgo.com] @30-10-2021 20:20:04.0273 PM
[ReportManager] Initial URL: [https://duckduckgo.com] @30-10-2021 20:20:04.0323 PM
[ReportManager] Browser Action [NavigateToURL] successfully performed. With the following test data [https://duckduckgo.com]. @30-10-2021 20:20:04.0658 PM
[ReportManager] Browser Action [CloseCurrentWindow] successfully performed. @30-10-2021 20:20:04.0759 PM
[ReportManager] Successfully created attachment [Browser Action Test Data - CloseCurrentWindow - Actual Value] @30-10-2021 20:20:04.0760 P
[ReportManager] File Action [GetAbsolutePath] successfully performed. With the following test data [Relative Folder Path: "target/downloadedFiles/"]. @30-10-2021 20:20:04.0764 PM
[ReportManager] Attempting to run locally on: [Mac-64], [Safari], Headless Execution. @30-10-2021 20:20:04.0764 PM
[ReportManager] Successfully Opened Safari. @30-10-2021 20:20:05.0572 PM
[ReportManager] Initial window size: (800, 600) @30-10-2021 20:20:05.0581 PM
[ReportManager] Window size after SWD Maximize: (1176, 811) @30-10-2021 20:20:05.0591 PM
[ReportManager] Browser Action [MaximizeWindow] successfully performed. With the following test data [New screen size is now: (1176, 811)]. @30-10-2021 20:20:05.0592 PM
[ReportManager] Target URL: [https://duckduckgo.com] @30-10-2021 20:20:05.0592 PM
[ReportManager] Initial URL: [] @30-10-2021 20:20:05.0628 PM
[ReportManager] Browser Action [NavigateToURL] successfully performed. With the following test data [https://duckduckgo.com]. @30-10-2021 20:20:06.0310 P

################################################################################################################################################
Starting Execution:	[8 out of 143] test cases in the current suite
Test Method:		[unitTests.tests_browserActions.getCurrentWindowTitle]
################################################################################################################################################
[ReportManager] Browser Action [GetCurrentWindowTitle] successfully performed. With the following test data [DuckDuckGo â€” Privacy, simplified.]. @30-10-2021 20:20:06.0345 P
[ReportManager] Target URL: [https://duckduckgo.com] @30-10-2021 20:20:06.0348 PM
[ReportManager] Initial URL: [https://duckduckgo.com] @30-10-2021 20:20:06.0375 PM
[ReportManager] Browser Action [NavigateToURL] successfully performed. With the following test data [https://duckduckgo.com]. @30-10-2021 20:20:06.0694 PM
[ReportManager] Browser Action [CloseCurrentWindow] successfully performed. @30-10-2021 20:20:06.0918 PM
[ReportManager] Successfully created attachment [Browser Action Test Data - CloseCurrentWindow - Actual Value] @30-10-2021 20:20:06.0919 P
[ReportManager] File Action [GetAbsolutePath] successfully performed. With the following test data [Relative Folder Path: "target/downloadedFiles/"]. @30-10-2021 20:20:06.0932 PM
[ReportManager] Attempting to run locally on: [Mac-64], [Safari], Headless Execution. @30-10-2021 20:20:06.0933 PM
[ReportManager] Successfully Opened Safari. @30-10-2021 20:20:07.0726 PM
[ReportManager] Initial window size: (800, 600) @30-10-2021 20:20:07.0731 PM
[ReportManager] Window size after SWD Maximize: (1176, 811) @30-10-2021 20:20:07.0742 PM
[ReportManager] Browser Action [MaximizeWindow] successfully performed. With the following test data [New screen size is now: (1176, 811)]. @30-10-2021 20:20:07.0743 PM
[ReportManager] Target URL: [https://duckduckgo.com] @30-10-2021 20:20:07.0743 PM
[ReportManager] Initial URL: [] @30-10-2021 20:20:07.0814 PM
[ReportManager] Browser Action [NavigateToURL] successfully performed. With the following test data [https://duckduckgo.com]. @30-10-2021 20:20:08.0464 P

################################################################################################################################################
Starting Execution:	[9 out of 143] test cases in the current suite
Test Method:		[unitTests.tests_browserActions.getPageSource]
################################################################################################################################################
[ReportManager] Browser Action [GetPageSource] successfully performed. @30-10-2021 20:20:08.0517 PM
[ReportManager] Successfully created attachment [Browser Action Test Data - GetPageSource - Actual Value] @30-10-2021 20:20:08.0518 P
[ReportManager] Target URL: [https://duckduckgo.com] @30-10-2021 20:20:08.0520 PM
[ReportManager] Initial URL: [https://duckduckgo.com] @30-10-2021 20:20:08.0549 PM
[ReportManager] Browser Action [NavigateToURL] successfully performed. With the following test data [https://duckduckgo.com]. @30-10-2021 20:20:08.0854 PM
[ReportManager] Browser Action [CloseCurrentWindow] successfully performed. @30-10-2021 20:20:08.0983 PM
[ReportManager] Successfully created attachment [Browser Action Test Data - CloseCurrentWindow - Actual Value] @30-10-2021 20:20:08.0983 P
[ReportManager] File Action [GetAbsolutePath] successfully performed. With the following test data [Relative Folder Path: "target/downloadedFiles/"]. @30-10-2021 20:20:08.0986 PM
[ReportManager] Attempting to run locally on: [Mac-64], [Safari], Headless Execution. @30-10-2021 20:20:08.0986 PM
[ReportManager] Successfully Opened Safari. @30-10-2021 20:20:09.0776 PM
[ReportManager] Initial window size: (800, 600) @30-10-2021 20:20:09.0781 PM
[ReportManager] Window size after SWD Maximize: (1176, 811) @30-10-2021 20:20:09.0791 PM
[ReportManager] Browser Action [MaximizeWindow] successfully performed. With the following test data [New screen size is now: (1176, 811)]. @30-10-2021 20:20:09.0791 PM
[ReportManager] Target URL: [https://duckduckgo.com] @30-10-2021 20:20:09.0791 PM
[ReportManager] Initial URL: [] @30-10-2021 20:20:09.0825 PM
[ReportManager] Browser Action [NavigateToURL] successfully performed. With the following test data [https://duckduckgo.com]. @30-10-2021 20:20:10.0488 P

################################################################################################################################################
Starting Execution:	[10 out of 143] test cases in the current suite
Test Method:		[unitTests.tests_browserActions.getWindowHandle]
################################################################################################################################################
[ReportManager] Browser Action [GetWindowHandle] successfully performed. With the following test data [page-7D77F16B-6DA7-4F85-A313-E6BC808F8A7F]. @30-10-2021 20:20:10.0519 P
[ReportManager] Target URL: [https://duckduckgo.com] @30-10-2021 20:20:10.0524 PM
[ReportManager] Initial URL: [https://duckduckgo.com] @30-10-2021 20:20:10.0551 PM
[ReportManager] Browser Action [NavigateToURL] successfully performed. With the following test data [https://duckduckgo.com]. @30-10-2021 20:20:10.0857 PM
[ReportManager] Browser Action [CloseCurrentWindow] successfully performed. @30-10-2021 20:20:11.0018 PM
[ReportManager] Successfully created attachment [Browser Action Test Data - CloseCurrentWindow - Actual Value] @30-10-2021 20:20:11.0019 P
[ReportManager] File Action [GetAbsolutePath] successfully performed. With the following test data [Relative Folder Path: "target/downloadedFiles/"]. @30-10-2021 20:20:11.0022 PM
[ReportManager] Attempting to run locally on: [Mac-64], [Safari], Headless Execution. @30-10-2021 20:20:11.0023 PM
[ReportManager] Successfully Opened Safari. @30-10-2021 20:20:11.0777 PM
[ReportManager] Initial window size: (800, 600) @30-10-2021 20:20:11.0783 PM
[ReportManager] Window size after SWD Maximize: (1176, 811) @30-10-2021 20:20:11.0810 PM
[ReportManager] Browser Action [MaximizeWindow] successfully performed. With the following test data [New screen size is now: (1176, 811)]. @30-10-2021 20:20:11.0811 PM
[ReportManager] Target URL: [https://duckduckgo.com] @30-10-2021 20:20:11.0811 PM
[ReportManager] Initial URL: [] @30-10-2021 20:20:11.0863 PM
[ReportManager] Browser Action [NavigateToURL] successfully performed. With the following test data [https://duckduckgo.com]. @30-10-2021 20:20:12.0518 P

################################################################################################################################################
Starting Execution:	[11 out of 143] test cases in the current suite
Test Method:		[unitTests.tests_browserActions.getWindowPosition]
################################################################################################################################################
[ReportManager] Browser Action [GetWindowPosition] successfully performed. With the following test data [(0, 23)]. @30-10-2021 20:20:12.0552 P
[ReportManager] Target URL: [https://duckduckgo.com] @30-10-2021 20:20:12.0554 PM
[ReportManager] Initial URL: [https://duckduckgo.com] @30-10-2021 20:20:12.0582 PM
[ReportManager] Browser Action [NavigateToURL] successfully performed. With the following test data [https://duckduckgo.com]. @30-10-2021 20:20:12.0890 PM
[ReportManager] Browser Action [CloseCurrentWindow] successfully performed. @30-10-2021 20:20:13.0101 PM
[ReportManager] Successfully created attachment [Browser Action Test Data - CloseCurrentWindow - Actual Value] @30-10-2021 20:20:13.0101 P
[ReportManager] File Action [GetAbsolutePath] successfully performed. With the following test data [Relative Folder Path: "target/downloadedFiles/"]. @30-10-2021 20:20:13.0104 PM
[ReportManager] Attempting to run locally on: [Mac-64], [Safari], Headless Execution. @30-10-2021 20:20:13.0104 PM
[ReportManager] Successfully Opened Safari. @30-10-2021 20:20:13.0878 PM
[ReportManager] Initial window size: (800, 600) @30-10-2021 20:20:13.0892 PM
[ReportManager] Window size after SWD Maximize: (1176, 811) @30-10-2021 20:20:13.0905 PM
[ReportManager] Browser Action [MaximizeWindow] successfully performed. With the following test data [New screen size is now: (1176, 811)]. @30-10-2021 20:20:13.0906 PM
[ReportManager] Target URL: [https://duckduckgo.com] @30-10-2021 20:20:13.0906 PM
[ReportManager] Initial URL: [] @30-10-2021 20:20:13.0945 PM
[ReportManager] Browser Action [NavigateToURL] successfully performed. With the following test data [https://duckduckgo.com]. @30-10-2021 20:20:14.0675 P

################################################################################################################################################
Starting Execution:	[12 out of 143] test cases in the current suite
Test Method:		[unitTests.tests_browserActions.getWindowSize]
################################################################################################################################################
[ReportManager] Browser Action [GetWindowSize] successfully performed. With the following test data [(1176, 811)]. @30-10-2021 20:20:14.0710 P
[ReportManager] Target URL: [https://duckduckgo.com] @30-10-2021 20:20:14.0713 PM
[ReportManager] Initial URL: [https://duckduckgo.com] @30-10-2021 20:20:14.0747 PM
[ReportManager] Browser Action [NavigateToURL] successfully performed. With the following test data [https://duckduckgo.com]. @30-10-2021 20:20:15.0065 PM
[ReportManager] Browser Action [CloseCurrentWindow] successfully performed. @30-10-2021 20:20:15.0242 PM
[ReportManager] Successfully created attachment [Browser Action Test Data - CloseCurrentWindow - Actual Value] @30-10-2021 20:20:15.0243 P
[ReportManager] File Action [GetAbsolutePath] successfully performed. With the following test data [Relative Folder Path: "target/downloadedFiles/"]. @30-10-2021 20:20:15.0246 PM
[ReportManager] Attempting to run locally on: [Mac-64], [Safari], Headless Execution. @30-10-2021 20:20:15.0246 PM
[ReportManager] Successfully Opened Safari. @30-10-2021 20:20:16.0046 PM
[ReportManager] Initial window size: (800, 600) @30-10-2021 20:20:16.0052 PM
[ReportManager] Window size after SWD Maximize: (1176, 811) @30-10-2021 20:20:16.0077 PM
[ReportManager] Browser Action [MaximizeWindow] successfully performed. With the following test data [New screen size is now: (1176, 811)]. @30-10-2021 20:20:16.0077 PM
[ReportManager] Target URL: [https://duckduckgo.com] @30-10-2021 20:20:16.0078 PM
[ReportManager] Initial URL: [] @30-10-2021 20:20:16.0127 PM
[ReportManager] Browser Action [NavigateToURL] successfully performed. With the following test data [https://duckduckgo.com]. @30-10-2021 20:20:16.0765 P

################################################################################################################################################
Starting Execution:	[13 out of 143] test cases in the current suite
Test Method:		[unitTests.tests_browserActions.maximizeWindow]
################################################################################################################################################
[ReportManager] Initial window size: (1176, 811) @30-10-2021 20:20:16.0773 PM
[ReportManager] Window size after SWD Maximize: (1176, 811) @30-10-2021 20:20:16.0782 PM
[ReportManager] Window size after Toolkit: (1920, 1080) @30-10-2021 20:20:16.0833 PM
[ReportManager] Browser Action [MaximizeWindow] successfully performed. With the following test data [New screen size is now: (1920, 1080)]. @30-10-2021 20:20:16.0835 P
[ReportManager] Target URL: [https://duckduckgo.com] @30-10-2021 20:20:16.0837 PM
[ReportManager] Initial URL: [https://duckduckgo.com] @30-10-2021 20:20:16.0887 PM
[ReportManager] Browser Action [NavigateToURL] successfully performed. With the following test data [https://duckduckgo.com]. @30-10-2021 20:20:17.0202 PM
[ReportManager] Browser Action [CloseCurrentWindow] successfully performed. @30-10-2021 20:20:17.0426 PM
[ReportManager] Successfully created attachment [Browser Action Test Data - CloseCurrentWindow - Actual Value] @30-10-2021 20:20:17.0427 P
[ReportManager] File Action [GetAbsolutePath] successfully performed. With the following test data [Relative Folder Path: "target/downloadedFiles/"]. @30-10-2021 20:20:17.0429 PM
[ReportManager] Attempting to run locally on: [Mac-64], [Safari], Headless Execution. @30-10-2021 20:20:17.0429 PM
[ReportManager] Successfully Opened Safari. @30-10-2021 20:20:18.0223 PM
[ReportManager] Initial window size: (800, 600) @30-10-2021 20:20:18.0234 PM
[ReportManager] Window size after SWD Maximize: (1176, 811) @30-10-2021 20:20:18.0256 PM
[ReportManager] Browser Action [MaximizeWindow] successfully performed. With the following test data [New screen size is now: (1176, 811)]. @30-10-2021 20:20:18.0256 PM
[ReportManager] Target URL: [https://duckduckgo.com] @30-10-2021 20:20:18.0256 PM
[ReportManager] Initial URL: [] @30-10-2021 20:20:18.0316 PM
[ReportManager] Browser Action [NavigateToURL] successfully performed. With the following test data [https://duckduckgo.com]. @30-10-2021 20:20:18.0967 P

################################################################################################################################################
Starting Execution:	[14 out of 143] test cases in the current suite
Test Method:		[unitTests.tests_browserActions.navigateBack]
################################################################################################################################################
[ReportManager] Target URL: [https://www.google.com/ncr], and after redirection: [https://www.google.com] @30-10-2021 20:20:18.0970 PM
[ReportManager] Initial URL: [https://duckduckgo.com] @30-10-2021 20:20:19.0007 PM
[ReportManager] Browser Action [NavigateToURL] successfully performed. With the following test data [https://www.google.com/ncr]. @30-10-2021 20:20:19.0802 PM
[ReportManager] Browser Action [NavigateBack] successfully performed. With the following test data [https://duckduckgo.com/]. @30-10-2021 20:20:19.0941 PM
[ReportManager] Browser Action [GetCurrentURL] successfully performed. With the following test data [https://duckduckgo.com/]. @30-10-2021 20:20:19.0966 PM
[ReportManager] Assertion Passed: Confirming that navigating back was successful @30-10-2021 20:20:20.0083 PM
[ReportManager] Successfully created attachment [Screenshot - 1635625219999_navigateBack_ValidateBrowserAttribute_passed] @30-10-2021 20:20:20.0090 PM
[ReportManager] Assertion [ValidateBrowserAttribute] PASSED. Expected [Value Should be 'https://duckduckgo.com' for the 'CurrentUrl' attribute] and Actual [https://duckduckgo.com/]. Comparison Type [CONTAINS]. Validation Type [POSITIVE]. @30-10-2021 20:20:20.0090 P
[ReportManager] Target URL: [https://duckduckgo.com] @30-10-2021 20:20:20.0093 PM
[ReportManager] Initial URL: [https://duckduckgo.com] @30-10-2021 20:20:20.0127 PM
[ReportManager] Browser Action [NavigateToURL] successfully performed. With the following test data [https://duckduckgo.com]. @30-10-2021 20:20:20.0444 PM
[ReportManager] Browser Action [CloseCurrentWindow] successfully performed. @30-10-2021 20:20:20.0482 PM
[ReportManager] Successfully created attachment [Browser Action Test Data - CloseCurrentWindow - Actual Value] @30-10-2021 20:20:20.0486 P
[ReportManager] File Action [GetAbsolutePath] successfully performed. With the following test data [Relative Folder Path: "target/downloadedFiles/"]. @30-10-2021 20:20:20.0491 PM
[ReportManager] Attempting to run locally on: [Mac-64], [Safari], Headless Execution. @30-10-2021 20:20:20.0492 PM
[ReportManager] Successfully Opened Safari. @30-10-2021 20:20:21.0286 PM
[ReportManager] Initial window size: (800, 600) @30-10-2021 20:20:21.0294 PM
[ReportManager] Window size after SWD Maximize: (1176, 811) @30-10-2021 20:20:21.0313 PM
[ReportManager] Browser Action [MaximizeWindow] successfully performed. With the following test data [New screen size is now: (1176, 811)]. @30-10-2021 20:20:21.0314 PM
[ReportManager] Target URL: [https://duckduckgo.com] @30-10-2021 20:20:21.0314 PM
[ReportManager] Initial URL: [] @30-10-2021 20:20:21.0368 PM
[ReportManager] Browser Action [NavigateToURL] successfully performed. With the following test data [https://duckduckgo.com]. @30-10-2021 20:20:22.0116 P

################################################################################################################################################
Starting Execution:	[15 out of 143] test cases in the current suite
Test Method:		[unitTests.tests_browserActions.navigateForward]
################################################################################################################################################
[ReportManager] Target URL: [https://www.google.com/ncr], and after redirection: [https://www.google.com] @30-10-2021 20:20:22.0120 PM
[ReportManager] Initial URL: [https://duckduckgo.com] @30-10-2021 20:20:22.0150 PM
[ReportManager] Browser Action [NavigateToURL] successfully performed. With the following test data [https://www.google.com/ncr]. @30-10-2021 20:20:23.0447 PM
[ReportManager] Browser Action [NavigateBack] successfully performed. With the following test data [https://duckduckgo.com/]. @30-10-2021 20:20:23.0569 PM
[ReportManager] Browser Action [NavigateForward] successfully performed. With the following test data [https://www.google.com/]. @30-10-2021 20:20:23.0660 P
[ReportManager] Target URL: [https://duckduckgo.com] @30-10-2021 20:20:23.0664 PM
[ReportManager] Initial URL: [https://www.google.com] @30-10-2021 20:20:23.0691 PM
[ReportManager] Browser Action [NavigateToURL] successfully performed. With the following test data [https://duckduckgo.com]. @30-10-2021 20:20:23.0962 PM
[ReportManager] Browser Action [CloseCurrentWindow] successfully performed. @30-10-2021 20:20:24.0189 PM
[ReportManager] Successfully created attachment [Browser Action Test Data - CloseCurrentWindow - Actual Value] @30-10-2021 20:20:24.0190 P
[ReportManager] File Action [GetAbsolutePath] successfully performed. With the following test data [Relative Folder Path: "target/downloadedFiles/"]. @30-10-2021 20:20:24.0193 PM
[ReportManager] Attempting to run locally on: [Mac-64], [Safari], Headless Execution. @30-10-2021 20:20:24.0193 PM
[ReportManager] Successfully Opened Safari. @30-10-2021 20:20:25.0038 PM
[ReportManager] Initial window size: (800, 600) @30-10-2021 20:20:25.0042 PM
[ReportManager] Window size after SWD Maximize: (1176, 811) @30-10-2021 20:20:25.0052 PM
[ReportManager] Browser Action [MaximizeWindow] successfully performed. With the following test data [New screen size is now: (1176, 811)]. @30-10-2021 20:20:25.0053 PM
[ReportManager] Target URL: [https://duckduckgo.com] @30-10-2021 20:20:25.0053 PM
[ReportManager] Initial URL: [] @30-10-2021 20:20:25.0091 PM
[ReportManager] Browser Action [NavigateToURL] successfully performed. With the following test data [https://duckduckgo.com]. @30-10-2021 20:20:25.0746 P

################################################################################################################################################
Starting Execution:	[16 out of 143] test cases in the current suite
Test Method:		[unitTests.tests_browserActions.navigateToURL]
################################################################################################################################################
[ReportManager] Target URL: [https://duckduckgo.com] @30-10-2021 20:20:25.0750 PM
[ReportManager] Initial URL: [https://duckduckgo.com] @30-10-2021 20:20:25.0794 PM
[ReportManager] Browser Action [NavigateToURL] successfully performed. With the following test data [https://duckduckgo.com]. @30-10-2021 20:20:26.0101 P
[ReportManager] Target URL: [https://duckduckgo.com] @30-10-2021 20:20:26.0107 PM
[ReportManager] Initial URL: [https://duckduckgo.com] @30-10-2021 20:20:26.0131 PM
[ReportManager] Browser Action [NavigateToURL] successfully performed. With the following test data [https://duckduckgo.com]. @30-10-2021 20:20:26.0446 PM
[ReportManager] Browser Action [CloseCurrentWindow] successfully performed. @30-10-2021 20:20:26.0562 PM
[ReportManager] Successfully created attachment [Browser Action Test Data - CloseCurrentWindow - Actual Value] @30-10-2021 20:20:26.0563 P
[ReportManager] File Action [GetAbsolutePath] successfully performed. With the following test data [Relative Folder Path: "target/downloadedFiles/"]. @30-10-2021 20:20:26.0565 PM
[ReportManager] Attempting to run locally on: [Mac-64], [Safari], Headless Execution. @30-10-2021 20:20:26.0566 PM
[ReportManager] Successfully Opened Safari. @30-10-2021 20:20:27.0370 PM
[ReportManager] Initial window size: (800, 600) @30-10-2021 20:20:27.0401 PM
[ReportManager] Window size after SWD Maximize: (1176, 811) @30-10-2021 20:20:27.0421 PM
[ReportManager] Browser Action [MaximizeWindow] successfully performed. With the following test data [New screen size is now: (1176, 811)]. @30-10-2021 20:20:27.0421 PM
[ReportManager] Target URL: [https://duckduckgo.com] @30-10-2021 20:20:27.0422 PM
[ReportManager] Initial URL: [] @30-10-2021 20:20:27.0481 PM
[ReportManager] Browser Action [NavigateToURL] successfully performed. With the following test data [https://duckduckgo.com]. @30-10-2021 20:20:28.0132 P

################################################################################################################################################
Starting Execution:	[17 out of 143] test cases in the current suite
Test Method:		[unitTests.tests_browserActions.navigateToURLWithRedirection]
################################################################################################################################################
[ReportManager] Target URL: [https://www.google.com/ncr], and after redirection: [https://www.google.com] @30-10-2021 20:20:28.0135 PM
[ReportManager] Initial URL: [https://duckduckgo.com] @30-10-2021 20:20:28.0171 PM
[ReportManager] Browser Action [NavigateToURL] successfully performed. With the following test data [https://www.google.com/ncr]. @30-10-2021 20:20:28.0980 P
[ReportManager] Target URL: [https://duckduckgo.com] @30-10-2021 20:20:28.0982 PM
[ReportManager] Initial URL: [https://www.google.com] @30-10-2021 20:20:29.0009 PM
[ReportManager] Browser Action [NavigateToURL] successfully performed. With the following test data [https://duckduckgo.com]. @30-10-2021 20:20:29.0281 PM
[ReportManager] Browser Action [CloseCurrentWindow] successfully performed. @30-10-2021 20:20:29.0494 PM
[ReportManager] Successfully created attachment [Browser Action Test Data - CloseCurrentWindow - Actual Value] @30-10-2021 20:20:29.0495 P
[ReportManager] File Action [GetAbsolutePath] successfully performed. With the following test data [Relative Folder Path: "target/downloadedFiles/"]. @30-10-2021 20:20:29.0497 PM
[ReportManager] Attempting to run locally on: [Mac-64], [Safari], Headless Execution. @30-10-2021 20:20:29.0498 PM
[ReportManager] Successfully Opened Safari. @30-10-2021 20:20:30.0285 PM
[ReportManager] Initial window size: (800, 600) @30-10-2021 20:20:30.0292 PM
[ReportManager] Window size after SWD Maximize: (1176, 811) @30-10-2021 20:20:30.0305 PM
[ReportManager] Browser Action [MaximizeWindow] successfully performed. With the following test data [New screen size is now: (1176, 811)]. @30-10-2021 20:20:30.0306 PM
[ReportManager] Target URL: [https://duckduckgo.com] @30-10-2021 20:20:30.0306 PM
[ReportManager] Initial URL: [] @30-10-2021 20:20:30.0341 PM
[ReportManager] Browser Action [NavigateToURL] successfully performed. With the following test data [https://duckduckgo.com]. @30-10-2021 20:20:30.0983 P

################################################################################################################################################
Starting Execution:	[18 out of 143] test cases in the current suite
Test Method:		[unitTests.tests_browserActions.refreshCurrentPage]
################################################################################################################################################
[ReportManager] Browser Action [RefreshCurrentPage] successfully performed. @30-10-2021 20:20:31.0250 PM
[ReportManager] Successfully created attachment [Browser Action Test Data - RefreshCurrentPage - Actual Value] @30-10-2021 20:20:31.0251 P
[ReportManager] Target URL: [https://duckduckgo.com] @30-10-2021 20:20:31.0253 PM
[ReportManager] Initial URL: [https://duckduckgo.com] @30-10-2021 20:20:31.0279 PM
[ReportManager] Browser Action [NavigateToURL] successfully performed. With the following test data [https://duckduckgo.com]. @30-10-2021 20:20:31.0592 PM
[ReportManager] Browser Action [CloseCurrentWindow] successfully performed. @30-10-2021 20:20:31.0681 PM
[ReportManager] Successfully created attachment [Browser Action Test Data - CloseCurrentWindow - Actual Value] @30-10-2021 20:20:31.0681 P
[ReportManager] File Action [GetAbsolutePath] successfully performed. With the following test data [Relative Folder Path: "target/downloadedFiles/"]. @30-10-2021 20:20:31.0685 PM
[ReportManager] Attempting to run locally on: [Mac-64], [Safari], Headless Execution. @30-10-2021 20:20:31.0685 PM
[ReportManager] Successfully Opened Safari. @30-10-2021 20:20:32.0482 PM
[ReportManager] Initial window size: (800, 600) @30-10-2021 20:20:32.0489 PM
[ReportManager] Window size after SWD Maximize: (1176, 811) @30-10-2021 20:20:32.0513 PM
[ReportManager] Browser Action [MaximizeWindow] successfully performed. With the following test data [New screen size is now: (1176, 811)]. @30-10-2021 20:20:32.0513 PM
[ReportManager] Target URL: [https://duckduckgo.com] @30-10-2021 20:20:32.0513 PM
[ReportManager] Initial URL: [] @30-10-2021 20:20:32.0578 PM
[ReportManager] Browser Action [NavigateToURL] successfully performed. With the following test data [https://duckduckgo.com]. @30-10-2021 20:20:33.0204 P

################################################################################################################################################
Starting Execution:	[19 out of 143] test cases in the current suite
Test Method:		[unitTests.tests_browserActions.setWindowSize]
################################################################################################################################################
[ReportManager] Initial window size: (1176, 811) @30-10-2021 20:20:33.0213 PM
[ReportManager] Window size after SWD: (1280, 720) @30-10-2021 20:20:33.0245 PM
[ReportManager] Browser Action [SetWindowSize] successfully performed. With the following test data [New screen size is now: (1280, 720)]. @30-10-2021 20:20:33.0245 P
[ReportManager] Target URL: [https://duckduckgo.com] @30-10-2021 20:20:33.0250 PM
[ReportManager] Initial URL: [https://duckduckgo.com] @30-10-2021 20:20:33.0293 PM
[ReportManager] Browser Action [NavigateToURL] successfully performed. With the following test data [https://duckduckgo.com]. @30-10-2021 20:20:33.0600 PM
[ReportManager] Browser Action [CloseCurrentWindow] successfully performed. @30-10-2021 20:20:33.0750 PM
[ReportManager] Successfully created attachment [Browser Action Test Data - CloseCurrentWindow - Actual Value] @30-10-2021 20:20:33.0751 P
[ReportManager] Successfully loaded the following test data file [src/test/resources/TestDataFiles/testSuite01/TestData.xlsx]. @30-10-2021 20:20:34.0478 PM
[ReportManager] Successfully created attachment [Test Data - Excel] @30-10-2021 20:20:34.0479 P

################################################################################################################################################
Starting Execution:	[20 out of 143] test cases in the current suite
Test Method:		[unitTests.tests_io_excelFileManager.getCellData_rowName_expectedToPass]
################################################################################################################################################
[ReportManager] testRowData. @30-10-2021 20:20:34.0490 P

################################################################################################################################################
Starting Execution:	[21 out of 143] test cases in the current suite
Test Method:		[unitTests.tests_validations_assertions.assertComparativeRelation_greaterThanOrEquals_false_equals_expectedToFail]
################################################################################################################################################
[ReportManager] Assertion [ValidateComparativeRelation] FAILED. Expected [1] and Actual [1]. Comparison Type [GREATER_THAN_OR_EQUALS]. Validation Type [NEGATIVE]. @30-10-2021 20:20:34.0496 P

################################################################################################################################################
Starting Execution:	[22 out of 143] test cases in the current suite
Test Method:		[unitTests.tests_validations_assertions.assertComparativeRelation_greaterThanOrEquals_false_equals_expectedToPass]
################################################################################################################################################
[ReportManager] Assertion [ValidateComparativeRelation] PASSED. Expected [2] and Actual [1]. Comparison Type [GREATER_THAN_OR_EQUALS]. Validation Type [NEGATIVE]. @30-10-2021 20:20:34.0499 P

################################################################################################################################################
Starting Execution:	[23 out of 143] test cases in the current suite
Test Method:		[unitTests.tests_validations_assertions.assertComparativeRelation_greaterThanOrEquals_false_greaterThan_expectedToFail]
################################################################################################################################################
[ReportManager] Assertion [ValidateComparativeRelation] FAILED. Expected [1] and Actual [2]. Comparison Type [GREATER_THAN_OR_EQUALS]. Validation Type [NEGATIVE]. @30-10-2021 20:20:34.0502 P

################################################################################################################################################
Starting Execution:	[24 out of 143] test cases in the current suite
Test Method:		[unitTests.tests_validations_assertions.assertComparativeRelation_greaterThanOrEquals_false_greaterThan_expectedToPass]
################################################################################################################################################
[ReportManager] Assertion [ValidateComparativeRelation] PASSED. Expected [2] and Actual [1]. Comparison Type [GREATER_THAN_OR_EQUALS]. Validation Type [NEGATIVE]. @30-10-2021 20:20:34.0505 P

################################################################################################################################################
Starting Execution:	[25 out of 143] test cases in the current suite
Test Method:		[unitTests.tests_validations_assertions.assertComparativeRelation_greaterThanOrEquals_true_equals_expectedToFail]
################################################################################################################################################
[ReportManager] Assertion [ValidateComparativeRelation] FAILED. Expected [1] and Actual [0]. Comparison Type [GREATER_THAN_OR_EQUALS]. Validation Type [POSITIVE]. @30-10-2021 20:20:34.0508 P

################################################################################################################################################
Starting Execution:	[26 out of 143] test cases in the current suite
Test Method:		[unitTests.tests_validations_assertions.assertComparativeRelation_greaterThanOrEquals_true_equals_expectedToPass]
################################################################################################################################################
[ReportManager] Assertion [ValidateComparativeRelation] PASSED. Expected [1] and Actual [1]. Comparison Type [GREATER_THAN_OR_EQUALS]. Validation Type [POSITIVE]. @30-10-2021 20:20:34.0511 P

################################################################################################################################################
Starting Execution:	[27 out of 143] test cases in the current suite
Test Method:		[unitTests.tests_validations_assertions.assertComparativeRelation_greaterThanOrEquals_true_greaterThan_expectedToFail]
################################################################################################################################################
[ReportManager] Assertion [ValidateComparativeRelation] FAILED. Expected [2] and Actual [1]. Comparison Type [GREATER_THAN_OR_EQUALS]. Validation Type [POSITIVE]. @30-10-2021 20:20:34.0515 P

################################################################################################################################################
Starting Execution:	[28 out of 143] test cases in the current suite
Test Method:		[unitTests.tests_validations_assertions.assertComparativeRelation_greaterThanOrEquals_true_greaterThan_expectedToPass]
################################################################################################################################################
[ReportManager] Assertion [ValidateComparativeRelation] PASSED. Expected [1] and Actual [2]. Comparison Type [GREATER_THAN_OR_EQUALS]. Validation Type [POSITIVE]. @30-10-2021 20:20:34.0519 P
[ReportManager] File Action [GetAbsolutePath] successfully performed. With the following test data [Relative Folder Path: "target/downloadedFiles/"]. @30-10-2021 20:20:34.0521 PM
[ReportManager] Attempting to run locally on: [Mac-64], [Safari], Headless Execution. @30-10-2021 20:20:34.0522 PM
[ReportManager] Successfully Opened Safari. @30-10-2021 20:20:35.0287 PM
[ReportManager] Initial window size: (800, 600) @30-10-2021 20:20:35.0301 PM
[ReportManager] Window size after SWD Maximize: (1176, 811) @30-10-2021 20:20:35.0313 PM
[ReportManager] Browser Action [MaximizeWindow] successfully performed. With the following test data [New screen size is now: (1176, 811)]. @30-10-2021 20:20:35.0314 PM
[ReportManager] Target URL: [https://www.google.com/ncr], and after redirection: [www.google.com] @30-10-2021 20:20:35.0314 PM
[ReportManager] Initial URL: [] @30-10-2021 20:20:35.0374 PM
[ReportManager] Browser Action [NavigateToURL] successfully performed. With the following test data [https://www.google.com/ncr]. @30-10-2021 20:20:36.0123 P

################################################################################################################################################
Starting Execution:	[29 out of 143] test cases in the current suite
Test Method:		[unitTests.tests_validations_assertions.assertElementAttribute_false_caseInsensitiveComparison_expectedToFail]
################################################################################################################################################
[ReportManager] Element Action [Type] successfully performed. With the following test data [AUTOMATION]. @30-10-2021 20:20:36.0561 PM
[ReportManager] Element Action [GetText] successfully performed. With the following test data [AUTOMATION]. @30-10-2021 20:20:36.0609 PM
[ReportManager] Loaded Shared OpenCV @30-10-2021 20:20:37.0638 PM
[ReportManager] Assertion [ValidateElementAttribute] FAILED. Expected [Value Should not be 'AutomaTion' for the 'text' attribute, element locator 'By.name: q'] and Actual [AUTOMATION]. Comparison Type [CASE_INSENSITIVE]. Validation Type [NEGATIVE]. @30-10-2021 20:20:37.0945 PM
[ReportManager] Successfully created attachment [Screenshot - 1635625236666_assertElementAttribute_false_caseInsensitiveComparison_expectedToFail_ValidateElementAttribute_failed] @30-10-2021 20:20:37.0949 P
[ReportManager] Browser Action [CloseCurrentWindow] successfully performed. @30-10-2021 20:20:38.0164 PM
[ReportManager] Successfully created attachment [Browser Action Test Data - CloseCurrentWindow - Actual Value] @30-10-2021 20:20:38.0165 P
[ReportManager] File Action [GetAbsolutePath] successfully performed. With the following test data [Relative Folder Path: "target/downloadedFiles/"]. @30-10-2021 20:20:38.0169 PM
[ReportManager] Attempting to run locally on: [Mac-64], [Safari], Headless Execution. @30-10-2021 20:20:38.0169 PM
[ReportManager] Successfully Opened Safari. @30-10-2021 20:20:38.0977 PM
[ReportManager] Initial window size: (800, 600) @30-10-2021 20:20:38.0996 PM
[ReportManager] Window size after SWD Maximize: (1176, 811) @30-10-2021 20:20:39.0007 PM
[ReportManager] Browser Action [MaximizeWindow] successfully performed. With the following test data [New screen size is now: (1176, 811)]. @30-10-2021 20:20:39.0008 PM
[ReportManager] Target URL: [https://www.google.com/ncr], and after redirection: [www.google.com] @30-10-2021 20:20:39.0008 PM
[ReportManager] Initial URL: [] @30-10-2021 20:20:39.0082 PM
[ReportManager] Browser Action [NavigateToURL] successfully performed. With the following test data [https://www.google.com/ncr]. @30-10-2021 20:20:40.0412 P

################################################################################################################################################
Starting Execution:	[30 out of 143] test cases in the current suite
Test Method:		[unitTests.tests_validations_assertions.assertElementAttribute_false_caseInsensitiveComparison_expectedToPass]
################################################################################################################################################
[ReportManager] Element Action [Type] successfully performed. With the following test data [AUTOMATION]. @30-10-2021 20:20:40.0769 PM
[ReportManager] Element Action [GetText] successfully performed. With the following test data [AUTOMATION]. @30-10-2021 20:20:40.0810 PM
[ReportManager] Loaded Shared OpenCV @30-10-2021 20:20:40.0858 PM
[ReportManager] Assertion [ValidateElementAttribute] PASSED. Expected [Value Should not be 'AutomaTion123' for the 'text' attribute, element locator 'By.name: q'] and Actual [AUTOMATION]. Comparison Type [CASE_INSENSITIVE]. Validation Type [NEGATIVE]. @30-10-2021 20:20:40.0961 PM
[ReportManager] Successfully created attachment [Screenshot - 1635625240858_assertElementAttribute_false_caseInsensitiveComparison_expectedToPass_ValidateElementAttribute_passed] @30-10-2021 20:20:40.0962 P
[ReportManager] Browser Action [CloseCurrentWindow] successfully performed. @30-10-2021 20:20:41.0175 PM
[ReportManager] Successfully created attachment [Browser Action Test Data - CloseCurrentWindow - Actual Value] @30-10-2021 20:20:41.0176 P
[ReportManager] File Action [GetAbsolutePath] successfully performed. With the following test data [Relative Folder Path: "target/downloadedFiles/"]. @30-10-2021 20:20:41.0179 PM
[ReportManager] Attempting to run locally on: [Mac-64], [Safari], Headless Execution. @30-10-2021 20:20:41.0179 PM
[ReportManager] Successfully Opened Safari. @30-10-2021 20:20:42.0027 PM
[ReportManager] Initial window size: (800, 600) @30-10-2021 20:20:42.0034 PM
[ReportManager] Window size after SWD Maximize: (1176, 811) @30-10-2021 20:20:42.0055 PM
[ReportManager] Browser Action [MaximizeWindow] successfully performed. With the following test data [New screen size is now: (1176, 811)]. @30-10-2021 20:20:42.0055 PM
[ReportManager] Target URL: [https://www.google.com/ncr], and after redirection: [www.google.com] @30-10-2021 20:20:42.0055 PM
[ReportManager] Initial URL: [] @30-10-2021 20:20:42.0125 PM
[ReportManager] Browser Action [NavigateToURL] successfully performed. With the following test data [https://www.google.com/ncr]. @30-10-2021 20:20:43.0438 P

################################################################################################################################################
Starting Execution:	[31 out of 143] test cases in the current suite
Test Method:		[unitTests.tests_validations_assertions.assertElementAttribute_false_containsComparison_expectedToFail]
################################################################################################################################################
[ReportManager] Element Action [Type] successfully performed. With the following test data [Automation123]. @30-10-2021 20:20:43.0913 PM
[ReportManager] Element Action [GetText] successfully performed. With the following test data [Automation123]. @30-10-2021 20:20:43.0956 PM
[ReportManager] Loaded Shared OpenCV @30-10-2021 20:20:44.0002 PM
[ReportManager] Assertion [ValidateElementAttribute] FAILED. Expected [Value Should not be 'Automation' for the 'text' attribute, element locator 'By.name: q'] and Actual [Automation123]. Comparison Type [CONTAINS]. Validation Type [NEGATIVE]. @30-10-2021 20:20:44.0099 PM
[ReportManager] Successfully created attachment [Screenshot - 1635625244002_assertElementAttribute_false_containsComparison_expectedToFail_ValidateElementAttribute_failed] @30-10-2021 20:20:44.0100 P
[ReportManager] Browser Action [CloseCurrentWindow] successfully performed. @30-10-2021 20:20:44.0275 PM
[ReportManager] Successfully created attachment [Browser Action Test Data - CloseCurrentWindow - Actual Value] @30-10-2021 20:20:44.0275 P
[ReportManager] File Action [GetAbsolutePath] successfully performed. With the following test data [Relative Folder Path: "target/downloadedFiles/"]. @30-10-2021 20:20:44.0279 PM
[ReportManager] Attempting to run locally on: [Mac-64], [Safari], Headless Execution. @30-10-2021 20:20:44.0279 PM
[ReportManager] Successfully Opened Safari. @30-10-2021 20:20:45.0074 PM
[ReportManager] Initial window size: (800, 600) @30-10-2021 20:20:45.0082 PM
[ReportManager] Window size after SWD Maximize: (1176, 811) @30-10-2021 20:20:45.0092 PM
[ReportManager] Browser Action [MaximizeWindow] successfully performed. With the following test data [New screen size is now: (1176, 811)]. @30-10-2021 20:20:45.0093 PM
[ReportManager] Target URL: [https://www.google.com/ncr], and after redirection: [www.google.com] @30-10-2021 20:20:45.0093 PM
[ReportManager] Initial URL: [] @30-10-2021 20:20:45.0167 PM
[ReportManager] Browser Action [NavigateToURL] successfully performed. With the following test data [https://www.google.com/ncr]. @30-10-2021 20:20:46.0496 P

################################################################################################################################################
Starting Execution:	[32 out of 143] test cases in the current suite
Test Method:		[unitTests.tests_validations_assertions.assertElementAttribute_false_containsComparison_expectedToPass]
################################################################################################################################################
[ReportManager] Element Action [Type] successfully performed. With the following test data [Automation123]. @30-10-2021 20:20:46.0948 PM
[ReportManager] Element Action [GetText] successfully performed. With the following test data [Automation123]. @30-10-2021 20:20:46.0994 PM
[ReportManager] Loaded Shared OpenCV @30-10-2021 20:20:47.0038 PM
[ReportManager] Assertion [ValidateElementAttribute] PASSED. Expected [Value Should not be 'Automation1234' for the 'text' attribute, element locator 'By.name: q'] and Actual [Automation123]. Comparison Type [CONTAINS]. Validation Type [NEGATIVE]. @30-10-2021 20:20:47.0132 PM
[ReportManager] Successfully created attachment [Screenshot - 1635625247037_assertElementAttribute_false_containsComparison_expectedToPass_ValidateElementAttribute_passed] @30-10-2021 20:20:47.0133 P
[ReportManager] Browser Action [CloseCurrentWindow] successfully performed. @30-10-2021 20:20:47.0272 PM
[ReportManager] Successfully created attachment [Browser Action Test Data - CloseCurrentWindow - Actual Value] @30-10-2021 20:20:47.0273 P
[ReportManager] File Action [GetAbsolutePath] successfully performed. With the following test data [Relative Folder Path: "target/downloadedFiles/"]. @30-10-2021 20:20:47.0277 PM
[ReportManager] Attempting to run locally on: [Mac-64], [Safari], Headless Execution. @30-10-2021 20:20:47.0277 PM
[ReportManager] Successfully Opened Safari. @30-10-2021 20:20:48.0157 PM
[ReportManager] Initial window size: (800, 600) @30-10-2021 20:20:48.0163 PM
[ReportManager] Window size after SWD Maximize: (1176, 811) @30-10-2021 20:20:48.0190 PM
[ReportManager] Browser Action [MaximizeWindow] successfully performed. With the following test data [New screen size is now: (1176, 811)]. @30-10-2021 20:20:48.0191 PM
[ReportManager] Target URL: [https://www.google.com/ncr], and after redirection: [www.google.com] @30-10-2021 20:20:48.0191 PM
[ReportManager] Initial URL: [] @30-10-2021 20:20:48.0254 PM
[ReportManager] Browser Action [NavigateToURL] successfully performed. With the following test data [https://www.google.com/ncr]. @30-10-2021 20:20:49.0478 P

################################################################################################################################################
Starting Execution:	[33 out of 143] test cases in the current suite
Test Method:		[unitTests.tests_validations_assertions.assertElementAttribute_false_literalComparison_expectedToFail]
################################################################################################################################################
[ReportManager] Element Action [Type] successfully performed. With the following test data [Automation!@#$%^&*()_+{}[]\';/.,]. @30-10-2021 20:20:50.0517 PM
[ReportManager] Element Action [GetText] successfully performed. With the following test data [Automation!@#$%^&*()_+{}[]\';/.,]. @30-10-2021 20:20:50.0558 PM
[ReportManager] Loaded Shared OpenCV @30-10-2021 20:20:50.0605 PM
[ReportManager] Assertion [ValidateElementAttribute] PASSED. Expected [Value Should not be 'Automation!@#$%^&*()_+{}[]\\';/.,' for the 'text' attribute, element locator 'By.name: q'] and Actual [Automation!@#$%^&*()_+{}[]\';/.,]. Comparison Type [EQUALS]. Validation Type [NEGATIVE]. @30-10-2021 20:20:50.0703 PM
[ReportManager] Successfully created attachment [Screenshot - 1635625250604_assertElementAttribute_false_literalComparison_expectedToFail_ValidateElementAttribute_passed] @30-10-2021 20:20:50.0704 P
[ReportManager] Browser Action [CloseCurrentWindow] successfully performed. @30-10-2021 20:20:50.0977 PM
[ReportManager] Successfully created attachment [Browser Action Test Data - CloseCurrentWindow - Actual Value] @30-10-2021 20:20:50.0978 P
[ReportManager] File Action [GetAbsolutePath] successfully performed. With the following test data [Relative Folder Path: "target/downloadedFiles/"]. @30-10-2021 20:20:50.0983 PM
[ReportManager] Attempting to run locally on: [Mac-64], [Safari], Headless Execution. @30-10-2021 20:20:50.0983 PM
[ReportManager] Successfully Opened Safari. @30-10-2021 20:20:51.0825 PM
[ReportManager] Initial window size: (800, 600) @30-10-2021 20:20:51.0829 PM
[ReportManager] Window size after SWD Maximize: (1176, 811) @30-10-2021 20:20:51.0841 PM
[ReportManager] Browser Action [MaximizeWindow] successfully performed. With the following test data [New screen size is now: (1176, 811)]. @30-10-2021 20:20:51.0841 PM
[ReportManager] Target URL: [https://www.google.com/ncr], and after redirection: [www.google.com] @30-10-2021 20:20:51.0841 PM
[ReportManager] Initial URL: [] @30-10-2021 20:20:51.0916 PM
[ReportManager] Browser Action [NavigateToURL] successfully performed. With the following test data [https://www.google.com/ncr]. @30-10-2021 20:20:53.0244 P

################################################################################################################################################
Starting Execution:	[34 out of 143] test cases in the current suite
Test Method:		[unitTests.tests_validations_assertions.assertElementAttribute_false_literalComparison_expectedToPass]
################################################################################################################################################
[ReportManager] Element Action [Type] successfully performed. With the following test data [Automation!@#$%^&*()_+{}[]\';/.,]. @30-10-2021 20:20:54.0187 PM
[ReportManager] Element Action [GetText] successfully performed. With the following test data [Automation!@#$%^&*()_+{}[]\';/.,]. @30-10-2021 20:20:54.0227 PM
[ReportManager] Loaded Shared OpenCV @30-10-2021 20:20:54.0275 PM
[ReportManager] Assertion [ValidateElementAttribute] PASSED. Expected [Value Should not be 'Automation' for the 'text' attribute, element locator 'By.name: q'] and Actual [Automation!@#$%^&*()_+{}[]\';/.,]. Comparison Type [EQUALS]. Validation Type [NEGATIVE]. @30-10-2021 20:20:54.0383 PM
[ReportManager] Successfully created attachment [Screenshot - 1635625254275_assertElementAttribute_false_literalComparison_expectedToPass_ValidateElementAttribute_passed] @30-10-2021 20:20:54.0385 P
[ReportManager] Browser Action [CloseCurrentWindow] successfully performed. @30-10-2021 20:20:54.0664 PM
[ReportManager] Successfully created attachment [Browser Action Test Data - CloseCurrentWindow - Actual Value] @30-10-2021 20:20:54.0664 P
[ReportManager] File Action [GetAbsolutePath] successfully performed. With the following test data [Relative Folder Path: "target/downloadedFiles/"]. @30-10-2021 20:20:54.0668 PM
[ReportManager] Attempting to run locally on: [Mac-64], [Safari], Headless Execution. @30-10-2021 20:20:54.0668 PM
[ReportManager] Successfully Opened Safari. @30-10-2021 20:20:55.0487 PM
[ReportManager] Initial window size: (800, 600) @30-10-2021 20:20:55.0508 PM
[ReportManager] Window size after SWD Maximize: (1176, 811) @30-10-2021 20:20:55.0518 PM
[ReportManager] Browser Action [MaximizeWindow] successfully performed. With the following test data [New screen size is now: (1176, 811)]. @30-10-2021 20:20:55.0518 PM
[ReportManager] Target URL: [https://www.google.com/ncr], and after redirection: [www.google.com] @30-10-2021 20:20:55.0518 PM
[ReportManager] Initial URL: [] @30-10-2021 20:20:55.0559 PM
[ReportManager] Browser Action [NavigateToURL] successfully performed. With the following test data [https://www.google.com/ncr]. @30-10-2021 20:20:56.0888 P

################################################################################################################################################
Starting Execution:	[35 out of 143] test cases in the current suite
Test Method:		[unitTests.tests_validations_assertions.assertElementAttribute_false_regexComparison_expectedToFail]
################################################################################################################################################
[ReportManager] Element Action [Type] successfully performed. With the following test data [Automation123]. @30-10-2021 20:20:57.0305 PM
[ReportManager] Element Action [GetText] successfully performed. With the following test data [Automation123]. @30-10-2021 20:20:57.0351 PM
[ReportManager] Loaded Shared OpenCV @30-10-2021 20:20:57.0396 PM
[ReportManager] Assertion [ValidateElementAttribute] FAILED. Expected [Value Should not be 'Automation.*' for the 'text' attribute, element locator 'By.name: q'] and Actual [Automation123]. Comparison Type [MATCHES]. Validation Type [NEGATIVE]. @30-10-2021 20:20:57.0489 PM
[ReportManager] Successfully created attachment [Screenshot - 1635625257396_assertElementAttribute_false_regexComparison_expectedToFail_ValidateElementAttribute_failed] @30-10-2021 20:20:57.0490 P
[ReportManager] Browser Action [CloseCurrentWindow] successfully performed. @30-10-2021 20:20:57.0548 PM
[ReportManager] Successfully created attachment [Browser Action Test Data - CloseCurrentWindow - Actual Value] @30-10-2021 20:20:57.0550 P
[ReportManager] File Action [GetAbsolutePath] successfully performed. With the following test data [Relative Folder Path: "target/downloadedFiles/"]. @30-10-2021 20:20:57.0556 PM
[ReportManager] Attempting to run locally on: [Mac-64], [Safari], Headless Execution. @30-10-2021 20:20:57.0556 PM
[ReportManager] Successfully Opened Safari. @30-10-2021 20:20:58.0345 PM
[ReportManager] Initial window size: (800, 600) @30-10-2021 20:20:58.0353 PM
[ReportManager] Window size after SWD Maximize: (1176, 811) @30-10-2021 20:20:58.0375 PM
[ReportManager] Browser Action [MaximizeWindow] successfully performed. With the following test data [New screen size is now: (1176, 811)]. @30-10-2021 20:20:58.0375 PM
[ReportManager] Target URL: [https://www.google.com/ncr], and after redirection: [www.google.com] @30-10-2021 20:20:58.0375 PM
[ReportManager] Initial URL: [] @30-10-2021 20:20:58.0415 PM
[ReportManager] Browser Action [NavigateToURL] successfully performed. With the following test data [https://www.google.com/ncr]. @30-10-2021 20:20:59.0719 P

################################################################################################################################################
Starting Execution:	[36 out of 143] test cases in the current suite
Test Method:		[unitTests.tests_validations_assertions.assertElementAttribute_false_regexComparison_expectedToPass]
################################################################################################################################################
[ReportManager] Element Action [Type] successfully performed. With the following test data [Automation123]. @30-10-2021 20:21:00.0174 PM
[ReportManager] Element Action [GetText] successfully performed. With the following test data [Automation123]. @30-10-2021 20:21:00.0226 PM
[ReportManager] Loaded Shared OpenCV @30-10-2021 20:21:00.0273 PM
[ReportManager] Assertion [ValidateElementAttribute] PASSED. Expected [Value Should not be 'Automation' for the 'text' attribute, element locator 'By.name: q'] and Actual [Automation123]. Comparison Type [MATCHES]. Validation Type [NEGATIVE]. @30-10-2021 20:21:00.0381 PM
[ReportManager] Successfully created attachment [Screenshot - 1635625260273_assertElementAttribute_false_regexComparison_expectedToPass_ValidateElementAttribute_passed] @30-10-2021 20:21:00.0382 P
[ReportManager] Browser Action [CloseCurrentWindow] successfully performed. @30-10-2021 20:21:00.0489 PM
[ReportManager] Successfully created attachment [Browser Action Test Data - CloseCurrentWindow - Actual Value] @30-10-2021 20:21:00.0490 P
[ReportManager] File Action [GetAbsolutePath] successfully performed. With the following test data [Relative Folder Path: "target/downloadedFiles/"]. @30-10-2021 20:21:00.0493 PM
[ReportManager] Attempting to run locally on: [Mac-64], [Safari], Headless Execution. @30-10-2021 20:21:00.0493 PM
[ReportManager] Successfully Opened Safari. @30-10-2021 20:21:01.0274 PM
[ReportManager] Initial window size: (800, 600) @30-10-2021 20:21:01.0295 PM
[ReportManager] Window size after SWD Maximize: (1176, 811) @30-10-2021 20:21:01.0307 PM
[ReportManager] Browser Action [MaximizeWindow] successfully performed. With the following test data [New screen size is now: (1176, 811)]. @30-10-2021 20:21:01.0307 PM
[ReportManager] Target URL: [https://www.google.com/ncr], and after redirection: [www.google.com] @30-10-2021 20:21:01.0307 PM
[ReportManager] Initial URL: [] @30-10-2021 20:21:01.0382 PM
[ReportManager] Browser Action [NavigateToURL] successfully performed. With the following test data [https://www.google.com/ncr]. @30-10-2021 20:21:02.0060 P

################################################################################################################################################
Starting Execution:	[37 out of 143] test cases in the current suite
Test Method:		[unitTests.tests_validations_assertions.assertElementAttribute_true_caseInsensitiveComparison_expectedToFail]
################################################################################################################################################
[ReportManager] Element Action [Type] successfully performed. With the following test data [AUTOMATION]. @30-10-2021 20:21:02.0476 PM
[ReportManager] Element Action [GetText] successfully performed. With the following test data [AUTOMATION]. @30-10-2021 20:21:02.0523 PM
[ReportManager] Loaded Shared OpenCV @30-10-2021 20:21:02.0569 PM
[ReportManager] Assertion [ValidateElementAttribute] FAILED. Expected [Value Should be 'AutomaTion123' for the 'text' attribute, element locator 'By.name: q'] and Actual [AUTOMATION]. Comparison Type [CASE_INSENSITIVE]. Validation Type [POSITIVE]. @30-10-2021 20:21:02.0665 PM
[ReportManager] Successfully created attachment [Screenshot - 1635625262569_assertElementAttribute_true_caseInsensitiveComparison_expectedToFail_ValidateElementAttribute_failed] @30-10-2021 20:21:02.0666 P
[ReportManager] Browser Action [CloseCurrentWindow] successfully performed. @30-10-2021 20:21:02.0872 PM
[ReportManager] Successfully created attachment [Browser Action Test Data - CloseCurrentWindow - Actual Value] @30-10-2021 20:21:02.0873 P
[ReportManager] File Action [GetAbsolutePath] successfully performed. With the following test data [Relative Folder Path: "target/downloadedFiles/"]. @30-10-2021 20:21:02.0876 PM
[ReportManager] Attempting to run locally on: [Mac-64], [Safari], Headless Execution. @30-10-2021 20:21:02.0876 PM
[ReportManager] Successfully Opened Safari. @30-10-2021 20:21:03.0646 PM
[ReportManager] Initial window size: (800, 600) @30-10-2021 20:21:03.0650 PM
[ReportManager] Window size after SWD Maximize: (1176, 811) @30-10-2021 20:21:03.0660 PM
[ReportManager] Browser Action [MaximizeWindow] successfully performed. With the following test data [New screen size is now: (1176, 811)]. @30-10-2021 20:21:03.0661 PM
[ReportManager] Target URL: [https://www.google.com/ncr], and after redirection: [www.google.com] @30-10-2021 20:21:03.0661 PM
[ReportManager] Initial URL: [] @30-10-2021 20:21:03.0710 PM
[ReportManager] Browser Action [NavigateToURL] successfully performed. With the following test data [https://www.google.com/ncr]. @30-10-2021 20:21:04.0438 P

################################################################################################################################################
Starting Execution:	[38 out of 143] test cases in the current suite
Test Method:		[unitTests.tests_validations_assertions.assertElementAttribute_true_caseInsensitiveComparison_expectedToPass]
################################################################################################################################################
[ReportManager] Element Action [Type] successfully performed. With the following test data [AUTOMATION]. @30-10-2021 20:21:04.0892 PM
[ReportManager] Element Action [GetText] successfully performed. With the following test data [AUTOMATION]. @30-10-2021 20:21:04.0939 PM
[ReportManager] Loaded Shared OpenCV @30-10-2021 20:21:04.0986 PM
[ReportManager] Assertion [ValidateElementAttribute] PASSED. Expected [Value Should be 'AutomaTion' for the 'text' attribute, element locator 'By.name: q'] and Actual [AUTOMATION]. Comparison Type [CASE_INSENSITIVE]. Validation Type [POSITIVE]. @30-10-2021 20:21:05.0079 PM
[ReportManager] Successfully created attachment [Screenshot - 1635625264985_assertElementAttribute_true_caseInsensitiveComparison_expectedToPass_ValidateElementAttribute_passed] @30-10-2021 20:21:05.0080 P
[ReportManager] Browser Action [CloseCurrentWindow] successfully performed. @30-10-2021 20:21:05.0330 PM
[ReportManager] Successfully created attachment [Browser Action Test Data - CloseCurrentWindow - Actual Value] @30-10-2021 20:21:05.0330 P
[ReportManager] File Action [GetAbsolutePath] successfully performed. With the following test data [Relative Folder Path: "target/downloadedFiles/"]. @30-10-2021 20:21:05.0334 PM
[ReportManager] Attempting to run locally on: [Mac-64], [Safari], Headless Execution. @30-10-2021 20:21:05.0334 PM
[ReportManager] Successfully Opened Safari. @30-10-2021 20:21:06.0102 PM
[ReportManager] Initial window size: (800, 600) @30-10-2021 20:21:06.0108 PM
[ReportManager] Window size after SWD Maximize: (1176, 811) @30-10-2021 20:21:06.0118 PM
[ReportManager] Browser Action [MaximizeWindow] successfully performed. With the following test data [New screen size is now: (1176, 811)]. @30-10-2021 20:21:06.0118 PM
[ReportManager] Target URL: [https://www.google.com/ncr], and after redirection: [www.google.com] @30-10-2021 20:21:06.0118 PM
[ReportManager] Initial URL: [] @30-10-2021 20:21:06.0158 PM
[ReportManager] Browser Action [NavigateToURL] successfully performed. With the following test data [https://www.google.com/ncr]. @30-10-2021 20:21:07.0457 P

################################################################################################################################################
Starting Execution:	[39 out of 143] test cases in the current suite
Test Method:		[unitTests.tests_validations_assertions.assertElementAttribute_true_containsComparison_expectedToFail]
################################################################################################################################################
[ReportManager] Element Action [Type] successfully performed. With the following test data [Automation123]. @30-10-2021 20:21:07.0949 PM
[ReportManager] Element Action [GetText] successfully performed. With the following test data [Automation123]. @30-10-2021 20:21:07.0987 PM
[ReportManager] Loaded Shared OpenCV @30-10-2021 20:21:08.0033 PM
[ReportManager] Assertion [ValidateElementAttribute] FAILED. Expected [Value Should be 'Automation1234' for the 'text' attribute, element locator 'By.name: q'] and Actual [Automation123]. Comparison Type [CONTAINS]. Validation Type [POSITIVE]. @30-10-2021 20:21:08.0123 PM
[ReportManager] Successfully created attachment [Screenshot - 1635625268033_assertElementAttribute_true_containsComparison_expectedToFail_ValidateElementAttribute_failed] @30-10-2021 20:21:08.0124 P
[ReportManager] Browser Action [CloseCurrentWindow] successfully performed. @30-10-2021 20:21:08.0241 PM
[ReportManager] Successfully created attachment [Browser Action Test Data - CloseCurrentWindow - Actual Value] @30-10-2021 20:21:08.0242 P
[ReportManager] File Action [GetAbsolutePath] successfully performed. With the following test data [Relative Folder Path: "target/downloadedFiles/"]. @30-10-2021 20:21:08.0246 PM
[ReportManager] Attempting to run locally on: [Mac-64], [Safari], Headless Execution. @30-10-2021 20:21:08.0246 PM
[ReportManager] Successfully Opened Safari. @30-10-2021 20:21:09.0055 PM
[ReportManager] Initial window size: (800, 600) @30-10-2021 20:21:09.0074 PM
[ReportManager] Window size after SWD Maximize: (1176, 811) @30-10-2021 20:21:09.0084 PM
[ReportManager] Browser Action [MaximizeWindow] successfully performed. With the following test data [New screen size is now: (1176, 811)]. @30-10-2021 20:21:09.0084 PM
[ReportManager] Target URL: [https://www.google.com/ncr], and after redirection: [www.google.com] @30-10-2021 20:21:09.0084 PM
[ReportManager] Initial URL: [] @30-10-2021 20:21:09.0139 PM
[ReportManager] Browser Action [NavigateToURL] successfully performed. With the following test data [https://www.google.com/ncr]. @30-10-2021 20:21:10.0389 P

################################################################################################################################################
Starting Execution:	[40 out of 143] test cases in the current suite
Test Method:		[unitTests.tests_validations_assertions.assertElementAttribute_true_containsComparison_expectedToPass]
################################################################################################################################################
[ReportManager] Element Action [Type] successfully performed. With the following test data [Automation123]. @30-10-2021 20:21:10.0853 PM
[ReportManager] Element Action [GetText] successfully performed. With the following test data [Automation123]. @30-10-2021 20:21:10.0898 PM
[ReportManager] Loaded Shared OpenCV @30-10-2021 20:21:10.0943 PM
[ReportManager] Assertion [ValidateElementAttribute] PASSED. Expected [Value Should be 'Automation' for the 'text' attribute, element locator 'By.name: q'] and Actual [Automation123]. Comparison Type [CONTAINS]. Validation Type [POSITIVE]. @30-10-2021 20:21:11.0034 PM
[ReportManager] Successfully created attachment [Screenshot - 1635625270943_assertElementAttribute_true_containsComparison_expectedToPass_ValidateElementAttribute_passed] @30-10-2021 20:21:11.0036 P
[ReportManager] Browser Action [CloseCurrentWindow] successfully performed. @30-10-2021 20:21:11.0177 PM
[ReportManager] Successfully created attachment [Browser Action Test Data - CloseCurrentWindow - Actual Value] @30-10-2021 20:21:11.0178 P
[ReportManager] File Action [GetAbsolutePath] successfully performed. With the following test data [Relative Folder Path: "target/downloadedFiles/"]. @30-10-2021 20:21:11.0181 PM
[ReportManager] Attempting to run locally on: [Mac-64], [Safari], Headless Execution. @30-10-2021 20:21:11.0181 PM
[ReportManager] Successfully Opened Safari. @30-10-2021 20:21:11.0967 PM
[ReportManager] Initial window size: (800, 600) @30-10-2021 20:21:11.0986 PM
[ReportManager] Window size after SWD Maximize: (1176, 811) @30-10-2021 20:21:11.0997 PM
[ReportManager] Browser Action [MaximizeWindow] successfully performed. With the following test data [New screen size is now: (1176, 811)]. @30-10-2021 20:21:11.0997 PM
[ReportManager] Target URL: [https://www.google.com/ncr], and after redirection: [www.google.com] @30-10-2021 20:21:11.0997 PM
[ReportManager] Initial URL: [] @30-10-2021 20:21:12.0045 PM
[ReportManager] Browser Action [NavigateToURL] successfully performed. With the following test data [https://www.google.com/ncr]. @30-10-2021 20:21:12.0743 P

################################################################################################################################################
Starting Execution:	[41 out of 143] test cases in the current suite
Test Method:		[unitTests.tests_validations_assertions.assertElementAttribute_true_literalComparison_expectedToFail]
################################################################################################################################################
[ReportManager] Element Action [Type] successfully performed. With the following test data [Automation!@#$%^&*()_+{}[]\';/.,]. @30-10-2021 20:21:13.0667 PM
[ReportManager] Element Action [GetText] successfully performed. With the following test data [Automation!@#$%^&*()_+{}[]\';/.,]. @30-10-2021 20:21:13.0716 PM
[ReportManager] Loaded Shared OpenCV @30-10-2021 20:21:13.0762 PM
[ReportManager] Assertion [ValidateElementAttribute] FAILED. Expected [Value Should be 'Automation' for the 'text' attribute, element locator 'By.name: q'] and Actual [Automation!@#$%^&*()_+{}[]\';/.,]. Comparison Type [EQUALS]. Validation Type [POSITIVE]. @30-10-2021 20:21:13.0909 PM
[ReportManager] Successfully created attachment [Screenshot - 1635625273761_assertElementAttribute_true_literalComparison_expectedToFail_ValidateElementAttribute_failed] @30-10-2021 20:21:13.0910 P
[ReportManager] Browser Action [CloseCurrentWindow] successfully performed. @30-10-2021 20:21:14.0036 PM
[ReportManager] Successfully created attachment [Browser Action Test Data - CloseCurrentWindow - Actual Value] @30-10-2021 20:21:14.0037 P
[ReportManager] File Action [GetAbsolutePath] successfully performed. With the following test data [Relative Folder Path: "target/downloadedFiles/"]. @30-10-2021 20:21:14.0040 PM
[ReportManager] Attempting to run locally on: [Mac-64], [Safari], Headless Execution. @30-10-2021 20:21:14.0041 PM
[ReportManager] Successfully Opened Safari. @30-10-2021 20:21:14.0857 PM
[ReportManager] Initial window size: (800, 600) @30-10-2021 20:21:14.0871 PM
[ReportManager] Window size after SWD Maximize: (1176, 811) @30-10-2021 20:21:14.0891 PM
[ReportManager] Browser Action [MaximizeWindow] successfully performed. With the following test data [New screen size is now: (1176, 811)]. @30-10-2021 20:21:14.0892 PM
[ReportManager] Target URL: [https://www.google.com/ncr], and after redirection: [www.google.com] @30-10-2021 20:21:14.0892 PM
[ReportManager] Initial URL: [] @30-10-2021 20:21:14.0959 PM
[ReportManager] Browser Action [NavigateToURL] successfully performed. With the following test data [https://www.google.com/ncr]. @30-10-2021 20:21:15.0938 P

################################################################################################################################################
Starting Execution:	[42 out of 143] test cases in the current suite
Test Method:		[unitTests.tests_validations_assertions.assertElementAttribute_true_literalComparison_expectedToPass]
################################################################################################################################################
[ReportManager] Element Action [Type] successfully performed. With the following test data [Automation!@#$%^&*()_+{}[]\';/.,]. @30-10-2021 20:21:16.0939 PM
[ReportManager] Element Action [GetText] successfully performed. With the following test data [Automation!@#$%^&*()_+{}[]\';/.,]. @30-10-2021 20:21:16.0987 PM
[ReportManager] Loaded Shared OpenCV @30-10-2021 20:21:17.0033 PM
[ReportManager] Assertion [ValidateElementAttribute] PASSED. Expected [Value Should be 'Automation!@#$%^&*()_+{}[]\';/.,' for the 'text' attribute, element locator 'By.name: q'] and Actual [Automation!@#$%^&*()_+{}[]\';/.,]. Comparison Type [EQUALS]. Validation Type [POSITIVE]. @30-10-2021 20:21:17.0182 PM
[ReportManager] Successfully created attachment [Screenshot - 1635625277033_assertElementAttribute_true_literalComparison_expectedToPass_ValidateElementAttribute_passed] @30-10-2021 20:21:17.0183 P
[ReportManager] Browser Action [CloseCurrentWindow] successfully performed. @30-10-2021 20:21:17.0385 PM
[ReportManager] Successfully created attachment [Browser Action Test Data - CloseCurrentWindow - Actual Value] @30-10-2021 20:21:17.0386 P
[ReportManager] File Action [GetAbsolutePath] successfully performed. With the following test data [Relative Folder Path: "target/downloadedFiles/"]. @30-10-2021 20:21:17.0388 PM
[ReportManager] Attempting to run locally on: [Mac-64], [Safari], Headless Execution. @30-10-2021 20:21:17.0389 PM
[ReportManager] Successfully Opened Safari. @30-10-2021 20:21:18.0153 PM
[ReportManager] Initial window size: (800, 600) @30-10-2021 20:21:18.0168 PM
[ReportManager] Window size after SWD Maximize: (1176, 811) @30-10-2021 20:21:18.0179 PM
[ReportManager] Browser Action [MaximizeWindow] successfully performed. With the following test data [New screen size is now: (1176, 811)]. @30-10-2021 20:21:18.0179 PM
[ReportManager] Target URL: [https://www.google.com/ncr], and after redirection: [www.google.com] @30-10-2021 20:21:18.0179 PM
[ReportManager] Initial URL: [] @30-10-2021 20:21:18.0225 PM
[ReportManager] Browser Action [NavigateToURL] successfully performed. With the following test data [https://www.google.com/ncr]. @30-10-2021 20:21:19.0464 P

################################################################################################################################################
Starting Execution:	[43 out of 143] test cases in the current suite
Test Method:		[unitTests.tests_validations_assertions.assertElementAttribute_true_regexComparison_expectedToFail]
################################################################################################################################################
[ReportManager] Element Action [Type] successfully performed. With the following test data [Automation123]. @30-10-2021 20:21:19.0889 PM
[ReportManager] Element Action [GetText] successfully performed. With the following test data [Automation123]. @30-10-2021 20:21:19.0937 PM
[ReportManager] Loaded Shared OpenCV @30-10-2021 20:21:19.0980 PM
[ReportManager] Assertion [ValidateElementAttribute] FAILED. Expected [Value Should be 'Automation' for the 'text' attribute, element locator 'By.name: q'] and Actual [Automation123]. Comparison Type [MATCHES]. Validation Type [POSITIVE]. @30-10-2021 20:21:20.0069 PM
[ReportManager] Successfully created attachment [Screenshot - 1635625279980_assertElementAttribute_true_regexComparison_expectedToFail_ValidateElementAttribute_failed] @30-10-2021 20:21:20.0070 P
[ReportManager] Browser Action [CloseCurrentWindow] successfully performed. @30-10-2021 20:21:20.0220 PM
[ReportManager] Successfully created attachment [Browser Action Test Data - CloseCurrentWindow - Actual Value] @30-10-2021 20:21:20.0221 P
[ReportManager] File Action [GetAbsolutePath] successfully performed. With the following test data [Relative Folder Path: "target/downloadedFiles/"]. @30-10-2021 20:21:20.0224 PM
[ReportManager] Attempting to run locally on: [Mac-64], [Safari], Headless Execution. @30-10-2021 20:21:20.0224 PM
[ReportManager] Successfully Opened Safari. @30-10-2021 20:21:21.0057 PM
[ReportManager] Initial window size: (800, 600) @30-10-2021 20:21:21.0080 PM
[ReportManager] Window size after SWD Maximize: (1176, 811) @30-10-2021 20:21:21.0091 PM
[ReportManager] Browser Action [MaximizeWindow] successfully performed. With the following test data [New screen size is now: (1176, 811)]. @30-10-2021 20:21:21.0091 PM
[ReportManager] Target URL: [https://www.google.com/ncr], and after redirection: [www.google.com] @30-10-2021 20:21:21.0091 PM
[ReportManager] Initial URL: [] @30-10-2021 20:21:21.0167 PM
[ReportManager] Browser Action [NavigateToURL] successfully performed. With the following test data [https://www.google.com/ncr]. @30-10-2021 20:21:23.0587 P

################################################################################################################################################
Starting Execution:	[44 out of 143] test cases in the current suite
Test Method:		[unitTests.tests_validations_assertions.assertElementAttribute_true_regexComparison_expectedToPass]
################################################################################################################################################
[ReportManager] Element Action [Type] successfully performed. With the following test data [Automation123]. @30-10-2021 20:21:24.0067 PM
[ReportManager] Element Action [GetText] successfully performed. With the following test data [Automation123]. @30-10-2021 20:21:24.0109 PM
[ReportManager] Loaded Shared OpenCV @30-10-2021 20:21:24.0153 PM
[ReportManager] Assertion [ValidateElementAttribute] PASSED. Expected [Value Should be 'Automation.*' for the 'text' attribute, element locator 'By.name: q'] and Actual [Automation123]. Comparison Type [MATCHES]. Validation Type [POSITIVE]. @30-10-2021 20:21:24.0243 PM
[ReportManager] Successfully created attachment [Screenshot - 1635625284153_assertElementAttribute_true_regexComparison_expectedToPass_ValidateElementAttribute_passed] @30-10-2021 20:21:24.0244 P
[ReportManager] Browser Action [CloseCurrentWindow] successfully performed. @30-10-2021 20:21:24.0488 PM
[ReportManager] Successfully created attachment [Browser Action Test Data - CloseCurrentWindow - Actual Value] @30-10-2021 20:21:24.0489 P
[ReportManager] File Action [GetAbsolutePath] successfully performed. With the following test data [Relative Folder Path: "target/downloadedFiles/"]. @30-10-2021 20:21:24.0492 PM
[ReportManager] Attempting to run locally on: [Mac-64], [Safari], Headless Execution. @30-10-2021 20:21:24.0493 PM
[ReportManager] Successfully Opened Safari. @30-10-2021 20:21:25.0310 PM
[ReportManager] Initial window size: (800, 600) @30-10-2021 20:21:25.0317 PM
[ReportManager] Window size after SWD Maximize: (1176, 811) @30-10-2021 20:21:25.0339 PM
[ReportManager] Browser Action [MaximizeWindow] successfully performed. With the following test data [New screen size is now: (1176, 811)]. @30-10-2021 20:21:25.0339 PM
[ReportManager] Target URL: [https://www.google.com/ncr], and after redirection: [www.google.com] @30-10-2021 20:21:25.0339 PM
[ReportManager] Initial URL: [] @30-10-2021 20:21:25.0380 PM
[ReportManager] Browser Action [NavigateToURL] successfully performed. With the following test data [https://www.google.com/ncr]. @30-10-2021 20:21:27.0466 P

################################################################################################################################################
Starting Execution:	[45 out of 143] test cases in the current suite
Test Method:		[unitTests.tests_validations_assertions.assertElementAttribute_type_true_literalComparison_expectedToPass]
################################################################################################################################################
[ReportManager] Element Action [Type] successfully performed. With the following test data [Automation!@#$%^&*()_+{}[]\';/.,]. @30-10-2021 20:21:28.0426 PM
[ReportManager] Element Action [GetText] successfully performed. With the following test data [Automation!@#$%^&*()_+{}[]\';/.,]. @30-10-2021 20:21:28.0467 PM
[ReportManager] Loaded Shared OpenCV @30-10-2021 20:21:28.0514 PM
[ReportManager] Assertion [ValidateElementAttribute] PASSED. Expected [Value Should be 'Automation!@#$%^&*()_+{}[]\';/.,' for the 'text' attribute, element locator 'By.name: q'] and Actual [Automation!@#$%^&*()_+{}[]\';/.,]. Comparison Type [EQUALS]. Validation Type [POSITIVE]. @30-10-2021 20:21:28.0608 PM
[ReportManager] Successfully created attachment [Screenshot - 1635625288513_assertElementAttribute_type_true_literalComparison_expectedToPass_ValidateElementAttribute_passed] @30-10-2021 20:21:28.0609 P
[ReportManager] Browser Action [CloseCurrentWindow] successfully performed. @30-10-2021 20:21:28.0714 PM
[ReportManager] Successfully created attachment [Browser Action Test Data - CloseCurrentWindow - Actual Value] @30-10-2021 20:21:28.0715 P
[ReportManager] File Action [GetAbsolutePath] successfully performed. With the following test data [Relative Folder Path: "target/downloadedFiles/"]. @30-10-2021 20:21:28.0718 PM
[ReportManager] Attempting to run locally on: [Mac-64], [Safari], Headless Execution. @30-10-2021 20:21:28.0718 PM
[ReportManager] Successfully Opened Safari. @30-10-2021 20:21:29.0504 PM
[ReportManager] Initial window size: (800, 600) @30-10-2021 20:21:29.0522 PM
[ReportManager] Window size after SWD Maximize: (1176, 811) @30-10-2021 20:21:29.0536 PM
[ReportManager] Browser Action [MaximizeWindow] successfully performed. With the following test data [New screen size is now: (1176, 811)]. @30-10-2021 20:21:29.0537 PM
[ReportManager] Target URL: [https://www.google.com/ncr], and after redirection: [www.google.com] @30-10-2021 20:21:29.0537 PM
[ReportManager] Initial URL: [] @30-10-2021 20:21:29.0582 PM
[ReportManager] Browser Action [NavigateToURL] successfully performed. With the following test data [https://www.google.com/ncr]. @30-10-2021 20:21:30.0807 P

################################################################################################################################################
Starting Execution:	[46 out of 143] test cases in the current suite
Test Method:		[unitTests.tests_validations_assertions.assertElementExists_false_expectedToFail]
###############################################################################################################################################
[ReportManager] Browser Action [CloseCurrentWindow] successfully performed. @30-10-2021 20:21:30.0986 PM
[ReportManager] Successfully created attachment [Browser Action Test Data - CloseCurrentWindow - Actual Value] @30-10-2021 20:21:30.0987 P
[ReportManager] File Action [GetAbsolutePath] successfully performed. With the following test data [Relative Folder Path: "target/downloadedFiles/"]. @30-10-2021 20:21:30.0990 PM
[ReportManager] Attempting to run locally on: [Mac-64], [Safari], Headless Execution. @30-10-2021 20:21:30.0990 PM
[ReportManager] Successfully Opened Safari. @30-10-2021 20:21:31.0784 PM
[ReportManager] Initial window size: (800, 600) @30-10-2021 20:21:31.0808 PM
[ReportManager] Window size after SWD Maximize: (1176, 811) @30-10-2021 20:21:31.0828 PM
[ReportManager] Browser Action [MaximizeWindow] successfully performed. With the following test data [New screen size is now: (1176, 811)]. @30-10-2021 20:21:31.0828 PM
[ReportManager] Target URL: [https://www.google.com/ncr], and after redirection: [www.google.com] @30-10-2021 20:21:31.0828 PM
[ReportManager] Initial URL: [] @30-10-2021 20:21:31.0887 PM
[ReportManager] Browser Action [NavigateToURL] successfully performed. With the following test data [https://www.google.com/ncr]. @30-10-2021 20:21:32.0685 P

################################################################################################################################################
Starting Execution:	[47 out of 143] test cases in the current suite
Test Method:		[unitTests.tests_validations_assertions.assertElementExists_false_expectedToPass]
###############################################################################################################################################
[ReportManager] Browser Action [CloseCurrentWindow] successfully performed. @30-10-2021 20:21:32.0783 PM
[ReportManager] Successfully created attachment [Browser Action Test Data - CloseCurrentWindow - Actual Value] @30-10-2021 20:21:32.0784 P
[ReportManager] File Action [GetAbsolutePath] successfully performed. With the following test data [Relative Folder Path: "target/downloadedFiles/"]. @30-10-2021 20:21:32.0788 PM
[ReportManager] Attempting to run locally on: [Mac-64], [Safari], Headless Execution. @30-10-2021 20:21:32.0788 PM
[ReportManager] Successfully Opened Safari. @30-10-2021 20:21:33.0610 PM
[ReportManager] Initial window size: (800, 600) @30-10-2021 20:21:33.0616 PM
[ReportManager] Window size after SWD Maximize: (1176, 811) @30-10-2021 20:21:33.0642 PM
[ReportManager] Browser Action [MaximizeWindow] successfully performed. With the following test data [New screen size is now: (1176, 811)]. @30-10-2021 20:21:33.0643 PM
[ReportManager] Target URL: [https://www.google.com/ncr], and after redirection: [www.google.com] @30-10-2021 20:21:33.0643 PM
[ReportManager] Initial URL: [] @30-10-2021 20:21:33.0694 PM
[ReportManager] Browser Action [NavigateToURL] successfully performed. With the following test data [https://www.google.com/ncr]. @30-10-2021 20:21:34.0415 P

################################################################################################################################################
Starting Execution:	[48 out of 143] test cases in the current suite
Test Method:		[unitTests.tests_validations_assertions.assertElementExists_false_multipleElementsFound_expectedToFail]
################################################################################################################################################
[ReportManager] Assertion [ValidateElementExists] FAILED. Expected [Element Should not Exist, locator 'By.xpath: //div'] and Actual [Element Exists but is not unique]. Comparison Type [EQUALS]. Validation Type [NEGATIVE]. @30-10-2021 20:21:34.0587 PM
[ReportManager] Successfully created attachment [Screenshot - 1635625294504_assertElementExists_false_multipleElementsFound_expectedToFail_ValidateElementExists_failed] @30-10-2021 20:21:34.0588 P
[ReportManager] Browser Action [CloseCurrentWindow] successfully performed. @30-10-2021 20:21:34.0705 PM
[ReportManager] Successfully created attachment [Browser Action Test Data - CloseCurrentWindow - Actual Value] @30-10-2021 20:21:34.0706 P
[ReportManager] File Action [GetAbsolutePath] successfully performed. With the following test data [Relative Folder Path: "target/downloadedFiles/"]. @30-10-2021 20:21:34.0709 PM
[ReportManager] Attempting to run locally on: [Mac-64], [Safari], Headless Execution. @30-10-2021 20:21:34.0709 PM
[ReportManager] Successfully Opened Safari. @30-10-2021 20:21:35.0442 PM
[ReportManager] Initial window size: (800, 600) @30-10-2021 20:21:35.0447 PM
[ReportManager] Window size after SWD Maximize: (1176, 811) @30-10-2021 20:21:35.0457 PM
[ReportManager] Browser Action [MaximizeWindow] successfully performed. With the following test data [New screen size is now: (1176, 811)]. @30-10-2021 20:21:35.0457 PM
[ReportManager] Target URL: [https://www.google.com/ncr], and after redirection: [www.google.com] @30-10-2021 20:21:35.0457 PM
[ReportManager] Initial URL: [] @30-10-2021 20:21:35.0511 PM
[ReportManager] Browser Action [NavigateToURL] successfully performed. With the following test data [https://www.google.com/ncr]. @30-10-2021 20:21:36.0697 P

################################################################################################################################################
Starting Execution:	[49 out of 143] test cases in the current suite
Test Method:		[unitTests.tests_validations_assertions.assertElementExists_true_expectedToFail]
###############################################################################################################################################
[ReportManager] Browser Action [CloseCurrentWindow] successfully performed. @30-10-2021 20:21:36.0815 PM
[ReportManager] Successfully created attachment [Browser Action Test Data - CloseCurrentWindow - Actual Value] @30-10-2021 20:21:36.0815 P
[ReportManager] File Action [GetAbsolutePath] successfully performed. With the following test data [Relative Folder Path: "target/downloadedFiles/"]. @30-10-2021 20:21:36.0818 PM
[ReportManager] Attempting to run locally on: [Mac-64], [Safari], Headless Execution. @30-10-2021 20:21:36.0818 PM
[ReportManager] Successfully Opened Safari. @30-10-2021 20:21:37.0599 PM
[ReportManager] Initial window size: (800, 600) @30-10-2021 20:21:37.0618 PM
[ReportManager] Window size after SWD Maximize: (1176, 811) @30-10-2021 20:21:37.0633 PM
[ReportManager] Browser Action [MaximizeWindow] successfully performed. With the following test data [New screen size is now: (1176, 811)]. @30-10-2021 20:21:37.0634 PM
[ReportManager] Target URL: [https://www.google.com/ncr], and after redirection: [www.google.com] @30-10-2021 20:21:37.0634 PM
[ReportManager] Initial URL: [] @30-10-2021 20:21:37.0677 PM
[ReportManager] Browser Action [NavigateToURL] successfully performed. With the following test data [https://www.google.com/ncr]. @30-10-2021 20:21:38.0515 P

################################################################################################################################################
Starting Execution:	[50 out of 143] test cases in the current suite
Test Method:		[unitTests.tests_validations_assertions.assertElementExists_true_expectedToPass]
################################################################################################################################################
[ReportManager] Loaded Shared OpenCV @30-10-2021 20:21:38.0601 PM
[ReportManager] Assertion [ValidateElementExists] PASSED. Expected [Element Should Exist, locator 'By.xpath: //*[@id='hplogo' or @alt='Google']'] and Actual [Element Exists]. Comparison Type [EQUALS]. Validation Type [POSITIVE]. @30-10-2021 20:21:40.0807 PM
[ReportManager] Successfully created attachment [Screenshot - 1635625298601_assertElementExists_true_expectedToPass_ValidateElementExists_passed] @30-10-2021 20:21:40.0808 P
[ReportManager] Browser Action [CloseCurrentWindow] successfully performed. @30-10-2021 20:21:41.0051 PM
[ReportManager] Successfully created attachment [Browser Action Test Data - CloseCurrentWindow - Actual Value] @30-10-2021 20:21:41.0052 P
[ReportManager] File Action [GetAbsolutePath] successfully performed. With the following test data [Relative Folder Path: "target/downloadedFiles/"]. @30-10-2021 20:21:41.0055 PM
[ReportManager] Attempting to run locally on: [Mac-64], [Safari], Headless Execution. @30-10-2021 20:21:41.0056 PM
[ReportManager] Successfully Opened Safari. @30-10-2021 20:21:41.0902 PM
[ReportManager] Initial window size: (800, 600) @30-10-2021 20:21:41.0906 PM
[ReportManager] Window size after SWD Maximize: (1176, 811) @30-10-2021 20:21:41.0917 PM
[ReportManager] Browser Action [MaximizeWindow] successfully performed. With the following test data [New screen size is now: (1176, 811)]. @30-10-2021 20:21:41.0917 PM
[ReportManager] Target URL: [https://www.google.com/ncr], and after redirection: [www.google.com] @30-10-2021 20:21:41.0917 PM
[ReportManager] Initial URL: [] @30-10-2021 20:21:41.0982 PM
[ReportManager] Browser Action [NavigateToURL] successfully performed. With the following test data [https://www.google.com/ncr]. @30-10-2021 20:21:42.0818 P

################################################################################################################################################
Starting Execution:	[51 out of 143] test cases in the current suite
Test Method:		[unitTests.tests_validations_assertions.assertElementExists_true_multipleElementsFound_expectedToFail]
################################################################################################################################################
[ReportManager] Assertion [ValidateElementExists] FAILED. Expected [Element Should Exist, locator 'By.xpath: //div'] and Actual [Element Exists but is not unique]. Comparison Type [EQUALS]. Validation Type [POSITIVE]. @30-10-2021 20:21:42.0987 PM
[ReportManager] Successfully created attachment [Screenshot - 1635625302905_assertElementExists_true_multipleElementsFound_expectedToFail_ValidateElementExists_failed] @30-10-2021 20:21:42.0988 P
[ReportManager] Browser Action [CloseCurrentWindow] successfully performed. @30-10-2021 20:21:43.0035 PM
[ReportManager] Successfully created attachment [Browser Action Test Data - CloseCurrentWindow - Actual Value] @30-10-2021 20:21:43.0036 P

################################################################################################################################################
Starting Execution:	[52 out of 143] test cases in the current suite
Test Method:		[unitTests.tests_validations_assertions.assertEquals_false_expectedToFail]
################################################################################################################################################
[ReportManager] Assertion [ValidateEquals] FAILED. Expected [1] and Actual [1]. Comparison Type [EQUALS]. Validation Type [NEGATIVE]. @30-10-2021 20:21:43.0046 P

################################################################################################################################################
Starting Execution:	[53 out of 143] test cases in the current suite
Test Method:		[unitTests.tests_validations_assertions.assertEquals_false_expectedToPass]
################################################################################################################################################
[ReportManager] Assertion [ValidateEquals] PASSED. Expected [1] and Actual [2]. Comparison Type [EQUALS]. Validation Type [NEGATIVE]. @30-10-2021 20:21:43.0052 P

################################################################################################################################################
Starting Execution:	[54 out of 143] test cases in the current suite
Test Method:		[unitTests.tests_validations_assertions.assertEquals_longCharacters]
################################################################################################################################################
[ReportManager] Verification [ValidateEquals] PASSED. Expected and Actual values are attached. Comparison Type [EQUALS]. Validation Type [POSITIVE]. @30-10-2021 20:21:43.0060 PM
[ReportManager] Successfully created attachment [Validation Test Data - Expected Value] @30-10-2021 20:21:43.0060 PM
[ReportManager] Successfully created attachment [Validation Test Data - Actual Value] @30-10-2021 20:21:43.0061 PM
[ReportManager] Assertion [ValidateEquals] PASSED. Expected and Actual values are attached. Comparison Type [EQUALS]. Validation Type [POSITIVE]. @30-10-2021 20:21:43.0062 PM
[ReportManager] Successfully created attachment [Validation Test Data - Expected Value] @30-10-2021 20:21:43.0062 PM
[ReportManager] Successfully created attachment [Validation Test Data - Actual Value] @30-10-2021 20:21:43.0063 P

################################################################################################################################################
Starting Execution:	[55 out of 143] test cases in the current suite
Test Method:		[unitTests.tests_validations_assertions.assertEquals_longCharacters_Discreet]
################################################################################################################################################
[ReportManager] Assertion [ValidateEquals] PASSED. Expected [1LH5pROcDBjjQk0t0mCr0lXuzQu9lcGj28kY8R1H81X67eVAQJgWQhILiRWVPUgZ6uCtK5cnBkF55Jr9vYngjGO1Iyf0Mktv6lruDlL9T8MAUPcUZJGHZtji6nIeadujDSNmWMj5d6C8zlFqw0CRqBU0hO5adIasHgBSNoLotAjce3NGXoDwAlp3rYreeV16VIyZXROQY] and Actual [1LH5pROcDBjjQk0t0mCr0lXuzQu9lcGj28kY8R1H81X67eVAQJgWQhILiRWVPUgZ6uCtK5cnBkF55Jr9vYngjGO1Iyf0Mktv6lruDlL9T8MAUPcUZJGHZtji6nIeadujDSNmWMj5d6C8zlFqw0CRqBU0hO5adIasHgBSNoLotAjce3NGXoDwAlp3rYreeV16VIyZXROQY]. Comparison Type [EQUALS]. Validation Type [POSITIVE]. @30-10-2021 20:21:43.0073 P

################################################################################################################################################
Starting Execution:	[56 out of 143] test cases in the current suite
Test Method:		[unitTests.tests_validations_assertions.assertEquals_true_expectedToFail]
################################################################################################################################################
[ReportManager] Assertion [ValidateEquals] FAILED. Expected [1] and Actual [2]. Comparison Type [EQUALS]. Validation Type [POSITIVE]. @30-10-2021 20:21:43.0082 P

################################################################################################################################################
Starting Execution:	[57 out of 143] test cases in the current suite
Test Method:		[unitTests.tests_validations_assertions.assertEquals_true_expectedToPass]
Test Description:	[Assert that assertEquals works as expected when the two values are equal.]
################################################################################################################################################
[ReportManager] Verification [ValidateEquals] PASSED. Expected [1] and Actual [1]. Comparison Type [EQUALS]. Validation Type [POSITIVE]. @30-10-2021 20:21:43.0101 PM
[ReportManager] Assertion [ValidateEquals] PASSED. Expected [1] and Actual [1]. Comparison Type [EQUALS]. Validation Type [POSITIVE]. @30-10-2021 20:21:43.0101 P

################################################################################################################################################
Starting Execution:	[58 out of 143] test cases in the current suite
Test Method:		[unitTests.tests_validations_assertions.assertEquals_true_expectedToPass__]
################################################################################################################################################
[ReportManager] Assertion [ValidateEquals] PASSED. Expected [1] and Actual [1]. Comparison Type [EQUALS]. Validation Type [POSITIVE]. @30-10-2021 20:21:43.0105 P

################################################################################################################################################
Starting Execution:	[59 out of 143] test cases in the current suite
Test Method:		[unitTests.tests_validations_assertions.assertFileExists_false_expectedToFail]
################################################################################################################################################
[ReportManager] File Action [DoesFileExist] successfully performed. With the following test data [File Path: "src/main/java/com/shaft/gui/element/ElementActions.java"]. @30-10-2021 20:21:43.0109 PM
[ReportManager] Assertion [ValidateFileExists] FAILED. Expected [File 'src/main/java/com/shaft/gui/element/ElementActions.java' should not exist, after up to '1' retries] and Actual [File exists]. Validation Type [NEGATIVE]. @30-10-2021 20:21:43.0119 P

################################################################################################################################################
Starting Execution:	[60 out of 143] test cases in the current suite
Test Method:		[unitTests.tests_validations_assertions.assertFileExists_false_expectedToPass]
################################################################################################################################################
[ReportManager] File Action [DoesFileExist] successfully performed. With the following test data [File Path: "src/main/java/com/shaft/gui/element/ElementActions.java_fail"]. @30-10-2021 20:21:43.0633 PM
[ReportManager] Assertion [ValidateFileExists] PASSED. Expected [File 'src/main/java/com/shaft/gui/element/ElementActions.java_fail' should not exist, after up to '1' retries] and Actual [File does not exist]. Validation Type [NEGATIVE]. @30-10-2021 20:21:43.0633 P

################################################################################################################################################
Starting Execution:	[61 out of 143] test cases in the current suite
Test Method:		[unitTests.tests_validations_assertions.assertFileExists_true_expectedToFail]
################################################################################################################################################
[ReportManager] File Action [DoesFileExist] successfully performed. With the following test data [File Path: "src/main/java/com/shaft/gui/element/ElementActions.java_fail"]. @30-10-2021 20:21:44.0149 PM
[ReportManager] Assertion [ValidateFileExists] FAILED. Expected [File 'src/main/java/com/shaft/gui/element/ElementActions.java_fail' should exist, after up to '1' retries] and Actual [File does not exist]. Validation Type [POSITIVE]. @30-10-2021 20:21:44.0149 P

################################################################################################################################################
Starting Execution:	[62 out of 143] test cases in the current suite
Test Method:		[unitTests.tests_validations_assertions.assertFileExists_true_expectedToPass]
################################################################################################################################################
[ReportManager] File Action [DoesFileExist] successfully performed. With the following test data [File Path: "src/main/java/com/shaft/gui/element/ElementActions.java"]. @30-10-2021 20:21:44.0153 PM
[ReportManager] Assertion [ValidateFileExists] PASSED. Expected [File 'src/main/java/com/shaft/gui/element/ElementActions.java' should exist, after up to '1' retries] and Actual [File exists]. Validation Type [POSITIVE]. @30-10-2021 20:21:44.0153 P

################################################################################################################################################
Starting Execution:	[63 out of 143] test cases in the current suite
Test Method:		[unitTests.tests_validations_assertions.assertNull_false_expectedToFail]
################################################################################################################################################
[ReportManager] Assertion [ValidateNull] FAILED. Expected [NULL] and Actual [NULL]. Comparison Type [EQUALS]. Validation Type [NEGATIVE]. @30-10-2021 20:21:44.0156 P

################################################################################################################################################
Starting Execution:	[64 out of 143] test cases in the current suite
Test Method:		[unitTests.tests_validations_assertions.assertNull_false_expectedToPass]
################################################################################################################################################
[ReportManager] Assertion [ValidateNull] PASSED. Expected [NULL] and Actual [1]. Comparison Type [EQUALS]. Validation Type [NEGATIVE]. @30-10-2021 20:21:44.0160 P

################################################################################################################################################
Starting Execution:	[65 out of 143] test cases in the current suite
Test Method:		[unitTests.tests_validations_assertions.assertNull_true_expectedToFail]
################################################################################################################################################
[ReportManager] Assertion [ValidateNull] FAILED. Expected [NULL] and Actual [1]. Comparison Type [EQUALS]. Validation Type [POSITIVE]. @30-10-2021 20:21:44.0163 P

################################################################################################################################################
Starting Execution:	[66 out of 143] test cases in the current suite
Test Method:		[unitTests.tests_validations_assertions.assertNull_true_expectedToPass]
################################################################################################################################################
[ReportManager] Assertion [ValidateNull] PASSED. Expected [NULL] and Actual [NULL]. Comparison Type [EQUALS]. Validation Type [POSITIVE]. @30-10-2021 20:21:44.0166 P

################################################################################################################################################
Starting Execution:	[67 out of 143] test cases in the current suite
Test Method:		[unitTests.tests_restActions.getPostsAndAssertBodyForSpecificTitle]
################################################################################################################################################
[ReportManager] Response status code: [200], status line: [HTTP/1.1 200 OK] @30-10-2021 20:21:46.0165 PM
[ReportManager] Assertion Passed: Evaluating the actual response status code against the expected one... @30-10-2021 20:21:46.0165 PM
[ReportManager] Assertion [ValidateEquals] PASSED. Expected [200] and Actual [200]. Comparison Type [EQUALS]. Validation Type [POSITIVE]. @30-10-2021 20:21:46.0165 PM
[ReportManager] API Action [PerformRequest] successfully performed. With the following test data [Request Type: "GET" | Target Status Code: "200" | Service URL: "https://jsonplaceholder.typicode.com/posts" | Content Type: "*/*" | Response Time: "572ms"]. @30-10-2021 20:21:47.0276 PM
[ReportManager] Successfully created attachment [API Request - Specifications] @30-10-2021 20:21:47.0277 PM
[ReportManager] Successfully created attachment [API Response - JSON Body] @30-10-2021 20:21:47.0519 PM
[ReportManager] API Action [GetResponseJSONValueAsList] successfully performed. @30-10-2021 20:21:47.0544 PM
[ReportManager] API Action [GetResponseJSONValue] successfully performed. With the following test data [title]. @30-10-2021 20:21:47.0564 PM
[ReportManager] API Action [GetResponseJSONValue] successfully performed. With the following test data [title]. @30-10-2021 20:21:47.0578 PM
[ReportManager] API Action [GetResponseJSONValue] successfully performed. With the following test data [body]. @30-10-2021 20:21:47.0591 PM
[ReportManager] Assertion [ValidateEquals] PASSED. Expected [qui neque nisi nulla] and Actual [est rerum tempore vitae
sequi sint nihil reprehenderit dolor beatae ea dolores neque
fugiat blanditiis voluptate porro vel nihil molestiae ut reiciendis
qui aperiam non debitis possimus qui neque nisi nulla]. Comparison Type [CONTAINS]. Validation Type [POSITIVE]. @30-10-2021 20:21:47.0591 PM
[ReportManager] API Action [GetResponseJSONValue] successfully performed. With the following test data [title]. @30-10-2021 20:21:47.0604 PM
[ReportManager] API Action [GetResponseJSONValue] successfully performed. With the following test data [title]. @30-10-2021 20:21:47.0616 PM
[ReportManager] API Action [GetResponseJSONValue] successfully performed. With the following test data [title]. @30-10-2021 20:21:47.0629 PM
[ReportManager] API Action [GetResponseJSONValue] successfully performed. With the following test data [title]. @30-10-2021 20:21:47.0640 PM
[ReportManager] API Action [GetResponseJSONValue] successfully performed. With the following test data [title]. @30-10-2021 20:21:47.0652 PM
[ReportManager] API Action [GetResponseJSONValue] successfully performed. With the following test data [title]. @30-10-2021 20:21:47.0664 PM
[ReportManager] API Action [GetResponseJSONValue] successfully performed. With the following test data [title]. @30-10-2021 20:21:47.0677 PM
[ReportManager] API Action [GetResponseJSONValue] successfully performed. With the following test data [title]. @30-10-2021 20:21:47.0690 PM
[ReportManager] API Action [GetResponseJSONValue] successfully performed. With the following test data [title]. @30-10-2021 20:21:47.0702 PM
[ReportManager] API Action [GetResponseJSONValue] successfully performed. With the following test data [title]. @30-10-2021 20:21:47.0714 PM
[ReportManager] API Action [GetResponseJSONValue] successfully performed. With the following test data [title]. @30-10-2021 20:21:47.0727 PM
[ReportManager] API Action [GetResponseJSONValue] successfully performed. With the following test data [title]. @30-10-2021 20:21:47.0741 PM
[ReportManager] API Action [GetResponseJSONValue] successfully performed. With the following test data [title]. @30-10-2021 20:21:47.0752 PM
[ReportManager] API Action [GetResponseJSONValue] successfully performed. With the following test data [title]. @30-10-2021 20:21:47.0763 PM
[ReportManager] API Action [GetResponseJSONValue] successfully performed. With the following test data [title]. @30-10-2021 20:21:47.0775 PM
[ReportManager] API Action [GetResponseJSONValue] successfully performed. With the following test data [title]. @30-10-2021 20:21:47.0787 PM
[ReportManager] API Action [GetResponseJSONValue] successfully performed. With the following test data [title]. @30-10-2021 20:21:47.0799 PM
[ReportManager] API Action [GetResponseJSONValue] successfully performed. With the following test data [title]. @30-10-2021 20:21:47.0811 PM
[ReportManager] API Action [GetResponseJSONValue] successfully performed. With the following test data [title]. @30-10-2021 20:21:47.0823 PM
[ReportManager] API Action [GetResponseJSONValue] successfully performed. With the following test data [title]. @30-10-2021 20:21:47.0834 PM
[ReportManager] API Action [GetResponseJSONValue] successfully performed. With the following test data [title]. @30-10-2021 20:21:47.0846 PM
[ReportManager] API Action [GetResponseJSONValue] successfully performed. With the following test data [title]. @30-10-2021 20:21:47.0857 PM
[ReportManager] API Action [GetResponseJSONValue] successfully performed. With the following test data [title]. @30-10-2021 20:21:47.0869 PM
[ReportManager] API Action [GetResponseJSONValue] successfully performed. With the following test data [title]. @30-10-2021 20:21:47.0880 PM
[ReportManager] API Action [GetResponseJSONValue] successfully performed. With the following test data [title]. @30-10-2021 20:21:47.0892 PM
[ReportManager] API Action [GetResponseJSONValue] successfully performed. With the following test data [title]. @30-10-2021 20:21:47.0903 PM
[ReportManager] API Action [GetResponseJSONValue] successfully performed. With the following test data [title]. @30-10-2021 20:21:47.0914 PM
[ReportManager] API Action [GetResponseJSONValue] successfully performed. With the following test data [title]. @30-10-2021 20:21:47.0926 PM
[ReportManager] API Action [GetResponseJSONValue] successfully performed. With the following test data [title]. @30-10-2021 20:21:47.0937 PM
[ReportManager] API Action [GetResponseJSONValue] successfully performed. With the following test data [title]. @30-10-2021 20:21:47.0947 PM
[ReportManager] API Action [GetResponseJSONValue] successfully performed. With the following test data [title]. @30-10-2021 20:21:47.0958 PM
[ReportManager] API Action [GetResponseJSONValue] successfully performed. With the following test data [title]. @30-10-2021 20:21:47.0982 PM
[ReportManager] API Action [GetResponseJSONValue] successfully performed. With the following test data [title]. @30-10-2021 20:21:47.0993 PM
[ReportManager] API Action [GetResponseJSONValue] successfully performed. With the following test data [title]. @30-10-2021 20:21:48.0004 PM
[ReportManager] API Action [GetResponseJSONValue] successfully performed. With the following test data [title]. @30-10-2021 20:21:48.0017 PM
[ReportManager] API Action [GetResponseJSONValue] successfully performed. With the following test data [title]. @30-10-2021 20:21:48.0029 PM
[ReportManager] API Action [GetResponseJSONValue] successfully performed. With the following test data [title]. @30-10-2021 20:21:48.0040 PM
[ReportManager] API Action [GetResponseJSONValue] successfully performed. With the following test data [title]. @30-10-2021 20:21:48.0050 PM
[ReportManager] API Action [GetResponseJSONValue] successfully performed. With the following test data [title]. @30-10-2021 20:21:48.0063 PM
[ReportManager] API Action [GetResponseJSONValue] successfully performed. With the following test data [title]. @30-10-2021 20:21:48.0074 PM
[ReportManager] API Action [GetResponseJSONValue] successfully performed. With the following test data [title]. @30-10-2021 20:21:48.0084 PM
[ReportManager] API Action [GetResponseJSONValue] successfully performed. With the following test data [title]. @30-10-2021 20:21:48.0095 PM
[ReportManager] API Action [GetResponseJSONValue] successfully performed. With the following test data [title]. @30-10-2021 20:21:48.0107 PM
[ReportManager] API Action [GetResponseJSONValue] successfully performed. With the following test data [title]. @30-10-2021 20:21:48.0118 PM
[ReportManager] API Action [GetResponseJSONValue] successfully performed. With the following test data [title]. @30-10-2021 20:21:48.0129 PM
[ReportManager] API Action [GetResponseJSONValue] successfully performed. With the following test data [title]. @30-10-2021 20:21:48.0140 PM
[ReportManager] API Action [GetResponseJSONValue] successfully performed. With the following test data [title]. @30-10-2021 20:21:48.0151 PM
[ReportManager] API Action [GetResponseJSONValue] successfully performed. With the following test data [title]. @30-10-2021 20:21:48.0162 PM
[ReportManager] API Action [GetResponseJSONValue] successfully performed. With the following test data [title]. @30-10-2021 20:21:48.0173 PM
[ReportManager] API Action [GetResponseJSONValue] successfully performed. With the following test data [title]. @30-10-2021 20:21:48.0184 PM
[ReportManager] API Action [GetResponseJSONValue] successfully performed. With the following test data [title]. @30-10-2021 20:21:48.0200 PM
[ReportManager] API Action [GetResponseJSONValue] successfully performed. With the following test data [title]. @30-10-2021 20:21:48.0213 PM
[ReportManager] API Action [GetResponseJSONValue] successfully performed. With the following test data [title]. @30-10-2021 20:21:48.0226 PM
[ReportManager] API Action [GetResponseJSONValue] successfully performed. With the following test data [title]. @30-10-2021 20:21:48.0236 PM
[ReportManager] API Action [GetResponseJSONValue] successfully performed. With the following test data [title]. @30-10-2021 20:21:48.0246 PM
[ReportManager] API Action [GetResponseJSONValue] successfully performed. With the following test data [title]. @30-10-2021 20:21:48.0255 PM
[ReportManager] API Action [GetResponseJSONValue] successfully performed. With the following test data [title]. @30-10-2021 20:21:48.0265 PM
[ReportManager] API Action [GetResponseJSONValue] successfully performed. With the following test data [title]. @30-10-2021 20:21:48.0275 PM
[ReportManager] API Action [GetResponseJSONValue] successfully performed. With the following test data [title]. @30-10-2021 20:21:48.0286 PM
[ReportManager] API Action [GetResponseJSONValue] successfully performed. With the following test data [title]. @30-10-2021 20:21:48.0312 PM
[ReportManager] API Action [GetResponseJSONValue] successfully performed. With the following test data [title]. @30-10-2021 20:21:48.0322 PM
[ReportManager] API Action [GetResponseJSONValue] successfully performed. With the following test data [title]. @30-10-2021 20:21:48.0332 PM
[ReportManager] API Action [GetResponseJSONValue] successfully performed. With the following test data [title]. @30-10-2021 20:21:48.0342 PM
[ReportManager] API Action [GetResponseJSONValue] successfully performed. With the following test data [title]. @30-10-2021 20:21:48.0351 PM
[ReportManager] API Action [GetResponseJSONValue] successfully performed. With the following test data [title]. @30-10-2021 20:21:48.0362 PM
[ReportManager] API Action [GetResponseJSONValue] successfully performed. With the following test data [title]. @30-10-2021 20:21:48.0372 PM
[ReportManager] API Action [GetResponseJSONValue] successfully performed. With the following test data [title]. @30-10-2021 20:21:48.0382 PM
[ReportManager] API Action [GetResponseJSONValue] successfully performed. With the following test data [title]. @30-10-2021 20:21:48.0392 PM
[ReportManager] API Action [GetResponseJSONValue] successfully performed. With the following test data [title]. @30-10-2021 20:21:48.0402 PM
[ReportManager] API Action [GetResponseJSONValue] successfully performed. With the following test data [title]. @30-10-2021 20:21:48.0413 PM
[ReportManager] API Action [GetResponseJSONValue] successfully performed. With the following test data [title]. @30-10-2021 20:21:48.0423 PM
[ReportManager] API Action [GetResponseJSONValue] successfully performed. With the following test data [title]. @30-10-2021 20:21:48.0433 PM
[ReportManager] API Action [GetResponseJSONValue] successfully performed. With the following test data [title]. @30-10-2021 20:21:48.0444 PM
[ReportManager] API Action [GetResponseJSONValue] successfully performed. With the following test data [title]. @30-10-2021 20:21:48.0454 PM
[ReportManager] API Action [GetResponseJSONValue] successfully performed. With the following test data [title]. @30-10-2021 20:21:48.0464 PM
[ReportManager] API Action [GetResponseJSONValue] successfully performed. With the following test data [title]. @30-10-2021 20:21:48.0474 PM
[ReportManager] API Action [GetResponseJSONValue] successfully performed. With the following test data [title]. @30-10-2021 20:21:48.0485 PM
[ReportManager] API Action [GetResponseJSONValue] successfully performed. With the following test data [title]. @30-10-2021 20:21:48.0494 PM
[ReportManager] API Action [GetResponseJSONValue] successfully performed. With the following test data [title]. @30-10-2021 20:21:48.0506 PM
[ReportManager] API Action [GetResponseJSONValue] successfully performed. With the following test data [title]. @30-10-2021 20:21:48.0516 PM
[ReportManager] API Action [GetResponseJSONValue] successfully performed. With the following test data [title]. @30-10-2021 20:21:48.0526 PM
[ReportManager] API Action [GetResponseJSONValue] successfully performed. With the following test data [title]. @30-10-2021 20:21:48.0535 PM
[ReportManager] API Action [GetResponseJSONValue] successfully performed. With the following test data [title]. @30-10-2021 20:21:48.0545 PM
[ReportManager] API Action [GetResponseJSONValue] successfully performed. With the following test data [title]. @30-10-2021 20:21:48.0555 PM
[ReportManager] API Action [GetResponseJSONValue] successfully performed. With the following test data [title]. @30-10-2021 20:21:48.0565 PM
[ReportManager] API Action [GetResponseJSONValue] successfully performed. With the following test data [title]. @30-10-2021 20:21:48.0574 PM
[ReportManager] API Action [GetResponseJSONValue] successfully performed. With the following test data [title]. @30-10-2021 20:21:48.0584 PM
[ReportManager] API Action [GetResponseJSONValue] successfully performed. With the following test data [title]. @30-10-2021 20:21:48.0593 PM
[ReportManager] API Action [GetResponseJSONValue] successfully performed. With the following test data [title]. @30-10-2021 20:21:48.0604 PM
[ReportManager] API Action [GetResponseJSONValue] successfully performed. With the following test data [title]. @30-10-2021 20:21:48.0613 PM
[ReportManager] API Action [GetResponseJSONValue] successfully performed. With the following test data [title]. @30-10-2021 20:21:48.0623 PM
[ReportManager] API Action [GetResponseJSONValue] successfully performed. With the following test data [title]. @30-10-2021 20:21:48.0632 PM
[ReportManager] API Action [GetResponseJSONValue] successfully performed. With the following test data [title]. @30-10-2021 20:21:48.0642 PM
[ReportManager] API Action [GetResponseJSONValue] successfully performed. With the following test data [title]. @30-10-2021 20:21:48.0652 PM
[ReportManager] API Action [GetResponseJSONValue] successfully performed. With the following test data [title]. @30-10-2021 20:21:48.0661 PM
[ReportManager] API Action [GetResponseJSONValue] successfully performed. With the following test data [title]. @30-10-2021 20:21:48.0671 PM
[ReportManager] API Action [GetResponseJSONValue] successfully performed. With the following test data [title]. @30-10-2021 20:21:48.0681 PM
[ReportManager] API Action [GetResponseJSONValue] successfully performed. With the following test data [title]. @30-10-2021 20:21:48.0690 P

################################################################################################################################################
Starting Execution:	[68 out of 143] test cases in the current suite
Test Method:		[unitTests.tests_restActions.validateUserEmail]
################################################################################################################################################
[ReportManager] Response status code: [200], status line: [HTTP/1.1 200 OK] @30-10-2021 20:21:48.0743 PM
[ReportManager] Assertion Passed: Evaluating the actual response status code against the expected one... @30-10-2021 20:21:48.0744 PM
[ReportManager] Assertion [ValidateEquals] PASSED. Expected [200] and Actual [200]. Comparison Type [EQUALS]. Validation Type [POSITIVE]. @30-10-2021 20:21:48.0744 PM
[ReportManager] API Action [PerformRequest] successfully performed. With the following test data [Request Type: "GET" | Target Status Code: "200" | Service URL: "https://jsonplaceholder.typicode.com/users" | Content Type: "*/*" | Response Time: "44ms"]. @30-10-2021 20:21:48.0764 PM
[ReportManager] Successfully created attachment [API Request - Specifications] @30-10-2021 20:21:48.0764 PM
[ReportManager] Successfully created attachment [API Response - JSON Body] @30-10-2021 20:21:48.0765 PM
[ReportManager] Assertion [ValidateEquals] PASSED. Expected and Actual values are attached. Comparison Type [CONTAINS]. Validation Type [POSITIVE]. @30-10-2021 20:21:48.0765 PM
[ReportManager] Successfully created attachment [Validation Test Data - Expected Value] @30-10-2021 20:21:48.0766 PM
[ReportManager] Successfully created attachment [Validation Test Data - Actual Value] @30-10-2021 20:21:48.0766 PM
[ReportManager] API Action [GetResponseJSONValueAsList] successfully performed. With the following test data [$]. @30-10-2021 20:21:48.0772 PM
[ReportManager] API Action [GetResponseJSONValue] successfully performed. With the following test data [name]. @30-10-2021 20:21:48.0783 PM
[ReportManager] API Action [GetResponseJSONValue] successfully performed. With the following test data [email]. @30-10-2021 20:21:48.0793 PM
[ReportManager] Assertion [ValidateEquals] PASSED. Expected [Sincere@april.biz] and Actual [Sincere@april.biz]. Comparison Type [EQUALS]. Validation Type [POSITIVE]. @30-10-2021 20:21:48.0794 PM
[ReportManager] API Action [GetResponseJSONValue] successfully performed. With the following test data [name]. @30-10-2021 20:21:48.0805 PM
[ReportManager] API Action [GetResponseJSONValue] successfully performed. With the following test data [name]. @30-10-2021 20:21:48.0815 PM
[ReportManager] API Action [GetResponseJSONValue] successfully performed. With the following test data [name]. @30-10-2021 20:21:48.0825 PM
[ReportManager] API Action [GetResponseJSONValue] successfully performed. With the following test data [name]. @30-10-2021 20:21:48.0836 PM
[ReportManager] API Action [GetResponseJSONValue] successfully performed. With the following test data [name]. @30-10-2021 20:21:48.0846 PM
[ReportManager] API Action [GetResponseJSONValue] successfully performed. With the following test data [name]. @30-10-2021 20:21:48.0856 PM
[ReportManager] API Action [GetResponseJSONValue] successfully performed. With the following test data [name]. @30-10-2021 20:21:48.0866 PM
[ReportManager] API Action [GetResponseJSONValue] successfully performed. With the following test data [name]. @30-10-2021 20:21:48.0877 PM
[ReportManager] API Action [GetResponseJSONValue] successfully performed. With the following test data [name]. @30-10-2021 20:21:48.0888 P
[ReportManager] File Action [GetAbsolutePath] successfully performed. With the following test data [Relative Folder Path: "target/downloadedFiles/"]. @30-10-2021 20:21:48.0891 PM
[ReportManager] Attempting to run locally on: [Mac-64], [Safari], Headless Execution. @30-10-2021 20:21:48.0891 PM
[ReportManager] Successfully Opened Safari. @30-10-2021 20:21:49.0704 PM
[ReportManager] Initial window size: (800, 600) @30-10-2021 20:21:49.0712 PM
[ReportManager] Window size after SWD Maximize: (1176, 811) @30-10-2021 20:21:49.0741 PM
[ReportManager] Browser Action [MaximizeWindow] successfully performed. With the following test data [New screen size is now: (1176, 811)]. @30-10-2021 20:21:49.0741 P

################################################################################################################################################
Starting Execution:	[69 out of 143] test cases in the current suite
Test Method:		[testPackage01.Test_uploadFile.uploadFile_invisibleUploadInput]
################################################################################################################################################
[ReportManager] Target URL: [https://fineuploader.com/demos.html#gallery-view] @30-10-2021 20:21:49.0744 PM
[ReportManager] Initial URL: [] @30-10-2021 20:21:49.0839 PM
[ReportManager] Browser Action [NavigateToURL] successfully performed. With the following test data [https://fineuploader.com/demos.html#gallery-view]. @30-10-2021 20:21:51.0402 PM
[ReportManager] File Action [GetAbsolutePath] successfully performed. With the following test data [Relative File Path: "src/main/resources/images/shaft.png"]. @30-10-2021 20:21:51.0403 PM
[ReportManager] Successfully created attachment [File Action Actual Result - Command Log] @30-10-2021 20:21:51.0404 P
[ReportManager] Browser Action [CloseCurrentWindow] successfully performed. @30-10-2021 20:21:51.0553 PM
[ReportManager] Successfully created attachment [Browser Action Test Data - CloseCurrentWindow - Actual Value] @30-10-2021 20:21:51.0553 P
[ReportManager] File Action [GetAbsolutePath] successfully performed. With the following test data [Relative Folder Path: "target/downloadedFiles/"]. @30-10-2021 20:21:51.0558 PM
[ReportManager] Attempting to run locally on: [Mac-64], [Safari], Headless Execution. @30-10-2021 20:21:51.0558 PM
[ReportManager] Successfully Opened Safari. @30-10-2021 20:21:52.0341 PM
[ReportManager] Initial window size: (800, 600) @30-10-2021 20:21:52.0346 PM
[ReportManager] Window size after SWD Maximize: (1176, 811) @30-10-2021 20:21:52.0371 PM
[ReportManager] Browser Action [MaximizeWindow] successfully performed. With the following test data [New screen size is now: (1176, 811)]. @30-10-2021 20:21:52.0371 P

################################################################################################################################################
Starting Execution:	[70 out of 143] test cases in the current suite
Test Method:		[testPackage01.Test_uploadFile.uploadFile_visibleUploadInput]
################################################################################################################################################
[ReportManager] Target URL: [http://demo.guru99.com/test/upload/] @30-10-2021 20:21:52.0373 PM
[ReportManager] Initial URL: [] @30-10-2021 20:21:52.0471 PM
[ReportManager] Browser Action [NavigateToURL] successfully performed. With the following test data [http://demo.guru99.com/test/upload/]. @30-10-2021 20:21:53.0885 PM
[ReportManager] File Action [GetAbsolutePath] successfully performed. With the following test data [Relative File Path: "src/main/resources/images/shaft.png"]. @30-10-2021 20:21:53.0886 PM
[ReportManager] Successfully created attachment [File Action Actual Result - Command Log] @30-10-2021 20:21:53.0886 PM
[ReportManager] Element Action [TypeFileLocationForUpload] successfully performed. With the following test data [/Users/runner/work/SHAFT_ENGINE/SHAFT_ENGINE/src/main/resources/images/shaft.png]. @30-10-2021 20:21:53.0927 PM
[ReportManager] Element Action [Click] successfully performed. With the following test data [on]. @30-10-2021 20:21:54.0169 PM
[ReportManager] Element Action [Click] successfully performed. With the following test data [ Submit File]. @30-10-2021 20:21:54.0453 PM
[ReportManager] Element Action [GetText] successfully performed. With the following test data [1 file has been successfully uploaded.]. @30-10-2021 20:21:55.0243 PM
[ReportManager] Loaded Shared OpenCV @30-10-2021 20:21:55.0293 PM
[ReportManager] Assertion [ValidateElementAttribute] PASSED. Expected [Value Should be '1 file' for the 'Text' attribute, element locator 'By.id: res'] and Actual [1 file has been successfully uploaded.]. Comparison Type [CONTAINS]. Validation Type [POSITIVE]. @30-10-2021 20:21:55.0377 PM
[ReportManager] Successfully created attachment [Screenshot - 1635625315293_uploadFile_visibleUploadInput_ValidateElementAttribute_passed] @30-10-2021 20:21:55.0377 P
[ReportManager] Browser Action [CloseCurrentWindow] successfully performed. @30-10-2021 20:21:55.0481 PM
[ReportManager] Successfully created attachment [Browser Action Test Data - CloseCurrentWindow - Actual Value] @30-10-2021 20:21:55.0481 P

################################################################################################################################################
Starting Execution:	[71 out of 143] test cases in the current suite
Test Method:		[testPackage01.Test_AssertApiResponseEquals.assertApiResponseEquals_expectedToPass]
################################################################################################################################################
[ReportManager] Response status code: [200], status line: [HTTP/1.1 200 OK] @30-10-2021 20:21:55.0538 PM
[ReportManager] Assertion Passed: Evaluating the actual response status code against the expected one... @30-10-2021 20:21:55.0539 PM
[ReportManager] Assertion [ValidateEquals] PASSED. Expected [200] and Actual [200]. Comparison Type [EQUALS]. Validation Type [POSITIVE]. @30-10-2021 20:21:55.0539 PM
[ReportManager] API Action [PerformRequest] successfully performed. With the following test data [Request Type: "GET" | Target Status Code: "200" | Service URL: "https://jsonplaceholder.typicode.com/users" | Content Type: "*/*" | Response Time: "48ms"]. @30-10-2021 20:21:55.0562 PM
[ReportManager] Successfully created attachment [API Request - Specifications] @30-10-2021 20:21:55.0563 PM
[ReportManager] Successfully created attachment [API Response - JSON Body] @30-10-2021 20:21:55.0563 PM
[ReportManager] API Action [GetResponseJSONValueAsList] successfully performed. With the following test data [$]. @30-10-2021 20:21:55.0571 PM
[ReportManager] API Action [GetResponseJSONValue] successfully performed. With the following test data [name]. @30-10-2021 20:21:55.0584 PM
[ReportManager] API Action [GetResponseJSONValue] successfully performed. With the following test data [email]. @30-10-2021 20:21:55.0596 PM
[ReportManager] Verification [ValidateEquals] PASSED. Expected [Sincere@april.biz] and Actual [Sincere@april.biz]. Comparison Type [EQUALS]. Validation Type [POSITIVE]. @30-10-2021 20:21:55.0596 PM
[ReportManager] API Action [GetResponseJSONValue] successfully performed. With the following test data [username]. @30-10-2021 20:21:55.0608 PM
[ReportManager] Assertion [ValidateEquals] PASSED. Expected [Bret] and Actual [Bret]. Comparison Type [EQUALS]. Validation Type [POSITIVE]. @30-10-2021 20:21:55.0608 PM
[ReportManager] API Action [GetResponseJSONValue] successfully performed. With the following test data [name]. @30-10-2021 20:21:55.0619 PM
[ReportManager] API Action [GetResponseJSONValue] successfully performed. With the following test data [name]. @30-10-2021 20:21:55.0630 PM
[ReportManager] API Action [GetResponseJSONValue] successfully performed. With the following test data [name]. @30-10-2021 20:21:55.0641 PM
[ReportManager] API Action [GetResponseJSONValue] successfully performed. With the following test data [name]. @30-10-2021 20:21:55.0652 PM
[ReportManager] API Action [GetResponseJSONValue] successfully performed. With the following test data [name]. @30-10-2021 20:21:55.0663 PM
[ReportManager] API Action [GetResponseJSONValue] successfully performed. With the following test data [name]. @30-10-2021 20:21:55.0674 PM
[ReportManager] API Action [GetResponseJSONValue] successfully performed. With the following test data [name]. @30-10-2021 20:21:55.0685 PM
[ReportManager] API Action [GetResponseJSONValue] successfully performed. With the following test data [name]. @30-10-2021 20:21:55.0696 PM
[ReportManager] API Action [GetResponseJSONValue] successfully performed. With the following test data [name]. @30-10-2021 20:21:55.0707 P

################################################################################################################################################
Starting Execution:	[72 out of 143] test cases in the current suite
Test Method:		[testPackage01.Test_testData.f]
################################################################################################################################################
[ReportManager] Successfully loaded the following test data file [src/test/resources/TestDataFiles/testSuite01/TestData.xlsx]. @30-10-2021 20:21:55.0756 PM
[ReportManager] Successfully created attachment [Test Data - Excel] @30-10-2021 20:21:55.0757 PM
[ReportManager] Last Column Number is: [3]. Zero-based. @30-10-2021 20:21:55.0758 P

################################################################################################################################################
Starting Execution:	[73 out of 143] test cases in the current suite
Test Method:		[testPackage01.Test_PDF.testPDF_Downloaded]
################################################################################################################################################
[ReportManager] File Action [DoesFileExist] successfully performed. With the following test data [File Path: "src/test/resources/TestDataFiles/sample.pdf"]. @30-10-2021 20:21:55.0765 PM
[ReportManager] File Action [GetAbsolutePath] successfully performed. With the following test data [Relative File Path: "src/test/resources/TestDataFiles/sample.pdf"]. @30-10-2021 20:21:55.0765 PM
[ReportManager] Assertion [ValidateTrue] PASSED. Expected [TRUE] and Actual [TRUE]. Validation Type [POSITIVE]. @30-10-2021 20:21:59.0011 P
[ReportManager] File Action [GetAbsolutePath] successfully performed. With the following test data [Relative Folder Path: "target/downloadedFiles/"]. @30-10-2021 20:21:59.0014 PM
[ReportManager] Attempting to run locally on: [Mac-64], [Safari], Headless Execution. @30-10-2021 20:21:59.0015 PM
[ReportManager] Successfully Opened Safari. @30-10-2021 20:21:59.0800 PM
[ReportManager] Initial window size: (800, 600) @30-10-2021 20:21:59.0815 PM
[ReportManager] Window size after SWD Maximize: (1176, 811) @30-10-2021 20:21:59.0836 PM
[ReportManager] Browser Action [MaximizeWindow] successfully performed. With the following test data [New screen size is now: (1176, 811)]. @30-10-2021 20:21:59.0837 P

################################################################################################################################################
Starting Execution:	[74 out of 143] test cases in the current suite
Test Method:		[testPackage01.Test_ShadowDOM.shadowdom]
################################################################################################################################################
[ReportManager] Target URL: [https://mdn.github.io/web-components-examples/popup-info-box-web-component/] @30-10-2021 20:21:59.0840 PM
[ReportManager] Initial URL: [] @30-10-2021 20:21:59.0888 PM
[ReportManager] Browser Action [NavigateToURL] successfully performed. With the following test data [https://mdn.github.io/web-components-examples/popup-info-box-web-component/]. @30-10-2021 20:22:00.0335 PM
[ReportManager] Element Action [Type] successfully performed. With the following test data [Typing into SHADOW DOM...]. @30-10-2021 20:22:01.0255 PM
[ReportManager] Element Action [GetText] successfully performed. With the following test data [Typing into SHADOW DOM...]. @30-10-2021 20:22:01.0310 PM
[ReportManager] Loaded Shared OpenCV @30-10-2021 20:22:01.0404 PM
[ReportManager] Assertion [ValidateElementAttribute] PASSED. Expected [Value Should be 'Typing into SHADOW DOM...' for the 'Text' attribute, element locator 'By.id: cvc'] and Actual [Typing into SHADOW DOM...]. Comparison Type [EQUALS]. Validation Type [POSITIVE]. @30-10-2021 20:22:01.0528 PM
[ReportManager] Successfully created attachment [Screenshot - 1635625321404_shadowdom_ValidateElementAttribute_passed] @30-10-2021 20:22:01.0529 P
[ReportManager] Browser Action [CloseCurrentWindow] successfully performed. @30-10-2021 20:22:01.0611 PM
[ReportManager] Successfully created attachment [Browser Action Test Data - CloseCurrentWindow - Actual Value] @30-10-2021 20:22:01.0611 P
[ReportManager] File Action [GetAbsolutePath] successfully performed. With the following test data [Relative Folder Path: "target/downloadedFiles/"]. @30-10-2021 20:22:01.0613 PM
[ReportManager] Attempting to run locally on: [Mac-64], [Safari], Headless Execution. @30-10-2021 20:22:01.0613 PM
[ReportManager] Successfully Opened Safari. @30-10-2021 20:22:02.0364 PM
[ReportManager] Initial window size: (800, 600) @30-10-2021 20:22:02.0382 PM
[ReportManager] Window size after SWD Maximize: (1176, 811) @30-10-2021 20:22:02.0393 PM
[ReportManager] Browser Action [MaximizeWindow] successfully performed. With the following test data [New screen size is now: (1176, 811)]. @30-10-2021 20:22:02.0393 P

################################################################################################################################################
Starting Execution:	[75 out of 143] test cases in the current suite
Test Method:		[testPackage01.Test_clipboardActions.typeTextAndCopyPaste]
################################################################################################################################################
[ReportManager] Target URL: [https://www.google.com/ncr], and after redirection: [https://www.google.com] @30-10-2021 20:22:02.0398 PM
[ReportManager] Initial URL: [] @30-10-2021 20:22:02.0438 PM
[ReportManager] Browser Action [NavigateToURL] successfully performed. With the following test data [https://www.google.com/ncr]. @30-10-2021 20:22:04.0235 PM
[ReportManager] Element Action [Type] successfully performed. With the following test data [FIRST]. @30-10-2021 20:22:04.0478 P
[ReportManager] Browser Action [CloseCurrentWindow] successfully performed. @30-10-2021 20:22:04.0684 PM
[ReportManager] Successfully created attachment [Browser Action Test Data - CloseCurrentWindow - Actual Value] @30-10-2021 20:22:04.0685 P

################################################################################################################################################
Starting Execution:	[76 out of 143] test cases in the current suite
Test Method:		[testPackage01.Test_NewValidationHelper.f1]
################################################################################################################################################
[ReportManager] Assertion Passed: Checking valid user data @30-10-2021 20:22:04.0687 PM
[ReportManager] Successfully created attachment [Validation Test Data - Expected Value] @30-10-2021 20:22:04.0688 PM
[ReportManager] Successfully created attachment [Validation Test Data - Actual Value] @30-10-2021 20:22:04.0688 PM
[ReportManager] Assertion [ValidateEquals] PASSED. Expected and Actual values are attached. Comparison Type [EQUALS]. Validation Type [POSITIVE]. @30-10-2021 20:22:04.0688 P
[ReportManager] File Action [GetAbsolutePath] successfully performed. With the following test data [Relative Folder Path: "target/downloadedFiles/"]. @30-10-2021 20:22:04.0690 PM
[ReportManager] Attempting to run locally on: [Mac-64], [Safari], Headless Execution. @30-10-2021 20:22:04.0691 PM
[ReportManager] Successfully Opened Safari. @30-10-2021 20:22:05.0450 PM
[ReportManager] Initial window size: (800, 600) @30-10-2021 20:22:05.0457 PM
[ReportManager] Window size after SWD Maximize: (1176, 811) @30-10-2021 20:22:05.0472 PM
[ReportManager] Browser Action [MaximizeWindow] successfully performed. With the following test data [New screen size is now: (1176, 811)]. @30-10-2021 20:22:05.0472 PM
[ReportManager] Target URL: [https://the-internet.herokuapp.com/] @30-10-2021 20:22:05.0472 PM
[ReportManager] Initial URL: [] @30-10-2021 20:22:05.0509 PM
[ReportManager] Browser Action [NavigateToURL] successfully performed. With the following test data [https://the-internet.herokuapp.com/]. @30-10-2021 20:22:06.0843 P

################################################################################################################################################
Starting Execution:	[77 out of 143] test cases in the current suite
Test Method:		[testPackage01.Test_NewValidationHelper.f10]
################################################################################################################################################
[ReportManager] Assertion [ValidateElementExists] FAILED. Expected [Element Should Exist, locator 'By.tagName: div'] and Actual [Element Exists but is not unique]. Comparison Type [EQUALS]. Validation Type [POSITIVE]. @30-10-2021 20:22:07.0000 PM
[ReportManager] Successfully created attachment [Screenshot - 1635625326915_f10_ValidateElementExists_failed] @30-10-2021 20:22:07.0001 P



################################################################################################################################################
Starting Execution:	[78 out of 143] test cases in the current suite
Test Method:		[testPackage01.Test_NewValidationHelper.f11]
###############################################################################################################################################



################################################################################################################################################
Starting Execution:	[79 out of 143] test cases in the current suite
Test Method:		[testPackage01.Test_NewValidationHelper.f12]
###############################################################################################################################################



################################################################################################################################################
Starting Execution:	[80 out of 143] test cases in the current suite
Test Method:		[testPackage01.Test_NewValidationHelper.f13]
###############################################################################################################################################



################################################################################################################################################
Starting Execution:	[81 out of 143] test cases in the current suite
Test Method:		[testPackage01.Test_NewValidationHelper.f14]
###############################################################################################################################################



################################################################################################################################################
Starting Execution:	[82 out of 143] test cases in the current suite
Test Method:		[testPackage01.Test_NewValidationHelper.f15]
###############################################################################################################################################



################################################################################################################################################
Starting Execution:	[83 out of 143] test cases in the current suite
Test Method:		[testPackage01.Test_NewValidationHelper.f16]
###############################################################################################################################################



################################################################################################################################################
Starting Execution:	[84 out of 143] test cases in the current suite
Test Method:		[testPackage01.Test_NewValidationHelper.f17]
###############################################################################################################################################



################################################################################################################################################
Starting Execution:	[85 out of 143] test cases in the current suite
Test Method:		[testPackage01.Test_NewValidationHelper.f18]
###############################################################################################################################################


################################################################################################################################################
Starting Execution:	[86 out of 143] test cases in the current suite
Test Method:		[testPackage01.Test_NewValidationHelper.f2]
###############################################################################################################################################


################################################################################################################################################
Starting Execution:	[87 out of 143] test cases in the current suite
Test Method:		[testPackage01.Test_NewValidationHelper.f20]
###############################################################################################################################################



################################################################################################################################################
Starting Execution:	[88 out of 143] test cases in the current suite
Test Method:		[testPackage01.Test_NewValidationHelper.f21]
###############################################################################################################################################



################################################################################################################################################
Starting Execution:	[89 out of 143] test cases in the current suite
Test Method:		[testPackage01.Test_NewValidationHelper.f22]
###############################################################################################################################################


################################################################################################################################################
Starting Execution:	[90 out of 143] test cases in the current suite
Test Method:		[testPackage01.Test_NewValidationHelper.f23]
###############################################################################################################################################

################################################################################################################################################
Starting Execution:	[91 out of 143] test cases in the current suite
Test Method:		[testPackage01.Test_NewValidationHelper.f24]
###############################################################################################################################################

################################################################################################################################################
Starting Execution:	[92 out of 143] test cases in the current suite
Test Method:		[testPackage01.Test_NewValidationHelper.f25]
###############################################################################################################################################

################################################################################################################################################
Starting Execution:	[93 out of 143] test cases in the current suite
Test Method:		[testPackage01.Test_NewValidationHelper.f26]
###############################################################################################################################################

################################################################################################################################################
Starting Execution:	[94 out of 143] test cases in the current suite
Test Method:		[testPackage01.Test_NewValidationHelper.f27]
###############################################################################################################################################

################################################################################################################################################
Starting Execution:	[95 out of 143] test cases in the current suite
Test Method:		[testPackage01.Test_NewValidationHelper.f28]
###############################################################################################################################################

################################################################################################################################################
Starting Execution:	[96 out of 143] test cases in the current suite
Test Method:		[testPackage01.Test_NewValidationHelper.f29]
###############################################################################################################################################

################################################################################################################################################
Starting Execution:	[97 out of 143] test cases in the current suite
Test Method:		[testPackage01.Test_NewValidationHelper.f3]
###############################################################################################################################################

################################################################################################################################################
Starting Execution:	[98 out of 143] test cases in the current suite
Test Method:		[testPackage01.Test_NewValidationHelper.f30]
###############################################################################################################################################

################################################################################################################################################
Starting Execution:	[99 out of 143] test cases in the current suite
Test Method:		[testPackage01.Test_NewValidationHelper.f31]
###############################################################################################################################################

################################################################################################################################################
Starting Execution:	[100 out of 143] test cases in the current suite
Test Method:		[testPackage01.Test_NewValidationHelper.f32]
###############################################################################################################################################

################################################################################################################################################
Starting Execution:	[101 out of 143] test cases in the current suite
Test Method:		[testPackage01.Test_NewValidationHelper.f33]
###############################################################################################################################################

################################################################################################################################################
Starting Execution:	[102 out of 143] test cases in the current suite
Test Method:		[testPackage01.Test_NewValidationHelper.f34]
###############################################################################################################################################

################################################################################################################################################
Starting Execution:	[103 out of 143] test cases in the current suite
Test Method:		[testPackage01.Test_NewValidationHelper.f35]
###############################################################################################################################################

################################################################################################################################################
Starting Execution:	[104 out of 143] test cases in the current suite
Test Method:		[testPackage01.Test_NewValidationHelper.f36]
###############################################################################################################################################

################################################################################################################################################
Starting Execution:	[105 out of 143] test cases in the current suite
Test Method:		[testPackage01.Test_NewValidationHelper.f37]
###############################################################################################################################################

################################################################################################################################################
Starting Execution:	[106 out of 143] test cases in the current suite
Test Method:		[testPackage01.Test_NewValidationHelper.f3_1]
###############################################################################################################################################

################################################################################################################################################
Starting Execution:	[107 out of 143] test cases in the current suite
Test Method:		[testPackage01.Test_NewValidationHelper.f4]
###############################################################################################################################################

################################################################################################################################################
Starting Execution:	[108 out of 143] test cases in the current suite
Test Method:		[testPackage01.Test_NewValidationHelper.f5]
###############################################################################################################################################

################################################################################################################################################
Starting Execution:	[109 out of 143] test cases in the current suite
Test Method:		[testPackage01.Test_NewValidationHelper.f6]
###############################################################################################################################################

################################################################################################################################################
Starting Execution:	[110 out of 143] test cases in the current suite
Test Method:		[testPackage01.Test_NewValidationHelper.f6_1]
###############################################################################################################################################

################################################################################################################################################
Starting Execution:	[111 out of 143] test cases in the current suite
Test Method:		[testPackage01.Test_NewValidationHelper.f6_2]
###############################################################################################################################################

################################################################################################################################################
Starting Execution:	[112 out of 143] test cases in the current suite
Test Method:		[testPackage01.Test_NewValidationHelper.f7]
###############################################################################################################################################


################################################################################################################################################
Starting Execution:	[113 out of 143] test cases in the current suite
Test Method:		[testPackage01.Test_NewValidationHelper.f8]
###############################################################################################################################################



################################################################################################################################################
Starting Execution:	[114 out of 143] test cases in the current suite
Test Method:		[testPackage01.Test_NewValidationHelper.f9]
###############################################################################################################################################


################################################################################################################################################
Starting Execution:	[115 out of 143] test cases in the current suite
Test Method:		[testPackage01.Test_NewValidationHelper.forceFail]
###############################################################################################################################################

################################################################################################################################################
Starting Execution:	[116 out of 143] test cases in the current suite
Test Method:		[testPackage01.Test_NewValidationHelper.forceFail2]
###############################################################################################################################################

################################################################################################################################################
Starting Execution:	[117 out of 143] test cases in the current suite
Test Method:		[testPackage01.Test_JsonActions.f]
###############################################################################################################################################

################################################################################################################################################
Starting Execution:	[118 out of 143] test cases in the current suite
Test Method:		[testPackage01.Test_JsonActions.f2]
###############################################################################################################################################

################################################################################################################################################
Starting Execution:	[119 out of 143] test cases in the current suite
Test Method:		[testPackage01.Test_sendGraphqlRequest.sendGraphqlRequestUsingMutationAndVariables]
################################################################################################################################################
[ReportManager] GraphQl Request is being Performed with the Following Parameters [Service URL: https://api.spacex.land/graphql | Request Body: {"variables":"{\"name\": \"sherlock holmes\",\"rocket\": \"221B Baker Street\"}","query":"mutation ($name: String, $rocket: String) {\n  insert_users(objects: {name: $name, rocket: $rocket}) {\n    returning {\n      name\n      rocket\n    }\n  }\n}"}] @30-10-2021 20:22:07.0267 PM
[ReportManager] Response status code: [200], status line: [HTTP/1.1 200 OK] @30-10-2021 20:22:07.0772 PM
[ReportManager] Assertion Passed: Evaluating the actual response status code against the expected one... @30-10-2021 20:22:07.0772 PM
[ReportManager] Assertion [ValidateEquals] PASSED. Expected [200] and Actual [200]. Comparison Type [EQUALS]. Validation Type [POSITIVE]. @30-10-2021 20:22:07.0772 PM
[ReportManager] API Action [PerformRequest] successfully performed. With the following test data [Request Type: "POST" | Target Status Code: "200" | Service URL: "https://api.spacex.land/graphql" | Content Type: "application/json" | Response Time: "414ms"]. @30-10-2021 20:22:07.0811 PM
[ReportManager] Successfully created attachment [API Request - Specifications] @30-10-2021 20:22:07.0811 PM
[ReportManager] Successfully created attachment [API Request - JSON Body] @30-10-2021 20:22:07.0812 PM
[ReportManager] Successfully created attachment [API Response - JSON Body] @30-10-2021 20:22:07.0813 PM
[ReportManager] API Action [GetResponseJSONValue] successfully performed. With the following test data [data.insert_users.returning[0].name]. @30-10-2021 20:22:07.0863 PM
[ReportManager] Assertion [ValidateEquals] PASSED. Expected [sherlock holmes] and Actual [sherlock holmes]. Comparison Type [EQUALS]. Validation Type [POSITIVE]. @30-10-2021 20:22:07.0863 P

################################################################################################################################################
Starting Execution:	[120 out of 143] test cases in the current suite
Test Method:		[testPackage01.Test_sendGraphqlRequest.sendGraphqlRequestUsingQuery]
################################################################################################################################################
[ReportManager] GraphQl Request is being Performed with the Following Parameters [Service URL: https://api.spacex.land/graphql | Request Body: {"query":"{company {ceo}}"}] @30-10-2021 20:22:07.0868 PM
[ReportManager] Response status code: [200], status line: [HTTP/1.1 200 OK] @30-10-2021 20:22:08.0156 PM
[ReportManager] Assertion Passed: Evaluating the actual response status code against the expected one... @30-10-2021 20:22:08.0157 PM
[ReportManager] Assertion [ValidateEquals] PASSED. Expected [200] and Actual [200]. Comparison Type [EQUALS]. Validation Type [POSITIVE]. @30-10-2021 20:22:08.0157 PM
[ReportManager] API Action [PerformRequest] successfully performed. With the following test data [Request Type: "POST" | Target Status Code: "200" | Service URL: "https://api.spacex.land/graphql" | Content Type: "application/json" | Response Time: "284ms"]. @30-10-2021 20:22:08.0169 PM
[ReportManager] Successfully created attachment [API Request - Specifications] @30-10-2021 20:22:08.0170 PM
[ReportManager] Successfully created attachment [API Request - JSON Body] @30-10-2021 20:22:08.0170 PM
[ReportManager] Successfully created attachment [API Response - JSON Body] @30-10-2021 20:22:08.0171 PM
[ReportManager] API Action [GetResponseJSONValue] successfully performed. With the following test data [data.company.ceo]. @30-10-2021 20:22:08.0184 PM
[ReportManager] Assertion [ValidateEquals] PASSED. Expected [Elon Musk] and Actual [Elon Musk]. Comparison Type [EQUALS]. Validation Type [POSITIVE]. @30-10-2021 20:22:08.0184 P
[ReportManager] File Action [GetAbsolutePath] successfully performed. With the following test data [Relative Folder Path: "target/downloadedFiles/"]. @30-10-2021 20:22:08.0187 PM
[ReportManager] Attempting to run locally on: [Mac-64], [Safari], Headless Execution. @30-10-2021 20:22:08.0187 PM
[ReportManager] Successfully Opened Safari. @30-10-2021 20:22:08.0952 PM
[ReportManager] Initial window size: (800, 600) @30-10-2021 20:22:08.0958 PM
[ReportManager] Window size after SWD Maximize: (1176, 811) @30-10-2021 20:22:08.0971 PM
[ReportManager] Browser Action [MaximizeWindow] successfully performed. With the following test data [New screen size is now: (1176, 811)]. @30-10-2021 20:22:08.0972 P

################################################################################################################################################
Starting Execution:	[121 out of 143] test cases in the current suite
Test Method:		[testPackage01.Test_dragAndDrop.dragAndDropJquery]
################################################################################################################################################
[ReportManager] Target URL: [https://jqueryui.com/resources/demos/droppable/default.html] @30-10-2021 20:22:08.0980 PM
[ReportManager] Initial URL: [] @30-10-2021 20:22:09.0018 PM
[ReportManager] Browser Action [NavigateToURL] successfully performed. With the following test data [https://jqueryui.com/resources/demos/droppable/default.html]. @30-10-2021 20:22:09.0445 PM
[ReportManager] Element Action [GetText] successfully performed. With the following test data [
	Drop here
]. @30-10-2021 20:22:09.0474 PM
[ReportManager] Element Action [DragAndDrop] successfully performed. With the following test data [Start point: (8, 18), End point: (8, 18)]. @30-10-2021 20:22:10.0499 PM
[ReportManager] Element Action [GetText] successfully performed. With the following test data [
	Dropped!
]. @30-10-2021 20:22:10.0521 PM
[ReportManager] Assertion Passed: Checking to see if the text has changed after performing drag and drop @30-10-2021 20:22:10.0522 PM
[ReportManager] Assertion [ValidateEquals] PASSED. Expected [
	Drop here
] and Actual [
	Dropped!
]. Comparison Type [EQUALS]. Validation Type [NEGATIVE]. @30-10-2021 20:22:10.0522 P
[ReportManager] Browser Action [CloseCurrentWindow] successfully performed. @30-10-2021 20:22:10.0707 PM
[ReportManager] Successfully created attachment [Browser Action Test Data - CloseCurrentWindow - Actual Value] @30-10-2021 20:22:10.0708 P
[ReportManager] File Action [GetAbsolutePath] successfully performed. With the following test data [Relative Folder Path: "target/downloadedFiles/"]. @30-10-2021 20:22:10.0710 PM
[ReportManager] Attempting to run locally on: [Mac-64], [Safari], Headless Execution. @30-10-2021 20:22:10.0710 PM
[ReportManager] Successfully Opened Safari. @30-10-2021 20:22:11.0504 PM
[ReportManager] Initial window size: (800, 600) @30-10-2021 20:22:11.0521 PM
[ReportManager] Window size after SWD Maximize: (1176, 811) @30-10-2021 20:22:11.0537 PM
[ReportManager] Browser Action [MaximizeWindow] successfully performed. With the following test data [New screen size is now: (1176, 811)]. @30-10-2021 20:22:11.0537 P

################################################################################################################################################
Starting Execution:	[122 out of 143] test cases in the current suite
Test Method:		[testPackage01.Test_dragAndDrop.dragAndDrop]
Test Description:	[TC001 - Test Drag and Drop function.]
################################################################################################################################################
[ReportManager] Target URL: [http://the-internet.herokuapp.com/drag_and_drop] @30-10-2021 20:22:11.0560 PM
[ReportManager] Initial URL: [] @30-10-2021 20:22:11.0608 PM
[ReportManager] Browser Action [NavigateToURL] successfully performed. With the following test data [http://the-internet.herokuapp.com/drag_and_drop]. @30-10-2021 20:22:12.0480 PM
[ReportManager] Attempting Drag and Drop @30-10-2021 20:22:12.0480 PM
[ReportManager] Element Action [DragAndDrop] successfully performed. With the following test data [Start point: (120, 89), End point: (335, 89)]. @30-10-2021 20:22:13.0069 P
[ReportManager] Browser Action [CloseCurrentWindow] successfully performed. @30-10-2021 20:22:13.0196 PM
[ReportManager] Successfully created attachment [Browser Action Test Data - CloseCurrentWindow - Actual Value] @30-10-2021 20:22:13.0196 P
[ReportManager] File Action [GetAbsolutePath] successfully performed. With the following test data [Relative Folder Path: "target/downloadedFiles/"]. @30-10-2021 20:22:13.0199 PM
[ReportManager] Attempting to run locally on: [Mac-64], [Safari], Headless Execution. @30-10-2021 20:22:13.0199 PM
[ReportManager] Successfully Opened Safari. @30-10-2021 20:22:14.0023 PM
[ReportManager] Initial window size: (800, 600) @30-10-2021 20:22:14.0027 PM
[ReportManager] Window size after SWD Maximize: (1176, 811) @30-10-2021 20:22:14.0039 PM
[ReportManager] Browser Action [MaximizeWindow] successfully performed. With the following test data [New screen size is now: (1176, 811)]. @30-10-2021 20:22:14.0040 P

################################################################################################################################################
Starting Execution:	[123 out of 143] test cases in the current suite
Test Method:		[testPackage01.Test_dragAndDrop.dragAndDropByOffset]
Test Description:	[TC002 - Test Drag and Drop by offset function.]
################################################################################################################################################
[ReportManager] Target URL: [https://jqueryui.com/resources/demos/draggable/default.html] @30-10-2021 20:22:14.0053 PM
[ReportManager] Initial URL: [] @30-10-2021 20:22:14.0112 PM
[ReportManager] Browser Action [NavigateToURL] successfully performed. With the following test data [https://jqueryui.com/resources/demos/draggable/default.html]. @30-10-2021 20:22:14.0543 PM
[ReportManager] Element Action [DragAndDropByOffset] successfully performed. With the following test data [Start point: (8, 8), End point: (108, 58)]. @30-10-2021 20:22:15.0310 P
[ReportManager] Browser Action [CloseCurrentWindow] successfully performed. @30-10-2021 20:22:15.0565 PM
[ReportManager] Successfully created attachment [Browser Action Test Data - CloseCurrentWindow - Actual Value] @30-10-2021 20:22:15.0566 P
[ReportManager] Successfully loaded the following test data file [src/test/resources/TestDataFiles/testSuite01/TestData.xlsx]. @30-10-2021 20:22:15.0594 PM
[ReportManager] Successfully created attachment [Test Data - Excel] @30-10-2021 20:22:15.0595 PM
[ReportManager] File Action [GetAbsolutePath] successfully performed. With the following test data [Relative Folder Path: "target/downloadedFiles/"]. @30-10-2021 20:22:15.0595 PM
[ReportManager] Attempting to run locally on: [Mac-64], [Safari], Headless Execution. @30-10-2021 20:22:15.0596 PM
[ReportManager] Successfully Opened Safari. @30-10-2021 20:22:16.0349 PM
[ReportManager] Initial window size: (800, 600) @30-10-2021 20:22:16.0354 PM
[ReportManager] Window size after SWD Maximize: (1176, 811) @30-10-2021 20:22:16.0366 PM
[ReportManager] Browser Action [MaximizeWindow] successfully performed. With the following test data [New screen size is now: (1176, 811)]. @30-10-2021 20:22:16.0367 P

################################################################################################################################################
Starting Execution:	[124 out of 143] test cases in the current suite
Test Method:		[testPackage01.Test_google.navigateToURLandVerifyGoogleLogoIsDisplayed]
Test Description:	[TC001 - Navigate to URL and Verify Google Logo is Displayed]
################################################################################################################################################
[ReportManager] Target URL: [https://www.google.com/ncr], and after redirection: [https://www.google.com] @30-10-2021 20:22:16.0369 PM
[ReportManager] Initial URL: [] @30-10-2021 20:22:16.0413 PM
[ReportManager] Browser Action [NavigateToURL] successfully performed. With the following test data [https://www.google.com/ncr]. @30-10-2021 20:22:17.0195 PM
[ReportManager] Loaded Shared OpenCV @30-10-2021 20:22:17.0287 PM
[ReportManager] Assertion [ValidateElementExists] PASSED. Expected [Element Should Exist, locator 'By.xpath: //*[@id='hplogo' or @alt='Google']'] and Actual [Element Exists]. Comparison Type [EQUALS]. Validation Type [POSITIVE]. @30-10-2021 20:22:17.0391 PM
[ReportManager] Successfully created attachment [Screenshot - 1635625337287_navigateToURLandVerifyGoogleLogoIsDisplayed_ValidateElementExists_passed] @30-10-2021 20:22:17.0393 P

################################################################################################################################################
Starting Execution:	[125 out of 143] test cases in the current suite
Test Method:		[testPackage01.Test_google.searchForQueryandAssertResultsNumDisplayed]
Test Description:	[TC002 - Search for Query and Assert that the number of results is displayed]
################################################################################################################################################
[ReportManager] Element Action [Type] successfully performed. With the following test data [SHAFT_Engine]. @30-10-2021 20:22:17.0783 PM
[ReportManager] Element Action [KeyPress] successfully performed. With the following test data [Enter]. @30-10-2021 20:22:17.0825 P

################################################################################################################################################
Starting Execution:	[126 out of 143] test cases in the current suite
Test Method:		[testPackage01.Test_google.clickNextThrice]
Test Description:	[TC003 - Clicks the next button to make sure that the framework can scroll element into view before clicking it]
###############################################################################################################################################
[ReportManager] Browser Action [CloseCurrentWindow] successfully performed. @30-10-2021 20:22:18.0011 PM
[ReportManager] Successfully created attachment [Browser Action Test Data - CloseCurrentWindow - Actual Value] @30-10-2021 20:22:18.0012 P

################################################################################################################################################
Starting Execution:	[127 out of 143] test cases in the current suite
Test Method:		[testPackage01.Test_chainableElementActions.chainElementActions]
################################################################################################################################################
[ReportManager] File Action [GetAbsolutePath] successfully performed. With the following test data [Relative Folder Path: "target/downloadedFiles/"]. @30-10-2021 20:22:18.0015 PM
[ReportManager] Attempting to run locally on: [Mac-64], [GoogleChrome], Headless Execution. @30-10-2021 20:22:18.0016 PM
[ReportManager] Identifying OS/Driver combination and selecting the correct driver version automatically. Please note that if a new driver executable will be downloaded it may take some time... @30-10-2021 20:22:18.0017 PM
[ReportManager] Successfully Opened Google Chrome. @30-10-2021 20:22:20.0747 PM
[ReportManager] Initial window size: (1920, 1080) @30-10-2021 20:22:20.0751 PM
[ReportManager] Window size after SWD Maximize: (1920, 1080) @30-10-2021 20:22:20.0931 PM
[ReportManager] Window size after Toolkit: (1920, 1080) @30-10-2021 20:22:21.0473 PM
[ReportManager] Browser Action [MaximizeWindow] successfully performed. With the following test data [New screen size is now: (1920, 1080)]. @30-10-2021 20:22:21.0475 PM
[ReportManager] Target URL: [https://www.google.com/ncr], and after redirection: [https://www.google.com] @30-10-2021 20:22:21.0475 PM
[ReportManager] Initial URL: [data:,] @30-10-2021 20:22:21.0503 PM
[ReportManager] Browser Action [NavigateToURL] successfully performed. With the following test data [https://www.google.com/ncr]. @30-10-2021 20:22:22.0257 PM
[ReportManager] Element Action [Type] successfully performed. With the following test data [chained type 1]. @30-10-2021 20:22:22.0629 PM
[ReportManager] Element Action [Type] successfully performed. With the following test data [chained type 2]. @30-10-2021 20:22:22.0892 PM
[ReportManager] Element Action [TypeAppend] successfully performed. With the following test data [345]. @30-10-2021 20:22:22.0959 PM
[ReportManager] Element Action [GetText] successfully performed. With the following test data [chained type 2345]. @30-10-2021 20:22:23.0018 PM
[ReportManager] Loaded Shared OpenCV @30-10-2021 20:22:23.0369 PM
[ReportManager] Assertion [ValidateElementAttribute] PASSED. Expected [Value Should be 'chained type 2345' for the 'text' attribute, element locator 'By.name: q'] and Actual [chained type 2345]. Comparison Type [EQUALS]. Validation Type [POSITIVE]. @30-10-2021 20:22:23.0539 PM
[ReportManager] Successfully created attachment [Screenshot - 1635625343369_chainElementActions_ValidateElementAttribute_passed] @30-10-2021 20:22:23.0540 PM
[ReportManager] Browser Action [CloseCurrentWindow] successfully performed. @30-10-2021 20:22:23.0671 PM
[ReportManager] Successfully created attachment [Browser Action Test Data - CloseCurrentWindow - Actual Value] @30-10-2021 20:22:23.0672 P

################################################################################################################################################
Starting Execution:	[128 out of 143] test cases in the current suite
Test Method:		[testPackage01.Test_JsonCompareWithSpecialCharacters.specialCharacters]
################################################################################################################################################
[ReportManager] File Action [GetAbsolutePath] successfully performed. With the following test data [Relative Folder Path: "src/test/resources/TestJsonFiles/specialCharacters.json"]. @30-10-2021 20:22:23.0682 PM
[ReportManager] File Action [ReadFromFile] successfully performed. With the following test data [File Path: "/Users/runner/work/SHAFT_ENGINE/SHAFT_ENGINE/src/test/resources/TestJsonFiles/specialCharacters.json"]. @30-10-2021 20:22:23.0688 PM
[ReportManager] Successfully created attachment [File Action Actual Result - Command Log] @30-10-2021 20:22:23.0688 PM
[ReportManager] Comparing the provided API response with the file at this path "src/test/resources/TestJsonFiles/specialCharacters.json", comparison type "EQUALS" @30-10-2021 20:22:23.0689 PM
[ReportManager] API Action [CompareJSON] successfully performed. With the following test data [src/test/resources/TestJsonFiles/specialCharacters.json]. @30-10-2021 20:22:23.0695 PM
[ReportManager] File Action [GetAbsolutePath] successfully performed. With the following test data [Relative Folder Path: "src/test/resources/TestJsonFiles/specialCharacters.json"]. @30-10-2021 20:22:23.0695 PM
[ReportManager] File Action [ReadFromFile] successfully performed. With the following test data [File Path: "/Users/runner/work/SHAFT_ENGINE/SHAFT_ENGINE/src/test/resources/TestJsonFiles/specialCharacters.json"]. @30-10-2021 20:22:23.0695 PM
[ReportManager] Verification [ValidateJSONFileContent] PASSED. Expected [Response data should match the JSON File in this path 'src/test/resources/TestJsonFiles/specialCharacters.json'] and Actual [TRUE]. Comparison Type [EQUALS]. Validation Type [POSITIVE]. @30-10-2021 20:22:23.0699 PM
[ReportManager] Successfully created attachment [Validation Test Data - Expected JSON Value] @30-10-2021 20:22:23.0700 PM
[ReportManager] Successfully created attachment [Validation Test Data - Actual JSON Value] @30-10-2021 20:22:23.0701 P

################################################################################################################################################
Starting Execution:	[129 out of 143] test cases in the current suite
Test Method:		[testPackage01.Test_JsonCompareWithSpecialCharacters.specialCharacters_assertion]
################################################################################################################################################
[ReportManager] File Action [GetAbsolutePath] successfully performed. With the following test data [Relative Folder Path: "src/test/resources/TestJsonFiles/specialCharacters.json"]. @30-10-2021 20:22:23.0704 PM
[ReportManager] File Action [ReadFromFile] successfully performed. With the following test data [File Path: "/Users/runner/work/SHAFT_ENGINE/SHAFT_ENGINE/src/test/resources/TestJsonFiles/specialCharacters.json"]. @30-10-2021 20:22:23.0705 PM
[ReportManager] Successfully created attachment [File Action Actual Result - Command Log] @30-10-2021 20:22:23.0705 PM
[ReportManager] Comparing the provided API response with the file at this path "src/test/resources/TestJsonFiles/specialCharacters.json", comparison type "CONTAINS" @30-10-2021 20:22:23.0705 PM
[ReportManager] API Action [CompareJSON] successfully performed. With the following test data [src/test/resources/TestJsonFiles/specialCharacters.json]. @30-10-2021 20:22:23.0713 PM
[ReportManager] File Action [GetAbsolutePath] successfully performed. With the following test data [Relative Folder Path: "src/test/resources/TestJsonFiles/specialCharacters.json"]. @30-10-2021 20:22:23.0713 PM
[ReportManager] File Action [ReadFromFile] successfully performed. With the following test data [File Path: "/Users/runner/work/SHAFT_ENGINE/SHAFT_ENGINE/src/test/resources/TestJsonFiles/specialCharacters.json"]. @30-10-2021 20:22:23.0714 PM
[ReportManager] Assertion Passed: trying out the log message @30-10-2021 20:22:23.0717 PM
[ReportManager] Successfully created attachment [Validation Test Data - Expected JSON Value] @30-10-2021 20:22:23.0718 PM
[ReportManager] Successfully created attachment [Validation Test Data - Actual JSON Value] @30-10-2021 20:22:23.0718 PM
[ReportManager] Assertion [ValidateJSONFileContent] PASSED. Expected [Response data should match the JSON File in this path 'src/test/resources/TestJsonFiles/specialCharacters.json'] and Actual [TRUE]. Comparison Type [CONTAINS]. Validation Type [POSITIVE]. @30-10-2021 20:22:23.0718 P

################################################################################################################################################
Starting Execution:	[130 out of 143] test cases in the current suite
Test Method:		[testPackage01.Test_SkipDueToIssue.doNotSkip]
################################################################################################################################################
[ReportManager] This should not be skipped. @30-10-2021 20:22:23.0721 P

################################################################################################################################################
Starting Execution:	[131 out of 143] test cases in the current suite
Test Method:		[testPackage01.Test_SkipDueToIssue.skip]
################################################################################################################################################
[ReportManager] This should be skipped. @30-10-2021 20:22:23.0727 P

################################################################################################################################################
Starting Execution:	[132 out of 143] test cases in the current suite
Test Method:		[testPackage01.Test_SkipDueToIssue.skip2]
################################################################################################################################################
[ReportManager] This should be skipped. @30-10-2021 20:22:23.0731 P

################################################################################################################################################
Starting Execution:	[133 out of 143] test cases in the current suite
Test Method:		[testPackage01.Test_JSONFileManager.readStringFromJson]
################################################################################################################################################
[ReportManager] Successfully loaded the following test data file [src/test/resources/TestDataFiles/simpleJSON.json]. @30-10-2021 20:22:23.0737 PM
[ReportManager] Successfully created attachment [Test Data - JSON] @30-10-2021 20:22:23.0738 PM
[ReportManager] Assertion [ValidateEquals] PASSED. Expected [Mohab Mohie] and Actual [Mohab Mohie]. Comparison Type [EQUALS]. Validation Type [POSITIVE]. @30-10-2021 20:22:23.0751 P
[ReportManager] File Action [GetAbsolutePath] successfully performed. With the following test data [Relative Folder Path: "target/downloadedFiles/"]. @30-10-2021 20:22:23.0753 PM
[ReportManager] Attempting to run locally on: [Mac-64], [Safari], Headless Execution. @30-10-2021 20:22:23.0754 PM
[ReportManager] Successfully Opened Safari. @30-10-2021 20:22:24.0941 PM
[ReportManager] Initial window size: (800, 600) @30-10-2021 20:22:24.0948 PM
[ReportManager] Window size after SWD Maximize: (1176, 811) @30-10-2021 20:22:24.0969 PM
[ReportManager] Browser Action [MaximizeWindow] successfully performed. With the following test data [New screen size is now: (1176, 811)]. @30-10-2021 20:22:24.0970 P

################################################################################################################################################
Starting Execution:	[134 out of 143] test cases in the current suite
Test Method:		[testPackage01.Test_assertEquals.test_assertElementAttribute]
################################################################################################################################################
[ReportManager] Target URL: [https://www.google.com/ncr], and after redirection: [https://www.google.com] @30-10-2021 20:22:24.0972 PM
[ReportManager] Initial URL: [] @30-10-2021 20:22:25.0007 PM
[ReportManager] Browser Action [NavigateToURL] successfully performed. With the following test data [https://www.google.com/ncr]. @30-10-2021 20:22:27.0341 PM
[ReportManager] Element Action [Type] successfully performed. With the following test data [INC_004010050:Another SCHEDULER with the same name [Duplicate Job Name] already exists.]. @30-10-2021 20:22:29.0979 PM
[ReportManager] Element Action [GetText] successfully performed. With the following test data [INC_004010050:Another SCHEDULER with the same name [Duplicate Job Name] already exists.]. @30-10-2021 20:22:30.0023 PM
[ReportManager] Loaded Shared OpenCV @30-10-2021 20:22:30.0065 PM
[ReportManager] Assertion [ValidateElementAttribute] PASSED. Expected [Value Should be 'INC_004010050:Another SCHEDULER with the same name \[Duplicate Job Name\] already exists.' for the 'text' attribute, element locator 'By.name: q'] and Actual [INC_004010050:Another SCHEDULER with the same name [Duplicate Job Name] already exists.]. Comparison Type [MATCHES]. Validation Type [POSITIVE]. @30-10-2021 20:22:30.0205 PM
[ReportManager] Successfully created attachment [Screenshot - 1635625350065_test_assertElementAttribute_ValidateElementAttribute_passed] @30-10-2021 20:22:30.0206 P
[ReportManager] Browser Action [CloseCurrentWindow] successfully performed. @30-10-2021 20:22:30.0287 PM
[ReportManager] Successfully created attachment [Browser Action Test Data - CloseCurrentWindow - Actual Value] @30-10-2021 20:22:30.0288 P
[ReportManager] File Action [GetAbsolutePath] successfully performed. With the following test data [Relative Folder Path: "target/downloadedFiles/"]. @30-10-2021 20:22:30.0290 PM
[ReportManager] Attempting to run locally on: [Mac-64], [Safari], Headless Execution. @30-10-2021 20:22:30.0290 PM
[ReportManager] Successfully Opened Safari. @30-10-2021 20:22:31.0172 PM
[ReportManager] Initial window size: (800, 600) @30-10-2021 20:22:31.0181 PM
[ReportManager] Window size after SWD Maximize: (1176, 811) @30-10-2021 20:22:31.0206 PM
[ReportManager] Browser Action [MaximizeWindow] successfully performed. With the following test data [New screen size is now: (1176, 811)]. @30-10-2021 20:22:31.0207 P

################################################################################################################################################
Starting Execution:	[135 out of 143] test cases in the current suite
Test Method:		[testPackage01.Test_IsElementClickable.testIsElementClickable]
################################################################################################################################################
[ReportManager] Target URL: [https://the-internet.herokuapp.com/] @30-10-2021 20:22:31.0210 PM
[ReportManager] Initial URL: [] @30-10-2021 20:22:31.0279 PM
[ReportManager] Browser Action [NavigateToURL] successfully performed. With the following test data [https://the-internet.herokuapp.com/]. @30-10-2021 20:22:32.0390 PM
[ReportManager] Element Action [IsElementClickable] successfully performed. @30-10-2021 20:22:32.0441 PM
[ReportManager] Assertion [ValidateTrue] PASSED. Expected [TRUE] and Actual [TRUE]. Validation Type [POSITIVE]. @30-10-2021 20:22:32.0441 P
[ReportManager] Browser Action [CloseCurrentWindow] successfully performed. @30-10-2021 20:22:32.0696 PM
[ReportManager] Successfully created attachment [Browser Action Test Data - CloseCurrentWindow - Actual Value] @30-10-2021 20:22:32.0697 P
[ReportManager] Successfully loaded the following test data file [src/test/resources/TestDataFiles/testSuite01/TestData.xlsx]. @30-10-2021 20:22:32.0726 PM
[ReportManager] Successfully created attachment [Test Data - Excel] @30-10-2021 20:22:32.0726 PM
[ReportManager] Attempting to run using Playwright locally on: [Mac-64], [Safari], Headless Execution. @30-10-2021 20:22:59.0706 PM
[ReportManager] File Action [GetAbsolutePath] successfully performed. With the following test data [Relative Folder Path: "target/downloadedFiles/"]. @30-10-2021 20:22:59.0707 PM
[ReportManager] Initial window size: (1280, 720) @30-10-2021 20:23:05.0845 PM
[ReportManager] Window size after Toolkit: com.microsoft.playwright.options.ViewportSize@3d409398 @30-10-2021 20:23:05.0853 PM
[ReportManager] Browser Action [MaximizeWindow] successfully performed. With the following test data [New screen size is now: (1920, 1080)]. @30-10-2021 20:23:05.0854 P

################################################################################################################################################
Starting Execution:	[136 out of 143] test cases in the current suite
Test Method:		[testPackage01.Test_google_playwright.navigateToURLandVerifyGoogleLogoIsDisplayed]
Test Description:	[TC001 - Navigate to URL and Verify Google Logo is Displayed]
################################################################################################################################################
[ReportManager] Target URL: [https://www.google.com/ncr], and after redirection: [https://www.google.com] @30-10-2021 20:23:05.0857 PM
[ReportManager] Initial URL: [about:blank] @30-10-2021 20:23:06.0432 PM
[ReportManager] Browser Action [NavigateToURL] successfully performed. With the following test data [https://www.google.com/ncr]. @30-10-2021 20:23:08.0031 PM
[ReportManager] Loaded Shared OpenCV @30-10-2021 20:23:08.0109 PM
[ReportManager] Assertion [ValidateElementExists] PASSED. Expected [Element Should Exist, locator 'xpath=//*[@id='hplogo' or @alt='Google']'] and Actual [Element Exists]. Comparison Type [EQUALS]. Validation Type [POSITIVE]. @30-10-2021 20:23:08.0273 PM
[ReportManager] Successfully created attachment [Screenshot - 1635625388106_navigateToURLandVerifyGoogleLogoIsDisplayed_ValidateElementExists_passed] @30-10-2021 20:23:08.0274 P

################################################################################################################################################
Starting Execution:	[137 out of 143] test cases in the current suite
Test Method:		[testPackage01.Test_google_playwright.searchForQueryandAssertResultsNumDisplayed]
Test Description:	[TC002 - Search for Query and Assert that the number of results is displayed]
################################################################################################################################################
[ReportManager] Element Action [Type] successfully performed. With the following test data [SHAFT_Engine]. @30-10-2021 20:23:08.0446 PM
[ReportManager] Element Action [KeyPress] successfully performed. With the following test data [Enter]. @30-10-2021 20:23:08.0536 PM
[ReportManager] Element Action [GetText] successfully performed. With the following test data [About 956,000 results (0.62 seconds)Â 
]. @30-10-2021 20:23:09.0896 PM
[ReportManager] Loaded Shared OpenCV @30-10-2021 20:23:10.0800 PM
[ReportManager] Assertion [ValidateElementAttribute] PASSED. Expected [Value Should not be '' for the 'text' attribute, element locator 'xpath=//div[@id='appbar']'] and Actual [About 956,000 results (0.62 seconds)Â 
]. Comparison Type [EQUALS]. Validation Type [NEGATIVE]. @30-10-2021 20:23:11.0038 PM
[ReportManager] Successfully created attachment [Screenshot - 1635625390799_searchForQueryandAssertResultsNumDisplayed_ValidateElementAttribute_passed] @30-10-2021 20:23:11.0040 P

################################################################################################################################################
Starting Execution:	[138 out of 143] test cases in the current suite
Test Method:		[testPackage01.Test_google_playwright.clickNextThrice]
Test Description:	[TC003 - Clicks the next button to make sure that the framework can scroll element into view before clicking it]
################################################################################################################################################
[ReportManager] Element Action [Click] successfully performed. With the following test data [Next]. @30-10-2021 20:23:11.0319 P
[ReportManager] Failed to find video recording. @30-10-2021 20:23:11.0321 PM
[ReportManager] Successfully Closed PlayWright Driver. @30-10-2021 20:23:11.0360 P
[ReportManager] File Action [GetAbsolutePath] successfully performed. With the following test data [Relative Folder Path: "target/downloadedFiles/"]. @30-10-2021 20:23:11.0367 PM
[ReportManager] Attempting to run locally on: [Mac-64], [Safari], Headless Execution. @30-10-2021 20:23:11.0367 PM
[ReportManager] Successfully Opened Safari. @30-10-2021 20:23:12.0177 PM
[ReportManager] Initial window size: (800, 600) @30-10-2021 20:23:12.0198 PM
[ReportManager] Window size after SWD Maximize: (1176, 811) @30-10-2021 20:23:12.0232 PM
[ReportManager] Browser Action [MaximizeWindow] successfully performed. With the following test data [New screen size is now: (1176, 811)]. @30-10-2021 20:23:12.0233 P

################################################################################################################################################
Starting Execution:	[139 out of 143] test cases in the current suite
Test Method:		[testPackage01.Test_verifyEquals.test_assertElementAttribute]
################################################################################################################################################
[ReportManager] Target URL: [https://www.google.com/ncr], and after redirection: [https://www.google.com] @30-10-2021 20:23:12.0235 PM
[ReportManager] Initial URL: [] @30-10-2021 20:23:12.0292 PM
[ReportManager] Browser Action [NavigateToURL] successfully performed. With the following test data [https://www.google.com/ncr]. @30-10-2021 20:23:13.0594 PM
[ReportManager] Element Action [Type] successfully performed. With the following test data [INC_004010050:Another SCHEDULER with the same name [Duplicate Job Name] already exists.]. @30-10-2021 20:23:16.0150 PM
[ReportManager] Element Action [GetText] successfully performed. With the following test data [INC_004010050:Another SCHEDULER with the same name [Duplicate Job Name] already exists.]. @30-10-2021 20:23:16.0191 PM
[ReportManager] Loaded Shared OpenCV @30-10-2021 20:23:16.0239 PM
[ReportManager] Verification [ValidateElementAttribute] PASSED. Expected [Value Should be 'INC_004010050:Another SCHEDULER with the same name \[Duplicate Job Name\] already exists.' for the 'text' attribute, element locator 'By.name: q'] and Actual [INC_004010050:Another SCHEDULER with the same name [Duplicate Job Name] already exists.]. Comparison Type [MATCHES]. Validation Type [POSITIVE]. @30-10-2021 20:23:16.0325 PM
[ReportManager] Successfully created attachment [Screenshot - 1635625396239_test_assertElementAttribute_ValidateElementAttribute_passed] @30-10-2021 20:23:16.0326 P
[ReportManager] Browser Action [CloseCurrentWindow] successfully performed. @30-10-2021 20:23:16.0513 PM
[ReportManager] Successfully created attachment [Browser Action Test Data - CloseCurrentWindow - Actual Value] @30-10-2021 20:23:16.0514 P

################################################################################################################################################
Starting Execution:	[140 out of 143] test cases in the current suite
Test Method:		[testPackage01.Test_SelectedValue.multipleSelect]
################################################################################################################################################
[ReportManager] File Action [GetAbsolutePath] successfully performed. With the following test data [Relative Folder Path: "target/downloadedFiles/"]. @30-10-2021 20:23:16.0518 PM
[ReportManager] Attempting to run locally on: [Mac-64], [GoogleChrome], Headless Execution. @30-10-2021 20:23:16.0518 PM
[ReportManager] Identifying OS/Driver combination and selecting the correct driver version automatically. Please note that if a new driver executable will be downloaded it may take some time... @30-10-2021 20:23:16.0518 PM
[ReportManager] Successfully Opened Google Chrome. @30-10-2021 20:23:17.0050 PM
[ReportManager] Initial window size: (1920, 1080) @30-10-2021 20:23:17.0053 PM
[ReportManager] Window size after SWD Maximize: (1920, 1080) @30-10-2021 20:23:17.0308 PM
[ReportManager] Window size after Toolkit: (1920, 1080) @30-10-2021 20:23:17.0793 PM
[ReportManager] Browser Action [MaximizeWindow] successfully performed. With the following test data [New screen size is now: (1920, 1080)]. @30-10-2021 20:23:17.0796 PM
[ReportManager] Target URL: [https://yari-demos.prod.mdn.mozit.cloud/en-US/docs/Web/HTML/Element/select/_sample_.Advanced_select_with_multiple_features.html] @30-10-2021 20:23:17.0796 PM
[ReportManager] Initial URL: [data:,] @30-10-2021 20:23:17.0824 PM
[ReportManager] Browser Action [NavigateToURL] successfully performed. With the following test data [https://yari-demos.prod.mdn.mozit.cloud/en-US/docs/Web/HTML/Element/select/_sample_.Advanced_select_with_multiple_features.html]. @30-10-2021 20:23:18.0038 PM
[ReportManager] Element Action [Select] successfully performed. With the following test data [Dog]. @30-10-2021 20:23:18.0227 PM
[ReportManager] Element Action [Select] successfully performed. With the following test data [Cat]. @30-10-2021 20:23:18.0379 PM
[ReportManager] Element Action [GetSelectedText] successfully performed. With the following test data [DogCat]. @30-10-2021 20:23:18.0469 PM
[ReportManager] DogCat @30-10-2021 20:23:18.0470 PM
[ReportManager] Element Action [GetSelectedText] successfully performed. With the following test data [DogCat]. @30-10-2021 20:23:18.0544 PM
[ReportManager] Loaded Shared OpenCV @30-10-2021 20:23:19.0164 PM
[ReportManager] Assertion [ValidateElementAttribute] PASSED. Expected [Value Should be 'DogCat' for the 'selectedText' attribute, element locator 'By.tagName: select'] and Actual [DogCat]. Comparison Type [EQUALS]. Validation Type [POSITIVE]. @30-10-2021 20:23:19.0364 PM
[ReportManager] Successfully created attachment [Screenshot - 1635625399164_multipleSelect_ValidateElementAttribute_passed] @30-10-2021 20:23:19.0364 PM
[ReportManager] Browser Action [CloseCurrentWindow] successfully performed. @30-10-2021 20:23:19.0597 PM
[ReportManager] Successfully created attachment [Browser Action Test Data - CloseCurrentWindow - Actual Value] @30-10-2021 20:23:19.0597 P

################################################################################################################################################
Starting Execution:	[141 out of 143] test cases in the current suite
Test Method:		[testPackage01.Test_SelectedValue.simpleSelect]
################################################################################################################################################
[ReportManager] File Action [GetAbsolutePath] successfully performed. With the following test data [Relative Folder Path: "target/downloadedFiles/"]. @30-10-2021 20:23:19.0600 PM
[ReportManager] Attempting to run locally on: [Mac-64], [GoogleChrome], Headless Execution. @30-10-2021 20:23:19.0600 PM
[ReportManager] Identifying OS/Driver combination and selecting the correct driver version automatically. Please note that if a new driver executable will be downloaded it may take some time... @30-10-2021 20:23:19.0600 PM
[ReportManager] Successfully Opened Google Chrome. @30-10-2021 20:23:20.0007 PM
[ReportManager] Initial window size: (1920, 1080) @30-10-2021 20:23:20.0012 PM
[ReportManager] Window size after SWD Maximize: (1920, 1080) @30-10-2021 20:23:20.0258 PM
[ReportManager] Window size after Toolkit: (1920, 1080) @30-10-2021 20:23:20.0683 PM
[ReportManager] Browser Action [MaximizeWindow] successfully performed. With the following test data [New screen size is now: (1920, 1080)]. @30-10-2021 20:23:20.0685 PM
[ReportManager] Target URL: [https://yari-demos.prod.mdn.mozit.cloud/en-US/docs/Web/HTML/Element/select/_sample_.Basic_select.html] @30-10-2021 20:23:20.0686 PM
[ReportManager] Initial URL: [data:,] @30-10-2021 20:23:20.0708 PM
[ReportManager] Browser Action [NavigateToURL] successfully performed. With the following test data [https://yari-demos.prod.mdn.mozit.cloud/en-US/docs/Web/HTML/Element/select/_sample_.Basic_select.html]. @30-10-2021 20:23:20.0973 PM
[ReportManager] Element Action [Select] successfully performed. With the following test data [Third Value]. @30-10-2021 20:23:21.0186 PM
[ReportManager] Element Action [GetSelectedText] successfully performed. With the following test data [Third Value]. @30-10-2021 20:23:21.0242 PM
[ReportManager] Third Value @30-10-2021 20:23:21.0242 PM
[ReportManager] Element Action [GetSelectedText] successfully performed. With the following test data [Third Value]. @30-10-2021 20:23:21.0294 PM
[ReportManager] Loaded Shared OpenCV @30-10-2021 20:23:21.0560 PM
[ReportManager] Assertion [ValidateElementAttribute] PASSED. Expected [Value Should be 'Third Value' for the 'selectedText' attribute, element locator 'By.tagName: select'] and Actual [Third Value]. Comparison Type [EQUALS]. Validation Type [POSITIVE]. @30-10-2021 20:23:21.0761 PM
[ReportManager] Successfully created attachment [Screenshot - 1635625401560_simpleSelect_ValidateElementAttribute_passed] @30-10-2021 20:23:21.0762 PM
[ReportManager] Browser Action [CloseCurrentWindow] successfully performed. @30-10-2021 20:23:21.0879 PM
[ReportManager] Successfully created attachment [Browser Action Test Data - CloseCurrentWindow - Actual Value] @30-10-2021 20:23:21.0879 P
[ReportManager] File Action [GetAbsolutePath] successfully performed. With the following test data [Relative Folder Path: "target/downloadedFiles/"]. @30-10-2021 20:23:21.0882 PM
[ReportManager] Attempting to run locally on: [Mac-64], [Safari], Headless Execution. @30-10-2021 20:23:21.0882 PM
[ReportManager] Successfully Opened Safari. @30-10-2021 20:23:22.0655 PM
[ReportManager] Initial window size: (800, 600) @30-10-2021 20:23:22.0663 PM
[ReportManager] Window size after SWD Maximize: (1176, 811) @30-10-2021 20:23:22.0682 PM
[ReportManager] Browser Action [MaximizeWindow] successfully performed. With the following test data [New screen size is now: (1176, 811)]. @30-10-2021 20:23:22.0682 P

################################################################################################################################################
Starting Execution:	[142 out of 143] test cases in the current suite
Test Method:		[testPackage01.Test_dynamicLoading.dynamicLoading_elementIsHidden]
################################################################################################################################################
[ReportManager] Target URL: [https://the-internet.herokuapp.com/dynamic_loading/1] @30-10-2021 20:23:22.0686 PM
[ReportManager] Initial URL: [] @30-10-2021 20:23:22.0751 PM
[ReportManager] Browser Action [NavigateToURL] successfully performed. With the following test data [https://the-internet.herokuapp.com/dynamic_loading/1]. @30-10-2021 20:23:23.0873 PM
[ReportManager] Element Action [Click] successfully performed. With the following test data [Start]. @30-10-2021 20:23:24.0114 PM
[ReportManager] Element Action [GetText] successfully performed. With the following test data [
    Hello World!
  ]. @30-10-2021 20:23:24.0141 P
[ReportManager] Browser Action [CloseCurrentWindow] successfully performed. @30-10-2021 20:23:24.0405 PM
[ReportManager] Successfully created attachment [Browser Action Test Data - CloseCurrentWindow - Actual Value] @30-10-2021 20:23:24.0406 P
[ReportManager] File Action [GetAbsolutePath] successfully performed. With the following test data [Relative Folder Path: "target/downloadedFiles/"]. @30-10-2021 20:23:24.0409 PM
[ReportManager] Attempting to run locally on: [Mac-64], [Safari], Headless Execution. @30-10-2021 20:23:24.0409 PM
[ReportManager] Successfully Opened Safari. @30-10-2021 20:23:25.0197 PM
[ReportManager] Initial window size: (800, 600) @30-10-2021 20:23:25.0214 PM
[ReportManager] Window size after SWD Maximize: (1176, 811) @30-10-2021 20:23:25.0225 PM
[ReportManager] Browser Action [MaximizeWindow] successfully performed. With the following test data [New screen size is now: (1176, 811)]. @30-10-2021 20:23:25.0225 P

################################################################################################################################################
Starting Execution:	[143 out of 143] test cases in the current suite
Test Method:		[testPackage01.Test_dynamicLoading.dynamicLoading_elementIsRendered]
################################################################################################################################################
[ReportManager] Target URL: [https://the-internet.herokuapp.com/dynamic_loading/2] @30-10-2021 20:23:25.0232 PM
[ReportManager] Initial URL: [] @30-10-2021 20:23:25.0288 PM
[ReportManager] Browser Action [NavigateToURL] successfully performed. With the following test data [https://the-internet.herokuapp.com/dynamic_loading/2]. @30-10-2021 20:23:26.0415 PM
[ReportManager] Element Action [Click] successfully performed. With the following test data [Start]. @30-10-2021 20:23:26.0663 P
[ReportManager] Browser Action [CloseCurrentWindow] successfully performed. @30-10-2021 20:23:26.0761 PM
[ReportManager] Successfully created attachment [Browser Action Test Data - CloseCurrentWindow - Actual Value] @30-10-2021 20:23:26.0761 P

################################################################################################################################################
Test Closure Activities
################################################################################################################################################
[ReportManager] Successfully created attachment [SHAFT Engine Logs - Execution log] @30-10-2021 20:23:26.0795 PM

################################################################################################################################################
This test run was powered by SHAFT Engine Version: [SHAFT Engine v5.4.20211030-BETA]
SHAFT Engine is licensed under the MIT License: [https://github.com/MohabMohie/SHAFT_ENGINE/blob/master/LICENSE].
################################################################################################################################################