################################################################################################################################################
Detected SHAFT Engine Version: [SHAFT Engine v5.4.20211011]
################################################################################################################################################
[ReportManager] File Action [GetAbsolutePath] successfully performed. With the following test data [Relative Folder Path: "target/downloadedFiles/"]. @14-10-2021 09:00:50.0162 AM
[ReportManager] Attempting to run locally on: [Mac-64], [Safari], Headless Execution. @14-10-2021 09:00:50.0192 AM
[ReportManager] Successfully Opened Safari. @14-10-2021 09:00:55.0699 AM
[ReportManager] Initial window size: (800, 600) @14-10-2021 09:00:55.0745 AM
[ReportManager] Window size after SWD Maximize: (1176, 810) @14-10-2021 09:00:55.0786 AM
[ReportManager] Browser Action [MaximizeWindow] successfully performed. With the following test data [New screen size is now: (1176, 810)]. @14-10-2021 09:00:55.0794 A

################################################################################################################################################
Starting Execution:	[1 out of 143] test cases in the current suite
Test Method:		[unitTests.tests_element_elementActions.waitForElementToBePresent_false_expectedToFail]
################################################################################################################################################
[ReportManager] Target URL: [https://www.google.com/ncr], and after redirection: [www.google.com] @14-10-2021 09:00:55.0976 AM
[ReportManager] Initial URL: [] @14-10-2021 09:00:56.0055 AM
[ReportManager] Browser Action [NavigateToURL] successfully performed. With the following test data [https://www.google.com/ncr]. @14-10-2021 09:00:58.0029 AM
[ReportManager] Waiting for element to be present; elementLocator [By.xpath: //*[@id='hplogo' or @alt='Google']], numberOfTries[1], stateOfPresence[false]... @14-10-2021 09:00:58.0039 AM
[ReportManager] Element Action [WaitForElementToBePresent] failed. With the following test data [waited for the element's state of presence to be (false). Element locator (By.xpath: //*[@id='hplogo' or @alt='Google'])]. @14-10-2021 09:01:00.0864 AM
[ReportManager] Successfully created attachment [Screenshot - 1634202058150_waitForElementToBePresent_false_expectedToFail_WaitForElementToBePresent_failed] @14-10-2021 09:01:00.0879 A
[ReportManager] Browser Action [CloseCurrentWindow] successfully performed. @14-10-2021 09:01:00.0995 AM
[ReportManager] Successfully created attachment [Browser Action Test Data - CloseCurrentWindow - Actual Value] @14-10-2021 09:01:01.0001 A
[ReportManager] File Action [GetAbsolutePath] successfully performed. With the following test data [Relative Folder Path: "target/downloadedFiles/"]. @14-10-2021 09:01:01.0020 AM
[ReportManager] Attempting to run locally on: [Mac-64], [Safari], Headless Execution. @14-10-2021 09:01:01.0020 AM
[ReportManager] Successfully Opened Safari. @14-10-2021 09:01:01.0911 AM
[ReportManager] Initial window size: (800, 600) @14-10-2021 09:01:01.0935 AM
[ReportManager] Window size after SWD Maximize: (1176, 811) @14-10-2021 09:01:01.0971 AM
[ReportManager] Browser Action [MaximizeWindow] successfully performed. With the following test data [New screen size is now: (1176, 811)]. @14-10-2021 09:01:01.0973 A

################################################################################################################################################
Starting Execution:	[2 out of 143] test cases in the current suite
Test Method:		[unitTests.tests_element_elementActions.waitForElementToBePresent_false_expectedToPass]
################################################################################################################################################
[ReportManager] Target URL: [https://www.google.com/ncr], and after redirection: [www.google.com] @14-10-2021 09:01:01.0979 AM
[ReportManager] Initial URL: [] @14-10-2021 09:01:02.0032 AM
[ReportManager] Browser Action [NavigateToURL] successfully performed. With the following test data [https://www.google.com/ncr]. @14-10-2021 09:01:03.0347 AM
[ReportManager] Waiting for element to be present; elementLocator [By.id: bla], numberOfTries[1], stateOfPresence[false]... @14-10-2021 09:01:03.0347 A
[ReportManager] Browser Action [CloseCurrentWindow] successfully performed. @14-10-2021 09:01:03.0635 AM
[ReportManager] Successfully created attachment [Browser Action Test Data - CloseCurrentWindow - Actual Value] @14-10-2021 09:01:03.0636 A
[ReportManager] File Action [GetAbsolutePath] successfully performed. With the following test data [Relative Folder Path: "target/downloadedFiles/"]. @14-10-2021 09:01:03.0643 AM
[ReportManager] Attempting to run locally on: [Mac-64], [Safari], Headless Execution. @14-10-2021 09:01:03.0643 AM
[ReportManager] Successfully Opened Safari. @14-10-2021 09:01:04.0563 AM
[ReportManager] Initial window size: (800, 600) @14-10-2021 09:01:04.0593 AM
[ReportManager] Window size after SWD Maximize: (1176, 811) @14-10-2021 09:01:04.0619 AM
[ReportManager] Browser Action [MaximizeWindow] successfully performed. With the following test data [New screen size is now: (1176, 811)]. @14-10-2021 09:01:04.0619 A

################################################################################################################################################
Starting Execution:	[3 out of 143] test cases in the current suite
Test Method:		[unitTests.tests_element_elementActions.waitForElementToBePresent_moreThanOneElement_expectedToFail]
################################################################################################################################################
[ReportManager] Target URL: [https://www.google.com/ncr], and after redirection: [www.google.com] @14-10-2021 09:01:04.0625 AM
[ReportManager] Initial URL: [] @14-10-2021 09:01:04.0697 AM
[ReportManager] Browser Action [NavigateToURL] successfully performed. With the following test data [https://www.google.com/ncr]. @14-10-2021 09:01:06.0043 AM
[ReportManager] Waiting for element to be present; elementLocator [By.xpath: //*], numberOfTries[1], stateOfPresence[false]... @14-10-2021 09:01:06.0044 AM
[ReportManager] Element Action [WaitForElementToBePresent] failed. With the following test data [waited for the element's state of presence to be (false). Element locator (By.xpath: //*)]. @14-10-2021 09:01:06.0285 AM
[ReportManager] Successfully created attachment [Screenshot - 1634202066119_waitForElementToBePresent_moreThanOneElement_expectedToFail_WaitForElementToBePresent_failed] @14-10-2021 09:01:06.0289 A
[ReportManager] Browser Action [CloseCurrentWindow] successfully performed. @14-10-2021 09:01:06.0356 AM
[ReportManager] Successfully created attachment [Browser Action Test Data - CloseCurrentWindow - Actual Value] @14-10-2021 09:01:06.0357 A
[ReportManager] File Action [GetAbsolutePath] successfully performed. With the following test data [Relative Folder Path: "target/downloadedFiles/"]. @14-10-2021 09:01:06.0370 AM
[ReportManager] Attempting to run locally on: [Mac-64], [Safari], Headless Execution. @14-10-2021 09:01:06.0372 AM
[ReportManager] Successfully Opened Safari. @14-10-2021 09:01:07.0221 AM
[ReportManager] Initial window size: (800, 600) @14-10-2021 09:01:07.0244 AM
[ReportManager] Window size after SWD Maximize: (1176, 811) @14-10-2021 09:01:07.0261 AM
[ReportManager] Browser Action [MaximizeWindow] successfully performed. With the following test data [New screen size is now: (1176, 811)]. @14-10-2021 09:01:07.0262 A

################################################################################################################################################
Starting Execution:	[4 out of 143] test cases in the current suite
Test Method:		[unitTests.tests_element_elementActions.waitForElementToBePresent_true_expectedToFail]
################################################################################################################################################
[ReportManager] Target URL: [https://www.google.com/ncr], and after redirection: [www.google.com] @14-10-2021 09:01:07.0277 AM
[ReportManager] Initial URL: [] @14-10-2021 09:01:07.0346 AM
[ReportManager] Browser Action [NavigateToURL] successfully performed. With the following test data [https://www.google.com/ncr]. @14-10-2021 09:01:08.0620 AM
[ReportManager] Waiting for element to be present; elementLocator [By.id: bla], numberOfTries[1], stateOfPresence[true]... @14-10-2021 09:01:08.0621 A
[ReportManager] Browser Action [CloseCurrentWindow] successfully performed. @14-10-2021 09:01:08.0807 AM
[ReportManager] Successfully created attachment [Browser Action Test Data - CloseCurrentWindow - Actual Value] @14-10-2021 09:01:08.0808 A
[ReportManager] File Action [GetAbsolutePath] successfully performed. With the following test data [Relative Folder Path: "target/downloadedFiles/"]. @14-10-2021 09:01:08.0812 AM
[ReportManager] Attempting to run locally on: [Mac-64], [Safari], Headless Execution. @14-10-2021 09:01:08.0812 AM
[ReportManager] Successfully Opened Safari. @14-10-2021 09:01:09.0684 AM
[ReportManager] Initial window size: (800, 600) @14-10-2021 09:01:09.0716 AM
[ReportManager] Window size after SWD Maximize: (1176, 811) @14-10-2021 09:01:09.0748 AM
[ReportManager] Browser Action [MaximizeWindow] successfully performed. With the following test data [New screen size is now: (1176, 811)]. @14-10-2021 09:01:09.0749 A

################################################################################################################################################
Starting Execution:	[5 out of 143] test cases in the current suite
Test Method:		[unitTests.tests_element_elementActions.waitForElementToBePresent_true_expectedToPass]
################################################################################################################################################
[ReportManager] Target URL: [https://www.google.com/ncr], and after redirection: [www.google.com] @14-10-2021 09:01:09.0755 AM
[ReportManager] Initial URL: [] @14-10-2021 09:01:09.0814 AM
[ReportManager] Browser Action [NavigateToURL] successfully performed. With the following test data [https://www.google.com/ncr]. @14-10-2021 09:01:11.0500 AM
[ReportManager] Waiting for element to be present; elementLocator [By.xpath: //*[@id='hplogo' or @alt='Google']], numberOfTries[1], stateOfPresence[true]... @14-10-2021 09:01:11.0500 AM
[ReportManager] Element Action [WaitForElementToBePresent] successfully performed. With the following test data [waited for the element's state of presence to be (true). Element locator (By.xpath: //*[@id='hplogo' or @alt='Google'])]. @14-10-2021 09:01:11.0539 AM
[ReportManager] File Action [DoesFileExist] successfully performed. With the following test data [File Path: "src/test/resources/DynamicObjectRepository/unitTests_tests_element_elementActions_waitForElementToBePresent_true_expectedToPass_By_xpath_id_hplogo_or_alt_Google.png"]. @14-10-2021 09:01:11.0562 AM
[ReportManager] File Action [DoesFileExist] successfully performed. With the following test data [File Path: "src/test/resources/DynamicObjectRepository/unitTests_tests_element_elementActions_waitForElementToBePresent_true_expectedToPass_By_xpath_id_hplogo_or_alt_Google.png"]. @14-10-2021 09:01:11.0649 AM
[ReportManager] Passing the test and saving a reference image @14-10-2021 09:01:11.0649 AM
[ReportManager] File Action [GetAbsolutePath] successfully performed. With the following test data [Relative File Path: "src/test/resources/DynamicObjectRepository/unitTests_tests_element_elementActions_waitForElementToBePresent_true_expectedToPass_By_xpath_id_hplogo_or_alt_Google.png"]. @14-10-2021 09:01:11.0649 AM
[ReportManager] File Action [WriteToFile] successfully performed. With the following test data [Target File Path: "/Users/runner/work/SHAFT_ENGINE/SHAFT_ENGINE/src/test/resources/DynamicObjectRepository/unitTests_tests_element_elementActions_waitForElementToBePresent_true_expectedToPass_By_xpath_id_hplogo_or_alt_Google.png"]. @14-10-2021 09:01:11.0651 AM
[ReportManager] Assertion Passed: Using Visual AI; OpenCV @14-10-2021 09:01:11.0653 AM
[ReportManager] Successfully created attachment [Validation Test Data - Actual Screenshot] @14-10-2021 09:01:11.0654 AM
[ReportManager] Assertion [ValidateElementMatches] PASSED. Expected [Element should match the reference screenshot] and Actual [TRUE]. Comparison Type [EXACT_OPENCV]. Validation Type [POSITIVE]. @14-10-2021 09:01:11.0654 A
[ReportManager] Browser Action [CloseCurrentWindow] successfully performed. @14-10-2021 09:01:11.0763 AM
[ReportManager] Successfully created attachment [Browser Action Test Data - CloseCurrentWindow - Actual Value] @14-10-2021 09:01:11.0764 A
[ReportManager] File Action [GetAbsolutePath] successfully performed. With the following test data [Relative Folder Path: "target/downloadedFiles/"]. @14-10-2021 09:01:11.0772 AM
[ReportManager] Attempting to run locally on: [Mac-64], [Safari], Headless Execution. @14-10-2021 09:01:11.0772 AM
[ReportManager] Successfully Opened Safari. @14-10-2021 09:01:12.0801 AM
[ReportManager] Initial window size: (800, 600) @14-10-2021 09:01:12.0864 AM
[ReportManager] Window size after SWD Maximize: (1176, 811) @14-10-2021 09:01:12.0902 AM
[ReportManager] Browser Action [MaximizeWindow] successfully performed. With the following test data [New screen size is now: (1176, 811)]. @14-10-2021 09:01:12.0903 AM
[ReportManager] Target URL: [https://duckduckgo.com] @14-10-2021 09:01:12.0904 AM
[ReportManager] Initial URL: [] @14-10-2021 09:01:12.0969 AM
[ReportManager] Browser Action [NavigateToURL] successfully performed. With the following test data [https://duckduckgo.com]. @14-10-2021 09:01:14.0063 A

################################################################################################################################################
Starting Execution:	[6 out of 143] test cases in the current suite
Test Method:		[unitTests.tests_browserActions.fullScreenWindow]
################################################################################################################################################
[ReportManager] Initial Windows Size: 1176x811 @14-10-2021 09:01:14.0097 AM
[ReportManager] Current Windows Size after fullScreen: 1176x885 @14-10-2021 09:01:14.0480 AM
[ReportManager] Browser Action [FullScreenWindow] successfully performed. @14-10-2021 09:01:14.0509 AM
[ReportManager] Successfully created attachment [Browser Action Test Data - FullScreenWindow - Actual Value] @14-10-2021 09:01:14.0513 A
[ReportManager] Target URL: [https://duckduckgo.com] @14-10-2021 09:01:14.0524 AM
[ReportManager] Initial URL: [https://duckduckgo.com] @14-10-2021 09:01:14.0604 AM
[ReportManager] Browser Action [NavigateToURL] successfully performed. With the following test data [https://duckduckgo.com]. @14-10-2021 09:01:15.0154 AM
[ReportManager] Browser Action [CloseCurrentWindow] successfully performed. @14-10-2021 09:01:15.0304 AM
[ReportManager] Successfully created attachment [Browser Action Test Data - CloseCurrentWindow - Actual Value] @14-10-2021 09:01:15.0308 A
[ReportManager] File Action [GetAbsolutePath] successfully performed. With the following test data [Relative Folder Path: "target/downloadedFiles/"]. @14-10-2021 09:01:15.0316 AM
[ReportManager] Attempting to run locally on: [Mac-64], [Safari], Headless Execution. @14-10-2021 09:01:15.0316 AM
[ReportManager] Successfully Opened Safari. @14-10-2021 09:01:16.0000 AM
[ReportManager] Initial window size: (800, 600) @14-10-2021 09:01:16.0049 AM
[ReportManager] Window size after SWD Maximize: (1176, 811) @14-10-2021 09:01:16.0086 AM
[ReportManager] Browser Action [MaximizeWindow] successfully performed. With the following test data [New screen size is now: (1176, 811)]. @14-10-2021 09:01:16.0086 AM
[ReportManager] Target URL: [https://duckduckgo.com] @14-10-2021 09:01:16.0087 AM
[ReportManager] Initial URL: [] @14-10-2021 09:01:16.0132 AM
[ReportManager] Browser Action [NavigateToURL] successfully performed. With the following test data [https://duckduckgo.com]. @14-10-2021 09:01:16.0937 A

################################################################################################################################################
Starting Execution:	[7 out of 143] test cases in the current suite
Test Method:		[unitTests.tests_browserActions.getCurrentURL]
################################################################################################################################################
[ReportManager] Browser Action [GetCurrentURL] successfully performed. With the following test data [https://duckduckgo.com/]. @14-10-2021 09:01:16.0969 A
[ReportManager] Target URL: [https://duckduckgo.com] @14-10-2021 09:01:16.0972 AM
[ReportManager] Initial URL: [https://duckduckgo.com] @14-10-2021 09:01:17.0011 AM
[ReportManager] Browser Action [NavigateToURL] successfully performed. With the following test data [https://duckduckgo.com]. @14-10-2021 09:01:17.0475 AM
[ReportManager] Browser Action [CloseCurrentWindow] successfully performed. @14-10-2021 09:01:17.0596 AM
[ReportManager] Successfully created attachment [Browser Action Test Data - CloseCurrentWindow - Actual Value] @14-10-2021 09:01:17.0597 A
[ReportManager] File Action [GetAbsolutePath] successfully performed. With the following test data [Relative Folder Path: "target/downloadedFiles/"]. @14-10-2021 09:01:17.0602 AM
[ReportManager] Attempting to run locally on: [Mac-64], [Safari], Headless Execution. @14-10-2021 09:01:17.0602 AM
[ReportManager] Successfully Opened Safari. @14-10-2021 09:01:18.0448 AM
[ReportManager] Initial window size: (800, 600) @14-10-2021 09:01:18.0500 AM
[ReportManager] Window size after SWD Maximize: (1176, 811) @14-10-2021 09:01:18.0554 AM
[ReportManager] Browser Action [MaximizeWindow] successfully performed. With the following test data [New screen size is now: (1176, 811)]. @14-10-2021 09:01:18.0555 AM
[ReportManager] Target URL: [https://duckduckgo.com] @14-10-2021 09:01:18.0555 AM
[ReportManager] Initial URL: [] @14-10-2021 09:01:18.0609 AM
[ReportManager] Browser Action [NavigateToURL] successfully performed. With the following test data [https://duckduckgo.com]. @14-10-2021 09:01:19.0536 A

################################################################################################################################################
Starting Execution:	[8 out of 143] test cases in the current suite
Test Method:		[unitTests.tests_browserActions.getCurrentWindowTitle]
################################################################################################################################################
[ReportManager] Browser Action [GetCurrentWindowTitle] successfully performed. With the following test data [DuckDuckGo â€” Privacy, simplified.]. @14-10-2021 09:01:19.0584 A
[ReportManager] Target URL: [https://duckduckgo.com] @14-10-2021 09:01:19.0588 AM
[ReportManager] Initial URL: [https://duckduckgo.com] @14-10-2021 09:01:19.0632 AM
[ReportManager] Browser Action [NavigateToURL] successfully performed. With the following test data [https://duckduckgo.com]. @14-10-2021 09:01:20.0053 AM
[ReportManager] Browser Action [CloseCurrentWindow] successfully performed. @14-10-2021 09:01:20.0173 AM
[ReportManager] Successfully created attachment [Browser Action Test Data - CloseCurrentWindow - Actual Value] @14-10-2021 09:01:20.0174 A
[ReportManager] File Action [GetAbsolutePath] successfully performed. With the following test data [Relative Folder Path: "target/downloadedFiles/"]. @14-10-2021 09:01:20.0181 AM
[ReportManager] Attempting to run locally on: [Mac-64], [Safari], Headless Execution. @14-10-2021 09:01:20.0181 AM
[ReportManager] Successfully Opened Safari. @14-10-2021 09:01:21.0031 AM
[ReportManager] Initial window size: (800, 600) @14-10-2021 09:01:21.0077 AM
[ReportManager] Window size after SWD Maximize: (1176, 811) @14-10-2021 09:01:21.0094 AM
[ReportManager] Browser Action [MaximizeWindow] successfully performed. With the following test data [New screen size is now: (1176, 811)]. @14-10-2021 09:01:21.0095 AM
[ReportManager] Target URL: [https://duckduckgo.com] @14-10-2021 09:01:21.0095 AM
[ReportManager] Initial URL: [] @14-10-2021 09:01:21.0147 AM
[ReportManager] Browser Action [NavigateToURL] successfully performed. With the following test data [https://duckduckgo.com]. @14-10-2021 09:01:21.0978 A

################################################################################################################################################
Starting Execution:	[9 out of 143] test cases in the current suite
Test Method:		[unitTests.tests_browserActions.getPageSource]
################################################################################################################################################
[ReportManager] Browser Action [GetPageSource] successfully performed. @14-10-2021 09:01:22.0022 AM
[ReportManager] Successfully created attachment [Browser Action Test Data - GetPageSource - Actual Value] @14-10-2021 09:01:22.0023 A
[ReportManager] Target URL: [https://duckduckgo.com] @14-10-2021 09:01:22.0026 AM
[ReportManager] Initial URL: [https://duckduckgo.com] @14-10-2021 09:01:22.0088 AM
[ReportManager] Browser Action [NavigateToURL] successfully performed. With the following test data [https://duckduckgo.com]. @14-10-2021 09:01:22.0514 AM
[ReportManager] Browser Action [CloseCurrentWindow] successfully performed. @14-10-2021 09:01:22.0582 AM
[ReportManager] Successfully created attachment [Browser Action Test Data - CloseCurrentWindow - Actual Value] @14-10-2021 09:01:22.0584 A
[ReportManager] File Action [GetAbsolutePath] successfully performed. With the following test data [Relative Folder Path: "target/downloadedFiles/"]. @14-10-2021 09:01:22.0590 AM
[ReportManager] Attempting to run locally on: [Mac-64], [Safari], Headless Execution. @14-10-2021 09:01:22.0594 AM
[ReportManager] Successfully Opened Safari. @14-10-2021 09:01:23.0469 AM
[ReportManager] Initial window size: (800, 600) @14-10-2021 09:01:23.0492 AM
[ReportManager] Window size after SWD Maximize: (1176, 811) @14-10-2021 09:01:23.0510 AM
[ReportManager] Browser Action [MaximizeWindow] successfully performed. With the following test data [New screen size is now: (1176, 811)]. @14-10-2021 09:01:23.0510 AM
[ReportManager] Target URL: [https://duckduckgo.com] @14-10-2021 09:01:23.0511 AM
[ReportManager] Initial URL: [] @14-10-2021 09:01:23.0564 AM
[ReportManager] Browser Action [NavigateToURL] successfully performed. With the following test data [https://duckduckgo.com]. @14-10-2021 09:01:24.0398 A

################################################################################################################################################
Starting Execution:	[10 out of 143] test cases in the current suite
Test Method:		[unitTests.tests_browserActions.getWindowHandle]
################################################################################################################################################
[ReportManager] Browser Action [GetWindowHandle] successfully performed. With the following test data [page-42ECE916-59C9-4D4A-8561-FCFF27B675AC]. @14-10-2021 09:01:24.0431 A
[ReportManager] Target URL: [https://duckduckgo.com] @14-10-2021 09:01:24.0434 AM
[ReportManager] Initial URL: [https://duckduckgo.com] @14-10-2021 09:01:24.0472 AM
[ReportManager] Browser Action [NavigateToURL] successfully performed. With the following test data [https://duckduckgo.com]. @14-10-2021 09:01:24.0863 AM
[ReportManager] Browser Action [CloseCurrentWindow] successfully performed. @14-10-2021 09:01:24.0968 AM
[ReportManager] Successfully created attachment [Browser Action Test Data - CloseCurrentWindow - Actual Value] @14-10-2021 09:01:24.0969 A
[ReportManager] File Action [GetAbsolutePath] successfully performed. With the following test data [Relative Folder Path: "target/downloadedFiles/"]. @14-10-2021 09:01:24.0972 AM
[ReportManager] Attempting to run locally on: [Mac-64], [Safari], Headless Execution. @14-10-2021 09:01:24.0972 AM
[ReportManager] Successfully Opened Safari. @14-10-2021 09:01:25.0781 AM
[ReportManager] Initial window size: (800, 600) @14-10-2021 09:01:25.0794 AM
[ReportManager] Window size after SWD Maximize: (1176, 811) @14-10-2021 09:01:25.0825 AM
[ReportManager] Browser Action [MaximizeWindow] successfully performed. With the following test data [New screen size is now: (1176, 811)]. @14-10-2021 09:01:25.0826 AM
[ReportManager] Target URL: [https://duckduckgo.com] @14-10-2021 09:01:25.0826 AM
[ReportManager] Initial URL: [] @14-10-2021 09:01:25.0908 AM
[ReportManager] Browser Action [NavigateToURL] successfully performed. With the following test data [https://duckduckgo.com]. @14-10-2021 09:01:26.0733 A

################################################################################################################################################
Starting Execution:	[11 out of 143] test cases in the current suite
Test Method:		[unitTests.tests_browserActions.getWindowPosition]
################################################################################################################################################
[ReportManager] Browser Action [GetWindowPosition] successfully performed. With the following test data [(0, 23)]. @14-10-2021 09:01:26.0762 A
[ReportManager] Target URL: [https://duckduckgo.com] @14-10-2021 09:01:26.0765 AM
[ReportManager] Initial URL: [https://duckduckgo.com] @14-10-2021 09:01:26.0801 AM
[ReportManager] Browser Action [NavigateToURL] successfully performed. With the following test data [https://duckduckgo.com]. @14-10-2021 09:01:27.0213 AM
[ReportManager] Browser Action [CloseCurrentWindow] successfully performed. @14-10-2021 09:01:27.0470 AM
[ReportManager] Successfully created attachment [Browser Action Test Data - CloseCurrentWindow - Actual Value] @14-10-2021 09:01:27.0471 A
[ReportManager] File Action [GetAbsolutePath] successfully performed. With the following test data [Relative Folder Path: "target/downloadedFiles/"]. @14-10-2021 09:01:27.0474 AM
[ReportManager] Attempting to run locally on: [Mac-64], [Safari], Headless Execution. @14-10-2021 09:01:27.0475 AM
[ReportManager] Successfully Opened Safari. @14-10-2021 09:01:28.0264 AM
[ReportManager] Initial window size: (800, 600) @14-10-2021 09:01:28.0301 AM
[ReportManager] Window size after SWD Maximize: (1176, 811) @14-10-2021 09:01:28.0336 AM
[ReportManager] Browser Action [MaximizeWindow] successfully performed. With the following test data [New screen size is now: (1176, 811)]. @14-10-2021 09:01:28.0337 AM
[ReportManager] Target URL: [https://duckduckgo.com] @14-10-2021 09:01:28.0337 AM
[ReportManager] Initial URL: [] @14-10-2021 09:01:28.0396 AM
[ReportManager] Browser Action [NavigateToURL] successfully performed. With the following test data [https://duckduckgo.com]. @14-10-2021 09:01:29.0171 A

################################################################################################################################################
Starting Execution:	[12 out of 143] test cases in the current suite
Test Method:		[unitTests.tests_browserActions.getWindowSize]
################################################################################################################################################
[ReportManager] Browser Action [GetWindowSize] successfully performed. With the following test data [(1176, 811)]. @14-10-2021 09:01:29.0230 A
[ReportManager] Target URL: [https://duckduckgo.com] @14-10-2021 09:01:29.0233 AM
[ReportManager] Initial URL: [https://duckduckgo.com] @14-10-2021 09:01:29.0267 AM
[ReportManager] Browser Action [NavigateToURL] successfully performed. With the following test data [https://duckduckgo.com]. @14-10-2021 09:01:29.0664 AM
[ReportManager] Browser Action [CloseCurrentWindow] successfully performed. @14-10-2021 09:01:29.0756 AM
[ReportManager] Successfully created attachment [Browser Action Test Data - CloseCurrentWindow - Actual Value] @14-10-2021 09:01:29.0757 A
[ReportManager] File Action [GetAbsolutePath] successfully performed. With the following test data [Relative Folder Path: "target/downloadedFiles/"]. @14-10-2021 09:01:29.0760 AM
[ReportManager] Attempting to run locally on: [Mac-64], [Safari], Headless Execution. @14-10-2021 09:01:29.0760 AM
[ReportManager] Successfully Opened Safari. @14-10-2021 09:01:30.0578 AM
[ReportManager] Initial window size: (800, 600) @14-10-2021 09:01:30.0591 AM
[ReportManager] Window size after SWD Maximize: (1176, 811) @14-10-2021 09:01:30.0617 AM
[ReportManager] Browser Action [MaximizeWindow] successfully performed. With the following test data [New screen size is now: (1176, 811)]. @14-10-2021 09:01:30.0618 AM
[ReportManager] Target URL: [https://duckduckgo.com] @14-10-2021 09:01:30.0618 AM
[ReportManager] Initial URL: [] @14-10-2021 09:01:30.0669 AM
[ReportManager] Browser Action [NavigateToURL] successfully performed. With the following test data [https://duckduckgo.com]. @14-10-2021 09:01:31.0367 A

################################################################################################################################################
Starting Execution:	[13 out of 143] test cases in the current suite
Test Method:		[unitTests.tests_browserActions.maximizeWindow]
################################################################################################################################################
[ReportManager] Initial window size: (1176, 811) @14-10-2021 09:01:31.0376 AM
[ReportManager] Window size after SWD Maximize: (1176, 811) @14-10-2021 09:01:31.0383 AM
[ReportManager] Window size after Toolkit: (1920, 1080) @14-10-2021 09:01:31.0420 AM
[ReportManager] Browser Action [MaximizeWindow] successfully performed. With the following test data [New screen size is now: (1920, 1080)]. @14-10-2021 09:01:31.0423 A
[ReportManager] Target URL: [https://duckduckgo.com] @14-10-2021 09:01:31.0426 AM
[ReportManager] Initial URL: [https://duckduckgo.com] @14-10-2021 09:01:31.0481 AM
[ReportManager] Browser Action [NavigateToURL] successfully performed. With the following test data [https://duckduckgo.com]. @14-10-2021 09:01:31.0843 AM
[ReportManager] Browser Action [CloseCurrentWindow] successfully performed. @14-10-2021 09:01:31.0968 AM
[ReportManager] Successfully created attachment [Browser Action Test Data - CloseCurrentWindow - Actual Value] @14-10-2021 09:01:31.0969 A
[ReportManager] File Action [GetAbsolutePath] successfully performed. With the following test data [Relative Folder Path: "target/downloadedFiles/"]. @14-10-2021 09:01:31.0972 AM
[ReportManager] Attempting to run locally on: [Mac-64], [Safari], Headless Execution. @14-10-2021 09:01:31.0973 AM
[ReportManager] Successfully Opened Safari. @14-10-2021 09:01:32.0814 AM
[ReportManager] Initial window size: (800, 600) @14-10-2021 09:01:32.0829 AM
[ReportManager] Window size after SWD Maximize: (1176, 811) @14-10-2021 09:01:32.0860 AM
[ReportManager] Browser Action [MaximizeWindow] successfully performed. With the following test data [New screen size is now: (1176, 811)]. @14-10-2021 09:01:32.0860 AM
[ReportManager] Target URL: [https://duckduckgo.com] @14-10-2021 09:01:32.0860 AM
[ReportManager] Initial URL: [] @14-10-2021 09:01:32.0920 AM
[ReportManager] Browser Action [NavigateToURL] successfully performed. With the following test data [https://duckduckgo.com]. @14-10-2021 09:01:33.0726 A

################################################################################################################################################
Starting Execution:	[14 out of 143] test cases in the current suite
Test Method:		[unitTests.tests_browserActions.navigateBack]
################################################################################################################################################
[ReportManager] Target URL: [https://www.google.com/ncr], and after redirection: [https://www.google.com] @14-10-2021 09:01:33.0734 AM
[ReportManager] Initial URL: [https://duckduckgo.com] @14-10-2021 09:01:33.0778 AM
[ReportManager] Browser Action [NavigateToURL] successfully performed. With the following test data [https://www.google.com/ncr]. @14-10-2021 09:01:34.0586 AM
[ReportManager] Browser Action [NavigateBack] successfully performed. With the following test data [https://duckduckgo.com/]. @14-10-2021 09:01:34.0712 AM
[ReportManager] Browser Action [GetCurrentURL] successfully performed. With the following test data [https://duckduckgo.com/]. @14-10-2021 09:01:34.0749 AM
[ReportManager] Assertion Passed: Confirming that navigating back was successful @14-10-2021 09:01:34.0890 AM
[ReportManager] Successfully created attachment [Screenshot - 1634202094785_navigateBack_ValidateBrowserAttribute_passed] @14-10-2021 09:01:34.0894 AM
[ReportManager] Assertion [ValidateBrowserAttribute] PASSED. Expected [Value Should be 'https://duckduckgo.com' for the 'CurrentUrl' attribute] and Actual [https://duckduckgo.com/]. Comparison Type [CONTAINS]. Validation Type [POSITIVE]. @14-10-2021 09:01:34.0894 A
[ReportManager] Target URL: [https://duckduckgo.com] @14-10-2021 09:01:34.0897 AM
[ReportManager] Initial URL: [https://duckduckgo.com] @14-10-2021 09:01:34.0940 AM
[ReportManager] Browser Action [NavigateToURL] successfully performed. With the following test data [https://duckduckgo.com]. @14-10-2021 09:01:35.0317 AM
[ReportManager] Browser Action [CloseCurrentWindow] successfully performed. @14-10-2021 09:01:35.0358 AM
[ReportManager] Successfully created attachment [Browser Action Test Data - CloseCurrentWindow - Actual Value] @14-10-2021 09:01:35.0359 A
[ReportManager] File Action [GetAbsolutePath] successfully performed. With the following test data [Relative Folder Path: "target/downloadedFiles/"]. @14-10-2021 09:01:35.0362 AM
[ReportManager] Attempting to run locally on: [Mac-64], [Safari], Headless Execution. @14-10-2021 09:01:35.0362 AM
[ReportManager] Successfully Opened Safari. @14-10-2021 09:01:36.0186 AM
[ReportManager] Initial window size: (800, 600) @14-10-2021 09:01:36.0196 AM
[ReportManager] Window size after SWD Maximize: (1176, 811) @14-10-2021 09:01:36.0222 AM
[ReportManager] Browser Action [MaximizeWindow] successfully performed. With the following test data [New screen size is now: (1176, 811)]. @14-10-2021 09:01:36.0222 AM
[ReportManager] Target URL: [https://duckduckgo.com] @14-10-2021 09:01:36.0222 AM
[ReportManager] Initial URL: [] @14-10-2021 09:01:36.0275 AM
[ReportManager] Browser Action [NavigateToURL] successfully performed. With the following test data [https://duckduckgo.com]. @14-10-2021 09:01:37.0011 A

################################################################################################################################################
Starting Execution:	[15 out of 143] test cases in the current suite
Test Method:		[unitTests.tests_browserActions.navigateForward]
################################################################################################################################################
[ReportManager] Target URL: [https://www.google.com/ncr], and after redirection: [https://www.google.com] @14-10-2021 09:01:37.0019 AM
[ReportManager] Initial URL: [https://duckduckgo.com] @14-10-2021 09:01:37.0052 AM
[ReportManager] Browser Action [NavigateToURL] successfully performed. With the following test data [https://www.google.com/ncr]. @14-10-2021 09:01:38.0433 AM
[ReportManager] Browser Action [NavigateBack] successfully performed. With the following test data [https://duckduckgo.com/]. @14-10-2021 09:01:38.0581 AM
[ReportManager] Browser Action [NavigateForward] successfully performed. With the following test data [https://www.google.com/]. @14-10-2021 09:01:38.0687 A
[ReportManager] Target URL: [https://duckduckgo.com] @14-10-2021 09:01:38.0689 AM
[ReportManager] Initial URL: [https://www.google.com] @14-10-2021 09:01:38.0719 AM
[ReportManager] Browser Action [NavigateToURL] successfully performed. With the following test data [https://duckduckgo.com]. @14-10-2021 09:01:39.0034 AM
[ReportManager] Browser Action [CloseCurrentWindow] successfully performed. @14-10-2021 09:01:39.0248 AM
[ReportManager] Successfully created attachment [Browser Action Test Data - CloseCurrentWindow - Actual Value] @14-10-2021 09:01:39.0249 A
[ReportManager] File Action [GetAbsolutePath] successfully performed. With the following test data [Relative Folder Path: "target/downloadedFiles/"]. @14-10-2021 09:01:39.0252 AM
[ReportManager] Attempting to run locally on: [Mac-64], [Safari], Headless Execution. @14-10-2021 09:01:39.0252 AM
[ReportManager] Successfully Opened Safari. @14-10-2021 09:01:40.0176 AM
[ReportManager] Initial window size: (800, 600) @14-10-2021 09:01:40.0198 AM
[ReportManager] Window size after SWD Maximize: (1176, 811) @14-10-2021 09:01:40.0215 AM
[ReportManager] Browser Action [MaximizeWindow] successfully performed. With the following test data [New screen size is now: (1176, 811)]. @14-10-2021 09:01:40.0215 AM
[ReportManager] Target URL: [https://duckduckgo.com] @14-10-2021 09:01:40.0225 AM
[ReportManager] Initial URL: [] @14-10-2021 09:01:40.0273 AM
[ReportManager] Browser Action [NavigateToURL] successfully performed. With the following test data [https://duckduckgo.com]. @14-10-2021 09:01:40.0981 A

################################################################################################################################################
Starting Execution:	[16 out of 143] test cases in the current suite
Test Method:		[unitTests.tests_browserActions.navigateToURL]
################################################################################################################################################
[ReportManager] Target URL: [https://duckduckgo.com] @14-10-2021 09:01:40.0987 AM
[ReportManager] Initial URL: [https://duckduckgo.com] @14-10-2021 09:01:41.0037 AM
[ReportManager] Browser Action [NavigateToURL] successfully performed. With the following test data [https://duckduckgo.com]. @14-10-2021 09:01:41.0406 A
[ReportManager] Target URL: [https://duckduckgo.com] @14-10-2021 09:01:41.0416 AM
[ReportManager] Initial URL: [https://duckduckgo.com] @14-10-2021 09:01:41.0458 AM
[ReportManager] Browser Action [NavigateToURL] successfully performed. With the following test data [https://duckduckgo.com]. @14-10-2021 09:01:41.0835 AM
[ReportManager] Browser Action [CloseCurrentWindow] successfully performed. @14-10-2021 09:01:41.0926 AM
[ReportManager] Successfully created attachment [Browser Action Test Data - CloseCurrentWindow - Actual Value] @14-10-2021 09:01:41.0927 A
[ReportManager] File Action [GetAbsolutePath] successfully performed. With the following test data [Relative Folder Path: "target/downloadedFiles/"]. @14-10-2021 09:01:41.0930 AM
[ReportManager] Attempting to run locally on: [Mac-64], [Safari], Headless Execution. @14-10-2021 09:01:41.0931 AM
[ReportManager] Successfully Opened Safari. @14-10-2021 09:01:42.0727 AM
[ReportManager] Initial window size: (800, 600) @14-10-2021 09:01:42.0742 AM
[ReportManager] Window size after SWD Maximize: (1176, 811) @14-10-2021 09:01:42.0761 AM
[ReportManager] Browser Action [MaximizeWindow] successfully performed. With the following test data [New screen size is now: (1176, 811)]. @14-10-2021 09:01:42.0762 AM
[ReportManager] Target URL: [https://duckduckgo.com] @14-10-2021 09:01:42.0762 AM
[ReportManager] Initial URL: [] @14-10-2021 09:01:42.0822 AM
[ReportManager] Browser Action [NavigateToURL] successfully performed. With the following test data [https://duckduckgo.com]. @14-10-2021 09:01:43.0547 A

################################################################################################################################################
Starting Execution:	[17 out of 143] test cases in the current suite
Test Method:		[unitTests.tests_browserActions.navigateToURLWithRedirection]
################################################################################################################################################
[ReportManager] Target URL: [https://www.google.com/ncr], and after redirection: [https://www.google.com] @14-10-2021 09:01:43.0551 AM
[ReportManager] Initial URL: [https://duckduckgo.com] @14-10-2021 09:01:43.0606 AM
[ReportManager] Browser Action [NavigateToURL] successfully performed. With the following test data [https://www.google.com/ncr]. @14-10-2021 09:01:44.0978 A
[ReportManager] Target URL: [https://duckduckgo.com] @14-10-2021 09:01:44.0982 AM
[ReportManager] Initial URL: [https://www.google.com] @14-10-2021 09:01:45.0012 AM
[ReportManager] Browser Action [NavigateToURL] successfully performed. With the following test data [https://duckduckgo.com]. @14-10-2021 09:01:45.0363 AM
[ReportManager] Browser Action [CloseCurrentWindow] successfully performed. @14-10-2021 09:01:45.0535 AM
[ReportManager] Successfully created attachment [Browser Action Test Data - CloseCurrentWindow - Actual Value] @14-10-2021 09:01:45.0536 A
[ReportManager] File Action [GetAbsolutePath] successfully performed. With the following test data [Relative Folder Path: "target/downloadedFiles/"]. @14-10-2021 09:01:45.0539 AM
[ReportManager] Attempting to run locally on: [Mac-64], [Safari], Headless Execution. @14-10-2021 09:01:45.0539 AM
[ReportManager] Successfully Opened Safari. @14-10-2021 09:01:46.0348 AM
[ReportManager] Initial window size: (800, 600) @14-10-2021 09:01:46.0359 AM
[ReportManager] Window size after SWD Maximize: (1176, 811) @14-10-2021 09:01:46.0381 AM
[ReportManager] Browser Action [MaximizeWindow] successfully performed. With the following test data [New screen size is now: (1176, 811)]. @14-10-2021 09:01:46.0382 AM
[ReportManager] Target URL: [https://duckduckgo.com] @14-10-2021 09:01:46.0382 AM
[ReportManager] Initial URL: [] @14-10-2021 09:01:46.0433 AM
[ReportManager] Browser Action [NavigateToURL] successfully performed. With the following test data [https://duckduckgo.com]. @14-10-2021 09:01:47.0092 A

################################################################################################################################################
Starting Execution:	[18 out of 143] test cases in the current suite
Test Method:		[unitTests.tests_browserActions.refreshCurrentPage]
################################################################################################################################################
[ReportManager] Browser Action [RefreshCurrentPage] successfully performed. @14-10-2021 09:01:47.0378 AM
[ReportManager] Successfully created attachment [Browser Action Test Data - RefreshCurrentPage - Actual Value] @14-10-2021 09:01:47.0379 A
[ReportManager] Target URL: [https://duckduckgo.com] @14-10-2021 09:01:47.0381 AM
[ReportManager] Initial URL: [https://duckduckgo.com] @14-10-2021 09:01:47.0408 AM
[ReportManager] Browser Action [NavigateToURL] successfully performed. With the following test data [https://duckduckgo.com]. @14-10-2021 09:01:47.0781 AM
[ReportManager] Browser Action [CloseCurrentWindow] successfully performed. @14-10-2021 09:01:47.0988 AM
[ReportManager] Successfully created attachment [Browser Action Test Data - CloseCurrentWindow - Actual Value] @14-10-2021 09:01:47.0988 A
[ReportManager] File Action [GetAbsolutePath] successfully performed. With the following test data [Relative Folder Path: "target/downloadedFiles/"]. @14-10-2021 09:01:47.0991 AM
[ReportManager] Attempting to run locally on: [Mac-64], [Safari], Headless Execution. @14-10-2021 09:01:47.0992 AM
[ReportManager] Successfully Opened Safari. @14-10-2021 09:01:48.0829 AM
[ReportManager] Initial window size: (800, 600) @14-10-2021 09:01:48.0842 AM
[ReportManager] Window size after SWD Maximize: (1176, 811) @14-10-2021 09:01:48.0861 AM
[ReportManager] Browser Action [MaximizeWindow] successfully performed. With the following test data [New screen size is now: (1176, 811)]. @14-10-2021 09:01:48.0862 AM
[ReportManager] Target URL: [https://duckduckgo.com] @14-10-2021 09:01:48.0862 AM
[ReportManager] Initial URL: [] @14-10-2021 09:01:48.0921 AM
[ReportManager] Browser Action [NavigateToURL] successfully performed. With the following test data [https://duckduckgo.com]. @14-10-2021 09:01:49.0654 A

################################################################################################################################################
Starting Execution:	[19 out of 143] test cases in the current suite
Test Method:		[unitTests.tests_browserActions.setWindowSize]
################################################################################################################################################
[ReportManager] Initial window size: (1176, 811) @14-10-2021 09:01:49.0676 AM
[ReportManager] Window size after SWD: (1280, 720) @14-10-2021 09:01:49.0712 AM
[ReportManager] Browser Action [SetWindowSize] successfully performed. With the following test data [New screen size is now: (1280, 720)]. @14-10-2021 09:01:49.0712 A
[ReportManager] Target URL: [https://duckduckgo.com] @14-10-2021 09:01:49.0714 AM
[ReportManager] Initial URL: [https://duckduckgo.com] @14-10-2021 09:01:49.0763 AM
[ReportManager] Browser Action [NavigateToURL] successfully performed. With the following test data [https://duckduckgo.com]. @14-10-2021 09:01:50.0135 AM
[ReportManager] Browser Action [CloseCurrentWindow] successfully performed. @14-10-2021 09:01:50.0226 AM
[ReportManager] Successfully created attachment [Browser Action Test Data - CloseCurrentWindow - Actual Value] @14-10-2021 09:01:50.0227 A
[ReportManager] Successfully loaded the following test data file [src/test/resources/TestDataFiles/testSuite01/TestData.xlsx]. @14-10-2021 09:01:51.0196 AM
[ReportManager] Successfully created attachment [Test Data - Excel] @14-10-2021 09:01:51.0197 A

################################################################################################################################################
Starting Execution:	[20 out of 143] test cases in the current suite
Test Method:		[unitTests.tests_io_excelFileManager.getCellData_rowName_expectedToPass]
################################################################################################################################################
[ReportManager] testRowData. @14-10-2021 09:01:51.0216 A

################################################################################################################################################
Starting Execution:	[21 out of 143] test cases in the current suite
Test Method:		[unitTests.tests_validations_assertions.assertComparativeRelation_greaterThanOrEquals_false_equals_expectedToFail]
################################################################################################################################################
[ReportManager] Assertion [ValidateComparativeRelation] FAILED. Expected [1] and Actual [1]. Comparison Type [GREATER_THAN_OR_EQUALS]. Validation Type [NEGATIVE]. @14-10-2021 09:01:51.0231 A

################################################################################################################################################
Starting Execution:	[22 out of 143] test cases in the current suite
Test Method:		[unitTests.tests_validations_assertions.assertComparativeRelation_greaterThanOrEquals_false_equals_expectedToPass]
################################################################################################################################################
[ReportManager] Assertion [ValidateComparativeRelation] PASSED. Expected [2] and Actual [1]. Comparison Type [GREATER_THAN_OR_EQUALS]. Validation Type [NEGATIVE]. @14-10-2021 09:01:51.0236 A

################################################################################################################################################
Starting Execution:	[23 out of 143] test cases in the current suite
Test Method:		[unitTests.tests_validations_assertions.assertComparativeRelation_greaterThanOrEquals_false_greaterThan_expectedToFail]
################################################################################################################################################
[ReportManager] Assertion [ValidateComparativeRelation] FAILED. Expected [1] and Actual [2]. Comparison Type [GREATER_THAN_OR_EQUALS]. Validation Type [NEGATIVE]. @14-10-2021 09:01:51.0242 A

################################################################################################################################################
Starting Execution:	[24 out of 143] test cases in the current suite
Test Method:		[unitTests.tests_validations_assertions.assertComparativeRelation_greaterThanOrEquals_false_greaterThan_expectedToPass]
################################################################################################################################################
[ReportManager] Assertion [ValidateComparativeRelation] PASSED. Expected [2] and Actual [1]. Comparison Type [GREATER_THAN_OR_EQUALS]. Validation Type [NEGATIVE]. @14-10-2021 09:01:51.0247 A

################################################################################################################################################
Starting Execution:	[25 out of 143] test cases in the current suite
Test Method:		[unitTests.tests_validations_assertions.assertComparativeRelation_greaterThanOrEquals_true_equals_expectedToFail]
################################################################################################################################################
[ReportManager] Assertion [ValidateComparativeRelation] FAILED. Expected [1] and Actual [0]. Comparison Type [GREATER_THAN_OR_EQUALS]. Validation Type [POSITIVE]. @14-10-2021 09:01:51.0256 A

################################################################################################################################################
Starting Execution:	[26 out of 143] test cases in the current suite
Test Method:		[unitTests.tests_validations_assertions.assertComparativeRelation_greaterThanOrEquals_true_equals_expectedToPass]
################################################################################################################################################
[ReportManager] Assertion [ValidateComparativeRelation] PASSED. Expected [1] and Actual [1]. Comparison Type [GREATER_THAN_OR_EQUALS]. Validation Type [POSITIVE]. @14-10-2021 09:01:51.0262 A

################################################################################################################################################
Starting Execution:	[27 out of 143] test cases in the current suite
Test Method:		[unitTests.tests_validations_assertions.assertComparativeRelation_greaterThanOrEquals_true_greaterThan_expectedToFail]
################################################################################################################################################
[ReportManager] Assertion [ValidateComparativeRelation] FAILED. Expected [2] and Actual [1]. Comparison Type [GREATER_THAN_OR_EQUALS]. Validation Type [POSITIVE]. @14-10-2021 09:01:51.0268 A

################################################################################################################################################
Starting Execution:	[28 out of 143] test cases in the current suite
Test Method:		[unitTests.tests_validations_assertions.assertComparativeRelation_greaterThanOrEquals_true_greaterThan_expectedToPass]
################################################################################################################################################
[ReportManager] Assertion [ValidateComparativeRelation] PASSED. Expected [1] and Actual [2]. Comparison Type [GREATER_THAN_OR_EQUALS]. Validation Type [POSITIVE]. @14-10-2021 09:01:51.0309 A
[ReportManager] File Action [GetAbsolutePath] successfully performed. With the following test data [Relative Folder Path: "target/downloadedFiles/"]. @14-10-2021 09:01:51.0323 AM
[ReportManager] Attempting to run locally on: [Mac-64], [Safari], Headless Execution. @14-10-2021 09:01:51.0324 AM
[ReportManager] Successfully Opened Safari. @14-10-2021 09:01:52.0111 AM
[ReportManager] Initial window size: (800, 600) @14-10-2021 09:01:52.0120 AM
[ReportManager] Window size after SWD Maximize: (1176, 811) @14-10-2021 09:01:52.0132 AM
[ReportManager] Browser Action [MaximizeWindow] successfully performed. With the following test data [New screen size is now: (1176, 811)]. @14-10-2021 09:01:52.0134 AM
[ReportManager] Target URL: [https://www.google.com/ncr], and after redirection: [www.google.com] @14-10-2021 09:01:52.0134 AM
[ReportManager] Initial URL: [] @14-10-2021 09:01:52.0182 AM
[ReportManager] Browser Action [NavigateToURL] successfully performed. With the following test data [https://www.google.com/ncr]. @14-10-2021 09:01:53.0285 A

################################################################################################################################################
Starting Execution:	[29 out of 143] test cases in the current suite
Test Method:		[unitTests.tests_validations_assertions.assertElementAttribute_false_caseInsensitiveComparison_expectedToFail]
################################################################################################################################################
[ReportManager] Element Action [Type] successfully performed. With the following test data [AUTOMATION]. @14-10-2021 09:01:53.0776 AM
[ReportManager] Element Action [GetText] successfully performed. With the following test data [AUTOMATION]. @14-10-2021 09:01:53.0833 AM
[ReportManager] Loaded Shared OpenCV @14-10-2021 09:01:55.0178 AM
[ReportManager] Assertion [ValidateElementAttribute] FAILED. Expected [Value Should not be 'AutomaTion' for the 'text' attribute, element locator 'By.name: q'] and Actual [AUTOMATION]. Comparison Type [CASE_INSENSITIVE]. Validation Type [NEGATIVE]. @14-10-2021 09:01:55.0616 AM
[ReportManager] Successfully created attachment [Screenshot - 1634202113905_assertElementAttribute_false_caseInsensitiveComparison_expectedToFail_ValidateElementAttribute_failed] @14-10-2021 09:01:55.0622 A
[ReportManager] Browser Action [CloseCurrentWindow] successfully performed. @14-10-2021 09:01:55.0810 AM
[ReportManager] Successfully created attachment [Browser Action Test Data - CloseCurrentWindow - Actual Value] @14-10-2021 09:01:55.0811 A
[ReportManager] File Action [GetAbsolutePath] successfully performed. With the following test data [Relative Folder Path: "target/downloadedFiles/"]. @14-10-2021 09:01:55.0819 AM
[ReportManager] Attempting to run locally on: [Mac-64], [Safari], Headless Execution. @14-10-2021 09:01:55.0819 AM
[ReportManager] Successfully Opened Safari. @14-10-2021 09:01:56.0677 AM
[ReportManager] Initial window size: (800, 600) @14-10-2021 09:01:56.0689 AM
[ReportManager] Window size after SWD Maximize: (1176, 811) @14-10-2021 09:01:56.0701 AM
[ReportManager] Browser Action [MaximizeWindow] successfully performed. With the following test data [New screen size is now: (1176, 811)]. @14-10-2021 09:01:56.0702 AM
[ReportManager] Target URL: [https://www.google.com/ncr], and after redirection: [www.google.com] @14-10-2021 09:01:56.0702 AM
[ReportManager] Initial URL: [] @14-10-2021 09:01:56.0749 AM
[ReportManager] Browser Action [NavigateToURL] successfully performed. With the following test data [https://www.google.com/ncr]. @14-10-2021 09:01:57.0493 A

################################################################################################################################################
Starting Execution:	[30 out of 143] test cases in the current suite
Test Method:		[unitTests.tests_validations_assertions.assertElementAttribute_false_caseInsensitiveComparison_expectedToPass]
################################################################################################################################################
[ReportManager] Element Action [Type] successfully performed. With the following test data [AUTOMATION]. @14-10-2021 09:01:58.0236 AM
[ReportManager] Element Action [GetText] successfully performed. With the following test data [AUTOMATION]. @14-10-2021 09:01:58.0288 AM
[ReportManager] Loaded Shared OpenCV @14-10-2021 09:01:58.0347 AM
[ReportManager] Assertion [ValidateElementAttribute] PASSED. Expected [Value Should not be 'AutomaTion123' for the 'text' attribute, element locator 'By.name: q'] and Actual [AUTOMATION]. Comparison Type [CASE_INSENSITIVE]. Validation Type [NEGATIVE]. @14-10-2021 09:01:58.0456 AM
[ReportManager] Successfully created attachment [Screenshot - 1634202118347_assertElementAttribute_false_caseInsensitiveComparison_expectedToPass_ValidateElementAttribute_passed] @14-10-2021 09:01:58.0458 A
[ReportManager] Browser Action [CloseCurrentWindow] successfully performed. @14-10-2021 09:01:58.0501 AM
[ReportManager] Successfully created attachment [Browser Action Test Data - CloseCurrentWindow - Actual Value] @14-10-2021 09:01:58.0503 A
[ReportManager] File Action [GetAbsolutePath] successfully performed. With the following test data [Relative Folder Path: "target/downloadedFiles/"]. @14-10-2021 09:01:58.0510 AM
[ReportManager] Attempting to run locally on: [Mac-64], [Safari], Headless Execution. @14-10-2021 09:01:58.0511 AM
[ReportManager] Successfully Opened Safari. @14-10-2021 09:01:59.0312 AM
[ReportManager] Initial window size: (800, 600) @14-10-2021 09:01:59.0330 AM
[ReportManager] Window size after SWD Maximize: (1176, 811) @14-10-2021 09:01:59.0345 AM
[ReportManager] Browser Action [MaximizeWindow] successfully performed. With the following test data [New screen size is now: (1176, 811)]. @14-10-2021 09:01:59.0345 AM
[ReportManager] Target URL: [https://www.google.com/ncr], and after redirection: [www.google.com] @14-10-2021 09:01:59.0345 AM
[ReportManager] Initial URL: [] @14-10-2021 09:01:59.0383 AM
[ReportManager] Browser Action [NavigateToURL] successfully performed. With the following test data [https://www.google.com/ncr]. @14-10-2021 09:02:00.0755 A

################################################################################################################################################
Starting Execution:	[31 out of 143] test cases in the current suite
Test Method:		[unitTests.tests_validations_assertions.assertElementAttribute_false_containsComparison_expectedToFail]
################################################################################################################################################
[ReportManager] Element Action [Type] successfully performed. With the following test data [Automation123]. @14-10-2021 09:02:01.0431 AM
[ReportManager] Element Action [GetText] successfully performed. With the following test data [Automation123]. @14-10-2021 09:02:01.0494 AM
[ReportManager] Loaded Shared OpenCV @14-10-2021 09:02:01.0557 AM
[ReportManager] Assertion [ValidateElementAttribute] FAILED. Expected [Value Should not be 'Automation' for the 'text' attribute, element locator 'By.name: q'] and Actual [Automation123]. Comparison Type [CONTAINS]. Validation Type [NEGATIVE]. @14-10-2021 09:02:01.0691 AM
[ReportManager] Successfully created attachment [Screenshot - 1634202121557_assertElementAttribute_false_containsComparison_expectedToFail_ValidateElementAttribute_failed] @14-10-2021 09:02:01.0693 A
[ReportManager] Browser Action [CloseCurrentWindow] successfully performed. @14-10-2021 09:02:01.0799 AM
[ReportManager] Successfully created attachment [Browser Action Test Data - CloseCurrentWindow - Actual Value] @14-10-2021 09:02:01.0799 A
[ReportManager] File Action [GetAbsolutePath] successfully performed. With the following test data [Relative Folder Path: "target/downloadedFiles/"]. @14-10-2021 09:02:01.0804 AM
[ReportManager] Attempting to run locally on: [Mac-64], [Safari], Headless Execution. @14-10-2021 09:02:01.0804 AM
[ReportManager] Successfully Opened Safari. @14-10-2021 09:02:02.0612 AM
[ReportManager] Initial window size: (800, 600) @14-10-2021 09:02:02.0627 AM
[ReportManager] Window size after SWD Maximize: (1176, 811) @14-10-2021 09:02:02.0652 AM
[ReportManager] Browser Action [MaximizeWindow] successfully performed. With the following test data [New screen size is now: (1176, 811)]. @14-10-2021 09:02:02.0653 AM
[ReportManager] Target URL: [https://www.google.com/ncr], and after redirection: [www.google.com] @14-10-2021 09:02:02.0653 AM
[ReportManager] Initial URL: [] @14-10-2021 09:02:02.0705 AM
[ReportManager] Browser Action [NavigateToURL] successfully performed. With the following test data [https://www.google.com/ncr]. @14-10-2021 09:02:04.0088 A

################################################################################################################################################
Starting Execution:	[32 out of 143] test cases in the current suite
Test Method:		[unitTests.tests_validations_assertions.assertElementAttribute_false_containsComparison_expectedToPass]
################################################################################################################################################
[ReportManager] Element Action [Type] successfully performed. With the following test data [Automation123]. @14-10-2021 09:02:04.0667 AM
[ReportManager] Element Action [GetText] successfully performed. With the following test data [Automation123]. @14-10-2021 09:02:04.0727 AM
[ReportManager] Loaded Shared OpenCV @14-10-2021 09:02:04.0789 AM
[ReportManager] Assertion [ValidateElementAttribute] PASSED. Expected [Value Should not be 'Automation1234' for the 'text' attribute, element locator 'By.name: q'] and Actual [Automation123]. Comparison Type [CONTAINS]. Validation Type [NEGATIVE]. @14-10-2021 09:02:04.0893 AM
[ReportManager] Successfully created attachment [Screenshot - 1634202124788_assertElementAttribute_false_containsComparison_expectedToPass_ValidateElementAttribute_passed] @14-10-2021 09:02:04.0894 A
[ReportManager] Browser Action [CloseCurrentWindow] successfully performed. @14-10-2021 09:02:05.0166 AM
[ReportManager] Successfully created attachment [Browser Action Test Data - CloseCurrentWindow - Actual Value] @14-10-2021 09:02:05.0167 A
[ReportManager] File Action [GetAbsolutePath] successfully performed. With the following test data [Relative Folder Path: "target/downloadedFiles/"]. @14-10-2021 09:02:05.0172 AM
[ReportManager] Attempting to run locally on: [Mac-64], [Safari], Headless Execution. @14-10-2021 09:02:05.0173 AM
[ReportManager] Successfully Opened Safari. @14-10-2021 09:02:05.0979 AM
[ReportManager] Initial window size: (800, 600) @14-10-2021 09:02:06.0018 AM
[ReportManager] Window size after SWD Maximize: (1176, 811) @14-10-2021 09:02:06.0046 AM
[ReportManager] Browser Action [MaximizeWindow] successfully performed. With the following test data [New screen size is now: (1176, 811)]. @14-10-2021 09:02:06.0047 AM
[ReportManager] Target URL: [https://www.google.com/ncr], and after redirection: [www.google.com] @14-10-2021 09:02:06.0047 AM
[ReportManager] Initial URL: [] @14-10-2021 09:02:06.0152 AM
[ReportManager] Browser Action [NavigateToURL] successfully performed. With the following test data [https://www.google.com/ncr]. @14-10-2021 09:02:07.0479 A

################################################################################################################################################
Starting Execution:	[33 out of 143] test cases in the current suite
Test Method:		[unitTests.tests_validations_assertions.assertElementAttribute_false_literalComparison_expectedToFail]
################################################################################################################################################
[ReportManager] Element Action [Type] successfully performed. With the following test data [Automation!@#$%^&*()_+{}[]\';/.,]. @14-10-2021 09:02:08.0719 AM
[ReportManager] Element Action [GetText] successfully performed. With the following test data [Automation!@#$%^&*()_+{}[]\';/.,]. @14-10-2021 09:02:08.0775 AM
[ReportManager] Loaded Shared OpenCV @14-10-2021 09:02:08.0832 AM
[ReportManager] Assertion [ValidateElementAttribute] PASSED. Expected [Value Should not be 'Automation!@#$%^&*()_+{}[]\\';/.,' for the 'text' attribute, element locator 'By.name: q'] and Actual [Automation!@#$%^&*()_+{}[]\';/.,]. Comparison Type [EQUALS]. Validation Type [NEGATIVE]. @14-10-2021 09:02:08.0952 AM
[ReportManager] Successfully created attachment [Screenshot - 1634202128832_assertElementAttribute_false_literalComparison_expectedToFail_ValidateElementAttribute_passed] @14-10-2021 09:02:08.0953 A
[ReportManager] Browser Action [CloseCurrentWindow] successfully performed. @14-10-2021 09:02:09.0012 AM
[ReportManager] Successfully created attachment [Browser Action Test Data - CloseCurrentWindow - Actual Value] @14-10-2021 09:02:09.0012 A
[ReportManager] File Action [GetAbsolutePath] successfully performed. With the following test data [Relative Folder Path: "target/downloadedFiles/"]. @14-10-2021 09:02:09.0032 AM
[ReportManager] Attempting to run locally on: [Mac-64], [Safari], Headless Execution. @14-10-2021 09:02:09.0032 AM
[ReportManager] Successfully Opened Safari. @14-10-2021 09:02:09.0879 AM
[ReportManager] Initial window size: (800, 600) @14-10-2021 09:02:09.0901 AM
[ReportManager] Window size after SWD Maximize: (1176, 811) @14-10-2021 09:02:09.0913 AM
[ReportManager] Browser Action [MaximizeWindow] successfully performed. With the following test data [New screen size is now: (1176, 811)]. @14-10-2021 09:02:09.0914 AM
[ReportManager] Target URL: [https://www.google.com/ncr], and after redirection: [www.google.com] @14-10-2021 09:02:09.0914 AM
[ReportManager] Initial URL: [] @14-10-2021 09:02:09.0995 AM
[ReportManager] Browser Action [NavigateToURL] successfully performed. With the following test data [https://www.google.com/ncr]. @14-10-2021 09:02:10.0880 A

################################################################################################################################################
Starting Execution:	[34 out of 143] test cases in the current suite
Test Method:		[unitTests.tests_validations_assertions.assertElementAttribute_false_literalComparison_expectedToPass]
################################################################################################################################################
[ReportManager] Element Action [Type] successfully performed. With the following test data [Automation!@#$%^&*()_+{}[]\';/.,]. @14-10-2021 09:02:12.0019 AM
[ReportManager] Element Action [GetText] successfully performed. With the following test data [Automation!@#$%^&*()_+{}[]\';/.,]. @14-10-2021 09:02:12.0071 AM
[ReportManager] Loaded Shared OpenCV @14-10-2021 09:02:12.0126 AM
[ReportManager] Assertion [ValidateElementAttribute] PASSED. Expected [Value Should not be 'Automation' for the 'text' attribute, element locator 'By.name: q'] and Actual [Automation!@#$%^&*()_+{}[]\';/.,]. Comparison Type [EQUALS]. Validation Type [NEGATIVE]. @14-10-2021 09:02:12.0234 AM
[ReportManager] Successfully created attachment [Screenshot - 1634202132126_assertElementAttribute_false_literalComparison_expectedToPass_ValidateElementAttribute_passed] @14-10-2021 09:02:12.0236 A
[ReportManager] Browser Action [CloseCurrentWindow] successfully performed. @14-10-2021 09:02:12.0508 AM
[ReportManager] Successfully created attachment [Browser Action Test Data - CloseCurrentWindow - Actual Value] @14-10-2021 09:02:12.0509 A
[ReportManager] File Action [GetAbsolutePath] successfully performed. With the following test data [Relative Folder Path: "target/downloadedFiles/"]. @14-10-2021 09:02:12.0512 AM
[ReportManager] Attempting to run locally on: [Mac-64], [Safari], Headless Execution. @14-10-2021 09:02:12.0513 AM
[ReportManager] Successfully Opened Safari. @14-10-2021 09:02:13.0376 AM
[ReportManager] Initial window size: (800, 600) @14-10-2021 09:02:13.0398 AM
[ReportManager] Window size after SWD Maximize: (1176, 811) @14-10-2021 09:02:13.0432 AM
[ReportManager] Browser Action [MaximizeWindow] successfully performed. With the following test data [New screen size is now: (1176, 811)]. @14-10-2021 09:02:13.0433 AM
[ReportManager] Target URL: [https://www.google.com/ncr], and after redirection: [www.google.com] @14-10-2021 09:02:13.0433 AM
[ReportManager] Initial URL: [] @14-10-2021 09:02:13.0483 AM
[ReportManager] Browser Action [NavigateToURL] successfully performed. With the following test data [https://www.google.com/ncr]. @14-10-2021 09:02:14.0902 A

################################################################################################################################################
Starting Execution:	[35 out of 143] test cases in the current suite
Test Method:		[unitTests.tests_validations_assertions.assertElementAttribute_false_regexComparison_expectedToFail]
################################################################################################################################################
[ReportManager] Element Action [Type] successfully performed. With the following test data [Automation123]. @14-10-2021 09:02:15.0496 AM
[ReportManager] Element Action [GetText] successfully performed. With the following test data [Automation123]. @14-10-2021 09:02:15.0552 AM
[ReportManager] Loaded Shared OpenCV @14-10-2021 09:02:15.0606 AM
[ReportManager] Assertion [ValidateElementAttribute] FAILED. Expected [Value Should not be 'Automation.*' for the 'text' attribute, element locator 'By.name: q'] and Actual [Automation123]. Comparison Type [MATCHES]. Validation Type [NEGATIVE]. @14-10-2021 09:02:15.0707 AM
[ReportManager] Successfully created attachment [Screenshot - 1634202135606_assertElementAttribute_false_regexComparison_expectedToFail_ValidateElementAttribute_failed] @14-10-2021 09:02:15.0708 A
[ReportManager] Browser Action [CloseCurrentWindow] successfully performed. @14-10-2021 09:02:15.0960 AM
[ReportManager] Successfully created attachment [Browser Action Test Data - CloseCurrentWindow - Actual Value] @14-10-2021 09:02:15.0961 A
[ReportManager] File Action [GetAbsolutePath] successfully performed. With the following test data [Relative Folder Path: "target/downloadedFiles/"]. @14-10-2021 09:02:15.0964 AM
[ReportManager] Attempting to run locally on: [Mac-64], [Safari], Headless Execution. @14-10-2021 09:02:15.0965 AM
[ReportManager] Successfully Opened Safari. @14-10-2021 09:02:16.0770 AM
[ReportManager] Initial window size: (800, 600) @14-10-2021 09:02:16.0797 AM
[ReportManager] Window size after SWD Maximize: (1176, 811) @14-10-2021 09:02:16.0858 AM
[ReportManager] Browser Action [MaximizeWindow] successfully performed. With the following test data [New screen size is now: (1176, 811)]. @14-10-2021 09:02:16.0859 AM
[ReportManager] Target URL: [https://www.google.com/ncr], and after redirection: [www.google.com] @14-10-2021 09:02:16.0859 AM
[ReportManager] Initial URL: [] @14-10-2021 09:02:16.0904 AM
[ReportManager] Browser Action [NavigateToURL] successfully performed. With the following test data [https://www.google.com/ncr]. @14-10-2021 09:02:18.0241 A

################################################################################################################################################
Starting Execution:	[36 out of 143] test cases in the current suite
Test Method:		[unitTests.tests_validations_assertions.assertElementAttribute_false_regexComparison_expectedToPass]
################################################################################################################################################
[ReportManager] Element Action [Type] successfully performed. With the following test data [Automation123]. @14-10-2021 09:02:18.0830 AM
[ReportManager] Element Action [GetText] successfully performed. With the following test data [Automation123]. @14-10-2021 09:02:18.0898 AM
[ReportManager] Loaded Shared OpenCV @14-10-2021 09:02:18.0952 AM
[ReportManager] Assertion [ValidateElementAttribute] PASSED. Expected [Value Should not be 'Automation' for the 'text' attribute, element locator 'By.name: q'] and Actual [Automation123]. Comparison Type [MATCHES]. Validation Type [NEGATIVE]. @14-10-2021 09:02:19.0056 AM
[ReportManager] Successfully created attachment [Screenshot - 1634202138951_assertElementAttribute_false_regexComparison_expectedToPass_ValidateElementAttribute_passed] @14-10-2021 09:02:19.0057 A
[ReportManager] Browser Action [CloseCurrentWindow] successfully performed. @14-10-2021 09:02:19.0319 AM
[ReportManager] Successfully created attachment [Browser Action Test Data - CloseCurrentWindow - Actual Value] @14-10-2021 09:02:19.0320 A
[ReportManager] File Action [GetAbsolutePath] successfully performed. With the following test data [Relative Folder Path: "target/downloadedFiles/"]. @14-10-2021 09:02:19.0324 AM
[ReportManager] Attempting to run locally on: [Mac-64], [Safari], Headless Execution. @14-10-2021 09:02:19.0324 AM
[ReportManager] Successfully Opened Safari. @14-10-2021 09:02:20.0125 AM
[ReportManager] Initial window size: (800, 600) @14-10-2021 09:02:20.0142 AM
[ReportManager] Window size after SWD Maximize: (1176, 811) @14-10-2021 09:02:20.0154 AM
[ReportManager] Browser Action [MaximizeWindow] successfully performed. With the following test data [New screen size is now: (1176, 811)]. @14-10-2021 09:02:20.0155 AM
[ReportManager] Target URL: [https://www.google.com/ncr], and after redirection: [www.google.com] @14-10-2021 09:02:20.0155 AM
[ReportManager] Initial URL: [] @14-10-2021 09:02:20.0214 AM
[ReportManager] Browser Action [NavigateToURL] successfully performed. With the following test data [https://www.google.com/ncr]. @14-10-2021 09:02:21.0504 A

################################################################################################################################################
Starting Execution:	[37 out of 143] test cases in the current suite
Test Method:		[unitTests.tests_validations_assertions.assertElementAttribute_true_caseInsensitiveComparison_expectedToFail]
################################################################################################################################################
[ReportManager] Element Action [Type] successfully performed. With the following test data [AUTOMATION]. @14-10-2021 09:02:21.0932 AM
[ReportManager] Element Action [GetText] successfully performed. With the following test data [AUTOMATION]. @14-10-2021 09:02:21.0980 AM
[ReportManager] Loaded Shared OpenCV @14-10-2021 09:02:22.0038 AM
[ReportManager] Assertion [ValidateElementAttribute] FAILED. Expected [Value Should be 'AutomaTion123' for the 'text' attribute, element locator 'By.name: q'] and Actual [AUTOMATION]. Comparison Type [CASE_INSENSITIVE]. Validation Type [POSITIVE]. @14-10-2021 09:02:22.0158 AM
[ReportManager] Successfully created attachment [Screenshot - 1634202142038_assertElementAttribute_true_caseInsensitiveComparison_expectedToFail_ValidateElementAttribute_failed] @14-10-2021 09:02:22.0161 A
[ReportManager] Browser Action [CloseCurrentWindow] successfully performed. @14-10-2021 09:02:22.0229 AM
[ReportManager] Successfully created attachment [Browser Action Test Data - CloseCurrentWindow - Actual Value] @14-10-2021 09:02:22.0230 A
[ReportManager] File Action [GetAbsolutePath] successfully performed. With the following test data [Relative Folder Path: "target/downloadedFiles/"]. @14-10-2021 09:02:22.0241 AM
[ReportManager] Attempting to run locally on: [Mac-64], [Safari], Headless Execution. @14-10-2021 09:02:22.0241 AM
[ReportManager] Successfully Opened Safari. @14-10-2021 09:02:23.0094 AM
[ReportManager] Initial window size: (800, 600) @14-10-2021 09:02:23.0106 AM
[ReportManager] Window size after SWD Maximize: (1176, 811) @14-10-2021 09:02:23.0124 AM
[ReportManager] Browser Action [MaximizeWindow] successfully performed. With the following test data [New screen size is now: (1176, 811)]. @14-10-2021 09:02:23.0125 AM
[ReportManager] Target URL: [https://www.google.com/ncr], and after redirection: [www.google.com] @14-10-2021 09:02:23.0125 AM
[ReportManager] Initial URL: [] @14-10-2021 09:02:23.0188 AM
[ReportManager] Browser Action [NavigateToURL] successfully performed. With the following test data [https://www.google.com/ncr]. @14-10-2021 09:02:24.0662 A

################################################################################################################################################
Starting Execution:	[38 out of 143] test cases in the current suite
Test Method:		[unitTests.tests_validations_assertions.assertElementAttribute_true_caseInsensitiveComparison_expectedToPass]
################################################################################################################################################
[ReportManager] Element Action [Type] successfully performed. With the following test data [AUTOMATION]. @14-10-2021 09:02:25.0214 AM
[ReportManager] Element Action [GetText] successfully performed. With the following test data [AUTOMATION]. @14-10-2021 09:02:25.0267 AM
[ReportManager] Loaded Shared OpenCV @14-10-2021 09:02:25.0324 AM
[ReportManager] Assertion [ValidateElementAttribute] PASSED. Expected [Value Should be 'AutomaTion' for the 'text' attribute, element locator 'By.name: q'] and Actual [AUTOMATION]. Comparison Type [CASE_INSENSITIVE]. Validation Type [POSITIVE]. @14-10-2021 09:02:25.0462 AM
[ReportManager] Successfully created attachment [Screenshot - 1634202145324_assertElementAttribute_true_caseInsensitiveComparison_expectedToPass_ValidateElementAttribute_passed] @14-10-2021 09:02:25.0464 A
[ReportManager] Browser Action [CloseCurrentWindow] successfully performed. @14-10-2021 09:02:25.0509 AM
[ReportManager] Successfully created attachment [Browser Action Test Data - CloseCurrentWindow - Actual Value] @14-10-2021 09:02:25.0528 A
[ReportManager] File Action [GetAbsolutePath] successfully performed. With the following test data [Relative Folder Path: "target/downloadedFiles/"]. @14-10-2021 09:02:25.0532 AM
[ReportManager] Attempting to run locally on: [Mac-64], [Safari], Headless Execution. @14-10-2021 09:02:25.0532 AM
[ReportManager] Successfully Opened Safari. @14-10-2021 09:02:26.0299 AM
[ReportManager] Initial window size: (800, 600) @14-10-2021 09:02:26.0324 AM
[ReportManager] Window size after SWD Maximize: (1176, 811) @14-10-2021 09:02:26.0338 AM
[ReportManager] Browser Action [MaximizeWindow] successfully performed. With the following test data [New screen size is now: (1176, 811)]. @14-10-2021 09:02:26.0339 AM
[ReportManager] Target URL: [https://www.google.com/ncr], and after redirection: [www.google.com] @14-10-2021 09:02:26.0339 AM
[ReportManager] Initial URL: [] @14-10-2021 09:02:26.0391 AM
[ReportManager] Browser Action [NavigateToURL] successfully performed. With the following test data [https://www.google.com/ncr]. @14-10-2021 09:02:27.0675 A

################################################################################################################################################
Starting Execution:	[39 out of 143] test cases in the current suite
Test Method:		[unitTests.tests_validations_assertions.assertElementAttribute_true_containsComparison_expectedToFail]
################################################################################################################################################
[ReportManager] Element Action [Type] successfully performed. With the following test data [Automation123]. @14-10-2021 09:02:28.0248 AM
[ReportManager] Element Action [GetText] successfully performed. With the following test data [Automation123]. @14-10-2021 09:02:28.0303 AM
[ReportManager] Loaded Shared OpenCV @14-10-2021 09:02:28.0357 AM
[ReportManager] Assertion [ValidateElementAttribute] FAILED. Expected [Value Should be 'Automation1234' for the 'text' attribute, element locator 'By.name: q'] and Actual [Automation123]. Comparison Type [CONTAINS]. Validation Type [POSITIVE]. @14-10-2021 09:02:28.0463 AM
[ReportManager] Successfully created attachment [Screenshot - 1634202148357_assertElementAttribute_true_containsComparison_expectedToFail_ValidateElementAttribute_failed] @14-10-2021 09:02:28.0465 A
[ReportManager] Browser Action [CloseCurrentWindow] successfully performed. @14-10-2021 09:02:28.0557 AM
[ReportManager] Successfully created attachment [Browser Action Test Data - CloseCurrentWindow - Actual Value] @14-10-2021 09:02:28.0558 A
[ReportManager] File Action [GetAbsolutePath] successfully performed. With the following test data [Relative Folder Path: "target/downloadedFiles/"]. @14-10-2021 09:02:28.0564 AM
[ReportManager] Attempting to run locally on: [Mac-64], [Safari], Headless Execution. @14-10-2021 09:02:28.0565 AM
[ReportManager] Successfully Opened Safari. @14-10-2021 09:02:29.0365 AM
[ReportManager] Initial window size: (800, 600) @14-10-2021 09:02:29.0376 AM
[ReportManager] Window size after SWD Maximize: (1176, 811) @14-10-2021 09:02:29.0395 AM
[ReportManager] Browser Action [MaximizeWindow] successfully performed. With the following test data [New screen size is now: (1176, 811)]. @14-10-2021 09:02:29.0395 AM
[ReportManager] Target URL: [https://www.google.com/ncr], and after redirection: [www.google.com] @14-10-2021 09:02:29.0395 AM
[ReportManager] Initial URL: [] @14-10-2021 09:02:29.0467 AM
[ReportManager] Browser Action [NavigateToURL] successfully performed. With the following test data [https://www.google.com/ncr]. @14-10-2021 09:02:30.0961 A

################################################################################################################################################
Starting Execution:	[40 out of 143] test cases in the current suite
Test Method:		[unitTests.tests_validations_assertions.assertElementAttribute_true_containsComparison_expectedToPass]
################################################################################################################################################
[ReportManager] Element Action [Type] successfully performed. With the following test data [Automation123]. @14-10-2021 09:02:31.0604 AM
[ReportManager] Element Action [GetText] successfully performed. With the following test data [Automation123]. @14-10-2021 09:02:31.0653 AM
[ReportManager] Loaded Shared OpenCV @14-10-2021 09:02:31.0704 AM
[ReportManager] Assertion [ValidateElementAttribute] PASSED. Expected [Value Should be 'Automation' for the 'text' attribute, element locator 'By.name: q'] and Actual [Automation123]. Comparison Type [CONTAINS]. Validation Type [POSITIVE]. @14-10-2021 09:02:31.0866 AM
[ReportManager] Successfully created attachment [Screenshot - 1634202151704_assertElementAttribute_true_containsComparison_expectedToPass_ValidateElementAttribute_passed] @14-10-2021 09:02:31.0868 A
[ReportManager] Browser Action [CloseCurrentWindow] successfully performed. @14-10-2021 09:02:31.0967 AM
[ReportManager] Successfully created attachment [Browser Action Test Data - CloseCurrentWindow - Actual Value] @14-10-2021 09:02:31.0968 A
[ReportManager] File Action [GetAbsolutePath] successfully performed. With the following test data [Relative Folder Path: "target/downloadedFiles/"]. @14-10-2021 09:02:31.0971 AM
[ReportManager] Attempting to run locally on: [Mac-64], [Safari], Headless Execution. @14-10-2021 09:02:31.0972 AM
[ReportManager] Successfully Opened Safari. @14-10-2021 09:02:32.0814 AM
[ReportManager] Initial window size: (800, 600) @14-10-2021 09:02:32.0839 AM
[ReportManager] Window size after SWD Maximize: (1176, 811) @14-10-2021 09:02:32.0861 AM
[ReportManager] Browser Action [MaximizeWindow] successfully performed. With the following test data [New screen size is now: (1176, 811)]. @14-10-2021 09:02:32.0862 AM
[ReportManager] Target URL: [https://www.google.com/ncr], and after redirection: [www.google.com] @14-10-2021 09:02:32.0862 AM
[ReportManager] Initial URL: [] @14-10-2021 09:02:32.0910 AM
[ReportManager] Browser Action [NavigateToURL] successfully performed. With the following test data [https://www.google.com/ncr]. @14-10-2021 09:02:33.0710 A

################################################################################################################################################
Starting Execution:	[41 out of 143] test cases in the current suite
Test Method:		[unitTests.tests_validations_assertions.assertElementAttribute_true_literalComparison_expectedToFail]
################################################################################################################################################
[ReportManager] Element Action [Type] successfully performed. With the following test data [Automation!@#$%^&*()_+{}[]\';/.,]. @14-10-2021 09:02:34.0854 AM
[ReportManager] Element Action [GetText] successfully performed. With the following test data [Automation!@#$%^&*()_+{}[]\';/.,]. @14-10-2021 09:02:34.0907 AM
[ReportManager] Loaded Shared OpenCV @14-10-2021 09:02:34.0968 AM
[ReportManager] Assertion [ValidateElementAttribute] FAILED. Expected [Value Should be 'Automation' for the 'text' attribute, element locator 'By.name: q'] and Actual [Automation!@#$%^&*()_+{}[]\';/.,]. Comparison Type [EQUALS]. Validation Type [POSITIVE]. @14-10-2021 09:02:35.0105 AM
[ReportManager] Successfully created attachment [Screenshot - 1634202154968_assertElementAttribute_true_literalComparison_expectedToFail_ValidateElementAttribute_failed] @14-10-2021 09:02:35.0107 A
[ReportManager] Browser Action [CloseCurrentWindow] successfully performed. @14-10-2021 09:02:35.0176 AM
[ReportManager] Successfully created attachment [Browser Action Test Data - CloseCurrentWindow - Actual Value] @14-10-2021 09:02:35.0178 A
[ReportManager] File Action [GetAbsolutePath] successfully performed. With the following test data [Relative Folder Path: "target/downloadedFiles/"]. @14-10-2021 09:02:35.0186 AM
[ReportManager] Attempting to run locally on: [Mac-64], [Safari], Headless Execution. @14-10-2021 09:02:35.0187 AM
[ReportManager] Successfully Opened Safari. @14-10-2021 09:02:36.0031 AM
[ReportManager] Initial window size: (800, 600) @14-10-2021 09:02:36.0050 AM
[ReportManager] Window size after SWD Maximize: (1176, 811) @14-10-2021 09:02:36.0060 AM
[ReportManager] Browser Action [MaximizeWindow] successfully performed. With the following test data [New screen size is now: (1176, 811)]. @14-10-2021 09:02:36.0061 AM
[ReportManager] Target URL: [https://www.google.com/ncr], and after redirection: [www.google.com] @14-10-2021 09:02:36.0061 AM
[ReportManager] Initial URL: [] @14-10-2021 09:02:36.0098 AM
[ReportManager] Browser Action [NavigateToURL] successfully performed. With the following test data [https://www.google.com/ncr]. @14-10-2021 09:02:36.0836 A

################################################################################################################################################
Starting Execution:	[42 out of 143] test cases in the current suite
Test Method:		[unitTests.tests_validations_assertions.assertElementAttribute_true_literalComparison_expectedToPass]
################################################################################################################################################
[ReportManager] Element Action [Type] successfully performed. With the following test data [Automation!@#$%^&*()_+{}[]\';/.,]. @14-10-2021 09:02:37.0930 AM
[ReportManager] Element Action [GetText] successfully performed. With the following test data [Automation!@#$%^&*()_+{}[]\';/.,]. @14-10-2021 09:02:38.0004 AM
[ReportManager] Loaded Shared OpenCV @14-10-2021 09:02:38.0075 AM
[ReportManager] Assertion [ValidateElementAttribute] PASSED. Expected [Value Should be 'Automation!@#$%^&*()_+{}[]\';/.,' for the 'text' attribute, element locator 'By.name: q'] and Actual [Automation!@#$%^&*()_+{}[]\';/.,]. Comparison Type [EQUALS]. Validation Type [POSITIVE]. @14-10-2021 09:02:38.0230 AM
[ReportManager] Successfully created attachment [Screenshot - 1634202158075_assertElementAttribute_true_literalComparison_expectedToPass_ValidateElementAttribute_passed] @14-10-2021 09:02:38.0232 A
[ReportManager] Browser Action [CloseCurrentWindow] successfully performed. @14-10-2021 09:02:38.0326 AM
[ReportManager] Successfully created attachment [Browser Action Test Data - CloseCurrentWindow - Actual Value] @14-10-2021 09:02:38.0327 A
[ReportManager] File Action [GetAbsolutePath] successfully performed. With the following test data [Relative Folder Path: "target/downloadedFiles/"]. @14-10-2021 09:02:38.0339 AM
[ReportManager] Attempting to run locally on: [Mac-64], [Safari], Headless Execution. @14-10-2021 09:02:38.0339 AM
[ReportManager] Successfully Opened Safari. @14-10-2021 09:02:39.0222 AM
[ReportManager] Initial window size: (800, 600) @14-10-2021 09:02:39.0241 AM
[ReportManager] Window size after SWD Maximize: (1176, 811) @14-10-2021 09:02:39.0265 AM
[ReportManager] Browser Action [MaximizeWindow] successfully performed. With the following test data [New screen size is now: (1176, 811)]. @14-10-2021 09:02:39.0266 AM
[ReportManager] Target URL: [https://www.google.com/ncr], and after redirection: [www.google.com] @14-10-2021 09:02:39.0281 AM
[ReportManager] Initial URL: [] @14-10-2021 09:02:39.0346 AM
[ReportManager] Browser Action [NavigateToURL] successfully performed. With the following test data [https://www.google.com/ncr]. @14-10-2021 09:02:40.0796 A

################################################################################################################################################
Starting Execution:	[43 out of 143] test cases in the current suite
Test Method:		[unitTests.tests_validations_assertions.assertElementAttribute_true_regexComparison_expectedToFail]
################################################################################################################################################
[ReportManager] Element Action [Type] successfully performed. With the following test data [Automation123]. @14-10-2021 09:02:41.0386 AM
[ReportManager] Element Action [GetText] successfully performed. With the following test data [Automation123]. @14-10-2021 09:02:41.0488 AM
[ReportManager] Loaded Shared OpenCV @14-10-2021 09:02:41.0556 AM
[ReportManager] Assertion [ValidateElementAttribute] FAILED. Expected [Value Should be 'Automation' for the 'text' attribute, element locator 'By.name: q'] and Actual [Automation123]. Comparison Type [MATCHES]. Validation Type [POSITIVE]. @14-10-2021 09:02:41.0721 AM
[ReportManager] Successfully created attachment [Screenshot - 1634202161556_assertElementAttribute_true_regexComparison_expectedToFail_ValidateElementAttribute_failed] @14-10-2021 09:02:41.0722 A
[ReportManager] Browser Action [CloseCurrentWindow] successfully performed. @14-10-2021 09:02:41.0764 AM
[ReportManager] Successfully created attachment [Browser Action Test Data - CloseCurrentWindow - Actual Value] @14-10-2021 09:02:41.0766 A
[ReportManager] File Action [GetAbsolutePath] successfully performed. With the following test data [Relative Folder Path: "target/downloadedFiles/"]. @14-10-2021 09:02:41.0774 AM
[ReportManager] Attempting to run locally on: [Mac-64], [Safari], Headless Execution. @14-10-2021 09:02:41.0774 AM
[ReportManager] Successfully Opened Safari. @14-10-2021 09:02:42.0731 AM
[ReportManager] Initial window size: (800, 600) @14-10-2021 09:02:42.0765 AM
[ReportManager] Window size after SWD Maximize: (1176, 811) @14-10-2021 09:02:42.0782 AM
[ReportManager] Browser Action [MaximizeWindow] successfully performed. With the following test data [New screen size is now: (1176, 811)]. @14-10-2021 09:02:42.0796 AM
[ReportManager] Target URL: [https://www.google.com/ncr], and after redirection: [www.google.com] @14-10-2021 09:02:42.0796 AM
[ReportManager] Initial URL: [] @14-10-2021 09:02:42.0844 AM
[ReportManager] Browser Action [NavigateToURL] successfully performed. With the following test data [https://www.google.com/ncr]. @14-10-2021 09:02:44.0179 A

################################################################################################################################################
Starting Execution:	[44 out of 143] test cases in the current suite
Test Method:		[unitTests.tests_validations_assertions.assertElementAttribute_true_regexComparison_expectedToPass]
################################################################################################################################################
[ReportManager] Element Action [Type] successfully performed. With the following test data [Automation123]. @14-10-2021 09:02:44.0730 AM
[ReportManager] Element Action [GetText] successfully performed. With the following test data [Automation123]. @14-10-2021 09:02:44.0832 AM
[ReportManager] Loaded Shared OpenCV @14-10-2021 09:02:44.0885 AM
[ReportManager] Assertion [ValidateElementAttribute] PASSED. Expected [Value Should be 'Automation.*' for the 'text' attribute, element locator 'By.name: q'] and Actual [Automation123]. Comparison Type [MATCHES]. Validation Type [POSITIVE]. @14-10-2021 09:02:44.0989 AM
[ReportManager] Successfully created attachment [Screenshot - 1634202164885_assertElementAttribute_true_regexComparison_expectedToPass_ValidateElementAttribute_passed] @14-10-2021 09:02:44.0990 A
[ReportManager] Browser Action [CloseCurrentWindow] successfully performed. @14-10-2021 09:02:45.0265 AM
[ReportManager] Successfully created attachment [Browser Action Test Data - CloseCurrentWindow - Actual Value] @14-10-2021 09:02:45.0267 A
[ReportManager] File Action [GetAbsolutePath] successfully performed. With the following test data [Relative Folder Path: "target/downloadedFiles/"]. @14-10-2021 09:02:45.0271 AM
[ReportManager] Attempting to run locally on: [Mac-64], [Safari], Headless Execution. @14-10-2021 09:02:45.0271 AM
[ReportManager] Successfully Opened Safari. @14-10-2021 09:02:46.0188 AM
[ReportManager] Initial window size: (800, 600) @14-10-2021 09:02:46.0209 AM
[ReportManager] Window size after SWD Maximize: (1176, 811) @14-10-2021 09:02:46.0225 AM
[ReportManager] Browser Action [MaximizeWindow] successfully performed. With the following test data [New screen size is now: (1176, 811)]. @14-10-2021 09:02:46.0225 AM
[ReportManager] Target URL: [https://www.google.com/ncr], and after redirection: [www.google.com] @14-10-2021 09:02:46.0225 AM
[ReportManager] Initial URL: [] @14-10-2021 09:02:46.0278 AM
[ReportManager] Browser Action [NavigateToURL] successfully performed. With the following test data [https://www.google.com/ncr]. @14-10-2021 09:02:47.0761 A

################################################################################################################################################
Starting Execution:	[45 out of 143] test cases in the current suite
Test Method:		[unitTests.tests_validations_assertions.assertElementAttribute_type_true_literalComparison_expectedToPass]
################################################################################################################################################
[ReportManager] Element Action [Type] successfully performed. With the following test data [Automation!@#$%^&*()_+{}[]\';/.,]. @14-10-2021 09:02:48.0848 AM
[ReportManager] Element Action [GetText] successfully performed. With the following test data [Automation!@#$%^&*()_+{}[]\';/.,]. @14-10-2021 09:02:48.0932 AM
[ReportManager] Loaded Shared OpenCV @14-10-2021 09:02:48.0997 AM
[ReportManager] Assertion [ValidateElementAttribute] PASSED. Expected [Value Should be 'Automation!@#$%^&*()_+{}[]\';/.,' for the 'text' attribute, element locator 'By.name: q'] and Actual [Automation!@#$%^&*()_+{}[]\';/.,]. Comparison Type [EQUALS]. Validation Type [POSITIVE]. @14-10-2021 09:02:49.0222 AM
[ReportManager] Successfully created attachment [Screenshot - 1634202168997_assertElementAttribute_type_true_literalComparison_expectedToPass_ValidateElementAttribute_passed] @14-10-2021 09:02:49.0246 A
[ReportManager] Browser Action [CloseCurrentWindow] successfully performed. @14-10-2021 09:02:49.0390 AM
[ReportManager] Successfully created attachment [Browser Action Test Data - CloseCurrentWindow - Actual Value] @14-10-2021 09:02:49.0391 A
[ReportManager] File Action [GetAbsolutePath] successfully performed. With the following test data [Relative Folder Path: "target/downloadedFiles/"]. @14-10-2021 09:02:49.0394 AM
[ReportManager] Attempting to run locally on: [Mac-64], [Safari], Headless Execution. @14-10-2021 09:02:49.0394 AM
[ReportManager] Successfully Opened Safari. @14-10-2021 09:02:50.0209 AM
[ReportManager] Initial window size: (800, 600) @14-10-2021 09:02:50.0236 AM
[ReportManager] Window size after SWD Maximize: (1176, 811) @14-10-2021 09:02:50.0284 AM
[ReportManager] Browser Action [MaximizeWindow] successfully performed. With the following test data [New screen size is now: (1176, 811)]. @14-10-2021 09:02:50.0284 AM
[ReportManager] Target URL: [https://www.google.com/ncr], and after redirection: [www.google.com] @14-10-2021 09:02:50.0284 AM
[ReportManager] Initial URL: [] @14-10-2021 09:02:50.0343 AM
[ReportManager] Browser Action [NavigateToURL] successfully performed. With the following test data [https://www.google.com/ncr]. @14-10-2021 09:02:51.0283 A

################################################################################################################################################
Starting Execution:	[46 out of 143] test cases in the current suite
Test Method:		[unitTests.tests_validations_assertions.assertElementExists_false_expectedToFail]
###############################################################################################################################################
[ReportManager] Browser Action [CloseCurrentWindow] successfully performed. @14-10-2021 09:02:51.0582 AM
[ReportManager] Successfully created attachment [Browser Action Test Data - CloseCurrentWindow - Actual Value] @14-10-2021 09:02:51.0583 A
[ReportManager] File Action [GetAbsolutePath] successfully performed. With the following test data [Relative Folder Path: "target/downloadedFiles/"]. @14-10-2021 09:02:51.0588 AM
[ReportManager] Attempting to run locally on: [Mac-64], [Safari], Headless Execution. @14-10-2021 09:02:51.0588 AM
[ReportManager] Successfully Opened Safari. @14-10-2021 09:02:52.0451 AM
[ReportManager] Initial window size: (800, 600) @14-10-2021 09:02:52.0459 AM
[ReportManager] Window size after SWD Maximize: (1176, 811) @14-10-2021 09:02:52.0480 AM
[ReportManager] Browser Action [MaximizeWindow] successfully performed. With the following test data [New screen size is now: (1176, 811)]. @14-10-2021 09:02:52.0480 AM
[ReportManager] Target URL: [https://www.google.com/ncr], and after redirection: [www.google.com] @14-10-2021 09:02:52.0480 AM
[ReportManager] Initial URL: [] @14-10-2021 09:02:52.0548 AM
[ReportManager] Browser Action [NavigateToURL] successfully performed. With the following test data [https://www.google.com/ncr]. @14-10-2021 09:02:53.0454 A

################################################################################################################################################
Starting Execution:	[47 out of 143] test cases in the current suite
Test Method:		[unitTests.tests_validations_assertions.assertElementExists_false_expectedToPass]
###############################################################################################################################################
[ReportManager] Browser Action [CloseCurrentWindow] successfully performed. @14-10-2021 09:02:53.0713 AM
[ReportManager] Successfully created attachment [Browser Action Test Data - CloseCurrentWindow - Actual Value] @14-10-2021 09:02:53.0713 A
[ReportManager] File Action [GetAbsolutePath] successfully performed. With the following test data [Relative Folder Path: "target/downloadedFiles/"]. @14-10-2021 09:02:53.0716 AM
[ReportManager] Attempting to run locally on: [Mac-64], [Safari], Headless Execution. @14-10-2021 09:02:53.0717 AM
[ReportManager] Successfully Opened Safari. @14-10-2021 09:02:54.0554 AM
[ReportManager] Initial window size: (800, 600) @14-10-2021 09:02:54.0564 AM
[ReportManager] Window size after SWD Maximize: (1176, 811) @14-10-2021 09:02:54.0586 AM
[ReportManager] Browser Action [MaximizeWindow] successfully performed. With the following test data [New screen size is now: (1176, 811)]. @14-10-2021 09:02:54.0586 AM
[ReportManager] Target URL: [https://www.google.com/ncr], and after redirection: [www.google.com] @14-10-2021 09:02:54.0586 AM
[ReportManager] Initial URL: [] @14-10-2021 09:02:54.0669 AM
[ReportManager] Browser Action [NavigateToURL] successfully performed. With the following test data [https://www.google.com/ncr]. @14-10-2021 09:02:55.0656 A

################################################################################################################################################
Starting Execution:	[48 out of 143] test cases in the current suite
Test Method:		[unitTests.tests_validations_assertions.assertElementExists_false_multipleElementsFound_expectedToFail]
################################################################################################################################################
[ReportManager] Assertion [ValidateElementExists] FAILED. Expected [Element Should not Exist, locator 'By.xpath: //div'] and Actual [Element Exists but is not unique]. Comparison Type [EQUALS]. Validation Type [NEGATIVE]. @14-10-2021 09:02:55.0853 AM
[ReportManager] Successfully created attachment [Screenshot - 1634202175766_assertElementExists_false_multipleElementsFound_expectedToFail_ValidateElementExists_failed] @14-10-2021 09:02:55.0855 A
[ReportManager] Browser Action [CloseCurrentWindow] successfully performed. @14-10-2021 09:02:56.0020 AM
[ReportManager] Successfully created attachment [Browser Action Test Data - CloseCurrentWindow - Actual Value] @14-10-2021 09:02:56.0022 A
[ReportManager] File Action [GetAbsolutePath] successfully performed. With the following test data [Relative Folder Path: "target/downloadedFiles/"]. @14-10-2021 09:02:56.0026 AM
[ReportManager] Attempting to run locally on: [Mac-64], [Safari], Headless Execution. @14-10-2021 09:02:56.0026 AM
[ReportManager] Successfully Opened Safari. @14-10-2021 09:02:56.0851 AM
[ReportManager] Initial window size: (800, 600) @14-10-2021 09:02:56.0879 AM
[ReportManager] Window size after SWD Maximize: (1176, 811) @14-10-2021 09:02:56.0890 AM
[ReportManager] Browser Action [MaximizeWindow] successfully performed. With the following test data [New screen size is now: (1176, 811)]. @14-10-2021 09:02:56.0890 AM
[ReportManager] Target URL: [https://www.google.com/ncr], and after redirection: [www.google.com] @14-10-2021 09:02:56.0890 AM
[ReportManager] Initial URL: [] @14-10-2021 09:02:56.0957 AM
[ReportManager] Browser Action [NavigateToURL] successfully performed. With the following test data [https://www.google.com/ncr]. @14-10-2021 09:02:57.0799 A

################################################################################################################################################
Starting Execution:	[49 out of 143] test cases in the current suite
Test Method:		[unitTests.tests_validations_assertions.assertElementExists_true_expectedToFail]
###############################################################################################################################################
[ReportManager] Browser Action [CloseCurrentWindow] successfully performed. @14-10-2021 09:02:57.0938 AM
[ReportManager] Successfully created attachment [Browser Action Test Data - CloseCurrentWindow - Actual Value] @14-10-2021 09:02:57.0938 A
[ReportManager] File Action [GetAbsolutePath] successfully performed. With the following test data [Relative Folder Path: "target/downloadedFiles/"]. @14-10-2021 09:02:57.0944 AM
[ReportManager] Attempting to run locally on: [Mac-64], [Safari], Headless Execution. @14-10-2021 09:02:57.0944 AM
[ReportManager] Successfully Opened Safari. @14-10-2021 09:02:58.0803 AM
[ReportManager] Initial window size: (800, 600) @14-10-2021 09:02:58.0822 AM
[ReportManager] Window size after SWD Maximize: (1176, 811) @14-10-2021 09:02:58.0854 AM
[ReportManager] Browser Action [MaximizeWindow] successfully performed. With the following test data [New screen size is now: (1176, 811)]. @14-10-2021 09:02:58.0855 AM
[ReportManager] Target URL: [https://www.google.com/ncr], and after redirection: [www.google.com] @14-10-2021 09:02:58.0855 AM
[ReportManager] Initial URL: [] @14-10-2021 09:02:58.0910 AM
[ReportManager] Browser Action [NavigateToURL] successfully performed. With the following test data [https://www.google.com/ncr]. @14-10-2021 09:03:00.0042 A

################################################################################################################################################
Starting Execution:	[50 out of 143] test cases in the current suite
Test Method:		[unitTests.tests_validations_assertions.assertElementExists_true_expectedToPass]
################################################################################################################################################
[ReportManager] Loaded Shared OpenCV @14-10-2021 09:03:00.0348 AM
[ReportManager] Assertion [ValidateElementExists] PASSED. Expected [Element Should Exist, locator 'By.xpath: //*[@id='hplogo' or @alt='Google']'] and Actual [Element Exists]. Comparison Type [EQUALS]. Validation Type [POSITIVE]. @14-10-2021 09:03:00.0537 AM
[ReportManager] Successfully created attachment [Screenshot - 1634202180348_assertElementExists_true_expectedToPass_ValidateElementExists_passed] @14-10-2021 09:03:00.0538 A
[ReportManager] Browser Action [CloseCurrentWindow] successfully performed. @14-10-2021 09:03:00.0587 AM
[ReportManager] Successfully created attachment [Browser Action Test Data - CloseCurrentWindow - Actual Value] @14-10-2021 09:03:00.0588 A
[ReportManager] File Action [GetAbsolutePath] successfully performed. With the following test data [Relative Folder Path: "target/downloadedFiles/"]. @14-10-2021 09:03:00.0594 AM
[ReportManager] Attempting to run locally on: [Mac-64], [Safari], Headless Execution. @14-10-2021 09:03:00.0594 AM
[ReportManager] Successfully Opened Safari. @14-10-2021 09:03:01.0401 AM
[ReportManager] Initial window size: (800, 600) @14-10-2021 09:03:01.0413 AM
[ReportManager] Window size after SWD Maximize: (1176, 811) @14-10-2021 09:03:01.0436 AM
[ReportManager] Browser Action [MaximizeWindow] successfully performed. With the following test data [New screen size is now: (1176, 811)]. @14-10-2021 09:03:01.0437 AM
[ReportManager] Target URL: [https://www.google.com/ncr], and after redirection: [www.google.com] @14-10-2021 09:03:01.0437 AM
[ReportManager] Initial URL: [] @14-10-2021 09:03:01.0502 AM
[ReportManager] Browser Action [NavigateToURL] successfully performed. With the following test data [https://www.google.com/ncr]. @14-10-2021 09:03:02.0893 A

################################################################################################################################################
Starting Execution:	[51 out of 143] test cases in the current suite
Test Method:		[unitTests.tests_validations_assertions.assertElementExists_true_multipleElementsFound_expectedToFail]
################################################################################################################################################
[ReportManager] Assertion [ValidateElementExists] FAILED. Expected [Element Should Exist, locator 'By.xpath: //div'] and Actual [Element Exists but is not unique]. Comparison Type [EQUALS]. Validation Type [POSITIVE]. @14-10-2021 09:03:03.0108 AM
[ReportManager] Successfully created attachment [Screenshot - 1634202182999_assertElementExists_true_multipleElementsFound_expectedToFail_ValidateElementExists_failed] @14-10-2021 09:03:03.0109 A
[ReportManager] Browser Action [CloseCurrentWindow] successfully performed. @14-10-2021 09:03:03.0172 AM
[ReportManager] Successfully created attachment [Browser Action Test Data - CloseCurrentWindow - Actual Value] @14-10-2021 09:03:03.0187 A

################################################################################################################################################
Starting Execution:	[52 out of 143] test cases in the current suite
Test Method:		[unitTests.tests_validations_assertions.assertEquals_false_expectedToFail]
################################################################################################################################################
[ReportManager] Assertion [ValidateEquals] FAILED. Expected [1] and Actual [1]. Comparison Type [EQUALS]. Validation Type [NEGATIVE]. @14-10-2021 09:03:03.0209 A

################################################################################################################################################
Starting Execution:	[53 out of 143] test cases in the current suite
Test Method:		[unitTests.tests_validations_assertions.assertEquals_false_expectedToPass]
################################################################################################################################################
[ReportManager] Assertion [ValidateEquals] PASSED. Expected [1] and Actual [2]. Comparison Type [EQUALS]. Validation Type [NEGATIVE]. @14-10-2021 09:03:03.0214 A

################################################################################################################################################
Starting Execution:	[54 out of 143] test cases in the current suite
Test Method:		[unitTests.tests_validations_assertions.assertEquals_longCharacters]
################################################################################################################################################
[ReportManager] Verification [ValidateEquals] PASSED. Expected and Actual values are attached. Comparison Type [EQUALS]. Validation Type [POSITIVE]. @14-10-2021 09:03:03.0231 AM
[ReportManager] Successfully created attachment [Validation Test Data - Expected Value] @14-10-2021 09:03:03.0231 AM
[ReportManager] Successfully created attachment [Validation Test Data - Actual Value] @14-10-2021 09:03:03.0232 AM
[ReportManager] Assertion [ValidateEquals] PASSED. Expected and Actual values are attached. Comparison Type [EQUALS]. Validation Type [POSITIVE]. @14-10-2021 09:03:03.0232 AM
[ReportManager] Successfully created attachment [Validation Test Data - Expected Value] @14-10-2021 09:03:03.0233 AM
[ReportManager] Successfully created attachment [Validation Test Data - Actual Value] @14-10-2021 09:03:03.0233 A

################################################################################################################################################
Starting Execution:	[55 out of 143] test cases in the current suite
Test Method:		[unitTests.tests_validations_assertions.assertEquals_longCharacters_Discreet]
################################################################################################################################################
[ReportManager] Assertion [ValidateEquals] PASSED. Expected [1LH5pROcDBjjQk0t0mCr0lXuzQu9lcGj28kY8R1H81X67eVAQJgWQhILiRWVPUgZ6uCtK5cnBkF55Jr9vYngjGO1Iyf0Mktv6lruDlL9T8MAUPcUZJGHZtji6nIeadujDSNmWMj5d6C8zlFqw0CRqBU0hO5adIasHgBSNoLotAjce3NGXoDwAlp3rYreeV16VIyZXROQY] and Actual [1LH5pROcDBjjQk0t0mCr0lXuzQu9lcGj28kY8R1H81X67eVAQJgWQhILiRWVPUgZ6uCtK5cnBkF55Jr9vYngjGO1Iyf0Mktv6lruDlL9T8MAUPcUZJGHZtji6nIeadujDSNmWMj5d6C8zlFqw0CRqBU0hO5adIasHgBSNoLotAjce3NGXoDwAlp3rYreeV16VIyZXROQY]. Comparison Type [EQUALS]. Validation Type [POSITIVE]. @14-10-2021 09:03:03.0237 A

################################################################################################################################################
Starting Execution:	[56 out of 143] test cases in the current suite
Test Method:		[unitTests.tests_validations_assertions.assertEquals_true_expectedToFail]
################################################################################################################################################
[ReportManager] Assertion [ValidateEquals] FAILED. Expected [1] and Actual [2]. Comparison Type [EQUALS]. Validation Type [POSITIVE]. @14-10-2021 09:03:03.0242 A

################################################################################################################################################
Starting Execution:	[57 out of 143] test cases in the current suite
Test Method:		[unitTests.tests_validations_assertions.assertEquals_true_expectedToPass]
Test Description:	[Assert that assertEquals works as expected when the two values are equal.]
################################################################################################################################################
[ReportManager] Verification [ValidateEquals] PASSED. Expected [1] and Actual [1]. Comparison Type [EQUALS]. Validation Type [POSITIVE]. @14-10-2021 09:03:03.0268 AM
[ReportManager] Assertion [ValidateEquals] PASSED. Expected [1] and Actual [1]. Comparison Type [EQUALS]. Validation Type [POSITIVE]. @14-10-2021 09:03:03.0268 A

################################################################################################################################################
Starting Execution:	[58 out of 143] test cases in the current suite
Test Method:		[unitTests.tests_validations_assertions.assertEquals_true_expectedToPass__]
################################################################################################################################################
[ReportManager] Assertion [ValidateEquals] PASSED. Expected [1] and Actual [1]. Comparison Type [EQUALS]. Validation Type [POSITIVE]. @14-10-2021 09:03:03.0277 A

################################################################################################################################################
Starting Execution:	[59 out of 143] test cases in the current suite
Test Method:		[unitTests.tests_validations_assertions.assertFileExists_false_expectedToFail]
################################################################################################################################################
[ReportManager] File Action [DoesFileExist] successfully performed. With the following test data [File Path: "src/main/java/com/shaft/gui/element/ElementActions.java"]. @14-10-2021 09:03:03.0295 AM
[ReportManager] Assertion [ValidateFileExists] FAILED. Expected [File 'src/main/java/com/shaft/gui/element/ElementActions.java' should not exist, after up to '1' retries] and Actual [File exists]. Validation Type [NEGATIVE]. @14-10-2021 09:03:03.0303 A

################################################################################################################################################
Starting Execution:	[60 out of 143] test cases in the current suite
Test Method:		[unitTests.tests_validations_assertions.assertFileExists_false_expectedToPass]
################################################################################################################################################
[ReportManager] File Action [DoesFileExist] successfully performed. With the following test data [File Path: "src/main/java/com/shaft/gui/element/ElementActions.java_fail"]. @14-10-2021 09:03:03.0816 AM
[ReportManager] Assertion [ValidateFileExists] PASSED. Expected [File 'src/main/java/com/shaft/gui/element/ElementActions.java_fail' should not exist, after up to '1' retries] and Actual [File does not exist]. Validation Type [NEGATIVE]. @14-10-2021 09:03:03.0817 A

################################################################################################################################################
Starting Execution:	[61 out of 143] test cases in the current suite
Test Method:		[unitTests.tests_validations_assertions.assertFileExists_true_expectedToFail]
################################################################################################################################################
[ReportManager] File Action [DoesFileExist] successfully performed. With the following test data [File Path: "src/main/java/com/shaft/gui/element/ElementActions.java_fail"]. @14-10-2021 09:03:04.0439 AM
[ReportManager] Assertion [ValidateFileExists] FAILED. Expected [File 'src/main/java/com/shaft/gui/element/ElementActions.java_fail' should exist, after up to '1' retries] and Actual [File does not exist]. Validation Type [POSITIVE]. @14-10-2021 09:03:04.0439 A

################################################################################################################################################
Starting Execution:	[62 out of 143] test cases in the current suite
Test Method:		[unitTests.tests_validations_assertions.assertFileExists_true_expectedToPass]
################################################################################################################################################
[ReportManager] File Action [DoesFileExist] successfully performed. With the following test data [File Path: "src/main/java/com/shaft/gui/element/ElementActions.java"]. @14-10-2021 09:03:04.0443 AM
[ReportManager] Assertion [ValidateFileExists] PASSED. Expected [File 'src/main/java/com/shaft/gui/element/ElementActions.java' should exist, after up to '1' retries] and Actual [File exists]. Validation Type [POSITIVE]. @14-10-2021 09:03:04.0444 A

################################################################################################################################################
Starting Execution:	[63 out of 143] test cases in the current suite
Test Method:		[unitTests.tests_validations_assertions.assertNull_false_expectedToFail]
################################################################################################################################################
[ReportManager] Assertion [ValidateNull] FAILED. Expected [NULL] and Actual [NULL]. Comparison Type [EQUALS]. Validation Type [NEGATIVE]. @14-10-2021 09:03:04.0447 A

################################################################################################################################################
Starting Execution:	[64 out of 143] test cases in the current suite
Test Method:		[unitTests.tests_validations_assertions.assertNull_false_expectedToPass]
################################################################################################################################################
[ReportManager] Assertion [ValidateNull] PASSED. Expected [NULL] and Actual [1]. Comparison Type [EQUALS]. Validation Type [NEGATIVE]. @14-10-2021 09:03:04.0451 A

################################################################################################################################################
Starting Execution:	[65 out of 143] test cases in the current suite
Test Method:		[unitTests.tests_validations_assertions.assertNull_true_expectedToFail]
################################################################################################################################################
[ReportManager] Assertion [ValidateNull] FAILED. Expected [NULL] and Actual [1]. Comparison Type [EQUALS]. Validation Type [POSITIVE]. @14-10-2021 09:03:04.0454 A

################################################################################################################################################
Starting Execution:	[66 out of 143] test cases in the current suite
Test Method:		[unitTests.tests_validations_assertions.assertNull_true_expectedToPass]
################################################################################################################################################
[ReportManager] Assertion [ValidateNull] PASSED. Expected [NULL] and Actual [NULL]. Comparison Type [EQUALS]. Validation Type [POSITIVE]. @14-10-2021 09:03:04.0458 A

################################################################################################################################################
Starting Execution:	[67 out of 143] test cases in the current suite
Test Method:		[unitTests.tests_restActions.getPostsAndAssertBodyForSpecificTitle]
################################################################################################################################################
[ReportManager] Response status code: [200], status line: [HTTP/1.1 200 OK] @14-10-2021 09:03:06.0890 AM
[ReportManager] Assertion Passed: Evaluating the actual response status code against the expected one... @14-10-2021 09:03:06.0891 AM
[ReportManager] Assertion [ValidateEquals] PASSED. Expected [200] and Actual [200]. Comparison Type [EQUALS]. Validation Type [POSITIVE]. @14-10-2021 09:03:06.0891 AM
[ReportManager] API Action [PerformRequest] successfully performed. With the following test data [Request Type: "GET" | Target Status Code: "200" | Service URL: "https://jsonplaceholder.typicode.com/posts" | Content Type: "*/*" | Response Time: "818ms"]. @14-10-2021 09:03:08.0056 AM
[ReportManager] Successfully created attachment [API Request - Specifications] @14-10-2021 09:03:08.0057 AM
[ReportManager] Successfully created attachment [API Response - JSON Body] @14-10-2021 09:03:08.0345 AM
[ReportManager] API Action [GetResponseJSONValueAsList] successfully performed. @14-10-2021 09:03:08.0374 AM
[ReportManager] API Action [GetResponseJSONValue] successfully performed. With the following test data [title]. @14-10-2021 09:03:08.0397 AM
[ReportManager] API Action [GetResponseJSONValue] successfully performed. With the following test data [title]. @14-10-2021 09:03:08.0415 AM
[ReportManager] API Action [GetResponseJSONValue] successfully performed. With the following test data [body]. @14-10-2021 09:03:08.0432 AM
[ReportManager] Assertion [ValidateEquals] PASSED. Expected [qui neque nisi nulla] and Actual [est rerum tempore vitae
sequi sint nihil reprehenderit dolor beatae ea dolores neque
fugiat blanditiis voluptate porro vel nihil molestiae ut reiciendis
qui aperiam non debitis possimus qui neque nisi nulla]. Comparison Type [CONTAINS]. Validation Type [POSITIVE]. @14-10-2021 09:03:08.0432 AM
[ReportManager] API Action [GetResponseJSONValue] successfully performed. With the following test data [title]. @14-10-2021 09:03:08.0448 AM
[ReportManager] API Action [GetResponseJSONValue] successfully performed. With the following test data [title]. @14-10-2021 09:03:08.0463 AM
[ReportManager] API Action [GetResponseJSONValue] successfully performed. With the following test data [title]. @14-10-2021 09:03:08.0479 AM
[ReportManager] API Action [GetResponseJSONValue] successfully performed. With the following test data [title]. @14-10-2021 09:03:08.0495 AM
[ReportManager] API Action [GetResponseJSONValue] successfully performed. With the following test data [title]. @14-10-2021 09:03:08.0512 AM
[ReportManager] API Action [GetResponseJSONValue] successfully performed. With the following test data [title]. @14-10-2021 09:03:08.0528 AM
[ReportManager] API Action [GetResponseJSONValue] successfully performed. With the following test data [title]. @14-10-2021 09:03:08.0545 AM
[ReportManager] API Action [GetResponseJSONValue] successfully performed. With the following test data [title]. @14-10-2021 09:03:08.0561 AM
[ReportManager] API Action [GetResponseJSONValue] successfully performed. With the following test data [title]. @14-10-2021 09:03:08.0577 AM
[ReportManager] API Action [GetResponseJSONValue] successfully performed. With the following test data [title]. @14-10-2021 09:03:08.0592 AM
[ReportManager] API Action [GetResponseJSONValue] successfully performed. With the following test data [title]. @14-10-2021 09:03:08.0609 AM
[ReportManager] API Action [GetResponseJSONValue] successfully performed. With the following test data [title]. @14-10-2021 09:03:08.0626 AM
[ReportManager] API Action [GetResponseJSONValue] successfully performed. With the following test data [title]. @14-10-2021 09:03:08.0641 AM
[ReportManager] API Action [GetResponseJSONValue] successfully performed. With the following test data [title]. @14-10-2021 09:03:08.0655 AM
[ReportManager] API Action [GetResponseJSONValue] successfully performed. With the following test data [title]. @14-10-2021 09:03:08.0671 AM
[ReportManager] API Action [GetResponseJSONValue] successfully performed. With the following test data [title]. @14-10-2021 09:03:08.0686 AM
[ReportManager] API Action [GetResponseJSONValue] successfully performed. With the following test data [title]. @14-10-2021 09:03:08.0700 AM
[ReportManager] API Action [GetResponseJSONValue] successfully performed. With the following test data [title]. @14-10-2021 09:03:08.0715 AM
[ReportManager] API Action [GetResponseJSONValue] successfully performed. With the following test data [title]. @14-10-2021 09:03:08.0729 AM
[ReportManager] API Action [GetResponseJSONValue] successfully performed. With the following test data [title]. @14-10-2021 09:03:08.0745 AM
[ReportManager] API Action [GetResponseJSONValue] successfully performed. With the following test data [title]. @14-10-2021 09:03:08.0761 AM
[ReportManager] API Action [GetResponseJSONValue] successfully performed. With the following test data [title]. @14-10-2021 09:03:08.0778 AM
[ReportManager] API Action [GetResponseJSONValue] successfully performed. With the following test data [title]. @14-10-2021 09:03:08.0793 AM
[ReportManager] API Action [GetResponseJSONValue] successfully performed. With the following test data [title]. @14-10-2021 09:03:08.0808 AM
[ReportManager] API Action [GetResponseJSONValue] successfully performed. With the following test data [title]. @14-10-2021 09:03:08.0823 AM
[ReportManager] API Action [GetResponseJSONValue] successfully performed. With the following test data [title]. @14-10-2021 09:03:08.0838 AM
[ReportManager] API Action [GetResponseJSONValue] successfully performed. With the following test data [title]. @14-10-2021 09:03:08.0853 AM
[ReportManager] API Action [GetResponseJSONValue] successfully performed. With the following test data [title]. @14-10-2021 09:03:08.0868 AM
[ReportManager] API Action [GetResponseJSONValue] successfully performed. With the following test data [title]. @14-10-2021 09:03:08.0883 AM
[ReportManager] API Action [GetResponseJSONValue] successfully performed. With the following test data [title]. @14-10-2021 09:03:08.0920 AM
[ReportManager] API Action [GetResponseJSONValue] successfully performed. With the following test data [title]. @14-10-2021 09:03:08.0936 AM
[ReportManager] API Action [GetResponseJSONValue] successfully performed. With the following test data [title]. @14-10-2021 09:03:08.0951 AM
[ReportManager] API Action [GetResponseJSONValue] successfully performed. With the following test data [title]. @14-10-2021 09:03:08.0967 AM
[ReportManager] API Action [GetResponseJSONValue] successfully performed. With the following test data [title]. @14-10-2021 09:03:08.0983 AM
[ReportManager] API Action [GetResponseJSONValue] successfully performed. With the following test data [title]. @14-10-2021 09:03:09.0000 AM
[ReportManager] API Action [GetResponseJSONValue] successfully performed. With the following test data [title]. @14-10-2021 09:03:09.0015 AM
[ReportManager] API Action [GetResponseJSONValue] successfully performed. With the following test data [title]. @14-10-2021 09:03:09.0030 AM
[ReportManager] API Action [GetResponseJSONValue] successfully performed. With the following test data [title]. @14-10-2021 09:03:09.0044 AM
[ReportManager] API Action [GetResponseJSONValue] successfully performed. With the following test data [title]. @14-10-2021 09:03:09.0058 AM
[ReportManager] API Action [GetResponseJSONValue] successfully performed. With the following test data [title]. @14-10-2021 09:03:09.0072 AM
[ReportManager] API Action [GetResponseJSONValue] successfully performed. With the following test data [title]. @14-10-2021 09:03:09.0086 AM
[ReportManager] API Action [GetResponseJSONValue] successfully performed. With the following test data [title]. @14-10-2021 09:03:09.0101 AM
[ReportManager] API Action [GetResponseJSONValue] successfully performed. With the following test data [title]. @14-10-2021 09:03:09.0115 AM
[ReportManager] API Action [GetResponseJSONValue] successfully performed. With the following test data [title]. @14-10-2021 09:03:09.0129 AM
[ReportManager] API Action [GetResponseJSONValue] successfully performed. With the following test data [title]. @14-10-2021 09:03:09.0144 AM
[ReportManager] API Action [GetResponseJSONValue] successfully performed. With the following test data [title]. @14-10-2021 09:03:09.0159 AM
[ReportManager] API Action [GetResponseJSONValue] successfully performed. With the following test data [title]. @14-10-2021 09:03:09.0173 AM
[ReportManager] API Action [GetResponseJSONValue] successfully performed. With the following test data [title]. @14-10-2021 09:03:09.0188 AM
[ReportManager] API Action [GetResponseJSONValue] successfully performed. With the following test data [title]. @14-10-2021 09:03:09.0203 AM
[ReportManager] API Action [GetResponseJSONValue] successfully performed. With the following test data [title]. @14-10-2021 09:03:09.0217 AM
[ReportManager] API Action [GetResponseJSONValue] successfully performed. With the following test data [title]. @14-10-2021 09:03:09.0231 AM
[ReportManager] API Action [GetResponseJSONValue] successfully performed. With the following test data [title]. @14-10-2021 09:03:09.0246 AM
[ReportManager] API Action [GetResponseJSONValue] successfully performed. With the following test data [title]. @14-10-2021 09:03:09.0259 AM
[ReportManager] API Action [GetResponseJSONValue] successfully performed. With the following test data [title]. @14-10-2021 09:03:09.0274 AM
[ReportManager] API Action [GetResponseJSONValue] successfully performed. With the following test data [title]. @14-10-2021 09:03:09.0291 AM
[ReportManager] API Action [GetResponseJSONValue] successfully performed. With the following test data [title]. @14-10-2021 09:03:09.0308 AM
[ReportManager] API Action [GetResponseJSONValue] successfully performed. With the following test data [title]. @14-10-2021 09:03:09.0324 AM
[ReportManager] API Action [GetResponseJSONValue] successfully performed. With the following test data [title]. @14-10-2021 09:03:09.0343 AM
[ReportManager] API Action [GetResponseJSONValue] successfully performed. With the following test data [title]. @14-10-2021 09:03:09.0362 AM
[ReportManager] API Action [GetResponseJSONValue] successfully performed. With the following test data [title]. @14-10-2021 09:03:09.0393 AM
[ReportManager] API Action [GetResponseJSONValue] successfully performed. With the following test data [title]. @14-10-2021 09:03:09.0407 AM
[ReportManager] API Action [GetResponseJSONValue] successfully performed. With the following test data [title]. @14-10-2021 09:03:09.0421 AM
[ReportManager] API Action [GetResponseJSONValue] successfully performed. With the following test data [title]. @14-10-2021 09:03:09.0437 AM
[ReportManager] API Action [GetResponseJSONValue] successfully performed. With the following test data [title]. @14-10-2021 09:03:09.0451 AM
[ReportManager] API Action [GetResponseJSONValue] successfully performed. With the following test data [title]. @14-10-2021 09:03:09.0467 AM
[ReportManager] API Action [GetResponseJSONValue] successfully performed. With the following test data [title]. @14-10-2021 09:03:09.0483 AM
[ReportManager] API Action [GetResponseJSONValue] successfully performed. With the following test data [title]. @14-10-2021 09:03:09.0498 AM
[ReportManager] API Action [GetResponseJSONValue] successfully performed. With the following test data [title]. @14-10-2021 09:03:09.0514 AM
[ReportManager] API Action [GetResponseJSONValue] successfully performed. With the following test data [title]. @14-10-2021 09:03:09.0528 AM
[ReportManager] API Action [GetResponseJSONValue] successfully performed. With the following test data [title]. @14-10-2021 09:03:09.0545 AM
[ReportManager] API Action [GetResponseJSONValue] successfully performed. With the following test data [title]. @14-10-2021 09:03:09.0559 AM
[ReportManager] API Action [GetResponseJSONValue] successfully performed. With the following test data [title]. @14-10-2021 09:03:09.0574 AM
[ReportManager] API Action [GetResponseJSONValue] successfully performed. With the following test data [title]. @14-10-2021 09:03:09.0589 AM
[ReportManager] API Action [GetResponseJSONValue] successfully performed. With the following test data [title]. @14-10-2021 09:03:09.0605 AM
[ReportManager] API Action [GetResponseJSONValue] successfully performed. With the following test data [title]. @14-10-2021 09:03:09.0618 AM
[ReportManager] API Action [GetResponseJSONValue] successfully performed. With the following test data [title]. @14-10-2021 09:03:09.0632 AM
[ReportManager] API Action [GetResponseJSONValue] successfully performed. With the following test data [title]. @14-10-2021 09:03:09.0648 AM
[ReportManager] API Action [GetResponseJSONValue] successfully performed. With the following test data [title]. @14-10-2021 09:03:09.0661 AM
[ReportManager] API Action [GetResponseJSONValue] successfully performed. With the following test data [title]. @14-10-2021 09:03:09.0674 AM
[ReportManager] API Action [GetResponseJSONValue] successfully performed. With the following test data [title]. @14-10-2021 09:03:09.0687 AM
[ReportManager] API Action [GetResponseJSONValue] successfully performed. With the following test data [title]. @14-10-2021 09:03:09.0701 AM
[ReportManager] API Action [GetResponseJSONValue] successfully performed. With the following test data [title]. @14-10-2021 09:03:09.0716 AM
[ReportManager] API Action [GetResponseJSONValue] successfully performed. With the following test data [title]. @14-10-2021 09:03:09.0729 AM
[ReportManager] API Action [GetResponseJSONValue] successfully performed. With the following test data [title]. @14-10-2021 09:03:09.0742 AM
[ReportManager] API Action [GetResponseJSONValue] successfully performed. With the following test data [title]. @14-10-2021 09:03:09.0756 AM
[ReportManager] API Action [GetResponseJSONValue] successfully performed. With the following test data [title]. @14-10-2021 09:03:09.0770 AM
[ReportManager] API Action [GetResponseJSONValue] successfully performed. With the following test data [title]. @14-10-2021 09:03:09.0783 AM
[ReportManager] API Action [GetResponseJSONValue] successfully performed. With the following test data [title]. @14-10-2021 09:03:09.0796 AM
[ReportManager] API Action [GetResponseJSONValue] successfully performed. With the following test data [title]. @14-10-2021 09:03:09.0809 AM
[ReportManager] API Action [GetResponseJSONValue] successfully performed. With the following test data [title]. @14-10-2021 09:03:09.0822 AM
[ReportManager] API Action [GetResponseJSONValue] successfully performed. With the following test data [title]. @14-10-2021 09:03:09.0839 AM
[ReportManager] API Action [GetResponseJSONValue] successfully performed. With the following test data [title]. @14-10-2021 09:03:09.0858 AM
[ReportManager] API Action [GetResponseJSONValue] successfully performed. With the following test data [title]. @14-10-2021 09:03:09.0875 AM
[ReportManager] API Action [GetResponseJSONValue] successfully performed. With the following test data [title]. @14-10-2021 09:03:09.0889 AM
[ReportManager] API Action [GetResponseJSONValue] successfully performed. With the following test data [title]. @14-10-2021 09:03:09.0903 AM
[ReportManager] API Action [GetResponseJSONValue] successfully performed. With the following test data [title]. @14-10-2021 09:03:09.0917 AM
[ReportManager] API Action [GetResponseJSONValue] successfully performed. With the following test data [title]. @14-10-2021 09:03:09.0932 AM
[ReportManager] API Action [GetResponseJSONValue] successfully performed. With the following test data [title]. @14-10-2021 09:03:09.0944 A

################################################################################################################################################
Starting Execution:	[68 out of 143] test cases in the current suite
Test Method:		[unitTests.tests_restActions.validateUserEmail]
################################################################################################################################################
[ReportManager] Response status code: [200], status line: [HTTP/1.1 200 OK] @14-10-2021 09:03:10.0030 AM
[ReportManager] Assertion Passed: Evaluating the actual response status code against the expected one... @14-10-2021 09:03:10.0030 AM
[ReportManager] Assertion [ValidateEquals] PASSED. Expected [200] and Actual [200]. Comparison Type [EQUALS]. Validation Type [POSITIVE]. @14-10-2021 09:03:10.0031 AM
[ReportManager] API Action [PerformRequest] successfully performed. With the following test data [Request Type: "GET" | Target Status Code: "200" | Service URL: "https://jsonplaceholder.typicode.com/users" | Content Type: "*/*" | Response Time: "71ms"]. @14-10-2021 09:03:10.0055 AM
[ReportManager] Successfully created attachment [API Request - Specifications] @14-10-2021 09:03:10.0056 AM
[ReportManager] Successfully created attachment [API Response - JSON Body] @14-10-2021 09:03:10.0057 AM
[ReportManager] Assertion [ValidateEquals] PASSED. Expected and Actual values are attached. Comparison Type [CONTAINS]. Validation Type [POSITIVE]. @14-10-2021 09:03:10.0058 AM
[ReportManager] Successfully created attachment [Validation Test Data - Expected Value] @14-10-2021 09:03:10.0059 AM
[ReportManager] Successfully created attachment [Validation Test Data - Actual Value] @14-10-2021 09:03:10.0059 AM
[ReportManager] API Action [GetResponseJSONValueAsList] successfully performed. With the following test data [$]. @14-10-2021 09:03:10.0067 AM
[ReportManager] API Action [GetResponseJSONValue] successfully performed. With the following test data [name]. @14-10-2021 09:03:10.0081 AM
[ReportManager] API Action [GetResponseJSONValue] successfully performed. With the following test data [email]. @14-10-2021 09:03:10.0097 AM
[ReportManager] Assertion [ValidateEquals] PASSED. Expected [Sincere@april.biz] and Actual [Sincere@april.biz]. Comparison Type [EQUALS]. Validation Type [POSITIVE]. @14-10-2021 09:03:10.0097 AM
[ReportManager] API Action [GetResponseJSONValue] successfully performed. With the following test data [name]. @14-10-2021 09:03:10.0114 AM
[ReportManager] API Action [GetResponseJSONValue] successfully performed. With the following test data [name]. @14-10-2021 09:03:10.0130 AM
[ReportManager] API Action [GetResponseJSONValue] successfully performed. With the following test data [name]. @14-10-2021 09:03:10.0147 AM
[ReportManager] API Action [GetResponseJSONValue] successfully performed. With the following test data [name]. @14-10-2021 09:03:10.0161 AM
[ReportManager] API Action [GetResponseJSONValue] successfully performed. With the following test data [name]. @14-10-2021 09:03:10.0172 AM
[ReportManager] API Action [GetResponseJSONValue] successfully performed. With the following test data [name]. @14-10-2021 09:03:10.0198 AM
[ReportManager] API Action [GetResponseJSONValue] successfully performed. With the following test data [name]. @14-10-2021 09:03:10.0212 AM
[ReportManager] API Action [GetResponseJSONValue] successfully performed. With the following test data [name]. @14-10-2021 09:03:10.0225 AM
[ReportManager] API Action [GetResponseJSONValue] successfully performed. With the following test data [name]. @14-10-2021 09:03:10.0237 A
[ReportManager] File Action [GetAbsolutePath] successfully performed. With the following test data [Relative Folder Path: "target/downloadedFiles/"]. @14-10-2021 09:03:10.0240 AM
[ReportManager] Attempting to run locally on: [Mac-64], [Safari], Headless Execution. @14-10-2021 09:03:10.0240 AM
[ReportManager] Successfully Opened Safari. @14-10-2021 09:03:11.0059 AM
[ReportManager] Initial window size: (800, 600) @14-10-2021 09:03:11.0080 AM
[ReportManager] Window size after SWD Maximize: (1176, 811) @14-10-2021 09:03:11.0092 AM
[ReportManager] Browser Action [MaximizeWindow] successfully performed. With the following test data [New screen size is now: (1176, 811)]. @14-10-2021 09:03:11.0093 A

################################################################################################################################################
Starting Execution:	[69 out of 143] test cases in the current suite
Test Method:		[testPackage01.Test_uploadFile.uploadFile_invisibleUploadInput]
################################################################################################################################################
[ReportManager] Target URL: [https://fineuploader.com/demos.html#gallery-view] @14-10-2021 09:03:11.0096 AM
[ReportManager] Initial URL: [] @14-10-2021 09:03:11.0183 AM
[ReportManager] Browser Action [NavigateToURL] successfully performed. With the following test data [https://fineuploader.com/demos.html#gallery-view]. @14-10-2021 09:03:12.0805 AM
[ReportManager] File Action [GetAbsolutePath] successfully performed. With the following test data [Relative File Path: "src/main/resources/images/shaft.png"]. @14-10-2021 09:03:12.0806 AM
[ReportManager] Successfully created attachment [File Action Actual Result - Command Log] @14-10-2021 09:03:12.0806 A
[ReportManager] Browser Action [CloseCurrentWindow] successfully performed. @14-10-2021 09:03:12.0960 AM
[ReportManager] Successfully created attachment [Browser Action Test Data - CloseCurrentWindow - Actual Value] @14-10-2021 09:03:12.0961 A
[ReportManager] File Action [GetAbsolutePath] successfully performed. With the following test data [Relative Folder Path: "target/downloadedFiles/"]. @14-10-2021 09:03:12.0965 AM
[ReportManager] Attempting to run locally on: [Mac-64], [Safari], Headless Execution. @14-10-2021 09:03:12.0966 AM
[ReportManager] Successfully Opened Safari. @14-10-2021 09:03:13.0766 AM
[ReportManager] Initial window size: (800, 600) @14-10-2021 09:03:13.0777 AM
[ReportManager] Window size after SWD Maximize: (1176, 811) @14-10-2021 09:03:13.0796 AM
[ReportManager] Browser Action [MaximizeWindow] successfully performed. With the following test data [New screen size is now: (1176, 811)]. @14-10-2021 09:03:13.0797 A

################################################################################################################################################
Starting Execution:	[70 out of 143] test cases in the current suite
Test Method:		[testPackage01.Test_uploadFile.uploadFile_visibleUploadInput]
################################################################################################################################################
[ReportManager] Target URL: [http://demo.guru99.com/test/upload/] @14-10-2021 09:03:13.0800 AM
[ReportManager] Initial URL: [] @14-10-2021 09:03:13.0877 AM
[ReportManager] Browser Action [NavigateToURL] successfully performed. With the following test data [http://demo.guru99.com/test/upload/]. @14-10-2021 09:03:15.0144 AM
[ReportManager] File Action [GetAbsolutePath] successfully performed. With the following test data [Relative File Path: "src/main/resources/images/shaft.png"]. @14-10-2021 09:03:15.0145 AM
[ReportManager] Successfully created attachment [File Action Actual Result - Command Log] @14-10-2021 09:03:15.0145 AM
[ReportManager] Element Action [TypeFileLocationForUpload] successfully performed. With the following test data [/Users/runner/work/SHAFT_ENGINE/SHAFT_ENGINE/src/main/resources/images/shaft.png]. @14-10-2021 09:03:15.0198 AM
[ReportManager] Element Action [Click] successfully performed. With the following test data [on]. @14-10-2021 09:03:15.0476 AM
[ReportManager] Element Action [Click] successfully performed. With the following test data [ Submit File]. @14-10-2021 09:03:15.0795 AM
[ReportManager] Element Action [GetText] successfully performed. With the following test data [1 file has been successfully uploaded.]. @14-10-2021 09:03:16.0481 AM
[ReportManager] Loaded Shared OpenCV @14-10-2021 09:03:16.0545 AM
[ReportManager] Assertion [ValidateElementAttribute] PASSED. Expected [Value Should be '1 file' for the 'Text' attribute, element locator 'By.id: res'] and Actual [1 file has been successfully uploaded.]. Comparison Type [CONTAINS]. Validation Type [POSITIVE]. @14-10-2021 09:03:16.0727 AM
[ReportManager] Successfully created attachment [Screenshot - 1634202196544_uploadFile_visibleUploadInput_ValidateElementAttribute_passed] @14-10-2021 09:03:16.0729 A
[ReportManager] Browser Action [CloseCurrentWindow] successfully performed. @14-10-2021 09:03:17.0010 AM
[ReportManager] Successfully created attachment [Browser Action Test Data - CloseCurrentWindow - Actual Value] @14-10-2021 09:03:17.0011 A

################################################################################################################################################
Starting Execution:	[71 out of 143] test cases in the current suite
Test Method:		[testPackage01.Test_AssertApiResponseEquals.assertApiResponseEquals_expectedToPass]
################################################################################################################################################
[ReportManager] Response status code: [200], status line: [HTTP/1.1 200 OK] @14-10-2021 09:03:17.0094 AM
[ReportManager] Assertion Passed: Evaluating the actual response status code against the expected one... @14-10-2021 09:03:17.0094 AM
[ReportManager] Assertion [ValidateEquals] PASSED. Expected [200] and Actual [200]. Comparison Type [EQUALS]. Validation Type [POSITIVE]. @14-10-2021 09:03:17.0094 AM
[ReportManager] API Action [PerformRequest] successfully performed. With the following test data [Request Type: "GET" | Target Status Code: "200" | Service URL: "https://jsonplaceholder.typicode.com/users" | Content Type: "*/*" | Response Time: "72ms"]. @14-10-2021 09:03:17.0126 AM
[ReportManager] Successfully created attachment [API Request - Specifications] @14-10-2021 09:03:17.0127 AM
[ReportManager] Successfully created attachment [API Response - JSON Body] @14-10-2021 09:03:17.0128 AM
[ReportManager] API Action [GetResponseJSONValueAsList] successfully performed. With the following test data [$]. @14-10-2021 09:03:17.0139 AM
[ReportManager] API Action [GetResponseJSONValue] successfully performed. With the following test data [name]. @14-10-2021 09:03:17.0155 AM
[ReportManager] API Action [GetResponseJSONValue] successfully performed. With the following test data [email]. @14-10-2021 09:03:17.0170 AM
[ReportManager] Verification [ValidateEquals] PASSED. Expected [Sincere@april.biz] and Actual [Sincere@april.biz]. Comparison Type [EQUALS]. Validation Type [POSITIVE]. @14-10-2021 09:03:17.0171 AM
[ReportManager] API Action [GetResponseJSONValue] successfully performed. With the following test data [username]. @14-10-2021 09:03:17.0189 AM
[ReportManager] Assertion [ValidateEquals] PASSED. Expected [Bret] and Actual [Bret]. Comparison Type [EQUALS]. Validation Type [POSITIVE]. @14-10-2021 09:03:17.0189 AM
[ReportManager] API Action [GetResponseJSONValue] successfully performed. With the following test data [name]. @14-10-2021 09:03:17.0204 AM
[ReportManager] API Action [GetResponseJSONValue] successfully performed. With the following test data [name]. @14-10-2021 09:03:17.0218 AM
[ReportManager] API Action [GetResponseJSONValue] successfully performed. With the following test data [name]. @14-10-2021 09:03:17.0232 AM
[ReportManager] API Action [GetResponseJSONValue] successfully performed. With the following test data [name]. @14-10-2021 09:03:17.0246 AM
[ReportManager] API Action [GetResponseJSONValue] successfully performed. With the following test data [name]. @14-10-2021 09:03:17.0259 AM
[ReportManager] API Action [GetResponseJSONValue] successfully performed. With the following test data [name]. @14-10-2021 09:03:17.0273 AM
[ReportManager] API Action [GetResponseJSONValue] successfully performed. With the following test data [name]. @14-10-2021 09:03:17.0287 AM
[ReportManager] API Action [GetResponseJSONValue] successfully performed. With the following test data [name]. @14-10-2021 09:03:17.0304 AM
[ReportManager] API Action [GetResponseJSONValue] successfully performed. With the following test data [name]. @14-10-2021 09:03:17.0325 A

################################################################################################################################################
Starting Execution:	[72 out of 143] test cases in the current suite
Test Method:		[testPackage01.Test_testData.f]
################################################################################################################################################
[ReportManager] Successfully loaded the following test data file [src/test/resources/TestDataFiles/testSuite01/TestData.xlsx]. @14-10-2021 09:03:17.0389 AM
[ReportManager] Successfully created attachment [Test Data - Excel] @14-10-2021 09:03:17.0390 AM
[ReportManager] Last Column Number is: [3]. Zero-based. @14-10-2021 09:03:17.0391 A

################################################################################################################################################
Starting Execution:	[73 out of 143] test cases in the current suite
Test Method:		[testPackage01.Test_PDF.testPDF_Downloaded]
################################################################################################################################################
[ReportManager] File Action [DoesFileExist] successfully performed. With the following test data [File Path: "src/test/resources/TestDataFiles/sample.pdf"]. @14-10-2021 09:03:17.0404 AM
[ReportManager] File Action [GetAbsolutePath] successfully performed. With the following test data [Relative File Path: "src/test/resources/TestDataFiles/sample.pdf"]. @14-10-2021 09:03:17.0405 AM
[ReportManager] Assertion [ValidateTrue] PASSED. Expected [TRUE] and Actual [TRUE]. Validation Type [POSITIVE]. @14-10-2021 09:03:21.0018 A
[ReportManager] File Action [GetAbsolutePath] successfully performed. With the following test data [Relative Folder Path: "target/downloadedFiles/"]. @14-10-2021 09:03:21.0022 AM
[ReportManager] Attempting to run locally on: [Mac-64], [Safari], Headless Execution. @14-10-2021 09:03:21.0022 AM
[ReportManager] Successfully Opened Safari. @14-10-2021 09:03:21.0850 AM
[ReportManager] Initial window size: (800, 600) @14-10-2021 09:03:21.0858 AM
[ReportManager] Window size after SWD Maximize: (1176, 811) @14-10-2021 09:03:21.0880 AM
[ReportManager] Browser Action [MaximizeWindow] successfully performed. With the following test data [New screen size is now: (1176, 811)]. @14-10-2021 09:03:21.0880 A

################################################################################################################################################
Starting Execution:	[74 out of 143] test cases in the current suite
Test Method:		[testPackage01.Test_ShadowDOM.shadowdom]
################################################################################################################################################
[ReportManager] Target URL: [https://mdn.github.io/web-components-examples/popup-info-box-web-component/] @14-10-2021 09:03:21.0883 AM
[ReportManager] Initial URL: [] @14-10-2021 09:03:21.0921 AM
[ReportManager] Browser Action [NavigateToURL] successfully performed. With the following test data [https://mdn.github.io/web-components-examples/popup-info-box-web-component/]. @14-10-2021 09:03:22.0383 AM
[ReportManager] Element Action [Type] successfully performed. With the following test data [Typing into SHADOW DOM...]. @14-10-2021 09:03:23.0404 AM
[ReportManager] Element Action [GetText] successfully performed. With the following test data [Typing into SHADOW DOM...]. @14-10-2021 09:03:23.0552 AM
[ReportManager] Loaded Shared OpenCV @14-10-2021 09:03:23.0643 AM
[ReportManager] Assertion [ValidateElementAttribute] PASSED. Expected [Value Should be 'Typing into SHADOW DOM...' for the 'Text' attribute, element locator 'By.id: cvc'] and Actual [Typing into SHADOW DOM...]. Comparison Type [EQUALS]. Validation Type [POSITIVE]. @14-10-2021 09:03:23.0764 AM
[ReportManager] Successfully created attachment [Screenshot - 1634202203643_shadowdom_ValidateElementAttribute_passed] @14-10-2021 09:03:23.0767 A
[ReportManager] Browser Action [CloseCurrentWindow] successfully performed. @14-10-2021 09:03:23.0828 AM
[ReportManager] Successfully created attachment [Browser Action Test Data - CloseCurrentWindow - Actual Value] @14-10-2021 09:03:23.0836 A
[ReportManager] File Action [GetAbsolutePath] successfully performed. With the following test data [Relative Folder Path: "target/downloadedFiles/"]. @14-10-2021 09:03:23.0841 AM
[ReportManager] Attempting to run locally on: [Mac-64], [Safari], Headless Execution. @14-10-2021 09:03:23.0841 AM
[ReportManager] Successfully Opened Safari. @14-10-2021 09:03:24.0650 AM
[ReportManager] Initial window size: (800, 600) @14-10-2021 09:03:24.0689 AM
[ReportManager] Window size after SWD Maximize: (1176, 811) @14-10-2021 09:03:24.0717 AM
[ReportManager] Browser Action [MaximizeWindow] successfully performed. With the following test data [New screen size is now: (1176, 811)]. @14-10-2021 09:03:24.0717 A

################################################################################################################################################
Starting Execution:	[75 out of 143] test cases in the current suite
Test Method:		[testPackage01.Test_clipboardActions.typeTextAndCopyPaste]
################################################################################################################################################
[ReportManager] Target URL: [https://www.google.com/ncr], and after redirection: [https://www.google.com] @14-10-2021 09:03:24.0722 AM
[ReportManager] Initial URL: [] @14-10-2021 09:03:24.0824 AM
[ReportManager] Browser Action [NavigateToURL] successfully performed. With the following test data [https://www.google.com/ncr]. @14-10-2021 09:03:26.0052 AM
[ReportManager] Element Action [Type] successfully performed. With the following test data [FIRST]. @14-10-2021 09:03:26.0401 A
[ReportManager] Browser Action [CloseCurrentWindow] successfully performed. @14-10-2021 09:03:26.0627 AM
[ReportManager] Successfully created attachment [Browser Action Test Data - CloseCurrentWindow - Actual Value] @14-10-2021 09:03:26.0628 A

################################################################################################################################################
Starting Execution:	[76 out of 143] test cases in the current suite
Test Method:		[testPackage01.Test_NewValidationHelper.f1]
################################################################################################################################################
[ReportManager] Assertion Passed: Checking valid user data @14-10-2021 09:03:26.0631 AM
[ReportManager] Successfully created attachment [Validation Test Data - Expected Value] @14-10-2021 09:03:26.0632 AM
[ReportManager] Successfully created attachment [Validation Test Data - Actual Value] @14-10-2021 09:03:26.0632 AM
[ReportManager] Assertion [ValidateEquals] PASSED. Expected and Actual values are attached. Comparison Type [EQUALS]. Validation Type [POSITIVE]. @14-10-2021 09:03:26.0632 A
[ReportManager] File Action [GetAbsolutePath] successfully performed. With the following test data [Relative Folder Path: "target/downloadedFiles/"]. @14-10-2021 09:03:26.0634 AM
[ReportManager] Attempting to run locally on: [Mac-64], [Safari], Headless Execution. @14-10-2021 09:03:26.0634 AM
[ReportManager] Successfully Opened Safari. @14-10-2021 09:03:27.0469 AM
[ReportManager] Initial window size: (800, 600) @14-10-2021 09:03:27.0486 AM
[ReportManager] Window size after SWD Maximize: (1176, 811) @14-10-2021 09:03:27.0503 AM
[ReportManager] Browser Action [MaximizeWindow] successfully performed. With the following test data [New screen size is now: (1176, 811)]. @14-10-2021 09:03:27.0503 AM
[ReportManager] Target URL: [https://the-internet.herokuapp.com/] @14-10-2021 09:03:27.0507 AM
[ReportManager] Initial URL: [] @14-10-2021 09:03:27.0568 AM
[ReportManager] Browser Action [NavigateToURL] successfully performed. With the following test data [https://the-internet.herokuapp.com/]. @14-10-2021 09:03:28.0888 A

################################################################################################################################################
Starting Execution:	[77 out of 143] test cases in the current suite
Test Method:		[testPackage01.Test_NewValidationHelper.f10]
################################################################################################################################################
[ReportManager] Assertion [ValidateElementExists] FAILED. Expected [Element Should Exist, locator 'By.tagName: div'] and Actual [Element Exists but is not unique]. Comparison Type [EQUALS]. Validation Type [POSITIVE]. @14-10-2021 09:03:29.0103 AM
[ReportManager] Successfully created attachment [Screenshot - 1634202208995_f10_ValidateElementExists_failed] @14-10-2021 09:03:29.0104 A



################################################################################################################################################
Starting Execution:	[78 out of 143] test cases in the current suite
Test Method:		[testPackage01.Test_NewValidationHelper.f11]
###############################################################################################################################################



################################################################################################################################################
Starting Execution:	[79 out of 143] test cases in the current suite
Test Method:		[testPackage01.Test_NewValidationHelper.f12]
###############################################################################################################################################



################################################################################################################################################
Starting Execution:	[80 out of 143] test cases in the current suite
Test Method:		[testPackage01.Test_NewValidationHelper.f13]
###############################################################################################################################################



################################################################################################################################################
Starting Execution:	[81 out of 143] test cases in the current suite
Test Method:		[testPackage01.Test_NewValidationHelper.f14]
###############################################################################################################################################



################################################################################################################################################
Starting Execution:	[82 out of 143] test cases in the current suite
Test Method:		[testPackage01.Test_NewValidationHelper.f15]
###############################################################################################################################################



################################################################################################################################################
Starting Execution:	[83 out of 143] test cases in the current suite
Test Method:		[testPackage01.Test_NewValidationHelper.f16]
###############################################################################################################################################



################################################################################################################################################
Starting Execution:	[84 out of 143] test cases in the current suite
Test Method:		[testPackage01.Test_NewValidationHelper.f17]
###############################################################################################################################################



################################################################################################################################################
Starting Execution:	[85 out of 143] test cases in the current suite
Test Method:		[testPackage01.Test_NewValidationHelper.f18]
###############################################################################################################################################


################################################################################################################################################
Starting Execution:	[86 out of 143] test cases in the current suite
Test Method:		[testPackage01.Test_NewValidationHelper.f2]
###############################################################################################################################################


################################################################################################################################################
Starting Execution:	[87 out of 143] test cases in the current suite
Test Method:		[testPackage01.Test_NewValidationHelper.f20]
###############################################################################################################################################



################################################################################################################################################
Starting Execution:	[88 out of 143] test cases in the current suite
Test Method:		[testPackage01.Test_NewValidationHelper.f21]
###############################################################################################################################################



################################################################################################################################################
Starting Execution:	[89 out of 143] test cases in the current suite
Test Method:		[testPackage01.Test_NewValidationHelper.f22]
###############################################################################################################################################


################################################################################################################################################
Starting Execution:	[90 out of 143] test cases in the current suite
Test Method:		[testPackage01.Test_NewValidationHelper.f23]
###############################################################################################################################################

################################################################################################################################################
Starting Execution:	[91 out of 143] test cases in the current suite
Test Method:		[testPackage01.Test_NewValidationHelper.f24]
###############################################################################################################################################

################################################################################################################################################
Starting Execution:	[92 out of 143] test cases in the current suite
Test Method:		[testPackage01.Test_NewValidationHelper.f25]
###############################################################################################################################################

################################################################################################################################################
Starting Execution:	[93 out of 143] test cases in the current suite
Test Method:		[testPackage01.Test_NewValidationHelper.f26]
###############################################################################################################################################

################################################################################################################################################
Starting Execution:	[94 out of 143] test cases in the current suite
Test Method:		[testPackage01.Test_NewValidationHelper.f27]
###############################################################################################################################################

################################################################################################################################################
Starting Execution:	[95 out of 143] test cases in the current suite
Test Method:		[testPackage01.Test_NewValidationHelper.f28]
###############################################################################################################################################

################################################################################################################################################
Starting Execution:	[96 out of 143] test cases in the current suite
Test Method:		[testPackage01.Test_NewValidationHelper.f29]
###############################################################################################################################################

################################################################################################################################################
Starting Execution:	[97 out of 143] test cases in the current suite
Test Method:		[testPackage01.Test_NewValidationHelper.f3]
###############################################################################################################################################

################################################################################################################################################
Starting Execution:	[98 out of 143] test cases in the current suite
Test Method:		[testPackage01.Test_NewValidationHelper.f30]
###############################################################################################################################################

################################################################################################################################################
Starting Execution:	[99 out of 143] test cases in the current suite
Test Method:		[testPackage01.Test_NewValidationHelper.f31]
###############################################################################################################################################

################################################################################################################################################
Starting Execution:	[100 out of 143] test cases in the current suite
Test Method:		[testPackage01.Test_NewValidationHelper.f32]
###############################################################################################################################################

################################################################################################################################################
Starting Execution:	[101 out of 143] test cases in the current suite
Test Method:		[testPackage01.Test_NewValidationHelper.f33]
###############################################################################################################################################

################################################################################################################################################
Starting Execution:	[102 out of 143] test cases in the current suite
Test Method:		[testPackage01.Test_NewValidationHelper.f34]
###############################################################################################################################################

################################################################################################################################################
Starting Execution:	[103 out of 143] test cases in the current suite
Test Method:		[testPackage01.Test_NewValidationHelper.f35]
###############################################################################################################################################

################################################################################################################################################
Starting Execution:	[104 out of 143] test cases in the current suite
Test Method:		[testPackage01.Test_NewValidationHelper.f36]
###############################################################################################################################################

################################################################################################################################################
Starting Execution:	[105 out of 143] test cases in the current suite
Test Method:		[testPackage01.Test_NewValidationHelper.f37]
###############################################################################################################################################

################################################################################################################################################
Starting Execution:	[106 out of 143] test cases in the current suite
Test Method:		[testPackage01.Test_NewValidationHelper.f3_1]
###############################################################################################################################################

################################################################################################################################################
Starting Execution:	[107 out of 143] test cases in the current suite
Test Method:		[testPackage01.Test_NewValidationHelper.f4]
###############################################################################################################################################

################################################################################################################################################
Starting Execution:	[108 out of 143] test cases in the current suite
Test Method:		[testPackage01.Test_NewValidationHelper.f5]
###############################################################################################################################################

################################################################################################################################################
Starting Execution:	[109 out of 143] test cases in the current suite
Test Method:		[testPackage01.Test_NewValidationHelper.f6]
###############################################################################################################################################

################################################################################################################################################
Starting Execution:	[110 out of 143] test cases in the current suite
Test Method:		[testPackage01.Test_NewValidationHelper.f6_1]
###############################################################################################################################################

################################################################################################################################################
Starting Execution:	[111 out of 143] test cases in the current suite
Test Method:		[testPackage01.Test_NewValidationHelper.f6_2]
###############################################################################################################################################

################################################################################################################################################
Starting Execution:	[112 out of 143] test cases in the current suite
Test Method:		[testPackage01.Test_NewValidationHelper.f7]
###############################################################################################################################################


################################################################################################################################################
Starting Execution:	[113 out of 143] test cases in the current suite
Test Method:		[testPackage01.Test_NewValidationHelper.f8]
###############################################################################################################################################



################################################################################################################################################
Starting Execution:	[114 out of 143] test cases in the current suite
Test Method:		[testPackage01.Test_NewValidationHelper.f9]
###############################################################################################################################################


################################################################################################################################################
Starting Execution:	[115 out of 143] test cases in the current suite
Test Method:		[testPackage01.Test_NewValidationHelper.forceFail]
###############################################################################################################################################

################################################################################################################################################
Starting Execution:	[116 out of 143] test cases in the current suite
Test Method:		[testPackage01.Test_NewValidationHelper.forceFail2]
###############################################################################################################################################

################################################################################################################################################
Starting Execution:	[117 out of 143] test cases in the current suite
Test Method:		[testPackage01.Test_JsonActions.f]
###############################################################################################################################################

################################################################################################################################################
Starting Execution:	[118 out of 143] test cases in the current suite
Test Method:		[testPackage01.Test_JsonActions.f2]
###############################################################################################################################################

################################################################################################################################################
Starting Execution:	[119 out of 143] test cases in the current suite
Test Method:		[testPackage01.Test_sendGraphqlRequest.sendGraphqlRequestUsingMutationAndVariables]
################################################################################################################################################
[ReportManager] GraphQl Request is being Performed with the Following Parameters [Service URL: https://api.spacex.land/graphql | Request Body: {"variables":"{\"name\": \"sherlock holmes\",\"rocket\": \"221B Baker Street\"}","query":"mutation ($name: String, $rocket: String) {\n  insert_users(objects: {name: $name, rocket: $rocket}) {\n    returning {\n      name\n      rocket\n    }\n  }\n}"}] @14-10-2021 09:03:29.0597 AM
[ReportManager] Response status code: [200], status line: [HTTP/1.1 200 OK] @14-10-2021 09:03:31.0189 AM
[ReportManager] Assertion Passed: Evaluating the actual response status code against the expected one... @14-10-2021 09:03:31.0190 AM
[ReportManager] Assertion [ValidateEquals] PASSED. Expected [200] and Actual [200]. Comparison Type [EQUALS]. Validation Type [POSITIVE]. @14-10-2021 09:03:31.0190 AM
[ReportManager] API Action [PerformRequest] successfully performed. With the following test data [Request Type: "POST" | Target Status Code: "200" | Service URL: "https://api.spacex.land/graphql" | Content Type: "application/json" | Response Time: "1457ms"]. @14-10-2021 09:03:31.0221 AM
[ReportManager] Successfully created attachment [API Request - Specifications] @14-10-2021 09:03:31.0221 AM
[ReportManager] Successfully created attachment [API Request - JSON Body] @14-10-2021 09:03:31.0222 AM
[ReportManager] Successfully created attachment [API Response - JSON Body] @14-10-2021 09:03:31.0222 AM
[ReportManager] API Action [GetResponseJSONValue] successfully performed. With the following test data [data.insert_users.returning[0].name]. @14-10-2021 09:03:31.0268 AM
[ReportManager] Assertion [ValidateEquals] PASSED. Expected [sherlock holmes] and Actual [sherlock holmes]. Comparison Type [EQUALS]. Validation Type [POSITIVE]. @14-10-2021 09:03:31.0268 A

################################################################################################################################################
Starting Execution:	[120 out of 143] test cases in the current suite
Test Method:		[testPackage01.Test_sendGraphqlRequest.sendGraphqlRequestUsingQuery]
################################################################################################################################################
[ReportManager] GraphQl Request is being Performed with the Following Parameters [Service URL: https://api.spacex.land/graphql | Request Body: {"query":"{company {ceo}}"}] @14-10-2021 09:03:31.0273 AM
[ReportManager] Response status code: [200], status line: [HTTP/1.1 200 OK] @14-10-2021 09:03:31.0547 AM
[ReportManager] Assertion Passed: Evaluating the actual response status code against the expected one... @14-10-2021 09:03:31.0547 AM
[ReportManager] Assertion [ValidateEquals] PASSED. Expected [200] and Actual [200]. Comparison Type [EQUALS]. Validation Type [POSITIVE]. @14-10-2021 09:03:31.0548 AM
[ReportManager] API Action [PerformRequest] successfully performed. With the following test data [Request Type: "POST" | Target Status Code: "200" | Service URL: "https://api.spacex.land/graphql" | Content Type: "application/json" | Response Time: "269ms"]. @14-10-2021 09:03:31.0562 AM
[ReportManager] Successfully created attachment [API Request - Specifications] @14-10-2021 09:03:31.0562 AM
[ReportManager] Successfully created attachment [API Request - JSON Body] @14-10-2021 09:03:31.0563 AM
[ReportManager] Successfully created attachment [API Response - JSON Body] @14-10-2021 09:03:31.0564 AM
[ReportManager] API Action [GetResponseJSONValue] successfully performed. With the following test data [data.company.ceo]. @14-10-2021 09:03:31.0575 AM
[ReportManager] Assertion [ValidateEquals] PASSED. Expected [Elon Musk] and Actual [Elon Musk]. Comparison Type [EQUALS]. Validation Type [POSITIVE]. @14-10-2021 09:03:31.0575 A
[ReportManager] File Action [GetAbsolutePath] successfully performed. With the following test data [Relative Folder Path: "target/downloadedFiles/"]. @14-10-2021 09:03:31.0578 AM
[ReportManager] Attempting to run locally on: [Mac-64], [Safari], Headless Execution. @14-10-2021 09:03:31.0578 AM
[ReportManager] Successfully Opened Safari. @14-10-2021 09:03:32.0348 AM
[ReportManager] Initial window size: (800, 600) @14-10-2021 09:03:32.0399 AM
[ReportManager] Window size after SWD Maximize: (1176, 811) @14-10-2021 09:03:32.0432 AM
[ReportManager] Browser Action [MaximizeWindow] successfully performed. With the following test data [New screen size is now: (1176, 811)]. @14-10-2021 09:03:32.0433 A

################################################################################################################################################
Starting Execution:	[121 out of 143] test cases in the current suite
Test Method:		[testPackage01.Test_dragAndDrop.dragAndDropJquery]
################################################################################################################################################
[ReportManager] Target URL: [https://jqueryui.com/resources/demos/droppable/default.html] @14-10-2021 09:03:32.0436 AM
[ReportManager] Initial URL: [] @14-10-2021 09:03:32.0491 AM
[ReportManager] Browser Action [NavigateToURL] successfully performed. With the following test data [https://jqueryui.com/resources/demos/droppable/default.html]. @14-10-2021 09:03:33.0082 AM
[ReportManager] Element Action [GetText] successfully performed. With the following test data [
	Drop here
]. @14-10-2021 09:03:33.0126 AM
[ReportManager] Element Action [DragAndDrop] successfully performed. With the following test data [Start point: (8, 18), End point: (8, 18)]. @14-10-2021 09:03:34.0193 AM
[ReportManager] Element Action [GetText] successfully performed. With the following test data [
	Dropped!
]. @14-10-2021 09:03:34.0222 AM
[ReportManager] Assertion Passed: Checking to see if the text has changed after performing drag and drop @14-10-2021 09:03:34.0223 AM
[ReportManager] Assertion [ValidateEquals] PASSED. Expected [
	Drop here
] and Actual [
	Dropped!
]. Comparison Type [EQUALS]. Validation Type [NEGATIVE]. @14-10-2021 09:03:34.0223 A
[ReportManager] Browser Action [CloseCurrentWindow] successfully performed. @14-10-2021 09:03:34.0322 AM
[ReportManager] Successfully created attachment [Browser Action Test Data - CloseCurrentWindow - Actual Value] @14-10-2021 09:03:34.0323 A
[ReportManager] File Action [GetAbsolutePath] successfully performed. With the following test data [Relative Folder Path: "target/downloadedFiles/"]. @14-10-2021 09:03:34.0325 AM
[ReportManager] Attempting to run locally on: [Mac-64], [Safari], Headless Execution. @14-10-2021 09:03:34.0325 AM
[ReportManager] Successfully Opened Safari. @14-10-2021 09:03:35.0122 AM
[ReportManager] Initial window size: (800, 600) @14-10-2021 09:03:35.0132 AM
[ReportManager] Window size after SWD Maximize: (1176, 811) @14-10-2021 09:03:35.0146 AM
[ReportManager] Browser Action [MaximizeWindow] successfully performed. With the following test data [New screen size is now: (1176, 811)]. @14-10-2021 09:03:35.0146 A

################################################################################################################################################
Starting Execution:	[122 out of 143] test cases in the current suite
Test Method:		[testPackage01.Test_dragAndDrop.dragAndDrop]
Test Description:	[TC001 - Test Drag and Drop function.]
################################################################################################################################################
[ReportManager] Target URL: [http://the-internet.herokuapp.com/drag_and_drop] @14-10-2021 09:03:35.0160 AM
[ReportManager] Initial URL: [] @14-10-2021 09:03:35.0194 AM
[ReportManager] Browser Action [NavigateToURL] successfully performed. With the following test data [http://the-internet.herokuapp.com/drag_and_drop]. @14-10-2021 09:03:36.0278 AM
[ReportManager] Attempting Drag and Drop @14-10-2021 09:03:36.0278 AM
[ReportManager] Element Action [DragAndDrop] successfully performed. With the following test data [Start point: (120, 89), End point: (335, 89)]. @14-10-2021 09:03:36.0925 A
[ReportManager] Browser Action [CloseCurrentWindow] successfully performed. @14-10-2021 09:03:37.0143 AM
[ReportManager] Successfully created attachment [Browser Action Test Data - CloseCurrentWindow - Actual Value] @14-10-2021 09:03:37.0144 A
[ReportManager] File Action [GetAbsolutePath] successfully performed. With the following test data [Relative Folder Path: "target/downloadedFiles/"]. @14-10-2021 09:03:37.0147 AM
[ReportManager] Attempting to run locally on: [Mac-64], [Safari], Headless Execution. @14-10-2021 09:03:37.0148 AM
[ReportManager] Successfully Opened Safari. @14-10-2021 09:03:37.0991 AM
[ReportManager] Initial window size: (800, 600) @14-10-2021 09:03:38.0014 AM
[ReportManager] Window size after SWD Maximize: (1176, 811) @14-10-2021 09:03:38.0028 AM
[ReportManager] Browser Action [MaximizeWindow] successfully performed. With the following test data [New screen size is now: (1176, 811)]. @14-10-2021 09:03:38.0028 A

################################################################################################################################################
Starting Execution:	[123 out of 143] test cases in the current suite
Test Method:		[testPackage01.Test_dragAndDrop.dragAndDropByOffset]
Test Description:	[TC002 - Test Drag and Drop by offset function.]
################################################################################################################################################
[ReportManager] Target URL: [https://jqueryui.com/resources/demos/draggable/default.html] @14-10-2021 09:03:38.0048 AM
[ReportManager] Initial URL: [] @14-10-2021 09:03:38.0132 AM
[ReportManager] Browser Action [NavigateToURL] successfully performed. With the following test data [https://jqueryui.com/resources/demos/draggable/default.html]. @14-10-2021 09:03:38.0848 AM
[ReportManager] Element Action [DragAndDropByOffset] successfully performed. With the following test data [Start point: (8, 8), End point: (108, 58)]. @14-10-2021 09:03:39.0593 A
[ReportManager] Browser Action [CloseCurrentWindow] successfully performed. @14-10-2021 09:03:39.0688 AM
[ReportManager] Successfully created attachment [Browser Action Test Data - CloseCurrentWindow - Actual Value] @14-10-2021 09:03:39.0689 A
[ReportManager] Successfully loaded the following test data file [src/test/resources/TestDataFiles/testSuite01/TestData.xlsx]. @14-10-2021 09:03:39.0741 AM
[ReportManager] Successfully created attachment [Test Data - Excel] @14-10-2021 09:03:39.0742 AM
[ReportManager] File Action [GetAbsolutePath] successfully performed. With the following test data [Relative Folder Path: "target/downloadedFiles/"]. @14-10-2021 09:03:39.0742 AM
[ReportManager] Attempting to run locally on: [Mac-64], [Safari], Headless Execution. @14-10-2021 09:03:39.0742 AM
[ReportManager] Successfully Opened Safari. @14-10-2021 09:03:40.0528 AM
[ReportManager] Initial window size: (800, 600) @14-10-2021 09:03:40.0548 AM
[ReportManager] Window size after SWD Maximize: (1176, 811) @14-10-2021 09:03:40.0561 AM
[ReportManager] Browser Action [MaximizeWindow] successfully performed. With the following test data [New screen size is now: (1176, 811)]. @14-10-2021 09:03:40.0561 A

################################################################################################################################################
Starting Execution:	[124 out of 143] test cases in the current suite
Test Method:		[testPackage01.Test_google.navigateToURLandVerifyGoogleLogoIsDisplayed]
Test Description:	[TC001 - Navigate to URL and Verify Google Logo is Displayed]
################################################################################################################################################
[ReportManager] Target URL: [https://www.google.com/ncr], and after redirection: [https://www.google.com] @14-10-2021 09:03:40.0564 AM
[ReportManager] Initial URL: [] @14-10-2021 09:03:40.0636 AM
[ReportManager] Browser Action [NavigateToURL] successfully performed. With the following test data [https://www.google.com/ncr]. @14-10-2021 09:03:42.0007 AM
[ReportManager] Loaded Shared OpenCV @14-10-2021 09:03:42.0083 AM
[ReportManager] Assertion [ValidateElementExists] PASSED. Expected [Element Should Exist, locator 'By.xpath: //*[@id='hplogo' or @alt='Google']'] and Actual [Element Exists]. Comparison Type [EQUALS]. Validation Type [POSITIVE]. @14-10-2021 09:03:42.0228 AM
[ReportManager] Successfully created attachment [Screenshot - 1634202222083_navigateToURLandVerifyGoogleLogoIsDisplayed_ValidateElementExists_passed] @14-10-2021 09:03:42.0229 A

################################################################################################################################################
Starting Execution:	[125 out of 143] test cases in the current suite
Test Method:		[testPackage01.Test_google.searchForQueryandAssertResultsNumDisplayed]
Test Description:	[TC002 - Search for Query and Assert that the number of results is displayed]
################################################################################################################################################
[ReportManager] Element Action [Type] successfully performed. With the following test data [SHAFT_Engine]. @14-10-2021 09:03:42.0813 AM
[ReportManager] Element Action [KeyPress] successfully performed. With the following test data [Enter]. @14-10-2021 09:03:42.0868 A

################################################################################################################################################
Starting Execution:	[126 out of 143] test cases in the current suite
Test Method:		[testPackage01.Test_google.clickNextThrice]
Test Description:	[TC003 - Clicks the next button to make sure that the framework can scroll element into view before clicking it]
###############################################################################################################################################
[ReportManager] Browser Action [CloseCurrentWindow] successfully performed. @14-10-2021 09:03:42.0969 AM
[ReportManager] Successfully created attachment [Browser Action Test Data - CloseCurrentWindow - Actual Value] @14-10-2021 09:03:42.0973 A

################################################################################################################################################
Starting Execution:	[127 out of 143] test cases in the current suite
Test Method:		[testPackage01.Test_chainableElementActions.chainElementActions]
################################################################################################################################################
[ReportManager] File Action [GetAbsolutePath] successfully performed. With the following test data [Relative Folder Path: "target/downloadedFiles/"]. @14-10-2021 09:03:42.0984 AM
[ReportManager] Attempting to run locally on: [Mac-64], [GoogleChrome], Headless Execution. @14-10-2021 09:03:42.0989 AM
[ReportManager] Identifying OS/Driver combination and selecting the correct driver version automatically. Please note that if a new driver executable will be downloaded it may take some time... @14-10-2021 09:03:42.0990 AM
[ReportManager] Successfully Opened Google Chrome. @14-10-2021 09:03:46.0180 AM
[ReportManager] Initial window size: (800, 600) @14-10-2021 09:03:46.0193 AM
[ReportManager] Window size after SWD Maximize: (800, 600) @14-10-2021 09:03:46.0358 AM
[ReportManager] Window size after Toolkit: (1920, 1080) @14-10-2021 09:03:46.0787 AM
[ReportManager] Browser Action [MaximizeWindow] successfully performed. With the following test data [New screen size is now: (1920, 1080)]. @14-10-2021 09:03:46.0789 AM
[ReportManager] Target URL: [https://www.google.com/ncr], and after redirection: [https://www.google.com] @14-10-2021 09:03:46.0789 AM
[ReportManager] Initial URL: [data:,] @14-10-2021 09:03:46.0823 AM
[ReportManager] Browser Action [NavigateToURL] successfully performed. With the following test data [https://www.google.com/ncr]. @14-10-2021 09:03:47.0781 AM
[ReportManager] Element Action [Type] successfully performed. With the following test data [chained type 1]. @14-10-2021 09:03:48.0193 AM
[ReportManager] Element Action [Type] successfully performed. With the following test data [chained type 2]. @14-10-2021 09:03:48.0559 AM
[ReportManager] Element Action [TypeAppend] successfully performed. With the following test data [345]. @14-10-2021 09:03:48.0631 AM
[ReportManager] Element Action [GetText] successfully performed. With the following test data [chained type 2345]. @14-10-2021 09:03:48.0720 AM
[ReportManager] Loaded Shared OpenCV @14-10-2021 09:03:49.0009 AM
[ReportManager] Assertion [ValidateElementAttribute] PASSED. Expected [Value Should be 'chained type 2345' for the 'text' attribute, element locator 'By.name: q'] and Actual [chained type 2345]. Comparison Type [EQUALS]. Validation Type [POSITIVE]. @14-10-2021 09:03:49.0194 AM
[ReportManager] Successfully created attachment [Screenshot - 1634202229009_chainElementActions_ValidateElementAttribute_passed] @14-10-2021 09:03:49.0195 AM
[ReportManager] Browser Action [CloseCurrentWindow] successfully performed. @14-10-2021 09:03:49.0424 AM
[ReportManager] Successfully created attachment [Browser Action Test Data - CloseCurrentWindow - Actual Value] @14-10-2021 09:03:49.0425 A

################################################################################################################################################
Starting Execution:	[128 out of 143] test cases in the current suite
Test Method:		[testPackage01.Test_JsonCompareWithSpecialCharacters.specialCharacters]
################################################################################################################################################
[ReportManager] File Action [GetAbsolutePath] successfully performed. With the following test data [Relative Folder Path: "src/test/resources/TestJsonFiles/specialCharacters.json"]. @14-10-2021 09:03:49.0443 AM
[ReportManager] File Action [ReadFromFile] successfully performed. With the following test data [File Path: "/Users/runner/work/SHAFT_ENGINE/SHAFT_ENGINE/src/test/resources/TestJsonFiles/specialCharacters.json"]. @14-10-2021 09:03:49.0450 AM
[ReportManager] Successfully created attachment [File Action Actual Result - Command Log] @14-10-2021 09:03:49.0451 AM
[ReportManager] Comparing the provided API response with the file at this path "src/test/resources/TestJsonFiles/specialCharacters.json", comparison type "EQUALS" @14-10-2021 09:03:49.0458 AM
[ReportManager] API Action [CompareJSON] successfully performed. With the following test data [src/test/resources/TestJsonFiles/specialCharacters.json]. @14-10-2021 09:03:49.0467 AM
[ReportManager] File Action [GetAbsolutePath] successfully performed. With the following test data [Relative Folder Path: "src/test/resources/TestJsonFiles/specialCharacters.json"]. @14-10-2021 09:03:49.0467 AM
[ReportManager] File Action [ReadFromFile] successfully performed. With the following test data [File Path: "/Users/runner/work/SHAFT_ENGINE/SHAFT_ENGINE/src/test/resources/TestJsonFiles/specialCharacters.json"]. @14-10-2021 09:03:49.0467 AM
[ReportManager] Verification [ValidateJSONFileContent] PASSED. Expected [Response data should match the JSON File in this path 'src/test/resources/TestJsonFiles/specialCharacters.json'] and Actual [TRUE]. Comparison Type [EQUALS]. Validation Type [POSITIVE]. @14-10-2021 09:03:49.0472 AM
[ReportManager] Successfully created attachment [Validation Test Data - Expected JSON Value] @14-10-2021 09:03:49.0473 AM
[ReportManager] Successfully created attachment [Validation Test Data - Actual JSON Value] @14-10-2021 09:03:49.0473 A

################################################################################################################################################
Starting Execution:	[129 out of 143] test cases in the current suite
Test Method:		[testPackage01.Test_JsonCompareWithSpecialCharacters.specialCharacters_assertion]
################################################################################################################################################
[ReportManager] File Action [GetAbsolutePath] successfully performed. With the following test data [Relative Folder Path: "src/test/resources/TestJsonFiles/specialCharacters.json"]. @14-10-2021 09:03:49.0480 AM
[ReportManager] File Action [ReadFromFile] successfully performed. With the following test data [File Path: "/Users/runner/work/SHAFT_ENGINE/SHAFT_ENGINE/src/test/resources/TestJsonFiles/specialCharacters.json"]. @14-10-2021 09:03:49.0481 AM
[ReportManager] Successfully created attachment [File Action Actual Result - Command Log] @14-10-2021 09:03:49.0482 AM
[ReportManager] Comparing the provided API response with the file at this path "src/test/resources/TestJsonFiles/specialCharacters.json", comparison type "CONTAINS" @14-10-2021 09:03:49.0483 AM
[ReportManager] API Action [CompareJSON] successfully performed. With the following test data [src/test/resources/TestJsonFiles/specialCharacters.json]. @14-10-2021 09:03:49.0505 AM
[ReportManager] File Action [GetAbsolutePath] successfully performed. With the following test data [Relative Folder Path: "src/test/resources/TestJsonFiles/specialCharacters.json"]. @14-10-2021 09:03:49.0506 AM
[ReportManager] File Action [ReadFromFile] successfully performed. With the following test data [File Path: "/Users/runner/work/SHAFT_ENGINE/SHAFT_ENGINE/src/test/resources/TestJsonFiles/specialCharacters.json"]. @14-10-2021 09:03:49.0507 AM
[ReportManager] Assertion Passed: trying out the log message @14-10-2021 09:03:49.0514 AM
[ReportManager] Successfully created attachment [Validation Test Data - Expected JSON Value] @14-10-2021 09:03:49.0516 AM
[ReportManager] Successfully created attachment [Validation Test Data - Actual JSON Value] @14-10-2021 09:03:49.0517 AM
[ReportManager] Assertion [ValidateJSONFileContent] PASSED. Expected [Response data should match the JSON File in this path 'src/test/resources/TestJsonFiles/specialCharacters.json'] and Actual [TRUE]. Comparison Type [CONTAINS]. Validation Type [POSITIVE]. @14-10-2021 09:03:49.0517 A

################################################################################################################################################
Starting Execution:	[130 out of 143] test cases in the current suite
Test Method:		[testPackage01.Test_SkipDueToIssue.doNotSkip]
################################################################################################################################################
[ReportManager] This should not be skipped. @14-10-2021 09:03:49.0524 A

################################################################################################################################################
Starting Execution:	[131 out of 143] test cases in the current suite
Test Method:		[testPackage01.Test_SkipDueToIssue.skip]
################################################################################################################################################
[ReportManager] This should be skipped. @14-10-2021 09:03:49.0537 A

################################################################################################################################################
Starting Execution:	[132 out of 143] test cases in the current suite
Test Method:		[testPackage01.Test_SkipDueToIssue.skip2]
################################################################################################################################################
[ReportManager] This should be skipped. @14-10-2021 09:03:49.0550 A

################################################################################################################################################
Starting Execution:	[133 out of 143] test cases in the current suite
Test Method:		[testPackage01.Test_JSONFileManager.readStringFromJson]
################################################################################################################################################
[ReportManager] Successfully loaded the following test data file [src/test/resources/TestDataFiles/simpleJSON.json]. @14-10-2021 09:03:49.0559 AM
[ReportManager] Successfully created attachment [Test Data - JSON] @14-10-2021 09:03:49.0560 AM
[ReportManager] Assertion [ValidateEquals] PASSED. Expected [Mohab Mohie] and Actual [Mohab Mohie]. Comparison Type [EQUALS]. Validation Type [POSITIVE]. @14-10-2021 09:03:49.0578 A
[ReportManager] File Action [GetAbsolutePath] successfully performed. With the following test data [Relative Folder Path: "target/downloadedFiles/"]. @14-10-2021 09:03:49.0581 AM
[ReportManager] Attempting to run locally on: [Mac-64], [Safari], Headless Execution. @14-10-2021 09:03:49.0581 AM
[ReportManager] Successfully Opened Safari. @14-10-2021 09:03:50.0785 AM
[ReportManager] Initial window size: (800, 600) @14-10-2021 09:03:50.0836 AM
[ReportManager] Window size after SWD Maximize: (1176, 811) @14-10-2021 09:03:50.0854 AM
[ReportManager] Browser Action [MaximizeWindow] successfully performed. With the following test data [New screen size is now: (1176, 811)]. @14-10-2021 09:03:50.0854 A

################################################################################################################################################
Starting Execution:	[134 out of 143] test cases in the current suite
Test Method:		[testPackage01.Test_assertEquals.test_assertElementAttribute]
################################################################################################################################################
[ReportManager] Target URL: [https://www.google.com/ncr], and after redirection: [https://www.google.com] @14-10-2021 09:03:50.0857 AM
[ReportManager] Initial URL: [] @14-10-2021 09:03:50.0948 AM
[ReportManager] Browser Action [NavigateToURL] successfully performed. With the following test data [https://www.google.com/ncr]. @14-10-2021 09:03:51.0809 AM
[ReportManager] Element Action [Type] successfully performed. With the following test data [INC_004010050:Another SCHEDULER with the same name [Duplicate Job Name] already exists.]. @14-10-2021 09:03:54.0532 AM
[ReportManager] Element Action [GetText] successfully performed. With the following test data [INC_004010050:Another SCHEDULER with the same name [Duplicate Job Name] already exists.]. @14-10-2021 09:03:54.0625 AM
[ReportManager] Loaded Shared OpenCV @14-10-2021 09:03:54.0701 AM
[ReportManager] Assertion [ValidateElementAttribute] PASSED. Expected [Value Should be 'INC_004010050:Another SCHEDULER with the same name \[Duplicate Job Name\] already exists.' for the 'text' attribute, element locator 'By.name: q'] and Actual [INC_004010050:Another SCHEDULER with the same name [Duplicate Job Name] already exists.]. Comparison Type [MATCHES]. Validation Type [POSITIVE]. @14-10-2021 09:03:54.0792 AM
[ReportManager] Successfully created attachment [Screenshot - 1634202234701_test_assertElementAttribute_ValidateElementAttribute_passed] @14-10-2021 09:03:54.0793 A
[ReportManager] Browser Action [CloseCurrentWindow] successfully performed. @14-10-2021 09:03:54.0923 AM
[ReportManager] Successfully created attachment [Browser Action Test Data - CloseCurrentWindow - Actual Value] @14-10-2021 09:03:54.0924 A
[ReportManager] File Action [GetAbsolutePath] successfully performed. With the following test data [Relative Folder Path: "target/downloadedFiles/"]. @14-10-2021 09:03:54.0925 AM
[ReportManager] Attempting to run locally on: [Mac-64], [Safari], Headless Execution. @14-10-2021 09:03:54.0926 AM
[ReportManager] Successfully Opened Safari. @14-10-2021 09:03:55.0741 AM
[ReportManager] Initial window size: (800, 600) @14-10-2021 09:03:55.0764 AM
[ReportManager] Window size after SWD Maximize: (1176, 811) @14-10-2021 09:03:55.0780 AM
[ReportManager] Browser Action [MaximizeWindow] successfully performed. With the following test data [New screen size is now: (1176, 811)]. @14-10-2021 09:03:55.0781 A

################################################################################################################################################
Starting Execution:	[135 out of 143] test cases in the current suite
Test Method:		[testPackage01.Test_IsElementClickable.testIsElementClickable]
################################################################################################################################################
[ReportManager] Target URL: [https://the-internet.herokuapp.com/] @14-10-2021 09:03:55.0800 AM
[ReportManager] Initial URL: [] @14-10-2021 09:03:55.0855 AM
[ReportManager] Browser Action [NavigateToURL] successfully performed. With the following test data [https://the-internet.herokuapp.com/]. @14-10-2021 09:03:57.0065 AM
[ReportManager] Element Action [IsElementClickable] successfully performed. @14-10-2021 09:03:57.0184 AM
[ReportManager] Assertion [ValidateTrue] PASSED. Expected [TRUE] and Actual [TRUE]. Validation Type [POSITIVE]. @14-10-2021 09:03:57.0184 A
[ReportManager] Browser Action [CloseCurrentWindow] successfully performed. @14-10-2021 09:03:57.0236 AM
[ReportManager] Successfully created attachment [Browser Action Test Data - CloseCurrentWindow - Actual Value] @14-10-2021 09:03:57.0240 A
[ReportManager] Successfully loaded the following test data file [src/test/resources/TestDataFiles/testSuite01/TestData.xlsx]. @14-10-2021 09:03:57.0286 AM
[ReportManager] Successfully created attachment [Test Data - Excel] @14-10-2021 09:03:57.0287 AM
[ReportManager] Attempting to run using Playwright locally on: [Mac-64], [Safari], Headless Execution. @14-10-2021 09:04:22.0653 AM
[ReportManager] File Action [GetAbsolutePath] successfully performed. With the following test data [Relative Folder Path: "target/downloadedFiles/"]. @14-10-2021 09:04:22.0655 AM
[ReportManager] Initial window size: (1280, 720) @14-10-2021 09:04:29.0119 AM
[ReportManager] Window size after Toolkit: com.microsoft.playwright.options.ViewportSize@76486f75 @14-10-2021 09:04:29.0130 AM
[ReportManager] Browser Action [MaximizeWindow] successfully performed. With the following test data [New screen size is now: (1920, 1080)]. @14-10-2021 09:04:29.0131 A

################################################################################################################################################
Starting Execution:	[136 out of 143] test cases in the current suite
Test Method:		[testPackage01.Test_google_playwright.navigateToURLandVerifyGoogleLogoIsDisplayed]
Test Description:	[TC001 - Navigate to URL and Verify Google Logo is Displayed]
################################################################################################################################################
[ReportManager] Target URL: [https://www.google.com/ncr], and after redirection: [https://www.google.com] @14-10-2021 09:04:29.0136 AM
[ReportManager] Initial URL: [about:blank] @14-10-2021 09:04:29.0720 AM
[ReportManager] Browser Action [NavigateToURL] successfully performed. With the following test data [https://www.google.com/ncr]. @14-10-2021 09:04:31.0386 AM
[ReportManager] Loaded Shared OpenCV @14-10-2021 09:04:31.0484 AM
[ReportManager] Assertion [ValidateElementExists] PASSED. Expected [Element Should Exist, locator 'xpath=//*[@id='hplogo' or @alt='Google']'] and Actual [Element Exists]. Comparison Type [EQUALS]. Validation Type [POSITIVE]. @14-10-2021 09:04:31.0671 AM
[ReportManager] Successfully created attachment [Screenshot - 1634202271480_navigateToURLandVerifyGoogleLogoIsDisplayed_ValidateElementExists_passed] @14-10-2021 09:04:31.0673 A

################################################################################################################################################
Starting Execution:	[137 out of 143] test cases in the current suite
Test Method:		[testPackage01.Test_google_playwright.searchForQueryandAssertResultsNumDisplayed]
Test Description:	[TC002 - Search for Query and Assert that the number of results is displayed]
################################################################################################################################################
[ReportManager] Element Action [Type] successfully performed. With the following test data [SHAFT_Engine]. @14-10-2021 09:04:31.0886 AM
[ReportManager] Element Action [KeyPress] successfully performed. With the following test data [Enter]. @14-10-2021 09:04:31.0993 AM
[ReportManager] Element Action [GetText] successfully performed. With the following test data [About 1,120,000 results (0.81 seconds)Â 
]. @14-10-2021 09:04:33.0935 AM
[ReportManager] Loaded Shared OpenCV @14-10-2021 09:04:34.0552 AM
[ReportManager] Assertion [ValidateElementAttribute] PASSED. Expected [Value Should not be '' for the 'text' attribute, element locator 'xpath=//div[@id='appbar']'] and Actual [About 1,120,000 results (0.81 seconds)Â 
]. Comparison Type [EQUALS]. Validation Type [NEGATIVE]. @14-10-2021 09:04:34.0793 AM
[ReportManager] Successfully created attachment [Screenshot - 1634202274550_searchForQueryandAssertResultsNumDisplayed_ValidateElementAttribute_passed] @14-10-2021 09:04:34.0796 A

################################################################################################################################################
Starting Execution:	[138 out of 143] test cases in the current suite
Test Method:		[testPackage01.Test_google_playwright.clickNextThrice]
Test Description:	[TC003 - Clicks the next button to make sure that the framework can scroll element into view before clicking it]
################################################################################################################################################
[ReportManager] Element Action [Click] successfully performed. With the following test data [Next]. @14-10-2021 09:04:35.0078 A
[ReportManager] Failed to find video recording. @14-10-2021 09:04:35.0080 AM
[ReportManager] Successfully Closed PlayWright Driver. @14-10-2021 09:04:35.0124 A
[ReportManager] File Action [GetAbsolutePath] successfully performed. With the following test data [Relative Folder Path: "target/downloadedFiles/"]. @14-10-2021 09:04:35.0131 AM
[ReportManager] Attempting to run locally on: [Mac-64], [Safari], Headless Execution. @14-10-2021 09:04:35.0131 AM
[ReportManager] Successfully Opened Safari. @14-10-2021 09:04:35.0935 AM
[ReportManager] Initial window size: (800, 600) @14-10-2021 09:04:35.0958 AM
[ReportManager] Window size after SWD Maximize: (1176, 811) @14-10-2021 09:04:35.0970 AM
[ReportManager] Browser Action [MaximizeWindow] successfully performed. With the following test data [New screen size is now: (1176, 811)]. @14-10-2021 09:04:35.0970 A

################################################################################################################################################
Starting Execution:	[139 out of 143] test cases in the current suite
Test Method:		[testPackage01.Test_verifyEquals.test_assertElementAttribute]
################################################################################################################################################
[ReportManager] Target URL: [https://www.google.com/ncr], and after redirection: [https://www.google.com] @14-10-2021 09:04:35.0976 AM
[ReportManager] Initial URL: [] @14-10-2021 09:04:36.0031 AM
[ReportManager] Browser Action [NavigateToURL] successfully performed. With the following test data [https://www.google.com/ncr]. @14-10-2021 09:04:37.0428 AM
[ReportManager] Element Action [Type] successfully performed. With the following test data [INC_004010050:Another SCHEDULER with the same name [Duplicate Job Name] already exists.]. @14-10-2021 09:04:39.0959 AM
[ReportManager] Element Action [GetText] successfully performed. With the following test data [INC_004010050:Another SCHEDULER with the same name [Duplicate Job Name] already exists.]. @14-10-2021 09:04:40.0029 AM
[ReportManager] Loaded Shared OpenCV @14-10-2021 09:04:40.0080 AM
[ReportManager] Verification [ValidateElementAttribute] PASSED. Expected [Value Should be 'INC_004010050:Another SCHEDULER with the same name \[Duplicate Job Name\] already exists.' for the 'text' attribute, element locator 'By.name: q'] and Actual [INC_004010050:Another SCHEDULER with the same name [Duplicate Job Name] already exists.]. Comparison Type [MATCHES]. Validation Type [POSITIVE]. @14-10-2021 09:04:40.0231 AM
[ReportManager] Successfully created attachment [Screenshot - 1634202280080_test_assertElementAttribute_ValidateElementAttribute_passed] @14-10-2021 09:04:40.0232 A
[ReportManager] Browser Action [CloseCurrentWindow] successfully performed. @14-10-2021 09:04:40.0278 AM
[ReportManager] Successfully created attachment [Browser Action Test Data - CloseCurrentWindow - Actual Value] @14-10-2021 09:04:40.0279 A

################################################################################################################################################
Starting Execution:	[140 out of 143] test cases in the current suite
Test Method:		[testPackage01.Test_SelectedValue.multipleSelect]
################################################################################################################################################
[ReportManager] File Action [GetAbsolutePath] successfully performed. With the following test data [Relative Folder Path: "target/downloadedFiles/"]. @14-10-2021 09:04:40.0285 AM
[ReportManager] Attempting to run locally on: [Mac-64], [GoogleChrome], Headless Execution. @14-10-2021 09:04:40.0286 AM
[ReportManager] Identifying OS/Driver combination and selecting the correct driver version automatically. Please note that if a new driver executable will be downloaded it may take some time... @14-10-2021 09:04:40.0286 AM
[ReportManager] Successfully Opened Google Chrome. @14-10-2021 09:04:40.0889 AM
[ReportManager] Initial window size: (800, 600) @14-10-2021 09:04:40.0895 AM
[ReportManager] Window size after SWD Maximize: (800, 600) @14-10-2021 09:04:41.0106 AM
[ReportManager] Window size after Toolkit: (1920, 1080) @14-10-2021 09:04:41.0569 AM
[ReportManager] Browser Action [MaximizeWindow] successfully performed. With the following test data [New screen size is now: (1920, 1080)]. @14-10-2021 09:04:41.0571 AM
[ReportManager] Target URL: [https://yari-demos.prod.mdn.mozit.cloud/en-US/docs/Web/HTML/Element/select/_sample_.Advanced_select_with_multiple_features.html] @14-10-2021 09:04:41.0571 AM
[ReportManager] Initial URL: [data:,] @14-10-2021 09:04:41.0596 AM
[ReportManager] Browser Action [NavigateToURL] successfully performed. With the following test data [https://yari-demos.prod.mdn.mozit.cloud/en-US/docs/Web/HTML/Element/select/_sample_.Advanced_select_with_multiple_features.html]. @14-10-2021 09:04:41.0832 A

################################################################################################################################################
Starting Execution:	[141 out of 143] test cases in the current suite
Test Method:		[testPackage01.Test_SelectedValue.simpleSelect]
################################################################################################################################################
[ReportManager] File Action [GetAbsolutePath] successfully performed. With the following test data [Relative Folder Path: "target/downloadedFiles/"]. @14-10-2021 09:04:41.0912 AM
[ReportManager] Attempting to run locally on: [Mac-64], [GoogleChrome], Headless Execution. @14-10-2021 09:04:41.0913 AM
[ReportManager] Identifying OS/Driver combination and selecting the correct driver version automatically. Please note that if a new driver executable will be downloaded it may take some time... @14-10-2021 09:04:41.0913 AM
[ReportManager] Successfully Opened Google Chrome. @14-10-2021 09:04:42.0495 AM
[ReportManager] Initial window size: (800, 600) @14-10-2021 09:04:42.0499 AM
[ReportManager] Window size after SWD Maximize: (800, 600) @14-10-2021 09:04:42.0716 AM
[ReportManager] Window size after Toolkit: (1920, 1080) @14-10-2021 09:04:43.0254 AM
[ReportManager] Browser Action [MaximizeWindow] successfully performed. With the following test data [New screen size is now: (1920, 1080)]. @14-10-2021 09:04:43.0256 AM
[ReportManager] Target URL: [https://yari-demos.prod.mdn.mozit.cloud/en-US/docs/Web/HTML/Element/select/_sample_.Basic_select.html] @14-10-2021 09:04:43.0256 AM
[ReportManager] Initial URL: [data:,] @14-10-2021 09:04:43.0292 AM
[ReportManager] Browser Action [NavigateToURL] successfully performed. With the following test data [https://yari-demos.prod.mdn.mozit.cloud/en-US/docs/Web/HTML/Element/select/_sample_.Basic_select.html]. @14-10-2021 09:04:43.0490 A
[ReportManager] File Action [GetAbsolutePath] successfully performed. With the following test data [Relative Folder Path: "target/downloadedFiles/"]. @14-10-2021 09:04:43.0555 AM
[ReportManager] Attempting to run locally on: [Mac-64], [Safari], Headless Execution. @14-10-2021 09:04:43.0555 AM
[ReportManager] Successfully Opened Safari. @14-10-2021 09:04:44.0320 AM
[ReportManager] Initial window size: (800, 600) @14-10-2021 09:04:44.0352 AM
[ReportManager] Window size after SWD Maximize: (1176, 811) @14-10-2021 09:04:44.0384 AM
[ReportManager] Browser Action [MaximizeWindow] successfully performed. With the following test data [New screen size is now: (1176, 811)]. @14-10-2021 09:04:44.0384 A

################################################################################################################################################
Starting Execution:	[142 out of 143] test cases in the current suite
Test Method:		[testPackage01.Test_dynamicLoading.dynamicLoading_elementIsHidden]
################################################################################################################################################
[ReportManager] Target URL: [https://the-internet.herokuapp.com/dynamic_loading/1] @14-10-2021 09:04:44.0388 AM
[ReportManager] Initial URL: [] @14-10-2021 09:04:44.0455 AM
[ReportManager] Browser Action [NavigateToURL] successfully performed. With the following test data [https://the-internet.herokuapp.com/dynamic_loading/1]. @14-10-2021 09:04:45.0622 AM
[ReportManager] Element Action [Click] successfully performed. With the following test data [Start]. @14-10-2021 09:04:45.0875 AM
[ReportManager] Element Action [GetText] successfully performed. With the following test data [
    Hello World!
  ]. @14-10-2021 09:04:45.0904 A
[ReportManager] Browser Action [CloseCurrentWindow] successfully performed. @14-10-2021 09:04:46.0174 AM
[ReportManager] Successfully created attachment [Browser Action Test Data - CloseCurrentWindow - Actual Value] @14-10-2021 09:04:46.0174 A
[ReportManager] File Action [GetAbsolutePath] successfully performed. With the following test data [Relative Folder Path: "target/downloadedFiles/"]. @14-10-2021 09:04:46.0176 AM
[ReportManager] Attempting to run locally on: [Mac-64], [Safari], Headless Execution. @14-10-2021 09:04:46.0177 AM
[ReportManager] Successfully Opened Safari. @14-10-2021 09:04:47.0096 AM
[ReportManager] Initial window size: (800, 600) @14-10-2021 09:04:47.0119 AM
[ReportManager] Window size after SWD Maximize: (1176, 811) @14-10-2021 09:04:47.0131 AM
[ReportManager] Browser Action [MaximizeWindow] successfully performed. With the following test data [New screen size is now: (1176, 811)]. @14-10-2021 09:04:47.0131 A

################################################################################################################################################
Starting Execution:	[143 out of 143] test cases in the current suite
Test Method:		[testPackage01.Test_dynamicLoading.dynamicLoading_elementIsRendered]
################################################################################################################################################
[ReportManager] Target URL: [https://the-internet.herokuapp.com/dynamic_loading/2] @14-10-2021 09:04:48.0103 AM
[ReportManager] Initial URL: [] @14-10-2021 09:04:48.0140 AM
[ReportManager] Browser Action [NavigateToURL] successfully performed. With the following test data [https://the-internet.herokuapp.com/dynamic_loading/2]. @14-10-2021 09:04:49.0364 AM
[ReportManager] Element Action [Click] successfully performed. With the following test data [Start]. @14-10-2021 09:04:49.0621 A
[ReportManager] Browser Action [CloseCurrentWindow] successfully performed. @14-10-2021 09:04:49.0742 AM
[ReportManager] Successfully created attachment [Browser Action Test Data - CloseCurrentWindow - Actual Value] @14-10-2021 09:04:49.0742 A

################################################################################################################################################
Test Closure Activities
################################################################################################################################################
[ReportManager] Successfully created attachment [SHAFT Engine Logs - Execution log] @14-10-2021 09:04:50.0328 AM

################################################################################################################################################
This test run was powered by SHAFT Engine Version: [SHAFT Engine v5.4.20211011]
SHAFT Engine is licensed under the MIT License: [https://github.com/MohabMohie/SHAFT_ENGINE/blob/master/LICENSE].
################################################################################################################################################