################################################################################################################################################
Detected SHAFT Engine Version: [SHAFT Engine v5.4.20211030-BETA]
################################################################################################################################################
[ReportManager] File Action [GetAbsolutePath] successfully performed. With the following test data [Relative Folder Path: "target/downloadedFiles/"]. @01-11-2021 22:00:49.0918 PM
[ReportManager] Attempting to run locally on: [Mac-64], [Safari], Headless Execution. @01-11-2021 22:00:49.0941 PM
[ReportManager] Successfully Opened Safari. @01-11-2021 22:00:55.0238 PM
[ReportManager] Initial window size: (800, 600) @01-11-2021 22:00:55.0263 PM
[ReportManager] Window size after SWD Maximize: (1176, 810) @01-11-2021 22:00:55.0298 PM
[ReportManager] Browser Action [MaximizeWindow] successfully performed. With the following test data [New screen size is now: (1176, 810)]. @01-11-2021 22:00:55.0311 P

################################################################################################################################################
Starting Execution:	[1 out of 143] test cases in the current suite
Test Method:		[unitTests.tests_element_elementActions.waitForElementToBePresent_false_expectedToFail]
################################################################################################################################################
[ReportManager] Target URL: [https://www.google.com/ncr], and after redirection: [www.google.com] @01-11-2021 22:00:55.0463 PM
[ReportManager] Initial URL: [] @01-11-2021 22:00:55.0529 PM
[ReportManager] Browser Action [NavigateToURL] successfully performed. With the following test data [https://www.google.com/ncr]. @01-11-2021 22:00:56.0988 PM
[ReportManager] Waiting for element to be present; elementLocator [By.xpath: //*[@id='hplogo' or @alt='Google']], numberOfTries[1], stateOfPresence[false]... @01-11-2021 22:00:56.0997 PM
[ReportManager] Element Action [WaitForElementToBePresent] failed. With the following test data [waited for the element's state of presence to be (false). Element locator (By.xpath: //*[@id='hplogo' or @alt='Google'])]. @01-11-2021 22:00:59.0912 PM
[ReportManager] Successfully created attachment [Screenshot - 1635804057115_waitForElementToBePresent_false_expectedToFail_WaitForElementToBePresent_failed] @01-11-2021 22:00:59.0960 P
[ReportManager] Browser Action [CloseCurrentWindow] successfully performed. @01-11-2021 22:01:00.0160 PM
[ReportManager] Successfully created attachment [Browser Action Test Data - CloseCurrentWindow - Actual Value] @01-11-2021 22:01:00.0167 P
[ReportManager] File Action [GetAbsolutePath] successfully performed. With the following test data [Relative Folder Path: "target/downloadedFiles/"]. @01-11-2021 22:01:00.0219 PM
[ReportManager] Attempting to run locally on: [Mac-64], [Safari], Headless Execution. @01-11-2021 22:01:00.0220 PM
[ReportManager] Successfully Opened Safari. @01-11-2021 22:01:01.0216 PM
[ReportManager] Initial window size: (800, 600) @01-11-2021 22:01:01.0225 PM
[ReportManager] Window size after SWD Maximize: (1176, 811) @01-11-2021 22:01:01.0307 PM
[ReportManager] Browser Action [MaximizeWindow] successfully performed. With the following test data [New screen size is now: (1176, 811)]. @01-11-2021 22:01:01.0308 P

################################################################################################################################################
Starting Execution:	[2 out of 143] test cases in the current suite
Test Method:		[unitTests.tests_element_elementActions.waitForElementToBePresent_false_expectedToPass]
################################################################################################################################################
[ReportManager] Target URL: [https://www.google.com/ncr], and after redirection: [www.google.com] @01-11-2021 22:01:01.0314 PM
[ReportManager] Initial URL: [] @01-11-2021 22:01:01.0389 PM
[ReportManager] Browser Action [NavigateToURL] successfully performed. With the following test data [https://www.google.com/ncr]. @01-11-2021 22:01:02.0536 PM
[ReportManager] Waiting for element to be present; elementLocator [By.id: bla], numberOfTries[1], stateOfPresence[false]... @01-11-2021 22:01:02.0537 P
[ReportManager] Browser Action [CloseCurrentWindow] successfully performed. @01-11-2021 22:01:02.0661 PM
[ReportManager] Successfully created attachment [Browser Action Test Data - CloseCurrentWindow - Actual Value] @01-11-2021 22:01:02.0663 P
[ReportManager] File Action [GetAbsolutePath] successfully performed. With the following test data [Relative Folder Path: "target/downloadedFiles/"]. @01-11-2021 22:01:02.0694 PM
[ReportManager] Attempting to run locally on: [Mac-64], [Safari], Headless Execution. @01-11-2021 22:01:02.0694 PM
[ReportManager] Successfully Opened Safari. @01-11-2021 22:01:03.0575 PM
[ReportManager] Initial window size: (800, 600) @01-11-2021 22:01:03.0585 PM
[ReportManager] Window size after SWD Maximize: (1176, 811) @01-11-2021 22:01:03.0609 PM
[ReportManager] Browser Action [MaximizeWindow] successfully performed. With the following test data [New screen size is now: (1176, 811)]. @01-11-2021 22:01:03.0610 P

################################################################################################################################################
Starting Execution:	[3 out of 143] test cases in the current suite
Test Method:		[unitTests.tests_element_elementActions.waitForElementToBePresent_moreThanOneElement_expectedToFail]
################################################################################################################################################
[ReportManager] Target URL: [https://www.google.com/ncr], and after redirection: [www.google.com] @01-11-2021 22:01:03.0613 PM
[ReportManager] Initial URL: [] @01-11-2021 22:01:03.0696 PM
[ReportManager] Browser Action [NavigateToURL] successfully performed. With the following test data [https://www.google.com/ncr]. @01-11-2021 22:01:04.0855 PM
[ReportManager] Waiting for element to be present; elementLocator [By.xpath: //*], numberOfTries[1], stateOfPresence[false]... @01-11-2021 22:01:04.0855 PM
[ReportManager] Element Action [WaitForElementToBePresent] failed. With the following test data [waited for the element's state of presence to be (false). Element locator (By.xpath: //*)]. @01-11-2021 22:01:05.0148 PM
[ReportManager] Successfully created attachment [Screenshot - 1635804064953_waitForElementToBePresent_moreThanOneElement_expectedToFail_WaitForElementToBePresent_failed] @01-11-2021 22:01:05.0164 P
[ReportManager] Browser Action [CloseCurrentWindow] successfully performed. @01-11-2021 22:01:05.0256 PM
[ReportManager] Successfully created attachment [Browser Action Test Data - CloseCurrentWindow - Actual Value] @01-11-2021 22:01:05.0264 P
[ReportManager] File Action [GetAbsolutePath] successfully performed. With the following test data [Relative Folder Path: "target/downloadedFiles/"]. @01-11-2021 22:01:05.0283 PM
[ReportManager] Attempting to run locally on: [Mac-64], [Safari], Headless Execution. @01-11-2021 22:01:05.0284 PM
[ReportManager] Successfully Opened Safari. @01-11-2021 22:01:06.0180 PM
[ReportManager] Initial window size: (800, 600) @01-11-2021 22:01:06.0199 PM
[ReportManager] Window size after SWD Maximize: (1176, 811) @01-11-2021 22:01:06.0238 PM
[ReportManager] Browser Action [MaximizeWindow] successfully performed. With the following test data [New screen size is now: (1176, 811)]. @01-11-2021 22:01:06.0239 P

################################################################################################################################################
Starting Execution:	[4 out of 143] test cases in the current suite
Test Method:		[unitTests.tests_element_elementActions.waitForElementToBePresent_true_expectedToFail]
################################################################################################################################################
[ReportManager] Target URL: [https://www.google.com/ncr], and after redirection: [www.google.com] @01-11-2021 22:01:06.0260 PM
[ReportManager] Initial URL: [] @01-11-2021 22:01:06.0320 PM
[ReportManager] Browser Action [NavigateToURL] successfully performed. With the following test data [https://www.google.com/ncr]. @01-11-2021 22:01:07.0441 PM
[ReportManager] Waiting for element to be present; elementLocator [By.id: bla], numberOfTries[1], stateOfPresence[true]... @01-11-2021 22:01:07.0441 P
[ReportManager] Browser Action [CloseCurrentWindow] successfully performed. @01-11-2021 22:01:07.0548 PM
[ReportManager] Successfully created attachment [Browser Action Test Data - CloseCurrentWindow - Actual Value] @01-11-2021 22:01:07.0557 P
[ReportManager] File Action [GetAbsolutePath] successfully performed. With the following test data [Relative Folder Path: "target/downloadedFiles/"]. @01-11-2021 22:01:07.0577 PM
[ReportManager] Attempting to run locally on: [Mac-64], [Safari], Headless Execution. @01-11-2021 22:01:07.0578 PM
[ReportManager] Successfully Opened Safari. @01-11-2021 22:01:08.0502 PM
[ReportManager] Initial window size: (800, 600) @01-11-2021 22:01:08.0513 PM
[ReportManager] Window size after SWD Maximize: (1176, 811) @01-11-2021 22:01:08.0537 PM
[ReportManager] Browser Action [MaximizeWindow] successfully performed. With the following test data [New screen size is now: (1176, 811)]. @01-11-2021 22:01:08.0537 P

################################################################################################################################################
Starting Execution:	[5 out of 143] test cases in the current suite
Test Method:		[unitTests.tests_element_elementActions.waitForElementToBePresent_true_expectedToPass]
################################################################################################################################################
[ReportManager] Target URL: [https://www.google.com/ncr], and after redirection: [www.google.com] @01-11-2021 22:01:08.0577 PM
[ReportManager] Initial URL: [] @01-11-2021 22:01:08.0642 PM
[ReportManager] Browser Action [NavigateToURL] successfully performed. With the following test data [https://www.google.com/ncr]. @01-11-2021 22:01:09.0637 PM
[ReportManager] Waiting for element to be present; elementLocator [By.xpath: //*[@id='hplogo' or @alt='Google']], numberOfTries[1], stateOfPresence[true]... @01-11-2021 22:01:09.0637 PM
[ReportManager] Element Action [WaitForElementToBePresent] successfully performed. With the following test data [waited for the element's state of presence to be (true). Element locator (By.xpath: //*[@id='hplogo' or @alt='Google'])]. @01-11-2021 22:01:09.0668 PM
[ReportManager] File Action [DoesFileExist] successfully performed. With the following test data [File Path: "src/main/resources/dynamicObjectRepository/unitTests_tests_element_elementActions_waitForElementToBePresent_true_expectedToPass_By_xpath_id_hplogo_or_alt_Google.png"]. @01-11-2021 22:01:09.0699 PM
[ReportManager] File Action [DoesFileExist] successfully performed. With the following test data [File Path: "src/main/resources/dynamicObjectRepository/unitTests_tests_element_elementActions_waitForElementToBePresent_true_expectedToPass_By_xpath_id_hplogo_or_alt_Google.png"]. @01-11-2021 22:01:09.0844 PM
[ReportManager] Passing the test and saving a reference image @01-11-2021 22:01:09.0845 PM
[ReportManager] File Action [GetAbsolutePath] successfully performed. With the following test data [Relative File Path: "src/main/resources/dynamicObjectRepository/unitTests_tests_element_elementActions_waitForElementToBePresent_true_expectedToPass_By_xpath_id_hplogo_or_alt_Google.png"]. @01-11-2021 22:01:09.0845 PM
[ReportManager] File Action [WriteToFile] successfully performed. With the following test data [Target File Path: "/Users/runner/work/SHAFT_ENGINE/SHAFT_ENGINE/src/main/resources/dynamicObjectRepository/unitTests_tests_element_elementActions_waitForElementToBePresent_true_expectedToPass_By_xpath_id_hplogo_or_alt_Google.png"]. @01-11-2021 22:01:09.0883 PM
[ReportManager] Assertion Passed: Using Visual AI; OpenCV @01-11-2021 22:01:09.0887 PM
[ReportManager] Successfully created attachment [Validation Test Data - Actual Screenshot] @01-11-2021 22:01:09.0899 PM
[ReportManager] Assertion [ValidateElementMatches] PASSED. Expected [Element should match the reference screenshot] and Actual [TRUE]. Comparison Type [EXACT_OPENCV]. Validation Type [POSITIVE]. @01-11-2021 22:01:09.0899 P
[ReportManager] Browser Action [CloseCurrentWindow] successfully performed. @01-11-2021 22:01:10.0138 PM
[ReportManager] Successfully created attachment [Browser Action Test Data - CloseCurrentWindow - Actual Value] @01-11-2021 22:01:10.0146 P
[ReportManager] File Action [GetAbsolutePath] successfully performed. With the following test data [Relative Folder Path: "target/downloadedFiles/"]. @01-11-2021 22:01:10.0166 PM
[ReportManager] Attempting to run locally on: [Mac-64], [Safari], Headless Execution. @01-11-2021 22:01:10.0166 PM
[ReportManager] Successfully Opened Safari. @01-11-2021 22:01:11.0039 PM
[ReportManager] Initial window size: (800, 600) @01-11-2021 22:01:11.0048 PM
[ReportManager] Window size after SWD Maximize: (1176, 811) @01-11-2021 22:01:11.0082 PM
[ReportManager] Browser Action [MaximizeWindow] successfully performed. With the following test data [New screen size is now: (1176, 811)]. @01-11-2021 22:01:11.0083 PM
[ReportManager] Target URL: [https://duckduckgo.com] @01-11-2021 22:01:11.0083 PM
[ReportManager] Initial URL: [] @01-11-2021 22:01:11.0155 PM
[ReportManager] Browser Action [NavigateToURL] successfully performed. With the following test data [https://duckduckgo.com]. @01-11-2021 22:01:12.0209 P

################################################################################################################################################
Starting Execution:	[6 out of 143] test cases in the current suite
Test Method:		[unitTests.tests_browserActions.fullScreenWindow]
################################################################################################################################################
[ReportManager] Initial Windows Size: 1176x811 @01-11-2021 22:01:12.0230 PM
[ReportManager] Current Windows Size after fullScreen: 1176x885 @01-11-2021 22:01:12.0521 PM
[ReportManager] Browser Action [FullScreenWindow] successfully performed. @01-11-2021 22:01:12.0550 PM
[ReportManager] Successfully created attachment [Browser Action Test Data - FullScreenWindow - Actual Value] @01-11-2021 22:01:12.0562 P
[ReportManager] Target URL: [https://duckduckgo.com] @01-11-2021 22:01:12.0586 PM
[ReportManager] Initial URL: [https://duckduckgo.com] @01-11-2021 22:01:12.0655 PM
[ReportManager] Browser Action [NavigateToURL] successfully performed. With the following test data [https://duckduckgo.com]. @01-11-2021 22:01:13.0152 PM
[ReportManager] Browser Action [CloseCurrentWindow] successfully performed. @01-11-2021 22:01:13.0256 PM
[ReportManager] Successfully created attachment [Browser Action Test Data - CloseCurrentWindow - Actual Value] @01-11-2021 22:01:13.0264 P
[ReportManager] File Action [GetAbsolutePath] successfully performed. With the following test data [Relative Folder Path: "target/downloadedFiles/"]. @01-11-2021 22:01:13.0285 PM
[ReportManager] Attempting to run locally on: [Mac-64], [Safari], Headless Execution. @01-11-2021 22:01:13.0286 PM
[ReportManager] Successfully Opened Safari. @01-11-2021 22:01:13.0925 PM
[ReportManager] Initial window size: (800, 600) @01-11-2021 22:01:13.0976 PM
[ReportManager] Window size after SWD Maximize: (1176, 811) @01-11-2021 22:01:14.0005 PM
[ReportManager] Browser Action [MaximizeWindow] successfully performed. With the following test data [New screen size is now: (1176, 811)]. @01-11-2021 22:01:14.0005 PM
[ReportManager] Target URL: [https://duckduckgo.com] @01-11-2021 22:01:14.0006 PM
[ReportManager] Initial URL: [] @01-11-2021 22:01:14.0069 PM
[ReportManager] Browser Action [NavigateToURL] successfully performed. With the following test data [https://duckduckgo.com]. @01-11-2021 22:01:14.0783 P

################################################################################################################################################
Starting Execution:	[7 out of 143] test cases in the current suite
Test Method:		[unitTests.tests_browserActions.getCurrentURL]
################################################################################################################################################
[ReportManager] Browser Action [GetCurrentURL] successfully performed. With the following test data [https://duckduckgo.com/]. @01-11-2021 22:01:14.0829 P
[ReportManager] Target URL: [https://duckduckgo.com] @01-11-2021 22:01:14.0849 PM
[ReportManager] Initial URL: [https://duckduckgo.com] @01-11-2021 22:01:14.0888 PM
[ReportManager] Browser Action [NavigateToURL] successfully performed. With the following test data [https://duckduckgo.com]. @01-11-2021 22:01:15.0269 PM
[ReportManager] Browser Action [CloseCurrentWindow] successfully performed. @01-11-2021 22:01:15.0404 PM
[ReportManager] Successfully created attachment [Browser Action Test Data - CloseCurrentWindow - Actual Value] @01-11-2021 22:01:15.0405 P
[ReportManager] File Action [GetAbsolutePath] successfully performed. With the following test data [Relative Folder Path: "target/downloadedFiles/"]. @01-11-2021 22:01:15.0408 PM
[ReportManager] Attempting to run locally on: [Mac-64], [Safari], Headless Execution. @01-11-2021 22:01:15.0409 PM
[ReportManager] Successfully Opened Safari. @01-11-2021 22:01:16.0238 PM
[ReportManager] Initial window size: (800, 600) @01-11-2021 22:01:16.0270 PM
[ReportManager] Window size after SWD Maximize: (1176, 811) @01-11-2021 22:01:16.0314 PM
[ReportManager] Browser Action [MaximizeWindow] successfully performed. With the following test data [New screen size is now: (1176, 811)]. @01-11-2021 22:01:16.0317 PM
[ReportManager] Target URL: [https://duckduckgo.com] @01-11-2021 22:01:16.0318 PM
[ReportManager] Initial URL: [] @01-11-2021 22:01:16.0359 PM
[ReportManager] Browser Action [NavigateToURL] successfully performed. With the following test data [https://duckduckgo.com]. @01-11-2021 22:01:17.0240 P

################################################################################################################################################
Starting Execution:	[8 out of 143] test cases in the current suite
Test Method:		[unitTests.tests_browserActions.getCurrentWindowTitle]
################################################################################################################################################
[ReportManager] Browser Action [GetCurrentWindowTitle] successfully performed. With the following test data [DuckDuckGo â€” Privacy, simplified.]. @01-11-2021 22:01:17.0283 P
[ReportManager] Target URL: [https://duckduckgo.com] @01-11-2021 22:01:17.0289 PM
[ReportManager] Initial URL: [https://duckduckgo.com] @01-11-2021 22:01:17.0329 PM
[ReportManager] Browser Action [NavigateToURL] successfully performed. With the following test data [https://duckduckgo.com]. @01-11-2021 22:01:17.0684 PM
[ReportManager] Browser Action [CloseCurrentWindow] successfully performed. @01-11-2021 22:01:17.0811 PM
[ReportManager] Successfully created attachment [Browser Action Test Data - CloseCurrentWindow - Actual Value] @01-11-2021 22:01:17.0818 P
[ReportManager] File Action [GetAbsolutePath] successfully performed. With the following test data [Relative Folder Path: "target/downloadedFiles/"]. @01-11-2021 22:01:17.0840 PM
[ReportManager] Attempting to run locally on: [Mac-64], [Safari], Headless Execution. @01-11-2021 22:01:17.0841 PM
[ReportManager] Successfully Opened Safari. @01-11-2021 22:01:18.0722 PM
[ReportManager] Initial window size: (800, 600) @01-11-2021 22:01:18.0743 PM
[ReportManager] Window size after SWD Maximize: (1176, 811) @01-11-2021 22:01:18.0768 PM
[ReportManager] Browser Action [MaximizeWindow] successfully performed. With the following test data [New screen size is now: (1176, 811)]. @01-11-2021 22:01:18.0768 PM
[ReportManager] Target URL: [https://duckduckgo.com] @01-11-2021 22:01:18.0768 PM
[ReportManager] Initial URL: [] @01-11-2021 22:01:18.0841 PM
[ReportManager] Browser Action [NavigateToURL] successfully performed. With the following test data [https://duckduckgo.com]. @01-11-2021 22:01:19.0587 P

################################################################################################################################################
Starting Execution:	[9 out of 143] test cases in the current suite
Test Method:		[unitTests.tests_browserActions.getPageSource]
################################################################################################################################################
[ReportManager] Browser Action [GetPageSource] successfully performed. @01-11-2021 22:01:19.0632 PM
[ReportManager] Successfully created attachment [Browser Action Test Data - GetPageSource - Actual Value] @01-11-2021 22:01:19.0638 P
[ReportManager] Target URL: [https://duckduckgo.com] @01-11-2021 22:01:19.0652 PM
[ReportManager] Initial URL: [https://duckduckgo.com] @01-11-2021 22:01:19.0686 PM
[ReportManager] Browser Action [NavigateToURL] successfully performed. With the following test data [https://duckduckgo.com]. @01-11-2021 22:01:20.0068 PM
[ReportManager] Browser Action [CloseCurrentWindow] successfully performed. @01-11-2021 22:01:20.0182 PM
[ReportManager] Successfully created attachment [Browser Action Test Data - CloseCurrentWindow - Actual Value] @01-11-2021 22:01:20.0188 P
[ReportManager] File Action [GetAbsolutePath] successfully performed. With the following test data [Relative Folder Path: "target/downloadedFiles/"]. @01-11-2021 22:01:20.0210 PM
[ReportManager] Attempting to run locally on: [Mac-64], [Safari], Headless Execution. @01-11-2021 22:01:20.0210 PM
[ReportManager] Successfully Opened Safari. @01-11-2021 22:01:21.0041 PM
[ReportManager] Initial window size: (800, 600) @01-11-2021 22:01:21.0053 PM
[ReportManager] Window size after SWD Maximize: (1176, 811) @01-11-2021 22:01:21.0079 PM
[ReportManager] Browser Action [MaximizeWindow] successfully performed. With the following test data [New screen size is now: (1176, 811)]. @01-11-2021 22:01:21.0079 PM
[ReportManager] Target URL: [https://duckduckgo.com] @01-11-2021 22:01:21.0079 PM
[ReportManager] Initial URL: [] @01-11-2021 22:01:21.0128 PM
[ReportManager] Browser Action [NavigateToURL] successfully performed. With the following test data [https://duckduckgo.com]. @01-11-2021 22:01:21.0849 P

################################################################################################################################################
Starting Execution:	[10 out of 143] test cases in the current suite
Test Method:		[unitTests.tests_browserActions.getWindowHandle]
################################################################################################################################################
[ReportManager] Browser Action [GetWindowHandle] successfully performed. With the following test data [page-2D68AF34-89C1-4FA7-94D7-59EC323B0A85]. @01-11-2021 22:01:21.0895 P
[ReportManager] Target URL: [https://duckduckgo.com] @01-11-2021 22:01:21.0908 PM
[ReportManager] Initial URL: [https://duckduckgo.com] @01-11-2021 22:01:21.0943 PM
[ReportManager] Browser Action [NavigateToURL] successfully performed. With the following test data [https://duckduckgo.com]. @01-11-2021 22:01:22.0320 PM
[ReportManager] Browser Action [CloseCurrentWindow] successfully performed. @01-11-2021 22:01:22.0500 PM
[ReportManager] Successfully created attachment [Browser Action Test Data - CloseCurrentWindow - Actual Value] @01-11-2021 22:01:22.0507 P
[ReportManager] File Action [GetAbsolutePath] successfully performed. With the following test data [Relative Folder Path: "target/downloadedFiles/"]. @01-11-2021 22:01:22.0528 PM
[ReportManager] Attempting to run locally on: [Mac-64], [Safari], Headless Execution. @01-11-2021 22:01:22.0529 PM
[ReportManager] Successfully Opened Safari. @01-11-2021 22:01:23.0369 PM
[ReportManager] Initial window size: (800, 600) @01-11-2021 22:01:23.0389 PM
[ReportManager] Window size after SWD Maximize: (1176, 811) @01-11-2021 22:01:23.0424 PM
[ReportManager] Browser Action [MaximizeWindow] successfully performed. With the following test data [New screen size is now: (1176, 811)]. @01-11-2021 22:01:23.0425 PM
[ReportManager] Target URL: [https://duckduckgo.com] @01-11-2021 22:01:23.0425 PM
[ReportManager] Initial URL: [] @01-11-2021 22:01:23.0480 PM
[ReportManager] Browser Action [NavigateToURL] successfully performed. With the following test data [https://duckduckgo.com]. @01-11-2021 22:01:24.0204 P

################################################################################################################################################
Starting Execution:	[11 out of 143] test cases in the current suite
Test Method:		[unitTests.tests_browserActions.getWindowPosition]
################################################################################################################################################
[ReportManager] Browser Action [GetWindowPosition] successfully performed. With the following test data [(0, 23)]. @01-11-2021 22:01:24.0247 P
[ReportManager] Target URL: [https://duckduckgo.com] @01-11-2021 22:01:24.0266 PM
[ReportManager] Initial URL: [https://duckduckgo.com] @01-11-2021 22:01:24.0302 PM
[ReportManager] Browser Action [NavigateToURL] successfully performed. With the following test data [https://duckduckgo.com]. @01-11-2021 22:01:24.0668 PM
[ReportManager] Browser Action [CloseCurrentWindow] successfully performed. @01-11-2021 22:01:24.0802 PM
[ReportManager] Successfully created attachment [Browser Action Test Data - CloseCurrentWindow - Actual Value] @01-11-2021 22:01:24.0808 P
[ReportManager] File Action [GetAbsolutePath] successfully performed. With the following test data [Relative Folder Path: "target/downloadedFiles/"]. @01-11-2021 22:01:24.0827 PM
[ReportManager] Attempting to run locally on: [Mac-64], [Safari], Headless Execution. @01-11-2021 22:01:24.0828 PM
[ReportManager] Successfully Opened Safari. @01-11-2021 22:01:25.0670 PM
[ReportManager] Initial window size: (800, 600) @01-11-2021 22:01:25.0719 PM
[ReportManager] Window size after SWD Maximize: (1176, 811) @01-11-2021 22:01:25.0736 PM
[ReportManager] Browser Action [MaximizeWindow] successfully performed. With the following test data [New screen size is now: (1176, 811)]. @01-11-2021 22:01:25.0737 PM
[ReportManager] Target URL: [https://duckduckgo.com] @01-11-2021 22:01:25.0737 PM
[ReportManager] Initial URL: [] @01-11-2021 22:01:25.0798 PM
[ReportManager] Browser Action [NavigateToURL] successfully performed. With the following test data [https://duckduckgo.com]. @01-11-2021 22:01:26.0474 P

################################################################################################################################################
Starting Execution:	[12 out of 143] test cases in the current suite
Test Method:		[unitTests.tests_browserActions.getWindowSize]
################################################################################################################################################
[ReportManager] Browser Action [GetWindowSize] successfully performed. With the following test data [(1176, 811)]. @01-11-2021 22:01:26.0505 P
[ReportManager] Target URL: [https://duckduckgo.com] @01-11-2021 22:01:26.0518 PM
[ReportManager] Initial URL: [https://duckduckgo.com] @01-11-2021 22:01:26.0550 PM
[ReportManager] Browser Action [NavigateToURL] successfully performed. With the following test data [https://duckduckgo.com]. @01-11-2021 22:01:26.0925 PM
[ReportManager] Browser Action [CloseCurrentWindow] successfully performed. @01-11-2021 22:01:27.0051 PM
[ReportManager] Successfully created attachment [Browser Action Test Data - CloseCurrentWindow - Actual Value] @01-11-2021 22:01:27.0057 P
[ReportManager] File Action [GetAbsolutePath] successfully performed. With the following test data [Relative Folder Path: "target/downloadedFiles/"]. @01-11-2021 22:01:27.0078 PM
[ReportManager] Attempting to run locally on: [Mac-64], [Safari], Headless Execution. @01-11-2021 22:01:27.0078 PM
[ReportManager] Successfully Opened Safari. @01-11-2021 22:01:27.0866 PM
[ReportManager] Initial window size: (800, 600) @01-11-2021 22:01:27.0925 PM
[ReportManager] Window size after SWD Maximize: (1176, 811) @01-11-2021 22:01:27.0964 PM
[ReportManager] Browser Action [MaximizeWindow] successfully performed. With the following test data [New screen size is now: (1176, 811)]. @01-11-2021 22:01:27.0965 PM
[ReportManager] Target URL: [https://duckduckgo.com] @01-11-2021 22:01:27.0965 PM
[ReportManager] Initial URL: [] @01-11-2021 22:01:28.0002 PM
[ReportManager] Browser Action [NavigateToURL] successfully performed. With the following test data [https://duckduckgo.com]. @01-11-2021 22:01:28.0695 P

################################################################################################################################################
Starting Execution:	[13 out of 143] test cases in the current suite
Test Method:		[unitTests.tests_browserActions.maximizeWindow]
################################################################################################################################################
[ReportManager] Initial window size: (1176, 811) @01-11-2021 22:01:28.0715 PM
[ReportManager] Window size after SWD Maximize: (1176, 811) @01-11-2021 22:01:28.0722 PM
[ReportManager] Window size after Toolkit: (1920, 1080) @01-11-2021 22:01:28.0769 PM
[ReportManager] Browser Action [MaximizeWindow] successfully performed. With the following test data [New screen size is now: (1920, 1080)]. @01-11-2021 22:01:28.0773 P
[ReportManager] Target URL: [https://duckduckgo.com] @01-11-2021 22:01:28.0805 PM
[ReportManager] Initial URL: [https://duckduckgo.com] @01-11-2021 22:01:28.0841 PM
[ReportManager] Browser Action [NavigateToURL] successfully performed. With the following test data [https://duckduckgo.com]. @01-11-2021 22:01:29.0225 PM
[ReportManager] Browser Action [CloseCurrentWindow] successfully performed. @01-11-2021 22:01:29.0313 PM
[ReportManager] Successfully created attachment [Browser Action Test Data - CloseCurrentWindow - Actual Value] @01-11-2021 22:01:29.0319 P
[ReportManager] File Action [GetAbsolutePath] successfully performed. With the following test data [Relative Folder Path: "target/downloadedFiles/"]. @01-11-2021 22:01:29.0339 PM
[ReportManager] Attempting to run locally on: [Mac-64], [Safari], Headless Execution. @01-11-2021 22:01:29.0339 PM
[ReportManager] Successfully Opened Safari. @01-11-2021 22:01:30.0152 PM
[ReportManager] Initial window size: (800, 600) @01-11-2021 22:01:30.0159 PM
[ReportManager] Window size after SWD Maximize: (1176, 811) @01-11-2021 22:01:30.0220 PM
[ReportManager] Browser Action [MaximizeWindow] successfully performed. With the following test data [New screen size is now: (1176, 811)]. @01-11-2021 22:01:30.0221 PM
[ReportManager] Target URL: [https://duckduckgo.com] @01-11-2021 22:01:30.0221 PM
[ReportManager] Initial URL: [] @01-11-2021 22:01:30.0253 PM
[ReportManager] Browser Action [NavigateToURL] successfully performed. With the following test data [https://duckduckgo.com]. @01-11-2021 22:01:30.0962 P

################################################################################################################################################
Starting Execution:	[14 out of 143] test cases in the current suite
Test Method:		[unitTests.tests_browserActions.navigateBack]
################################################################################################################################################
[ReportManager] Target URL: [https://www.google.com/ncr], and after redirection: [https://www.google.com] @01-11-2021 22:01:30.0978 PM
[ReportManager] Initial URL: [https://duckduckgo.com] @01-11-2021 22:01:31.0013 PM
[ReportManager] Browser Action [NavigateToURL] successfully performed. With the following test data [https://www.google.com/ncr]. @01-11-2021 22:01:32.0434 PM
[ReportManager] Browser Action [NavigateBack] successfully performed. With the following test data [https://duckduckgo.com/]. @01-11-2021 22:01:32.0618 PM
[ReportManager] Browser Action [GetCurrentURL] successfully performed. With the following test data [https://duckduckgo.com/]. @01-11-2021 22:01:32.0645 PM
[ReportManager] Assertion Passed: Confirming that navigating back was successful @01-11-2021 22:01:32.0784 PM
[ReportManager] Successfully created attachment [Screenshot - 1635804092677_navigateBack_ValidateBrowserAttribute_passed] @01-11-2021 22:01:32.0790 PM
[ReportManager] Assertion [ValidateBrowserAttribute] PASSED. Expected [Value Should be 'https://duckduckgo.com' for the 'CurrentUrl' attribute] and Actual [https://duckduckgo.com/]. Comparison Type [CONTAINS]. Validation Type [POSITIVE]. @01-11-2021 22:01:32.0790 P
[ReportManager] Target URL: [https://duckduckgo.com] @01-11-2021 22:01:32.0809 PM
[ReportManager] Initial URL: [https://duckduckgo.com] @01-11-2021 22:01:32.0861 PM
[ReportManager] Browser Action [NavigateToURL] successfully performed. With the following test data [https://duckduckgo.com]. @01-11-2021 22:01:33.0210 PM
[ReportManager] Browser Action [CloseCurrentWindow] successfully performed. @01-11-2021 22:01:33.0401 PM
[ReportManager] Successfully created attachment [Browser Action Test Data - CloseCurrentWindow - Actual Value] @01-11-2021 22:01:33.0407 P
[ReportManager] File Action [GetAbsolutePath] successfully performed. With the following test data [Relative Folder Path: "target/downloadedFiles/"]. @01-11-2021 22:01:33.0429 PM
[ReportManager] Attempting to run locally on: [Mac-64], [Safari], Headless Execution. @01-11-2021 22:01:33.0429 PM
[ReportManager] Successfully Opened Safari. @01-11-2021 22:01:34.0305 PM
[ReportManager] Initial window size: (800, 600) @01-11-2021 22:01:34.0312 PM
[ReportManager] Window size after SWD Maximize: (1176, 811) @01-11-2021 22:01:34.0337 PM
[ReportManager] Browser Action [MaximizeWindow] successfully performed. With the following test data [New screen size is now: (1176, 811)]. @01-11-2021 22:01:34.0338 PM
[ReportManager] Target URL: [https://duckduckgo.com] @01-11-2021 22:01:34.0338 PM
[ReportManager] Initial URL: [] @01-11-2021 22:01:34.0393 PM
[ReportManager] Browser Action [NavigateToURL] successfully performed. With the following test data [https://duckduckgo.com]. @01-11-2021 22:01:35.0211 P

################################################################################################################################################
Starting Execution:	[15 out of 143] test cases in the current suite
Test Method:		[unitTests.tests_browserActions.navigateForward]
################################################################################################################################################
[ReportManager] Target URL: [https://www.google.com/ncr], and after redirection: [https://www.google.com] @01-11-2021 22:01:35.0233 PM
[ReportManager] Initial URL: [https://duckduckgo.com] @01-11-2021 22:01:35.0300 PM
[ReportManager] Browser Action [NavigateToURL] successfully performed. With the following test data [https://www.google.com/ncr]. @01-11-2021 22:01:36.0696 PM
[ReportManager] Browser Action [NavigateBack] successfully performed. With the following test data [https://duckduckgo.com/]. @01-11-2021 22:01:36.0866 PM
[ReportManager] Browser Action [NavigateForward] successfully performed. With the following test data [https://www.google.com/]. @01-11-2021 22:01:36.0974 P
[ReportManager] Target URL: [https://duckduckgo.com] @01-11-2021 22:01:36.0993 PM
[ReportManager] Initial URL: [https://www.google.com] @01-11-2021 22:01:37.0030 PM
[ReportManager] Browser Action [NavigateToURL] successfully performed. With the following test data [https://duckduckgo.com]. @01-11-2021 22:01:37.0342 PM
[ReportManager] Browser Action [CloseCurrentWindow] successfully performed. @01-11-2021 22:01:37.0443 PM
[ReportManager] Successfully created attachment [Browser Action Test Data - CloseCurrentWindow - Actual Value] @01-11-2021 22:01:37.0450 P
[ReportManager] File Action [GetAbsolutePath] successfully performed. With the following test data [Relative Folder Path: "target/downloadedFiles/"]. @01-11-2021 22:01:37.0465 PM
[ReportManager] Attempting to run locally on: [Mac-64], [Safari], Headless Execution. @01-11-2021 22:01:37.0465 PM
[ReportManager] Successfully Opened Safari. @01-11-2021 22:01:38.0276 PM
[ReportManager] Initial window size: (800, 600) @01-11-2021 22:01:38.0286 PM
[ReportManager] Window size after SWD Maximize: (1176, 811) @01-11-2021 22:01:38.0313 PM
[ReportManager] Browser Action [MaximizeWindow] successfully performed. With the following test data [New screen size is now: (1176, 811)]. @01-11-2021 22:01:38.0314 PM
[ReportManager] Target URL: [https://duckduckgo.com] @01-11-2021 22:01:38.0314 PM
[ReportManager] Initial URL: [] @01-11-2021 22:01:38.0404 PM
[ReportManager] Browser Action [NavigateToURL] successfully performed. With the following test data [https://duckduckgo.com]. @01-11-2021 22:01:39.0103 P

################################################################################################################################################
Starting Execution:	[16 out of 143] test cases in the current suite
Test Method:		[unitTests.tests_browserActions.navigateToURL]
################################################################################################################################################
[ReportManager] Target URL: [https://duckduckgo.com] @01-11-2021 22:01:39.0119 PM
[ReportManager] Initial URL: [https://duckduckgo.com] @01-11-2021 22:01:39.0152 PM
[ReportManager] Browser Action [NavigateToURL] successfully performed. With the following test data [https://duckduckgo.com]. @01-11-2021 22:01:39.0488 P
[ReportManager] Target URL: [https://duckduckgo.com] @01-11-2021 22:01:39.0512 PM
[ReportManager] Initial URL: [https://duckduckgo.com] @01-11-2021 22:01:39.0549 PM
[ReportManager] Browser Action [NavigateToURL] successfully performed. With the following test data [https://duckduckgo.com]. @01-11-2021 22:01:39.0929 PM
[ReportManager] Browser Action [CloseCurrentWindow] successfully performed. @01-11-2021 22:01:40.0016 PM
[ReportManager] Successfully created attachment [Browser Action Test Data - CloseCurrentWindow - Actual Value] @01-11-2021 22:01:40.0022 P
[ReportManager] File Action [GetAbsolutePath] successfully performed. With the following test data [Relative Folder Path: "target/downloadedFiles/"]. @01-11-2021 22:01:40.0046 PM
[ReportManager] Attempting to run locally on: [Mac-64], [Safari], Headless Execution. @01-11-2021 22:01:40.0046 PM
[ReportManager] Successfully Opened Safari. @01-11-2021 22:01:40.0843 PM
[ReportManager] Initial window size: (800, 600) @01-11-2021 22:01:40.0854 PM
[ReportManager] Window size after SWD Maximize: (1176, 811) @01-11-2021 22:01:40.0887 PM
[ReportManager] Browser Action [MaximizeWindow] successfully performed. With the following test data [New screen size is now: (1176, 811)]. @01-11-2021 22:01:40.0887 PM
[ReportManager] Target URL: [https://duckduckgo.com] @01-11-2021 22:01:40.0887 PM
[ReportManager] Initial URL: [] @01-11-2021 22:01:40.0942 PM
[ReportManager] Browser Action [NavigateToURL] successfully performed. With the following test data [https://duckduckgo.com]. @01-11-2021 22:01:41.0715 P

################################################################################################################################################
Starting Execution:	[17 out of 143] test cases in the current suite
Test Method:		[unitTests.tests_browserActions.navigateToURLWithRedirection]
################################################################################################################################################
[ReportManager] Target URL: [https://www.google.com/ncr], and after redirection: [https://www.google.com] @01-11-2021 22:01:41.0739 PM
[ReportManager] Initial URL: [https://duckduckgo.com] @01-11-2021 22:01:41.0777 PM
[ReportManager] Browser Action [NavigateToURL] successfully performed. With the following test data [https://www.google.com/ncr]. @01-11-2021 22:01:43.0207 P
[ReportManager] Target URL: [https://duckduckgo.com] @01-11-2021 22:01:43.0221 PM
[ReportManager] Initial URL: [https://www.google.com] @01-11-2021 22:01:43.0253 PM
[ReportManager] Browser Action [NavigateToURL] successfully performed. With the following test data [https://duckduckgo.com]. @01-11-2021 22:01:43.0601 PM
[ReportManager] Browser Action [CloseCurrentWindow] successfully performed. @01-11-2021 22:01:43.0753 PM
[ReportManager] Successfully created attachment [Browser Action Test Data - CloseCurrentWindow - Actual Value] @01-11-2021 22:01:43.0760 P
[ReportManager] File Action [GetAbsolutePath] successfully performed. With the following test data [Relative Folder Path: "target/downloadedFiles/"]. @01-11-2021 22:01:43.0782 PM
[ReportManager] Attempting to run locally on: [Mac-64], [Safari], Headless Execution. @01-11-2021 22:01:43.0783 PM
[ReportManager] Successfully Opened Safari. @01-11-2021 22:01:44.0666 PM
[ReportManager] Initial window size: (800, 600) @01-11-2021 22:01:44.0690 PM
[ReportManager] Window size after SWD Maximize: (1176, 811) @01-11-2021 22:01:44.0743 PM
[ReportManager] Browser Action [MaximizeWindow] successfully performed. With the following test data [New screen size is now: (1176, 811)]. @01-11-2021 22:01:44.0743 PM
[ReportManager] Target URL: [https://duckduckgo.com] @01-11-2021 22:01:44.0743 PM
[ReportManager] Initial URL: [] @01-11-2021 22:01:44.0802 PM
[ReportManager] Browser Action [NavigateToURL] successfully performed. With the following test data [https://duckduckgo.com]. @01-11-2021 22:01:45.0582 P

################################################################################################################################################
Starting Execution:	[18 out of 143] test cases in the current suite
Test Method:		[unitTests.tests_browserActions.refreshCurrentPage]
################################################################################################################################################
[ReportManager] Browser Action [RefreshCurrentPage] successfully performed. @01-11-2021 22:01:45.0885 PM
[ReportManager] Successfully created attachment [Browser Action Test Data - RefreshCurrentPage - Actual Value] @01-11-2021 22:01:45.0893 P
[ReportManager] Target URL: [https://duckduckgo.com] @01-11-2021 22:01:45.0913 PM
[ReportManager] Initial URL: [https://duckduckgo.com] @01-11-2021 22:01:45.0952 PM
[ReportManager] Browser Action [NavigateToURL] successfully performed. With the following test data [https://duckduckgo.com]. @01-11-2021 22:01:46.0340 PM
[ReportManager] Browser Action [CloseCurrentWindow] successfully performed. @01-11-2021 22:01:46.0379 PM
[ReportManager] Successfully created attachment [Browser Action Test Data - CloseCurrentWindow - Actual Value] @01-11-2021 22:01:46.0391 P
[ReportManager] File Action [GetAbsolutePath] successfully performed. With the following test data [Relative Folder Path: "target/downloadedFiles/"]. @01-11-2021 22:01:46.0412 PM
[ReportManager] Attempting to run locally on: [Mac-64], [Safari], Headless Execution. @01-11-2021 22:01:46.0413 PM
[ReportManager] Successfully Opened Safari. @01-11-2021 22:01:47.0186 PM
[ReportManager] Initial window size: (800, 600) @01-11-2021 22:01:47.0202 PM
[ReportManager] Window size after SWD Maximize: (1176, 811) @01-11-2021 22:01:47.0213 PM
[ReportManager] Browser Action [MaximizeWindow] successfully performed. With the following test data [New screen size is now: (1176, 811)]. @01-11-2021 22:01:47.0214 PM
[ReportManager] Target URL: [https://duckduckgo.com] @01-11-2021 22:01:47.0214 PM
[ReportManager] Initial URL: [] @01-11-2021 22:01:47.0268 PM
[ReportManager] Browser Action [NavigateToURL] successfully performed. With the following test data [https://duckduckgo.com]. @01-11-2021 22:01:47.0925 P

################################################################################################################################################
Starting Execution:	[19 out of 143] test cases in the current suite
Test Method:		[unitTests.tests_browserActions.setWindowSize]
################################################################################################################################################
[ReportManager] Initial window size: (1176, 811) @01-11-2021 22:01:47.0966 PM
[ReportManager] Window size after SWD: (1280, 720) @01-11-2021 22:01:48.0002 PM
[ReportManager] Browser Action [SetWindowSize] successfully performed. With the following test data [New screen size is now: (1280, 720)]. @01-11-2021 22:01:48.0002 P
[ReportManager] Target URL: [https://duckduckgo.com] @01-11-2021 22:01:48.0016 PM
[ReportManager] Initial URL: [https://duckduckgo.com] @01-11-2021 22:01:48.0090 PM
[ReportManager] Browser Action [NavigateToURL] successfully performed. With the following test data [https://duckduckgo.com]. @01-11-2021 22:01:48.0816 PM
[ReportManager] Browser Action [CloseCurrentWindow] successfully performed. @01-11-2021 22:01:48.0911 PM
[ReportManager] Successfully created attachment [Browser Action Test Data - CloseCurrentWindow - Actual Value] @01-11-2021 22:01:48.0917 P
[ReportManager] Successfully loaded the following test data file [src/test/resources/TestDataFiles/testSuite01/TestData.xlsx]. @01-11-2021 22:01:50.0111 PM
[ReportManager] Successfully created attachment [Test Data - Excel] @01-11-2021 22:01:50.0117 P

################################################################################################################################################
Starting Execution:	[20 out of 143] test cases in the current suite
Test Method:		[unitTests.tests_io_excelFileManager.getCellData_rowName_expectedToPass]
################################################################################################################################################
[ReportManager] testRowData. @01-11-2021 22:01:50.0145 P

################################################################################################################################################
Starting Execution:	[21 out of 143] test cases in the current suite
Test Method:		[unitTests.tests_validations_assertions.assertComparativeRelation_greaterThanOrEquals_false_equals_expectedToFail]
################################################################################################################################################
[ReportManager] Assertion [ValidateComparativeRelation] FAILED. Expected [1] and Actual [1]. Comparison Type [GREATER_THAN_OR_EQUALS]. Validation Type [NEGATIVE]. @01-11-2021 22:01:50.0164 P

################################################################################################################################################
Starting Execution:	[22 out of 143] test cases in the current suite
Test Method:		[unitTests.tests_validations_assertions.assertComparativeRelation_greaterThanOrEquals_false_equals_expectedToPass]
################################################################################################################################################
[ReportManager] Assertion [ValidateComparativeRelation] PASSED. Expected [2] and Actual [1]. Comparison Type [GREATER_THAN_OR_EQUALS]. Validation Type [NEGATIVE]. @01-11-2021 22:01:50.0186 P

################################################################################################################################################
Starting Execution:	[23 out of 143] test cases in the current suite
Test Method:		[unitTests.tests_validations_assertions.assertComparativeRelation_greaterThanOrEquals_false_greaterThan_expectedToFail]
################################################################################################################################################
[ReportManager] Assertion [ValidateComparativeRelation] FAILED. Expected [1] and Actual [2]. Comparison Type [GREATER_THAN_OR_EQUALS]. Validation Type [NEGATIVE]. @01-11-2021 22:01:50.0209 P

################################################################################################################################################
Starting Execution:	[24 out of 143] test cases in the current suite
Test Method:		[unitTests.tests_validations_assertions.assertComparativeRelation_greaterThanOrEquals_false_greaterThan_expectedToPass]
################################################################################################################################################
[ReportManager] Assertion [ValidateComparativeRelation] PASSED. Expected [2] and Actual [1]. Comparison Type [GREATER_THAN_OR_EQUALS]. Validation Type [NEGATIVE]. @01-11-2021 22:01:50.0240 P

################################################################################################################################################
Starting Execution:	[25 out of 143] test cases in the current suite
Test Method:		[unitTests.tests_validations_assertions.assertComparativeRelation_greaterThanOrEquals_true_equals_expectedToFail]
################################################################################################################################################
[ReportManager] Assertion [ValidateComparativeRelation] FAILED. Expected [1] and Actual [0]. Comparison Type [GREATER_THAN_OR_EQUALS]. Validation Type [POSITIVE]. @01-11-2021 22:01:50.0273 P

################################################################################################################################################
Starting Execution:	[26 out of 143] test cases in the current suite
Test Method:		[unitTests.tests_validations_assertions.assertComparativeRelation_greaterThanOrEquals_true_equals_expectedToPass]
################################################################################################################################################
[ReportManager] Assertion [ValidateComparativeRelation] PASSED. Expected [1] and Actual [1]. Comparison Type [GREATER_THAN_OR_EQUALS]. Validation Type [POSITIVE]. @01-11-2021 22:01:50.0297 P

################################################################################################################################################
Starting Execution:	[27 out of 143] test cases in the current suite
Test Method:		[unitTests.tests_validations_assertions.assertComparativeRelation_greaterThanOrEquals_true_greaterThan_expectedToFail]
################################################################################################################################################
[ReportManager] Assertion [ValidateComparativeRelation] FAILED. Expected [2] and Actual [1]. Comparison Type [GREATER_THAN_OR_EQUALS]. Validation Type [POSITIVE]. @01-11-2021 22:01:50.0320 P

################################################################################################################################################
Starting Execution:	[28 out of 143] test cases in the current suite
Test Method:		[unitTests.tests_validations_assertions.assertComparativeRelation_greaterThanOrEquals_true_greaterThan_expectedToPass]
################################################################################################################################################
[ReportManager] Assertion [ValidateComparativeRelation] PASSED. Expected [1] and Actual [2]. Comparison Type [GREATER_THAN_OR_EQUALS]. Validation Type [POSITIVE]. @01-11-2021 22:01:50.0337 P
[ReportManager] File Action [GetAbsolutePath] successfully performed. With the following test data [Relative Folder Path: "target/downloadedFiles/"]. @01-11-2021 22:01:50.0354 PM
[ReportManager] Attempting to run locally on: [Mac-64], [Safari], Headless Execution. @01-11-2021 22:01:50.0354 PM
[ReportManager] Successfully Opened Safari. @01-11-2021 22:01:51.0153 PM
[ReportManager] Initial window size: (800, 600) @01-11-2021 22:01:51.0169 PM
[ReportManager] Window size after SWD Maximize: (1176, 811) @01-11-2021 22:01:51.0182 PM
[ReportManager] Browser Action [MaximizeWindow] successfully performed. With the following test data [New screen size is now: (1176, 811)]. @01-11-2021 22:01:51.0182 PM
[ReportManager] Target URL: [https://www.google.com/ncr], and after redirection: [www.google.com] @01-11-2021 22:01:51.0182 PM
[ReportManager] Initial URL: [] @01-11-2021 22:01:51.0236 PM
[ReportManager] Browser Action [NavigateToURL] successfully performed. With the following test data [https://www.google.com/ncr]. @01-11-2021 22:01:52.0292 P

################################################################################################################################################
Starting Execution:	[29 out of 143] test cases in the current suite
Test Method:		[unitTests.tests_validations_assertions.assertElementAttribute_false_caseInsensitiveComparison_expectedToFail]
################################################################################################################################################
[ReportManager] Element Action [Type] successfully performed. With the following test data [AUTOMATION]. @01-11-2021 22:01:52.0934 PM
[ReportManager] Element Action [GetText] successfully performed. With the following test data [AUTOMATION]. @01-11-2021 22:01:53.0002 PM
[ReportManager] Loaded Shared OpenCV @01-11-2021 22:01:54.0706 PM
[ReportManager] Assertion [ValidateElementAttribute] FAILED. Expected [Value Should not be 'AutomaTion' for the 'text' attribute, element locator 'By.name: q'] and Actual [AUTOMATION]. Comparison Type [CASE_INSENSITIVE]. Validation Type [NEGATIVE]. @01-11-2021 22:01:55.0050 PM
[ReportManager] Successfully created attachment [Screenshot - 1635804113087_assertElementAttribute_false_caseInsensitiveComparison_expectedToFail_ValidateElementAttribute_failed] @01-11-2021 22:01:55.0064 P
[ReportManager] Browser Action [CloseCurrentWindow] successfully performed. @01-11-2021 22:01:55.0147 PM
[ReportManager] Successfully created attachment [Browser Action Test Data - CloseCurrentWindow - Actual Value] @01-11-2021 22:01:55.0162 P
[ReportManager] File Action [GetAbsolutePath] successfully performed. With the following test data [Relative Folder Path: "target/downloadedFiles/"]. @01-11-2021 22:01:55.0187 PM
[ReportManager] Attempting to run locally on: [Mac-64], [Safari], Headless Execution. @01-11-2021 22:01:55.0187 PM
[ReportManager] Successfully Opened Safari. @01-11-2021 22:01:56.0139 PM
[ReportManager] Initial window size: (800, 600) @01-11-2021 22:01:56.0173 PM
[ReportManager] Window size after SWD Maximize: (1176, 811) @01-11-2021 22:01:56.0214 PM
[ReportManager] Browser Action [MaximizeWindow] successfully performed. With the following test data [New screen size is now: (1176, 811)]. @01-11-2021 22:01:56.0215 PM
[ReportManager] Target URL: [https://www.google.com/ncr], and after redirection: [www.google.com] @01-11-2021 22:01:56.0215 PM
[ReportManager] Initial URL: [] @01-11-2021 22:01:56.0269 PM
[ReportManager] Browser Action [NavigateToURL] successfully performed. With the following test data [https://www.google.com/ncr]. @01-11-2021 22:01:57.0738 P

################################################################################################################################################
Starting Execution:	[30 out of 143] test cases in the current suite
Test Method:		[unitTests.tests_validations_assertions.assertElementAttribute_false_caseInsensitiveComparison_expectedToPass]
################################################################################################################################################
[ReportManager] Element Action [Type] successfully performed. With the following test data [AUTOMATION]. @01-11-2021 22:01:58.0258 PM
[ReportManager] Element Action [GetText] successfully performed. With the following test data [AUTOMATION]. @01-11-2021 22:01:58.0343 PM
[ReportManager] Loaded Shared OpenCV @01-11-2021 22:01:58.0429 PM
[ReportManager] Assertion [ValidateElementAttribute] PASSED. Expected [Value Should not be 'AutomaTion123' for the 'text' attribute, element locator 'By.name: q'] and Actual [AUTOMATION]. Comparison Type [CASE_INSENSITIVE]. Validation Type [NEGATIVE]. @01-11-2021 22:01:58.0578 PM
[ReportManager] Successfully created attachment [Screenshot - 1635804118429_assertElementAttribute_false_caseInsensitiveComparison_expectedToPass_ValidateElementAttribute_passed] @01-11-2021 22:01:58.0594 P
[ReportManager] Browser Action [CloseCurrentWindow] successfully performed. @01-11-2021 22:01:58.0675 PM
[ReportManager] Successfully created attachment [Browser Action Test Data - CloseCurrentWindow - Actual Value] @01-11-2021 22:01:58.0683 P
[ReportManager] File Action [GetAbsolutePath] successfully performed. With the following test data [Relative Folder Path: "target/downloadedFiles/"]. @01-11-2021 22:01:58.0712 PM
[ReportManager] Attempting to run locally on: [Mac-64], [Safari], Headless Execution. @01-11-2021 22:01:58.0713 PM
[ReportManager] Successfully Opened Safari. @01-11-2021 22:01:59.0691 PM
[ReportManager] Initial window size: (800, 600) @01-11-2021 22:01:59.0720 PM
[ReportManager] Window size after SWD Maximize: (1176, 811) @01-11-2021 22:01:59.0735 PM
[ReportManager] Browser Action [MaximizeWindow] successfully performed. With the following test data [New screen size is now: (1176, 811)]. @01-11-2021 22:01:59.0736 PM
[ReportManager] Target URL: [https://www.google.com/ncr], and after redirection: [www.google.com] @01-11-2021 22:01:59.0736 PM
[ReportManager] Initial URL: [] @01-11-2021 22:01:59.0799 PM
[ReportManager] Browser Action [NavigateToURL] successfully performed. With the following test data [https://www.google.com/ncr]. @01-11-2021 22:02:01.0217 P

################################################################################################################################################
Starting Execution:	[31 out of 143] test cases in the current suite
Test Method:		[unitTests.tests_validations_assertions.assertElementAttribute_false_containsComparison_expectedToFail]
################################################################################################################################################
[ReportManager] Element Action [Type] successfully performed. With the following test data [Automation123]. @01-11-2021 22:02:01.0758 PM
[ReportManager] Element Action [GetText] successfully performed. With the following test data [Automation123]. @01-11-2021 22:02:01.0840 PM
[ReportManager] Loaded Shared OpenCV @01-11-2021 22:02:01.0930 PM
[ReportManager] Assertion [ValidateElementAttribute] FAILED. Expected [Value Should not be 'Automation' for the 'text' attribute, element locator 'By.name: q'] and Actual [Automation123]. Comparison Type [CONTAINS]. Validation Type [NEGATIVE]. @01-11-2021 22:02:02.0098 PM
[ReportManager] Successfully created attachment [Screenshot - 1635804121930_assertElementAttribute_false_containsComparison_expectedToFail_ValidateElementAttribute_failed] @01-11-2021 22:02:02.0128 P
[ReportManager] Browser Action [CloseCurrentWindow] successfully performed. @01-11-2021 22:02:02.0407 PM
[ReportManager] Successfully created attachment [Browser Action Test Data - CloseCurrentWindow - Actual Value] @01-11-2021 22:02:02.0414 P
[ReportManager] File Action [GetAbsolutePath] successfully performed. With the following test data [Relative Folder Path: "target/downloadedFiles/"]. @01-11-2021 22:02:02.0435 PM
[ReportManager] Attempting to run locally on: [Mac-64], [Safari], Headless Execution. @01-11-2021 22:02:02.0436 PM
[ReportManager] Successfully Opened Safari. @01-11-2021 22:02:03.0275 PM
[ReportManager] Initial window size: (800, 600) @01-11-2021 22:02:03.0283 PM
[ReportManager] Window size after SWD Maximize: (1176, 811) @01-11-2021 22:02:03.0322 PM
[ReportManager] Browser Action [MaximizeWindow] successfully performed. With the following test data [New screen size is now: (1176, 811)]. @01-11-2021 22:02:03.0322 PM
[ReportManager] Target URL: [https://www.google.com/ncr], and after redirection: [www.google.com] @01-11-2021 22:02:03.0322 PM
[ReportManager] Initial URL: [] @01-11-2021 22:02:03.0403 PM
[ReportManager] Browser Action [NavigateToURL] successfully performed. With the following test data [https://www.google.com/ncr]. @01-11-2021 22:02:04.0955 P

################################################################################################################################################
Starting Execution:	[32 out of 143] test cases in the current suite
Test Method:		[unitTests.tests_validations_assertions.assertElementAttribute_false_containsComparison_expectedToPass]
################################################################################################################################################
[ReportManager] Element Action [Type] successfully performed. With the following test data [Automation123]. @01-11-2021 22:02:05.0742 PM
[ReportManager] Element Action [GetText] successfully performed. With the following test data [Automation123]. @01-11-2021 22:02:05.0798 PM
[ReportManager] Loaded Shared OpenCV @01-11-2021 22:02:05.0871 PM
[ReportManager] Assertion [ValidateElementAttribute] PASSED. Expected [Value Should not be 'Automation1234' for the 'text' attribute, element locator 'By.name: q'] and Actual [Automation123]. Comparison Type [CONTAINS]. Validation Type [NEGATIVE]. @01-11-2021 22:02:06.0004 PM
[ReportManager] Successfully created attachment [Screenshot - 1635804125870_assertElementAttribute_false_containsComparison_expectedToPass_ValidateElementAttribute_passed] @01-11-2021 22:02:06.0018 P
[ReportManager] Browser Action [CloseCurrentWindow] successfully performed. @01-11-2021 22:02:06.0221 PM
[ReportManager] Successfully created attachment [Browser Action Test Data - CloseCurrentWindow - Actual Value] @01-11-2021 22:02:06.0228 P
[ReportManager] File Action [GetAbsolutePath] successfully performed. With the following test data [Relative Folder Path: "target/downloadedFiles/"]. @01-11-2021 22:02:06.0258 PM
[ReportManager] Attempting to run locally on: [Mac-64], [Safari], Headless Execution. @01-11-2021 22:02:06.0258 PM
[ReportManager] Successfully Opened Safari. @01-11-2021 22:02:07.0059 PM
[ReportManager] Initial window size: (800, 600) @01-11-2021 22:02:07.0131 PM
[ReportManager] Window size after SWD Maximize: (1176, 811) @01-11-2021 22:02:07.0155 PM
[ReportManager] Browser Action [MaximizeWindow] successfully performed. With the following test data [New screen size is now: (1176, 811)]. @01-11-2021 22:02:07.0155 PM
[ReportManager] Target URL: [https://www.google.com/ncr], and after redirection: [www.google.com] @01-11-2021 22:02:07.0155 PM
[ReportManager] Initial URL: [] @01-11-2021 22:02:07.0222 PM
[ReportManager] Browser Action [NavigateToURL] successfully performed. With the following test data [https://www.google.com/ncr]. @01-11-2021 22:02:08.0884 P

################################################################################################################################################
Starting Execution:	[33 out of 143] test cases in the current suite
Test Method:		[unitTests.tests_validations_assertions.assertElementAttribute_false_literalComparison_expectedToFail]
################################################################################################################################################
[ReportManager] Element Action [Type] successfully performed. With the following test data [Automation!@#$%^&*()_+{}[]\';/.,]. @01-11-2021 22:02:10.0007 PM
[ReportManager] Element Action [GetText] successfully performed. With the following test data [Automation!@#$%^&*()_+{}[]\';/.,]. @01-11-2021 22:02:10.0062 PM
[ReportManager] Loaded Shared OpenCV @01-11-2021 22:02:10.0145 PM
[ReportManager] Assertion [ValidateElementAttribute] PASSED. Expected [Value Should not be 'Automation!@#$%^&*()_+{}[]\\';/.,' for the 'text' attribute, element locator 'By.name: q'] and Actual [Automation!@#$%^&*()_+{}[]\';/.,]. Comparison Type [EQUALS]. Validation Type [NEGATIVE]. @01-11-2021 22:02:10.0284 PM
[ReportManager] Successfully created attachment [Screenshot - 1635804130145_assertElementAttribute_false_literalComparison_expectedToFail_ValidateElementAttribute_passed] @01-11-2021 22:02:10.0298 P
[ReportManager] Browser Action [CloseCurrentWindow] successfully performed. @01-11-2021 22:02:10.0639 PM
[ReportManager] Successfully created attachment [Browser Action Test Data - CloseCurrentWindow - Actual Value] @01-11-2021 22:02:10.0645 P
[ReportManager] File Action [GetAbsolutePath] successfully performed. With the following test data [Relative Folder Path: "target/downloadedFiles/"]. @01-11-2021 22:02:10.0668 PM
[ReportManager] Attempting to run locally on: [Mac-64], [Safari], Headless Execution. @01-11-2021 22:02:10.0668 PM
[ReportManager] Successfully Opened Safari. @01-11-2021 22:02:11.0503 PM
[ReportManager] Initial window size: (800, 600) @01-11-2021 22:02:11.0509 PM
[ReportManager] Window size after SWD Maximize: (1176, 811) @01-11-2021 22:02:11.0544 PM
[ReportManager] Browser Action [MaximizeWindow] successfully performed. With the following test data [New screen size is now: (1176, 811)]. @01-11-2021 22:02:11.0545 PM
[ReportManager] Target URL: [https://www.google.com/ncr], and after redirection: [www.google.com] @01-11-2021 22:02:11.0545 PM
[ReportManager] Initial URL: [] @01-11-2021 22:02:11.0620 PM
[ReportManager] Browser Action [NavigateToURL] successfully performed. With the following test data [https://www.google.com/ncr]. @01-11-2021 22:02:12.0643 P

################################################################################################################################################
Starting Execution:	[34 out of 143] test cases in the current suite
Test Method:		[unitTests.tests_validations_assertions.assertElementAttribute_false_literalComparison_expectedToPass]
################################################################################################################################################
[ReportManager] Element Action [Type] successfully performed. With the following test data [Automation!@#$%^&*()_+{}[]\';/.,]. @01-11-2021 22:02:13.0741 PM
[ReportManager] Element Action [GetText] successfully performed. With the following test data [Automation!@#$%^&*()_+{}[]\';/.,]. @01-11-2021 22:02:13.0792 PM
[ReportManager] Loaded Shared OpenCV @01-11-2021 22:02:13.0867 PM
[ReportManager] Assertion [ValidateElementAttribute] PASSED. Expected [Value Should not be 'Automation' for the 'text' attribute, element locator 'By.name: q'] and Actual [Automation!@#$%^&*()_+{}[]\';/.,]. Comparison Type [EQUALS]. Validation Type [NEGATIVE]. @01-11-2021 22:02:14.0003 PM
[ReportManager] Successfully created attachment [Screenshot - 1635804133867_assertElementAttribute_false_literalComparison_expectedToPass_ValidateElementAttribute_passed] @01-11-2021 22:02:14.0013 P
[ReportManager] Browser Action [CloseCurrentWindow] successfully performed. @01-11-2021 22:02:14.0150 PM
[ReportManager] Successfully created attachment [Browser Action Test Data - CloseCurrentWindow - Actual Value] @01-11-2021 22:02:14.0157 P
[ReportManager] File Action [GetAbsolutePath] successfully performed. With the following test data [Relative Folder Path: "target/downloadedFiles/"]. @01-11-2021 22:02:14.0179 PM
[ReportManager] Attempting to run locally on: [Mac-64], [Safari], Headless Execution. @01-11-2021 22:02:14.0179 P

################################################################################################################################################
Starting Execution:	[35 out of 143] test cases in the current suite
Test Method:		[unitTests.tests_validations_assertions.assertElementAttribute_false_regexComparison_expectedToFail]
###############################################################################################################################################



################################################################################################################################################
Starting Execution:	[36 out of 143] test cases in the current suite
Test Method:		[unitTests.tests_validations_assertions.assertElementAttribute_false_regexComparison_expectedToPass]
###############################################################################################################################################



################################################################################################################################################
Starting Execution:	[37 out of 143] test cases in the current suite
Test Method:		[unitTests.tests_validations_assertions.assertElementAttribute_true_caseInsensitiveComparison_expectedToFail]
###############################################################################################################################################



################################################################################################################################################
Starting Execution:	[38 out of 143] test cases in the current suite
Test Method:		[unitTests.tests_validations_assertions.assertElementAttribute_true_caseInsensitiveComparison_expectedToPass]
###############################################################################################################################################



################################################################################################################################################
Starting Execution:	[39 out of 143] test cases in the current suite
Test Method:		[unitTests.tests_validations_assertions.assertElementAttribute_true_containsComparison_expectedToFail]
###############################################################################################################################################



################################################################################################################################################
Starting Execution:	[40 out of 143] test cases in the current suite
Test Method:		[unitTests.tests_validations_assertions.assertElementAttribute_true_containsComparison_expectedToPass]
###############################################################################################################################################



################################################################################################################################################
Starting Execution:	[41 out of 143] test cases in the current suite
Test Method:		[unitTests.tests_validations_assertions.assertElementAttribute_true_literalComparison_expectedToFail]
###############################################################################################################################################



################################################################################################################################################
Starting Execution:	[42 out of 143] test cases in the current suite
Test Method:		[unitTests.tests_validations_assertions.assertElementAttribute_true_literalComparison_expectedToPass]
###############################################################################################################################################



################################################################################################################################################
Starting Execution:	[43 out of 143] test cases in the current suite
Test Method:		[unitTests.tests_validations_assertions.assertElementAttribute_true_regexComparison_expectedToFail]
###############################################################################################################################################



################################################################################################################################################
Starting Execution:	[44 out of 143] test cases in the current suite
Test Method:		[unitTests.tests_validations_assertions.assertElementAttribute_true_regexComparison_expectedToPass]
###############################################################################################################################################



################################################################################################################################################
Starting Execution:	[45 out of 143] test cases in the current suite
Test Method:		[unitTests.tests_validations_assertions.assertElementAttribute_type_true_literalComparison_expectedToPass]
###############################################################################################################################################



################################################################################################################################################
Starting Execution:	[46 out of 143] test cases in the current suite
Test Method:		[unitTests.tests_validations_assertions.assertElementExists_false_expectedToFail]
###############################################################################################################################################



################################################################################################################################################
Starting Execution:	[47 out of 143] test cases in the current suite
Test Method:		[unitTests.tests_validations_assertions.assertElementExists_false_expectedToPass]
###############################################################################################################################################



################################################################################################################################################
Starting Execution:	[48 out of 143] test cases in the current suite
Test Method:		[unitTests.tests_validations_assertions.assertElementExists_false_multipleElementsFound_expectedToFail]
###############################################################################################################################################



################################################################################################################################################
Starting Execution:	[49 out of 143] test cases in the current suite
Test Method:		[unitTests.tests_validations_assertions.assertElementExists_true_expectedToFail]
###############################################################################################################################################



################################################################################################################################################
Starting Execution:	[50 out of 143] test cases in the current suite
Test Method:		[unitTests.tests_validations_assertions.assertElementExists_true_expectedToPass]
###############################################################################################################################################



################################################################################################################################################
Starting Execution:	[51 out of 143] test cases in the current suite
Test Method:		[unitTests.tests_validations_assertions.assertElementExists_true_multipleElementsFound_expectedToFail]
###############################################################################################################################################


################################################################################################################################################
Starting Execution:	[52 out of 143] test cases in the current suite
Test Method:		[unitTests.tests_validations_assertions.assertEquals_false_expectedToFail]
###############################################################################################################################################

################################################################################################################################################
Starting Execution:	[53 out of 143] test cases in the current suite
Test Method:		[unitTests.tests_validations_assertions.assertEquals_false_expectedToPass]
###############################################################################################################################################

################################################################################################################################################
Starting Execution:	[54 out of 143] test cases in the current suite
Test Method:		[unitTests.tests_validations_assertions.assertEquals_longCharacters]
###############################################################################################################################################

################################################################################################################################################
Starting Execution:	[55 out of 143] test cases in the current suite
Test Method:		[unitTests.tests_validations_assertions.assertEquals_longCharacters_Discreet]
###############################################################################################################################################

################################################################################################################################################
Starting Execution:	[56 out of 143] test cases in the current suite
Test Method:		[unitTests.tests_validations_assertions.assertEquals_true_expectedToFail]
###############################################################################################################################################

################################################################################################################################################
Starting Execution:	[57 out of 143] test cases in the current suite
Test Method:		[unitTests.tests_validations_assertions.assertEquals_true_expectedToPass]
Test Description:	[Assert that assertEquals works as expected when the two values are equal.]
###############################################################################################################################################

################################################################################################################################################
Starting Execution:	[58 out of 143] test cases in the current suite
Test Method:		[unitTests.tests_validations_assertions.assertEquals_true_expectedToPass__]
###############################################################################################################################################

################################################################################################################################################
Starting Execution:	[59 out of 143] test cases in the current suite
Test Method:		[unitTests.tests_validations_assertions.assertFileExists_false_expectedToFail]
###############################################################################################################################################

################################################################################################################################################
Starting Execution:	[60 out of 143] test cases in the current suite
Test Method:		[unitTests.tests_validations_assertions.assertFileExists_false_expectedToPass]
###############################################################################################################################################

################################################################################################################################################
Starting Execution:	[61 out of 143] test cases in the current suite
Test Method:		[unitTests.tests_validations_assertions.assertFileExists_true_expectedToFail]
###############################################################################################################################################

################################################################################################################################################
Starting Execution:	[62 out of 143] test cases in the current suite
Test Method:		[unitTests.tests_validations_assertions.assertFileExists_true_expectedToPass]
###############################################################################################################################################

################################################################################################################################################
Starting Execution:	[63 out of 143] test cases in the current suite
Test Method:		[unitTests.tests_validations_assertions.assertNull_false_expectedToFail]
###############################################################################################################################################

################################################################################################################################################
Starting Execution:	[64 out of 143] test cases in the current suite
Test Method:		[unitTests.tests_validations_assertions.assertNull_false_expectedToPass]
###############################################################################################################################################

################################################################################################################################################
Starting Execution:	[65 out of 143] test cases in the current suite
Test Method:		[unitTests.tests_validations_assertions.assertNull_true_expectedToFail]
###############################################################################################################################################

################################################################################################################################################
Starting Execution:	[66 out of 143] test cases in the current suite
Test Method:		[unitTests.tests_validations_assertions.assertNull_true_expectedToPass]
###############################################################################################################################################

################################################################################################################################################
Starting Execution:	[67 out of 143] test cases in the current suite
Test Method:		[unitTests.tests_restActions.getPostsAndAssertBodyForSpecificTitle]
################################################################################################################################################
[ReportManager] Response status code: [200], status line: [HTTP/1.1 200 OK] @01-11-2021 22:02:17.0514 PM
[ReportManager] Assertion Passed: Evaluating the actual response status code against the expected one... @01-11-2021 22:02:17.0515 PM
[ReportManager] Assertion [ValidateEquals] PASSED. Expected [200] and Actual [200]. Comparison Type [EQUALS]. Validation Type [POSITIVE]. @01-11-2021 22:02:17.0515 PM
[ReportManager] API Action [PerformRequest] successfully performed. With the following test data [Request Type: "GET" | Target Status Code: "200" | Service URL: "https://jsonplaceholder.typicode.com/posts" | Content Type: "*/*" | Response Time: "814ms"]. @01-11-2021 22:02:18.0987 PM
[ReportManager] Successfully created attachment [API Request - Specifications] @01-11-2021 22:02:18.0993 PM
[ReportManager] Successfully created attachment [API Response - JSON Body] @01-11-2021 22:02:19.0279 PM
[ReportManager] API Action [GetResponseJSONValueAsList] successfully performed. @01-11-2021 22:02:19.0305 PM
[ReportManager] API Action [GetResponseJSONValue] successfully performed. With the following test data [title]. @01-11-2021 22:02:19.0328 PM
[ReportManager] API Action [GetResponseJSONValue] successfully performed. With the following test data [title]. @01-11-2021 22:02:19.0346 PM
[ReportManager] API Action [GetResponseJSONValue] successfully performed. With the following test data [body]. @01-11-2021 22:02:19.0362 PM
[ReportManager] Assertion [ValidateEquals] PASSED. Expected [qui neque nisi nulla] and Actual [est rerum tempore vitae
sequi sint nihil reprehenderit dolor beatae ea dolores neque
fugiat blanditiis voluptate porro vel nihil molestiae ut reiciendis
qui aperiam non debitis possimus qui neque nisi nulla]. Comparison Type [CONTAINS]. Validation Type [POSITIVE]. @01-11-2021 22:02:19.0363 PM
[ReportManager] API Action [GetResponseJSONValue] successfully performed. With the following test data [title]. @01-11-2021 22:02:19.0377 PM
[ReportManager] API Action [GetResponseJSONValue] successfully performed. With the following test data [title]. @01-11-2021 22:02:19.0391 PM
[ReportManager] API Action [GetResponseJSONValue] successfully performed. With the following test data [title]. @01-11-2021 22:02:19.0406 PM
[ReportManager] API Action [GetResponseJSONValue] successfully performed. With the following test data [title]. @01-11-2021 22:02:19.0421 PM
[ReportManager] API Action [GetResponseJSONValue] successfully performed. With the following test data [title]. @01-11-2021 22:02:19.0435 PM
[ReportManager] API Action [GetResponseJSONValue] successfully performed. With the following test data [title]. @01-11-2021 22:02:19.0450 PM
[ReportManager] API Action [GetResponseJSONValue] successfully performed. With the following test data [title]. @01-11-2021 22:02:19.0466 PM
[ReportManager] API Action [GetResponseJSONValue] successfully performed. With the following test data [title]. @01-11-2021 22:02:19.0481 PM
[ReportManager] API Action [GetResponseJSONValue] successfully performed. With the following test data [title]. @01-11-2021 22:02:19.0495 PM
[ReportManager] API Action [GetResponseJSONValue] successfully performed. With the following test data [title]. @01-11-2021 22:02:19.0509 PM
[ReportManager] API Action [GetResponseJSONValue] successfully performed. With the following test data [title]. @01-11-2021 22:02:19.0524 PM
[ReportManager] API Action [GetResponseJSONValue] successfully performed. With the following test data [title]. @01-11-2021 22:02:19.0540 PM
[ReportManager] API Action [GetResponseJSONValue] successfully performed. With the following test data [title]. @01-11-2021 22:02:19.0553 PM
[ReportManager] API Action [GetResponseJSONValue] successfully performed. With the following test data [title]. @01-11-2021 22:02:19.0567 PM
[ReportManager] API Action [GetResponseJSONValue] successfully performed. With the following test data [title]. @01-11-2021 22:02:19.0582 PM
[ReportManager] API Action [GetResponseJSONValue] successfully performed. With the following test data [title]. @01-11-2021 22:02:19.0596 PM
[ReportManager] API Action [GetResponseJSONValue] successfully performed. With the following test data [title]. @01-11-2021 22:02:19.0611 PM
[ReportManager] API Action [GetResponseJSONValue] successfully performed. With the following test data [title]. @01-11-2021 22:02:19.0625 PM
[ReportManager] API Action [GetResponseJSONValue] successfully performed. With the following test data [title]. @01-11-2021 22:02:19.0641 PM
[ReportManager] API Action [GetResponseJSONValue] successfully performed. With the following test data [title]. @01-11-2021 22:02:19.0657 PM
[ReportManager] API Action [GetResponseJSONValue] successfully performed. With the following test data [title]. @01-11-2021 22:02:19.0670 PM
[ReportManager] API Action [GetResponseJSONValue] successfully performed. With the following test data [title]. @01-11-2021 22:02:19.0684 PM
[ReportManager] API Action [GetResponseJSONValue] successfully performed. With the following test data [title]. @01-11-2021 22:02:19.0698 PM
[ReportManager] API Action [GetResponseJSONValue] successfully performed. With the following test data [title]. @01-11-2021 22:02:19.0712 PM
[ReportManager] API Action [GetResponseJSONValue] successfully performed. With the following test data [title]. @01-11-2021 22:02:19.0725 PM
[ReportManager] API Action [GetResponseJSONValue] successfully performed. With the following test data [title]. @01-11-2021 22:02:19.0739 PM
[ReportManager] API Action [GetResponseJSONValue] successfully performed. With the following test data [title]. @01-11-2021 22:02:19.0758 PM
[ReportManager] API Action [GetResponseJSONValue] successfully performed. With the following test data [title]. @01-11-2021 22:02:19.0774 PM
[ReportManager] API Action [GetResponseJSONValue] successfully performed. With the following test data [title]. @01-11-2021 22:02:19.0790 PM
[ReportManager] API Action [GetResponseJSONValue] successfully performed. With the following test data [title]. @01-11-2021 22:02:19.0819 PM
[ReportManager] API Action [GetResponseJSONValue] successfully performed. With the following test data [title]. @01-11-2021 22:02:19.0832 PM
[ReportManager] API Action [GetResponseJSONValue] successfully performed. With the following test data [title]. @01-11-2021 22:02:19.0847 PM
[ReportManager] API Action [GetResponseJSONValue] successfully performed. With the following test data [title]. @01-11-2021 22:02:19.0861 PM
[ReportManager] API Action [GetResponseJSONValue] successfully performed. With the following test data [title]. @01-11-2021 22:02:19.0877 PM
[ReportManager] API Action [GetResponseJSONValue] successfully performed. With the following test data [title]. @01-11-2021 22:02:19.0892 PM
[ReportManager] API Action [GetResponseJSONValue] successfully performed. With the following test data [title]. @01-11-2021 22:02:19.0905 PM
[ReportManager] API Action [GetResponseJSONValue] successfully performed. With the following test data [title]. @01-11-2021 22:02:19.0919 PM
[ReportManager] API Action [GetResponseJSONValue] successfully performed. With the following test data [title]. @01-11-2021 22:02:19.0932 PM
[ReportManager] API Action [GetResponseJSONValue] successfully performed. With the following test data [title]. @01-11-2021 22:02:19.0945 PM
[ReportManager] API Action [GetResponseJSONValue] successfully performed. With the following test data [title]. @01-11-2021 22:02:19.0959 PM
[ReportManager] API Action [GetResponseJSONValue] successfully performed. With the following test data [title]. @01-11-2021 22:02:19.0973 PM
[ReportManager] API Action [GetResponseJSONValue] successfully performed. With the following test data [title]. @01-11-2021 22:02:19.0986 PM
[ReportManager] API Action [GetResponseJSONValue] successfully performed. With the following test data [title]. @01-11-2021 22:02:20.0000 PM
[ReportManager] API Action [GetResponseJSONValue] successfully performed. With the following test data [title]. @01-11-2021 22:02:20.0015 PM
[ReportManager] API Action [GetResponseJSONValue] successfully performed. With the following test data [title]. @01-11-2021 22:02:20.0029 PM
[ReportManager] API Action [GetResponseJSONValue] successfully performed. With the following test data [title]. @01-11-2021 22:02:20.0042 PM
[ReportManager] API Action [GetResponseJSONValue] successfully performed. With the following test data [title]. @01-11-2021 22:02:20.0057 PM
[ReportManager] API Action [GetResponseJSONValue] successfully performed. With the following test data [title]. @01-11-2021 22:02:20.0071 PM
[ReportManager] API Action [GetResponseJSONValue] successfully performed. With the following test data [title]. @01-11-2021 22:02:20.0085 PM
[ReportManager] API Action [GetResponseJSONValue] successfully performed. With the following test data [title]. @01-11-2021 22:02:20.0100 PM
[ReportManager] API Action [GetResponseJSONValue] successfully performed. With the following test data [title]. @01-11-2021 22:02:20.0113 PM
[ReportManager] API Action [GetResponseJSONValue] successfully performed. With the following test data [title]. @01-11-2021 22:02:20.0127 PM
[ReportManager] API Action [GetResponseJSONValue] successfully performed. With the following test data [title]. @01-11-2021 22:02:20.0151 PM
[ReportManager] API Action [GetResponseJSONValue] successfully performed. With the following test data [title]. @01-11-2021 22:02:20.0175 PM
[ReportManager] API Action [GetResponseJSONValue] successfully performed. With the following test data [title]. @01-11-2021 22:02:20.0188 PM
[ReportManager] API Action [GetResponseJSONValue] successfully performed. With the following test data [title]. @01-11-2021 22:02:20.0200 PM
[ReportManager] API Action [GetResponseJSONValue] successfully performed. With the following test data [title]. @01-11-2021 22:02:20.0212 PM
[ReportManager] API Action [GetResponseJSONValue] successfully performed. With the following test data [title]. @01-11-2021 22:02:20.0225 PM
[ReportManager] API Action [GetResponseJSONValue] successfully performed. With the following test data [title]. @01-11-2021 22:02:20.0240 PM
[ReportManager] API Action [GetResponseJSONValue] successfully performed. With the following test data [title]. @01-11-2021 22:02:20.0270 PM
[ReportManager] API Action [GetResponseJSONValue] successfully performed. With the following test data [title]. @01-11-2021 22:02:20.0283 PM
[ReportManager] API Action [GetResponseJSONValue] successfully performed. With the following test data [title]. @01-11-2021 22:02:20.0295 PM
[ReportManager] API Action [GetResponseJSONValue] successfully performed. With the following test data [title]. @01-11-2021 22:02:20.0308 PM
[ReportManager] API Action [GetResponseJSONValue] successfully performed. With the following test data [title]. @01-11-2021 22:02:20.0319 PM
[ReportManager] API Action [GetResponseJSONValue] successfully performed. With the following test data [title]. @01-11-2021 22:02:20.0330 PM
[ReportManager] API Action [GetResponseJSONValue] successfully performed. With the following test data [title]. @01-11-2021 22:02:20.0342 PM
[ReportManager] API Action [GetResponseJSONValue] successfully performed. With the following test data [title]. @01-11-2021 22:02:20.0353 PM
[ReportManager] API Action [GetResponseJSONValue] successfully performed. With the following test data [title]. @01-11-2021 22:02:20.0367 PM
[ReportManager] API Action [GetResponseJSONValue] successfully performed. With the following test data [title]. @01-11-2021 22:02:20.0380 PM
[ReportManager] API Action [GetResponseJSONValue] successfully performed. With the following test data [title]. @01-11-2021 22:02:20.0393 PM
[ReportManager] API Action [GetResponseJSONValue] successfully performed. With the following test data [title]. @01-11-2021 22:02:20.0405 PM
[ReportManager] API Action [GetResponseJSONValue] successfully performed. With the following test data [title]. @01-11-2021 22:02:20.0418 PM
[ReportManager] API Action [GetResponseJSONValue] successfully performed. With the following test data [title]. @01-11-2021 22:02:20.0431 PM
[ReportManager] API Action [GetResponseJSONValue] successfully performed. With the following test data [title]. @01-11-2021 22:02:20.0443 PM
[ReportManager] API Action [GetResponseJSONValue] successfully performed. With the following test data [title]. @01-11-2021 22:02:20.0455 PM
[ReportManager] API Action [GetResponseJSONValue] successfully performed. With the following test data [title]. @01-11-2021 22:02:20.0469 PM
[ReportManager] API Action [GetResponseJSONValue] successfully performed. With the following test data [title]. @01-11-2021 22:02:20.0482 PM
[ReportManager] API Action [GetResponseJSONValue] successfully performed. With the following test data [title]. @01-11-2021 22:02:20.0494 PM
[ReportManager] API Action [GetResponseJSONValue] successfully performed. With the following test data [title]. @01-11-2021 22:02:20.0509 PM
[ReportManager] API Action [GetResponseJSONValue] successfully performed. With the following test data [title]. @01-11-2021 22:02:20.0524 PM
[ReportManager] API Action [GetResponseJSONValue] successfully performed. With the following test data [title]. @01-11-2021 22:02:20.0538 PM
[ReportManager] API Action [GetResponseJSONValue] successfully performed. With the following test data [title]. @01-11-2021 22:02:20.0553 PM
[ReportManager] API Action [GetResponseJSONValue] successfully performed. With the following test data [title]. @01-11-2021 22:02:20.0567 PM
[ReportManager] API Action [GetResponseJSONValue] successfully performed. With the following test data [title]. @01-11-2021 22:02:20.0582 PM
[ReportManager] API Action [GetResponseJSONValue] successfully performed. With the following test data [title]. @01-11-2021 22:02:20.0596 PM
[ReportManager] API Action [GetResponseJSONValue] successfully performed. With the following test data [title]. @01-11-2021 22:02:20.0611 PM
[ReportManager] API Action [GetResponseJSONValue] successfully performed. With the following test data [title]. @01-11-2021 22:02:20.0623 PM
[ReportManager] API Action [GetResponseJSONValue] successfully performed. With the following test data [title]. @01-11-2021 22:02:20.0636 PM
[ReportManager] API Action [GetResponseJSONValue] successfully performed. With the following test data [title]. @01-11-2021 22:02:20.0648 PM
[ReportManager] API Action [GetResponseJSONValue] successfully performed. With the following test data [title]. @01-11-2021 22:02:20.0661 PM
[ReportManager] API Action [GetResponseJSONValue] successfully performed. With the following test data [title]. @01-11-2021 22:02:20.0673 PM
[ReportManager] API Action [GetResponseJSONValue] successfully performed. With the following test data [title]. @01-11-2021 22:02:20.0690 PM
[ReportManager] API Action [GetResponseJSONValue] successfully performed. With the following test data [title]. @01-11-2021 22:02:20.0702 PM
[ReportManager] API Action [GetResponseJSONValue] successfully performed. With the following test data [title]. @01-11-2021 22:02:20.0715 PM
[ReportManager] API Action [GetResponseJSONValue] successfully performed. With the following test data [title]. @01-11-2021 22:02:20.0727 PM
[ReportManager] API Action [GetResponseJSONValue] successfully performed. With the following test data [title]. @01-11-2021 22:02:20.0739 PM
[ReportManager] API Action [GetResponseJSONValue] successfully performed. With the following test data [title]. @01-11-2021 22:02:20.0751 PM
[ReportManager] API Action [GetResponseJSONValue] successfully performed. With the following test data [title]. @01-11-2021 22:02:20.0763 P

################################################################################################################################################
Starting Execution:	[68 out of 143] test cases in the current suite
Test Method:		[unitTests.tests_restActions.validateUserEmail]
################################################################################################################################################
[ReportManager] Response status code: [200], status line: [HTTP/1.1 200 OK] @01-11-2021 22:02:20.0847 PM
[ReportManager] Assertion Passed: Evaluating the actual response status code against the expected one... @01-11-2021 22:02:20.0847 PM
[ReportManager] Assertion [ValidateEquals] PASSED. Expected [200] and Actual [200]. Comparison Type [EQUALS]. Validation Type [POSITIVE]. @01-11-2021 22:02:20.0847 PM
[ReportManager] API Action [PerformRequest] successfully performed. With the following test data [Request Type: "GET" | Target Status Code: "200" | Service URL: "https://jsonplaceholder.typicode.com/users" | Content Type: "*/*" | Response Time: "54ms"]. @01-11-2021 22:02:20.0870 PM
[ReportManager] Successfully created attachment [API Request - Specifications] @01-11-2021 22:02:20.0877 PM
[ReportManager] Successfully created attachment [API Response - JSON Body] @01-11-2021 22:02:20.0888 PM
[ReportManager] Assertion [ValidateEquals] PASSED. Expected and Actual values are attached. Comparison Type [CONTAINS]. Validation Type [POSITIVE]. @01-11-2021 22:02:20.0889 PM
[ReportManager] Successfully created attachment [Validation Test Data - Expected Value] @01-11-2021 22:02:20.0895 PM
[ReportManager] Successfully created attachment [Validation Test Data - Actual Value] @01-11-2021 22:02:20.0906 PM
[ReportManager] API Action [GetResponseJSONValueAsList] successfully performed. With the following test data [$]. @01-11-2021 22:02:20.0912 PM
[ReportManager] API Action [GetResponseJSONValue] successfully performed. With the following test data [name]. @01-11-2021 22:02:20.0925 PM
[ReportManager] API Action [GetResponseJSONValue] successfully performed. With the following test data [email]. @01-11-2021 22:02:20.0937 PM
[ReportManager] Assertion [ValidateEquals] PASSED. Expected [Sincere@april.biz] and Actual [Sincere@april.biz]. Comparison Type [EQUALS]. Validation Type [POSITIVE]. @01-11-2021 22:02:20.0937 PM
[ReportManager] API Action [GetResponseJSONValue] successfully performed. With the following test data [name]. @01-11-2021 22:02:20.0950 PM
[ReportManager] API Action [GetResponseJSONValue] successfully performed. With the following test data [name]. @01-11-2021 22:02:20.0961 PM
[ReportManager] API Action [GetResponseJSONValue] successfully performed. With the following test data [name]. @01-11-2021 22:02:20.0973 PM
[ReportManager] API Action [GetResponseJSONValue] successfully performed. With the following test data [name]. @01-11-2021 22:02:20.0985 PM
[ReportManager] API Action [GetResponseJSONValue] successfully performed. With the following test data [name]. @01-11-2021 22:02:20.0997 PM
[ReportManager] API Action [GetResponseJSONValue] successfully performed. With the following test data [name]. @01-11-2021 22:02:21.0008 PM
[ReportManager] API Action [GetResponseJSONValue] successfully performed. With the following test data [name]. @01-11-2021 22:02:21.0020 PM
[ReportManager] API Action [GetResponseJSONValue] successfully performed. With the following test data [name]. @01-11-2021 22:02:21.0032 PM
[ReportManager] API Action [GetResponseJSONValue] successfully performed. With the following test data [name]. @01-11-2021 22:02:21.0044 P
[ReportManager] File Action [GetAbsolutePath] successfully performed. With the following test data [Relative Folder Path: "target/downloadedFiles/"]. @01-11-2021 22:02:21.0069 PM
[ReportManager] Attempting to run locally on: [Mac-64], [Safari], Headless Execution. @01-11-2021 22:02:21.0069 PM
[ReportManager] Successfully Opened Safari. @01-11-2021 22:02:21.0864 PM
[ReportManager] Initial window size: (800, 600) @01-11-2021 22:02:21.0871 PM
[ReportManager] Window size after SWD Maximize: (1176, 811) @01-11-2021 22:02:21.0898 PM
[ReportManager] Browser Action [MaximizeWindow] successfully performed. With the following test data [New screen size is now: (1176, 811)]. @01-11-2021 22:02:21.0899 P

################################################################################################################################################
Starting Execution:	[69 out of 143] test cases in the current suite
Test Method:		[testPackage01.Test_uploadFile.uploadFile_invisibleUploadInput]
################################################################################################################################################
[ReportManager] Target URL: [https://fineuploader.com/demos.html#gallery-view] @01-11-2021 22:02:21.0921 PM
[ReportManager] Initial URL: [] @01-11-2021 22:02:21.0994 PM
[ReportManager] Browser Action [NavigateToURL] successfully performed. With the following test data [https://fineuploader.com/demos.html#gallery-view]. @01-11-2021 22:02:23.0481 PM
[ReportManager] File Action [GetAbsolutePath] successfully performed. With the following test data [Relative File Path: "src/main/resources/images/shaft.png"]. @01-11-2021 22:02:23.0481 PM
[ReportManager] Successfully created attachment [File Action Actual Result - Command Log] @01-11-2021 22:02:23.0487 P
[ReportManager] Browser Action [CloseCurrentWindow] successfully performed. @01-11-2021 22:02:23.0903 PM
[ReportManager] Successfully created attachment [Browser Action Test Data - CloseCurrentWindow - Actual Value] @01-11-2021 22:02:23.0910 P
[ReportManager] File Action [GetAbsolutePath] successfully performed. With the following test data [Relative Folder Path: "target/downloadedFiles/"]. @01-11-2021 22:02:23.0932 PM
[ReportManager] Attempting to run locally on: [Mac-64], [Safari], Headless Execution. @01-11-2021 22:02:23.0932 PM
[ReportManager] Successfully Opened Safari. @01-11-2021 22:02:24.0812 PM
[ReportManager] Initial window size: (800, 600) @01-11-2021 22:02:24.0828 PM
[ReportManager] Window size after SWD Maximize: (1176, 811) @01-11-2021 22:02:24.0854 PM
[ReportManager] Browser Action [MaximizeWindow] successfully performed. With the following test data [New screen size is now: (1176, 811)]. @01-11-2021 22:02:24.0855 P

################################################################################################################################################
Starting Execution:	[70 out of 143] test cases in the current suite
Test Method:		[testPackage01.Test_uploadFile.uploadFile_visibleUploadInput]
################################################################################################################################################
[ReportManager] Target URL: [http://demo.guru99.com/test/upload/] @01-11-2021 22:02:24.0888 PM
[ReportManager] Initial URL: [] @01-11-2021 22:02:24.0944 PM
[ReportManager] Browser Action [NavigateToURL] successfully performed. With the following test data [http://demo.guru99.com/test/upload/]. @01-11-2021 22:02:26.0028 PM
[ReportManager] File Action [GetAbsolutePath] successfully performed. With the following test data [Relative File Path: "src/main/resources/images/shaft.png"]. @01-11-2021 22:02:26.0028 PM
[ReportManager] Successfully created attachment [File Action Actual Result - Command Log] @01-11-2021 22:02:26.0035 PM
[ReportManager] Element Action [TypeFileLocationForUpload] successfully performed. With the following test data [/Users/runner/work/SHAFT_ENGINE/SHAFT_ENGINE/src/main/resources/images/shaft.png]. @01-11-2021 22:02:26.0093 PM
[ReportManager] Element Action [Click] successfully performed. With the following test data [on]. @01-11-2021 22:02:26.0404 PM
[ReportManager] Element Action [Click] successfully performed. With the following test data [ Submit File]. @01-11-2021 22:02:26.0769 PM
[ReportManager] Element Action [GetText] successfully performed. With the following test data [1 file has been successfully uploaded.]. @01-11-2021 22:02:27.0598 PM
[ReportManager] Loaded Shared OpenCV @01-11-2021 22:02:27.0672 PM
[ReportManager] Assertion [ValidateElementAttribute] PASSED. Expected [Value Should be '1 file' for the 'Text' attribute, element locator 'By.id: res'] and Actual [1 file has been successfully uploaded.]. Comparison Type [CONTAINS]. Validation Type [POSITIVE]. @01-11-2021 22:02:27.0889 PM
[ReportManager] Successfully created attachment [Screenshot - 1635804147672_uploadFile_visibleUploadInput_ValidateElementAttribute_passed] @01-11-2021 22:02:27.0909 P
[ReportManager] Browser Action [CloseCurrentWindow] successfully performed. @01-11-2021 22:02:28.0102 PM
[ReportManager] Successfully created attachment [Browser Action Test Data - CloseCurrentWindow - Actual Value] @01-11-2021 22:02:28.0109 P

################################################################################################################################################
Starting Execution:	[71 out of 143] test cases in the current suite
Test Method:		[testPackage01.Test_AssertApiResponseEquals.assertApiResponseEquals_expectedToPass]
################################################################################################################################################
[ReportManager] Response status code: [200], status line: [HTTP/1.1 200 OK] @01-11-2021 22:02:28.0216 PM
[ReportManager] Assertion Passed: Evaluating the actual response status code against the expected one... @01-11-2021 22:02:28.0217 PM
[ReportManager] Assertion [ValidateEquals] PASSED. Expected [200] and Actual [200]. Comparison Type [EQUALS]. Validation Type [POSITIVE]. @01-11-2021 22:02:28.0218 PM
[ReportManager] API Action [PerformRequest] successfully performed. With the following test data [Request Type: "GET" | Target Status Code: "200" | Service URL: "https://jsonplaceholder.typicode.com/users" | Content Type: "*/*" | Response Time: "94ms"]. @01-11-2021 22:02:28.0251 PM
[ReportManager] Successfully created attachment [API Request - Specifications] @01-11-2021 22:02:28.0258 PM
[ReportManager] Successfully created attachment [API Response - JSON Body] @01-11-2021 22:02:28.0281 PM
[ReportManager] API Action [GetResponseJSONValueAsList] successfully performed. With the following test data [$]. @01-11-2021 22:02:28.0289 PM
[ReportManager] API Action [GetResponseJSONValue] successfully performed. With the following test data [name]. @01-11-2021 22:02:28.0307 PM
[ReportManager] API Action [GetResponseJSONValue] successfully performed. With the following test data [email]. @01-11-2021 22:02:28.0324 PM
[ReportManager] Verification [ValidateEquals] PASSED. Expected [Sincere@april.biz] and Actual [Sincere@april.biz]. Comparison Type [EQUALS]. Validation Type [POSITIVE]. @01-11-2021 22:02:28.0324 PM
[ReportManager] API Action [GetResponseJSONValue] successfully performed. With the following test data [username]. @01-11-2021 22:02:28.0337 PM
[ReportManager] Assertion [ValidateEquals] PASSED. Expected [Bret] and Actual [Bret]. Comparison Type [EQUALS]. Validation Type [POSITIVE]. @01-11-2021 22:02:28.0337 PM
[ReportManager] API Action [GetResponseJSONValue] successfully performed. With the following test data [name]. @01-11-2021 22:02:28.0352 PM
[ReportManager] API Action [GetResponseJSONValue] successfully performed. With the following test data [name]. @01-11-2021 22:02:28.0382 PM
[ReportManager] API Action [GetResponseJSONValue] successfully performed. With the following test data [name]. @01-11-2021 22:02:28.0403 PM
[ReportManager] API Action [GetResponseJSONValue] successfully performed. With the following test data [name]. @01-11-2021 22:02:28.0418 PM
[ReportManager] API Action [GetResponseJSONValue] successfully performed. With the following test data [name]. @01-11-2021 22:02:28.0432 PM
[ReportManager] API Action [GetResponseJSONValue] successfully performed. With the following test data [name]. @01-11-2021 22:02:28.0446 PM
[ReportManager] API Action [GetResponseJSONValue] successfully performed. With the following test data [name]. @01-11-2021 22:02:28.0461 PM
[ReportManager] API Action [GetResponseJSONValue] successfully performed. With the following test data [name]. @01-11-2021 22:02:28.0475 PM
[ReportManager] API Action [GetResponseJSONValue] successfully performed. With the following test data [name]. @01-11-2021 22:02:28.0495 P

################################################################################################################################################
Starting Execution:	[72 out of 143] test cases in the current suite
Test Method:		[testPackage01.Test_testData.f]
################################################################################################################################################
[ReportManager] Successfully loaded the following test data file [src/test/resources/TestDataFiles/testSuite01/TestData.xlsx]. @01-11-2021 22:02:28.0565 PM
[ReportManager] Successfully created attachment [Test Data - Excel] @01-11-2021 22:02:28.0571 PM
[ReportManager] Last Column Number is: [3]. Zero-based. @01-11-2021 22:02:28.0572 P

################################################################################################################################################
Starting Execution:	[73 out of 143] test cases in the current suite
Test Method:		[testPackage01.Test_PDF.testPDF_Downloaded]
################################################################################################################################################
[ReportManager] File Action [DoesFileExist] successfully performed. With the following test data [File Path: "src/test/resources/TestDataFiles/sample.pdf"]. @01-11-2021 22:02:28.0601 PM
[ReportManager] File Action [GetAbsolutePath] successfully performed. With the following test data [Relative File Path: "src/test/resources/TestDataFiles/sample.pdf"]. @01-11-2021 22:02:28.0602 PM
[ReportManager] Assertion [ValidateTrue] PASSED. Expected [TRUE] and Actual [TRUE]. Validation Type [POSITIVE]. @01-11-2021 22:02:51.0368 P
[ReportManager] File Action [GetAbsolutePath] successfully performed. With the following test data [Relative Folder Path: "target/downloadedFiles/"]. @01-11-2021 22:02:51.0390 PM
[ReportManager] Attempting to run locally on: [Mac-64], [Safari], Headless Execution. @01-11-2021 22:02:51.0390 PM
[ReportManager] Successfully Opened Safari. @01-11-2021 22:02:52.0227 PM
[ReportManager] Initial window size: (800, 600) @01-11-2021 22:02:52.0274 PM
[ReportManager] Window size after SWD Maximize: (1176, 811) @01-11-2021 22:02:52.0324 PM
[ReportManager] Browser Action [MaximizeWindow] successfully performed. With the following test data [New screen size is now: (1176, 811)]. @01-11-2021 22:02:52.0325 P

################################################################################################################################################
Starting Execution:	[74 out of 143] test cases in the current suite
Test Method:		[testPackage01.Test_ShadowDOM.shadowdom]
################################################################################################################################################
[ReportManager] Target URL: [https://mdn.github.io/web-components-examples/popup-info-box-web-component/] @01-11-2021 22:02:52.0623 PM
[ReportManager] Initial URL: [] @01-11-2021 22:02:52.0657 PM
[ReportManager] Browser Action [NavigateToURL] successfully performed. With the following test data [https://mdn.github.io/web-components-examples/popup-info-box-web-component/]. @01-11-2021 22:02:52.0990 PM
[ReportManager] Element Action [Type] successfully performed. With the following test data [Typing into SHADOW DOM...]. @01-11-2021 22:02:53.0962 PM
[ReportManager] Element Action [GetText] successfully performed. With the following test data [Typing into SHADOW DOM...]. @01-11-2021 22:02:54.0025 PM
[ReportManager] Loaded Shared OpenCV @01-11-2021 22:02:54.0078 PM
[ReportManager] Assertion [ValidateElementAttribute] PASSED. Expected [Value Should be 'Typing into SHADOW DOM...' for the 'Text' attribute, element locator 'By.id: cvc'] and Actual [Typing into SHADOW DOM...]. Comparison Type [EQUALS]. Validation Type [POSITIVE]. @01-11-2021 22:02:54.0214 PM
[ReportManager] Successfully created attachment [Screenshot - 1635804174078_shadowdom_ValidateElementAttribute_passed] @01-11-2021 22:02:54.0220 P
[ReportManager] Browser Action [CloseCurrentWindow] successfully performed. @01-11-2021 22:02:54.0505 PM
[ReportManager] Successfully created attachment [Browser Action Test Data - CloseCurrentWindow - Actual Value] @01-11-2021 22:02:54.0511 P
[ReportManager] File Action [GetAbsolutePath] successfully performed. With the following test data [Relative Folder Path: "target/downloadedFiles/"]. @01-11-2021 22:02:54.0531 PM
[ReportManager] Attempting to run locally on: [Mac-64], [Safari], Headless Execution. @01-11-2021 22:02:54.0532 PM
[ReportManager] Successfully Opened Safari. @01-11-2021 22:02:55.0376 PM
[ReportManager] Initial window size: (800, 600) @01-11-2021 22:02:55.0384 PM
[ReportManager] Window size after SWD Maximize: (1176, 811) @01-11-2021 22:02:55.0412 PM
[ReportManager] Browser Action [MaximizeWindow] successfully performed. With the following test data [New screen size is now: (1176, 811)]. @01-11-2021 22:02:55.0412 P

################################################################################################################################################
Starting Execution:	[75 out of 143] test cases in the current suite
Test Method:		[testPackage01.Test_clipboardActions.typeTextAndCopyPaste]
################################################################################################################################################
[ReportManager] Target URL: [https://www.google.com/ncr], and after redirection: [https://www.google.com] @01-11-2021 22:02:55.0421 PM
[ReportManager] Initial URL: [] @01-11-2021 22:02:55.0487 PM
[ReportManager] Browser Action [NavigateToURL] successfully performed. With the following test data [https://www.google.com/ncr]. @01-11-2021 22:02:57.0004 PM
[ReportManager] Element Action [Type] successfully performed. With the following test data [FIRST]. @01-11-2021 22:02:57.0344 P
[ReportManager] Browser Action [CloseCurrentWindow] successfully performed. @01-11-2021 22:02:57.0617 PM
[ReportManager] Successfully created attachment [Browser Action Test Data - CloseCurrentWindow - Actual Value] @01-11-2021 22:02:57.0625 P

################################################################################################################################################
Starting Execution:	[76 out of 143] test cases in the current suite
Test Method:		[testPackage01.Test_NewValidationHelper.f1]
################################################################################################################################################
[ReportManager] Assertion Passed: Checking valid user data @01-11-2021 22:02:57.0641 PM
[ReportManager] Successfully created attachment [Validation Test Data - Expected Value] @01-11-2021 22:02:57.0653 PM
[ReportManager] Successfully created attachment [Validation Test Data - Actual Value] @01-11-2021 22:02:57.0659 PM
[ReportManager] Assertion [ValidateEquals] PASSED. Expected and Actual values are attached. Comparison Type [EQUALS]. Validation Type [POSITIVE]. @01-11-2021 22:02:57.0659 P
[ReportManager] File Action [GetAbsolutePath] successfully performed. With the following test data [Relative Folder Path: "target/downloadedFiles/"]. @01-11-2021 22:02:57.0678 PM
[ReportManager] Attempting to run locally on: [Mac-64], [Safari], Headless Execution. @01-11-2021 22:02:57.0678 PM
[ReportManager] Successfully Opened Safari. @01-11-2021 22:02:58.0706 PM
[ReportManager] Initial window size: (800, 600) @01-11-2021 22:02:58.0715 PM
[ReportManager] Window size after SWD Maximize: (1176, 811) @01-11-2021 22:02:58.0742 PM
[ReportManager] Browser Action [MaximizeWindow] successfully performed. With the following test data [New screen size is now: (1176, 811)]. @01-11-2021 22:02:58.0742 PM
[ReportManager] Target URL: [https://the-internet.herokuapp.com/] @01-11-2021 22:02:58.0742 PM
[ReportManager] Initial URL: [] @01-11-2021 22:02:58.0812 PM
[ReportManager] Browser Action [NavigateToURL] successfully performed. With the following test data [https://the-internet.herokuapp.com/]. @01-11-2021 22:02:59.0499 P

################################################################################################################################################
Starting Execution:	[77 out of 143] test cases in the current suite
Test Method:		[testPackage01.Test_NewValidationHelper.f10]
################################################################################################################################################
[ReportManager] Assertion [ValidateElementExists] FAILED. Expected [Element Should Exist, locator 'By.tagName: div'] and Actual [Element Exists but is not unique]. Comparison Type [EQUALS]. Validation Type [POSITIVE]. @01-11-2021 22:02:59.0746 PM
[ReportManager] Successfully created attachment [Screenshot - 1635804179598_f10_ValidateElementExists_failed] @01-11-2021 22:02:59.0753 P



################################################################################################################################################
Starting Execution:	[78 out of 143] test cases in the current suite
Test Method:		[testPackage01.Test_NewValidationHelper.f11]
###############################################################################################################################################



################################################################################################################################################
Starting Execution:	[79 out of 143] test cases in the current suite
Test Method:		[testPackage01.Test_NewValidationHelper.f12]
###############################################################################################################################################



################################################################################################################################################
Starting Execution:	[80 out of 143] test cases in the current suite
Test Method:		[testPackage01.Test_NewValidationHelper.f13]
###############################################################################################################################################



################################################################################################################################################
Starting Execution:	[81 out of 143] test cases in the current suite
Test Method:		[testPackage01.Test_NewValidationHelper.f14]
###############################################################################################################################################



################################################################################################################################################
Starting Execution:	[82 out of 143] test cases in the current suite
Test Method:		[testPackage01.Test_NewValidationHelper.f15]
###############################################################################################################################################



################################################################################################################################################
Starting Execution:	[83 out of 143] test cases in the current suite
Test Method:		[testPackage01.Test_NewValidationHelper.f16]
###############################################################################################################################################



################################################################################################################################################
Starting Execution:	[84 out of 143] test cases in the current suite
Test Method:		[testPackage01.Test_NewValidationHelper.f17]
###############################################################################################################################################



################################################################################################################################################
Starting Execution:	[85 out of 143] test cases in the current suite
Test Method:		[testPackage01.Test_NewValidationHelper.f18]
###############################################################################################################################################


################################################################################################################################################
Starting Execution:	[86 out of 143] test cases in the current suite
Test Method:		[testPackage01.Test_NewValidationHelper.f2]
###############################################################################################################################################


################################################################################################################################################
Starting Execution:	[87 out of 143] test cases in the current suite
Test Method:		[testPackage01.Test_NewValidationHelper.f20]
###############################################################################################################################################



################################################################################################################################################
Starting Execution:	[88 out of 143] test cases in the current suite
Test Method:		[testPackage01.Test_NewValidationHelper.f21]
###############################################################################################################################################



################################################################################################################################################
Starting Execution:	[89 out of 143] test cases in the current suite
Test Method:		[testPackage01.Test_NewValidationHelper.f22]
###############################################################################################################################################


################################################################################################################################################
Starting Execution:	[90 out of 143] test cases in the current suite
Test Method:		[testPackage01.Test_NewValidationHelper.f23]
###############################################################################################################################################

################################################################################################################################################
Starting Execution:	[91 out of 143] test cases in the current suite
Test Method:		[testPackage01.Test_NewValidationHelper.f24]
###############################################################################################################################################

################################################################################################################################################
Starting Execution:	[92 out of 143] test cases in the current suite
Test Method:		[testPackage01.Test_NewValidationHelper.f25]
###############################################################################################################################################

################################################################################################################################################
Starting Execution:	[93 out of 143] test cases in the current suite
Test Method:		[testPackage01.Test_NewValidationHelper.f26]
###############################################################################################################################################

################################################################################################################################################
Starting Execution:	[94 out of 143] test cases in the current suite
Test Method:		[testPackage01.Test_NewValidationHelper.f27]
###############################################################################################################################################

################################################################################################################################################
Starting Execution:	[95 out of 143] test cases in the current suite
Test Method:		[testPackage01.Test_NewValidationHelper.f28]
###############################################################################################################################################

################################################################################################################################################
Starting Execution:	[96 out of 143] test cases in the current suite
Test Method:		[testPackage01.Test_NewValidationHelper.f29]
###############################################################################################################################################

################################################################################################################################################
Starting Execution:	[97 out of 143] test cases in the current suite
Test Method:		[testPackage01.Test_NewValidationHelper.f3]
###############################################################################################################################################

################################################################################################################################################
Starting Execution:	[98 out of 143] test cases in the current suite
Test Method:		[testPackage01.Test_NewValidationHelper.f30]
###############################################################################################################################################

################################################################################################################################################
Starting Execution:	[99 out of 143] test cases in the current suite
Test Method:		[testPackage01.Test_NewValidationHelper.f31]
###############################################################################################################################################

################################################################################################################################################
Starting Execution:	[100 out of 143] test cases in the current suite
Test Method:		[testPackage01.Test_NewValidationHelper.f32]
###############################################################################################################################################

################################################################################################################################################
Starting Execution:	[101 out of 143] test cases in the current suite
Test Method:		[testPackage01.Test_NewValidationHelper.f33]
###############################################################################################################################################

################################################################################################################################################
Starting Execution:	[102 out of 143] test cases in the current suite
Test Method:		[testPackage01.Test_NewValidationHelper.f34]
###############################################################################################################################################

################################################################################################################################################
Starting Execution:	[103 out of 143] test cases in the current suite
Test Method:		[testPackage01.Test_NewValidationHelper.f35]
###############################################################################################################################################

################################################################################################################################################
Starting Execution:	[104 out of 143] test cases in the current suite
Test Method:		[testPackage01.Test_NewValidationHelper.f36]
###############################################################################################################################################

################################################################################################################################################
Starting Execution:	[105 out of 143] test cases in the current suite
Test Method:		[testPackage01.Test_NewValidationHelper.f37]
###############################################################################################################################################

################################################################################################################################################
Starting Execution:	[106 out of 143] test cases in the current suite
Test Method:		[testPackage01.Test_NewValidationHelper.f3_1]
###############################################################################################################################################

################################################################################################################################################
Starting Execution:	[107 out of 143] test cases in the current suite
Test Method:		[testPackage01.Test_NewValidationHelper.f4]
###############################################################################################################################################

################################################################################################################################################
Starting Execution:	[108 out of 143] test cases in the current suite
Test Method:		[testPackage01.Test_NewValidationHelper.f5]
###############################################################################################################################################

################################################################################################################################################
Starting Execution:	[109 out of 143] test cases in the current suite
Test Method:		[testPackage01.Test_NewValidationHelper.f6]
###############################################################################################################################################

################################################################################################################################################
Starting Execution:	[110 out of 143] test cases in the current suite
Test Method:		[testPackage01.Test_NewValidationHelper.f6_1]
###############################################################################################################################################

################################################################################################################################################
Starting Execution:	[111 out of 143] test cases in the current suite
Test Method:		[testPackage01.Test_NewValidationHelper.f6_2]
###############################################################################################################################################

################################################################################################################################################
Starting Execution:	[112 out of 143] test cases in the current suite
Test Method:		[testPackage01.Test_NewValidationHelper.f7]
###############################################################################################################################################


################################################################################################################################################
Starting Execution:	[113 out of 143] test cases in the current suite
Test Method:		[testPackage01.Test_NewValidationHelper.f8]
###############################################################################################################################################



################################################################################################################################################
Starting Execution:	[114 out of 143] test cases in the current suite
Test Method:		[testPackage01.Test_NewValidationHelper.f9]
###############################################################################################################################################


################################################################################################################################################
Starting Execution:	[115 out of 143] test cases in the current suite
Test Method:		[testPackage01.Test_NewValidationHelper.forceFail]
###############################################################################################################################################

################################################################################################################################################
Starting Execution:	[116 out of 143] test cases in the current suite
Test Method:		[testPackage01.Test_NewValidationHelper.forceFail2]
###############################################################################################################################################

################################################################################################################################################
Starting Execution:	[117 out of 143] test cases in the current suite
Test Method:		[testPackage01.Test_JsonActions.f]
###############################################################################################################################################

################################################################################################################################################
Starting Execution:	[118 out of 143] test cases in the current suite
Test Method:		[testPackage01.Test_JsonActions.f2]
###############################################################################################################################################

################################################################################################################################################
Starting Execution:	[119 out of 143] test cases in the current suite
Test Method:		[testPackage01.Test_sendGraphqlRequest.sendGraphqlRequestUsingMutationAndVariables]
################################################################################################################################################
[ReportManager] GraphQl Request is being Performed with the Following Parameters [Service URL: https://api.spacex.land/graphql | Request Body: {"variables":"{\"name\": \"sherlock holmes\",\"rocket\": \"221B Baker Street\"}","query":"mutation ($name: String, $rocket: String) {\n  insert_users(objects: {name: $name, rocket: $rocket}) {\n    returning {\n      name\n      rocket\n    }\n  }\n}"}] @01-11-2021 22:03:01.0062 PM
[ReportManager] Response status code: [200], status line: [HTTP/1.1 200 OK] @01-11-2021 22:03:05.0470 PM
[ReportManager] Assertion Passed: Evaluating the actual response status code against the expected one... @01-11-2021 22:03:05.0470 PM
[ReportManager] Assertion [ValidateEquals] PASSED. Expected [200] and Actual [200]. Comparison Type [EQUALS]. Validation Type [POSITIVE]. @01-11-2021 22:03:05.0470 PM
[ReportManager] API Action [PerformRequest] successfully performed. With the following test data [Request Type: "POST" | Target Status Code: "200" | Service URL: "https://api.spacex.land/graphql" | Content Type: "application/json" | Response Time: "4299ms"]. @01-11-2021 22:03:05.0510 PM
[ReportManager] Successfully created attachment [API Request - Specifications] @01-11-2021 22:03:05.0511 PM
[ReportManager] Successfully created attachment [API Request - JSON Body] @01-11-2021 22:03:05.0512 PM
[ReportManager] Successfully created attachment [API Response - JSON Body] @01-11-2021 22:03:05.0512 PM
[ReportManager] API Action [GetResponseJSONValue] successfully performed. With the following test data [data.insert_users.returning[0].name]. @01-11-2021 22:03:05.0570 PM
[ReportManager] Assertion [ValidateEquals] PASSED. Expected [sherlock holmes] and Actual [sherlock holmes]. Comparison Type [EQUALS]. Validation Type [POSITIVE]. @01-11-2021 22:03:05.0570 P

################################################################################################################################################
Starting Execution:	[120 out of 143] test cases in the current suite
Test Method:		[testPackage01.Test_sendGraphqlRequest.sendGraphqlRequestUsingQuery]
################################################################################################################################################
[ReportManager] GraphQl Request is being Performed with the Following Parameters [Service URL: https://api.spacex.land/graphql | Request Body: {"query":"{company {ceo}}"}] @01-11-2021 22:03:05.0578 PM
[ReportManager] Response status code: [200], status line: [HTTP/1.1 200 OK] @01-11-2021 22:03:05.0691 PM
[ReportManager] Assertion Passed: Evaluating the actual response status code against the expected one... @01-11-2021 22:03:05.0691 PM
[ReportManager] Assertion [ValidateEquals] PASSED. Expected [200] and Actual [200]. Comparison Type [EQUALS]. Validation Type [POSITIVE]. @01-11-2021 22:03:05.0692 PM
[ReportManager] API Action [PerformRequest] successfully performed. With the following test data [Request Type: "POST" | Target Status Code: "200" | Service URL: "https://api.spacex.land/graphql" | Content Type: "application/json" | Response Time: "106ms"]. @01-11-2021 22:03:05.0704 PM
[ReportManager] Successfully created attachment [API Request - Specifications] @01-11-2021 22:03:05.0710 PM
[ReportManager] Successfully created attachment [API Request - JSON Body] @01-11-2021 22:03:05.0719 PM
[ReportManager] Successfully created attachment [API Response - JSON Body] @01-11-2021 22:03:05.0726 PM
[ReportManager] API Action [GetResponseJSONValue] successfully performed. With the following test data [data.company.ceo]. @01-11-2021 22:03:05.0739 PM
[ReportManager] Assertion [ValidateEquals] PASSED. Expected [Elon Musk] and Actual [Elon Musk]. Comparison Type [EQUALS]. Validation Type [POSITIVE]. @01-11-2021 22:03:05.0739 P
[ReportManager] File Action [GetAbsolutePath] successfully performed. With the following test data [Relative Folder Path: "target/downloadedFiles/"]. @01-11-2021 22:03:05.0752 PM
[ReportManager] Attempting to run locally on: [Mac-64], [Safari], Headless Execution. @01-11-2021 22:03:05.0752 PM
[ReportManager] Successfully Opened Safari. @01-11-2021 22:03:06.0542 PM
[ReportManager] Initial window size: (800, 600) @01-11-2021 22:03:06.0548 PM
[ReportManager] Window size after SWD Maximize: (1176, 811) @01-11-2021 22:03:06.0569 PM
[ReportManager] Browser Action [MaximizeWindow] successfully performed. With the following test data [New screen size is now: (1176, 811)]. @01-11-2021 22:03:06.0570 P

################################################################################################################################################
Starting Execution:	[121 out of 143] test cases in the current suite
Test Method:		[testPackage01.Test_dragAndDrop.dragAndDropJquery]
################################################################################################################################################
[ReportManager] Target URL: [https://jqueryui.com/resources/demos/droppable/default.html] @01-11-2021 22:03:06.0603 PM
[ReportManager] Initial URL: [] @01-11-2021 22:03:06.0658 PM
[ReportManager] Browser Action [NavigateToURL] successfully performed. With the following test data [https://jqueryui.com/resources/demos/droppable/default.html]. @01-11-2021 22:03:07.0039 PM
[ReportManager] Element Action [GetText] successfully performed. With the following test data [
	Drop here
]. @01-11-2021 22:03:07.0075 PM
[ReportManager] Element Action [DragAndDrop] successfully performed. With the following test data [Start point: (8, 18), End point: (8, 18)]. @01-11-2021 22:03:08.0123 PM
[ReportManager] Element Action [GetText] successfully performed. With the following test data [
	Dropped!
]. @01-11-2021 22:03:08.0154 PM
[ReportManager] Assertion Passed: Checking to see if the text has changed after performing drag and drop @01-11-2021 22:03:08.0155 PM
[ReportManager] Assertion [ValidateEquals] PASSED. Expected [
	Drop here
] and Actual [
	Dropped!
]. Comparison Type [EQUALS]. Validation Type [NEGATIVE]. @01-11-2021 22:03:08.0155 P
[ReportManager] Browser Action [CloseCurrentWindow] successfully performed. @01-11-2021 22:03:08.0375 PM
[ReportManager] Successfully created attachment [Browser Action Test Data - CloseCurrentWindow - Actual Value] @01-11-2021 22:03:08.0382 P
[ReportManager] File Action [GetAbsolutePath] successfully performed. With the following test data [Relative Folder Path: "target/downloadedFiles/"]. @01-11-2021 22:03:08.0404 PM
[ReportManager] Attempting to run locally on: [Mac-64], [Safari], Headless Execution. @01-11-2021 22:03:08.0404 PM
[ReportManager] Successfully Opened Safari. @01-11-2021 22:03:09.0321 PM
[ReportManager] Initial window size: (800, 600) @01-11-2021 22:03:09.0344 PM
[ReportManager] Window size after SWD Maximize: (1176, 811) @01-11-2021 22:03:09.0410 PM
[ReportManager] Browser Action [MaximizeWindow] successfully performed. With the following test data [New screen size is now: (1176, 811)]. @01-11-2021 22:03:09.0410 P

################################################################################################################################################
Starting Execution:	[122 out of 143] test cases in the current suite
Test Method:		[testPackage01.Test_dragAndDrop.dragAndDrop]
Test Description:	[TC001 - Test Drag and Drop function.]
################################################################################################################################################
[ReportManager] Target URL: [http://the-internet.herokuapp.com/drag_and_drop] @01-11-2021 22:03:09.0432 PM
[ReportManager] Initial URL: [] @01-11-2021 22:03:09.0478 PM
[ReportManager] Browser Action [NavigateToURL] successfully performed. With the following test data [http://the-internet.herokuapp.com/drag_and_drop]. @01-11-2021 22:03:10.0198 PM
[ReportManager] Attempting Drag and Drop @01-11-2021 22:03:10.0199 PM
[ReportManager] Element Action [DragAndDrop] successfully performed. With the following test data [Start point: (120, 89), End point: (335, 89)]. @01-11-2021 22:03:10.0870 P
[ReportManager] Browser Action [CloseCurrentWindow] successfully performed. @01-11-2021 22:03:11.0000 PM
[ReportManager] Successfully created attachment [Browser Action Test Data - CloseCurrentWindow - Actual Value] @01-11-2021 22:03:11.0006 P
[ReportManager] File Action [GetAbsolutePath] successfully performed. With the following test data [Relative Folder Path: "target/downloadedFiles/"]. @01-11-2021 22:03:11.0026 PM
[ReportManager] Attempting to run locally on: [Mac-64], [Safari], Headless Execution. @01-11-2021 22:03:11.0027 PM
[ReportManager] Successfully Opened Safari. @01-11-2021 22:03:11.0859 PM
[ReportManager] Initial window size: (800, 600) @01-11-2021 22:03:11.0867 PM
[ReportManager] Window size after SWD Maximize: (1176, 811) @01-11-2021 22:03:11.0900 PM
[ReportManager] Browser Action [MaximizeWindow] successfully performed. With the following test data [New screen size is now: (1176, 811)]. @01-11-2021 22:03:11.0901 P

################################################################################################################################################
Starting Execution:	[123 out of 143] test cases in the current suite
Test Method:		[testPackage01.Test_dragAndDrop.dragAndDropByOffset]
Test Description:	[TC002 - Test Drag and Drop by offset function.]
################################################################################################################################################
[ReportManager] Target URL: [https://jqueryui.com/resources/demos/draggable/default.html] @01-11-2021 22:03:11.0937 PM
[ReportManager] Initial URL: [] @01-11-2021 22:03:11.0989 PM
[ReportManager] Browser Action [NavigateToURL] successfully performed. With the following test data [https://jqueryui.com/resources/demos/draggable/default.html]. @01-11-2021 22:03:12.0428 PM
[ReportManager] Element Action [DragAndDropByOffset] successfully performed. With the following test data [Start point: (8, 8), End point: (108, 58)]. @01-11-2021 22:03:13.0198 P
[ReportManager] Browser Action [CloseCurrentWindow] successfully performed. @01-11-2021 22:03:13.0331 PM
[ReportManager] Successfully created attachment [Browser Action Test Data - CloseCurrentWindow - Actual Value] @01-11-2021 22:03:13.0337 P
[ReportManager] Successfully loaded the following test data file [src/test/resources/TestDataFiles/testSuite01/TestData.xlsx]. @01-11-2021 22:03:13.0405 PM
[ReportManager] Successfully created attachment [Test Data - Excel] @01-11-2021 22:03:13.0412 PM
[ReportManager] File Action [GetAbsolutePath] successfully performed. With the following test data [Relative Folder Path: "target/downloadedFiles/"]. @01-11-2021 22:03:13.0413 PM
[ReportManager] Attempting to run locally on: [Mac-64], [Safari], Headless Execution. @01-11-2021 22:03:13.0413 PM
[ReportManager] Successfully Opened Safari. @01-11-2021 22:03:14.0276 PM
[ReportManager] Initial window size: (800, 600) @01-11-2021 22:03:14.0285 PM
[ReportManager] Window size after SWD Maximize: (1176, 811) @01-11-2021 22:03:14.0321 PM
[ReportManager] Browser Action [MaximizeWindow] successfully performed. With the following test data [New screen size is now: (1176, 811)]. @01-11-2021 22:03:14.0322 P

################################################################################################################################################
Starting Execution:	[124 out of 143] test cases in the current suite
Test Method:		[testPackage01.Test_google.navigateToURLandVerifyGoogleLogoIsDisplayed]
Test Description:	[TC001 - Navigate to URL and Verify Google Logo is Displayed]
################################################################################################################################################
[ReportManager] Target URL: [https://www.google.com/ncr], and after redirection: [https://www.google.com] @01-11-2021 22:03:14.0337 PM
[ReportManager] Initial URL: [] @01-11-2021 22:03:14.0474 PM
[ReportManager] Browser Action [NavigateToURL] successfully performed. With the following test data [https://www.google.com/ncr]. @01-11-2021 22:03:16.0065 PM
[ReportManager] Loaded Shared OpenCV @01-11-2021 22:03:16.0155 PM
[ReportManager] Assertion [ValidateElementExists] PASSED. Expected [Element Should Exist, locator 'By.xpath: //*[@id='hplogo' or @alt='Google']'] and Actual [Element Exists]. Comparison Type [EQUALS]. Validation Type [POSITIVE]. @01-11-2021 22:03:16.0287 PM
[ReportManager] Successfully created attachment [Screenshot - 1635804196155_navigateToURLandVerifyGoogleLogoIsDisplayed_ValidateElementExists_passed] @01-11-2021 22:03:16.0295 P

################################################################################################################################################
Starting Execution:	[125 out of 143] test cases in the current suite
Test Method:		[testPackage01.Test_google.searchForQueryandAssertResultsNumDisplayed]
Test Description:	[TC002 - Search for Query and Assert that the number of results is displayed]
################################################################################################################################################
[ReportManager] Element Action [Type] successfully performed. With the following test data [SHAFT_Engine]. @01-11-2021 22:03:16.0863 PM
[ReportManager] Element Action [KeyPress] successfully performed. With the following test data [Enter]. @01-11-2021 22:03:16.0909 P

################################################################################################################################################
Starting Execution:	[126 out of 143] test cases in the current suite
Test Method:		[testPackage01.Test_google.clickNextThrice]
Test Description:	[TC003 - Clicks the next button to make sure that the framework can scroll element into view before clicking it]
###############################################################################################################################################
[ReportManager] Browser Action [CloseCurrentWindow] successfully performed. @01-11-2021 22:03:17.0219 PM
[ReportManager] Successfully created attachment [Browser Action Test Data - CloseCurrentWindow - Actual Value] @01-11-2021 22:03:17.0220 P

################################################################################################################################################
Starting Execution:	[127 out of 143] test cases in the current suite
Test Method:		[testPackage01.Test_chainableElementActions.chainElementActions]
################################################################################################################################################
[ReportManager] File Action [GetAbsolutePath] successfully performed. With the following test data [Relative Folder Path: "target/downloadedFiles/"]. @01-11-2021 22:03:17.0223 PM
[ReportManager] Attempting to run locally on: [Mac-64], [GoogleChrome], Headless Execution. @01-11-2021 22:03:17.0224 PM
[ReportManager] Identifying OS/Driver combination and selecting the correct driver version automatically. Please note that if a new driver executable will be downloaded it may take some time... @01-11-2021 22:03:17.0225 PM
[ReportManager] Successfully Opened Google Chrome. @01-11-2021 22:03:21.0609 PM
[ReportManager] Initial window size: (1920, 1080) @01-11-2021 22:03:21.0614 PM
[ReportManager] Window size after SWD Maximize: (1920, 1080) @01-11-2021 22:03:21.0725 PM
[ReportManager] Window size after Toolkit: (1920, 1080) @01-11-2021 22:03:22.0289 PM
[ReportManager] Browser Action [MaximizeWindow] successfully performed. With the following test data [New screen size is now: (1920, 1080)]. @01-11-2021 22:03:22.0292 PM
[ReportManager] Target URL: [https://www.google.com/ncr], and after redirection: [https://www.google.com] @01-11-2021 22:03:22.0293 PM
[ReportManager] Initial URL: [data:,] @01-11-2021 22:03:22.0329 PM
[ReportManager] Browser Action [NavigateToURL] successfully performed. With the following test data [https://www.google.com/ncr]. @01-11-2021 22:03:25.0482 PM
[ReportManager] Element Action [Type] successfully performed. With the following test data [chained type 1]. @01-11-2021 22:03:26.0644 PM
[ReportManager] Element Action [Type] successfully performed. With the following test data [chained type 2]. @01-11-2021 22:03:27.0036 PM
[ReportManager] Element Action [TypeAppend] successfully performed. With the following test data [345]. @01-11-2021 22:03:27.0098 PM
[ReportManager] Element Action [GetText] successfully performed. With the following test data [chained type 2345]. @01-11-2021 22:03:27.0189 PM
[ReportManager] Loaded Shared OpenCV @01-11-2021 22:03:27.0506 PM
[ReportManager] Assertion [ValidateElementAttribute] PASSED. Expected [Value Should be 'chained type 2345' for the 'text' attribute, element locator 'By.name: q'] and Actual [chained type 2345]. Comparison Type [EQUALS]. Validation Type [POSITIVE]. @01-11-2021 22:03:27.0755 PM
[ReportManager] Successfully created attachment [Screenshot - 1635804207506_chainElementActions_ValidateElementAttribute_passed] @01-11-2021 22:03:27.0771 PM
[ReportManager] Browser Action [CloseCurrentWindow] successfully performed. @01-11-2021 22:03:28.0030 PM
[ReportManager] Successfully created attachment [Browser Action Test Data - CloseCurrentWindow - Actual Value] @01-11-2021 22:03:28.0047 P

################################################################################################################################################
Starting Execution:	[128 out of 143] test cases in the current suite
Test Method:		[testPackage01.Test_JsonCompareWithSpecialCharacters.specialCharacters]
################################################################################################################################################
[ReportManager] File Action [GetAbsolutePath] successfully performed. With the following test data [Relative Folder Path: "nullspecialCharacters.json"]. @01-11-2021 22:03:28.0082 PM
[ReportManager] File Action [ReadFromFile] successfully performed. With the following test data [File Path: "/Users/runner/work/SHAFT_ENGINE/SHAFT_ENGINE/nullspecialCharacters.json"]. @01-11-2021 22:03:28.0083 PM
[ReportManager] Comparing the provided API response with the file at this path "nullspecialCharacters.json", comparison type "EQUALS" @01-11-2021 22:03:28.0085 PM
[ReportManager] An Exception Occured @01-11-2021 22:03:28.0088 PM
[ReportManager] Successfully created attachment [Exception Stack Trace - org.json.simple.parser.ParseException] @01-11-2021 22:03:28.0100 PM
[ReportManager] API Action [CompareJSON] failed. With the following test data [Couldn't parse the desired file. [nullspecialCharacters.json].]. @01-11-2021 22:03:28.0101 P

################################################################################################################################################
Starting Execution:	[129 out of 143] test cases in the current suite
Test Method:		[testPackage01.Test_JsonCompareWithSpecialCharacters.specialCharacters_assertion]
################################################################################################################################################
[ReportManager] File Action [GetAbsolutePath] successfully performed. With the following test data [Relative Folder Path: "nullspecialCharacters.json"]. @01-11-2021 22:03:28.0136 PM
[ReportManager] File Action [ReadFromFile] successfully performed. With the following test data [File Path: "/Users/runner/work/SHAFT_ENGINE/SHAFT_ENGINE/nullspecialCharacters.json"]. @01-11-2021 22:03:28.0137 PM
[ReportManager] Comparing the provided API response with the file at this path "nullspecialCharacters.json", comparison type "CONTAINS" @01-11-2021 22:03:28.0137 PM
[ReportManager] An Exception Occured @01-11-2021 22:03:28.0137 PM
[ReportManager] Successfully created attachment [Exception Stack Trace - org.json.simple.parser.ParseException] @01-11-2021 22:03:28.0151 PM
[ReportManager] API Action [CompareJSON] failed. With the following test data [Couldn't parse the desired file. [nullspecialCharacters.json].]. @01-11-2021 22:03:28.0151 P

################################################################################################################################################
Starting Execution:	[130 out of 143] test cases in the current suite
Test Method:		[testPackage01.Test_SkipDueToIssue.doNotSkip]
################################################################################################################################################
[ReportManager] This should not be skipped. @01-11-2021 22:03:28.0184 P

################################################################################################################################################
Starting Execution:	[131 out of 143] test cases in the current suite
Test Method:		[testPackage01.Test_SkipDueToIssue.skip]
################################################################################################################################################
[ReportManager] This should be skipped. @01-11-2021 22:03:28.0214 P

################################################################################################################################################
Starting Execution:	[132 out of 143] test cases in the current suite
Test Method:		[testPackage01.Test_SkipDueToIssue.skip2]
################################################################################################################################################
[ReportManager] This should be skipped. @01-11-2021 22:03:28.0245 P

################################################################################################################################################
Starting Execution:	[133 out of 143] test cases in the current suite
Test Method:		[testPackage01.Test_JSONFileManager.readStringFromJson]
################################################################################################################################################
[ReportManager] Successfully loaded the following test data file [src/test/resources/testDataFiles/simpleJSON.json]. @01-11-2021 22:03:28.0273 PM
[ReportManager] Successfully created attachment [Test Data - JSON] @01-11-2021 22:03:28.0285 PM
[ReportManager] Assertion [ValidateEquals] PASSED. Expected [Mohab Mohie] and Actual [Mohab Mohie]. Comparison Type [EQUALS]. Validation Type [POSITIVE]. @01-11-2021 22:03:28.0304 P
[ReportManager] File Action [GetAbsolutePath] successfully performed. With the following test data [Relative Folder Path: "target/downloadedFiles/"]. @01-11-2021 22:03:28.0335 PM
[ReportManager] Attempting to run locally on: [Mac-64], [Safari], Headless Execution. @01-11-2021 22:03:28.0335 PM
[ReportManager] Successfully Opened Safari. @01-11-2021 22:03:29.0106 PM
[ReportManager] Initial window size: (800, 600) @01-11-2021 22:03:29.0111 PM
[ReportManager] Window size after SWD Maximize: (1176, 811) @01-11-2021 22:03:29.0126 PM
[ReportManager] Browser Action [MaximizeWindow] successfully performed. With the following test data [New screen size is now: (1176, 811)]. @01-11-2021 22:03:29.0126 P

################################################################################################################################################
Starting Execution:	[134 out of 143] test cases in the current suite
Test Method:		[testPackage01.Test_assertEquals.test_assertElementAttribute]
################################################################################################################################################
[ReportManager] Target URL: [https://www.google.com/ncr], and after redirection: [https://www.google.com] @01-11-2021 22:03:29.0139 PM
[ReportManager] Initial URL: [] @01-11-2021 22:03:29.0199 PM
[ReportManager] Browser Action [NavigateToURL] successfully performed. With the following test data [https://www.google.com/ncr]. @01-11-2021 22:03:30.0733 PM
[ReportManager] Element Action [Type] successfully performed. With the following test data [INC_004010050:Another SCHEDULER with the same name [Duplicate Job Name] already exists.]. @01-11-2021 22:03:33.0556 PM
[ReportManager] Element Action [GetText] successfully performed. With the following test data [INC_004010050:Another SCHEDULER with the same name [Duplicate Job Name] already exists.]. @01-11-2021 22:03:33.0612 PM
[ReportManager] Loaded Shared OpenCV @01-11-2021 22:03:33.0686 PM
[ReportManager] Assertion [ValidateElementAttribute] PASSED. Expected [Value Should be 'INC_004010050:Another SCHEDULER with the same name \[Duplicate Job Name\] already exists.' for the 'text' attribute, element locator 'By.name: q'] and Actual [INC_004010050:Another SCHEDULER with the same name [Duplicate Job Name] already exists.]. Comparison Type [MATCHES]. Validation Type [POSITIVE]. @01-11-2021 22:03:33.0837 PM
[ReportManager] Successfully created attachment [Screenshot - 1635804213686_test_assertElementAttribute_ValidateElementAttribute_passed] @01-11-2021 22:03:33.0853 P
[ReportManager] Browser Action [CloseCurrentWindow] successfully performed. @01-11-2021 22:03:34.0006 PM
[ReportManager] Successfully created attachment [Browser Action Test Data - CloseCurrentWindow - Actual Value] @01-11-2021 22:03:34.0018 P
[ReportManager] File Action [GetAbsolutePath] successfully performed. With the following test data [Relative Folder Path: "target/downloadedFiles/"]. @01-11-2021 22:03:34.0035 PM
[ReportManager] Attempting to run locally on: [Mac-64], [Safari], Headless Execution. @01-11-2021 22:03:34.0036 PM
[ReportManager] Successfully Opened Safari. @01-11-2021 22:03:34.0866 PM
[ReportManager] Initial window size: (800, 600) @01-11-2021 22:03:34.0871 PM
[ReportManager] Window size after SWD Maximize: (1176, 811) @01-11-2021 22:03:34.0900 PM
[ReportManager] Browser Action [MaximizeWindow] successfully performed. With the following test data [New screen size is now: (1176, 811)]. @01-11-2021 22:03:34.0901 P

################################################################################################################################################
Starting Execution:	[135 out of 143] test cases in the current suite
Test Method:		[testPackage01.Test_IsElementClickable.testIsElementClickable]
################################################################################################################################################
[ReportManager] Target URL: [https://the-internet.herokuapp.com/] @01-11-2021 22:03:34.0949 PM
[ReportManager] Initial URL: [] @01-11-2021 22:03:34.0988 PM
[ReportManager] Browser Action [NavigateToURL] successfully performed. With the following test data [https://the-internet.herokuapp.com/]. @01-11-2021 22:03:35.0491 PM
[ReportManager] Element Action [IsElementClickable] successfully performed. @01-11-2021 22:03:35.0560 PM
[ReportManager] Assertion [ValidateTrue] PASSED. Expected [TRUE] and Actual [TRUE]. Validation Type [POSITIVE]. @01-11-2021 22:03:35.0560 P
[ReportManager] Browser Action [CloseCurrentWindow] successfully performed. @01-11-2021 22:03:35.0736 PM
[ReportManager] Successfully created attachment [Browser Action Test Data - CloseCurrentWindow - Actual Value] @01-11-2021 22:03:35.0745 P
[ReportManager] Successfully loaded the following test data file [src/test/resources/TestDataFiles/testSuite01/TestData.xlsx]. @01-11-2021 22:03:35.0836 PM
[ReportManager] Successfully created attachment [Test Data - Excel] @01-11-2021 22:03:35.0854 PM
[ReportManager] Attempting to run using Playwright locally on: [Mac-64], [Safari], Headless Execution. @01-11-2021 22:04:52.0758 PM
[ReportManager] File Action [GetAbsolutePath] successfully performed. With the following test data [Relative Folder Path: "target/downloadedFiles/"]. @01-11-2021 22:04:52.0760 PM
[ReportManager] Initial window size: (1280, 720) @01-11-2021 22:04:59.0289 PM
[ReportManager] Window size after Toolkit: com.microsoft.playwright.options.ViewportSize@aa0686f @01-11-2021 22:04:59.0299 PM
[ReportManager] Browser Action [MaximizeWindow] successfully performed. With the following test data [New screen size is now: (1920, 1080)]. @01-11-2021 22:04:59.0300 P

################################################################################################################################################
Starting Execution:	[136 out of 143] test cases in the current suite
Test Method:		[testPackage01.Test_google_playwright.navigateToURLandVerifyGoogleLogoIsDisplayed]
Test Description:	[TC001 - Navigate to URL and Verify Google Logo is Displayed]
################################################################################################################################################
[ReportManager] Target URL: [https://www.google.com/ncr], and after redirection: [https://www.google.com] @01-11-2021 22:04:59.0618 PM
[ReportManager] Initial URL: [about:blank] @01-11-2021 22:04:59.0769 PM
[ReportManager] Browser Action [NavigateToURL] successfully performed. With the following test data [https://www.google.com/ncr]. @01-11-2021 22:05:02.0244 PM
[ReportManager] Loaded Shared OpenCV @01-11-2021 22:05:02.0350 PM
[ReportManager] Assertion [ValidateElementExists] PASSED. Expected [Element Should Exist, locator 'xpath=//*[@id='hplogo' or @alt='Google']'] and Actual [Element Exists]. Comparison Type [EQUALS]. Validation Type [POSITIVE]. @01-11-2021 22:05:02.0532 PM
[ReportManager] Successfully created attachment [Screenshot - 1635804302346_navigateToURLandVerifyGoogleLogoIsDisplayed_ValidateElementExists_passed] @01-11-2021 22:05:02.0534 P

################################################################################################################################################
Starting Execution:	[137 out of 143] test cases in the current suite
Test Method:		[testPackage01.Test_google_playwright.searchForQueryandAssertResultsNumDisplayed]
Test Description:	[TC002 - Search for Query and Assert that the number of results is displayed]
################################################################################################################################################
[ReportManager] Element Action [Type] successfully performed. With the following test data [SHAFT_Engine]. @01-11-2021 22:05:02.0815 PM
[ReportManager] Element Action [KeyPress] successfully performed. With the following test data [Enter]. @01-11-2021 22:05:02.0847 PM
[ReportManager] Element Action [GetMatchingElementsCount] failed. @01-11-2021 22:05:08.0235 PM
[ReportManager] Successfully created attachment [Screenshot - 1635804308032_searchForQueryandAssertResultsNumDisplayed_GetMatchingElementsCount_failed] @01-11-2021 22:05:08.0250 PM
[ReportManager] Assertion [ValidateElementAttribute] FAILED. Expected [Value Should not be '' for the 'text' attribute, element locator 'xpath=//div[@id='appbar']'] and Actual [Failed to read the desired element attribute]. Comparison Type [EQUALS]. Validation Type [NEGATIVE]. @01-11-2021 22:05:08.0251 P

################################################################################################################################################
Starting Execution:	[138 out of 143] test cases in the current suite
Test Method:		[testPackage01.Test_google_playwright.clickNextThrice]
Test Description:	[TC003 - Clicks the next button to make sure that the framework can scroll element into view before clicking it]
###############################################################################################################################################
[ReportManager] Failed to find video recording. @01-11-2021 22:05:08.0312 PM
[ReportManager] Successfully Closed PlayWright Driver. @01-11-2021 22:05:08.0434 P
[ReportManager] File Action [GetAbsolutePath] successfully performed. With the following test data [Relative Folder Path: "target/downloadedFiles/"]. @01-11-2021 22:05:08.0446 PM
[ReportManager] Attempting to run locally on: [Mac-64], [Safari], Headless Execution. @01-11-2021 22:05:08.0446 PM
[ReportManager] Successfully Opened Safari. @01-11-2021 22:05:09.0548 PM
[ReportManager] Initial window size: (800, 600) @01-11-2021 22:05:09.0565 PM
[ReportManager] Window size after SWD Maximize: (1176, 811) @01-11-2021 22:05:09.0578 PM
[ReportManager] Browser Action [MaximizeWindow] successfully performed. With the following test data [New screen size is now: (1176, 811)]. @01-11-2021 22:05:09.0578 P

################################################################################################################################################
Starting Execution:	[139 out of 143] test cases in the current suite
Test Method:		[testPackage01.Test_verifyEquals.test_assertElementAttribute]
################################################################################################################################################
[ReportManager] Target URL: [https://www.google.com/ncr], and after redirection: [https://www.google.com] @01-11-2021 22:05:09.0601 PM
[ReportManager] Initial URL: [] @01-11-2021 22:05:09.0655 PM
[ReportManager] Browser Action [NavigateToURL] successfully performed. With the following test data [https://www.google.com/ncr]. @01-11-2021 22:05:11.0294 PM
[ReportManager] Element Action [Type] successfully performed. With the following test data [INC_004010050:Another SCHEDULER with the same name [Duplicate Job Name] already exists.]. @01-11-2021 22:05:13.0774 PM
[ReportManager] Element Action [GetText] successfully performed. With the following test data [INC_004010050:Another SCHEDULER with the same name [Duplicate Job Name] already exists.]. @01-11-2021 22:05:13.0829 PM
[ReportManager] Loaded Shared OpenCV @01-11-2021 22:05:13.0898 PM
[ReportManager] Verification [ValidateElementAttribute] PASSED. Expected [Value Should be 'INC_004010050:Another SCHEDULER with the same name \[Duplicate Job Name\] already exists.' for the 'text' attribute, element locator 'By.name: q'] and Actual [INC_004010050:Another SCHEDULER with the same name [Duplicate Job Name] already exists.]. Comparison Type [MATCHES]. Validation Type [POSITIVE]. @01-11-2021 22:05:14.0003 PM
[ReportManager] Successfully created attachment [Screenshot - 1635804313898_test_assertElementAttribute_ValidateElementAttribute_passed] @01-11-2021 22:05:14.0004 P
[ReportManager] Browser Action [CloseCurrentWindow] successfully performed. @01-11-2021 22:05:14.0117 PM
[ReportManager] Successfully created attachment [Browser Action Test Data - CloseCurrentWindow - Actual Value] @01-11-2021 22:05:14.0118 P

################################################################################################################################################
Starting Execution:	[140 out of 143] test cases in the current suite
Test Method:		[testPackage01.Test_SelectedValue.multipleSelect]
################################################################################################################################################
[ReportManager] File Action [GetAbsolutePath] successfully performed. With the following test data [Relative Folder Path: "target/downloadedFiles/"]. @01-11-2021 22:05:14.0121 PM
[ReportManager] Attempting to run locally on: [Mac-64], [GoogleChrome], Headless Execution. @01-11-2021 22:05:14.0122 PM
[ReportManager] Identifying OS/Driver combination and selecting the correct driver version automatically. Please note that if a new driver executable will be downloaded it may take some time... @01-11-2021 22:05:14.0122 PM
[ReportManager] Successfully Opened Google Chrome. @01-11-2021 22:05:14.0663 PM
[ReportManager] Initial window size: (1920, 1080) @01-11-2021 22:05:14.0669 PM
[ReportManager] Window size after SWD Maximize: (1920, 1080) @01-11-2021 22:05:14.0779 PM
[ReportManager] Window size after Toolkit: (1920, 1080) @01-11-2021 22:05:15.0145 PM
[ReportManager] Browser Action [MaximizeWindow] successfully performed. With the following test data [New screen size is now: (1920, 1080)]. @01-11-2021 22:05:15.0148 PM
[ReportManager] Target URL: [https://yari-demos.prod.mdn.mozit.cloud/en-US/docs/Web/HTML/Element/select/_sample_.Advanced_select_with_multiple_features.html] @01-11-2021 22:05:15.0148 PM
[ReportManager] Initial URL: [data:,] @01-11-2021 22:05:15.0180 PM
[ReportManager] Browser Action [NavigateToURL] successfully performed. With the following test data [https://yari-demos.prod.mdn.mozit.cloud/en-US/docs/Web/HTML/Element/select/_sample_.Advanced_select_with_multiple_features.html]. @01-11-2021 22:05:15.0455 PM
[ReportManager] Element Action [Select] successfully performed. With the following test data [Dog]. @01-11-2021 22:05:15.0649 PM
[ReportManager] Element Action [Select] successfully performed. With the following test data [Cat]. @01-11-2021 22:05:15.0858 PM
[ReportManager] Element Action [GetSelectedText] successfully performed. With the following test data [DogCat]. @01-11-2021 22:05:15.0961 PM
[ReportManager] DogCat @01-11-2021 22:05:15.0961 PM
[ReportManager] Element Action [GetSelectedText] successfully performed. With the following test data [DogCat]. @01-11-2021 22:05:16.0037 PM
[ReportManager] Loaded Shared OpenCV @01-11-2021 22:05:16.0287 PM
[ReportManager] Assertion [ValidateElementAttribute] PASSED. Expected [Value Should be 'DogCat' for the 'selectedText' attribute, element locator 'By.tagName: select'] and Actual [DogCat]. Comparison Type [EQUALS]. Validation Type [POSITIVE]. @01-11-2021 22:05:16.0451 PM
[ReportManager] Successfully created attachment [Screenshot - 1635804316287_multipleSelect_ValidateElementAttribute_passed] @01-11-2021 22:05:16.0452 PM
[ReportManager] Browser Action [CloseCurrentWindow] successfully performed. @01-11-2021 22:05:16.0676 PM
[ReportManager] Successfully created attachment [Browser Action Test Data - CloseCurrentWindow - Actual Value] @01-11-2021 22:05:16.0676 P

################################################################################################################################################
Starting Execution:	[141 out of 143] test cases in the current suite
Test Method:		[testPackage01.Test_SelectedValue.simpleSelect]
################################################################################################################################################
[ReportManager] File Action [GetAbsolutePath] successfully performed. With the following test data [Relative Folder Path: "target/downloadedFiles/"]. @01-11-2021 22:05:16.0684 PM
[ReportManager] Attempting to run locally on: [Mac-64], [GoogleChrome], Headless Execution. @01-11-2021 22:05:16.0684 PM
[ReportManager] Identifying OS/Driver combination and selecting the correct driver version automatically. Please note that if a new driver executable will be downloaded it may take some time... @01-11-2021 22:05:16.0685 PM
[ReportManager] Successfully Opened Google Chrome. @01-11-2021 22:05:17.0239 PM
[ReportManager] Initial window size: (1920, 1080) @01-11-2021 22:05:17.0243 PM
[ReportManager] Window size after SWD Maximize: (1920, 1080) @01-11-2021 22:05:17.0365 PM
[ReportManager] Window size after Toolkit: (1920, 1080) @01-11-2021 22:05:17.0750 PM
[ReportManager] Browser Action [MaximizeWindow] successfully performed. With the following test data [New screen size is now: (1920, 1080)]. @01-11-2021 22:05:17.0753 PM
[ReportManager] Target URL: [https://yari-demos.prod.mdn.mozit.cloud/en-US/docs/Web/HTML/Element/select/_sample_.Basic_select.html] @01-11-2021 22:05:17.0753 PM
[ReportManager] Initial URL: [data:,] @01-11-2021 22:05:17.0781 PM
[ReportManager] Browser Action [NavigateToURL] successfully performed. With the following test data [https://yari-demos.prod.mdn.mozit.cloud/en-US/docs/Web/HTML/Element/select/_sample_.Basic_select.html]. @01-11-2021 22:05:17.0996 PM
[ReportManager] Element Action [Select] successfully performed. With the following test data [Third Value]. @01-11-2021 22:05:18.0242 PM
[ReportManager] Element Action [GetSelectedText] successfully performed. With the following test data [Third Value]. @01-11-2021 22:05:18.0313 PM
[ReportManager] Third Value @01-11-2021 22:05:18.0313 PM
[ReportManager] Element Action [GetSelectedText] successfully performed. With the following test data [Third Value]. @01-11-2021 22:05:18.0379 PM
[ReportManager] Loaded Shared OpenCV @01-11-2021 22:05:18.0752 PM
[ReportManager] Assertion [ValidateElementAttribute] PASSED. Expected [Value Should be 'Third Value' for the 'selectedText' attribute, element locator 'By.tagName: select'] and Actual [Third Value]. Comparison Type [EQUALS]. Validation Type [POSITIVE]. @01-11-2021 22:05:18.0920 PM
[ReportManager] Successfully created attachment [Screenshot - 1635804318752_simpleSelect_ValidateElementAttribute_passed] @01-11-2021 22:05:18.0921 PM
[ReportManager] Browser Action [CloseCurrentWindow] successfully performed. @01-11-2021 22:05:19.0066 PM
[ReportManager] Successfully created attachment [Browser Action Test Data - CloseCurrentWindow - Actual Value] @01-11-2021 22:05:19.0067 P
[ReportManager] File Action [GetAbsolutePath] successfully performed. With the following test data [Relative Folder Path: "target/downloadedFiles/"]. @01-11-2021 22:05:19.0075 PM
[ReportManager] Attempting to run locally on: [Mac-64], [Safari], Headless Execution. @01-11-2021 22:05:19.0075 PM
[ReportManager] Successfully Opened Safari. @01-11-2021 22:05:19.0833 PM
[ReportManager] Initial window size: (800, 600) @01-11-2021 22:05:19.0837 PM
[ReportManager] Window size after SWD Maximize: (1176, 811) @01-11-2021 22:05:19.0857 PM
[ReportManager] Browser Action [MaximizeWindow] successfully performed. With the following test data [New screen size is now: (1176, 811)]. @01-11-2021 22:05:19.0857 P

################################################################################################################################################
Starting Execution:	[142 out of 143] test cases in the current suite
Test Method:		[testPackage01.Test_dynamicLoading.dynamicLoading_elementIsHidden]
################################################################################################################################################
[ReportManager] Target URL: [https://the-internet.herokuapp.com/dynamic_loading/1] @01-11-2021 22:05:19.0860 PM
[ReportManager] Initial URL: [] @01-11-2021 22:05:19.0902 PM
[ReportManager] Browser Action [NavigateToURL] successfully performed. With the following test data [https://the-internet.herokuapp.com/dynamic_loading/1]. @01-11-2021 22:05:20.0354 PM
[ReportManager] Element Action [Click] successfully performed. With the following test data [Start]. @01-11-2021 22:05:20.0613 PM
[ReportManager] Element Action [GetText] successfully performed. With the following test data [
    Hello World!
  ]. @01-11-2021 22:05:20.0645 P
[ReportManager] Browser Action [CloseCurrentWindow] successfully performed. @01-11-2021 22:05:20.0857 PM
[ReportManager] Successfully created attachment [Browser Action Test Data - CloseCurrentWindow - Actual Value] @01-11-2021 22:05:20.0858 P
[ReportManager] File Action [GetAbsolutePath] successfully performed. With the following test data [Relative Folder Path: "target/downloadedFiles/"]. @01-11-2021 22:05:20.0860 PM
[ReportManager] Attempting to run locally on: [Mac-64], [Safari], Headless Execution. @01-11-2021 22:05:20.0860 PM
[ReportManager] Successfully Opened Safari. @01-11-2021 22:05:21.0665 PM
[ReportManager] Initial window size: (800, 600) @01-11-2021 22:05:21.0684 PM
[ReportManager] Window size after SWD Maximize: (1176, 811) @01-11-2021 22:05:21.0699 PM
[ReportManager] Browser Action [MaximizeWindow] successfully performed. With the following test data [New screen size is now: (1176, 811)]. @01-11-2021 22:05:21.0699 P

################################################################################################################################################
Starting Execution:	[143 out of 143] test cases in the current suite
Test Method:		[testPackage01.Test_dynamicLoading.dynamicLoading_elementIsRendered]
################################################################################################################################################
[ReportManager] Target URL: [https://the-internet.herokuapp.com/dynamic_loading/2] @01-11-2021 22:05:21.0702 PM
[ReportManager] Initial URL: [] @01-11-2021 22:05:21.0753 PM
[ReportManager] Browser Action [NavigateToURL] successfully performed. With the following test data [https://the-internet.herokuapp.com/dynamic_loading/2]. @01-11-2021 22:05:22.0265 PM
[ReportManager] Element Action [Click] successfully performed. With the following test data [Start]. @01-11-2021 22:05:22.0544 P
[ReportManager] Browser Action [CloseCurrentWindow] successfully performed. @01-11-2021 22:05:22.0769 PM
[ReportManager] Successfully created attachment [Browser Action Test Data - CloseCurrentWindow - Actual Value] @01-11-2021 22:05:22.0770 P
[ReportManager] Successfully created attachment [SHAFT Engine Logs - Execution log] @01-11-2021 22:05:22.0803 PM

################################################################################################################################################
This test run was powered by SHAFT Engine Version: [SHAFT Engine v5.4.20211030-BETA]
SHAFT Engine is licensed under the MIT License: [https://github.com/MohabMohie/SHAFT_ENGINE/blob/master/LICENSE].
################################################################################################################################################