################################################################################################################################################
Detected SHAFT Engine Version: [SHAFT Engine v5.3.20210902]
################################################################################################################################################

################################################################################################################################################
Starting Execution:	[1 out of 144] test cases in the current suite
Test Method:		[unitTests.tests_validations_assertions.assertComparativeRelation_greaterThanOrEquals_false_equals_expectedToFail]
################################################################################################################################################
[ReportManager] Assertion [ValidateComparativeRelation] FAILED. Expected [1] and Actual [1]. Comparison Type [GREATER_THAN_OR_EQUALS]. Validation Type [NEGATIVE]. @02-10-2021 01:50:25.0043 A

################################################################################################################################################
Starting Execution:	[2 out of 144] test cases in the current suite
Test Method:		[unitTests.tests_validations_assertions.assertComparativeRelation_greaterThanOrEquals_false_equals_expectedToPass]
################################################################################################################################################
[ReportManager] Assertion [ValidateComparativeRelation] PASSED. Expected [2] and Actual [1]. Comparison Type [GREATER_THAN_OR_EQUALS]. Validation Type [NEGATIVE]. @02-10-2021 01:50:25.0179 A

################################################################################################################################################
Starting Execution:	[3 out of 144] test cases in the current suite
Test Method:		[unitTests.tests_validations_assertions.assertComparativeRelation_greaterThanOrEquals_false_greaterThan_expectedToFail]
################################################################################################################################################
[ReportManager] Assertion [ValidateComparativeRelation] FAILED. Expected [1] and Actual [2]. Comparison Type [GREATER_THAN_OR_EQUALS]. Validation Type [NEGATIVE]. @02-10-2021 01:50:25.0186 A

################################################################################################################################################
Starting Execution:	[4 out of 144] test cases in the current suite
Test Method:		[unitTests.tests_validations_assertions.assertComparativeRelation_greaterThanOrEquals_false_greaterThan_expectedToPass]
################################################################################################################################################
[ReportManager] Assertion [ValidateComparativeRelation] PASSED. Expected [2] and Actual [1]. Comparison Type [GREATER_THAN_OR_EQUALS]. Validation Type [NEGATIVE]. @02-10-2021 01:50:25.0194 A

################################################################################################################################################
Starting Execution:	[5 out of 144] test cases in the current suite
Test Method:		[unitTests.tests_validations_assertions.assertComparativeRelation_greaterThanOrEquals_true_equals_expectedToFail]
################################################################################################################################################
[ReportManager] Assertion [ValidateComparativeRelation] FAILED. Expected [1] and Actual [0]. Comparison Type [GREATER_THAN_OR_EQUALS]. Validation Type [POSITIVE]. @02-10-2021 01:50:25.0200 A

################################################################################################################################################
Starting Execution:	[6 out of 144] test cases in the current suite
Test Method:		[unitTests.tests_validations_assertions.assertComparativeRelation_greaterThanOrEquals_true_equals_expectedToPass]
################################################################################################################################################
[ReportManager] Assertion [ValidateComparativeRelation] PASSED. Expected [1] and Actual [1]. Comparison Type [GREATER_THAN_OR_EQUALS]. Validation Type [POSITIVE]. @02-10-2021 01:50:25.0206 A

################################################################################################################################################
Starting Execution:	[7 out of 144] test cases in the current suite
Test Method:		[unitTests.tests_validations_assertions.assertComparativeRelation_greaterThanOrEquals_true_greaterThan_expectedToFail]
################################################################################################################################################
[ReportManager] Assertion [ValidateComparativeRelation] FAILED. Expected [2] and Actual [1]. Comparison Type [GREATER_THAN_OR_EQUALS]. Validation Type [POSITIVE]. @02-10-2021 01:50:25.0213 A

################################################################################################################################################
Starting Execution:	[8 out of 144] test cases in the current suite
Test Method:		[unitTests.tests_validations_assertions.assertComparativeRelation_greaterThanOrEquals_true_greaterThan_expectedToPass]
################################################################################################################################################
[ReportManager] Assertion [ValidateComparativeRelation] PASSED. Expected [1] and Actual [2]. Comparison Type [GREATER_THAN_OR_EQUALS]. Validation Type [POSITIVE]. @02-10-2021 01:50:25.0229 A
[ReportManager] File Action [GetAbsolutePath] successfully performed. With the following test data [Relative Folder Path: "target/downloadedFiles/"]. @02-10-2021 01:50:25.0241 AM
[ReportManager] Attempting to run remotely on: [Linux-64], [GoogleChrome], [http://localhost:4444/wd/hub], Headless Execution. @02-10-2021 01:50:25.0272 AM
[ReportManager] Successfully Opened [GoogleChrome]. @02-10-2021 01:50:26.0945 AM
[ReportManager] Target URL: [https://www.google.com/ncr], and after redirection: [www.google.com] @02-10-2021 01:50:26.0993 AM
[ReportManager] Initial URL: [data:,] @02-10-2021 01:50:27.0083 AM
[ReportManager] Browser Action [NavigateToURL] successfully performed. With the following test data [https://www.google.com/ncr]. @02-10-2021 01:50:28.0567 A

################################################################################################################################################
Starting Execution:	[9 out of 144] test cases in the current suite
Test Method:		[unitTests.tests_validations_assertions.assertElementAttribute_false_caseInsensitiveComparison_expectedToFail]
################################################################################################################################################
[ReportManager] Element Action [Type] successfully performed. With the following test data [AUTOMATION]. @02-10-2021 01:50:29.0112 AM
[ReportManager] Element Action [GetText] successfully performed. With the following test data [AUTOMATION]. @02-10-2021 01:50:29.0294 AM
[ReportManager] Loaded Shared OpenCV @02-10-2021 01:50:30.0147 AM
[ReportManager] Assertion [ValidateElementAttribute] FAILED. Expected [Value Should not be 'AutomaTion' for the 'text' attribute, element locator 'By.name: q'] and Actual [AUTOMATION]. Comparison Type [CASE_INSENSITIVE]. Validation Type [NEGATIVE]. @02-10-2021 01:50:30.0473 AM
[ReportManager] Successfully created attachment [Screenshot - 1633139429595_assertElementAttribute_false_caseInsensitiveComparison_expectedToFail_ValidateElementAttribute_failed] @02-10-2021 01:50:30.0497 A
[ReportManager] Browser Action [CloseCurrentWindow] successfully performed. @02-10-2021 01:50:30.0718 AM
[ReportManager] Successfully created attachment [Browser Action Test Data - CloseCurrentWindow - Actual Value] @02-10-2021 01:50:30.0724 A
[ReportManager] File Action [GetAbsolutePath] successfully performed. With the following test data [Relative Folder Path: "target/downloadedFiles/"]. @02-10-2021 01:50:30.0748 AM
[ReportManager] Attempting to run remotely on: [Linux-64], [GoogleChrome], [http://localhost:4444/wd/hub], Headless Execution. @02-10-2021 01:50:30.0748 AM
[ReportManager] Successfully Opened [GoogleChrome]. @02-10-2021 01:50:31.0004 AM
[ReportManager] Target URL: [https://www.google.com/ncr], and after redirection: [www.google.com] @02-10-2021 01:50:31.0025 AM
[ReportManager] Initial URL: [data:,] @02-10-2021 01:50:31.0125 AM
[ReportManager] Browser Action [NavigateToURL] successfully performed. With the following test data [https://www.google.com/ncr]. @02-10-2021 01:50:32.0632 A

################################################################################################################################################
Starting Execution:	[10 out of 144] test cases in the current suite
Test Method:		[unitTests.tests_validations_assertions.assertElementAttribute_false_caseInsensitiveComparison_expectedToPass]
################################################################################################################################################
[ReportManager] Element Action [Type] successfully performed. With the following test data [AUTOMATION]. @02-10-2021 01:50:33.0133 AM
[ReportManager] Element Action [GetText] successfully performed. With the following test data [AUTOMATION]. @02-10-2021 01:50:33.0291 AM
[ReportManager] Loaded Shared OpenCV @02-10-2021 01:50:33.0497 AM
[ReportManager] Assertion [ValidateElementAttribute] PASSED. Expected [Value Should not be 'AutomaTion123' for the 'text' attribute, element locator 'By.name: q'] and Actual [AUTOMATION]. Comparison Type [CASE_INSENSITIVE]. Validation Type [NEGATIVE]. @02-10-2021 01:50:33.0659 AM
[ReportManager] Successfully created attachment [Screenshot - 1633139433496_assertElementAttribute_false_caseInsensitiveComparison_expectedToPass_ValidateElementAttribute_passed] @02-10-2021 01:50:33.0662 A
[ReportManager] Browser Action [CloseCurrentWindow] successfully performed. @02-10-2021 01:50:33.0820 AM
[ReportManager] Successfully created attachment [Browser Action Test Data - CloseCurrentWindow - Actual Value] @02-10-2021 01:50:33.0822 A
[ReportManager] File Action [GetAbsolutePath] successfully performed. With the following test data [Relative Folder Path: "target/downloadedFiles/"]. @02-10-2021 01:50:33.0834 AM
[ReportManager] Attempting to run remotely on: [Linux-64], [GoogleChrome], [http://localhost:4444/wd/hub], Headless Execution. @02-10-2021 01:50:33.0835 AM
[ReportManager] Successfully Opened [GoogleChrome]. @02-10-2021 01:50:34.0154 AM
[ReportManager] Target URL: [https://www.google.com/ncr], and after redirection: [www.google.com] @02-10-2021 01:50:34.0177 AM
[ReportManager] Initial URL: [data:,] @02-10-2021 01:50:34.0262 AM
[ReportManager] Browser Action [NavigateToURL] successfully performed. With the following test data [https://www.google.com/ncr]. @02-10-2021 01:50:35.0293 A

################################################################################################################################################
Starting Execution:	[11 out of 144] test cases in the current suite
Test Method:		[unitTests.tests_validations_assertions.assertElementAttribute_false_containsComparison_expectedToFail]
################################################################################################################################################
[ReportManager] Element Action [Type] successfully performed. With the following test data [Automation123]. @02-10-2021 01:50:35.0782 AM
[ReportManager] Element Action [GetText] successfully performed. With the following test data [Automation123]. @02-10-2021 01:50:35.0926 AM
[ReportManager] Loaded Shared OpenCV @02-10-2021 01:50:36.0115 AM
[ReportManager] Assertion [ValidateElementAttribute] FAILED. Expected [Value Should not be 'Automation' for the 'text' attribute, element locator 'By.name: q'] and Actual [Automation123]. Comparison Type [CONTAINS]. Validation Type [NEGATIVE]. @02-10-2021 01:50:36.0214 AM
[ReportManager] Successfully created attachment [Screenshot - 1633139436115_assertElementAttribute_false_containsComparison_expectedToFail_ValidateElementAttribute_failed] @02-10-2021 01:50:36.0216 A
[ReportManager] Browser Action [CloseCurrentWindow] successfully performed. @02-10-2021 01:50:36.0379 AM
[ReportManager] Successfully created attachment [Browser Action Test Data - CloseCurrentWindow - Actual Value] @02-10-2021 01:50:36.0382 A
[ReportManager] File Action [GetAbsolutePath] successfully performed. With the following test data [Relative Folder Path: "target/downloadedFiles/"]. @02-10-2021 01:50:36.0388 AM
[ReportManager] Attempting to run remotely on: [Linux-64], [GoogleChrome], [http://localhost:4444/wd/hub], Headless Execution. @02-10-2021 01:50:36.0389 AM
[ReportManager] Successfully Opened [GoogleChrome]. @02-10-2021 01:50:36.0642 AM
[ReportManager] Target URL: [https://www.google.com/ncr], and after redirection: [www.google.com] @02-10-2021 01:50:36.0667 AM
[ReportManager] Initial URL: [data:,] @02-10-2021 01:50:36.0730 AM
[ReportManager] Browser Action [NavigateToURL] successfully performed. With the following test data [https://www.google.com/ncr]. @02-10-2021 01:50:37.0707 A

################################################################################################################################################
Starting Execution:	[12 out of 144] test cases in the current suite
Test Method:		[unitTests.tests_validations_assertions.assertElementAttribute_false_containsComparison_expectedToPass]
################################################################################################################################################
[ReportManager] Element Action [Type] successfully performed. With the following test data [Automation123]. @02-10-2021 01:50:38.0182 AM
[ReportManager] Element Action [GetText] successfully performed. With the following test data [Automation123]. @02-10-2021 01:50:38.0329 AM
[ReportManager] Loaded Shared OpenCV @02-10-2021 01:50:38.0534 AM
[ReportManager] Assertion [ValidateElementAttribute] PASSED. Expected [Value Should not be 'Automation1234' for the 'text' attribute, element locator 'By.name: q'] and Actual [Automation123]. Comparison Type [CONTAINS]. Validation Type [NEGATIVE]. @02-10-2021 01:50:38.0622 AM
[ReportManager] Successfully created attachment [Screenshot - 1633139438533_assertElementAttribute_false_containsComparison_expectedToPass_ValidateElementAttribute_passed] @02-10-2021 01:50:38.0624 A
[ReportManager] Browser Action [CloseCurrentWindow] successfully performed. @02-10-2021 01:50:38.0785 AM
[ReportManager] Successfully created attachment [Browser Action Test Data - CloseCurrentWindow - Actual Value] @02-10-2021 01:50:38.0786 A
[ReportManager] File Action [GetAbsolutePath] successfully performed. With the following test data [Relative Folder Path: "target/downloadedFiles/"]. @02-10-2021 01:50:38.0793 AM
[ReportManager] Attempting to run remotely on: [Linux-64], [GoogleChrome], [http://localhost:4444/wd/hub], Headless Execution. @02-10-2021 01:50:38.0793 AM
[ReportManager] Successfully Opened [GoogleChrome]. @02-10-2021 01:50:39.0022 AM
[ReportManager] Target URL: [https://www.google.com/ncr], and after redirection: [www.google.com] @02-10-2021 01:50:39.0037 AM
[ReportManager] Initial URL: [data:,] @02-10-2021 01:50:39.0096 AM
[ReportManager] Browser Action [NavigateToURL] successfully performed. With the following test data [https://www.google.com/ncr]. @02-10-2021 01:50:40.0108 A

################################################################################################################################################
Starting Execution:	[13 out of 144] test cases in the current suite
Test Method:		[unitTests.tests_validations_assertions.assertElementAttribute_false_literalComparison_expectedToFail]
################################################################################################################################################
[ReportManager] Element Action [Type] successfully performed. With the following test data [Automation!@#$%^&*()_+{}[]\';/.,]. @02-10-2021 01:50:40.0658 AM
[ReportManager] Element Action [GetText] successfully performed. With the following test data [Automation!@#$%^&*()_+{}[]\';/.,]. @02-10-2021 01:50:40.0788 AM
[ReportManager] Loaded Shared OpenCV @02-10-2021 01:50:40.0974 AM
[ReportManager] Assertion [ValidateElementAttribute] PASSED. Expected [Value Should not be 'Automation!@#$%^&*()_+{}[]\\';/.,' for the 'text' attribute, element locator 'By.name: q'] and Actual [Automation!@#$%^&*()_+{}[]\';/.,]. Comparison Type [EQUALS]. Validation Type [NEGATIVE]. @02-10-2021 01:50:41.0065 AM
[ReportManager] Successfully created attachment [Screenshot - 1633139440974_assertElementAttribute_false_literalComparison_expectedToFail_ValidateElementAttribute_passed] @02-10-2021 01:50:41.0067 A
[ReportManager] Browser Action [CloseCurrentWindow] successfully performed. @02-10-2021 01:50:41.0213 AM
[ReportManager] Successfully created attachment [Browser Action Test Data - CloseCurrentWindow - Actual Value] @02-10-2021 01:50:41.0214 A
[ReportManager] File Action [GetAbsolutePath] successfully performed. With the following test data [Relative Folder Path: "target/downloadedFiles/"]. @02-10-2021 01:50:41.0219 AM
[ReportManager] Attempting to run remotely on: [Linux-64], [GoogleChrome], [http://localhost:4444/wd/hub], Headless Execution. @02-10-2021 01:50:41.0219 AM
[ReportManager] Successfully Opened [GoogleChrome]. @02-10-2021 01:50:41.0473 AM
[ReportManager] Target URL: [https://www.google.com/ncr], and after redirection: [www.google.com] @02-10-2021 01:50:41.0495 AM
[ReportManager] Initial URL: [data:,] @02-10-2021 01:50:41.0556 AM
[ReportManager] Browser Action [NavigateToURL] successfully performed. With the following test data [https://www.google.com/ncr]. @02-10-2021 01:50:42.0624 A

################################################################################################################################################
Starting Execution:	[14 out of 144] test cases in the current suite
Test Method:		[unitTests.tests_validations_assertions.assertElementAttribute_false_literalComparison_expectedToPass]
################################################################################################################################################
[ReportManager] Element Action [Type] successfully performed. With the following test data [Automation!@#$%^&*()_+{}[]\';/.,]. @02-10-2021 01:50:43.0196 AM
[ReportManager] Element Action [GetText] successfully performed. With the following test data [Automation!@#$%^&*()_+{}[]\';/.,]. @02-10-2021 01:50:43.0329 AM
[ReportManager] Loaded Shared OpenCV @02-10-2021 01:50:43.0526 AM
[ReportManager] Assertion [ValidateElementAttribute] PASSED. Expected [Value Should not be 'Automation' for the 'text' attribute, element locator 'By.name: q'] and Actual [Automation!@#$%^&*()_+{}[]\';/.,]. Comparison Type [EQUALS]. Validation Type [NEGATIVE]. @02-10-2021 01:50:43.0624 AM
[ReportManager] Successfully created attachment [Screenshot - 1633139443526_assertElementAttribute_false_literalComparison_expectedToPass_ValidateElementAttribute_passed] @02-10-2021 01:50:43.0625 A
[ReportManager] Browser Action [CloseCurrentWindow] successfully performed. @02-10-2021 01:50:43.0765 AM
[ReportManager] Successfully created attachment [Browser Action Test Data - CloseCurrentWindow - Actual Value] @02-10-2021 01:50:43.0766 A
[ReportManager] File Action [GetAbsolutePath] successfully performed. With the following test data [Relative Folder Path: "target/downloadedFiles/"]. @02-10-2021 01:50:43.0773 AM
[ReportManager] Attempting to run remotely on: [Linux-64], [GoogleChrome], [http://localhost:4444/wd/hub], Headless Execution. @02-10-2021 01:50:43.0774 AM
[ReportManager] Successfully Opened [GoogleChrome]. @02-10-2021 01:50:44.0023 AM
[ReportManager] Target URL: [https://www.google.com/ncr], and after redirection: [www.google.com] @02-10-2021 01:50:44.0051 AM
[ReportManager] Initial URL: [data:,] @02-10-2021 01:50:44.0103 AM
[ReportManager] Browser Action [NavigateToURL] successfully performed. With the following test data [https://www.google.com/ncr]. @02-10-2021 01:50:45.0142 A

################################################################################################################################################
Starting Execution:	[15 out of 144] test cases in the current suite
Test Method:		[unitTests.tests_validations_assertions.assertElementAttribute_false_regexComparison_expectedToFail]
################################################################################################################################################
[ReportManager] Element Action [Type] successfully performed. With the following test data [Automation123]. @02-10-2021 01:50:45.0580 AM
[ReportManager] Element Action [GetText] successfully performed. With the following test data [Automation123]. @02-10-2021 01:50:45.0699 AM
[ReportManager] Loaded Shared OpenCV @02-10-2021 01:50:45.0882 AM
[ReportManager] Assertion [ValidateElementAttribute] FAILED. Expected [Value Should not be 'Automation.*' for the 'text' attribute, element locator 'By.name: q'] and Actual [Automation123]. Comparison Type [MATCHES]. Validation Type [NEGATIVE]. @02-10-2021 01:50:45.0969 AM
[ReportManager] Successfully created attachment [Screenshot - 1633139445882_assertElementAttribute_false_regexComparison_expectedToFail_ValidateElementAttribute_failed] @02-10-2021 01:50:45.0970 A
[ReportManager] Browser Action [CloseCurrentWindow] successfully performed. @02-10-2021 01:50:46.0116 AM
[ReportManager] Successfully created attachment [Browser Action Test Data - CloseCurrentWindow - Actual Value] @02-10-2021 01:50:46.0117 A
[ReportManager] File Action [GetAbsolutePath] successfully performed. With the following test data [Relative Folder Path: "target/downloadedFiles/"]. @02-10-2021 01:50:46.0121 AM
[ReportManager] Attempting to run remotely on: [Linux-64], [GoogleChrome], [http://localhost:4444/wd/hub], Headless Execution. @02-10-2021 01:50:46.0121 AM
[ReportManager] Successfully Opened [GoogleChrome]. @02-10-2021 01:50:46.0370 AM
[ReportManager] Target URL: [https://www.google.com/ncr], and after redirection: [www.google.com] @02-10-2021 01:50:46.0400 AM
[ReportManager] Initial URL: [data:,] @02-10-2021 01:50:46.0465 AM
[ReportManager] Browser Action [NavigateToURL] successfully performed. With the following test data [https://www.google.com/ncr]. @02-10-2021 01:50:48.0813 A

################################################################################################################################################
Starting Execution:	[16 out of 144] test cases in the current suite
Test Method:		[unitTests.tests_validations_assertions.assertElementAttribute_false_regexComparison_expectedToPass]
################################################################################################################################################
[ReportManager] Element Action [Type] successfully performed. With the following test data [Automation123]. @02-10-2021 01:50:49.0205 AM
[ReportManager] Element Action [GetText] successfully performed. With the following test data [Automation123]. @02-10-2021 01:50:49.0368 AM
[ReportManager] Loaded Shared OpenCV @02-10-2021 01:50:49.0572 AM
[ReportManager] Assertion [ValidateElementAttribute] PASSED. Expected [Value Should not be 'Automation' for the 'text' attribute, element locator 'By.name: q'] and Actual [Automation123]. Comparison Type [MATCHES]. Validation Type [NEGATIVE]. @02-10-2021 01:50:49.0666 AM
[ReportManager] Successfully created attachment [Screenshot - 1633139449572_assertElementAttribute_false_regexComparison_expectedToPass_ValidateElementAttribute_passed] @02-10-2021 01:50:49.0668 A
[ReportManager] Browser Action [CloseCurrentWindow] successfully performed. @02-10-2021 01:50:49.0806 AM
[ReportManager] Successfully created attachment [Browser Action Test Data - CloseCurrentWindow - Actual Value] @02-10-2021 01:50:49.0807 A
[ReportManager] File Action [GetAbsolutePath] successfully performed. With the following test data [Relative Folder Path: "target/downloadedFiles/"]. @02-10-2021 01:50:49.0816 AM
[ReportManager] Attempting to run remotely on: [Linux-64], [GoogleChrome], [http://localhost:4444/wd/hub], Headless Execution. @02-10-2021 01:50:49.0817 AM
[ReportManager] Successfully Opened [GoogleChrome]. @02-10-2021 01:50:50.0044 AM
[ReportManager] Target URL: [https://www.google.com/ncr], and after redirection: [www.google.com] @02-10-2021 01:50:50.0068 AM
[ReportManager] Initial URL: [data:,] @02-10-2021 01:50:50.0121 AM
[ReportManager] Browser Action [NavigateToURL] successfully performed. With the following test data [https://www.google.com/ncr]. @02-10-2021 01:50:51.0118 A

################################################################################################################################################
Starting Execution:	[17 out of 144] test cases in the current suite
Test Method:		[unitTests.tests_validations_assertions.assertElementAttribute_true_caseInsensitiveComparison_expectedToFail]
################################################################################################################################################
[ReportManager] Element Action [Type] successfully performed. With the following test data [AUTOMATION]. @02-10-2021 01:50:51.0526 AM
[ReportManager] Element Action [GetText] successfully performed. With the following test data [AUTOMATION]. @02-10-2021 01:50:51.0644 AM
[ReportManager] Loaded Shared OpenCV @02-10-2021 01:50:51.0824 AM
[ReportManager] Assertion [ValidateElementAttribute] FAILED. Expected [Value Should be 'AutomaTion123' for the 'text' attribute, element locator 'By.name: q'] and Actual [AUTOMATION]. Comparison Type [CASE_INSENSITIVE]. Validation Type [POSITIVE]. @02-10-2021 01:50:51.0913 AM
[ReportManager] Successfully created attachment [Screenshot - 1633139451824_assertElementAttribute_true_caseInsensitiveComparison_expectedToFail_ValidateElementAttribute_failed] @02-10-2021 01:50:51.0915 A
[ReportManager] Browser Action [CloseCurrentWindow] successfully performed. @02-10-2021 01:50:52.0068 AM
[ReportManager] Successfully created attachment [Browser Action Test Data - CloseCurrentWindow - Actual Value] @02-10-2021 01:50:52.0069 A
[ReportManager] File Action [GetAbsolutePath] successfully performed. With the following test data [Relative Folder Path: "target/downloadedFiles/"]. @02-10-2021 01:50:52.0073 AM
[ReportManager] Attempting to run remotely on: [Linux-64], [GoogleChrome], [http://localhost:4444/wd/hub], Headless Execution. @02-10-2021 01:50:52.0073 AM
[ReportManager] Successfully Opened [GoogleChrome]. @02-10-2021 01:50:52.0305 AM
[ReportManager] Target URL: [https://www.google.com/ncr], and after redirection: [www.google.com] @02-10-2021 01:50:52.0335 AM
[ReportManager] Initial URL: [data:,] @02-10-2021 01:50:52.0397 AM
[ReportManager] Browser Action [NavigateToURL] successfully performed. With the following test data [https://www.google.com/ncr]. @02-10-2021 01:50:53.0353 A

################################################################################################################################################
Starting Execution:	[18 out of 144] test cases in the current suite
Test Method:		[unitTests.tests_validations_assertions.assertElementAttribute_true_caseInsensitiveComparison_expectedToPass]
################################################################################################################################################
[ReportManager] Element Action [Type] successfully performed. With the following test data [AUTOMATION]. @02-10-2021 01:50:53.0814 AM
[ReportManager] Element Action [GetText] successfully performed. With the following test data [AUTOMATION]. @02-10-2021 01:50:53.0935 AM
[ReportManager] Loaded Shared OpenCV @02-10-2021 01:50:54.0128 AM
[ReportManager] Assertion [ValidateElementAttribute] PASSED. Expected [Value Should be 'AutomaTion' for the 'text' attribute, element locator 'By.name: q'] and Actual [AUTOMATION]. Comparison Type [CASE_INSENSITIVE]. Validation Type [POSITIVE]. @02-10-2021 01:50:54.0216 AM
[ReportManager] Successfully created attachment [Screenshot - 1633139454128_assertElementAttribute_true_caseInsensitiveComparison_expectedToPass_ValidateElementAttribute_passed] @02-10-2021 01:50:54.0218 A
[ReportManager] Browser Action [CloseCurrentWindow] successfully performed. @02-10-2021 01:50:54.0351 AM
[ReportManager] Successfully created attachment [Browser Action Test Data - CloseCurrentWindow - Actual Value] @02-10-2021 01:50:54.0353 A
[ReportManager] File Action [GetAbsolutePath] successfully performed. With the following test data [Relative Folder Path: "target/downloadedFiles/"]. @02-10-2021 01:50:54.0358 AM
[ReportManager] Attempting to run remotely on: [Linux-64], [GoogleChrome], [http://localhost:4444/wd/hub], Headless Execution. @02-10-2021 01:50:54.0360 AM
[ReportManager] Successfully Opened [GoogleChrome]. @02-10-2021 01:50:54.0575 AM
[ReportManager] Target URL: [https://www.google.com/ncr], and after redirection: [www.google.com] @02-10-2021 01:50:54.0598 AM
[ReportManager] Initial URL: [data:,] @02-10-2021 01:50:54.0667 AM
[ReportManager] Browser Action [NavigateToURL] successfully performed. With the following test data [https://www.google.com/ncr]. @02-10-2021 01:50:55.0584 A

################################################################################################################################################
Starting Execution:	[19 out of 144] test cases in the current suite
Test Method:		[unitTests.tests_validations_assertions.assertElementAttribute_true_containsComparison_expectedToFail]
################################################################################################################################################
[ReportManager] Element Action [Type] successfully performed. With the following test data [Automation123]. @02-10-2021 01:50:55.0972 AM
[ReportManager] Element Action [GetText] successfully performed. With the following test data [Automation123]. @02-10-2021 01:50:56.0119 AM
[ReportManager] Loaded Shared OpenCV @02-10-2021 01:50:56.0295 AM
[ReportManager] Assertion [ValidateElementAttribute] FAILED. Expected [Value Should be 'Automation1234' for the 'text' attribute, element locator 'By.name: q'] and Actual [Automation123]. Comparison Type [CONTAINS]. Validation Type [POSITIVE]. @02-10-2021 01:50:56.0378 AM
[ReportManager] Successfully created attachment [Screenshot - 1633139456295_assertElementAttribute_true_containsComparison_expectedToFail_ValidateElementAttribute_failed] @02-10-2021 01:50:56.0380 A
[ReportManager] Browser Action [CloseCurrentWindow] successfully performed. @02-10-2021 01:50:56.0528 AM
[ReportManager] Successfully created attachment [Browser Action Test Data - CloseCurrentWindow - Actual Value] @02-10-2021 01:50:56.0529 A
[ReportManager] File Action [GetAbsolutePath] successfully performed. With the following test data [Relative Folder Path: "target/downloadedFiles/"]. @02-10-2021 01:50:56.0532 AM
[ReportManager] Attempting to run remotely on: [Linux-64], [GoogleChrome], [http://localhost:4444/wd/hub], Headless Execution. @02-10-2021 01:50:56.0532 AM
[ReportManager] Successfully Opened [GoogleChrome]. @02-10-2021 01:50:56.0795 AM
[ReportManager] Target URL: [https://www.google.com/ncr], and after redirection: [www.google.com] @02-10-2021 01:50:56.0809 AM
[ReportManager] Initial URL: [data:,] @02-10-2021 01:50:56.0864 AM
[ReportManager] Browser Action [NavigateToURL] successfully performed. With the following test data [https://www.google.com/ncr]. @02-10-2021 01:50:57.0806 A

################################################################################################################################################
Starting Execution:	[20 out of 144] test cases in the current suite
Test Method:		[unitTests.tests_validations_assertions.assertElementAttribute_true_containsComparison_expectedToPass]
################################################################################################################################################
[ReportManager] Element Action [Type] successfully performed. With the following test data [Automation123]. @02-10-2021 01:50:58.0263 AM
[ReportManager] Element Action [GetText] successfully performed. With the following test data [Automation123]. @02-10-2021 01:50:58.0377 AM
[ReportManager] Loaded Shared OpenCV @02-10-2021 01:50:58.0547 AM
[ReportManager] Assertion [ValidateElementAttribute] PASSED. Expected [Value Should be 'Automation' for the 'text' attribute, element locator 'By.name: q'] and Actual [Automation123]. Comparison Type [CONTAINS]. Validation Type [POSITIVE]. @02-10-2021 01:50:58.0632 AM
[ReportManager] Successfully created attachment [Screenshot - 1633139458547_assertElementAttribute_true_containsComparison_expectedToPass_ValidateElementAttribute_passed] @02-10-2021 01:50:58.0634 A
[ReportManager] Browser Action [CloseCurrentWindow] successfully performed. @02-10-2021 01:50:58.0762 AM
[ReportManager] Successfully created attachment [Browser Action Test Data - CloseCurrentWindow - Actual Value] @02-10-2021 01:50:58.0764 A
[ReportManager] File Action [GetAbsolutePath] successfully performed. With the following test data [Relative Folder Path: "target/downloadedFiles/"]. @02-10-2021 01:50:58.0767 AM
[ReportManager] Attempting to run remotely on: [Linux-64], [GoogleChrome], [http://localhost:4444/wd/hub], Headless Execution. @02-10-2021 01:50:58.0767 AM
[ReportManager] Successfully Opened [GoogleChrome]. @02-10-2021 01:50:59.0047 AM
[ReportManager] Target URL: [https://www.google.com/ncr], and after redirection: [www.google.com] @02-10-2021 01:50:59.0068 AM
[ReportManager] Initial URL: [data:,] @02-10-2021 01:50:59.0117 AM
[ReportManager] Browser Action [NavigateToURL] successfully performed. With the following test data [https://www.google.com/ncr]. @02-10-2021 01:51:00.0056 A

################################################################################################################################################
Starting Execution:	[21 out of 144] test cases in the current suite
Test Method:		[unitTests.tests_validations_assertions.assertElementAttribute_true_literalComparison_expectedToFail]
################################################################################################################################################
[ReportManager] Element Action [Type] successfully performed. With the following test data [Automation!@#$%^&*()_+{}[]\';/.,]. @02-10-2021 01:51:00.0601 AM
[ReportManager] Element Action [GetText] successfully performed. With the following test data [Automation!@#$%^&*()_+{}[]\';/.,]. @02-10-2021 01:51:00.0735 AM
[ReportManager] Loaded Shared OpenCV @02-10-2021 01:51:00.0957 AM
[ReportManager] Assertion [ValidateElementAttribute] FAILED. Expected [Value Should be 'Automation' for the 'text' attribute, element locator 'By.name: q'] and Actual [Automation!@#$%^&*()_+{}[]\';/.,]. Comparison Type [EQUALS]. Validation Type [POSITIVE]. @02-10-2021 01:51:01.0086 AM
[ReportManager] Successfully created attachment [Screenshot - 1633139460957_assertElementAttribute_true_literalComparison_expectedToFail_ValidateElementAttribute_failed] @02-10-2021 01:51:01.0087 A
[ReportManager] Browser Action [CloseCurrentWindow] successfully performed. @02-10-2021 01:51:01.0227 AM
[ReportManager] Successfully created attachment [Browser Action Test Data - CloseCurrentWindow - Actual Value] @02-10-2021 01:51:01.0231 A
[ReportManager] File Action [GetAbsolutePath] successfully performed. With the following test data [Relative Folder Path: "target/downloadedFiles/"]. @02-10-2021 01:51:01.0234 AM
[ReportManager] Attempting to run remotely on: [Linux-64], [GoogleChrome], [http://localhost:4444/wd/hub], Headless Execution. @02-10-2021 01:51:01.0235 AM
[ReportManager] Successfully Opened [GoogleChrome]. @02-10-2021 01:51:01.0544 AM
[ReportManager] Target URL: [https://www.google.com/ncr], and after redirection: [www.google.com] @02-10-2021 01:51:01.0558 AM
[ReportManager] Initial URL: [data:,] @02-10-2021 01:51:01.0605 AM
[ReportManager] Browser Action [NavigateToURL] successfully performed. With the following test data [https://www.google.com/ncr]. @02-10-2021 01:51:02.0536 A

################################################################################################################################################
Starting Execution:	[22 out of 144] test cases in the current suite
Test Method:		[unitTests.tests_validations_assertions.assertElementAttribute_true_literalComparison_expectedToPass]
################################################################################################################################################
[ReportManager] Element Action [Type] successfully performed. With the following test data [Automation!@#$%^&*()_+{}[]\';/.,]. @02-10-2021 01:51:03.0037 AM
[ReportManager] Element Action [GetText] successfully performed. With the following test data [Automation!@#$%^&*()_+{}[]\';/.,]. @02-10-2021 01:51:03.0149 AM
[ReportManager] Loaded Shared OpenCV @02-10-2021 01:51:03.0323 AM
[ReportManager] Assertion [ValidateElementAttribute] PASSED. Expected [Value Should be 'Automation!@#$%^&*()_+{}[]\';/.,' for the 'text' attribute, element locator 'By.name: q'] and Actual [Automation!@#$%^&*()_+{}[]\';/.,]. Comparison Type [EQUALS]. Validation Type [POSITIVE]. @02-10-2021 01:51:03.0414 AM
[ReportManager] Successfully created attachment [Screenshot - 1633139463323_assertElementAttribute_true_literalComparison_expectedToPass_ValidateElementAttribute_passed] @02-10-2021 01:51:03.0415 A
[ReportManager] Browser Action [CloseCurrentWindow] successfully performed. @02-10-2021 01:51:03.0555 AM
[ReportManager] Successfully created attachment [Browser Action Test Data - CloseCurrentWindow - Actual Value] @02-10-2021 01:51:03.0558 A
[ReportManager] File Action [GetAbsolutePath] successfully performed. With the following test data [Relative Folder Path: "target/downloadedFiles/"]. @02-10-2021 01:51:03.0562 AM
[ReportManager] Attempting to run remotely on: [Linux-64], [GoogleChrome], [http://localhost:4444/wd/hub], Headless Execution. @02-10-2021 01:51:03.0562 AM
[ReportManager] Successfully Opened [GoogleChrome]. @02-10-2021 01:51:03.0790 AM
[ReportManager] Target URL: [https://www.google.com/ncr], and after redirection: [www.google.com] @02-10-2021 01:51:03.0804 AM
[ReportManager] Initial URL: [data:,] @02-10-2021 01:51:03.0856 AM
[ReportManager] Browser Action [NavigateToURL] successfully performed. With the following test data [https://www.google.com/ncr]. @02-10-2021 01:51:04.0796 A

################################################################################################################################################
Starting Execution:	[23 out of 144] test cases in the current suite
Test Method:		[unitTests.tests_validations_assertions.assertElementAttribute_true_regexComparison_expectedToFail]
################################################################################################################################################
[ReportManager] Element Action [Type] successfully performed. With the following test data [Automation123]. @02-10-2021 01:51:05.0166 AM
[ReportManager] Element Action [GetText] successfully performed. With the following test data [Automation123]. @02-10-2021 01:51:05.0302 AM
[ReportManager] Loaded Shared OpenCV @02-10-2021 01:51:05.0503 AM
[ReportManager] Assertion [ValidateElementAttribute] FAILED. Expected [Value Should be 'Automation' for the 'text' attribute, element locator 'By.name: q'] and Actual [Automation123]. Comparison Type [MATCHES]. Validation Type [POSITIVE]. @02-10-2021 01:51:05.0593 AM
[ReportManager] Successfully created attachment [Screenshot - 1633139465503_assertElementAttribute_true_regexComparison_expectedToFail_ValidateElementAttribute_failed] @02-10-2021 01:51:05.0594 A
[ReportManager] Browser Action [CloseCurrentWindow] successfully performed. @02-10-2021 01:51:05.0730 AM
[ReportManager] Successfully created attachment [Browser Action Test Data - CloseCurrentWindow - Actual Value] @02-10-2021 01:51:05.0731 A
[ReportManager] File Action [GetAbsolutePath] successfully performed. With the following test data [Relative Folder Path: "target/downloadedFiles/"]. @02-10-2021 01:51:05.0735 AM
[ReportManager] Attempting to run remotely on: [Linux-64], [GoogleChrome], [http://localhost:4444/wd/hub], Headless Execution. @02-10-2021 01:51:05.0735 AM
[ReportManager] Successfully Opened [GoogleChrome]. @02-10-2021 01:51:05.0946 AM
[ReportManager] Target URL: [https://www.google.com/ncr], and after redirection: [www.google.com] @02-10-2021 01:51:05.0957 AM
[ReportManager] Initial URL: [data:,] @02-10-2021 01:51:06.0011 AM
[ReportManager] Browser Action [NavigateToURL] successfully performed. With the following test data [https://www.google.com/ncr]. @02-10-2021 01:51:06.0986 A

################################################################################################################################################
Starting Execution:	[24 out of 144] test cases in the current suite
Test Method:		[unitTests.tests_validations_assertions.assertElementAttribute_true_regexComparison_expectedToPass]
################################################################################################################################################
[ReportManager] Element Action [Type] successfully performed. With the following test data [Automation123]. @02-10-2021 01:51:07.0395 AM
[ReportManager] Element Action [GetText] successfully performed. With the following test data [Automation123]. @02-10-2021 01:51:07.0522 AM
[ReportManager] Loaded Shared OpenCV @02-10-2021 01:51:07.0713 AM
[ReportManager] Assertion [ValidateElementAttribute] PASSED. Expected [Value Should be 'Automation.*' for the 'text' attribute, element locator 'By.name: q'] and Actual [Automation123]. Comparison Type [MATCHES]. Validation Type [POSITIVE]. @02-10-2021 01:51:07.0797 AM
[ReportManager] Successfully created attachment [Screenshot - 1633139467713_assertElementAttribute_true_regexComparison_expectedToPass_ValidateElementAttribute_passed] @02-10-2021 01:51:07.0799 A
[ReportManager] Browser Action [CloseCurrentWindow] successfully performed. @02-10-2021 01:51:07.0939 AM
[ReportManager] Successfully created attachment [Browser Action Test Data - CloseCurrentWindow - Actual Value] @02-10-2021 01:51:07.0941 A
[ReportManager] File Action [GetAbsolutePath] successfully performed. With the following test data [Relative Folder Path: "target/downloadedFiles/"]. @02-10-2021 01:51:07.0947 AM
[ReportManager] Attempting to run remotely on: [Linux-64], [GoogleChrome], [http://localhost:4444/wd/hub], Headless Execution. @02-10-2021 01:51:07.0948 AM
[ReportManager] Successfully Opened [GoogleChrome]. @02-10-2021 01:51:08.0175 AM
[ReportManager] Target URL: [https://www.google.com/ncr], and after redirection: [www.google.com] @02-10-2021 01:51:08.0186 AM
[ReportManager] Initial URL: [data:,] @02-10-2021 01:51:08.0236 AM
[ReportManager] Browser Action [NavigateToURL] successfully performed. With the following test data [https://www.google.com/ncr]. @02-10-2021 01:51:09.0226 A

################################################################################################################################################
Starting Execution:	[25 out of 144] test cases in the current suite
Test Method:		[unitTests.tests_validations_assertions.assertElementAttribute_type_true_literalComparison_expectedToPass]
################################################################################################################################################
[ReportManager] Element Action [Type] successfully performed. With the following test data [Automation!@#$%^&*()_+{}[]\';/.,]. @02-10-2021 01:51:09.0720 AM
[ReportManager] Element Action [GetText] successfully performed. With the following test data [Automation!@#$%^&*()_+{}[]\';/.,]. @02-10-2021 01:51:09.0831 AM
[ReportManager] Loaded Shared OpenCV @02-10-2021 01:51:10.0019 AM
[ReportManager] Assertion [ValidateElementAttribute] PASSED. Expected [Value Should be 'Automation!@#$%^&*()_+{}[]\';/.,' for the 'text' attribute, element locator 'By.name: q'] and Actual [Automation!@#$%^&*()_+{}[]\';/.,]. Comparison Type [EQUALS]. Validation Type [POSITIVE]. @02-10-2021 01:51:10.0112 AM
[ReportManager] Successfully created attachment [Screenshot - 1633139470019_assertElementAttribute_type_true_literalComparison_expectedToPass_ValidateElementAttribute_passed] @02-10-2021 01:51:10.0114 A
[ReportManager] Browser Action [CloseCurrentWindow] successfully performed. @02-10-2021 01:51:10.0250 AM
[ReportManager] Successfully created attachment [Browser Action Test Data - CloseCurrentWindow - Actual Value] @02-10-2021 01:51:10.0251 A
[ReportManager] File Action [GetAbsolutePath] successfully performed. With the following test data [Relative Folder Path: "target/downloadedFiles/"]. @02-10-2021 01:51:10.0256 AM
[ReportManager] Attempting to run remotely on: [Linux-64], [GoogleChrome], [http://localhost:4444/wd/hub], Headless Execution. @02-10-2021 01:51:10.0257 AM
[ReportManager] Successfully Opened [GoogleChrome]. @02-10-2021 01:51:10.0545 AM
[ReportManager] Target URL: [https://www.google.com/ncr], and after redirection: [www.google.com] @02-10-2021 01:51:10.0555 AM
[ReportManager] Initial URL: [data:,] @02-10-2021 01:51:10.0600 AM
[ReportManager] Browser Action [NavigateToURL] successfully performed. With the following test data [https://www.google.com/ncr]. @02-10-2021 01:51:11.0565 A

################################################################################################################################################
Starting Execution:	[26 out of 144] test cases in the current suite
Test Method:		[unitTests.tests_validations_assertions.assertElementExists_false_expectedToFail]
################################################################################################################################################
[ReportManager] Loaded Shared OpenCV @02-10-2021 01:51:11.0797 AM
[ReportManager] Assertion [ValidateElementExists] FAILED. Expected [Element Should not Exist, locator 'By.id: hplogo'] and Actual [Element Exists]. Comparison Type [EQUALS]. Validation Type [NEGATIVE]. @02-10-2021 01:51:11.0880 AM
[ReportManager] Successfully created attachment [Screenshot - 1633139471797_assertElementExists_false_expectedToFail_ValidateElementExists_failed] @02-10-2021 01:51:11.0882 A
[ReportManager] Browser Action [CloseCurrentWindow] successfully performed. @02-10-2021 01:51:12.0021 AM
[ReportManager] Successfully created attachment [Browser Action Test Data - CloseCurrentWindow - Actual Value] @02-10-2021 01:51:12.0022 A
[ReportManager] File Action [GetAbsolutePath] successfully performed. With the following test data [Relative Folder Path: "target/downloadedFiles/"]. @02-10-2021 01:51:12.0025 AM
[ReportManager] Attempting to run remotely on: [Linux-64], [GoogleChrome], [http://localhost:4444/wd/hub], Headless Execution. @02-10-2021 01:51:12.0025 AM
[ReportManager] Successfully Opened [GoogleChrome]. @02-10-2021 01:51:12.0247 AM
[ReportManager] Target URL: [https://www.google.com/ncr], and after redirection: [www.google.com] @02-10-2021 01:51:12.0265 AM
[ReportManager] Initial URL: [data:,] @02-10-2021 01:51:12.0313 AM
[ReportManager] Browser Action [NavigateToURL] successfully performed. With the following test data [https://www.google.com/ncr]. @02-10-2021 01:51:13.0273 A

################################################################################################################################################
Starting Execution:	[27 out of 144] test cases in the current suite
Test Method:		[unitTests.tests_validations_assertions.assertElementExists_false_expectedToPass]
################################################################################################################################################
[ReportManager] Assertion [ValidateElementExists] PASSED. Expected [Element Should not Exist, locator 'By.id: fakeElement'] and Actual [Element Doesn't Exists]. Comparison Type [EQUALS]. Validation Type [NEGATIVE]. @02-10-2021 01:51:23.0734 AM
[ReportManager] Successfully created attachment [Screenshot - 1633139483646_assertElementExists_false_expectedToPass_ValidateElementExists_passed] @02-10-2021 01:51:23.0735 A
[ReportManager] Browser Action [CloseCurrentWindow] successfully performed. @02-10-2021 01:51:23.0873 AM
[ReportManager] Successfully created attachment [Browser Action Test Data - CloseCurrentWindow - Actual Value] @02-10-2021 01:51:23.0874 A
[ReportManager] File Action [GetAbsolutePath] successfully performed. With the following test data [Relative Folder Path: "target/downloadedFiles/"]. @02-10-2021 01:51:23.0878 AM
[ReportManager] Attempting to run remotely on: [Linux-64], [GoogleChrome], [http://localhost:4444/wd/hub], Headless Execution. @02-10-2021 01:51:23.0878 AM
[ReportManager] Successfully Opened [GoogleChrome]. @02-10-2021 01:51:24.0100 AM
[ReportManager] Target URL: [https://www.google.com/ncr], and after redirection: [www.google.com] @02-10-2021 01:51:24.0119 AM
[ReportManager] Initial URL: [data:,] @02-10-2021 01:51:24.0168 AM
[ReportManager] Browser Action [NavigateToURL] successfully performed. With the following test data [https://www.google.com/ncr]. @02-10-2021 01:51:25.0123 A

################################################################################################################################################
Starting Execution:	[28 out of 144] test cases in the current suite
Test Method:		[unitTests.tests_validations_assertions.assertElementExists_false_multipleElementsFound_expectedToFail]
################################################################################################################################################
[ReportManager] Assertion [ValidateElementExists] FAILED. Expected [Element Should not Exist, locator 'By.xpath: //div'] and Actual [Element Exists but is not unique]. Comparison Type [EQUALS]. Validation Type [NEGATIVE]. @02-10-2021 01:51:25.0418 AM
[ReportManager] Successfully created attachment [Screenshot - 1633139485347_assertElementExists_false_multipleElementsFound_expectedToFail_ValidateElementExists_failed] @02-10-2021 01:51:25.0419 A
[ReportManager] Browser Action [CloseCurrentWindow] successfully performed. @02-10-2021 01:51:25.0560 AM
[ReportManager] Successfully created attachment [Browser Action Test Data - CloseCurrentWindow - Actual Value] @02-10-2021 01:51:25.0561 A
[ReportManager] File Action [GetAbsolutePath] successfully performed. With the following test data [Relative Folder Path: "target/downloadedFiles/"]. @02-10-2021 01:51:25.0566 AM
[ReportManager] Attempting to run remotely on: [Linux-64], [GoogleChrome], [http://localhost:4444/wd/hub], Headless Execution. @02-10-2021 01:51:25.0567 AM
[ReportManager] Successfully Opened [GoogleChrome]. @02-10-2021 01:51:25.0784 AM
[ReportManager] Target URL: [https://www.google.com/ncr], and after redirection: [www.google.com] @02-10-2021 01:51:25.0799 AM
[ReportManager] Initial URL: [data:,] @02-10-2021 01:51:25.0844 AM
[ReportManager] Browser Action [NavigateToURL] successfully performed. With the following test data [https://www.google.com/ncr]. @02-10-2021 01:51:26.0802 A

################################################################################################################################################
Starting Execution:	[29 out of 144] test cases in the current suite
Test Method:		[unitTests.tests_validations_assertions.assertElementExists_true_expectedToFail]
################################################################################################################################################
[ReportManager] Assertion [ValidateElementExists] FAILED. Expected [Element Should Exist, locator 'By.id: fakeElement'] and Actual [Element Doesn't Exists]. Comparison Type [EQUALS]. Validation Type [POSITIVE]. @02-10-2021 01:51:57.0576 AM
[ReportManager] Successfully created attachment [Screenshot - 1633139517500_assertElementExists_true_expectedToFail_ValidateElementExists_failed] @02-10-2021 01:51:57.0577 A
[ReportManager] Browser Action [CloseCurrentWindow] successfully performed. @02-10-2021 01:51:57.0713 AM
[ReportManager] Successfully created attachment [Browser Action Test Data - CloseCurrentWindow - Actual Value] @02-10-2021 01:51:57.0715 A
[ReportManager] File Action [GetAbsolutePath] successfully performed. With the following test data [Relative Folder Path: "target/downloadedFiles/"]. @02-10-2021 01:51:57.0721 AM
[ReportManager] Attempting to run remotely on: [Linux-64], [GoogleChrome], [http://localhost:4444/wd/hub], Headless Execution. @02-10-2021 01:51:57.0721 AM
[ReportManager] Successfully Opened [GoogleChrome]. @02-10-2021 01:51:57.0925 AM
[ReportManager] Target URL: [https://www.google.com/ncr], and after redirection: [www.google.com] @02-10-2021 01:51:57.0936 AM
[ReportManager] Initial URL: [data:,] @02-10-2021 01:51:57.0981 AM
[ReportManager] Browser Action [NavigateToURL] successfully performed. With the following test data [https://www.google.com/ncr]. @02-10-2021 01:51:58.0903 A

################################################################################################################################################
Starting Execution:	[30 out of 144] test cases in the current suite
Test Method:		[unitTests.tests_validations_assertions.assertElementExists_true_expectedToPass]
################################################################################################################################################
[ReportManager] Loaded Shared OpenCV @02-10-2021 01:51:59.0127 AM
[ReportManager] Assertion [ValidateElementExists] PASSED. Expected [Element Should Exist, locator 'By.xpath: //*[@id='hplogo' or @alt='Google']'] and Actual [Element Exists]. Comparison Type [EQUALS]. Validation Type [POSITIVE]. @02-10-2021 01:51:59.0214 AM
[ReportManager] Successfully created attachment [Screenshot - 1633139519127_assertElementExists_true_expectedToPass_ValidateElementExists_passed] @02-10-2021 01:51:59.0215 A
[ReportManager] Browser Action [CloseCurrentWindow] successfully performed. @02-10-2021 01:51:59.0352 AM
[ReportManager] Successfully created attachment [Browser Action Test Data - CloseCurrentWindow - Actual Value] @02-10-2021 01:51:59.0353 A
[ReportManager] File Action [GetAbsolutePath] successfully performed. With the following test data [Relative Folder Path: "target/downloadedFiles/"]. @02-10-2021 01:51:59.0356 AM
[ReportManager] Attempting to run remotely on: [Linux-64], [GoogleChrome], [http://localhost:4444/wd/hub], Headless Execution. @02-10-2021 01:51:59.0356 AM
[ReportManager] Successfully Opened [GoogleChrome]. @02-10-2021 01:51:59.0622 AM
[ReportManager] Target URL: [https://www.google.com/ncr], and after redirection: [www.google.com] @02-10-2021 01:51:59.0634 AM
[ReportManager] Initial URL: [data:,] @02-10-2021 01:51:59.0687 AM
[ReportManager] Browser Action [NavigateToURL] successfully performed. With the following test data [https://www.google.com/ncr]. @02-10-2021 01:52:00.0610 A

################################################################################################################################################
Starting Execution:	[31 out of 144] test cases in the current suite
Test Method:		[unitTests.tests_validations_assertions.assertElementExists_true_multipleElementsFound_expectedToFail]
################################################################################################################################################
[ReportManager] Assertion [ValidateElementExists] FAILED. Expected [Element Should Exist, locator 'By.xpath: //div'] and Actual [Element Exists but is not unique]. Comparison Type [EQUALS]. Validation Type [POSITIVE]. @02-10-2021 01:52:00.0897 AM
[ReportManager] Successfully created attachment [Screenshot - 1633139520827_assertElementExists_true_multipleElementsFound_expectedToFail_ValidateElementExists_failed] @02-10-2021 01:52:00.0898 A
[ReportManager] Browser Action [CloseCurrentWindow] successfully performed. @02-10-2021 01:52:01.0033 AM
[ReportManager] Successfully created attachment [Browser Action Test Data - CloseCurrentWindow - Actual Value] @02-10-2021 01:52:01.0034 A

################################################################################################################################################
Starting Execution:	[32 out of 144] test cases in the current suite
Test Method:		[unitTests.tests_validations_assertions.assertEquals_false_expectedToFail]
################################################################################################################################################
[ReportManager] Assertion [ValidateEquals] FAILED. Expected [1] and Actual [1]. Comparison Type [EQUALS]. Validation Type [NEGATIVE]. @02-10-2021 01:52:01.0045 A

################################################################################################################################################
Starting Execution:	[33 out of 144] test cases in the current suite
Test Method:		[unitTests.tests_validations_assertions.assertEquals_false_expectedToPass]
################################################################################################################################################
[ReportManager] Assertion [ValidateEquals] PASSED. Expected [1] and Actual [2]. Comparison Type [EQUALS]. Validation Type [NEGATIVE]. @02-10-2021 01:52:01.0051 A

################################################################################################################################################
Starting Execution:	[34 out of 144] test cases in the current suite
Test Method:		[unitTests.tests_validations_assertions.assertEquals_longCharacters]
################################################################################################################################################
[ReportManager] Verification [ValidateEquals] PASSED. Expected and Actual values are attached. Comparison Type [EQUALS]. Validation Type [POSITIVE]. @02-10-2021 01:52:01.0060 AM
[ReportManager] Successfully created attachment [Validation Test Data - Expected Value] @02-10-2021 01:52:01.0060 AM
[ReportManager] Successfully created attachment [Validation Test Data - Actual Value] @02-10-2021 01:52:01.0060 AM
[ReportManager] Assertion [ValidateEquals] PASSED. Expected and Actual values are attached. Comparison Type [EQUALS]. Validation Type [POSITIVE]. @02-10-2021 01:52:01.0060 AM
[ReportManager] Successfully created attachment [Validation Test Data - Expected Value] @02-10-2021 01:52:01.0061 AM
[ReportManager] Successfully created attachment [Validation Test Data - Actual Value] @02-10-2021 01:52:01.0061 A

################################################################################################################################################
Starting Execution:	[35 out of 144] test cases in the current suite
Test Method:		[unitTests.tests_validations_assertions.assertEquals_longCharacters_Discreet]
################################################################################################################################################
[ReportManager] Assertion [ValidateEquals] PASSED. Expected [1LH5pROcDBjjQk0t0mCr0lXuzQu9lcGj28kY8R1H81X67eVAQJgWQhILiRWVPUgZ6uCtK5cnBkF55Jr9vYngjGO1Iyf0Mktv6lruDlL9T8MAUPcUZJGHZtji6nIeadujDSNmWMj5d6C8zlFqw0CRqBU0hO5adIasHgBSNoLotAjce3NGXoDwAlp3rYreeV16VIyZXROQY] and Actual [1LH5pROcDBjjQk0t0mCr0lXuzQu9lcGj28kY8R1H81X67eVAQJgWQhILiRWVPUgZ6uCtK5cnBkF55Jr9vYngjGO1Iyf0Mktv6lruDlL9T8MAUPcUZJGHZtji6nIeadujDSNmWMj5d6C8zlFqw0CRqBU0hO5adIasHgBSNoLotAjce3NGXoDwAlp3rYreeV16VIyZXROQY]. Comparison Type [EQUALS]. Validation Type [POSITIVE]. @02-10-2021 01:52:01.0067 A

################################################################################################################################################
Starting Execution:	[36 out of 144] test cases in the current suite
Test Method:		[unitTests.tests_validations_assertions.assertEquals_true_expectedToFail]
################################################################################################################################################
[ReportManager] Assertion [ValidateEquals] FAILED. Expected [1] and Actual [2]. Comparison Type [EQUALS]. Validation Type [POSITIVE]. @02-10-2021 01:52:01.0070 A

################################################################################################################################################
Starting Execution:	[37 out of 144] test cases in the current suite
Test Method:		[unitTests.tests_validations_assertions.assertEquals_true_expectedToPass]
Test Description:	[Assert that assertEquals works as expected when the two values are equal.]
################################################################################################################################################
[ReportManager] Verification [ValidateEquals] PASSED. Expected [1] and Actual [1]. Comparison Type [EQUALS]. Validation Type [POSITIVE]. @02-10-2021 01:52:01.0077 AM
[ReportManager] Assertion [ValidateEquals] PASSED. Expected [1] and Actual [1]. Comparison Type [EQUALS]. Validation Type [POSITIVE]. @02-10-2021 01:52:01.0077 A

################################################################################################################################################
Starting Execution:	[38 out of 144] test cases in the current suite
Test Method:		[unitTests.tests_validations_assertions.assertEquals_true_expectedToPass__]
################################################################################################################################################
[ReportManager] Assertion [ValidateEquals] PASSED. Expected [1] and Actual [1]. Comparison Type [EQUALS]. Validation Type [POSITIVE]. @02-10-2021 01:52:01.0080 A

################################################################################################################################################
Starting Execution:	[39 out of 144] test cases in the current suite
Test Method:		[unitTests.tests_validations_assertions.assertFileExists_false_expectedToFail]
################################################################################################################################################
[ReportManager] File Action [DoesFileExist] successfully performed. With the following test data [File Path: "src/main/java/com/shaft/gui/element/ElementActions.java"]. @02-10-2021 01:52:01.0082 AM
[ReportManager] Assertion [ValidateFileExists] FAILED. Expected [File 'src/main/java/com/shaft/gui/element/ElementActions.java' should not exist, after up to '1' retries] and Actual [File exists]. Validation Type [NEGATIVE]. @02-10-2021 01:52:01.0086 A

################################################################################################################################################
Starting Execution:	[40 out of 144] test cases in the current suite
Test Method:		[unitTests.tests_validations_assertions.assertFileExists_false_expectedToPass]
################################################################################################################################################
[ReportManager] File Action [DoesFileExist] successfully performed. With the following test data [File Path: "src/main/java/com/shaft/gui/element/ElementActions.java_fail"]. @02-10-2021 01:52:01.0594 AM
[ReportManager] Assertion [ValidateFileExists] PASSED. Expected [File 'src/main/java/com/shaft/gui/element/ElementActions.java_fail' should not exist, after up to '1' retries] and Actual [File does not exist]. Validation Type [NEGATIVE]. @02-10-2021 01:52:01.0594 A

################################################################################################################################################
Starting Execution:	[41 out of 144] test cases in the current suite
Test Method:		[unitTests.tests_validations_assertions.assertFileExists_true_expectedToFail]
################################################################################################################################################
[ReportManager] File Action [DoesFileExist] successfully performed. With the following test data [File Path: "src/main/java/com/shaft/gui/element/ElementActions.java_fail"]. @02-10-2021 01:52:02.0100 AM
[ReportManager] Assertion [ValidateFileExists] FAILED. Expected [File 'src/main/java/com/shaft/gui/element/ElementActions.java_fail' should exist, after up to '1' retries] and Actual [File does not exist]. Validation Type [POSITIVE]. @02-10-2021 01:52:02.0101 A

################################################################################################################################################
Starting Execution:	[42 out of 144] test cases in the current suite
Test Method:		[unitTests.tests_validations_assertions.assertFileExists_true_expectedToPass]
################################################################################################################################################
[ReportManager] File Action [DoesFileExist] successfully performed. With the following test data [File Path: "src/main/java/com/shaft/gui/element/ElementActions.java"]. @02-10-2021 01:52:02.0107 AM
[ReportManager] Assertion [ValidateFileExists] PASSED. Expected [File 'src/main/java/com/shaft/gui/element/ElementActions.java' should exist, after up to '1' retries] and Actual [File exists]. Validation Type [POSITIVE]. @02-10-2021 01:52:02.0108 A

################################################################################################################################################
Starting Execution:	[43 out of 144] test cases in the current suite
Test Method:		[unitTests.tests_validations_assertions.assertNull_false_expectedToFail]
################################################################################################################################################
[ReportManager] Assertion [ValidateNull] FAILED. Expected [NULL] and Actual [NULL]. Comparison Type [EQUALS]. Validation Type [NEGATIVE]. @02-10-2021 01:52:02.0112 A

################################################################################################################################################
Starting Execution:	[44 out of 144] test cases in the current suite
Test Method:		[unitTests.tests_validations_assertions.assertNull_false_expectedToPass]
################################################################################################################################################
[ReportManager] Assertion [ValidateNull] PASSED. Expected [NULL] and Actual [1]. Comparison Type [EQUALS]. Validation Type [NEGATIVE]. @02-10-2021 01:52:02.0116 A

################################################################################################################################################
Starting Execution:	[45 out of 144] test cases in the current suite
Test Method:		[unitTests.tests_validations_assertions.assertNull_true_expectedToFail]
################################################################################################################################################
[ReportManager] Assertion [ValidateNull] FAILED. Expected [NULL] and Actual [1]. Comparison Type [EQUALS]. Validation Type [POSITIVE]. @02-10-2021 01:52:02.0120 A

################################################################################################################################################
Starting Execution:	[46 out of 144] test cases in the current suite
Test Method:		[unitTests.tests_validations_assertions.assertNull_true_expectedToPass]
################################################################################################################################################
[ReportManager] Assertion [ValidateNull] PASSED. Expected [NULL] and Actual [NULL]. Comparison Type [EQUALS]. Validation Type [POSITIVE]. @02-10-2021 01:52:02.0122 A

################################################################################################################################################
Starting Execution:	[47 out of 144] test cases in the current suite
Test Method:		[unitTests.tests_restActions.getPostsAndAssertBodyForSpecificTitle]
################################################################################################################################################
[ReportManager] Response status code: [200], status line: [HTTP/1.1 200 OK] @02-10-2021 01:52:04.0326 AM
[ReportManager] Assertion Passed: Evaluating the actual response status code against the expected one... @02-10-2021 01:52:04.0327 AM
[ReportManager] Assertion [ValidateEquals] PASSED. Expected [200] and Actual [200]. Comparison Type [EQUALS]. Validation Type [POSITIVE]. @02-10-2021 01:52:04.0327 AM
[ReportManager] API Action [PerformRequest] successfully performed. With the following test data [Request Type: "GET" | Target Status Code: "200" | Service URL: "https://jsonplaceholder.typicode.com/posts" | Content Type: "*/*" | Response Time: "832ms"]. @02-10-2021 01:52:05.0558 AM
[ReportManager] Successfully created attachment [API Request - Specifications] @02-10-2021 01:52:05.0559 AM
[ReportManager] Successfully created attachment [API Response - JSON Body] @02-10-2021 01:52:05.0807 AM
[ReportManager] API Action [GetResponseJSONValueAsList] successfully performed. @02-10-2021 01:52:05.0834 AM
[ReportManager] API Action [GetResponseJSONValue] successfully performed. With the following test data [title]. @02-10-2021 01:52:05.0867 AM
[ReportManager] API Action [GetResponseJSONValue] successfully performed. With the following test data [title]. @02-10-2021 01:52:05.0891 AM
[ReportManager] API Action [GetResponseJSONValue] successfully performed. With the following test data [body]. @02-10-2021 01:52:05.0920 AM
[ReportManager] Assertion [ValidateEquals] PASSED. Expected [qui neque nisi nulla] and Actual [est rerum tempore vitae
sequi sint nihil reprehenderit dolor beatae ea dolores neque
fugiat blanditiis voluptate porro vel nihil molestiae ut reiciendis
qui aperiam non debitis possimus qui neque nisi nulla]. Comparison Type [CONTAINS]. Validation Type [POSITIVE]. @02-10-2021 01:52:05.0921 AM
[ReportManager] API Action [GetResponseJSONValue] successfully performed. With the following test data [title]. @02-10-2021 01:52:05.0938 AM
[ReportManager] API Action [GetResponseJSONValue] successfully performed. With the following test data [title]. @02-10-2021 01:52:05.0974 AM
[ReportManager] API Action [GetResponseJSONValue] successfully performed. With the following test data [title]. @02-10-2021 01:52:05.0995 AM
[ReportManager] API Action [GetResponseJSONValue] successfully performed. With the following test data [title]. @02-10-2021 01:52:06.0014 AM
[ReportManager] API Action [GetResponseJSONValue] successfully performed. With the following test data [title]. @02-10-2021 01:52:06.0032 AM
[ReportManager] API Action [GetResponseJSONValue] successfully performed. With the following test data [title]. @02-10-2021 01:52:06.0054 AM
[ReportManager] API Action [GetResponseJSONValue] successfully performed. With the following test data [title]. @02-10-2021 01:52:06.0072 AM
[ReportManager] API Action [GetResponseJSONValue] successfully performed. With the following test data [title]. @02-10-2021 01:52:06.0090 AM
[ReportManager] API Action [GetResponseJSONValue] successfully performed. With the following test data [title]. @02-10-2021 01:52:06.0107 AM
[ReportManager] API Action [GetResponseJSONValue] successfully performed. With the following test data [title]. @02-10-2021 01:52:06.0124 AM
[ReportManager] API Action [GetResponseJSONValue] successfully performed. With the following test data [title]. @02-10-2021 01:52:06.0154 AM
[ReportManager] API Action [GetResponseJSONValue] successfully performed. With the following test data [title]. @02-10-2021 01:52:06.0184 AM
[ReportManager] API Action [GetResponseJSONValue] successfully performed. With the following test data [title]. @02-10-2021 01:52:06.0199 AM
[ReportManager] API Action [GetResponseJSONValue] successfully performed. With the following test data [title]. @02-10-2021 01:52:06.0216 AM
[ReportManager] API Action [GetResponseJSONValue] successfully performed. With the following test data [title]. @02-10-2021 01:52:06.0238 AM
[ReportManager] API Action [GetResponseJSONValue] successfully performed. With the following test data [title]. @02-10-2021 01:52:06.0255 AM
[ReportManager] API Action [GetResponseJSONValue] successfully performed. With the following test data [title]. @02-10-2021 01:52:06.0299 AM
[ReportManager] API Action [GetResponseJSONValue] successfully performed. With the following test data [title]. @02-10-2021 01:52:06.0330 AM
[ReportManager] API Action [GetResponseJSONValue] successfully performed. With the following test data [title]. @02-10-2021 01:52:06.0353 AM
[ReportManager] API Action [GetResponseJSONValue] successfully performed. With the following test data [title]. @02-10-2021 01:52:06.0373 AM
[ReportManager] API Action [GetResponseJSONValue] successfully performed. With the following test data [title]. @02-10-2021 01:52:06.0390 AM
[ReportManager] API Action [GetResponseJSONValue] successfully performed. With the following test data [title]. @02-10-2021 01:52:06.0411 AM
[ReportManager] API Action [GetResponseJSONValue] successfully performed. With the following test data [title]. @02-10-2021 01:52:06.0427 AM
[ReportManager] API Action [GetResponseJSONValue] successfully performed. With the following test data [title]. @02-10-2021 01:52:06.0439 AM
[ReportManager] API Action [GetResponseJSONValue] successfully performed. With the following test data [title]. @02-10-2021 01:52:06.0451 AM
[ReportManager] API Action [GetResponseJSONValue] successfully performed. With the following test data [title]. @02-10-2021 01:52:06.0464 AM
[ReportManager] API Action [GetResponseJSONValue] successfully performed. With the following test data [title]. @02-10-2021 01:52:06.0474 AM
[ReportManager] API Action [GetResponseJSONValue] successfully performed. With the following test data [title]. @02-10-2021 01:52:06.0485 AM
[ReportManager] API Action [GetResponseJSONValue] successfully performed. With the following test data [title]. @02-10-2021 01:52:06.0495 AM
[ReportManager] API Action [GetResponseJSONValue] successfully performed. With the following test data [title]. @02-10-2021 01:52:06.0505 AM
[ReportManager] API Action [GetResponseJSONValue] successfully performed. With the following test data [title]. @02-10-2021 01:52:06.0514 AM
[ReportManager] API Action [GetResponseJSONValue] successfully performed. With the following test data [title]. @02-10-2021 01:52:06.0524 AM
[ReportManager] API Action [GetResponseJSONValue] successfully performed. With the following test data [title]. @02-10-2021 01:52:06.0534 AM
[ReportManager] API Action [GetResponseJSONValue] successfully performed. With the following test data [title]. @02-10-2021 01:52:06.0543 AM
[ReportManager] API Action [GetResponseJSONValue] successfully performed. With the following test data [title]. @02-10-2021 01:52:06.0553 AM
[ReportManager] API Action [GetResponseJSONValue] successfully performed. With the following test data [title]. @02-10-2021 01:52:06.0563 AM
[ReportManager] API Action [GetResponseJSONValue] successfully performed. With the following test data [title]. @02-10-2021 01:52:06.0573 AM
[ReportManager] API Action [GetResponseJSONValue] successfully performed. With the following test data [title]. @02-10-2021 01:52:06.0582 AM
[ReportManager] API Action [GetResponseJSONValue] successfully performed. With the following test data [title]. @02-10-2021 01:52:06.0592 AM
[ReportManager] API Action [GetResponseJSONValue] successfully performed. With the following test data [title]. @02-10-2021 01:52:06.0603 AM
[ReportManager] API Action [GetResponseJSONValue] successfully performed. With the following test data [title]. @02-10-2021 01:52:06.0612 AM
[ReportManager] API Action [GetResponseJSONValue] successfully performed. With the following test data [title]. @02-10-2021 01:52:06.0623 AM
[ReportManager] API Action [GetResponseJSONValue] successfully performed. With the following test data [title]. @02-10-2021 01:52:06.0633 AM
[ReportManager] API Action [GetResponseJSONValue] successfully performed. With the following test data [title]. @02-10-2021 01:52:06.0643 AM
[ReportManager] API Action [GetResponseJSONValue] successfully performed. With the following test data [title]. @02-10-2021 01:52:06.0653 AM
[ReportManager] API Action [GetResponseJSONValue] successfully performed. With the following test data [title]. @02-10-2021 01:52:06.0663 AM
[ReportManager] API Action [GetResponseJSONValue] successfully performed. With the following test data [title]. @02-10-2021 01:52:06.0673 AM
[ReportManager] API Action [GetResponseJSONValue] successfully performed. With the following test data [title]. @02-10-2021 01:52:06.0683 AM
[ReportManager] API Action [GetResponseJSONValue] successfully performed. With the following test data [title]. @02-10-2021 01:52:06.0693 AM
[ReportManager] API Action [GetResponseJSONValue] successfully performed. With the following test data [title]. @02-10-2021 01:52:06.0703 AM
[ReportManager] API Action [GetResponseJSONValue] successfully performed. With the following test data [title]. @02-10-2021 01:52:06.0713 AM
[ReportManager] API Action [GetResponseJSONValue] successfully performed. With the following test data [title]. @02-10-2021 01:52:06.0724 AM
[ReportManager] API Action [GetResponseJSONValue] successfully performed. With the following test data [title]. @02-10-2021 01:52:06.0734 AM
[ReportManager] API Action [GetResponseJSONValue] successfully performed. With the following test data [title]. @02-10-2021 01:52:06.0744 AM
[ReportManager] API Action [GetResponseJSONValue] successfully performed. With the following test data [title]. @02-10-2021 01:52:06.0753 AM
[ReportManager] API Action [GetResponseJSONValue] successfully performed. With the following test data [title]. @02-10-2021 01:52:06.0763 AM
[ReportManager] API Action [GetResponseJSONValue] successfully performed. With the following test data [title]. @02-10-2021 01:52:06.0773 AM
[ReportManager] API Action [GetResponseJSONValue] successfully performed. With the following test data [title]. @02-10-2021 01:52:06.0783 AM
[ReportManager] API Action [GetResponseJSONValue] successfully performed. With the following test data [title]. @02-10-2021 01:52:06.0793 AM
[ReportManager] API Action [GetResponseJSONValue] successfully performed. With the following test data [title]. @02-10-2021 01:52:06.0821 AM
[ReportManager] API Action [GetResponseJSONValue] successfully performed. With the following test data [title]. @02-10-2021 01:52:06.0853 AM
[ReportManager] API Action [GetResponseJSONValue] successfully performed. With the following test data [title]. @02-10-2021 01:52:06.0867 AM
[ReportManager] API Action [GetResponseJSONValue] successfully performed. With the following test data [title]. @02-10-2021 01:52:06.0896 AM
[ReportManager] API Action [GetResponseJSONValue] successfully performed. With the following test data [title]. @02-10-2021 01:52:06.0907 AM
[ReportManager] API Action [GetResponseJSONValue] successfully performed. With the following test data [title]. @02-10-2021 01:52:06.0919 AM
[ReportManager] API Action [GetResponseJSONValue] successfully performed. With the following test data [title]. @02-10-2021 01:52:06.0929 AM
[ReportManager] API Action [GetResponseJSONValue] successfully performed. With the following test data [title]. @02-10-2021 01:52:06.0940 AM
[ReportManager] API Action [GetResponseJSONValue] successfully performed. With the following test data [title]. @02-10-2021 01:52:06.0951 AM
[ReportManager] API Action [GetResponseJSONValue] successfully performed. With the following test data [title]. @02-10-2021 01:52:06.0962 AM
[ReportManager] API Action [GetResponseJSONValue] successfully performed. With the following test data [title]. @02-10-2021 01:52:06.0972 AM
[ReportManager] API Action [GetResponseJSONValue] successfully performed. With the following test data [title]. @02-10-2021 01:52:06.0983 AM
[ReportManager] API Action [GetResponseJSONValue] successfully performed. With the following test data [title]. @02-10-2021 01:52:06.0993 AM
[ReportManager] API Action [GetResponseJSONValue] successfully performed. With the following test data [title]. @02-10-2021 01:52:07.0004 AM
[ReportManager] API Action [GetResponseJSONValue] successfully performed. With the following test data [title]. @02-10-2021 01:52:07.0014 AM
[ReportManager] API Action [GetResponseJSONValue] successfully performed. With the following test data [title]. @02-10-2021 01:52:07.0024 AM
[ReportManager] API Action [GetResponseJSONValue] successfully performed. With the following test data [title]. @02-10-2021 01:52:07.0034 AM
[ReportManager] API Action [GetResponseJSONValue] successfully performed. With the following test data [title]. @02-10-2021 01:52:07.0044 AM
[ReportManager] API Action [GetResponseJSONValue] successfully performed. With the following test data [title]. @02-10-2021 01:52:07.0054 AM
[ReportManager] API Action [GetResponseJSONValue] successfully performed. With the following test data [title]. @02-10-2021 01:52:07.0064 AM
[ReportManager] API Action [GetResponseJSONValue] successfully performed. With the following test data [title]. @02-10-2021 01:52:07.0075 AM
[ReportManager] API Action [GetResponseJSONValue] successfully performed. With the following test data [title]. @02-10-2021 01:52:07.0085 AM
[ReportManager] API Action [GetResponseJSONValue] successfully performed. With the following test data [title]. @02-10-2021 01:52:07.0097 AM
[ReportManager] API Action [GetResponseJSONValue] successfully performed. With the following test data [title]. @02-10-2021 01:52:07.0108 AM
[ReportManager] API Action [GetResponseJSONValue] successfully performed. With the following test data [title]. @02-10-2021 01:52:07.0118 AM
[ReportManager] API Action [GetResponseJSONValue] successfully performed. With the following test data [title]. @02-10-2021 01:52:07.0129 AM
[ReportManager] API Action [GetResponseJSONValue] successfully performed. With the following test data [title]. @02-10-2021 01:52:07.0139 AM
[ReportManager] API Action [GetResponseJSONValue] successfully performed. With the following test data [title]. @02-10-2021 01:52:07.0150 AM
[ReportManager] API Action [GetResponseJSONValue] successfully performed. With the following test data [title]. @02-10-2021 01:52:07.0160 AM
[ReportManager] API Action [GetResponseJSONValue] successfully performed. With the following test data [title]. @02-10-2021 01:52:07.0171 AM
[ReportManager] API Action [GetResponseJSONValue] successfully performed. With the following test data [title]. @02-10-2021 01:52:07.0181 AM
[ReportManager] API Action [GetResponseJSONValue] successfully performed. With the following test data [title]. @02-10-2021 01:52:07.0192 AM
[ReportManager] API Action [GetResponseJSONValue] successfully performed. With the following test data [title]. @02-10-2021 01:52:07.0202 AM
[ReportManager] API Action [GetResponseJSONValue] successfully performed. With the following test data [title]. @02-10-2021 01:52:07.0212 AM
[ReportManager] API Action [GetResponseJSONValue] successfully performed. With the following test data [title]. @02-10-2021 01:52:07.0223 AM
[ReportManager] API Action [GetResponseJSONValue] successfully performed. With the following test data [title]. @02-10-2021 01:52:07.0233 AM
[ReportManager] API Action [GetResponseJSONValue] successfully performed. With the following test data [title]. @02-10-2021 01:52:07.0243 AM
[ReportManager] API Action [GetResponseJSONValue] successfully performed. With the following test data [title]. @02-10-2021 01:52:07.0253 AM
[ReportManager] API Action [GetResponseJSONValue] successfully performed. With the following test data [title]. @02-10-2021 01:52:07.0263 A

################################################################################################################################################
Starting Execution:	[48 out of 144] test cases in the current suite
Test Method:		[unitTests.tests_restActions.validateUserEmail]
################################################################################################################################################
[ReportManager] Response status code: [200], status line: [HTTP/1.1 200 OK] @02-10-2021 01:52:07.0350 AM
[ReportManager] Assertion Passed: Evaluating the actual response status code against the expected one... @02-10-2021 01:52:07.0351 AM
[ReportManager] Assertion [ValidateEquals] PASSED. Expected [200] and Actual [200]. Comparison Type [EQUALS]. Validation Type [POSITIVE]. @02-10-2021 01:52:07.0351 AM
[ReportManager] API Action [PerformRequest] successfully performed. With the following test data [Request Type: "GET" | Target Status Code: "200" | Service URL: "https://jsonplaceholder.typicode.com/users" | Content Type: "*/*" | Response Time: "62ms"]. @02-10-2021 01:52:07.0369 AM
[ReportManager] Successfully created attachment [API Request - Specifications] @02-10-2021 01:52:07.0369 AM
[ReportManager] Successfully created attachment [API Response - JSON Body] @02-10-2021 01:52:07.0370 AM
[ReportManager] Assertion [ValidateEquals] PASSED. Expected and Actual values are attached. Comparison Type [CONTAINS]. Validation Type [POSITIVE]. @02-10-2021 01:52:07.0370 AM
[ReportManager] Successfully created attachment [Validation Test Data - Expected Value] @02-10-2021 01:52:07.0370 AM
[ReportManager] Successfully created attachment [Validation Test Data - Actual Value] @02-10-2021 01:52:07.0371 AM
[ReportManager] API Action [GetResponseJSONValueAsList] successfully performed. With the following test data [$]. @02-10-2021 01:52:07.0374 AM
[ReportManager] API Action [GetResponseJSONValue] successfully performed. With the following test data [name]. @02-10-2021 01:52:07.0385 AM
[ReportManager] API Action [GetResponseJSONValue] successfully performed. With the following test data [email]. @02-10-2021 01:52:07.0395 AM
[ReportManager] Assertion [ValidateEquals] PASSED. Expected [Sincere@april.biz] and Actual [Sincere@april.biz]. Comparison Type [EQUALS]. Validation Type [POSITIVE]. @02-10-2021 01:52:07.0395 AM
[ReportManager] API Action [GetResponseJSONValue] successfully performed. With the following test data [name]. @02-10-2021 01:52:07.0404 AM
[ReportManager] API Action [GetResponseJSONValue] successfully performed. With the following test data [name]. @02-10-2021 01:52:07.0414 AM
[ReportManager] API Action [GetResponseJSONValue] successfully performed. With the following test data [name]. @02-10-2021 01:52:07.0438 AM
[ReportManager] API Action [GetResponseJSONValue] successfully performed. With the following test data [name]. @02-10-2021 01:52:07.0450 AM
[ReportManager] API Action [GetResponseJSONValue] successfully performed. With the following test data [name]. @02-10-2021 01:52:07.0461 AM
[ReportManager] API Action [GetResponseJSONValue] successfully performed. With the following test data [name]. @02-10-2021 01:52:07.0472 AM
[ReportManager] API Action [GetResponseJSONValue] successfully performed. With the following test data [name]. @02-10-2021 01:52:07.0483 AM
[ReportManager] API Action [GetResponseJSONValue] successfully performed. With the following test data [name]. @02-10-2021 01:52:07.0493 AM
[ReportManager] API Action [GetResponseJSONValue] successfully performed. With the following test data [name]. @02-10-2021 01:52:07.0503 A
[ReportManager] File Action [GetAbsolutePath] successfully performed. With the following test data [Relative Folder Path: "target/downloadedFiles/"]. @02-10-2021 01:52:07.0506 AM
[ReportManager] Attempting to run remotely on: [Linux-64], [GoogleChrome], [http://localhost:4444/wd/hub], Headless Execution. @02-10-2021 01:52:07.0507 AM
[ReportManager] Successfully Opened [GoogleChrome]. @02-10-2021 01:52:07.0811 A

################################################################################################################################################
Starting Execution:	[49 out of 144] test cases in the current suite
Test Method:		[unitTests.tests_element_elementActions.waitForElementToBePresent_false_expectedToFail]
################################################################################################################################################
[ReportManager] Target URL: [https://www.google.com/ncr], and after redirection: [www.google.com] @02-10-2021 01:52:07.0827 AM
[ReportManager] Initial URL: [data:,] @02-10-2021 01:52:07.0886 AM
[ReportManager] Browser Action [NavigateToURL] successfully performed. With the following test data [https://www.google.com/ncr]. @02-10-2021 01:52:08.0972 AM
[ReportManager] Waiting for element to be present; elementLocator [By.xpath: //*[@id='hplogo' or @alt='Google']], numberOfTries[1], stateOfPresence[false]... @02-10-2021 01:52:08.0978 AM
[ReportManager] Element Action [WaitForElementToBePresent] failed. With the following test data [waited for the element's state of presence to be (false). Element locator (By.xpath: //*[@id='hplogo' or @alt='Google'])]. @02-10-2021 01:52:09.0227 AM
[ReportManager] Successfully created attachment [Screenshot - 1633139529157_waitForElementToBePresent_false_expectedToFail_WaitForElementToBePresent_failed] @02-10-2021 01:52:09.0228 A
[ReportManager] Browser Action [CloseCurrentWindow] successfully performed. @02-10-2021 01:52:09.0360 AM
[ReportManager] Successfully created attachment [Browser Action Test Data - CloseCurrentWindow - Actual Value] @02-10-2021 01:52:09.0361 A
[ReportManager] File Action [GetAbsolutePath] successfully performed. With the following test data [Relative Folder Path: "target/downloadedFiles/"]. @02-10-2021 01:52:09.0364 AM
[ReportManager] Attempting to run remotely on: [Linux-64], [GoogleChrome], [http://localhost:4444/wd/hub], Headless Execution. @02-10-2021 01:52:09.0364 AM
[ReportManager] Successfully Opened [GoogleChrome]. @02-10-2021 01:52:09.0568 A

################################################################################################################################################
Starting Execution:	[50 out of 144] test cases in the current suite
Test Method:		[unitTests.tests_element_elementActions.waitForElementToBePresent_false_expectedToPass]
################################################################################################################################################
[ReportManager] Target URL: [https://www.google.com/ncr], and after redirection: [www.google.com] @02-10-2021 01:52:09.0586 AM
[ReportManager] Initial URL: [data:,] @02-10-2021 01:52:09.0631 AM
[ReportManager] Browser Action [NavigateToURL] successfully performed. With the following test data [https://www.google.com/ncr]. @02-10-2021 01:52:10.0582 AM
[ReportManager] Waiting for element to be present; elementLocator [By.id: bla], numberOfTries[1], stateOfPresence[false]... @02-10-2021 01:52:10.0583 AM
[ReportManager] Element Action [WaitForElementToBePresent] successfully performed. With the following test data [waited for the element's state of presence to be (false). Element locator (By.id: bla)]. @02-10-2021 01:52:15.0707 A
[ReportManager] Browser Action [CloseCurrentWindow] successfully performed. @02-10-2021 01:52:15.0850 AM
[ReportManager] Successfully created attachment [Browser Action Test Data - CloseCurrentWindow - Actual Value] @02-10-2021 01:52:15.0851 A
[ReportManager] File Action [GetAbsolutePath] successfully performed. With the following test data [Relative Folder Path: "target/downloadedFiles/"]. @02-10-2021 01:52:15.0856 AM
[ReportManager] Attempting to run remotely on: [Linux-64], [GoogleChrome], [http://localhost:4444/wd/hub], Headless Execution. @02-10-2021 01:52:15.0857 AM
[ReportManager] Successfully Opened [GoogleChrome]. @02-10-2021 01:52:16.0069 A

################################################################################################################################################
Starting Execution:	[51 out of 144] test cases in the current suite
Test Method:		[unitTests.tests_element_elementActions.waitForElementToBePresent_moreThanOneElement_expectedToFail]
################################################################################################################################################
[ReportManager] Target URL: [https://www.google.com/ncr], and after redirection: [www.google.com] @02-10-2021 01:52:16.0089 AM
[ReportManager] Initial URL: [data:,] @02-10-2021 01:52:16.0142 AM
[ReportManager] Browser Action [NavigateToURL] successfully performed. With the following test data [https://www.google.com/ncr]. @02-10-2021 01:52:17.0194 AM
[ReportManager] Waiting for element to be present; elementLocator [By.xpath: //*], numberOfTries[1], stateOfPresence[false]... @02-10-2021 01:52:17.0195 AM
[ReportManager] Element Action [WaitForElementToBePresent] failed. With the following test data [waited for the element's state of presence to be (false). Element locator (By.xpath: //*)]. @02-10-2021 01:52:17.0469 AM
[ReportManager] Successfully created attachment [Screenshot - 1633139537396_waitForElementToBePresent_moreThanOneElement_expectedToFail_WaitForElementToBePresent_failed] @02-10-2021 01:52:17.0470 A
[ReportManager] Browser Action [CloseCurrentWindow] successfully performed. @02-10-2021 01:52:17.0605 AM
[ReportManager] Successfully created attachment [Browser Action Test Data - CloseCurrentWindow - Actual Value] @02-10-2021 01:52:17.0606 A
[ReportManager] File Action [GetAbsolutePath] successfully performed. With the following test data [Relative Folder Path: "target/downloadedFiles/"]. @02-10-2021 01:52:17.0608 AM
[ReportManager] Attempting to run remotely on: [Linux-64], [GoogleChrome], [http://localhost:4444/wd/hub], Headless Execution. @02-10-2021 01:52:17.0609 AM
[ReportManager] Successfully Opened [GoogleChrome]. @02-10-2021 01:52:17.0827 A

################################################################################################################################################
Starting Execution:	[52 out of 144] test cases in the current suite
Test Method:		[unitTests.tests_element_elementActions.waitForElementToBePresent_true_expectedToFail]
################################################################################################################################################
[ReportManager] Target URL: [https://www.google.com/ncr], and after redirection: [www.google.com] @02-10-2021 01:52:17.0844 AM
[ReportManager] Initial URL: [data:,] @02-10-2021 01:52:17.0900 AM
[ReportManager] Browser Action [NavigateToURL] successfully performed. With the following test data [https://www.google.com/ncr]. @02-10-2021 01:52:18.0828 AM
[ReportManager] Waiting for element to be present; elementLocator [By.id: bla], numberOfTries[1], stateOfPresence[true]... @02-10-2021 01:52:18.0828 AM
[ReportManager] Element Action [WaitForElementToBePresent] failed. With the following test data [waited for the element's state of presence to be (true). Element locator (By.id: bla)]. @02-10-2021 01:52:24.0130 AM
[ReportManager] Successfully created attachment [Screenshot - 1633139544059_waitForElementToBePresent_true_expectedToFail_WaitForElementToBePresent_failed] @02-10-2021 01:52:24.0131 A
[ReportManager] Browser Action [CloseCurrentWindow] successfully performed. @02-10-2021 01:52:24.0271 AM
[ReportManager] Successfully created attachment [Browser Action Test Data - CloseCurrentWindow - Actual Value] @02-10-2021 01:52:24.0272 A
[ReportManager] File Action [GetAbsolutePath] successfully performed. With the following test data [Relative Folder Path: "target/downloadedFiles/"]. @02-10-2021 01:52:24.0275 AM
[ReportManager] Attempting to run remotely on: [Linux-64], [GoogleChrome], [http://localhost:4444/wd/hub], Headless Execution. @02-10-2021 01:52:24.0275 AM
[ReportManager] Successfully Opened [GoogleChrome]. @02-10-2021 01:52:24.0504 A

################################################################################################################################################
Starting Execution:	[53 out of 144] test cases in the current suite
Test Method:		[unitTests.tests_element_elementActions.waitForElementToBePresent_true_expectedToPass]
################################################################################################################################################
[ReportManager] Target URL: [https://www.google.com/ncr], and after redirection: [www.google.com] @02-10-2021 01:52:24.0524 AM
[ReportManager] Initial URL: [data:,] @02-10-2021 01:52:24.0567 AM
[ReportManager] Browser Action [NavigateToURL] successfully performed. With the following test data [https://www.google.com/ncr]. @02-10-2021 01:52:25.0538 AM
[ReportManager] Waiting for element to be present; elementLocator [By.xpath: //*[@id='hplogo' or @alt='Google']], numberOfTries[1], stateOfPresence[true]... @02-10-2021 01:52:25.0538 AM
[ReportManager] Element Action [WaitForElementToBePresent] successfully performed. With the following test data [waited for the element's state of presence to be (true). Element locator (By.xpath: //*[@id='hplogo' or @alt='Google'])]. @02-10-2021 01:52:25.0591 AM
[ReportManager] File Action [DoesFileExist] successfully performed. With the following test data [File Path: "src/test/resources/DynamicObjectRepository/unitTests_tests_element_elementActions_waitForElementToBePresent_true_expectedToPass_By_xpath_id_hplogo_or_alt_Google.png"]. @02-10-2021 01:52:25.0595 AM
[ReportManager] File Action [DoesFileExist] successfully performed. With the following test data [File Path: "src/test/resources/DynamicObjectRepository/unitTests_tests_element_elementActions_waitForElementToBePresent_true_expectedToPass_By_xpath_id_hplogo_or_alt_Google.png"]. @02-10-2021 01:52:25.0793 AM
[ReportManager] Passing the test and saving a reference image @02-10-2021 01:52:25.0793 AM
[ReportManager] File Action [GetAbsolutePath] successfully performed. With the following test data [Relative File Path: "src/test/resources/DynamicObjectRepository/unitTests_tests_element_elementActions_waitForElementToBePresent_true_expectedToPass_By_xpath_id_hplogo_or_alt_Google.png"]. @02-10-2021 01:52:25.0794 AM
[ReportManager] File Action [WriteToFile] successfully performed. With the following test data [Target File Path: "/home/runner/work/SHAFT_ENGINE/SHAFT_ENGINE/src/test/resources/DynamicObjectRepository/unitTests_tests_element_elementActions_waitForElementToBePresent_true_expectedToPass_By_xpath_id_hplogo_or_alt_Google.png"]. @02-10-2021 01:52:25.0799 AM
[ReportManager] Assertion Passed: Using Visual AI; OpenCV @02-10-2021 01:52:25.0799 AM
[ReportManager] Successfully created attachment [Validation Test Data - Actual Screenshot] @02-10-2021 01:52:25.0800 AM
[ReportManager] Assertion [ValidateElementMatches] PASSED. Expected [Element should match the reference screenshot] and Actual [TRUE]. Comparison Type [EXACT_OPENCV]. Validation Type [POSITIVE]. @02-10-2021 01:52:25.0800 A
[ReportManager] Browser Action [CloseCurrentWindow] successfully performed. @02-10-2021 01:52:25.0937 AM
[ReportManager] Successfully created attachment [Browser Action Test Data - CloseCurrentWindow - Actual Value] @02-10-2021 01:52:25.0937 A
[ReportManager] File Action [GetAbsolutePath] successfully performed. With the following test data [Relative Folder Path: "target/downloadedFiles/"]. @02-10-2021 01:52:25.0942 AM
[ReportManager] Attempting to run remotely on: [Linux-64], [GoogleChrome], [http://localhost:4444/wd/hub], Headless Execution. @02-10-2021 01:52:25.0944 AM
[ReportManager] Successfully Opened [GoogleChrome]. @02-10-2021 01:52:26.0244 AM
[ReportManager] Target URL: [https://duckduckgo.com] @02-10-2021 01:52:26.0257 AM
[ReportManager] Initial URL: [data:,] @02-10-2021 01:52:26.0304 AM
[ReportManager] Browser Action [NavigateToURL] successfully performed. With the following test data [https://duckduckgo.com]. @02-10-2021 01:52:26.0919 A

################################################################################################################################################
Starting Execution:	[54 out of 144] test cases in the current suite
Test Method:		[unitTests.tests_browserActions.fullScreenWindow]
################################################################################################################################################
[ReportManager] Initial Windows Size: 800x600 @02-10-2021 01:52:26.0931 AM
[ReportManager] Initial window size: (800, 600) @02-10-2021 01:52:26.0936 AM
[ReportManager] Window size after Toolkit: (1920, 1080) @02-10-2021 01:52:27.0163 AM
[ReportManager] Browser Action [MaximizeWindow] successfully performed. With the following test data [New screen size is now: (1920, 1080)]. @02-10-2021 01:52:27.0167 AM
[ReportManager] Current Windows Size after fullScreen: 1920x1080 @02-10-2021 01:52:27.0174 AM
[ReportManager] Browser Action [FullScreenWindow] successfully performed. @02-10-2021 01:52:27.0198 AM
[ReportManager] Successfully created attachment [Browser Action Test Data - FullScreenWindow - Actual Value] @02-10-2021 01:52:27.0201 A
[ReportManager] Target URL: [https://duckduckgo.com] @02-10-2021 01:52:27.0205 AM
[ReportManager] Initial URL: [https://duckduckgo.com] @02-10-2021 01:52:27.0293 AM
[ReportManager] Browser Action [NavigateToURL] successfully performed. With the following test data [https://duckduckgo.com]. @02-10-2021 01:52:27.0651 AM
[ReportManager] Browser Action [CloseCurrentWindow] successfully performed. @02-10-2021 01:52:27.0751 AM
[ReportManager] Successfully created attachment [Browser Action Test Data - CloseCurrentWindow - Actual Value] @02-10-2021 01:52:27.0754 A
[ReportManager] File Action [GetAbsolutePath] successfully performed. With the following test data [Relative Folder Path: "target/downloadedFiles/"]. @02-10-2021 01:52:27.0762 AM
[ReportManager] Attempting to run remotely on: [Linux-64], [GoogleChrome], [http://localhost:4444/wd/hub], Headless Execution. @02-10-2021 01:52:27.0762 AM
[ReportManager] Successfully Opened [GoogleChrome]. @02-10-2021 01:52:27.0983 AM
[ReportManager] Target URL: [https://duckduckgo.com] @02-10-2021 01:52:27.0998 AM
[ReportManager] Initial URL: [data:,] @02-10-2021 01:52:28.0039 AM
[ReportManager] Browser Action [NavigateToURL] successfully performed. With the following test data [https://duckduckgo.com]. @02-10-2021 01:52:28.0604 A

################################################################################################################################################
Starting Execution:	[55 out of 144] test cases in the current suite
Test Method:		[unitTests.tests_browserActions.getCurrentURL]
################################################################################################################################################
[ReportManager] Browser Action [GetCurrentURL] successfully performed. With the following test data [https://duckduckgo.com/]. @02-10-2021 01:52:28.0652 A
[ReportManager] Target URL: [https://duckduckgo.com] @02-10-2021 01:52:28.0655 AM
[ReportManager] Initial URL: [https://duckduckgo.com] @02-10-2021 01:52:28.0710 AM
[ReportManager] Browser Action [NavigateToURL] successfully performed. With the following test data [https://duckduckgo.com]. @02-10-2021 01:52:29.0079 AM
[ReportManager] Browser Action [CloseCurrentWindow] successfully performed. @02-10-2021 01:52:29.0183 AM
[ReportManager] Successfully created attachment [Browser Action Test Data - CloseCurrentWindow - Actual Value] @02-10-2021 01:52:29.0184 A
[ReportManager] File Action [GetAbsolutePath] successfully performed. With the following test data [Relative Folder Path: "target/downloadedFiles/"]. @02-10-2021 01:52:29.0188 AM
[ReportManager] Attempting to run remotely on: [Linux-64], [GoogleChrome], [http://localhost:4444/wd/hub], Headless Execution. @02-10-2021 01:52:29.0191 AM
[ReportManager] Successfully Opened [GoogleChrome]. @02-10-2021 01:52:29.0425 AM
[ReportManager] Target URL: [https://duckduckgo.com] @02-10-2021 01:52:29.0436 AM
[ReportManager] Initial URL: [data:,] @02-10-2021 01:52:29.0493 AM
[ReportManager] Browser Action [NavigateToURL] successfully performed. With the following test data [https://duckduckgo.com]. @02-10-2021 01:52:30.0111 A

################################################################################################################################################
Starting Execution:	[56 out of 144] test cases in the current suite
Test Method:		[unitTests.tests_browserActions.getCurrentWindowTitle]
################################################################################################################################################
[ReportManager] Browser Action [GetCurrentWindowTitle] successfully performed. With the following test data [DuckDuckGo  Privacy, simplified.]. @02-10-2021 01:52:30.0148 A
[ReportManager] Target URL: [https://duckduckgo.com] @02-10-2021 01:52:30.0151 AM
[ReportManager] Initial URL: [https://duckduckgo.com] @02-10-2021 01:52:30.0232 AM
[ReportManager] Browser Action [NavigateToURL] successfully performed. With the following test data [https://duckduckgo.com]. @02-10-2021 01:52:30.0636 AM
[ReportManager] Browser Action [CloseCurrentWindow] successfully performed. @02-10-2021 01:52:30.0745 AM
[ReportManager] Successfully created attachment [Browser Action Test Data - CloseCurrentWindow - Actual Value] @02-10-2021 01:52:30.0745 A
[ReportManager] File Action [GetAbsolutePath] successfully performed. With the following test data [Relative Folder Path: "target/downloadedFiles/"]. @02-10-2021 01:52:30.0747 AM
[ReportManager] Attempting to run remotely on: [Linux-64], [GoogleChrome], [http://localhost:4444/wd/hub], Headless Execution. @02-10-2021 01:52:30.0748 AM
[ReportManager] Successfully Opened [GoogleChrome]. @02-10-2021 01:52:31.0059 AM
[ReportManager] Target URL: [https://duckduckgo.com] @02-10-2021 01:52:31.0076 AM
[ReportManager] Initial URL: [data:,] @02-10-2021 01:52:31.0130 AM
[ReportManager] Browser Action [NavigateToURL] successfully performed. With the following test data [https://duckduckgo.com]. @02-10-2021 01:52:31.0780 A

################################################################################################################################################
Starting Execution:	[57 out of 144] test cases in the current suite
Test Method:		[unitTests.tests_browserActions.getPageSource]
################################################################################################################################################
[ReportManager] Browser Action [GetPageSource] successfully performed. @02-10-2021 01:52:31.0846 AM
[ReportManager] Successfully created attachment [Browser Action Test Data - GetPageSource - Actual Value] @02-10-2021 01:52:31.0847 A
[ReportManager] Target URL: [https://duckduckgo.com] @02-10-2021 01:52:31.0856 AM
[ReportManager] Initial URL: [https://duckduckgo.com] @02-10-2021 01:52:31.0925 AM
[ReportManager] Browser Action [NavigateToURL] successfully performed. With the following test data [https://duckduckgo.com]. @02-10-2021 01:52:32.0353 AM
[ReportManager] Browser Action [CloseCurrentWindow] successfully performed. @02-10-2021 01:52:32.0475 AM
[ReportManager] Successfully created attachment [Browser Action Test Data - CloseCurrentWindow - Actual Value] @02-10-2021 01:52:32.0476 A
[ReportManager] File Action [GetAbsolutePath] successfully performed. With the following test data [Relative Folder Path: "target/downloadedFiles/"]. @02-10-2021 01:52:32.0481 AM
[ReportManager] Attempting to run remotely on: [Linux-64], [GoogleChrome], [http://localhost:4444/wd/hub], Headless Execution. @02-10-2021 01:52:32.0482 AM
[ReportManager] Successfully Opened [GoogleChrome]. @02-10-2021 01:52:32.0719 AM
[ReportManager] Target URL: [https://duckduckgo.com] @02-10-2021 01:52:32.0730 AM
[ReportManager] Initial URL: [data:,] @02-10-2021 01:52:32.0777 AM
[ReportManager] Browser Action [NavigateToURL] successfully performed. With the following test data [https://duckduckgo.com]. @02-10-2021 01:52:33.0301 A

################################################################################################################################################
Starting Execution:	[58 out of 144] test cases in the current suite
Test Method:		[unitTests.tests_browserActions.getWindowHandle]
################################################################################################################################################
[ReportManager] Browser Action [GetWindowHandle] successfully performed. With the following test data [CDwindow-426D54ADF0649EC9E8655895062C4463]. @02-10-2021 01:52:33.0335 A
[ReportManager] Target URL: [https://duckduckgo.com] @02-10-2021 01:52:33.0337 AM
[ReportManager] Initial URL: [https://duckduckgo.com] @02-10-2021 01:52:33.0398 AM
[ReportManager] Browser Action [NavigateToURL] successfully performed. With the following test data [https://duckduckgo.com]. @02-10-2021 01:52:33.0752 AM
[ReportManager] Browser Action [CloseCurrentWindow] successfully performed. @02-10-2021 01:52:33.0858 AM
[ReportManager] Successfully created attachment [Browser Action Test Data - CloseCurrentWindow - Actual Value] @02-10-2021 01:52:33.0858 A
[ReportManager] File Action [GetAbsolutePath] successfully performed. With the following test data [Relative Folder Path: "target/downloadedFiles/"]. @02-10-2021 01:52:33.0865 AM
[ReportManager] Attempting to run remotely on: [Linux-64], [GoogleChrome], [http://localhost:4444/wd/hub], Headless Execution. @02-10-2021 01:52:33.0865 AM
[ReportManager] Successfully Opened [GoogleChrome]. @02-10-2021 01:52:34.0068 AM
[ReportManager] Target URL: [https://duckduckgo.com] @02-10-2021 01:52:34.0089 AM
[ReportManager] Initial URL: [data:,] @02-10-2021 01:52:34.0134 AM
[ReportManager] Browser Action [NavigateToURL] successfully performed. With the following test data [https://duckduckgo.com]. @02-10-2021 01:52:34.0642 A

################################################################################################################################################
Starting Execution:	[59 out of 144] test cases in the current suite
Test Method:		[unitTests.tests_browserActions.getWindowPosition]
################################################################################################################################################
[ReportManager] Browser Action [GetWindowPosition] successfully performed. With the following test data [(0, 0)]. @02-10-2021 01:52:34.0682 A
[ReportManager] Target URL: [https://duckduckgo.com] @02-10-2021 01:52:34.0684 AM
[ReportManager] Initial URL: [https://duckduckgo.com] @02-10-2021 01:52:34.0743 AM
[ReportManager] Browser Action [NavigateToURL] successfully performed. With the following test data [https://duckduckgo.com]. @02-10-2021 01:52:35.0071 AM
[ReportManager] Browser Action [CloseCurrentWindow] successfully performed. @02-10-2021 01:52:35.0179 AM
[ReportManager] Successfully created attachment [Browser Action Test Data - CloseCurrentWindow - Actual Value] @02-10-2021 01:52:35.0180 A
[ReportManager] File Action [GetAbsolutePath] successfully performed. With the following test data [Relative Folder Path: "target/downloadedFiles/"]. @02-10-2021 01:52:35.0183 AM
[ReportManager] Attempting to run remotely on: [Linux-64], [GoogleChrome], [http://localhost:4444/wd/hub], Headless Execution. @02-10-2021 01:52:35.0183 AM
[ReportManager] Successfully Opened [GoogleChrome]. @02-10-2021 01:52:35.0393 AM
[ReportManager] Target URL: [https://duckduckgo.com] @02-10-2021 01:52:35.0403 AM
[ReportManager] Initial URL: [data:,] @02-10-2021 01:52:35.0444 AM
[ReportManager] Browser Action [NavigateToURL] successfully performed. With the following test data [https://duckduckgo.com]. @02-10-2021 01:52:35.0949 A

################################################################################################################################################
Starting Execution:	[60 out of 144] test cases in the current suite
Test Method:		[unitTests.tests_browserActions.getWindowSize]
################################################################################################################################################
[ReportManager] Browser Action [GetWindowSize] successfully performed. With the following test data [(800, 600)]. @02-10-2021 01:52:35.0991 A
[ReportManager] Target URL: [https://duckduckgo.com] @02-10-2021 01:52:35.0992 AM
[ReportManager] Initial URL: [https://duckduckgo.com] @02-10-2021 01:52:36.0052 AM
[ReportManager] Browser Action [NavigateToURL] successfully performed. With the following test data [https://duckduckgo.com]. @02-10-2021 01:52:36.0390 AM
[ReportManager] Browser Action [CloseCurrentWindow] successfully performed. @02-10-2021 01:52:36.0494 AM
[ReportManager] Successfully created attachment [Browser Action Test Data - CloseCurrentWindow - Actual Value] @02-10-2021 01:52:36.0495 A
[ReportManager] File Action [GetAbsolutePath] successfully performed. With the following test data [Relative Folder Path: "target/downloadedFiles/"]. @02-10-2021 01:52:36.0498 AM
[ReportManager] Attempting to run remotely on: [Linux-64], [GoogleChrome], [http://localhost:4444/wd/hub], Headless Execution. @02-10-2021 01:52:36.0498 AM
[ReportManager] Successfully Opened [GoogleChrome]. @02-10-2021 01:52:36.0706 AM
[ReportManager] Target URL: [https://duckduckgo.com] @02-10-2021 01:52:36.0719 AM
[ReportManager] Initial URL: [data:,] @02-10-2021 01:52:36.0760 AM
[ReportManager] Browser Action [NavigateToURL] successfully performed. With the following test data [https://duckduckgo.com]. @02-10-2021 01:52:37.0277 A

################################################################################################################################################
Starting Execution:	[61 out of 144] test cases in the current suite
Test Method:		[unitTests.tests_browserActions.maximizeWindow]
################################################################################################################################################
[ReportManager] Initial window size: (800, 600) @02-10-2021 01:52:37.0288 AM
[ReportManager] Window size after Toolkit: (1920, 1080) @02-10-2021 01:52:37.0519 AM
[ReportManager] Browser Action [MaximizeWindow] successfully performed. With the following test data [New screen size is now: (1920, 1080)]. @02-10-2021 01:52:37.0522 A
[ReportManager] Target URL: [https://duckduckgo.com] @02-10-2021 01:52:37.0532 AM
[ReportManager] Initial URL: [https://duckduckgo.com] @02-10-2021 01:52:37.0597 AM
[ReportManager] Browser Action [NavigateToURL] successfully performed. With the following test data [https://duckduckgo.com]. @02-10-2021 01:52:37.0942 AM
[ReportManager] Browser Action [CloseCurrentWindow] successfully performed. @02-10-2021 01:52:38.0043 AM
[ReportManager] Successfully created attachment [Browser Action Test Data - CloseCurrentWindow - Actual Value] @02-10-2021 01:52:38.0044 A
[ReportManager] File Action [GetAbsolutePath] successfully performed. With the following test data [Relative Folder Path: "target/downloadedFiles/"]. @02-10-2021 01:52:38.0047 AM
[ReportManager] Attempting to run remotely on: [Linux-64], [GoogleChrome], [http://localhost:4444/wd/hub], Headless Execution. @02-10-2021 01:52:38.0047 AM
[ReportManager] Successfully Opened [GoogleChrome]. @02-10-2021 01:52:38.0338 AM
[ReportManager] Target URL: [https://duckduckgo.com] @02-10-2021 01:52:38.0350 AM
[ReportManager] Initial URL: [data:,] @02-10-2021 01:52:38.0400 AM
[ReportManager] Browser Action [NavigateToURL] successfully performed. With the following test data [https://duckduckgo.com]. @02-10-2021 01:52:38.0913 A

################################################################################################################################################
Starting Execution:	[62 out of 144] test cases in the current suite
Test Method:		[unitTests.tests_browserActions.navigateBack]
################################################################################################################################################
[ReportManager] Target URL: [https://www.google.com/ncr], and after redirection: [https://www.google.com] @02-10-2021 01:52:38.0919 AM
[ReportManager] Initial URL: [https://duckduckgo.com] @02-10-2021 01:52:38.0978 AM
[ReportManager] Browser Action [NavigateToURL] successfully performed. With the following test data [https://www.google.com/ncr]. @02-10-2021 01:52:39.0933 AM
[ReportManager] Browser Action [NavigateBack] successfully performed. With the following test data [https://duckduckgo.com/]. @02-10-2021 01:52:40.0325 AM
[ReportManager] Browser Action [GetCurrentURL] successfully performed. With the following test data [https://duckduckgo.com/]. @02-10-2021 01:52:40.0357 AM
[ReportManager] Assertion Passed: Confirming that navigating back was successful @02-10-2021 01:52:40.0506 AM
[ReportManager] Successfully created attachment [Screenshot - 1633139560442_navigateBack_ValidateBrowserAttribute_passed] @02-10-2021 01:52:40.0507 AM
[ReportManager] Assertion [ValidateBrowserAttribute] PASSED. Expected [Value Should be 'https://duckduckgo.com' for the 'CurrentUrl' attribute] and Actual [https://duckduckgo.com/]. Comparison Type [CONTAINS]. Validation Type [POSITIVE]. @02-10-2021 01:52:40.0507 A
[ReportManager] Target URL: [https://duckduckgo.com] @02-10-2021 01:52:40.0513 AM
[ReportManager] Initial URL: [https://duckduckgo.com] @02-10-2021 01:52:40.0588 AM
[ReportManager] Browser Action [NavigateToURL] successfully performed. With the following test data [https://duckduckgo.com]. @02-10-2021 01:52:40.0897 AM
[ReportManager] Browser Action [CloseCurrentWindow] successfully performed. @02-10-2021 01:52:40.0999 AM
[ReportManager] Successfully created attachment [Browser Action Test Data - CloseCurrentWindow - Actual Value] @02-10-2021 01:52:40.0999 A
[ReportManager] File Action [GetAbsolutePath] successfully performed. With the following test data [Relative Folder Path: "target/downloadedFiles/"]. @02-10-2021 01:52:41.0002 AM
[ReportManager] Attempting to run remotely on: [Linux-64], [GoogleChrome], [http://localhost:4444/wd/hub], Headless Execution. @02-10-2021 01:52:41.0002 AM
[ReportManager] Successfully Opened [GoogleChrome]. @02-10-2021 01:52:41.0207 AM
[ReportManager] Target URL: [https://duckduckgo.com] @02-10-2021 01:52:41.0224 AM
[ReportManager] Initial URL: [data:,] @02-10-2021 01:52:41.0267 AM
[ReportManager] Browser Action [NavigateToURL] successfully performed. With the following test data [https://duckduckgo.com]. @02-10-2021 01:52:41.0802 A

################################################################################################################################################
Starting Execution:	[63 out of 144] test cases in the current suite
Test Method:		[unitTests.tests_browserActions.navigateForward]
################################################################################################################################################
[ReportManager] Target URL: [https://www.google.com/ncr], and after redirection: [https://www.google.com] @02-10-2021 01:52:41.0807 AM
[ReportManager] Initial URL: [https://duckduckgo.com] @02-10-2021 01:52:41.0874 AM
[ReportManager] Browser Action [NavigateToURL] successfully performed. With the following test data [https://www.google.com/ncr]. @02-10-2021 01:52:42.0826 AM
[ReportManager] Browser Action [NavigateBack] successfully performed. With the following test data [https://duckduckgo.com/]. @02-10-2021 01:52:43.0200 AM
[ReportManager] Browser Action [NavigateForward] successfully performed. With the following test data [https://www.google.com/]. @02-10-2021 01:52:43.0718 A
[ReportManager] Target URL: [https://duckduckgo.com] @02-10-2021 01:52:43.0723 AM
[ReportManager] Initial URL: [https://www.google.com] @02-10-2021 01:52:43.0809 AM
[ReportManager] Browser Action [NavigateToURL] successfully performed. With the following test data [https://duckduckgo.com]. @02-10-2021 01:52:44.0292 AM
[ReportManager] Browser Action [CloseCurrentWindow] successfully performed. @02-10-2021 01:52:44.0390 AM
[ReportManager] Successfully created attachment [Browser Action Test Data - CloseCurrentWindow - Actual Value] @02-10-2021 01:52:44.0391 A
[ReportManager] File Action [GetAbsolutePath] successfully performed. With the following test data [Relative Folder Path: "target/downloadedFiles/"]. @02-10-2021 01:52:44.0394 AM
[ReportManager] Attempting to run remotely on: [Linux-64], [GoogleChrome], [http://localhost:4444/wd/hub], Headless Execution. @02-10-2021 01:52:44.0394 AM
[ReportManager] Successfully Opened [GoogleChrome]. @02-10-2021 01:52:44.0621 AM
[ReportManager] Target URL: [https://duckduckgo.com] @02-10-2021 01:52:44.0636 AM
[ReportManager] Initial URL: [data:,] @02-10-2021 01:52:44.0680 AM
[ReportManager] Browser Action [NavigateToURL] successfully performed. With the following test data [https://duckduckgo.com]. @02-10-2021 01:52:45.0213 A

################################################################################################################################################
Starting Execution:	[64 out of 144] test cases in the current suite
Test Method:		[unitTests.tests_browserActions.navigateToURL]
################################################################################################################################################
[ReportManager] Target URL: [https://duckduckgo.com] @02-10-2021 01:52:45.0222 AM
[ReportManager] Initial URL: [https://duckduckgo.com] @02-10-2021 01:52:45.0278 AM
[ReportManager] Browser Action [NavigateToURL] successfully performed. With the following test data [https://duckduckgo.com]. @02-10-2021 01:52:45.0610 A
[ReportManager] Target URL: [https://duckduckgo.com] @02-10-2021 01:52:45.0611 AM
[ReportManager] Initial URL: [https://duckduckgo.com] @02-10-2021 01:52:45.0672 AM
[ReportManager] Browser Action [NavigateToURL] successfully performed. With the following test data [https://duckduckgo.com]. @02-10-2021 01:52:45.0968 AM
[ReportManager] Browser Action [CloseCurrentWindow] successfully performed. @02-10-2021 01:52:46.0073 AM
[ReportManager] Successfully created attachment [Browser Action Test Data - CloseCurrentWindow - Actual Value] @02-10-2021 01:52:46.0074 A
[ReportManager] File Action [GetAbsolutePath] successfully performed. With the following test data [Relative Folder Path: "target/downloadedFiles/"]. @02-10-2021 01:52:46.0076 AM
[ReportManager] Attempting to run remotely on: [Linux-64], [GoogleChrome], [http://localhost:4444/wd/hub], Headless Execution. @02-10-2021 01:52:46.0077 AM
[ReportManager] Successfully Opened [GoogleChrome]. @02-10-2021 01:52:46.0315 AM
[ReportManager] Target URL: [https://duckduckgo.com] @02-10-2021 01:52:46.0326 AM
[ReportManager] Initial URL: [data:,] @02-10-2021 01:52:46.0374 AM
[ReportManager] Browser Action [NavigateToURL] successfully performed. With the following test data [https://duckduckgo.com]. @02-10-2021 01:52:46.0911 A

################################################################################################################################################
Starting Execution:	[65 out of 144] test cases in the current suite
Test Method:		[unitTests.tests_browserActions.navigateToURLWithRedirection]
################################################################################################################################################
[ReportManager] Target URL: [https://www.google.com/ncr], and after redirection: [https://www.google.com] @02-10-2021 01:52:46.0914 AM
[ReportManager] Initial URL: [https://duckduckgo.com] @02-10-2021 01:52:46.0971 AM
[ReportManager] Browser Action [NavigateToURL] successfully performed. With the following test data [https://www.google.com/ncr]. @02-10-2021 01:52:47.0879 A
[ReportManager] Target URL: [https://duckduckgo.com] @02-10-2021 01:52:47.0883 AM
[ReportManager] Initial URL: [https://www.google.com] @02-10-2021 01:52:47.0969 AM
[ReportManager] Browser Action [NavigateToURL] successfully performed. With the following test data [https://duckduckgo.com]. @02-10-2021 01:52:48.0471 AM
[ReportManager] Browser Action [CloseCurrentWindow] successfully performed. @02-10-2021 01:52:48.0583 AM
[ReportManager] Successfully created attachment [Browser Action Test Data - CloseCurrentWindow - Actual Value] @02-10-2021 01:52:48.0583 A
[ReportManager] File Action [GetAbsolutePath] successfully performed. With the following test data [Relative Folder Path: "target/downloadedFiles/"]. @02-10-2021 01:52:48.0586 AM
[ReportManager] Attempting to run remotely on: [Linux-64], [GoogleChrome], [http://localhost:4444/wd/hub], Headless Execution. @02-10-2021 01:52:48.0587 AM
[ReportManager] Successfully Opened [GoogleChrome]. @02-10-2021 01:52:48.0807 AM
[ReportManager] Target URL: [https://duckduckgo.com] @02-10-2021 01:52:48.0818 AM
[ReportManager] Initial URL: [data:,] @02-10-2021 01:52:48.0861 AM
[ReportManager] Browser Action [NavigateToURL] successfully performed. With the following test data [https://duckduckgo.com]. @02-10-2021 01:52:49.0389 A

################################################################################################################################################
Starting Execution:	[66 out of 144] test cases in the current suite
Test Method:		[unitTests.tests_browserActions.refreshCurrentPage]
################################################################################################################################################
[ReportManager] Browser Action [RefreshCurrentPage] successfully performed. @02-10-2021 01:52:49.0597 AM
[ReportManager] Successfully created attachment [Browser Action Test Data - RefreshCurrentPage - Actual Value] @02-10-2021 01:52:49.0598 A
[ReportManager] Target URL: [https://duckduckgo.com] @02-10-2021 01:52:49.0602 AM
[ReportManager] Initial URL: [https://duckduckgo.com] @02-10-2021 01:52:49.0679 AM
[ReportManager] Browser Action [NavigateToURL] successfully performed. With the following test data [https://duckduckgo.com]. @02-10-2021 01:52:49.0972 AM
[ReportManager] Browser Action [CloseCurrentWindow] successfully performed. @02-10-2021 01:52:50.0083 AM
[ReportManager] Successfully created attachment [Browser Action Test Data - CloseCurrentWindow - Actual Value] @02-10-2021 01:52:50.0083 A
[ReportManager] File Action [GetAbsolutePath] successfully performed. With the following test data [Relative Folder Path: "target/downloadedFiles/"]. @02-10-2021 01:52:50.0092 AM
[ReportManager] Attempting to run remotely on: [Linux-64], [GoogleChrome], [http://localhost:4444/wd/hub], Headless Execution. @02-10-2021 01:52:50.0092 AM
[ReportManager] Successfully Opened [GoogleChrome]. @02-10-2021 01:52:50.0302 AM
[ReportManager] Target URL: [https://duckduckgo.com] @02-10-2021 01:52:50.0317 AM
[ReportManager] Initial URL: [data:,] @02-10-2021 01:52:50.0363 AM
[ReportManager] Browser Action [NavigateToURL] successfully performed. With the following test data [https://duckduckgo.com]. @02-10-2021 01:52:50.0880 A

################################################################################################################################################
Starting Execution:	[67 out of 144] test cases in the current suite
Test Method:		[unitTests.tests_browserActions.setWindowSize]
################################################################################################################################################
[ReportManager] Initial window size: (800, 600) @02-10-2021 01:52:50.0895 AM
[ReportManager] Window size after SWD: (1280, 720) @02-10-2021 01:52:51.0122 AM
[ReportManager] Browser Action [SetWindowSize] successfully performed. With the following test data [New screen size is now: (1280, 720)]. @02-10-2021 01:52:51.0123 A
[ReportManager] Target URL: [https://duckduckgo.com] @02-10-2021 01:52:51.0127 AM
[ReportManager] Initial URL: [https://duckduckgo.com] @02-10-2021 01:52:51.0192 AM
[ReportManager] Browser Action [NavigateToURL] successfully performed. With the following test data [https://duckduckgo.com]. @02-10-2021 01:52:51.0522 AM
[ReportManager] Browser Action [CloseCurrentWindow] successfully performed. @02-10-2021 01:52:51.0631 AM
[ReportManager] Successfully created attachment [Browser Action Test Data - CloseCurrentWindow - Actual Value] @02-10-2021 01:52:51.0632 A
[ReportManager] Successfully loaded the following test data file [src/test/resources/TestDataFiles/testSuite01/TestData.xlsx]. @02-10-2021 01:52:52.0462 AM
[ReportManager] Successfully created attachment [Test Data - Excel] @02-10-2021 01:52:52.0463 A

################################################################################################################################################
Starting Execution:	[68 out of 144] test cases in the current suite
Test Method:		[unitTests.tests_io_excelFileManager.getCellData_rowName_expectedToPass]
################################################################################################################################################
[ReportManager] testRowData. @02-10-2021 01:52:52.0478 A
[ReportManager] Successfully loaded the following test data file [src/test/resources/TestDataFiles/testSuite01/TestData.xlsx]. @02-10-2021 01:52:52.0510 AM
[ReportManager] Successfully created attachment [Test Data - Excel] @02-10-2021 01:52:52.0510 AM
[ReportManager] File Action [GetAbsolutePath] successfully performed. With the following test data [Relative Folder Path: "target/downloadedFiles/"]. @02-10-2021 01:52:52.0510 AM
[ReportManager] Attempting to run remotely on: [Linux-64], [GoogleChrome], [http://localhost:4444/wd/hub], Headless Execution. @02-10-2021 01:52:52.0510 AM
[ReportManager] Successfully Opened [GoogleChrome]. @02-10-2021 01:52:52.0829 A

################################################################################################################################################
Starting Execution:	[69 out of 144] test cases in the current suite
Test Method:		[testPackage01.Test_google.navigateToURLandVerifyGoogleLogoIsDisplayed]
Test Description:	[TC001 - Navigate to URL and Verify Google Logo is Displayed]
################################################################################################################################################
[ReportManager] Target URL: [https://www.google.com/ncr], and after redirection: [https://www.google.com] @02-10-2021 01:52:52.0854 AM
[ReportManager] Initial URL: [data:,] @02-10-2021 01:52:52.0900 AM
[ReportManager] Browser Action [NavigateToURL] successfully performed. With the following test data [https://www.google.com/ncr]. @02-10-2021 01:52:53.0839 AM
[ReportManager] Loaded Shared OpenCV @02-10-2021 01:52:54.0058 AM
[ReportManager] Assertion [ValidateElementExists] PASSED. Expected [Element Should Exist, locator 'By.xpath: //*[@id='hplogo' or @alt='Google']'] and Actual [Element Exists]. Comparison Type [EQUALS]. Validation Type [POSITIVE]. @02-10-2021 01:52:54.0171 AM
[ReportManager] Successfully created attachment [Screenshot - 1633139574058_navigateToURLandVerifyGoogleLogoIsDisplayed_ValidateElementExists_passed] @02-10-2021 01:52:54.0172 A

################################################################################################################################################
Starting Execution:	[70 out of 144] test cases in the current suite
Test Method:		[testPackage01.Test_google.searchForQueryandAssertResultsNumDisplayed]
Test Description:	[TC002 - Search for Query and Assert that the number of results is displayed]
################################################################################################################################################
[ReportManager] Element Action [Type] successfully performed. With the following test data [SHAFT_Engine]. @02-10-2021 01:52:54.0562 AM
[ReportManager] Element Action [KeyPress] successfully performed. With the following test data [Enter]. @02-10-2021 01:52:56.0026 AM
[ReportManager] Element Action [GetText] successfully performed. With the following test data [About 926,000 results (0.70 seconds) ]. @02-10-2021 01:52:56.0113 AM
[ReportManager] Loaded Shared OpenCV @02-10-2021 01:52:56.0298 AM
[ReportManager] Assertion [ValidateElementAttribute] PASSED. Expected [Value Should not be '' for the 'Text' attribute, element locator 'By.id: appbar'] and Actual [About 926,000 results (0.70 seconds) ]. Comparison Type [EQUALS]. Validation Type [NEGATIVE]. @02-10-2021 01:52:56.0396 AM
[ReportManager] Successfully created attachment [Screenshot - 1633139576298_searchForQueryandAssertResultsNumDisplayed_ValidateElementAttribute_passed] @02-10-2021 01:52:56.0397 A

################################################################################################################################################
Starting Execution:	[71 out of 144] test cases in the current suite
Test Method:		[testPackage01.Test_google.clickNextThrice]
Test Description:	[TC003 - Clicks the next button to make sure that the framework can scroll element into view before clicking it]
################################################################################################################################################
[ReportManager] Element Action [Click] successfully performed. With the following test data [Next]. @02-10-2021 01:52:58.0068 A
[ReportManager] Browser Action [CloseCurrentWindow] successfully performed. @02-10-2021 01:52:58.0259 AM
[ReportManager] Successfully created attachment [Browser Action Test Data - CloseCurrentWindow - Actual Value] @02-10-2021 01:52:58.0262 A

################################################################################################################################################
Starting Execution:	[72 out of 144] test cases in the current suite
Test Method:		[testPackage01.Test_testData.f]
################################################################################################################################################
[ReportManager] Successfully loaded the following test data file [src/test/resources/TestDataFiles/testSuite01/TestData.xlsx]. @02-10-2021 01:52:58.0316 AM
[ReportManager] Successfully created attachment [Test Data - Excel] @02-10-2021 01:52:58.0317 AM
[ReportManager] Last Column Number is: [3]. Zero-based. @02-10-2021 01:52:58.0317 A

################################################################################################################################################
Starting Execution:	[73 out of 144] test cases in the current suite
Test Method:		[testPackage01.Test_PDF.testPDF_Downloaded]
################################################################################################################################################
[ReportManager] File Action [DoesFileExist] successfully performed. With the following test data [File Path: "src/test/resources/TestDataFiles/sample.pdf"]. @02-10-2021 01:52:58.0323 AM
[ReportManager] File Action [GetAbsolutePath] successfully performed. With the following test data [Relative File Path: "src/test/resources/TestDataFiles/sample.pdf"]. @02-10-2021 01:52:58.0324 AM
[ReportManager] Assertion [ValidateTrue] PASSED. Expected [TRUE] and Actual [TRUE]. Validation Type [POSITIVE]. @02-10-2021 01:52:58.0821 A

################################################################################################################################################
Starting Execution:	[74 out of 144] test cases in the current suite
Test Method:		[testPackage01.Test_JSONFileManager.readStringFromJson]
################################################################################################################################################
[ReportManager] Successfully loaded the following test data file [src/test/resources/TestDataFiles/simpleJSON.json]. @02-10-2021 01:52:58.0827 AM
[ReportManager] Successfully created attachment [Test Data - JSON] @02-10-2021 01:52:58.0827 AM
[ReportManager] Assertion [ValidateEquals] PASSED. Expected [Mohab Mohie] and Actual [Mohab Mohie]. Comparison Type [EQUALS]. Validation Type [POSITIVE]. @02-10-2021 01:52:58.0841 A
[ReportManager] File Action [GetAbsolutePath] successfully performed. With the following test data [Relative Folder Path: "target/downloadedFiles/"]. @02-10-2021 01:52:58.0843 AM
[ReportManager] Attempting to run remotely on: [Linux-64], [GoogleChrome], [http://localhost:4444/wd/hub], Headless Execution. @02-10-2021 01:52:58.0844 AM
[ReportManager] Successfully Opened [GoogleChrome]. @02-10-2021 01:52:59.0089 A

################################################################################################################################################
Starting Execution:	[75 out of 144] test cases in the current suite
Test Method:		[testPackage01.Test_dragAndDrop.dragAndDropJquery]
################################################################################################################################################
[ReportManager] Target URL: [https://jqueryui.com/resources/demos/droppable/default.html] @02-10-2021 01:52:59.0102 AM
[ReportManager] Initial URL: [data:,] @02-10-2021 01:52:59.0170 AM
[ReportManager] Browser Action [NavigateToURL] successfully performed. With the following test data [https://jqueryui.com/resources/demos/droppable/default.html]. @02-10-2021 01:52:59.0502 AM
[ReportManager] Element Action [GetText] successfully performed. With the following test data [Drop here]. @02-10-2021 01:52:59.0582 AM
[ReportManager] Element Action [DragAndDrop] successfully performed. With the following test data [Start point: (8, 18), End point: (8, 18)]. @02-10-2021 01:53:00.0959 AM
[ReportManager] Element Action [GetText] successfully performed. With the following test data [Dropped!]. @02-10-2021 01:53:01.0053 AM
[ReportManager] Assertion Passed: Checking to see if the text has changed after performing drag and drop @02-10-2021 01:53:01.0054 AM
[ReportManager] Assertion [ValidateEquals] PASSED. Expected [Drop here] and Actual [Dropped!]. Comparison Type [EQUALS]. Validation Type [NEGATIVE]. @02-10-2021 01:53:01.0054 A
[ReportManager] Browser Action [CloseCurrentWindow] successfully performed. @02-10-2021 01:53:01.0163 AM
[ReportManager] Successfully created attachment [Browser Action Test Data - CloseCurrentWindow - Actual Value] @02-10-2021 01:53:01.0163 A
[ReportManager] File Action [GetAbsolutePath] successfully performed. With the following test data [Relative Folder Path: "target/downloadedFiles/"]. @02-10-2021 01:53:01.0165 AM
[ReportManager] Attempting to run remotely on: [Linux-64], [GoogleChrome], [http://localhost:4444/wd/hub], Headless Execution. @02-10-2021 01:53:01.0166 AM
[ReportManager] Successfully Opened [GoogleChrome]. @02-10-2021 01:53:01.0381 A

################################################################################################################################################
Starting Execution:	[76 out of 144] test cases in the current suite
Test Method:		[testPackage01.Test_dragAndDrop.dragAndDrop]
Test Description:	[TC001 - Test Drag and Drop function.]
################################################################################################################################################
[ReportManager] Target URL: [http://the-internet.herokuapp.com/drag_and_drop] @02-10-2021 01:53:01.0394 AM
[ReportManager] Initial URL: [data:,] @02-10-2021 01:53:01.0450 AM
[ReportManager] Browser Action [NavigateToURL] successfully performed. With the following test data [http://the-internet.herokuapp.com/drag_and_drop]. @02-10-2021 01:53:01.0829 AM
[ReportManager] Attempting Drag and Drop @02-10-2021 01:53:01.0829 AM
[ReportManager] Element Action [DragAndDrop] successfully performed. With the following test data [Start point: (32, 90), End point: (247, 90)]. @02-10-2021 01:53:03.0030 A
[ReportManager] Browser Action [CloseCurrentWindow] successfully performed. @02-10-2021 01:53:03.0147 AM
[ReportManager] Successfully created attachment [Browser Action Test Data - CloseCurrentWindow - Actual Value] @02-10-2021 01:53:03.0148 A
[ReportManager] File Action [GetAbsolutePath] successfully performed. With the following test data [Relative Folder Path: "target/downloadedFiles/"]. @02-10-2021 01:53:03.0150 AM
[ReportManager] Attempting to run remotely on: [Linux-64], [GoogleChrome], [http://localhost:4444/wd/hub], Headless Execution. @02-10-2021 01:53:03.0150 AM
[ReportManager] Successfully Opened [GoogleChrome]. @02-10-2021 01:53:03.0356 A

################################################################################################################################################
Starting Execution:	[77 out of 144] test cases in the current suite
Test Method:		[testPackage01.Test_dragAndDrop.dragAndDropByOffset]
Test Description:	[TC002 - Test Drag and Drop by offset function.]
################################################################################################################################################
[ReportManager] Target URL: [https://jqueryui.com/resources/demos/draggable/default.html] @02-10-2021 01:53:03.0376 AM
[ReportManager] Initial URL: [data:,] @02-10-2021 01:53:03.0418 AM
[ReportManager] Browser Action [NavigateToURL] successfully performed. With the following test data [https://jqueryui.com/resources/demos/draggable/default.html]. @02-10-2021 01:53:03.0726 AM
[ReportManager] Element Action [DragAndDropByOffset] successfully performed. With the following test data [Start point: (8, 8), End point: (108, 58)]. @02-10-2021 01:53:03.0886 A
[ReportManager] Browser Action [CloseCurrentWindow] successfully performed. @02-10-2021 01:53:03.0978 AM
[ReportManager] Successfully created attachment [Browser Action Test Data - CloseCurrentWindow - Actual Value] @02-10-2021 01:53:03.0978 A
[ReportManager] File Action [GetAbsolutePath] successfully performed. With the following test data [Relative Folder Path: "target/downloadedFiles/"]. @02-10-2021 01:53:03.0980 AM
[ReportManager] Attempting to run remotely on: [Linux-64], [GoogleChrome], [http://localhost:4444/wd/hub], Headless Execution. @02-10-2021 01:53:03.0982 AM
[ReportManager] Successfully Opened [GoogleChrome]. @02-10-2021 01:53:04.0187 A

################################################################################################################################################
Starting Execution:	[78 out of 144] test cases in the current suite
Test Method:		[testPackage01.Test_verifyEquals.test_assertElementAttribute]
################################################################################################################################################
[ReportManager] Target URL: [https://www.google.com/ncr], and after redirection: [https://www.google.com] @02-10-2021 01:53:04.0203 AM
[ReportManager] Initial URL: [data:,] @02-10-2021 01:53:04.0244 AM
[ReportManager] Browser Action [NavigateToURL] successfully performed. With the following test data [https://www.google.com/ncr]. @02-10-2021 01:53:05.0191 AM
[ReportManager] Element Action [Type] successfully performed. With the following test data [INC_004010050:Another SCHEDULER with the same name [Duplicate Job Name] already exists.]. @02-10-2021 01:53:05.0866 AM
[ReportManager] Element Action [GetText] successfully performed. With the following test data [INC_004010050:Another SCHEDULER with the same name [Duplicate Job Name] already exists.]. @02-10-2021 01:53:05.0965 AM
[ReportManager] Loaded Shared OpenCV @02-10-2021 01:53:06.0126 AM
[ReportManager] Verification [ValidateElementAttribute] PASSED. Expected [Value Should be 'INC_004010050:Another SCHEDULER with the same name \[Duplicate Job Name\] already exists.' for the 'text' attribute, element locator 'By.name: q'] and Actual [INC_004010050:Another SCHEDULER with the same name [Duplicate Job Name] already exists.]. Comparison Type [MATCHES]. Validation Type [POSITIVE]. @02-10-2021 01:53:06.0248 AM
[ReportManager] Successfully created attachment [Screenshot - 1633139586126_test_assertElementAttribute_ValidateElementAttribute_passed] @02-10-2021 01:53:06.0250 A
[ReportManager] Browser Action [CloseCurrentWindow] successfully performed. @02-10-2021 01:53:06.0385 AM
[ReportManager] Successfully created attachment [Browser Action Test Data - CloseCurrentWindow - Actual Value] @02-10-2021 01:53:06.0386 A
[ReportManager] Successfully loaded the following test data file [src/test/resources/TestDataFiles/testSuite01/TestData.xlsx]. @02-10-2021 01:53:06.0447 AM
[ReportManager] Successfully created attachment [Test Data - Excel] @02-10-2021 01:53:06.0448 AM
[ReportManager] Attempting to run using Playwright locally on: [Linux-64], [GoogleChrome], Headless Execution. @02-10-2021 01:53:21.0304 AM
[ReportManager] File Action [GetAbsolutePath] successfully performed. With the following test data [Relative Folder Path: "target/downloadedFiles/"]. @02-10-2021 01:53:21.0305 AM
[ReportManager] Initial window size: (1280, 720) @02-10-2021 01:53:21.0664 AM
[ReportManager] Window size after Toolkit: com.microsoft.playwright.options.ViewportSize@144bb0a5 @02-10-2021 01:53:21.0678 AM
[ReportManager] Browser Action [MaximizeWindow] successfully performed. With the following test data [New screen size is now: (1920, 1080)]. @02-10-2021 01:53:21.0682 A

################################################################################################################################################
Starting Execution:	[79 out of 144] test cases in the current suite
Test Method:		[testPackage01.Test_google_playwright.navigateToURLandVerifyGoogleLogoIsDisplayed]
Test Description:	[TC001 - Navigate to URL and Verify Google Logo is Displayed]
################################################################################################################################################
[ReportManager] Target URL: [https://www.google.com/ncr], and after redirection: [https://www.google.com] @02-10-2021 01:53:21.0687 AM
[ReportManager] Initial URL: [about:blank] @02-10-2021 01:53:22.0144 AM
[ReportManager] Browser Action [NavigateToURL] successfully performed. With the following test data [https://www.google.com/ncr]. @02-10-2021 01:53:23.0379 AM
[ReportManager] Loaded Shared OpenCV @02-10-2021 01:53:23.0637 AM
[ReportManager] Assertion [ValidateElementExists] PASSED. Expected [Element Should Exist, locator 'xpath=//*[@id='hplogo' or @alt='Google']'] and Actual [Element Exists]. Comparison Type [EQUALS]. Validation Type [POSITIVE]. @02-10-2021 01:53:23.0905 AM
[ReportManager] Successfully created attachment [Screenshot - 1633139603634_navigateToURLandVerifyGoogleLogoIsDisplayed_ValidateElementExists_passed] @02-10-2021 01:53:23.0906 A

################################################################################################################################################
Starting Execution:	[80 out of 144] test cases in the current suite
Test Method:		[testPackage01.Test_google_playwright.searchForQueryandAssertResultsNumDisplayed]
Test Description:	[TC002 - Search for Query and Assert that the number of results is displayed]
################################################################################################################################################
[ReportManager] Element Action [Type] successfully performed. With the following test data [SHAFT_Engine]. @02-10-2021 01:53:24.0229 AM
[ReportManager] Element Action [KeyPress] successfully performed. With the following test data [Enter]. @02-10-2021 01:53:24.0272 AM
[ReportManager] Element Action [GetText] successfully performed. With the following test data [About 926,000 results (0.95 seconds)]. @02-10-2021 01:53:25.0489 AM
[ReportManager] Loaded Shared OpenCV @02-10-2021 01:53:26.0819 AM
[ReportManager] Assertion [ValidateElementAttribute] PASSED. Expected [Value Should not be '' for the 'text' attribute, element locator 'xpath=//div[@id='appbar']'] and Actual [About 926,000 results (0.95 seconds)]. Comparison Type [EQUALS]. Validation Type [NEGATIVE]. @02-10-2021 01:53:27.0115 AM
[ReportManager] Successfully created attachment [Screenshot - 1633139606817_searchForQueryandAssertResultsNumDisplayed_ValidateElementAttribute_passed] @02-10-2021 01:53:27.0118 A

################################################################################################################################################
Starting Execution:	[81 out of 144] test cases in the current suite
Test Method:		[testPackage01.Test_google_playwright.clickNextThrice]
Test Description:	[TC003 - Clicks the next button to make sure that the framework can scroll element into view before clicking it]
################################################################################################################################################
[ReportManager] Element Action [Click] successfully performed. With the following test data [Next]. @02-10-2021 01:53:27.0389 A
[ReportManager] Failed to find video recording. @02-10-2021 01:53:27.0391 AM
[ReportManager] Successfully Closed PlayWright Driver. @02-10-2021 01:53:27.0456 A

################################################################################################################################################
Starting Execution:	[82 out of 144] test cases in the current suite
Test Method:		[testPackage01.Test_JsonActions.f]
###############################################################################################################################################

################################################################################################################################################
Starting Execution:	[83 out of 144] test cases in the current suite
Test Method:		[testPackage01.Test_JsonActions.f2]
###############################################################################################################################################

################################################################################################################################################
Starting Execution:	[84 out of 144] test cases in the current suite
Test Method:		[testPackage01.Test_AssertApiResponseEquals.assertApiResponseEquals_expectedToPass]
################################################################################################################################################
[ReportManager] Response status code: [200], status line: [HTTP/1.1 200 OK] @02-10-2021 01:53:27.0536 AM
[ReportManager] Assertion Passed: Evaluating the actual response status code against the expected one... @02-10-2021 01:53:27.0537 AM
[ReportManager] Assertion [ValidateEquals] PASSED. Expected [200] and Actual [200]. Comparison Type [EQUALS]. Validation Type [POSITIVE]. @02-10-2021 01:53:27.0537 AM
[ReportManager] API Action [PerformRequest] successfully performed. With the following test data [Request Type: "GET" | Target Status Code: "200" | Service URL: "https://jsonplaceholder.typicode.com/users" | Content Type: "*/*" | Response Time: "55ms"]. @02-10-2021 01:53:27.0557 AM
[ReportManager] Successfully created attachment [API Request - Specifications] @02-10-2021 01:53:27.0557 AM
[ReportManager] Successfully created attachment [API Response - JSON Body] @02-10-2021 01:53:27.0557 AM
[ReportManager] API Action [GetResponseJSONValueAsList] successfully performed. With the following test data [$]. @02-10-2021 01:53:27.0561 AM
[ReportManager] API Action [GetResponseJSONValue] successfully performed. With the following test data [name]. @02-10-2021 01:53:27.0573 AM
[ReportManager] API Action [GetResponseJSONValue] successfully performed. With the following test data [email]. @02-10-2021 01:53:27.0585 AM
[ReportManager] Verification [ValidateEquals] PASSED. Expected [Sincere@april.biz] and Actual [Sincere@april.biz]. Comparison Type [EQUALS]. Validation Type [POSITIVE]. @02-10-2021 01:53:27.0585 AM
[ReportManager] API Action [GetResponseJSONValue] successfully performed. With the following test data [username]. @02-10-2021 01:53:27.0594 AM
[ReportManager] Assertion [ValidateEquals] PASSED. Expected [Bret] and Actual [Bret]. Comparison Type [EQUALS]. Validation Type [POSITIVE]. @02-10-2021 01:53:27.0594 AM
[ReportManager] API Action [GetResponseJSONValue] successfully performed. With the following test data [name]. @02-10-2021 01:53:27.0608 AM
[ReportManager] API Action [GetResponseJSONValue] successfully performed. With the following test data [name]. @02-10-2021 01:53:27.0617 AM
[ReportManager] API Action [GetResponseJSONValue] successfully performed. With the following test data [name]. @02-10-2021 01:53:27.0625 AM
[ReportManager] API Action [GetResponseJSONValue] successfully performed. With the following test data [name]. @02-10-2021 01:53:27.0633 AM
[ReportManager] API Action [GetResponseJSONValue] successfully performed. With the following test data [name]. @02-10-2021 01:53:27.0641 AM
[ReportManager] API Action [GetResponseJSONValue] successfully performed. With the following test data [name]. @02-10-2021 01:53:27.0654 AM
[ReportManager] API Action [GetResponseJSONValue] successfully performed. With the following test data [name]. @02-10-2021 01:53:27.0662 AM
[ReportManager] API Action [GetResponseJSONValue] successfully performed. With the following test data [name]. @02-10-2021 01:53:27.0679 AM
[ReportManager] API Action [GetResponseJSONValue] successfully performed. With the following test data [name]. @02-10-2021 01:53:27.0731 A
[ReportManager] File Action [GetAbsolutePath] successfully performed. With the following test data [Relative Folder Path: "target/downloadedFiles/"]. @02-10-2021 01:53:27.0743 AM
[ReportManager] Attempting to run remotely on: [Linux-64], [GoogleChrome], [http://localhost:4444/wd/hub], Headless Execution. @02-10-2021 01:53:27.0745 AM
[ReportManager] Successfully Opened [GoogleChrome]. @02-10-2021 01:53:27.0983 A

################################################################################################################################################
Starting Execution:	[85 out of 144] test cases in the current suite
Test Method:		[testPackage01.Test_ShadowDOM.shadowdom]
################################################################################################################################################
[ReportManager] Target URL: [https://mdn.github.io/web-components-examples/popup-info-box-web-component/] @02-10-2021 01:53:27.0997 AM
[ReportManager] Initial URL: [data:,] @02-10-2021 01:53:28.0038 AM
[ReportManager] Browser Action [NavigateToURL] successfully performed. With the following test data [https://mdn.github.io/web-components-examples/popup-info-box-web-component/]. @02-10-2021 01:53:28.0266 AM
[ReportManager] Element Action [Type] successfully performed. With the following test data [Typing into SHADOW DOM...]. @02-10-2021 01:53:28.0551 AM
[ReportManager] Element Action [GetText] successfully performed. With the following test data [Typing into SHADOW DOM...]. @02-10-2021 01:53:28.0665 AM
[ReportManager] Loaded Shared OpenCV @02-10-2021 01:53:28.0790 AM
[ReportManager] Assertion [ValidateElementAttribute] PASSED. Expected [Value Should be 'Typing into SHADOW DOM...' for the 'Text' attribute, element locator 'By.id: cvc'] and Actual [Typing into SHADOW DOM...]. Comparison Type [EQUALS]. Validation Type [POSITIVE]. @02-10-2021 01:53:28.0887 AM
[ReportManager] Successfully created attachment [Screenshot - 1633139608790_shadowdom_ValidateElementAttribute_passed] @02-10-2021 01:53:28.0888 A
[ReportManager] Browser Action [CloseCurrentWindow] successfully performed. @02-10-2021 01:53:28.0979 AM
[ReportManager] Successfully created attachment [Browser Action Test Data - CloseCurrentWindow - Actual Value] @02-10-2021 01:53:28.0980 A

################################################################################################################################################
Starting Execution:	[86 out of 144] test cases in the current suite
Test Method:		[testPackage01.Test_SelectedValue.multipleSelect]
################################################################################################################################################
[ReportManager] File Action [GetAbsolutePath] successfully performed. With the following test data [Relative Folder Path: "target/downloadedFiles/"]. @02-10-2021 01:53:28.0984 AM
[ReportManager] Attempting to run remotely on: [Linux-64], [GoogleChrome], [http://localhost:4444/wd/hub], Headless Execution. @02-10-2021 01:53:28.0984 AM
[ReportManager] Successfully Opened [GoogleChrome]. @02-10-2021 01:53:29.0181 AM
[ReportManager] Target URL: [https://yari-demos.prod.mdn.mozit.cloud/en-US/docs/Web/HTML/Element/select/_sample_.Advanced_select_with_multiple_features.html] @02-10-2021 01:53:29.0199 AM
[ReportManager] Initial URL: [data:,] @02-10-2021 01:53:29.0241 AM
[ReportManager] Browser Action [NavigateToURL] successfully performed. With the following test data [https://yari-demos.prod.mdn.mozit.cloud/en-US/docs/Web/HTML/Element/select/_sample_.Advanced_select_with_multiple_features.html]. @02-10-2021 01:53:29.0587 AM
[ReportManager] Element Action [Select] successfully performed. With the following test data [Dog]. @02-10-2021 01:53:29.0825 AM
[ReportManager] Element Action [Select] successfully performed. With the following test data [Cat]. @02-10-2021 01:53:30.0043 AM
[ReportManager] Element Action [GetSelectedText] successfully performed. With the following test data [DogCat]. @02-10-2021 01:53:30.0198 AM
[ReportManager] DogCat @02-10-2021 01:53:30.0198 AM
[ReportManager] Element Action [GetSelectedText] successfully performed. With the following test data [DogCat]. @02-10-2021 01:53:30.0332 AM
[ReportManager] Loaded Shared OpenCV @02-10-2021 01:53:30.0451 AM
[ReportManager] Assertion [ValidateElementAttribute] PASSED. Expected [Value Should be 'DogCat' for the 'selectedText' attribute, element locator 'By.tagName: select'] and Actual [DogCat]. Comparison Type [EQUALS]. Validation Type [POSITIVE]. @02-10-2021 01:53:30.0522 AM
[ReportManager] Successfully created attachment [Screenshot - 1633139610451_multipleSelect_ValidateElementAttribute_passed] @02-10-2021 01:53:30.0522 AM
[ReportManager] Browser Action [CloseCurrentWindow] successfully performed. @02-10-2021 01:53:30.0612 AM
[ReportManager] Successfully created attachment [Browser Action Test Data - CloseCurrentWindow - Actual Value] @02-10-2021 01:53:30.0612 A

################################################################################################################################################
Starting Execution:	[87 out of 144] test cases in the current suite
Test Method:		[testPackage01.Test_SelectedValue.simpleSelect]
################################################################################################################################################
[ReportManager] File Action [GetAbsolutePath] successfully performed. With the following test data [Relative Folder Path: "target/downloadedFiles/"]. @02-10-2021 01:53:30.0617 AM
[ReportManager] Attempting to run remotely on: [Linux-64], [GoogleChrome], [http://localhost:4444/wd/hub], Headless Execution. @02-10-2021 01:53:30.0618 AM
[ReportManager] Successfully Opened [GoogleChrome]. @02-10-2021 01:53:30.0849 AM
[ReportManager] Target URL: [https://yari-demos.prod.mdn.mozit.cloud/en-US/docs/Web/HTML/Element/select/_sample_.Basic_select.html] @02-10-2021 01:53:30.0864 AM
[ReportManager] Initial URL: [data:,] @02-10-2021 01:53:30.0926 AM
[ReportManager] Browser Action [NavigateToURL] successfully performed. With the following test data [https://yari-demos.prod.mdn.mozit.cloud/en-US/docs/Web/HTML/Element/select/_sample_.Basic_select.html]. @02-10-2021 01:53:31.0182 AM
[ReportManager] Element Action [Select] successfully performed. With the following test data [Third Value]. @02-10-2021 01:53:31.0483 AM
[ReportManager] Element Action [GetSelectedText] successfully performed. With the following test data [Third Value]. @02-10-2021 01:53:31.0604 AM
[ReportManager] Third Value @02-10-2021 01:53:31.0604 AM
[ReportManager] Element Action [GetSelectedText] successfully performed. With the following test data [Third Value]. @02-10-2021 01:53:31.0698 AM
[ReportManager] Loaded Shared OpenCV @02-10-2021 01:53:31.0817 AM
[ReportManager] Assertion [ValidateElementAttribute] PASSED. Expected [Value Should be 'Third Value' for the 'selectedText' attribute, element locator 'By.tagName: select'] and Actual [Third Value]. Comparison Type [EQUALS]. Validation Type [POSITIVE]. @02-10-2021 01:53:31.0900 AM
[ReportManager] Successfully created attachment [Screenshot - 1633139611817_simpleSelect_ValidateElementAttribute_passed] @02-10-2021 01:53:31.0901 AM
[ReportManager] Browser Action [CloseCurrentWindow] successfully performed. @02-10-2021 01:53:31.0991 AM
[ReportManager] Successfully created attachment [Browser Action Test Data - CloseCurrentWindow - Actual Value] @02-10-2021 01:53:31.0991 A
[ReportManager] File Action [GetAbsolutePath] successfully performed. With the following test data [Relative Folder Path: "target/downloadedFiles/"]. @02-10-2021 01:53:32.0001 AM
[ReportManager] Attempting to run remotely on: [Linux-64], [GoogleChrome], [http://localhost:4444/wd/hub], Headless Execution. @02-10-2021 01:53:32.0001 AM
[ReportManager] Successfully Opened [GoogleChrome]. @02-10-2021 01:53:32.0200 A

################################################################################################################################################
Starting Execution:	[88 out of 144] test cases in the current suite
Test Method:		[testPackage01.Test_IsElementClickable.testIsElementClickable]
################################################################################################################################################
[ReportManager] Target URL: [https://the-internet.herokuapp.com/] @02-10-2021 01:53:32.0216 AM
[ReportManager] Initial URL: [data:,] @02-10-2021 01:53:32.0258 AM
[ReportManager] Browser Action [NavigateToURL] successfully performed. With the following test data [https://the-internet.herokuapp.com/]. @02-10-2021 01:53:32.0623 AM
[ReportManager] Element Action [IsElementClickable] successfully performed. @02-10-2021 01:53:32.0784 AM
[ReportManager] Assertion [ValidateTrue] PASSED. Expected [TRUE] and Actual [TRUE]. Validation Type [POSITIVE]. @02-10-2021 01:53:32.0784 A
[ReportManager] Browser Action [CloseCurrentWindow] successfully performed. @02-10-2021 01:53:32.0891 AM
[ReportManager] Successfully created attachment [Browser Action Test Data - CloseCurrentWindow - Actual Value] @02-10-2021 01:53:32.0891 A
[ReportManager] File Action [GetAbsolutePath] successfully performed. With the following test data [Relative Folder Path: "target/downloadedFiles/"]. @02-10-2021 01:53:32.0893 AM
[ReportManager] Attempting to run remotely on: [Linux-64], [GoogleChrome], [http://localhost:4444/wd/hub], Headless Execution. @02-10-2021 01:53:32.0893 AM
[ReportManager] Successfully Opened [GoogleChrome]. @02-10-2021 01:53:33.0096 A

################################################################################################################################################
Starting Execution:	[89 out of 144] test cases in the current suite
Test Method:		[testPackage01.Test_clipboardActions.typeTextAndCopyPaste]
################################################################################################################################################
[ReportManager] Target URL: [https://www.google.com/ncr], and after redirection: [https://www.google.com] @02-10-2021 01:53:33.0125 AM
[ReportManager] Initial URL: [data:,] @02-10-2021 01:53:33.0173 AM
[ReportManager] Browser Action [NavigateToURL] successfully performed. With the following test data [https://www.google.com/ncr]. @02-10-2021 01:53:34.0073 AM
[ReportManager] Element Action [Type] successfully performed. With the following test data [FIRST]. @02-10-2021 01:53:34.0484 AM
[ReportManager] Element Action [ClipboardActions] successfully performed. With the following test data [select all]. @02-10-2021 01:53:34.0539 AM
[ReportManager] Element Action [ClipboardActions] successfully performed. With the following test data [copy]. @02-10-2021 01:53:34.0591 AM
[ReportManager] Element Action [ClipboardActions] successfully performed. With the following test data [unselect]. @02-10-2021 01:53:34.0648 AM
[ReportManager] Element Action [ClipboardActions] successfully performed. With the following test data [paste]. @02-10-2021 01:53:34.0707 AM
[ReportManager] Element Action [ClipboardActions] successfully performed. With the following test data [select all]. @02-10-2021 01:53:34.0757 AM
[ReportManager] Element Action [Type] successfully performed. @02-10-2021 01:53:34.0973 AM
[ReportManager] Element Action [ClipboardActions] successfully performed. With the following test data [cut]. @02-10-2021 01:53:34.0973 AM
[ReportManager] Element Action [ClipboardActions] successfully performed. With the following test data [paste]. @02-10-2021 01:53:35.0036 AM
[ReportManager] Element Action [ClipboardActions] successfully performed. With the following test data [paste]. @02-10-2021 01:53:35.0118 A
[ReportManager] Browser Action [CloseCurrentWindow] successfully performed. @02-10-2021 01:53:35.0283 AM
[ReportManager] Successfully created attachment [Browser Action Test Data - CloseCurrentWindow - Actual Value] @02-10-2021 01:53:35.0284 A
[ReportManager] File Action [GetAbsolutePath] successfully performed. With the following test data [Relative Folder Path: "target/downloadedFiles/"]. @02-10-2021 01:53:35.0286 AM
[ReportManager] Attempting to run remotely on: [Linux-64], [GoogleChrome], [http://localhost:4444/wd/hub], Headless Execution. @02-10-2021 01:53:35.0287 AM
[ReportManager] Successfully Opened [GoogleChrome]. @02-10-2021 01:53:35.0512 A

################################################################################################################################################
Starting Execution:	[90 out of 144] test cases in the current suite
Test Method:		[testPackage01.Test_dynamicLoading.dynamicLoading_elementIsHidden]
################################################################################################################################################
[ReportManager] Target URL: [https://the-internet.herokuapp.com/dynamic_loading/1] @02-10-2021 01:53:35.0529 AM
[ReportManager] Initial URL: [data:,] @02-10-2021 01:53:35.0571 AM
[ReportManager] Browser Action [NavigateToURL] successfully performed. With the following test data [https://the-internet.herokuapp.com/dynamic_loading/1]. @02-10-2021 01:53:35.0905 AM
[ReportManager] Element Action [Click] successfully performed. With the following test data [Start]. @02-10-2021 01:53:36.0215 AM
[ReportManager] Element Action [GetText] successfully performed. With the following test data [
    Hello World!
  ]. @02-10-2021 01:53:36.0316 AM
[ReportManager] Loaded Shared OpenCV @02-10-2021 01:53:36.0462 AM
[ReportManager] Assertion [ValidateElementAttribute] PASSED. Expected [Value Should be 'Hello World!' for the 'text' attribute, element locator 'By.id: finish'] and Actual [
    Hello World!
  ]. Comparison Type [CONTAINS]. Validation Type [POSITIVE]. @02-10-2021 01:53:36.0537 AM
[ReportManager] Successfully created attachment [Screenshot - 1633139616462_dynamicLoading_elementIsHidden_ValidateElementAttribute_passed] @02-10-2021 01:53:36.0537 A
[ReportManager] Browser Action [CloseCurrentWindow] successfully performed. @02-10-2021 01:53:36.0644 AM
[ReportManager] Successfully created attachment [Browser Action Test Data - CloseCurrentWindow - Actual Value] @02-10-2021 01:53:36.0644 A
[ReportManager] File Action [GetAbsolutePath] successfully performed. With the following test data [Relative Folder Path: "target/downloadedFiles/"]. @02-10-2021 01:53:36.0646 AM
[ReportManager] Attempting to run remotely on: [Linux-64], [GoogleChrome], [http://localhost:4444/wd/hub], Headless Execution. @02-10-2021 01:53:36.0646 AM
[ReportManager] Successfully Opened [GoogleChrome]. @02-10-2021 01:53:36.0855 A

################################################################################################################################################
Starting Execution:	[91 out of 144] test cases in the current suite
Test Method:		[testPackage01.Test_dynamicLoading.dynamicLoading_elementIsRendered]
################################################################################################################################################
[ReportManager] Target URL: [https://the-internet.herokuapp.com/dynamic_loading/2] @02-10-2021 01:53:36.0883 AM
[ReportManager] Initial URL: [data:,] @02-10-2021 01:53:36.0924 AM
[ReportManager] Browser Action [NavigateToURL] successfully performed. With the following test data [https://the-internet.herokuapp.com/dynamic_loading/2]. @02-10-2021 01:53:37.0278 AM
[ReportManager] Element Action [Click] successfully performed. With the following test data [Start]. @02-10-2021 01:53:37.0607 AM
[ReportManager] Element Action [GetText] successfully performed. With the following test data [Hello World!]. @02-10-2021 01:53:42.0778 AM
[ReportManager] Loaded Shared OpenCV @02-10-2021 01:53:42.0928 AM
[ReportManager] Assertion [ValidateElementAttribute] PASSED. Expected [Value Should be 'Hello World!' for the 'text' attribute, element locator 'By.id: finish'] and Actual [Hello World!]. Comparison Type [CONTAINS]. Validation Type [POSITIVE]. @02-10-2021 01:53:43.0011 AM
[ReportManager] Successfully created attachment [Screenshot - 1633139622928_dynamicLoading_elementIsRendered_ValidateElementAttribute_passed] @02-10-2021 01:53:43.0012 A
[ReportManager] Browser Action [CloseCurrentWindow] successfully performed. @02-10-2021 01:53:43.0115 AM
[ReportManager] Successfully created attachment [Browser Action Test Data - CloseCurrentWindow - Actual Value] @02-10-2021 01:53:43.0115 A

################################################################################################################################################
Starting Execution:	[92 out of 144] test cases in the current suite
Test Method:		[testPackage01.Test_JsonCompareWithSpecialCharacters.specialCharacters]
################################################################################################################################################
[ReportManager] File Action [GetAbsolutePath] successfully performed. With the following test data [Relative Folder Path: "src/test/resources/TestJsonFiles/specialCharacters.json"]. @02-10-2021 01:53:43.0120 AM
[ReportManager] File Action [ReadFromFile] successfully performed. With the following test data [File Path: "/home/runner/work/SHAFT_ENGINE/SHAFT_ENGINE/src/test/resources/TestJsonFiles/specialCharacters.json"]. @02-10-2021 01:53:43.0127 AM
[ReportManager] Successfully created attachment [File Action Actual Result - Command Log] @02-10-2021 01:53:43.0127 AM
[ReportManager] Comparing the provided API response with the file at this path "src/test/resources/TestJsonFiles/specialCharacters.json", comparison type "EQUALS" @02-10-2021 01:53:43.0128 AM
[ReportManager] API Action [CompareJSON] successfully performed. With the following test data [src/test/resources/TestJsonFiles/specialCharacters.json]. @02-10-2021 01:53:43.0136 AM
[ReportManager] File Action [GetAbsolutePath] successfully performed. With the following test data [Relative Folder Path: "src/test/resources/TestJsonFiles/specialCharacters.json"]. @02-10-2021 01:53:43.0136 AM
[ReportManager] File Action [ReadFromFile] successfully performed. With the following test data [File Path: "/home/runner/work/SHAFT_ENGINE/SHAFT_ENGINE/src/test/resources/TestJsonFiles/specialCharacters.json"]. @02-10-2021 01:53:43.0136 AM
[ReportManager] Verification [ValidateJSONFileContent] PASSED. Expected [Response data should match the JSON File in this path 'src/test/resources/TestJsonFiles/specialCharacters.json'] and Actual [TRUE]. Comparison Type [EQUALS]. Validation Type [POSITIVE]. @02-10-2021 01:53:43.0140 AM
[ReportManager] Successfully created attachment [Validation Test Data - Expected JSON Value] @02-10-2021 01:53:43.0140 AM
[ReportManager] Successfully created attachment [Validation Test Data - Actual JSON Value] @02-10-2021 01:53:43.0141 A

################################################################################################################################################
Starting Execution:	[93 out of 144] test cases in the current suite
Test Method:		[testPackage01.Test_JsonCompareWithSpecialCharacters.specialCharacters_assertion]
################################################################################################################################################
[ReportManager] File Action [GetAbsolutePath] successfully performed. With the following test data [Relative Folder Path: "src/test/resources/TestJsonFiles/specialCharacters.json"]. @02-10-2021 01:53:43.0144 AM
[ReportManager] File Action [ReadFromFile] successfully performed. With the following test data [File Path: "/home/runner/work/SHAFT_ENGINE/SHAFT_ENGINE/src/test/resources/TestJsonFiles/specialCharacters.json"]. @02-10-2021 01:53:43.0144 AM
[ReportManager] Successfully created attachment [File Action Actual Result - Command Log] @02-10-2021 01:53:43.0144 AM
[ReportManager] Comparing the provided API response with the file at this path "src/test/resources/TestJsonFiles/specialCharacters.json", comparison type "CONTAINS" @02-10-2021 01:53:43.0145 AM
[ReportManager] API Action [CompareJSON] successfully performed. With the following test data [src/test/resources/TestJsonFiles/specialCharacters.json]. @02-10-2021 01:53:43.0152 AM
[ReportManager] File Action [GetAbsolutePath] successfully performed. With the following test data [Relative Folder Path: "src/test/resources/TestJsonFiles/specialCharacters.json"]. @02-10-2021 01:53:43.0152 AM
[ReportManager] File Action [ReadFromFile] successfully performed. With the following test data [File Path: "/home/runner/work/SHAFT_ENGINE/SHAFT_ENGINE/src/test/resources/TestJsonFiles/specialCharacters.json"]. @02-10-2021 01:53:43.0154 AM
[ReportManager] Assertion Passed: trying out the log message @02-10-2021 01:53:43.0157 AM
[ReportManager] Successfully created attachment [Validation Test Data - Expected JSON Value] @02-10-2021 01:53:43.0158 AM
[ReportManager] Successfully created attachment [Validation Test Data - Actual JSON Value] @02-10-2021 01:53:43.0158 AM
[ReportManager] Assertion [ValidateJSONFileContent] PASSED. Expected [Response data should match the JSON File in this path 'src/test/resources/TestJsonFiles/specialCharacters.json'] and Actual [TRUE]. Comparison Type [CONTAINS]. Validation Type [POSITIVE]. @02-10-2021 01:53:43.0158 A
[ReportManager] File Action [GetAbsolutePath] successfully performed. With the following test data [Relative Folder Path: "target/downloadedFiles/"]. @02-10-2021 01:53:43.0165 AM
[ReportManager] Attempting to run remotely on: [Linux-64], [GoogleChrome], [http://localhost:4444/wd/hub], Headless Execution. @02-10-2021 01:53:43.0165 AM
[ReportManager] Successfully Opened [GoogleChrome]. @02-10-2021 01:53:43.0370 A

################################################################################################################################################
Starting Execution:	[94 out of 144] test cases in the current suite
Test Method:		[testPackage01.Test_uploadFile.uploadFile_invisibleUploadInput]
################################################################################################################################################
[ReportManager] Target URL: [https://fineuploader.com/demos.html#gallery-view] @02-10-2021 01:53:43.0383 AM
[ReportManager] Initial URL: [data:,] @02-10-2021 01:53:43.0426 AM
[ReportManager] Browser Action [NavigateToURL] successfully performed. With the following test data [https://fineuploader.com/demos.html#gallery-view]. @02-10-2021 01:53:44.0987 AM
[ReportManager] File Action [GetAbsolutePath] successfully performed. With the following test data [Relative File Path: "src/main/resources/images/shaft.png"]. @02-10-2021 01:53:44.0988 AM
[ReportManager] Successfully created attachment [File Action Actual Result - Command Log] @02-10-2021 01:53:44.0988 AM
[ReportManager] Element Action [TypeFileLocationForUpload] successfully performed. With the following test data [/home/runner/work/SHAFT_ENGINE/SHAFT_ENGINE/src/main/resources/images/shaft.png]. @02-10-2021 01:53:45.0178 AM
[ReportManager] Attempting to getAttribute [src] from elementLocator [By.xpath: //div[@id='fine-uploader-gallery']//div[@class='qq-thumbnail-wrapper']/img]. @02-10-2021 01:53:45.0178 AM
[ReportManager] Element Action [GetAttribute] successfully performed. @02-10-2021 01:53:45.0297 AM
[ReportManager] Successfully created attachment [Element Action Test Data - GetAttribute - Actual Value] @02-10-2021 01:53:45.0297 AM
[ReportManager] Loaded Shared OpenCV @02-10-2021 01:53:45.0439 AM
[ReportManager] Assertion [ValidateElementAttribute] PASSED. Expected and Actual values are attached. Comparison Type [CONTAINS]. Validation Type [POSITIVE]. @02-10-2021 01:53:45.0535 AM
[ReportManager] Successfully created attachment [Validation Test Data - Expected Value] @02-10-2021 01:53:45.0535 AM
[ReportManager] Successfully created attachment [Validation Test Data - Actual Value] @02-10-2021 01:53:45.0535 AM
[ReportManager] Successfully created attachment [Screenshot - 1633139625439_uploadFile_invisibleUploadInput_ValidateElementAttribute_passed] @02-10-2021 01:53:45.0536 A
[ReportManager] Browser Action [CloseCurrentWindow] successfully performed. @02-10-2021 01:53:45.0683 AM
[ReportManager] Successfully created attachment [Browser Action Test Data - CloseCurrentWindow - Actual Value] @02-10-2021 01:53:45.0684 A
[ReportManager] File Action [GetAbsolutePath] successfully performed. With the following test data [Relative Folder Path: "target/downloadedFiles/"]. @02-10-2021 01:53:45.0688 AM
[ReportManager] Attempting to run remotely on: [Linux-64], [GoogleChrome], [http://localhost:4444/wd/hub], Headless Execution. @02-10-2021 01:53:45.0689 AM
[ReportManager] Successfully Opened [GoogleChrome]. @02-10-2021 01:53:45.0883 A

################################################################################################################################################
Starting Execution:	[95 out of 144] test cases in the current suite
Test Method:		[testPackage01.Test_uploadFile.uploadFile_visibleUploadInput]
################################################################################################################################################
[ReportManager] Target URL: [http://demo.guru99.com/test/upload/] @02-10-2021 01:53:45.0900 AM
[ReportManager] Initial URL: [data:,] @02-10-2021 01:53:45.0946 AM
[ReportManager] Browser Action [NavigateToURL] successfully performed. With the following test data [http://demo.guru99.com/test/upload/]. @02-10-2021 01:53:47.0409 AM
[ReportManager] File Action [GetAbsolutePath] successfully performed. With the following test data [Relative File Path: "src/main/resources/images/shaft.png"]. @02-10-2021 01:53:47.0409 AM
[ReportManager] Successfully created attachment [File Action Actual Result - Command Log] @02-10-2021 01:53:47.0409 AM
[ReportManager] Element Action [TypeFileLocationForUpload] successfully performed. With the following test data [/home/runner/work/SHAFT_ENGINE/SHAFT_ENGINE/src/main/resources/images/shaft.png]. @02-10-2021 01:53:47.0569 AM
[ReportManager] Element Action [Click] successfully performed. With the following test data [on]. @02-10-2021 01:53:47.0899 AM
[ReportManager] Element Action [Click] successfully performed. With the following test data [Submit File]. @02-10-2021 01:53:48.0211 AM
[ReportManager] Element Action [GetText] successfully performed. With the following test data [1 file
has been successfully uploaded.]. @02-10-2021 01:53:48.0846 AM
[ReportManager] Loaded Shared OpenCV @02-10-2021 01:53:48.0979 AM
[ReportManager] Assertion [ValidateElementAttribute] PASSED. Expected [Value Should be '1 file' for the 'Text' attribute, element locator 'By.id: res'] and Actual [1 file
has been successfully uploaded.]. Comparison Type [CONTAINS]. Validation Type [POSITIVE]. @02-10-2021 01:53:49.0068 AM
[ReportManager] Successfully created attachment [Screenshot - 1633139628979_uploadFile_visibleUploadInput_ValidateElementAttribute_passed] @02-10-2021 01:53:49.0069 A
[ReportManager] Browser Action [CloseCurrentWindow] successfully performed. @02-10-2021 01:53:49.0175 AM
[ReportManager] Successfully created attachment [Browser Action Test Data - CloseCurrentWindow - Actual Value] @02-10-2021 01:53:49.0175 A
[ReportManager] File Action [GetAbsolutePath] successfully performed. With the following test data [Relative Folder Path: "target/downloadedFiles/"]. @02-10-2021 01:53:49.0177 AM
[ReportManager] Attempting to run remotely on: [Linux-64], [GoogleChrome], [http://localhost:4444/wd/hub], Headless Execution. @02-10-2021 01:53:49.0177 AM
[ReportManager] Successfully Opened [GoogleChrome]. @02-10-2021 01:53:49.0388 A

################################################################################################################################################
Starting Execution:	[96 out of 144] test cases in the current suite
Test Method:		[testPackage01.Test_assertEquals.test_assertElementAttribute]
################################################################################################################################################
[ReportManager] Target URL: [https://www.google.com/ncr], and after redirection: [https://www.google.com] @02-10-2021 01:53:49.0405 AM
[ReportManager] Initial URL: [data:,] @02-10-2021 01:53:49.0450 AM
[ReportManager] Browser Action [NavigateToURL] successfully performed. With the following test data [https://www.google.com/ncr]. @02-10-2021 01:53:50.0396 AM
[ReportManager] Element Action [Type] successfully performed. With the following test data [INC_004010050:Another SCHEDULER with the same name [Duplicate Job Name] already exists.]. @02-10-2021 01:53:51.0098 AM
[ReportManager] Element Action [GetText] successfully performed. With the following test data [INC_004010050:Another SCHEDULER with the same name [Duplicate Job Name] already exists.]. @02-10-2021 01:53:51.0189 AM
[ReportManager] Loaded Shared OpenCV @02-10-2021 01:53:51.0362 AM
[ReportManager] Assertion [ValidateElementAttribute] PASSED. Expected [Value Should be 'INC_004010050:Another SCHEDULER with the same name \[Duplicate Job Name\] already exists.' for the 'text' attribute, element locator 'By.name: q'] and Actual [INC_004010050:Another SCHEDULER with the same name [Duplicate Job Name] already exists.]. Comparison Type [MATCHES]. Validation Type [POSITIVE]. @02-10-2021 01:53:51.0458 AM
[ReportManager] Successfully created attachment [Screenshot - 1633139631362_test_assertElementAttribute_ValidateElementAttribute_passed] @02-10-2021 01:53:51.0459 A
[ReportManager] Browser Action [CloseCurrentWindow] successfully performed. @02-10-2021 01:53:51.0591 AM
[ReportManager] Successfully created attachment [Browser Action Test Data - CloseCurrentWindow - Actual Value] @02-10-2021 01:53:51.0592 A

################################################################################################################################################
Starting Execution:	[97 out of 144] test cases in the current suite
Test Method:		[testPackage01.Test_NewValidationHelper.f1]
################################################################################################################################################
[ReportManager] Assertion Passed: Checking valid user data @02-10-2021 01:53:51.0598 AM
[ReportManager] Successfully created attachment [Validation Test Data - Expected Value] @02-10-2021 01:53:51.0598 AM
[ReportManager] Successfully created attachment [Validation Test Data - Actual Value] @02-10-2021 01:53:51.0598 AM
[ReportManager] Assertion [ValidateEquals] PASSED. Expected and Actual values are attached. Comparison Type [EQUALS]. Validation Type [POSITIVE]. @02-10-2021 01:53:51.0599 A
[ReportManager] File Action [GetAbsolutePath] successfully performed. With the following test data [Relative Folder Path: "target/downloadedFiles/"]. @02-10-2021 01:53:51.0604 AM
[ReportManager] Attempting to run remotely on: [Linux-64], [GoogleChrome], [http://localhost:4444/wd/hub], Headless Execution. @02-10-2021 01:53:51.0605 AM
[ReportManager] Successfully Opened [GoogleChrome]. @02-10-2021 01:53:51.0828 AM
[ReportManager] Target URL: [https://the-internet.herokuapp.com/] @02-10-2021 01:53:51.0838 AM
[ReportManager] Initial URL: [data:,] @02-10-2021 01:53:51.0886 AM
[ReportManager] Browser Action [NavigateToURL] successfully performed. With the following test data [https://the-internet.herokuapp.com/]. @02-10-2021 01:53:52.0265 A

################################################################################################################################################
Starting Execution:	[98 out of 144] test cases in the current suite
Test Method:		[testPackage01.Test_NewValidationHelper.f10]
################################################################################################################################################
[ReportManager] Assertion [ValidateElementExists] FAILED. Expected [Element Should Exist, locator 'By.tagName: div'] and Actual [Element Exists but is not unique]. Comparison Type [EQUALS]. Validation Type [POSITIVE]. @02-10-2021 01:53:52.0537 AM
[ReportManager] Successfully created attachment [Screenshot - 1633139632457_f10_ValidateElementExists_failed] @02-10-2021 01:53:52.0538 A
[ReportManager] Successfully Closed All Drivers. @02-10-2021 01:53:52.0614 A
[ReportManager] File Action [GetAbsolutePath] successfully performed. With the following test data [Relative Folder Path: "target/downloadedFiles/"]. @02-10-2021 01:53:52.0616 AM
[ReportManager] Attempting to run remotely on: [Linux-64], [GoogleChrome], [http://localhost:4444/wd/hub], Headless Execution. @02-10-2021 01:53:52.0616 AM
[ReportManager] Successfully Opened [GoogleChrome]. @02-10-2021 01:53:52.0820 AM
[ReportManager] Target URL: [https://the-internet.herokuapp.com/] @02-10-2021 01:53:52.0837 AM
[ReportManager] Initial URL: [data:,] @02-10-2021 01:53:52.0877 AM
[ReportManager] Browser Action [NavigateToURL] successfully performed. With the following test data [https://the-internet.herokuapp.com/]. @02-10-2021 01:53:53.0230 A

################################################################################################################################################
Starting Execution:	[99 out of 144] test cases in the current suite
Test Method:		[testPackage01.Test_NewValidationHelper.f11]
################################################################################################################################################
[ReportManager] Assertion Passed: Checking that false tag doesn't exist @02-10-2021 01:54:03.0662 AM
[ReportManager] Successfully created attachment [Screenshot - 1633139643593_f11_ValidateElementExists_passed] @02-10-2021 01:54:03.0662 AM
[ReportManager] Assertion [ValidateElementExists] PASSED. Expected [Element Should not Exist, locator 'By.tagName: h3'] and Actual [Element Doesn't Exists]. Comparison Type [EQUALS]. Validation Type [NEGATIVE]. @02-10-2021 01:54:03.0662 A
[ReportManager] Successfully Closed All Drivers. @02-10-2021 01:54:03.0738 A
[ReportManager] File Action [GetAbsolutePath] successfully performed. With the following test data [Relative Folder Path: "target/downloadedFiles/"]. @02-10-2021 01:54:03.0740 AM
[ReportManager] Attempting to run remotely on: [Linux-64], [GoogleChrome], [http://localhost:4444/wd/hub], Headless Execution. @02-10-2021 01:54:03.0740 AM
[ReportManager] Successfully Opened [GoogleChrome]. @02-10-2021 01:54:03.0985 AM
[ReportManager] Target URL: [https://the-internet.herokuapp.com/] @02-10-2021 01:54:03.0996 AM
[ReportManager] Initial URL: [data:,] @02-10-2021 01:54:04.0039 AM
[ReportManager] Browser Action [NavigateToURL] successfully performed. With the following test data [https://the-internet.herokuapp.com/]. @02-10-2021 01:54:04.0388 A

################################################################################################################################################
Starting Execution:	[100 out of 144] test cases in the current suite
Test Method:		[testPackage01.Test_NewValidationHelper.f12]
################################################################################################################################################
[ReportManager] Loaded Shared OpenCV @02-10-2021 01:54:04.0607 AM
[ReportManager] Assertion [ValidateElementExists] FAILED. Expected [Element Should not Exist, locator 'By.tagName: h1'] and Actual [Element Exists]. Comparison Type [EQUALS]. Validation Type [NEGATIVE]. @02-10-2021 01:54:04.0714 AM
[ReportManager] Successfully created attachment [Screenshot - 1633139644607_f12_ValidateElementExists_failed] @02-10-2021 01:54:04.0715 A
[ReportManager] Successfully Closed All Drivers. @02-10-2021 01:54:04.0787 A
[ReportManager] File Action [GetAbsolutePath] successfully performed. With the following test data [Relative Folder Path: "target/downloadedFiles/"]. @02-10-2021 01:54:04.0789 AM
[ReportManager] Attempting to run remotely on: [Linux-64], [GoogleChrome], [http://localhost:4444/wd/hub], Headless Execution. @02-10-2021 01:54:04.0789 AM
[ReportManager] Successfully Opened [GoogleChrome]. @02-10-2021 01:54:04.0988 AM
[ReportManager] Target URL: [https://the-internet.herokuapp.com/] @02-10-2021 01:54:04.0999 AM
[ReportManager] Initial URL: [data:,] @02-10-2021 01:54:05.0050 AM
[ReportManager] Browser Action [NavigateToURL] successfully performed. With the following test data [https://the-internet.herokuapp.com/]. @02-10-2021 01:54:05.0400 A

################################################################################################################################################
Starting Execution:	[101 out of 144] test cases in the current suite
Test Method:		[testPackage01.Test_NewValidationHelper.f13]
################################################################################################################################################
[ReportManager] Assertion [ValidateElementExists] FAILED. Expected [Element Should not Exist, locator 'By.tagName: div'] and Actual [Element Exists but is not unique]. Comparison Type [EQUALS]. Validation Type [NEGATIVE]. @02-10-2021 01:54:05.0657 AM
[ReportManager] Successfully created attachment [Screenshot - 1633139645590_f13_ValidateElementExists_failed] @02-10-2021 01:54:05.0658 A
[ReportManager] Successfully Closed All Drivers. @02-10-2021 01:54:05.0732 A
[ReportManager] File Action [GetAbsolutePath] successfully performed. With the following test data [Relative Folder Path: "target/downloadedFiles/"]. @02-10-2021 01:54:05.0735 AM
[ReportManager] Attempting to run remotely on: [Linux-64], [GoogleChrome], [http://localhost:4444/wd/hub], Headless Execution. @02-10-2021 01:54:05.0735 AM
[ReportManager] Successfully Opened [GoogleChrome]. @02-10-2021 01:54:05.0943 AM
[ReportManager] Target URL: [https://the-internet.herokuapp.com/] @02-10-2021 01:54:05.0956 AM
[ReportManager] Initial URL: [data:,] @02-10-2021 01:54:05.0997 AM
[ReportManager] Browser Action [NavigateToURL] successfully performed. With the following test data [https://the-internet.herokuapp.com/]. @02-10-2021 01:54:06.0345 A

################################################################################################################################################
Starting Execution:	[102 out of 144] test cases in the current suite
Test Method:		[testPackage01.Test_NewValidationHelper.f14]
################################################################################################################################################
[ReportManager] Element Action [GetText] successfully performed. With the following test data [Welcome to the-internet]. @02-10-2021 01:54:06.0431 AM
[ReportManager] Loaded Shared OpenCV @02-10-2021 01:54:06.0575 AM
[ReportManager] Assertion Passed: Asserting that the header text is correct @02-10-2021 01:54:06.0671 AM
[ReportManager] Successfully created attachment [Screenshot - 1633139646574_f14_ValidateElementAttribute_passed] @02-10-2021 01:54:06.0672 AM
[ReportManager] Assertion [ValidateElementAttribute] PASSED. Expected [Value Should be 'Welcome to the-internet' for the 'text' attribute, element locator 'By.tagName: h1'] and Actual [Welcome to the-internet]. Comparison Type [EQUALS]. Validation Type [POSITIVE]. @02-10-2021 01:54:06.0672 A
[ReportManager] Successfully Closed All Drivers. @02-10-2021 01:54:06.0742 A
[ReportManager] File Action [GetAbsolutePath] successfully performed. With the following test data [Relative Folder Path: "target/downloadedFiles/"]. @02-10-2021 01:54:06.0745 AM
[ReportManager] Attempting to run remotely on: [Linux-64], [GoogleChrome], [http://localhost:4444/wd/hub], Headless Execution. @02-10-2021 01:54:06.0746 AM
[ReportManager] Successfully Opened [GoogleChrome]. @02-10-2021 01:54:06.0954 AM
[ReportManager] Target URL: [https://the-internet.herokuapp.com/] @02-10-2021 01:54:06.0966 AM
[ReportManager] Initial URL: [data:,] @02-10-2021 01:54:07.0006 AM
[ReportManager] Browser Action [NavigateToURL] successfully performed. With the following test data [https://the-internet.herokuapp.com/]. @02-10-2021 01:54:07.0386 A

################################################################################################################################################
Starting Execution:	[103 out of 144] test cases in the current suite
Test Method:		[testPackage01.Test_NewValidationHelper.f15]
################################################################################################################################################
[ReportManager] Element Action [GetText] successfully performed. With the following test data [Welcome to the-internet]. @02-10-2021 01:54:07.0472 AM
[ReportManager] Loaded Shared OpenCV @02-10-2021 01:54:07.0625 AM
[ReportManager] Assertion [ValidateElementAttribute] FAILED. Expected [Value Should not be 'Welcome' for the 'text' attribute, element locator 'By.tagName: h1'] and Actual [Welcome to the-internet]. Comparison Type [CONTAINS]. Validation Type [NEGATIVE]. @02-10-2021 01:54:07.0717 AM
[ReportManager] Successfully created attachment [Screenshot - 1633139647625_f15_ValidateElementAttribute_failed] @02-10-2021 01:54:07.0718 A
[ReportManager] Successfully Closed All Drivers. @02-10-2021 01:54:07.0793 A
[ReportManager] File Action [GetAbsolutePath] successfully performed. With the following test data [Relative Folder Path: "target/downloadedFiles/"]. @02-10-2021 01:54:07.0795 AM
[ReportManager] Attempting to run remotely on: [Linux-64], [GoogleChrome], [http://localhost:4444/wd/hub], Headless Execution. @02-10-2021 01:54:07.0795 AM
[ReportManager] Successfully Opened [GoogleChrome]. @02-10-2021 01:54:08.0012 AM
[ReportManager] Target URL: [https://the-internet.herokuapp.com/] @02-10-2021 01:54:08.0032 AM
[ReportManager] Initial URL: [data:,] @02-10-2021 01:54:08.0073 AM
[ReportManager] Browser Action [NavigateToURL] successfully performed. With the following test data [https://the-internet.herokuapp.com/]. @02-10-2021 01:54:08.0425 A

################################################################################################################################################
Starting Execution:	[104 out of 144] test cases in the current suite
Test Method:		[testPackage01.Test_NewValidationHelper.f16]
################################################################################################################################################
[ReportManager] Element Action [IdentifyUniqueElement] failed. With the following test data [zero elements found matching this locator "By.tagName: h3".]. @02-10-2021 01:54:34.0065 AM
[ReportManager] Successfully created attachment [Screenshot - 1633139673989_f16_IdentifyUniqueElement_failed] @02-10-2021 01:54:34.0065 AM
[ReportManager] Assertion [ValidateElementAttribute] FAILED. Expected [Value Should not be 'Welcome' for the 'text' attribute, element locator 'By.tagName: h3'] and Actual [Failed to read the desired element attribute]. Comparison Type [CONTAINS]. Validation Type [NEGATIVE]. @02-10-2021 01:54:34.0066 A
[ReportManager] Successfully Closed All Drivers. @02-10-2021 01:54:34.0142 A
[ReportManager] File Action [GetAbsolutePath] successfully performed. With the following test data [Relative Folder Path: "target/downloadedFiles/"]. @02-10-2021 01:54:34.0145 AM
[ReportManager] Attempting to run remotely on: [Linux-64], [GoogleChrome], [http://localhost:4444/wd/hub], Headless Execution. @02-10-2021 01:54:34.0145 AM
[ReportManager] Successfully Opened [GoogleChrome]. @02-10-2021 01:54:34.0347 AM
[ReportManager] Target URL: [https://the-internet.herokuapp.com/] @02-10-2021 01:54:34.0357 AM
[ReportManager] Initial URL: [data:,] @02-10-2021 01:54:34.0397 AM
[ReportManager] Browser Action [NavigateToURL] successfully performed. With the following test data [https://the-internet.herokuapp.com/]. @02-10-2021 01:54:34.0758 A

################################################################################################################################################
Starting Execution:	[105 out of 144] test cases in the current suite
Test Method:		[testPackage01.Test_NewValidationHelper.f17]
################################################################################################################################################
[ReportManager] Attempting to getAttribute [text2] from elementLocator [By.tagName: h1]. @02-10-2021 01:54:34.0764 AM
[ReportManager] Element Action [GetAttribute] successfully performed. @02-10-2021 01:54:34.0841 AM
[ReportManager] Loaded Shared OpenCV @02-10-2021 01:54:34.0989 AM
[ReportManager] Assertion [ValidateElementAttribute] PASSED. Expected [Value Should not be 'Welcome' for the 'text2' attribute, element locator 'By.tagName: h1'] and Actual [null]. Comparison Type [CONTAINS]. Validation Type [NEGATIVE]. @02-10-2021 01:54:35.0087 AM
[ReportManager] Successfully created attachment [Screenshot - 1633139674989_f17_ValidateElementAttribute_passed] @02-10-2021 01:54:35.0088 A
[ReportManager] Successfully Closed All Drivers. @02-10-2021 01:54:35.0165 A
[ReportManager] File Action [GetAbsolutePath] successfully performed. With the following test data [Relative Folder Path: "target/downloadedFiles/"]. @02-10-2021 01:54:35.0169 AM
[ReportManager] Attempting to run remotely on: [Linux-64], [GoogleChrome], [http://localhost:4444/wd/hub], Headless Execution. @02-10-2021 01:54:35.0169 AM
[ReportManager] Successfully Opened [GoogleChrome]. @02-10-2021 01:54:35.0370 AM
[ReportManager] Target URL: [https://the-internet.herokuapp.com/] @02-10-2021 01:54:35.0380 AM
[ReportManager] Initial URL: [data:,] @02-10-2021 01:54:35.0419 AM
[ReportManager] Browser Action [NavigateToURL] successfully performed. With the following test data [https://the-internet.herokuapp.com/]. @02-10-2021 01:54:35.0764 A

################################################################################################################################################
Starting Execution:	[106 out of 144] test cases in the current suite
Test Method:		[testPackage01.Test_NewValidationHelper.f18]
################################################################################################################################################
[ReportManager] Element Action [GetText] successfully performed. With the following test data [Welcome to the-internet]. @02-10-2021 01:54:35.0849 AM
[ReportManager] Loaded Shared OpenCV @02-10-2021 01:54:36.0007 AM
[ReportManager] Assertion [ValidateElementAttribute] PASSED. Expected [Value Should not be 'no' for the 'text' attribute, element locator 'By.tagName: h1'] and Actual [Welcome to the-internet]. Comparison Type [CONTAINS]. Validation Type [NEGATIVE]. @02-10-2021 01:54:36.0099 AM
[ReportManager] Successfully created attachment [Screenshot - 1633139676007_f18_ValidateElementAttribute_passed] @02-10-2021 01:54:36.0100 A
[ReportManager] Successfully Closed All Drivers. @02-10-2021 01:54:36.0176 A
[ReportManager] File Action [GetAbsolutePath] successfully performed. With the following test data [Relative Folder Path: "target/downloadedFiles/"]. @02-10-2021 01:54:36.0178 AM
[ReportManager] Attempting to run remotely on: [Linux-64], [GoogleChrome], [http://localhost:4444/wd/hub], Headless Execution. @02-10-2021 01:54:36.0178 AM
[ReportManager] Successfully Opened [GoogleChrome]. @02-10-2021 01:54:36.0402 AM
[ReportManager] Target URL: [https://the-internet.herokuapp.com/] @02-10-2021 01:54:36.0414 AM
[ReportManager] Initial URL: [data:,] @02-10-2021 01:54:36.0464 AM
[ReportManager] Browser Action [NavigateToURL] successfully performed. With the following test data [https://the-internet.herokuapp.com/]. @02-10-2021 01:54:36.0798 A

################################################################################################################################################
Starting Execution:	[107 out of 144] test cases in the current suite
Test Method:		[testPackage01.Test_NewValidationHelper.f19]
################################################################################################################################################
[ReportManager] Element Action [GetTagName] successfully performed. With the following test data [h1]. @02-10-2021 01:54:36.0880 AM
[ReportManager] Loaded Shared OpenCV @02-10-2021 01:54:37.0023 AM
[ReportManager] Assertion [ValidateElementAttribute] PASSED. Expected [Value Should be 'h' for the 'tagname' attribute, element locator 'By.tagName: h1'] and Actual [h1]. Comparison Type [CONTAINS]. Validation Type [POSITIVE]. @02-10-2021 01:54:37.0124 AM
[ReportManager] Successfully created attachment [Screenshot - 1633139677023_f19_ValidateElementAttribute_passed] @02-10-2021 01:54:37.0125 A
[ReportManager] Successfully Closed All Drivers. @02-10-2021 01:54:37.0197 A

################################################################################################################################################
Starting Execution:	[108 out of 144] test cases in the current suite
Test Method:		[testPackage01.Test_NewValidationHelper.f2]
################################################################################################################################################
[ReportManager] Assertion Failed: Checking valid user data @02-10-2021 01:54:37.0201 AM
[ReportManager] Assertion [ValidateEquals] FAILED. Expected [1] and Actual [2]. Comparison Type [EQUALS]. Validation Type [POSITIVE]. @02-10-2021 01:54:37.0201 A
[ReportManager] File Action [GetAbsolutePath] successfully performed. With the following test data [Relative Folder Path: "target/downloadedFiles/"]. @02-10-2021 01:54:37.0209 AM
[ReportManager] Attempting to run remotely on: [Linux-64], [GoogleChrome], [http://localhost:4444/wd/hub], Headless Execution. @02-10-2021 01:54:37.0209 AM
[ReportManager] Successfully Opened [GoogleChrome]. @02-10-2021 01:54:37.0415 AM
[ReportManager] Target URL: [https://the-internet.herokuapp.com/] @02-10-2021 01:54:37.0425 AM
[ReportManager] Initial URL: [data:,] @02-10-2021 01:54:37.0465 AM
[ReportManager] Browser Action [NavigateToURL] successfully performed. With the following test data [https://the-internet.herokuapp.com/]. @02-10-2021 01:54:37.0803 A

################################################################################################################################################
Starting Execution:	[109 out of 144] test cases in the current suite
Test Method:		[testPackage01.Test_NewValidationHelper.f20]
################################################################################################################################################
[ReportManager] Element Action [GetSize] successfully performed. With the following test data [(755, 61)]. @02-10-2021 01:54:37.0881 AM
[ReportManager] Loaded Shared OpenCV @02-10-2021 01:54:38.0078 AM
[ReportManager] Assertion [ValidateElementAttribute] PASSED. Expected [Value Should not be 'a' for the 'size' attribute, element locator 'By.tagName: h1'] and Actual [(755, 61)]. Comparison Type [CONTAINS]. Validation Type [NEGATIVE]. @02-10-2021 01:54:38.0194 AM
[ReportManager] Successfully created attachment [Screenshot - 1633139678078_f20_ValidateElementAttribute_passed] @02-10-2021 01:54:38.0195 A
[ReportManager] Successfully Closed All Drivers. @02-10-2021 01:54:38.0276 A
[ReportManager] File Action [GetAbsolutePath] successfully performed. With the following test data [Relative Folder Path: "target/downloadedFiles/"]. @02-10-2021 01:54:38.0278 AM
[ReportManager] Attempting to run remotely on: [Linux-64], [GoogleChrome], [http://localhost:4444/wd/hub], Headless Execution. @02-10-2021 01:54:38.0279 AM
[ReportManager] Successfully Opened [GoogleChrome]. @02-10-2021 01:54:38.0497 AM
[ReportManager] Target URL: [https://the-internet.herokuapp.com/] @02-10-2021 01:54:38.0507 AM
[ReportManager] Initial URL: [data:,] @02-10-2021 01:54:38.0548 AM
[ReportManager] Browser Action [NavigateToURL] successfully performed. With the following test data [https://the-internet.herokuapp.com/]. @02-10-2021 01:54:38.0907 A

################################################################################################################################################
Starting Execution:	[110 out of 144] test cases in the current suite
Test Method:		[testPackage01.Test_NewValidationHelper.f21]
################################################################################################################################################
[ReportManager] Element Action [IdentifyUniqueElement] failed. With the following test data [zero elements found matching this locator "By.tagName: h3".]. @02-10-2021 01:55:04.0532 AM
[ReportManager] Successfully created attachment [Screenshot - 1633139704455_f21_IdentifyUniqueElement_failed] @02-10-2021 01:55:04.0532 AM
[ReportManager] Assertion [ValidateElementAttribute] FAILED. Expected [Value Should be 'Welcome' for the 'text' attribute, element locator 'By.tagName: h3'] and Actual [Failed to read the desired element attribute]. Comparison Type [CONTAINS]. Validation Type [POSITIVE]. @02-10-2021 01:55:04.0533 A
[ReportManager] Successfully Closed All Drivers. @02-10-2021 01:55:04.0610 A
[ReportManager] File Action [GetAbsolutePath] successfully performed. With the following test data [Relative Folder Path: "target/downloadedFiles/"]. @02-10-2021 01:55:04.0612 AM
[ReportManager] Attempting to run remotely on: [Linux-64], [GoogleChrome], [http://localhost:4444/wd/hub], Headless Execution. @02-10-2021 01:55:04.0613 AM
[ReportManager] Successfully Opened [GoogleChrome]. @02-10-2021 01:55:04.0812 AM
[ReportManager] Target URL: [https://the-internet.herokuapp.com/] @02-10-2021 01:55:04.0823 AM
[ReportManager] Initial URL: [data:,] @02-10-2021 01:55:04.0861 AM
[ReportManager] Browser Action [NavigateToURL] successfully performed. With the following test data [https://the-internet.herokuapp.com/]. @02-10-2021 01:55:05.0201 A

################################################################################################################################################
Starting Execution:	[111 out of 144] test cases in the current suite
Test Method:		[testPackage01.Test_NewValidationHelper.f22]
################################################################################################################################################
[ReportManager] Element Action [GetText] successfully performed. With the following test data [Welcome to the-internet]. @02-10-2021 01:55:05.0284 AM
[ReportManager] Loaded Shared OpenCV @02-10-2021 01:55:05.0423 AM
[ReportManager] Assertion [ValidateElementAttribute] FAILED. Expected [Value Should be 'yyy' for the 'text' attribute, element locator 'By.tagName: h1'] and Actual [Welcome to the-internet]. Comparison Type [CONTAINS]. Validation Type [POSITIVE]. @02-10-2021 01:55:05.0515 AM
[ReportManager] Successfully created attachment [Screenshot - 1633139705423_f22_ValidateElementAttribute_failed] @02-10-2021 01:55:05.0517 A
[ReportManager] Successfully Closed All Drivers. @02-10-2021 01:55:05.0594 A

################################################################################################################################################
Starting Execution:	[112 out of 144] test cases in the current suite
Test Method:		[testPackage01.Test_NewValidationHelper.f23]
################################################################################################################################################
[ReportManager] Assertion Passed: confirming that the actual is greater than or equal to the expected @02-10-2021 01:55:05.0601 AM
[ReportManager] Assertion [ValidateComparativeRelation] PASSED. Expected [1] and Actual [1]. Comparison Type [GREATER_THAN_OR_EQUALS]. Validation Type [POSITIVE]. @02-10-2021 01:55:05.0601 A

################################################################################################################################################
Starting Execution:	[113 out of 144] test cases in the current suite
Test Method:		[testPackage01.Test_NewValidationHelper.f24]
################################################################################################################################################
[ReportManager] Assertion [ValidateComparativeRelation] PASSED. Expected [1] and Actual [10]. Comparison Type [GREATER_THAN_OR_EQUALS]. Validation Type [POSITIVE]. @02-10-2021 01:55:05.0604 A

################################################################################################################################################
Starting Execution:	[114 out of 144] test cases in the current suite
Test Method:		[testPackage01.Test_NewValidationHelper.f25]
################################################################################################################################################
[ReportManager] Assertion [ValidateComparativeRelation] PASSED. Expected [1] and Actual [1]. Comparison Type [EQUALS]. Validation Type [POSITIVE]. @02-10-2021 01:55:05.0606 A

################################################################################################################################################
Starting Execution:	[115 out of 144] test cases in the current suite
Test Method:		[testPackage01.Test_NewValidationHelper.f26]
################################################################################################################################################
[ReportManager] Assertion [ValidateComparativeRelation] PASSED. Expected [1] and Actual [5]. Comparison Type [GREATER_THAN]. Validation Type [POSITIVE]. @02-10-2021 01:55:05.0609 A

################################################################################################################################################
Starting Execution:	[116 out of 144] test cases in the current suite
Test Method:		[testPackage01.Test_NewValidationHelper.f27]
################################################################################################################################################
[ReportManager] Assertion [ValidateComparativeRelation] PASSED. Expected [11] and Actual [5]. Comparison Type [LESS_THAN]. Validation Type [POSITIVE]. @02-10-2021 01:55:05.0614 A

################################################################################################################################################
Starting Execution:	[117 out of 144] test cases in the current suite
Test Method:		[testPackage01.Test_NewValidationHelper.f28]
################################################################################################################################################
[ReportManager] Assertion [ValidateComparativeRelation] PASSED. Expected [11] and Actual [5]. Comparison Type [LESS_THAN_OR_EQUALS]. Validation Type [POSITIVE]. @02-10-2021 01:55:05.0617 A

################################################################################################################################################
Starting Execution:	[118 out of 144] test cases in the current suite
Test Method:		[testPackage01.Test_NewValidationHelper.f29]
################################################################################################################################################
[ReportManager] Assertion [ValidateComparativeRelation] PASSED. Expected [11] and Actual [11]. Comparison Type [LESS_THAN_OR_EQUALS]. Validation Type [POSITIVE]. @02-10-2021 01:55:05.0620 A

################################################################################################################################################
Starting Execution:	[119 out of 144] test cases in the current suite
Test Method:		[testPackage01.Test_NewValidationHelper.f3]
################################################################################################################################################
[ReportManager] Assertion [ValidateEquals] PASSED. Expected [1] and Actual [2]. Comparison Type [EQUALS]. Validation Type [NEGATIVE]. @02-10-2021 01:55:05.0623 A

################################################################################################################################################
Starting Execution:	[120 out of 144] test cases in the current suite
Test Method:		[testPackage01.Test_NewValidationHelper.f30]
################################################################################################################################################
[ReportManager] Assertion [ValidateComparativeRelation] FAILED. Expected [-9] and Actual [11]. Comparison Type [LESS_THAN_OR_EQUALS]. Validation Type [POSITIVE]. @02-10-2021 01:55:05.0626 A

################################################################################################################################################
Starting Execution:	[121 out of 144] test cases in the current suite
Test Method:		[testPackage01.Test_NewValidationHelper.f31]
################################################################################################################################################
[ReportManager] Assertion [ValidateTrue] PASSED. Expected [TRUE] and Actual [TRUE]. Validation Type [POSITIVE]. @02-10-2021 01:55:05.0628 A

################################################################################################################################################
Starting Execution:	[122 out of 144] test cases in the current suite
Test Method:		[testPackage01.Test_NewValidationHelper.f32]
################################################################################################################################################
[ReportManager] Assertion [ValidateTrue] PASSED. Expected [FALSE] and Actual [FALSE]. Validation Type [NEGATIVE]. @02-10-2021 01:55:05.0630 A

################################################################################################################################################
Starting Execution:	[123 out of 144] test cases in the current suite
Test Method:		[testPackage01.Test_NewValidationHelper.f33]
################################################################################################################################################
[ReportManager] Assertion [ValidateTrue] FAILED. Expected [FALSE] and Actual [TRUE]. Validation Type [NEGATIVE]. @02-10-2021 01:55:05.0632 A

################################################################################################################################################
Starting Execution:	[124 out of 144] test cases in the current suite
Test Method:		[testPackage01.Test_NewValidationHelper.f34]
################################################################################################################################################
[ReportManager] Assertion [ValidateTrue] FAILED. Expected [TRUE] and Actual [FALSE]. Validation Type [POSITIVE]. @02-10-2021 01:55:05.0635 A

################################################################################################################################################
Starting Execution:	[125 out of 144] test cases in the current suite
Test Method:		[testPackage01.Test_NewValidationHelper.f35]
################################################################################################################################################
[ReportManager] File Action [DoesFileExist] successfully performed. With the following test data [File Path: "pom.xml"]. @02-10-2021 01:55:05.0637 AM
[ReportManager] Assertion [ValidateFileExists] PASSED. Expected [File 'pom.xml' should exist, after up to '1' retries] and Actual [File exists]. Validation Type [POSITIVE]. @02-10-2021 01:55:05.0637 A

################################################################################################################################################
Starting Execution:	[126 out of 144] test cases in the current suite
Test Method:		[testPackage01.Test_NewValidationHelper.f36]
################################################################################################################################################
[ReportManager] File Action [DoesFileExist] successfully performed. With the following test data [File Path: "src/test/java/testPackage01/Test_NewValidationHelper.java"]. @02-10-2021 01:55:05.0641 AM
[ReportManager] Assertion [ValidateFileExists] PASSED. Expected [File 'src/test/java/testPackage01/Test_NewValidationHelper.java' should exist, after up to '1' retries] and Actual [File exists]. Validation Type [POSITIVE]. @02-10-2021 01:55:05.0641 A

################################################################################################################################################
Starting Execution:	[127 out of 144] test cases in the current suite
Test Method:		[testPackage01.Test_NewValidationHelper.f37]
################################################################################################################################################
[ReportManager] File Action [DoesFileExist] successfully performed. With the following test data [File Path: "pom.xml"]. @02-10-2021 01:55:05.0644 AM
[ReportManager] Assertion Failed: confirming that the file does't exist after 5 retries @02-10-2021 01:55:05.0644 AM
[ReportManager] Assertion [ValidateFileExists] FAILED. Expected [File 'pom.xml' should not exist, after up to '5' retries] and Actual [File exists]. Validation Type [NEGATIVE]. @02-10-2021 01:55:05.0644 A

################################################################################################################################################
Starting Execution:	[128 out of 144] test cases in the current suite
Test Method:		[testPackage01.Test_NewValidationHelper.f3_1]
################################################################################################################################################
[ReportManager] Assertion Passed: Checking valid user data @02-10-2021 01:55:05.0656 AM
[ReportManager] Assertion [ValidateEquals] PASSED. Expected [null] and Actual [null]. Comparison Type [EQUALS]. Validation Type [POSITIVE]. @02-10-2021 01:55:05.0656 A

################################################################################################################################################
Starting Execution:	[129 out of 144] test cases in the current suite
Test Method:		[testPackage01.Test_NewValidationHelper.f4]
################################################################################################################################################
[ReportManager] Assertion [ValidateEquals] PASSED. Expected [1] and Actual [123]. Comparison Type [CONTAINS]. Validation Type [POSITIVE]. @02-10-2021 01:55:05.0659 A

################################################################################################################################################
Starting Execution:	[130 out of 144] test cases in the current suite
Test Method:		[testPackage01.Test_NewValidationHelper.f5]
################################################################################################################################################
[ReportManager] Assertion [ValidateNull] PASSED. Expected [NULL] and Actual [1]. Comparison Type [EQUALS]. Validation Type [NEGATIVE]. @02-10-2021 01:55:05.0661 A

################################################################################################################################################
Starting Execution:	[131 out of 144] test cases in the current suite
Test Method:		[testPackage01.Test_NewValidationHelper.f6]
################################################################################################################################################
[ReportManager] Assertion Failed: Making sure that null string is not equal to null object @02-10-2021 01:55:05.0663 AM
[ReportManager] Assertion [ValidateNull] FAILED. Expected [NULL] and Actual [NULL]. Comparison Type [EQUALS]. Validation Type [POSITIVE]. @02-10-2021 01:55:05.0663 A

################################################################################################################################################
Starting Execution:	[132 out of 144] test cases in the current suite
Test Method:		[testPackage01.Test_NewValidationHelper.f6_1]
################################################################################################################################################
[ReportManager] Assertion [ValidateNull] FAILED. Expected [NULL] and Actual [NULL]. Comparison Type [EQUALS]. Validation Type [NEGATIVE]. @02-10-2021 01:55:05.0668 A

################################################################################################################################################
Starting Execution:	[133 out of 144] test cases in the current suite
Test Method:		[testPackage01.Test_NewValidationHelper.f6_2]
################################################################################################################################################
[ReportManager] Assertion Failed: Making sure that null string is not equal to null object @02-10-2021 01:55:05.0671 AM
[ReportManager] Assertion [ValidateNull] FAILED. Expected [NULL] and Actual [not null]. Comparison Type [EQUALS]. Validation Type [POSITIVE]. @02-10-2021 01:55:05.0671 A

################################################################################################################################################
Starting Execution:	[134 out of 144] test cases in the current suite
Test Method:		[testPackage01.Test_NewValidationHelper.f7]
################################################################################################################################################
[ReportManager] Assertion [ValidateNull] PASSED. Expected [NULL] and Actual [NULL]. Comparison Type [EQUALS]. Validation Type [POSITIVE]. @02-10-2021 01:55:05.0674 A
[ReportManager] File Action [GetAbsolutePath] successfully performed. With the following test data [Relative Folder Path: "target/downloadedFiles/"]. @02-10-2021 01:55:05.0676 AM
[ReportManager] Attempting to run remotely on: [Linux-64], [GoogleChrome], [http://localhost:4444/wd/hub], Headless Execution. @02-10-2021 01:55:05.0680 AM
[ReportManager] Successfully Opened [GoogleChrome]. @02-10-2021 01:55:05.0908 AM
[ReportManager] Target URL: [https://the-internet.herokuapp.com/] @02-10-2021 01:55:05.0919 AM
[ReportManager] Initial URL: [data:,] @02-10-2021 01:55:05.0969 AM
[ReportManager] Browser Action [NavigateToURL] successfully performed. With the following test data [https://the-internet.herokuapp.com/]. @02-10-2021 01:55:06.0318 A

################################################################################################################################################
Starting Execution:	[135 out of 144] test cases in the current suite
Test Method:		[testPackage01.Test_NewValidationHelper.f8]
################################################################################################################################################
[ReportManager] Loaded Shared OpenCV @02-10-2021 01:55:06.0525 AM
[ReportManager] Assertion [ValidateElementExists] PASSED. Expected [Element Should Exist, locator 'By.tagName: h1'] and Actual [Element Exists]. Comparison Type [EQUALS]. Validation Type [POSITIVE]. @02-10-2021 01:55:06.0608 AM
[ReportManager] Successfully created attachment [Screenshot - 1633139706525_f8_ValidateElementExists_passed] @02-10-2021 01:55:06.0609 A
[ReportManager] Successfully Closed All Drivers. @02-10-2021 01:55:06.0686 A
[ReportManager] File Action [GetAbsolutePath] successfully performed. With the following test data [Relative Folder Path: "target/downloadedFiles/"]. @02-10-2021 01:55:06.0689 AM
[ReportManager] Attempting to run remotely on: [Linux-64], [GoogleChrome], [http://localhost:4444/wd/hub], Headless Execution. @02-10-2021 01:55:06.0689 AM
[ReportManager] Successfully Opened [GoogleChrome]. @02-10-2021 01:55:06.0898 AM
[ReportManager] Target URL: [https://the-internet.herokuapp.com/] @02-10-2021 01:55:06.0911 AM
[ReportManager] Initial URL: [data:,] @02-10-2021 01:55:06.0951 AM
[ReportManager] Browser Action [NavigateToURL] successfully performed. With the following test data [https://the-internet.herokuapp.com/]. @02-10-2021 01:55:07.0302 A

################################################################################################################################################
Starting Execution:	[136 out of 144] test cases in the current suite
Test Method:		[testPackage01.Test_NewValidationHelper.f9]
################################################################################################################################################
[ReportManager] Assertion [ValidateElementExists] FAILED. Expected [Element Should Exist, locator 'By.tagName: h3'] and Actual [Element Doesn't Exists]. Comparison Type [EQUALS]. Validation Type [POSITIVE]. @02-10-2021 01:55:38.0064 AM
[ReportManager] Successfully created attachment [Screenshot - 1633139737998_f9_ValidateElementExists_failed] @02-10-2021 01:55:38.0065 A
[ReportManager] Successfully Closed All Drivers. @02-10-2021 01:55:38.0141 A

################################################################################################################################################
Starting Execution:	[137 out of 144] test cases in the current suite
Test Method:		[testPackage01.Test_NewValidationHelper.forceFail]
################################################################################################################################################
[ReportManager] Assertion [ValidateFail] FAILED. Successfully force failed the test. @02-10-2021 01:55:38.0146 A

################################################################################################################################################
Starting Execution:	[138 out of 144] test cases in the current suite
Test Method:		[testPackage01.Test_NewValidationHelper.forceFail2]
################################################################################################################################################
[ReportManager] Assertion Failed: Custom Message @02-10-2021 01:55:38.0148 AM
[ReportManager] Assertion [ValidateFail] FAILED. Successfully force failed the test. @02-10-2021 01:55:38.0148 A

################################################################################################################################################
Starting Execution:	[139 out of 144] test cases in the current suite
Test Method:		[testPackage01.Test_sendGraphqlRequest.sendGraphqlRequestUsingMutationAndVariables]
################################################################################################################################################
[ReportManager] GraphQl Request is being Performed with the Following Parameters [Service URL: https://api.spacex.land/graphql | Request Body: {"variables":"{\"name\": \"sherlock holmes\",\"rocket\": \"221B Baker Street\"}","query":"mutation ($name: String, $rocket: String) {\n  insert_users(objects: {name: $name, rocket: $rocket}) {\n    returning {\n      name\n      rocket\n    }\n  }\n}"}] @02-10-2021 01:55:38.0150 AM
[ReportManager] Response status code: [200], status line: [HTTP/1.1 200 OK] @02-10-2021 01:55:38.0414 AM
[ReportManager] Assertion Passed: Evaluating the actual response status code against the expected one... @02-10-2021 01:55:38.0414 AM
[ReportManager] Assertion [ValidateEquals] PASSED. Expected [200] and Actual [200]. Comparison Type [EQUALS]. Validation Type [POSITIVE]. @02-10-2021 01:55:38.0414 AM
[ReportManager] API Action [PerformRequest] successfully performed. With the following test data [Request Type: "POST" | Target Status Code: "200" | Service URL: "https://api.spacex.land/graphql" | Content Type: "application/json" | Response Time: "153ms"]. @02-10-2021 01:55:38.0430 AM
[ReportManager] Successfully created attachment [API Request - Specifications] @02-10-2021 01:55:38.0430 AM
[ReportManager] Successfully created attachment [API Request - JSON Body] @02-10-2021 01:55:38.0431 AM
[ReportManager] Successfully created attachment [API Response - JSON Body] @02-10-2021 01:55:38.0431 AM
[ReportManager] API Action [GetResponseJSONValue] successfully performed. With the following test data [data.insert_users.returning[0].name]. @02-10-2021 01:55:38.0488 AM
[ReportManager] Assertion [ValidateEquals] PASSED. Expected [sherlock holmes] and Actual [sherlock holmes]. Comparison Type [EQUALS]. Validation Type [POSITIVE]. @02-10-2021 01:55:38.0488 A

################################################################################################################################################
Starting Execution:	[140 out of 144] test cases in the current suite
Test Method:		[testPackage01.Test_sendGraphqlRequest.sendGraphqlRequestUsingQuery]
################################################################################################################################################
[ReportManager] GraphQl Request is being Performed with the Following Parameters [Service URL: https://api.spacex.land/graphql | Request Body: {"query":"{company {ceo}}"}] @02-10-2021 01:55:38.0495 AM
[ReportManager] Response status code: [200], status line: [HTTP/1.1 200 OK] @02-10-2021 01:55:38.0572 AM
[ReportManager] Assertion Passed: Evaluating the actual response status code against the expected one... @02-10-2021 01:55:38.0572 AM
[ReportManager] Assertion [ValidateEquals] PASSED. Expected [200] and Actual [200]. Comparison Type [EQUALS]. Validation Type [POSITIVE]. @02-10-2021 01:55:38.0572 AM
[ReportManager] API Action [PerformRequest] successfully performed. With the following test data [Request Type: "POST" | Target Status Code: "200" | Service URL: "https://api.spacex.land/graphql" | Content Type: "application/json" | Response Time: "69ms"]. @02-10-2021 01:55:38.0585 AM
[ReportManager] Successfully created attachment [API Request - Specifications] @02-10-2021 01:55:38.0585 AM
[ReportManager] Successfully created attachment [API Request - JSON Body] @02-10-2021 01:55:38.0585 AM
[ReportManager] Successfully created attachment [API Response - JSON Body] @02-10-2021 01:55:38.0586 AM
[ReportManager] API Action [GetResponseJSONValue] successfully performed. With the following test data [data.company.ceo]. @02-10-2021 01:55:38.0601 AM
[ReportManager] Assertion [ValidateEquals] PASSED. Expected [Elon Musk] and Actual [Elon Musk]. Comparison Type [EQUALS]. Validation Type [POSITIVE]. @02-10-2021 01:55:38.0601 A

################################################################################################################################################
Starting Execution:	[141 out of 144] test cases in the current suite
Test Method:		[testPackage01.Test_chainableElementActions.chainElementActions]
################################################################################################################################################
[ReportManager] File Action [GetAbsolutePath] successfully performed. With the following test data [Relative Folder Path: "target/downloadedFiles/"]. @02-10-2021 01:55:38.0608 AM
[ReportManager] Attempting to run remotely on: [Linux-64], [GoogleChrome], [http://localhost:4444/wd/hub], Headless Execution. @02-10-2021 01:55:38.0608 AM
[ReportManager] Successfully Opened [GoogleChrome]. @02-10-2021 01:55:38.0866 AM
[ReportManager] Target URL: [https://www.google.com/ncr], and after redirection: [https://www.google.com] @02-10-2021 01:55:38.0875 AM
[ReportManager] Initial URL: [data:,] @02-10-2021 01:55:38.0933 AM
[ReportManager] Browser Action [NavigateToURL] successfully performed. With the following test data [https://www.google.com/ncr]. @02-10-2021 01:55:39.0925 AM
[ReportManager] Element Action [Type] successfully performed. With the following test data [chained type 1]. @02-10-2021 01:55:40.0285 AM
[ReportManager] Element Action [Type] successfully performed. With the following test data [chained type 2]. @02-10-2021 01:55:40.0620 AM
[ReportManager] Element Action [TypeAppend] successfully performed. With the following test data [345]. @02-10-2021 01:55:40.0711 AM
[ReportManager] Element Action [GetText] successfully performed. With the following test data [chained type 2345]. @02-10-2021 01:55:40.0814 AM
[ReportManager] Loaded Shared OpenCV @02-10-2021 01:55:40.0972 AM
[ReportManager] Assertion [ValidateElementAttribute] PASSED. Expected [Value Should be 'chained type 2345' for the 'text' attribute, element locator 'By.name: q'] and Actual [chained type 2345]. Comparison Type [EQUALS]. Validation Type [POSITIVE]. @02-10-2021 01:55:41.0055 AM
[ReportManager] Successfully created attachment [Screenshot - 1633139740972_chainElementActions_ValidateElementAttribute_passed] @02-10-2021 01:55:41.0056 AM
[ReportManager] Browser Action [CloseCurrentWindow] successfully performed. @02-10-2021 01:55:41.0181 AM
[ReportManager] Successfully created attachment [Browser Action Test Data - CloseCurrentWindow - Actual Value] @02-10-2021 01:55:41.0182 A

################################################################################################################################################
Starting Execution:	[142 out of 144] test cases in the current suite
Test Method:		[testPackage01.Test_SkipDueToIssue.doNotSkip]
################################################################################################################################################
[ReportManager] This should not be skipped. @02-10-2021 01:55:41.0185 A

################################################################################################################################################
Starting Execution:	[143 out of 144] test cases in the current suite
Test Method:		[testPackage01.Test_SkipDueToIssue.skip]
################################################################################################################################################
[ReportManager] This should be skipped. @02-10-2021 01:55:41.0193 A

################################################################################################################################################
Starting Execution:	[144 out of 144] test cases in the current suite
Test Method:		[testPackage01.Test_SkipDueToIssue.skip2]
################################################################################################################################################
[ReportManager] This should be skipped. @02-10-2021 01:55:41.0207 A

################################################################################################################################################
Test Closure Activities
################################################################################################################################################
[ReportManager] Successfully created attachment [SHAFT Engine Logs - Execution log] @02-10-2021 01:55:41.0243 AM

################################################################################################################################################
This test run was powered by SHAFT Engine Version: [SHAFT Engine v5.3.20210902]
SHAFT Engine is licensed under the MIT License: [https://github.com/MohabMohie/SHAFT_ENGINE/blob/master/LICENSE].
################################################################################################################################################