################################################################################################################################################
Detected SHAFT Engine Version: [SHAFT Engine v5.4.20211025-BETA]
################################################################################################################################################
[ReportManager] File Action [GetAbsolutePath] successfully performed. With the following test data [Relative Folder Path: "target/downloadedFiles/"]. @25-10-2021 10:19:48.0913 AM
[ReportManager] Attempting to run locally on: [Mac-64], [Safari], Headless Execution. @25-10-2021 10:19:48.0976 AM
[ReportManager] Successfully Opened Safari. @25-10-2021 10:19:55.0222 AM
[ReportManager] Initial window size: (800, 600) @25-10-2021 10:19:55.0255 AM
[ReportManager] Window size after SWD Maximize: (1176, 810) @25-10-2021 10:19:55.0324 AM
[ReportManager] Browser Action [MaximizeWindow] successfully performed. With the following test data [New screen size is now: (1176, 810)]. @25-10-2021 10:19:55.0330 A

################################################################################################################################################
Starting Execution:	[1 out of 143] test cases in the current suite
Test Method:		[unitTests.tests_element_elementActions.waitForElementToBePresent_false_expectedToFail]
################################################################################################################################################
[ReportManager] Target URL: [https://www.google.com/ncr], and after redirection: [www.google.com] @25-10-2021 10:19:55.0543 AM
[ReportManager] Initial URL: [] @25-10-2021 10:19:55.0641 AM
[ReportManager] Browser Action [NavigateToURL] successfully performed. With the following test data [https://www.google.com/ncr]. @25-10-2021 10:19:57.0285 AM
[ReportManager] Waiting for element to be present; elementLocator [By.xpath: //*[@id='hplogo' or @alt='Google']], numberOfTries[1], stateOfPresence[false]... @25-10-2021 10:19:57.0299 AM
[ReportManager] Element Action [WaitForElementToBePresent] failed. With the following test data [waited for the element's state of presence to be (false). Element locator (By.xpath: //*[@id='hplogo' or @alt='Google'])]. @25-10-2021 10:20:00.0138 AM
[ReportManager] Successfully created attachment [Screenshot - 1635157197416_waitForElementToBePresent_false_expectedToFail_WaitForElementToBePresent_failed] @25-10-2021 10:20:00.0152 A
[ReportManager] Browser Action [CloseCurrentWindow] successfully performed. @25-10-2021 10:20:00.0261 AM
[ReportManager] Successfully created attachment [Browser Action Test Data - CloseCurrentWindow - Actual Value] @25-10-2021 10:20:00.0262 A
[ReportManager] File Action [GetAbsolutePath] successfully performed. With the following test data [Relative Folder Path: "target/downloadedFiles/"]. @25-10-2021 10:20:00.0277 AM
[ReportManager] Attempting to run locally on: [Mac-64], [Safari], Headless Execution. @25-10-2021 10:20:00.0278 AM
[ReportManager] Successfully Opened Safari. @25-10-2021 10:20:01.0221 AM
[ReportManager] Initial window size: (800, 600) @25-10-2021 10:20:01.0237 AM
[ReportManager] Window size after SWD Maximize: (1176, 811) @25-10-2021 10:20:01.0291 AM
[ReportManager] Browser Action [MaximizeWindow] successfully performed. With the following test data [New screen size is now: (1176, 811)]. @25-10-2021 10:20:01.0292 A

################################################################################################################################################
Starting Execution:	[2 out of 143] test cases in the current suite
Test Method:		[unitTests.tests_element_elementActions.waitForElementToBePresent_false_expectedToPass]
################################################################################################################################################
[ReportManager] Target URL: [https://www.google.com/ncr], and after redirection: [www.google.com] @25-10-2021 10:20:01.0298 AM
[ReportManager] Initial URL: [] @25-10-2021 10:20:01.0371 AM
[ReportManager] Browser Action [NavigateToURL] successfully performed. With the following test data [https://www.google.com/ncr]. @25-10-2021 10:20:02.0312 AM
[ReportManager] Waiting for element to be present; elementLocator [By.id: bla], numberOfTries[1], stateOfPresence[false]... @25-10-2021 10:20:02.0313 A
[ReportManager] Browser Action [CloseCurrentWindow] successfully performed. @25-10-2021 10:20:02.0506 AM
[ReportManager] Successfully created attachment [Browser Action Test Data - CloseCurrentWindow - Actual Value] @25-10-2021 10:20:02.0508 A
[ReportManager] File Action [GetAbsolutePath] successfully performed. With the following test data [Relative Folder Path: "target/downloadedFiles/"]. @25-10-2021 10:20:02.0515 AM
[ReportManager] Attempting to run locally on: [Mac-64], [Safari], Headless Execution. @25-10-2021 10:20:02.0515 AM
[ReportManager] Successfully Opened Safari. @25-10-2021 10:20:03.0437 AM
[ReportManager] Initial window size: (800, 600) @25-10-2021 10:20:03.0451 AM
[ReportManager] Window size after SWD Maximize: (1176, 811) @25-10-2021 10:20:03.0517 AM
[ReportManager] Browser Action [MaximizeWindow] successfully performed. With the following test data [New screen size is now: (1176, 811)]. @25-10-2021 10:20:03.0517 A

################################################################################################################################################
Starting Execution:	[3 out of 143] test cases in the current suite
Test Method:		[unitTests.tests_element_elementActions.waitForElementToBePresent_moreThanOneElement_expectedToFail]
################################################################################################################################################
[ReportManager] Target URL: [https://www.google.com/ncr], and after redirection: [www.google.com] @25-10-2021 10:20:03.0521 AM
[ReportManager] Initial URL: [] @25-10-2021 10:20:03.0569 AM
[ReportManager] Browser Action [NavigateToURL] successfully performed. With the following test data [https://www.google.com/ncr]. @25-10-2021 10:20:05.0090 AM
[ReportManager] Waiting for element to be present; elementLocator [By.xpath: //*], numberOfTries[1], stateOfPresence[false]... @25-10-2021 10:20:05.0091 AM
[ReportManager] Element Action [WaitForElementToBePresent] failed. With the following test data [waited for the element's state of presence to be (false). Element locator (By.xpath: //*)]. @25-10-2021 10:20:05.0317 AM
[ReportManager] Successfully created attachment [Screenshot - 1635157205191_waitForElementToBePresent_moreThanOneElement_expectedToFail_WaitForElementToBePresent_failed] @25-10-2021 10:20:05.0322 A
[ReportManager] Browser Action [CloseCurrentWindow] successfully performed. @25-10-2021 10:20:05.0523 AM
[ReportManager] Successfully created attachment [Browser Action Test Data - CloseCurrentWindow - Actual Value] @25-10-2021 10:20:05.0525 A
[ReportManager] File Action [GetAbsolutePath] successfully performed. With the following test data [Relative Folder Path: "target/downloadedFiles/"]. @25-10-2021 10:20:05.0531 AM
[ReportManager] Attempting to run locally on: [Mac-64], [Safari], Headless Execution. @25-10-2021 10:20:05.0532 AM
[ReportManager] Successfully Opened Safari. @25-10-2021 10:20:06.0452 AM
[ReportManager] Initial window size: (800, 600) @25-10-2021 10:20:06.0477 AM
[ReportManager] Window size after SWD Maximize: (1176, 811) @25-10-2021 10:20:06.0508 AM
[ReportManager] Browser Action [MaximizeWindow] successfully performed. With the following test data [New screen size is now: (1176, 811)]. @25-10-2021 10:20:06.0508 A

################################################################################################################################################
Starting Execution:	[4 out of 143] test cases in the current suite
Test Method:		[unitTests.tests_element_elementActions.waitForElementToBePresent_true_expectedToFail]
################################################################################################################################################
[ReportManager] Target URL: [https://www.google.com/ncr], and after redirection: [www.google.com] @25-10-2021 10:20:06.0520 AM
[ReportManager] Initial URL: [] @25-10-2021 10:20:06.0562 AM
[ReportManager] Browser Action [NavigateToURL] successfully performed. With the following test data [https://www.google.com/ncr]. @25-10-2021 10:20:08.0043 AM
[ReportManager] Waiting for element to be present; elementLocator [By.id: bla], numberOfTries[1], stateOfPresence[true]... @25-10-2021 10:20:08.0043 A
[ReportManager] Browser Action [CloseCurrentWindow] successfully performed. @25-10-2021 10:20:08.0215 AM
[ReportManager] Successfully created attachment [Browser Action Test Data - CloseCurrentWindow - Actual Value] @25-10-2021 10:20:08.0217 A
[ReportManager] File Action [GetAbsolutePath] successfully performed. With the following test data [Relative Folder Path: "target/downloadedFiles/"]. @25-10-2021 10:20:08.0222 AM
[ReportManager] Attempting to run locally on: [Mac-64], [Safari], Headless Execution. @25-10-2021 10:20:08.0223 AM
[ReportManager] Successfully Opened Safari. @25-10-2021 10:20:09.0149 AM
[ReportManager] Initial window size: (800, 600) @25-10-2021 10:20:09.0156 AM
[ReportManager] Window size after SWD Maximize: (1176, 811) @25-10-2021 10:20:09.0179 AM
[ReportManager] Browser Action [MaximizeWindow] successfully performed. With the following test data [New screen size is now: (1176, 811)]. @25-10-2021 10:20:09.0180 A

################################################################################################################################################
Starting Execution:	[5 out of 143] test cases in the current suite
Test Method:		[unitTests.tests_element_elementActions.waitForElementToBePresent_true_expectedToPass]
################################################################################################################################################
[ReportManager] Target URL: [https://www.google.com/ncr], and after redirection: [www.google.com] @25-10-2021 10:20:09.0184 AM
[ReportManager] Initial URL: [] @25-10-2021 10:20:09.0277 AM
[ReportManager] Browser Action [NavigateToURL] successfully performed. With the following test data [https://www.google.com/ncr]. @25-10-2021 10:20:10.0638 AM
[ReportManager] Waiting for element to be present; elementLocator [By.xpath: //*[@id='hplogo' or @alt='Google']], numberOfTries[1], stateOfPresence[true]... @25-10-2021 10:20:10.0639 AM
[ReportManager] Element Action [WaitForElementToBePresent] successfully performed. With the following test data [waited for the element's state of presence to be (true). Element locator (By.xpath: //*[@id='hplogo' or @alt='Google'])]. @25-10-2021 10:20:10.0682 AM
[ReportManager] File Action [DoesFileExist] successfully performed. With the following test data [File Path: "src/test/resources/DynamicObjectRepository/unitTests_tests_element_elementActions_waitForElementToBePresent_true_expectedToPass_By_xpath_id_hplogo_or_alt_Google.png"]. @25-10-2021 10:20:10.0710 AM
[ReportManager] File Action [DoesFileExist] successfully performed. With the following test data [File Path: "src/test/resources/DynamicObjectRepository/unitTests_tests_element_elementActions_waitForElementToBePresent_true_expectedToPass_By_xpath_id_hplogo_or_alt_Google.png"]. @25-10-2021 10:20:10.0855 AM
[ReportManager] Passing the test and saving a reference image @25-10-2021 10:20:10.0855 AM
[ReportManager] File Action [GetAbsolutePath] successfully performed. With the following test data [Relative File Path: "src/test/resources/DynamicObjectRepository/unitTests_tests_element_elementActions_waitForElementToBePresent_true_expectedToPass_By_xpath_id_hplogo_or_alt_Google.png"]. @25-10-2021 10:20:10.0855 AM
[ReportManager] File Action [WriteToFile] successfully performed. With the following test data [Target File Path: "/Users/runner/work/SHAFT_ENGINE/SHAFT_ENGINE/src/test/resources/DynamicObjectRepository/unitTests_tests_element_elementActions_waitForElementToBePresent_true_expectedToPass_By_xpath_id_hplogo_or_alt_Google.png"]. @25-10-2021 10:20:10.0861 AM
[ReportManager] Assertion Passed: Using Visual AI; OpenCV @25-10-2021 10:20:10.0865 AM
[ReportManager] Successfully created attachment [Validation Test Data - Actual Screenshot] @25-10-2021 10:20:10.0867 AM
[ReportManager] Assertion [ValidateElementMatches] PASSED. Expected [Element should match the reference screenshot] and Actual [TRUE]. Comparison Type [EXACT_OPENCV]. Validation Type [POSITIVE]. @25-10-2021 10:20:10.0867 A
[ReportManager] Browser Action [CloseCurrentWindow] successfully performed. @25-10-2021 10:20:10.0971 AM
[ReportManager] Successfully created attachment [Browser Action Test Data - CloseCurrentWindow - Actual Value] @25-10-2021 10:20:10.0972 A
[ReportManager] File Action [GetAbsolutePath] successfully performed. With the following test data [Relative Folder Path: "target/downloadedFiles/"]. @25-10-2021 10:20:10.0978 AM
[ReportManager] Attempting to run locally on: [Mac-64], [Safari], Headless Execution. @25-10-2021 10:20:10.0979 AM
[ReportManager] Successfully Opened Safari. @25-10-2021 10:20:11.0846 AM
[ReportManager] Initial window size: (800, 600) @25-10-2021 10:20:11.0902 AM
[ReportManager] Window size after SWD Maximize: (1176, 811) @25-10-2021 10:20:11.0943 AM
[ReportManager] Browser Action [MaximizeWindow] successfully performed. With the following test data [New screen size is now: (1176, 811)]. @25-10-2021 10:20:11.0944 AM
[ReportManager] Target URL: [https://duckduckgo.com] @25-10-2021 10:20:11.0945 AM
[ReportManager] Initial URL: [] @25-10-2021 10:20:12.0001 AM
[ReportManager] Browser Action [NavigateToURL] successfully performed. With the following test data [https://duckduckgo.com]. @25-10-2021 10:20:14.0467 A

################################################################################################################################################
Starting Execution:	[6 out of 143] test cases in the current suite
Test Method:		[unitTests.tests_browserActions.fullScreenWindow]
################################################################################################################################################
[ReportManager] Initial Windows Size: 1176x811 @25-10-2021 10:20:14.0481 AM
[ReportManager] Current Windows Size after fullScreen: 1176x885 @25-10-2021 10:20:14.0629 AM
[ReportManager] Browser Action [FullScreenWindow] successfully performed. @25-10-2021 10:20:14.0873 AM
[ReportManager] Successfully created attachment [Browser Action Test Data - FullScreenWindow - Actual Value] @25-10-2021 10:20:14.0882 A
[ReportManager] Target URL: [https://duckduckgo.com] @25-10-2021 10:20:14.0888 AM
[ReportManager] Initial URL: [https://duckduckgo.com] @25-10-2021 10:20:15.0306 AM
[ReportManager] Browser Action [NavigateToURL] successfully performed. With the following test data [https://duckduckgo.com]. @25-10-2021 10:20:16.0236 AM
[ReportManager] Browser Action [CloseCurrentWindow] successfully performed. @25-10-2021 10:20:16.0408 AM
[ReportManager] Successfully created attachment [Browser Action Test Data - CloseCurrentWindow - Actual Value] @25-10-2021 10:20:16.0411 A
[ReportManager] File Action [GetAbsolutePath] successfully performed. With the following test data [Relative Folder Path: "target/downloadedFiles/"]. @25-10-2021 10:20:16.0417 AM
[ReportManager] Attempting to run locally on: [Mac-64], [Safari], Headless Execution. @25-10-2021 10:20:16.0418 AM
[ReportManager] Successfully Opened Safari. @25-10-2021 10:20:17.0286 AM
[ReportManager] Initial window size: (800, 600) @25-10-2021 10:20:17.0307 AM
[ReportManager] Window size after SWD Maximize: (1176, 811) @25-10-2021 10:20:17.0340 AM
[ReportManager] Browser Action [MaximizeWindow] successfully performed. With the following test data [New screen size is now: (1176, 811)]. @25-10-2021 10:20:17.0341 AM
[ReportManager] Target URL: [https://duckduckgo.com] @25-10-2021 10:20:17.0341 AM
[ReportManager] Initial URL: [] @25-10-2021 10:20:17.0388 AM
[ReportManager] Browser Action [NavigateToURL] successfully performed. With the following test data [https://duckduckgo.com]. @25-10-2021 10:20:19.0685 A

################################################################################################################################################
Starting Execution:	[7 out of 143] test cases in the current suite
Test Method:		[unitTests.tests_browserActions.getCurrentURL]
################################################################################################################################################
[ReportManager] Browser Action [GetCurrentURL] successfully performed. With the following test data [https://duckduckgo.com/]. @25-10-2021 10:20:19.0716 A
[ReportManager] Target URL: [https://duckduckgo.com] @25-10-2021 10:20:19.0719 AM
[ReportManager] Initial URL: [https://duckduckgo.com] @25-10-2021 10:20:19.0759 AM
[ReportManager] Browser Action [NavigateToURL] successfully performed. With the following test data [https://duckduckgo.com]. @25-10-2021 10:20:20.0588 AM
[ReportManager] Browser Action [CloseCurrentWindow] successfully performed. @25-10-2021 10:20:20.0699 AM
[ReportManager] Successfully created attachment [Browser Action Test Data - CloseCurrentWindow - Actual Value] @25-10-2021 10:20:20.0700 A
[ReportManager] File Action [GetAbsolutePath] successfully performed. With the following test data [Relative Folder Path: "target/downloadedFiles/"]. @25-10-2021 10:20:20.0705 AM
[ReportManager] Attempting to run locally on: [Mac-64], [Safari], Headless Execution. @25-10-2021 10:20:20.0705 AM
[ReportManager] Successfully Opened Safari. @25-10-2021 10:20:21.0538 AM
[ReportManager] Initial window size: (800, 600) @25-10-2021 10:20:21.0563 AM
[ReportManager] Window size after SWD Maximize: (1176, 811) @25-10-2021 10:20:21.0601 AM
[ReportManager] Browser Action [MaximizeWindow] successfully performed. With the following test data [New screen size is now: (1176, 811)]. @25-10-2021 10:20:21.0601 AM
[ReportManager] Target URL: [https://duckduckgo.com] @25-10-2021 10:20:21.0602 AM
[ReportManager] Initial URL: [] @25-10-2021 10:20:21.0659 AM
[ReportManager] Browser Action [NavigateToURL] successfully performed. With the following test data [https://duckduckgo.com]. @25-10-2021 10:20:23.0936 A

################################################################################################################################################
Starting Execution:	[8 out of 143] test cases in the current suite
Test Method:		[unitTests.tests_browserActions.getCurrentWindowTitle]
################################################################################################################################################
[ReportManager] Browser Action [GetCurrentWindowTitle] successfully performed. With the following test data [DuckDuckGo â€” Privacy, simplified.]. @25-10-2021 10:20:23.0986 A
[ReportManager] Target URL: [https://duckduckgo.com] @25-10-2021 10:20:23.0990 AM
[ReportManager] Initial URL: [https://duckduckgo.com] @25-10-2021 10:20:24.0030 AM
[ReportManager] Browser Action [NavigateToURL] successfully performed. With the following test data [https://duckduckgo.com]. @25-10-2021 10:20:24.0841 AM
[ReportManager] Browser Action [CloseCurrentWindow] successfully performed. @25-10-2021 10:20:24.0977 AM
[ReportManager] Successfully created attachment [Browser Action Test Data - CloseCurrentWindow - Actual Value] @25-10-2021 10:20:24.0978 A
[ReportManager] File Action [GetAbsolutePath] successfully performed. With the following test data [Relative Folder Path: "target/downloadedFiles/"]. @25-10-2021 10:20:24.0986 AM
[ReportManager] Attempting to run locally on: [Mac-64], [Safari], Headless Execution. @25-10-2021 10:20:24.0986 AM
[ReportManager] Successfully Opened Safari. @25-10-2021 10:20:25.0821 AM
[ReportManager] Initial window size: (800, 600) @25-10-2021 10:20:25.0844 AM
[ReportManager] Window size after SWD Maximize: (1176, 811) @25-10-2021 10:20:25.0879 AM
[ReportManager] Browser Action [MaximizeWindow] successfully performed. With the following test data [New screen size is now: (1176, 811)]. @25-10-2021 10:20:25.0879 AM
[ReportManager] Target URL: [https://duckduckgo.com] @25-10-2021 10:20:25.0879 AM
[ReportManager] Initial URL: [] @25-10-2021 10:20:25.0916 AM
[ReportManager] Browser Action [NavigateToURL] successfully performed. With the following test data [https://duckduckgo.com]. @25-10-2021 10:20:28.0188 A

################################################################################################################################################
Starting Execution:	[9 out of 143] test cases in the current suite
Test Method:		[unitTests.tests_browserActions.getPageSource]
################################################################################################################################################
[ReportManager] Browser Action [GetPageSource] successfully performed. @25-10-2021 10:20:28.0234 AM
[ReportManager] Successfully created attachment [Browser Action Test Data - GetPageSource - Actual Value] @25-10-2021 10:20:28.0235 A
[ReportManager] Target URL: [https://duckduckgo.com] @25-10-2021 10:20:28.0238 AM
[ReportManager] Initial URL: [https://duckduckgo.com] @25-10-2021 10:20:28.0281 AM
[ReportManager] Browser Action [NavigateToURL] successfully performed. With the following test data [https://duckduckgo.com]. @25-10-2021 10:20:29.0065 AM
[ReportManager] Browser Action [CloseCurrentWindow] successfully performed. @25-10-2021 10:20:29.0246 AM
[ReportManager] Successfully created attachment [Browser Action Test Data - CloseCurrentWindow - Actual Value] @25-10-2021 10:20:29.0247 A
[ReportManager] File Action [GetAbsolutePath] successfully performed. With the following test data [Relative Folder Path: "target/downloadedFiles/"]. @25-10-2021 10:20:29.0250 AM
[ReportManager] Attempting to run locally on: [Mac-64], [Safari], Headless Execution. @25-10-2021 10:20:29.0251 AM
[ReportManager] Successfully Opened Safari. @25-10-2021 10:20:30.0154 AM
[ReportManager] Initial window size: (800, 600) @25-10-2021 10:20:30.0201 AM
[ReportManager] Window size after SWD Maximize: (1176, 811) @25-10-2021 10:20:30.0262 AM
[ReportManager] Browser Action [MaximizeWindow] successfully performed. With the following test data [New screen size is now: (1176, 811)]. @25-10-2021 10:20:30.0263 AM
[ReportManager] Target URL: [https://duckduckgo.com] @25-10-2021 10:20:30.0263 AM
[ReportManager] Initial URL: [] @25-10-2021 10:20:30.0303 AM
[ReportManager] Browser Action [NavigateToURL] successfully performed. With the following test data [https://duckduckgo.com]. @25-10-2021 10:20:32.0507 A

################################################################################################################################################
Starting Execution:	[10 out of 143] test cases in the current suite
Test Method:		[unitTests.tests_browserActions.getWindowHandle]
################################################################################################################################################
[ReportManager] Browser Action [GetWindowHandle] successfully performed. With the following test data [page-A59CC8AE-31FF-4D22-8DFC-DDC461ADB8C8]. @25-10-2021 10:20:32.0541 A
[ReportManager] Target URL: [https://duckduckgo.com] @25-10-2021 10:20:32.0544 AM
[ReportManager] Initial URL: [https://duckduckgo.com] @25-10-2021 10:20:32.0580 AM
[ReportManager] Browser Action [NavigateToURL] successfully performed. With the following test data [https://duckduckgo.com]. @25-10-2021 10:20:33.0377 AM
[ReportManager] Browser Action [CloseCurrentWindow] successfully performed. @25-10-2021 10:20:33.0553 AM
[ReportManager] Successfully created attachment [Browser Action Test Data - CloseCurrentWindow - Actual Value] @25-10-2021 10:20:33.0554 A
[ReportManager] File Action [GetAbsolutePath] successfully performed. With the following test data [Relative Folder Path: "target/downloadedFiles/"]. @25-10-2021 10:20:33.0558 AM
[ReportManager] Attempting to run locally on: [Mac-64], [Safari], Headless Execution. @25-10-2021 10:20:33.0558 AM
[ReportManager] Successfully Opened Safari. @25-10-2021 10:20:34.0406 AM
[ReportManager] Initial window size: (800, 600) @25-10-2021 10:20:34.0414 AM
[ReportManager] Window size after SWD Maximize: (1176, 811) @25-10-2021 10:20:34.0445 AM
[ReportManager] Browser Action [MaximizeWindow] successfully performed. With the following test data [New screen size is now: (1176, 811)]. @25-10-2021 10:20:34.0445 AM
[ReportManager] Target URL: [https://duckduckgo.com] @25-10-2021 10:20:34.0445 AM
[ReportManager] Initial URL: [] @25-10-2021 10:20:34.0500 AM
[ReportManager] Browser Action [NavigateToURL] successfully performed. With the following test data [https://duckduckgo.com]. @25-10-2021 10:20:36.0919 A

################################################################################################################################################
Starting Execution:	[11 out of 143] test cases in the current suite
Test Method:		[unitTests.tests_browserActions.getWindowPosition]
################################################################################################################################################
[ReportManager] Browser Action [GetWindowPosition] successfully performed. With the following test data [(0, 23)]. @25-10-2021 10:20:36.0955 A
[ReportManager] Target URL: [https://duckduckgo.com] @25-10-2021 10:20:36.0958 AM
[ReportManager] Initial URL: [https://duckduckgo.com] @25-10-2021 10:20:37.0019 AM
[ReportManager] Browser Action [NavigateToURL] successfully performed. With the following test data [https://duckduckgo.com]. @25-10-2021 10:20:37.0830 AM
[ReportManager] Browser Action [CloseCurrentWindow] successfully performed. @25-10-2021 10:20:37.0948 AM
[ReportManager] Successfully created attachment [Browser Action Test Data - CloseCurrentWindow - Actual Value] @25-10-2021 10:20:37.0949 A
[ReportManager] File Action [GetAbsolutePath] successfully performed. With the following test data [Relative Folder Path: "target/downloadedFiles/"]. @25-10-2021 10:20:37.0952 AM
[ReportManager] Attempting to run locally on: [Mac-64], [Safari], Headless Execution. @25-10-2021 10:20:37.0952 AM
[ReportManager] Successfully Opened Safari. @25-10-2021 10:20:38.0808 AM
[ReportManager] Initial window size: (800, 600) @25-10-2021 10:20:38.0852 AM
[ReportManager] Window size after SWD Maximize: (1176, 811) @25-10-2021 10:20:38.0949 AM
[ReportManager] Browser Action [MaximizeWindow] successfully performed. With the following test data [New screen size is now: (1176, 811)]. @25-10-2021 10:20:38.0950 AM
[ReportManager] Target URL: [https://duckduckgo.com] @25-10-2021 10:20:38.0950 AM
[ReportManager] Initial URL: [] @25-10-2021 10:20:38.0989 AM
[ReportManager] Browser Action [NavigateToURL] successfully performed. With the following test data [https://duckduckgo.com]. @25-10-2021 10:20:41.0276 A

################################################################################################################################################
Starting Execution:	[12 out of 143] test cases in the current suite
Test Method:		[unitTests.tests_browserActions.getWindowSize]
################################################################################################################################################
[ReportManager] Browser Action [GetWindowSize] successfully performed. With the following test data [(1176, 811)]. @25-10-2021 10:20:41.0375 A
[ReportManager] Target URL: [https://duckduckgo.com] @25-10-2021 10:20:41.0378 AM
[ReportManager] Initial URL: [https://duckduckgo.com] @25-10-2021 10:20:41.0445 AM
[ReportManager] Browser Action [NavigateToURL] successfully performed. With the following test data [https://duckduckgo.com]. @25-10-2021 10:20:42.0251 AM
[ReportManager] Browser Action [CloseCurrentWindow] successfully performed. @25-10-2021 10:20:42.0397 AM
[ReportManager] Successfully created attachment [Browser Action Test Data - CloseCurrentWindow - Actual Value] @25-10-2021 10:20:42.0398 A
[ReportManager] File Action [GetAbsolutePath] successfully performed. With the following test data [Relative Folder Path: "target/downloadedFiles/"]. @25-10-2021 10:20:42.0401 AM
[ReportManager] Attempting to run locally on: [Mac-64], [Safari], Headless Execution. @25-10-2021 10:20:42.0402 AM
[ReportManager] Successfully Opened Safari. @25-10-2021 10:20:43.0284 AM
[ReportManager] Initial window size: (800, 600) @25-10-2021 10:20:43.0309 AM
[ReportManager] Window size after SWD Maximize: (1176, 811) @25-10-2021 10:20:43.0338 AM
[ReportManager] Browser Action [MaximizeWindow] successfully performed. With the following test data [New screen size is now: (1176, 811)]. @25-10-2021 10:20:43.0339 AM
[ReportManager] Target URL: [https://duckduckgo.com] @25-10-2021 10:20:43.0342 AM
[ReportManager] Initial URL: [] @25-10-2021 10:20:43.0400 AM
[ReportManager] Browser Action [NavigateToURL] successfully performed. With the following test data [https://duckduckgo.com]. @25-10-2021 10:20:45.0883 A

################################################################################################################################################
Starting Execution:	[13 out of 143] test cases in the current suite
Test Method:		[unitTests.tests_browserActions.maximizeWindow]
################################################################################################################################################
[ReportManager] Initial window size: (1176, 811) @25-10-2021 10:20:45.0909 AM
[ReportManager] Window size after SWD Maximize: (1176, 811) @25-10-2021 10:20:45.0919 AM
[ReportManager] Window size after Toolkit: (1920, 1080) @25-10-2021 10:20:46.0040 AM
[ReportManager] Browser Action [MaximizeWindow] successfully performed. With the following test data [New screen size is now: (1920, 1080)]. @25-10-2021 10:20:46.0045 A
[ReportManager] Target URL: [https://duckduckgo.com] @25-10-2021 10:20:46.0059 AM
[ReportManager] Initial URL: [https://duckduckgo.com] @25-10-2021 10:20:46.0109 AM
[ReportManager] Browser Action [NavigateToURL] successfully performed. With the following test data [https://duckduckgo.com]. @25-10-2021 10:20:47.0071 AM
[ReportManager] Browser Action [CloseCurrentWindow] successfully performed. @25-10-2021 10:20:47.0275 AM
[ReportManager] Successfully created attachment [Browser Action Test Data - CloseCurrentWindow - Actual Value] @25-10-2021 10:20:47.0281 A
[ReportManager] File Action [GetAbsolutePath] successfully performed. With the following test data [Relative Folder Path: "target/downloadedFiles/"]. @25-10-2021 10:20:47.0302 AM
[ReportManager] Attempting to run locally on: [Mac-64], [Safari], Headless Execution. @25-10-2021 10:20:47.0303 AM
[ReportManager] Successfully Opened Safari. @25-10-2021 10:20:48.0243 AM
[ReportManager] Initial window size: (800, 600) @25-10-2021 10:20:48.0389 AM
[ReportManager] Window size after SWD Maximize: (1176, 811) @25-10-2021 10:20:48.0455 AM
[ReportManager] Browser Action [MaximizeWindow] successfully performed. With the following test data [New screen size is now: (1176, 811)]. @25-10-2021 10:20:48.0456 AM
[ReportManager] Target URL: [https://duckduckgo.com] @25-10-2021 10:20:48.0456 AM
[ReportManager] Initial URL: [] @25-10-2021 10:20:48.0537 AM
[ReportManager] Browser Action [NavigateToURL] successfully performed. With the following test data [https://duckduckgo.com]. @25-10-2021 10:20:50.0831 A

################################################################################################################################################
Starting Execution:	[14 out of 143] test cases in the current suite
Test Method:		[unitTests.tests_browserActions.navigateBack]
################################################################################################################################################
[ReportManager] Target URL: [https://www.google.com/ncr], and after redirection: [https://www.google.com] @25-10-2021 10:20:50.0851 AM
[ReportManager] Initial URL: [https://duckduckgo.com] @25-10-2021 10:20:50.0898 AM
[ReportManager] Browser Action [NavigateToURL] successfully performed. With the following test data [https://www.google.com/ncr]. @25-10-2021 10:20:52.0254 AM
[ReportManager] Browser Action [NavigateBack] successfully performed. With the following test data [https://duckduckgo.com/]. @25-10-2021 10:20:52.0431 AM
[ReportManager] Browser Action [GetCurrentURL] successfully performed. With the following test data [https://duckduckgo.com/]. @25-10-2021 10:20:52.0462 AM
[ReportManager] Assertion Passed: Confirming that navigating back was successful @25-10-2021 10:20:52.0620 AM
[ReportManager] Successfully created attachment [Screenshot - 1635157252501_navigateBack_ValidateBrowserAttribute_passed] @25-10-2021 10:20:52.0634 AM
[ReportManager] Assertion [ValidateBrowserAttribute] PASSED. Expected [Value Should be 'https://duckduckgo.com' for the 'CurrentUrl' attribute] and Actual [https://duckduckgo.com/]. Comparison Type [CONTAINS]. Validation Type [POSITIVE]. @25-10-2021 10:20:52.0634 A
[ReportManager] Target URL: [https://duckduckgo.com] @25-10-2021 10:20:52.0659 AM
[ReportManager] Initial URL: [https://duckduckgo.com] @25-10-2021 10:20:52.0720 AM
[ReportManager] Browser Action [NavigateToURL] successfully performed. With the following test data [https://duckduckgo.com]. @25-10-2021 10:20:53.0715 AM
[ReportManager] Browser Action [CloseCurrentWindow] successfully performed. @25-10-2021 10:20:53.0785 AM
[ReportManager] Successfully created attachment [Browser Action Test Data - CloseCurrentWindow - Actual Value] @25-10-2021 10:20:53.0792 A
[ReportManager] File Action [GetAbsolutePath] successfully performed. With the following test data [Relative Folder Path: "target/downloadedFiles/"]. @25-10-2021 10:20:53.0814 AM
[ReportManager] Attempting to run locally on: [Mac-64], [Safari], Headless Execution. @25-10-2021 10:20:53.0814 AM
[ReportManager] Successfully Opened Safari. @25-10-2021 10:20:54.0690 AM
[ReportManager] Initial window size: (800, 600) @25-10-2021 10:20:54.0723 AM
[ReportManager] Window size after SWD Maximize: (1176, 811) @25-10-2021 10:20:54.0764 AM
[ReportManager] Browser Action [MaximizeWindow] successfully performed. With the following test data [New screen size is now: (1176, 811)]. @25-10-2021 10:20:54.0773 AM
[ReportManager] Target URL: [https://duckduckgo.com] @25-10-2021 10:20:54.0773 AM
[ReportManager] Initial URL: [] @25-10-2021 10:20:54.0821 AM
[ReportManager] Browser Action [NavigateToURL] successfully performed. With the following test data [https://duckduckgo.com]. @25-10-2021 10:20:57.0239 A

################################################################################################################################################
Starting Execution:	[15 out of 143] test cases in the current suite
Test Method:		[unitTests.tests_browserActions.navigateForward]
################################################################################################################################################
[ReportManager] Target URL: [https://www.google.com/ncr], and after redirection: [https://www.google.com] @25-10-2021 10:20:57.0261 AM
[ReportManager] Initial URL: [https://duckduckgo.com] @25-10-2021 10:20:57.0302 AM
[ReportManager] Browser Action [NavigateToURL] successfully performed. With the following test data [https://www.google.com/ncr]. @25-10-2021 10:20:58.0734 AM
[ReportManager] Browser Action [NavigateBack] successfully performed. With the following test data [https://duckduckgo.com/]. @25-10-2021 10:20:58.0977 AM
[ReportManager] Browser Action [NavigateForward] successfully performed. With the following test data [https://www.google.com/]. @25-10-2021 10:20:59.0159 A
[ReportManager] Target URL: [https://duckduckgo.com] @25-10-2021 10:20:59.0174 AM
[ReportManager] Initial URL: [https://www.google.com] @25-10-2021 10:20:59.0234 AM
[ReportManager] Browser Action [NavigateToURL] successfully performed. With the following test data [https://duckduckgo.com]. @25-10-2021 10:21:00.0054 AM
[ReportManager] Browser Action [CloseCurrentWindow] successfully performed. @25-10-2021 10:21:00.0321 AM
[ReportManager] Successfully created attachment [Browser Action Test Data - CloseCurrentWindow - Actual Value] @25-10-2021 10:21:00.0329 A
[ReportManager] File Action [GetAbsolutePath] successfully performed. With the following test data [Relative Folder Path: "target/downloadedFiles/"]. @25-10-2021 10:21:00.0351 AM
[ReportManager] Attempting to run locally on: [Mac-64], [Safari], Headless Execution. @25-10-2021 10:21:00.0352 AM
[ReportManager] Successfully Opened Safari. @25-10-2021 10:21:01.0407 AM
[ReportManager] Initial window size: (800, 600) @25-10-2021 10:21:01.0431 AM
[ReportManager] Window size after SWD Maximize: (1176, 811) @25-10-2021 10:21:01.0550 AM
[ReportManager] Browser Action [MaximizeWindow] successfully performed. With the following test data [New screen size is now: (1176, 811)]. @25-10-2021 10:21:01.0551 AM
[ReportManager] Target URL: [https://duckduckgo.com] @25-10-2021 10:21:01.0551 AM
[ReportManager] Initial URL: [] @25-10-2021 10:21:01.0631 AM
[ReportManager] Browser Action [NavigateToURL] successfully performed. With the following test data [https://duckduckgo.com]. @25-10-2021 10:21:03.0929 A

################################################################################################################################################
Starting Execution:	[16 out of 143] test cases in the current suite
Test Method:		[unitTests.tests_browserActions.navigateToURL]
################################################################################################################################################
[ReportManager] Target URL: [https://duckduckgo.com] @25-10-2021 10:21:03.0945 AM
[ReportManager] Initial URL: [https://duckduckgo.com] @25-10-2021 10:21:03.0985 AM
[ReportManager] Browser Action [NavigateToURL] successfully performed. With the following test data [https://duckduckgo.com]. @25-10-2021 10:21:04.0838 A
[ReportManager] Target URL: [https://duckduckgo.com] @25-10-2021 10:21:04.0862 AM
[ReportManager] Initial URL: [https://duckduckgo.com] @25-10-2021 10:21:04.0903 AM
[ReportManager] Browser Action [NavigateToURL] successfully performed. With the following test data [https://duckduckgo.com]. @25-10-2021 10:21:05.0715 AM
[ReportManager] Browser Action [CloseCurrentWindow] successfully performed. @25-10-2021 10:21:05.0876 AM
[ReportManager] Successfully created attachment [Browser Action Test Data - CloseCurrentWindow - Actual Value] @25-10-2021 10:21:05.0883 A
[ReportManager] File Action [GetAbsolutePath] successfully performed. With the following test data [Relative Folder Path: "target/downloadedFiles/"]. @25-10-2021 10:21:05.0907 AM
[ReportManager] Attempting to run locally on: [Mac-64], [Safari], Headless Execution. @25-10-2021 10:21:05.0908 AM
[ReportManager] Successfully Opened Safari. @25-10-2021 10:21:06.0746 AM
[ReportManager] Initial window size: (800, 600) @25-10-2021 10:21:06.0753 AM
[ReportManager] Window size after SWD Maximize: (1176, 811) @25-10-2021 10:21:06.0780 AM
[ReportManager] Browser Action [MaximizeWindow] successfully performed. With the following test data [New screen size is now: (1176, 811)]. @25-10-2021 10:21:06.0781 AM
[ReportManager] Target URL: [https://duckduckgo.com] @25-10-2021 10:21:06.0781 AM
[ReportManager] Initial URL: [] @25-10-2021 10:21:06.0848 AM
[ReportManager] Browser Action [NavigateToURL] successfully performed. With the following test data [https://duckduckgo.com]. @25-10-2021 10:21:09.0080 A

################################################################################################################################################
Starting Execution:	[17 out of 143] test cases in the current suite
Test Method:		[unitTests.tests_browserActions.navigateToURLWithRedirection]
################################################################################################################################################
[ReportManager] Target URL: [https://www.google.com/ncr], and after redirection: [https://www.google.com] @25-10-2021 10:21:09.0101 AM
[ReportManager] Initial URL: [https://duckduckgo.com] @25-10-2021 10:21:09.0140 AM
[ReportManager] Browser Action [NavigateToURL] successfully performed. With the following test data [https://www.google.com/ncr]. @25-10-2021 10:21:10.0611 A
[ReportManager] Target URL: [https://duckduckgo.com] @25-10-2021 10:21:10.0626 AM
[ReportManager] Initial URL: [https://www.google.com] @25-10-2021 10:21:10.0673 AM
[ReportManager] Browser Action [NavigateToURL] successfully performed. With the following test data [https://duckduckgo.com]. @25-10-2021 10:21:11.0382 AM
[ReportManager] Browser Action [CloseCurrentWindow] successfully performed. @25-10-2021 10:21:11.0578 AM
[ReportManager] Successfully created attachment [Browser Action Test Data - CloseCurrentWindow - Actual Value] @25-10-2021 10:21:11.0584 A
[ReportManager] File Action [GetAbsolutePath] successfully performed. With the following test data [Relative Folder Path: "target/downloadedFiles/"]. @25-10-2021 10:21:11.0607 AM
[ReportManager] Attempting to run locally on: [Mac-64], [Safari], Headless Execution. @25-10-2021 10:21:11.0607 AM
[ReportManager] Successfully Opened Safari. @25-10-2021 10:21:12.0562 AM
[ReportManager] Initial window size: (800, 600) @25-10-2021 10:21:12.0570 AM
[ReportManager] Window size after SWD Maximize: (1176, 811) @25-10-2021 10:21:12.0596 AM
[ReportManager] Browser Action [MaximizeWindow] successfully performed. With the following test data [New screen size is now: (1176, 811)]. @25-10-2021 10:21:12.0597 AM
[ReportManager] Target URL: [https://duckduckgo.com] @25-10-2021 10:21:12.0597 AM
[ReportManager] Initial URL: [] @25-10-2021 10:21:12.0672 AM
[ReportManager] Browser Action [NavigateToURL] successfully performed. With the following test data [https://duckduckgo.com]. @25-10-2021 10:21:14.0967 A

################################################################################################################################################
Starting Execution:	[18 out of 143] test cases in the current suite
Test Method:		[unitTests.tests_browserActions.refreshCurrentPage]
################################################################################################################################################
[ReportManager] Browser Action [RefreshCurrentPage] successfully performed. @25-10-2021 10:21:15.0712 AM
[ReportManager] Successfully created attachment [Browser Action Test Data - RefreshCurrentPage - Actual Value] @25-10-2021 10:21:15.0719 A
[ReportManager] Target URL: [https://duckduckgo.com] @25-10-2021 10:21:15.0722 AM
[ReportManager] Initial URL: [https://duckduckgo.com] @25-10-2021 10:21:15.0757 AM
[ReportManager] Browser Action [NavigateToURL] successfully performed. With the following test data [https://duckduckgo.com]. @25-10-2021 10:21:16.0631 AM
[ReportManager] Browser Action [CloseCurrentWindow] successfully performed. @25-10-2021 10:21:16.0746 AM
[ReportManager] Successfully created attachment [Browser Action Test Data - CloseCurrentWindow - Actual Value] @25-10-2021 10:21:16.0747 A
[ReportManager] File Action [GetAbsolutePath] successfully performed. With the following test data [Relative Folder Path: "target/downloadedFiles/"]. @25-10-2021 10:21:16.0749 AM
[ReportManager] Attempting to run locally on: [Mac-64], [Safari], Headless Execution. @25-10-2021 10:21:16.0750 AM
[ReportManager] Successfully Opened Safari. @25-10-2021 10:21:17.0714 AM
[ReportManager] Initial window size: (800, 600) @25-10-2021 10:21:17.0746 AM
[ReportManager] Window size after SWD Maximize: (1176, 811) @25-10-2021 10:21:17.0766 AM
[ReportManager] Browser Action [MaximizeWindow] successfully performed. With the following test data [New screen size is now: (1176, 811)]. @25-10-2021 10:21:17.0766 AM
[ReportManager] Target URL: [https://duckduckgo.com] @25-10-2021 10:21:17.0767 AM
[ReportManager] Initial URL: [] @25-10-2021 10:21:17.0834 AM
[ReportManager] Browser Action [NavigateToURL] successfully performed. With the following test data [https://duckduckgo.com]. @25-10-2021 10:21:20.0140 A

################################################################################################################################################
Starting Execution:	[19 out of 143] test cases in the current suite
Test Method:		[unitTests.tests_browserActions.setWindowSize]
################################################################################################################################################
[ReportManager] Initial window size: (1176, 811) @25-10-2021 10:21:20.0168 AM
[ReportManager] Window size after SWD: (1280, 720) @25-10-2021 10:21:20.0205 AM
[ReportManager] Browser Action [SetWindowSize] successfully performed. With the following test data [New screen size is now: (1280, 720)]. @25-10-2021 10:21:20.0205 A
[ReportManager] Target URL: [https://duckduckgo.com] @25-10-2021 10:21:20.0208 AM
[ReportManager] Initial URL: [https://duckduckgo.com] @25-10-2021 10:21:20.0281 AM
[ReportManager] Browser Action [NavigateToURL] successfully performed. With the following test data [https://duckduckgo.com]. @25-10-2021 10:21:21.0233 AM
[ReportManager] Browser Action [CloseCurrentWindow] successfully performed. @25-10-2021 10:21:21.0349 AM
[ReportManager] Successfully created attachment [Browser Action Test Data - CloseCurrentWindow - Actual Value] @25-10-2021 10:21:21.0356 A
[ReportManager] Successfully loaded the following test data file [src/test/resources/TestDataFiles/testSuite01/TestData.xlsx]. @25-10-2021 10:21:23.0250 AM
[ReportManager] Successfully created attachment [Test Data - Excel] @25-10-2021 10:21:23.0256 A

################################################################################################################################################
Starting Execution:	[20 out of 143] test cases in the current suite
Test Method:		[unitTests.tests_io_excelFileManager.getCellData_rowName_expectedToPass]
################################################################################################################################################
[ReportManager] testRowData. @25-10-2021 10:21:23.0290 A

################################################################################################################################################
Starting Execution:	[21 out of 143] test cases in the current suite
Test Method:		[unitTests.tests_validations_assertions.assertComparativeRelation_greaterThanOrEquals_false_equals_expectedToFail]
################################################################################################################################################
[ReportManager] Assertion [ValidateComparativeRelation] FAILED. Expected [1] and Actual [1]. Comparison Type [GREATER_THAN_OR_EQUALS]. Validation Type [NEGATIVE]. @25-10-2021 10:21:23.0316 A

################################################################################################################################################
Starting Execution:	[22 out of 143] test cases in the current suite
Test Method:		[unitTests.tests_validations_assertions.assertComparativeRelation_greaterThanOrEquals_false_equals_expectedToPass]
################################################################################################################################################
[ReportManager] Assertion [ValidateComparativeRelation] PASSED. Expected [2] and Actual [1]. Comparison Type [GREATER_THAN_OR_EQUALS]. Validation Type [NEGATIVE]. @25-10-2021 10:21:23.0341 A

################################################################################################################################################
Starting Execution:	[23 out of 143] test cases in the current suite
Test Method:		[unitTests.tests_validations_assertions.assertComparativeRelation_greaterThanOrEquals_false_greaterThan_expectedToFail]
################################################################################################################################################
[ReportManager] Assertion [ValidateComparativeRelation] FAILED. Expected [1] and Actual [2]. Comparison Type [GREATER_THAN_OR_EQUALS]. Validation Type [NEGATIVE]. @25-10-2021 10:21:23.0363 A

################################################################################################################################################
Starting Execution:	[24 out of 143] test cases in the current suite
Test Method:		[unitTests.tests_validations_assertions.assertComparativeRelation_greaterThanOrEquals_false_greaterThan_expectedToPass]
################################################################################################################################################
[ReportManager] Assertion [ValidateComparativeRelation] PASSED. Expected [2] and Actual [1]. Comparison Type [GREATER_THAN_OR_EQUALS]. Validation Type [NEGATIVE]. @25-10-2021 10:21:23.0387 A

################################################################################################################################################
Starting Execution:	[25 out of 143] test cases in the current suite
Test Method:		[unitTests.tests_validations_assertions.assertComparativeRelation_greaterThanOrEquals_true_equals_expectedToFail]
################################################################################################################################################
[ReportManager] Assertion [ValidateComparativeRelation] FAILED. Expected [1] and Actual [0]. Comparison Type [GREATER_THAN_OR_EQUALS]. Validation Type [POSITIVE]. @25-10-2021 10:21:23.0413 A

################################################################################################################################################
Starting Execution:	[26 out of 143] test cases in the current suite
Test Method:		[unitTests.tests_validations_assertions.assertComparativeRelation_greaterThanOrEquals_true_equals_expectedToPass]
################################################################################################################################################
[ReportManager] Assertion [ValidateComparativeRelation] PASSED. Expected [1] and Actual [1]. Comparison Type [GREATER_THAN_OR_EQUALS]. Validation Type [POSITIVE]. @25-10-2021 10:21:23.0438 A

################################################################################################################################################
Starting Execution:	[27 out of 143] test cases in the current suite
Test Method:		[unitTests.tests_validations_assertions.assertComparativeRelation_greaterThanOrEquals_true_greaterThan_expectedToFail]
################################################################################################################################################
[ReportManager] Assertion [ValidateComparativeRelation] FAILED. Expected [2] and Actual [1]. Comparison Type [GREATER_THAN_OR_EQUALS]. Validation Type [POSITIVE]. @25-10-2021 10:21:23.0463 A

################################################################################################################################################
Starting Execution:	[28 out of 143] test cases in the current suite
Test Method:		[unitTests.tests_validations_assertions.assertComparativeRelation_greaterThanOrEquals_true_greaterThan_expectedToPass]
################################################################################################################################################
[ReportManager] Assertion [ValidateComparativeRelation] PASSED. Expected [1] and Actual [2]. Comparison Type [GREATER_THAN_OR_EQUALS]. Validation Type [POSITIVE]. @25-10-2021 10:21:23.0483 A
[ReportManager] File Action [GetAbsolutePath] successfully performed. With the following test data [Relative Folder Path: "target/downloadedFiles/"]. @25-10-2021 10:21:23.0517 AM
[ReportManager] Attempting to run locally on: [Mac-64], [Safari], Headless Execution. @25-10-2021 10:21:23.0518 AM
[ReportManager] Successfully Opened Safari. @25-10-2021 10:21:24.0422 AM
[ReportManager] Initial window size: (800, 600) @25-10-2021 10:21:24.0486 AM
[ReportManager] Window size after SWD Maximize: (1176, 811) @25-10-2021 10:21:24.0509 AM
[ReportManager] Browser Action [MaximizeWindow] successfully performed. With the following test data [New screen size is now: (1176, 811)]. @25-10-2021 10:21:24.0509 AM
[ReportManager] Target URL: [https://www.google.com/ncr], and after redirection: [www.google.com] @25-10-2021 10:21:24.0509 AM
[ReportManager] Initial URL: [] @25-10-2021 10:21:24.0578 AM
[ReportManager] Browser Action [NavigateToURL] successfully performed. With the following test data [https://www.google.com/ncr]. @25-10-2021 10:21:26.0205 A

################################################################################################################################################
Starting Execution:	[29 out of 143] test cases in the current suite
Test Method:		[unitTests.tests_validations_assertions.assertElementAttribute_false_caseInsensitiveComparison_expectedToFail]
################################################################################################################################################
[ReportManager] Element Action [Type] successfully performed. With the following test data [AUTOMATION]. @25-10-2021 10:21:26.0981 AM
[ReportManager] Element Action [GetText] successfully performed. With the following test data [AUTOMATION]. @25-10-2021 10:21:27.0057 AM
[ReportManager] Loaded Shared OpenCV @25-10-2021 10:21:28.0920 AM
[ReportManager] Assertion [ValidateElementAttribute] FAILED. Expected [Value Should not be 'AutomaTion' for the 'text' attribute, element locator 'By.name: q'] and Actual [AUTOMATION]. Comparison Type [CASE_INSENSITIVE]. Validation Type [NEGATIVE]. @25-10-2021 10:21:29.0358 AM
[ReportManager] Successfully created attachment [Screenshot - 1635157287160_assertElementAttribute_false_caseInsensitiveComparison_expectedToFail_ValidateElementAttribute_failed] @25-10-2021 10:21:29.0373 A
[ReportManager] Browser Action [CloseCurrentWindow] successfully performed. @25-10-2021 10:21:29.0468 AM
[ReportManager] Successfully created attachment [Browser Action Test Data - CloseCurrentWindow - Actual Value] @25-10-2021 10:21:29.0480 A
[ReportManager] File Action [GetAbsolutePath] successfully performed. With the following test data [Relative Folder Path: "target/downloadedFiles/"]. @25-10-2021 10:21:29.0492 AM
[ReportManager] Attempting to run locally on: [Mac-64], [Safari], Headless Execution. @25-10-2021 10:21:29.0494 AM
[ReportManager] Successfully Opened Safari. @25-10-2021 10:21:30.0443 AM
[ReportManager] Initial window size: (800, 600) @25-10-2021 10:21:30.0448 AM
[ReportManager] Window size after SWD Maximize: (1176, 811) @25-10-2021 10:21:30.0464 AM
[ReportManager] Browser Action [MaximizeWindow] successfully performed. With the following test data [New screen size is now: (1176, 811)]. @25-10-2021 10:21:30.0470 AM
[ReportManager] Target URL: [https://www.google.com/ncr], and after redirection: [www.google.com] @25-10-2021 10:21:30.0470 AM
[ReportManager] Initial URL: [] @25-10-2021 10:21:30.0537 AM
[ReportManager] Browser Action [NavigateToURL] successfully performed. With the following test data [https://www.google.com/ncr]. @25-10-2021 10:21:32.0240 A

################################################################################################################################################
Starting Execution:	[30 out of 143] test cases in the current suite
Test Method:		[unitTests.tests_validations_assertions.assertElementAttribute_false_caseInsensitiveComparison_expectedToPass]
################################################################################################################################################
[ReportManager] Element Action [Type] successfully performed. With the following test data [AUTOMATION]. @25-10-2021 10:21:32.0805 AM
[ReportManager] Element Action [GetText] successfully performed. With the following test data [AUTOMATION]. @25-10-2021 10:21:32.0972 AM
[ReportManager] Loaded Shared OpenCV @25-10-2021 10:21:33.0057 AM
[ReportManager] Assertion [ValidateElementAttribute] PASSED. Expected [Value Should not be 'AutomaTion123' for the 'text' attribute, element locator 'By.name: q'] and Actual [AUTOMATION]. Comparison Type [CASE_INSENSITIVE]. Validation Type [NEGATIVE]. @25-10-2021 10:21:33.0375 AM
[ReportManager] Successfully created attachment [Screenshot - 1635157293057_assertElementAttribute_false_caseInsensitiveComparison_expectedToPass_ValidateElementAttribute_passed] @25-10-2021 10:21:33.0398 A
[ReportManager] Browser Action [CloseCurrentWindow] successfully performed. @25-10-2021 10:21:33.0580 AM
[ReportManager] Successfully created attachment [Browser Action Test Data - CloseCurrentWindow - Actual Value] @25-10-2021 10:21:33.0582 A
[ReportManager] File Action [GetAbsolutePath] successfully performed. With the following test data [Relative Folder Path: "target/downloadedFiles/"]. @25-10-2021 10:21:33.0599 AM
[ReportManager] Attempting to run locally on: [Mac-64], [Safari], Headless Execution. @25-10-2021 10:21:33.0599 AM
[ReportManager] Successfully Opened Safari. @25-10-2021 10:21:34.0490 AM
[ReportManager] Initial window size: (800, 600) @25-10-2021 10:21:34.0507 AM
[ReportManager] Window size after SWD Maximize: (1176, 811) @25-10-2021 10:21:34.0560 AM
[ReportManager] Browser Action [MaximizeWindow] successfully performed. With the following test data [New screen size is now: (1176, 811)]. @25-10-2021 10:21:34.0560 AM
[ReportManager] Target URL: [https://www.google.com/ncr], and after redirection: [www.google.com] @25-10-2021 10:21:34.0560 AM
[ReportManager] Initial URL: [] @25-10-2021 10:21:34.0612 AM
[ReportManager] Browser Action [NavigateToURL] successfully performed. With the following test data [https://www.google.com/ncr]. @25-10-2021 10:21:35.0971 A

################################################################################################################################################
Starting Execution:	[31 out of 143] test cases in the current suite
Test Method:		[unitTests.tests_validations_assertions.assertElementAttribute_false_containsComparison_expectedToFail]
################################################################################################################################################
[ReportManager] Element Action [Type] successfully performed. With the following test data [Automation123]. @25-10-2021 10:21:36.0607 AM
[ReportManager] Element Action [GetText] successfully performed. With the following test data [Automation123]. @25-10-2021 10:21:36.0686 AM
[ReportManager] Loaded Shared OpenCV @25-10-2021 10:21:36.0770 AM
[ReportManager] Assertion [ValidateElementAttribute] FAILED. Expected [Value Should not be 'Automation' for the 'text' attribute, element locator 'By.name: q'] and Actual [Automation123]. Comparison Type [CONTAINS]. Validation Type [NEGATIVE]. @25-10-2021 10:21:37.0000 AM
[ReportManager] Successfully created attachment [Screenshot - 1635157296770_assertElementAttribute_false_containsComparison_expectedToFail_ValidateElementAttribute_failed] @25-10-2021 10:21:37.0008 A
[ReportManager] Browser Action [CloseCurrentWindow] successfully performed. @25-10-2021 10:21:37.0336 AM
[ReportManager] Successfully created attachment [Browser Action Test Data - CloseCurrentWindow - Actual Value] @25-10-2021 10:21:37.0343 A
[ReportManager] File Action [GetAbsolutePath] successfully performed. With the following test data [Relative Folder Path: "target/downloadedFiles/"]. @25-10-2021 10:21:37.0364 AM
[ReportManager] Attempting to run locally on: [Mac-64], [Safari], Headless Execution. @25-10-2021 10:21:37.0364 AM
[ReportManager] Successfully Opened Safari. @25-10-2021 10:21:38.0353 AM
[ReportManager] Initial window size: (800, 600) @25-10-2021 10:21:38.0363 AM
[ReportManager] Window size after SWD Maximize: (1176, 811) @25-10-2021 10:21:38.0402 AM
[ReportManager] Browser Action [MaximizeWindow] successfully performed. With the following test data [New screen size is now: (1176, 811)]. @25-10-2021 10:21:38.0402 AM
[ReportManager] Target URL: [https://www.google.com/ncr], and after redirection: [www.google.com] @25-10-2021 10:21:38.0402 AM
[ReportManager] Initial URL: [] @25-10-2021 10:21:38.0482 AM
[ReportManager] Browser Action [NavigateToURL] successfully performed. With the following test data [https://www.google.com/ncr]. @25-10-2021 10:21:40.0242 A

################################################################################################################################################
Starting Execution:	[32 out of 143] test cases in the current suite
Test Method:		[unitTests.tests_validations_assertions.assertElementAttribute_false_containsComparison_expectedToPass]
################################################################################################################################################
[ReportManager] Element Action [Type] successfully performed. With the following test data [Automation123]. @25-10-2021 10:21:40.0860 AM
[ReportManager] Element Action [GetText] successfully performed. With the following test data [Automation123]. @25-10-2021 10:21:40.0934 AM
[ReportManager] Loaded Shared OpenCV @25-10-2021 10:21:41.0022 AM
[ReportManager] Assertion [ValidateElementAttribute] PASSED. Expected [Value Should not be 'Automation1234' for the 'text' attribute, element locator 'By.name: q'] and Actual [Automation123]. Comparison Type [CONTAINS]. Validation Type [NEGATIVE]. @25-10-2021 10:21:41.0249 AM
[ReportManager] Successfully created attachment [Screenshot - 1635157301022_assertElementAttribute_false_containsComparison_expectedToPass_ValidateElementAttribute_passed] @25-10-2021 10:21:41.0272 A
[ReportManager] Browser Action [CloseCurrentWindow] successfully performed. @25-10-2021 10:21:41.0453 AM
[ReportManager] Successfully created attachment [Browser Action Test Data - CloseCurrentWindow - Actual Value] @25-10-2021 10:21:41.0454 A
[ReportManager] File Action [GetAbsolutePath] successfully performed. With the following test data [Relative Folder Path: "target/downloadedFiles/"]. @25-10-2021 10:21:41.0477 AM
[ReportManager] Attempting to run locally on: [Mac-64], [Safari], Headless Execution. @25-10-2021 10:21:41.0477 AM
[ReportManager] Successfully Opened Safari. @25-10-2021 10:21:42.0495 AM
[ReportManager] Initial window size: (800, 600) @25-10-2021 10:21:42.0503 AM
[ReportManager] Window size after SWD Maximize: (1176, 811) @25-10-2021 10:21:42.0525 AM
[ReportManager] Browser Action [MaximizeWindow] successfully performed. With the following test data [New screen size is now: (1176, 811)]. @25-10-2021 10:21:42.0526 AM
[ReportManager] Target URL: [https://www.google.com/ncr], and after redirection: [www.google.com] @25-10-2021 10:21:42.0526 AM
[ReportManager] Initial URL: [] @25-10-2021 10:21:42.0592 AM
[ReportManager] Browser Action [NavigateToURL] successfully performed. With the following test data [https://www.google.com/ncr]. @25-10-2021 10:21:44.0197 A

################################################################################################################################################
Starting Execution:	[33 out of 143] test cases in the current suite
Test Method:		[unitTests.tests_validations_assertions.assertElementAttribute_false_literalComparison_expectedToFail]
################################################################################################################################################
[ReportManager] Element Action [Type] successfully performed. With the following test data [Automation!@#$%^&*()_+{}[]\';/.,]. @25-10-2021 10:21:45.0636 AM
[ReportManager] Element Action [GetText] successfully performed. With the following test data [Automation!@#$%^&*()_+{}[]\';/.,]. @25-10-2021 10:21:45.0707 AM
[ReportManager] Loaded Shared OpenCV @25-10-2021 10:21:45.0779 AM
[ReportManager] Assertion [ValidateElementAttribute] PASSED. Expected [Value Should not be 'Automation!@#$%^&*()_+{}[]\\';/.,' for the 'text' attribute, element locator 'By.name: q'] and Actual [Automation!@#$%^&*()_+{}[]\';/.,]. Comparison Type [EQUALS]. Validation Type [NEGATIVE]. @25-10-2021 10:21:45.0925 AM
[ReportManager] Successfully created attachment [Screenshot - 1635157305779_assertElementAttribute_false_literalComparison_expectedToFail_ValidateElementAttribute_passed] @25-10-2021 10:21:45.0936 A
[ReportManager] Browser Action [CloseCurrentWindow] successfully performed. @25-10-2021 10:21:46.0025 AM
[ReportManager] Successfully created attachment [Browser Action Test Data - CloseCurrentWindow - Actual Value] @25-10-2021 10:21:46.0037 A
[ReportManager] File Action [GetAbsolutePath] successfully performed. With the following test data [Relative Folder Path: "target/downloadedFiles/"]. @25-10-2021 10:21:46.0058 AM
[ReportManager] Attempting to run locally on: [Mac-64], [Safari], Headless Execution. @25-10-2021 10:21:46.0059 A

################################################################################################################################################
Starting Execution:	[34 out of 143] test cases in the current suite
Test Method:		[unitTests.tests_validations_assertions.assertElementAttribute_false_literalComparison_expectedToPass]
###############################################################################################################################################



################################################################################################################################################
Starting Execution:	[35 out of 143] test cases in the current suite
Test Method:		[unitTests.tests_validations_assertions.assertElementAttribute_false_regexComparison_expectedToFail]
###############################################################################################################################################



################################################################################################################################################
Starting Execution:	[36 out of 143] test cases in the current suite
Test Method:		[unitTests.tests_validations_assertions.assertElementAttribute_false_regexComparison_expectedToPass]
###############################################################################################################################################



################################################################################################################################################
Starting Execution:	[37 out of 143] test cases in the current suite
Test Method:		[unitTests.tests_validations_assertions.assertElementAttribute_true_caseInsensitiveComparison_expectedToFail]
###############################################################################################################################################



################################################################################################################################################
Starting Execution:	[38 out of 143] test cases in the current suite
Test Method:		[unitTests.tests_validations_assertions.assertElementAttribute_true_caseInsensitiveComparison_expectedToPass]
###############################################################################################################################################



################################################################################################################################################
Starting Execution:	[39 out of 143] test cases in the current suite
Test Method:		[unitTests.tests_validations_assertions.assertElementAttribute_true_containsComparison_expectedToFail]
###############################################################################################################################################



################################################################################################################################################
Starting Execution:	[40 out of 143] test cases in the current suite
Test Method:		[unitTests.tests_validations_assertions.assertElementAttribute_true_containsComparison_expectedToPass]
###############################################################################################################################################



################################################################################################################################################
Starting Execution:	[41 out of 143] test cases in the current suite
Test Method:		[unitTests.tests_validations_assertions.assertElementAttribute_true_literalComparison_expectedToFail]
###############################################################################################################################################



################################################################################################################################################
Starting Execution:	[42 out of 143] test cases in the current suite
Test Method:		[unitTests.tests_validations_assertions.assertElementAttribute_true_literalComparison_expectedToPass]
###############################################################################################################################################



################################################################################################################################################
Starting Execution:	[43 out of 143] test cases in the current suite
Test Method:		[unitTests.tests_validations_assertions.assertElementAttribute_true_regexComparison_expectedToFail]
###############################################################################################################################################



################################################################################################################################################
Starting Execution:	[44 out of 143] test cases in the current suite
Test Method:		[unitTests.tests_validations_assertions.assertElementAttribute_true_regexComparison_expectedToPass]
###############################################################################################################################################



################################################################################################################################################
Starting Execution:	[45 out of 143] test cases in the current suite
Test Method:		[unitTests.tests_validations_assertions.assertElementAttribute_type_true_literalComparison_expectedToPass]
###############################################################################################################################################



################################################################################################################################################
Starting Execution:	[46 out of 143] test cases in the current suite
Test Method:		[unitTests.tests_validations_assertions.assertElementExists_false_expectedToFail]
###############################################################################################################################################



################################################################################################################################################
Starting Execution:	[47 out of 143] test cases in the current suite
Test Method:		[unitTests.tests_validations_assertions.assertElementExists_false_expectedToPass]
###############################################################################################################################################



################################################################################################################################################
Starting Execution:	[48 out of 143] test cases in the current suite
Test Method:		[unitTests.tests_validations_assertions.assertElementExists_false_multipleElementsFound_expectedToFail]
###############################################################################################################################################



################################################################################################################################################
Starting Execution:	[49 out of 143] test cases in the current suite
Test Method:		[unitTests.tests_validations_assertions.assertElementExists_true_expectedToFail]
###############################################################################################################################################



################################################################################################################################################
Starting Execution:	[50 out of 143] test cases in the current suite
Test Method:		[unitTests.tests_validations_assertions.assertElementExists_true_expectedToPass]
###############################################################################################################################################



################################################################################################################################################
Starting Execution:	[51 out of 143] test cases in the current suite
Test Method:		[unitTests.tests_validations_assertions.assertElementExists_true_multipleElementsFound_expectedToFail]
###############################################################################################################################################


################################################################################################################################################
Starting Execution:	[52 out of 143] test cases in the current suite
Test Method:		[unitTests.tests_validations_assertions.assertEquals_false_expectedToFail]
###############################################################################################################################################

################################################################################################################################################
Starting Execution:	[53 out of 143] test cases in the current suite
Test Method:		[unitTests.tests_validations_assertions.assertEquals_false_expectedToPass]
###############################################################################################################################################

################################################################################################################################################
Starting Execution:	[54 out of 143] test cases in the current suite
Test Method:		[unitTests.tests_validations_assertions.assertEquals_longCharacters]
###############################################################################################################################################

################################################################################################################################################
Starting Execution:	[55 out of 143] test cases in the current suite
Test Method:		[unitTests.tests_validations_assertions.assertEquals_longCharacters_Discreet]
###############################################################################################################################################

################################################################################################################################################
Starting Execution:	[56 out of 143] test cases in the current suite
Test Method:		[unitTests.tests_validations_assertions.assertEquals_true_expectedToFail]
###############################################################################################################################################

################################################################################################################################################
Starting Execution:	[57 out of 143] test cases in the current suite
Test Method:		[unitTests.tests_validations_assertions.assertEquals_true_expectedToPass]
Test Description:	[Assert that assertEquals works as expected when the two values are equal.]
###############################################################################################################################################

################################################################################################################################################
Starting Execution:	[58 out of 143] test cases in the current suite
Test Method:		[unitTests.tests_validations_assertions.assertEquals_true_expectedToPass__]
###############################################################################################################################################

################################################################################################################################################
Starting Execution:	[59 out of 143] test cases in the current suite
Test Method:		[unitTests.tests_validations_assertions.assertFileExists_false_expectedToFail]
###############################################################################################################################################

################################################################################################################################################
Starting Execution:	[60 out of 143] test cases in the current suite
Test Method:		[unitTests.tests_validations_assertions.assertFileExists_false_expectedToPass]
###############################################################################################################################################

################################################################################################################################################
Starting Execution:	[61 out of 143] test cases in the current suite
Test Method:		[unitTests.tests_validations_assertions.assertFileExists_true_expectedToFail]
###############################################################################################################################################

################################################################################################################################################
Starting Execution:	[62 out of 143] test cases in the current suite
Test Method:		[unitTests.tests_validations_assertions.assertFileExists_true_expectedToPass]
###############################################################################################################################################

################################################################################################################################################
Starting Execution:	[63 out of 143] test cases in the current suite
Test Method:		[unitTests.tests_validations_assertions.assertNull_false_expectedToFail]
###############################################################################################################################################

################################################################################################################################################
Starting Execution:	[64 out of 143] test cases in the current suite
Test Method:		[unitTests.tests_validations_assertions.assertNull_false_expectedToPass]
###############################################################################################################################################

################################################################################################################################################
Starting Execution:	[65 out of 143] test cases in the current suite
Test Method:		[unitTests.tests_validations_assertions.assertNull_true_expectedToFail]
###############################################################################################################################################

################################################################################################################################################
Starting Execution:	[66 out of 143] test cases in the current suite
Test Method:		[unitTests.tests_validations_assertions.assertNull_true_expectedToPass]
###############################################################################################################################################

################################################################################################################################################
Starting Execution:	[67 out of 143] test cases in the current suite
Test Method:		[unitTests.tests_restActions.getPostsAndAssertBodyForSpecificTitle]
################################################################################################################################################
[ReportManager] Response status code: [200], status line: [HTTP/1.1 200 OK] @25-10-2021 10:21:50.0912 AM
[ReportManager] Assertion Passed: Evaluating the actual response status code against the expected one... @25-10-2021 10:21:50.0913 AM
[ReportManager] Assertion [ValidateEquals] PASSED. Expected [200] and Actual [200]. Comparison Type [EQUALS]. Validation Type [POSITIVE]. @25-10-2021 10:21:50.0913 AM
[ReportManager] API Action [PerformRequest] successfully performed. With the following test data [Request Type: "GET" | Target Status Code: "200" | Service URL: "https://jsonplaceholder.typicode.com/posts" | Content Type: "*/*" | Response Time: "897ms"]. @25-10-2021 10:21:52.0826 AM
[ReportManager] Successfully created attachment [API Request - Specifications] @25-10-2021 10:21:52.0829 AM
[ReportManager] Successfully created attachment [API Response - JSON Body] @25-10-2021 10:21:53.0196 AM
[ReportManager] API Action [GetResponseJSONValueAsList] successfully performed. @25-10-2021 10:21:53.0243 AM
[ReportManager] API Action [GetResponseJSONValue] successfully performed. With the following test data [title]. @25-10-2021 10:21:53.0279 AM
[ReportManager] API Action [GetResponseJSONValue] successfully performed. With the following test data [title]. @25-10-2021 10:21:53.0304 AM
[ReportManager] API Action [GetResponseJSONValue] successfully performed. With the following test data [body]. @25-10-2021 10:21:53.0328 AM
[ReportManager] Assertion [ValidateEquals] PASSED. Expected [qui neque nisi nulla] and Actual [est rerum tempore vitae
sequi sint nihil reprehenderit dolor beatae ea dolores neque
fugiat blanditiis voluptate porro vel nihil molestiae ut reiciendis
qui aperiam non debitis possimus qui neque nisi nulla]. Comparison Type [CONTAINS]. Validation Type [POSITIVE]. @25-10-2021 10:21:53.0329 AM
[ReportManager] API Action [GetResponseJSONValue] successfully performed. With the following test data [title]. @25-10-2021 10:21:53.0349 AM
[ReportManager] API Action [GetResponseJSONValue] successfully performed. With the following test data [title]. @25-10-2021 10:21:53.0376 AM
[ReportManager] API Action [GetResponseJSONValue] successfully performed. With the following test data [title]. @25-10-2021 10:21:53.0410 AM
[ReportManager] API Action [GetResponseJSONValue] successfully performed. With the following test data [title]. @25-10-2021 10:21:53.0439 AM
[ReportManager] API Action [GetResponseJSONValue] successfully performed. With the following test data [title]. @25-10-2021 10:21:53.0459 AM
[ReportManager] API Action [GetResponseJSONValue] successfully performed. With the following test data [title]. @25-10-2021 10:21:53.0479 AM
[ReportManager] API Action [GetResponseJSONValue] successfully performed. With the following test data [title]. @25-10-2021 10:21:53.0501 AM
[ReportManager] API Action [GetResponseJSONValue] successfully performed. With the following test data [title]. @25-10-2021 10:21:53.0520 AM
[ReportManager] API Action [GetResponseJSONValue] successfully performed. With the following test data [title]. @25-10-2021 10:21:53.0540 AM
[ReportManager] API Action [GetResponseJSONValue] successfully performed. With the following test data [title]. @25-10-2021 10:21:53.0558 AM
[ReportManager] API Action [GetResponseJSONValue] successfully performed. With the following test data [title]. @25-10-2021 10:21:53.0584 AM
[ReportManager] API Action [GetResponseJSONValue] successfully performed. With the following test data [title]. @25-10-2021 10:21:53.0607 AM
[ReportManager] API Action [GetResponseJSONValue] successfully performed. With the following test data [title]. @25-10-2021 10:21:53.0625 AM
[ReportManager] API Action [GetResponseJSONValue] successfully performed. With the following test data [title]. @25-10-2021 10:21:53.0639 AM
[ReportManager] API Action [GetResponseJSONValue] successfully performed. With the following test data [title]. @25-10-2021 10:21:53.0659 AM
[ReportManager] API Action [GetResponseJSONValue] successfully performed. With the following test data [title]. @25-10-2021 10:21:53.0674 AM
[ReportManager] API Action [GetResponseJSONValue] successfully performed. With the following test data [title]. @25-10-2021 10:21:53.0689 AM
[ReportManager] API Action [GetResponseJSONValue] successfully performed. With the following test data [title]. @25-10-2021 10:21:53.0708 AM
[ReportManager] API Action [GetResponseJSONValue] successfully performed. With the following test data [title]. @25-10-2021 10:21:53.0725 AM
[ReportManager] API Action [GetResponseJSONValue] successfully performed. With the following test data [title]. @25-10-2021 10:21:53.0740 AM
[ReportManager] API Action [GetResponseJSONValue] successfully performed. With the following test data [title]. @25-10-2021 10:21:53.0755 AM
[ReportManager] API Action [GetResponseJSONValue] successfully performed. With the following test data [title]. @25-10-2021 10:21:53.0770 AM
[ReportManager] API Action [GetResponseJSONValue] successfully performed. With the following test data [title]. @25-10-2021 10:21:53.0803 AM
[ReportManager] API Action [GetResponseJSONValue] successfully performed. With the following test data [title]. @25-10-2021 10:21:53.0821 AM
[ReportManager] API Action [GetResponseJSONValue] successfully performed. With the following test data [title]. @25-10-2021 10:21:53.0837 AM
[ReportManager] API Action [GetResponseJSONValue] successfully performed. With the following test data [title]. @25-10-2021 10:21:53.0854 AM
[ReportManager] API Action [GetResponseJSONValue] successfully performed. With the following test data [title]. @25-10-2021 10:21:53.0873 AM
[ReportManager] API Action [GetResponseJSONValue] successfully performed. With the following test data [title]. @25-10-2021 10:21:53.0889 AM
[ReportManager] API Action [GetResponseJSONValue] successfully performed. With the following test data [title]. @25-10-2021 10:21:53.0906 AM
[ReportManager] API Action [GetResponseJSONValue] successfully performed. With the following test data [title]. @25-10-2021 10:21:53.0922 AM
[ReportManager] API Action [GetResponseJSONValue] successfully performed. With the following test data [title]. @25-10-2021 10:21:53.0940 AM
[ReportManager] API Action [GetResponseJSONValue] successfully performed. With the following test data [title]. @25-10-2021 10:21:53.0956 AM
[ReportManager] API Action [GetResponseJSONValue] successfully performed. With the following test data [title]. @25-10-2021 10:21:53.0975 AM
[ReportManager] API Action [GetResponseJSONValue] successfully performed. With the following test data [title]. @25-10-2021 10:21:53.0994 AM
[ReportManager] API Action [GetResponseJSONValue] successfully performed. With the following test data [title]. @25-10-2021 10:21:54.0014 AM
[ReportManager] API Action [GetResponseJSONValue] successfully performed. With the following test data [title]. @25-10-2021 10:21:54.0031 AM
[ReportManager] API Action [GetResponseJSONValue] successfully performed. With the following test data [title]. @25-10-2021 10:21:54.0049 AM
[ReportManager] API Action [GetResponseJSONValue] successfully performed. With the following test data [title]. @25-10-2021 10:21:54.0067 AM
[ReportManager] API Action [GetResponseJSONValue] successfully performed. With the following test data [title]. @25-10-2021 10:21:54.0084 AM
[ReportManager] API Action [GetResponseJSONValue] successfully performed. With the following test data [title]. @25-10-2021 10:21:54.0101 AM
[ReportManager] API Action [GetResponseJSONValue] successfully performed. With the following test data [title]. @25-10-2021 10:21:54.0119 AM
[ReportManager] API Action [GetResponseJSONValue] successfully performed. With the following test data [title]. @25-10-2021 10:21:54.0138 AM
[ReportManager] API Action [GetResponseJSONValue] successfully performed. With the following test data [title]. @25-10-2021 10:21:54.0155 AM
[ReportManager] API Action [GetResponseJSONValue] successfully performed. With the following test data [title]. @25-10-2021 10:21:54.0180 AM
[ReportManager] API Action [GetResponseJSONValue] successfully performed. With the following test data [title]. @25-10-2021 10:21:54.0200 AM
[ReportManager] API Action [GetResponseJSONValue] successfully performed. With the following test data [title]. @25-10-2021 10:21:54.0218 AM
[ReportManager] API Action [GetResponseJSONValue] successfully performed. With the following test data [title]. @25-10-2021 10:21:54.0237 AM
[ReportManager] API Action [GetResponseJSONValue] successfully performed. With the following test data [title]. @25-10-2021 10:21:54.0258 AM
[ReportManager] API Action [GetResponseJSONValue] successfully performed. With the following test data [title]. @25-10-2021 10:21:54.0276 AM
[ReportManager] API Action [GetResponseJSONValue] successfully performed. With the following test data [title]. @25-10-2021 10:21:54.0293 AM
[ReportManager] API Action [GetResponseJSONValue] successfully performed. With the following test data [title]. @25-10-2021 10:21:54.0312 AM
[ReportManager] API Action [GetResponseJSONValue] successfully performed. With the following test data [title]. @25-10-2021 10:21:54.0331 AM
[ReportManager] API Action [GetResponseJSONValue] successfully performed. With the following test data [title]. @25-10-2021 10:21:54.0349 AM
[ReportManager] API Action [GetResponseJSONValue] successfully performed. With the following test data [title]. @25-10-2021 10:21:54.0367 AM
[ReportManager] API Action [GetResponseJSONValue] successfully performed. With the following test data [title]. @25-10-2021 10:21:54.0383 AM
[ReportManager] API Action [GetResponseJSONValue] successfully performed. With the following test data [title]. @25-10-2021 10:21:54.0399 AM
[ReportManager] API Action [GetResponseJSONValue] successfully performed. With the following test data [title]. @25-10-2021 10:21:54.0417 AM
[ReportManager] API Action [GetResponseJSONValue] successfully performed. With the following test data [title]. @25-10-2021 10:21:54.0436 AM
[ReportManager] API Action [GetResponseJSONValue] successfully performed. With the following test data [title]. @25-10-2021 10:21:54.0465 AM
[ReportManager] API Action [GetResponseJSONValue] successfully performed. With the following test data [title]. @25-10-2021 10:21:54.0551 AM
[ReportManager] API Action [GetResponseJSONValue] successfully performed. With the following test data [title]. @25-10-2021 10:21:54.0568 AM
[ReportManager] API Action [GetResponseJSONValue] successfully performed. With the following test data [title]. @25-10-2021 10:21:54.0585 AM
[ReportManager] API Action [GetResponseJSONValue] successfully performed. With the following test data [title]. @25-10-2021 10:21:54.0603 AM
[ReportManager] API Action [GetResponseJSONValue] successfully performed. With the following test data [title]. @25-10-2021 10:21:54.0617 AM
[ReportManager] API Action [GetResponseJSONValue] successfully performed. With the following test data [title]. @25-10-2021 10:21:54.0633 AM
[ReportManager] API Action [GetResponseJSONValue] successfully performed. With the following test data [title]. @25-10-2021 10:21:54.0647 AM
[ReportManager] API Action [GetResponseJSONValue] successfully performed. With the following test data [title]. @25-10-2021 10:21:54.0663 AM
[ReportManager] API Action [GetResponseJSONValue] successfully performed. With the following test data [title]. @25-10-2021 10:21:54.0676 AM
[ReportManager] API Action [GetResponseJSONValue] successfully performed. With the following test data [title]. @25-10-2021 10:21:54.0691 AM
[ReportManager] API Action [GetResponseJSONValue] successfully performed. With the following test data [title]. @25-10-2021 10:21:54.0710 AM
[ReportManager] API Action [GetResponseJSONValue] successfully performed. With the following test data [title]. @25-10-2021 10:21:54.0726 AM
[ReportManager] API Action [GetResponseJSONValue] successfully performed. With the following test data [title]. @25-10-2021 10:21:54.0746 AM
[ReportManager] API Action [GetResponseJSONValue] successfully performed. With the following test data [title]. @25-10-2021 10:21:54.0764 AM
[ReportManager] API Action [GetResponseJSONValue] successfully performed. With the following test data [title]. @25-10-2021 10:21:54.0777 AM
[ReportManager] API Action [GetResponseJSONValue] successfully performed. With the following test data [title]. @25-10-2021 10:21:54.0796 AM
[ReportManager] API Action [GetResponseJSONValue] successfully performed. With the following test data [title]. @25-10-2021 10:21:54.0818 AM
[ReportManager] API Action [GetResponseJSONValue] successfully performed. With the following test data [title]. @25-10-2021 10:21:54.0833 AM
[ReportManager] API Action [GetResponseJSONValue] successfully performed. With the following test data [title]. @25-10-2021 10:21:54.0850 AM
[ReportManager] API Action [GetResponseJSONValue] successfully performed. With the following test data [title]. @25-10-2021 10:21:54.0866 AM
[ReportManager] API Action [GetResponseJSONValue] successfully performed. With the following test data [title]. @25-10-2021 10:21:54.0884 AM
[ReportManager] API Action [GetResponseJSONValue] successfully performed. With the following test data [title]. @25-10-2021 10:21:54.0904 AM
[ReportManager] API Action [GetResponseJSONValue] successfully performed. With the following test data [title]. @25-10-2021 10:21:54.0922 AM
[ReportManager] API Action [GetResponseJSONValue] successfully performed. With the following test data [title]. @25-10-2021 10:21:54.0940 AM
[ReportManager] API Action [GetResponseJSONValue] successfully performed. With the following test data [title]. @25-10-2021 10:21:54.0957 AM
[ReportManager] API Action [GetResponseJSONValue] successfully performed. With the following test data [title]. @25-10-2021 10:21:54.0974 AM
[ReportManager] API Action [GetResponseJSONValue] successfully performed. With the following test data [title]. @25-10-2021 10:21:54.0991 AM
[ReportManager] API Action [GetResponseJSONValue] successfully performed. With the following test data [title]. @25-10-2021 10:21:55.0007 AM
[ReportManager] API Action [GetResponseJSONValue] successfully performed. With the following test data [title]. @25-10-2021 10:21:55.0022 AM
[ReportManager] API Action [GetResponseJSONValue] successfully performed. With the following test data [title]. @25-10-2021 10:21:55.0036 AM
[ReportManager] API Action [GetResponseJSONValue] successfully performed. With the following test data [title]. @25-10-2021 10:21:55.0050 AM
[ReportManager] API Action [GetResponseJSONValue] successfully performed. With the following test data [title]. @25-10-2021 10:21:55.0066 AM
[ReportManager] API Action [GetResponseJSONValue] successfully performed. With the following test data [title]. @25-10-2021 10:21:55.0085 AM
[ReportManager] API Action [GetResponseJSONValue] successfully performed. With the following test data [title]. @25-10-2021 10:21:55.0101 AM
[ReportManager] API Action [GetResponseJSONValue] successfully performed. With the following test data [title]. @25-10-2021 10:21:55.0121 AM
[ReportManager] API Action [GetResponseJSONValue] successfully performed. With the following test data [title]. @25-10-2021 10:21:55.0135 AM
[ReportManager] API Action [GetResponseJSONValue] successfully performed. With the following test data [title]. @25-10-2021 10:21:55.0148 AM
[ReportManager] API Action [GetResponseJSONValue] successfully performed. With the following test data [title]. @25-10-2021 10:21:55.0160 AM
[ReportManager] API Action [GetResponseJSONValue] successfully performed. With the following test data [title]. @25-10-2021 10:21:55.0174 A

################################################################################################################################################
Starting Execution:	[68 out of 143] test cases in the current suite
Test Method:		[unitTests.tests_restActions.validateUserEmail]
################################################################################################################################################
[ReportManager] Response status code: [200], status line: [HTTP/1.1 200 OK] @25-10-2021 10:21:55.0429 AM
[ReportManager] Assertion Passed: Evaluating the actual response status code against the expected one... @25-10-2021 10:21:55.0429 AM
[ReportManager] Assertion [ValidateEquals] PASSED. Expected [200] and Actual [200]. Comparison Type [EQUALS]. Validation Type [POSITIVE]. @25-10-2021 10:21:55.0429 AM
[ReportManager] API Action [PerformRequest] successfully performed. With the following test data [Request Type: "GET" | Target Status Code: "200" | Service URL: "https://jsonplaceholder.typicode.com/users" | Content Type: "*/*" | Response Time: "78ms"]. @25-10-2021 10:21:55.0459 AM
[ReportManager] Successfully created attachment [API Request - Specifications] @25-10-2021 10:21:55.0464 AM
[ReportManager] Successfully created attachment [API Response - JSON Body] @25-10-2021 10:21:55.0471 AM
[ReportManager] Assertion [ValidateEquals] PASSED. Expected and Actual values are attached. Comparison Type [CONTAINS]. Validation Type [POSITIVE]. @25-10-2021 10:21:55.0472 AM
[ReportManager] Successfully created attachment [Validation Test Data - Expected Value] @25-10-2021 10:21:55.0484 AM
[ReportManager] Successfully created attachment [Validation Test Data - Actual Value] @25-10-2021 10:21:55.0491 AM
[ReportManager] API Action [GetResponseJSONValueAsList] successfully performed. With the following test data [$]. @25-10-2021 10:21:55.0525 AM
[ReportManager] API Action [GetResponseJSONValue] successfully performed. With the following test data [name]. @25-10-2021 10:21:55.0560 AM
[ReportManager] API Action [GetResponseJSONValue] successfully performed. With the following test data [email]. @25-10-2021 10:21:55.0583 AM
[ReportManager] Assertion [ValidateEquals] PASSED. Expected [Sincere@april.biz] and Actual [Sincere@april.biz]. Comparison Type [EQUALS]. Validation Type [POSITIVE]. @25-10-2021 10:21:55.0584 AM
[ReportManager] API Action [GetResponseJSONValue] successfully performed. With the following test data [name]. @25-10-2021 10:21:55.0599 AM
[ReportManager] API Action [GetResponseJSONValue] successfully performed. With the following test data [name]. @25-10-2021 10:21:55.0625 AM
[ReportManager] API Action [GetResponseJSONValue] successfully performed. With the following test data [name]. @25-10-2021 10:21:55.0639 AM
[ReportManager] API Action [GetResponseJSONValue] successfully performed. With the following test data [name]. @25-10-2021 10:21:55.0657 AM
[ReportManager] API Action [GetResponseJSONValue] successfully performed. With the following test data [name]. @25-10-2021 10:21:55.0677 AM
[ReportManager] API Action [GetResponseJSONValue] successfully performed. With the following test data [name]. @25-10-2021 10:21:55.0691 AM
[ReportManager] API Action [GetResponseJSONValue] successfully performed. With the following test data [name]. @25-10-2021 10:21:55.0704 AM
[ReportManager] API Action [GetResponseJSONValue] successfully performed. With the following test data [name]. @25-10-2021 10:21:55.0719 AM
[ReportManager] API Action [GetResponseJSONValue] successfully performed. With the following test data [name]. @25-10-2021 10:21:55.0739 A
[ReportManager] File Action [GetAbsolutePath] successfully performed. With the following test data [Relative Folder Path: "target/downloadedFiles/"]. @25-10-2021 10:21:55.0762 AM
[ReportManager] Attempting to run locally on: [Mac-64], [Safari], Headless Execution. @25-10-2021 10:21:55.0763 AM
[ReportManager] Successfully Opened Safari. @25-10-2021 10:21:56.0791 AM
[ReportManager] Initial window size: (800, 600) @25-10-2021 10:21:56.0851 AM
[ReportManager] Window size after SWD Maximize: (1176, 811) @25-10-2021 10:21:56.0918 AM
[ReportManager] Browser Action [MaximizeWindow] successfully performed. With the following test data [New screen size is now: (1176, 811)]. @25-10-2021 10:21:56.0918 A

################################################################################################################################################
Starting Execution:	[69 out of 143] test cases in the current suite
Test Method:		[testPackage01.Test_uploadFile.uploadFile_invisibleUploadInput]
################################################################################################################################################
[ReportManager] Target URL: [https://fineuploader.com/demos.html#gallery-view] @25-10-2021 10:21:56.0934 AM
[ReportManager] Initial URL: [] @25-10-2021 10:21:57.0038 AM
[ReportManager] Browser Action [NavigateToURL] successfully performed. With the following test data [https://fineuploader.com/demos.html#gallery-view]. @25-10-2021 10:21:58.0939 AM
[ReportManager] File Action [GetAbsolutePath] successfully performed. With the following test data [Relative File Path: "src/main/resources/images/shaft.png"]. @25-10-2021 10:21:58.0939 AM
[ReportManager] Successfully created attachment [File Action Actual Result - Command Log] @25-10-2021 10:21:58.0946 A
[ReportManager] Browser Action [CloseCurrentWindow] successfully performed. @25-10-2021 10:21:59.0382 AM
[ReportManager] Successfully created attachment [Browser Action Test Data - CloseCurrentWindow - Actual Value] @25-10-2021 10:21:59.0391 A
[ReportManager] File Action [GetAbsolutePath] successfully performed. With the following test data [Relative Folder Path: "target/downloadedFiles/"]. @25-10-2021 10:21:59.0401 AM
[ReportManager] Attempting to run locally on: [Mac-64], [Safari], Headless Execution. @25-10-2021 10:21:59.0412 AM
[ReportManager] Successfully Opened Safari. @25-10-2021 10:22:00.0355 AM
[ReportManager] Initial window size: (800, 600) @25-10-2021 10:22:00.0379 AM
[ReportManager] Window size after SWD Maximize: (1176, 811) @25-10-2021 10:22:00.0435 AM
[ReportManager] Browser Action [MaximizeWindow] successfully performed. With the following test data [New screen size is now: (1176, 811)]. @25-10-2021 10:22:00.0439 A

################################################################################################################################################
Starting Execution:	[70 out of 143] test cases in the current suite
Test Method:		[testPackage01.Test_uploadFile.uploadFile_visibleUploadInput]
################################################################################################################################################
[ReportManager] Target URL: [http://demo.guru99.com/test/upload/] @25-10-2021 10:22:00.0463 AM
[ReportManager] Initial URL: [] @25-10-2021 10:22:00.0528 AM
[ReportManager] Browser Action [NavigateToURL] successfully performed. With the following test data [http://demo.guru99.com/test/upload/]. @25-10-2021 10:22:01.0937 AM
[ReportManager] File Action [GetAbsolutePath] successfully performed. With the following test data [Relative File Path: "src/main/resources/images/shaft.png"]. @25-10-2021 10:22:01.0938 AM
[ReportManager] Successfully created attachment [File Action Actual Result - Command Log] @25-10-2021 10:22:01.0945 AM
[ReportManager] Element Action [TypeFileLocationForUpload] successfully performed. With the following test data [/Users/runner/work/SHAFT_ENGINE/SHAFT_ENGINE/src/main/resources/images/shaft.png]. @25-10-2021 10:22:02.0017 AM
[ReportManager] Element Action [Click] successfully performed. With the following test data [on]. @25-10-2021 10:22:02.0448 AM
[ReportManager] Element Action [Click] successfully performed. With the following test data [ Submit File]. @25-10-2021 10:22:03.0403 AM
[ReportManager] Element Action [GetText] successfully performed. With the following test data [1 file has been successfully uploaded.]. @25-10-2021 10:22:03.0992 AM
[ReportManager] Loaded Shared OpenCV @25-10-2021 10:22:04.0065 AM
[ReportManager] Assertion [ValidateElementAttribute] PASSED. Expected [Value Should be '1 file' for the 'Text' attribute, element locator 'By.id: res'] and Actual [1 file has been successfully uploaded.]. Comparison Type [CONTAINS]. Validation Type [POSITIVE]. @25-10-2021 10:22:04.0285 AM
[ReportManager] Successfully created attachment [Screenshot - 1635157324065_uploadFile_visibleUploadInput_ValidateElementAttribute_passed] @25-10-2021 10:22:04.0301 A
[ReportManager] Browser Action [CloseCurrentWindow] successfully performed. @25-10-2021 10:22:04.0582 AM
[ReportManager] Successfully created attachment [Browser Action Test Data - CloseCurrentWindow - Actual Value] @25-10-2021 10:22:04.0596 A

################################################################################################################################################
Starting Execution:	[71 out of 143] test cases in the current suite
Test Method:		[testPackage01.Test_AssertApiResponseEquals.assertApiResponseEquals_expectedToPass]
################################################################################################################################################
[ReportManager] Response status code: [200], status line: [HTTP/1.1 200 OK] @25-10-2021 10:22:04.0731 AM
[ReportManager] Assertion Passed: Evaluating the actual response status code against the expected one... @25-10-2021 10:22:04.0731 AM
[ReportManager] Assertion [ValidateEquals] PASSED. Expected [200] and Actual [200]. Comparison Type [EQUALS]. Validation Type [POSITIVE]. @25-10-2021 10:22:04.0731 AM
[ReportManager] API Action [PerformRequest] successfully performed. With the following test data [Request Type: "GET" | Target Status Code: "200" | Service URL: "https://jsonplaceholder.typicode.com/users" | Content Type: "*/*" | Response Time: "82ms"]. @25-10-2021 10:22:04.0770 AM
[ReportManager] Successfully created attachment [API Request - Specifications] @25-10-2021 10:22:04.0791 AM
[ReportManager] Successfully created attachment [API Response - JSON Body] @25-10-2021 10:22:04.0793 AM
[ReportManager] API Action [GetResponseJSONValueAsList] successfully performed. With the following test data [$]. @25-10-2021 10:22:04.0823 AM
[ReportManager] API Action [GetResponseJSONValue] successfully performed. With the following test data [name]. @25-10-2021 10:22:04.0850 AM
[ReportManager] API Action [GetResponseJSONValue] successfully performed. With the following test data [email]. @25-10-2021 10:22:04.0870 AM
[ReportManager] Verification [ValidateEquals] PASSED. Expected [Sincere@april.biz] and Actual [Sincere@april.biz]. Comparison Type [EQUALS]. Validation Type [POSITIVE]. @25-10-2021 10:22:04.0870 AM
[ReportManager] API Action [GetResponseJSONValue] successfully performed. With the following test data [username]. @25-10-2021 10:22:04.0891 AM
[ReportManager] Assertion [ValidateEquals] PASSED. Expected [Bret] and Actual [Bret]. Comparison Type [EQUALS]. Validation Type [POSITIVE]. @25-10-2021 10:22:04.0892 AM
[ReportManager] API Action [GetResponseJSONValue] successfully performed. With the following test data [name]. @25-10-2021 10:22:04.0912 AM
[ReportManager] API Action [GetResponseJSONValue] successfully performed. With the following test data [name]. @25-10-2021 10:22:04.0939 AM
[ReportManager] API Action [GetResponseJSONValue] successfully performed. With the following test data [name]. @25-10-2021 10:22:04.0961 AM
[ReportManager] API Action [GetResponseJSONValue] successfully performed. With the following test data [name]. @25-10-2021 10:22:04.0993 AM
[ReportManager] API Action [GetResponseJSONValue] successfully performed. With the following test data [name]. @25-10-2021 10:22:05.0015 AM
[ReportManager] API Action [GetResponseJSONValue] successfully performed. With the following test data [name]. @25-10-2021 10:22:05.0038 AM
[ReportManager] API Action [GetResponseJSONValue] successfully performed. With the following test data [name]. @25-10-2021 10:22:05.0057 AM
[ReportManager] API Action [GetResponseJSONValue] successfully performed. With the following test data [name]. @25-10-2021 10:22:05.0077 AM
[ReportManager] API Action [GetResponseJSONValue] successfully performed. With the following test data [name]. @25-10-2021 10:22:05.0113 A

################################################################################################################################################
Starting Execution:	[72 out of 143] test cases in the current suite
Test Method:		[testPackage01.Test_testData.f]
################################################################################################################################################
[ReportManager] Successfully loaded the following test data file [src/test/resources/TestDataFiles/testSuite01/TestData.xlsx]. @25-10-2021 10:22:05.0199 AM
[ReportManager] Successfully created attachment [Test Data - Excel] @25-10-2021 10:22:05.0207 AM
[ReportManager] Last Column Number is: [3]. Zero-based. @25-10-2021 10:22:05.0209 A

################################################################################################################################################
Starting Execution:	[73 out of 143] test cases in the current suite
Test Method:		[testPackage01.Test_PDF.testPDF_Downloaded]
################################################################################################################################################
[ReportManager] File Action [DoesFileExist] successfully performed. With the following test data [File Path: "src/test/resources/TestDataFiles/sample.pdf"]. @25-10-2021 10:22:05.0240 AM
[ReportManager] File Action [GetAbsolutePath] successfully performed. With the following test data [Relative File Path: "src/test/resources/TestDataFiles/sample.pdf"]. @25-10-2021 10:22:05.0241 AM
[ReportManager] Assertion [ValidateTrue] PASSED. Expected [TRUE] and Actual [TRUE]. Validation Type [POSITIVE]. @25-10-2021 10:22:23.0404 A
[ReportManager] File Action [GetAbsolutePath] successfully performed. With the following test data [Relative Folder Path: "target/downloadedFiles/"]. @25-10-2021 10:22:23.0426 AM
[ReportManager] Attempting to run locally on: [Mac-64], [Safari], Headless Execution. @25-10-2021 10:22:23.0426 AM
[ReportManager] Successfully Opened Safari. @25-10-2021 10:22:24.0333 AM
[ReportManager] Initial window size: (800, 600) @25-10-2021 10:22:24.0376 AM
[ReportManager] Window size after SWD Maximize: (1176, 811) @25-10-2021 10:22:24.0414 AM
[ReportManager] Browser Action [MaximizeWindow] successfully performed. With the following test data [New screen size is now: (1176, 811)]. @25-10-2021 10:22:24.0414 A

################################################################################################################################################
Starting Execution:	[74 out of 143] test cases in the current suite
Test Method:		[testPackage01.Test_ShadowDOM.shadowdom]
################################################################################################################################################
[ReportManager] Target URL: [https://mdn.github.io/web-components-examples/popup-info-box-web-component/] @25-10-2021 10:22:24.0421 AM
[ReportManager] Initial URL: [] @25-10-2021 10:22:24.0538 AM
[ReportManager] Browser Action [NavigateToURL] successfully performed. With the following test data [https://mdn.github.io/web-components-examples/popup-info-box-web-component/]. @25-10-2021 10:22:24.0973 AM
[ReportManager] Element Action [Type] successfully performed. With the following test data [Typing into SHADOW DOM...]. @25-10-2021 10:22:26.0093 AM
[ReportManager] Element Action [GetText] successfully performed. With the following test data [Typing into SHADOW DOM...]. @25-10-2021 10:22:26.0158 AM
[ReportManager] Loaded Shared OpenCV @25-10-2021 10:22:26.0219 AM
[ReportManager] Assertion [ValidateElementAttribute] PASSED. Expected [Value Should be 'Typing into SHADOW DOM...' for the 'Text' attribute, element locator 'By.id: cvc'] and Actual [Typing into SHADOW DOM...]. Comparison Type [EQUALS]. Validation Type [POSITIVE]. @25-10-2021 10:22:26.0418 AM
[ReportManager] Successfully created attachment [Screenshot - 1635157346219_shadowdom_ValidateElementAttribute_passed] @25-10-2021 10:22:26.0419 A
[ReportManager] Browser Action [CloseCurrentWindow] successfully performed. @25-10-2021 10:22:26.0553 AM
[ReportManager] Successfully created attachment [Browser Action Test Data - CloseCurrentWindow - Actual Value] @25-10-2021 10:22:26.0560 A
[ReportManager] File Action [GetAbsolutePath] successfully performed. With the following test data [Relative Folder Path: "target/downloadedFiles/"]. @25-10-2021 10:22:26.0579 AM
[ReportManager] Attempting to run locally on: [Mac-64], [Safari], Headless Execution. @25-10-2021 10:22:26.0579 AM
[ReportManager] Successfully Opened Safari. @25-10-2021 10:22:27.0557 AM
[ReportManager] Initial window size: (800, 600) @25-10-2021 10:22:27.0578 AM
[ReportManager] Window size after SWD Maximize: (1176, 811) @25-10-2021 10:22:27.0593 AM
[ReportManager] Browser Action [MaximizeWindow] successfully performed. With the following test data [New screen size is now: (1176, 811)]. @25-10-2021 10:22:27.0593 A

################################################################################################################################################
Starting Execution:	[75 out of 143] test cases in the current suite
Test Method:		[testPackage01.Test_clipboardActions.typeTextAndCopyPaste]
################################################################################################################################################
[ReportManager] Target URL: [https://www.google.com/ncr], and after redirection: [https://www.google.com] @25-10-2021 10:22:27.0611 AM
[ReportManager] Initial URL: [] @25-10-2021 10:22:27.0679 AM
[ReportManager] Browser Action [NavigateToURL] successfully performed. With the following test data [https://www.google.com/ncr]. @25-10-2021 10:22:29.0315 AM
[ReportManager] Element Action [Type] successfully performed. With the following test data [FIRST]. @25-10-2021 10:22:30.0029 A
[ReportManager] Browser Action [CloseCurrentWindow] successfully performed. @25-10-2021 10:22:30.0220 AM
[ReportManager] Successfully created attachment [Browser Action Test Data - CloseCurrentWindow - Actual Value] @25-10-2021 10:22:30.0227 A

################################################################################################################################################
Starting Execution:	[76 out of 143] test cases in the current suite
Test Method:		[testPackage01.Test_NewValidationHelper.f1]
################################################################################################################################################
[ReportManager] Assertion Passed: Checking valid user data @25-10-2021 10:22:30.0244 AM
[ReportManager] Successfully created attachment [Validation Test Data - Expected Value] @25-10-2021 10:22:30.0256 AM
[ReportManager] Successfully created attachment [Validation Test Data - Actual Value] @25-10-2021 10:22:30.0262 AM
[ReportManager] Assertion [ValidateEquals] PASSED. Expected and Actual values are attached. Comparison Type [EQUALS]. Validation Type [POSITIVE]. @25-10-2021 10:22:30.0262 A
[ReportManager] File Action [GetAbsolutePath] successfully performed. With the following test data [Relative Folder Path: "target/downloadedFiles/"]. @25-10-2021 10:22:30.0284 AM
[ReportManager] Attempting to run locally on: [Mac-64], [Safari], Headless Execution. @25-10-2021 10:22:30.0285 AM
[ReportManager] Successfully Opened Safari. @25-10-2021 10:22:31.0274 AM
[ReportManager] Initial window size: (800, 600) @25-10-2021 10:22:31.0312 AM
[ReportManager] Window size after SWD Maximize: (1176, 811) @25-10-2021 10:22:31.0336 AM
[ReportManager] Browser Action [MaximizeWindow] successfully performed. With the following test data [New screen size is now: (1176, 811)]. @25-10-2021 10:22:31.0337 AM
[ReportManager] Target URL: [https://the-internet.herokuapp.com/] @25-10-2021 10:22:31.0337 AM
[ReportManager] Initial URL: [] @25-10-2021 10:22:31.0388 AM
[ReportManager] Browser Action [NavigateToURL] successfully performed. With the following test data [https://the-internet.herokuapp.com/]. @25-10-2021 10:22:32.0013 A

################################################################################################################################################
Starting Execution:	[77 out of 143] test cases in the current suite
Test Method:		[testPackage01.Test_NewValidationHelper.f10]
################################################################################################################################################
[ReportManager] Assertion [ValidateElementExists] FAILED. Expected [Element Should Exist, locator 'By.tagName: div'] and Actual [Element Exists but is not unique]. Comparison Type [EQUALS]. Validation Type [POSITIVE]. @25-10-2021 10:22:32.0248 AM
[ReportManager] Successfully created attachment [Screenshot - 1635157352122_f10_ValidateElementExists_failed] @25-10-2021 10:22:32.0260 A



################################################################################################################################################
Starting Execution:	[78 out of 143] test cases in the current suite
Test Method:		[testPackage01.Test_NewValidationHelper.f11]
###############################################################################################################################################



################################################################################################################################################
Starting Execution:	[79 out of 143] test cases in the current suite
Test Method:		[testPackage01.Test_NewValidationHelper.f12]
###############################################################################################################################################



################################################################################################################################################
Starting Execution:	[80 out of 143] test cases in the current suite
Test Method:		[testPackage01.Test_NewValidationHelper.f13]
###############################################################################################################################################



################################################################################################################################################
Starting Execution:	[81 out of 143] test cases in the current suite
Test Method:		[testPackage01.Test_NewValidationHelper.f14]
###############################################################################################################################################



################################################################################################################################################
Starting Execution:	[82 out of 143] test cases in the current suite
Test Method:		[testPackage01.Test_NewValidationHelper.f15]
###############################################################################################################################################



################################################################################################################################################
Starting Execution:	[83 out of 143] test cases in the current suite
Test Method:		[testPackage01.Test_NewValidationHelper.f16]
###############################################################################################################################################



################################################################################################################################################
Starting Execution:	[84 out of 143] test cases in the current suite
Test Method:		[testPackage01.Test_NewValidationHelper.f17]
###############################################################################################################################################



################################################################################################################################################
Starting Execution:	[85 out of 143] test cases in the current suite
Test Method:		[testPackage01.Test_NewValidationHelper.f18]
###############################################################################################################################################


################################################################################################################################################
Starting Execution:	[86 out of 143] test cases in the current suite
Test Method:		[testPackage01.Test_NewValidationHelper.f2]
###############################################################################################################################################


################################################################################################################################################
Starting Execution:	[87 out of 143] test cases in the current suite
Test Method:		[testPackage01.Test_NewValidationHelper.f20]
###############################################################################################################################################



################################################################################################################################################
Starting Execution:	[88 out of 143] test cases in the current suite
Test Method:		[testPackage01.Test_NewValidationHelper.f21]
###############################################################################################################################################



################################################################################################################################################
Starting Execution:	[89 out of 143] test cases in the current suite
Test Method:		[testPackage01.Test_NewValidationHelper.f22]
###############################################################################################################################################


################################################################################################################################################
Starting Execution:	[90 out of 143] test cases in the current suite
Test Method:		[testPackage01.Test_NewValidationHelper.f23]
###############################################################################################################################################

################################################################################################################################################
Starting Execution:	[91 out of 143] test cases in the current suite
Test Method:		[testPackage01.Test_NewValidationHelper.f24]
###############################################################################################################################################

################################################################################################################################################
Starting Execution:	[92 out of 143] test cases in the current suite
Test Method:		[testPackage01.Test_NewValidationHelper.f25]
###############################################################################################################################################

################################################################################################################################################
Starting Execution:	[93 out of 143] test cases in the current suite
Test Method:		[testPackage01.Test_NewValidationHelper.f26]
###############################################################################################################################################

################################################################################################################################################
Starting Execution:	[94 out of 143] test cases in the current suite
Test Method:		[testPackage01.Test_NewValidationHelper.f27]
###############################################################################################################################################

################################################################################################################################################
Starting Execution:	[95 out of 143] test cases in the current suite
Test Method:		[testPackage01.Test_NewValidationHelper.f28]
###############################################################################################################################################

################################################################################################################################################
Starting Execution:	[96 out of 143] test cases in the current suite
Test Method:		[testPackage01.Test_NewValidationHelper.f29]
###############################################################################################################################################

################################################################################################################################################
Starting Execution:	[97 out of 143] test cases in the current suite
Test Method:		[testPackage01.Test_NewValidationHelper.f3]
###############################################################################################################################################

################################################################################################################################################
Starting Execution:	[98 out of 143] test cases in the current suite
Test Method:		[testPackage01.Test_NewValidationHelper.f30]
###############################################################################################################################################

################################################################################################################################################
Starting Execution:	[99 out of 143] test cases in the current suite
Test Method:		[testPackage01.Test_NewValidationHelper.f31]
###############################################################################################################################################

################################################################################################################################################
Starting Execution:	[100 out of 143] test cases in the current suite
Test Method:		[testPackage01.Test_NewValidationHelper.f32]
###############################################################################################################################################

################################################################################################################################################
Starting Execution:	[101 out of 143] test cases in the current suite
Test Method:		[testPackage01.Test_NewValidationHelper.f33]
###############################################################################################################################################

################################################################################################################################################
Starting Execution:	[102 out of 143] test cases in the current suite
Test Method:		[testPackage01.Test_NewValidationHelper.f34]
###############################################################################################################################################

################################################################################################################################################
Starting Execution:	[103 out of 143] test cases in the current suite
Test Method:		[testPackage01.Test_NewValidationHelper.f35]
###############################################################################################################################################

################################################################################################################################################
Starting Execution:	[104 out of 143] test cases in the current suite
Test Method:		[testPackage01.Test_NewValidationHelper.f36]
###############################################################################################################################################

################################################################################################################################################
Starting Execution:	[105 out of 143] test cases in the current suite
Test Method:		[testPackage01.Test_NewValidationHelper.f37]
###############################################################################################################################################

################################################################################################################################################
Starting Execution:	[106 out of 143] test cases in the current suite
Test Method:		[testPackage01.Test_NewValidationHelper.f3_1]
###############################################################################################################################################

################################################################################################################################################
Starting Execution:	[107 out of 143] test cases in the current suite
Test Method:		[testPackage01.Test_NewValidationHelper.f4]
###############################################################################################################################################

################################################################################################################################################
Starting Execution:	[108 out of 143] test cases in the current suite
Test Method:		[testPackage01.Test_NewValidationHelper.f5]
###############################################################################################################################################

################################################################################################################################################
Starting Execution:	[109 out of 143] test cases in the current suite
Test Method:		[testPackage01.Test_NewValidationHelper.f6]
###############################################################################################################################################

################################################################################################################################################
Starting Execution:	[110 out of 143] test cases in the current suite
Test Method:		[testPackage01.Test_NewValidationHelper.f6_1]
###############################################################################################################################################

################################################################################################################################################
Starting Execution:	[111 out of 143] test cases in the current suite
Test Method:		[testPackage01.Test_NewValidationHelper.f6_2]
###############################################################################################################################################

################################################################################################################################################
Starting Execution:	[112 out of 143] test cases in the current suite
Test Method:		[testPackage01.Test_NewValidationHelper.f7]
###############################################################################################################################################


################################################################################################################################################
Starting Execution:	[113 out of 143] test cases in the current suite
Test Method:		[testPackage01.Test_NewValidationHelper.f8]
###############################################################################################################################################



################################################################################################################################################
Starting Execution:	[114 out of 143] test cases in the current suite
Test Method:		[testPackage01.Test_NewValidationHelper.f9]
###############################################################################################################################################


################################################################################################################################################
Starting Execution:	[115 out of 143] test cases in the current suite
Test Method:		[testPackage01.Test_NewValidationHelper.forceFail]
###############################################################################################################################################

################################################################################################################################################
Starting Execution:	[116 out of 143] test cases in the current suite
Test Method:		[testPackage01.Test_NewValidationHelper.forceFail2]
###############################################################################################################################################

################################################################################################################################################
Starting Execution:	[117 out of 143] test cases in the current suite
Test Method:		[testPackage01.Test_JsonActions.f]
###############################################################################################################################################

################################################################################################################################################
Starting Execution:	[118 out of 143] test cases in the current suite
Test Method:		[testPackage01.Test_JsonActions.f2]
###############################################################################################################################################

################################################################################################################################################
Starting Execution:	[119 out of 143] test cases in the current suite
Test Method:		[testPackage01.Test_sendGraphqlRequest.sendGraphqlRequestUsingMutationAndVariables]
################################################################################################################################################
[ReportManager] GraphQl Request is being Performed with the Following Parameters [Service URL: https://api.spacex.land/graphql | Request Body: {"variables":"{\"name\": \"sherlock holmes\",\"rocket\": \"221B Baker Street\"}","query":"mutation ($name: String, $rocket: String) {\n  insert_users(objects: {name: $name, rocket: $rocket}) {\n    returning {\n      name\n      rocket\n    }\n  }\n}"}] @25-10-2021 10:22:33.0380 AM
[ReportManager] Response status code: [200], status line: [HTTP/1.1 200 OK] @25-10-2021 10:22:33.0928 AM
[ReportManager] Assertion Passed: Evaluating the actual response status code against the expected one... @25-10-2021 10:22:33.0929 AM
[ReportManager] Assertion [ValidateEquals] PASSED. Expected [200] and Actual [200]. Comparison Type [EQUALS]. Validation Type [POSITIVE]. @25-10-2021 10:22:33.0929 AM
[ReportManager] API Action [PerformRequest] successfully performed. With the following test data [Request Type: "POST" | Target Status Code: "200" | Service URL: "https://api.spacex.land/graphql" | Content Type: "application/json" | Response Time: "211ms"]. @25-10-2021 10:22:33.0982 AM
[ReportManager] Successfully created attachment [API Request - Specifications] @25-10-2021 10:22:33.0988 AM
[ReportManager] Successfully created attachment [API Request - JSON Body] @25-10-2021 10:22:33.0994 AM
[ReportManager] Successfully created attachment [API Response - JSON Body] @25-10-2021 10:22:34.0006 AM
[ReportManager] API Action [GetResponseJSONValue] successfully performed. With the following test data [data.insert_users.returning[0].name]. @25-10-2021 10:22:34.0063 AM
[ReportManager] Assertion [ValidateEquals] PASSED. Expected [sherlock holmes] and Actual [sherlock holmes]. Comparison Type [EQUALS]. Validation Type [POSITIVE]. @25-10-2021 10:22:34.0063 A

################################################################################################################################################
Starting Execution:	[120 out of 143] test cases in the current suite
Test Method:		[testPackage01.Test_sendGraphqlRequest.sendGraphqlRequestUsingQuery]
################################################################################################################################################
[ReportManager] GraphQl Request is being Performed with the Following Parameters [Service URL: https://api.spacex.land/graphql | Request Body: {"query":"{company {ceo}}"}] @25-10-2021 10:22:34.0080 AM
[ReportManager] Response status code: [200], status line: [HTTP/1.1 200 OK] @25-10-2021 10:22:34.0197 AM
[ReportManager] Assertion Passed: Evaluating the actual response status code against the expected one... @25-10-2021 10:22:34.0197 AM
[ReportManager] Assertion [ValidateEquals] PASSED. Expected [200] and Actual [200]. Comparison Type [EQUALS]. Validation Type [POSITIVE]. @25-10-2021 10:22:34.0198 AM
[ReportManager] API Action [PerformRequest] successfully performed. With the following test data [Request Type: "POST" | Target Status Code: "200" | Service URL: "https://api.spacex.land/graphql" | Content Type: "application/json" | Response Time: "111ms"]. @25-10-2021 10:22:34.0213 AM
[ReportManager] Successfully created attachment [API Request - Specifications] @25-10-2021 10:22:34.0219 AM
[ReportManager] Successfully created attachment [API Request - JSON Body] @25-10-2021 10:22:34.0232 AM
[ReportManager] Successfully created attachment [API Response - JSON Body] @25-10-2021 10:22:34.0239 AM
[ReportManager] API Action [GetResponseJSONValue] successfully performed. With the following test data [data.company.ceo]. @25-10-2021 10:22:34.0253 AM
[ReportManager] Assertion [ValidateEquals] PASSED. Expected [Elon Musk] and Actual [Elon Musk]. Comparison Type [EQUALS]. Validation Type [POSITIVE]. @25-10-2021 10:22:34.0254 A
[ReportManager] File Action [GetAbsolutePath] successfully performed. With the following test data [Relative Folder Path: "target/downloadedFiles/"]. @25-10-2021 10:22:34.0302 AM
[ReportManager] Attempting to run locally on: [Mac-64], [Safari], Headless Execution. @25-10-2021 10:22:34.0302 AM
[ReportManager] Successfully Opened Safari. @25-10-2021 10:22:35.0192 AM
[ReportManager] Initial window size: (800, 600) @25-10-2021 10:22:35.0213 AM
[ReportManager] Window size after SWD Maximize: (1176, 811) @25-10-2021 10:22:35.0247 AM
[ReportManager] Browser Action [MaximizeWindow] successfully performed. With the following test data [New screen size is now: (1176, 811)]. @25-10-2021 10:22:35.0248 A

################################################################################################################################################
Starting Execution:	[121 out of 143] test cases in the current suite
Test Method:		[testPackage01.Test_dragAndDrop.dragAndDropJquery]
################################################################################################################################################
[ReportManager] Target URL: [https://jqueryui.com/resources/demos/droppable/default.html] @25-10-2021 10:22:35.0286 AM
[ReportManager] Initial URL: [] @25-10-2021 10:22:35.0371 AM
[ReportManager] Browser Action [NavigateToURL] successfully performed. With the following test data [https://jqueryui.com/resources/demos/droppable/default.html]. @25-10-2021 10:22:35.0744 AM
[ReportManager] Element Action [GetText] successfully performed. With the following test data [
	Drop here
]. @25-10-2021 10:22:35.0802 AM
[ReportManager] Element Action [DragAndDrop] successfully performed. With the following test data [Start point: (8, 18), End point: (8, 18)]. @25-10-2021 10:22:36.0993 AM
[ReportManager] Element Action [GetText] successfully performed. With the following test data [
	Dropped!
]. @25-10-2021 10:22:37.0034 AM
[ReportManager] Assertion Passed: Checking to see if the text has changed after performing drag and drop @25-10-2021 10:22:37.0035 AM
[ReportManager] Assertion [ValidateEquals] PASSED. Expected [
	Drop here
] and Actual [
	Dropped!
]. Comparison Type [EQUALS]. Validation Type [NEGATIVE]. @25-10-2021 10:22:37.0035 A
[ReportManager] Browser Action [CloseCurrentWindow] successfully performed. @25-10-2021 10:22:37.0311 AM
[ReportManager] Successfully created attachment [Browser Action Test Data - CloseCurrentWindow - Actual Value] @25-10-2021 10:22:37.0318 A
[ReportManager] File Action [GetAbsolutePath] successfully performed. With the following test data [Relative Folder Path: "target/downloadedFiles/"]. @25-10-2021 10:22:37.0341 AM
[ReportManager] Attempting to run locally on: [Mac-64], [Safari], Headless Execution. @25-10-2021 10:22:37.0342 AM
[ReportManager] Successfully Opened Safari. @25-10-2021 10:22:38.0415 AM
[ReportManager] Initial window size: (800, 600) @25-10-2021 10:22:38.0421 AM
[ReportManager] Window size after SWD Maximize: (1176, 811) @25-10-2021 10:22:38.0478 AM
[ReportManager] Browser Action [MaximizeWindow] successfully performed. With the following test data [New screen size is now: (1176, 811)]. @25-10-2021 10:22:38.0479 A

################################################################################################################################################
Starting Execution:	[122 out of 143] test cases in the current suite
Test Method:		[testPackage01.Test_dragAndDrop.dragAndDrop]
Test Description:	[TC001 - Test Drag and Drop function.]
################################################################################################################################################
[ReportManager] Target URL: [http://the-internet.herokuapp.com/drag_and_drop] @25-10-2021 10:22:38.0482 AM
[ReportManager] Initial URL: [] @25-10-2021 10:22:38.0535 AM
[ReportManager] Browser Action [NavigateToURL] successfully performed. With the following test data [http://the-internet.herokuapp.com/drag_and_drop]. @25-10-2021 10:22:39.0072 AM
[ReportManager] Attempting Drag and Drop @25-10-2021 10:22:39.0072 AM
[ReportManager] Element Action [DragAndDrop] successfully performed. With the following test data [Start point: (120, 89), End point: (335, 89)]. @25-10-2021 10:22:39.0782 A
[ReportManager] Browser Action [CloseCurrentWindow] successfully performed. @25-10-2021 10:22:40.0023 AM
[ReportManager] Successfully created attachment [Browser Action Test Data - CloseCurrentWindow - Actual Value] @25-10-2021 10:22:40.0024 A
[ReportManager] File Action [GetAbsolutePath] successfully performed. With the following test data [Relative Folder Path: "target/downloadedFiles/"]. @25-10-2021 10:22:40.0027 AM
[ReportManager] Attempting to run locally on: [Mac-64], [Safari], Headless Execution. @25-10-2021 10:22:40.0027 AM
[ReportManager] Successfully Opened Safari. @25-10-2021 10:22:40.0923 AM
[ReportManager] Initial window size: (800, 600) @25-10-2021 10:22:40.0930 AM
[ReportManager] Window size after SWD Maximize: (1176, 811) @25-10-2021 10:22:40.0975 AM
[ReportManager] Browser Action [MaximizeWindow] successfully performed. With the following test data [New screen size is now: (1176, 811)]. @25-10-2021 10:22:40.0976 A

################################################################################################################################################
Starting Execution:	[123 out of 143] test cases in the current suite
Test Method:		[testPackage01.Test_dragAndDrop.dragAndDropByOffset]
Test Description:	[TC002 - Test Drag and Drop by offset function.]
################################################################################################################################################
[ReportManager] Target URL: [https://jqueryui.com/resources/demos/draggable/default.html] @25-10-2021 10:22:40.0990 AM
[ReportManager] Initial URL: [] @25-10-2021 10:22:41.0028 AM
[ReportManager] Browser Action [NavigateToURL] successfully performed. With the following test data [https://jqueryui.com/resources/demos/draggable/default.html]. @25-10-2021 10:22:41.0402 AM
[ReportManager] Element Action [DragAndDropByOffset] successfully performed. With the following test data [Start point: (8, 8), End point: (108, 58)]. @25-10-2021 10:22:42.0193 A
[ReportManager] Browser Action [CloseCurrentWindow] successfully performed. @25-10-2021 10:22:42.0319 AM
[ReportManager] Successfully created attachment [Browser Action Test Data - CloseCurrentWindow - Actual Value] @25-10-2021 10:22:42.0319 A
[ReportManager] Successfully loaded the following test data file [src/test/resources/TestDataFiles/testSuite01/TestData.xlsx]. @25-10-2021 10:22:42.0391 AM
[ReportManager] Successfully created attachment [Test Data - Excel] @25-10-2021 10:22:42.0400 AM
[ReportManager] File Action [GetAbsolutePath] successfully performed. With the following test data [Relative Folder Path: "target/downloadedFiles/"]. @25-10-2021 10:22:42.0401 AM
[ReportManager] Attempting to run locally on: [Mac-64], [Safari], Headless Execution. @25-10-2021 10:22:42.0401 AM
[ReportManager] Successfully Opened Safari. @25-10-2021 10:22:43.0192 AM
[ReportManager] Initial window size: (800, 600) @25-10-2021 10:22:43.0212 AM
[ReportManager] Window size after SWD Maximize: (1176, 811) @25-10-2021 10:22:43.0224 AM
[ReportManager] Browser Action [MaximizeWindow] successfully performed. With the following test data [New screen size is now: (1176, 811)]. @25-10-2021 10:22:43.0225 A

################################################################################################################################################
Starting Execution:	[124 out of 143] test cases in the current suite
Test Method:		[testPackage01.Test_google.navigateToURLandVerifyGoogleLogoIsDisplayed]
Test Description:	[TC001 - Navigate to URL and Verify Google Logo is Displayed]
################################################################################################################################################
[ReportManager] Target URL: [https://www.google.com/ncr], and after redirection: [https://www.google.com] @25-10-2021 10:22:43.0245 AM
[ReportManager] Initial URL: [] @25-10-2021 10:22:43.0310 AM
[ReportManager] Browser Action [NavigateToURL] successfully performed. With the following test data [https://www.google.com/ncr]. @25-10-2021 10:22:44.0870 AM
[ReportManager] Loaded Shared OpenCV @25-10-2021 10:22:44.0960 AM
[ReportManager] Assertion [ValidateElementExists] PASSED. Expected [Element Should Exist, locator 'By.xpath: //*[@id='hplogo' or @alt='Google']'] and Actual [Element Exists]. Comparison Type [EQUALS]. Validation Type [POSITIVE]. @25-10-2021 10:22:45.0134 AM
[ReportManager] Successfully created attachment [Screenshot - 1635157364960_navigateToURLandVerifyGoogleLogoIsDisplayed_ValidateElementExists_passed] @25-10-2021 10:22:45.0148 A

################################################################################################################################################
Starting Execution:	[125 out of 143] test cases in the current suite
Test Method:		[testPackage01.Test_google.searchForQueryandAssertResultsNumDisplayed]
Test Description:	[TC002 - Search for Query and Assert that the number of results is displayed]
################################################################################################################################################
[ReportManager] Element Action [Type] successfully performed. With the following test data [SHAFT_Engine]. @25-10-2021 10:22:45.0687 AM
[ReportManager] Element Action [KeyPress] successfully performed. With the following test data [Enter]. @25-10-2021 10:22:45.0737 A

################################################################################################################################################
Starting Execution:	[126 out of 143] test cases in the current suite
Test Method:		[testPackage01.Test_google.clickNextThrice]
Test Description:	[TC003 - Clicks the next button to make sure that the framework can scroll element into view before clicking it]
###############################################################################################################################################
[ReportManager] Browser Action [CloseCurrentWindow] successfully performed. @25-10-2021 10:22:47.0477 AM
[ReportManager] Successfully created attachment [Browser Action Test Data - CloseCurrentWindow - Actual Value] @25-10-2021 10:22:47.0485 A

################################################################################################################################################
Starting Execution:	[127 out of 143] test cases in the current suite
Test Method:		[testPackage01.Test_chainableElementActions.chainElementActions]
################################################################################################################################################
[ReportManager] File Action [GetAbsolutePath] successfully performed. With the following test data [Relative Folder Path: "target/downloadedFiles/"]. @25-10-2021 10:22:47.0504 AM
[ReportManager] Attempting to run locally on: [Mac-64], [GoogleChrome], Headless Execution. @25-10-2021 10:22:47.0510 AM
[ReportManager] Identifying OS/Driver combination and selecting the correct driver version automatically. Please note that if a new driver executable will be downloaded it may take some time... @25-10-2021 10:22:47.0511 AM
[ReportManager] Successfully Opened Google Chrome. @25-10-2021 10:22:52.0598 AM
[ReportManager] Initial window size: (800, 600) @25-10-2021 10:22:52.0608 AM
[ReportManager] Window size after SWD Maximize: (800, 600) @25-10-2021 10:22:52.0781 AM
[ReportManager] Window size after Toolkit: (1920, 1080) @25-10-2021 10:22:53.0304 AM
[ReportManager] Browser Action [MaximizeWindow] successfully performed. With the following test data [New screen size is now: (1920, 1080)]. @25-10-2021 10:22:53.0310 AM
[ReportManager] Target URL: [https://www.google.com/ncr], and after redirection: [https://www.google.com] @25-10-2021 10:22:53.0310 AM
[ReportManager] Initial URL: [data:,] @25-10-2021 10:22:53.0394 AM
[ReportManager] Browser Action [NavigateToURL] successfully performed. With the following test data [https://www.google.com/ncr]. @25-10-2021 10:22:54.0457 AM
[ReportManager] Element Action [Type] successfully performed. With the following test data [chained type 1]. @25-10-2021 10:22:54.0942 AM
[ReportManager] Element Action [Type] successfully performed. With the following test data [chained type 2]. @25-10-2021 10:22:55.0283 AM
[ReportManager] Element Action [TypeAppend] successfully performed. With the following test data [345]. @25-10-2021 10:22:55.0377 AM
[ReportManager] Element Action [GetText] successfully performed. With the following test data [chained type 2345]. @25-10-2021 10:22:55.0463 AM
[ReportManager] Loaded Shared OpenCV @25-10-2021 10:22:55.0861 AM
[ReportManager] Assertion [ValidateElementAttribute] PASSED. Expected [Value Should be 'chained type 2345' for the 'text' attribute, element locator 'By.name: q'] and Actual [chained type 2345]. Comparison Type [EQUALS]. Validation Type [POSITIVE]. @25-10-2021 10:22:56.0152 AM
[ReportManager] Successfully created attachment [Screenshot - 1635157375861_chainElementActions_ValidateElementAttribute_passed] @25-10-2021 10:22:56.0170 AM
[ReportManager] Browser Action [CloseCurrentWindow] successfully performed. @25-10-2021 10:22:56.0349 AM
[ReportManager] Successfully created attachment [Browser Action Test Data - CloseCurrentWindow - Actual Value] @25-10-2021 10:22:56.0362 A

################################################################################################################################################
Starting Execution:	[128 out of 143] test cases in the current suite
Test Method:		[testPackage01.Test_JsonCompareWithSpecialCharacters.specialCharacters]
################################################################################################################################################
[ReportManager] File Action [GetAbsolutePath] successfully performed. With the following test data [Relative Folder Path: "src/test/resources/TestJsonFiles/specialCharacters.json"]. @25-10-2021 10:22:56.0404 AM
[ReportManager] File Action [ReadFromFile] successfully performed. With the following test data [File Path: "/Users/runner/work/SHAFT_ENGINE/SHAFT_ENGINE/src/test/resources/TestJsonFiles/specialCharacters.json"]. @25-10-2021 10:22:56.0414 AM
[ReportManager] Successfully created attachment [File Action Actual Result - Command Log] @25-10-2021 10:22:56.0426 AM
[ReportManager] Comparing the provided API response with the file at this path "src/test/resources/TestJsonFiles/specialCharacters.json", comparison type "EQUALS" @25-10-2021 10:22:56.0429 AM
[ReportManager] API Action [CompareJSON] successfully performed. With the following test data [src/test/resources/TestJsonFiles/specialCharacters.json]. @25-10-2021 10:22:56.0440 AM
[ReportManager] File Action [GetAbsolutePath] successfully performed. With the following test data [Relative Folder Path: "src/test/resources/TestJsonFiles/specialCharacters.json"]. @25-10-2021 10:22:56.0440 AM
[ReportManager] File Action [ReadFromFile] successfully performed. With the following test data [File Path: "/Users/runner/work/SHAFT_ENGINE/SHAFT_ENGINE/src/test/resources/TestJsonFiles/specialCharacters.json"]. @25-10-2021 10:22:56.0440 AM
[ReportManager] Verification [ValidateJSONFileContent] PASSED. Expected [Response data should match the JSON File in this path 'src/test/resources/TestJsonFiles/specialCharacters.json'] and Actual [TRUE]. Comparison Type [EQUALS]. Validation Type [POSITIVE]. @25-10-2021 10:22:56.0444 AM
[ReportManager] Successfully created attachment [Validation Test Data - Expected JSON Value] @25-10-2021 10:22:56.0450 AM
[ReportManager] Successfully created attachment [Validation Test Data - Actual JSON Value] @25-10-2021 10:22:56.0451 A

################################################################################################################################################
Starting Execution:	[129 out of 143] test cases in the current suite
Test Method:		[testPackage01.Test_JsonCompareWithSpecialCharacters.specialCharacters_assertion]
################################################################################################################################################
[ReportManager] File Action [GetAbsolutePath] successfully performed. With the following test data [Relative Folder Path: "src/test/resources/TestJsonFiles/specialCharacters.json"]. @25-10-2021 10:22:56.0457 AM
[ReportManager] File Action [ReadFromFile] successfully performed. With the following test data [File Path: "/Users/runner/work/SHAFT_ENGINE/SHAFT_ENGINE/src/test/resources/TestJsonFiles/specialCharacters.json"]. @25-10-2021 10:22:56.0457 AM
[ReportManager] Successfully created attachment [File Action Actual Result - Command Log] @25-10-2021 10:22:56.0458 AM
[ReportManager] Comparing the provided API response with the file at this path "src/test/resources/TestJsonFiles/specialCharacters.json", comparison type "CONTAINS" @25-10-2021 10:22:56.0458 AM
[ReportManager] API Action [CompareJSON] successfully performed. With the following test data [src/test/resources/TestJsonFiles/specialCharacters.json]. @25-10-2021 10:22:56.0471 AM
[ReportManager] File Action [GetAbsolutePath] successfully performed. With the following test data [Relative Folder Path: "src/test/resources/TestJsonFiles/specialCharacters.json"]. @25-10-2021 10:22:56.0471 AM
[ReportManager] File Action [ReadFromFile] successfully performed. With the following test data [File Path: "/Users/runner/work/SHAFT_ENGINE/SHAFT_ENGINE/src/test/resources/TestJsonFiles/specialCharacters.json"]. @25-10-2021 10:22:56.0472 AM
[ReportManager] Assertion Passed: trying out the log message @25-10-2021 10:22:56.0476 AM
[ReportManager] Successfully created attachment [Validation Test Data - Expected JSON Value] @25-10-2021 10:22:56.0494 AM
[ReportManager] Successfully created attachment [Validation Test Data - Actual JSON Value] @25-10-2021 10:22:56.0502 AM
[ReportManager] Assertion [ValidateJSONFileContent] PASSED. Expected [Response data should match the JSON File in this path 'src/test/resources/TestJsonFiles/specialCharacters.json'] and Actual [TRUE]. Comparison Type [CONTAINS]. Validation Type [POSITIVE]. @25-10-2021 10:22:56.0502 A

################################################################################################################################################
Starting Execution:	[130 out of 143] test cases in the current suite
Test Method:		[testPackage01.Test_SkipDueToIssue.doNotSkip]
################################################################################################################################################
[ReportManager] This should not be skipped. @25-10-2021 10:22:56.0538 A

################################################################################################################################################
Starting Execution:	[131 out of 143] test cases in the current suite
Test Method:		[testPackage01.Test_SkipDueToIssue.skip]
################################################################################################################################################
[ReportManager] This should be skipped. @25-10-2021 10:22:56.0562 A

################################################################################################################################################
Starting Execution:	[132 out of 143] test cases in the current suite
Test Method:		[testPackage01.Test_SkipDueToIssue.skip2]
################################################################################################################################################
[ReportManager] This should be skipped. @25-10-2021 10:22:56.0585 A

################################################################################################################################################
Starting Execution:	[133 out of 143] test cases in the current suite
Test Method:		[testPackage01.Test_JSONFileManager.readStringFromJson]
################################################################################################################################################
[ReportManager] Successfully loaded the following test data file [src/test/resources/TestDataFiles/simpleJSON.json]. @25-10-2021 10:22:56.0619 AM
[ReportManager] Successfully created attachment [Test Data - JSON] @25-10-2021 10:22:56.0631 AM
[ReportManager] Assertion [ValidateEquals] PASSED. Expected [Mohab Mohie] and Actual [Mohab Mohie]. Comparison Type [EQUALS]. Validation Type [POSITIVE]. @25-10-2021 10:22:56.0646 A
[ReportManager] File Action [GetAbsolutePath] successfully performed. With the following test data [Relative Folder Path: "target/downloadedFiles/"]. @25-10-2021 10:22:56.0669 AM
[ReportManager] Attempting to run locally on: [Mac-64], [Safari], Headless Execution. @25-10-2021 10:22:56.0670 AM
[ReportManager] Successfully Opened Safari. @25-10-2021 10:22:57.0518 AM
[ReportManager] Initial window size: (800, 600) @25-10-2021 10:22:57.0525 AM
[ReportManager] Window size after SWD Maximize: (1176, 811) @25-10-2021 10:22:57.0555 AM
[ReportManager] Browser Action [MaximizeWindow] successfully performed. With the following test data [New screen size is now: (1176, 811)]. @25-10-2021 10:22:57.0555 A

################################################################################################################################################
Starting Execution:	[134 out of 143] test cases in the current suite
Test Method:		[testPackage01.Test_assertEquals.test_assertElementAttribute]
################################################################################################################################################
[ReportManager] Target URL: [https://www.google.com/ncr], and after redirection: [https://www.google.com] @25-10-2021 10:22:57.0588 AM
[ReportManager] Initial URL: [] @25-10-2021 10:22:57.0628 AM
[ReportManager] Browser Action [NavigateToURL] successfully performed. With the following test data [https://www.google.com/ncr]. @25-10-2021 10:22:58.0429 AM
[ReportManager] Element Action [Type] successfully performed. With the following test data [INC_004010050:Another SCHEDULER with the same name [Duplicate Job Name] already exists.]. @25-10-2021 10:23:00.0806 AM
[ReportManager] Element Action [GetText] successfully performed. With the following test data [INC_004010050:Another SCHEDULER with the same name [Duplicate Job Name] already exists.]. @25-10-2021 10:23:00.0862 AM
[ReportManager] Loaded Shared OpenCV @25-10-2021 10:23:00.0919 AM
[ReportManager] Assertion [ValidateElementAttribute] PASSED. Expected [Value Should be 'INC_004010050:Another SCHEDULER with the same name \[Duplicate Job Name\] already exists.' for the 'text' attribute, element locator 'By.name: q'] and Actual [INC_004010050:Another SCHEDULER with the same name [Duplicate Job Name] already exists.]. Comparison Type [MATCHES]. Validation Type [POSITIVE]. @25-10-2021 10:23:01.0038 AM
[ReportManager] Successfully created attachment [Screenshot - 1635157380919_test_assertElementAttribute_ValidateElementAttribute_passed] @25-10-2021 10:23:01.0039 A
[ReportManager] Browser Action [CloseCurrentWindow] successfully performed. @25-10-2021 10:23:01.0168 AM
[ReportManager] Successfully created attachment [Browser Action Test Data - CloseCurrentWindow - Actual Value] @25-10-2021 10:23:01.0174 A
[ReportManager] File Action [GetAbsolutePath] successfully performed. With the following test data [Relative Folder Path: "target/downloadedFiles/"]. @25-10-2021 10:23:01.0181 AM
[ReportManager] Attempting to run locally on: [Mac-64], [Safari], Headless Execution. @25-10-2021 10:23:01.0182 AM
[ReportManager] Successfully Opened Safari. @25-10-2021 10:23:02.0037 AM
[ReportManager] Initial window size: (800, 600) @25-10-2021 10:23:02.0043 AM
[ReportManager] Window size after SWD Maximize: (1176, 811) @25-10-2021 10:23:02.0071 AM
[ReportManager] Browser Action [MaximizeWindow] successfully performed. With the following test data [New screen size is now: (1176, 811)]. @25-10-2021 10:23:02.0071 A

################################################################################################################################################
Starting Execution:	[135 out of 143] test cases in the current suite
Test Method:		[testPackage01.Test_IsElementClickable.testIsElementClickable]
################################################################################################################################################
[ReportManager] Target URL: [https://the-internet.herokuapp.com/] @25-10-2021 10:23:02.0110 AM
[ReportManager] Initial URL: [] @25-10-2021 10:23:02.0170 AM
[ReportManager] Browser Action [NavigateToURL] successfully performed. With the following test data [https://the-internet.herokuapp.com/]. @25-10-2021 10:23:02.0720 AM
[ReportManager] Element Action [IsElementClickable] successfully performed. @25-10-2021 10:23:02.0794 AM
[ReportManager] Assertion [ValidateTrue] PASSED. Expected [TRUE] and Actual [TRUE]. Validation Type [POSITIVE]. @25-10-2021 10:23:02.0794 A
[ReportManager] Browser Action [CloseCurrentWindow] successfully performed. @25-10-2021 10:23:02.0890 AM
[ReportManager] Successfully created attachment [Browser Action Test Data - CloseCurrentWindow - Actual Value] @25-10-2021 10:23:02.0896 A
[ReportManager] Successfully loaded the following test data file [src/test/resources/TestDataFiles/testSuite01/TestData.xlsx]. @25-10-2021 10:23:02.0951 AM
[ReportManager] Successfully created attachment [Test Data - Excel] @25-10-2021 10:23:02.0957 AM
[ReportManager] Attempting to run using Playwright locally on: [Mac-64], [Safari], Headless Execution. @25-10-2021 10:24:44.0196 AM
[ReportManager] File Action [GetAbsolutePath] successfully performed. With the following test data [Relative Folder Path: "target/downloadedFiles/"]. @25-10-2021 10:24:44.0198 AM
[ReportManager] Initial window size: (1280, 720) @25-10-2021 10:24:52.0117 AM
[ReportManager] Window size after Toolkit: com.microsoft.playwright.options.ViewportSize@48d2ee64 @25-10-2021 10:24:52.0128 AM
[ReportManager] Browser Action [MaximizeWindow] successfully performed. With the following test data [New screen size is now: (1920, 1080)]. @25-10-2021 10:24:52.0130 A

################################################################################################################################################
Starting Execution:	[136 out of 143] test cases in the current suite
Test Method:		[testPackage01.Test_google_playwright.navigateToURLandVerifyGoogleLogoIsDisplayed]
Test Description:	[TC001 - Navigate to URL and Verify Google Logo is Displayed]
################################################################################################################################################
[ReportManager] Target URL: [https://www.google.com/ncr], and after redirection: [https://www.google.com] @25-10-2021 10:24:52.0365 AM
[ReportManager] Initial URL: [about:blank] @25-10-2021 10:24:52.0653 AM
[ReportManager] Browser Action [NavigateToURL] successfully performed. With the following test data [https://www.google.com/ncr]. @25-10-2021 10:24:54.0209 AM
[ReportManager] Loaded Shared OpenCV @25-10-2021 10:24:54.0320 AM
[ReportManager] Assertion [ValidateElementExists] PASSED. Expected [Element Should Exist, locator 'xpath=//*[@id='hplogo' or @alt='Google']'] and Actual [Element Exists]. Comparison Type [EQUALS]. Validation Type [POSITIVE]. @25-10-2021 10:24:54.0542 AM
[ReportManager] Successfully created attachment [Screenshot - 1635157494316_navigateToURLandVerifyGoogleLogoIsDisplayed_ValidateElementExists_passed] @25-10-2021 10:24:54.0553 A

################################################################################################################################################
Starting Execution:	[137 out of 143] test cases in the current suite
Test Method:		[testPackage01.Test_google_playwright.searchForQueryandAssertResultsNumDisplayed]
Test Description:	[TC002 - Search for Query and Assert that the number of results is displayed]
################################################################################################################################################
[ReportManager] Element Action [Type] successfully performed. With the following test data [SHAFT_Engine]. @25-10-2021 10:24:54.0904 AM
[ReportManager] Element Action [KeyPress] successfully performed. With the following test data [Enter]. @25-10-2021 10:24:54.0946 AM
[ReportManager] Element Action [GetText] successfully performed. With the following test data [About 939,000 results (0.57 seconds)Â 
]. @25-10-2021 10:24:56.0773 AM
[ReportManager] Loaded Shared OpenCV @25-10-2021 10:24:57.0370 AM
[ReportManager] Assertion [ValidateElementAttribute] PASSED. Expected [Value Should not be '' for the 'text' attribute, element locator 'xpath=//div[@id='appbar']'] and Actual [About 939,000 results (0.57 seconds)Â 
]. Comparison Type [EQUALS]. Validation Type [NEGATIVE]. @25-10-2021 10:24:57.0696 AM
[ReportManager] Successfully created attachment [Screenshot - 1635157497368_searchForQueryandAssertResultsNumDisplayed_ValidateElementAttribute_passed] @25-10-2021 10:24:57.0713 A

################################################################################################################################################
Starting Execution:	[138 out of 143] test cases in the current suite
Test Method:		[testPackage01.Test_google_playwright.clickNextThrice]
Test Description:	[TC003 - Clicks the next button to make sure that the framework can scroll element into view before clicking it]
################################################################################################################################################
[ReportManager] Element Action [Click] successfully performed. With the following test data [Next]. @25-10-2021 10:24:58.0182 A
[ReportManager] Failed to find video recording. @25-10-2021 10:24:58.0202 AM
[ReportManager] Successfully Closed PlayWright Driver. @25-10-2021 10:24:58.0294 A
[ReportManager] File Action [GetAbsolutePath] successfully performed. With the following test data [Relative Folder Path: "target/downloadedFiles/"]. @25-10-2021 10:24:58.0301 AM
[ReportManager] Attempting to run locally on: [Mac-64], [Safari], Headless Execution. @25-10-2021 10:24:58.0301 AM
[ReportManager] Successfully Opened Safari. @25-10-2021 10:24:59.0340 AM
[ReportManager] Initial window size: (800, 600) @25-10-2021 10:24:59.0427 AM
[ReportManager] Window size after SWD Maximize: (1176, 811) @25-10-2021 10:24:59.0472 AM
[ReportManager] Browser Action [MaximizeWindow] successfully performed. With the following test data [New screen size is now: (1176, 811)]. @25-10-2021 10:24:59.0472 A

################################################################################################################################################
Starting Execution:	[139 out of 143] test cases in the current suite
Test Method:		[testPackage01.Test_verifyEquals.test_assertElementAttribute]
################################################################################################################################################
[ReportManager] Target URL: [https://www.google.com/ncr], and after redirection: [https://www.google.com] @25-10-2021 10:24:59.0494 AM
[ReportManager] Initial URL: [] @25-10-2021 10:24:59.0589 AM
[ReportManager] Browser Action [NavigateToURL] successfully performed. With the following test data [https://www.google.com/ncr]. @25-10-2021 10:25:00.0712 AM
[ReportManager] Element Action [Type] successfully performed. With the following test data [INC_004010050:Another SCHEDULER with the same name [Duplicate Job Name] already exists.]. @25-10-2021 10:25:03.0660 AM
[ReportManager] Element Action [GetText] successfully performed. With the following test data [INC_004010050:Another SCHEDULER with the same name [Duplicate Job Name] already exists.]. @25-10-2021 10:25:03.0724 AM
[ReportManager] Loaded Shared OpenCV @25-10-2021 10:25:03.0785 AM
[ReportManager] Verification [ValidateElementAttribute] PASSED. Expected [Value Should be 'INC_004010050:Another SCHEDULER with the same name \[Duplicate Job Name\] already exists.' for the 'text' attribute, element locator 'By.name: q'] and Actual [INC_004010050:Another SCHEDULER with the same name [Duplicate Job Name] already exists.]. Comparison Type [MATCHES]. Validation Type [POSITIVE]. @25-10-2021 10:25:03.0932 AM
[ReportManager] Successfully created attachment [Screenshot - 1635157503785_test_assertElementAttribute_ValidateElementAttribute_passed] @25-10-2021 10:25:03.0945 A
[ReportManager] Browser Action [CloseCurrentWindow] successfully performed. @25-10-2021 10:25:04.0083 AM
[ReportManager] Successfully created attachment [Browser Action Test Data - CloseCurrentWindow - Actual Value] @25-10-2021 10:25:04.0089 A

################################################################################################################################################
Starting Execution:	[140 out of 143] test cases in the current suite
Test Method:		[testPackage01.Test_SelectedValue.multipleSelect]
################################################################################################################################################
[ReportManager] File Action [GetAbsolutePath] successfully performed. With the following test data [Relative Folder Path: "target/downloadedFiles/"]. @25-10-2021 10:25:04.0105 AM
[ReportManager] Attempting to run locally on: [Mac-64], [GoogleChrome], Headless Execution. @25-10-2021 10:25:04.0105 AM
[ReportManager] Identifying OS/Driver combination and selecting the correct driver version automatically. Please note that if a new driver executable will be downloaded it may take some time... @25-10-2021 10:25:04.0105 AM
[ReportManager] Successfully Opened Google Chrome. @25-10-2021 10:25:04.0813 AM
[ReportManager] Initial window size: (800, 600) @25-10-2021 10:25:04.0824 AM
[ReportManager] Window size after SWD Maximize: (800, 600) @25-10-2021 10:25:04.0953 AM
[ReportManager] Window size after Toolkit: (1920, 1080) @25-10-2021 10:25:05.0367 AM
[ReportManager] Browser Action [MaximizeWindow] successfully performed. With the following test data [New screen size is now: (1920, 1080)]. @25-10-2021 10:25:05.0373 AM
[ReportManager] Target URL: [https://yari-demos.prod.mdn.mozit.cloud/en-US/docs/Web/HTML/Element/select/_sample_.Advanced_select_with_multiple_features.html] @25-10-2021 10:25:05.0373 AM
[ReportManager] Initial URL: [data:,] @25-10-2021 10:25:05.0419 AM
[ReportManager] Browser Action [NavigateToURL] successfully performed. With the following test data [https://yari-demos.prod.mdn.mozit.cloud/en-US/docs/Web/HTML/Element/select/_sample_.Advanced_select_with_multiple_features.html]. @25-10-2021 10:25:05.0853 AM
[ReportManager] Element Action [Select] successfully performed. With the following test data [Dog]. @25-10-2021 10:25:06.0068 AM
[ReportManager] Element Action [Select] successfully performed. With the following test data [Cat]. @25-10-2021 10:25:06.0245 AM
[ReportManager] Element Action [GetSelectedText] successfully performed. With the following test data [DogCat]. @25-10-2021 10:25:06.0354 AM
[ReportManager] DogCat @25-10-2021 10:25:06.0354 AM
[ReportManager] Element Action [GetSelectedText] successfully performed. With the following test data [DogCat]. @25-10-2021 10:25:06.0466 AM
[ReportManager] Loaded Shared OpenCV @25-10-2021 10:25:06.0820 AM
[ReportManager] Assertion [ValidateElementAttribute] PASSED. Expected [Value Should be 'DogCat' for the 'selectedText' attribute, element locator 'By.tagName: select'] and Actual [DogCat]. Comparison Type [EQUALS]. Validation Type [POSITIVE]. @25-10-2021 10:25:07.0059 AM
[ReportManager] Successfully created attachment [Screenshot - 1635157506820_multipleSelect_ValidateElementAttribute_passed] @25-10-2021 10:25:07.0071 AM
[ReportManager] Browser Action [CloseCurrentWindow] successfully performed. @25-10-2021 10:25:07.0225 AM
[ReportManager] Successfully created attachment [Browser Action Test Data - CloseCurrentWindow - Actual Value] @25-10-2021 10:25:07.0231 A

################################################################################################################################################
Starting Execution:	[141 out of 143] test cases in the current suite
Test Method:		[testPackage01.Test_SelectedValue.simpleSelect]
################################################################################################################################################
[ReportManager] File Action [GetAbsolutePath] successfully performed. With the following test data [Relative Folder Path: "target/downloadedFiles/"]. @25-10-2021 10:25:07.0250 AM
[ReportManager] Attempting to run locally on: [Mac-64], [GoogleChrome], Headless Execution. @25-10-2021 10:25:07.0251 AM
[ReportManager] Identifying OS/Driver combination and selecting the correct driver version automatically. Please note that if a new driver executable will be downloaded it may take some time... @25-10-2021 10:25:07.0251 AM
[ReportManager] Successfully Opened Google Chrome. @25-10-2021 10:25:07.0723 AM
[ReportManager] Initial window size: (800, 600) @25-10-2021 10:25:07.0727 AM
[ReportManager] Window size after SWD Maximize: (800, 600) @25-10-2021 10:25:07.0975 AM
[ReportManager] Window size after Toolkit: (1920, 1080) @25-10-2021 10:25:08.0366 AM
[ReportManager] Browser Action [MaximizeWindow] successfully performed. With the following test data [New screen size is now: (1920, 1080)]. @25-10-2021 10:25:08.0369 AM
[ReportManager] Target URL: [https://yari-demos.prod.mdn.mozit.cloud/en-US/docs/Web/HTML/Element/select/_sample_.Basic_select.html] @25-10-2021 10:25:08.0369 AM
[ReportManager] Initial URL: [data:,] @25-10-2021 10:25:08.0403 AM
[ReportManager] Browser Action [NavigateToURL] successfully performed. With the following test data [https://yari-demos.prod.mdn.mozit.cloud/en-US/docs/Web/HTML/Element/select/_sample_.Basic_select.html]. @25-10-2021 10:25:08.0687 AM
[ReportManager] Element Action [Select] successfully performed. With the following test data [Third Value]. @25-10-2021 10:25:09.0025 AM
[ReportManager] Element Action [GetSelectedText] successfully performed. With the following test data [Third Value]. @25-10-2021 10:25:09.0123 AM
[ReportManager] Third Value @25-10-2021 10:25:09.0123 AM
[ReportManager] Element Action [GetSelectedText] successfully performed. With the following test data [Third Value]. @25-10-2021 10:25:09.0217 AM
[ReportManager] Loaded Shared OpenCV @25-10-2021 10:25:09.0623 AM
[ReportManager] Assertion [ValidateElementAttribute] PASSED. Expected [Value Should be 'Third Value' for the 'selectedText' attribute, element locator 'By.tagName: select'] and Actual [Third Value]. Comparison Type [EQUALS]. Validation Type [POSITIVE]. @25-10-2021 10:25:09.0840 AM
[ReportManager] Successfully created attachment [Screenshot - 1635157509623_simpleSelect_ValidateElementAttribute_passed] @25-10-2021 10:25:09.0852 AM
[ReportManager] Browser Action [CloseCurrentWindow] successfully performed. @25-10-2021 10:25:09.0969 AM
[ReportManager] Successfully created attachment [Browser Action Test Data - CloseCurrentWindow - Actual Value] @25-10-2021 10:25:09.0976 A
[ReportManager] File Action [GetAbsolutePath] successfully performed. With the following test data [Relative Folder Path: "target/downloadedFiles/"]. @25-10-2021 10:25:09.0999 AM
[ReportManager] Attempting to run locally on: [Mac-64], [Safari], Headless Execution. @25-10-2021 10:25:09.0999 AM
[ReportManager] Successfully Opened Safari. @25-10-2021 10:25:10.0974 AM
[ReportManager] Initial window size: (800, 600) @25-10-2021 10:25:10.0987 AM
[ReportManager] Window size after SWD Maximize: (1176, 811) @25-10-2021 10:25:11.0018 AM
[ReportManager] Browser Action [MaximizeWindow] successfully performed. With the following test data [New screen size is now: (1176, 811)]. @25-10-2021 10:25:11.0018 A

################################################################################################################################################
Starting Execution:	[142 out of 143] test cases in the current suite
Test Method:		[testPackage01.Test_dynamicLoading.dynamicLoading_elementIsHidden]
################################################################################################################################################
[ReportManager] Target URL: [https://the-internet.herokuapp.com/dynamic_loading/1] @25-10-2021 10:25:11.0043 AM
[ReportManager] Initial URL: [] @25-10-2021 10:25:11.0134 AM
[ReportManager] Browser Action [NavigateToURL] successfully performed. With the following test data [https://the-internet.herokuapp.com/dynamic_loading/1]. @25-10-2021 10:25:11.0815 AM
[ReportManager] Element Action [Click] successfully performed. With the following test data [Start]. @25-10-2021 10:25:12.0146 AM
[ReportManager] Element Action [GetText] successfully performed. With the following test data [
    Hello World!
  ]. @25-10-2021 10:25:12.0228 A
[ReportManager] Browser Action [CloseCurrentWindow] successfully performed. @25-10-2021 10:25:12.0332 AM
[ReportManager] Successfully created attachment [Browser Action Test Data - CloseCurrentWindow - Actual Value] @25-10-2021 10:25:12.0381 A
[ReportManager] File Action [GetAbsolutePath] successfully performed. With the following test data [Relative Folder Path: "target/downloadedFiles/"]. @25-10-2021 10:25:12.0402 AM
[ReportManager] Attempting to run locally on: [Mac-64], [Safari], Headless Execution. @25-10-2021 10:25:12.0402 AM
[ReportManager] Successfully Opened Safari. @25-10-2021 10:25:13.0406 AM
[ReportManager] Initial window size: (800, 600) @25-10-2021 10:25:13.0425 AM
[ReportManager] Window size after SWD Maximize: (1176, 811) @25-10-2021 10:25:13.0472 AM
[ReportManager] Browser Action [MaximizeWindow] successfully performed. With the following test data [New screen size is now: (1176, 811)]. @25-10-2021 10:25:13.0474 A

################################################################################################################################################
Starting Execution:	[143 out of 143] test cases in the current suite
Test Method:		[testPackage01.Test_dynamicLoading.dynamicLoading_elementIsRendered]
################################################################################################################################################
[ReportManager] Target URL: [https://the-internet.herokuapp.com/dynamic_loading/2] @25-10-2021 10:25:13.0485 AM
[ReportManager] Initial URL: [] @25-10-2021 10:25:13.0691 AM
[ReportManager] Browser Action [NavigateToURL] successfully performed. With the following test data [https://the-internet.herokuapp.com/dynamic_loading/2]. @25-10-2021 10:25:14.0349 AM
[ReportManager] Element Action [Click] successfully performed. With the following test data [Start]. @25-10-2021 10:25:14.0726 A
[ReportManager] Browser Action [CloseCurrentWindow] successfully performed. @25-10-2021 10:25:15.0103 AM
[ReportManager] Successfully created attachment [Browser Action Test Data - CloseCurrentWindow - Actual Value] @25-10-2021 10:25:15.0109 A

################################################################################################################################################
Test Closure Activities
################################################################################################################################################
[ReportManager] Successfully created attachment [SHAFT Engine Logs - Execution log] @25-10-2021 10:25:15.0179 AM

################################################################################################################################################
This test run was powered by SHAFT Engine Version: [SHAFT Engine v5.4.20211025-BETA]
SHAFT Engine is licensed under the MIT License: [https://github.com/MohabMohie/SHAFT_ENGINE/blob/master/LICENSE].
################################################################################################################################################