################################################################################################################################################
Detected SHAFT Engine Version: [SHAFT Engine v5.4.20211202-BETA]
################################################################################################################################################
[ReportManager] File Action [GetAbsolutePath] successfully performed. With the following test data [Relative Folder Path: "target/downloadedFiles/"]. @02-12-2021 01:51:38.0073 AM
[ReportManager] Attempting to run locally on: [Mac-64], [Safari], Headless Execution. @02-12-2021 01:51:38.0089 AM
[ReportManager] Successfully Opened Safari. @02-12-2021 01:51:43.0386 AM
[ReportManager] Initial window size: (800, 600) @02-12-2021 01:51:43.0424 AM
[ReportManager] Window size after SWD Maximize: (1176, 802) @02-12-2021 01:51:43.0467 AM
[ReportManager] Browser Action [MaximizeWindow] successfully performed. With the following test data [New screen size is now: (1176, 802)]. @02-12-2021 01:51:43.0475 A

################################################################################################################################################
Starting Execution:	[1 out of 146] test cases in the current suite
Test Method:		[unitTests.tests_element_elementActions.waitForElementToBePresent_false_expectedToFail]
################################################################################################################################################
[ReportManager] Target URL: [https://www.google.com/ncr], and after redirection: [www.google.com] @02-12-2021 01:51:43.0625 AM
[ReportManager] Initial URL: [] @02-12-2021 01:51:43.0687 AM
[ReportManager] Browser Action [NavigateToURL] successfully performed. With the following test data [https://www.google.com/ncr]. @02-12-2021 01:51:46.0710 AM
[ReportManager] Waiting for element to be present; elementLocator [By.xpath: //*[@id='hplogo' or @alt='Google']], numberOfTries[1], stateOfPresence[false]... @02-12-2021 01:51:46.0817 AM
[ReportManager] Element Action [WaitForElementToBePresent] failed. With the following test data [waited for the element's state of presence to be (false). Element locator (By.xpath: //*[@id='hplogo' or @alt='Google'])]. @02-12-2021 01:51:49.0819 AM
[ReportManager] Successfully created attachment [Screenshot - 1638409907316_waitForElementToBePresent_false_expectedToFail_WaitForElementToBePresent_failed] @02-12-2021 01:51:49.0833 A
[ReportManager] Browser Action [CloseCurrentWindow] successfully performed. @02-12-2021 01:51:50.0078 AM
[ReportManager] Successfully created attachment [Browser Action Test Data - CloseCurrentWindow - Actual Value] @02-12-2021 01:51:50.0093 A
[ReportManager] File Action [GetAbsolutePath] successfully performed. With the following test data [Relative Folder Path: "target/downloadedFiles/"]. @02-12-2021 01:51:50.0126 AM
[ReportManager] Attempting to run locally on: [Mac-64], [Safari], Headless Execution. @02-12-2021 01:51:50.0126 AM
[ReportManager] An Exception Occured with this Message: Could not start a new session. Possible causes are invalid address of the remote server or browser start-up failure.. @02-12-2021 01:51:50.0259 AM
[ReportManager] Successfully created attachment [Exception Stack Trace - org.openqa.selenium.SessionNotCreatedException] @02-12-2021 01:51:50.0260 AM
[ReportManager] Driver Factory Action [createNewLocalDriverInstanceForSafari] failed. With the following test data [Failed to create a session on DESKTOP_SAFARI]. @02-12-2021 01:51:50.0261 A

################################################################################################################################################
Starting Execution:	[2 out of 146] test cases in the current suite
Test Method:		[unitTests.tests_element_elementActions.waitForElementToBePresent_false_expectedToPass]
###############################################################################################################################################



################################################################################################################################################
Starting Execution:	[3 out of 146] test cases in the current suite
Test Method:		[unitTests.tests_element_elementActions.waitForElementToBePresent_moreThanOneElement_expectedToFail]
###############################################################################################################################################



################################################################################################################################################
Starting Execution:	[4 out of 146] test cases in the current suite
Test Method:		[unitTests.tests_element_elementActions.waitForElementToBePresent_true_expectedToFail]
###############################################################################################################################################



################################################################################################################################################
Starting Execution:	[5 out of 146] test cases in the current suite
Test Method:		[unitTests.tests_element_elementActions.waitForElementToBePresent_true_expectedToPass]
###############################################################################################################################################

[ReportManager] File Action [GetAbsolutePath] successfully performed. With the following test data [Relative Folder Path: "target/downloadedFiles/"]. @02-12-2021 01:51:50.0377 AM
[ReportManager] Attempting to run locally on: [Mac-64], [Safari], Headless Execution. @02-12-2021 01:51:50.0377 AM
[ReportManager] Successfully Opened Safari. @02-12-2021 01:51:51.0409 AM
[ReportManager] Initial window size: (800, 600) @02-12-2021 01:51:51.0475 AM
[ReportManager] Window size after SWD Maximize: (1176, 803) @02-12-2021 01:51:51.0562 AM
[ReportManager] Browser Action [MaximizeWindow] successfully performed. With the following test data [New screen size is now: (1176, 803)]. @02-12-2021 01:51:51.0563 AM
[ReportManager] Target URL: [https://duckduckgo.com] @02-12-2021 01:51:51.0563 AM
[ReportManager] Initial URL: [] @02-12-2021 01:51:51.0609 AM
[ReportManager] Browser Action [NavigateToURL] successfully performed. With the following test data [https://duckduckgo.com]. @02-12-2021 01:51:52.0700 A

################################################################################################################################################
Starting Execution:	[6 out of 146] test cases in the current suite
Test Method:		[unitTests.tests_browserActions.fullScreenWindow]
################################################################################################################################################
[ReportManager] Initial Windows Size: 1176x803 @02-12-2021 01:51:52.0710 AM
[ReportManager] Current Windows Size after fullScreen: 1176x885 @02-12-2021 01:51:52.0997 AM
[ReportManager] Browser Action [FullScreenWindow] successfully performed. @02-12-2021 01:51:53.0042 AM
[ReportManager] Successfully created attachment [Browser Action Test Data - FullScreenWindow - Actual Value] @02-12-2021 01:51:53.0043 A
[ReportManager] Target URL: [https://duckduckgo.com] @02-12-2021 01:51:53.0046 AM
[ReportManager] Initial URL: [https://duckduckgo.com] @02-12-2021 01:51:53.0166 AM
[ReportManager] Browser Action [NavigateToURL] successfully performed. With the following test data [https://duckduckgo.com]. @02-12-2021 01:51:53.0829 AM
[ReportManager] Browser Action [CloseCurrentWindow] successfully performed. @02-12-2021 01:51:54.0044 AM
[ReportManager] Successfully created attachment [Browser Action Test Data - CloseCurrentWindow - Actual Value] @02-12-2021 01:51:54.0046 A
[ReportManager] File Action [GetAbsolutePath] successfully performed. With the following test data [Relative Folder Path: "target/downloadedFiles/"]. @02-12-2021 01:51:54.0053 AM
[ReportManager] Attempting to run locally on: [Mac-64], [Safari], Headless Execution. @02-12-2021 01:51:54.0053 AM
[ReportManager] Successfully Opened Safari. @02-12-2021 01:51:54.0963 AM
[ReportManager] Initial window size: (800, 600) @02-12-2021 01:51:54.0998 AM
[ReportManager] Window size after SWD Maximize: (1176, 803) @02-12-2021 01:51:55.0040 AM
[ReportManager] Browser Action [MaximizeWindow] successfully performed. With the following test data [New screen size is now: (1176, 803)]. @02-12-2021 01:51:55.0040 AM
[ReportManager] Target URL: [https://duckduckgo.com] @02-12-2021 01:51:55.0040 AM
[ReportManager] Initial URL: [] @02-12-2021 01:51:55.0113 AM
[ReportManager] Browser Action [NavigateToURL] successfully performed. With the following test data [https://duckduckgo.com]. @02-12-2021 01:51:55.0970 A

################################################################################################################################################
Starting Execution:	[7 out of 146] test cases in the current suite
Test Method:		[unitTests.tests_browserActions.getCurrentURL]
################################################################################################################################################
[ReportManager] Browser Action [GetCurrentURL] successfully performed. With the following test data [https://duckduckgo.com/]. @02-12-2021 01:51:56.0077 A
[ReportManager] Target URL: [https://duckduckgo.com] @02-12-2021 01:51:56.0079 AM
[ReportManager] Initial URL: [https://duckduckgo.com] @02-12-2021 01:51:56.0144 AM
[ReportManager] Browser Action [NavigateToURL] successfully performed. With the following test data [https://duckduckgo.com]. @02-12-2021 01:51:56.0480 AM
[ReportManager] Browser Action [CloseCurrentWindow] successfully performed. @02-12-2021 01:51:56.0811 AM
[ReportManager] Successfully created attachment [Browser Action Test Data - CloseCurrentWindow - Actual Value] @02-12-2021 01:51:56.0812 A
[ReportManager] File Action [GetAbsolutePath] successfully performed. With the following test data [Relative Folder Path: "target/downloadedFiles/"]. @02-12-2021 01:51:56.0816 AM
[ReportManager] Attempting to run locally on: [Mac-64], [Safari], Headless Execution. @02-12-2021 01:51:56.0816 AM
[ReportManager] Successfully Opened Safari. @02-12-2021 01:51:57.0809 AM
[ReportManager] Initial window size: (800, 600) @02-12-2021 01:51:57.0838 AM
[ReportManager] Window size after SWD Maximize: (1176, 803) @02-12-2021 01:51:57.0929 AM
[ReportManager] Browser Action [MaximizeWindow] successfully performed. With the following test data [New screen size is now: (1176, 803)]. @02-12-2021 01:51:57.0929 AM
[ReportManager] Target URL: [https://duckduckgo.com] @02-12-2021 01:51:57.0930 AM
[ReportManager] Initial URL: [] @02-12-2021 01:51:57.0993 AM
[ReportManager] Browser Action [NavigateToURL] successfully performed. With the following test data [https://duckduckgo.com]. @02-12-2021 01:51:58.0838 A

################################################################################################################################################
Starting Execution:	[8 out of 146] test cases in the current suite
Test Method:		[unitTests.tests_browserActions.getCurrentWindowTitle]
################################################################################################################################################
[ReportManager] Browser Action [GetCurrentWindowTitle] successfully performed. With the following test data [DuckDuckGo â€” Privacy, simplified.]. @02-12-2021 01:51:58.0870 A
[ReportManager] Target URL: [https://duckduckgo.com] @02-12-2021 01:51:58.0873 AM
[ReportManager] Initial URL: [https://duckduckgo.com] @02-12-2021 01:51:58.0913 AM
[ReportManager] Browser Action [NavigateToURL] successfully performed. With the following test data [https://duckduckgo.com]. @02-12-2021 01:51:59.0251 AM
[ReportManager] Browser Action [CloseCurrentWindow] successfully performed. @02-12-2021 01:51:59.0623 AM
[ReportManager] Successfully created attachment [Browser Action Test Data - CloseCurrentWindow - Actual Value] @02-12-2021 01:51:59.0624 A
[ReportManager] File Action [GetAbsolutePath] successfully performed. With the following test data [Relative Folder Path: "target/downloadedFiles/"]. @02-12-2021 01:51:59.0632 AM
[ReportManager] Attempting to run locally on: [Mac-64], [Safari], Headless Execution. @02-12-2021 01:51:59.0632 AM
[ReportManager] Successfully Opened Safari. @02-12-2021 01:52:00.0561 AM
[ReportManager] Initial window size: (800, 600) @02-12-2021 01:52:00.0580 AM
[ReportManager] Window size after SWD Maximize: (1176, 803) @02-12-2021 01:52:00.0609 AM
[ReportManager] Browser Action [MaximizeWindow] successfully performed. With the following test data [New screen size is now: (1176, 803)]. @02-12-2021 01:52:00.0609 AM
[ReportManager] Target URL: [https://duckduckgo.com] @02-12-2021 01:52:00.0610 AM
[ReportManager] Initial URL: [] @02-12-2021 01:52:00.0675 AM
[ReportManager] Browser Action [NavigateToURL] successfully performed. With the following test data [https://duckduckgo.com]. @02-12-2021 01:52:01.0467 A

################################################################################################################################################
Starting Execution:	[9 out of 146] test cases in the current suite
Test Method:		[unitTests.tests_browserActions.getPageSource]
################################################################################################################################################
[ReportManager] Browser Action [GetPageSource] successfully performed. @02-12-2021 01:52:01.0534 AM
[ReportManager] Successfully created attachment [Browser Action Test Data - GetPageSource - Actual Value] @02-12-2021 01:52:01.0536 A
[ReportManager] Target URL: [https://duckduckgo.com] @02-12-2021 01:52:01.0539 AM
[ReportManager] Initial URL: [https://duckduckgo.com] @02-12-2021 01:52:01.0582 AM
[ReportManager] Browser Action [NavigateToURL] successfully performed. With the following test data [https://duckduckgo.com]. @02-12-2021 01:52:01.0925 AM
[ReportManager] Browser Action [CloseCurrentWindow] successfully performed. @02-12-2021 01:52:02.0143 AM
[ReportManager] Successfully created attachment [Browser Action Test Data - CloseCurrentWindow - Actual Value] @02-12-2021 01:52:02.0144 A
[ReportManager] File Action [GetAbsolutePath] successfully performed. With the following test data [Relative Folder Path: "target/downloadedFiles/"]. @02-12-2021 01:52:02.0147 AM
[ReportManager] Attempting to run locally on: [Mac-64], [Safari], Headless Execution. @02-12-2021 01:52:02.0147 AM
[ReportManager] Successfully Opened Safari. @02-12-2021 01:52:03.0062 AM
[ReportManager] Initial window size: (800, 600) @02-12-2021 01:52:03.0087 AM
[ReportManager] Window size after SWD Maximize: (1176, 803) @02-12-2021 01:52:03.0113 AM
[ReportManager] Browser Action [MaximizeWindow] successfully performed. With the following test data [New screen size is now: (1176, 803)]. @02-12-2021 01:52:03.0114 AM
[ReportManager] Target URL: [https://duckduckgo.com] @02-12-2021 01:52:03.0114 AM
[ReportManager] Initial URL: [] @02-12-2021 01:52:03.0186 AM
[ReportManager] Browser Action [NavigateToURL] successfully performed. With the following test data [https://duckduckgo.com]. @02-12-2021 01:52:03.0991 A

################################################################################################################################################
Starting Execution:	[10 out of 146] test cases in the current suite
Test Method:		[unitTests.tests_browserActions.getWindowHandle]
################################################################################################################################################
[ReportManager] Browser Action [GetWindowHandle] successfully performed. With the following test data [page-2AA146FA-90D2-4B71-9276-50A69D489D15]. @02-12-2021 01:52:04.0053 A
[ReportManager] Target URL: [https://duckduckgo.com] @02-12-2021 01:52:04.0060 AM
[ReportManager] Initial URL: [https://duckduckgo.com] @02-12-2021 01:52:04.0108 AM
[ReportManager] Browser Action [NavigateToURL] successfully performed. With the following test data [https://duckduckgo.com]. @02-12-2021 01:52:04.0494 AM
[ReportManager] Browser Action [CloseCurrentWindow] successfully performed. @02-12-2021 01:52:04.0843 AM
[ReportManager] Successfully created attachment [Browser Action Test Data - CloseCurrentWindow - Actual Value] @02-12-2021 01:52:04.0844 A
[ReportManager] File Action [GetAbsolutePath] successfully performed. With the following test data [Relative Folder Path: "target/downloadedFiles/"]. @02-12-2021 01:52:04.0847 AM
[ReportManager] Attempting to run locally on: [Mac-64], [Safari], Headless Execution. @02-12-2021 01:52:04.0847 AM
[ReportManager] Successfully Opened Safari. @02-12-2021 01:52:05.0766 AM
[ReportManager] Initial window size: (800, 600) @02-12-2021 01:52:05.0772 AM
[ReportManager] Window size after SWD Maximize: (1176, 803) @02-12-2021 01:52:05.0802 AM
[ReportManager] Browser Action [MaximizeWindow] successfully performed. With the following test data [New screen size is now: (1176, 803)]. @02-12-2021 01:52:05.0802 AM
[ReportManager] Target URL: [https://duckduckgo.com] @02-12-2021 01:52:05.0802 AM
[ReportManager] Initial URL: [] @02-12-2021 01:52:05.0865 AM
[ReportManager] Browser Action [NavigateToURL] successfully performed. With the following test data [https://duckduckgo.com]. @02-12-2021 01:52:06.0633 A

################################################################################################################################################
Starting Execution:	[11 out of 146] test cases in the current suite
Test Method:		[unitTests.tests_browserActions.getWindowPosition]
################################################################################################################################################
[ReportManager] Browser Action [GetWindowPosition] successfully performed. With the following test data [(0, 25)]. @02-12-2021 01:52:06.0682 A
[ReportManager] Target URL: [https://duckduckgo.com] @02-12-2021 01:52:06.0685 AM
[ReportManager] Initial URL: [https://duckduckgo.com] @02-12-2021 01:52:06.0723 AM
[ReportManager] Browser Action [NavigateToURL] successfully performed. With the following test data [https://duckduckgo.com]. @02-12-2021 01:52:07.0065 AM
[ReportManager] Browser Action [CloseCurrentWindow] successfully performed. @02-12-2021 01:52:07.0168 AM
[ReportManager] Successfully created attachment [Browser Action Test Data - CloseCurrentWindow - Actual Value] @02-12-2021 01:52:07.0169 A
[ReportManager] File Action [GetAbsolutePath] successfully performed. With the following test data [Relative Folder Path: "target/downloadedFiles/"]. @02-12-2021 01:52:07.0172 AM
[ReportManager] Attempting to run locally on: [Mac-64], [Safari], Headless Execution. @02-12-2021 01:52:07.0173 AM
[ReportManager] An Exception Occured with this Message: Could not start a new session. Possible causes are invalid address of the remote server or browser start-up failure.. @02-12-2021 01:52:07.0227 AM
[ReportManager] Successfully created attachment [Exception Stack Trace - org.openqa.selenium.SessionNotCreatedException] @02-12-2021 01:52:07.0228 AM
[ReportManager] Driver Factory Action [createNewLocalDriverInstanceForSafari] failed. With the following test data [Failed to create a session on DESKTOP_SAFARI]. @02-12-2021 01:52:07.0228 A

################################################################################################################################################
Starting Execution:	[12 out of 146] test cases in the current suite
Test Method:		[unitTests.tests_browserActions.getWindowSize]
###############################################################################################################################################



################################################################################################################################################
Starting Execution:	[13 out of 146] test cases in the current suite
Test Method:		[unitTests.tests_browserActions.maximizeWindow]
###############################################################################################################################################



################################################################################################################################################
Starting Execution:	[14 out of 146] test cases in the current suite
Test Method:		[unitTests.tests_browserActions.navigateBack]
###############################################################################################################################################



################################################################################################################################################
Starting Execution:	[15 out of 146] test cases in the current suite
Test Method:		[unitTests.tests_browserActions.navigateForward]
###############################################################################################################################################



################################################################################################################################################
Starting Execution:	[16 out of 146] test cases in the current suite
Test Method:		[unitTests.tests_browserActions.navigateToURL]
###############################################################################################################################################



################################################################################################################################################
Starting Execution:	[17 out of 146] test cases in the current suite
Test Method:		[unitTests.tests_browserActions.navigateToURLWithRedirection]
###############################################################################################################################################



################################################################################################################################################
Starting Execution:	[18 out of 146] test cases in the current suite
Test Method:		[unitTests.tests_browserActions.refreshCurrentPage]
###############################################################################################################################################



################################################################################################################################################
Starting Execution:	[19 out of 146] test cases in the current suite
Test Method:		[unitTests.tests_browserActions.setWindowSize]
###############################################################################################################################################

[ReportManager] Successfully loaded the following test data file [src/test/resources/testDataFiles/testSuite01/TestData.xlsx]. @02-12-2021 01:52:09.0072 AM
[ReportManager] Successfully created attachment [Test Data - Excel] @02-12-2021 01:52:09.0073 A

################################################################################################################################################
Starting Execution:	[20 out of 146] test cases in the current suite
Test Method:		[unitTests.tests_io_excelFileManager.getCellData_rowName_expectedToPass]
################################################################################################################################################
[ReportManager] testRowData. @02-12-2021 01:52:09.0089 A

################################################################################################################################################
Starting Execution:	[21 out of 146] test cases in the current suite
Test Method:		[unitTests.tests_validations_assertions.assertComparativeRelation_greaterThanOrEquals_false_equals_expectedToFail]
################################################################################################################################################
[ReportManager] Assertion [ValidateComparativeRelation] FAILED. Expected [1] and Actual [1]. Comparison Type [GREATER_THAN_OR_EQUALS]. Validation Type [NEGATIVE]. @02-12-2021 01:52:09.0104 A

################################################################################################################################################
Starting Execution:	[22 out of 146] test cases in the current suite
Test Method:		[unitTests.tests_validations_assertions.assertComparativeRelation_greaterThanOrEquals_false_equals_expectedToPass]
################################################################################################################################################
[ReportManager] Assertion [ValidateComparativeRelation] PASSED. Expected [2] and Actual [1]. Comparison Type [GREATER_THAN_OR_EQUALS]. Validation Type [NEGATIVE]. @02-12-2021 01:52:09.0118 A

################################################################################################################################################
Starting Execution:	[23 out of 146] test cases in the current suite
Test Method:		[unitTests.tests_validations_assertions.assertComparativeRelation_greaterThanOrEquals_false_greaterThan_expectedToFail]
################################################################################################################################################
[ReportManager] Assertion [ValidateComparativeRelation] FAILED. Expected [1] and Actual [2]. Comparison Type [GREATER_THAN_OR_EQUALS]. Validation Type [NEGATIVE]. @02-12-2021 01:52:09.0126 A

################################################################################################################################################
Starting Execution:	[24 out of 146] test cases in the current suite
Test Method:		[unitTests.tests_validations_assertions.assertComparativeRelation_greaterThanOrEquals_false_greaterThan_expectedToPass]
################################################################################################################################################
[ReportManager] Assertion [ValidateComparativeRelation] PASSED. Expected [2] and Actual [1]. Comparison Type [GREATER_THAN_OR_EQUALS]. Validation Type [NEGATIVE]. @02-12-2021 01:52:09.0167 A

################################################################################################################################################
Starting Execution:	[25 out of 146] test cases in the current suite
Test Method:		[unitTests.tests_validations_assertions.assertComparativeRelation_greaterThanOrEquals_true_equals_expectedToFail]
################################################################################################################################################
[ReportManager] Assertion [ValidateComparativeRelation] FAILED. Expected [1] and Actual [0]. Comparison Type [GREATER_THAN_OR_EQUALS]. Validation Type [POSITIVE]. @02-12-2021 01:52:09.0180 A

################################################################################################################################################
Starting Execution:	[26 out of 146] test cases in the current suite
Test Method:		[unitTests.tests_validations_assertions.assertComparativeRelation_greaterThanOrEquals_true_equals_expectedToPass]
################################################################################################################################################
[ReportManager] Assertion [ValidateComparativeRelation] PASSED. Expected [1] and Actual [1]. Comparison Type [GREATER_THAN_OR_EQUALS]. Validation Type [POSITIVE]. @02-12-2021 01:52:09.0206 A

################################################################################################################################################
Starting Execution:	[27 out of 146] test cases in the current suite
Test Method:		[unitTests.tests_validations_assertions.assertComparativeRelation_greaterThanOrEquals_true_greaterThan_expectedToFail]
################################################################################################################################################
[ReportManager] Assertion [ValidateComparativeRelation] FAILED. Expected [2] and Actual [1]. Comparison Type [GREATER_THAN_OR_EQUALS]. Validation Type [POSITIVE]. @02-12-2021 01:52:09.0220 A

################################################################################################################################################
Starting Execution:	[28 out of 146] test cases in the current suite
Test Method:		[unitTests.tests_validations_assertions.assertComparativeRelation_greaterThanOrEquals_true_greaterThan_expectedToPass]
################################################################################################################################################
[ReportManager] Assertion [ValidateComparativeRelation] PASSED. Expected [1] and Actual [2]. Comparison Type [GREATER_THAN_OR_EQUALS]. Validation Type [POSITIVE]. @02-12-2021 01:52:09.0227 A
[ReportManager] File Action [GetAbsolutePath] successfully performed. With the following test data [Relative Folder Path: "target/downloadedFiles/"]. @02-12-2021 01:52:09.0247 AM
[ReportManager] Attempting to run locally on: [Mac-64], [Safari], Headless Execution. @02-12-2021 01:52:09.0247 AM
[ReportManager] Successfully Opened Safari. @02-12-2021 01:52:10.0146 AM
[ReportManager] Initial window size: (800, 600) @02-12-2021 01:52:10.0170 AM
[ReportManager] Window size after SWD Maximize: (1176, 803) @02-12-2021 01:52:10.0204 AM
[ReportManager] Browser Action [MaximizeWindow] successfully performed. With the following test data [New screen size is now: (1176, 803)]. @02-12-2021 01:52:10.0205 AM
[ReportManager] Target URL: [https://www.google.com/ncr], and after redirection: [www.google.com] @02-12-2021 01:52:10.0205 AM
[ReportManager] Initial URL: [] @02-12-2021 01:52:10.0263 AM
[ReportManager] Browser Action [NavigateToURL] successfully performed. With the following test data [https://www.google.com/ncr]. @02-12-2021 01:52:12.0213 A

################################################################################################################################################
Starting Execution:	[29 out of 146] test cases in the current suite
Test Method:		[unitTests.tests_validations_assertions.assertElementAttribute_false_caseInsensitiveComparison_expectedToFail]
################################################################################################################################################
[ReportManager] Element Action [Type] successfully performed. With the following test data [AUTOMATION]. @02-12-2021 01:52:12.0377 AM
[ReportManager] Element Action [GetText] successfully performed. With the following test data [AUTOMATION]. @02-12-2021 01:52:12.0453 AM
[ReportManager] Loaded Shared OpenCV @02-12-2021 01:52:13.0719 AM
[ReportManager] Assertion [ValidateElementAttribute] FAILED. Expected [Value Should not be 'AutomaTion' for the 'text' attribute, element locator 'By.name: q'] and Actual [AUTOMATION]. Comparison Type [CASE_INSENSITIVE]. Validation Type [NEGATIVE]. @02-12-2021 01:52:14.0084 AM
[ReportManager] Successfully created attachment [Screenshot - 1638409932552_assertElementAttribute_false_caseInsensitiveComparison_expectedToFail_ValidateElementAttribute_failed] @02-12-2021 01:52:14.0091 A
[ReportManager] Browser Action [CloseCurrentWindow] successfully performed. @02-12-2021 01:52:14.0465 AM
[ReportManager] Successfully created attachment [Browser Action Test Data - CloseCurrentWindow - Actual Value] @02-12-2021 01:52:14.0467 A
[ReportManager] File Action [GetAbsolutePath] successfully performed. With the following test data [Relative Folder Path: "target/downloadedFiles/"]. @02-12-2021 01:52:14.0472 AM
[ReportManager] Attempting to run locally on: [Mac-64], [Safari], Headless Execution. @02-12-2021 01:52:14.0473 AM
[ReportManager] Successfully Opened Safari. @02-12-2021 01:52:15.0364 AM
[ReportManager] Initial window size: (800, 600) @02-12-2021 01:52:15.0385 AM
[ReportManager] Window size after SWD Maximize: (1176, 803) @02-12-2021 01:52:15.0408 AM
[ReportManager] Browser Action [MaximizeWindow] successfully performed. With the following test data [New screen size is now: (1176, 803)]. @02-12-2021 01:52:15.0408 AM
[ReportManager] Target URL: [https://www.google.com/ncr], and after redirection: [www.google.com] @02-12-2021 01:52:15.0408 AM
[ReportManager] Initial URL: [] @02-12-2021 01:52:15.0466 AM
[ReportManager] Browser Action [NavigateToURL] successfully performed. With the following test data [https://www.google.com/ncr]. @02-12-2021 01:52:17.0352 A

################################################################################################################################################
Starting Execution:	[30 out of 146] test cases in the current suite
Test Method:		[unitTests.tests_validations_assertions.assertElementAttribute_false_caseInsensitiveComparison_expectedToPass]
################################################################################################################################################
[ReportManager] Element Action [Type] successfully performed. With the following test data [AUTOMATION]. @02-12-2021 01:52:17.0495 AM
[ReportManager] Element Action [GetText] successfully performed. With the following test data [AUTOMATION]. @02-12-2021 01:52:17.0563 AM
[ReportManager] Loaded Shared OpenCV @02-12-2021 01:52:17.0627 AM
[ReportManager] Assertion [ValidateElementAttribute] PASSED. Expected [Value Should not be 'AutomaTion123' for the 'text' attribute, element locator 'By.name: q'] and Actual [AUTOMATION]. Comparison Type [CASE_INSENSITIVE]. Validation Type [NEGATIVE]. @02-12-2021 01:52:17.0786 AM
[ReportManager] Successfully created attachment [Screenshot - 1638409937627_assertElementAttribute_false_caseInsensitiveComparison_expectedToPass_ValidateElementAttribute_passed] @02-12-2021 01:52:17.0787 A
[ReportManager] Browser Action [CloseCurrentWindow] successfully performed. @02-12-2021 01:52:18.0114 AM
[ReportManager] Successfully created attachment [Browser Action Test Data - CloseCurrentWindow - Actual Value] @02-12-2021 01:52:18.0116 A
[ReportManager] File Action [GetAbsolutePath] successfully performed. With the following test data [Relative Folder Path: "target/downloadedFiles/"]. @02-12-2021 01:52:18.0121 AM
[ReportManager] Attempting to run locally on: [Mac-64], [Safari], Headless Execution. @02-12-2021 01:52:18.0121 AM
[ReportManager] Successfully Opened Safari. @02-12-2021 01:52:19.0018 AM
[ReportManager] Initial window size: (800, 600) @02-12-2021 01:52:19.0065 AM
[ReportManager] Window size after SWD Maximize: (1176, 803) @02-12-2021 01:52:19.0102 AM
[ReportManager] Browser Action [MaximizeWindow] successfully performed. With the following test data [New screen size is now: (1176, 803)]. @02-12-2021 01:52:19.0103 AM
[ReportManager] Target URL: [https://www.google.com/ncr], and after redirection: [www.google.com] @02-12-2021 01:52:19.0103 AM
[ReportManager] Initial URL: [] @02-12-2021 01:52:19.0177 AM
[ReportManager] Browser Action [NavigateToURL] successfully performed. With the following test data [https://www.google.com/ncr]. @02-12-2021 01:52:21.0267 A

################################################################################################################################################
Starting Execution:	[31 out of 146] test cases in the current suite
Test Method:		[unitTests.tests_validations_assertions.assertElementAttribute_false_containsComparison_expectedToFail]
################################################################################################################################################
[ReportManager] Element Action [Type] successfully performed. With the following test data [Automation123]. @02-12-2021 01:52:21.0411 AM
[ReportManager] Element Action [GetText] successfully performed. With the following test data [Automation123]. @02-12-2021 01:52:21.0496 AM
[ReportManager] Loaded Shared OpenCV @02-12-2021 01:52:21.0566 AM
[ReportManager] Assertion [ValidateElementAttribute] FAILED. Expected [Value Should not be 'Automation' for the 'text' attribute, element locator 'By.name: q'] and Actual [Automation123]. Comparison Type [CONTAINS]. Validation Type [NEGATIVE]. @02-12-2021 01:52:21.0740 AM
[ReportManager] Successfully created attachment [Screenshot - 1638409941566_assertElementAttribute_false_containsComparison_expectedToFail_ValidateElementAttribute_failed] @02-12-2021 01:52:21.0741 A
[ReportManager] Browser Action [CloseCurrentWindow] successfully performed. @02-12-2021 01:52:22.0129 AM
[ReportManager] Successfully created attachment [Browser Action Test Data - CloseCurrentWindow - Actual Value] @02-12-2021 01:52:22.0131 A
[ReportManager] File Action [GetAbsolutePath] successfully performed. With the following test data [Relative Folder Path: "target/downloadedFiles/"]. @02-12-2021 01:52:22.0136 AM
[ReportManager] Attempting to run locally on: [Mac-64], [Safari], Headless Execution. @02-12-2021 01:52:22.0136 AM
[ReportManager] Successfully Opened Safari. @02-12-2021 01:52:23.0000 AM
[ReportManager] Initial window size: (800, 600) @02-12-2021 01:52:23.0032 AM
[ReportManager] Window size after SWD Maximize: (1176, 803) @02-12-2021 01:52:23.0049 AM
[ReportManager] Browser Action [MaximizeWindow] successfully performed. With the following test data [New screen size is now: (1176, 803)]. @02-12-2021 01:52:23.0049 AM
[ReportManager] Target URL: [https://www.google.com/ncr], and after redirection: [www.google.com] @02-12-2021 01:52:23.0049 AM
[ReportManager] Initial URL: [] @02-12-2021 01:52:23.0121 AM
[ReportManager] Browser Action [NavigateToURL] successfully performed. With the following test data [https://www.google.com/ncr]. @02-12-2021 01:52:25.0084 A

################################################################################################################################################
Starting Execution:	[32 out of 146] test cases in the current suite
Test Method:		[unitTests.tests_validations_assertions.assertElementAttribute_false_containsComparison_expectedToPass]
################################################################################################################################################
[ReportManager] Element Action [Type] successfully performed. With the following test data [Automation123]. @02-12-2021 01:52:25.0244 AM
[ReportManager] Element Action [GetText] successfully performed. With the following test data [Automation123]. @02-12-2021 01:52:25.0314 AM
[ReportManager] Loaded Shared OpenCV @02-12-2021 01:52:25.0373 AM
[ReportManager] Assertion [ValidateElementAttribute] PASSED. Expected [Value Should not be 'Automation1234' for the 'text' attribute, element locator 'By.name: q'] and Actual [Automation123]. Comparison Type [CONTAINS]. Validation Type [NEGATIVE]. @02-12-2021 01:52:25.0508 AM
[ReportManager] Successfully created attachment [Screenshot - 1638409945373_assertElementAttribute_false_containsComparison_expectedToPass_ValidateElementAttribute_passed] @02-12-2021 01:52:25.0510 A
[ReportManager] Browser Action [CloseCurrentWindow] successfully performed. @02-12-2021 01:52:25.0725 AM
[ReportManager] Successfully created attachment [Browser Action Test Data - CloseCurrentWindow - Actual Value] @02-12-2021 01:52:25.0727 A
[ReportManager] File Action [GetAbsolutePath] successfully performed. With the following test data [Relative Folder Path: "target/downloadedFiles/"]. @02-12-2021 01:52:25.0732 AM
[ReportManager] Attempting to run locally on: [Mac-64], [Safari], Headless Execution. @02-12-2021 01:52:25.0732 AM
[ReportManager] An Exception Occured with this Message: Could not start a new session. Possible causes are invalid address of the remote server or browser start-up failure.. @02-12-2021 01:52:25.0756 AM
[ReportManager] Successfully created attachment [Exception Stack Trace - org.openqa.selenium.SessionNotCreatedException] @02-12-2021 01:52:25.0757 AM
[ReportManager] Driver Factory Action [createNewLocalDriverInstanceForSafari] failed. With the following test data [Failed to create a session on DESKTOP_SAFARI]. @02-12-2021 01:52:25.0757 A

################################################################################################################################################
Starting Execution:	[33 out of 146] test cases in the current suite
Test Method:		[unitTests.tests_validations_assertions.assertElementAttribute_false_literalComparison_expectedToFail]
###############################################################################################################################################



################################################################################################################################################
Starting Execution:	[34 out of 146] test cases in the current suite
Test Method:		[unitTests.tests_validations_assertions.assertElementAttribute_false_literalComparison_expectedToPass]
###############################################################################################################################################



################################################################################################################################################
Starting Execution:	[35 out of 146] test cases in the current suite
Test Method:		[unitTests.tests_validations_assertions.assertElementAttribute_false_regexComparison_expectedToFail]
###############################################################################################################################################



################################################################################################################################################
Starting Execution:	[36 out of 146] test cases in the current suite
Test Method:		[unitTests.tests_validations_assertions.assertElementAttribute_false_regexComparison_expectedToPass]
###############################################################################################################################################



################################################################################################################################################
Starting Execution:	[37 out of 146] test cases in the current suite
Test Method:		[unitTests.tests_validations_assertions.assertElementAttribute_true_caseInsensitiveComparison_expectedToFail]
###############################################################################################################################################



################################################################################################################################################
Starting Execution:	[38 out of 146] test cases in the current suite
Test Method:		[unitTests.tests_validations_assertions.assertElementAttribute_true_caseInsensitiveComparison_expectedToPass]
###############################################################################################################################################



################################################################################################################################################
Starting Execution:	[39 out of 146] test cases in the current suite
Test Method:		[unitTests.tests_validations_assertions.assertElementAttribute_true_containsComparison_expectedToFail]
###############################################################################################################################################



################################################################################################################################################
Starting Execution:	[40 out of 146] test cases in the current suite
Test Method:		[unitTests.tests_validations_assertions.assertElementAttribute_true_containsComparison_expectedToPass]
###############################################################################################################################################



################################################################################################################################################
Starting Execution:	[41 out of 146] test cases in the current suite
Test Method:		[unitTests.tests_validations_assertions.assertElementAttribute_true_literalComparison_expectedToFail]
###############################################################################################################################################



################################################################################################################################################
Starting Execution:	[42 out of 146] test cases in the current suite
Test Method:		[unitTests.tests_validations_assertions.assertElementAttribute_true_literalComparison_expectedToPass]
###############################################################################################################################################



################################################################################################################################################
Starting Execution:	[43 out of 146] test cases in the current suite
Test Method:		[unitTests.tests_validations_assertions.assertElementAttribute_true_regexComparison_expectedToFail]
###############################################################################################################################################



################################################################################################################################################
Starting Execution:	[44 out of 146] test cases in the current suite
Test Method:		[unitTests.tests_validations_assertions.assertElementAttribute_true_regexComparison_expectedToPass]
###############################################################################################################################################



################################################################################################################################################
Starting Execution:	[45 out of 146] test cases in the current suite
Test Method:		[unitTests.tests_validations_assertions.assertElementAttribute_type_true_literalComparison_expectedToPass]
###############################################################################################################################################



################################################################################################################################################
Starting Execution:	[46 out of 146] test cases in the current suite
Test Method:		[unitTests.tests_validations_assertions.assertElementExists_false_expectedToFail]
###############################################################################################################################################



################################################################################################################################################
Starting Execution:	[47 out of 146] test cases in the current suite
Test Method:		[unitTests.tests_validations_assertions.assertElementExists_false_expectedToPass]
###############################################################################################################################################



################################################################################################################################################
Starting Execution:	[48 out of 146] test cases in the current suite
Test Method:		[unitTests.tests_validations_assertions.assertElementExists_false_multipleElementsFound_expectedToFail]
###############################################################################################################################################



################################################################################################################################################
Starting Execution:	[49 out of 146] test cases in the current suite
Test Method:		[unitTests.tests_validations_assertions.assertElementExists_true_expectedToFail]
###############################################################################################################################################



################################################################################################################################################
Starting Execution:	[50 out of 146] test cases in the current suite
Test Method:		[unitTests.tests_validations_assertions.assertElementExists_true_expectedToPass]
###############################################################################################################################################



################################################################################################################################################
Starting Execution:	[51 out of 146] test cases in the current suite
Test Method:		[unitTests.tests_validations_assertions.assertElementExists_true_multipleElementsFound_expectedToFail]
###############################################################################################################################################


################################################################################################################################################
Starting Execution:	[52 out of 146] test cases in the current suite
Test Method:		[unitTests.tests_validations_assertions.assertEquals_false_expectedToFail]
###############################################################################################################################################

################################################################################################################################################
Starting Execution:	[53 out of 146] test cases in the current suite
Test Method:		[unitTests.tests_validations_assertions.assertEquals_false_expectedToPass]
###############################################################################################################################################

################################################################################################################################################
Starting Execution:	[54 out of 146] test cases in the current suite
Test Method:		[unitTests.tests_validations_assertions.assertEquals_longCharacters]
###############################################################################################################################################

################################################################################################################################################
Starting Execution:	[55 out of 146] test cases in the current suite
Test Method:		[unitTests.tests_validations_assertions.assertEquals_longCharacters_Discreet]
###############################################################################################################################################

################################################################################################################################################
Starting Execution:	[56 out of 146] test cases in the current suite
Test Method:		[unitTests.tests_validations_assertions.assertEquals_true_expectedToFail]
###############################################################################################################################################

################################################################################################################################################
Starting Execution:	[57 out of 146] test cases in the current suite
Test Method:		[unitTests.tests_validations_assertions.assertEquals_true_expectedToPass]
Test Description:	[Assert that assertEquals works as expected when the two values are equal.]
###############################################################################################################################################

################################################################################################################################################
Starting Execution:	[58 out of 146] test cases in the current suite
Test Method:		[unitTests.tests_validations_assertions.assertEquals_true_expectedToPass__]
###############################################################################################################################################

################################################################################################################################################
Starting Execution:	[59 out of 146] test cases in the current suite
Test Method:		[unitTests.tests_validations_assertions.assertFileExists_false_expectedToFail]
###############################################################################################################################################

################################################################################################################################################
Starting Execution:	[60 out of 146] test cases in the current suite
Test Method:		[unitTests.tests_validations_assertions.assertFileExists_false_expectedToPass]
###############################################################################################################################################

################################################################################################################################################
Starting Execution:	[61 out of 146] test cases in the current suite
Test Method:		[unitTests.tests_validations_assertions.assertFileExists_true_expectedToFail]
###############################################################################################################################################

################################################################################################################################################
Starting Execution:	[62 out of 146] test cases in the current suite
Test Method:		[unitTests.tests_validations_assertions.assertFileExists_true_expectedToPass]
###############################################################################################################################################

################################################################################################################################################
Starting Execution:	[63 out of 146] test cases in the current suite
Test Method:		[unitTests.tests_validations_assertions.assertNull_false_expectedToFail]
###############################################################################################################################################

################################################################################################################################################
Starting Execution:	[64 out of 146] test cases in the current suite
Test Method:		[unitTests.tests_validations_assertions.assertNull_false_expectedToPass]
###############################################################################################################################################

################################################################################################################################################
Starting Execution:	[65 out of 146] test cases in the current suite
Test Method:		[unitTests.tests_validations_assertions.assertNull_true_expectedToFail]
###############################################################################################################################################

################################################################################################################################################
Starting Execution:	[66 out of 146] test cases in the current suite
Test Method:		[unitTests.tests_validations_assertions.assertNull_true_expectedToPass]
###############################################################################################################################################

################################################################################################################################################
Starting Execution:	[67 out of 146] test cases in the current suite
Test Method:		[unitTests.tests_restActions.getPostsAndAssertBodyForSpecificTitle]
################################################################################################################################################
[ReportManager] Response status code: [200], status line: [HTTP/1.1 200 OK] @02-12-2021 01:52:28.0506 AM
[ReportManager] Assertion Passed: Evaluating the actual response status code against the expected one... @02-12-2021 01:52:28.0512 AM
[ReportManager] Assertion [ValidateComparativeRelation] PASSED. Expected [200] and Actual [200]. Comparison Type [EQUALS]. Validation Type [POSITIVE]. @02-12-2021 01:52:28.0512 AM
[ReportManager] API Action [PerformRequest] successfully performed. With the following test data [Request Type: "GET" | Target Status Code: "200" | Service URL: "https://jsonplaceholder.typicode.com/posts" | Content Type: "*/*" | Response Time: "740ms"]. @02-12-2021 01:52:29.0541 AM
[ReportManager] Successfully created attachment [API Request - Specifications] @02-12-2021 01:52:29.0542 AM
[ReportManager] Successfully created attachment [API Response - JSON Body] @02-12-2021 01:52:29.0764 AM
[ReportManager] API Action [GetResponseJSONValueAsList] successfully performed. @02-12-2021 01:52:29.0793 AM
[ReportManager] API Action [GetResponseJSONValue] successfully performed. With the following test data [title]. @02-12-2021 01:52:29.0815 AM
[ReportManager] API Action [GetResponseJSONValue] successfully performed. With the following test data [title]. @02-12-2021 01:52:29.0830 AM
[ReportManager] API Action [GetResponseJSONValue] successfully performed. With the following test data [body]. @02-12-2021 01:52:29.0844 AM
[ReportManager] Assertion [ValidateEquals] PASSED. Expected [qui neque nisi nulla] and Actual [est rerum tempore vitae
sequi sint nihil reprehenderit dolor beatae ea dolores neque
fugiat blanditiis voluptate porro vel nihil molestiae ut reiciendis
qui aperiam non debitis possimus qui neque nisi nulla]. Comparison Type [CONTAINS]. Validation Type [POSITIVE]. @02-12-2021 01:52:29.0844 AM
[ReportManager] API Action [GetResponseJSONValue] successfully performed. With the following test data [title]. @02-12-2021 01:52:29.0858 AM
[ReportManager] API Action [GetResponseJSONValue] successfully performed. With the following test data [title]. @02-12-2021 01:52:29.0872 AM
[ReportManager] API Action [GetResponseJSONValue] successfully performed. With the following test data [title]. @02-12-2021 01:52:29.0885 AM
[ReportManager] API Action [GetResponseJSONValue] successfully performed. With the following test data [title]. @02-12-2021 01:52:29.0899 AM
[ReportManager] API Action [GetResponseJSONValue] successfully performed. With the following test data [title]. @02-12-2021 01:52:29.0912 AM
[ReportManager] API Action [GetResponseJSONValue] successfully performed. With the following test data [title]. @02-12-2021 01:52:29.0925 AM
[ReportManager] API Action [GetResponseJSONValue] successfully performed. With the following test data [title]. @02-12-2021 01:52:29.0937 AM
[ReportManager] API Action [GetResponseJSONValue] successfully performed. With the following test data [title]. @02-12-2021 01:52:29.0950 AM
[ReportManager] API Action [GetResponseJSONValue] successfully performed. With the following test data [title]. @02-12-2021 01:52:29.0962 AM
[ReportManager] API Action [GetResponseJSONValue] successfully performed. With the following test data [title]. @02-12-2021 01:52:29.0976 AM
[ReportManager] API Action [GetResponseJSONValue] successfully performed. With the following test data [title]. @02-12-2021 01:52:29.0991 AM
[ReportManager] API Action [GetResponseJSONValue] successfully performed. With the following test data [title]. @02-12-2021 01:52:30.0006 AM
[ReportManager] API Action [GetResponseJSONValue] successfully performed. With the following test data [title]. @02-12-2021 01:52:30.0018 AM
[ReportManager] API Action [GetResponseJSONValue] successfully performed. With the following test data [title]. @02-12-2021 01:52:30.0045 AM
[ReportManager] API Action [GetResponseJSONValue] successfully performed. With the following test data [title]. @02-12-2021 01:52:30.0057 AM
[ReportManager] API Action [GetResponseJSONValue] successfully performed. With the following test data [title]. @02-12-2021 01:52:30.0070 AM
[ReportManager] API Action [GetResponseJSONValue] successfully performed. With the following test data [title]. @02-12-2021 01:52:30.0082 AM
[ReportManager] API Action [GetResponseJSONValue] successfully performed. With the following test data [title]. @02-12-2021 01:52:30.0095 AM
[ReportManager] API Action [GetResponseJSONValue] successfully performed. With the following test data [title]. @02-12-2021 01:52:30.0107 AM
[ReportManager] API Action [GetResponseJSONValue] successfully performed. With the following test data [title]. @02-12-2021 01:52:30.0119 AM
[ReportManager] API Action [GetResponseJSONValue] successfully performed. With the following test data [title]. @02-12-2021 01:52:30.0131 AM
[ReportManager] API Action [GetResponseJSONValue] successfully performed. With the following test data [title]. @02-12-2021 01:52:30.0145 AM
[ReportManager] API Action [GetResponseJSONValue] successfully performed. With the following test data [title]. @02-12-2021 01:52:30.0158 AM
[ReportManager] API Action [GetResponseJSONValue] successfully performed. With the following test data [title]. @02-12-2021 01:52:30.0171 AM
[ReportManager] API Action [GetResponseJSONValue] successfully performed. With the following test data [title]. @02-12-2021 01:52:30.0183 AM
[ReportManager] API Action [GetResponseJSONValue] successfully performed. With the following test data [title]. @02-12-2021 01:52:30.0195 AM
[ReportManager] API Action [GetResponseJSONValue] successfully performed. With the following test data [title]. @02-12-2021 01:52:30.0208 AM
[ReportManager] API Action [GetResponseJSONValue] successfully performed. With the following test data [title]. @02-12-2021 01:52:30.0220 AM
[ReportManager] API Action [GetResponseJSONValue] successfully performed. With the following test data [title]. @02-12-2021 01:52:30.0234 AM
[ReportManager] API Action [GetResponseJSONValue] successfully performed. With the following test data [title]. @02-12-2021 01:52:30.0246 AM
[ReportManager] API Action [GetResponseJSONValue] successfully performed. With the following test data [title]. @02-12-2021 01:52:30.0258 AM
[ReportManager] API Action [GetResponseJSONValue] successfully performed. With the following test data [title]. @02-12-2021 01:52:30.0271 AM
[ReportManager] API Action [GetResponseJSONValue] successfully performed. With the following test data [title]. @02-12-2021 01:52:30.0283 AM
[ReportManager] API Action [GetResponseJSONValue] successfully performed. With the following test data [title]. @02-12-2021 01:52:30.0294 AM
[ReportManager] API Action [GetResponseJSONValue] successfully performed. With the following test data [title]. @02-12-2021 01:52:30.0305 AM
[ReportManager] API Action [GetResponseJSONValue] successfully performed. With the following test data [title]. @02-12-2021 01:52:30.0317 AM
[ReportManager] API Action [GetResponseJSONValue] successfully performed. With the following test data [title]. @02-12-2021 01:52:30.0328 AM
[ReportManager] API Action [GetResponseJSONValue] successfully performed. With the following test data [title]. @02-12-2021 01:52:30.0340 AM
[ReportManager] API Action [GetResponseJSONValue] successfully performed. With the following test data [title]. @02-12-2021 01:52:30.0352 AM
[ReportManager] API Action [GetResponseJSONValue] successfully performed. With the following test data [title]. @02-12-2021 01:52:30.0364 AM
[ReportManager] API Action [GetResponseJSONValue] successfully performed. With the following test data [title]. @02-12-2021 01:52:30.0377 AM
[ReportManager] API Action [GetResponseJSONValue] successfully performed. With the following test data [title]. @02-12-2021 01:52:30.0389 AM
[ReportManager] API Action [GetResponseJSONValue] successfully performed. With the following test data [title]. @02-12-2021 01:52:30.0404 AM
[ReportManager] API Action [GetResponseJSONValue] successfully performed. With the following test data [title]. @02-12-2021 01:52:30.0419 AM
[ReportManager] API Action [GetResponseJSONValue] successfully performed. With the following test data [title]. @02-12-2021 01:52:30.0432 AM
[ReportManager] API Action [GetResponseJSONValue] successfully performed. With the following test data [title]. @02-12-2021 01:52:30.0446 AM
[ReportManager] API Action [GetResponseJSONValue] successfully performed. With the following test data [title]. @02-12-2021 01:52:30.0459 AM
[ReportManager] API Action [GetResponseJSONValue] successfully performed. With the following test data [title]. @02-12-2021 01:52:30.0476 AM
[ReportManager] API Action [GetResponseJSONValue] successfully performed. With the following test data [title]. @02-12-2021 01:52:30.0490 AM
[ReportManager] API Action [GetResponseJSONValue] successfully performed. With the following test data [title]. @02-12-2021 01:52:30.0501 AM
[ReportManager] API Action [GetResponseJSONValue] successfully performed. With the following test data [title]. @02-12-2021 01:52:30.0513 AM
[ReportManager] API Action [GetResponseJSONValue] successfully performed. With the following test data [title]. @02-12-2021 01:52:30.0526 AM
[ReportManager] API Action [GetResponseJSONValue] successfully performed. With the following test data [title]. @02-12-2021 01:52:30.0537 AM
[ReportManager] API Action [GetResponseJSONValue] successfully performed. With the following test data [title]. @02-12-2021 01:52:30.0548 AM
[ReportManager] API Action [GetResponseJSONValue] successfully performed. With the following test data [title]. @02-12-2021 01:52:30.0559 AM
[ReportManager] API Action [GetResponseJSONValue] successfully performed. With the following test data [title]. @02-12-2021 01:52:30.0570 AM
[ReportManager] API Action [GetResponseJSONValue] successfully performed. With the following test data [title]. @02-12-2021 01:52:30.0581 AM
[ReportManager] API Action [GetResponseJSONValue] successfully performed. With the following test data [title]. @02-12-2021 01:52:30.0592 AM
[ReportManager] API Action [GetResponseJSONValue] successfully performed. With the following test data [title]. @02-12-2021 01:52:30.0604 AM
[ReportManager] API Action [GetResponseJSONValue] successfully performed. With the following test data [title]. @02-12-2021 01:52:30.0631 AM
[ReportManager] API Action [GetResponseJSONValue] successfully performed. With the following test data [title]. @02-12-2021 01:52:30.0643 AM
[ReportManager] API Action [GetResponseJSONValue] successfully performed. With the following test data [title]. @02-12-2021 01:52:30.0655 AM
[ReportManager] API Action [GetResponseJSONValue] successfully performed. With the following test data [title]. @02-12-2021 01:52:30.0666 AM
[ReportManager] API Action [GetResponseJSONValue] successfully performed. With the following test data [title]. @02-12-2021 01:52:30.0677 AM
[ReportManager] API Action [GetResponseJSONValue] successfully performed. With the following test data [title]. @02-12-2021 01:52:30.0688 AM
[ReportManager] API Action [GetResponseJSONValue] successfully performed. With the following test data [title]. @02-12-2021 01:52:30.0698 AM
[ReportManager] API Action [GetResponseJSONValue] successfully performed. With the following test data [title]. @02-12-2021 01:52:30.0709 AM
[ReportManager] API Action [GetResponseJSONValue] successfully performed. With the following test data [title]. @02-12-2021 01:52:30.0720 AM
[ReportManager] API Action [GetResponseJSONValue] successfully performed. With the following test data [title]. @02-12-2021 01:52:30.0731 AM
[ReportManager] API Action [GetResponseJSONValue] successfully performed. With the following test data [title]. @02-12-2021 01:52:30.0742 AM
[ReportManager] API Action [GetResponseJSONValue] successfully performed. With the following test data [title]. @02-12-2021 01:52:30.0753 AM
[ReportManager] API Action [GetResponseJSONValue] successfully performed. With the following test data [title]. @02-12-2021 01:52:30.0764 AM
[ReportManager] API Action [GetResponseJSONValue] successfully performed. With the following test data [title]. @02-12-2021 01:52:30.0775 AM
[ReportManager] API Action [GetResponseJSONValue] successfully performed. With the following test data [title]. @02-12-2021 01:52:30.0786 AM
[ReportManager] API Action [GetResponseJSONValue] successfully performed. With the following test data [title]. @02-12-2021 01:52:30.0799 AM
[ReportManager] API Action [GetResponseJSONValue] successfully performed. With the following test data [title]. @02-12-2021 01:52:30.0810 AM
[ReportManager] API Action [GetResponseJSONValue] successfully performed. With the following test data [title]. @02-12-2021 01:52:30.0822 AM
[ReportManager] API Action [GetResponseJSONValue] successfully performed. With the following test data [title]. @02-12-2021 01:52:30.0832 AM
[ReportManager] API Action [GetResponseJSONValue] successfully performed. With the following test data [title]. @02-12-2021 01:52:30.0844 AM
[ReportManager] API Action [GetResponseJSONValue] successfully performed. With the following test data [title]. @02-12-2021 01:52:30.0855 AM
[ReportManager] API Action [GetResponseJSONValue] successfully performed. With the following test data [title]. @02-12-2021 01:52:30.0867 AM
[ReportManager] API Action [GetResponseJSONValue] successfully performed. With the following test data [title]. @02-12-2021 01:52:30.0878 AM
[ReportManager] API Action [GetResponseJSONValue] successfully performed. With the following test data [title]. @02-12-2021 01:52:30.0888 AM
[ReportManager] API Action [GetResponseJSONValue] successfully performed. With the following test data [title]. @02-12-2021 01:52:30.0900 AM
[ReportManager] API Action [GetResponseJSONValue] successfully performed. With the following test data [title]. @02-12-2021 01:52:30.0912 AM
[ReportManager] API Action [GetResponseJSONValue] successfully performed. With the following test data [title]. @02-12-2021 01:52:30.0923 AM
[ReportManager] API Action [GetResponseJSONValue] successfully performed. With the following test data [title]. @02-12-2021 01:52:30.0933 AM
[ReportManager] API Action [GetResponseJSONValue] successfully performed. With the following test data [title]. @02-12-2021 01:52:30.0944 AM
[ReportManager] API Action [GetResponseJSONValue] successfully performed. With the following test data [title]. @02-12-2021 01:52:30.0954 AM
[ReportManager] API Action [GetResponseJSONValue] successfully performed. With the following test data [title]. @02-12-2021 01:52:30.0965 AM
[ReportManager] API Action [GetResponseJSONValue] successfully performed. With the following test data [title]. @02-12-2021 01:52:30.0976 AM
[ReportManager] API Action [GetResponseJSONValue] successfully performed. With the following test data [title]. @02-12-2021 01:52:30.0987 AM
[ReportManager] API Action [GetResponseJSONValue] successfully performed. With the following test data [title]. @02-12-2021 01:52:30.0999 AM
[ReportManager] API Action [GetResponseJSONValue] successfully performed. With the following test data [title]. @02-12-2021 01:52:31.0011 AM
[ReportManager] API Action [GetResponseJSONValue] successfully performed. With the following test data [title]. @02-12-2021 01:52:31.0023 AM
[ReportManager] API Action [GetResponseJSONValue] successfully performed. With the following test data [title]. @02-12-2021 01:52:31.0035 AM
[ReportManager] API Action [GetResponseJSONValue] successfully performed. With the following test data [title]. @02-12-2021 01:52:31.0047 AM
[ReportManager] API Action [GetResponseJSONValue] successfully performed. With the following test data [title]. @02-12-2021 01:52:31.0058 A

################################################################################################################################################
Starting Execution:	[68 out of 146] test cases in the current suite
Test Method:		[unitTests.tests_restActions.validateUserEmail]
################################################################################################################################################
[ReportManager] Response status code: [200], status line: [HTTP/1.1 200 OK] @02-12-2021 01:52:31.0194 AM
[ReportManager] Assertion Passed: Evaluating the actual response status code against the expected one... @02-12-2021 01:52:31.0195 AM
[ReportManager] Assertion [ValidateComparativeRelation] PASSED. Expected [200] and Actual [200]. Comparison Type [EQUALS]. Validation Type [POSITIVE]. @02-12-2021 01:52:31.0195 AM
[ReportManager] API Action [PerformRequest] successfully performed. With the following test data [Request Type: "GET" | Target Status Code: "200" | Service URL: "https://jsonplaceholder.typicode.com/users" | Content Type: "*/*" | Response Time: "126ms"]. @02-12-2021 01:52:31.0218 AM
[ReportManager] Successfully created attachment [API Request - Specifications] @02-12-2021 01:52:31.0219 AM
[ReportManager] Successfully created attachment [API Response - JSON Body] @02-12-2021 01:52:31.0219 AM
[ReportManager] Assertion [ValidateEquals] PASSED. Expected and Actual values are attached. Comparison Type [CONTAINS]. Validation Type [POSITIVE]. @02-12-2021 01:52:31.0220 AM
[ReportManager] Successfully created attachment [Validation Test Data - Expected Value] @02-12-2021 01:52:31.0220 AM
[ReportManager] Successfully created attachment [Validation Test Data - Actual Value] @02-12-2021 01:52:31.0221 AM
[ReportManager] API Action [GetResponseJSONValueAsList] successfully performed. With the following test data [$]. @02-12-2021 01:52:31.0227 AM
[ReportManager] API Action [GetResponseJSONValue] successfully performed. With the following test data [name]. @02-12-2021 01:52:31.0240 AM
[ReportManager] API Action [GetResponseJSONValue] successfully performed. With the following test data [email]. @02-12-2021 01:52:31.0253 AM
[ReportManager] Assertion [ValidateEquals] PASSED. Expected [Sincere@april.biz] and Actual [Sincere@april.biz]. Comparison Type [EQUALS]. Validation Type [POSITIVE]. @02-12-2021 01:52:31.0254 AM
[ReportManager] API Action [GetResponseJSONValue] successfully performed. With the following test data [name]. @02-12-2021 01:52:31.0286 AM
[ReportManager] API Action [GetResponseJSONValue] successfully performed. With the following test data [name]. @02-12-2021 01:52:31.0315 AM
[ReportManager] API Action [GetResponseJSONValue] successfully performed. With the following test data [name]. @02-12-2021 01:52:31.0338 AM
[ReportManager] API Action [GetResponseJSONValue] successfully performed. With the following test data [name]. @02-12-2021 01:52:31.0363 AM
[ReportManager] API Action [GetResponseJSONValue] successfully performed. With the following test data [name]. @02-12-2021 01:52:31.0427 AM
[ReportManager] API Action [GetResponseJSONValue] successfully performed. With the following test data [name]. @02-12-2021 01:52:31.0460 AM
[ReportManager] API Action [GetResponseJSONValue] successfully performed. With the following test data [name]. @02-12-2021 01:52:31.0482 AM
[ReportManager] API Action [GetResponseJSONValue] successfully performed. With the following test data [name]. @02-12-2021 01:52:31.0506 AM
[ReportManager] API Action [GetResponseJSONValue] successfully performed. With the following test data [name]. @02-12-2021 01:52:31.0524 A
[ReportManager] File Action [GetAbsolutePath] successfully performed. With the following test data [Relative Folder Path: "target/downloadedFiles/"]. @02-12-2021 01:52:31.0529 AM
[ReportManager] Attempting to run locally on: [Mac-64], [Safari], Headless Execution. @02-12-2021 01:52:31.0529 AM
[ReportManager] Successfully Opened Safari. @02-12-2021 01:52:32.0412 AM
[ReportManager] Initial window size: (800, 600) @02-12-2021 01:52:32.0422 AM
[ReportManager] Window size after SWD Maximize: (1176, 803) @02-12-2021 01:52:32.0440 AM
[ReportManager] Browser Action [MaximizeWindow] successfully performed. With the following test data [New screen size is now: (1176, 803)]. @02-12-2021 01:52:32.0440 A

################################################################################################################################################
Starting Execution:	[69 out of 146] test cases in the current suite
Test Method:		[testPackage01.Test_uploadFile.uploadFile_invisibleUploadInput]
################################################################################################################################################
[ReportManager] Target URL: [https://fineuploader.com/demos.html#gallery-view] @02-12-2021 01:52:32.0443 AM
[ReportManager] Initial URL: [] @02-12-2021 01:52:32.0503 AM
[ReportManager] Browser Action [NavigateToURL] successfully performed. With the following test data [https://fineuploader.com/demos.html#gallery-view]. @02-12-2021 01:52:34.0631 AM
[ReportManager] File Action [GetAbsolutePath] successfully performed. With the following test data [Relative File Path: "src/main/resources/images/shaft.png"]. @02-12-2021 01:52:34.0631 AM
[ReportManager] Successfully created attachment [File Action Actual Result - Command Log] @02-12-2021 01:52:34.0632 AM
[ReportManager] Element Action [TypeFileLocationForUpload] successfully performed. With the following test data [/Users/runner/work/SHAFT_ENGINE/SHAFT_ENGINE/src/main/resources/images/shaft.png]. @02-12-2021 01:52:34.0681 AM
[ReportManager] Attempting to getAttribute [src] from elementLocator [By.xpath: //div[@id='fine-uploader-gallery']//div[@class='qq-thumbnail-wrapper']/img]. @02-12-2021 01:52:34.0683 AM
[ReportManager] Element Action [GetAttribute] successfully performed. @02-12-2021 01:52:34.0794 AM
[ReportManager] Successfully created attachment [Element Action Test Data - GetAttribute - Actual Value] @02-12-2021 01:52:34.0796 AM
[ReportManager] Loaded Shared OpenCV @02-12-2021 01:52:34.0864 AM
[ReportManager] Assertion Passed: Then I Assert that the element found by [By.xpath: //div[@id='fine-uploader-gallery']//div[@class='qq-thumbnail-wrapper']/img] attribute [src] contains [data:image/png;base64]. @02-12-2021 01:52:34.0985 AM
[ReportManager] Successfully created attachment [Validation Test Data - Expected Value] @02-12-2021 01:52:34.0986 AM
[ReportManager] Successfully created attachment [Validation Test Data - Actual Value] @02-12-2021 01:52:34.0986 AM
[ReportManager] Successfully created attachment [Screenshot - 1638409954864_uploadFile_invisibleUploadInput_ValidateElementAttribute_passed] @02-12-2021 01:52:34.0988 AM
[ReportManager] Assertion [ValidateElementAttribute] PASSED. Expected and Actual values are attached. Comparison Type [CONTAINS]. Validation Type [POSITIVE]. @02-12-2021 01:52:34.0988 A
[ReportManager] Browser Action [CloseCurrentWindow] successfully performed. @02-12-2021 01:52:35.0294 AM
[ReportManager] Successfully created attachment [Browser Action Test Data - CloseCurrentWindow - Actual Value] @02-12-2021 01:52:35.0295 A
[ReportManager] File Action [GetAbsolutePath] successfully performed. With the following test data [Relative Folder Path: "target/downloadedFiles/"]. @02-12-2021 01:52:35.0299 AM
[ReportManager] Attempting to run locally on: [Mac-64], [Safari], Headless Execution. @02-12-2021 01:52:35.0299 AM
[ReportManager] Successfully Opened Safari. @02-12-2021 01:52:36.0161 AM
[ReportManager] Initial window size: (800, 600) @02-12-2021 01:52:36.0181 AM
[ReportManager] Window size after SWD Maximize: (1176, 803) @02-12-2021 01:52:36.0210 AM
[ReportManager] Browser Action [MaximizeWindow] successfully performed. With the following test data [New screen size is now: (1176, 803)]. @02-12-2021 01:52:36.0210 A

################################################################################################################################################
Starting Execution:	[70 out of 146] test cases in the current suite
Test Method:		[testPackage01.Test_uploadFile.uploadFile_visibleUploadInput]
################################################################################################################################################
[ReportManager] Target URL: [http://demo.guru99.com/test/upload/] @02-12-2021 01:52:36.0214 AM
[ReportManager] Initial URL: [] @02-12-2021 01:52:36.0260 AM
[ReportManager] Browser Action [NavigateToURL] successfully performed. With the following test data [http://demo.guru99.com/test/upload/]. @02-12-2021 01:52:38.0490 AM
[ReportManager] File Action [GetAbsolutePath] successfully performed. With the following test data [Relative Folder Path: "src/main/resources/images/shaft.png"]. @02-12-2021 01:52:38.0490 AM
[ReportManager] Element Action [TypeFileLocationForUpload] successfully performed. With the following test data [/Users/runner/work/SHAFT_ENGINE/SHAFT_ENGINE/src/main/resources/images/shaft.png]. @02-12-2021 01:52:38.0549 AM
[ReportManager] Element Action [Click] successfully performed. With the following test data [By.id: terms]. @02-12-2021 01:52:38.0781 AM
[ReportManager] Element Action [Click] successfully performed. With the following test data [By.id: submitbutton]. @02-12-2021 01:52:38.0985 AM
[ReportManager] Element Action [GetText] successfully performed. With the following test data [1 file has been successfully uploaded.]. @02-12-2021 01:52:39.0634 AM
[ReportManager] Loaded Shared OpenCV @02-12-2021 01:52:39.0685 AM
[ReportManager] Assertion Passed: Then I Assert that the element found by [By.id: res] attribute [Text] contains [1 file]. @02-12-2021 01:52:39.0782 AM
[ReportManager] Successfully created attachment [Screenshot - 1638409959685_uploadFile_visibleUploadInput_ValidateElementAttribute_passed] @02-12-2021 01:52:39.0789 AM
[ReportManager] Assertion [ValidateElementAttribute] PASSED. Expected [Value Should be '1 file' for the 'Text' attribute, element locator 'By.id: res'] and Actual [1 file has been successfully uploaded.]. Comparison Type [CONTAINS]. Validation Type [POSITIVE]. @02-12-2021 01:52:39.0789 A
[ReportManager] Browser Action [CloseCurrentWindow] successfully performed. @02-12-2021 01:52:40.0091 AM
[ReportManager] Successfully created attachment [Browser Action Test Data - CloseCurrentWindow - Actual Value] @02-12-2021 01:52:40.0092 A

################################################################################################################################################
Starting Execution:	[71 out of 146] test cases in the current suite
Test Method:		[testPackage01.Test_AssertApiResponseEquals.assertApiResponseEquals_expectedToPass]
################################################################################################################################################
[ReportManager] Response status code: [200], status line: [HTTP/1.1 200 OK] @02-12-2021 01:52:40.0222 AM
[ReportManager] Assertion Passed: Evaluating the actual response status code against the expected one... @02-12-2021 01:52:40.0223 AM
[ReportManager] Assertion [ValidateComparativeRelation] PASSED. Expected [200] and Actual [200]. Comparison Type [EQUALS]. Validation Type [POSITIVE]. @02-12-2021 01:52:40.0223 AM
[ReportManager] API Action [PerformRequest] successfully performed. With the following test data [Request Type: "GET" | Target Status Code: "200" | Service URL: "https://jsonplaceholder.typicode.com/users" | Content Type: "*/*" | Response Time: "122ms"]. @02-12-2021 01:52:40.0245 AM
[ReportManager] Successfully created attachment [API Request - Specifications] @02-12-2021 01:52:40.0246 AM
[ReportManager] Successfully created attachment [API Response - JSON Body] @02-12-2021 01:52:40.0247 AM
[ReportManager] API Action [GetResponseJSONValueAsList] successfully performed. With the following test data [$]. @02-12-2021 01:52:40.0254 AM
[ReportManager] API Action [GetResponseJSONValue] successfully performed. With the following test data [name]. @02-12-2021 01:52:40.0266 AM
[ReportManager] API Action [GetResponseJSONValue] successfully performed. With the following test data [email]. @02-12-2021 01:52:40.0281 AM
[ReportManager] Verification [ValidateEquals] PASSED. Expected [Sincere@april.biz] and Actual [Sincere@april.biz]. Comparison Type [EQUALS]. Validation Type [POSITIVE]. @02-12-2021 01:52:40.0281 AM
[ReportManager] API Action [GetResponseJSONValue] successfully performed. With the following test data [username]. @02-12-2021 01:52:40.0293 AM
[ReportManager] Assertion [ValidateEquals] PASSED. Expected [Bret] and Actual [Bret]. Comparison Type [EQUALS]. Validation Type [POSITIVE]. @02-12-2021 01:52:40.0294 AM
[ReportManager] API Action [GetResponseJSONValue] successfully performed. With the following test data [name]. @02-12-2021 01:52:40.0304 AM
[ReportManager] API Action [GetResponseJSONValue] successfully performed. With the following test data [name]. @02-12-2021 01:52:40.0313 AM
[ReportManager] API Action [GetResponseJSONValue] successfully performed. With the following test data [name]. @02-12-2021 01:52:40.0324 AM
[ReportManager] API Action [GetResponseJSONValue] successfully performed. With the following test data [name]. @02-12-2021 01:52:40.0334 AM
[ReportManager] API Action [GetResponseJSONValue] successfully performed. With the following test data [name]. @02-12-2021 01:52:40.0345 AM
[ReportManager] API Action [GetResponseJSONValue] successfully performed. With the following test data [name]. @02-12-2021 01:52:40.0355 AM
[ReportManager] API Action [GetResponseJSONValue] successfully performed. With the following test data [name]. @02-12-2021 01:52:40.0366 AM
[ReportManager] API Action [GetResponseJSONValue] successfully performed. With the following test data [name]. @02-12-2021 01:52:40.0376 AM
[ReportManager] API Action [GetResponseJSONValue] successfully performed. With the following test data [name]. @02-12-2021 01:52:40.0386 A

################################################################################################################################################
Starting Execution:	[72 out of 146] test cases in the current suite
Test Method:		[testPackage01.Test_testData.f]
################################################################################################################################################
[ReportManager] Successfully loaded the following test data file [src/test/resources/testDataFiles/testSuite01/TestData.xlsx]. @02-12-2021 01:52:40.0423 AM
[ReportManager] Successfully created attachment [Test Data - Excel] @02-12-2021 01:52:40.0423 AM
[ReportManager] Last Column Number is: [3]. Zero-based. @02-12-2021 01:52:40.0424 A

################################################################################################################################################
Starting Execution:	[73 out of 146] test cases in the current suite
Test Method:		[testPackage01.Test_PDF.testPDF1]
################################################################################################################################################
[ReportManager] File Action [DoesFileExist] successfully performed. With the following test data [File Path: "src/test/resources/testDataFiles/sample.pdf"]. @02-12-2021 01:52:40.0431 AM
[ReportManager] File Action [GetAbsolutePath] successfully performed. With the following test data [Relative Folder Path: "src/test/resources/testDataFiles/sample.pdf"]. @02-12-2021 01:52:40.0432 AM
[ReportManager] Assertion Passed: Checking to see that the pdf file contains [A Simple PDF File] @02-12-2021 01:52:44.0573 AM
[ReportManager] Successfully created attachment [Validation Test Data - Expected Value] @02-12-2021 01:52:44.0574 AM
[ReportManager] Successfully created attachment [Validation Test Data - Actual Value] @02-12-2021 01:52:44.0575 AM
[ReportManager] Assertion [ValidateEquals] PASSED. Expected and Actual values are attached. Comparison Type [CONTAINS]. Validation Type [POSITIVE]. @02-12-2021 01:52:44.0575 A

################################################################################################################################################
Starting Execution:	[74 out of 146] test cases in the current suite
Test Method:		[testPackage01.Test_PDF.testPDF2]
################################################################################################################################################
[ReportManager] File Action [DoesFileExist] successfully performed. With the following test data [File Path: "src/test/resources/testDataFiles/sample.pdf"]. @02-12-2021 01:52:44.0581 AM
[ReportManager] File Action [GetAbsolutePath] successfully performed. With the following test data [Relative Folder Path: "src/test/resources/testDataFiles/sample.pdf"]. @02-12-2021 01:52:44.0581 AM
[ReportManager] Assertion Passed: Checking to see that the pdf file contains [A Simple PDF File] @02-12-2021 01:52:44.0599 AM
[ReportManager] Successfully created attachment [Validation Test Data - Expected Value] @02-12-2021 01:52:44.0599 AM
[ReportManager] Successfully created attachment [Validation Test Data - Actual Value] @02-12-2021 01:52:44.0600 AM
[ReportManager] Assertion [ValidateEquals] PASSED. Expected and Actual values are attached. Comparison Type [CONTAINS]. Validation Type [POSITIVE]. @02-12-2021 01:52:44.0600 A
[ReportManager] File Action [GetAbsolutePath] successfully performed. With the following test data [Relative Folder Path: "target/downloadedFiles/"]. @02-12-2021 01:52:44.0603 AM
[ReportManager] Attempting to run locally on: [Mac-64], [Safari], Headless Execution. @02-12-2021 01:52:44.0603 AM
[ReportManager] Successfully Opened Safari. @02-12-2021 01:52:45.0441 AM
[ReportManager] Initial window size: (800, 600) @02-12-2021 01:52:45.0452 AM
[ReportManager] Window size after SWD Maximize: (1176, 803) @02-12-2021 01:52:45.0481 AM
[ReportManager] Browser Action [MaximizeWindow] successfully performed. With the following test data [New screen size is now: (1176, 803)]. @02-12-2021 01:52:45.0481 A

################################################################################################################################################
Starting Execution:	[75 out of 146] test cases in the current suite
Test Method:		[testPackage01.Test_ShadowDOM.shadowdom]
################################################################################################################################################
[ReportManager] Target URL: [https://mdn.github.io/web-components-examples/popup-info-box-web-component/] @02-12-2021 01:52:45.0484 AM
[ReportManager] Initial URL: [] @02-12-2021 01:52:45.0549 AM
[ReportManager] Browser Action [NavigateToURL] successfully performed. With the following test data [https://mdn.github.io/web-components-examples/popup-info-box-web-component/]. @02-12-2021 01:52:46.0051 AM
[ReportManager] Element Action [Type] successfully performed. With the following test data [Typing into SHADOW DOM...]. @02-12-2021 01:52:46.0607 AM
[ReportManager] Element Action [GetText] successfully performed. With the following test data [Typing into SHADOW DOM...]. @02-12-2021 01:52:46.0678 AM
[ReportManager] Loaded Shared OpenCV @02-12-2021 01:52:46.0807 AM
[ReportManager] Assertion [ValidateElementAttribute] PASSED. Expected [Value Should be 'Typing into SHADOW DOM...' for the 'Text' attribute, element locator 'By.id: cvc'] and Actual [Typing into SHADOW DOM...]. Comparison Type [EQUALS]. Validation Type [POSITIVE]. @02-12-2021 01:52:47.0055 AM
[ReportManager] Successfully created attachment [Screenshot - 1638409966807_shadowdom_ValidateElementAttribute_passed] @02-12-2021 01:52:47.0055 A
[ReportManager] Browser Action [CloseCurrentWindow] successfully performed. @02-12-2021 01:52:47.0413 AM
[ReportManager] Successfully created attachment [Browser Action Test Data - CloseCurrentWindow - Actual Value] @02-12-2021 01:52:47.0413 A
[ReportManager] File Action [GetAbsolutePath] successfully performed. With the following test data [Relative Folder Path: "target/downloadedFiles/"]. @02-12-2021 01:52:47.0415 AM
[ReportManager] Attempting to run locally on: [Mac-64], [Safari], Headless Execution. @02-12-2021 01:52:47.0415 AM
[ReportManager] Successfully Opened Safari. @02-12-2021 01:52:48.0257 AM
[ReportManager] Initial window size: (800, 600) @02-12-2021 01:52:48.0273 AM
[ReportManager] Window size after SWD Maximize: (1176, 803) @02-12-2021 01:52:48.0287 AM
[ReportManager] Browser Action [MaximizeWindow] successfully performed. With the following test data [New screen size is now: (1176, 803)]. @02-12-2021 01:52:48.0287 A

################################################################################################################################################
Starting Execution:	[76 out of 146] test cases in the current suite
Test Method:		[testPackage01.Test_clipboardActions.typeTextAndCopyPaste]
################################################################################################################################################
[ReportManager] Target URL: [https://www.google.com/ncr], and after redirection: [https://www.google.com] @02-12-2021 01:52:48.0292 AM
[ReportManager] Initial URL: [] @02-12-2021 01:52:48.0338 AM
[ReportManager] Browser Action [NavigateToURL] successfully performed. With the following test data [https://www.google.com/ncr]. @02-12-2021 01:52:50.0288 AM
[ReportManager] Element Action [Type] successfully performed. With the following test data [FIRST]. @02-12-2021 01:52:50.0416 A
[ReportManager] Browser Action [CloseCurrentWindow] successfully performed. @02-12-2021 01:52:50.0895 AM
[ReportManager] Successfully created attachment [Browser Action Test Data - CloseCurrentWindow - Actual Value] @02-12-2021 01:52:50.0897 A

################################################################################################################################################
Starting Execution:	[77 out of 146] test cases in the current suite
Test Method:		[testPackage01.Test_NewValidationHelper.f1]
################################################################################################################################################
[ReportManager] Assertion Passed: Checking valid user data @02-12-2021 01:52:50.0901 AM
[ReportManager] Successfully created attachment [Validation Test Data - Expected Value] @02-12-2021 01:52:50.0901 AM
[ReportManager] Successfully created attachment [Validation Test Data - Actual Value] @02-12-2021 01:52:50.0902 AM
[ReportManager] Assertion [ValidateEquals] PASSED. Expected and Actual values are attached. Comparison Type [EQUALS]. Validation Type [POSITIVE]. @02-12-2021 01:52:50.0902 A
[ReportManager] File Action [GetAbsolutePath] successfully performed. With the following test data [Relative Folder Path: "target/downloadedFiles/"]. @02-12-2021 01:52:50.0904 AM
[ReportManager] Attempting to run locally on: [Mac-64], [Safari], Headless Execution. @02-12-2021 01:52:50.0905 AM
[ReportManager] Successfully Opened Safari. @02-12-2021 01:52:52.0027 AM
[ReportManager] Initial window size: (800, 600) @02-12-2021 01:52:52.0043 AM
[ReportManager] Window size after SWD Maximize: (1176, 803) @02-12-2021 01:52:52.0072 AM
[ReportManager] Browser Action [MaximizeWindow] successfully performed. With the following test data [New screen size is now: (1176, 803)]. @02-12-2021 01:52:52.0073 AM
[ReportManager] Target URL: [https://the-internet.herokuapp.com/] @02-12-2021 01:52:52.0073 AM
[ReportManager] Initial URL: [] @02-12-2021 01:52:52.0128 AM
[ReportManager] Browser Action [NavigateToURL] successfully performed. With the following test data [https://the-internet.herokuapp.com/]. @02-12-2021 01:52:53.0569 A

################################################################################################################################################
Starting Execution:	[78 out of 146] test cases in the current suite
Test Method:		[testPackage01.Test_NewValidationHelper.f10]
################################################################################################################################################
[ReportManager] Loaded Shared OpenCV @02-12-2021 01:52:53.0714 AM
[ReportManager] Assertion [ValidateElementExists] FAILED. Expected [Element Should Exist, locator 'By.tagName: div'] and Actual [Element Exists but is not unique]. Comparison Type [EQUALS]. Validation Type [POSITIVE]. @02-12-2021 01:52:53.0932 AM
[ReportManager] Successfully created attachment [Screenshot - 1638409973713_f10_ValidateElementExists_failed] @02-12-2021 01:52:53.0936 A
[ReportManager] Successfully Closed All Drivers. @02-12-2021 01:52:54.0278 A
[ReportManager] File Action [GetAbsolutePath] successfully performed. With the following test data [Relative Folder Path: "target/downloadedFiles/"]. @02-12-2021 01:52:54.0283 AM
[ReportManager] Attempting to run locally on: [Mac-64], [Safari], Headless Execution. @02-12-2021 01:52:54.0283 AM
[ReportManager] Successfully Opened Safari. @02-12-2021 01:52:55.0309 AM
[ReportManager] Initial window size: (800, 600) @02-12-2021 01:52:55.0338 AM
[ReportManager] Window size after SWD Maximize: (1176, 803) @02-12-2021 01:52:55.0396 AM
[ReportManager] Browser Action [MaximizeWindow] successfully performed. With the following test data [New screen size is now: (1176, 803)]. @02-12-2021 01:52:55.0397 AM
[ReportManager] Target URL: [https://the-internet.herokuapp.com/] @02-12-2021 01:52:55.0397 AM
[ReportManager] Initial URL: [] @02-12-2021 01:52:55.0444 AM
[ReportManager] Browser Action [NavigateToURL] successfully performed. With the following test data [https://the-internet.herokuapp.com/]. @02-12-2021 01:52:56.0703 A

################################################################################################################################################
Starting Execution:	[79 out of 146] test cases in the current suite
Test Method:		[testPackage01.Test_NewValidationHelper.f11]
################################################################################################################################################
[ReportManager] org.openqa.selenium.TimeoutException:
Expected condition failed: waiting for com.shaft.gui.element.ElementActionsHelper$$Lambda$623/0x0000000801133498@57ae95ca (tried for 5 second(s) with 1000 milliseconds interval)
org.openqa.selenium.support.ui.FluentWait.timeoutException(FluentWait.java:263)
org.openqa.selenium.support.ui.FluentWait.until(FluentWait.java:231)
com.shaft.gui.element.ElementActionsHelper.waitForElementPresence(ElementActionsHelper.java:63)
com.shaft.gui.element.ElementActionsHelper.waitForElementPresence(ElementActionsHelper.java:37)
com.shaft.gui.element.WebDriverElementActions.getMatchingElementsCount(WebDriverElementActions.java:1468)
com.shaft.gui.element.WebDriverElementActions.getElementsCount(WebDriverElementActions.java:559)
com.shaft.gui.element.ElementActions.getElementsCount(ElementActions.java:261)
com.shaft.validation.ValidationsHelper.validateElementExists(ValidationsHelper.java:149)
com.shaft.validation.Assertions.assertElementExists(Assertions.java:118)
testPackage01.Test_NewValidationHelper.f11(Test_NewValidationHelper.java:137)
java.base/jdk.internal.reflect.NativeMethodAccessorImpl.invoke0(Native Method)
java.base/jdk.internal.reflect.NativeMethodAccessorImpl.invoke(NativeMethodAccessorImpl.java:77)
java.base/jdk.internal.reflect.DelegatingMethodAccessorImpl.invoke(DelegatingMethodAccessorImpl.java:43)
java.base/java.lang.reflect.Method.invoke(Method.java:568)
org.testng.internal.MethodInvocationHelper.invokeMethod(MethodInvocationHelper.java:133)
org.testng.internal.TestInvoker.invokeMethod(TestInvoker.java:598)
org.testng.internal.TestInvoker.invokeTestMethod(TestInvoker.java:173)
org.testng.internal.MethodRunner.runInSequence(MethodRunner.java:46)
org.testng.internal.TestInvoker$MethodInvocationAgent.invoke(TestInvoker.java:824)
org.testng.internal.TestInvoker.invokeTestMethods(TestInvoker.java:146)
org.testng.internal.TestMethodWorker.invokeTestMethods(TestMethodWorker.java:146)
org.testng.internal.TestMethodWorker.run(TestMethodWorker.java:128)
java.base/java.util.ArrayList.forEach(ArrayList.java:1511)
org.testng.TestRunner.privateRun(TestRunner.java:794)
org.testng.TestRunner.run(TestRunner.java:596)
org.testng.SuiteRunner.runTest(SuiteRunner.java:377)
org.testng.SuiteRunner.runSequentially(SuiteRunner.java:371)
org.testng.SuiteRunner.privateRun(SuiteRunner.java:332)
org.testng.SuiteRunner.run(SuiteRunner.java:276)
org.testng.SuiteRunnerWorker.runSuite(SuiteRunnerWorker.java:53)
org.testng.SuiteRunnerWorker.run(SuiteRunnerWorker.java:96)
org.testng.TestNG.runSuitesSequentially(TestNG.java:1212)
org.testng.TestNG.runSuitesLocally(TestNG.java:1134)
org.testng.TestNG.runSuites(TestNG.java:1063)
org.testng.TestNG.run(TestNG.java:1031)
org.apache.maven.surefire.testng.TestNGExecutor.run(TestNGExecutor.java:136)
org.apache.maven.surefire.testng.TestNGDirectoryTestSuite.executeMulti(TestNGDirectoryTestSuite.java:193)
org.apache.maven.surefire.testng.TestNGDirectoryTestSuite.execute(TestNGDirectoryTestSuite.java:94)
org.apache.maven.surefire.testng.TestNGProvider.invoke(TestNGProvider.java:145)
org.apache.maven.surefire.booter.ForkedBooter.runSuitesInProcess(ForkedBooter.java:428)
org.apache.maven.surefire.booter.ForkedBooter.execute(ForkedBooter.java:162)
org.apache.maven.surefire.booter.ForkedBooter.run(ForkedBooter.java:562)
org.apache.maven.surefire.booter.ForkedBooter.main(ForkedBooter.java:548)

Caused by: org.openqa.selenium.NoSuchElementException:
For documentation on this error, please visit: https://selenium.dev/exceptions/#no_such_element
Build info: version: '4.1.0', revision: '87802e897b'
System info: host: 'Mac-1638409675603.local', ip: '10.212.11.61', os.name: 'Mac OS X', os.arch: 'x86_64', os.version: '11.5', java.version: '17.0.1'
Driver info: org.openqa.selenium.safari.SafariDriver
Command: [8EB8ADD2-EB92-46C2-B059-06FC5153F0B4, findElement {using=tag name, value=h3}]
Capabilities {acceptInsecureCerts: false, browserName: Safari, browserVersion: 15.1, goog:loggingPrefs: {browser: ALL, client: ALL, driver: ALL, performance: ALL, profiler: ALL, server: ALL}, javascriptEnabled: true, pageLoadStrategy: normal, platform: MAC, platformName: MAC, safari:automaticInspection: false, safari:automaticProfiling: false, safari:diagnose: false, safari:platformBuildVersion: 20G224, safari:platformVersion: 11.6.1, safari:useSimulator: false, setWindowRect: true, strictFileInteractability: false, timeouts: {pageLoad: 30000, script: 30000}, webkit:WebRTC: {DisableICECandidateFiltering: false, DisableInsecureMediaCapture: false}}
Session ID: 8EB8ADD2-EB92-46C2-B059-06FC5153F0B4
java.base/jdk.internal.reflect.NativeConstructorAccessorImpl.newInstance0(Native Method)
java.base/jdk.internal.reflect.NativeConstructorAccessorImpl.newInstance(NativeConstructorAccessorImpl.java:77)
java.base/jdk.internal.reflect.DelegatingConstructorAccessorImpl.newInstance(DelegatingConstructorAccessorImpl.java:45)
java.base/java.lang.reflect.Constructor.newInstanceWithCaller(Constructor.java:499)
java.base/java.lang.reflect.Constructor.newInstance(Constructor.java:480)
org.openqa.selenium.remote.codec.w3c.W3CHttpResponseCodec.createException(W3CHttpResponseCodec.java:200)
org.openqa.selenium.remote.codec.w3c.W3CHttpResponseCodec.decode(W3CHttpResponseCodec.java:133)
org.openqa.selenium.remote.codec.w3c.W3CHttpResponseCodec.decode(W3CHttpResponseCodec.java:53)
org.openqa.selenium.remote.HttpCommandExecutor.execute(HttpCommandExecutor.java:184)
org.openqa.selenium.remote.service.DriverCommandExecutor.invokeExecute(DriverCommandExecutor.java:164)
org.openqa.selenium.remote.service.DriverCommandExecutor.execute(DriverCommandExecutor.java:139)
org.openqa.selenium.remote.RemoteWebDriver.execute(RemoteWebDriver.java:559)
org.openqa.selenium.remote.ElementLocation$ElementFinder$2.findElement(ElementLocation.java:162)
org.openqa.selenium.remote.ElementLocation.findElement(ElementLocation.java:60)
org.openqa.selenium.remote.RemoteWebDriver.findElement(RemoteWebDriver.java:383)
org.openqa.selenium.remote.RemoteWebDriver.findElement(RemoteWebDriver.java:375)
com.shaft.gui.element.ElementActionsHelper.lambda$waitForElementPresence$0(ElementActionsHelper.java:71)
org.openqa.selenium.support.ui.FluentWait.until(FluentWait.java:208)
com.shaft.gui.element.ElementActionsHelper.waitForElementPresence(ElementActionsHelper.java:63)
com.shaft.gui.element.ElementActionsHelper.waitForElementPresence(ElementActionsHelper.java:37)
com.shaft.gui.element.WebDriverElementActions.getMatchingElementsCount(WebDriverElementActions.java:1468)
com.shaft.gui.element.WebDriverElementActions.getElementsCount(WebDriverElementActions.java:559)
com.shaft.gui.element.ElementActions.getElementsCount(ElementActions.java:261)
com.shaft.validation.ValidationsHelper.validateElementExists(ValidationsHelper.java:149)
com.shaft.validation.Assertions.assertElementExists(Assertions.java:118)
testPackage01.Test_NewValidationHelper.f11(Test_NewValidationHelper.java:137)
java.base/jdk.internal.reflect.NativeMethodAccessorImpl.invoke0(Native Method)
java.base/jdk.internal.reflect.NativeMethodAccessorImpl.invoke(NativeMethodAccessorImpl.java:77)
java.base/jdk.internal.reflect.DelegatingMethodAccessorImpl.invoke(DelegatingMethodAccessorImpl.java:43)
java.base/java.lang.reflect.Method.invoke(Method.java:568)
org.testng.internal.MethodInvocationHelper.invokeMethod(MethodInvocationHelper.java:133)
org.testng.internal.TestInvoker.invokeMethod(TestInvoker.java:598)
org.testng.internal.TestInvoker.invokeTestMethod(TestInvoker.java:173)
org.testng.internal.MethodRunner.runInSequence(MethodRunner.java:46)
org.testng.internal.TestInvoker$MethodInvocationAgent.invoke(TestInvoker.java:824)
org.testng.internal.TestInvoker.invokeTestMethods(TestInvoker.java:146)
org.testng.internal.TestMethodWorker.invokeTestMethods(TestMethodWorker.java:146)
org.testng.internal.TestMethodWorker.run(TestMethodWorker.java:128)
java.base/java.util.ArrayList.forEach(ArrayList.java:1511)
org.testng.TestRunner.privateRun(TestRunner.java:794)
org.testng.TestRunner.run(TestRunner.java:596)
org.testng.SuiteRunner.runTest(SuiteRunner.java:377)
org.testng.SuiteRunner.runSequentially(SuiteRunner.java:371)
org.testng.SuiteRunner.privateRun(SuiteRunner.java:332)
org.testng.SuiteRunner.run(SuiteRunner.java:276)
org.testng.SuiteRunnerWorker.runSuite(SuiteRunnerWorker.java:53)
org.testng.SuiteRunnerWorker.run(SuiteRunnerWorker.java:96)
org.testng.TestNG.runSuitesSequentially(TestNG.java:1212)
org.testng.TestNG.runSuitesLocally(TestNG.java:1134)
org.testng.TestNG.runSuites(TestNG.java:1063)
org.testng.TestNG.run(TestNG.java:1031)
org.apache.maven.surefire.testng.TestNGExecutor.run(TestNGExecutor.java:136)
org.apache.maven.surefire.testng.TestNGDirectoryTestSuite.executeMulti(TestNGDirectoryTestSuite.java:193)
org.apache.maven.surefire.testng.TestNGDirectoryTestSuite.execute(TestNGDirectoryTestSuite.java:94)
org.apache.maven.surefire.testng.TestNGProvider.invoke(TestNGProvider.java:145)
org.apache.maven.surefire.booter.ForkedBooter.runSuitesInProcess(ForkedBooter.java:428)
org.apache.maven.surefire.booter.ForkedBooter.execute(ForkedBooter.java:162)
org.apache.maven.surefire.booter.ForkedBooter.run(ForkedBooter.java:562)
org.apache.maven.surefire.booter.ForkedBooter.main(ForkedBooter.java:548) @02-12-2021 01:53:02.0097 AM
[ReportManager] org.openqa.selenium.TimeoutException:
Expected condition failed: waiting for com.shaft.gui.element.ElementActionsHelper$$Lambda$623/0x0000000801133498@12997ff6 (tried for 5 second(s) with 1000 milliseconds interval)
org.openqa.selenium.support.ui.FluentWait.timeoutException(FluentWait.java:263)
org.openqa.selenium.support.ui.FluentWait.until(FluentWait.java:231)
com.shaft.gui.element.ElementActionsHelper.waitForElementPresence(ElementActionsHelper.java:63)
com.shaft.gui.element.ElementActionsHelper.waitForElementPresence(ElementActionsHelper.java:37)
com.shaft.gui.element.WebDriverElementActions.getMatchingElementsCount(WebDriverElementActions.java:1468)
com.shaft.gui.element.WebDriverElementActions.getElementsCount(WebDriverElementActions.java:559)
com.shaft.gui.element.ElementActions.getElementsCount(ElementActions.java:261)
com.shaft.gui.image.ScreenshotManager.internalCaptureScreenShot(ScreenshotManager.java:394)
com.shaft.gui.image.ScreenshotManager.captureScreenShot(ScreenshotManager.java:141)
com.shaft.validation.ValidationsHelper.reportValidationState(ValidationsHelper.java:823)
com.shaft.validation.ValidationsHelper.pass(ValidationsHelper.java:564)
com.shaft.validation.ValidationsHelper.validateElementExists(ValidationsHelper.java:166)
com.shaft.validation.Assertions.assertElementExists(Assertions.java:118)
testPackage01.Test_NewValidationHelper.f11(Test_NewValidationHelper.java:137)
java.base/jdk.internal.reflect.NativeMethodAccessorImpl.invoke0(Native Method)
java.base/jdk.internal.reflect.NativeMethodAccessorImpl.invoke(NativeMethodAccessorImpl.java:77)
java.base/jdk.internal.reflect.DelegatingMethodAccessorImpl.invoke(DelegatingMethodAccessorImpl.java:43)
java.base/java.lang.reflect.Method.invoke(Method.java:568)
org.testng.internal.MethodInvocationHelper.invokeMethod(MethodInvocationHelper.java:133)
org.testng.internal.TestInvoker.invokeMethod(TestInvoker.java:598)
org.testng.internal.TestInvoker.invokeTestMethod(TestInvoker.java:173)
org.testng.internal.MethodRunner.runInSequence(MethodRunner.java:46)
org.testng.internal.TestInvoker$MethodInvocationAgent.invoke(TestInvoker.java:824)
org.testng.internal.TestInvoker.invokeTestMethods(TestInvoker.java:146)
org.testng.internal.TestMethodWorker.invokeTestMethods(TestMethodWorker.java:146)
org.testng.internal.TestMethodWorker.run(TestMethodWorker.java:128)
java.base/java.util.ArrayList.forEach(ArrayList.java:1511)
org.testng.TestRunner.privateRun(TestRunner.java:794)
org.testng.TestRunner.run(TestRunner.java:596)
org.testng.SuiteRunner.runTest(SuiteRunner.java:377)
org.testng.SuiteRunner.runSequentially(SuiteRunner.java:371)
org.testng.SuiteRunner.privateRun(SuiteRunner.java:332)
org.testng.SuiteRunner.run(SuiteRunner.java:276)
org.testng.SuiteRunnerWorker.runSuite(SuiteRunnerWorker.java:53)
org.testng.SuiteRunnerWorker.run(SuiteRunnerWorker.java:96)
org.testng.TestNG.runSuitesSequentially(TestNG.java:1212)
org.testng.TestNG.runSuitesLocally(TestNG.java:1134)
org.testng.TestNG.runSuites(TestNG.java:1063)
org.testng.TestNG.run(TestNG.java:1031)
org.apache.maven.surefire.testng.TestNGExecutor.run(TestNGExecutor.java:136)
org.apache.maven.surefire.testng.TestNGDirectoryTestSuite.executeMulti(TestNGDirectoryTestSuite.java:193)
org.apache.maven.surefire.testng.TestNGDirectoryTestSuite.execute(TestNGDirectoryTestSuite.java:94)
org.apache.maven.surefire.testng.TestNGProvider.invoke(TestNGProvider.java:145)
org.apache.maven.surefire.booter.ForkedBooter.runSuitesInProcess(ForkedBooter.java:428)
org.apache.maven.surefire.booter.ForkedBooter.execute(ForkedBooter.java:162)
org.apache.maven.surefire.booter.ForkedBooter.run(ForkedBooter.java:562)
org.apache.maven.surefire.booter.ForkedBooter.main(ForkedBooter.java:548)

Caused by: org.openqa.selenium.NoSuchElementException:
For documentation on this error, please visit: https://selenium.dev/exceptions/#no_such_element
Build info: version: '4.1.0', revision: '87802e897b'
System info: host: 'Mac-1638409675603.local', ip: '10.212.11.61', os.name: 'Mac OS X', os.arch: 'x86_64', os.version: '11.5', java.version: '17.0.1'
Driver info: org.openqa.selenium.safari.SafariDriver
Command: [8EB8ADD2-EB92-46C2-B059-06FC5153F0B4, findElement {using=tag name, value=h3}]
Capabilities {acceptInsecureCerts: false, browserName: Safari, browserVersion: 15.1, goog:loggingPrefs: {browser: ALL, client: ALL, driver: ALL, performance: ALL, profiler: ALL, server: ALL}, javascriptEnabled: true, pageLoadStrategy: normal, platform: MAC, platformName: MAC, safari:automaticInspection: false, safari:automaticProfiling: false, safari:diagnose: false, safari:platformBuildVersion: 20G224, safari:platformVersion: 11.6.1, safari:useSimulator: false, setWindowRect: true, strictFileInteractability: false, timeouts: {pageLoad: 30000, script: 30000}, webkit:WebRTC: {DisableICECandidateFiltering: false, DisableInsecureMediaCapture: false}}
Session ID: 8EB8ADD2-EB92-46C2-B059-06FC5153F0B4
java.base/jdk.internal.reflect.NativeConstructorAccessorImpl.newInstance0(Native Method)
java.base/jdk.internal.reflect.NativeConstructorAccessorImpl.newInstance(NativeConstructorAccessorImpl.java:77)
java.base/jdk.internal.reflect.DelegatingConstructorAccessorImpl.newInstance(DelegatingConstructorAccessorImpl.java:45)
java.base/java.lang.reflect.Constructor.newInstanceWithCaller(Constructor.java:499)
java.base/java.lang.reflect.Constructor.newInstance(Constructor.java:480)
org.openqa.selenium.remote.codec.w3c.W3CHttpResponseCodec.createException(W3CHttpResponseCodec.java:200)
org.openqa.selenium.remote.codec.w3c.W3CHttpResponseCodec.decode(W3CHttpResponseCodec.java:133)
org.openqa.selenium.remote.codec.w3c.W3CHttpResponseCodec.decode(W3CHttpResponseCodec.java:53)
org.openqa.selenium.remote.HttpCommandExecutor.execute(HttpCommandExecutor.java:184)
org.openqa.selenium.remote.service.DriverCommandExecutor.invokeExecute(DriverCommandExecutor.java:164)
org.openqa.selenium.remote.service.DriverCommandExecutor.execute(DriverCommandExecutor.java:139)
org.openqa.selenium.remote.RemoteWebDriver.execute(RemoteWebDriver.java:559)
org.openqa.selenium.remote.ElementLocation$ElementFinder$2.findElement(ElementLocation.java:162)
org.openqa.selenium.remote.ElementLocation.findElement(ElementLocation.java:60)
org.openqa.selenium.remote.RemoteWebDriver.findElement(RemoteWebDriver.java:383)
org.openqa.selenium.remote.RemoteWebDriver.findElement(RemoteWebDriver.java:375)
com.shaft.gui.element.ElementActionsHelper.lambda$waitForElementPresence$0(ElementActionsHelper.java:71)
org.openqa.selenium.support.ui.FluentWait.until(FluentWait.java:208)
com.shaft.gui.element.ElementActionsHelper.waitForElementPresence(ElementActionsHelper.java:63)
com.shaft.gui.element.ElementActionsHelper.waitForElementPresence(ElementActionsHelper.java:37)
com.shaft.gui.element.WebDriverElementActions.getMatchingElementsCount(WebDriverElementActions.java:1468)
com.shaft.gui.element.WebDriverElementActions.getElementsCount(WebDriverElementActions.java:559)
com.shaft.gui.element.ElementActions.getElementsCount(ElementActions.java:261)
com.shaft.gui.image.ScreenshotManager.internalCaptureScreenShot(ScreenshotManager.java:394)
com.shaft.gui.image.ScreenshotManager.captureScreenShot(ScreenshotManager.java:141)
com.shaft.validation.ValidationsHelper.reportValidationState(ValidationsHelper.java:823)
com.shaft.validation.ValidationsHelper.pass(ValidationsHelper.java:564)
com.shaft.validation.ValidationsHelper.validateElementExists(ValidationsHelper.java:166)
com.shaft.validation.Assertions.assertElementExists(Assertions.java:118)
testPackage01.Test_NewValidationHelper.f11(Test_NewValidationHelper.java:137)
java.base/jdk.internal.reflect.NativeMethodAccessorImpl.invoke0(Native Method)
java.base/jdk.internal.reflect.NativeMethodAccessorImpl.invoke(NativeMethodAccessorImpl.java:77)
java.base/jdk.internal.reflect.DelegatingMethodAccessorImpl.invoke(DelegatingMethodAccessorImpl.java:43)
java.base/java.lang.reflect.Method.invoke(Method.java:568)
org.testng.internal.MethodInvocationHelper.invokeMethod(MethodInvocationHelper.java:133)
org.testng.internal.TestInvoker.invokeMethod(TestInvoker.java:598)
org.testng.internal.TestInvoker.invokeTestMethod(TestInvoker.java:173)
org.testng.internal.MethodRunner.runInSequence(MethodRunner.java:46)
org.testng.internal.TestInvoker$MethodInvocationAgent.invoke(TestInvoker.java:824)
org.testng.internal.TestInvoker.invokeTestMethods(TestInvoker.java:146)
org.testng.internal.TestMethodWorker.invokeTestMethods(TestMethodWorker.java:146)
org.testng.internal.TestMethodWorker.run(TestMethodWorker.java:128)
java.base/java.util.ArrayList.forEach(ArrayList.java:1511)
org.testng.TestRunner.privateRun(TestRunner.java:794)
org.testng.TestRunner.run(TestRunner.java:596)
org.testng.SuiteRunner.runTest(SuiteRunner.java:377)
org.testng.SuiteRunner.runSequentially(SuiteRunner.java:371)
org.testng.SuiteRunner.privateRun(SuiteRunner.java:332)
org.testng.SuiteRunner.run(SuiteRunner.java:276)
org.testng.SuiteRunnerWorker.runSuite(SuiteRunnerWorker.java:53)
org.testng.SuiteRunnerWorker.run(SuiteRunnerWorker.java:96)
org.testng.TestNG.runSuitesSequentially(TestNG.java:1212)
org.testng.TestNG.runSuitesLocally(TestNG.java:1134)
org.testng.TestNG.runSuites(TestNG.java:1063)
org.testng.TestNG.run(TestNG.java:1031)
org.apache.maven.surefire.testng.TestNGExecutor.run(TestNGExecutor.java:136)
org.apache.maven.surefire.testng.TestNGDirectoryTestSuite.executeMulti(TestNGDirectoryTestSuite.java:193)
org.apache.maven.surefire.testng.TestNGDirectoryTestSuite.execute(TestNGDirectoryTestSuite.java:94)
org.apache.maven.surefire.testng.TestNGProvider.invoke(TestNGProvider.java:145)
org.apache.maven.surefire.booter.ForkedBooter.runSuitesInProcess(ForkedBooter.java:428)
org.apache.maven.surefire.booter.ForkedBooter.execute(ForkedBooter.java:162)
org.apache.maven.surefire.booter.ForkedBooter.run(ForkedBooter.java:562)
org.apache.maven.surefire.booter.ForkedBooter.main(ForkedBooter.java:548) @02-12-2021 01:53:07.0226 AM
[ReportManager] Assertion Passed: Checking that false tag doesn't exist @02-12-2021 01:53:07.0426 AM
[ReportManager] Successfully created attachment [Screenshot - 1638409987253_f11_ValidateElementExists_passed] @02-12-2021 01:53:07.0508 AM
[ReportManager] Assertion [ValidateElementExists] PASSED. Expected [Element Should not Exist, locator 'By.tagName: h3'] and Actual [Element Doesn't Exists]. Comparison Type [EQUALS]. Validation Type [NEGATIVE]. @02-12-2021 01:53:07.0508 A
[ReportManager] Successfully Closed All Drivers. @02-12-2021 01:53:07.0762 A
[ReportManager] File Action [GetAbsolutePath] successfully performed. With the following test data [Relative Folder Path: "target/downloadedFiles/"]. @02-12-2021 01:53:07.0886 AM
[ReportManager] Attempting to run locally on: [Mac-64], [Safari], Headless Execution. @02-12-2021 01:53:07.0886 AM
[ReportManager] Successfully Opened Safari. @02-12-2021 01:53:08.0742 AM
[ReportManager] Initial window size: (800, 600) @02-12-2021 01:53:08.0759 AM
[ReportManager] Window size after SWD Maximize: (1176, 803) @02-12-2021 01:53:08.0784 AM
[ReportManager] Browser Action [MaximizeWindow] successfully performed. With the following test data [New screen size is now: (1176, 803)]. @02-12-2021 01:53:08.0787 AM
[ReportManager] Target URL: [https://the-internet.herokuapp.com/] @02-12-2021 01:53:08.0787 AM
[ReportManager] Initial URL: [] @02-12-2021 01:53:08.0856 AM
[ReportManager] Browser Action [NavigateToURL] successfully performed. With the following test data [https://the-internet.herokuapp.com/]. @02-12-2021 01:53:10.0098 A

################################################################################################################################################
Starting Execution:	[80 out of 146] test cases in the current suite
Test Method:		[testPackage01.Test_NewValidationHelper.f12]
################################################################################################################################################
[ReportManager] Loaded Shared OpenCV @02-12-2021 01:53:10.0308 AM
[ReportManager] Assertion [ValidateElementExists] FAILED. Expected [Element Should not Exist, locator 'By.tagName: h1'] and Actual [Element Exists]. Comparison Type [EQUALS]. Validation Type [NEGATIVE]. @02-12-2021 01:53:10.0639 AM
[ReportManager] Successfully created attachment [Screenshot - 1638409990308_f12_ValidateElementExists_failed] @02-12-2021 01:53:10.0724 A
[ReportManager] Successfully Closed All Drivers. @02-12-2021 01:53:11.0040 A
[ReportManager] File Action [GetAbsolutePath] successfully performed. With the following test data [Relative Folder Path: "target/downloadedFiles/"]. @02-12-2021 01:53:11.0077 AM
[ReportManager] Attempting to run locally on: [Mac-64], [Safari], Headless Execution. @02-12-2021 01:53:11.0077 AM
[ReportManager] Successfully Opened Safari. @02-12-2021 01:53:11.0963 AM
[ReportManager] Initial window size: (800, 600) @02-12-2021 01:53:11.0994 AM
[ReportManager] Window size after SWD Maximize: (1176, 803) @02-12-2021 01:53:12.0037 AM
[ReportManager] Browser Action [MaximizeWindow] successfully performed. With the following test data [New screen size is now: (1176, 803)]. @02-12-2021 01:53:12.0038 AM
[ReportManager] Target URL: [https://the-internet.herokuapp.com/] @02-12-2021 01:53:12.0038 AM
[ReportManager] Initial URL: [] @02-12-2021 01:53:12.0075 AM
[ReportManager] Browser Action [NavigateToURL] successfully performed. With the following test data [https://the-internet.herokuapp.com/]. @02-12-2021 01:53:13.0503 A

################################################################################################################################################
Starting Execution:	[81 out of 146] test cases in the current suite
Test Method:		[testPackage01.Test_NewValidationHelper.f13]
################################################################################################################################################
[ReportManager] Loaded Shared OpenCV @02-12-2021 01:53:13.0722 AM
[ReportManager] Assertion [ValidateElementExists] FAILED. Expected [Element Should not Exist, locator 'By.tagName: div'] and Actual [Element Exists but is not unique]. Comparison Type [EQUALS]. Validation Type [NEGATIVE]. @02-12-2021 01:53:13.0922 AM
[ReportManager] Successfully created attachment [Screenshot - 1638409993721_f13_ValidateElementExists_failed] @02-12-2021 01:53:13.0925 A
[ReportManager] Successfully Closed All Drivers. @02-12-2021 01:53:14.0110 A
[ReportManager] File Action [GetAbsolutePath] successfully performed. With the following test data [Relative Folder Path: "target/downloadedFiles/"]. @02-12-2021 01:53:14.0237 AM
[ReportManager] Attempting to run locally on: [Mac-64], [Safari], Headless Execution. @02-12-2021 01:53:14.0237 AM
[ReportManager] Successfully Opened Safari. @02-12-2021 01:53:15.0110 AM
[ReportManager] Initial window size: (800, 600) @02-12-2021 01:53:15.0118 AM
[ReportManager] Window size after SWD Maximize: (1176, 803) @02-12-2021 01:53:15.0145 AM
[ReportManager] Browser Action [MaximizeWindow] successfully performed. With the following test data [New screen size is now: (1176, 803)]. @02-12-2021 01:53:15.0146 AM
[ReportManager] Target URL: [https://the-internet.herokuapp.com/] @02-12-2021 01:53:15.0146 AM
[ReportManager] Initial URL: [] @02-12-2021 01:53:15.0188 AM
[ReportManager] Browser Action [NavigateToURL] successfully performed. With the following test data [https://the-internet.herokuapp.com/]. @02-12-2021 01:53:16.0622 A

################################################################################################################################################
Starting Execution:	[82 out of 146] test cases in the current suite
Test Method:		[testPackage01.Test_NewValidationHelper.f14]
################################################################################################################################################
[ReportManager] Element Action [GetText] successfully performed. With the following test data [Welcome to the-internet]. @02-12-2021 01:53:16.0792 AM
[ReportManager] Loaded Shared OpenCV @02-12-2021 01:53:16.0848 AM
[ReportManager] Assertion Passed: Asserting that the header text is correct @02-12-2021 01:53:17.0139 AM
[ReportManager] Successfully created attachment [Screenshot - 1638409996848_f14_ValidateElementAttribute_passed] @02-12-2021 01:53:17.0222 AM
[ReportManager] Assertion [ValidateElementAttribute] PASSED. Expected [Value Should be 'Welcome to the-internet' for the 'text' attribute, element locator 'By.tagName: h1'] and Actual [Welcome to the-internet]. Comparison Type [EQUALS]. Validation Type [POSITIVE]. @02-12-2021 01:53:17.0222 A
[ReportManager] Successfully Closed All Drivers. @02-12-2021 01:53:17.0651 A
[ReportManager] File Action [GetAbsolutePath] successfully performed. With the following test data [Relative Folder Path: "target/downloadedFiles/"]. @02-12-2021 01:53:17.0776 AM
[ReportManager] Attempting to run locally on: [Mac-64], [Safari], Headless Execution. @02-12-2021 01:53:17.0777 AM
[ReportManager] Successfully Opened Safari. @02-12-2021 01:53:18.0714 AM
[ReportManager] Initial window size: (800, 600) @02-12-2021 01:53:18.0734 AM
[ReportManager] Window size after SWD Maximize: (1176, 803) @02-12-2021 01:53:18.0753 AM
[ReportManager] Browser Action [MaximizeWindow] successfully performed. With the following test data [New screen size is now: (1176, 803)]. @02-12-2021 01:53:18.0754 AM
[ReportManager] Target URL: [https://the-internet.herokuapp.com/] @02-12-2021 01:53:18.0754 AM
[ReportManager] Initial URL: [] @02-12-2021 01:53:18.0816 AM
[ReportManager] Browser Action [NavigateToURL] successfully performed. With the following test data [https://the-internet.herokuapp.com/]. @02-12-2021 01:53:19.0979 A

################################################################################################################################################
Starting Execution:	[83 out of 146] test cases in the current suite
Test Method:		[testPackage01.Test_NewValidationHelper.f15]
################################################################################################################################################
[ReportManager] Element Action [GetText] successfully performed. With the following test data [Welcome to the-internet]. @02-12-2021 01:53:20.0148 AM
[ReportManager] Loaded Shared OpenCV @02-12-2021 01:53:20.0209 AM
[ReportManager] Assertion [ValidateElementAttribute] FAILED. Expected [Value Should not be 'Welcome' for the 'text' attribute, element locator 'By.tagName: h1'] and Actual [Welcome to the-internet]. Comparison Type [CONTAINS]. Validation Type [NEGATIVE]. @02-12-2021 01:53:20.0500 AM
[ReportManager] Successfully created attachment [Screenshot - 1638410000209_f15_ValidateElementAttribute_failed] @02-12-2021 01:53:20.0586 A
[ReportManager] Successfully Closed All Drivers. @02-12-2021 01:53:20.0841 A
[ReportManager] File Action [GetAbsolutePath] successfully performed. With the following test data [Relative Folder Path: "target/downloadedFiles/"]. @02-12-2021 01:53:20.0926 AM
[ReportManager] Attempting to run locally on: [Mac-64], [Safari], Headless Execution. @02-12-2021 01:53:20.0927 AM
[ReportManager] Successfully Opened Safari. @02-12-2021 01:53:21.0811 AM
[ReportManager] Initial window size: (800, 600) @02-12-2021 01:53:21.0836 AM
[ReportManager] Window size after SWD Maximize: (1176, 803) @02-12-2021 01:53:21.0870 AM
[ReportManager] Browser Action [MaximizeWindow] successfully performed. With the following test data [New screen size is now: (1176, 803)]. @02-12-2021 01:53:21.0871 AM
[ReportManager] Target URL: [https://the-internet.herokuapp.com/] @02-12-2021 01:53:21.0871 AM
[ReportManager] Initial URL: [] @02-12-2021 01:53:21.0919 AM
[ReportManager] Browser Action [NavigateToURL] successfully performed. With the following test data [https://the-internet.herokuapp.com/]. @02-12-2021 01:53:23.0086 A

################################################################################################################################################
Starting Execution:	[84 out of 146] test cases in the current suite
Test Method:		[testPackage01.Test_NewValidationHelper.f16]
################################################################################################################################################
[ReportManager] org.openqa.selenium.TimeoutException:
Expected condition failed: waiting for com.shaft.gui.element.ElementActionsHelper$$Lambda$623/0x0000000801133498@1ab63c78 (tried for 25 second(s) with 1000 milliseconds interval)
org.openqa.selenium.support.ui.FluentWait.timeoutException(FluentWait.java:263)
org.openqa.selenium.support.ui.FluentWait.until(FluentWait.java:231)
com.shaft.gui.element.ElementActionsHelper.waitForElementPresence(ElementActionsHelper.java:63)
com.shaft.gui.element.ElementActionsHelper.waitForElementPresence(ElementActionsHelper.java:41)
com.shaft.gui.element.WebDriverElementActions.getMatchingElementsCount(WebDriverElementActions.java:1470)
com.shaft.gui.element.WebDriverElementActions.identifyUniqueElement(WebDriverElementActions.java:1518)
com.shaft.gui.element.WebDriverElementActions.identifyUniqueElement(WebDriverElementActions.java:1316)
com.shaft.gui.element.WebDriverElementActions.getText(WebDriverElementActions.java:658)
com.shaft.gui.element.ElementActions.getText(ElementActions.java:311)
com.shaft.validation.ValidationsHelper.validateElementAttribute(ValidationsHelper.java:237)
com.shaft.validation.Assertions.assertElementAttribute(Assertions.java:201)
testPackage01.Test_NewValidationHelper.f16(Test_NewValidationHelper.java:181)
java.base/jdk.internal.reflect.NativeMethodAccessorImpl.invoke0(Native Method)
java.base/jdk.internal.reflect.NativeMethodAccessorImpl.invoke(NativeMethodAccessorImpl.java:77)
java.base/jdk.internal.reflect.DelegatingMethodAccessorImpl.invoke(DelegatingMethodAccessorImpl.java:43)
java.base/java.lang.reflect.Method.invoke(Method.java:568)
org.testng.internal.MethodInvocationHelper.invokeMethod(MethodInvocationHelper.java:133)
org.testng.internal.TestInvoker.invokeMethod(TestInvoker.java:598)
org.testng.internal.TestInvoker.invokeTestMethod(TestInvoker.java:173)
org.testng.internal.MethodRunner.runInSequence(MethodRunner.java:46)
org.testng.internal.TestInvoker$MethodInvocationAgent.invoke(TestInvoker.java:824)
org.testng.internal.TestInvoker.invokeTestMethods(TestInvoker.java:146)
org.testng.internal.TestMethodWorker.invokeTestMethods(TestMethodWorker.java:146)
org.testng.internal.TestMethodWorker.run(TestMethodWorker.java:128)
java.base/java.util.ArrayList.forEach(ArrayList.java:1511)
org.testng.TestRunner.privateRun(TestRunner.java:794)
org.testng.TestRunner.run(TestRunner.java:596)
org.testng.SuiteRunner.runTest(SuiteRunner.java:377)
org.testng.SuiteRunner.runSequentially(SuiteRunner.java:371)
org.testng.SuiteRunner.privateRun(SuiteRunner.java:332)
org.testng.SuiteRunner.run(SuiteRunner.java:276)
org.testng.SuiteRunnerWorker.runSuite(SuiteRunnerWorker.java:53)
org.testng.SuiteRunnerWorker.run(SuiteRunnerWorker.java:96)
org.testng.TestNG.runSuitesSequentially(TestNG.java:1212)
org.testng.TestNG.runSuitesLocally(TestNG.java:1134)
org.testng.TestNG.runSuites(TestNG.java:1063)
org.testng.TestNG.run(TestNG.java:1031)
org.apache.maven.surefire.testng.TestNGExecutor.run(TestNGExecutor.java:136)
org.apache.maven.surefire.testng.TestNGDirectoryTestSuite.executeMulti(TestNGDirectoryTestSuite.java:193)
org.apache.maven.surefire.testng.TestNGDirectoryTestSuite.execute(TestNGDirectoryTestSuite.java:94)
org.apache.maven.surefire.testng.TestNGProvider.invoke(TestNGProvider.java:145)
org.apache.maven.surefire.booter.ForkedBooter.runSuitesInProcess(ForkedBooter.java:428)
org.apache.maven.surefire.booter.ForkedBooter.execute(ForkedBooter.java:162)
org.apache.maven.surefire.booter.ForkedBooter.run(ForkedBooter.java:562)
org.apache.maven.surefire.booter.ForkedBooter.main(ForkedBooter.java:548)

Caused by: org.openqa.selenium.NoSuchElementException:
For documentation on this error, please visit: https://selenium.dev/exceptions/#no_such_element
Build info: version: '4.1.0', revision: '87802e897b'
System info: host: 'Mac-1638409675603.local', ip: '10.212.11.61', os.name: 'Mac OS X', os.arch: 'x86_64', os.version: '11.5', java.version: '17.0.1'
Driver info: org.openqa.selenium.safari.SafariDriver
Command: [1A2E97F5-42B8-4451-8310-FBF92F033D10, findElement {using=tag name, value=h3}]
Capabilities {acceptInsecureCerts: false, browserName: Safari, browserVersion: 15.1, goog:loggingPrefs: {browser: ALL, client: ALL, driver: ALL, performance: ALL, profiler: ALL, server: ALL}, javascriptEnabled: true, pageLoadStrategy: normal, platform: MAC, platformName: MAC, safari:automaticInspection: false, safari:automaticProfiling: false, safari:diagnose: false, safari:platformBuildVersion: 20G224, safari:platformVersion: 11.6.1, safari:useSimulator: false, setWindowRect: true, strictFileInteractability: false, timeouts: {pageLoad: 30000, script: 30000}, webkit:WebRTC: {DisableICECandidateFiltering: false, DisableInsecureMediaCapture: false}}
Session ID: 1A2E97F5-42B8-4451-8310-FBF92F033D10
jdk.internal.reflect.GeneratedConstructorAccessor70.newInstance(Unknown Source)
java.base/jdk.internal.reflect.DelegatingConstructorAccessorImpl.newInstance(DelegatingConstructorAccessorImpl.java:45)
java.base/java.lang.reflect.Constructor.newInstanceWithCaller(Constructor.java:499)
java.base/java.lang.reflect.Constructor.newInstance(Constructor.java:480)
org.openqa.selenium.remote.codec.w3c.W3CHttpResponseCodec.createException(W3CHttpResponseCodec.java:200)
org.openqa.selenium.remote.codec.w3c.W3CHttpResponseCodec.decode(W3CHttpResponseCodec.java:133)
org.openqa.selenium.remote.codec.w3c.W3CHttpResponseCodec.decode(W3CHttpResponseCodec.java:53)
org.openqa.selenium.remote.HttpCommandExecutor.execute(HttpCommandExecutor.java:184)
org.openqa.selenium.remote.service.DriverCommandExecutor.invokeExecute(DriverCommandExecutor.java:164)
org.openqa.selenium.remote.service.DriverCommandExecutor.execute(DriverCommandExecutor.java:139)
org.openqa.selenium.remote.RemoteWebDriver.execute(RemoteWebDriver.java:559)
org.openqa.selenium.remote.ElementLocation$ElementFinder$2.findElement(ElementLocation.java:162)
org.openqa.selenium.remote.ElementLocation.findElement(ElementLocation.java:60)
org.openqa.selenium.remote.RemoteWebDriver.findElement(RemoteWebDriver.java:383)
org.openqa.selenium.remote.RemoteWebDriver.findElement(RemoteWebDriver.java:375)
com.shaft.gui.element.ElementActionsHelper.lambda$waitForElementPresence$0(ElementActionsHelper.java:66)
org.openqa.selenium.support.ui.FluentWait.until(FluentWait.java:208)
com.shaft.gui.element.ElementActionsHelper.waitForElementPresence(ElementActionsHelper.java:63)
com.shaft.gui.element.ElementActionsHelper.waitForElementPresence(ElementActionsHelper.java:41)
com.shaft.gui.element.WebDriverElementActions.getMatchingElementsCount(WebDriverElementActions.java:1470)
com.shaft.gui.element.WebDriverElementActions.identifyUniqueElement(WebDriverElementActions.java:1518)
com.shaft.gui.element.WebDriverElementActions.identifyUniqueElement(WebDriverElementActions.java:1316)
com.shaft.gui.element.WebDriverElementActions.getText(WebDriverElementActions.java:658)
com.shaft.gui.element.ElementActions.getText(ElementActions.java:311)
com.shaft.validation.ValidationsHelper.validateElementAttribute(ValidationsHelper.java:237)
com.shaft.validation.Assertions.assertElementAttribute(Assertions.java:201)
testPackage01.Test_NewValidationHelper.f16(Test_NewValidationHelper.java:181)
java.base/jdk.internal.reflect.NativeMethodAccessorImpl.invoke0(Native Method)
java.base/jdk.internal.reflect.NativeMethodAccessorImpl.invoke(NativeMethodAccessorImpl.java:77)
java.base/jdk.internal.reflect.DelegatingMethodAccessorImpl.invoke(DelegatingMethodAccessorImpl.java:43)
java.base/java.lang.reflect.Method.invoke(Method.java:568)
org.testng.internal.MethodInvocationHelper.invokeMethod(MethodInvocationHelper.java:133)
org.testng.internal.TestInvoker.invokeMethod(TestInvoker.java:598)
org.testng.internal.TestInvoker.invokeTestMethod(TestInvoker.java:173)
org.testng.internal.MethodRunner.runInSequence(MethodRunner.java:46)
org.testng.internal.TestInvoker$MethodInvocationAgent.invoke(TestInvoker.java:824)
org.testng.internal.TestInvoker.invokeTestMethods(TestInvoker.java:146)
org.testng.internal.TestMethodWorker.invokeTestMethods(TestMethodWorker.java:146)
org.testng.internal.TestMethodWorker.run(TestMethodWorker.java:128)
java.base/java.util.ArrayList.forEach(ArrayList.java:1511)
org.testng.TestRunner.privateRun(TestRunner.java:794)
org.testng.TestRunner.run(TestRunner.java:596)
org.testng.SuiteRunner.runTest(SuiteRunner.java:377)
org.testng.SuiteRunner.runSequentially(SuiteRunner.java:371)
org.testng.SuiteRunner.privateRun(SuiteRunner.java:332)
org.testng.SuiteRunner.run(SuiteRunner.java:276)
org.testng.SuiteRunnerWorker.runSuite(SuiteRunnerWorker.java:53)
org.testng.SuiteRunnerWorker.run(SuiteRunnerWorker.java:96)
org.testng.TestNG.runSuitesSequentially(TestNG.java:1212)
org.testng.TestNG.runSuitesLocally(TestNG.java:1134)
org.testng.TestNG.runSuites(TestNG.java:1063)
org.testng.TestNG.run(TestNG.java:1031)
org.apache.maven.surefire.testng.TestNGExecutor.run(TestNGExecutor.java:136)
org.apache.maven.surefire.testng.TestNGDirectoryTestSuite.executeMulti(TestNGDirectoryTestSuite.java:193)
org.apache.maven.surefire.testng.TestNGDirectoryTestSuite.execute(TestNGDirectoryTestSuite.java:94)
org.apache.maven.surefire.testng.TestNGProvider.invoke(TestNGProvider.java:145)
org.apache.maven.surefire.booter.ForkedBooter.runSuitesInProcess(ForkedBooter.java:428)
org.apache.maven.surefire.booter.ForkedBooter.execute(ForkedBooter.java:162)
org.apache.maven.surefire.booter.ForkedBooter.run(ForkedBooter.java:562)
org.apache.maven.surefire.booter.ForkedBooter.main(ForkedBooter.java:548) @02-12-2021 01:53:48.0654 AM
[ReportManager] Element Action [IdentifyUniqueElement] failed. With the following test data [zero elements found matching this locator "By.tagName: h3".]. @02-12-2021 01:53:48.0851 AM
[ReportManager] Successfully created attachment [Screenshot - 1638410028684_f16_IdentifyUniqueElement_failed] @02-12-2021 01:53:48.0934 AM
[ReportManager] Assertion [ValidateElementAttribute] FAILED. Expected [Value Should not be 'Welcome' for the 'text' attribute, element locator 'By.tagName: h3'] and Actual [Failed to read the desired element attribute]. Comparison Type [CONTAINS]. Validation Type [NEGATIVE]. @02-12-2021 01:53:48.0935 A
[ReportManager] Successfully Closed All Drivers. @02-12-2021 01:53:49.0215 A
[ReportManager] File Action [GetAbsolutePath] successfully performed. With the following test data [Relative Folder Path: "target/downloadedFiles/"]. @02-12-2021 01:53:49.0341 AM
[ReportManager] Attempting to run locally on: [Mac-64], [Safari], Headless Execution. @02-12-2021 01:53:49.0341 AM
[ReportManager] Successfully Opened Safari. @02-12-2021 01:53:50.0246 AM
[ReportManager] Initial window size: (800, 600) @02-12-2021 01:53:50.0261 AM
[ReportManager] Window size after SWD Maximize: (1176, 803) @02-12-2021 01:53:50.0280 AM
[ReportManager] Browser Action [MaximizeWindow] successfully performed. With the following test data [New screen size is now: (1176, 803)]. @02-12-2021 01:53:50.0281 AM
[ReportManager] Target URL: [https://the-internet.herokuapp.com/] @02-12-2021 01:53:50.0281 AM
[ReportManager] Initial URL: [] @02-12-2021 01:53:50.0347 AM
[ReportManager] Browser Action [NavigateToURL] successfully performed. With the following test data [https://the-internet.herokuapp.com/]. @02-12-2021 01:53:51.0679 A

################################################################################################################################################
Starting Execution:	[85 out of 146] test cases in the current suite
Test Method:		[testPackage01.Test_NewValidationHelper.f17]
################################################################################################################################################
[ReportManager] Attempting to getAttribute [text2] from elementLocator [By.tagName: h1]. @02-12-2021 01:53:51.0948 AM
[ReportManager] Element Action [GetAttribute] successfully performed. @02-12-2021 01:53:52.0012 AM
[ReportManager] Loaded Shared OpenCV @02-12-2021 01:53:52.0094 AM
[ReportManager] Assertion [ValidateElementAttribute] PASSED. Expected [Value Should not be 'Welcome' for the 'text2' attribute, element locator 'By.tagName: h1'] and Actual [null]. Comparison Type [CONTAINS]. Validation Type [NEGATIVE]. @02-12-2021 01:53:52.0364 AM
[ReportManager] Successfully created attachment [Screenshot - 1638410032094_f17_ValidateElementAttribute_passed] @02-12-2021 01:53:52.0450 A
[ReportManager] Successfully Closed All Drivers. @02-12-2021 01:53:52.0738 A
[ReportManager] File Action [GetAbsolutePath] successfully performed. With the following test data [Relative Folder Path: "target/downloadedFiles/"]. @02-12-2021 01:53:52.0864 AM
[ReportManager] Attempting to run locally on: [Mac-64], [Safari], Headless Execution. @02-12-2021 01:53:52.0864 AM
[ReportManager] Successfully Opened Safari. @02-12-2021 01:53:53.0710 AM
[ReportManager] Initial window size: (800, 600) @02-12-2021 01:53:53.0736 AM
[ReportManager] Window size after SWD Maximize: (1176, 803) @02-12-2021 01:53:53.0753 AM
[ReportManager] Browser Action [MaximizeWindow] successfully performed. With the following test data [New screen size is now: (1176, 803)]. @02-12-2021 01:53:53.0753 AM
[ReportManager] Target URL: [https://the-internet.herokuapp.com/] @02-12-2021 01:53:53.0753 AM
[ReportManager] Initial URL: [] @02-12-2021 01:53:53.0845 AM
[ReportManager] Browser Action [NavigateToURL] successfully performed. With the following test data [https://the-internet.herokuapp.com/]. @02-12-2021 01:53:55.0068 A

################################################################################################################################################
Starting Execution:	[86 out of 146] test cases in the current suite
Test Method:		[testPackage01.Test_NewValidationHelper.f18]
################################################################################################################################################
[ReportManager] Element Action [GetText] successfully performed. With the following test data [Welcome to the-internet]. @02-12-2021 01:53:55.0203 AM
[ReportManager] Loaded Shared OpenCV @02-12-2021 01:53:55.0274 AM
[ReportManager] Assertion [ValidateElementAttribute] PASSED. Expected [Value Should not be 'no' for the 'text' attribute, element locator 'By.tagName: h1'] and Actual [Welcome to the-internet]. Comparison Type [CONTAINS]. Validation Type [NEGATIVE]. @02-12-2021 01:53:55.0485 AM
[ReportManager] Successfully created attachment [Screenshot - 1638410035274_f18_ValidateElementAttribute_passed] @02-12-2021 01:53:55.0568 A
[ReportManager] Successfully Closed All Drivers. @02-12-2021 01:53:55.0785 A

################################################################################################################################################
Starting Execution:	[87 out of 146] test cases in the current suite
Test Method:		[testPackage01.Test_NewValidationHelper.f2]
################################################################################################################################################
[ReportManager] Assertion Failed: Checking valid user data @02-12-2021 01:53:55.0826 AM
[ReportManager] Assertion [ValidateEquals] FAILED. Expected [1] and Actual [2]. Comparison Type [EQUALS]. Validation Type [POSITIVE]. @02-12-2021 01:53:55.0826 A
[ReportManager] File Action [GetAbsolutePath] successfully performed. With the following test data [Relative Folder Path: "target/downloadedFiles/"]. @02-12-2021 01:53:55.0829 AM
[ReportManager] Attempting to run locally on: [Mac-64], [Safari], Headless Execution. @02-12-2021 01:53:55.0830 AM
[ReportManager] Successfully Opened Safari. @02-12-2021 01:53:56.0724 AM
[ReportManager] Initial window size: (800, 600) @02-12-2021 01:53:56.0741 AM
[ReportManager] Window size after SWD Maximize: (1176, 803) @02-12-2021 01:53:56.0771 AM
[ReportManager] Browser Action [MaximizeWindow] successfully performed. With the following test data [New screen size is now: (1176, 803)]. @02-12-2021 01:53:56.0772 AM
[ReportManager] Target URL: [https://the-internet.herokuapp.com/] @02-12-2021 01:53:56.0772 AM
[ReportManager] Initial URL: [] @02-12-2021 01:53:56.0821 AM
[ReportManager] Browser Action [NavigateToURL] successfully performed. With the following test data [https://the-internet.herokuapp.com/]. @02-12-2021 01:53:58.0037 A

################################################################################################################################################
Starting Execution:	[88 out of 146] test cases in the current suite
Test Method:		[testPackage01.Test_NewValidationHelper.f20]
################################################################################################################################################
[ReportManager] Element Action [GetSize] successfully performed. With the following test data [(971, 62)]. @02-12-2021 01:53:58.0210 AM
[ReportManager] Loaded Shared OpenCV @02-12-2021 01:53:58.0275 AM
[ReportManager] Assertion [ValidateElementAttribute] PASSED. Expected [Value Should not be 'a' for the 'size' attribute, element locator 'By.tagName: h1'] and Actual [(971, 62)]. Comparison Type [CONTAINS]. Validation Type [NEGATIVE]. @02-12-2021 01:53:58.0545 AM
[ReportManager] Successfully created attachment [Screenshot - 1638410038275_f20_ValidateElementAttribute_passed] @02-12-2021 01:53:58.0629 A
[ReportManager] Successfully Closed All Drivers. @02-12-2021 01:53:58.0997 A
[ReportManager] File Action [GetAbsolutePath] successfully performed. With the following test data [Relative Folder Path: "target/downloadedFiles/"]. @02-12-2021 01:53:59.0121 AM
[ReportManager] Attempting to run locally on: [Mac-64], [Safari], Headless Execution. @02-12-2021 01:53:59.0121 AM
[ReportManager] Successfully Opened Safari. @02-12-2021 01:53:59.0996 AM
[ReportManager] Initial window size: (800, 600) @02-12-2021 01:54:00.0011 AM
[ReportManager] Window size after SWD Maximize: (1176, 803) @02-12-2021 01:54:00.0042 AM
[ReportManager] Browser Action [MaximizeWindow] successfully performed. With the following test data [New screen size is now: (1176, 803)]. @02-12-2021 01:54:00.0042 AM
[ReportManager] Target URL: [https://the-internet.herokuapp.com/] @02-12-2021 01:54:00.0042 AM
[ReportManager] Initial URL: [] @02-12-2021 01:54:00.0089 AM
[ReportManager] Browser Action [NavigateToURL] successfully performed. With the following test data [https://the-internet.herokuapp.com/]. @02-12-2021 01:54:01.0363 A

################################################################################################################################################
Starting Execution:	[89 out of 146] test cases in the current suite
Test Method:		[testPackage01.Test_NewValidationHelper.f21]
################################################################################################################################################
[ReportManager] org.openqa.selenium.TimeoutException:
Expected condition failed: waiting for com.shaft.gui.element.ElementActionsHelper$$Lambda$623/0x0000000801133498@5a1c721 (tried for 25 second(s) with 1000 milliseconds interval)
org.openqa.selenium.support.ui.FluentWait.timeoutException(FluentWait.java:263)
org.openqa.selenium.support.ui.FluentWait.until(FluentWait.java:231)
com.shaft.gui.element.ElementActionsHelper.waitForElementPresence(ElementActionsHelper.java:63)
com.shaft.gui.element.ElementActionsHelper.waitForElementPresence(ElementActionsHelper.java:41)
com.shaft.gui.element.WebDriverElementActions.getMatchingElementsCount(WebDriverElementActions.java:1470)
com.shaft.gui.element.WebDriverElementActions.identifyUniqueElement(WebDriverElementActions.java:1518)
com.shaft.gui.element.WebDriverElementActions.identifyUniqueElement(WebDriverElementActions.java:1316)
com.shaft.gui.element.WebDriverElementActions.getText(WebDriverElementActions.java:658)
com.shaft.gui.element.ElementActions.getText(ElementActions.java:311)
com.shaft.validation.ValidationsHelper.validateElementAttribute(ValidationsHelper.java:237)
com.shaft.validation.Assertions.assertElementAttribute(Assertions.java:201)
testPackage01.Test_NewValidationHelper.f21(Test_NewValidationHelper.java:210)
java.base/jdk.internal.reflect.NativeMethodAccessorImpl.invoke0(Native Method)
java.base/jdk.internal.reflect.NativeMethodAccessorImpl.invoke(NativeMethodAccessorImpl.java:77)
java.base/jdk.internal.reflect.DelegatingMethodAccessorImpl.invoke(DelegatingMethodAccessorImpl.java:43)
java.base/java.lang.reflect.Method.invoke(Method.java:568)
org.testng.internal.MethodInvocationHelper.invokeMethod(MethodInvocationHelper.java:133)
org.testng.internal.TestInvoker.invokeMethod(TestInvoker.java:598)
org.testng.internal.TestInvoker.invokeTestMethod(TestInvoker.java:173)
org.testng.internal.MethodRunner.runInSequence(MethodRunner.java:46)
org.testng.internal.TestInvoker$MethodInvocationAgent.invoke(TestInvoker.java:824)
org.testng.internal.TestInvoker.invokeTestMethods(TestInvoker.java:146)
org.testng.internal.TestMethodWorker.invokeTestMethods(TestMethodWorker.java:146)
org.testng.internal.TestMethodWorker.run(TestMethodWorker.java:128)
java.base/java.util.ArrayList.forEach(ArrayList.java:1511)
org.testng.TestRunner.privateRun(TestRunner.java:794)
org.testng.TestRunner.run(TestRunner.java:596)
org.testng.SuiteRunner.runTest(SuiteRunner.java:377)
org.testng.SuiteRunner.runSequentially(SuiteRunner.java:371)
org.testng.SuiteRunner.privateRun(SuiteRunner.java:332)
org.testng.SuiteRunner.run(SuiteRunner.java:276)
org.testng.SuiteRunnerWorker.runSuite(SuiteRunnerWorker.java:53)
org.testng.SuiteRunnerWorker.run(SuiteRunnerWorker.java:96)
org.testng.TestNG.runSuitesSequentially(TestNG.java:1212)
org.testng.TestNG.runSuitesLocally(TestNG.java:1134)
org.testng.TestNG.runSuites(TestNG.java:1063)
org.testng.TestNG.run(TestNG.java:1031)
org.apache.maven.surefire.testng.TestNGExecutor.run(TestNGExecutor.java:136)
org.apache.maven.surefire.testng.TestNGDirectoryTestSuite.executeMulti(TestNGDirectoryTestSuite.java:193)
org.apache.maven.surefire.testng.TestNGDirectoryTestSuite.execute(TestNGDirectoryTestSuite.java:94)
org.apache.maven.surefire.testng.TestNGProvider.invoke(TestNGProvider.java:145)
org.apache.maven.surefire.booter.ForkedBooter.runSuitesInProcess(ForkedBooter.java:428)
org.apache.maven.surefire.booter.ForkedBooter.execute(ForkedBooter.java:162)
org.apache.maven.surefire.booter.ForkedBooter.run(ForkedBooter.java:562)
org.apache.maven.surefire.booter.ForkedBooter.main(ForkedBooter.java:548)

Caused by: org.openqa.selenium.NoSuchElementException:
For documentation on this error, please visit: https://selenium.dev/exceptions/#no_such_element
Build info: version: '4.1.0', revision: '87802e897b'
System info: host: 'Mac-1638409675603.local', ip: '10.212.11.61', os.name: 'Mac OS X', os.arch: 'x86_64', os.version: '11.5', java.version: '17.0.1'
Driver info: org.openqa.selenium.safari.SafariDriver
Command: [EFD68BC0-A83B-4124-B1C0-567C17164177, findElement {using=tag name, value=h3}]
Capabilities {acceptInsecureCerts: false, browserName: Safari, browserVersion: 15.1, goog:loggingPrefs: {browser: ALL, client: ALL, driver: ALL, performance: ALL, profiler: ALL, server: ALL}, javascriptEnabled: true, pageLoadStrategy: normal, platform: MAC, platformName: MAC, safari:automaticInspection: false, safari:automaticProfiling: false, safari:diagnose: false, safari:platformBuildVersion: 20G224, safari:platformVersion: 11.6.1, safari:useSimulator: false, setWindowRect: true, strictFileInteractability: false, timeouts: {pageLoad: 30000, script: 30000}, webkit:WebRTC: {DisableICECandidateFiltering: false, DisableInsecureMediaCapture: false}}
Session ID: EFD68BC0-A83B-4124-B1C0-567C17164177
jdk.internal.reflect.GeneratedConstructorAccessor70.newInstance(Unknown Source)
java.base/jdk.internal.reflect.DelegatingConstructorAccessorImpl.newInstance(DelegatingConstructorAccessorImpl.java:45)
java.base/java.lang.reflect.Constructor.newInstanceWithCaller(Constructor.java:499)
java.base/java.lang.reflect.Constructor.newInstance(Constructor.java:480)
org.openqa.selenium.remote.codec.w3c.W3CHttpResponseCodec.createException(W3CHttpResponseCodec.java:200)
org.openqa.selenium.remote.codec.w3c.W3CHttpResponseCodec.decode(W3CHttpResponseCodec.java:133)
org.openqa.selenium.remote.codec.w3c.W3CHttpResponseCodec.decode(W3CHttpResponseCodec.java:53)
org.openqa.selenium.remote.HttpCommandExecutor.execute(HttpCommandExecutor.java:184)
org.openqa.selenium.remote.service.DriverCommandExecutor.invokeExecute(DriverCommandExecutor.java:164)
org.openqa.selenium.remote.service.DriverCommandExecutor.execute(DriverCommandExecutor.java:139)
org.openqa.selenium.remote.RemoteWebDriver.execute(RemoteWebDriver.java:559)
org.openqa.selenium.remote.ElementLocation$ElementFinder$2.findElement(ElementLocation.java:162)
org.openqa.selenium.remote.ElementLocation.findElement(ElementLocation.java:60)
org.openqa.selenium.remote.RemoteWebDriver.findElement(RemoteWebDriver.java:383)
org.openqa.selenium.remote.RemoteWebDriver.findElement(RemoteWebDriver.java:375)
com.shaft.gui.element.ElementActionsHelper.lambda$waitForElementPresence$0(ElementActionsHelper.java:66)
org.openqa.selenium.support.ui.FluentWait.until(FluentWait.java:208)
com.shaft.gui.element.ElementActionsHelper.waitForElementPresence(ElementActionsHelper.java:63)
com.shaft.gui.element.ElementActionsHelper.waitForElementPresence(ElementActionsHelper.java:41)
com.shaft.gui.element.WebDriverElementActions.getMatchingElementsCount(WebDriverElementActions.java:1470)
com.shaft.gui.element.WebDriverElementActions.identifyUniqueElement(WebDriverElementActions.java:1518)
com.shaft.gui.element.WebDriverElementActions.identifyUniqueElement(WebDriverElementActions.java:1316)
com.shaft.gui.element.WebDriverElementActions.getText(WebDriverElementActions.java:658)
com.shaft.gui.element.ElementActions.getText(ElementActions.java:311)
com.shaft.validation.ValidationsHelper.validateElementAttribute(ValidationsHelper.java:237)
com.shaft.validation.Assertions.assertElementAttribute(Assertions.java:201)
testPackage01.Test_NewValidationHelper.f21(Test_NewValidationHelper.java:210)
java.base/jdk.internal.reflect.NativeMethodAccessorImpl.invoke0(Native Method)
java.base/jdk.internal.reflect.NativeMethodAccessorImpl.invoke(NativeMethodAccessorImpl.java:77)
java.base/jdk.internal.reflect.DelegatingMethodAccessorImpl.invoke(DelegatingMethodAccessorImpl.java:43)
java.base/java.lang.reflect.Method.invoke(Method.java:568)
org.testng.internal.MethodInvocationHelper.invokeMethod(MethodInvocationHelper.java:133)
org.testng.internal.TestInvoker.invokeMethod(TestInvoker.java:598)
org.testng.internal.TestInvoker.invokeTestMethod(TestInvoker.java:173)
org.testng.internal.MethodRunner.runInSequence(MethodRunner.java:46)
org.testng.internal.TestInvoker$MethodInvocationAgent.invoke(TestInvoker.java:824)
org.testng.internal.TestInvoker.invokeTestMethods(TestInvoker.java:146)
org.testng.internal.TestMethodWorker.invokeTestMethods(TestMethodWorker.java:146)
org.testng.internal.TestMethodWorker.run(TestMethodWorker.java:128)
java.base/java.util.ArrayList.forEach(ArrayList.java:1511)
org.testng.TestRunner.privateRun(TestRunner.java:794)
org.testng.TestRunner.run(TestRunner.java:596)
org.testng.SuiteRunner.runTest(SuiteRunner.java:377)
org.testng.SuiteRunner.runSequentially(SuiteRunner.java:371)
org.testng.SuiteRunner.privateRun(SuiteRunner.java:332)
org.testng.SuiteRunner.run(SuiteRunner.java:276)
org.testng.SuiteRunnerWorker.runSuite(SuiteRunnerWorker.java:53)
org.testng.SuiteRunnerWorker.run(SuiteRunnerWorker.java:96)
org.testng.TestNG.runSuitesSequentially(TestNG.java:1212)
org.testng.TestNG.runSuitesLocally(TestNG.java:1134)
org.testng.TestNG.runSuites(TestNG.java:1063)
org.testng.TestNG.run(TestNG.java:1031)
org.apache.maven.surefire.testng.TestNGExecutor.run(TestNGExecutor.java:136)
org.apache.maven.surefire.testng.TestNGDirectoryTestSuite.executeMulti(TestNGDirectoryTestSuite.java:193)
org.apache.maven.surefire.testng.TestNGDirectoryTestSuite.execute(TestNGDirectoryTestSuite.java:94)
org.apache.maven.surefire.testng.TestNGProvider.invoke(TestNGProvider.java:145)
org.apache.maven.surefire.booter.ForkedBooter.runSuitesInProcess(ForkedBooter.java:428)
org.apache.maven.surefire.booter.ForkedBooter.execute(ForkedBooter.java:162)
org.apache.maven.surefire.booter.ForkedBooter.run(ForkedBooter.java:562)
org.apache.maven.surefire.booter.ForkedBooter.main(ForkedBooter.java:548) @02-12-2021 01:54:27.0265 AM
[ReportManager] Element Action [IdentifyUniqueElement] failed. With the following test data [zero elements found matching this locator "By.tagName: h3".]. @02-12-2021 01:54:27.0468 AM
[ReportManager] Successfully created attachment [Screenshot - 1638410067291_f21_IdentifyUniqueElement_failed] @02-12-2021 01:54:27.0557 AM
[ReportManager] Assertion [ValidateElementAttribute] FAILED. Expected [Value Should be 'Welcome' for the 'text' attribute, element locator 'By.tagName: h3'] and Actual [Failed to read the desired element attribute]. Comparison Type [CONTAINS]. Validation Type [POSITIVE]. @02-12-2021 01:54:27.0558 A
[ReportManager] Successfully Closed All Drivers. @02-12-2021 01:54:27.0836 A
[ReportManager] File Action [GetAbsolutePath] successfully performed. With the following test data [Relative Folder Path: "target/downloadedFiles/"]. @02-12-2021 01:54:27.0962 AM
[ReportManager] Attempting to run locally on: [Mac-64], [Safari], Headless Execution. @02-12-2021 01:54:27.0962 AM
[ReportManager] Successfully Opened Safari. @02-12-2021 01:54:28.0949 AM
[ReportManager] Initial window size: (800, 600) @02-12-2021 01:54:28.0969 AM
[ReportManager] Window size after SWD Maximize: (1176, 803) @02-12-2021 01:54:29.0002 AM
[ReportManager] Browser Action [MaximizeWindow] successfully performed. With the following test data [New screen size is now: (1176, 803)]. @02-12-2021 01:54:29.0002 AM
[ReportManager] Target URL: [https://the-internet.herokuapp.com/] @02-12-2021 01:54:29.0002 AM
[ReportManager] Initial URL: [] @02-12-2021 01:54:29.0055 AM
[ReportManager] Browser Action [NavigateToURL] successfully performed. With the following test data [https://the-internet.herokuapp.com/]. @02-12-2021 01:54:30.0481 A

################################################################################################################################################
Starting Execution:	[90 out of 146] test cases in the current suite
Test Method:		[testPackage01.Test_NewValidationHelper.f22]
################################################################################################################################################
[ReportManager] Element Action [GetText] successfully performed. With the following test data [Welcome to the-internet]. @02-12-2021 01:54:30.0662 AM
[ReportManager] Loaded Shared OpenCV @02-12-2021 01:54:30.0738 AM
[ReportManager] Assertion [ValidateElementAttribute] FAILED. Expected [Value Should be 'yyy' for the 'text' attribute, element locator 'By.tagName: h1'] and Actual [Welcome to the-internet]. Comparison Type [CONTAINS]. Validation Type [POSITIVE]. @02-12-2021 01:54:31.0027 AM
[ReportManager] Successfully created attachment [Screenshot - 1638410070738_f22_ValidateElementAttribute_failed] @02-12-2021 01:54:31.0111 A
[ReportManager] Successfully Closed All Drivers. @02-12-2021 01:54:31.0400 A

################################################################################################################################################
Starting Execution:	[91 out of 146] test cases in the current suite
Test Method:		[testPackage01.Test_NewValidationHelper.f23]
################################################################################################################################################
[ReportManager] Assertion Passed: confirming that the actual is greater than or equal to the expected @02-12-2021 01:54:31.0528 AM
[ReportManager] Assertion [ValidateComparativeRelation] PASSED. Expected [1] and Actual [1]. Comparison Type [GREATER_THAN_OR_EQUALS]. Validation Type [POSITIVE]. @02-12-2021 01:54:31.0528 A

################################################################################################################################################
Starting Execution:	[92 out of 146] test cases in the current suite
Test Method:		[testPackage01.Test_NewValidationHelper.f24]
################################################################################################################################################
[ReportManager] Assertion [ValidateComparativeRelation] PASSED. Expected [1] and Actual [10]. Comparison Type [GREATER_THAN_OR_EQUALS]. Validation Type [POSITIVE]. @02-12-2021 01:54:31.0654 A

################################################################################################################################################
Starting Execution:	[93 out of 146] test cases in the current suite
Test Method:		[testPackage01.Test_NewValidationHelper.f25]
################################################################################################################################################
[ReportManager] Assertion [ValidateComparativeRelation] PASSED. Expected [1] and Actual [1]. Comparison Type [EQUALS]. Validation Type [POSITIVE]. @02-12-2021 01:54:31.0775 A

################################################################################################################################################
Starting Execution:	[94 out of 146] test cases in the current suite
Test Method:		[testPackage01.Test_NewValidationHelper.f26]
################################################################################################################################################
[ReportManager] Assertion [ValidateComparativeRelation] PASSED. Expected [1] and Actual [5]. Comparison Type [GREATER_THAN]. Validation Type [POSITIVE]. @02-12-2021 01:54:31.0901 A

################################################################################################################################################
Starting Execution:	[95 out of 146] test cases in the current suite
Test Method:		[testPackage01.Test_NewValidationHelper.f27]
################################################################################################################################################
[ReportManager] Assertion [ValidateComparativeRelation] PASSED. Expected [11] and Actual [5]. Comparison Type [LESS_THAN]. Validation Type [POSITIVE]. @02-12-2021 01:54:32.0027 A

################################################################################################################################################
Starting Execution:	[96 out of 146] test cases in the current suite
Test Method:		[testPackage01.Test_NewValidationHelper.f28]
################################################################################################################################################
[ReportManager] Assertion [ValidateComparativeRelation] PASSED. Expected [11] and Actual [5]. Comparison Type [LESS_THAN_OR_EQUALS]. Validation Type [POSITIVE]. @02-12-2021 01:54:32.0153 A

################################################################################################################################################
Starting Execution:	[97 out of 146] test cases in the current suite
Test Method:		[testPackage01.Test_NewValidationHelper.f29]
################################################################################################################################################
[ReportManager] Assertion [ValidateComparativeRelation] PASSED. Expected [11] and Actual [11]. Comparison Type [LESS_THAN_OR_EQUALS]. Validation Type [POSITIVE]. @02-12-2021 01:54:32.0279 A

################################################################################################################################################
Starting Execution:	[98 out of 146] test cases in the current suite
Test Method:		[testPackage01.Test_NewValidationHelper.f3]
################################################################################################################################################
[ReportManager] Assertion [ValidateEquals] PASSED. Expected [1] and Actual [2]. Comparison Type [EQUALS]. Validation Type [NEGATIVE]. @02-12-2021 01:54:32.0406 A

################################################################################################################################################
Starting Execution:	[99 out of 146] test cases in the current suite
Test Method:		[testPackage01.Test_NewValidationHelper.f30]
################################################################################################################################################
[ReportManager] Assertion [ValidateComparativeRelation] FAILED. Expected [-9] and Actual [11]. Comparison Type [LESS_THAN_OR_EQUALS]. Validation Type [POSITIVE]. @02-12-2021 01:54:32.0535 A

################################################################################################################################################
Starting Execution:	[100 out of 146] test cases in the current suite
Test Method:		[testPackage01.Test_NewValidationHelper.f31]
################################################################################################################################################
[ReportManager] Assertion [ValidateTrue] PASSED. Expected [TRUE] and Actual [TRUE]. Validation Type [POSITIVE]. @02-12-2021 01:54:32.0660 A

################################################################################################################################################
Starting Execution:	[101 out of 146] test cases in the current suite
Test Method:		[testPackage01.Test_NewValidationHelper.f32]
################################################################################################################################################
[ReportManager] Assertion [ValidateTrue] PASSED. Expected [FALSE] and Actual [FALSE]. Validation Type [NEGATIVE]. @02-12-2021 01:54:32.0789 A

################################################################################################################################################
Starting Execution:	[102 out of 146] test cases in the current suite
Test Method:		[testPackage01.Test_NewValidationHelper.f33]
################################################################################################################################################
[ReportManager] Assertion [ValidateTrue] FAILED. Expected [FALSE] and Actual [TRUE]. Validation Type [NEGATIVE]. @02-12-2021 01:54:32.0916 A

################################################################################################################################################
Starting Execution:	[103 out of 146] test cases in the current suite
Test Method:		[testPackage01.Test_NewValidationHelper.f34]
################################################################################################################################################
[ReportManager] Assertion [ValidateTrue] FAILED. Expected [TRUE] and Actual [FALSE]. Validation Type [POSITIVE]. @02-12-2021 01:54:33.0042 A

################################################################################################################################################
Starting Execution:	[104 out of 146] test cases in the current suite
Test Method:		[testPackage01.Test_NewValidationHelper.f35]
################################################################################################################################################
[ReportManager] File Action [DoesFileExist] successfully performed. With the following test data [File Path: "pom.xml"]. @02-12-2021 01:54:33.0169 AM
[ReportManager] Assertion [ValidateFileExists] PASSED. Expected [File 'pom.xml' should exist, after up to '1' retries] and Actual [File exists]. Validation Type [POSITIVE]. @02-12-2021 01:54:33.0175 A

################################################################################################################################################
Starting Execution:	[105 out of 146] test cases in the current suite
Test Method:		[testPackage01.Test_NewValidationHelper.f36]
################################################################################################################################################
[ReportManager] File Action [DoesFileExist] successfully performed. With the following test data [File Path: "src/test/java/testPackage01/Test_NewValidationHelper.java"]. @02-12-2021 01:54:33.0301 AM
[ReportManager] Assertion [ValidateFileExists] PASSED. Expected [File 'src/test/java/testPackage01/Test_NewValidationHelper.java' should exist, after up to '1' retries] and Actual [File exists]. Validation Type [POSITIVE]. @02-12-2021 01:54:33.0301 A

################################################################################################################################################
Starting Execution:	[106 out of 146] test cases in the current suite
Test Method:		[testPackage01.Test_NewValidationHelper.f37]
################################################################################################################################################
[ReportManager] File Action [DoesFileExist] successfully performed. With the following test data [File Path: "pom.xml"]. @02-12-2021 01:54:33.0428 AM
[ReportManager] Assertion Failed: confirming that the file does't exist after 5 retries @02-12-2021 01:54:33.0428 AM
[ReportManager] Assertion [ValidateFileExists] FAILED. Expected [File 'pom.xml' should not exist, after up to '5' retries] and Actual [File exists]. Validation Type [NEGATIVE]. @02-12-2021 01:54:33.0428 A

################################################################################################################################################
Starting Execution:	[107 out of 146] test cases in the current suite
Test Method:		[testPackage01.Test_NewValidationHelper.f3_1]
################################################################################################################################################
[ReportManager] Assertion Passed: Checking valid user data @02-12-2021 01:54:33.0554 AM
[ReportManager] Assertion [ValidateEquals] PASSED. Expected [null] and Actual [null]. Comparison Type [EQUALS]. Validation Type [POSITIVE]. @02-12-2021 01:54:33.0554 A

################################################################################################################################################
Starting Execution:	[108 out of 146] test cases in the current suite
Test Method:		[testPackage01.Test_NewValidationHelper.f4]
################################################################################################################################################
[ReportManager] Assertion [ValidateEquals] PASSED. Expected [1] and Actual [123]. Comparison Type [CONTAINS]. Validation Type [POSITIVE]. @02-12-2021 01:54:33.0681 A

################################################################################################################################################
Starting Execution:	[109 out of 146] test cases in the current suite
Test Method:		[testPackage01.Test_NewValidationHelper.f5]
################################################################################################################################################
[ReportManager] Assertion [ValidateNull] PASSED. Expected [NULL] and Actual [1]. Comparison Type [EQUALS]. Validation Type [NEGATIVE]. @02-12-2021 01:54:33.0807 A

################################################################################################################################################
Starting Execution:	[110 out of 146] test cases in the current suite
Test Method:		[testPackage01.Test_NewValidationHelper.f6]
################################################################################################################################################
[ReportManager] Assertion Failed: Making sure that null string is not equal to null object @02-12-2021 01:54:33.0935 AM
[ReportManager] Assertion [ValidateNull] FAILED. Expected [NULL] and Actual [NULL]. Comparison Type [EQUALS]. Validation Type [POSITIVE]. @02-12-2021 01:54:33.0935 A

################################################################################################################################################
Starting Execution:	[111 out of 146] test cases in the current suite
Test Method:		[testPackage01.Test_NewValidationHelper.f6_1]
################################################################################################################################################
[ReportManager] Assertion [ValidateNull] FAILED. Expected [NULL] and Actual [NULL]. Comparison Type [EQUALS]. Validation Type [NEGATIVE]. @02-12-2021 01:54:34.0140 A

################################################################################################################################################
Starting Execution:	[112 out of 146] test cases in the current suite
Test Method:		[testPackage01.Test_NewValidationHelper.f6_2]
################################################################################################################################################
[ReportManager] Assertion Failed: Making sure that null string is not equal to null object @02-12-2021 01:54:34.0270 AM
[ReportManager] Assertion [ValidateNull] FAILED. Expected [NULL] and Actual [not null]. Comparison Type [EQUALS]. Validation Type [POSITIVE]. @02-12-2021 01:54:34.0270 A

################################################################################################################################################
Starting Execution:	[113 out of 146] test cases in the current suite
Test Method:		[testPackage01.Test_NewValidationHelper.f7]
################################################################################################################################################
[ReportManager] Assertion [ValidateNull] PASSED. Expected [NULL] and Actual [NULL]. Comparison Type [EQUALS]. Validation Type [POSITIVE]. @02-12-2021 01:54:34.0395 A
[ReportManager] File Action [GetAbsolutePath] successfully performed. With the following test data [Relative Folder Path: "target/downloadedFiles/"]. @02-12-2021 01:54:34.0522 AM
[ReportManager] Attempting to run locally on: [Mac-64], [Safari], Headless Execution. @02-12-2021 01:54:34.0523 AM
[ReportManager] An Exception Occured with this Message: Could not start a new session. Possible causes are invalid address of the remote server or browser start-up failure.. @02-12-2021 01:54:34.0588 AM
[ReportManager] Successfully created attachment [Exception Stack Trace - org.openqa.selenium.SessionNotCreatedException] @02-12-2021 01:54:34.0629 AM
[ReportManager] Driver Factory Action [createNewLocalDriverInstanceForSafari] failed. With the following test data [Failed to create a session on DESKTOP_SAFARI]. @02-12-2021 01:54:34.0629 A

################################################################################################################################################
Starting Execution:	[114 out of 146] test cases in the current suite
Test Method:		[testPackage01.Test_NewValidationHelper.f8]
###############################################################################################################################################



################################################################################################################################################
Starting Execution:	[115 out of 146] test cases in the current suite
Test Method:		[testPackage01.Test_NewValidationHelper.f9]
###############################################################################################################################################


################################################################################################################################################
Starting Execution:	[116 out of 146] test cases in the current suite
Test Method:		[testPackage01.Test_NewValidationHelper.forceFail]
###############################################################################################################################################

################################################################################################################################################
Starting Execution:	[117 out of 146] test cases in the current suite
Test Method:		[testPackage01.Test_NewValidationHelper.forceFail2]
###############################################################################################################################################

################################################################################################################################################
Starting Execution:	[118 out of 146] test cases in the current suite
Test Method:		[testPackage01.Test_JsonActions.f]
###############################################################################################################################################

################################################################################################################################################
Starting Execution:	[119 out of 146] test cases in the current suite
Test Method:		[testPackage01.Test_JsonActions.f2]
###############################################################################################################################################

################################################################################################################################################
Starting Execution:	[120 out of 146] test cases in the current suite
Test Method:		[testPackage01.Test_sendGraphqlRequest.sendGraphqlRequestUsingMutationAndVariables]
################################################################################################################################################
[ReportManager] GraphQl Request is being Performed with the Following Parameters [Service URL: https://api.spacex.land/graphql | Request Body: {"variables":"{\"name\": \"sherlock holmes\",\"rocket\": \"221B Baker Street\"}","query":"mutation ($name: String, $rocket: String) {\n  insert_users(objects: {name: $name, rocket: $rocket}) {\n    returning {\n      name\n      rocket\n    }\n  }\n}"}] @02-12-2021 01:54:35.0921 AM
[ReportManager] Response status code: [200], status line: [HTTP/1.1 200 OK] @02-12-2021 01:54:36.0483 AM
[ReportManager] Assertion Passed: Evaluating the actual response status code against the expected one... @02-12-2021 01:54:36.0484 AM
[ReportManager] Assertion [ValidateComparativeRelation] PASSED. Expected [200] and Actual [200]. Comparison Type [EQUALS]. Validation Type [POSITIVE]. @02-12-2021 01:54:36.0484 AM
[ReportManager] API Action [PerformRequest] successfully performed. With the following test data [Request Type: "POST" | Target Status Code: "200" | Service URL: "https://api.spacex.land/graphql" | Content Type: "application/json" | Response Time: "460ms"]. @02-12-2021 01:54:36.0516 AM
[ReportManager] Successfully created attachment [API Request - Specifications] @02-12-2021 01:54:36.0558 AM
[ReportManager] Successfully created attachment [API Request - JSON Body] @02-12-2021 01:54:36.0641 AM
[ReportManager] Successfully created attachment [API Response - JSON Body] @02-12-2021 01:54:36.0683 AM
[ReportManager] API Action [GetResponseJSONValue] successfully performed. With the following test data [data.insert_users.returning[0].name]. @02-12-2021 01:54:36.0744 AM
[ReportManager] Assertion [ValidateEquals] PASSED. Expected [sherlock holmes] and Actual [sherlock holmes]. Comparison Type [EQUALS]. Validation Type [POSITIVE]. @02-12-2021 01:54:36.0745 A

################################################################################################################################################
Starting Execution:	[121 out of 146] test cases in the current suite
Test Method:		[testPackage01.Test_sendGraphqlRequest.sendGraphqlRequestUsingQuery]
################################################################################################################################################
[ReportManager] GraphQl Request is being Performed with the Following Parameters [Service URL: https://api.spacex.land/graphql | Request Body: {"query":"{company {ceo}}"}] @02-12-2021 01:54:36.0873 AM
[ReportManager] Response status code: [200], status line: [HTTP/1.1 200 OK] @02-12-2021 01:54:37.0151 AM
[ReportManager] Assertion Passed: Evaluating the actual response status code against the expected one... @02-12-2021 01:54:37.0153 AM
[ReportManager] Assertion [ValidateComparativeRelation] PASSED. Expected [200] and Actual [200]. Comparison Type [EQUALS]. Validation Type [POSITIVE]. @02-12-2021 01:54:37.0153 AM
[ReportManager] API Action [PerformRequest] successfully performed. With the following test data [Request Type: "POST" | Target Status Code: "200" | Service URL: "https://api.spacex.land/graphql" | Content Type: "application/json" | Response Time: "273ms"]. @02-12-2021 01:54:37.0171 AM
[ReportManager] Successfully created attachment [API Request - Specifications] @02-12-2021 01:54:37.0212 AM
[ReportManager] Successfully created attachment [API Request - JSON Body] @02-12-2021 01:54:37.0294 AM
[ReportManager] Successfully created attachment [API Response - JSON Body] @02-12-2021 01:54:37.0337 AM
[ReportManager] API Action [GetResponseJSONValue] successfully performed. With the following test data [data.company.ceo]. @02-12-2021 01:54:37.0353 AM
[ReportManager] Assertion [ValidateEquals] PASSED. Expected [Elon Musk] and Actual [Elon Musk]. Comparison Type [EQUALS]. Validation Type [POSITIVE]. @02-12-2021 01:54:37.0354 A

################################################################################################################################################
Starting Execution:	[122 out of 146] test cases in the current suite
Test Method:		[testPackage01.Test_MatchJsonSchema.checkAPI_ResponseSchema]
################################################################################################################################################
[ReportManager] Response status code: [200], status line: [HTTP/1.1 200 OK] @02-12-2021 01:54:37.0652 AM
[ReportManager] Assertion Passed: Evaluating the actual response status code against the expected one... @02-12-2021 01:54:37.0652 AM
[ReportManager] Assertion [ValidateComparativeRelation] PASSED. Expected [200] and Actual [200]. Comparison Type [EQUALS]. Validation Type [POSITIVE]. @02-12-2021 01:54:37.0652 AM
[ReportManager] API Action [PerformRequest] successfully performed. With the following test data [Request Type: "GET" | Target Status Code: "200" | Service URL: "http://api.zippopotam.us/us/90210" | Content Type: "*/*" | Response Time: "161ms"]. @02-12-2021 01:54:37.0669 AM
[ReportManager] Successfully created attachment [API Request - Specifications] @02-12-2021 01:54:37.0710 AM
[ReportManager] Successfully created attachment [API Response - JSON Body] @02-12-2021 01:54:37.0792 AM
[ReportManager] File Action [GetAbsolutePath] successfully performed. With the following test data [Relative Folder Path: "src/test/resources/testDataFiles/schema.json"]. @02-12-2021 01:54:37.0794 AM
[ReportManager] File Action [GetAbsolutePath] successfully performed. With the following test data [Relative Folder Path: "/Users/runner/work/SHAFT_ENGINE/SHAFT_ENGINE/src/test/resources/testDataFiles/schema.json"]. @02-12-2021 01:54:39.0017 AM
[ReportManager] File Action [ReadFromFile] successfully performed. With the following test data [File Path: "/Users/runner/work/SHAFT_ENGINE/SHAFT_ENGINE/src/test/resources/testDataFiles/schema.json"]. @02-12-2021 01:54:39.0018 AM
[ReportManager] Assertion Passed: Then I Assert that the API response schema matches that in this file [src/test/resources/testDataFiles/schema.json]. @02-12-2021 01:54:39.0019 AM
[ReportManager] Successfully created attachment [Validation Test Data - Expected JSON Value] @02-12-2021 01:54:39.0061 AM
[ReportManager] Successfully created attachment [Validation Test Data - Actual JSON Value] @02-12-2021 01:54:39.0142 AM
[ReportManager] Assertion [ValidateResponseFileSchema] PASSED. Expected [Response data should match the JSON File in this path '/Users/runner/work/SHAFT_ENGINE/SHAFT_ENGINE/src/test/resources/testDataFiles/schema.json'] and Actual [TRUE]. Comparison Type [EQUALS]. Validation Type [POSITIVE]. @02-12-2021 01:54:39.0142 A
[ReportManager] File Action [GetAbsolutePath] successfully performed. With the following test data [Relative Folder Path: "target/downloadedFiles/"]. @02-12-2021 01:54:39.0187 AM
[ReportManager] Attempting to run locally on: [Mac-64], [Safari], Headless Execution. @02-12-2021 01:54:39.0187 AM
[ReportManager] An Exception Occured with this Message: Could not start a new session. Possible causes are invalid address of the remote server or browser start-up failure.. @02-12-2021 01:54:39.0399 AM
[ReportManager] Successfully created attachment [Exception Stack Trace - org.openqa.selenium.SessionNotCreatedException] @02-12-2021 01:54:39.0444 AM
[ReportManager] Driver Factory Action [createNewLocalDriverInstanceForSafari] failed. With the following test data [Failed to create a session on DESKTOP_SAFARI]. @02-12-2021 01:54:39.0445 A

################################################################################################################################################
Starting Execution:	[123 out of 146] test cases in the current suite
Test Method:		[testPackage01.Test_dragAndDrop.dragAndDropJquery]
###############################################################################################################################################



################################################################################################################################################
Starting Execution:	[124 out of 146] test cases in the current suite
Test Method:		[testPackage01.Test_dragAndDrop.dragAndDrop]
Test Description:	[TC001 - Test Drag and Drop function.]
###############################################################################################################################################



################################################################################################################################################
Starting Execution:	[125 out of 146] test cases in the current suite
Test Method:		[testPackage01.Test_dragAndDrop.dragAndDropByOffset]
Test Description:	[TC002 - Test Drag and Drop by offset function.]
###############################################################################################################################################

[ReportManager] Successfully loaded the following test data file [src/test/resources/testDataFiles/testSuite01/TestData.xlsx]. @02-12-2021 01:54:39.0591 AM
[ReportManager] Successfully created attachment [Test Data - Excel] @02-12-2021 01:54:39.0632 AM
[ReportManager] File Action [GetAbsolutePath] successfully performed. With the following test data [Relative Folder Path: "target/downloadedFiles/"]. @02-12-2021 01:54:39.0633 AM
[ReportManager] Attempting to run locally on: [Mac-64], [Safari], Headless Execution. @02-12-2021 01:54:39.0633 AM
[ReportManager] Successfully Opened Safari. @02-12-2021 01:54:40.0500 AM
[ReportManager] Initial window size: (800, 600) @02-12-2021 01:54:40.0515 AM
[ReportManager] Window size after SWD Maximize: (1176, 803) @02-12-2021 01:54:40.0542 AM
[ReportManager] Browser Action [MaximizeWindow] successfully performed. With the following test data [New screen size is now: (1176, 803)]. @02-12-2021 01:54:40.0543 A

################################################################################################################################################
Starting Execution:	[126 out of 146] test cases in the current suite
Test Method:		[testPackage01.Test_google.navigateToURLandVerifyGoogleLogoIsDisplayed]
Test Description:	[TC001 - Navigate to URL and Verify Google Logo is Displayed]
################################################################################################################################################
[ReportManager] Target URL: [https://www.google.com/ncr], and after redirection: [https://www.google.com] @02-12-2021 01:54:40.0608 AM
[ReportManager] Initial URL: [] @02-12-2021 01:54:40.0830 AM
[ReportManager] Browser Action [NavigateToURL] successfully performed. With the following test data [https://www.google.com/ncr]. @02-12-2021 01:54:42.0830 AM
[ReportManager] Loaded Shared OpenCV @02-12-2021 01:54:42.0905 AM
[ReportManager] Assertion Passed: Then I Assert that the element found by [By.xpath: //*[@id='hplogo' or @alt='Google']] exists. @02-12-2021 01:54:43.0184 AM
[ReportManager] Successfully created attachment [Screenshot - 1638410082905_navigateToURLandVerifyGoogleLogoIsDisplayed_ValidateElementExists_passed] @02-12-2021 01:54:43.0268 AM
[ReportManager] Assertion [ValidateElementExists] PASSED. Expected [Element Should Exist, locator 'By.xpath: //*[@id='hplogo' or @alt='Google']'] and Actual [Element Exists]. Comparison Type [EQUALS]. Validation Type [POSITIVE]. @02-12-2021 01:54:43.0268 A

################################################################################################################################################
Starting Execution:	[127 out of 146] test cases in the current suite
Test Method:		[testPackage01.Test_google.searchForQueryandAssertResultsNumDisplayed]
Test Description:	[TC002 - Search for Query and Assert that the number of results is displayed]
################################################################################################################################################
[ReportManager] Element Action [Type] successfully performed. With the following test data [SHAFT_Engine]. @02-12-2021 01:54:43.0553 AM
[ReportManager] Element Action [KeyPress] successfully performed. With the following test data [Enter]. @02-12-2021 01:54:43.0616 AM
[ReportManager] Element Action [GetText] successfully performed. With the following test data [About 845,000 results (0.67 seconds)Â ]. @02-12-2021 01:54:44.0682 AM
[ReportManager] Loaded Shared OpenCV @02-12-2021 01:54:45.0458 AM
[ReportManager] Assertion Passed: Then I Assert that the element found by [By.id: appbar] text does not equal []. @02-12-2021 01:54:45.0755 AM
[ReportManager] Successfully created attachment [Screenshot - 1638410085458_searchForQueryandAssertResultsNumDisplayed_ValidateElementAttribute_passed] @02-12-2021 01:54:45.0839 AM
[ReportManager] Assertion [ValidateElementAttribute] PASSED. Expected [Value Should not be '' for the 'text' attribute, element locator 'By.id: appbar'] and Actual [About 845,000 results (0.67 seconds)Â ]. Comparison Type [EQUALS]. Validation Type [NEGATIVE]. @02-12-2021 01:54:45.0839 A

################################################################################################################################################
Starting Execution:	[128 out of 146] test cases in the current suite
Test Method:		[testPackage01.Test_google.clickNextThrice]
Test Description:	[TC003 - Clicks the next button to make sure that the framework can scroll element into view before clicking it]
################################################################################################################################################
[ReportManager] Element Action [Click] successfully performed. With the following test data [By.xpath: //span[text()='Next']]. @02-12-2021 01:54:46.0235 A
[ReportManager] Successfully Closed All Drivers. @02-12-2021 01:54:46.0612 A
[ReportManager] File Action [GetAbsolutePath] successfully performed. With the following test data [Relative Folder Path: "target/downloadedFiles/"]. @02-12-2021 01:54:46.0656 AM
[ReportManager] Attempting to run locally on: [Mac-64], [Safari], Headless Execution. @02-12-2021 01:54:46.0656 AM
[ReportManager] Successfully Opened Safari. @02-12-2021 01:54:47.0526 AM
[ReportManager] Initial window size: (800, 600) @02-12-2021 01:54:47.0552 AM
[ReportManager] Window size after SWD Maximize: (1176, 803) @02-12-2021 01:54:47.0577 AM
[ReportManager] Browser Action [MaximizeWindow] successfully performed. With the following test data [New screen size is now: (1176, 803)]. @02-12-2021 01:54:47.0577 A

################################################################################################################################################
Starting Execution:	[129 out of 146] test cases in the current suite
Test Method:		[testPackage01.Test_chainableElementActions.chainElementActions]
################################################################################################################################################
[ReportManager] Target URL: [https://www.google.com/ncr], and after redirection: [https://www.google.com] @02-12-2021 01:54:47.0724 AM
[ReportManager] Initial URL: [] @02-12-2021 01:54:47.0761 AM
[ReportManager] Browser Action [NavigateToURL] successfully performed. With the following test data [https://www.google.com/ncr]. @02-12-2021 01:54:49.0966 AM
[ReportManager] Element Action [Type] successfully performed. With the following test data [chained type 1]. @02-12-2021 01:54:50.0135 AM
[ReportManager] Element Action [Type] successfully performed. With the following test data [chained type 2]. @02-12-2021 01:54:50.0335 AM
[ReportManager] Element Action [TypeAppend] successfully performed. With the following test data [345]. @02-12-2021 01:54:50.0398 AM
[ReportManager] Element Action [GetText] successfully performed. With the following test data [chained type 2345]. @02-12-2021 01:54:50.0480 AM
[ReportManager] Loaded Shared OpenCV @02-12-2021 01:54:50.0569 AM
[ReportManager] Assertion Passed: Then I Assert that the element found by [By.name: q] text is equal to [chained type 2345]. @02-12-2021 01:54:50.0848 AM
[ReportManager] Successfully created attachment [Screenshot - 1638410090569_chainElementActions_ValidateElementAttribute_passed] @02-12-2021 01:54:50.0930 AM
[ReportManager] Assertion [ValidateElementAttribute] PASSED. Expected [Value Should be 'chained type 2345' for the 'text' attribute, element locator 'By.name: q'] and Actual [chained type 2345]. Comparison Type [EQUALS]. Validation Type [POSITIVE]. @02-12-2021 01:54:50.0931 A
[ReportManager] Successfully Closed All Drivers. @02-12-2021 01:54:51.0315 A
[ReportManager] File Action [GetAbsolutePath] successfully performed. With the following test data [Relative Folder Path: "target/downloadedFiles/"]. @02-12-2021 01:54:51.0438 AM
[ReportManager] Attempting to run locally on: [Mac-64], [Safari], Headless Execution. @02-12-2021 01:54:51.0438 AM
[ReportManager] An Exception Occured with this Message: Could not start a new session. Possible causes are invalid address of the remote server or browser start-up failure.. @02-12-2021 01:54:51.0654 AM
[ReportManager] Successfully created attachment [Exception Stack Trace - org.openqa.selenium.SessionNotCreatedException] @02-12-2021 01:54:51.0695 AM
[ReportManager] Driver Factory Action [createNewLocalDriverInstanceForSafari] failed. With the following test data [Failed to create a session on DESKTOP_SAFARI]. @02-12-2021 01:54:51.0695 A

################################################################################################################################################
Starting Execution:	[130 out of 146] test cases in the current suite
Test Method:		[testPackage01.Test_RelativeLocators.relativeLocatorsTest1]
###############################################################################################################################################


################################################################################################################################################
Starting Execution:	[131 out of 146] test cases in the current suite
Test Method:		[testPackage01.Test_JsonCompareWithSpecialCharacters.specialCharacters]
################################################################################################################################################
[ReportManager] File Action [GetAbsolutePath] successfully performed. With the following test data [Relative Folder Path: "src/test/resources/testDataFiles/specialCharacters.json"]. @02-12-2021 01:54:52.0079 AM
[ReportManager] File Action [ReadFromFile] successfully performed. With the following test data [File Path: "/Users/runner/work/SHAFT_ENGINE/SHAFT_ENGINE/src/test/resources/testDataFiles/specialCharacters.json"]. @02-12-2021 01:54:52.0079 AM
[ReportManager] Successfully created attachment [File Action Actual Result - Command Log] @02-12-2021 01:54:52.0161 AM
[ReportManager] Comparing the provided API response with the file at this path "src/test/resources/testDataFiles/specialCharacters.json", comparison type "EQUALS" @02-12-2021 01:54:52.0163 AM
[ReportManager] API Action [CompareJSON] successfully performed. With the following test data [src/test/resources/testDataFiles/specialCharacters.json]. @02-12-2021 01:54:52.0172 AM
[ReportManager] File Action [GetAbsolutePath] successfully performed. With the following test data [Relative Folder Path: "src/test/resources/testDataFiles/specialCharacters.json"]. @02-12-2021 01:54:52.0172 AM
[ReportManager] File Action [ReadFromFile] successfully performed. With the following test data [File Path: "/Users/runner/work/SHAFT_ENGINE/SHAFT_ENGINE/src/test/resources/testDataFiles/specialCharacters.json"]. @02-12-2021 01:54:52.0172 AM
[ReportManager] Verification [ValidateJSONFileContent] PASSED. Expected [Response data should match the JSON File in this path 'src/test/resources/testDataFiles/specialCharacters.json'] and Actual [TRUE]. Comparison Type [EQUALS]. Validation Type [POSITIVE]. @02-12-2021 01:54:52.0179 AM
[ReportManager] Successfully created attachment [Validation Test Data - Expected JSON Value] @02-12-2021 01:54:52.0261 AM
[ReportManager] Successfully created attachment [Validation Test Data - Actual JSON Value] @02-12-2021 01:54:52.0304 A

################################################################################################################################################
Starting Execution:	[132 out of 146] test cases in the current suite
Test Method:		[testPackage01.Test_JsonCompareWithSpecialCharacters.specialCharacters_assertion]
################################################################################################################################################
[ReportManager] File Action [GetAbsolutePath] successfully performed. With the following test data [Relative Folder Path: "src/test/resources/testDataFiles/specialCharacters.json"]. @02-12-2021 01:54:52.0431 AM
[ReportManager] File Action [ReadFromFile] successfully performed. With the following test data [File Path: "/Users/runner/work/SHAFT_ENGINE/SHAFT_ENGINE/src/test/resources/testDataFiles/specialCharacters.json"]. @02-12-2021 01:54:52.0432 AM
[ReportManager] Successfully created attachment [File Action Actual Result - Command Log] @02-12-2021 01:54:52.0515 AM
[ReportManager] Comparing the provided API response with the file at this path "src/test/resources/testDataFiles/specialCharacters.json", comparison type "CONTAINS" @02-12-2021 01:54:52.0516 AM
[ReportManager] API Action [CompareJSON] successfully performed. With the following test data [src/test/resources/testDataFiles/specialCharacters.json]. @02-12-2021 01:54:52.0526 AM
[ReportManager] File Action [GetAbsolutePath] successfully performed. With the following test data [Relative Folder Path: "src/test/resources/testDataFiles/specialCharacters.json"]. @02-12-2021 01:54:52.0526 AM
[ReportManager] File Action [ReadFromFile] successfully performed. With the following test data [File Path: "/Users/runner/work/SHAFT_ENGINE/SHAFT_ENGINE/src/test/resources/testDataFiles/specialCharacters.json"]. @02-12-2021 01:54:52.0526 AM
[ReportManager] Assertion Passed: trying out the log message @02-12-2021 01:54:52.0531 AM
[ReportManager] Successfully created attachment [Validation Test Data - Expected JSON Value] @02-12-2021 01:54:52.0560 AM
[ReportManager] Successfully created attachment [Validation Test Data - Actual JSON Value] @02-12-2021 01:54:52.0561 AM
[ReportManager] Assertion [ValidateJSONFileContent] PASSED. Expected [Response data should match the JSON File in this path 'src/test/resources/testDataFiles/specialCharacters.json'] and Actual [TRUE]. Comparison Type [CONTAINS]. Validation Type [POSITIVE]. @02-12-2021 01:54:52.0561 A

################################################################################################################################################
Starting Execution:	[133 out of 146] test cases in the current suite
Test Method:		[testPackage01.Test_SkipDueToIssue.doNotSkip]
################################################################################################################################################
[ReportManager] This should not be skipped. @02-12-2021 01:54:52.0687 A

################################################################################################################################################
Starting Execution:	[134 out of 146] test cases in the current suite
Test Method:		[testPackage01.Test_SkipDueToIssue.skip]
################################################################################################################################################
[ReportManager] This should be skipped. @02-12-2021 01:54:52.0819 A

################################################################################################################################################
Starting Execution:	[135 out of 146] test cases in the current suite
Test Method:		[testPackage01.Test_SkipDueToIssue.skip2]
################################################################################################################################################
[ReportManager] This should be skipped. @02-12-2021 01:54:52.0988 A

################################################################################################################################################
Starting Execution:	[136 out of 146] test cases in the current suite
Test Method:		[testPackage01.Test_JSONFileManager.readStringFromJson]
################################################################################################################################################
[ReportManager] File Action [GetAbsolutePath] successfully performed. With the following test data [Relative Folder Path: "src/test/resources/testDataFiles/simpleJSON.json"]. @02-12-2021 01:54:53.0115 AM
[ReportManager] Successfully loaded the following test data file [src/test/resources/testDataFiles/simpleJSON.json]. @02-12-2021 01:54:53.0115 AM
[ReportManager] Successfully created attachment [Test Data - JSON] @02-12-2021 01:54:53.0197 AM
[ReportManager] File Action [GetAbsolutePath] successfully performed. With the following test data [Relative Folder Path: "src/test/resources/testDataFiles/simpleJSON.json"]. @02-12-2021 01:54:53.0198 AM
[ReportManager] Assertion [ValidateEquals] PASSED. Expected [Mohab Mohie] and Actual [Mohab Mohie]. Comparison Type [EQUALS]. Validation Type [POSITIVE]. @02-12-2021 01:54:53.0214 A
[ReportManager] File Action [GetAbsolutePath] successfully performed. With the following test data [Relative Folder Path: "target/downloadedFiles/"]. @02-12-2021 01:54:53.0340 AM
[ReportManager] Attempting to run locally on: [Mac-64], [Safari], Headless Execution. @02-12-2021 01:54:53.0340 AM
[ReportManager] An Exception Occured with this Message: Could not start a new session. Possible causes are invalid address of the remote server or browser start-up failure.. @02-12-2021 01:54:53.0547 AM
[ReportManager] Successfully created attachment [Exception Stack Trace - org.openqa.selenium.SessionNotCreatedException] @02-12-2021 01:54:53.0588 AM
[ReportManager] Driver Factory Action [createNewLocalDriverInstanceForSafari] failed. With the following test data [Failed to create a session on DESKTOP_SAFARI]. @02-12-2021 01:54:53.0589 A

################################################################################################################################################
Starting Execution:	[137 out of 146] test cases in the current suite
Test Method:		[testPackage01.Test_assertEquals.test_assertElementAttribute]
###############################################################################################################################################

[ReportManager] File Action [GetAbsolutePath] successfully performed. With the following test data [Relative Folder Path: "target/downloadedFiles/"]. @02-12-2021 01:54:53.0841 AM
[ReportManager] Attempting to run locally on: [Mac-64], [Safari], Headless Execution. @02-12-2021 01:54:53.0842 AM
[ReportManager] Successfully Opened Safari. @02-12-2021 01:54:54.0702 AM
[ReportManager] Initial window size: (800, 600) @02-12-2021 01:54:54.0728 AM
[ReportManager] Window size after SWD Maximize: (1176, 803) @02-12-2021 01:54:54.0746 AM
[ReportManager] Browser Action [MaximizeWindow] successfully performed. With the following test data [New screen size is now: (1176, 803)]. @02-12-2021 01:54:54.0746 A

################################################################################################################################################
Starting Execution:	[138 out of 146] test cases in the current suite
Test Method:		[testPackage01.Test_IsElementClickable.testIsElementClickable]
################################################################################################################################################
[ReportManager] Target URL: [https://the-internet.herokuapp.com/] @02-12-2021 01:54:54.0881 AM
[ReportManager] Initial URL: [] @02-12-2021 01:54:54.0919 AM
[ReportManager] Browser Action [NavigateToURL] successfully performed. With the following test data [https://the-internet.herokuapp.com/]. @02-12-2021 01:54:56.0065 AM
[ReportManager] Element Action [IsElementClickable] successfully performed. @02-12-2021 01:54:56.0191 AM
[ReportManager] Assertion [ValidateTrue] PASSED. Expected [TRUE] and Actual [TRUE]. Validation Type [POSITIVE]. @02-12-2021 01:54:56.0192 A
[ReportManager] Browser Action [CloseCurrentWindow] successfully performed. @02-12-2021 01:54:56.0706 AM
[ReportManager] Successfully created attachment [Browser Action Test Data - CloseCurrentWindow - Actual Value] @02-12-2021 01:54:56.0747 A
[ReportManager] Successfully loaded the following test data file [src/test/resources/testDataFiles/testSuite01/TestData.xlsx]. @02-12-2021 01:54:56.0908 AM
[ReportManager] Successfully created attachment [Test Data - Excel] @02-12-2021 01:54:56.0989 AM
[ReportManager] Attempting to run using Playwright locally on: [Mac-64], [Safari], Headless Execution. @02-12-2021 01:56:20.0699 AM
[ReportManager] File Action [GetAbsolutePath] successfully performed. With the following test data [Relative Folder Path: "target/downloadedFiles/"]. @02-12-2021 01:56:20.0701 AM
[ReportManager] Initial window size: (1280, 720) @02-12-2021 01:56:26.0174 AM
[ReportManager] Window size after Toolkit: com.microsoft.playwright.options.ViewportSize@2b03f234 @02-12-2021 01:56:26.0183 AM
[ReportManager] Browser Action [MaximizeWindow] successfully performed. With the following test data [New screen size is now: (1920, 1080)]. @02-12-2021 01:56:26.0184 A

################################################################################################################################################
Starting Execution:	[139 out of 146] test cases in the current suite
Test Method:		[testPackage01.Test_google_playwright.navigateToURLandVerifyGoogleLogoIsDisplayed]
Test Description:	[TC001 - Navigate to URL and Verify Google Logo is Displayed]
################################################################################################################################################
[ReportManager] Target URL: [https://www.google.com/ncr], and after redirection: [https://www.google.com] @02-12-2021 01:56:26.0331 AM
[ReportManager] Initial URL: [about:blank] @02-12-2021 01:56:26.0725 AM
[ReportManager] Browser Action [NavigateToURL] successfully performed. With the following test data [https://www.google.com/ncr]. @02-12-2021 01:56:29.0682 AM
[ReportManager] Loaded Shared OpenCV @02-12-2021 01:56:29.0791 AM
[ReportManager] Assertion [ValidateElementExists] PASSED. Expected [Element Should Exist, locator 'xpath=//*[@id='hplogo' or @alt='Google']'] and Actual [Element Exists]. Comparison Type [EQUALS]. Validation Type [POSITIVE]. @02-12-2021 01:56:29.0973 AM
[ReportManager] Successfully created attachment [Screenshot - 1638410189786_navigateToURLandVerifyGoogleLogoIsDisplayed_ValidateElementExists_passed] @02-12-2021 01:56:29.0974 A

################################################################################################################################################
Starting Execution:	[140 out of 146] test cases in the current suite
Test Method:		[testPackage01.Test_google_playwright.searchForQueryandAssertResultsNumDisplayed]
Test Description:	[TC002 - Search for Query and Assert that the number of results is displayed]
################################################################################################################################################
[ReportManager] Element Action [Type] successfully performed. With the following test data [SHAFT_Engine]. @02-12-2021 01:56:30.0135 AM
[ReportManager] Element Action [KeyPress] successfully performed. With the following test data [Enter]. @02-12-2021 01:56:30.0171 AM
[ReportManager] Element Action [GetText] successfully performed. With the following test data [About 845,000 results (0.50 seconds)Â 
]. @02-12-2021 01:56:31.0075 AM
[ReportManager] Loaded Shared OpenCV @02-12-2021 01:56:33.0431 AM
[ReportManager] Assertion [ValidateElementAttribute] PASSED. Expected [Value Should not be '' for the 'text' attribute, element locator 'xpath=//div[@id='appbar']'] and Actual [About 845,000 results (0.50 seconds)Â 
]. Comparison Type [EQUALS]. Validation Type [NEGATIVE]. @02-12-2021 01:56:33.0641 AM
[ReportManager] Successfully created attachment [Screenshot - 1638410193429_searchForQueryandAssertResultsNumDisplayed_ValidateElementAttribute_passed] @02-12-2021 01:56:33.0643 A

################################################################################################################################################
Starting Execution:	[141 out of 146] test cases in the current suite
Test Method:		[testPackage01.Test_google_playwright.clickNextThrice]
Test Description:	[TC003 - Clicks the next button to make sure that the framework can scroll element into view before clicking it]
################################################################################################################################################
[ReportManager] Element Action [Click] successfully performed. With the following test data [Next]. @02-12-2021 01:56:34.0086 A
[ReportManager] Failed to find video recording. @02-12-2021 01:56:34.0088 AM
[ReportManager] Successfully Closed PlayWright Driver. @02-12-2021 01:56:34.0141 A
[ReportManager] File Action [GetAbsolutePath] successfully performed. With the following test data [Relative Folder Path: "target/downloadedFiles/"]. @02-12-2021 01:56:34.0143 AM
[ReportManager] Attempting to run locally on: [Mac-64], [Safari], Headless Execution. @02-12-2021 01:56:34.0144 AM
[ReportManager] An Exception Occured with this Message: Could not start a new session. Possible causes are invalid address of the remote server or browser start-up failure.. @02-12-2021 01:56:34.0962 AM
[ReportManager] Successfully created attachment [Exception Stack Trace - org.openqa.selenium.SessionNotCreatedException] @02-12-2021 01:56:34.0963 AM
[ReportManager] Driver Factory Action [createNewLocalDriverInstanceForSafari] failed. With the following test data [Failed to create a session on DESKTOP_SAFARI]. @02-12-2021 01:56:34.0963 A

################################################################################################################################################
Starting Execution:	[142 out of 146] test cases in the current suite
Test Method:		[testPackage01.Test_verifyEquals.test_assertElementAttribute]
###############################################################################################################################################


################################################################################################################################################
Starting Execution:	[143 out of 146] test cases in the current suite
Test Method:		[testPackage01.Test_SelectedValue.multipleSelect]
################################################################################################################################################
[ReportManager] File Action [GetAbsolutePath] successfully performed. With the following test data [Relative Folder Path: "target/downloadedFiles/"]. @02-12-2021 01:56:34.0971 AM
[ReportManager] Attempting to run locally on: [Mac-64], [GoogleChrome], Headless Execution. @02-12-2021 01:56:34.0972 AM
[ReportManager] Identifying OS/Driver combination and selecting the correct driver version automatically. Please note that if a new driver executable will be downloaded it may take some time... @02-12-2021 01:56:34.0972 AM
[ReportManager] Successfully Opened Google Chrome. @02-12-2021 01:56:38.0740 AM
[ReportManager] Initial window size: (1920, 1080) @02-12-2021 01:56:38.0744 AM
[ReportManager] Window size after SWD Maximize: (1920, 1080) @02-12-2021 01:56:38.0977 AM
[ReportManager] Window size after Toolkit: (1920, 1080) @02-12-2021 01:56:39.0652 AM
[ReportManager] Browser Action [MaximizeWindow] successfully performed. With the following test data [New screen size is now: (1920, 1080)]. @02-12-2021 01:56:39.0656 AM
[ReportManager] Target URL: [https://yari-demos.prod.mdn.mozit.cloud/en-US/docs/Web/HTML/Element/select/_sample_.Advanced_select_with_multiple_features.html] @02-12-2021 01:56:39.0656 AM
[ReportManager] Initial URL: [data:,] @02-12-2021 01:56:39.0698 AM
[ReportManager] Browser Action [NavigateToURL] successfully performed. With the following test data [https://yari-demos.prod.mdn.mozit.cloud/en-US/docs/Web/HTML/Element/select/_sample_.Advanced_select_with_multiple_features.html]. @02-12-2021 01:56:40.0187 AM
[ReportManager] Element Action [Select] successfully performed. With the following test data [Dog]. @02-12-2021 01:56:40.0413 AM
[ReportManager] Element Action [Select] successfully performed. With the following test data [Cat]. @02-12-2021 01:56:40.0645 AM
[ReportManager] Element Action [GetSelectedText] successfully performed. With the following test data [DogCat]. @02-12-2021 01:56:40.0780 AM
[ReportManager] DogCat @02-12-2021 01:56:40.0780 AM
[ReportManager] Element Action [GetSelectedText] successfully performed. With the following test data [DogCat]. @02-12-2021 01:56:40.0903 AM
[ReportManager] Loaded Shared OpenCV @02-12-2021 01:56:41.0234 AM
[ReportManager] Assertion [ValidateElementAttribute] PASSED. Expected [Value Should be 'DogCat' for the 'selectedText' attribute, element locator 'By.tagName: select'] and Actual [DogCat]. Comparison Type [EQUALS]. Validation Type [POSITIVE]. @02-12-2021 01:56:41.0428 AM
[ReportManager] Successfully created attachment [Screenshot - 1638410201233_multipleSelect_ValidateElementAttribute_passed] @02-12-2021 01:56:41.0429 AM
[ReportManager] Browser Action [CloseCurrentWindow] successfully performed. @02-12-2021 01:56:41.0556 AM
[ReportManager] Successfully created attachment [Browser Action Test Data - CloseCurrentWindow - Actual Value] @02-12-2021 01:56:41.0557 A

################################################################################################################################################
Starting Execution:	[144 out of 146] test cases in the current suite
Test Method:		[testPackage01.Test_SelectedValue.simpleSelect]
################################################################################################################################################
[ReportManager] File Action [GetAbsolutePath] successfully performed. With the following test data [Relative Folder Path: "target/downloadedFiles/"]. @02-12-2021 01:56:41.0563 AM
[ReportManager] Attempting to run locally on: [Mac-64], [GoogleChrome], Headless Execution. @02-12-2021 01:56:41.0563 AM
[ReportManager] Identifying OS/Driver combination and selecting the correct driver version automatically. Please note that if a new driver executable will be downloaded it may take some time... @02-12-2021 01:56:41.0563 AM
[ReportManager] Successfully Opened Google Chrome. @02-12-2021 01:56:42.0196 AM
[ReportManager] Initial window size: (1920, 1080) @02-12-2021 01:56:42.0200 AM
[ReportManager] Window size after SWD Maximize: (1920, 1080) @02-12-2021 01:56:42.0320 AM
[ReportManager] Window size after Toolkit: (1920, 1080) @02-12-2021 01:56:42.0748 AM
[ReportManager] Browser Action [MaximizeWindow] successfully performed. With the following test data [New screen size is now: (1920, 1080)]. @02-12-2021 01:56:42.0753 AM
[ReportManager] Target URL: [https://yari-demos.prod.mdn.mozit.cloud/en-US/docs/Web/HTML/Element/select/_sample_.Basic_select.html] @02-12-2021 01:56:42.0754 AM
[ReportManager] Initial URL: [data:,] @02-12-2021 01:56:42.0801 AM
[ReportManager] Browser Action [NavigateToURL] successfully performed. With the following test data [https://yari-demos.prod.mdn.mozit.cloud/en-US/docs/Web/HTML/Element/select/_sample_.Basic_select.html]. @02-12-2021 01:56:43.0033 AM
[ReportManager] Element Action [Select] successfully performed. With the following test data [Third Value]. @02-12-2021 01:56:43.0375 AM
[ReportManager] Element Action [GetSelectedText] successfully performed. With the following test data [Third Value]. @02-12-2021 01:56:43.0455 AM
[ReportManager] Third Value @02-12-2021 01:56:43.0455 AM
[ReportManager] Element Action [GetSelectedText] successfully performed. With the following test data [Third Value]. @02-12-2021 01:56:43.0534 AM
[ReportManager] Loaded Shared OpenCV @02-12-2021 01:56:43.0883 AM
[ReportManager] Assertion [ValidateElementAttribute] PASSED. Expected [Value Should be 'Third Value' for the 'selectedText' attribute, element locator 'By.tagName: select'] and Actual [Third Value]. Comparison Type [EQUALS]. Validation Type [POSITIVE]. @02-12-2021 01:56:44.0059 AM
[ReportManager] Successfully created attachment [Screenshot - 1638410203883_simpleSelect_ValidateElementAttribute_passed] @02-12-2021 01:56:44.0059 AM
[ReportManager] Browser Action [CloseCurrentWindow] successfully performed. @02-12-2021 01:56:44.0316 AM
[ReportManager] Successfully created attachment [Browser Action Test Data - CloseCurrentWindow - Actual Value] @02-12-2021 01:56:44.0317 A
[ReportManager] File Action [GetAbsolutePath] successfully performed. With the following test data [Relative Folder Path: "target/downloadedFiles/"]. @02-12-2021 01:56:44.0320 AM
[ReportManager] Attempting to run locally on: [Mac-64], [Safari], Headless Execution. @02-12-2021 01:56:44.0320 AM
[ReportManager] An Exception Occured with this Message: Could not start a new session. Possible causes are invalid address of the remote server or browser start-up failure.. @02-12-2021 01:56:44.0587 AM
[ReportManager] Successfully created attachment [Exception Stack Trace - org.openqa.selenium.SessionNotCreatedException] @02-12-2021 01:56:44.0588 AM
[ReportManager] Driver Factory Action [createNewLocalDriverInstanceForSafari] failed. With the following test data [Failed to create a session on DESKTOP_SAFARI]. @02-12-2021 01:56:44.0589 A

################################################################################################################################################
Starting Execution:	[145 out of 146] test cases in the current suite
Test Method:		[testPackage01.Test_dynamicLoading.dynamicLoading_elementIsHidden]
###############################################################################################################################################



################################################################################################################################################
Starting Execution:	[146 out of 146] test cases in the current suite
Test Method:		[testPackage01.Test_dynamicLoading.dynamicLoading_elementIsRendered]
###############################################################################################################################################

[ReportManager] Successfully created attachment [SHAFT Engine Logs - Execution log] @02-12-2021 01:56:44.0636 AM

################################################################################################################################################
This test run was powered by SHAFT Engine Version: [SHAFT Engine v5.4.20211202-BETA]
SHAFT Engine is licensed under the MIT License: [https://github.com/MohabMohie/SHAFT_ENGINE/blob/master/LICENSE].
################################################################################################################################################