################################################################################################################################################
Detected SHAFT Engine Version: [SHAFT Engine v5.4.20211011]
################################################################################################################################################

################################################################################################################################################
Starting Execution:	[1 out of 143] test cases in the current suite
Test Method:		[unitTests.tests_validations_assertions.assertComparativeRelation_greaterThanOrEquals_false_equals_expectedToFail]
################################################################################################################################################
[ReportManager] Assertion [ValidateComparativeRelation] FAILED. Expected [1] and Actual [1]. Comparison Type [GREATER_THAN_OR_EQUALS]. Validation Type [NEGATIVE]. @14-10-2021 09:01:18.0840 A

################################################################################################################################################
Starting Execution:	[2 out of 143] test cases in the current suite
Test Method:		[unitTests.tests_validations_assertions.assertComparativeRelation_greaterThanOrEquals_false_equals_expectedToPass]
################################################################################################################################################
[ReportManager] Assertion [ValidateComparativeRelation] PASSED. Expected [2] and Actual [1]. Comparison Type [GREATER_THAN_OR_EQUALS]. Validation Type [NEGATIVE]. @14-10-2021 09:01:18.0940 A

################################################################################################################################################
Starting Execution:	[3 out of 143] test cases in the current suite
Test Method:		[unitTests.tests_validations_assertions.assertComparativeRelation_greaterThanOrEquals_false_greaterThan_expectedToFail]
################################################################################################################################################
[ReportManager] Assertion [ValidateComparativeRelation] FAILED. Expected [1] and Actual [2]. Comparison Type [GREATER_THAN_OR_EQUALS]. Validation Type [NEGATIVE]. @14-10-2021 09:01:18.0947 A

################################################################################################################################################
Starting Execution:	[4 out of 143] test cases in the current suite
Test Method:		[unitTests.tests_validations_assertions.assertComparativeRelation_greaterThanOrEquals_false_greaterThan_expectedToPass]
################################################################################################################################################
[ReportManager] Assertion [ValidateComparativeRelation] PASSED. Expected [2] and Actual [1]. Comparison Type [GREATER_THAN_OR_EQUALS]. Validation Type [NEGATIVE]. @14-10-2021 09:01:18.0954 A

################################################################################################################################################
Starting Execution:	[5 out of 143] test cases in the current suite
Test Method:		[unitTests.tests_validations_assertions.assertComparativeRelation_greaterThanOrEquals_true_equals_expectedToFail]
################################################################################################################################################
[ReportManager] Assertion [ValidateComparativeRelation] FAILED. Expected [1] and Actual [0]. Comparison Type [GREATER_THAN_OR_EQUALS]. Validation Type [POSITIVE]. @14-10-2021 09:01:18.0959 A

################################################################################################################################################
Starting Execution:	[6 out of 143] test cases in the current suite
Test Method:		[unitTests.tests_validations_assertions.assertComparativeRelation_greaterThanOrEquals_true_equals_expectedToPass]
################################################################################################################################################
[ReportManager] Assertion [ValidateComparativeRelation] PASSED. Expected [1] and Actual [1]. Comparison Type [GREATER_THAN_OR_EQUALS]. Validation Type [POSITIVE]. @14-10-2021 09:01:18.0965 A

################################################################################################################################################
Starting Execution:	[7 out of 143] test cases in the current suite
Test Method:		[unitTests.tests_validations_assertions.assertComparativeRelation_greaterThanOrEquals_true_greaterThan_expectedToFail]
################################################################################################################################################
[ReportManager] Assertion [ValidateComparativeRelation] FAILED. Expected [2] and Actual [1]. Comparison Type [GREATER_THAN_OR_EQUALS]. Validation Type [POSITIVE]. @14-10-2021 09:01:18.0971 A

################################################################################################################################################
Starting Execution:	[8 out of 143] test cases in the current suite
Test Method:		[unitTests.tests_validations_assertions.assertComparativeRelation_greaterThanOrEquals_true_greaterThan_expectedToPass]
################################################################################################################################################
[ReportManager] Assertion [ValidateComparativeRelation] PASSED. Expected [1] and Actual [2]. Comparison Type [GREATER_THAN_OR_EQUALS]. Validation Type [POSITIVE]. @14-10-2021 09:01:18.0978 A
[ReportManager] File Action [GetAbsolutePath] successfully performed. With the following test data [Relative Folder Path: "target/downloadedFiles/"]. @14-10-2021 09:01:18.0989 AM
[ReportManager] Attempting to run remotely on: [Linux-64], [GoogleChrome], [http://localhost:4444/wd/hub], Headless Execution. @14-10-2021 09:01:19.0006 AM
[ReportManager] Successfully Opened [GoogleChrome]. @14-10-2021 09:01:25.0761 AM
[ReportManager] Target URL: [https://www.google.com/ncr], and after redirection: [www.google.com] @14-10-2021 09:01:25.0919 AM
[ReportManager] Initial URL: [data:,] @14-10-2021 09:01:26.0249 AM
[ReportManager] Browser Action [NavigateToURL] successfully performed. With the following test data [https://www.google.com/ncr]. @14-10-2021 09:01:27.0654 A

################################################################################################################################################
Starting Execution:	[9 out of 143] test cases in the current suite
Test Method:		[unitTests.tests_validations_assertions.assertElementAttribute_false_caseInsensitiveComparison_expectedToFail]
################################################################################################################################################
[ReportManager] Element Action [Type] successfully performed. With the following test data [AUTOMATION]. @14-10-2021 09:01:28.0332 AM
[ReportManager] Element Action [GetText] successfully performed. With the following test data [AUTOMATION]. @14-10-2021 09:01:28.0536 AM
[ReportManager] Loaded Shared OpenCV @14-10-2021 09:01:29.0204 AM
[ReportManager] Assertion [ValidateElementAttribute] FAILED. Expected [Value Should not be 'AutomaTion' for the 'text' attribute, element locator 'By.name: q'] and Actual [AUTOMATION]. Comparison Type [CASE_INSENSITIVE]. Validation Type [NEGATIVE]. @14-10-2021 09:01:29.0493 AM
[ReportManager] Successfully created attachment [Screenshot - 1634202088756_assertElementAttribute_false_caseInsensitiveComparison_expectedToFail_ValidateElementAttribute_failed] @14-10-2021 09:01:29.0517 A
[ReportManager] Browser Action [CloseCurrentWindow] successfully performed. @14-10-2021 09:01:29.0760 AM
[ReportManager] Successfully created attachment [Browser Action Test Data - CloseCurrentWindow - Actual Value] @14-10-2021 09:01:29.0765 A
[ReportManager] File Action [GetAbsolutePath] successfully performed. With the following test data [Relative Folder Path: "target/downloadedFiles/"]. @14-10-2021 09:01:29.0774 AM
[ReportManager] Attempting to run remotely on: [Linux-64], [GoogleChrome], [http://localhost:4444/wd/hub], Headless Execution. @14-10-2021 09:01:29.0774 AM
[ReportManager] Successfully Opened [GoogleChrome]. @14-10-2021 09:01:30.0060 AM
[ReportManager] Target URL: [https://www.google.com/ncr], and after redirection: [www.google.com] @14-10-2021 09:01:30.0106 AM
[ReportManager] Initial URL: [data:,] @14-10-2021 09:01:30.0223 AM
[ReportManager] Browser Action [NavigateToURL] successfully performed. With the following test data [https://www.google.com/ncr]. @14-10-2021 09:01:31.0181 A

################################################################################################################################################
Starting Execution:	[10 out of 143] test cases in the current suite
Test Method:		[unitTests.tests_validations_assertions.assertElementAttribute_false_caseInsensitiveComparison_expectedToPass]
################################################################################################################################################
[ReportManager] Element Action [Type] successfully performed. With the following test data [AUTOMATION]. @14-10-2021 09:01:31.0730 AM
[ReportManager] Element Action [GetText] successfully performed. With the following test data [AUTOMATION]. @14-10-2021 09:01:31.0913 AM
[ReportManager] Loaded Shared OpenCV @14-10-2021 09:01:32.0136 AM
[ReportManager] Assertion [ValidateElementAttribute] PASSED. Expected [Value Should not be 'AutomaTion123' for the 'text' attribute, element locator 'By.name: q'] and Actual [AUTOMATION]. Comparison Type [CASE_INSENSITIVE]. Validation Type [NEGATIVE]. @14-10-2021 09:01:32.0278 AM
[ReportManager] Successfully created attachment [Screenshot - 1634202092136_assertElementAttribute_false_caseInsensitiveComparison_expectedToPass_ValidateElementAttribute_passed] @14-10-2021 09:01:32.0283 A
[ReportManager] Browser Action [CloseCurrentWindow] successfully performed. @14-10-2021 09:01:32.0474 AM
[ReportManager] Successfully created attachment [Browser Action Test Data - CloseCurrentWindow - Actual Value] @14-10-2021 09:01:32.0477 A
[ReportManager] File Action [GetAbsolutePath] successfully performed. With the following test data [Relative Folder Path: "target/downloadedFiles/"]. @14-10-2021 09:01:32.0494 AM
[ReportManager] Attempting to run remotely on: [Linux-64], [GoogleChrome], [http://localhost:4444/wd/hub], Headless Execution. @14-10-2021 09:01:32.0494 AM
[ReportManager] Successfully Opened [GoogleChrome]. @14-10-2021 09:01:35.0048 AM
[ReportManager] Target URL: [https://www.google.com/ncr], and after redirection: [www.google.com] @14-10-2021 09:01:35.0094 AM
[ReportManager] Initial URL: [data:,] @14-10-2021 09:01:35.0208 AM
[ReportManager] Browser Action [NavigateToURL] successfully performed. With the following test data [https://www.google.com/ncr]. @14-10-2021 09:01:35.0996 A

################################################################################################################################################
Starting Execution:	[11 out of 143] test cases in the current suite
Test Method:		[unitTests.tests_validations_assertions.assertElementAttribute_false_containsComparison_expectedToFail]
################################################################################################################################################
[ReportManager] Element Action [Type] successfully performed. With the following test data [Automation123]. @14-10-2021 09:01:36.0622 AM
[ReportManager] Element Action [GetText] successfully performed. With the following test data [Automation123]. @14-10-2021 09:01:36.0857 AM
[ReportManager] Loaded Shared OpenCV @14-10-2021 09:01:37.0052 AM
[ReportManager] Assertion [ValidateElementAttribute] FAILED. Expected [Value Should not be 'Automation' for the 'text' attribute, element locator 'By.name: q'] and Actual [Automation123]. Comparison Type [CONTAINS]. Validation Type [NEGATIVE]. @14-10-2021 09:01:37.0140 AM
[ReportManager] Successfully created attachment [Screenshot - 1634202097052_assertElementAttribute_false_containsComparison_expectedToFail_ValidateElementAttribute_failed] @14-10-2021 09:01:37.0142 A
[ReportManager] Browser Action [CloseCurrentWindow] successfully performed. @14-10-2021 09:01:37.0314 AM
[ReportManager] Successfully created attachment [Browser Action Test Data - CloseCurrentWindow - Actual Value] @14-10-2021 09:01:37.0315 A
[ReportManager] File Action [GetAbsolutePath] successfully performed. With the following test data [Relative Folder Path: "target/downloadedFiles/"]. @14-10-2021 09:01:37.0322 AM
[ReportManager] Attempting to run remotely on: [Linux-64], [GoogleChrome], [http://localhost:4444/wd/hub], Headless Execution. @14-10-2021 09:01:37.0322 AM
[ReportManager] Successfully Opened [GoogleChrome]. @14-10-2021 09:01:40.0103 AM
[ReportManager] Target URL: [https://www.google.com/ncr], and after redirection: [www.google.com] @14-10-2021 09:01:40.0146 AM
[ReportManager] Initial URL: [data:,] @14-10-2021 09:01:40.0267 AM
[ReportManager] Browser Action [NavigateToURL] successfully performed. With the following test data [https://www.google.com/ncr]. @14-10-2021 09:01:41.0169 A

################################################################################################################################################
Starting Execution:	[12 out of 143] test cases in the current suite
Test Method:		[unitTests.tests_validations_assertions.assertElementAttribute_false_containsComparison_expectedToPass]
################################################################################################################################################
[ReportManager] Element Action [Type] successfully performed. With the following test data [Automation123]. @14-10-2021 09:01:41.0851 AM
[ReportManager] Element Action [GetText] successfully performed. With the following test data [Automation123]. @14-10-2021 09:01:42.0051 AM
[ReportManager] Loaded Shared OpenCV @14-10-2021 09:01:42.0215 AM
[ReportManager] Assertion [ValidateElementAttribute] PASSED. Expected [Value Should not be 'Automation1234' for the 'text' attribute, element locator 'By.name: q'] and Actual [Automation123]. Comparison Type [CONTAINS]. Validation Type [NEGATIVE]. @14-10-2021 09:01:42.0290 AM
[ReportManager] Successfully created attachment [Screenshot - 1634202102215_assertElementAttribute_false_containsComparison_expectedToPass_ValidateElementAttribute_passed] @14-10-2021 09:01:42.0292 A
[ReportManager] Browser Action [CloseCurrentWindow] successfully performed. @14-10-2021 09:01:42.0480 AM
[ReportManager] Successfully created attachment [Browser Action Test Data - CloseCurrentWindow - Actual Value] @14-10-2021 09:01:42.0481 A
[ReportManager] File Action [GetAbsolutePath] successfully performed. With the following test data [Relative Folder Path: "target/downloadedFiles/"]. @14-10-2021 09:01:42.0488 AM
[ReportManager] Attempting to run remotely on: [Linux-64], [GoogleChrome], [http://localhost:4444/wd/hub], Headless Execution. @14-10-2021 09:01:42.0488 AM
[ReportManager] Successfully Opened [GoogleChrome]. @14-10-2021 09:01:45.0026 AM
[ReportManager] Target URL: [https://www.google.com/ncr], and after redirection: [www.google.com] @14-10-2021 09:01:45.0052 AM
[ReportManager] Initial URL: [data:,] @14-10-2021 09:01:45.0125 AM
[ReportManager] Browser Action [NavigateToURL] successfully performed. With the following test data [https://www.google.com/ncr]. @14-10-2021 09:01:46.0077 A

################################################################################################################################################
Starting Execution:	[13 out of 143] test cases in the current suite
Test Method:		[unitTests.tests_validations_assertions.assertElementAttribute_false_literalComparison_expectedToFail]
################################################################################################################################################
[ReportManager] Element Action [Type] successfully performed. With the following test data [Automation!@#$%^&*()_+{}[]\';/.,]. @14-10-2021 09:01:46.0644 AM
[ReportManager] Element Action [GetText] successfully performed. With the following test data [Automation!@#$%^&*()_+{}[]\';/.,]. @14-10-2021 09:01:46.0850 AM
[ReportManager] Loaded Shared OpenCV @14-10-2021 09:01:47.0053 AM
[ReportManager] Assertion [ValidateElementAttribute] PASSED. Expected [Value Should not be 'Automation!@#$%^&*()_+{}[]\\';/.,' for the 'text' attribute, element locator 'By.name: q'] and Actual [Automation!@#$%^&*()_+{}[]\';/.,]. Comparison Type [EQUALS]. Validation Type [NEGATIVE]. @14-10-2021 09:01:47.0132 AM
[ReportManager] Successfully created attachment [Screenshot - 1634202107053_assertElementAttribute_false_literalComparison_expectedToFail_ValidateElementAttribute_passed] @14-10-2021 09:01:47.0134 A
[ReportManager] Browser Action [CloseCurrentWindow] successfully performed. @14-10-2021 09:01:47.0294 AM
[ReportManager] Successfully created attachment [Browser Action Test Data - CloseCurrentWindow - Actual Value] @14-10-2021 09:01:47.0295 A
[ReportManager] File Action [GetAbsolutePath] successfully performed. With the following test data [Relative Folder Path: "target/downloadedFiles/"]. @14-10-2021 09:01:47.0299 AM
[ReportManager] Attempting to run remotely on: [Linux-64], [GoogleChrome], [http://localhost:4444/wd/hub], Headless Execution. @14-10-2021 09:01:47.0299 AM
[ReportManager] Successfully Opened [GoogleChrome]. @14-10-2021 09:01:50.0048 AM
[ReportManager] Target URL: [https://www.google.com/ncr], and after redirection: [www.google.com] @14-10-2021 09:01:50.0077 AM
[ReportManager] Initial URL: [data:,] @14-10-2021 09:01:50.0182 AM
[ReportManager] Browser Action [NavigateToURL] successfully performed. With the following test data [https://www.google.com/ncr]. @14-10-2021 09:01:50.0965 A

################################################################################################################################################
Starting Execution:	[14 out of 143] test cases in the current suite
Test Method:		[unitTests.tests_validations_assertions.assertElementAttribute_false_literalComparison_expectedToPass]
################################################################################################################################################
[ReportManager] Element Action [Type] successfully performed. With the following test data [Automation!@#$%^&*()_+{}[]\';/.,]. @14-10-2021 09:01:51.0631 AM
[ReportManager] Element Action [GetText] successfully performed. With the following test data [Automation!@#$%^&*()_+{}[]\';/.,]. @14-10-2021 09:01:51.0800 AM
[ReportManager] Loaded Shared OpenCV @14-10-2021 09:01:51.0974 AM
[ReportManager] Assertion [ValidateElementAttribute] PASSED. Expected [Value Should not be 'Automation' for the 'text' attribute, element locator 'By.name: q'] and Actual [Automation!@#$%^&*()_+{}[]\';/.,]. Comparison Type [EQUALS]. Validation Type [NEGATIVE]. @14-10-2021 09:01:52.0062 AM
[ReportManager] Successfully created attachment [Screenshot - 1634202111973_assertElementAttribute_false_literalComparison_expectedToPass_ValidateElementAttribute_passed] @14-10-2021 09:01:52.0064 A
[ReportManager] Browser Action [CloseCurrentWindow] successfully performed. @14-10-2021 09:01:52.0223 AM
[ReportManager] Successfully created attachment [Browser Action Test Data - CloseCurrentWindow - Actual Value] @14-10-2021 09:01:52.0224 A
[ReportManager] File Action [GetAbsolutePath] successfully performed. With the following test data [Relative Folder Path: "target/downloadedFiles/"]. @14-10-2021 09:01:52.0227 AM
[ReportManager] Attempting to run remotely on: [Linux-64], [GoogleChrome], [http://localhost:4444/wd/hub], Headless Execution. @14-10-2021 09:01:52.0227 AM
[ReportManager] Successfully Opened [GoogleChrome]. @14-10-2021 09:01:55.0033 AM
[ReportManager] Target URL: [https://www.google.com/ncr], and after redirection: [www.google.com] @14-10-2021 09:01:55.0054 AM
[ReportManager] Initial URL: [data:,] @14-10-2021 09:01:55.0150 AM
[ReportManager] Browser Action [NavigateToURL] successfully performed. With the following test data [https://www.google.com/ncr]. @14-10-2021 09:01:55.0839 A

################################################################################################################################################
Starting Execution:	[15 out of 143] test cases in the current suite
Test Method:		[unitTests.tests_validations_assertions.assertElementAttribute_false_regexComparison_expectedToFail]
################################################################################################################################################
[ReportManager] Element Action [Type] successfully performed. With the following test data [Automation123]. @14-10-2021 09:01:56.0380 AM
[ReportManager] Element Action [GetText] successfully performed. With the following test data [Automation123]. @14-10-2021 09:01:56.0553 AM
[ReportManager] Loaded Shared OpenCV @14-10-2021 09:01:56.0698 AM
[ReportManager] Assertion [ValidateElementAttribute] FAILED. Expected [Value Should not be 'Automation.*' for the 'text' attribute, element locator 'By.name: q'] and Actual [Automation123]. Comparison Type [MATCHES]. Validation Type [NEGATIVE]. @14-10-2021 09:01:56.0768 AM
[ReportManager] Successfully created attachment [Screenshot - 1634202116698_assertElementAttribute_false_regexComparison_expectedToFail_ValidateElementAttribute_failed] @14-10-2021 09:01:56.0769 A
[ReportManager] Browser Action [CloseCurrentWindow] successfully performed. @14-10-2021 09:01:56.0944 AM
[ReportManager] Successfully created attachment [Browser Action Test Data - CloseCurrentWindow - Actual Value] @14-10-2021 09:01:56.0945 A
[ReportManager] File Action [GetAbsolutePath] successfully performed. With the following test data [Relative Folder Path: "target/downloadedFiles/"]. @14-10-2021 09:01:56.0949 AM
[ReportManager] Attempting to run remotely on: [Linux-64], [GoogleChrome], [http://localhost:4444/wd/hub], Headless Execution. @14-10-2021 09:01:56.0949 AM
[ReportManager] Successfully Opened [GoogleChrome]. @14-10-2021 09:02:00.0026 AM
[ReportManager] Target URL: [https://www.google.com/ncr], and after redirection: [www.google.com] @14-10-2021 09:02:00.0041 AM
[ReportManager] Initial URL: [data:,] @14-10-2021 09:02:00.0108 AM
[ReportManager] Browser Action [NavigateToURL] successfully performed. With the following test data [https://www.google.com/ncr]. @14-10-2021 09:02:00.0810 A

################################################################################################################################################
Starting Execution:	[16 out of 143] test cases in the current suite
Test Method:		[unitTests.tests_validations_assertions.assertElementAttribute_false_regexComparison_expectedToPass]
################################################################################################################################################
[ReportManager] Element Action [Type] successfully performed. With the following test data [Automation123]. @14-10-2021 09:02:01.0266 AM
[ReportManager] Element Action [GetText] successfully performed. With the following test data [Automation123]. @14-10-2021 09:02:01.0410 AM
[ReportManager] Loaded Shared OpenCV @14-10-2021 09:02:01.0594 AM
[ReportManager] Assertion [ValidateElementAttribute] PASSED. Expected [Value Should not be 'Automation' for the 'text' attribute, element locator 'By.name: q'] and Actual [Automation123]. Comparison Type [MATCHES]. Validation Type [NEGATIVE]. @14-10-2021 09:02:01.0661 AM
[ReportManager] Successfully created attachment [Screenshot - 1634202121594_assertElementAttribute_false_regexComparison_expectedToPass_ValidateElementAttribute_passed] @14-10-2021 09:02:01.0662 A
[ReportManager] Browser Action [CloseCurrentWindow] successfully performed. @14-10-2021 09:02:01.0814 AM
[ReportManager] Successfully created attachment [Browser Action Test Data - CloseCurrentWindow - Actual Value] @14-10-2021 09:02:01.0815 A
[ReportManager] File Action [GetAbsolutePath] successfully performed. With the following test data [Relative Folder Path: "target/downloadedFiles/"]. @14-10-2021 09:02:01.0824 AM
[ReportManager] Attempting to run remotely on: [Linux-64], [GoogleChrome], [http://localhost:4444/wd/hub], Headless Execution. @14-10-2021 09:02:01.0825 AM
[ReportManager] Successfully Opened [GoogleChrome]. @14-10-2021 09:02:05.0025 AM
[ReportManager] Target URL: [https://www.google.com/ncr], and after redirection: [www.google.com] @14-10-2021 09:02:05.0044 AM
[ReportManager] Initial URL: [data:,] @14-10-2021 09:02:05.0126 AM
[ReportManager] Browser Action [NavigateToURL] successfully performed. With the following test data [https://www.google.com/ncr]. @14-10-2021 09:02:05.0834 A

################################################################################################################################################
Starting Execution:	[17 out of 143] test cases in the current suite
Test Method:		[unitTests.tests_validations_assertions.assertElementAttribute_true_caseInsensitiveComparison_expectedToFail]
################################################################################################################################################
[ReportManager] Element Action [Type] successfully performed. With the following test data [AUTOMATION]. @14-10-2021 09:02:06.0244 AM
[ReportManager] Element Action [GetText] successfully performed. With the following test data [AUTOMATION]. @14-10-2021 09:02:06.0404 AM
[ReportManager] Loaded Shared OpenCV @14-10-2021 09:02:06.0542 AM
[ReportManager] Assertion [ValidateElementAttribute] FAILED. Expected [Value Should be 'AutomaTion123' for the 'text' attribute, element locator 'By.name: q'] and Actual [AUTOMATION]. Comparison Type [CASE_INSENSITIVE]. Validation Type [POSITIVE]. @14-10-2021 09:02:06.0612 AM
[ReportManager] Successfully created attachment [Screenshot - 1634202126542_assertElementAttribute_true_caseInsensitiveComparison_expectedToFail_ValidateElementAttribute_failed] @14-10-2021 09:02:06.0613 A
[ReportManager] Browser Action [CloseCurrentWindow] successfully performed. @14-10-2021 09:02:06.0745 AM
[ReportManager] Successfully created attachment [Browser Action Test Data - CloseCurrentWindow - Actual Value] @14-10-2021 09:02:06.0746 A
[ReportManager] File Action [GetAbsolutePath] successfully performed. With the following test data [Relative Folder Path: "target/downloadedFiles/"]. @14-10-2021 09:02:06.0749 AM
[ReportManager] Attempting to run remotely on: [Linux-64], [GoogleChrome], [http://localhost:4444/wd/hub], Headless Execution. @14-10-2021 09:02:06.0749 AM
[ReportManager] Successfully Opened [GoogleChrome]. @14-10-2021 09:02:10.0027 AM
[ReportManager] Target URL: [https://www.google.com/ncr], and after redirection: [www.google.com] @14-10-2021 09:02:10.0060 AM
[ReportManager] Initial URL: [data:,] @14-10-2021 09:02:10.0146 AM
[ReportManager] Browser Action [NavigateToURL] successfully performed. With the following test data [https://www.google.com/ncr]. @14-10-2021 09:02:10.0838 A

################################################################################################################################################
Starting Execution:	[18 out of 143] test cases in the current suite
Test Method:		[unitTests.tests_validations_assertions.assertElementAttribute_true_caseInsensitiveComparison_expectedToPass]
################################################################################################################################################
[ReportManager] Element Action [Type] successfully performed. With the following test data [AUTOMATION]. @14-10-2021 09:02:11.0306 AM
[ReportManager] Element Action [GetText] successfully performed. With the following test data [AUTOMATION]. @14-10-2021 09:02:11.0443 AM
[ReportManager] Loaded Shared OpenCV @14-10-2021 09:02:11.0582 AM
[ReportManager] Assertion [ValidateElementAttribute] PASSED. Expected [Value Should be 'AutomaTion' for the 'text' attribute, element locator 'By.name: q'] and Actual [AUTOMATION]. Comparison Type [CASE_INSENSITIVE]. Validation Type [POSITIVE]. @14-10-2021 09:02:11.0652 AM
[ReportManager] Successfully created attachment [Screenshot - 1634202131582_assertElementAttribute_true_caseInsensitiveComparison_expectedToPass_ValidateElementAttribute_passed] @14-10-2021 09:02:11.0653 A
[ReportManager] Browser Action [CloseCurrentWindow] successfully performed. @14-10-2021 09:02:11.0833 AM
[ReportManager] Successfully created attachment [Browser Action Test Data - CloseCurrentWindow - Actual Value] @14-10-2021 09:02:11.0834 A
[ReportManager] File Action [GetAbsolutePath] successfully performed. With the following test data [Relative Folder Path: "target/downloadedFiles/"]. @14-10-2021 09:02:11.0837 AM
[ReportManager] Attempting to run remotely on: [Linux-64], [GoogleChrome], [http://localhost:4444/wd/hub], Headless Execution. @14-10-2021 09:02:11.0838 AM
[ReportManager] Successfully Opened [GoogleChrome]. @14-10-2021 09:02:15.0022 AM
[ReportManager] Target URL: [https://www.google.com/ncr], and after redirection: [www.google.com] @14-10-2021 09:02:15.0033 AM
[ReportManager] Initial URL: [data:,] @14-10-2021 09:02:15.0102 AM
[ReportManager] Browser Action [NavigateToURL] successfully performed. With the following test data [https://www.google.com/ncr]. @14-10-2021 09:02:15.0764 A

################################################################################################################################################
Starting Execution:	[19 out of 143] test cases in the current suite
Test Method:		[unitTests.tests_validations_assertions.assertElementAttribute_true_containsComparison_expectedToFail]
################################################################################################################################################
[ReportManager] Element Action [Type] successfully performed. With the following test data [Automation123]. @14-10-2021 09:02:16.0327 AM
[ReportManager] Element Action [GetText] successfully performed. With the following test data [Automation123]. @14-10-2021 09:02:16.0481 AM
[ReportManager] Loaded Shared OpenCV @14-10-2021 09:02:16.0701 AM
[ReportManager] Assertion [ValidateElementAttribute] FAILED. Expected [Value Should be 'Automation1234' for the 'text' attribute, element locator 'By.name: q'] and Actual [Automation123]. Comparison Type [CONTAINS]. Validation Type [POSITIVE]. @14-10-2021 09:02:16.0767 AM
[ReportManager] Successfully created attachment [Screenshot - 1634202136701_assertElementAttribute_true_containsComparison_expectedToFail_ValidateElementAttribute_failed] @14-10-2021 09:02:16.0768 A
[ReportManager] Browser Action [CloseCurrentWindow] successfully performed. @14-10-2021 09:02:16.0974 AM
[ReportManager] Successfully created attachment [Browser Action Test Data - CloseCurrentWindow - Actual Value] @14-10-2021 09:02:16.0975 A
[ReportManager] File Action [GetAbsolutePath] successfully performed. With the following test data [Relative Folder Path: "target/downloadedFiles/"]. @14-10-2021 09:02:16.0978 AM
[ReportManager] Attempting to run remotely on: [Linux-64], [GoogleChrome], [http://localhost:4444/wd/hub], Headless Execution. @14-10-2021 09:02:16.0978 AM
[ReportManager] Successfully Opened [GoogleChrome]. @14-10-2021 09:02:20.0055 AM
[ReportManager] Target URL: [https://www.google.com/ncr], and after redirection: [www.google.com] @14-10-2021 09:02:20.0069 AM
[ReportManager] Initial URL: [data:,] @14-10-2021 09:02:20.0156 AM
[ReportManager] Browser Action [NavigateToURL] successfully performed. With the following test data [https://www.google.com/ncr]. @14-10-2021 09:02:20.0861 A

################################################################################################################################################
Starting Execution:	[20 out of 143] test cases in the current suite
Test Method:		[unitTests.tests_validations_assertions.assertElementAttribute_true_containsComparison_expectedToPass]
################################################################################################################################################
[ReportManager] Element Action [Type] successfully performed. With the following test data [Automation123]. @14-10-2021 09:02:21.0275 AM
[ReportManager] Element Action [GetText] successfully performed. With the following test data [Automation123]. @14-10-2021 09:02:21.0410 AM
[ReportManager] Loaded Shared OpenCV @14-10-2021 09:02:21.0559 AM
[ReportManager] Assertion [ValidateElementAttribute] PASSED. Expected [Value Should be 'Automation' for the 'text' attribute, element locator 'By.name: q'] and Actual [Automation123]. Comparison Type [CONTAINS]. Validation Type [POSITIVE]. @14-10-2021 09:02:21.0625 AM
[ReportManager] Successfully created attachment [Screenshot - 1634202141559_assertElementAttribute_true_containsComparison_expectedToPass_ValidateElementAttribute_passed] @14-10-2021 09:02:21.0626 A
[ReportManager] Browser Action [CloseCurrentWindow] successfully performed. @14-10-2021 09:02:21.0753 AM
[ReportManager] Successfully created attachment [Browser Action Test Data - CloseCurrentWindow - Actual Value] @14-10-2021 09:02:21.0754 A
[ReportManager] File Action [GetAbsolutePath] successfully performed. With the following test data [Relative Folder Path: "target/downloadedFiles/"]. @14-10-2021 09:02:21.0756 AM
[ReportManager] Attempting to run remotely on: [Linux-64], [GoogleChrome], [http://localhost:4444/wd/hub], Headless Execution. @14-10-2021 09:02:21.0757 AM
[ReportManager] Successfully Opened [GoogleChrome]. @14-10-2021 09:02:25.0088 AM
[ReportManager] Target URL: [https://www.google.com/ncr], and after redirection: [www.google.com] @14-10-2021 09:02:25.0107 AM
[ReportManager] Initial URL: [data:,] @14-10-2021 09:02:25.0185 AM
[ReportManager] Browser Action [NavigateToURL] successfully performed. With the following test data [https://www.google.com/ncr]. @14-10-2021 09:02:25.0818 A

################################################################################################################################################
Starting Execution:	[21 out of 143] test cases in the current suite
Test Method:		[unitTests.tests_validations_assertions.assertElementAttribute_true_literalComparison_expectedToFail]
################################################################################################################################################
[ReportManager] Element Action [Type] successfully performed. With the following test data [Automation!@#$%^&*()_+{}[]\';/.,]. @14-10-2021 09:02:26.0309 AM
[ReportManager] Element Action [GetText] successfully performed. With the following test data [Automation!@#$%^&*()_+{}[]\';/.,]. @14-10-2021 09:02:26.0472 AM
[ReportManager] Loaded Shared OpenCV @14-10-2021 09:02:26.0598 AM
[ReportManager] Assertion [ValidateElementAttribute] FAILED. Expected [Value Should be 'Automation' for the 'text' attribute, element locator 'By.name: q'] and Actual [Automation!@#$%^&*()_+{}[]\';/.,]. Comparison Type [EQUALS]. Validation Type [POSITIVE]. @14-10-2021 09:02:26.0677 AM
[ReportManager] Successfully created attachment [Screenshot - 1634202146598_assertElementAttribute_true_literalComparison_expectedToFail_ValidateElementAttribute_failed] @14-10-2021 09:02:26.0678 A
[ReportManager] Browser Action [CloseCurrentWindow] successfully performed. @14-10-2021 09:02:26.0833 AM
[ReportManager] Successfully created attachment [Browser Action Test Data - CloseCurrentWindow - Actual Value] @14-10-2021 09:02:26.0834 A
[ReportManager] File Action [GetAbsolutePath] successfully performed. With the following test data [Relative Folder Path: "target/downloadedFiles/"]. @14-10-2021 09:02:26.0836 AM
[ReportManager] Attempting to run remotely on: [Linux-64], [GoogleChrome], [http://localhost:4444/wd/hub], Headless Execution. @14-10-2021 09:02:26.0837 AM
[ReportManager] Successfully Opened [GoogleChrome]. @14-10-2021 09:02:30.0047 AM
[ReportManager] Target URL: [https://www.google.com/ncr], and after redirection: [www.google.com] @14-10-2021 09:02:30.0067 AM
[ReportManager] Initial URL: [data:,] @14-10-2021 09:02:30.0146 AM
[ReportManager] Browser Action [NavigateToURL] successfully performed. With the following test data [https://www.google.com/ncr]. @14-10-2021 09:02:30.0800 A

################################################################################################################################################
Starting Execution:	[22 out of 143] test cases in the current suite
Test Method:		[unitTests.tests_validations_assertions.assertElementAttribute_true_literalComparison_expectedToPass]
################################################################################################################################################
[ReportManager] Element Action [Type] successfully performed. With the following test data [Automation!@#$%^&*()_+{}[]\';/.,]. @14-10-2021 09:02:31.0375 AM
[ReportManager] Element Action [GetText] successfully performed. With the following test data [Automation!@#$%^&*()_+{}[]\';/.,]. @14-10-2021 09:02:31.0491 AM
[ReportManager] Loaded Shared OpenCV @14-10-2021 09:02:31.0651 AM
[ReportManager] Assertion [ValidateElementAttribute] PASSED. Expected [Value Should be 'Automation!@#$%^&*()_+{}[]\';/.,' for the 'text' attribute, element locator 'By.name: q'] and Actual [Automation!@#$%^&*()_+{}[]\';/.,]. Comparison Type [EQUALS]. Validation Type [POSITIVE]. @14-10-2021 09:02:31.0720 AM
[ReportManager] Successfully created attachment [Screenshot - 1634202151651_assertElementAttribute_true_literalComparison_expectedToPass_ValidateElementAttribute_passed] @14-10-2021 09:02:31.0721 A
[ReportManager] Browser Action [CloseCurrentWindow] successfully performed. @14-10-2021 09:02:31.0856 AM
[ReportManager] Successfully created attachment [Browser Action Test Data - CloseCurrentWindow - Actual Value] @14-10-2021 09:02:31.0856 A
[ReportManager] File Action [GetAbsolutePath] successfully performed. With the following test data [Relative Folder Path: "target/downloadedFiles/"]. @14-10-2021 09:02:31.0859 AM
[ReportManager] Attempting to run remotely on: [Linux-64], [GoogleChrome], [http://localhost:4444/wd/hub], Headless Execution. @14-10-2021 09:02:31.0860 AM
[ReportManager] Successfully Opened [GoogleChrome]. @14-10-2021 09:02:35.0049 AM
[ReportManager] Target URL: [https://www.google.com/ncr], and after redirection: [www.google.com] @14-10-2021 09:02:35.0059 AM
[ReportManager] Initial URL: [data:,] @14-10-2021 09:02:35.0123 AM
[ReportManager] Browser Action [NavigateToURL] successfully performed. With the following test data [https://www.google.com/ncr]. @14-10-2021 09:02:35.0800 A

################################################################################################################################################
Starting Execution:	[23 out of 143] test cases in the current suite
Test Method:		[unitTests.tests_validations_assertions.assertElementAttribute_true_regexComparison_expectedToFail]
################################################################################################################################################
[ReportManager] Element Action [Type] successfully performed. With the following test data [Automation123]. @14-10-2021 09:02:36.0281 AM
[ReportManager] Element Action [GetText] successfully performed. With the following test data [Automation123]. @14-10-2021 09:02:36.0429 AM
[ReportManager] Loaded Shared OpenCV @14-10-2021 09:02:36.0569 AM
[ReportManager] Assertion [ValidateElementAttribute] FAILED. Expected [Value Should be 'Automation' for the 'text' attribute, element locator 'By.name: q'] and Actual [Automation123]. Comparison Type [MATCHES]. Validation Type [POSITIVE]. @14-10-2021 09:02:36.0637 AM
[ReportManager] Successfully created attachment [Screenshot - 1634202156569_assertElementAttribute_true_regexComparison_expectedToFail_ValidateElementAttribute_failed] @14-10-2021 09:02:36.0638 A
[ReportManager] Browser Action [CloseCurrentWindow] successfully performed. @14-10-2021 09:02:36.0768 AM
[ReportManager] Successfully created attachment [Browser Action Test Data - CloseCurrentWindow - Actual Value] @14-10-2021 09:02:36.0770 A
[ReportManager] File Action [GetAbsolutePath] successfully performed. With the following test data [Relative Folder Path: "target/downloadedFiles/"]. @14-10-2021 09:02:36.0773 AM
[ReportManager] Attempting to run remotely on: [Linux-64], [GoogleChrome], [http://localhost:4444/wd/hub], Headless Execution. @14-10-2021 09:02:36.0773 AM
[ReportManager] Successfully Opened [GoogleChrome]. @14-10-2021 09:02:40.0040 AM
[ReportManager] Target URL: [https://www.google.com/ncr], and after redirection: [www.google.com] @14-10-2021 09:02:40.0063 AM
[ReportManager] Initial URL: [data:,] @14-10-2021 09:02:40.0161 AM
[ReportManager] Browser Action [NavigateToURL] successfully performed. With the following test data [https://www.google.com/ncr]. @14-10-2021 09:02:40.0890 A

################################################################################################################################################
Starting Execution:	[24 out of 143] test cases in the current suite
Test Method:		[unitTests.tests_validations_assertions.assertElementAttribute_true_regexComparison_expectedToPass]
################################################################################################################################################
[ReportManager] Element Action [Type] successfully performed. With the following test data [Automation123]. @14-10-2021 09:02:41.0324 AM
[ReportManager] Element Action [GetText] successfully performed. With the following test data [Automation123]. @14-10-2021 09:02:41.0473 AM
[ReportManager] Loaded Shared OpenCV @14-10-2021 09:02:41.0595 AM
[ReportManager] Assertion [ValidateElementAttribute] PASSED. Expected [Value Should be 'Automation.*' for the 'text' attribute, element locator 'By.name: q'] and Actual [Automation123]. Comparison Type [MATCHES]. Validation Type [POSITIVE]. @14-10-2021 09:02:41.0665 AM
[ReportManager] Successfully created attachment [Screenshot - 1634202161595_assertElementAttribute_true_regexComparison_expectedToPass_ValidateElementAttribute_passed] @14-10-2021 09:02:41.0666 A
[ReportManager] Browser Action [CloseCurrentWindow] successfully performed. @14-10-2021 09:02:41.0812 AM
[ReportManager] Successfully created attachment [Browser Action Test Data - CloseCurrentWindow - Actual Value] @14-10-2021 09:02:41.0813 A
[ReportManager] File Action [GetAbsolutePath] successfully performed. With the following test data [Relative Folder Path: "target/downloadedFiles/"]. @14-10-2021 09:02:41.0816 AM
[ReportManager] Attempting to run remotely on: [Linux-64], [GoogleChrome], [http://localhost:4444/wd/hub], Headless Execution. @14-10-2021 09:02:41.0816 AM
[ReportManager] Successfully Opened [GoogleChrome]. @14-10-2021 09:02:45.0019 AM
[ReportManager] Target URL: [https://www.google.com/ncr], and after redirection: [www.google.com] @14-10-2021 09:02:45.0051 AM
[ReportManager] Initial URL: [data:,] @14-10-2021 09:02:45.0090 AM
[ReportManager] Browser Action [NavigateToURL] successfully performed. With the following test data [https://www.google.com/ncr]. @14-10-2021 09:02:45.0736 A

################################################################################################################################################
Starting Execution:	[25 out of 143] test cases in the current suite
Test Method:		[unitTests.tests_validations_assertions.assertElementAttribute_type_true_literalComparison_expectedToPass]
################################################################################################################################################
[ReportManager] Element Action [Type] successfully performed. With the following test data [Automation!@#$%^&*()_+{}[]\';/.,]. @14-10-2021 09:02:46.0457 AM
[ReportManager] Element Action [GetText] successfully performed. With the following test data [Automation!@#$%^&*()_+{}[]\';/.,]. @14-10-2021 09:02:46.0698 AM
[ReportManager] Loaded Shared OpenCV @14-10-2021 09:02:46.0903 AM
[ReportManager] Assertion [ValidateElementAttribute] PASSED. Expected [Value Should be 'Automation!@#$%^&*()_+{}[]\';/.,' for the 'text' attribute, element locator 'By.name: q'] and Actual [Automation!@#$%^&*()_+{}[]\';/.,]. Comparison Type [EQUALS]. Validation Type [POSITIVE]. @14-10-2021 09:02:46.0997 AM
[ReportManager] Successfully created attachment [Screenshot - 1634202166903_assertElementAttribute_type_true_literalComparison_expectedToPass_ValidateElementAttribute_passed] @14-10-2021 09:02:47.0004 A
[ReportManager] Browser Action [CloseCurrentWindow] successfully performed. @14-10-2021 09:02:47.0129 AM
[ReportManager] Successfully created attachment [Browser Action Test Data - CloseCurrentWindow - Actual Value] @14-10-2021 09:02:47.0130 A
[ReportManager] File Action [GetAbsolutePath] successfully performed. With the following test data [Relative Folder Path: "target/downloadedFiles/"]. @14-10-2021 09:02:47.0135 AM
[ReportManager] Attempting to run remotely on: [Linux-64], [GoogleChrome], [http://localhost:4444/wd/hub], Headless Execution. @14-10-2021 09:02:47.0135 AM
[ReportManager] Successfully Opened [GoogleChrome]. @14-10-2021 09:02:50.0040 AM
[ReportManager] Target URL: [https://www.google.com/ncr], and after redirection: [www.google.com] @14-10-2021 09:02:50.0055 AM
[ReportManager] Initial URL: [data:,] @14-10-2021 09:02:50.0115 AM
[ReportManager] Browser Action [NavigateToURL] successfully performed. With the following test data [https://www.google.com/ncr]. @14-10-2021 09:02:50.0808 A

################################################################################################################################################
Starting Execution:	[26 out of 143] test cases in the current suite
Test Method:		[unitTests.tests_validations_assertions.assertElementExists_false_expectedToFail]
###############################################################################################################################################
[ReportManager] Browser Action [CloseCurrentWindow] successfully performed. @14-10-2021 09:02:51.0052 AM
[ReportManager] Successfully created attachment [Browser Action Test Data - CloseCurrentWindow - Actual Value] @14-10-2021 09:02:51.0053 A
[ReportManager] File Action [GetAbsolutePath] successfully performed. With the following test data [Relative Folder Path: "target/downloadedFiles/"]. @14-10-2021 09:02:51.0056 AM
[ReportManager] Attempting to run remotely on: [Linux-64], [GoogleChrome], [http://localhost:4444/wd/hub], Headless Execution. @14-10-2021 09:02:51.0056 AM
[ReportManager] Successfully Opened [GoogleChrome]. @14-10-2021 09:02:55.0030 AM
[ReportManager] Target URL: [https://www.google.com/ncr], and after redirection: [www.google.com] @14-10-2021 09:02:55.0041 AM
[ReportManager] Initial URL: [data:,] @14-10-2021 09:02:55.0090 AM
[ReportManager] Browser Action [NavigateToURL] successfully performed. With the following test data [https://www.google.com/ncr]. @14-10-2021 09:02:55.0782 A

################################################################################################################################################
Starting Execution:	[27 out of 143] test cases in the current suite
Test Method:		[unitTests.tests_validations_assertions.assertElementExists_false_expectedToPass]
###############################################################################################################################################
[ReportManager] Browser Action [CloseCurrentWindow] successfully performed. @14-10-2021 09:02:56.0024 AM
[ReportManager] Successfully created attachment [Browser Action Test Data - CloseCurrentWindow - Actual Value] @14-10-2021 09:02:56.0025 A
[ReportManager] File Action [GetAbsolutePath] successfully performed. With the following test data [Relative Folder Path: "target/downloadedFiles/"]. @14-10-2021 09:02:56.0028 AM
[ReportManager] Attempting to run remotely on: [Linux-64], [GoogleChrome], [http://localhost:4444/wd/hub], Headless Execution. @14-10-2021 09:02:56.0028 AM
[ReportManager] Successfully Opened [GoogleChrome]. @14-10-2021 09:03:00.0025 AM
[ReportManager] Target URL: [https://www.google.com/ncr], and after redirection: [www.google.com] @14-10-2021 09:03:00.0037 AM
[ReportManager] Initial URL: [data:,] @14-10-2021 09:03:00.0130 AM
[ReportManager] Browser Action [NavigateToURL] successfully performed. With the following test data [https://www.google.com/ncr]. @14-10-2021 09:03:00.0755 A

################################################################################################################################################
Starting Execution:	[28 out of 143] test cases in the current suite
Test Method:		[unitTests.tests_validations_assertions.assertElementExists_false_multipleElementsFound_expectedToFail]
################################################################################################################################################
[ReportManager] Assertion [ValidateElementExists] FAILED. Expected [Element Should not Exist, locator 'By.xpath: //div'] and Actual [Element Exists but is not unique]. Comparison Type [EQUALS]. Validation Type [NEGATIVE]. @14-10-2021 09:03:01.0052 AM
[ReportManager] Successfully created attachment [Screenshot - 1634202180988_assertElementExists_false_multipleElementsFound_expectedToFail_ValidateElementExists_failed] @14-10-2021 09:03:01.0052 A
[ReportManager] Browser Action [CloseCurrentWindow] successfully performed. @14-10-2021 09:03:01.0195 AM
[ReportManager] Successfully created attachment [Browser Action Test Data - CloseCurrentWindow - Actual Value] @14-10-2021 09:03:01.0196 A
[ReportManager] File Action [GetAbsolutePath] successfully performed. With the following test data [Relative Folder Path: "target/downloadedFiles/"]. @14-10-2021 09:03:01.0202 AM
[ReportManager] Attempting to run remotely on: [Linux-64], [GoogleChrome], [http://localhost:4444/wd/hub], Headless Execution. @14-10-2021 09:03:01.0203 AM
[ReportManager] Successfully Opened [GoogleChrome]. @14-10-2021 09:03:05.0036 AM
[ReportManager] Target URL: [https://www.google.com/ncr], and after redirection: [www.google.com] @14-10-2021 09:03:05.0048 AM
[ReportManager] Initial URL: [data:,] @14-10-2021 09:03:05.0140 AM
[ReportManager] Browser Action [NavigateToURL] successfully performed. With the following test data [https://www.google.com/ncr]. @14-10-2021 09:03:05.0784 A

################################################################################################################################################
Starting Execution:	[29 out of 143] test cases in the current suite
Test Method:		[unitTests.tests_validations_assertions.assertElementExists_true_expectedToFail]
###############################################################################################################################################
[ReportManager] Browser Action [CloseCurrentWindow] successfully performed. @14-10-2021 09:03:06.0068 AM
[ReportManager] Successfully created attachment [Browser Action Test Data - CloseCurrentWindow - Actual Value] @14-10-2021 09:03:06.0069 A
[ReportManager] File Action [GetAbsolutePath] successfully performed. With the following test data [Relative Folder Path: "target/downloadedFiles/"]. @14-10-2021 09:03:06.0073 AM
[ReportManager] Attempting to run remotely on: [Linux-64], [GoogleChrome], [http://localhost:4444/wd/hub], Headless Execution. @14-10-2021 09:03:06.0073 AM
[ReportManager] Successfully Opened [GoogleChrome]. @14-10-2021 09:03:10.0034 AM
[ReportManager] Target URL: [https://www.google.com/ncr], and after redirection: [www.google.com] @14-10-2021 09:03:10.0061 AM
[ReportManager] Initial URL: [data:,] @14-10-2021 09:03:10.0113 AM
[ReportManager] Browser Action [NavigateToURL] successfully performed. With the following test data [https://www.google.com/ncr]. @14-10-2021 09:03:10.0777 A

################################################################################################################################################
Starting Execution:	[30 out of 143] test cases in the current suite
Test Method:		[unitTests.tests_validations_assertions.assertElementExists_true_expectedToPass]
################################################################################################################################################
[ReportManager] Loaded Shared OpenCV @14-10-2021 09:03:11.0007 AM
[ReportManager] Assertion [ValidateElementExists] PASSED. Expected [Element Should Exist, locator 'By.xpath: //*[@id='hplogo' or @alt='Google']'] and Actual [Element Exists]. Comparison Type [EQUALS]. Validation Type [POSITIVE]. @14-10-2021 09:03:11.0078 AM
[ReportManager] Successfully created attachment [Screenshot - 1634202191007_assertElementExists_true_expectedToPass_ValidateElementExists_passed] @14-10-2021 09:03:11.0079 A
[ReportManager] Browser Action [CloseCurrentWindow] successfully performed. @14-10-2021 09:03:11.0213 AM
[ReportManager] Successfully created attachment [Browser Action Test Data - CloseCurrentWindow - Actual Value] @14-10-2021 09:03:11.0214 A
[ReportManager] File Action [GetAbsolutePath] successfully performed. With the following test data [Relative Folder Path: "target/downloadedFiles/"]. @14-10-2021 09:03:11.0218 AM
[ReportManager] Attempting to run remotely on: [Linux-64], [GoogleChrome], [http://localhost:4444/wd/hub], Headless Execution. @14-10-2021 09:03:11.0225 AM
[ReportManager] Successfully Opened [GoogleChrome]. @14-10-2021 09:03:15.0051 AM
[ReportManager] Target URL: [https://www.google.com/ncr], and after redirection: [www.google.com] @14-10-2021 09:03:15.0062 AM
[ReportManager] Initial URL: [data:,] @14-10-2021 09:03:15.0129 AM
[ReportManager] Browser Action [NavigateToURL] successfully performed. With the following test data [https://www.google.com/ncr]. @14-10-2021 09:03:15.0751 A

################################################################################################################################################
Starting Execution:	[31 out of 143] test cases in the current suite
Test Method:		[unitTests.tests_validations_assertions.assertElementExists_true_multipleElementsFound_expectedToFail]
################################################################################################################################################
[ReportManager] Assertion [ValidateElementExists] FAILED. Expected [Element Should Exist, locator 'By.xpath: //div'] and Actual [Element Exists but is not unique]. Comparison Type [EQUALS]. Validation Type [POSITIVE]. @14-10-2021 09:03:15.0992 AM
[ReportManager] Successfully created attachment [Screenshot - 1634202195939_assertElementExists_true_multipleElementsFound_expectedToFail_ValidateElementExists_failed] @14-10-2021 09:03:15.0992 A
[ReportManager] Browser Action [CloseCurrentWindow] successfully performed. @14-10-2021 09:03:16.0118 AM
[ReportManager] Successfully created attachment [Browser Action Test Data - CloseCurrentWindow - Actual Value] @14-10-2021 09:03:16.0119 A

################################################################################################################################################
Starting Execution:	[32 out of 143] test cases in the current suite
Test Method:		[unitTests.tests_validations_assertions.assertEquals_false_expectedToFail]
################################################################################################################################################
[ReportManager] Assertion [ValidateEquals] FAILED. Expected [1] and Actual [1]. Comparison Type [EQUALS]. Validation Type [NEGATIVE]. @14-10-2021 09:03:16.0132 A

################################################################################################################################################
Starting Execution:	[33 out of 143] test cases in the current suite
Test Method:		[unitTests.tests_validations_assertions.assertEquals_false_expectedToPass]
################################################################################################################################################
[ReportManager] Assertion [ValidateEquals] PASSED. Expected [1] and Actual [2]. Comparison Type [EQUALS]. Validation Type [NEGATIVE]. @14-10-2021 09:03:16.0138 A

################################################################################################################################################
Starting Execution:	[34 out of 143] test cases in the current suite
Test Method:		[unitTests.tests_validations_assertions.assertEquals_longCharacters]
################################################################################################################################################
[ReportManager] Verification [ValidateEquals] PASSED. Expected and Actual values are attached. Comparison Type [EQUALS]. Validation Type [POSITIVE]. @14-10-2021 09:03:16.0145 AM
[ReportManager] Successfully created attachment [Validation Test Data - Expected Value] @14-10-2021 09:03:16.0145 AM
[ReportManager] Successfully created attachment [Validation Test Data - Actual Value] @14-10-2021 09:03:16.0145 AM
[ReportManager] Assertion [ValidateEquals] PASSED. Expected and Actual values are attached. Comparison Type [EQUALS]. Validation Type [POSITIVE]. @14-10-2021 09:03:16.0146 AM
[ReportManager] Successfully created attachment [Validation Test Data - Expected Value] @14-10-2021 09:03:16.0146 AM
[ReportManager] Successfully created attachment [Validation Test Data - Actual Value] @14-10-2021 09:03:16.0146 A

################################################################################################################################################
Starting Execution:	[35 out of 143] test cases in the current suite
Test Method:		[unitTests.tests_validations_assertions.assertEquals_longCharacters_Discreet]
################################################################################################################################################
[ReportManager] Assertion [ValidateEquals] PASSED. Expected [1LH5pROcDBjjQk0t0mCr0lXuzQu9lcGj28kY8R1H81X67eVAQJgWQhILiRWVPUgZ6uCtK5cnBkF55Jr9vYngjGO1Iyf0Mktv6lruDlL9T8MAUPcUZJGHZtji6nIeadujDSNmWMj5d6C8zlFqw0CRqBU0hO5adIasHgBSNoLotAjce3NGXoDwAlp3rYreeV16VIyZXROQY] and Actual [1LH5pROcDBjjQk0t0mCr0lXuzQu9lcGj28kY8R1H81X67eVAQJgWQhILiRWVPUgZ6uCtK5cnBkF55Jr9vYngjGO1Iyf0Mktv6lruDlL9T8MAUPcUZJGHZtji6nIeadujDSNmWMj5d6C8zlFqw0CRqBU0hO5adIasHgBSNoLotAjce3NGXoDwAlp3rYreeV16VIyZXROQY]. Comparison Type [EQUALS]. Validation Type [POSITIVE]. @14-10-2021 09:03:16.0150 A

################################################################################################################################################
Starting Execution:	[36 out of 143] test cases in the current suite
Test Method:		[unitTests.tests_validations_assertions.assertEquals_true_expectedToFail]
################################################################################################################################################
[ReportManager] Assertion [ValidateEquals] FAILED. Expected [1] and Actual [2]. Comparison Type [EQUALS]. Validation Type [POSITIVE]. @14-10-2021 09:03:16.0153 A

################################################################################################################################################
Starting Execution:	[37 out of 143] test cases in the current suite
Test Method:		[unitTests.tests_validations_assertions.assertEquals_true_expectedToPass]
Test Description:	[Assert that assertEquals works as expected when the two values are equal.]
################################################################################################################################################
[ReportManager] Verification [ValidateEquals] PASSED. Expected [1] and Actual [1]. Comparison Type [EQUALS]. Validation Type [POSITIVE]. @14-10-2021 09:03:16.0161 AM
[ReportManager] Assertion [ValidateEquals] PASSED. Expected [1] and Actual [1]. Comparison Type [EQUALS]. Validation Type [POSITIVE]. @14-10-2021 09:03:16.0161 A

################################################################################################################################################
Starting Execution:	[38 out of 143] test cases in the current suite
Test Method:		[unitTests.tests_validations_assertions.assertEquals_true_expectedToPass__]
################################################################################################################################################
[ReportManager] Assertion [ValidateEquals] PASSED. Expected [1] and Actual [1]. Comparison Type [EQUALS]. Validation Type [POSITIVE]. @14-10-2021 09:03:16.0163 A

################################################################################################################################################
Starting Execution:	[39 out of 143] test cases in the current suite
Test Method:		[unitTests.tests_validations_assertions.assertFileExists_false_expectedToFail]
################################################################################################################################################
[ReportManager] File Action [DoesFileExist] successfully performed. With the following test data [File Path: "src/main/java/com/shaft/gui/element/ElementActions.java"]. @14-10-2021 09:03:16.0166 AM
[ReportManager] Assertion [ValidateFileExists] FAILED. Expected [File 'src/main/java/com/shaft/gui/element/ElementActions.java' should not exist, after up to '1' retries] and Actual [File exists]. Validation Type [NEGATIVE]. @14-10-2021 09:03:16.0170 A

################################################################################################################################################
Starting Execution:	[40 out of 143] test cases in the current suite
Test Method:		[unitTests.tests_validations_assertions.assertFileExists_false_expectedToPass]
################################################################################################################################################
[ReportManager] File Action [DoesFileExist] successfully performed. With the following test data [File Path: "src/main/java/com/shaft/gui/element/ElementActions.java_fail"]. @14-10-2021 09:03:16.0675 AM
[ReportManager] Assertion [ValidateFileExists] PASSED. Expected [File 'src/main/java/com/shaft/gui/element/ElementActions.java_fail' should not exist, after up to '1' retries] and Actual [File does not exist]. Validation Type [NEGATIVE]. @14-10-2021 09:03:16.0675 A

################################################################################################################################################
Starting Execution:	[41 out of 143] test cases in the current suite
Test Method:		[unitTests.tests_validations_assertions.assertFileExists_true_expectedToFail]
################################################################################################################################################
[ReportManager] File Action [DoesFileExist] successfully performed. With the following test data [File Path: "src/main/java/com/shaft/gui/element/ElementActions.java_fail"]. @14-10-2021 09:03:17.0181 AM
[ReportManager] Assertion [ValidateFileExists] FAILED. Expected [File 'src/main/java/com/shaft/gui/element/ElementActions.java_fail' should exist, after up to '1' retries] and Actual [File does not exist]. Validation Type [POSITIVE]. @14-10-2021 09:03:17.0182 A

################################################################################################################################################
Starting Execution:	[42 out of 143] test cases in the current suite
Test Method:		[unitTests.tests_validations_assertions.assertFileExists_true_expectedToPass]
################################################################################################################################################
[ReportManager] File Action [DoesFileExist] successfully performed. With the following test data [File Path: "src/main/java/com/shaft/gui/element/ElementActions.java"]. @14-10-2021 09:03:17.0188 AM
[ReportManager] Assertion [ValidateFileExists] PASSED. Expected [File 'src/main/java/com/shaft/gui/element/ElementActions.java' should exist, after up to '1' retries] and Actual [File exists]. Validation Type [POSITIVE]. @14-10-2021 09:03:17.0188 A

################################################################################################################################################
Starting Execution:	[43 out of 143] test cases in the current suite
Test Method:		[unitTests.tests_validations_assertions.assertNull_false_expectedToFail]
################################################################################################################################################
[ReportManager] Assertion [ValidateNull] FAILED. Expected [NULL] and Actual [NULL]. Comparison Type [EQUALS]. Validation Type [NEGATIVE]. @14-10-2021 09:03:17.0192 A

################################################################################################################################################
Starting Execution:	[44 out of 143] test cases in the current suite
Test Method:		[unitTests.tests_validations_assertions.assertNull_false_expectedToPass]
################################################################################################################################################
[ReportManager] Assertion [ValidateNull] PASSED. Expected [NULL] and Actual [1]. Comparison Type [EQUALS]. Validation Type [NEGATIVE]. @14-10-2021 09:03:17.0195 A

################################################################################################################################################
Starting Execution:	[45 out of 143] test cases in the current suite
Test Method:		[unitTests.tests_validations_assertions.assertNull_true_expectedToFail]
################################################################################################################################################
[ReportManager] Assertion [ValidateNull] FAILED. Expected [NULL] and Actual [1]. Comparison Type [EQUALS]. Validation Type [POSITIVE]. @14-10-2021 09:03:17.0198 A

################################################################################################################################################
Starting Execution:	[46 out of 143] test cases in the current suite
Test Method:		[unitTests.tests_validations_assertions.assertNull_true_expectedToPass]
################################################################################################################################################
[ReportManager] Assertion [ValidateNull] PASSED. Expected [NULL] and Actual [NULL]. Comparison Type [EQUALS]. Validation Type [POSITIVE]. @14-10-2021 09:03:17.0201 A

################################################################################################################################################
Starting Execution:	[47 out of 143] test cases in the current suite
Test Method:		[unitTests.tests_restActions.getPostsAndAssertBodyForSpecificTitle]
################################################################################################################################################
[ReportManager] Response status code: [200], status line: [HTTP/1.1 200 OK] @14-10-2021 09:03:19.0096 AM
[ReportManager] Assertion Passed: Evaluating the actual response status code against the expected one... @14-10-2021 09:03:19.0097 AM
[ReportManager] Assertion [ValidateEquals] PASSED. Expected [200] and Actual [200]. Comparison Type [EQUALS]. Validation Type [POSITIVE]. @14-10-2021 09:03:19.0098 AM
[ReportManager] API Action [PerformRequest] successfully performed. With the following test data [Request Type: "GET" | Target Status Code: "200" | Service URL: "https://jsonplaceholder.typicode.com/posts" | Content Type: "*/*" | Response Time: "693ms"]. @14-10-2021 09:03:20.0299 AM
[ReportManager] Successfully created attachment [API Request - Specifications] @14-10-2021 09:03:20.0300 AM
[ReportManager] Successfully created attachment [API Response - JSON Body] @14-10-2021 09:03:20.0558 AM
[ReportManager] API Action [GetResponseJSONValueAsList] successfully performed. @14-10-2021 09:03:20.0584 AM
[ReportManager] API Action [GetResponseJSONValue] successfully performed. With the following test data [title]. @14-10-2021 09:03:20.0610 AM
[ReportManager] API Action [GetResponseJSONValue] successfully performed. With the following test data [title]. @14-10-2021 09:03:20.0631 AM
[ReportManager] API Action [GetResponseJSONValue] successfully performed. With the following test data [body]. @14-10-2021 09:03:20.0654 AM
[ReportManager] Assertion [ValidateEquals] PASSED. Expected [qui neque nisi nulla] and Actual [est rerum tempore vitae
sequi sint nihil reprehenderit dolor beatae ea dolores neque
fugiat blanditiis voluptate porro vel nihil molestiae ut reiciendis
qui aperiam non debitis possimus qui neque nisi nulla]. Comparison Type [CONTAINS]. Validation Type [POSITIVE]. @14-10-2021 09:03:20.0654 AM
[ReportManager] API Action [GetResponseJSONValue] successfully performed. With the following test data [title]. @14-10-2021 09:03:20.0670 AM
[ReportManager] API Action [GetResponseJSONValue] successfully performed. With the following test data [title]. @14-10-2021 09:03:20.0686 AM
[ReportManager] API Action [GetResponseJSONValue] successfully performed. With the following test data [title]. @14-10-2021 09:03:20.0705 AM
[ReportManager] API Action [GetResponseJSONValue] successfully performed. With the following test data [title]. @14-10-2021 09:03:20.0723 AM
[ReportManager] API Action [GetResponseJSONValue] successfully performed. With the following test data [title]. @14-10-2021 09:03:20.0739 AM
[ReportManager] API Action [GetResponseJSONValue] successfully performed. With the following test data [title]. @14-10-2021 09:03:20.0757 AM
[ReportManager] API Action [GetResponseJSONValue] successfully performed. With the following test data [title]. @14-10-2021 09:03:20.0775 AM
[ReportManager] API Action [GetResponseJSONValue] successfully performed. With the following test data [title]. @14-10-2021 09:03:20.0791 AM
[ReportManager] API Action [GetResponseJSONValue] successfully performed. With the following test data [title]. @14-10-2021 09:03:20.0811 AM
[ReportManager] API Action [GetResponseJSONValue] successfully performed. With the following test data [title]. @14-10-2021 09:03:20.0826 AM
[ReportManager] API Action [GetResponseJSONValue] successfully performed. With the following test data [title]. @14-10-2021 09:03:20.0849 AM
[ReportManager] API Action [GetResponseJSONValue] successfully performed. With the following test data [title]. @14-10-2021 09:03:20.0879 AM
[ReportManager] API Action [GetResponseJSONValue] successfully performed. With the following test data [title]. @14-10-2021 09:03:20.0895 AM
[ReportManager] API Action [GetResponseJSONValue] successfully performed. With the following test data [title]. @14-10-2021 09:03:20.0911 AM
[ReportManager] API Action [GetResponseJSONValue] successfully performed. With the following test data [title]. @14-10-2021 09:03:20.0931 AM
[ReportManager] API Action [GetResponseJSONValue] successfully performed. With the following test data [title]. @14-10-2021 09:03:20.0947 AM
[ReportManager] API Action [GetResponseJSONValue] successfully performed. With the following test data [title]. @14-10-2021 09:03:20.0960 AM
[ReportManager] API Action [GetResponseJSONValue] successfully performed. With the following test data [title]. @14-10-2021 09:03:20.0976 AM
[ReportManager] API Action [GetResponseJSONValue] successfully performed. With the following test data [title]. @14-10-2021 09:03:20.0987 AM
[ReportManager] API Action [GetResponseJSONValue] successfully performed. With the following test data [title]. @14-10-2021 09:03:21.0004 AM
[ReportManager] API Action [GetResponseJSONValue] successfully performed. With the following test data [title]. @14-10-2021 09:03:21.0020 AM
[ReportManager] API Action [GetResponseJSONValue] successfully performed. With the following test data [title]. @14-10-2021 09:03:21.0040 AM
[ReportManager] API Action [GetResponseJSONValue] successfully performed. With the following test data [title]. @14-10-2021 09:03:21.0055 AM
[ReportManager] API Action [GetResponseJSONValue] successfully performed. With the following test data [title]. @14-10-2021 09:03:21.0069 AM
[ReportManager] API Action [GetResponseJSONValue] successfully performed. With the following test data [title]. @14-10-2021 09:03:21.0086 AM
[ReportManager] API Action [GetResponseJSONValue] successfully performed. With the following test data [title]. @14-10-2021 09:03:21.0120 AM
[ReportManager] API Action [GetResponseJSONValue] successfully performed. With the following test data [title]. @14-10-2021 09:03:21.0152 AM
[ReportManager] API Action [GetResponseJSONValue] successfully performed. With the following test data [title]. @14-10-2021 09:03:21.0171 AM
[ReportManager] API Action [GetResponseJSONValue] successfully performed. With the following test data [title]. @14-10-2021 09:03:21.0184 AM
[ReportManager] API Action [GetResponseJSONValue] successfully performed. With the following test data [title]. @14-10-2021 09:03:21.0193 AM
[ReportManager] API Action [GetResponseJSONValue] successfully performed. With the following test data [title]. @14-10-2021 09:03:21.0201 AM
[ReportManager] API Action [GetResponseJSONValue] successfully performed. With the following test data [title]. @14-10-2021 09:03:21.0211 AM
[ReportManager] API Action [GetResponseJSONValue] successfully performed. With the following test data [title]. @14-10-2021 09:03:21.0227 AM
[ReportManager] API Action [GetResponseJSONValue] successfully performed. With the following test data [title]. @14-10-2021 09:03:21.0236 AM
[ReportManager] API Action [GetResponseJSONValue] successfully performed. With the following test data [title]. @14-10-2021 09:03:21.0248 AM
[ReportManager] API Action [GetResponseJSONValue] successfully performed. With the following test data [title]. @14-10-2021 09:03:21.0256 AM
[ReportManager] API Action [GetResponseJSONValue] successfully performed. With the following test data [title]. @14-10-2021 09:03:21.0264 AM
[ReportManager] API Action [GetResponseJSONValue] successfully performed. With the following test data [title]. @14-10-2021 09:03:21.0273 AM
[ReportManager] API Action [GetResponseJSONValue] successfully performed. With the following test data [title]. @14-10-2021 09:03:21.0291 AM
[ReportManager] API Action [GetResponseJSONValue] successfully performed. With the following test data [title]. @14-10-2021 09:03:21.0300 AM
[ReportManager] API Action [GetResponseJSONValue] successfully performed. With the following test data [title]. @14-10-2021 09:03:21.0310 AM
[ReportManager] API Action [GetResponseJSONValue] successfully performed. With the following test data [title]. @14-10-2021 09:03:21.0319 AM
[ReportManager] API Action [GetResponseJSONValue] successfully performed. With the following test data [title]. @14-10-2021 09:03:21.0329 AM
[ReportManager] API Action [GetResponseJSONValue] successfully performed. With the following test data [title]. @14-10-2021 09:03:21.0345 AM
[ReportManager] API Action [GetResponseJSONValue] successfully performed. With the following test data [title]. @14-10-2021 09:03:21.0354 AM
[ReportManager] API Action [GetResponseJSONValue] successfully performed. With the following test data [title]. @14-10-2021 09:03:21.0363 AM
[ReportManager] API Action [GetResponseJSONValue] successfully performed. With the following test data [title]. @14-10-2021 09:03:21.0372 AM
[ReportManager] API Action [GetResponseJSONValue] successfully performed. With the following test data [title]. @14-10-2021 09:03:21.0381 AM
[ReportManager] API Action [GetResponseJSONValue] successfully performed. With the following test data [title]. @14-10-2021 09:03:21.0390 AM
[ReportManager] API Action [GetResponseJSONValue] successfully performed. With the following test data [title]. @14-10-2021 09:03:21.0399 AM
[ReportManager] API Action [GetResponseJSONValue] successfully performed. With the following test data [title]. @14-10-2021 09:03:21.0408 AM
[ReportManager] API Action [GetResponseJSONValue] successfully performed. With the following test data [title]. @14-10-2021 09:03:21.0417 AM
[ReportManager] API Action [GetResponseJSONValue] successfully performed. With the following test data [title]. @14-10-2021 09:03:21.0426 AM
[ReportManager] API Action [GetResponseJSONValue] successfully performed. With the following test data [title]. @14-10-2021 09:03:21.0435 AM
[ReportManager] API Action [GetResponseJSONValue] successfully performed. With the following test data [title]. @14-10-2021 09:03:21.0443 AM
[ReportManager] API Action [GetResponseJSONValue] successfully performed. With the following test data [title]. @14-10-2021 09:03:21.0452 AM
[ReportManager] API Action [GetResponseJSONValue] successfully performed. With the following test data [title]. @14-10-2021 09:03:21.0461 AM
[ReportManager] API Action [GetResponseJSONValue] successfully performed. With the following test data [title]. @14-10-2021 09:03:21.0469 AM
[ReportManager] API Action [GetResponseJSONValue] successfully performed. With the following test data [title]. @14-10-2021 09:03:21.0478 AM
[ReportManager] API Action [GetResponseJSONValue] successfully performed. With the following test data [title]. @14-10-2021 09:03:21.0502 AM
[ReportManager] API Action [GetResponseJSONValue] successfully performed. With the following test data [title]. @14-10-2021 09:03:21.0517 AM
[ReportManager] API Action [GetResponseJSONValue] successfully performed. With the following test data [title]. @14-10-2021 09:03:21.0526 AM
[ReportManager] API Action [GetResponseJSONValue] successfully performed. With the following test data [title]. @14-10-2021 09:03:21.0536 AM
[ReportManager] API Action [GetResponseJSONValue] successfully performed. With the following test data [title]. @14-10-2021 09:03:21.0546 AM
[ReportManager] API Action [GetResponseJSONValue] successfully performed. With the following test data [title]. @14-10-2021 09:03:21.0555 AM
[ReportManager] API Action [GetResponseJSONValue] successfully performed. With the following test data [title]. @14-10-2021 09:03:21.0564 AM
[ReportManager] API Action [GetResponseJSONValue] successfully performed. With the following test data [title]. @14-10-2021 09:03:21.0573 AM
[ReportManager] API Action [GetResponseJSONValue] successfully performed. With the following test data [title]. @14-10-2021 09:03:21.0582 AM
[ReportManager] API Action [GetResponseJSONValue] successfully performed. With the following test data [title]. @14-10-2021 09:03:21.0590 AM
[ReportManager] API Action [GetResponseJSONValue] successfully performed. With the following test data [title]. @14-10-2021 09:03:21.0600 AM
[ReportManager] API Action [GetResponseJSONValue] successfully performed. With the following test data [title]. @14-10-2021 09:03:21.0611 AM
[ReportManager] API Action [GetResponseJSONValue] successfully performed. With the following test data [title]. @14-10-2021 09:03:21.0625 AM
[ReportManager] API Action [GetResponseJSONValue] successfully performed. With the following test data [title]. @14-10-2021 09:03:21.0642 AM
[ReportManager] API Action [GetResponseJSONValue] successfully performed. With the following test data [title]. @14-10-2021 09:03:21.0658 AM
[ReportManager] API Action [GetResponseJSONValue] successfully performed. With the following test data [title]. @14-10-2021 09:03:21.0668 AM
[ReportManager] API Action [GetResponseJSONValue] successfully performed. With the following test data [title]. @14-10-2021 09:03:21.0678 AM
[ReportManager] API Action [GetResponseJSONValue] successfully performed. With the following test data [title]. @14-10-2021 09:03:21.0692 AM
[ReportManager] API Action [GetResponseJSONValue] successfully performed. With the following test data [title]. @14-10-2021 09:03:21.0701 AM
[ReportManager] API Action [GetResponseJSONValue] successfully performed. With the following test data [title]. @14-10-2021 09:03:21.0709 AM
[ReportManager] API Action [GetResponseJSONValue] successfully performed. With the following test data [title]. @14-10-2021 09:03:21.0719 AM
[ReportManager] API Action [GetResponseJSONValue] successfully performed. With the following test data [title]. @14-10-2021 09:03:21.0729 AM
[ReportManager] API Action [GetResponseJSONValue] successfully performed. With the following test data [title]. @14-10-2021 09:03:21.0747 AM
[ReportManager] API Action [GetResponseJSONValue] successfully performed. With the following test data [title]. @14-10-2021 09:03:21.0755 AM
[ReportManager] API Action [GetResponseJSONValue] successfully performed. With the following test data [title]. @14-10-2021 09:03:21.0762 AM
[ReportManager] API Action [GetResponseJSONValue] successfully performed. With the following test data [title]. @14-10-2021 09:03:21.0770 AM
[ReportManager] API Action [GetResponseJSONValue] successfully performed. With the following test data [title]. @14-10-2021 09:03:21.0780 AM
[ReportManager] API Action [GetResponseJSONValue] successfully performed. With the following test data [title]. @14-10-2021 09:03:21.0789 AM
[ReportManager] API Action [GetResponseJSONValue] successfully performed. With the following test data [title]. @14-10-2021 09:03:21.0796 AM
[ReportManager] API Action [GetResponseJSONValue] successfully performed. With the following test data [title]. @14-10-2021 09:03:21.0808 AM
[ReportManager] API Action [GetResponseJSONValue] successfully performed. With the following test data [title]. @14-10-2021 09:03:21.0816 AM
[ReportManager] API Action [GetResponseJSONValue] successfully performed. With the following test data [title]. @14-10-2021 09:03:21.0827 AM
[ReportManager] API Action [GetResponseJSONValue] successfully performed. With the following test data [title]. @14-10-2021 09:03:21.0848 AM
[ReportManager] API Action [GetResponseJSONValue] successfully performed. With the following test data [title]. @14-10-2021 09:03:21.0859 AM
[ReportManager] API Action [GetResponseJSONValue] successfully performed. With the following test data [title]. @14-10-2021 09:03:21.0868 AM
[ReportManager] API Action [GetResponseJSONValue] successfully performed. With the following test data [title]. @14-10-2021 09:03:21.0878 AM
[ReportManager] API Action [GetResponseJSONValue] successfully performed. With the following test data [title]. @14-10-2021 09:03:21.0887 AM
[ReportManager] API Action [GetResponseJSONValue] successfully performed. With the following test data [title]. @14-10-2021 09:03:21.0895 AM
[ReportManager] API Action [GetResponseJSONValue] successfully performed. With the following test data [title]. @14-10-2021 09:03:21.0902 A

################################################################################################################################################
Starting Execution:	[48 out of 143] test cases in the current suite
Test Method:		[unitTests.tests_restActions.validateUserEmail]
################################################################################################################################################
[ReportManager] Response status code: [200], status line: [HTTP/1.1 200 OK] @14-10-2021 09:03:21.0979 AM
[ReportManager] Assertion Passed: Evaluating the actual response status code against the expected one... @14-10-2021 09:03:21.0979 AM
[ReportManager] Assertion [ValidateEquals] PASSED. Expected [200] and Actual [200]. Comparison Type [EQUALS]. Validation Type [POSITIVE]. @14-10-2021 09:03:21.0979 AM
[ReportManager] API Action [PerformRequest] successfully performed. With the following test data [Request Type: "GET" | Target Status Code: "200" | Service URL: "https://jsonplaceholder.typicode.com/users" | Content Type: "*/*" | Response Time: "64ms"]. @14-10-2021 09:03:22.0039 AM
[ReportManager] Successfully created attachment [API Request - Specifications] @14-10-2021 09:03:22.0039 AM
[ReportManager] Successfully created attachment [API Response - JSON Body] @14-10-2021 09:03:22.0040 AM
[ReportManager] Assertion [ValidateEquals] PASSED. Expected and Actual values are attached. Comparison Type [CONTAINS]. Validation Type [POSITIVE]. @14-10-2021 09:03:22.0065 AM
[ReportManager] Successfully created attachment [Validation Test Data - Expected Value] @14-10-2021 09:03:22.0065 AM
[ReportManager] Successfully created attachment [Validation Test Data - Actual Value] @14-10-2021 09:03:22.0065 AM
[ReportManager] API Action [GetResponseJSONValueAsList] successfully performed. With the following test data [$]. @14-10-2021 09:03:22.0069 AM
[ReportManager] API Action [GetResponseJSONValue] successfully performed. With the following test data [name]. @14-10-2021 09:03:22.0080 AM
[ReportManager] API Action [GetResponseJSONValue] successfully performed. With the following test data [email]. @14-10-2021 09:03:22.0088 AM
[ReportManager] Assertion [ValidateEquals] PASSED. Expected [Sincere@april.biz] and Actual [Sincere@april.biz]. Comparison Type [EQUALS]. Validation Type [POSITIVE]. @14-10-2021 09:03:22.0088 AM
[ReportManager] API Action [GetResponseJSONValue] successfully performed. With the following test data [name]. @14-10-2021 09:03:22.0096 AM
[ReportManager] API Action [GetResponseJSONValue] successfully performed. With the following test data [name]. @14-10-2021 09:03:22.0104 AM
[ReportManager] API Action [GetResponseJSONValue] successfully performed. With the following test data [name]. @14-10-2021 09:03:22.0112 AM
[ReportManager] API Action [GetResponseJSONValue] successfully performed. With the following test data [name]. @14-10-2021 09:03:22.0120 AM
[ReportManager] API Action [GetResponseJSONValue] successfully performed. With the following test data [name]. @14-10-2021 09:03:22.0127 AM
[ReportManager] API Action [GetResponseJSONValue] successfully performed. With the following test data [name]. @14-10-2021 09:03:22.0134 AM
[ReportManager] API Action [GetResponseJSONValue] successfully performed. With the following test data [name]. @14-10-2021 09:03:22.0142 AM
[ReportManager] API Action [GetResponseJSONValue] successfully performed. With the following test data [name]. @14-10-2021 09:03:22.0149 AM
[ReportManager] API Action [GetResponseJSONValue] successfully performed. With the following test data [name]. @14-10-2021 09:03:22.0155 A
[ReportManager] File Action [GetAbsolutePath] successfully performed. With the following test data [Relative Folder Path: "target/downloadedFiles/"]. @14-10-2021 09:03:22.0158 AM
[ReportManager] Attempting to run remotely on: [Linux-64], [GoogleChrome], [http://localhost:4444/wd/hub], Headless Execution. @14-10-2021 09:03:22.0158 AM
[ReportManager] Successfully Opened [GoogleChrome]. @14-10-2021 09:03:25.0032 AM
[ReportManager] Target URL: [https://duckduckgo.com] @14-10-2021 09:03:25.0046 AM
[ReportManager] Initial URL: [data:,] @14-10-2021 09:03:25.0089 AM
[ReportManager] Browser Action [NavigateToURL] successfully performed. With the following test data [https://duckduckgo.com]. @14-10-2021 09:03:25.0682 A

################################################################################################################################################
Starting Execution:	[49 out of 143] test cases in the current suite
Test Method:		[unitTests.tests_browserActions.fullScreenWindow]
################################################################################################################################################
[ReportManager] Initial Windows Size: 800x600 @14-10-2021 09:03:25.0707 AM
[ReportManager] Initial window size: (800, 600) @14-10-2021 09:03:25.0721 AM
[ReportManager] Window size after Toolkit: (1920, 1080) @14-10-2021 09:03:26.0001 AM
[ReportManager] Browser Action [MaximizeWindow] successfully performed. With the following test data [New screen size is now: (1920, 1080)]. @14-10-2021 09:03:26.0019 AM
[ReportManager] Current Windows Size after fullScreen: 1920x1080 @14-10-2021 09:03:26.0035 AM
[ReportManager] Browser Action [FullScreenWindow] successfully performed. @14-10-2021 09:03:26.0050 AM
[ReportManager] Successfully created attachment [Browser Action Test Data - FullScreenWindow - Actual Value] @14-10-2021 09:03:26.0052 A
[ReportManager] Target URL: [https://duckduckgo.com] @14-10-2021 09:03:26.0058 AM
[ReportManager] Initial URL: [https://duckduckgo.com] @14-10-2021 09:03:26.0135 AM
[ReportManager] Browser Action [NavigateToURL] successfully performed. With the following test data [https://duckduckgo.com]. @14-10-2021 09:03:26.0498 AM
[ReportManager] Browser Action [CloseCurrentWindow] successfully performed. @14-10-2021 09:03:26.0666 AM
[ReportManager] Successfully created attachment [Browser Action Test Data - CloseCurrentWindow - Actual Value] @14-10-2021 09:03:26.0668 A
[ReportManager] File Action [GetAbsolutePath] successfully performed. With the following test data [Relative Folder Path: "target/downloadedFiles/"]. @14-10-2021 09:03:26.0680 AM
[ReportManager] Attempting to run remotely on: [Linux-64], [GoogleChrome], [http://localhost:4444/wd/hub], Headless Execution. @14-10-2021 09:03:26.0680 AM
[ReportManager] Successfully Opened [GoogleChrome]. @14-10-2021 09:03:30.0031 AM
[ReportManager] Target URL: [https://duckduckgo.com] @14-10-2021 09:03:30.0048 AM
[ReportManager] Initial URL: [data:,] @14-10-2021 09:03:30.0129 AM
[ReportManager] Browser Action [NavigateToURL] successfully performed. With the following test data [https://duckduckgo.com]. @14-10-2021 09:03:30.0576 A

################################################################################################################################################
Starting Execution:	[50 out of 143] test cases in the current suite
Test Method:		[unitTests.tests_browserActions.getCurrentURL]
################################################################################################################################################
[ReportManager] Browser Action [GetCurrentURL] successfully performed. With the following test data [https://duckduckgo.com/]. @14-10-2021 09:03:30.0647 A
[ReportManager] Target URL: [https://duckduckgo.com] @14-10-2021 09:03:30.0654 AM
[ReportManager] Initial URL: [https://duckduckgo.com] @14-10-2021 09:03:30.0707 AM
[ReportManager] Browser Action [NavigateToURL] successfully performed. With the following test data [https://duckduckgo.com]. @14-10-2021 09:03:31.0097 AM
[ReportManager] Browser Action [CloseCurrentWindow] successfully performed. @14-10-2021 09:03:31.0222 AM
[ReportManager] Successfully created attachment [Browser Action Test Data - CloseCurrentWindow - Actual Value] @14-10-2021 09:03:31.0222 A
[ReportManager] File Action [GetAbsolutePath] successfully performed. With the following test data [Relative Folder Path: "target/downloadedFiles/"]. @14-10-2021 09:03:31.0225 AM
[ReportManager] Attempting to run remotely on: [Linux-64], [GoogleChrome], [http://localhost:4444/wd/hub], Headless Execution. @14-10-2021 09:03:31.0225 AM
[ReportManager] Successfully Opened [GoogleChrome]. @14-10-2021 09:03:35.0020 AM
[ReportManager] Target URL: [https://duckduckgo.com] @14-10-2021 09:03:35.0042 AM
[ReportManager] Initial URL: [data:,] @14-10-2021 09:03:35.0110 AM
[ReportManager] Browser Action [NavigateToURL] successfully performed. With the following test data [https://duckduckgo.com]. @14-10-2021 09:03:35.0564 A

################################################################################################################################################
Starting Execution:	[51 out of 143] test cases in the current suite
Test Method:		[unitTests.tests_browserActions.getCurrentWindowTitle]
################################################################################################################################################
[ReportManager] Browser Action [GetCurrentWindowTitle] successfully performed. With the following test data [DuckDuckGo  Privacy, simplified.]. @14-10-2021 09:03:35.0622 A
[ReportManager] Target URL: [https://duckduckgo.com] @14-10-2021 09:03:35.0626 AM
[ReportManager] Initial URL: [https://duckduckgo.com] @14-10-2021 09:03:35.0686 AM
[ReportManager] Browser Action [NavigateToURL] successfully performed. With the following test data [https://duckduckgo.com]. @14-10-2021 09:03:35.0997 AM
[ReportManager] Browser Action [CloseCurrentWindow] successfully performed. @14-10-2021 09:03:36.0119 AM
[ReportManager] Successfully created attachment [Browser Action Test Data - CloseCurrentWindow - Actual Value] @14-10-2021 09:03:36.0119 A
[ReportManager] File Action [GetAbsolutePath] successfully performed. With the following test data [Relative Folder Path: "target/downloadedFiles/"]. @14-10-2021 09:03:36.0125 AM
[ReportManager] Attempting to run remotely on: [Linux-64], [GoogleChrome], [http://localhost:4444/wd/hub], Headless Execution. @14-10-2021 09:03:36.0126 AM
[ReportManager] Successfully Opened [GoogleChrome]. @14-10-2021 09:03:40.0081 AM
[ReportManager] Target URL: [https://duckduckgo.com] @14-10-2021 09:03:40.0096 AM
[ReportManager] Initial URL: [data:,] @14-10-2021 09:03:40.0159 AM
[ReportManager] Browser Action [NavigateToURL] successfully performed. With the following test data [https://duckduckgo.com]. @14-10-2021 09:03:40.0681 A

################################################################################################################################################
Starting Execution:	[52 out of 143] test cases in the current suite
Test Method:		[unitTests.tests_browserActions.getPageSource]
################################################################################################################################################
[ReportManager] Browser Action [GetPageSource] successfully performed. @14-10-2021 09:03:40.0771 AM
[ReportManager] Successfully created attachment [Browser Action Test Data - GetPageSource - Actual Value] @14-10-2021 09:03:40.0772 A
[ReportManager] Target URL: [https://duckduckgo.com] @14-10-2021 09:03:40.0775 AM
[ReportManager] Initial URL: [https://duckduckgo.com] @14-10-2021 09:03:40.0835 AM
[ReportManager] Browser Action [NavigateToURL] successfully performed. With the following test data [https://duckduckgo.com]. @14-10-2021 09:03:41.0157 AM
[ReportManager] Browser Action [CloseCurrentWindow] successfully performed. @14-10-2021 09:03:41.0293 AM
[ReportManager] Successfully created attachment [Browser Action Test Data - CloseCurrentWindow - Actual Value] @14-10-2021 09:03:41.0294 A
[ReportManager] File Action [GetAbsolutePath] successfully performed. With the following test data [Relative Folder Path: "target/downloadedFiles/"]. @14-10-2021 09:03:41.0300 AM
[ReportManager] Attempting to run remotely on: [Linux-64], [GoogleChrome], [http://localhost:4444/wd/hub], Headless Execution. @14-10-2021 09:03:41.0300 AM
[ReportManager] Successfully Opened [GoogleChrome]. @14-10-2021 09:03:45.0020 AM
[ReportManager] Target URL: [https://duckduckgo.com] @14-10-2021 09:03:45.0031 AM
[ReportManager] Initial URL: [data:,] @14-10-2021 09:03:45.0103 AM
[ReportManager] Browser Action [NavigateToURL] successfully performed. With the following test data [https://duckduckgo.com]. @14-10-2021 09:03:45.0570 A

################################################################################################################################################
Starting Execution:	[53 out of 143] test cases in the current suite
Test Method:		[unitTests.tests_browserActions.getWindowHandle]
################################################################################################################################################
[ReportManager] Browser Action [GetWindowHandle] successfully performed. With the following test data [CDwindow-B7CE120E338CCFBD65A98F395A5C4195]. @14-10-2021 09:03:45.0615 A
[ReportManager] Target URL: [https://duckduckgo.com] @14-10-2021 09:03:45.0620 AM
[ReportManager] Initial URL: [https://duckduckgo.com] @14-10-2021 09:03:45.0710 AM
[ReportManager] Browser Action [NavigateToURL] successfully performed. With the following test data [https://duckduckgo.com]. @14-10-2021 09:03:46.0077 AM
[ReportManager] Browser Action [CloseCurrentWindow] successfully performed. @14-10-2021 09:03:46.0245 AM
[ReportManager] Successfully created attachment [Browser Action Test Data - CloseCurrentWindow - Actual Value] @14-10-2021 09:03:46.0245 A
[ReportManager] File Action [GetAbsolutePath] successfully performed. With the following test data [Relative Folder Path: "target/downloadedFiles/"]. @14-10-2021 09:03:46.0248 AM
[ReportManager] Attempting to run remotely on: [Linux-64], [GoogleChrome], [http://localhost:4444/wd/hub], Headless Execution. @14-10-2021 09:03:46.0248 AM
[ReportManager] Successfully Opened [GoogleChrome]. @14-10-2021 09:03:50.0086 AM
[ReportManager] Target URL: [https://duckduckgo.com] @14-10-2021 09:03:50.0098 AM
[ReportManager] Initial URL: [data:,] @14-10-2021 09:03:50.0156 AM
[ReportManager] Browser Action [NavigateToURL] successfully performed. With the following test data [https://duckduckgo.com]. @14-10-2021 09:03:50.0748 A

################################################################################################################################################
Starting Execution:	[54 out of 143] test cases in the current suite
Test Method:		[unitTests.tests_browserActions.getWindowPosition]
################################################################################################################################################
[ReportManager] Browser Action [GetWindowPosition] successfully performed. With the following test data [(0, 0)]. @14-10-2021 09:03:50.0807 A
[ReportManager] Target URL: [https://duckduckgo.com] @14-10-2021 09:03:50.0821 AM
[ReportManager] Initial URL: [https://duckduckgo.com] @14-10-2021 09:03:50.0950 AM
[ReportManager] Browser Action [NavigateToURL] successfully performed. With the following test data [https://duckduckgo.com]. @14-10-2021 09:03:51.0313 AM
[ReportManager] Browser Action [CloseCurrentWindow] successfully performed. @14-10-2021 09:03:51.0498 AM
[ReportManager] Successfully created attachment [Browser Action Test Data - CloseCurrentWindow - Actual Value] @14-10-2021 09:03:51.0499 A
[ReportManager] File Action [GetAbsolutePath] successfully performed. With the following test data [Relative Folder Path: "target/downloadedFiles/"]. @14-10-2021 09:03:51.0501 AM
[ReportManager] Attempting to run remotely on: [Linux-64], [GoogleChrome], [http://localhost:4444/wd/hub], Headless Execution. @14-10-2021 09:03:51.0501 AM
[ReportManager] Successfully Opened [GoogleChrome]. @14-10-2021 09:03:55.0016 AM
[ReportManager] Target URL: [https://duckduckgo.com] @14-10-2021 09:03:55.0029 AM
[ReportManager] Initial URL: [data:,] @14-10-2021 09:03:55.0106 AM
[ReportManager] Browser Action [NavigateToURL] successfully performed. With the following test data [https://duckduckgo.com]. @14-10-2021 09:03:55.0573 A

################################################################################################################################################
Starting Execution:	[55 out of 143] test cases in the current suite
Test Method:		[unitTests.tests_browserActions.getWindowSize]
################################################################################################################################################
[ReportManager] Browser Action [GetWindowSize] successfully performed. With the following test data [(800, 600)]. @14-10-2021 09:03:55.0643 A
[ReportManager] Target URL: [https://duckduckgo.com] @14-10-2021 09:03:55.0645 AM
[ReportManager] Initial URL: [https://duckduckgo.com] @14-10-2021 09:03:55.0751 AM
[ReportManager] Browser Action [NavigateToURL] successfully performed. With the following test data [https://duckduckgo.com]. @14-10-2021 09:03:56.0060 AM
[ReportManager] Browser Action [CloseCurrentWindow] successfully performed. @14-10-2021 09:03:56.0182 AM
[ReportManager] Successfully created attachment [Browser Action Test Data - CloseCurrentWindow - Actual Value] @14-10-2021 09:03:56.0182 A
[ReportManager] File Action [GetAbsolutePath] successfully performed. With the following test data [Relative Folder Path: "target/downloadedFiles/"]. @14-10-2021 09:03:56.0184 AM
[ReportManager] Attempting to run remotely on: [Linux-64], [GoogleChrome], [http://localhost:4444/wd/hub], Headless Execution. @14-10-2021 09:03:56.0184 AM
[ReportManager] Successfully Opened [GoogleChrome]. @14-10-2021 09:04:00.0030 AM
[ReportManager] Target URL: [https://duckduckgo.com] @14-10-2021 09:04:00.0041 AM
[ReportManager] Initial URL: [data:,] @14-10-2021 09:04:00.0101 AM
[ReportManager] Browser Action [NavigateToURL] successfully performed. With the following test data [https://duckduckgo.com]. @14-10-2021 09:04:00.0574 A

################################################################################################################################################
Starting Execution:	[56 out of 143] test cases in the current suite
Test Method:		[unitTests.tests_browserActions.maximizeWindow]
################################################################################################################################################
[ReportManager] Initial window size: (800, 600) @14-10-2021 09:04:00.0586 AM
[ReportManager] Window size after Toolkit: (1920, 1080) @14-10-2021 09:04:00.0826 AM
[ReportManager] Browser Action [MaximizeWindow] successfully performed. With the following test data [New screen size is now: (1920, 1080)]. @14-10-2021 09:04:00.0836 A
[ReportManager] Target URL: [https://duckduckgo.com] @14-10-2021 09:04:00.0840 AM
[ReportManager] Initial URL: [https://duckduckgo.com] @14-10-2021 09:04:00.0918 AM
[ReportManager] Browser Action [NavigateToURL] successfully performed. With the following test data [https://duckduckgo.com]. @14-10-2021 09:04:01.0221 AM
[ReportManager] Browser Action [CloseCurrentWindow] successfully performed. @14-10-2021 09:04:01.0349 AM
[ReportManager] Successfully created attachment [Browser Action Test Data - CloseCurrentWindow - Actual Value] @14-10-2021 09:04:01.0349 A
[ReportManager] File Action [GetAbsolutePath] successfully performed. With the following test data [Relative Folder Path: "target/downloadedFiles/"]. @14-10-2021 09:04:01.0351 AM
[ReportManager] Attempting to run remotely on: [Linux-64], [GoogleChrome], [http://localhost:4444/wd/hub], Headless Execution. @14-10-2021 09:04:01.0353 AM
[ReportManager] Successfully Opened [GoogleChrome]. @14-10-2021 09:04:05.0031 AM
[ReportManager] Target URL: [https://duckduckgo.com] @14-10-2021 09:04:05.0043 AM
[ReportManager] Initial URL: [data:,] @14-10-2021 09:04:05.0120 AM
[ReportManager] Browser Action [NavigateToURL] successfully performed. With the following test data [https://duckduckgo.com]. @14-10-2021 09:04:05.0652 A

################################################################################################################################################
Starting Execution:	[57 out of 143] test cases in the current suite
Test Method:		[unitTests.tests_browserActions.navigateBack]
################################################################################################################################################
[ReportManager] Target URL: [https://www.google.com/ncr], and after redirection: [https://www.google.com] @14-10-2021 09:04:05.0655 AM
[ReportManager] Initial URL: [https://duckduckgo.com] @14-10-2021 09:04:05.0758 AM
[ReportManager] Browser Action [NavigateToURL] successfully performed. With the following test data [https://www.google.com/ncr]. @14-10-2021 09:04:06.0496 AM
[ReportManager] Browser Action [NavigateBack] successfully performed. With the following test data [https://duckduckgo.com/]. @14-10-2021 09:04:06.0946 AM
[ReportManager] Browser Action [GetCurrentURL] successfully performed. With the following test data [https://duckduckgo.com/]. @14-10-2021 09:04:06.0989 AM
[ReportManager] Assertion Passed: Confirming that navigating back was successful @14-10-2021 09:04:07.0124 AM
[ReportManager] Successfully created attachment [Screenshot - 1634202247070_navigateBack_ValidateBrowserAttribute_passed] @14-10-2021 09:04:07.0125 AM
[ReportManager] Assertion [ValidateBrowserAttribute] PASSED. Expected [Value Should be 'https://duckduckgo.com' for the 'CurrentUrl' attribute] and Actual [https://duckduckgo.com/]. Comparison Type [CONTAINS]. Validation Type [POSITIVE]. @14-10-2021 09:04:07.0125 A
[ReportManager] Target URL: [https://duckduckgo.com] @14-10-2021 09:04:07.0127 AM
[ReportManager] Initial URL: [https://duckduckgo.com] @14-10-2021 09:04:07.0201 AM
[ReportManager] Browser Action [NavigateToURL] successfully performed. With the following test data [https://duckduckgo.com]. @14-10-2021 09:04:07.0579 AM
[ReportManager] Browser Action [CloseCurrentWindow] successfully performed. @14-10-2021 09:04:07.0699 AM
[ReportManager] Successfully created attachment [Browser Action Test Data - CloseCurrentWindow - Actual Value] @14-10-2021 09:04:07.0700 A
[ReportManager] File Action [GetAbsolutePath] successfully performed. With the following test data [Relative Folder Path: "target/downloadedFiles/"]. @14-10-2021 09:04:07.0703 AM
[ReportManager] Attempting to run remotely on: [Linux-64], [GoogleChrome], [http://localhost:4444/wd/hub], Headless Execution. @14-10-2021 09:04:07.0704 AM
[ReportManager] Successfully Opened [GoogleChrome]. @14-10-2021 09:04:10.0028 AM
[ReportManager] Target URL: [https://duckduckgo.com] @14-10-2021 09:04:10.0047 AM
[ReportManager] Initial URL: [data:,] @14-10-2021 09:04:10.0104 AM
[ReportManager] Browser Action [NavigateToURL] successfully performed. With the following test data [https://duckduckgo.com]. @14-10-2021 09:04:10.0601 A

################################################################################################################################################
Starting Execution:	[58 out of 143] test cases in the current suite
Test Method:		[unitTests.tests_browserActions.navigateForward]
################################################################################################################################################
[ReportManager] Target URL: [https://www.google.com/ncr], and after redirection: [https://www.google.com] @14-10-2021 09:04:10.0603 AM
[ReportManager] Initial URL: [https://duckduckgo.com] @14-10-2021 09:04:10.0709 AM
[ReportManager] Browser Action [NavigateToURL] successfully performed. With the following test data [https://www.google.com/ncr]. @14-10-2021 09:04:11.0332 AM
[ReportManager] Browser Action [NavigateBack] successfully performed. With the following test data [https://duckduckgo.com/]. @14-10-2021 09:04:11.0688 AM
[ReportManager] Browser Action [NavigateForward] successfully performed. With the following test data [https://www.google.com/]. @14-10-2021 09:04:12.0172 A
[ReportManager] Target URL: [https://duckduckgo.com] @14-10-2021 09:04:12.0181 AM
[ReportManager] Initial URL: [https://www.google.com] @14-10-2021 09:04:12.0306 AM
[ReportManager] Browser Action [NavigateToURL] successfully performed. With the following test data [https://duckduckgo.com]. @14-10-2021 09:04:12.0822 AM
[ReportManager] Browser Action [CloseCurrentWindow] successfully performed. @14-10-2021 09:04:12.0941 AM
[ReportManager] Successfully created attachment [Browser Action Test Data - CloseCurrentWindow - Actual Value] @14-10-2021 09:04:12.0942 A
[ReportManager] File Action [GetAbsolutePath] successfully performed. With the following test data [Relative Folder Path: "target/downloadedFiles/"]. @14-10-2021 09:04:12.0945 AM
[ReportManager] Attempting to run remotely on: [Linux-64], [GoogleChrome], [http://localhost:4444/wd/hub], Headless Execution. @14-10-2021 09:04:12.0945 AM
[ReportManager] Successfully Opened [GoogleChrome]. @14-10-2021 09:04:15.0025 AM
[ReportManager] Target URL: [https://duckduckgo.com] @14-10-2021 09:04:15.0034 AM
[ReportManager] Initial URL: [data:,] @14-10-2021 09:04:15.0079 AM
[ReportManager] Browser Action [NavigateToURL] successfully performed. With the following test data [https://duckduckgo.com]. @14-10-2021 09:04:15.0535 A

################################################################################################################################################
Starting Execution:	[59 out of 143] test cases in the current suite
Test Method:		[unitTests.tests_browserActions.navigateToURL]
################################################################################################################################################
[ReportManager] Target URL: [https://duckduckgo.com] @14-10-2021 09:04:15.0544 AM
[ReportManager] Initial URL: [https://duckduckgo.com] @14-10-2021 09:04:15.0612 AM
[ReportManager] Browser Action [NavigateToURL] successfully performed. With the following test data [https://duckduckgo.com]. @14-10-2021 09:04:15.0912 A
[ReportManager] Target URL: [https://duckduckgo.com] @14-10-2021 09:04:15.0914 AM
[ReportManager] Initial URL: [https://duckduckgo.com] @14-10-2021 09:04:15.0959 AM
[ReportManager] Browser Action [NavigateToURL] successfully performed. With the following test data [https://duckduckgo.com]. @14-10-2021 09:04:16.0271 AM
[ReportManager] Browser Action [CloseCurrentWindow] successfully performed. @14-10-2021 09:04:16.0402 AM
[ReportManager] Successfully created attachment [Browser Action Test Data - CloseCurrentWindow - Actual Value] @14-10-2021 09:04:16.0402 A
[ReportManager] File Action [GetAbsolutePath] successfully performed. With the following test data [Relative Folder Path: "target/downloadedFiles/"]. @14-10-2021 09:04:16.0406 AM
[ReportManager] Attempting to run remotely on: [Linux-64], [GoogleChrome], [http://localhost:4444/wd/hub], Headless Execution. @14-10-2021 09:04:16.0406 AM
[ReportManager] Successfully Opened [GoogleChrome]. @14-10-2021 09:04:20.0033 AM
[ReportManager] Target URL: [https://duckduckgo.com] @14-10-2021 09:04:20.0044 AM
[ReportManager] Initial URL: [data:,] @14-10-2021 09:04:20.0096 AM
[ReportManager] Browser Action [NavigateToURL] successfully performed. With the following test data [https://duckduckgo.com]. @14-10-2021 09:04:20.0598 A

################################################################################################################################################
Starting Execution:	[60 out of 143] test cases in the current suite
Test Method:		[unitTests.tests_browserActions.navigateToURLWithRedirection]
################################################################################################################################################
[ReportManager] Target URL: [https://www.google.com/ncr], and after redirection: [https://www.google.com] @14-10-2021 09:04:20.0601 AM
[ReportManager] Initial URL: [https://duckduckgo.com] @14-10-2021 09:04:20.0689 AM
[ReportManager] Browser Action [NavigateToURL] successfully performed. With the following test data [https://www.google.com/ncr]. @14-10-2021 09:04:21.0358 A
[ReportManager] Target URL: [https://duckduckgo.com] @14-10-2021 09:04:21.0363 AM
[ReportManager] Initial URL: [https://www.google.com] @14-10-2021 09:04:21.0435 AM
[ReportManager] Browser Action [NavigateToURL] successfully performed. With the following test data [https://duckduckgo.com]. @14-10-2021 09:04:21.0933 AM
[ReportManager] Browser Action [CloseCurrentWindow] successfully performed. @14-10-2021 09:04:22.0042 AM
[ReportManager] Successfully created attachment [Browser Action Test Data - CloseCurrentWindow - Actual Value] @14-10-2021 09:04:22.0043 A
[ReportManager] File Action [GetAbsolutePath] successfully performed. With the following test data [Relative Folder Path: "target/downloadedFiles/"]. @14-10-2021 09:04:22.0045 AM
[ReportManager] Attempting to run remotely on: [Linux-64], [GoogleChrome], [http://localhost:4444/wd/hub], Headless Execution. @14-10-2021 09:04:22.0045 AM
[ReportManager] Successfully Opened [GoogleChrome]. @14-10-2021 09:04:25.0088 AM
[ReportManager] Target URL: [https://duckduckgo.com] @14-10-2021 09:04:25.0095 AM
[ReportManager] Initial URL: [data:,] @14-10-2021 09:04:25.0140 AM
[ReportManager] Browser Action [NavigateToURL] successfully performed. With the following test data [https://duckduckgo.com]. @14-10-2021 09:04:25.0634 A

################################################################################################################################################
Starting Execution:	[61 out of 143] test cases in the current suite
Test Method:		[unitTests.tests_browserActions.refreshCurrentPage]
################################################################################################################################################
[ReportManager] Browser Action [RefreshCurrentPage] successfully performed. @14-10-2021 09:04:25.0906 AM
[ReportManager] Successfully created attachment [Browser Action Test Data - RefreshCurrentPage - Actual Value] @14-10-2021 09:04:25.0907 A
[ReportManager] Target URL: [https://duckduckgo.com] @14-10-2021 09:04:25.0908 AM
[ReportManager] Initial URL: [https://duckduckgo.com] @14-10-2021 09:04:25.0966 AM
[ReportManager] Browser Action [NavigateToURL] successfully performed. With the following test data [https://duckduckgo.com]. @14-10-2021 09:04:26.0386 AM
[ReportManager] Browser Action [CloseCurrentWindow] successfully performed. @14-10-2021 09:04:26.0500 AM
[ReportManager] Successfully created attachment [Browser Action Test Data - CloseCurrentWindow - Actual Value] @14-10-2021 09:04:26.0500 A
[ReportManager] File Action [GetAbsolutePath] successfully performed. With the following test data [Relative Folder Path: "target/downloadedFiles/"]. @14-10-2021 09:04:26.0503 AM
[ReportManager] Attempting to run remotely on: [Linux-64], [GoogleChrome], [http://localhost:4444/wd/hub], Headless Execution. @14-10-2021 09:04:26.0503 AM
[ReportManager] Successfully Opened [GoogleChrome]. @14-10-2021 09:04:30.0023 AM
[ReportManager] Target URL: [https://duckduckgo.com] @14-10-2021 09:04:30.0031 AM
[ReportManager] Initial URL: [data:,] @14-10-2021 09:04:30.0101 AM
[ReportManager] Browser Action [NavigateToURL] successfully performed. With the following test data [https://duckduckgo.com]. @14-10-2021 09:04:30.0540 A

################################################################################################################################################
Starting Execution:	[62 out of 143] test cases in the current suite
Test Method:		[unitTests.tests_browserActions.setWindowSize]
################################################################################################################################################
[ReportManager] Initial window size: (800, 600) @14-10-2021 09:04:30.0565 AM
[ReportManager] Window size after SWD: (1280, 720) @14-10-2021 09:04:30.0780 AM
[ReportManager] Browser Action [SetWindowSize] successfully performed. With the following test data [New screen size is now: (1280, 720)]. @14-10-2021 09:04:30.0782 A
[ReportManager] Target URL: [https://duckduckgo.com] @14-10-2021 09:04:30.0784 AM
[ReportManager] Initial URL: [https://duckduckgo.com] @14-10-2021 09:04:30.0861 AM
[ReportManager] Browser Action [NavigateToURL] successfully performed. With the following test data [https://duckduckgo.com]. @14-10-2021 09:04:31.0148 AM
[ReportManager] Browser Action [CloseCurrentWindow] successfully performed. @14-10-2021 09:04:31.0271 AM
[ReportManager] Successfully created attachment [Browser Action Test Data - CloseCurrentWindow - Actual Value] @14-10-2021 09:04:31.0272 A
[ReportManager] File Action [GetAbsolutePath] successfully performed. With the following test data [Relative Folder Path: "target/downloadedFiles/"]. @14-10-2021 09:04:31.0273 AM
[ReportManager] Attempting to run remotely on: [Linux-64], [GoogleChrome], [http://localhost:4444/wd/hub], Headless Execution. @14-10-2021 09:04:31.0274 AM
[ReportManager] Successfully Opened [GoogleChrome]. @14-10-2021 09:04:35.0032 A

################################################################################################################################################
Starting Execution:	[63 out of 143] test cases in the current suite
Test Method:		[unitTests.tests_element_elementActions.waitForElementToBePresent_false_expectedToFail]
################################################################################################################################################
[ReportManager] Target URL: [https://www.google.com/ncr], and after redirection: [www.google.com] @14-10-2021 09:04:35.0065 AM
[ReportManager] Initial URL: [data:,] @14-10-2021 09:04:35.0142 AM
[ReportManager] Browser Action [NavigateToURL] successfully performed. With the following test data [https://www.google.com/ncr]. @14-10-2021 09:04:35.0762 AM
[ReportManager] Waiting for element to be present; elementLocator [By.xpath: //*[@id='hplogo' or @alt='Google']], numberOfTries[1], stateOfPresence[false]... @14-10-2021 09:04:35.0765 AM
[ReportManager] Element Action [WaitForElementToBePresent] failed. With the following test data [waited for the element's state of presence to be (false). Element locator (By.xpath: //*[@id='hplogo' or @alt='Google'])]. @14-10-2021 09:04:35.0958 AM
[ReportManager] Successfully created attachment [Screenshot - 1634202275903_waitForElementToBePresent_false_expectedToFail_WaitForElementToBePresent_failed] @14-10-2021 09:04:35.0959 A
[ReportManager] Browser Action [CloseCurrentWindow] successfully performed. @14-10-2021 09:04:36.0088 AM
[ReportManager] Successfully created attachment [Browser Action Test Data - CloseCurrentWindow - Actual Value] @14-10-2021 09:04:36.0089 A
[ReportManager] File Action [GetAbsolutePath] successfully performed. With the following test data [Relative Folder Path: "target/downloadedFiles/"]. @14-10-2021 09:04:36.0091 AM
[ReportManager] Attempting to run remotely on: [Linux-64], [GoogleChrome], [http://localhost:4444/wd/hub], Headless Execution. @14-10-2021 09:04:36.0092 AM
[ReportManager] Successfully Opened [GoogleChrome]. @14-10-2021 09:04:40.0044 A

################################################################################################################################################
Starting Execution:	[64 out of 143] test cases in the current suite
Test Method:		[unitTests.tests_element_elementActions.waitForElementToBePresent_false_expectedToPass]
################################################################################################################################################
[ReportManager] Target URL: [https://www.google.com/ncr], and after redirection: [www.google.com] @14-10-2021 09:04:40.0055 AM
[ReportManager] Initial URL: [data:,] @14-10-2021 09:04:40.0101 AM
[ReportManager] Browser Action [NavigateToURL] successfully performed. With the following test data [https://www.google.com/ncr]. @14-10-2021 09:04:40.0765 AM
[ReportManager] Waiting for element to be present; elementLocator [By.id: bla], numberOfTries[1], stateOfPresence[false]... @14-10-2021 09:04:40.0765 A
[ReportManager] Browser Action [CloseCurrentWindow] successfully performed. @14-10-2021 09:04:40.0980 AM
[ReportManager] Successfully created attachment [Browser Action Test Data - CloseCurrentWindow - Actual Value] @14-10-2021 09:04:40.0981 A
[ReportManager] File Action [GetAbsolutePath] successfully performed. With the following test data [Relative Folder Path: "target/downloadedFiles/"]. @14-10-2021 09:04:40.0984 AM
[ReportManager] Attempting to run remotely on: [Linux-64], [GoogleChrome], [http://localhost:4444/wd/hub], Headless Execution. @14-10-2021 09:04:40.0984 AM
[ReportManager] Successfully Opened [GoogleChrome]. @14-10-2021 09:04:45.0040 A

################################################################################################################################################
Starting Execution:	[65 out of 143] test cases in the current suite
Test Method:		[unitTests.tests_element_elementActions.waitForElementToBePresent_moreThanOneElement_expectedToFail]
################################################################################################################################################
[ReportManager] Target URL: [https://www.google.com/ncr], and after redirection: [www.google.com] @14-10-2021 09:04:45.0066 AM
[ReportManager] Initial URL: [data:,] @14-10-2021 09:04:45.0110 AM
[ReportManager] Browser Action [NavigateToURL] successfully performed. With the following test data [https://www.google.com/ncr]. @14-10-2021 09:04:45.0767 AM
[ReportManager] Waiting for element to be present; elementLocator [By.xpath: //*], numberOfTries[1], stateOfPresence[false]... @14-10-2021 09:04:45.0768 AM
[ReportManager] Element Action [WaitForElementToBePresent] failed. With the following test data [waited for the element's state of presence to be (false). Element locator (By.xpath: //*)]. @14-10-2021 09:04:45.0937 AM
[ReportManager] Successfully created attachment [Screenshot - 1634202285885_waitForElementToBePresent_moreThanOneElement_expectedToFail_WaitForElementToBePresent_failed] @14-10-2021 09:04:45.0938 A
[ReportManager] Browser Action [CloseCurrentWindow] successfully performed. @14-10-2021 09:04:46.0065 AM
[ReportManager] Successfully created attachment [Browser Action Test Data - CloseCurrentWindow - Actual Value] @14-10-2021 09:04:46.0066 A
[ReportManager] File Action [GetAbsolutePath] successfully performed. With the following test data [Relative Folder Path: "target/downloadedFiles/"]. @14-10-2021 09:04:46.0068 AM
[ReportManager] Attempting to run remotely on: [Linux-64], [GoogleChrome], [http://localhost:4444/wd/hub], Headless Execution. @14-10-2021 09:04:46.0068 AM
[ReportManager] Successfully Opened [GoogleChrome]. @14-10-2021 09:04:50.0035 A

################################################################################################################################################
Starting Execution:	[66 out of 143] test cases in the current suite
Test Method:		[unitTests.tests_element_elementActions.waitForElementToBePresent_true_expectedToFail]
################################################################################################################################################
[ReportManager] Target URL: [https://www.google.com/ncr], and after redirection: [www.google.com] @14-10-2021 09:04:50.0049 AM
[ReportManager] Initial URL: [data:,] @14-10-2021 09:04:50.0095 AM
[ReportManager] Browser Action [NavigateToURL] successfully performed. With the following test data [https://www.google.com/ncr]. @14-10-2021 09:04:50.0696 AM
[ReportManager] Waiting for element to be present; elementLocator [By.id: bla], numberOfTries[1], stateOfPresence[true]... @14-10-2021 09:04:50.0696 A
[ReportManager] Browser Action [CloseCurrentWindow] successfully performed. @14-10-2021 09:04:50.0860 AM
[ReportManager] Successfully created attachment [Browser Action Test Data - CloseCurrentWindow - Actual Value] @14-10-2021 09:04:50.0861 A
[ReportManager] File Action [GetAbsolutePath] successfully performed. With the following test data [Relative Folder Path: "target/downloadedFiles/"]. @14-10-2021 09:04:50.0864 AM
[ReportManager] Attempting to run remotely on: [Linux-64], [GoogleChrome], [http://localhost:4444/wd/hub], Headless Execution. @14-10-2021 09:04:50.0864 AM
[ReportManager] Successfully Opened [GoogleChrome]. @14-10-2021 09:04:55.0042 A

################################################################################################################################################
Starting Execution:	[67 out of 143] test cases in the current suite
Test Method:		[unitTests.tests_element_elementActions.waitForElementToBePresent_true_expectedToPass]
################################################################################################################################################
[ReportManager] Target URL: [https://www.google.com/ncr], and after redirection: [www.google.com] @14-10-2021 09:04:55.0055 AM
[ReportManager] Initial URL: [data:,] @14-10-2021 09:04:55.0173 AM
[ReportManager] Browser Action [NavigateToURL] successfully performed. With the following test data [https://www.google.com/ncr]. @14-10-2021 09:04:55.0812 AM
[ReportManager] Waiting for element to be present; elementLocator [By.xpath: //*[@id='hplogo' or @alt='Google']], numberOfTries[1], stateOfPresence[true]... @14-10-2021 09:04:55.0812 AM
[ReportManager] Element Action [WaitForElementToBePresent] successfully performed. With the following test data [waited for the element's state of presence to be (true). Element locator (By.xpath: //*[@id='hplogo' or @alt='Google'])]. @14-10-2021 09:04:55.0884 AM
[ReportManager] File Action [DoesFileExist] successfully performed. With the following test data [File Path: "src/test/resources/DynamicObjectRepository/unitTests_tests_element_elementActions_waitForElementToBePresent_true_expectedToPass_By_xpath_id_hplogo_or_alt_Google.png"]. @14-10-2021 09:04:55.0902 AM
[ReportManager] File Action [DoesFileExist] successfully performed. With the following test data [File Path: "src/test/resources/DynamicObjectRepository/unitTests_tests_element_elementActions_waitForElementToBePresent_true_expectedToPass_By_xpath_id_hplogo_or_alt_Google.png"]. @14-10-2021 09:04:56.0087 AM
[ReportManager] Passing the test and saving a reference image @14-10-2021 09:04:56.0087 AM
[ReportManager] File Action [GetAbsolutePath] successfully performed. With the following test data [Relative File Path: "src/test/resources/DynamicObjectRepository/unitTests_tests_element_elementActions_waitForElementToBePresent_true_expectedToPass_By_xpath_id_hplogo_or_alt_Google.png"]. @14-10-2021 09:04:56.0087 AM
[ReportManager] File Action [WriteToFile] successfully performed. With the following test data [Target File Path: "/home/runner/work/SHAFT_ENGINE/SHAFT_ENGINE/src/test/resources/DynamicObjectRepository/unitTests_tests_element_elementActions_waitForElementToBePresent_true_expectedToPass_By_xpath_id_hplogo_or_alt_Google.png"]. @14-10-2021 09:04:56.0089 AM
[ReportManager] Assertion Passed: Using Visual AI; OpenCV @14-10-2021 09:04:56.0089 AM
[ReportManager] Successfully created attachment [Validation Test Data - Actual Screenshot] @14-10-2021 09:04:56.0089 AM
[ReportManager] Assertion [ValidateElementMatches] PASSED. Expected [Element should match the reference screenshot] and Actual [TRUE]. Comparison Type [EXACT_OPENCV]. Validation Type [POSITIVE]. @14-10-2021 09:04:56.0089 A
[ReportManager] Browser Action [CloseCurrentWindow] successfully performed. @14-10-2021 09:04:56.0240 AM
[ReportManager] Successfully created attachment [Browser Action Test Data - CloseCurrentWindow - Actual Value] @14-10-2021 09:04:56.0240 A
[ReportManager] Successfully loaded the following test data file [src/test/resources/TestDataFiles/testSuite01/TestData.xlsx]. @14-10-2021 09:04:56.0914 AM
[ReportManager] Successfully created attachment [Test Data - Excel] @14-10-2021 09:04:56.0914 A

################################################################################################################################################
Starting Execution:	[68 out of 143] test cases in the current suite
Test Method:		[unitTests.tests_io_excelFileManager.getCellData_rowName_expectedToPass]
################################################################################################################################################
[ReportManager] testRowData. @14-10-2021 09:04:56.0927 A

################################################################################################################################################
Starting Execution:	[69 out of 143] test cases in the current suite
Test Method:		[testPackage01.Test_testData.f]
################################################################################################################################################
[ReportManager] Successfully loaded the following test data file [src/test/resources/TestDataFiles/testSuite01/TestData.xlsx]. @14-10-2021 09:04:56.0954 AM
[ReportManager] Successfully created attachment [Test Data - Excel] @14-10-2021 09:04:56.0954 AM
[ReportManager] Last Column Number is: [3]. Zero-based. @14-10-2021 09:04:56.0955 A

################################################################################################################################################
Starting Execution:	[70 out of 143] test cases in the current suite
Test Method:		[testPackage01.Test_SkipDueToIssue.doNotSkip]
################################################################################################################################################
[ReportManager] This should not be skipped. @14-10-2021 09:04:56.0959 A

################################################################################################################################################
Starting Execution:	[71 out of 143] test cases in the current suite
Test Method:		[testPackage01.Test_SkipDueToIssue.skip]
################################################################################################################################################
[ReportManager] This should be skipped. @14-10-2021 09:04:56.0965 A

################################################################################################################################################
Starting Execution:	[72 out of 143] test cases in the current suite
Test Method:		[testPackage01.Test_SkipDueToIssue.skip2]
################################################################################################################################################
[ReportManager] This should be skipped. @14-10-2021 09:04:56.0970 A

################################################################################################################################################
Starting Execution:	[73 out of 143] test cases in the current suite
Test Method:		[testPackage01.Test_chainableElementActions.chainElementActions]
################################################################################################################################################
[ReportManager] File Action [GetAbsolutePath] successfully performed. With the following test data [Relative Folder Path: "target/downloadedFiles/"]. @14-10-2021 09:04:56.0974 AM
[ReportManager] Attempting to run remotely on: [Linux-64], [GoogleChrome], [http://localhost:4444/wd/hub], Headless Execution. @14-10-2021 09:04:56.0974 AM
[ReportManager] Successfully Opened [GoogleChrome]. @14-10-2021 09:05:00.0030 AM
[ReportManager] Target URL: [https://www.google.com/ncr], and after redirection: [https://www.google.com] @14-10-2021 09:05:00.0039 AM
[ReportManager] Initial URL: [data:,] @14-10-2021 09:05:00.0100 AM
[ReportManager] Browser Action [NavigateToURL] successfully performed. With the following test data [https://www.google.com/ncr]. @14-10-2021 09:05:00.0730 AM
[ReportManager] Element Action [Type] successfully performed. With the following test data [chained type 1]. @14-10-2021 09:05:01.0133 AM
[ReportManager] Element Action [Type] successfully performed. With the following test data [chained type 2]. @14-10-2021 09:05:01.0514 AM
[ReportManager] Element Action [TypeAppend] successfully performed. With the following test data [345]. @14-10-2021 09:05:01.0619 AM
[ReportManager] Element Action [GetText] successfully performed. With the following test data [chained type 2345]. @14-10-2021 09:05:01.0765 AM
[ReportManager] Loaded Shared OpenCV @14-10-2021 09:05:01.0911 AM
[ReportManager] Assertion [ValidateElementAttribute] PASSED. Expected [Value Should be 'chained type 2345' for the 'text' attribute, element locator 'By.name: q'] and Actual [chained type 2345]. Comparison Type [EQUALS]. Validation Type [POSITIVE]. @14-10-2021 09:05:01.0994 AM
[ReportManager] Successfully created attachment [Screenshot - 1634202301911_chainElementActions_ValidateElementAttribute_passed] @14-10-2021 09:05:01.0995 AM
[ReportManager] Browser Action [CloseCurrentWindow] successfully performed. @14-10-2021 09:05:02.0123 AM
[ReportManager] Successfully created attachment [Browser Action Test Data - CloseCurrentWindow - Actual Value] @14-10-2021 09:05:02.0125 A

################################################################################################################################################
Starting Execution:	[74 out of 143] test cases in the current suite
Test Method:		[testPackage01.Test_NewValidationHelper.f1]
################################################################################################################################################
[ReportManager] Assertion Passed: Checking valid user data @14-10-2021 09:05:02.0135 AM
[ReportManager] Successfully created attachment [Validation Test Data - Expected Value] @14-10-2021 09:05:02.0135 AM
[ReportManager] Successfully created attachment [Validation Test Data - Actual Value] @14-10-2021 09:05:02.0135 AM
[ReportManager] Assertion [ValidateEquals] PASSED. Expected and Actual values are attached. Comparison Type [EQUALS]. Validation Type [POSITIVE]. @14-10-2021 09:05:02.0135 A
[ReportManager] File Action [GetAbsolutePath] successfully performed. With the following test data [Relative Folder Path: "target/downloadedFiles/"]. @14-10-2021 09:05:02.0138 AM
[ReportManager] Attempting to run remotely on: [Linux-64], [GoogleChrome], [http://localhost:4444/wd/hub], Headless Execution. @14-10-2021 09:05:02.0138 AM
[ReportManager] Successfully Opened [GoogleChrome]. @14-10-2021 09:05:05.0031 AM
[ReportManager] Target URL: [https://the-internet.herokuapp.com/] @14-10-2021 09:05:05.0048 AM
[ReportManager] Initial URL: [data:,] @14-10-2021 09:05:05.0110 AM
[ReportManager] Browser Action [NavigateToURL] successfully performed. With the following test data [https://the-internet.herokuapp.com/]. @14-10-2021 09:05:05.0461 A

################################################################################################################################################
Starting Execution:	[75 out of 143] test cases in the current suite
Test Method:		[testPackage01.Test_NewValidationHelper.f10]
################################################################################################################################################
[ReportManager] Assertion [ValidateElementExists] FAILED. Expected [Element Should Exist, locator 'By.tagName: div'] and Actual [Element Exists but is not unique]. Comparison Type [EQUALS]. Validation Type [POSITIVE]. @14-10-2021 09:05:05.0721 AM
[ReportManager] Successfully created attachment [Screenshot - 1634202305663_f10_ValidateElementExists_failed] @14-10-2021 09:05:05.0722 A
[ReportManager] Successfully Closed All Drivers. @14-10-2021 09:05:05.0807 A
[ReportManager] File Action [GetAbsolutePath] successfully performed. With the following test data [Relative Folder Path: "target/downloadedFiles/"]. @14-10-2021 09:05:05.0809 AM
[ReportManager] Attempting to run remotely on: [Linux-64], [GoogleChrome], [http://localhost:4444/wd/hub], Headless Execution. @14-10-2021 09:05:05.0810 AM
[ReportManager] Successfully Opened [GoogleChrome]. @14-10-2021 09:05:10.0041 AM
[ReportManager] Target URL: [https://the-internet.herokuapp.com/] @14-10-2021 09:05:10.0065 AM
[ReportManager] Initial URL: [data:,] @14-10-2021 09:05:10.0125 AM
[ReportManager] Browser Action [NavigateToURL] successfully performed. With the following test data [https://the-internet.herokuapp.com/]. @14-10-2021 09:05:10.0470 A

################################################################################################################################################
Starting Execution:	[76 out of 143] test cases in the current suite
Test Method:		[testPackage01.Test_NewValidationHelper.f11]
################################################################################################################################################
[ReportManager] Assertion Passed: Checking that false tag doesn't exist @14-10-2021 09:05:20.0845 AM
[ReportManager] Successfully created attachment [Screenshot - 1634202320789_f11_ValidateElementExists_passed] @14-10-2021 09:05:20.0846 AM
[ReportManager] Assertion [ValidateElementExists] PASSED. Expected [Element Should not Exist, locator 'By.tagName: h3'] and Actual [Element Doesn't Exists]. Comparison Type [EQUALS]. Validation Type [NEGATIVE]. @14-10-2021 09:05:20.0846 A
[ReportManager] Successfully Closed All Drivers. @14-10-2021 09:05:20.0962 A
[ReportManager] File Action [GetAbsolutePath] successfully performed. With the following test data [Relative Folder Path: "target/downloadedFiles/"]. @14-10-2021 09:05:20.0964 AM
[ReportManager] Attempting to run remotely on: [Linux-64], [GoogleChrome], [http://localhost:4444/wd/hub], Headless Execution. @14-10-2021 09:05:20.0964 AM
[ReportManager] Successfully Opened [GoogleChrome]. @14-10-2021 09:05:25.0036 AM
[ReportManager] Target URL: [https://the-internet.herokuapp.com/] @14-10-2021 09:05:25.0045 AM
[ReportManager] Initial URL: [data:,] @14-10-2021 09:05:25.0124 AM
[ReportManager] Browser Action [NavigateToURL] successfully performed. With the following test data [https://the-internet.herokuapp.com/]. @14-10-2021 09:05:25.0479 A

################################################################################################################################################
Starting Execution:	[77 out of 143] test cases in the current suite
Test Method:		[testPackage01.Test_NewValidationHelper.f12]
################################################################################################################################################
[ReportManager] Loaded Shared OpenCV @14-10-2021 09:05:25.0738 AM
[ReportManager] Assertion [ValidateElementExists] FAILED. Expected [Element Should not Exist, locator 'By.tagName: h1'] and Actual [Element Exists]. Comparison Type [EQUALS]. Validation Type [NEGATIVE]. @14-10-2021 09:05:25.0808 AM
[ReportManager] Successfully created attachment [Screenshot - 1634202325738_f12_ValidateElementExists_failed] @14-10-2021 09:05:25.0810 A
[ReportManager] Successfully Closed All Drivers. @14-10-2021 09:05:25.0895 A
[ReportManager] File Action [GetAbsolutePath] successfully performed. With the following test data [Relative Folder Path: "target/downloadedFiles/"]. @14-10-2021 09:05:25.0897 AM
[ReportManager] Attempting to run remotely on: [Linux-64], [GoogleChrome], [http://localhost:4444/wd/hub], Headless Execution. @14-10-2021 09:05:25.0897 AM
[ReportManager] Successfully Opened [GoogleChrome]. @14-10-2021 09:05:30.0033 AM
[ReportManager] Target URL: [https://the-internet.herokuapp.com/] @14-10-2021 09:05:30.0085 AM
[ReportManager] Initial URL: [data:,] @14-10-2021 09:05:30.0144 AM
[ReportManager] Browser Action [NavigateToURL] successfully performed. With the following test data [https://the-internet.herokuapp.com/]. @14-10-2021 09:05:30.0490 A

################################################################################################################################################
Starting Execution:	[78 out of 143] test cases in the current suite
Test Method:		[testPackage01.Test_NewValidationHelper.f13]
################################################################################################################################################
[ReportManager] Assertion [ValidateElementExists] FAILED. Expected [Element Should not Exist, locator 'By.tagName: div'] and Actual [Element Exists but is not unique]. Comparison Type [EQUALS]. Validation Type [NEGATIVE]. @14-10-2021 09:05:30.0745 AM
[ReportManager] Successfully created attachment [Screenshot - 1634202330688_f13_ValidateElementExists_failed] @14-10-2021 09:05:30.0745 A
[ReportManager] Successfully Closed All Drivers. @14-10-2021 09:05:30.0842 A
[ReportManager] File Action [GetAbsolutePath] successfully performed. With the following test data [Relative Folder Path: "target/downloadedFiles/"]. @14-10-2021 09:05:30.0844 AM
[ReportManager] Attempting to run remotely on: [Linux-64], [GoogleChrome], [http://localhost:4444/wd/hub], Headless Execution. @14-10-2021 09:05:30.0845 AM
[ReportManager] Successfully Opened [GoogleChrome]. @14-10-2021 09:05:35.0043 AM
[ReportManager] Target URL: [https://the-internet.herokuapp.com/] @14-10-2021 09:05:35.0082 AM
[ReportManager] Initial URL: [data:,] @14-10-2021 09:05:35.0126 AM
[ReportManager] Browser Action [NavigateToURL] successfully performed. With the following test data [https://the-internet.herokuapp.com/]. @14-10-2021 09:05:35.0548 A

################################################################################################################################################
Starting Execution:	[79 out of 143] test cases in the current suite
Test Method:		[testPackage01.Test_NewValidationHelper.f14]
################################################################################################################################################
[ReportManager] Element Action [GetText] successfully performed. With the following test data [Welcome to the-internet]. @14-10-2021 09:05:35.0642 AM
[ReportManager] Loaded Shared OpenCV @14-10-2021 09:05:35.0806 AM
[ReportManager] Assertion Passed: Asserting that the header text is correct @14-10-2021 09:05:35.0876 AM
[ReportManager] Successfully created attachment [Screenshot - 1634202335806_f14_ValidateElementAttribute_passed] @14-10-2021 09:05:35.0877 AM
[ReportManager] Assertion [ValidateElementAttribute] PASSED. Expected [Value Should be 'Welcome to the-internet' for the 'text' attribute, element locator 'By.tagName: h1'] and Actual [Welcome to the-internet]. Comparison Type [EQUALS]. Validation Type [POSITIVE]. @14-10-2021 09:05:35.0877 A
[ReportManager] Successfully Closed All Drivers. @14-10-2021 09:05:35.0965 A
[ReportManager] File Action [GetAbsolutePath] successfully performed. With the following test data [Relative Folder Path: "target/downloadedFiles/"]. @14-10-2021 09:05:35.0967 AM
[ReportManager] Attempting to run remotely on: [Linux-64], [GoogleChrome], [http://localhost:4444/wd/hub], Headless Execution. @14-10-2021 09:05:35.0967 AM
[ReportManager] Successfully Opened [GoogleChrome]. @14-10-2021 09:05:40.0046 AM
[ReportManager] Target URL: [https://the-internet.herokuapp.com/] @14-10-2021 09:05:40.0058 AM
[ReportManager] Initial URL: [data:,] @14-10-2021 09:05:40.0107 AM
[ReportManager] Browser Action [NavigateToURL] successfully performed. With the following test data [https://the-internet.herokuapp.com/]. @14-10-2021 09:05:40.0456 A

################################################################################################################################################
Starting Execution:	[80 out of 143] test cases in the current suite
Test Method:		[testPackage01.Test_NewValidationHelper.f15]
################################################################################################################################################
[ReportManager] Element Action [GetText] successfully performed. With the following test data [Welcome to the-internet]. @14-10-2021 09:05:40.0597 AM
[ReportManager] Loaded Shared OpenCV @14-10-2021 09:05:40.0743 AM
[ReportManager] Assertion [ValidateElementAttribute] FAILED. Expected [Value Should not be 'Welcome' for the 'text' attribute, element locator 'By.tagName: h1'] and Actual [Welcome to the-internet]. Comparison Type [CONTAINS]. Validation Type [NEGATIVE]. @14-10-2021 09:05:40.0813 AM
[ReportManager] Successfully created attachment [Screenshot - 1634202340743_f15_ValidateElementAttribute_failed] @14-10-2021 09:05:40.0815 A
[ReportManager] Successfully Closed All Drivers. @14-10-2021 09:05:40.0902 A
[ReportManager] File Action [GetAbsolutePath] successfully performed. With the following test data [Relative Folder Path: "target/downloadedFiles/"]. @14-10-2021 09:05:40.0904 AM
[ReportManager] Attempting to run remotely on: [Linux-64], [GoogleChrome], [http://localhost:4444/wd/hub], Headless Execution. @14-10-2021 09:05:40.0904 AM
[ReportManager] Successfully Opened [GoogleChrome]. @14-10-2021 09:05:45.0028 AM
[ReportManager] Target URL: [https://the-internet.herokuapp.com/] @14-10-2021 09:05:45.0036 AM
[ReportManager] Initial URL: [data:,] @14-10-2021 09:05:45.0099 AM
[ReportManager] Browser Action [NavigateToURL] successfully performed. With the following test data [https://the-internet.herokuapp.com/]. @14-10-2021 09:05:45.0462 A

################################################################################################################################################
Starting Execution:	[81 out of 143] test cases in the current suite
Test Method:		[testPackage01.Test_NewValidationHelper.f16]
################################################################################################################################################
[ReportManager] Element Action [IdentifyUniqueElement] failed. With the following test data [zero elements found matching this locator "By.tagName: h3".]. @14-10-2021 09:06:11.0009 AM
[ReportManager] Successfully created attachment [Screenshot - 1634202370954_f16_IdentifyUniqueElement_failed] @14-10-2021 09:06:11.0010 AM
[ReportManager] Assertion [ValidateElementAttribute] FAILED. Expected [Value Should not be 'Welcome' for the 'text' attribute, element locator 'By.tagName: h3'] and Actual [Failed to read the desired element attribute]. Comparison Type [CONTAINS]. Validation Type [NEGATIVE]. @14-10-2021 09:06:11.0011 A
[ReportManager] Successfully Closed All Drivers. @14-10-2021 09:06:11.0096 A
[ReportManager] File Action [GetAbsolutePath] successfully performed. With the following test data [Relative Folder Path: "target/downloadedFiles/"]. @14-10-2021 09:06:11.0099 AM
[ReportManager] Attempting to run remotely on: [Linux-64], [GoogleChrome], [http://localhost:4444/wd/hub], Headless Execution. @14-10-2021 09:06:11.0099 AM
[ReportManager] Successfully Opened [GoogleChrome]. @14-10-2021 09:06:15.0030 AM
[ReportManager] Target URL: [https://the-internet.herokuapp.com/] @14-10-2021 09:06:15.0041 AM
[ReportManager] Initial URL: [data:,] @14-10-2021 09:06:15.0126 AM
[ReportManager] Browser Action [NavigateToURL] successfully performed. With the following test data [https://the-internet.herokuapp.com/]. @14-10-2021 09:06:15.0454 A

################################################################################################################################################
Starting Execution:	[82 out of 143] test cases in the current suite
Test Method:		[testPackage01.Test_NewValidationHelper.f17]
################################################################################################################################################
[ReportManager] Attempting to getAttribute [text2] from elementLocator [By.tagName: h1]. @14-10-2021 09:06:15.0457 AM
[ReportManager] Element Action [GetAttribute] successfully performed. @14-10-2021 09:06:15.0575 AM
[ReportManager] Loaded Shared OpenCV @14-10-2021 09:06:15.0686 AM
[ReportManager] Assertion [ValidateElementAttribute] PASSED. Expected [Value Should not be 'Welcome' for the 'text2' attribute, element locator 'By.tagName: h1'] and Actual [null]. Comparison Type [CONTAINS]. Validation Type [NEGATIVE]. @14-10-2021 09:06:15.0756 AM
[ReportManager] Successfully created attachment [Screenshot - 1634202375686_f17_ValidateElementAttribute_passed] @14-10-2021 09:06:15.0758 A
[ReportManager] Successfully Closed All Drivers. @14-10-2021 09:06:15.0843 A
[ReportManager] File Action [GetAbsolutePath] successfully performed. With the following test data [Relative Folder Path: "target/downloadedFiles/"]. @14-10-2021 09:06:15.0845 AM
[ReportManager] Attempting to run remotely on: [Linux-64], [GoogleChrome], [http://localhost:4444/wd/hub], Headless Execution. @14-10-2021 09:06:15.0845 AM
[ReportManager] Successfully Opened [GoogleChrome]. @14-10-2021 09:06:20.0042 AM
[ReportManager] Target URL: [https://the-internet.herokuapp.com/] @14-10-2021 09:06:20.0086 AM
[ReportManager] Initial URL: [data:,] @14-10-2021 09:06:20.0146 AM
[ReportManager] Browser Action [NavigateToURL] successfully performed. With the following test data [https://the-internet.herokuapp.com/]. @14-10-2021 09:06:20.0494 A

################################################################################################################################################
Starting Execution:	[83 out of 143] test cases in the current suite
Test Method:		[testPackage01.Test_NewValidationHelper.f18]
################################################################################################################################################
[ReportManager] Element Action [GetText] successfully performed. With the following test data [Welcome to the-internet]. @14-10-2021 09:06:20.0585 AM
[ReportManager] Loaded Shared OpenCV @14-10-2021 09:06:20.0770 AM
[ReportManager] Assertion [ValidateElementAttribute] PASSED. Expected [Value Should not be 'no' for the 'text' attribute, element locator 'By.tagName: h1'] and Actual [Welcome to the-internet]. Comparison Type [CONTAINS]. Validation Type [NEGATIVE]. @14-10-2021 09:06:20.0850 AM
[ReportManager] Successfully created attachment [Screenshot - 1634202380770_f18_ValidateElementAttribute_passed] @14-10-2021 09:06:20.0851 A
[ReportManager] Successfully Closed All Drivers. @14-10-2021 09:06:20.0937 A

################################################################################################################################################
Starting Execution:	[84 out of 143] test cases in the current suite
Test Method:		[testPackage01.Test_NewValidationHelper.f2]
################################################################################################################################################
[ReportManager] Assertion Failed: Checking valid user data @14-10-2021 09:06:20.0941 AM
[ReportManager] Assertion [ValidateEquals] FAILED. Expected [1] and Actual [2]. Comparison Type [EQUALS]. Validation Type [POSITIVE]. @14-10-2021 09:06:20.0941 A
[ReportManager] File Action [GetAbsolutePath] successfully performed. With the following test data [Relative Folder Path: "target/downloadedFiles/"]. @14-10-2021 09:06:20.0944 AM
[ReportManager] Attempting to run remotely on: [Linux-64], [GoogleChrome], [http://localhost:4444/wd/hub], Headless Execution. @14-10-2021 09:06:20.0944 AM
[ReportManager] Successfully Opened [GoogleChrome]. @14-10-2021 09:06:25.0039 AM
[ReportManager] Target URL: [https://the-internet.herokuapp.com/] @14-10-2021 09:06:25.0052 AM
[ReportManager] Initial URL: [data:,] @14-10-2021 09:06:25.0117 AM
[ReportManager] Browser Action [NavigateToURL] successfully performed. With the following test data [https://the-internet.herokuapp.com/]. @14-10-2021 09:06:25.0477 A

################################################################################################################################################
Starting Execution:	[85 out of 143] test cases in the current suite
Test Method:		[testPackage01.Test_NewValidationHelper.f20]
################################################################################################################################################
[ReportManager] Element Action [GetSize] successfully performed. With the following test data [(755, 61)]. @14-10-2021 09:06:25.0560 AM
[ReportManager] Loaded Shared OpenCV @14-10-2021 09:06:25.0720 AM
[ReportManager] Assertion [ValidateElementAttribute] PASSED. Expected [Value Should not be 'a' for the 'size' attribute, element locator 'By.tagName: h1'] and Actual [(755, 61)]. Comparison Type [CONTAINS]. Validation Type [NEGATIVE]. @14-10-2021 09:06:25.0789 AM
[ReportManager] Successfully created attachment [Screenshot - 1634202385720_f20_ValidateElementAttribute_passed] @14-10-2021 09:06:25.0790 A
[ReportManager] Successfully Closed All Drivers. @14-10-2021 09:06:25.0883 A
[ReportManager] File Action [GetAbsolutePath] successfully performed. With the following test data [Relative Folder Path: "target/downloadedFiles/"]. @14-10-2021 09:06:25.0893 AM
[ReportManager] Attempting to run remotely on: [Linux-64], [GoogleChrome], [http://localhost:4444/wd/hub], Headless Execution. @14-10-2021 09:06:25.0893 AM
[ReportManager] Successfully Opened [GoogleChrome]. @14-10-2021 09:06:30.0036 AM
[ReportManager] Target URL: [https://the-internet.herokuapp.com/] @14-10-2021 09:06:30.0047 AM
[ReportManager] Initial URL: [data:,] @14-10-2021 09:06:30.0111 AM
[ReportManager] Browser Action [NavigateToURL] successfully performed. With the following test data [https://the-internet.herokuapp.com/]. @14-10-2021 09:06:30.0429 A

################################################################################################################################################
Starting Execution:	[86 out of 143] test cases in the current suite
Test Method:		[testPackage01.Test_NewValidationHelper.f21]
################################################################################################################################################
[ReportManager] Element Action [IdentifyUniqueElement] failed. With the following test data [zero elements found matching this locator "By.tagName: h3".]. @14-10-2021 09:06:55.0991 AM
[ReportManager] Successfully created attachment [Screenshot - 1634202415935_f21_IdentifyUniqueElement_failed] @14-10-2021 09:06:55.0992 AM
[ReportManager] Assertion [ValidateElementAttribute] FAILED. Expected [Value Should be 'Welcome' for the 'text' attribute, element locator 'By.tagName: h3'] and Actual [Failed to read the desired element attribute]. Comparison Type [CONTAINS]. Validation Type [POSITIVE]. @14-10-2021 09:06:55.0993 A
[ReportManager] Successfully Closed All Drivers. @14-10-2021 09:06:56.0080 A
[ReportManager] File Action [GetAbsolutePath] successfully performed. With the following test data [Relative Folder Path: "target/downloadedFiles/"]. @14-10-2021 09:06:56.0083 AM
[ReportManager] Attempting to run remotely on: [Linux-64], [GoogleChrome], [http://localhost:4444/wd/hub], Headless Execution. @14-10-2021 09:06:56.0083 AM
[ReportManager] Successfully Opened [GoogleChrome]. @14-10-2021 09:07:00.0034 AM
[ReportManager] Target URL: [https://the-internet.herokuapp.com/] @14-10-2021 09:07:00.0047 AM
[ReportManager] Initial URL: [data:,] @14-10-2021 09:07:00.0107 AM
[ReportManager] Browser Action [NavigateToURL] successfully performed. With the following test data [https://the-internet.herokuapp.com/]. @14-10-2021 09:07:00.0463 A

################################################################################################################################################
Starting Execution:	[87 out of 143] test cases in the current suite
Test Method:		[testPackage01.Test_NewValidationHelper.f22]
################################################################################################################################################
[ReportManager] Element Action [GetText] successfully performed. With the following test data [Welcome to the-internet]. @14-10-2021 09:07:00.0562 AM
[ReportManager] Loaded Shared OpenCV @14-10-2021 09:07:00.0696 AM
[ReportManager] Assertion [ValidateElementAttribute] FAILED. Expected [Value Should be 'yyy' for the 'text' attribute, element locator 'By.tagName: h1'] and Actual [Welcome to the-internet]. Comparison Type [CONTAINS]. Validation Type [POSITIVE]. @14-10-2021 09:07:00.0766 AM
[ReportManager] Successfully created attachment [Screenshot - 1634202420696_f22_ValidateElementAttribute_failed] @14-10-2021 09:07:00.0767 A
[ReportManager] Successfully Closed All Drivers. @14-10-2021 09:07:00.0862 A

################################################################################################################################################
Starting Execution:	[88 out of 143] test cases in the current suite
Test Method:		[testPackage01.Test_NewValidationHelper.f23]
################################################################################################################################################
[ReportManager] Assertion Passed: confirming that the actual is greater than or equal to the expected @14-10-2021 09:07:00.0870 AM
[ReportManager] Assertion [ValidateComparativeRelation] PASSED. Expected [1] and Actual [1]. Comparison Type [GREATER_THAN_OR_EQUALS]. Validation Type [POSITIVE]. @14-10-2021 09:07:00.0870 A

################################################################################################################################################
Starting Execution:	[89 out of 143] test cases in the current suite
Test Method:		[testPackage01.Test_NewValidationHelper.f24]
################################################################################################################################################
[ReportManager] Assertion [ValidateComparativeRelation] PASSED. Expected [1] and Actual [10]. Comparison Type [GREATER_THAN_OR_EQUALS]. Validation Type [POSITIVE]. @14-10-2021 09:07:00.0874 A

################################################################################################################################################
Starting Execution:	[90 out of 143] test cases in the current suite
Test Method:		[testPackage01.Test_NewValidationHelper.f25]
################################################################################################################################################
[ReportManager] Assertion [ValidateComparativeRelation] PASSED. Expected [1] and Actual [1]. Comparison Type [EQUALS]. Validation Type [POSITIVE]. @14-10-2021 09:07:00.0876 A

################################################################################################################################################
Starting Execution:	[91 out of 143] test cases in the current suite
Test Method:		[testPackage01.Test_NewValidationHelper.f26]
################################################################################################################################################
[ReportManager] Assertion [ValidateComparativeRelation] PASSED. Expected [1] and Actual [5]. Comparison Type [GREATER_THAN]. Validation Type [POSITIVE]. @14-10-2021 09:07:00.0879 A

################################################################################################################################################
Starting Execution:	[92 out of 143] test cases in the current suite
Test Method:		[testPackage01.Test_NewValidationHelper.f27]
################################################################################################################################################
[ReportManager] Assertion [ValidateComparativeRelation] PASSED. Expected [11] and Actual [5]. Comparison Type [LESS_THAN]. Validation Type [POSITIVE]. @14-10-2021 09:07:00.0881 A

################################################################################################################################################
Starting Execution:	[93 out of 143] test cases in the current suite
Test Method:		[testPackage01.Test_NewValidationHelper.f28]
################################################################################################################################################
[ReportManager] Assertion [ValidateComparativeRelation] PASSED. Expected [11] and Actual [5]. Comparison Type [LESS_THAN_OR_EQUALS]. Validation Type [POSITIVE]. @14-10-2021 09:07:00.0882 A

################################################################################################################################################
Starting Execution:	[94 out of 143] test cases in the current suite
Test Method:		[testPackage01.Test_NewValidationHelper.f29]
################################################################################################################################################
[ReportManager] Assertion [ValidateComparativeRelation] PASSED. Expected [11] and Actual [11]. Comparison Type [LESS_THAN_OR_EQUALS]. Validation Type [POSITIVE]. @14-10-2021 09:07:00.0884 A

################################################################################################################################################
Starting Execution:	[95 out of 143] test cases in the current suite
Test Method:		[testPackage01.Test_NewValidationHelper.f3]
################################################################################################################################################
[ReportManager] Assertion [ValidateEquals] PASSED. Expected [1] and Actual [2]. Comparison Type [EQUALS]. Validation Type [NEGATIVE]. @14-10-2021 09:07:00.0886 A

################################################################################################################################################
Starting Execution:	[96 out of 143] test cases in the current suite
Test Method:		[testPackage01.Test_NewValidationHelper.f30]
################################################################################################################################################
[ReportManager] Assertion [ValidateComparativeRelation] FAILED. Expected [-9] and Actual [11]. Comparison Type [LESS_THAN_OR_EQUALS]. Validation Type [POSITIVE]. @14-10-2021 09:07:00.0888 A

################################################################################################################################################
Starting Execution:	[97 out of 143] test cases in the current suite
Test Method:		[testPackage01.Test_NewValidationHelper.f31]
################################################################################################################################################
[ReportManager] Assertion [ValidateTrue] PASSED. Expected [TRUE] and Actual [TRUE]. Validation Type [POSITIVE]. @14-10-2021 09:07:00.0890 A

################################################################################################################################################
Starting Execution:	[98 out of 143] test cases in the current suite
Test Method:		[testPackage01.Test_NewValidationHelper.f32]
################################################################################################################################################
[ReportManager] Assertion [ValidateTrue] PASSED. Expected [FALSE] and Actual [FALSE]. Validation Type [NEGATIVE]. @14-10-2021 09:07:00.0892 A

################################################################################################################################################
Starting Execution:	[99 out of 143] test cases in the current suite
Test Method:		[testPackage01.Test_NewValidationHelper.f33]
################################################################################################################################################
[ReportManager] Assertion [ValidateTrue] FAILED. Expected [FALSE] and Actual [TRUE]. Validation Type [NEGATIVE]. @14-10-2021 09:07:00.0894 A

################################################################################################################################################
Starting Execution:	[100 out of 143] test cases in the current suite
Test Method:		[testPackage01.Test_NewValidationHelper.f34]
################################################################################################################################################
[ReportManager] Assertion [ValidateTrue] FAILED. Expected [TRUE] and Actual [FALSE]. Validation Type [POSITIVE]. @14-10-2021 09:07:00.0896 A

################################################################################################################################################
Starting Execution:	[101 out of 143] test cases in the current suite
Test Method:		[testPackage01.Test_NewValidationHelper.f35]
################################################################################################################################################
[ReportManager] File Action [DoesFileExist] successfully performed. With the following test data [File Path: "pom.xml"]. @14-10-2021 09:07:00.0898 AM
[ReportManager] Assertion [ValidateFileExists] PASSED. Expected [File 'pom.xml' should exist, after up to '1' retries] and Actual [File exists]. Validation Type [POSITIVE]. @14-10-2021 09:07:00.0898 A

################################################################################################################################################
Starting Execution:	[102 out of 143] test cases in the current suite
Test Method:		[testPackage01.Test_NewValidationHelper.f36]
################################################################################################################################################
[ReportManager] File Action [DoesFileExist] successfully performed. With the following test data [File Path: "src/test/java/testPackage01/Test_NewValidationHelper.java"]. @14-10-2021 09:07:00.0900 AM
[ReportManager] Assertion [ValidateFileExists] PASSED. Expected [File 'src/test/java/testPackage01/Test_NewValidationHelper.java' should exist, after up to '1' retries] and Actual [File exists]. Validation Type [POSITIVE]. @14-10-2021 09:07:00.0900 A

################################################################################################################################################
Starting Execution:	[103 out of 143] test cases in the current suite
Test Method:		[testPackage01.Test_NewValidationHelper.f37]
################################################################################################################################################
[ReportManager] File Action [DoesFileExist] successfully performed. With the following test data [File Path: "pom.xml"]. @14-10-2021 09:07:00.0902 AM
[ReportManager] Assertion Failed: confirming that the file does't exist after 5 retries @14-10-2021 09:07:00.0903 AM
[ReportManager] Assertion [ValidateFileExists] FAILED. Expected [File 'pom.xml' should not exist, after up to '5' retries] and Actual [File exists]. Validation Type [NEGATIVE]. @14-10-2021 09:07:00.0903 A

################################################################################################################################################
Starting Execution:	[104 out of 143] test cases in the current suite
Test Method:		[testPackage01.Test_NewValidationHelper.f3_1]
################################################################################################################################################
[ReportManager] Assertion Passed: Checking valid user data @14-10-2021 09:07:00.0905 AM
[ReportManager] Assertion [ValidateEquals] PASSED. Expected [null] and Actual [null]. Comparison Type [EQUALS]. Validation Type [POSITIVE]. @14-10-2021 09:07:00.0905 A

################################################################################################################################################
Starting Execution:	[105 out of 143] test cases in the current suite
Test Method:		[testPackage01.Test_NewValidationHelper.f4]
################################################################################################################################################
[ReportManager] Assertion [ValidateEquals] PASSED. Expected [1] and Actual [123]. Comparison Type [CONTAINS]. Validation Type [POSITIVE]. @14-10-2021 09:07:00.0907 A

################################################################################################################################################
Starting Execution:	[106 out of 143] test cases in the current suite
Test Method:		[testPackage01.Test_NewValidationHelper.f5]
################################################################################################################################################
[ReportManager] Assertion [ValidateNull] PASSED. Expected [NULL] and Actual [1]. Comparison Type [EQUALS]. Validation Type [NEGATIVE]. @14-10-2021 09:07:00.0909 A

################################################################################################################################################
Starting Execution:	[107 out of 143] test cases in the current suite
Test Method:		[testPackage01.Test_NewValidationHelper.f6]
################################################################################################################################################
[ReportManager] Assertion Failed: Making sure that null string is not equal to null object @14-10-2021 09:07:00.0910 AM
[ReportManager] Assertion [ValidateNull] FAILED. Expected [NULL] and Actual [NULL]. Comparison Type [EQUALS]. Validation Type [POSITIVE]. @14-10-2021 09:07:00.0911 A

################################################################################################################################################
Starting Execution:	[108 out of 143] test cases in the current suite
Test Method:		[testPackage01.Test_NewValidationHelper.f6_1]
################################################################################################################################################
[ReportManager] Assertion [ValidateNull] FAILED. Expected [NULL] and Actual [NULL]. Comparison Type [EQUALS]. Validation Type [NEGATIVE]. @14-10-2021 09:07:00.0913 A

################################################################################################################################################
Starting Execution:	[109 out of 143] test cases in the current suite
Test Method:		[testPackage01.Test_NewValidationHelper.f6_2]
################################################################################################################################################
[ReportManager] Assertion Failed: Making sure that null string is not equal to null object @14-10-2021 09:07:00.0915 AM
[ReportManager] Assertion [ValidateNull] FAILED. Expected [NULL] and Actual [not null]. Comparison Type [EQUALS]. Validation Type [POSITIVE]. @14-10-2021 09:07:00.0915 A

################################################################################################################################################
Starting Execution:	[110 out of 143] test cases in the current suite
Test Method:		[testPackage01.Test_NewValidationHelper.f7]
################################################################################################################################################
[ReportManager] Assertion [ValidateNull] PASSED. Expected [NULL] and Actual [NULL]. Comparison Type [EQUALS]. Validation Type [POSITIVE]. @14-10-2021 09:07:00.0917 A
[ReportManager] File Action [GetAbsolutePath] successfully performed. With the following test data [Relative Folder Path: "target/downloadedFiles/"]. @14-10-2021 09:07:00.0918 AM
[ReportManager] Attempting to run remotely on: [Linux-64], [GoogleChrome], [http://localhost:4444/wd/hub], Headless Execution. @14-10-2021 09:07:00.0919 AM
[ReportManager] Successfully Opened [GoogleChrome]. @14-10-2021 09:07:05.0038 AM
[ReportManager] Target URL: [https://the-internet.herokuapp.com/] @14-10-2021 09:07:05.0056 AM
[ReportManager] Initial URL: [data:,] @14-10-2021 09:07:05.0151 AM
[ReportManager] Browser Action [NavigateToURL] successfully performed. With the following test data [https://the-internet.herokuapp.com/]. @14-10-2021 09:07:05.0507 A

################################################################################################################################################
Starting Execution:	[111 out of 143] test cases in the current suite
Test Method:		[testPackage01.Test_NewValidationHelper.f8]
################################################################################################################################################
[ReportManager] Loaded Shared OpenCV @14-10-2021 09:07:05.0702 AM
[ReportManager] Assertion [ValidateElementExists] PASSED. Expected [Element Should Exist, locator 'By.tagName: h1'] and Actual [Element Exists]. Comparison Type [EQUALS]. Validation Type [POSITIVE]. @14-10-2021 09:07:05.0779 AM
[ReportManager] Successfully created attachment [Screenshot - 1634202425702_f8_ValidateElementExists_passed] @14-10-2021 09:07:05.0780 A
[ReportManager] Successfully Closed All Drivers. @14-10-2021 09:07:05.0878 A
[ReportManager] File Action [GetAbsolutePath] successfully performed. With the following test data [Relative Folder Path: "target/downloadedFiles/"]. @14-10-2021 09:07:05.0880 AM
[ReportManager] Attempting to run remotely on: [Linux-64], [GoogleChrome], [http://localhost:4444/wd/hub], Headless Execution. @14-10-2021 09:07:05.0880 AM
[ReportManager] Successfully Opened [GoogleChrome]. @14-10-2021 09:07:10.0062 AM
[ReportManager] Target URL: [https://the-internet.herokuapp.com/] @14-10-2021 09:07:10.0074 AM
[ReportManager] Initial URL: [data:,] @14-10-2021 09:07:10.0141 AM
[ReportManager] Browser Action [NavigateToURL] successfully performed. With the following test data [https://the-internet.herokuapp.com/]. @14-10-2021 09:07:10.0541 A

################################################################################################################################################
Starting Execution:	[112 out of 143] test cases in the current suite
Test Method:		[testPackage01.Test_NewValidationHelper.f9]
################################################################################################################################################
[ReportManager] Assertion [ValidateElementExists] FAILED. Expected [Element Should Exist, locator 'By.tagName: h3'] and Actual [Element Doesn't Exists]. Comparison Type [EQUALS]. Validation Type [POSITIVE]. @14-10-2021 09:07:41.0173 AM
[ReportManager] Successfully created attachment [Screenshot - 1634202461117_f9_ValidateElementExists_failed] @14-10-2021 09:07:41.0174 A
[ReportManager] Successfully Closed All Drivers. @14-10-2021 09:07:41.0262 A

################################################################################################################################################
Starting Execution:	[113 out of 143] test cases in the current suite
Test Method:		[testPackage01.Test_NewValidationHelper.forceFail]
################################################################################################################################################
[ReportManager] Assertion [ValidateFail] FAILED. Successfully force failed the test. @14-10-2021 09:07:41.0267 A

################################################################################################################################################
Starting Execution:	[114 out of 143] test cases in the current suite
Test Method:		[testPackage01.Test_NewValidationHelper.forceFail2]
################################################################################################################################################
[ReportManager] Assertion Failed: Custom Message @14-10-2021 09:07:41.0270 AM
[ReportManager] Assertion [ValidateFail] FAILED. Successfully force failed the test. @14-10-2021 09:07:41.0270 A

################################################################################################################################################
Starting Execution:	[115 out of 143] test cases in the current suite
Test Method:		[testPackage01.Test_sendGraphqlRequest.sendGraphqlRequestUsingMutationAndVariables]
################################################################################################################################################
[ReportManager] GraphQl Request is being Performed with the Following Parameters [Service URL: https://api.spacex.land/graphql | Request Body: {"variables":"{\"name\": \"sherlock holmes\",\"rocket\": \"221B Baker Street\"}","query":"mutation ($name: String, $rocket: String) {\n  insert_users(objects: {name: $name, rocket: $rocket}) {\n    returning {\n      name\n      rocket\n    }\n  }\n}"}] @14-10-2021 09:07:41.0273 AM
[ReportManager] Response status code: [200], status line: [HTTP/1.1 200 OK] @14-10-2021 09:07:41.0493 AM
[ReportManager] Assertion Passed: Evaluating the actual response status code against the expected one... @14-10-2021 09:07:41.0494 AM
[ReportManager] Assertion [ValidateEquals] PASSED. Expected [200] and Actual [200]. Comparison Type [EQUALS]. Validation Type [POSITIVE]. @14-10-2021 09:07:41.0494 AM
[ReportManager] API Action [PerformRequest] successfully performed. With the following test data [Request Type: "POST" | Target Status Code: "200" | Service URL: "https://api.spacex.land/graphql" | Content Type: "application/json" | Response Time: "148ms"]. @14-10-2021 09:07:41.0506 AM
[ReportManager] Successfully created attachment [API Request - Specifications] @14-10-2021 09:07:41.0506 AM
[ReportManager] Successfully created attachment [API Request - JSON Body] @14-10-2021 09:07:41.0506 AM
[ReportManager] Successfully created attachment [API Response - JSON Body] @14-10-2021 09:07:41.0507 AM
[ReportManager] API Action [GetResponseJSONValue] successfully performed. With the following test data [data.insert_users.returning[0].name]. @14-10-2021 09:07:41.0545 AM
[ReportManager] Assertion [ValidateEquals] PASSED. Expected [sherlock holmes] and Actual [sherlock holmes]. Comparison Type [EQUALS]. Validation Type [POSITIVE]. @14-10-2021 09:07:41.0545 A

################################################################################################################################################
Starting Execution:	[116 out of 143] test cases in the current suite
Test Method:		[testPackage01.Test_sendGraphqlRequest.sendGraphqlRequestUsingQuery]
################################################################################################################################################
[ReportManager] GraphQl Request is being Performed with the Following Parameters [Service URL: https://api.spacex.land/graphql | Request Body: {"query":"{company {ceo}}"}] @14-10-2021 09:07:41.0549 AM
[ReportManager] Response status code: [200], status line: [HTTP/1.1 200 OK] @14-10-2021 09:07:41.0613 AM
[ReportManager] Assertion Passed: Evaluating the actual response status code against the expected one... @14-10-2021 09:07:41.0613 AM
[ReportManager] Assertion [ValidateEquals] PASSED. Expected [200] and Actual [200]. Comparison Type [EQUALS]. Validation Type [POSITIVE]. @14-10-2021 09:07:41.0613 AM
[ReportManager] API Action [PerformRequest] successfully performed. With the following test data [Request Type: "POST" | Target Status Code: "200" | Service URL: "https://api.spacex.land/graphql" | Content Type: "application/json" | Response Time: "60ms"]. @14-10-2021 09:07:41.0624 AM
[ReportManager] Successfully created attachment [API Request - Specifications] @14-10-2021 09:07:41.0624 AM
[ReportManager] Successfully created attachment [API Request - JSON Body] @14-10-2021 09:07:41.0625 AM
[ReportManager] Successfully created attachment [API Response - JSON Body] @14-10-2021 09:07:41.0625 AM
[ReportManager] API Action [GetResponseJSONValue] successfully performed. With the following test data [data.company.ceo]. @14-10-2021 09:07:41.0633 AM
[ReportManager] Assertion [ValidateEquals] PASSED. Expected [Elon Musk] and Actual [Elon Musk]. Comparison Type [EQUALS]. Validation Type [POSITIVE]. @14-10-2021 09:07:41.0633 A
[ReportManager] Successfully loaded the following test data file [src/test/resources/TestDataFiles/testSuite01/TestData.xlsx]. @14-10-2021 09:07:41.0658 AM
[ReportManager] Successfully created attachment [Test Data - Excel] @14-10-2021 09:07:41.0658 AM
[ReportManager] File Action [GetAbsolutePath] successfully performed. With the following test data [Relative Folder Path: "target/downloadedFiles/"]. @14-10-2021 09:07:41.0658 AM
[ReportManager] Attempting to run remotely on: [Linux-64], [GoogleChrome], [http://localhost:4444/wd/hub], Headless Execution. @14-10-2021 09:07:41.0659 AM
[ReportManager] Successfully Opened [GoogleChrome]. @14-10-2021 09:07:45.0044 A

################################################################################################################################################
Starting Execution:	[117 out of 143] test cases in the current suite
Test Method:		[testPackage01.Test_google.navigateToURLandVerifyGoogleLogoIsDisplayed]
Test Description:	[TC001 - Navigate to URL and Verify Google Logo is Displayed]
################################################################################################################################################
[ReportManager] Target URL: [https://www.google.com/ncr], and after redirection: [https://www.google.com] @14-10-2021 09:07:45.0070 AM
[ReportManager] Initial URL: [data:,] @14-10-2021 09:07:45.0120 AM
[ReportManager] Browser Action [NavigateToURL] successfully performed. With the following test data [https://www.google.com/ncr]. @14-10-2021 09:07:45.0767 AM
[ReportManager] Loaded Shared OpenCV @14-10-2021 09:07:45.0960 AM
[ReportManager] Assertion [ValidateElementExists] PASSED. Expected [Element Should Exist, locator 'By.xpath: //*[@id='hplogo' or @alt='Google']'] and Actual [Element Exists]. Comparison Type [EQUALS]. Validation Type [POSITIVE]. @14-10-2021 09:07:46.0023 AM
[ReportManager] Successfully created attachment [Screenshot - 1634202465960_navigateToURLandVerifyGoogleLogoIsDisplayed_ValidateElementExists_passed] @14-10-2021 09:07:46.0024 A

################################################################################################################################################
Starting Execution:	[118 out of 143] test cases in the current suite
Test Method:		[testPackage01.Test_google.searchForQueryandAssertResultsNumDisplayed]
Test Description:	[TC002 - Search for Query and Assert that the number of results is displayed]
################################################################################################################################################
[ReportManager] Element Action [Type] successfully performed. With the following test data [SHAFT_Engine]. @14-10-2021 09:07:46.0436 AM
[ReportManager] Element Action [KeyPress] successfully performed. With the following test data [Enter]. @14-10-2021 09:07:47.0942 AM
[ReportManager] Element Action [GetText] successfully performed. With the following test data [About 1,060,000 results (0.76 seconds) ]. @14-10-2021 09:07:48.0048 AM
[ReportManager] Loaded Shared OpenCV @14-10-2021 09:07:48.0173 AM
[ReportManager] Assertion [ValidateElementAttribute] PASSED. Expected [Value Should not be '' for the 'Text' attribute, element locator 'By.id: appbar'] and Actual [About 1,060,000 results (0.76 seconds) ]. Comparison Type [EQUALS]. Validation Type [NEGATIVE]. @14-10-2021 09:07:48.0249 AM
[ReportManager] Successfully created attachment [Screenshot - 1634202468173_searchForQueryandAssertResultsNumDisplayed_ValidateElementAttribute_passed] @14-10-2021 09:07:48.0251 A

################################################################################################################################################
Starting Execution:	[119 out of 143] test cases in the current suite
Test Method:		[testPackage01.Test_google.clickNextThrice]
Test Description:	[TC003 - Clicks the next button to make sure that the framework can scroll element into view before clicking it]
################################################################################################################################################
[ReportManager] Element Action [Click] successfully performed. With the following test data [Next]. @14-10-2021 09:07:49.0550 A
[ReportManager] Browser Action [CloseCurrentWindow] successfully performed. @14-10-2021 09:07:49.0935 AM
[ReportManager] Successfully created attachment [Browser Action Test Data - CloseCurrentWindow - Actual Value] @14-10-2021 09:07:49.0939 A
[ReportManager] File Action [GetAbsolutePath] successfully performed. With the following test data [Relative Folder Path: "target/downloadedFiles/"]. @14-10-2021 09:07:49.0941 AM
[ReportManager] Attempting to run remotely on: [Linux-64], [GoogleChrome], [http://localhost:4444/wd/hub], Headless Execution. @14-10-2021 09:07:49.0941 AM
[ReportManager] Successfully Opened [GoogleChrome]. @14-10-2021 09:07:55.0057 A

################################################################################################################################################
Starting Execution:	[120 out of 143] test cases in the current suite
Test Method:		[testPackage01.Test_ShadowDOM.shadowdom]
################################################################################################################################################
[ReportManager] Target URL: [https://mdn.github.io/web-components-examples/popup-info-box-web-component/] @14-10-2021 09:07:55.0069 AM
[ReportManager] Initial URL: [data:,] @14-10-2021 09:07:55.0134 AM
[ReportManager] Browser Action [NavigateToURL] successfully performed. With the following test data [https://mdn.github.io/web-components-examples/popup-info-box-web-component/]. @14-10-2021 09:07:55.0368 AM
[ReportManager] Element Action [Type] successfully performed. With the following test data [Typing into SHADOW DOM...]. @14-10-2021 09:07:55.0683 AM
[ReportManager] Element Action [GetText] successfully performed. With the following test data [Typing into SHADOW DOM...]. @14-10-2021 09:07:55.0774 AM
[ReportManager] Loaded Shared OpenCV @14-10-2021 09:07:55.0924 AM
[ReportManager] Assertion [ValidateElementAttribute] PASSED. Expected [Value Should be 'Typing into SHADOW DOM...' for the 'Text' attribute, element locator 'By.id: cvc'] and Actual [Typing into SHADOW DOM...]. Comparison Type [EQUALS]. Validation Type [POSITIVE]. @14-10-2021 09:07:55.0981 AM
[ReportManager] Successfully created attachment [Screenshot - 1634202475923_shadowdom_ValidateElementAttribute_passed] @14-10-2021 09:07:55.0982 A
[ReportManager] Browser Action [CloseCurrentWindow] successfully performed. @14-10-2021 09:07:56.0084 AM
[ReportManager] Successfully created attachment [Browser Action Test Data - CloseCurrentWindow - Actual Value] @14-10-2021 09:07:56.0085 A

################################################################################################################################################
Starting Execution:	[121 out of 143] test cases in the current suite
Test Method:		[testPackage01.Test_AssertApiResponseEquals.assertApiResponseEquals_expectedToPass]
################################################################################################################################################
[ReportManager] Response status code: [200], status line: [HTTP/1.1 200 OK] @14-10-2021 09:07:56.0137 AM
[ReportManager] Assertion Passed: Evaluating the actual response status code against the expected one... @14-10-2021 09:07:56.0137 AM
[ReportManager] Assertion [ValidateEquals] PASSED. Expected [200] and Actual [200]. Comparison Type [EQUALS]. Validation Type [POSITIVE]. @14-10-2021 09:07:56.0138 AM
[ReportManager] API Action [PerformRequest] successfully performed. With the following test data [Request Type: "GET" | Target Status Code: "200" | Service URL: "https://jsonplaceholder.typicode.com/users" | Content Type: "*/*" | Response Time: "45ms"]. @14-10-2021 09:07:56.0156 AM
[ReportManager] Successfully created attachment [API Request - Specifications] @14-10-2021 09:07:56.0156 AM
[ReportManager] Successfully created attachment [API Response - JSON Body] @14-10-2021 09:07:56.0157 AM
[ReportManager] API Action [GetResponseJSONValueAsList] successfully performed. With the following test data [$]. @14-10-2021 09:07:56.0160 AM
[ReportManager] API Action [GetResponseJSONValue] successfully performed. With the following test data [name]. @14-10-2021 09:07:56.0176 AM
[ReportManager] API Action [GetResponseJSONValue] successfully performed. With the following test data [email]. @14-10-2021 09:07:56.0188 AM
[ReportManager] Verification [ValidateEquals] PASSED. Expected [Sincere@april.biz] and Actual [Sincere@april.biz]. Comparison Type [EQUALS]. Validation Type [POSITIVE]. @14-10-2021 09:07:56.0189 AM
[ReportManager] API Action [GetResponseJSONValue] successfully performed. With the following test data [username]. @14-10-2021 09:07:56.0202 AM
[ReportManager] Assertion [ValidateEquals] PASSED. Expected [Bret] and Actual [Bret]. Comparison Type [EQUALS]. Validation Type [POSITIVE]. @14-10-2021 09:07:56.0202 AM
[ReportManager] API Action [GetResponseJSONValue] successfully performed. With the following test data [name]. @14-10-2021 09:07:56.0215 AM
[ReportManager] API Action [GetResponseJSONValue] successfully performed. With the following test data [name]. @14-10-2021 09:07:56.0223 AM
[ReportManager] API Action [GetResponseJSONValue] successfully performed. With the following test data [name]. @14-10-2021 09:07:56.0231 AM
[ReportManager] API Action [GetResponseJSONValue] successfully performed. With the following test data [name]. @14-10-2021 09:07:56.0244 AM
[ReportManager] API Action [GetResponseJSONValue] successfully performed. With the following test data [name]. @14-10-2021 09:07:56.0257 AM
[ReportManager] API Action [GetResponseJSONValue] successfully performed. With the following test data [name]. @14-10-2021 09:07:56.0295 AM
[ReportManager] API Action [GetResponseJSONValue] successfully performed. With the following test data [name]. @14-10-2021 09:07:56.0304 AM
[ReportManager] API Action [GetResponseJSONValue] successfully performed. With the following test data [name]. @14-10-2021 09:07:56.0312 AM
[ReportManager] API Action [GetResponseJSONValue] successfully performed. With the following test data [name]. @14-10-2021 09:07:56.0318 A
[ReportManager] File Action [GetAbsolutePath] successfully performed. With the following test data [Relative Folder Path: "target/downloadedFiles/"]. @14-10-2021 09:07:56.0320 AM
[ReportManager] Attempting to run remotely on: [Linux-64], [GoogleChrome], [http://localhost:4444/wd/hub], Headless Execution. @14-10-2021 09:07:56.0321 AM
[ReportManager] Successfully Opened [GoogleChrome]. @14-10-2021 09:08:00.0047 A

################################################################################################################################################
Starting Execution:	[122 out of 143] test cases in the current suite
Test Method:		[testPackage01.Test_IsElementClickable.testIsElementClickable]
################################################################################################################################################
[ReportManager] Target URL: [https://the-internet.herokuapp.com/] @14-10-2021 09:08:00.0066 AM
[ReportManager] Initial URL: [data:,] @14-10-2021 09:08:00.0122 AM
[ReportManager] Browser Action [NavigateToURL] successfully performed. With the following test data [https://the-internet.herokuapp.com/]. @14-10-2021 09:08:00.0439 AM
[ReportManager] Element Action [IsElementClickable] successfully performed. @14-10-2021 09:08:00.0604 AM
[ReportManager] Assertion [ValidateTrue] PASSED. Expected [TRUE] and Actual [TRUE]. Validation Type [POSITIVE]. @14-10-2021 09:08:00.0605 A
[ReportManager] Browser Action [CloseCurrentWindow] successfully performed. @14-10-2021 09:08:00.0714 AM
[ReportManager] Successfully created attachment [Browser Action Test Data - CloseCurrentWindow - Actual Value] @14-10-2021 09:08:00.0714 A

################################################################################################################################################
Starting Execution:	[123 out of 143] test cases in the current suite
Test Method:		[testPackage01.Test_JsonCompareWithSpecialCharacters.specialCharacters]
################################################################################################################################################
[ReportManager] File Action [GetAbsolutePath] successfully performed. With the following test data [Relative Folder Path: "src/test/resources/TestJsonFiles/specialCharacters.json"]. @14-10-2021 09:08:00.0720 AM
[ReportManager] File Action [ReadFromFile] successfully performed. With the following test data [File Path: "/home/runner/work/SHAFT_ENGINE/SHAFT_ENGINE/src/test/resources/TestJsonFiles/specialCharacters.json"]. @14-10-2021 09:08:00.0726 AM
[ReportManager] Successfully created attachment [File Action Actual Result - Command Log] @14-10-2021 09:08:00.0726 AM
[ReportManager] Comparing the provided API response with the file at this path "src/test/resources/TestJsonFiles/specialCharacters.json", comparison type "EQUALS" @14-10-2021 09:08:00.0727 AM
[ReportManager] API Action [CompareJSON] successfully performed. With the following test data [src/test/resources/TestJsonFiles/specialCharacters.json]. @14-10-2021 09:08:00.0741 AM
[ReportManager] File Action [GetAbsolutePath] successfully performed. With the following test data [Relative Folder Path: "src/test/resources/TestJsonFiles/specialCharacters.json"]. @14-10-2021 09:08:00.0741 AM
[ReportManager] File Action [ReadFromFile] successfully performed. With the following test data [File Path: "/home/runner/work/SHAFT_ENGINE/SHAFT_ENGINE/src/test/resources/TestJsonFiles/specialCharacters.json"]. @14-10-2021 09:08:00.0741 AM
[ReportManager] Verification [ValidateJSONFileContent] PASSED. Expected [Response data should match the JSON File in this path 'src/test/resources/TestJsonFiles/specialCharacters.json'] and Actual [TRUE]. Comparison Type [EQUALS]. Validation Type [POSITIVE]. @14-10-2021 09:08:00.0748 AM
[ReportManager] Successfully created attachment [Validation Test Data - Expected JSON Value] @14-10-2021 09:08:00.0748 AM
[ReportManager] Successfully created attachment [Validation Test Data - Actual JSON Value] @14-10-2021 09:08:00.0749 A

################################################################################################################################################
Starting Execution:	[124 out of 143] test cases in the current suite
Test Method:		[testPackage01.Test_JsonCompareWithSpecialCharacters.specialCharacters_assertion]
################################################################################################################################################
[ReportManager] File Action [GetAbsolutePath] successfully performed. With the following test data [Relative Folder Path: "src/test/resources/TestJsonFiles/specialCharacters.json"]. @14-10-2021 09:08:00.0758 AM
[ReportManager] File Action [ReadFromFile] successfully performed. With the following test data [File Path: "/home/runner/work/SHAFT_ENGINE/SHAFT_ENGINE/src/test/resources/TestJsonFiles/specialCharacters.json"]. @14-10-2021 09:08:00.0758 AM
[ReportManager] Successfully created attachment [File Action Actual Result - Command Log] @14-10-2021 09:08:00.0759 AM
[ReportManager] Comparing the provided API response with the file at this path "src/test/resources/TestJsonFiles/specialCharacters.json", comparison type "CONTAINS" @14-10-2021 09:08:00.0759 AM
[ReportManager] API Action [CompareJSON] successfully performed. With the following test data [src/test/resources/TestJsonFiles/specialCharacters.json]. @14-10-2021 09:08:00.0783 AM
[ReportManager] File Action [GetAbsolutePath] successfully performed. With the following test data [Relative Folder Path: "src/test/resources/TestJsonFiles/specialCharacters.json"]. @14-10-2021 09:08:00.0783 AM
[ReportManager] File Action [ReadFromFile] successfully performed. With the following test data [File Path: "/home/runner/work/SHAFT_ENGINE/SHAFT_ENGINE/src/test/resources/TestJsonFiles/specialCharacters.json"]. @14-10-2021 09:08:00.0783 AM
[ReportManager] Assertion Passed: trying out the log message @14-10-2021 09:08:00.0786 AM
[ReportManager] Successfully created attachment [Validation Test Data - Expected JSON Value] @14-10-2021 09:08:00.0787 AM
[ReportManager] Successfully created attachment [Validation Test Data - Actual JSON Value] @14-10-2021 09:08:00.0787 AM
[ReportManager] Assertion [ValidateJSONFileContent] PASSED. Expected [Response data should match the JSON File in this path 'src/test/resources/TestJsonFiles/specialCharacters.json'] and Actual [TRUE]. Comparison Type [CONTAINS]. Validation Type [POSITIVE]. @14-10-2021 09:08:00.0787 A
[ReportManager] File Action [GetAbsolutePath] successfully performed. With the following test data [Relative Folder Path: "target/downloadedFiles/"]. @14-10-2021 09:08:00.0794 AM
[ReportManager] Attempting to run remotely on: [Linux-64], [GoogleChrome], [http://localhost:4444/wd/hub], Headless Execution. @14-10-2021 09:08:00.0794 AM
[ReportManager] Successfully Opened [GoogleChrome]. @14-10-2021 09:08:05.0049 A

################################################################################################################################################
Starting Execution:	[125 out of 143] test cases in the current suite
Test Method:		[testPackage01.Test_assertEquals.test_assertElementAttribute]
################################################################################################################################################
[ReportManager] Target URL: [https://www.google.com/ncr], and after redirection: [https://www.google.com] @14-10-2021 09:08:05.0060 AM
[ReportManager] Initial URL: [data:,] @14-10-2021 09:08:05.0139 AM
[ReportManager] Browser Action [NavigateToURL] successfully performed. With the following test data [https://www.google.com/ncr]. @14-10-2021 09:08:05.0838 AM
[ReportManager] Element Action [Type] successfully performed. With the following test data [INC_004010050:Another SCHEDULER with the same name [Duplicate Job Name] already exists.]. @14-10-2021 09:08:06.0469 AM
[ReportManager] Element Action [GetText] successfully performed. With the following test data [INC_004010050:Another SCHEDULER with the same name [Duplicate Job Name] already exists.]. @14-10-2021 09:08:06.0582 AM
[ReportManager] Loaded Shared OpenCV @14-10-2021 09:08:06.0745 AM
[ReportManager] Assertion [ValidateElementAttribute] PASSED. Expected [Value Should be 'INC_004010050:Another SCHEDULER with the same name \[Duplicate Job Name\] already exists.' for the 'text' attribute, element locator 'By.name: q'] and Actual [INC_004010050:Another SCHEDULER with the same name [Duplicate Job Name] already exists.]. Comparison Type [MATCHES]. Validation Type [POSITIVE]. @14-10-2021 09:08:06.0825 AM
[ReportManager] Successfully created attachment [Screenshot - 1634202486745_test_assertElementAttribute_ValidateElementAttribute_passed] @14-10-2021 09:08:06.0826 A
[ReportManager] Browser Action [CloseCurrentWindow] successfully performed. @14-10-2021 09:08:06.0964 AM
[ReportManager] Successfully created attachment [Browser Action Test Data - CloseCurrentWindow - Actual Value] @14-10-2021 09:08:06.0965 A
[ReportManager] File Action [GetAbsolutePath] successfully performed. With the following test data [Relative Folder Path: "target/downloadedFiles/"]. @14-10-2021 09:08:06.0967 AM
[ReportManager] Attempting to run remotely on: [Linux-64], [GoogleChrome], [http://localhost:4444/wd/hub], Headless Execution. @14-10-2021 09:08:06.0968 AM
[ReportManager] Successfully Opened [GoogleChrome]. @14-10-2021 09:08:10.0047 A

################################################################################################################################################
Starting Execution:	[126 out of 143] test cases in the current suite
Test Method:		[testPackage01.Test_verifyEquals.test_assertElementAttribute]
################################################################################################################################################
[ReportManager] Target URL: [https://www.google.com/ncr], and after redirection: [https://www.google.com] @14-10-2021 09:08:10.0058 AM
[ReportManager] Initial URL: [data:,] @14-10-2021 09:08:10.0104 AM
[ReportManager] Browser Action [NavigateToURL] successfully performed. With the following test data [https://www.google.com/ncr]. @14-10-2021 09:08:10.0730 AM
[ReportManager] Element Action [Type] successfully performed. With the following test data [INC_004010050:Another SCHEDULER with the same name [Duplicate Job Name] already exists.]. @14-10-2021 09:08:11.0312 AM
[ReportManager] Element Action [GetText] successfully performed. With the following test data [INC_004010050:Another SCHEDULER with the same name [Duplicate Job Name] already exists.]. @14-10-2021 09:08:11.0431 AM
[ReportManager] Loaded Shared OpenCV @14-10-2021 09:08:11.0586 AM
[ReportManager] Verification [ValidateElementAttribute] PASSED. Expected [Value Should be 'INC_004010050:Another SCHEDULER with the same name \[Duplicate Job Name\] already exists.' for the 'text' attribute, element locator 'By.name: q'] and Actual [INC_004010050:Another SCHEDULER with the same name [Duplicate Job Name] already exists.]. Comparison Type [MATCHES]. Validation Type [POSITIVE]. @14-10-2021 09:08:11.0649 AM
[ReportManager] Successfully created attachment [Screenshot - 1634202491586_test_assertElementAttribute_ValidateElementAttribute_passed] @14-10-2021 09:08:11.0650 A
[ReportManager] Browser Action [CloseCurrentWindow] successfully performed. @14-10-2021 09:08:11.0770 AM
[ReportManager] Successfully created attachment [Browser Action Test Data - CloseCurrentWindow - Actual Value] @14-10-2021 09:08:11.0771 A

################################################################################################################################################
Starting Execution:	[127 out of 143] test cases in the current suite
Test Method:		[testPackage01.Test_JsonActions.f]
###############################################################################################################################################

################################################################################################################################################
Starting Execution:	[128 out of 143] test cases in the current suite
Test Method:		[testPackage01.Test_JsonActions.f2]
###############################################################################################################################################

################################################################################################################################################
Starting Execution:	[129 out of 143] test cases in the current suite
Test Method:		[testPackage01.Test_PDF.testPDF_Downloaded]
################################################################################################################################################
[ReportManager] File Action [DoesFileExist] successfully performed. With the following test data [File Path: "src/test/resources/TestDataFiles/sample.pdf"]. @14-10-2021 09:08:11.0803 AM
[ReportManager] File Action [GetAbsolutePath] successfully performed. With the following test data [Relative File Path: "src/test/resources/TestDataFiles/sample.pdf"]. @14-10-2021 09:08:11.0803 AM
[ReportManager] Assertion [ValidateTrue] PASSED. Expected [TRUE] and Actual [TRUE]. Validation Type [POSITIVE]. @14-10-2021 09:08:14.0201 A
[ReportManager] File Action [GetAbsolutePath] successfully performed. With the following test data [Relative Folder Path: "target/downloadedFiles/"]. @14-10-2021 09:08:14.0208 AM
[ReportManager] Attempting to run remotely on: [Linux-64], [GoogleChrome], [http://localhost:4444/wd/hub], Headless Execution. @14-10-2021 09:08:14.0208 AM
[ReportManager] Successfully Opened [GoogleChrome]. @14-10-2021 09:08:15.0041 A

################################################################################################################################################
Starting Execution:	[130 out of 143] test cases in the current suite
Test Method:		[testPackage01.Test_dragAndDrop.dragAndDropJquery]
################################################################################################################################################
[ReportManager] Target URL: [https://jqueryui.com/resources/demos/droppable/default.html] @14-10-2021 09:08:15.0072 AM
[ReportManager] Initial URL: [data:,] @14-10-2021 09:08:15.0147 AM
[ReportManager] Browser Action [NavigateToURL] successfully performed. With the following test data [https://jqueryui.com/resources/demos/droppable/default.html]. @14-10-2021 09:08:15.0481 AM
[ReportManager] Element Action [GetText] successfully performed. With the following test data [Drop here]. @14-10-2021 09:08:15.0565 AM
[ReportManager] Element Action [DragAndDrop] successfully performed. With the following test data [Start point: (8, 18), End point: (8, 18)]. @14-10-2021 09:08:16.0958 AM
[ReportManager] Element Action [GetText] successfully performed. With the following test data [Dropped!]. @14-10-2021 09:08:17.0035 AM
[ReportManager] Assertion Passed: Checking to see if the text has changed after performing drag and drop @14-10-2021 09:08:17.0036 AM
[ReportManager] Assertion [ValidateEquals] PASSED. Expected [Drop here] and Actual [Dropped!]. Comparison Type [EQUALS]. Validation Type [NEGATIVE]. @14-10-2021 09:08:17.0036 A
[ReportManager] Browser Action [CloseCurrentWindow] successfully performed. @14-10-2021 09:08:17.0156 AM
[ReportManager] Successfully created attachment [Browser Action Test Data - CloseCurrentWindow - Actual Value] @14-10-2021 09:08:17.0157 A
[ReportManager] File Action [GetAbsolutePath] successfully performed. With the following test data [Relative Folder Path: "target/downloadedFiles/"]. @14-10-2021 09:08:17.0160 AM
[ReportManager] Attempting to run remotely on: [Linux-64], [GoogleChrome], [http://localhost:4444/wd/hub], Headless Execution. @14-10-2021 09:08:17.0160 AM
[ReportManager] Successfully Opened [GoogleChrome]. @14-10-2021 09:08:20.0069 A

################################################################################################################################################
Starting Execution:	[131 out of 143] test cases in the current suite
Test Method:		[testPackage01.Test_dragAndDrop.dragAndDrop]
Test Description:	[TC001 - Test Drag and Drop function.]
################################################################################################################################################
[ReportManager] Target URL: [http://the-internet.herokuapp.com/drag_and_drop] @14-10-2021 09:08:20.0103 AM
[ReportManager] Initial URL: [data:,] @14-10-2021 09:08:20.0163 AM
[ReportManager] Browser Action [NavigateToURL] successfully performed. With the following test data [http://the-internet.herokuapp.com/drag_and_drop]. @14-10-2021 09:08:20.0507 AM
[ReportManager] Attempting Drag and Drop @14-10-2021 09:08:20.0507 AM
[ReportManager] Element Action [DragAndDrop] successfully performed. With the following test data [Start point: (32, 89), End point: (247, 89)]. @14-10-2021 09:08:21.0749 A
[ReportManager] Browser Action [CloseCurrentWindow] successfully performed. @14-10-2021 09:08:21.0870 AM
[ReportManager] Successfully created attachment [Browser Action Test Data - CloseCurrentWindow - Actual Value] @14-10-2021 09:08:21.0870 A
[ReportManager] File Action [GetAbsolutePath] successfully performed. With the following test data [Relative Folder Path: "target/downloadedFiles/"]. @14-10-2021 09:08:21.0872 AM
[ReportManager] Attempting to run remotely on: [Linux-64], [GoogleChrome], [http://localhost:4444/wd/hub], Headless Execution. @14-10-2021 09:08:21.0872 AM
[ReportManager] Successfully Opened [GoogleChrome]. @14-10-2021 09:08:25.0042 A

################################################################################################################################################
Starting Execution:	[132 out of 143] test cases in the current suite
Test Method:		[testPackage01.Test_dragAndDrop.dragAndDropByOffset]
Test Description:	[TC002 - Test Drag and Drop by offset function.]
################################################################################################################################################
[ReportManager] Target URL: [https://jqueryui.com/resources/demos/draggable/default.html] @14-10-2021 09:08:25.0051 AM
[ReportManager] Initial URL: [data:,] @14-10-2021 09:08:25.0106 AM
[ReportManager] Browser Action [NavigateToURL] successfully performed. With the following test data [https://jqueryui.com/resources/demos/draggable/default.html]. @14-10-2021 09:08:25.0422 AM
[ReportManager] Element Action [DragAndDropByOffset] successfully performed. With the following test data [Start point: (8, 8), End point: (108, 58)]. @14-10-2021 09:08:25.0618 A
[ReportManager] Browser Action [CloseCurrentWindow] successfully performed. @14-10-2021 09:08:25.0732 AM
[ReportManager] Successfully created attachment [Browser Action Test Data - CloseCurrentWindow - Actual Value] @14-10-2021 09:08:25.0733 A
[ReportManager] File Action [GetAbsolutePath] successfully performed. With the following test data [Relative Folder Path: "target/downloadedFiles/"]. @14-10-2021 09:08:25.0734 AM
[ReportManager] Attempting to run remotely on: [Linux-64], [GoogleChrome], [http://localhost:4444/wd/hub], Headless Execution. @14-10-2021 09:08:25.0734 AM
[ReportManager] Successfully Opened [GoogleChrome]. @14-10-2021 09:08:30.0067 A

################################################################################################################################################
Starting Execution:	[133 out of 143] test cases in the current suite
Test Method:		[testPackage01.Test_clipboardActions.typeTextAndCopyPaste]
################################################################################################################################################
[ReportManager] Target URL: [https://www.google.com/ncr], and after redirection: [https://www.google.com] @14-10-2021 09:08:30.0097 AM
[ReportManager] Initial URL: [data:,] @14-10-2021 09:08:30.0152 AM
[ReportManager] Browser Action [NavigateToURL] successfully performed. With the following test data [https://www.google.com/ncr]. @14-10-2021 09:08:30.0826 AM
[ReportManager] Element Action [Type] successfully performed. With the following test data [FIRST]. @14-10-2021 09:08:31.0196 AM
[ReportManager] Element Action [ClipboardActions] successfully performed. With the following test data [select all]. @14-10-2021 09:08:31.0259 AM
[ReportManager] Element Action [ClipboardActions] successfully performed. With the following test data [copy]. @14-10-2021 09:08:31.0321 AM
[ReportManager] Element Action [ClipboardActions] successfully performed. With the following test data [unselect]. @14-10-2021 09:08:31.0404 AM
[ReportManager] Element Action [ClipboardActions] successfully performed. With the following test data [paste]. @14-10-2021 09:08:31.0452 AM
[ReportManager] Element Action [ClipboardActions] successfully performed. With the following test data [select all]. @14-10-2021 09:08:31.0507 AM
[ReportManager] Element Action [Type] successfully performed. @14-10-2021 09:08:31.0760 AM
[ReportManager] Element Action [ClipboardActions] successfully performed. With the following test data [cut]. @14-10-2021 09:08:31.0760 AM
[ReportManager] Element Action [ClipboardActions] successfully performed. With the following test data [paste]. @14-10-2021 09:08:31.0852 AM
[ReportManager] Element Action [ClipboardActions] successfully performed. With the following test data [paste]. @14-10-2021 09:08:31.0932 A
[ReportManager] Browser Action [CloseCurrentWindow] successfully performed. @14-10-2021 09:08:32.0110 AM
[ReportManager] Successfully created attachment [Browser Action Test Data - CloseCurrentWindow - Actual Value] @14-10-2021 09:08:32.0112 A
[ReportManager] File Action [GetAbsolutePath] successfully performed. With the following test data [Relative Folder Path: "target/downloadedFiles/"]. @14-10-2021 09:08:32.0118 AM
[ReportManager] Attempting to run remotely on: [Linux-64], [GoogleChrome], [http://localhost:4444/wd/hub], Headless Execution. @14-10-2021 09:08:32.0118 AM
[ReportManager] Successfully Opened [GoogleChrome]. @14-10-2021 09:08:35.0047 A

################################################################################################################################################
Starting Execution:	[134 out of 143] test cases in the current suite
Test Method:		[testPackage01.Test_dynamicLoading.dynamicLoading_elementIsHidden]
################################################################################################################################################
[ReportManager] Target URL: [https://the-internet.herokuapp.com/dynamic_loading/1] @14-10-2021 09:08:35.0061 AM
[ReportManager] Initial URL: [data:,] @14-10-2021 09:08:35.0132 AM
[ReportManager] Browser Action [NavigateToURL] successfully performed. With the following test data [https://the-internet.herokuapp.com/dynamic_loading/1]. @14-10-2021 09:08:35.0487 AM
[ReportManager] Element Action [Click] successfully performed. With the following test data [Start]. @14-10-2021 09:08:35.0851 AM
[ReportManager] Element Action [GetText] successfully performed. With the following test data [
    Hello World!
  ]. @14-10-2021 09:08:35.0988 AM
[ReportManager] Loaded Shared OpenCV @14-10-2021 09:08:36.0161 AM
[ReportManager] Assertion [ValidateElementAttribute] PASSED. Expected [Value Should be 'Hello World!' for the 'text' attribute, element locator 'By.id: finish'] and Actual [
    Hello World!
  ]. Comparison Type [CONTAINS]. Validation Type [POSITIVE]. @14-10-2021 09:08:36.0251 AM
[ReportManager] Successfully created attachment [Screenshot - 1634202516161_dynamicLoading_elementIsHidden_ValidateElementAttribute_passed] @14-10-2021 09:08:36.0252 A
[ReportManager] Browser Action [CloseCurrentWindow] successfully performed. @14-10-2021 09:08:36.0368 AM
[ReportManager] Successfully created attachment [Browser Action Test Data - CloseCurrentWindow - Actual Value] @14-10-2021 09:08:36.0368 A
[ReportManager] File Action [GetAbsolutePath] successfully performed. With the following test data [Relative Folder Path: "target/downloadedFiles/"]. @14-10-2021 09:08:36.0370 AM
[ReportManager] Attempting to run remotely on: [Linux-64], [GoogleChrome], [http://localhost:4444/wd/hub], Headless Execution. @14-10-2021 09:08:36.0370 AM
[ReportManager] Successfully Opened [GoogleChrome]. @14-10-2021 09:08:40.0042 A

################################################################################################################################################
Starting Execution:	[135 out of 143] test cases in the current suite
Test Method:		[testPackage01.Test_dynamicLoading.dynamicLoading_elementIsRendered]
################################################################################################################################################
[ReportManager] Target URL: [https://the-internet.herokuapp.com/dynamic_loading/2] @14-10-2021 09:08:40.0064 AM
[ReportManager] Initial URL: [data:,] @14-10-2021 09:08:40.0133 AM
[ReportManager] Browser Action [NavigateToURL] successfully performed. With the following test data [https://the-internet.herokuapp.com/dynamic_loading/2]. @14-10-2021 09:08:40.0497 AM
[ReportManager] Element Action [Click] successfully performed. With the following test data [Start]. @14-10-2021 09:08:40.0849 A
[ReportManager] Browser Action [CloseCurrentWindow] successfully performed. @14-10-2021 09:08:41.0016 AM
[ReportManager] Successfully created attachment [Browser Action Test Data - CloseCurrentWindow - Actual Value] @14-10-2021 09:08:41.0017 A
[ReportManager] File Action [GetAbsolutePath] successfully performed. With the following test data [Relative Folder Path: "target/downloadedFiles/"]. @14-10-2021 09:08:41.0019 AM
[ReportManager] Attempting to run remotely on: [Linux-64], [GoogleChrome], [http://localhost:4444/wd/hub], Headless Execution. @14-10-2021 09:08:41.0019 AM
[ReportManager] Successfully Opened [GoogleChrome]. @14-10-2021 09:08:45.0050 A

################################################################################################################################################
Starting Execution:	[136 out of 143] test cases in the current suite
Test Method:		[testPackage01.Test_uploadFile.uploadFile_invisibleUploadInput]
################################################################################################################################################
[ReportManager] Target URL: [https://fineuploader.com/demos.html#gallery-view] @14-10-2021 09:08:45.0068 AM
[ReportManager] Initial URL: [data:,] @14-10-2021 09:08:45.0138 AM
[ReportManager] Browser Action [NavigateToURL] successfully performed. With the following test data [https://fineuploader.com/demos.html#gallery-view]. @14-10-2021 09:08:46.0154 AM
[ReportManager] File Action [GetAbsolutePath] successfully performed. With the following test data [Relative File Path: "src/main/resources/images/shaft.png"]. @14-10-2021 09:08:46.0155 AM
[ReportManager] Successfully created attachment [File Action Actual Result - Command Log] @14-10-2021 09:08:46.0155 AM
[ReportManager] Element Action [TypeFileLocationForUpload] successfully performed. With the following test data [/home/runner/work/SHAFT_ENGINE/SHAFT_ENGINE/src/main/resources/images/shaft.png]. @14-10-2021 09:08:46.0307 AM
[ReportManager] Attempting to getAttribute [src] from elementLocator [By.xpath: //div[@id='fine-uploader-gallery']//div[@class='qq-thumbnail-wrapper']/img]. @14-10-2021 09:08:46.0307 AM
[ReportManager] Element Action [GetAttribute] successfully performed. @14-10-2021 09:08:46.0439 AM
[ReportManager] Successfully created attachment [Element Action Test Data - GetAttribute - Actual Value] @14-10-2021 09:08:46.0440 AM
[ReportManager] Loaded Shared OpenCV @14-10-2021 09:08:46.0582 AM
[ReportManager] Assertion [ValidateElementAttribute] PASSED. Expected and Actual values are attached. Comparison Type [CONTAINS]. Validation Type [POSITIVE]. @14-10-2021 09:08:46.0654 AM
[ReportManager] Successfully created attachment [Validation Test Data - Expected Value] @14-10-2021 09:08:46.0655 AM
[ReportManager] Successfully created attachment [Validation Test Data - Actual Value] @14-10-2021 09:08:46.0655 AM
[ReportManager] Successfully created attachment [Screenshot - 1634202526582_uploadFile_invisibleUploadInput_ValidateElementAttribute_passed] @14-10-2021 09:08:46.0656 A
[ReportManager] Browser Action [CloseCurrentWindow] successfully performed. @14-10-2021 09:08:46.0805 AM
[ReportManager] Successfully created attachment [Browser Action Test Data - CloseCurrentWindow - Actual Value] @14-10-2021 09:08:46.0806 A
[ReportManager] File Action [GetAbsolutePath] successfully performed. With the following test data [Relative Folder Path: "target/downloadedFiles/"]. @14-10-2021 09:08:46.0810 AM
[ReportManager] Attempting to run remotely on: [Linux-64], [GoogleChrome], [http://localhost:4444/wd/hub], Headless Execution. @14-10-2021 09:08:46.0811 AM
[ReportManager] Successfully Opened [GoogleChrome]. @14-10-2021 09:08:50.0047 A

################################################################################################################################################
Starting Execution:	[137 out of 143] test cases in the current suite
Test Method:		[testPackage01.Test_uploadFile.uploadFile_visibleUploadInput]
################################################################################################################################################
[ReportManager] Target URL: [http://demo.guru99.com/test/upload/] @14-10-2021 09:08:50.0087 AM
[ReportManager] Initial URL: [data:,] @14-10-2021 09:08:50.0142 AM
[ReportManager] Browser Action [NavigateToURL] successfully performed. With the following test data [http://demo.guru99.com/test/upload/]. @14-10-2021 09:08:51.0046 AM
[ReportManager] File Action [GetAbsolutePath] successfully performed. With the following test data [Relative File Path: "src/main/resources/images/shaft.png"]. @14-10-2021 09:08:51.0046 AM
[ReportManager] Successfully created attachment [File Action Actual Result - Command Log] @14-10-2021 09:08:51.0046 AM
[ReportManager] Element Action [TypeFileLocationForUpload] successfully performed. With the following test data [/home/runner/work/SHAFT_ENGINE/SHAFT_ENGINE/src/main/resources/images/shaft.png]. @14-10-2021 09:08:51.0162 AM
[ReportManager] Element Action [Click] successfully performed. With the following test data [on]. @14-10-2021 09:08:51.0545 AM
[ReportManager] Element Action [Click] successfully performed. With the following test data [Submit File]. @14-10-2021 09:08:51.0911 AM
[ReportManager] Element Action [GetText] successfully performed. With the following test data [1 file
has been successfully uploaded.]. @14-10-2021 09:08:52.0062 AM
[ReportManager] Loaded Shared OpenCV @14-10-2021 09:08:52.0232 AM
[ReportManager] Assertion [ValidateElementAttribute] PASSED. Expected [Value Should be '1 file' for the 'Text' attribute, element locator 'By.id: res'] and Actual [1 file
has been successfully uploaded.]. Comparison Type [CONTAINS]. Validation Type [POSITIVE]. @14-10-2021 09:08:52.0296 AM
[ReportManager] Successfully created attachment [Screenshot - 1634202532232_uploadFile_visibleUploadInput_ValidateElementAttribute_passed] @14-10-2021 09:08:52.0297 A
[ReportManager] Browser Action [CloseCurrentWindow] successfully performed. @14-10-2021 09:08:52.0430 AM
[ReportManager] Successfully created attachment [Browser Action Test Data - CloseCurrentWindow - Actual Value] @14-10-2021 09:08:52.0430 A

################################################################################################################################################
Starting Execution:	[138 out of 143] test cases in the current suite
Test Method:		[testPackage01.Test_SelectedValue.multipleSelect]
################################################################################################################################################
[ReportManager] File Action [GetAbsolutePath] successfully performed. With the following test data [Relative Folder Path: "target/downloadedFiles/"]. @14-10-2021 09:08:52.0434 AM
[ReportManager] Attempting to run remotely on: [Linux-64], [GoogleChrome], [http://localhost:4444/wd/hub], Headless Execution. @14-10-2021 09:08:52.0434 AM
[ReportManager] Successfully Opened [GoogleChrome]. @14-10-2021 09:08:55.0040 AM
[ReportManager] Target URL: [https://yari-demos.prod.mdn.mozit.cloud/en-US/docs/Web/HTML/Element/select/_sample_.Advanced_select_with_multiple_features.html] @14-10-2021 09:08:55.0048 AM
[ReportManager] Initial URL: [data:,] @14-10-2021 09:08:55.0138 AM
[ReportManager] Browser Action [NavigateToURL] successfully performed. With the following test data [https://yari-demos.prod.mdn.mozit.cloud/en-US/docs/Web/HTML/Element/select/_sample_.Advanced_select_with_multiple_features.html]. @14-10-2021 09:08:55.0440 A

################################################################################################################################################
Starting Execution:	[139 out of 143] test cases in the current suite
Test Method:		[testPackage01.Test_SelectedValue.simpleSelect]
################################################################################################################################################
[ReportManager] File Action [GetAbsolutePath] successfully performed. With the following test data [Relative Folder Path: "target/downloadedFiles/"]. @14-10-2021 09:08:55.0564 AM
[ReportManager] Attempting to run remotely on: [Linux-64], [GoogleChrome], [http://localhost:4444/wd/hub], Headless Execution. @14-10-2021 09:08:55.0564 AM
[ReportManager] An Exception Occured with this Message: Could not start a new session. Possible causes are invalid address of the remote server or browser start-up failure.. @14-10-2021 09:11:55.0572 AM
[ReportManager] Successfully created attachment [Exception Stack Trace - org.openqa.selenium.SessionNotCreatedException] @14-10-2021 09:11:55.0572 AM
[ReportManager] Failed to run remotely on: [Linux-64], [GoogleChrome], [http://localhost:4444/wd/hub]. @14-10-2021 09:11:55.0572 AM
[ReportManager] Driver Factory Action [createNewRemoteDriverInstance] failed. With the following test data [Unhandled Error.]. @14-10-2021 09:11:55.0573 AM
[ReportManager] An Exception Occured with this Message: Could not start a new session. Possible causes are invalid address of the remote server or browser start-up failure.. @14-10-2021 09:11:55.0573 AM
[ReportManager] Successfully created attachment [Exception Stack Trace - org.openqa.selenium.SessionNotCreatedException] @14-10-2021 09:11:55.0573 A

################################################################################################################################################
Starting Execution:	[140 out of 143] test cases in the current suite
Test Method:		[testPackage01.Test_JSONFileManager.readStringFromJson]
################################################################################################################################################
[ReportManager] Successfully loaded the following test data file [src/test/resources/TestDataFiles/simpleJSON.json]. @14-10-2021 09:11:55.0580 AM
[ReportManager] Successfully created attachment [Test Data - JSON] @14-10-2021 09:11:55.0581 AM
[ReportManager] Assertion [ValidateEquals] PASSED. Expected [Mohab Mohie] and Actual [Mohab Mohie]. Comparison Type [EQUALS]. Validation Type [POSITIVE]. @14-10-2021 09:11:55.0592 A
[ReportManager] Successfully loaded the following test data file [src/test/resources/TestDataFiles/testSuite01/TestData.xlsx]. @14-10-2021 09:11:55.0616 AM
[ReportManager] Successfully created attachment [Test Data - Excel] @14-10-2021 09:11:55.0616 AM
[ReportManager] Attempting to run using Playwright locally on: [Linux-64], [GoogleChrome], Headless Execution. @14-10-2021 09:12:07.0651 AM
[ReportManager] File Action [GetAbsolutePath] successfully performed. With the following test data [Relative Folder Path: "target/downloadedFiles/"]. @14-10-2021 09:12:07.0652 AM
[ReportManager] Initial window size: (1280, 720) @14-10-2021 09:12:08.0626 AM
[ReportManager] Window size after Toolkit: com.microsoft.playwright.options.ViewportSize@3a84cc0d @14-10-2021 09:12:08.0637 AM
[ReportManager] Browser Action [MaximizeWindow] successfully performed. With the following test data [New screen size is now: (1920, 1080)]. @14-10-2021 09:12:08.0638 A

################################################################################################################################################
Starting Execution:	[141 out of 143] test cases in the current suite
Test Method:		[testPackage01.Test_google_playwright.navigateToURLandVerifyGoogleLogoIsDisplayed]
Test Description:	[TC001 - Navigate to URL and Verify Google Logo is Displayed]
################################################################################################################################################
[ReportManager] Target URL: [https://www.google.com/ncr], and after redirection: [https://www.google.com] @14-10-2021 09:12:08.0642 AM
[ReportManager] Initial URL: [about:blank] @14-10-2021 09:12:09.0113 AM
[ReportManager] Browser Action [NavigateToURL] successfully performed. With the following test data [https://www.google.com/ncr]. @14-10-2021 09:12:11.0920 AM
[ReportManager] Loaded Shared OpenCV @14-10-2021 09:12:12.0150 AM
[ReportManager] Assertion [ValidateElementExists] PASSED. Expected [Element Should Exist, locator 'xpath=//*[@id='hplogo' or @alt='Google']'] and Actual [Element Exists]. Comparison Type [EQUALS]. Validation Type [POSITIVE]. @14-10-2021 09:12:12.0362 AM
[ReportManager] Successfully created attachment [Screenshot - 1634202732147_navigateToURLandVerifyGoogleLogoIsDisplayed_ValidateElementExists_passed] @14-10-2021 09:12:12.0363 A

################################################################################################################################################
Starting Execution:	[142 out of 143] test cases in the current suite
Test Method:		[testPackage01.Test_google_playwright.searchForQueryandAssertResultsNumDisplayed]
Test Description:	[TC002 - Search for Query and Assert that the number of results is displayed]
################################################################################################################################################
[ReportManager] Element Action [Type] successfully performed. With the following test data [SHAFT_Engine]. @14-10-2021 09:12:12.0646 AM
[ReportManager] Element Action [KeyPress] successfully performed. With the following test data [Enter]. @14-10-2021 09:12:12.0675 AM
[ReportManager] Element Action [GetText] successfully performed. With the following test data [About 1,060,000 results (0.59 seconds)]. @14-10-2021 09:12:13.0549 AM
[ReportManager] Loaded Shared OpenCV @14-10-2021 09:12:15.0640 AM
[ReportManager] Assertion [ValidateElementAttribute] PASSED. Expected [Value Should not be '' for the 'text' attribute, element locator 'xpath=//div[@id='appbar']'] and Actual [About 1,060,000 results (0.59 seconds)]. Comparison Type [EQUALS]. Validation Type [NEGATIVE]. @14-10-2021 09:12:15.0857 AM
[ReportManager] Successfully created attachment [Screenshot - 1634202735638_searchForQueryandAssertResultsNumDisplayed_ValidateElementAttribute_passed] @14-10-2021 09:12:15.0860 A

################################################################################################################################################
Starting Execution:	[143 out of 143] test cases in the current suite
Test Method:		[testPackage01.Test_google_playwright.clickNextThrice]
Test Description:	[TC003 - Clicks the next button to make sure that the framework can scroll element into view before clicking it]
################################################################################################################################################
[ReportManager] Element Action [Click] successfully performed. With the following test data [Next]. @14-10-2021 09:12:16.0101 A
[ReportManager] Failed to find video recording. @14-10-2021 09:12:16.0103 AM
[ReportManager] Successfully Closed PlayWright Driver. @14-10-2021 09:12:16.0161 A

################################################################################################################################################
Test Closure Activities
################################################################################################################################################
[ReportManager] Successfully created attachment [SHAFT Engine Logs - Execution log] @14-10-2021 09:12:16.0305 AM

################################################################################################################################################
This test run was powered by SHAFT Engine Version: [SHAFT Engine v5.4.20211011]
SHAFT Engine is licensed under the MIT License: [https://github.com/MohabMohie/SHAFT_ENGINE/blob/master/LICENSE].
################################################################################################################################################