################################################################################################################################################
Detected SHAFT Engine Version: [SHAFT Engine v5.3.20210902]
################################################################################################################################################
[ReportManager] File Action [GetAbsolutePath] successfully performed. With the following test data [Relative Folder Path: "target/downloadedFiles/"]. @26-09-2021 01:52:06.0008 AM
[ReportManager] Attempting to run locally on: [Mac-64], [Safari], Headless Execution. @26-09-2021 01:52:06.0022 AM
[ReportManager] Successfully Opened Safari. @26-09-2021 01:52:09.0848 AM
[ReportManager] Initial window size: (800, 600) @26-09-2021 01:52:09.0896 AM
[ReportManager] Window size after SWD Maximize: (1176, 810) @26-09-2021 01:52:09.0928 AM
[ReportManager] Browser Action [MaximizeWindow] successfully performed. With the following test data [New screen size is now: (1176, 810)]. @26-09-2021 01:52:09.0937 A

################################################################################################################################################
Starting Execution:	[1 out of 144] test cases in the current suite
Test Method:		[unitTests.tests_element_elementActions.waitForElementToBePresent_false_expectedToFail]
################################################################################################################################################
[ReportManager] Target URL: [https://www.google.com/ncr], and after redirection: [www.google.com] @26-09-2021 01:52:10.0248 AM
[ReportManager] Initial URL: [] @26-09-2021 01:52:10.0308 AM
[ReportManager] Browser Action [NavigateToURL] successfully performed. With the following test data [https://www.google.com/ncr]. @26-09-2021 01:52:18.0220 AM
[ReportManager] Waiting for element to be present; elementLocator [By.xpath: //*[@id='hplogo' or @alt='Google']], numberOfTries[1], stateOfPresence[false]... @26-09-2021 01:52:18.0228 AM
[ReportManager] Element Action [WaitForElementToBePresent] failed. With the following test data [waited for the element's state of presence to be (false). Element locator (By.xpath: //*[@id='hplogo' or @alt='Google'])]. @26-09-2021 01:52:20.0992 AM
[ReportManager] Successfully created attachment [Screenshot - 1632621138314_waitForElementToBePresent_false_expectedToFail_WaitForElementToBePresent_failed] @26-09-2021 01:52:21.0004 A
[ReportManager] Browser Action [CloseCurrentWindow] successfully performed. @26-09-2021 01:52:21.0286 AM
[ReportManager] Successfully created attachment [Browser Action Test Data - CloseCurrentWindow - Actual Value] @26-09-2021 01:52:21.0288 A
[ReportManager] File Action [GetAbsolutePath] successfully performed. With the following test data [Relative Folder Path: "target/downloadedFiles/"]. @26-09-2021 01:52:21.0302 AM
[ReportManager] Attempting to run locally on: [Mac-64], [Safari], Headless Execution. @26-09-2021 01:52:21.0303 AM
[ReportManager] Successfully Opened Safari. @26-09-2021 01:52:22.0967 AM
[ReportManager] Initial window size: (800, 600) @26-09-2021 01:52:22.0997 AM
[ReportManager] Window size after SWD Maximize: (1176, 811) @26-09-2021 01:52:23.0022 AM
[ReportManager] Browser Action [MaximizeWindow] successfully performed. With the following test data [New screen size is now: (1176, 811)]. @26-09-2021 01:52:23.0023 A

################################################################################################################################################
Starting Execution:	[2 out of 144] test cases in the current suite
Test Method:		[unitTests.tests_element_elementActions.waitForElementToBePresent_false_expectedToPass]
################################################################################################################################################
[ReportManager] Target URL: [https://www.google.com/ncr], and after redirection: [www.google.com] @26-09-2021 01:52:23.0028 AM
[ReportManager] Initial URL: [] @26-09-2021 01:52:23.0101 AM
[ReportManager] Browser Action [NavigateToURL] successfully performed. With the following test data [https://www.google.com/ncr]. @26-09-2021 01:52:26.0499 AM
[ReportManager] Waiting for element to be present; elementLocator [By.id: bla], numberOfTries[1], stateOfPresence[false]... @26-09-2021 01:52:26.0499 AM
[ReportManager] Element Action [WaitForElementToBePresent] successfully performed. With the following test data [waited for the element's state of presence to be (false). Element locator (By.id: bla)]. @26-09-2021 01:52:31.0794 A
[ReportManager] Browser Action [CloseCurrentWindow] successfully performed. @26-09-2021 01:52:31.0911 AM
[ReportManager] Successfully created attachment [Browser Action Test Data - CloseCurrentWindow - Actual Value] @26-09-2021 01:52:31.0912 A
[ReportManager] File Action [GetAbsolutePath] successfully performed. With the following test data [Relative Folder Path: "target/downloadedFiles/"]. @26-09-2021 01:52:31.0919 AM
[ReportManager] Attempting to run locally on: [Mac-64], [Safari], Headless Execution. @26-09-2021 01:52:31.0919 AM
[ReportManager] Successfully Opened Safari. @26-09-2021 01:52:33.0519 AM
[ReportManager] Initial window size: (800, 600) @26-09-2021 01:52:33.0545 AM
[ReportManager] Window size after SWD Maximize: (1176, 811) @26-09-2021 01:52:33.0619 AM
[ReportManager] Browser Action [MaximizeWindow] successfully performed. With the following test data [New screen size is now: (1176, 811)]. @26-09-2021 01:52:33.0619 A

################################################################################################################################################
Starting Execution:	[3 out of 144] test cases in the current suite
Test Method:		[unitTests.tests_element_elementActions.waitForElementToBePresent_moreThanOneElement_expectedToFail]
################################################################################################################################################
[ReportManager] Target URL: [https://www.google.com/ncr], and after redirection: [www.google.com] @26-09-2021 01:52:33.0624 AM
[ReportManager] Initial URL: [] @26-09-2021 01:52:33.0665 AM
[ReportManager] Browser Action [NavigateToURL] successfully performed. With the following test data [https://www.google.com/ncr]. @26-09-2021 01:52:34.0717 AM
[ReportManager] Waiting for element to be present; elementLocator [By.xpath: //*], numberOfTries[1], stateOfPresence[false]... @26-09-2021 01:52:34.0718 AM
[ReportManager] Element Action [WaitForElementToBePresent] failed. With the following test data [waited for the element's state of presence to be (false). Element locator (By.xpath: //*)]. @26-09-2021 01:52:34.0917 AM
[ReportManager] Successfully created attachment [Screenshot - 1632621154811_waitForElementToBePresent_moreThanOneElement_expectedToFail_WaitForElementToBePresent_failed] @26-09-2021 01:52:34.0922 A
[ReportManager] Browser Action [CloseCurrentWindow] successfully performed. @26-09-2021 01:52:35.0072 AM
[ReportManager] Successfully created attachment [Browser Action Test Data - CloseCurrentWindow - Actual Value] @26-09-2021 01:52:35.0073 A
[ReportManager] File Action [GetAbsolutePath] successfully performed. With the following test data [Relative Folder Path: "target/downloadedFiles/"]. @26-09-2021 01:52:35.0079 AM
[ReportManager] Attempting to run locally on: [Mac-64], [Safari], Headless Execution. @26-09-2021 01:52:35.0079 AM
[ReportManager] Successfully Opened Safari. @26-09-2021 01:52:36.0685 AM
[ReportManager] Initial window size: (800, 600) @26-09-2021 01:52:36.0710 AM
[ReportManager] Window size after SWD Maximize: (1176, 811) @26-09-2021 01:52:36.0737 AM
[ReportManager] Browser Action [MaximizeWindow] successfully performed. With the following test data [New screen size is now: (1176, 811)]. @26-09-2021 01:52:36.0738 A

################################################################################################################################################
Starting Execution:	[4 out of 144] test cases in the current suite
Test Method:		[unitTests.tests_element_elementActions.waitForElementToBePresent_true_expectedToFail]
################################################################################################################################################
[ReportManager] Target URL: [https://www.google.com/ncr], and after redirection: [www.google.com] @26-09-2021 01:52:36.0741 AM
[ReportManager] Initial URL: [] @26-09-2021 01:52:36.0798 AM
[ReportManager] Browser Action [NavigateToURL] successfully performed. With the following test data [https://www.google.com/ncr]. @26-09-2021 01:52:38.0056 AM
[ReportManager] Waiting for element to be present; elementLocator [By.id: bla], numberOfTries[1], stateOfPresence[true]... @26-09-2021 01:52:38.0056 AM
[ReportManager] Element Action [WaitForElementToBePresent] failed. With the following test data [waited for the element's state of presence to be (true). Element locator (By.id: bla)]. @26-09-2021 01:52:43.0500 AM
[ReportManager] Successfully created attachment [Screenshot - 1632621163403_waitForElementToBePresent_true_expectedToFail_WaitForElementToBePresent_failed] @26-09-2021 01:52:43.0501 A
[ReportManager] Browser Action [CloseCurrentWindow] successfully performed. @26-09-2021 01:52:43.0669 AM
[ReportManager] Successfully created attachment [Browser Action Test Data - CloseCurrentWindow - Actual Value] @26-09-2021 01:52:43.0670 A
[ReportManager] File Action [GetAbsolutePath] successfully performed. With the following test data [Relative Folder Path: "target/downloadedFiles/"]. @26-09-2021 01:52:43.0674 AM
[ReportManager] Attempting to run locally on: [Mac-64], [Safari], Headless Execution. @26-09-2021 01:52:43.0675 AM
[ReportManager] Successfully Opened Safari. @26-09-2021 01:52:45.0320 AM
[ReportManager] Initial window size: (800, 600) @26-09-2021 01:52:45.0348 AM
[ReportManager] Window size after SWD Maximize: (1176, 811) @26-09-2021 01:52:45.0378 AM
[ReportManager] Browser Action [MaximizeWindow] successfully performed. With the following test data [New screen size is now: (1176, 811)]. @26-09-2021 01:52:45.0379 A

################################################################################################################################################
Starting Execution:	[5 out of 144] test cases in the current suite
Test Method:		[unitTests.tests_element_elementActions.waitForElementToBePresent_true_expectedToPass]
################################################################################################################################################
[ReportManager] Target URL: [https://www.google.com/ncr], and after redirection: [www.google.com] @26-09-2021 01:52:45.0387 AM
[ReportManager] Initial URL: [] @26-09-2021 01:52:45.0453 AM
[ReportManager] Browser Action [NavigateToURL] successfully performed. With the following test data [https://www.google.com/ncr]. @26-09-2021 01:52:46.0441 AM
[ReportManager] Waiting for element to be present; elementLocator [By.xpath: //*[@id='hplogo' or @alt='Google']], numberOfTries[1], stateOfPresence[true]... @26-09-2021 01:52:46.0441 AM
[ReportManager] Element Action [WaitForElementToBePresent] successfully performed. With the following test data [waited for the element's state of presence to be (true). Element locator (By.xpath: //*[@id='hplogo' or @alt='Google'])]. @26-09-2021 01:52:46.0472 AM
[ReportManager] File Action [DoesFileExist] successfully performed. With the following test data [File Path: "src/test/resources/DynamicObjectRepository/unitTests_tests_element_elementActions_waitForElementToBePresent_true_expectedToPass_By_xpath_id_hplogo_or_alt_Google.png"]. @26-09-2021 01:52:46.0490 AM
[ReportManager] File Action [DoesFileExist] successfully performed. With the following test data [File Path: "src/test/resources/DynamicObjectRepository/unitTests_tests_element_elementActions_waitForElementToBePresent_true_expectedToPass_By_xpath_id_hplogo_or_alt_Google.png"]. @26-09-2021 01:52:46.0704 AM
[ReportManager] Passing the test and saving a reference image @26-09-2021 01:52:46.0704 AM
[ReportManager] File Action [GetAbsolutePath] successfully performed. With the following test data [Relative File Path: "src/test/resources/DynamicObjectRepository/unitTests_tests_element_elementActions_waitForElementToBePresent_true_expectedToPass_By_xpath_id_hplogo_or_alt_Google.png"]. @26-09-2021 01:52:46.0704 AM
[ReportManager] File Action [WriteToFile] successfully performed. With the following test data [Target File Path: "/Users/runner/work/SHAFT_ENGINE/SHAFT_ENGINE/src/test/resources/DynamicObjectRepository/unitTests_tests_element_elementActions_waitForElementToBePresent_true_expectedToPass_By_xpath_id_hplogo_or_alt_Google.png"]. @26-09-2021 01:52:46.0751 AM
[ReportManager] Assertion Passed: Using Visual AI; OpenCV @26-09-2021 01:52:46.0754 AM
[ReportManager] Successfully created attachment [Validation Test Data - Actual Screenshot] @26-09-2021 01:52:46.0838 AM
[ReportManager] Assertion [ValidateElementMatches] PASSED. Expected [Element should match the reference screenshot] and Actual [TRUE]. Comparison Type [EXACT_OPENCV]. Validation Type [POSITIVE]. @26-09-2021 01:52:46.0838 A
[ReportManager] Browser Action [CloseCurrentWindow] successfully performed. @26-09-2021 01:52:47.0107 AM
[ReportManager] Successfully created attachment [Browser Action Test Data - CloseCurrentWindow - Actual Value] @26-09-2021 01:52:47.0149 A
[ReportManager] File Action [GetAbsolutePath] successfully performed. With the following test data [Relative Folder Path: "target/downloadedFiles/"]. @26-09-2021 01:52:47.0276 AM
[ReportManager] Attempting to run locally on: [Mac-64], [Safari], Headless Execution. @26-09-2021 01:52:47.0277 AM
[ReportManager] Successfully Opened Safari. @26-09-2021 01:52:48.0910 AM
[ReportManager] Initial window size: (800, 600) @26-09-2021 01:52:48.0943 AM
[ReportManager] Window size after SWD Maximize: (1176, 811) @26-09-2021 01:52:48.0983 AM
[ReportManager] Browser Action [MaximizeWindow] successfully performed. With the following test data [New screen size is now: (1176, 811)]. @26-09-2021 01:52:48.0983 AM
[ReportManager] Target URL: [https://duckduckgo.com] @26-09-2021 01:52:48.0983 AM
[ReportManager] Initial URL: [] @26-09-2021 01:52:49.0028 AM
[ReportManager] Browser Action [NavigateToURL] successfully performed. With the following test data [https://duckduckgo.com]. @26-09-2021 01:52:49.0770 A

################################################################################################################################################
Starting Execution:	[6 out of 144] test cases in the current suite
Test Method:		[unitTests.tests_browserActions.fullScreenWindow]
################################################################################################################################################
[ReportManager] Initial Windows Size: 1176x811 @26-09-2021 01:52:49.0901 AM
[ReportManager] Current Windows Size after fullScreen: 1176x885 @26-09-2021 01:52:50.0119 AM
[ReportManager] Browser Action [FullScreenWindow] successfully performed. @26-09-2021 01:52:50.0134 AM
[ReportManager] Successfully created attachment [Browser Action Test Data - FullScreenWindow - Actual Value] @26-09-2021 01:52:50.0178 A
[ReportManager] Target URL: [https://duckduckgo.com] @26-09-2021 01:52:50.0346 AM
[ReportManager] Initial URL: [https://duckduckgo.com] @26-09-2021 01:52:50.0402 AM
[ReportManager] Browser Action [NavigateToURL] successfully performed. With the following test data [https://duckduckgo.com]. @26-09-2021 01:52:50.0818 AM
[ReportManager] Browser Action [CloseCurrentWindow] successfully performed. @26-09-2021 01:52:50.0955 AM
[ReportManager] Successfully created attachment [Browser Action Test Data - CloseCurrentWindow - Actual Value] @26-09-2021 01:52:51.0075 A
[ReportManager] File Action [GetAbsolutePath] successfully performed. With the following test data [Relative Folder Path: "target/downloadedFiles/"]. @26-09-2021 01:52:51.0245 AM
[ReportManager] Attempting to run locally on: [Mac-64], [Safari], Headless Execution. @26-09-2021 01:52:51.0245 AM
[ReportManager] Successfully Opened Safari. @26-09-2021 01:52:52.0881 AM
[ReportManager] Initial window size: (800, 600) @26-09-2021 01:52:52.0895 AM
[ReportManager] Window size after SWD Maximize: (1176, 811) @26-09-2021 01:52:52.0919 AM
[ReportManager] Browser Action [MaximizeWindow] successfully performed. With the following test data [New screen size is now: (1176, 811)]. @26-09-2021 01:52:52.0919 AM
[ReportManager] Target URL: [https://duckduckgo.com] @26-09-2021 01:52:52.0920 AM
[ReportManager] Initial URL: [] @26-09-2021 01:52:52.0986 AM
[ReportManager] Browser Action [NavigateToURL] successfully performed. With the following test data [https://duckduckgo.com]. @26-09-2021 01:52:53.0652 A

################################################################################################################################################
Starting Execution:	[7 out of 144] test cases in the current suite
Test Method:		[unitTests.tests_browserActions.getCurrentURL]
################################################################################################################################################
[ReportManager] Browser Action [GetCurrentURL] successfully performed. With the following test data [https://duckduckgo.com/]. @26-09-2021 01:52:53.0815 A
[ReportManager] Target URL: [https://duckduckgo.com] @26-09-2021 01:52:53.0939 AM
[ReportManager] Initial URL: [https://duckduckgo.com] @26-09-2021 01:52:53.0978 AM
[ReportManager] Browser Action [NavigateToURL] successfully performed. With the following test data [https://duckduckgo.com]. @26-09-2021 01:52:54.0356 AM
[ReportManager] Browser Action [CloseCurrentWindow] successfully performed. @26-09-2021 01:52:54.0531 AM
[ReportManager] Successfully created attachment [Browser Action Test Data - CloseCurrentWindow - Actual Value] @26-09-2021 01:52:54.0532 A
[ReportManager] File Action [GetAbsolutePath] successfully performed. With the following test data [Relative Folder Path: "target/downloadedFiles/"]. @26-09-2021 01:52:54.0537 AM
[ReportManager] Attempting to run locally on: [Mac-64], [Safari], Headless Execution. @26-09-2021 01:52:54.0537 AM
[ReportManager] Successfully Opened Safari. @26-09-2021 01:52:56.0137 AM
[ReportManager] Initial window size: (800, 600) @26-09-2021 01:52:56.0163 AM
[ReportManager] Window size after SWD Maximize: (1176, 811) @26-09-2021 01:52:56.0193 AM
[ReportManager] Browser Action [MaximizeWindow] successfully performed. With the following test data [New screen size is now: (1176, 811)]. @26-09-2021 01:52:56.0193 AM
[ReportManager] Target URL: [https://duckduckgo.com] @26-09-2021 01:52:56.0193 AM
[ReportManager] Initial URL: [] @26-09-2021 01:52:56.0252 AM
[ReportManager] Browser Action [NavigateToURL] successfully performed. With the following test data [https://duckduckgo.com]. @26-09-2021 01:52:56.0917 A

################################################################################################################################################
Starting Execution:	[8 out of 144] test cases in the current suite
Test Method:		[unitTests.tests_browserActions.getCurrentWindowTitle]
################################################################################################################################################
[ReportManager] Browser Action [GetCurrentWindowTitle] successfully performed. With the following test data [DuckDuckGo â€” Privacy, simplified.]. @26-09-2021 01:52:57.0092 A
[ReportManager] Target URL: [https://duckduckgo.com] @26-09-2021 01:52:57.0216 AM
[ReportManager] Initial URL: [https://duckduckgo.com] @26-09-2021 01:52:57.0263 AM
[ReportManager] Browser Action [NavigateToURL] successfully performed. With the following test data [https://duckduckgo.com]. @26-09-2021 01:52:57.0584 AM
[ReportManager] Browser Action [CloseCurrentWindow] successfully performed. @26-09-2021 01:52:57.0764 AM
[ReportManager] Successfully created attachment [Browser Action Test Data - CloseCurrentWindow - Actual Value] @26-09-2021 01:52:57.0806 A
[ReportManager] File Action [GetAbsolutePath] successfully performed. With the following test data [Relative Folder Path: "target/downloadedFiles/"]. @26-09-2021 01:52:57.0977 AM
[ReportManager] Attempting to run locally on: [Mac-64], [Safari], Headless Execution. @26-09-2021 01:52:57.0977 AM
[ReportManager] Successfully Opened Safari. @26-09-2021 01:52:58.0826 AM
[ReportManager] Initial window size: (800, 600) @26-09-2021 01:52:58.0857 AM
[ReportManager] Window size after SWD Maximize: (1176, 811) @26-09-2021 01:52:58.0892 AM
[ReportManager] Browser Action [MaximizeWindow] successfully performed. With the following test data [New screen size is now: (1176, 811)]. @26-09-2021 01:52:58.0893 AM
[ReportManager] Target URL: [https://duckduckgo.com] @26-09-2021 01:52:58.0893 AM
[ReportManager] Initial URL: [] @26-09-2021 01:52:58.0935 AM
[ReportManager] Browser Action [NavigateToURL] successfully performed. With the following test data [https://duckduckgo.com]. @26-09-2021 01:52:59.0674 A

################################################################################################################################################
Starting Execution:	[9 out of 144] test cases in the current suite
Test Method:		[unitTests.tests_browserActions.getPageSource]
################################################################################################################################################
[ReportManager] Browser Action [GetPageSource] successfully performed. @26-09-2021 01:52:59.0854 AM
[ReportManager] Successfully created attachment [Browser Action Test Data - GetPageSource - Actual Value] @26-09-2021 01:52:59.0896 A
[ReportManager] Target URL: [https://duckduckgo.com] @26-09-2021 01:52:59.0981 AM
[ReportManager] Initial URL: [https://duckduckgo.com] @26-09-2021 01:53:00.0027 AM
[ReportManager] Browser Action [NavigateToURL] successfully performed. With the following test data [https://duckduckgo.com]. @26-09-2021 01:53:00.0341 AM
[ReportManager] Browser Action [CloseCurrentWindow] successfully performed. @26-09-2021 01:53:00.0502 AM
[ReportManager] Successfully created attachment [Browser Action Test Data - CloseCurrentWindow - Actual Value] @26-09-2021 01:53:00.0543 A
[ReportManager] File Action [GetAbsolutePath] successfully performed. With the following test data [Relative Folder Path: "target/downloadedFiles/"]. @26-09-2021 01:53:00.0669 AM
[ReportManager] Attempting to run locally on: [Mac-64], [Safari], Headless Execution. @26-09-2021 01:53:00.0669 AM
[ReportManager] Successfully Opened Safari. @26-09-2021 01:53:01.0397 AM
[ReportManager] Initial window size: (800, 600) @26-09-2021 01:53:01.0421 AM
[ReportManager] Window size after SWD Maximize: (1176, 811) @26-09-2021 01:53:01.0437 AM
[ReportManager] Browser Action [MaximizeWindow] successfully performed. With the following test data [New screen size is now: (1176, 811)]. @26-09-2021 01:53:01.0437 AM
[ReportManager] Target URL: [https://duckduckgo.com] @26-09-2021 01:53:01.0437 AM
[ReportManager] Initial URL: [] @26-09-2021 01:53:01.0498 AM
[ReportManager] Browser Action [NavigateToURL] successfully performed. With the following test data [https://duckduckgo.com]. @26-09-2021 01:53:02.0146 A

################################################################################################################################################
Starting Execution:	[10 out of 144] test cases in the current suite
Test Method:		[unitTests.tests_browserActions.getWindowHandle]
################################################################################################################################################
[ReportManager] Browser Action [GetWindowHandle] successfully performed. With the following test data [page-B1BFDFC8-5E32-41B0-958E-019541DFFC89]. @26-09-2021 01:53:02.0304 A
[ReportManager] Target URL: [https://duckduckgo.com] @26-09-2021 01:53:02.0428 AM
[ReportManager] Initial URL: [https://duckduckgo.com] @26-09-2021 01:53:02.0468 AM
[ReportManager] Browser Action [NavigateToURL] successfully performed. With the following test data [https://duckduckgo.com]. @26-09-2021 01:53:02.0793 AM
[ReportManager] Browser Action [CloseCurrentWindow] successfully performed. @26-09-2021 01:53:02.0922 AM
[ReportManager] Successfully created attachment [Browser Action Test Data - CloseCurrentWindow - Actual Value] @26-09-2021 01:53:02.0963 A
[ReportManager] File Action [GetAbsolutePath] successfully performed. With the following test data [Relative Folder Path: "target/downloadedFiles/"]. @26-09-2021 01:53:03.0089 AM
[ReportManager] Attempting to run locally on: [Mac-64], [Safari], Headless Execution. @26-09-2021 01:53:03.0090 AM
[ReportManager] Successfully Opened Safari. @26-09-2021 01:53:03.0958 AM
[ReportManager] Initial window size: (800, 600) @26-09-2021 01:53:04.0020 AM
[ReportManager] Window size after SWD Maximize: (1176, 811) @26-09-2021 01:53:04.0060 AM
[ReportManager] Browser Action [MaximizeWindow] successfully performed. With the following test data [New screen size is now: (1176, 811)]. @26-09-2021 01:53:04.0061 AM
[ReportManager] Target URL: [https://duckduckgo.com] @26-09-2021 01:53:04.0061 AM
[ReportManager] Initial URL: [] @26-09-2021 01:53:04.0100 AM
[ReportManager] Browser Action [NavigateToURL] successfully performed. With the following test data [https://duckduckgo.com]. @26-09-2021 01:53:04.0767 A

################################################################################################################################################
Starting Execution:	[11 out of 144] test cases in the current suite
Test Method:		[unitTests.tests_browserActions.getWindowPosition]
################################################################################################################################################
[ReportManager] Browser Action [GetWindowPosition] successfully performed. With the following test data [(0, 23)]. @26-09-2021 01:53:04.0916 A
[ReportManager] Target URL: [https://duckduckgo.com] @26-09-2021 01:53:05.0040 AM
[ReportManager] Initial URL: [https://duckduckgo.com] @26-09-2021 01:53:05.0083 AM
[ReportManager] Browser Action [NavigateToURL] successfully performed. With the following test data [https://duckduckgo.com]. @26-09-2021 01:53:05.0373 AM
[ReportManager] Browser Action [CloseCurrentWindow] successfully performed. @26-09-2021 01:53:05.0465 AM
[ReportManager] Successfully created attachment [Browser Action Test Data - CloseCurrentWindow - Actual Value] @26-09-2021 01:53:05.0507 A
[ReportManager] File Action [GetAbsolutePath] successfully performed. With the following test data [Relative Folder Path: "target/downloadedFiles/"]. @26-09-2021 01:53:05.0633 AM
[ReportManager] Attempting to run locally on: [Mac-64], [Safari], Headless Execution. @26-09-2021 01:53:05.0634 AM
[ReportManager] Successfully Opened Safari. @26-09-2021 01:53:06.0442 AM
[ReportManager] Initial window size: (800, 600) @26-09-2021 01:53:06.0453 AM
[ReportManager] Window size after SWD Maximize: (1176, 811) @26-09-2021 01:53:06.0480 AM
[ReportManager] Browser Action [MaximizeWindow] successfully performed. With the following test data [New screen size is now: (1176, 811)]. @26-09-2021 01:53:06.0480 AM
[ReportManager] Target URL: [https://duckduckgo.com] @26-09-2021 01:53:06.0481 AM
[ReportManager] Initial URL: [] @26-09-2021 01:53:06.0551 AM
[ReportManager] Browser Action [NavigateToURL] successfully performed. With the following test data [https://duckduckgo.com]. @26-09-2021 01:53:07.0132 A

################################################################################################################################################
Starting Execution:	[12 out of 144] test cases in the current suite
Test Method:		[unitTests.tests_browserActions.getWindowSize]
################################################################################################################################################
[ReportManager] Browser Action [GetWindowSize] successfully performed. With the following test data [(1176, 811)]. @26-09-2021 01:53:07.0279 A
[ReportManager] Target URL: [https://duckduckgo.com] @26-09-2021 01:53:07.0404 AM
[ReportManager] Initial URL: [https://duckduckgo.com] @26-09-2021 01:53:07.0440 AM
[ReportManager] Browser Action [NavigateToURL] successfully performed. With the following test data [https://duckduckgo.com]. @26-09-2021 01:53:07.0736 AM
[ReportManager] Browser Action [CloseCurrentWindow] successfully performed. @26-09-2021 01:53:07.0851 AM
[ReportManager] Successfully created attachment [Browser Action Test Data - CloseCurrentWindow - Actual Value] @26-09-2021 01:53:07.0892 A
[ReportManager] File Action [GetAbsolutePath] successfully performed. With the following test data [Relative Folder Path: "target/downloadedFiles/"]. @26-09-2021 01:53:08.0017 AM
[ReportManager] Attempting to run locally on: [Mac-64], [Safari], Headless Execution. @26-09-2021 01:53:08.0018 AM
[ReportManager] Successfully Opened Safari. @26-09-2021 01:53:08.0836 AM
[ReportManager] Initial window size: (800, 600) @26-09-2021 01:53:08.0856 AM
[ReportManager] Window size after SWD Maximize: (1176, 811) @26-09-2021 01:53:08.0884 AM
[ReportManager] Browser Action [MaximizeWindow] successfully performed. With the following test data [New screen size is now: (1176, 811)]. @26-09-2021 01:53:08.0885 AM
[ReportManager] Target URL: [https://duckduckgo.com] @26-09-2021 01:53:08.0885 AM
[ReportManager] Initial URL: [] @26-09-2021 01:53:08.0937 AM
[ReportManager] Browser Action [NavigateToURL] successfully performed. With the following test data [https://duckduckgo.com]. @26-09-2021 01:53:09.0557 A

################################################################################################################################################
Starting Execution:	[13 out of 144] test cases in the current suite
Test Method:		[unitTests.tests_browserActions.maximizeWindow]
################################################################################################################################################
[ReportManager] Initial window size: (1176, 811) @26-09-2021 01:53:09.0687 AM
[ReportManager] Window size after SWD Maximize: (1176, 811) @26-09-2021 01:53:09.0695 AM
[ReportManager] Window size after Toolkit: (1920, 1080) @26-09-2021 01:53:09.0735 AM
[ReportManager] Browser Action [MaximizeWindow] successfully performed. With the following test data [New screen size is now: (1920, 1080)]. @26-09-2021 01:53:09.0738 A
[ReportManager] Target URL: [https://duckduckgo.com] @26-09-2021 01:53:09.0862 AM
[ReportManager] Initial URL: [https://duckduckgo.com] @26-09-2021 01:53:09.0896 AM
[ReportManager] Browser Action [NavigateToURL] successfully performed. With the following test data [https://duckduckgo.com]. @26-09-2021 01:53:10.0205 AM
[ReportManager] Browser Action [CloseCurrentWindow] successfully performed. @26-09-2021 01:53:10.0346 AM
[ReportManager] Successfully created attachment [Browser Action Test Data - CloseCurrentWindow - Actual Value] @26-09-2021 01:53:10.0388 A
[ReportManager] File Action [GetAbsolutePath] successfully performed. With the following test data [Relative Folder Path: "target/downloadedFiles/"]. @26-09-2021 01:53:10.0513 AM
[ReportManager] Attempting to run locally on: [Mac-64], [Safari], Headless Execution. @26-09-2021 01:53:10.0514 AM
[ReportManager] Successfully Opened Safari. @26-09-2021 01:53:11.0352 AM
[ReportManager] Initial window size: (800, 600) @26-09-2021 01:53:11.0364 AM
[ReportManager] Window size after SWD Maximize: (1176, 811) @26-09-2021 01:53:11.0387 AM
[ReportManager] Browser Action [MaximizeWindow] successfully performed. With the following test data [New screen size is now: (1176, 811)]. @26-09-2021 01:53:11.0388 AM
[ReportManager] Target URL: [https://duckduckgo.com] @26-09-2021 01:53:11.0388 AM
[ReportManager] Initial URL: [] @26-09-2021 01:53:11.0443 AM
[ReportManager] Browser Action [NavigateToURL] successfully performed. With the following test data [https://duckduckgo.com]. @26-09-2021 01:53:12.0126 A

################################################################################################################################################
Starting Execution:	[14 out of 144] test cases in the current suite
Test Method:		[unitTests.tests_browserActions.navigateBack]
################################################################################################################################################
[ReportManager] Target URL: [https://www.google.com/ncr], and after redirection: [https://www.google.com] @26-09-2021 01:53:12.0252 AM
[ReportManager] Initial URL: [https://duckduckgo.com] @26-09-2021 01:53:12.0291 AM
[ReportManager] Browser Action [NavigateToURL] successfully performed. With the following test data [https://www.google.com/ncr]. @26-09-2021 01:53:13.0586 AM
[ReportManager] Browser Action [NavigateBack] successfully performed. With the following test data [https://duckduckgo.com/]. @26-09-2021 01:53:13.0751 AM
[ReportManager] Browser Action [GetCurrentURL] successfully performed. With the following test data [https://duckduckgo.com/]. @26-09-2021 01:53:13.0776 AM
[ReportManager] Assertion Passed: Confirming that navigating back was successful @26-09-2021 01:53:13.0922 AM
[ReportManager] Successfully created attachment [Screenshot - 1632621193811_navigateBack_ValidateBrowserAttribute_passed] @26-09-2021 01:53:13.0924 AM
[ReportManager] Assertion [ValidateBrowserAttribute] PASSED. Expected [Value Should be 'https://duckduckgo.com' for the 'CurrentUrl' attribute] and Actual [https://duckduckgo.com/]. Comparison Type [CONTAINS]. Validation Type [POSITIVE]. @26-09-2021 01:53:13.0924 A
[ReportManager] Target URL: [https://duckduckgo.com] @26-09-2021 01:53:13.0961 AM
[ReportManager] Initial URL: [https://duckduckgo.com] @26-09-2021 01:53:13.0996 AM
[ReportManager] Browser Action [NavigateToURL] successfully performed. With the following test data [https://duckduckgo.com]. @26-09-2021 01:53:14.0297 AM
[ReportManager] Browser Action [CloseCurrentWindow] successfully performed. @26-09-2021 01:53:14.0451 AM
[ReportManager] Successfully created attachment [Browser Action Test Data - CloseCurrentWindow - Actual Value] @26-09-2021 01:53:14.0493 A
[ReportManager] File Action [GetAbsolutePath] successfully performed. With the following test data [Relative Folder Path: "target/downloadedFiles/"]. @26-09-2021 01:53:14.0618 AM
[ReportManager] Attempting to run locally on: [Mac-64], [Safari], Headless Execution. @26-09-2021 01:53:14.0618 AM
[ReportManager] Successfully Opened Safari. @26-09-2021 01:53:15.0402 AM
[ReportManager] Initial window size: (800, 600) @26-09-2021 01:53:15.0419 AM
[ReportManager] Window size after SWD Maximize: (1176, 811) @26-09-2021 01:53:15.0433 AM
[ReportManager] Browser Action [MaximizeWindow] successfully performed. With the following test data [New screen size is now: (1176, 811)]. @26-09-2021 01:53:15.0433 AM
[ReportManager] Target URL: [https://duckduckgo.com] @26-09-2021 01:53:15.0434 AM
[ReportManager] Initial URL: [] @26-09-2021 01:53:15.0476 AM
[ReportManager] Browser Action [NavigateToURL] successfully performed. With the following test data [https://duckduckgo.com]. @26-09-2021 01:53:16.0068 A

################################################################################################################################################
Starting Execution:	[15 out of 144] test cases in the current suite
Test Method:		[unitTests.tests_browserActions.navigateForward]
################################################################################################################################################
[ReportManager] Target URL: [https://www.google.com/ncr], and after redirection: [https://www.google.com] @26-09-2021 01:53:16.0193 AM
[ReportManager] Initial URL: [https://duckduckgo.com] @26-09-2021 01:53:16.0229 AM
[ReportManager] Browser Action [NavigateToURL] successfully performed. With the following test data [https://www.google.com/ncr]. @26-09-2021 01:53:17.0005 AM
[ReportManager] Browser Action [NavigateBack] successfully performed. With the following test data [https://duckduckgo.com/]. @26-09-2021 01:53:17.0127 AM
[ReportManager] Browser Action [NavigateForward] successfully performed. With the following test data [https://www.google.com/]. @26-09-2021 01:53:17.0223 A
[ReportManager] Target URL: [https://duckduckgo.com] @26-09-2021 01:53:17.0349 AM
[ReportManager] Initial URL: [https://www.google.com] @26-09-2021 01:53:17.0385 AM
[ReportManager] Browser Action [NavigateToURL] successfully performed. With the following test data [https://duckduckgo.com]. @26-09-2021 01:53:17.0688 AM
[ReportManager] Browser Action [CloseCurrentWindow] successfully performed. @26-09-2021 01:53:17.0862 AM
[ReportManager] Successfully created attachment [Browser Action Test Data - CloseCurrentWindow - Actual Value] @26-09-2021 01:53:17.0903 A
[ReportManager] File Action [GetAbsolutePath] successfully performed. With the following test data [Relative Folder Path: "target/downloadedFiles/"]. @26-09-2021 01:53:18.0030 AM
[ReportManager] Attempting to run locally on: [Mac-64], [Safari], Headless Execution. @26-09-2021 01:53:18.0030 AM
[ReportManager] Successfully Opened Safari. @26-09-2021 01:53:18.0904 AM
[ReportManager] Initial window size: (800, 600) @26-09-2021 01:53:18.0918 AM
[ReportManager] Window size after SWD Maximize: (1176, 811) @26-09-2021 01:53:18.0942 AM
[ReportManager] Browser Action [MaximizeWindow] successfully performed. With the following test data [New screen size is now: (1176, 811)]. @26-09-2021 01:53:18.0942 AM
[ReportManager] Target URL: [https://duckduckgo.com] @26-09-2021 01:53:18.0942 AM
[ReportManager] Initial URL: [] @26-09-2021 01:53:18.0998 AM
[ReportManager] Browser Action [NavigateToURL] successfully performed. With the following test data [https://duckduckgo.com]. @26-09-2021 01:53:19.0584 A

################################################################################################################################################
Starting Execution:	[16 out of 144] test cases in the current suite
Test Method:		[unitTests.tests_browserActions.navigateToURL]
################################################################################################################################################
[ReportManager] Target URL: [https://duckduckgo.com] @26-09-2021 01:53:19.0711 AM
[ReportManager] Initial URL: [https://duckduckgo.com] @26-09-2021 01:53:19.0745 AM
[ReportManager] Browser Action [NavigateToURL] successfully performed. With the following test data [https://duckduckgo.com]. @26-09-2021 01:53:20.0044 A
[ReportManager] Target URL: [https://duckduckgo.com] @26-09-2021 01:53:20.0172 AM
[ReportManager] Initial URL: [https://duckduckgo.com] @26-09-2021 01:53:20.0216 AM
[ReportManager] Browser Action [NavigateToURL] successfully performed. With the following test data [https://duckduckgo.com]. @26-09-2021 01:53:20.0510 AM
[ReportManager] Browser Action [CloseCurrentWindow] successfully performed. @26-09-2021 01:53:20.0617 AM
[ReportManager] Successfully created attachment [Browser Action Test Data - CloseCurrentWindow - Actual Value] @26-09-2021 01:53:20.0659 A
[ReportManager] File Action [GetAbsolutePath] successfully performed. With the following test data [Relative Folder Path: "target/downloadedFiles/"]. @26-09-2021 01:53:20.0785 AM
[ReportManager] Attempting to run locally on: [Mac-64], [Safari], Headless Execution. @26-09-2021 01:53:20.0785 AM
[ReportManager] Successfully Opened Safari. @26-09-2021 01:53:21.0621 AM
[ReportManager] Initial window size: (800, 600) @26-09-2021 01:53:21.0639 AM
[ReportManager] Window size after SWD Maximize: (1176, 811) @26-09-2021 01:53:21.0671 AM
[ReportManager] Browser Action [MaximizeWindow] successfully performed. With the following test data [New screen size is now: (1176, 811)]. @26-09-2021 01:53:21.0672 AM
[ReportManager] Target URL: [https://duckduckgo.com] @26-09-2021 01:53:21.0672 AM
[ReportManager] Initial URL: [] @26-09-2021 01:53:21.0764 AM
[ReportManager] Browser Action [NavigateToURL] successfully performed. With the following test data [https://duckduckgo.com]. @26-09-2021 01:53:22.0694 A

################################################################################################################################################
Starting Execution:	[17 out of 144] test cases in the current suite
Test Method:		[unitTests.tests_browserActions.navigateToURLWithRedirection]
################################################################################################################################################
[ReportManager] Target URL: [https://www.google.com/ncr], and after redirection: [https://www.google.com] @26-09-2021 01:53:22.0737 AM
[ReportManager] Initial URL: [https://duckduckgo.com] @26-09-2021 01:53:22.0774 AM
[ReportManager] Browser Action [NavigateToURL] successfully performed. With the following test data [https://www.google.com/ncr]. @26-09-2021 01:53:24.0041 A
[ReportManager] Target URL: [https://duckduckgo.com] @26-09-2021 01:53:24.0123 AM
[ReportManager] Initial URL: [https://www.google.com] @26-09-2021 01:53:24.0159 AM
[ReportManager] Browser Action [NavigateToURL] successfully performed. With the following test data [https://duckduckgo.com]. @26-09-2021 01:53:24.0484 AM
[ReportManager] Browser Action [CloseCurrentWindow] successfully performed. @26-09-2021 01:53:24.0643 AM
[ReportManager] Successfully created attachment [Browser Action Test Data - CloseCurrentWindow - Actual Value] @26-09-2021 01:53:24.0684 A
[ReportManager] File Action [GetAbsolutePath] successfully performed. With the following test data [Relative Folder Path: "target/downloadedFiles/"]. @26-09-2021 01:53:24.0810 AM
[ReportManager] Attempting to run locally on: [Mac-64], [Safari], Headless Execution. @26-09-2021 01:53:24.0810 AM
[ReportManager] Successfully Opened Safari. @26-09-2021 01:53:25.0645 AM
[ReportManager] Initial window size: (800, 600) @26-09-2021 01:53:25.0668 AM
[ReportManager] Window size after SWD Maximize: (1176, 811) @26-09-2021 01:53:25.0690 AM
[ReportManager] Browser Action [MaximizeWindow] successfully performed. With the following test data [New screen size is now: (1176, 811)]. @26-09-2021 01:53:25.0699 AM
[ReportManager] Target URL: [https://duckduckgo.com] @26-09-2021 01:53:25.0700 AM
[ReportManager] Initial URL: [] @26-09-2021 01:53:25.0742 AM
[ReportManager] Browser Action [NavigateToURL] successfully performed. With the following test data [https://duckduckgo.com]. @26-09-2021 01:53:26.0478 A

################################################################################################################################################
Starting Execution:	[18 out of 144] test cases in the current suite
Test Method:		[unitTests.tests_browserActions.refreshCurrentPage]
################################################################################################################################################
[ReportManager] Browser Action [RefreshCurrentPage] successfully performed. @26-09-2021 01:53:26.0863 AM
[ReportManager] Successfully created attachment [Browser Action Test Data - RefreshCurrentPage - Actual Value] @26-09-2021 01:53:26.0905 A
[ReportManager] Target URL: [https://duckduckgo.com] @26-09-2021 01:53:27.0030 AM
[ReportManager] Initial URL: [https://duckduckgo.com] @26-09-2021 01:53:27.0068 AM
[ReportManager] Browser Action [NavigateToURL] successfully performed. With the following test data [https://duckduckgo.com]. @26-09-2021 01:53:27.0360 AM
[ReportManager] Browser Action [CloseCurrentWindow] successfully performed. @26-09-2021 01:53:27.0492 AM
[ReportManager] Successfully created attachment [Browser Action Test Data - CloseCurrentWindow - Actual Value] @26-09-2021 01:53:27.0533 A
[ReportManager] File Action [GetAbsolutePath] successfully performed. With the following test data [Relative Folder Path: "target/downloadedFiles/"]. @26-09-2021 01:53:27.0658 AM
[ReportManager] Attempting to run locally on: [Mac-64], [Safari], Headless Execution. @26-09-2021 01:53:27.0658 AM
[ReportManager] Successfully Opened Safari. @26-09-2021 01:53:28.0506 AM
[ReportManager] Initial window size: (800, 600) @26-09-2021 01:53:28.0520 AM
[ReportManager] Window size after SWD Maximize: (1176, 811) @26-09-2021 01:53:28.0534 AM
[ReportManager] Browser Action [MaximizeWindow] successfully performed. With the following test data [New screen size is now: (1176, 811)]. @26-09-2021 01:53:28.0535 AM
[ReportManager] Target URL: [https://duckduckgo.com] @26-09-2021 01:53:28.0535 AM
[ReportManager] Initial URL: [] @26-09-2021 01:53:28.0588 AM
[ReportManager] Browser Action [NavigateToURL] successfully performed. With the following test data [https://duckduckgo.com]. @26-09-2021 01:53:29.0321 A

################################################################################################################################################
Starting Execution:	[19 out of 144] test cases in the current suite
Test Method:		[unitTests.tests_browserActions.setWindowSize]
################################################################################################################################################
[ReportManager] Initial window size: (1176, 811) @26-09-2021 01:53:29.0454 AM
[ReportManager] Window size after SWD: (1280, 720) @26-09-2021 01:53:29.0493 AM
[ReportManager] Browser Action [SetWindowSize] successfully performed. With the following test data [New screen size is now: (1280, 720)]. @26-09-2021 01:53:29.0494 A
[ReportManager] Target URL: [https://duckduckgo.com] @26-09-2021 01:53:29.0619 AM
[ReportManager] Initial URL: [https://duckduckgo.com] @26-09-2021 01:53:29.0668 AM
[ReportManager] Browser Action [NavigateToURL] successfully performed. With the following test data [https://duckduckgo.com]. @26-09-2021 01:53:30.0006 AM
[ReportManager] Browser Action [CloseCurrentWindow] successfully performed. @26-09-2021 01:53:30.0103 AM
[ReportManager] Successfully created attachment [Browser Action Test Data - CloseCurrentWindow - Actual Value] @26-09-2021 01:53:30.0144 A
[ReportManager] Successfully loaded the following test data file [src/test/resources/TestDataFiles/testSuite01/TestData.xlsx]. @26-09-2021 01:53:31.0240 AM
[ReportManager] Successfully created attachment [Test Data - Excel] @26-09-2021 01:53:31.0281 A

################################################################################################################################################
Starting Execution:	[20 out of 144] test cases in the current suite
Test Method:		[unitTests.tests_io_excelFileManager.getCellData_rowName_expectedToPass]
################################################################################################################################################
[ReportManager] testRowData. @26-09-2021 01:53:31.0376 A

################################################################################################################################################
Starting Execution:	[21 out of 144] test cases in the current suite
Test Method:		[unitTests.tests_validations_assertions.assertComparativeRelation_greaterThanOrEquals_false_equals_expectedToFail]
################################################################################################################################################
[ReportManager] Assertion [ValidateComparativeRelation] FAILED. Expected [1] and Actual [1]. Comparison Type [GREATER_THAN_OR_EQUALS]. Validation Type [NEGATIVE]. @26-09-2021 01:53:31.0505 A

################################################################################################################################################
Starting Execution:	[22 out of 144] test cases in the current suite
Test Method:		[unitTests.tests_validations_assertions.assertComparativeRelation_greaterThanOrEquals_false_equals_expectedToPass]
################################################################################################################################################
[ReportManager] Assertion [ValidateComparativeRelation] PASSED. Expected [2] and Actual [1]. Comparison Type [GREATER_THAN_OR_EQUALS]. Validation Type [NEGATIVE]. @26-09-2021 01:53:31.0632 A

################################################################################################################################################
Starting Execution:	[23 out of 144] test cases in the current suite
Test Method:		[unitTests.tests_validations_assertions.assertComparativeRelation_greaterThanOrEquals_false_greaterThan_expectedToFail]
################################################################################################################################################
[ReportManager] Assertion [ValidateComparativeRelation] FAILED. Expected [1] and Actual [2]. Comparison Type [GREATER_THAN_OR_EQUALS]. Validation Type [NEGATIVE]. @26-09-2021 01:53:31.0718 A

################################################################################################################################################
Starting Execution:	[24 out of 144] test cases in the current suite
Test Method:		[unitTests.tests_validations_assertions.assertComparativeRelation_greaterThanOrEquals_false_greaterThan_expectedToPass]
################################################################################################################################################
[ReportManager] Assertion [ValidateComparativeRelation] PASSED. Expected [2] and Actual [1]. Comparison Type [GREATER_THAN_OR_EQUALS]. Validation Type [NEGATIVE]. @26-09-2021 01:53:31.0722 A

################################################################################################################################################
Starting Execution:	[25 out of 144] test cases in the current suite
Test Method:		[unitTests.tests_validations_assertions.assertComparativeRelation_greaterThanOrEquals_true_equals_expectedToFail]
################################################################################################################################################
[ReportManager] Assertion [ValidateComparativeRelation] FAILED. Expected [1] and Actual [0]. Comparison Type [GREATER_THAN_OR_EQUALS]. Validation Type [POSITIVE]. @26-09-2021 01:53:31.0726 A

################################################################################################################################################
Starting Execution:	[26 out of 144] test cases in the current suite
Test Method:		[unitTests.tests_validations_assertions.assertComparativeRelation_greaterThanOrEquals_true_equals_expectedToPass]
################################################################################################################################################
[ReportManager] Assertion [ValidateComparativeRelation] PASSED. Expected [1] and Actual [1]. Comparison Type [GREATER_THAN_OR_EQUALS]. Validation Type [POSITIVE]. @26-09-2021 01:53:31.0730 A

################################################################################################################################################
Starting Execution:	[27 out of 144] test cases in the current suite
Test Method:		[unitTests.tests_validations_assertions.assertComparativeRelation_greaterThanOrEquals_true_greaterThan_expectedToFail]
################################################################################################################################################
[ReportManager] Assertion [ValidateComparativeRelation] FAILED. Expected [2] and Actual [1]. Comparison Type [GREATER_THAN_OR_EQUALS]. Validation Type [POSITIVE]. @26-09-2021 01:53:31.0734 A

################################################################################################################################################
Starting Execution:	[28 out of 144] test cases in the current suite
Test Method:		[unitTests.tests_validations_assertions.assertComparativeRelation_greaterThanOrEquals_true_greaterThan_expectedToPass]
################################################################################################################################################
[ReportManager] Assertion [ValidateComparativeRelation] PASSED. Expected [1] and Actual [2]. Comparison Type [GREATER_THAN_OR_EQUALS]. Validation Type [POSITIVE]. @26-09-2021 01:53:31.0738 A
[ReportManager] File Action [GetAbsolutePath] successfully performed. With the following test data [Relative Folder Path: "target/downloadedFiles/"]. @26-09-2021 01:53:31.0740 AM
[ReportManager] Attempting to run locally on: [Mac-64], [Safari], Headless Execution. @26-09-2021 01:53:31.0741 AM
[ReportManager] Successfully Opened Safari. @26-09-2021 01:53:32.0532 AM
[ReportManager] Initial window size: (800, 600) @26-09-2021 01:53:32.0561 AM
[ReportManager] Window size after SWD Maximize: (1176, 811) @26-09-2021 01:53:32.0589 AM
[ReportManager] Browser Action [MaximizeWindow] successfully performed. With the following test data [New screen size is now: (1176, 811)]. @26-09-2021 01:53:32.0590 AM
[ReportManager] Target URL: [https://www.google.com/ncr], and after redirection: [www.google.com] @26-09-2021 01:53:32.0590 AM
[ReportManager] Initial URL: [] @26-09-2021 01:53:32.0669 AM
[ReportManager] Browser Action [NavigateToURL] successfully performed. With the following test data [https://www.google.com/ncr]. @26-09-2021 01:53:34.0154 A

################################################################################################################################################
Starting Execution:	[29 out of 144] test cases in the current suite
Test Method:		[unitTests.tests_validations_assertions.assertElementAttribute_false_caseInsensitiveComparison_expectedToFail]
################################################################################################################################################
[ReportManager] Element Action [Type] successfully performed. With the following test data [AUTOMATION]. @26-09-2021 01:53:34.0694 AM
[ReportManager] Element Action [GetText] successfully performed. With the following test data [AUTOMATION]. @26-09-2021 01:53:34.0750 AM
[ReportManager] Loaded Shared OpenCV @26-09-2021 01:53:38.0462 AM
[ReportManager] Assertion [ValidateElementAttribute] FAILED. Expected [Value Should not be 'AutomaTion' for the 'text' attribute, element locator 'By.name: q'] and Actual [AUTOMATION]. Comparison Type [CASE_INSENSITIVE]. Validation Type [NEGATIVE]. @26-09-2021 01:53:38.0961 AM
[ReportManager] Successfully created attachment [Screenshot - 1632621214848_assertElementAttribute_false_caseInsensitiveComparison_expectedToFail_ValidateElementAttribute_failed] @26-09-2021 01:53:39.0047 A
[ReportManager] Browser Action [CloseCurrentWindow] successfully performed. @26-09-2021 01:53:39.0314 AM
[ReportManager] Successfully created attachment [Browser Action Test Data - CloseCurrentWindow - Actual Value] @26-09-2021 01:53:39.0355 A
[ReportManager] File Action [GetAbsolutePath] successfully performed. With the following test data [Relative Folder Path: "target/downloadedFiles/"]. @26-09-2021 01:53:39.0523 AM
[ReportManager] Attempting to run locally on: [Mac-64], [Safari], Headless Execution. @26-09-2021 01:53:39.0523 AM
[ReportManager] Successfully Opened Safari. @26-09-2021 01:53:40.0321 AM
[ReportManager] Initial window size: (800, 600) @26-09-2021 01:53:40.0339 AM
[ReportManager] Window size after SWD Maximize: (1176, 811) @26-09-2021 01:53:40.0365 AM
[ReportManager] Browser Action [MaximizeWindow] successfully performed. With the following test data [New screen size is now: (1176, 811)]. @26-09-2021 01:53:40.0366 AM
[ReportManager] Target URL: [https://www.google.com/ncr], and after redirection: [www.google.com] @26-09-2021 01:53:40.0366 AM
[ReportManager] Initial URL: [] @26-09-2021 01:53:40.0441 AM
[ReportManager] Browser Action [NavigateToURL] successfully performed. With the following test data [https://www.google.com/ncr]. @26-09-2021 01:53:41.0818 A

################################################################################################################################################
Starting Execution:	[30 out of 144] test cases in the current suite
Test Method:		[unitTests.tests_validations_assertions.assertElementAttribute_false_caseInsensitiveComparison_expectedToPass]
################################################################################################################################################
[ReportManager] Element Action [Type] successfully performed. With the following test data [AUTOMATION]. @26-09-2021 01:53:42.0327 AM
[ReportManager] Element Action [GetText] successfully performed. With the following test data [AUTOMATION]. @26-09-2021 01:53:42.0382 AM
[ReportManager] Loaded Shared OpenCV @26-09-2021 01:53:42.0467 AM
[ReportManager] Assertion [ValidateElementAttribute] PASSED. Expected [Value Should not be 'AutomaTion123' for the 'text' attribute, element locator 'By.name: q'] and Actual [AUTOMATION]. Comparison Type [CASE_INSENSITIVE]. Validation Type [NEGATIVE]. @26-09-2021 01:53:42.0759 AM
[ReportManager] Successfully created attachment [Screenshot - 1632621222467_assertElementAttribute_false_caseInsensitiveComparison_expectedToPass_ValidateElementAttribute_passed] @26-09-2021 01:53:42.0845 A
[ReportManager] Browser Action [CloseCurrentWindow] successfully performed. @26-09-2021 01:53:43.0147 AM
[ReportManager] Successfully created attachment [Browser Action Test Data - CloseCurrentWindow - Actual Value] @26-09-2021 01:53:43.0195 A
[ReportManager] File Action [GetAbsolutePath] successfully performed. With the following test data [Relative Folder Path: "target/downloadedFiles/"]. @26-09-2021 01:53:43.0366 AM
[ReportManager] Attempting to run locally on: [Mac-64], [Safari], Headless Execution. @26-09-2021 01:53:43.0367 AM
[ReportManager] Successfully Opened Safari. @26-09-2021 01:53:44.0260 AM
[ReportManager] Initial window size: (800, 600) @26-09-2021 01:53:44.0304 AM
[ReportManager] Window size after SWD Maximize: (1176, 811) @26-09-2021 01:53:44.0352 AM
[ReportManager] Browser Action [MaximizeWindow] successfully performed. With the following test data [New screen size is now: (1176, 811)]. @26-09-2021 01:53:44.0352 AM
[ReportManager] Target URL: [https://www.google.com/ncr], and after redirection: [www.google.com] @26-09-2021 01:53:44.0352 AM
[ReportManager] Initial URL: [] @26-09-2021 01:53:44.0406 AM
[ReportManager] Browser Action [NavigateToURL] successfully performed. With the following test data [https://www.google.com/ncr]. @26-09-2021 01:53:45.0652 A

################################################################################################################################################
Starting Execution:	[31 out of 144] test cases in the current suite
Test Method:		[unitTests.tests_validations_assertions.assertElementAttribute_false_containsComparison_expectedToFail]
################################################################################################################################################
[ReportManager] Element Action [Type] successfully performed. With the following test data [Automation123]. @26-09-2021 01:53:46.0247 AM
[ReportManager] Element Action [GetText] successfully performed. With the following test data [Automation123]. @26-09-2021 01:53:46.0309 AM
[ReportManager] Loaded Shared OpenCV @26-09-2021 01:53:46.0383 AM
[ReportManager] Assertion [ValidateElementAttribute] FAILED. Expected [Value Should not be 'Automation' for the 'text' attribute, element locator 'By.name: q'] and Actual [Automation123]. Comparison Type [CONTAINS]. Validation Type [NEGATIVE]. @26-09-2021 01:53:46.0652 AM
[ReportManager] Successfully created attachment [Screenshot - 1632621226383_assertElementAttribute_false_containsComparison_expectedToFail_ValidateElementAttribute_failed] @26-09-2021 01:53:46.0736 A
[ReportManager] Browser Action [CloseCurrentWindow] successfully performed. @26-09-2021 01:53:47.0000 AM
[ReportManager] Successfully created attachment [Browser Action Test Data - CloseCurrentWindow - Actual Value] @26-09-2021 01:53:47.0042 A
[ReportManager] File Action [GetAbsolutePath] successfully performed. With the following test data [Relative Folder Path: "target/downloadedFiles/"]. @26-09-2021 01:53:47.0210 AM
[ReportManager] Attempting to run locally on: [Mac-64], [Safari], Headless Execution. @26-09-2021 01:53:47.0211 AM
[ReportManager] Successfully Opened Safari. @26-09-2021 01:53:48.0066 AM
[ReportManager] Initial window size: (800, 600) @26-09-2021 01:53:48.0094 AM
[ReportManager] Window size after SWD Maximize: (1176, 811) @26-09-2021 01:53:48.0123 AM
[ReportManager] Browser Action [MaximizeWindow] successfully performed. With the following test data [New screen size is now: (1176, 811)]. @26-09-2021 01:53:48.0123 AM
[ReportManager] Target URL: [https://www.google.com/ncr], and after redirection: [www.google.com] @26-09-2021 01:53:48.0124 AM
[ReportManager] Initial URL: [] @26-09-2021 01:53:48.0183 AM
[ReportManager] Browser Action [NavigateToURL] successfully performed. With the following test data [https://www.google.com/ncr]. @26-09-2021 01:53:49.0528 A

################################################################################################################################################
Starting Execution:	[32 out of 144] test cases in the current suite
Test Method:		[unitTests.tests_validations_assertions.assertElementAttribute_false_containsComparison_expectedToPass]
################################################################################################################################################
[ReportManager] Element Action [Type] successfully performed. With the following test data [Automation123]. @26-09-2021 01:53:50.0226 AM
[ReportManager] Element Action [GetText] successfully performed. With the following test data [Automation123]. @26-09-2021 01:53:50.0289 AM
[ReportManager] Loaded Shared OpenCV @26-09-2021 01:53:50.0385 AM
[ReportManager] Assertion [ValidateElementAttribute] PASSED. Expected [Value Should not be 'Automation1234' for the 'text' attribute, element locator 'By.name: q'] and Actual [Automation123]. Comparison Type [CONTAINS]. Validation Type [NEGATIVE]. @26-09-2021 01:53:50.0654 AM
[ReportManager] Successfully created attachment [Screenshot - 1632621230385_assertElementAttribute_false_containsComparison_expectedToPass_ValidateElementAttribute_passed] @26-09-2021 01:53:50.0739 A
[ReportManager] Browser Action [CloseCurrentWindow] successfully performed. @26-09-2021 01:53:51.0143 AM
[ReportManager] Successfully created attachment [Browser Action Test Data - CloseCurrentWindow - Actual Value] @26-09-2021 01:53:51.0185 A
[ReportManager] File Action [GetAbsolutePath] successfully performed. With the following test data [Relative Folder Path: "target/downloadedFiles/"]. @26-09-2021 01:53:51.0311 AM
[ReportManager] Attempting to run locally on: [Mac-64], [Safari], Headless Execution. @26-09-2021 01:53:51.0311 AM
[ReportManager] Successfully Opened Safari. @26-09-2021 01:53:52.0188 AM
[ReportManager] Initial window size: (800, 600) @26-09-2021 01:53:52.0217 AM
[ReportManager] Window size after SWD Maximize: (1176, 811) @26-09-2021 01:53:52.0241 AM
[ReportManager] Browser Action [MaximizeWindow] successfully performed. With the following test data [New screen size is now: (1176, 811)]. @26-09-2021 01:53:52.0242 AM
[ReportManager] Target URL: [https://www.google.com/ncr], and after redirection: [www.google.com] @26-09-2021 01:53:52.0242 AM
[ReportManager] Initial URL: [] @26-09-2021 01:53:52.0300 AM
[ReportManager] Browser Action [NavigateToURL] successfully performed. With the following test data [https://www.google.com/ncr]. @26-09-2021 01:53:53.0796 A

################################################################################################################################################
Starting Execution:	[33 out of 144] test cases in the current suite
Test Method:		[unitTests.tests_validations_assertions.assertElementAttribute_false_literalComparison_expectedToFail]
################################################################################################################################################
[ReportManager] Element Action [Type] successfully performed. With the following test data [Automation!@#$%^&*()_+{}[]\';/.,]. @26-09-2021 01:53:54.0825 AM
[ReportManager] Element Action [GetText] successfully performed. With the following test data [Automation!@#$%^&*()_+{}[]\';/.,]. @26-09-2021 01:53:54.0875 AM
[ReportManager] Loaded Shared OpenCV @26-09-2021 01:53:54.0950 AM
[ReportManager] Assertion [ValidateElementAttribute] PASSED. Expected [Value Should not be 'Automation!@#$%^&*()_+{}[]\\';/.,' for the 'text' attribute, element locator 'By.name: q'] and Actual [Automation!@#$%^&*()_+{}[]\';/.,]. Comparison Type [EQUALS]. Validation Type [NEGATIVE]. @26-09-2021 01:53:55.0161 AM
[ReportManager] Successfully created attachment [Screenshot - 1632621234950_assertElementAttribute_false_literalComparison_expectedToFail_ValidateElementAttribute_passed] @26-09-2021 01:53:55.0163 A
[ReportManager] Browser Action [CloseCurrentWindow] successfully performed. @26-09-2021 01:53:55.0317 AM
[ReportManager] Successfully created attachment [Browser Action Test Data - CloseCurrentWindow - Actual Value] @26-09-2021 01:53:55.0318 A
[ReportManager] File Action [GetAbsolutePath] successfully performed. With the following test data [Relative Folder Path: "target/downloadedFiles/"]. @26-09-2021 01:53:55.0357 AM
[ReportManager] Attempting to run locally on: [Mac-64], [Safari], Headless Execution. @26-09-2021 01:53:55.0358 AM
[ReportManager] Successfully Opened Safari. @26-09-2021 01:53:56.0237 AM
[ReportManager] Initial window size: (800, 600) @26-09-2021 01:53:56.0285 AM
[ReportManager] Window size after SWD Maximize: (1176, 811) @26-09-2021 01:53:56.0334 AM
[ReportManager] Browser Action [MaximizeWindow] successfully performed. With the following test data [New screen size is now: (1176, 811)]. @26-09-2021 01:53:56.0335 AM
[ReportManager] Target URL: [https://www.google.com/ncr], and after redirection: [www.google.com] @26-09-2021 01:53:56.0335 AM
[ReportManager] Initial URL: [] @26-09-2021 01:53:56.0394 AM
[ReportManager] Browser Action [NavigateToURL] successfully performed. With the following test data [https://www.google.com/ncr]. @26-09-2021 01:53:57.0835 A

################################################################################################################################################
Starting Execution:	[34 out of 144] test cases in the current suite
Test Method:		[unitTests.tests_validations_assertions.assertElementAttribute_false_literalComparison_expectedToPass]
################################################################################################################################################
[ReportManager] Element Action [Type] successfully performed. With the following test data [Automation!@#$%^&*()_+{}[]\';/.,]. @26-09-2021 01:53:58.0890 AM
[ReportManager] Element Action [GetText] successfully performed. With the following test data [Automation!@#$%^&*()_+{}[]\';/.,]. @26-09-2021 01:53:58.0961 AM
[ReportManager] Loaded Shared OpenCV @26-09-2021 01:53:59.0038 AM
[ReportManager] Assertion [ValidateElementAttribute] PASSED. Expected [Value Should not be 'Automation' for the 'text' attribute, element locator 'By.name: q'] and Actual [Automation!@#$%^&*()_+{}[]\';/.,]. Comparison Type [EQUALS]. Validation Type [NEGATIVE]. @26-09-2021 01:53:59.0192 AM
[ReportManager] Successfully created attachment [Screenshot - 1632621239038_assertElementAttribute_false_literalComparison_expectedToPass_ValidateElementAttribute_passed] @26-09-2021 01:53:59.0193 A
[ReportManager] Browser Action [CloseCurrentWindow] successfully performed. @26-09-2021 01:53:59.0294 AM
[ReportManager] Successfully created attachment [Browser Action Test Data - CloseCurrentWindow - Actual Value] @26-09-2021 01:53:59.0336 A
[ReportManager] File Action [GetAbsolutePath] successfully performed. With the following test data [Relative Folder Path: "target/downloadedFiles/"]. @26-09-2021 01:53:59.0506 AM
[ReportManager] Attempting to run locally on: [Mac-64], [Safari], Headless Execution. @26-09-2021 01:53:59.0507 AM
[ReportManager] Successfully Opened Safari. @26-09-2021 01:54:00.0299 AM
[ReportManager] Initial window size: (800, 600) @26-09-2021 01:54:00.0327 AM
[ReportManager] Window size after SWD Maximize: (1176, 811) @26-09-2021 01:54:00.0359 AM
[ReportManager] Browser Action [MaximizeWindow] successfully performed. With the following test data [New screen size is now: (1176, 811)]. @26-09-2021 01:54:00.0359 AM
[ReportManager] Target URL: [https://www.google.com/ncr], and after redirection: [www.google.com] @26-09-2021 01:54:00.0360 AM
[ReportManager] Initial URL: [] @26-09-2021 01:54:00.0401 AM
[ReportManager] Browser Action [NavigateToURL] successfully performed. With the following test data [https://www.google.com/ncr]. @26-09-2021 01:54:01.0819 A

################################################################################################################################################
Starting Execution:	[35 out of 144] test cases in the current suite
Test Method:		[unitTests.tests_validations_assertions.assertElementAttribute_false_regexComparison_expectedToFail]
################################################################################################################################################
[ReportManager] Element Action [Type] successfully performed. With the following test data [Automation123]. @26-09-2021 01:54:02.0402 AM
[ReportManager] Element Action [GetText] successfully performed. With the following test data [Automation123]. @26-09-2021 01:54:02.0470 AM
[ReportManager] Loaded Shared OpenCV @26-09-2021 01:54:02.0544 AM
[ReportManager] Assertion [ValidateElementAttribute] FAILED. Expected [Value Should not be 'Automation.*' for the 'text' attribute, element locator 'By.name: q'] and Actual [Automation123]. Comparison Type [MATCHES]. Validation Type [NEGATIVE]. @26-09-2021 01:54:02.0814 AM
[ReportManager] Successfully created attachment [Screenshot - 1632621242544_assertElementAttribute_false_regexComparison_expectedToFail_ValidateElementAttribute_failed] @26-09-2021 01:54:02.0901 A
[ReportManager] Browser Action [CloseCurrentWindow] successfully performed. @26-09-2021 01:54:03.0241 AM
[ReportManager] Successfully created attachment [Browser Action Test Data - CloseCurrentWindow - Actual Value] @26-09-2021 01:54:03.0283 A
[ReportManager] File Action [GetAbsolutePath] successfully performed. With the following test data [Relative Folder Path: "target/downloadedFiles/"]. @26-09-2021 01:54:03.0409 AM
[ReportManager] Attempting to run locally on: [Mac-64], [Safari], Headless Execution. @26-09-2021 01:54:03.0409 AM
[ReportManager] Successfully Opened Safari. @26-09-2021 01:54:04.0215 AM
[ReportManager] Initial window size: (800, 600) @26-09-2021 01:54:04.0238 AM
[ReportManager] Window size after SWD Maximize: (1176, 811) @26-09-2021 01:54:04.0250 AM
[ReportManager] Browser Action [MaximizeWindow] successfully performed. With the following test data [New screen size is now: (1176, 811)]. @26-09-2021 01:54:04.0251 AM
[ReportManager] Target URL: [https://www.google.com/ncr], and after redirection: [www.google.com] @26-09-2021 01:54:04.0251 AM
[ReportManager] Initial URL: [] @26-09-2021 01:54:04.0322 AM
[ReportManager] Browser Action [NavigateToURL] successfully performed. With the following test data [https://www.google.com/ncr]. @26-09-2021 01:54:05.0889 A

################################################################################################################################################
Starting Execution:	[36 out of 144] test cases in the current suite
Test Method:		[unitTests.tests_validations_assertions.assertElementAttribute_false_regexComparison_expectedToPass]
################################################################################################################################################
[ReportManager] Element Action [Type] successfully performed. With the following test data [Automation123]. @26-09-2021 01:54:06.0630 AM
[ReportManager] Element Action [GetText] successfully performed. With the following test data [Automation123]. @26-09-2021 01:54:06.0679 AM
[ReportManager] Loaded Shared OpenCV @26-09-2021 01:54:06.0747 AM
[ReportManager] Assertion [ValidateElementAttribute] PASSED. Expected [Value Should not be 'Automation' for the 'text' attribute, element locator 'By.name: q'] and Actual [Automation123]. Comparison Type [MATCHES]. Validation Type [NEGATIVE]. @26-09-2021 01:54:07.0019 AM
[ReportManager] Successfully created attachment [Screenshot - 1632621246747_assertElementAttribute_false_regexComparison_expectedToPass_ValidateElementAttribute_passed] @26-09-2021 01:54:07.0103 A
[ReportManager] Browser Action [CloseCurrentWindow] successfully performed. @26-09-2021 01:54:07.0498 AM
[ReportManager] Successfully created attachment [Browser Action Test Data - CloseCurrentWindow - Actual Value] @26-09-2021 01:54:07.0540 A
[ReportManager] File Action [GetAbsolutePath] successfully performed. With the following test data [Relative Folder Path: "target/downloadedFiles/"]. @26-09-2021 01:54:07.0668 AM
[ReportManager] Attempting to run locally on: [Mac-64], [Safari], Headless Execution. @26-09-2021 01:54:07.0668 AM
[ReportManager] Successfully Opened Safari. @26-09-2021 01:54:08.0480 AM
[ReportManager] Initial window size: (800, 600) @26-09-2021 01:54:08.0518 AM
[ReportManager] Window size after SWD Maximize: (1176, 811) @26-09-2021 01:54:08.0544 AM
[ReportManager] Browser Action [MaximizeWindow] successfully performed. With the following test data [New screen size is now: (1176, 811)]. @26-09-2021 01:54:08.0545 AM
[ReportManager] Target URL: [https://www.google.com/ncr], and after redirection: [www.google.com] @26-09-2021 01:54:08.0545 AM
[ReportManager] Initial URL: [] @26-09-2021 01:54:08.0606 AM
[ReportManager] Browser Action [NavigateToURL] successfully performed. With the following test data [https://www.google.com/ncr]. @26-09-2021 01:54:09.0927 A

################################################################################################################################################
Starting Execution:	[37 out of 144] test cases in the current suite
Test Method:		[unitTests.tests_validations_assertions.assertElementAttribute_true_caseInsensitiveComparison_expectedToFail]
################################################################################################################################################
[ReportManager] Element Action [Type] successfully performed. With the following test data [AUTOMATION]. @26-09-2021 01:54:10.0587 AM
[ReportManager] Element Action [GetText] successfully performed. With the following test data [AUTOMATION]. @26-09-2021 01:54:10.0647 AM
[ReportManager] Loaded Shared OpenCV @26-09-2021 01:54:10.0728 AM
[ReportManager] Assertion [ValidateElementAttribute] FAILED. Expected [Value Should be 'AutomaTion123' for the 'text' attribute, element locator 'By.name: q'] and Actual [AUTOMATION]. Comparison Type [CASE_INSENSITIVE]. Validation Type [POSITIVE]. @26-09-2021 01:54:11.0073 AM
[ReportManager] Successfully created attachment [Screenshot - 1632621250728_assertElementAttribute_true_caseInsensitiveComparison_expectedToFail_ValidateElementAttribute_failed] @26-09-2021 01:54:11.0160 A
[ReportManager] Browser Action [CloseCurrentWindow] successfully performed. @26-09-2021 01:54:11.0426 AM
[ReportManager] Successfully created attachment [Browser Action Test Data - CloseCurrentWindow - Actual Value] @26-09-2021 01:54:11.0468 A
[ReportManager] File Action [GetAbsolutePath] successfully performed. With the following test data [Relative Folder Path: "target/downloadedFiles/"]. @26-09-2021 01:54:11.0558 AM
[ReportManager] Attempting to run locally on: [Mac-64], [Safari], Headless Execution. @26-09-2021 01:54:11.0558 AM
[ReportManager] Successfully Opened Safari. @26-09-2021 01:54:12.0337 AM
[ReportManager] Initial window size: (800, 600) @26-09-2021 01:54:12.0356 AM
[ReportManager] Window size after SWD Maximize: (1176, 811) @26-09-2021 01:54:12.0371 AM
[ReportManager] Browser Action [MaximizeWindow] successfully performed. With the following test data [New screen size is now: (1176, 811)]. @26-09-2021 01:54:12.0371 AM
[ReportManager] Target URL: [https://www.google.com/ncr], and after redirection: [www.google.com] @26-09-2021 01:54:12.0371 AM
[ReportManager] Initial URL: [] @26-09-2021 01:54:12.0412 AM
[ReportManager] Browser Action [NavigateToURL] successfully performed. With the following test data [https://www.google.com/ncr]. @26-09-2021 01:54:13.0701 A

################################################################################################################################################
Starting Execution:	[38 out of 144] test cases in the current suite
Test Method:		[unitTests.tests_validations_assertions.assertElementAttribute_true_caseInsensitiveComparison_expectedToPass]
################################################################################################################################################
[ReportManager] Element Action [Type] successfully performed. With the following test data [AUTOMATION]. @26-09-2021 01:54:14.0218 AM
[ReportManager] Element Action [GetText] successfully performed. With the following test data [AUTOMATION]. @26-09-2021 01:54:14.0272 AM
[ReportManager] Loaded Shared OpenCV @26-09-2021 01:54:14.0354 AM
[ReportManager] Assertion [ValidateElementAttribute] PASSED. Expected [Value Should be 'AutomaTion' for the 'text' attribute, element locator 'By.name: q'] and Actual [AUTOMATION]. Comparison Type [CASE_INSENSITIVE]. Validation Type [POSITIVE]. @26-09-2021 01:54:14.0635 AM
[ReportManager] Successfully created attachment [Screenshot - 1632621254354_assertElementAttribute_true_caseInsensitiveComparison_expectedToPass_ValidateElementAttribute_passed] @26-09-2021 01:54:14.0681 A
[ReportManager] Browser Action [CloseCurrentWindow] successfully performed. @26-09-2021 01:54:14.0976 AM
[ReportManager] Successfully created attachment [Browser Action Test Data - CloseCurrentWindow - Actual Value] @26-09-2021 01:54:15.0017 A
[ReportManager] File Action [GetAbsolutePath] successfully performed. With the following test data [Relative Folder Path: "target/downloadedFiles/"]. @26-09-2021 01:54:15.0144 AM
[ReportManager] Attempting to run locally on: [Mac-64], [Safari], Headless Execution. @26-09-2021 01:54:15.0144 AM
[ReportManager] Successfully Opened Safari. @26-09-2021 01:54:15.0969 AM
[ReportManager] Initial window size: (800, 600) @26-09-2021 01:54:15.0992 AM
[ReportManager] Window size after SWD Maximize: (1176, 811) @26-09-2021 01:54:16.0015 AM
[ReportManager] Browser Action [MaximizeWindow] successfully performed. With the following test data [New screen size is now: (1176, 811)]. @26-09-2021 01:54:16.0016 AM
[ReportManager] Target URL: [https://www.google.com/ncr], and after redirection: [www.google.com] @26-09-2021 01:54:16.0016 AM
[ReportManager] Initial URL: [] @26-09-2021 01:54:16.0142 AM
[ReportManager] Browser Action [NavigateToURL] successfully performed. With the following test data [https://www.google.com/ncr]. @26-09-2021 01:54:17.0741 A

################################################################################################################################################
Starting Execution:	[39 out of 144] test cases in the current suite
Test Method:		[unitTests.tests_validations_assertions.assertElementAttribute_true_containsComparison_expectedToFail]
################################################################################################################################################
[ReportManager] Element Action [Type] successfully performed. With the following test data [Automation123]. @26-09-2021 01:54:18.0378 AM
[ReportManager] Element Action [GetText] successfully performed. With the following test data [Automation123]. @26-09-2021 01:54:18.0448 AM
[ReportManager] Loaded Shared OpenCV @26-09-2021 01:54:18.0528 AM
[ReportManager] Assertion [ValidateElementAttribute] FAILED. Expected [Value Should be 'Automation1234' for the 'text' attribute, element locator 'By.name: q'] and Actual [Automation123]. Comparison Type [CONTAINS]. Validation Type [POSITIVE]. @26-09-2021 01:54:18.0814 AM
[ReportManager] Successfully created attachment [Screenshot - 1632621258528_assertElementAttribute_true_containsComparison_expectedToFail_ValidateElementAttribute_failed] @26-09-2021 01:54:18.0899 A
[ReportManager] Browser Action [CloseCurrentWindow] successfully performed. @26-09-2021 01:54:19.0167 AM
[ReportManager] Successfully created attachment [Browser Action Test Data - CloseCurrentWindow - Actual Value] @26-09-2021 01:54:19.0209 A
[ReportManager] File Action [GetAbsolutePath] successfully performed. With the following test data [Relative Folder Path: "target/downloadedFiles/"]. @26-09-2021 01:54:19.0335 AM
[ReportManager] Attempting to run locally on: [Mac-64], [Safari], Headless Execution. @26-09-2021 01:54:19.0335 AM
[ReportManager] Successfully Opened Safari. @26-09-2021 01:54:20.0201 AM
[ReportManager] Initial window size: (800, 600) @26-09-2021 01:54:20.0214 AM
[ReportManager] Window size after SWD Maximize: (1176, 811) @26-09-2021 01:54:20.0239 AM
[ReportManager] Browser Action [MaximizeWindow] successfully performed. With the following test data [New screen size is now: (1176, 811)]. @26-09-2021 01:54:20.0240 AM
[ReportManager] Target URL: [https://www.google.com/ncr], and after redirection: [www.google.com] @26-09-2021 01:54:20.0240 AM
[ReportManager] Initial URL: [] @26-09-2021 01:54:20.0297 AM
[ReportManager] Browser Action [NavigateToURL] successfully performed. With the following test data [https://www.google.com/ncr]. @26-09-2021 01:54:21.0753 A

################################################################################################################################################
Starting Execution:	[40 out of 144] test cases in the current suite
Test Method:		[unitTests.tests_validations_assertions.assertElementAttribute_true_containsComparison_expectedToPass]
################################################################################################################################################
[ReportManager] Element Action [Type] successfully performed. With the following test data [Automation123]. @26-09-2021 01:54:22.0447 AM
[ReportManager] Element Action [GetText] successfully performed. With the following test data [Automation123]. @26-09-2021 01:54:22.0515 AM
[ReportManager] Loaded Shared OpenCV @26-09-2021 01:54:22.0592 AM
[ReportManager] Assertion [ValidateElementAttribute] PASSED. Expected [Value Should be 'Automation' for the 'text' attribute, element locator 'By.name: q'] and Actual [Automation123]. Comparison Type [CONTAINS]. Validation Type [POSITIVE]. @26-09-2021 01:54:22.0782 AM
[ReportManager] Successfully created attachment [Screenshot - 1632621262592_assertElementAttribute_true_containsComparison_expectedToPass_ValidateElementAttribute_passed] @26-09-2021 01:54:22.0783 A
[ReportManager] Browser Action [CloseCurrentWindow] successfully performed. @26-09-2021 01:54:23.0045 AM
[ReportManager] Successfully created attachment [Browser Action Test Data - CloseCurrentWindow - Actual Value] @26-09-2021 01:54:23.0087 A
[ReportManager] File Action [GetAbsolutePath] successfully performed. With the following test data [Relative Folder Path: "target/downloadedFiles/"]. @26-09-2021 01:54:23.0214 AM
[ReportManager] Attempting to run locally on: [Mac-64], [Safari], Headless Execution. @26-09-2021 01:54:23.0215 AM
[ReportManager] Successfully Opened Safari. @26-09-2021 01:54:24.0066 AM
[ReportManager] Initial window size: (800, 600) @26-09-2021 01:54:24.0095 AM
[ReportManager] Window size after SWD Maximize: (1176, 811) @26-09-2021 01:54:24.0123 AM
[ReportManager] Browser Action [MaximizeWindow] successfully performed. With the following test data [New screen size is now: (1176, 811)]. @26-09-2021 01:54:24.0123 AM
[ReportManager] Target URL: [https://www.google.com/ncr], and after redirection: [www.google.com] @26-09-2021 01:54:24.0123 AM
[ReportManager] Initial URL: [] @26-09-2021 01:54:24.0179 AM
[ReportManager] Browser Action [NavigateToURL] successfully performed. With the following test data [https://www.google.com/ncr]. @26-09-2021 01:54:25.0804 A

################################################################################################################################################
Starting Execution:	[41 out of 144] test cases in the current suite
Test Method:		[unitTests.tests_validations_assertions.assertElementAttribute_true_literalComparison_expectedToFail]
################################################################################################################################################
[ReportManager] Element Action [Type] successfully performed. With the following test data [Automation!@#$%^&*()_+{}[]\';/.,]. @26-09-2021 01:54:27.0138 AM
[ReportManager] Element Action [GetText] successfully performed. With the following test data [Automation!@#$%^&*()_+{}[]\';/.,]. @26-09-2021 01:54:27.0198 AM
[ReportManager] Loaded Shared OpenCV @26-09-2021 01:54:27.0280 AM
[ReportManager] Assertion [ValidateElementAttribute] FAILED. Expected [Value Should be 'Automation' for the 'text' attribute, element locator 'By.name: q'] and Actual [Automation!@#$%^&*()_+{}[]\';/.,]. Comparison Type [EQUALS]. Validation Type [POSITIVE]. @26-09-2021 01:54:27.0556 AM
[ReportManager] Successfully created attachment [Screenshot - 1632621267280_assertElementAttribute_true_literalComparison_expectedToFail_ValidateElementAttribute_failed] @26-09-2021 01:54:27.0642 A
[ReportManager] Browser Action [CloseCurrentWindow] successfully performed. @26-09-2021 01:54:27.0870 AM
[ReportManager] Successfully created attachment [Browser Action Test Data - CloseCurrentWindow - Actual Value] @26-09-2021 01:54:27.0951 A
[ReportManager] File Action [GetAbsolutePath] successfully performed. With the following test data [Relative Folder Path: "target/downloadedFiles/"]. @26-09-2021 01:54:28.0080 AM
[ReportManager] Attempting to run locally on: [Mac-64], [Safari], Headless Execution. @26-09-2021 01:54:28.0080 AM
[ReportManager] Successfully Opened Safari. @26-09-2021 01:54:28.0920 AM
[ReportManager] Initial window size: (800, 600) @26-09-2021 01:54:28.0946 AM
[ReportManager] Window size after SWD Maximize: (1176, 811) @26-09-2021 01:54:28.0972 AM
[ReportManager] Browser Action [MaximizeWindow] successfully performed. With the following test data [New screen size is now: (1176, 811)]. @26-09-2021 01:54:28.0973 AM
[ReportManager] Target URL: [https://www.google.com/ncr], and after redirection: [www.google.com] @26-09-2021 01:54:28.0973 AM
[ReportManager] Initial URL: [] @26-09-2021 01:54:29.0033 AM
[ReportManager] Browser Action [NavigateToURL] successfully performed. With the following test data [https://www.google.com/ncr]. @26-09-2021 01:54:30.0563 A

################################################################################################################################################
Starting Execution:	[42 out of 144] test cases in the current suite
Test Method:		[unitTests.tests_validations_assertions.assertElementAttribute_true_literalComparison_expectedToPass]
################################################################################################################################################
[ReportManager] Element Action [Type] successfully performed. With the following test data [Automation!@#$%^&*()_+{}[]\';/.,]. @26-09-2021 01:54:31.0759 AM
[ReportManager] Element Action [GetText] successfully performed. With the following test data [Automation!@#$%^&*()_+{}[]\';/.,]. @26-09-2021 01:54:31.0821 AM
[ReportManager] Loaded Shared OpenCV @26-09-2021 01:54:31.0900 AM
[ReportManager] Assertion [ValidateElementAttribute] PASSED. Expected [Value Should be 'Automation!@#$%^&*()_+{}[]\';/.,' for the 'text' attribute, element locator 'By.name: q'] and Actual [Automation!@#$%^&*()_+{}[]\';/.,]. Comparison Type [EQUALS]. Validation Type [POSITIVE]. @26-09-2021 01:54:32.0179 AM
[ReportManager] Successfully created attachment [Screenshot - 1632621271900_assertElementAttribute_true_literalComparison_expectedToPass_ValidateElementAttribute_passed] @26-09-2021 01:54:32.0264 A
[ReportManager] Browser Action [CloseCurrentWindow] successfully performed. @26-09-2021 01:54:32.0640 AM
[ReportManager] Successfully created attachment [Browser Action Test Data - CloseCurrentWindow - Actual Value] @26-09-2021 01:54:32.0682 A
[ReportManager] File Action [GetAbsolutePath] successfully performed. With the following test data [Relative Folder Path: "target/downloadedFiles/"]. @26-09-2021 01:54:32.0809 AM
[ReportManager] Attempting to run locally on: [Mac-64], [Safari], Headless Execution. @26-09-2021 01:54:32.0809 AM
[ReportManager] Successfully Opened Safari. @26-09-2021 01:54:33.0652 AM
[ReportManager] Initial window size: (800, 600) @26-09-2021 01:54:33.0670 AM
[ReportManager] Window size after SWD Maximize: (1176, 811) @26-09-2021 01:54:33.0702 AM
[ReportManager] Browser Action [MaximizeWindow] successfully performed. With the following test data [New screen size is now: (1176, 811)]. @26-09-2021 01:54:33.0702 AM
[ReportManager] Target URL: [https://www.google.com/ncr], and after redirection: [www.google.com] @26-09-2021 01:54:33.0702 AM
[ReportManager] Initial URL: [] @26-09-2021 01:54:33.0772 AM
[ReportManager] Browser Action [NavigateToURL] successfully performed. With the following test data [https://www.google.com/ncr]. @26-09-2021 01:54:35.0235 A

################################################################################################################################################
Starting Execution:	[43 out of 144] test cases in the current suite
Test Method:		[unitTests.tests_validations_assertions.assertElementAttribute_true_regexComparison_expectedToFail]
################################################################################################################################################
[ReportManager] Element Action [Type] successfully performed. With the following test data [Automation123]. @26-09-2021 01:54:35.0887 AM
[ReportManager] Element Action [GetText] successfully performed. With the following test data [Automation123]. @26-09-2021 01:54:35.0936 AM
[ReportManager] Loaded Shared OpenCV @26-09-2021 01:54:36.0016 AM
[ReportManager] Assertion [ValidateElementAttribute] FAILED. Expected [Value Should be 'Automation' for the 'text' attribute, element locator 'By.name: q'] and Actual [Automation123]. Comparison Type [MATCHES]. Validation Type [POSITIVE]. @26-09-2021 01:54:36.0288 AM
[ReportManager] Successfully created attachment [Screenshot - 1632621276016_assertElementAttribute_true_regexComparison_expectedToFail_ValidateElementAttribute_failed] @26-09-2021 01:54:36.0374 A
[ReportManager] Browser Action [CloseCurrentWindow] successfully performed. @26-09-2021 01:54:36.0679 AM
[ReportManager] Successfully created attachment [Browser Action Test Data - CloseCurrentWindow - Actual Value] @26-09-2021 01:54:36.0680 A
[ReportManager] File Action [GetAbsolutePath] successfully performed. With the following test data [Relative Folder Path: "target/downloadedFiles/"]. @26-09-2021 01:54:36.0683 AM
[ReportManager] Attempting to run locally on: [Mac-64], [Safari], Headless Execution. @26-09-2021 01:54:36.0684 AM
[ReportManager] Successfully Opened Safari. @26-09-2021 01:54:37.0453 AM
[ReportManager] Initial window size: (800, 600) @26-09-2021 01:54:37.0474 AM
[ReportManager] Window size after SWD Maximize: (1176, 811) @26-09-2021 01:54:37.0485 AM
[ReportManager] Browser Action [MaximizeWindow] successfully performed. With the following test data [New screen size is now: (1176, 811)]. @26-09-2021 01:54:37.0485 AM
[ReportManager] Target URL: [https://www.google.com/ncr], and after redirection: [www.google.com] @26-09-2021 01:54:37.0485 AM
[ReportManager] Initial URL: [] @26-09-2021 01:54:37.0537 AM
[ReportManager] Browser Action [NavigateToURL] successfully performed. With the following test data [https://www.google.com/ncr]. @26-09-2021 01:54:38.0914 A

################################################################################################################################################
Starting Execution:	[44 out of 144] test cases in the current suite
Test Method:		[unitTests.tests_validations_assertions.assertElementAttribute_true_regexComparison_expectedToPass]
################################################################################################################################################
[ReportManager] Element Action [Type] successfully performed. With the following test data [Automation123]. @26-09-2021 01:54:39.0456 AM
[ReportManager] Element Action [GetText] successfully performed. With the following test data [Automation123]. @26-09-2021 01:54:39.0515 AM
[ReportManager] Loaded Shared OpenCV @26-09-2021 01:54:39.0587 AM
[ReportManager] Assertion [ValidateElementAttribute] PASSED. Expected [Value Should be 'Automation.*' for the 'text' attribute, element locator 'By.name: q'] and Actual [Automation123]. Comparison Type [MATCHES]. Validation Type [POSITIVE]. @26-09-2021 01:54:39.0851 AM
[ReportManager] Successfully created attachment [Screenshot - 1632621279587_assertElementAttribute_true_regexComparison_expectedToPass_ValidateElementAttribute_passed] @26-09-2021 01:54:39.0935 A
[ReportManager] Browser Action [CloseCurrentWindow] successfully performed. @26-09-2021 01:54:40.0240 AM
[ReportManager] Successfully created attachment [Browser Action Test Data - CloseCurrentWindow - Actual Value] @26-09-2021 01:54:40.0282 A
[ReportManager] File Action [GetAbsolutePath] successfully performed. With the following test data [Relative Folder Path: "target/downloadedFiles/"]. @26-09-2021 01:54:40.0489 AM
[ReportManager] Attempting to run locally on: [Mac-64], [Safari], Headless Execution. @26-09-2021 01:54:40.0489 AM
[ReportManager] Successfully Opened Safari. @26-09-2021 01:54:41.0264 AM
[ReportManager] Initial window size: (800, 600) @26-09-2021 01:54:41.0285 AM
[ReportManager] Window size after SWD Maximize: (1176, 811) @26-09-2021 01:54:41.0302 AM
[ReportManager] Browser Action [MaximizeWindow] successfully performed. With the following test data [New screen size is now: (1176, 811)]. @26-09-2021 01:54:41.0302 AM
[ReportManager] Target URL: [https://www.google.com/ncr], and after redirection: [www.google.com] @26-09-2021 01:54:41.0302 AM
[ReportManager] Initial URL: [] @26-09-2021 01:54:41.0353 AM
[ReportManager] Browser Action [NavigateToURL] successfully performed. With the following test data [https://www.google.com/ncr]. @26-09-2021 01:54:42.0633 A

################################################################################################################################################
Starting Execution:	[45 out of 144] test cases in the current suite
Test Method:		[unitTests.tests_validations_assertions.assertElementAttribute_type_true_literalComparison_expectedToPass]
################################################################################################################################################
[ReportManager] Element Action [Type] successfully performed. With the following test data [Automation!@#$%^&*()_+{}[]\';/.,]. @26-09-2021 01:54:43.0753 AM
[ReportManager] Element Action [GetText] successfully performed. With the following test data [Automation!@#$%^&*()_+{}[]\';/.,]. @26-09-2021 01:54:43.0810 AM
[ReportManager] Loaded Shared OpenCV @26-09-2021 01:54:43.0895 AM
[ReportManager] Assertion [ValidateElementAttribute] PASSED. Expected [Value Should be 'Automation!@#$%^&*()_+{}[]\';/.,' for the 'text' attribute, element locator 'By.name: q'] and Actual [Automation!@#$%^&*()_+{}[]\';/.,]. Comparison Type [EQUALS]. Validation Type [POSITIVE]. @26-09-2021 01:54:44.0167 AM
[ReportManager] Successfully created attachment [Screenshot - 1632621283895_assertElementAttribute_type_true_literalComparison_expectedToPass_ValidateElementAttribute_passed] @26-09-2021 01:54:44.0250 A
[ReportManager] Browser Action [CloseCurrentWindow] successfully performed. @26-09-2021 01:54:44.0601 AM
[ReportManager] Successfully created attachment [Browser Action Test Data - CloseCurrentWindow - Actual Value] @26-09-2021 01:54:44.0642 A
[ReportManager] File Action [GetAbsolutePath] successfully performed. With the following test data [Relative Folder Path: "target/downloadedFiles/"]. @26-09-2021 01:54:44.0685 AM
[ReportManager] Attempting to run locally on: [Mac-64], [Safari], Headless Execution. @26-09-2021 01:54:44.0685 AM
[ReportManager] Successfully Opened Safari. @26-09-2021 01:54:45.0483 AM
[ReportManager] Initial window size: (800, 600) @26-09-2021 01:54:45.0503 AM
[ReportManager] Window size after SWD Maximize: (1176, 811) @26-09-2021 01:54:45.0514 AM
[ReportManager] Browser Action [MaximizeWindow] successfully performed. With the following test data [New screen size is now: (1176, 811)]. @26-09-2021 01:54:45.0514 AM
[ReportManager] Target URL: [https://www.google.com/ncr], and after redirection: [www.google.com] @26-09-2021 01:54:45.0514 AM
[ReportManager] Initial URL: [] @26-09-2021 01:54:45.0567 AM
[ReportManager] Browser Action [NavigateToURL] successfully performed. With the following test data [https://www.google.com/ncr]. @26-09-2021 01:54:46.0832 A

################################################################################################################################################
Starting Execution:	[46 out of 144] test cases in the current suite
Test Method:		[unitTests.tests_validations_assertions.assertElementExists_false_expectedToFail]
################################################################################################################################################
[ReportManager] Loaded Shared OpenCV @26-09-2021 01:54:47.0050 AM
[ReportManager] Assertion [ValidateElementExists] FAILED. Expected [Element Should not Exist, locator 'By.id: hplogo'] and Actual [Element Exists]. Comparison Type [EQUALS]. Validation Type [NEGATIVE]. @26-09-2021 01:54:47.0316 AM
[ReportManager] Successfully created attachment [Screenshot - 1632621287050_assertElementExists_false_expectedToFail_ValidateElementExists_failed] @26-09-2021 01:54:47.0403 A
[ReportManager] Browser Action [CloseCurrentWindow] successfully performed. @26-09-2021 01:54:47.0664 AM
[ReportManager] Successfully created attachment [Browser Action Test Data - CloseCurrentWindow - Actual Value] @26-09-2021 01:54:47.0706 A
[ReportManager] File Action [GetAbsolutePath] successfully performed. With the following test data [Relative Folder Path: "target/downloadedFiles/"]. @26-09-2021 01:54:47.0874 AM
[ReportManager] Attempting to run locally on: [Mac-64], [Safari], Headless Execution. @26-09-2021 01:54:47.0874 AM
[ReportManager] Successfully Opened Safari. @26-09-2021 01:54:48.0654 AM
[ReportManager] Initial window size: (800, 600) @26-09-2021 01:54:48.0666 AM
[ReportManager] Window size after SWD Maximize: (1176, 811) @26-09-2021 01:54:48.0686 AM
[ReportManager] Browser Action [MaximizeWindow] successfully performed. With the following test data [New screen size is now: (1176, 811)]. @26-09-2021 01:54:48.0687 AM
[ReportManager] Target URL: [https://www.google.com/ncr], and after redirection: [www.google.com] @26-09-2021 01:54:48.0687 AM
[ReportManager] Initial URL: [] @26-09-2021 01:54:48.0754 AM
[ReportManager] Browser Action [NavigateToURL] successfully performed. With the following test data [https://www.google.com/ncr]. @26-09-2021 01:54:49.0602 A

################################################################################################################################################
Starting Execution:	[47 out of 144] test cases in the current suite
Test Method:		[unitTests.tests_validations_assertions.assertElementExists_false_expectedToPass]
################################################################################################################################################
[ReportManager] Assertion [ValidateElementExists] PASSED. Expected [Element Should not Exist, locator 'By.id: fakeElement'] and Actual [Element Doesn't Exists]. Comparison Type [EQUALS]. Validation Type [NEGATIVE]. @26-09-2021 01:55:00.0637 AM
[ReportManager] Successfully created attachment [Screenshot - 1632621300470_assertElementExists_false_expectedToPass_ValidateElementExists_passed] @26-09-2021 01:55:00.0719 A
[ReportManager] Browser Action [CloseCurrentWindow] successfully performed. @26-09-2021 01:55:01.0053 AM
[ReportManager] Successfully created attachment [Browser Action Test Data - CloseCurrentWindow - Actual Value] @26-09-2021 01:55:01.0135 A
[ReportManager] File Action [GetAbsolutePath] successfully performed. With the following test data [Relative Folder Path: "target/downloadedFiles/"]. @26-09-2021 01:55:01.0261 AM
[ReportManager] Attempting to run locally on: [Mac-64], [Safari], Headless Execution. @26-09-2021 01:55:01.0261 AM
[ReportManager] Successfully Opened Safari. @26-09-2021 01:55:02.0097 AM
[ReportManager] Initial window size: (800, 600) @26-09-2021 01:55:02.0117 AM
[ReportManager] Window size after SWD Maximize: (1176, 811) @26-09-2021 01:55:02.0163 AM
[ReportManager] Browser Action [MaximizeWindow] successfully performed. With the following test data [New screen size is now: (1176, 811)]. @26-09-2021 01:55:02.0163 AM
[ReportManager] Target URL: [https://www.google.com/ncr], and after redirection: [www.google.com] @26-09-2021 01:55:02.0163 AM
[ReportManager] Initial URL: [] @26-09-2021 01:55:02.0205 AM
[ReportManager] Browser Action [NavigateToURL] successfully performed. With the following test data [https://www.google.com/ncr]. @26-09-2021 01:55:03.0368 A

################################################################################################################################################
Starting Execution:	[48 out of 144] test cases in the current suite
Test Method:		[unitTests.tests_validations_assertions.assertElementExists_false_multipleElementsFound_expectedToFail]
################################################################################################################################################
[ReportManager] Assertion [ValidateElementExists] FAILED. Expected [Element Should not Exist, locator 'By.xpath: //div'] and Actual [Element Exists but is not unique]. Comparison Type [EQUALS]. Validation Type [NEGATIVE]. @26-09-2021 01:55:03.0859 AM
[ReportManager] Successfully created attachment [Screenshot - 1632621303615_assertElementExists_false_multipleElementsFound_expectedToFail_ValidateElementExists_failed] @26-09-2021 01:55:03.0942 A
[ReportManager] Browser Action [CloseCurrentWindow] successfully performed. @26-09-2021 01:55:04.0253 AM
[ReportManager] Successfully created attachment [Browser Action Test Data - CloseCurrentWindow - Actual Value] @26-09-2021 01:55:04.0295 A
[ReportManager] File Action [GetAbsolutePath] successfully performed. With the following test data [Relative Folder Path: "target/downloadedFiles/"]. @26-09-2021 01:55:04.0421 AM
[ReportManager] Attempting to run locally on: [Mac-64], [Safari], Headless Execution. @26-09-2021 01:55:04.0421 AM
[ReportManager] Successfully Opened Safari. @26-09-2021 01:55:05.0224 AM
[ReportManager] Initial window size: (800, 600) @26-09-2021 01:55:05.0236 AM
[ReportManager] Window size after SWD Maximize: (1176, 811) @26-09-2021 01:55:05.0258 AM
[ReportManager] Browser Action [MaximizeWindow] successfully performed. With the following test data [New screen size is now: (1176, 811)]. @26-09-2021 01:55:05.0259 AM
[ReportManager] Target URL: [https://www.google.com/ncr], and after redirection: [www.google.com] @26-09-2021 01:55:05.0259 AM
[ReportManager] Initial URL: [] @26-09-2021 01:55:05.0317 AM
[ReportManager] Browser Action [NavigateToURL] successfully performed. With the following test data [https://www.google.com/ncr]. @26-09-2021 01:55:06.0600 A

################################################################################################################################################
Starting Execution:	[49 out of 144] test cases in the current suite
Test Method:		[unitTests.tests_validations_assertions.assertElementExists_true_expectedToFail]
################################################################################################################################################
[ReportManager] Assertion [ValidateElementExists] FAILED. Expected [Element Should Exist, locator 'By.id: fakeElement'] and Actual [Element Doesn't Exists]. Comparison Type [EQUALS]. Validation Type [POSITIVE]. @26-09-2021 01:55:38.0017 AM
[ReportManager] Successfully created attachment [Screenshot - 1632621337851_assertElementExists_true_expectedToFail_ValidateElementExists_failed] @26-09-2021 01:55:38.0098 A
[ReportManager] Browser Action [CloseCurrentWindow] successfully performed. @26-09-2021 01:55:38.0322 AM
[ReportManager] Successfully created attachment [Browser Action Test Data - CloseCurrentWindow - Actual Value] @26-09-2021 01:55:38.0364 A
[ReportManager] File Action [GetAbsolutePath] successfully performed. With the following test data [Relative Folder Path: "target/downloadedFiles/"]. @26-09-2021 01:55:38.0491 AM
[ReportManager] Attempting to run locally on: [Mac-64], [Safari], Headless Execution. @26-09-2021 01:55:38.0491 AM
[ReportManager] Successfully Opened Safari. @26-09-2021 01:55:39.0280 AM
[ReportManager] Initial window size: (800, 600) @26-09-2021 01:55:39.0303 AM
[ReportManager] Window size after SWD Maximize: (1176, 811) @26-09-2021 01:55:39.0315 AM
[ReportManager] Browser Action [MaximizeWindow] successfully performed. With the following test data [New screen size is now: (1176, 811)]. @26-09-2021 01:55:39.0315 AM
[ReportManager] Target URL: [https://www.google.com/ncr], and after redirection: [www.google.com] @26-09-2021 01:55:39.0315 AM
[ReportManager] Initial URL: [] @26-09-2021 01:55:39.0373 AM
[ReportManager] Browser Action [NavigateToURL] successfully performed. With the following test data [https://www.google.com/ncr]. @26-09-2021 01:55:40.0938 A

################################################################################################################################################
Starting Execution:	[50 out of 144] test cases in the current suite
Test Method:		[unitTests.tests_validations_assertions.assertElementExists_true_expectedToPass]
################################################################################################################################################
[ReportManager] Loaded Shared OpenCV @26-09-2021 01:55:41.0173 AM
[ReportManager] Assertion [ValidateElementExists] PASSED. Expected [Element Should Exist, locator 'By.xpath: //*[@id='hplogo' or @alt='Google']'] and Actual [Element Exists]. Comparison Type [EQUALS]. Validation Type [POSITIVE]. @26-09-2021 01:55:41.0436 AM
[ReportManager] Successfully created attachment [Screenshot - 1632621341172_assertElementExists_true_expectedToPass_ValidateElementExists_passed] @26-09-2021 01:55:41.0521 A
[ReportManager] Browser Action [CloseCurrentWindow] successfully performed. @26-09-2021 01:55:41.0867 AM
[ReportManager] Successfully created attachment [Browser Action Test Data - CloseCurrentWindow - Actual Value] @26-09-2021 01:55:41.0908 A
[ReportManager] File Action [GetAbsolutePath] successfully performed. With the following test data [Relative Folder Path: "target/downloadedFiles/"]. @26-09-2021 01:55:42.0035 AM
[ReportManager] Attempting to run locally on: [Mac-64], [Safari], Headless Execution. @26-09-2021 01:55:42.0035 AM
[ReportManager] Successfully Opened Safari. @26-09-2021 01:55:42.0884 AM
[ReportManager] Initial window size: (800, 600) @26-09-2021 01:55:42.0903 AM
[ReportManager] Window size after SWD Maximize: (1176, 811) @26-09-2021 01:55:42.0925 AM
[ReportManager] Browser Action [MaximizeWindow] successfully performed. With the following test data [New screen size is now: (1176, 811)]. @26-09-2021 01:55:42.0926 AM
[ReportManager] Target URL: [https://www.google.com/ncr], and after redirection: [www.google.com] @26-09-2021 01:55:42.0926 AM
[ReportManager] Initial URL: [] @26-09-2021 01:55:42.0986 AM
[ReportManager] Browser Action [NavigateToURL] successfully performed. With the following test data [https://www.google.com/ncr]. @26-09-2021 01:55:44.0047 A

################################################################################################################################################
Starting Execution:	[51 out of 144] test cases in the current suite
Test Method:		[unitTests.tests_validations_assertions.assertElementExists_true_multipleElementsFound_expectedToFail]
################################################################################################################################################
[ReportManager] Assertion [ValidateElementExists] FAILED. Expected [Element Should Exist, locator 'By.xpath: //div'] and Actual [Element Exists but is not unique]. Comparison Type [EQUALS]. Validation Type [POSITIVE]. @26-09-2021 01:55:44.0434 AM
[ReportManager] Successfully created attachment [Screenshot - 1632621344269_assertElementExists_true_multipleElementsFound_expectedToFail_ValidateElementExists_failed] @26-09-2021 01:55:44.0518 A
[ReportManager] Browser Action [CloseCurrentWindow] successfully performed. @26-09-2021 01:55:44.0794 AM
[ReportManager] Successfully created attachment [Browser Action Test Data - CloseCurrentWindow - Actual Value] @26-09-2021 01:55:44.0836 A

################################################################################################################################################
Starting Execution:	[52 out of 144] test cases in the current suite
Test Method:		[unitTests.tests_validations_assertions.assertEquals_false_expectedToFail]
################################################################################################################################################
[ReportManager] Assertion [ValidateEquals] FAILED. Expected [1] and Actual [1]. Comparison Type [EQUALS]. Validation Type [NEGATIVE]. @26-09-2021 01:55:44.0963 A

################################################################################################################################################
Starting Execution:	[53 out of 144] test cases in the current suite
Test Method:		[unitTests.tests_validations_assertions.assertEquals_false_expectedToPass]
################################################################################################################################################
[ReportManager] Assertion [ValidateEquals] PASSED. Expected [1] and Actual [2]. Comparison Type [EQUALS]. Validation Type [NEGATIVE]. @26-09-2021 01:55:45.0088 A

################################################################################################################################################
Starting Execution:	[54 out of 144] test cases in the current suite
Test Method:		[unitTests.tests_validations_assertions.assertEquals_longCharacters]
################################################################################################################################################
[ReportManager] Verification [ValidateEquals] PASSED. Expected and Actual values are attached. Comparison Type [EQUALS]. Validation Type [POSITIVE]. @26-09-2021 01:55:45.0216 AM
[ReportManager] Successfully created attachment [Validation Test Data - Expected Value] @26-09-2021 01:55:45.0298 AM
[ReportManager] Successfully created attachment [Validation Test Data - Actual Value] @26-09-2021 01:55:45.0339 AM
[ReportManager] Assertion [ValidateEquals] PASSED. Expected and Actual values are attached. Comparison Type [EQUALS]. Validation Type [POSITIVE]. @26-09-2021 01:55:45.0339 AM
[ReportManager] Successfully created attachment [Validation Test Data - Expected Value] @26-09-2021 01:55:45.0422 AM
[ReportManager] Successfully created attachment [Validation Test Data - Actual Value] @26-09-2021 01:55:45.0463 A

################################################################################################################################################
Starting Execution:	[55 out of 144] test cases in the current suite
Test Method:		[unitTests.tests_validations_assertions.assertEquals_longCharacters_Discreet]
################################################################################################################################################
[ReportManager] Assertion [ValidateEquals] PASSED. Expected [1LH5pROcDBjjQk0t0mCr0lXuzQu9lcGj28kY8R1H81X67eVAQJgWQhILiRWVPUgZ6uCtK5cnBkF55Jr9vYngjGO1Iyf0Mktv6lruDlL9T8MAUPcUZJGHZtji6nIeadujDSNmWMj5d6C8zlFqw0CRqBU0hO5adIasHgBSNoLotAjce3NGXoDwAlp3rYreeV16VIyZXROQY] and Actual [1LH5pROcDBjjQk0t0mCr0lXuzQu9lcGj28kY8R1H81X67eVAQJgWQhILiRWVPUgZ6uCtK5cnBkF55Jr9vYngjGO1Iyf0Mktv6lruDlL9T8MAUPcUZJGHZtji6nIeadujDSNmWMj5d6C8zlFqw0CRqBU0hO5adIasHgBSNoLotAjce3NGXoDwAlp3rYreeV16VIyZXROQY]. Comparison Type [EQUALS]. Validation Type [POSITIVE]. @26-09-2021 01:55:45.0588 A

################################################################################################################################################
Starting Execution:	[56 out of 144] test cases in the current suite
Test Method:		[unitTests.tests_validations_assertions.assertEquals_true_expectedToFail]
################################################################################################################################################
[ReportManager] Assertion [ValidateEquals] FAILED. Expected [1] and Actual [2]. Comparison Type [EQUALS]. Validation Type [POSITIVE]. @26-09-2021 01:55:45.0716 A

################################################################################################################################################
Starting Execution:	[57 out of 144] test cases in the current suite
Test Method:		[unitTests.tests_validations_assertions.assertEquals_true_expectedToPass]
Test Description:	[Assert that assertEquals works as expected when the two values are equal.]
################################################################################################################################################
[ReportManager] Verification [ValidateEquals] PASSED. Expected [1] and Actual [1]. Comparison Type [EQUALS]. Validation Type [POSITIVE]. @26-09-2021 01:55:45.0846 AM
[ReportManager] Assertion [ValidateEquals] PASSED. Expected [1] and Actual [1]. Comparison Type [EQUALS]. Validation Type [POSITIVE]. @26-09-2021 01:55:45.0846 A

################################################################################################################################################
Starting Execution:	[58 out of 144] test cases in the current suite
Test Method:		[unitTests.tests_validations_assertions.assertEquals_true_expectedToPass__]
################################################################################################################################################
[ReportManager] Assertion [ValidateEquals] PASSED. Expected [1] and Actual [1]. Comparison Type [EQUALS]. Validation Type [POSITIVE]. @26-09-2021 01:55:45.0973 A

################################################################################################################################################
Starting Execution:	[59 out of 144] test cases in the current suite
Test Method:		[unitTests.tests_validations_assertions.assertFileExists_false_expectedToFail]
################################################################################################################################################
[ReportManager] File Action [DoesFileExist] successfully performed. With the following test data [File Path: "src/main/java/com/shaft/gui/element/ElementActions.java"]. @26-09-2021 01:55:46.0100 AM
[ReportManager] Assertion [ValidateFileExists] FAILED. Expected [File 'src/main/java/com/shaft/gui/element/ElementActions.java' should not exist, after up to '1' retries] and Actual [File exists]. Validation Type [NEGATIVE]. @26-09-2021 01:55:46.0107 A

################################################################################################################################################
Starting Execution:	[60 out of 144] test cases in the current suite
Test Method:		[unitTests.tests_validations_assertions.assertFileExists_false_expectedToPass]
################################################################################################################################################
[ReportManager] File Action [DoesFileExist] successfully performed. With the following test data [File Path: "src/main/java/com/shaft/gui/element/ElementActions.java_fail"]. @26-09-2021 01:55:46.0734 AM
[ReportManager] Assertion [ValidateFileExists] PASSED. Expected [File 'src/main/java/com/shaft/gui/element/ElementActions.java_fail' should not exist, after up to '1' retries] and Actual [File does not exist]. Validation Type [NEGATIVE]. @26-09-2021 01:55:46.0734 A

################################################################################################################################################
Starting Execution:	[61 out of 144] test cases in the current suite
Test Method:		[unitTests.tests_validations_assertions.assertFileExists_true_expectedToFail]
################################################################################################################################################
[ReportManager] File Action [DoesFileExist] successfully performed. With the following test data [File Path: "src/main/java/com/shaft/gui/element/ElementActions.java_fail"]. @26-09-2021 01:55:47.0360 AM
[ReportManager] Assertion [ValidateFileExists] FAILED. Expected [File 'src/main/java/com/shaft/gui/element/ElementActions.java_fail' should exist, after up to '1' retries] and Actual [File does not exist]. Validation Type [POSITIVE]. @26-09-2021 01:55:47.0361 A

################################################################################################################################################
Starting Execution:	[62 out of 144] test cases in the current suite
Test Method:		[unitTests.tests_validations_assertions.assertFileExists_true_expectedToPass]
################################################################################################################################################
[ReportManager] File Action [DoesFileExist] successfully performed. With the following test data [File Path: "src/main/java/com/shaft/gui/element/ElementActions.java"]. @26-09-2021 01:55:47.0486 AM
[ReportManager] Assertion [ValidateFileExists] PASSED. Expected [File 'src/main/java/com/shaft/gui/element/ElementActions.java' should exist, after up to '1' retries] and Actual [File exists]. Validation Type [POSITIVE]. @26-09-2021 01:55:47.0487 A

################################################################################################################################################
Starting Execution:	[63 out of 144] test cases in the current suite
Test Method:		[unitTests.tests_validations_assertions.assertNull_false_expectedToFail]
################################################################################################################################################
[ReportManager] Assertion [ValidateNull] FAILED. Expected [NULL] and Actual [NULL]. Comparison Type [EQUALS]. Validation Type [NEGATIVE]. @26-09-2021 01:55:47.0613 A

################################################################################################################################################
Starting Execution:	[64 out of 144] test cases in the current suite
Test Method:		[unitTests.tests_validations_assertions.assertNull_false_expectedToPass]
################################################################################################################################################
[ReportManager] Assertion [ValidateNull] PASSED. Expected [NULL] and Actual [1]. Comparison Type [EQUALS]. Validation Type [NEGATIVE]. @26-09-2021 01:55:47.0740 A

################################################################################################################################################
Starting Execution:	[65 out of 144] test cases in the current suite
Test Method:		[unitTests.tests_validations_assertions.assertNull_true_expectedToFail]
################################################################################################################################################
[ReportManager] Assertion [ValidateNull] FAILED. Expected [NULL] and Actual [1]. Comparison Type [EQUALS]. Validation Type [POSITIVE]. @26-09-2021 01:55:47.0865 A

################################################################################################################################################
Starting Execution:	[66 out of 144] test cases in the current suite
Test Method:		[unitTests.tests_validations_assertions.assertNull_true_expectedToPass]
################################################################################################################################################
[ReportManager] Assertion [ValidateNull] PASSED. Expected [NULL] and Actual [NULL]. Comparison Type [EQUALS]. Validation Type [POSITIVE]. @26-09-2021 01:55:47.0991 A

################################################################################################################################################
Starting Execution:	[67 out of 144] test cases in the current suite
Test Method:		[unitTests.tests_restActions.getPostsAndAssertBodyForSpecificTitle]
################################################################################################################################################
[ReportManager] Response status code: [200], status line: [HTTP/1.1 200 OK] @26-09-2021 01:55:50.0223 AM
[ReportManager] Assertion Passed: Evaluating the actual response status code against the expected one... @26-09-2021 01:55:50.0224 AM
[ReportManager] Assertion [ValidateEquals] PASSED. Expected [200] and Actual [200]. Comparison Type [EQUALS]. Validation Type [POSITIVE]. @26-09-2021 01:55:50.0224 AM
[ReportManager] API Action [PerformRequest] successfully performed. With the following test data [Request Type: "GET" | Target Status Code: "200" | Service URL: "https://jsonplaceholder.typicode.com/posts" | Content Type: "*/*" | Response Time: "654ms"]. @26-09-2021 01:55:51.0307 AM
[ReportManager] Successfully created attachment [API Request - Specifications] @26-09-2021 01:55:51.0349 AM
[ReportManager] Successfully created attachment [API Response - JSON Body] @26-09-2021 01:55:51.0703 AM
[ReportManager] API Action [GetResponseJSONValueAsList] successfully performed. @26-09-2021 01:55:51.0726 AM
[ReportManager] API Action [GetResponseJSONValue] successfully performed. With the following test data [title]. @26-09-2021 01:55:51.0748 AM
[ReportManager] API Action [GetResponseJSONValue] successfully performed. With the following test data [title]. @26-09-2021 01:55:51.0764 AM
[ReportManager] API Action [GetResponseJSONValue] successfully performed. With the following test data [body]. @26-09-2021 01:55:51.0778 AM
[ReportManager] Assertion [ValidateEquals] PASSED. Expected [qui neque nisi nulla] and Actual [est rerum tempore vitae
sequi sint nihil reprehenderit dolor beatae ea dolores neque
fugiat blanditiis voluptate porro vel nihil molestiae ut reiciendis
qui aperiam non debitis possimus qui neque nisi nulla]. Comparison Type [CONTAINS]. Validation Type [POSITIVE]. @26-09-2021 01:55:51.0779 AM
[ReportManager] API Action [GetResponseJSONValue] successfully performed. With the following test data [title]. @26-09-2021 01:55:51.0792 AM
[ReportManager] API Action [GetResponseJSONValue] successfully performed. With the following test data [title]. @26-09-2021 01:55:51.0806 AM
[ReportManager] API Action [GetResponseJSONValue] successfully performed. With the following test data [title]. @26-09-2021 01:55:51.0819 AM
[ReportManager] API Action [GetResponseJSONValue] successfully performed. With the following test data [title]. @26-09-2021 01:55:51.0833 AM
[ReportManager] API Action [GetResponseJSONValue] successfully performed. With the following test data [title]. @26-09-2021 01:55:51.0847 AM
[ReportManager] API Action [GetResponseJSONValue] successfully performed. With the following test data [title]. @26-09-2021 01:55:51.0862 AM
[ReportManager] API Action [GetResponseJSONValue] successfully performed. With the following test data [title]. @26-09-2021 01:55:51.0876 AM
[ReportManager] API Action [GetResponseJSONValue] successfully performed. With the following test data [title]. @26-09-2021 01:55:51.0891 AM
[ReportManager] API Action [GetResponseJSONValue] successfully performed. With the following test data [title]. @26-09-2021 01:55:51.0904 AM
[ReportManager] API Action [GetResponseJSONValue] successfully performed. With the following test data [title]. @26-09-2021 01:55:51.0917 AM
[ReportManager] API Action [GetResponseJSONValue] successfully performed. With the following test data [title]. @26-09-2021 01:55:51.0933 AM
[ReportManager] API Action [GetResponseJSONValue] successfully performed. With the following test data [title]. @26-09-2021 01:55:51.0947 AM
[ReportManager] API Action [GetResponseJSONValue] successfully performed. With the following test data [title]. @26-09-2021 01:55:51.0960 AM
[ReportManager] API Action [GetResponseJSONValue] successfully performed. With the following test data [title]. @26-09-2021 01:55:51.0973 AM
[ReportManager] API Action [GetResponseJSONValue] successfully performed. With the following test data [title]. @26-09-2021 01:55:51.0985 AM
[ReportManager] API Action [GetResponseJSONValue] successfully performed. With the following test data [title]. @26-09-2021 01:55:52.0001 AM
[ReportManager] API Action [GetResponseJSONValue] successfully performed. With the following test data [title]. @26-09-2021 01:55:52.0015 AM
[ReportManager] API Action [GetResponseJSONValue] successfully performed. With the following test data [title]. @26-09-2021 01:55:52.0029 AM
[ReportManager] API Action [GetResponseJSONValue] successfully performed. With the following test data [title]. @26-09-2021 01:55:52.0042 AM
[ReportManager] API Action [GetResponseJSONValue] successfully performed. With the following test data [title]. @26-09-2021 01:55:52.0056 AM
[ReportManager] API Action [GetResponseJSONValue] successfully performed. With the following test data [title]. @26-09-2021 01:55:52.0069 AM
[ReportManager] API Action [GetResponseJSONValue] successfully performed. With the following test data [title]. @26-09-2021 01:55:52.0082 AM
[ReportManager] API Action [GetResponseJSONValue] successfully performed. With the following test data [title]. @26-09-2021 01:55:52.0095 AM
[ReportManager] API Action [GetResponseJSONValue] successfully performed. With the following test data [title]. @26-09-2021 01:55:52.0107 AM
[ReportManager] API Action [GetResponseJSONValue] successfully performed. With the following test data [title]. @26-09-2021 01:55:52.0121 AM
[ReportManager] API Action [GetResponseJSONValue] successfully performed. With the following test data [title]. @26-09-2021 01:55:52.0134 AM
[ReportManager] API Action [GetResponseJSONValue] successfully performed. With the following test data [title]. @26-09-2021 01:55:52.0147 AM
[ReportManager] API Action [GetResponseJSONValue] successfully performed. With the following test data [title]. @26-09-2021 01:55:52.0160 AM
[ReportManager] API Action [GetResponseJSONValue] successfully performed. With the following test data [title]. @26-09-2021 01:55:52.0172 AM
[ReportManager] API Action [GetResponseJSONValue] successfully performed. With the following test data [title]. @26-09-2021 01:55:52.0184 AM
[ReportManager] API Action [GetResponseJSONValue] successfully performed. With the following test data [title]. @26-09-2021 01:55:52.0196 AM
[ReportManager] API Action [GetResponseJSONValue] successfully performed. With the following test data [title]. @26-09-2021 01:55:52.0209 AM
[ReportManager] API Action [GetResponseJSONValue] successfully performed. With the following test data [title]. @26-09-2021 01:55:52.0221 AM
[ReportManager] API Action [GetResponseJSONValue] successfully performed. With the following test data [title]. @26-09-2021 01:55:52.0234 AM
[ReportManager] API Action [GetResponseJSONValue] successfully performed. With the following test data [title]. @26-09-2021 01:55:52.0246 AM
[ReportManager] API Action [GetResponseJSONValue] successfully performed. With the following test data [title]. @26-09-2021 01:55:52.0258 AM
[ReportManager] API Action [GetResponseJSONValue] successfully performed. With the following test data [title]. @26-09-2021 01:55:52.0272 AM
[ReportManager] API Action [GetResponseJSONValue] successfully performed. With the following test data [title]. @26-09-2021 01:55:52.0285 AM
[ReportManager] API Action [GetResponseJSONValue] successfully performed. With the following test data [title]. @26-09-2021 01:55:52.0298 AM
[ReportManager] API Action [GetResponseJSONValue] successfully performed. With the following test data [title]. @26-09-2021 01:55:52.0314 AM
[ReportManager] API Action [GetResponseJSONValue] successfully performed. With the following test data [title]. @26-09-2021 01:55:52.0329 AM
[ReportManager] API Action [GetResponseJSONValue] successfully performed. With the following test data [title]. @26-09-2021 01:55:52.0342 AM
[ReportManager] API Action [GetResponseJSONValue] successfully performed. With the following test data [title]. @26-09-2021 01:55:52.0355 AM
[ReportManager] API Action [GetResponseJSONValue] successfully performed. With the following test data [title]. @26-09-2021 01:55:52.0368 AM
[ReportManager] API Action [GetResponseJSONValue] successfully performed. With the following test data [title]. @26-09-2021 01:55:52.0381 AM
[ReportManager] API Action [GetResponseJSONValue] successfully performed. With the following test data [title]. @26-09-2021 01:55:52.0393 AM
[ReportManager] API Action [GetResponseJSONValue] successfully performed. With the following test data [title]. @26-09-2021 01:55:52.0405 AM
[ReportManager] API Action [GetResponseJSONValue] successfully performed. With the following test data [title]. @26-09-2021 01:55:52.0417 AM
[ReportManager] API Action [GetResponseJSONValue] successfully performed. With the following test data [title]. @26-09-2021 01:55:52.0428 AM
[ReportManager] API Action [GetResponseJSONValue] successfully performed. With the following test data [title]. @26-09-2021 01:55:52.0440 AM
[ReportManager] API Action [GetResponseJSONValue] successfully performed. With the following test data [title]. @26-09-2021 01:55:52.0452 AM
[ReportManager] API Action [GetResponseJSONValue] successfully performed. With the following test data [title]. @26-09-2021 01:55:52.0465 AM
[ReportManager] API Action [GetResponseJSONValue] successfully performed. With the following test data [title]. @26-09-2021 01:55:52.0481 AM
[ReportManager] API Action [GetResponseJSONValue] successfully performed. With the following test data [title]. @26-09-2021 01:55:52.0493 AM
[ReportManager] API Action [GetResponseJSONValue] successfully performed. With the following test data [title]. @26-09-2021 01:55:52.0531 AM
[ReportManager] API Action [GetResponseJSONValue] successfully performed. With the following test data [title]. @26-09-2021 01:55:52.0543 AM
[ReportManager] API Action [GetResponseJSONValue] successfully performed. With the following test data [title]. @26-09-2021 01:55:52.0555 AM
[ReportManager] API Action [GetResponseJSONValue] successfully performed. With the following test data [title]. @26-09-2021 01:55:52.0570 AM
[ReportManager] API Action [GetResponseJSONValue] successfully performed. With the following test data [title]. @26-09-2021 01:55:52.0583 AM
[ReportManager] API Action [GetResponseJSONValue] successfully performed. With the following test data [title]. @26-09-2021 01:55:52.0614 AM
[ReportManager] API Action [GetResponseJSONValue] successfully performed. With the following test data [title]. @26-09-2021 01:55:52.0626 AM
[ReportManager] API Action [GetResponseJSONValue] successfully performed. With the following test data [title]. @26-09-2021 01:55:52.0637 AM
[ReportManager] API Action [GetResponseJSONValue] successfully performed. With the following test data [title]. @26-09-2021 01:55:52.0649 AM
[ReportManager] API Action [GetResponseJSONValue] successfully performed. With the following test data [title]. @26-09-2021 01:55:52.0660 AM
[ReportManager] API Action [GetResponseJSONValue] successfully performed. With the following test data [title]. @26-09-2021 01:55:52.0671 AM
[ReportManager] API Action [GetResponseJSONValue] successfully performed. With the following test data [title]. @26-09-2021 01:55:52.0682 AM
[ReportManager] API Action [GetResponseJSONValue] successfully performed. With the following test data [title]. @26-09-2021 01:55:52.0693 AM
[ReportManager] API Action [GetResponseJSONValue] successfully performed. With the following test data [title]. @26-09-2021 01:55:52.0705 AM
[ReportManager] API Action [GetResponseJSONValue] successfully performed. With the following test data [title]. @26-09-2021 01:55:52.0717 AM
[ReportManager] API Action [GetResponseJSONValue] successfully performed. With the following test data [title]. @26-09-2021 01:55:52.0729 AM
[ReportManager] API Action [GetResponseJSONValue] successfully performed. With the following test data [title]. @26-09-2021 01:55:52.0740 AM
[ReportManager] API Action [GetResponseJSONValue] successfully performed. With the following test data [title]. @26-09-2021 01:55:52.0752 AM
[ReportManager] API Action [GetResponseJSONValue] successfully performed. With the following test data [title]. @26-09-2021 01:55:52.0765 AM
[ReportManager] API Action [GetResponseJSONValue] successfully performed. With the following test data [title]. @26-09-2021 01:55:52.0776 AM
[ReportManager] API Action [GetResponseJSONValue] successfully performed. With the following test data [title]. @26-09-2021 01:55:52.0787 AM
[ReportManager] API Action [GetResponseJSONValue] successfully performed. With the following test data [title]. @26-09-2021 01:55:52.0800 AM
[ReportManager] API Action [GetResponseJSONValue] successfully performed. With the following test data [title]. @26-09-2021 01:55:52.0814 AM
[ReportManager] API Action [GetResponseJSONValue] successfully performed. With the following test data [title]. @26-09-2021 01:55:52.0825 AM
[ReportManager] API Action [GetResponseJSONValue] successfully performed. With the following test data [title]. @26-09-2021 01:55:52.0836 AM
[ReportManager] API Action [GetResponseJSONValue] successfully performed. With the following test data [title]. @26-09-2021 01:55:52.0847 AM
[ReportManager] API Action [GetResponseJSONValue] successfully performed. With the following test data [title]. @26-09-2021 01:55:52.0858 AM
[ReportManager] API Action [GetResponseJSONValue] successfully performed. With the following test data [title]. @26-09-2021 01:55:52.0870 AM
[ReportManager] API Action [GetResponseJSONValue] successfully performed. With the following test data [title]. @26-09-2021 01:55:52.0881 AM
[ReportManager] API Action [GetResponseJSONValue] successfully performed. With the following test data [title]. @26-09-2021 01:55:52.0892 AM
[ReportManager] API Action [GetResponseJSONValue] successfully performed. With the following test data [title]. @26-09-2021 01:55:52.0907 AM
[ReportManager] API Action [GetResponseJSONValue] successfully performed. With the following test data [title]. @26-09-2021 01:55:52.0919 AM
[ReportManager] API Action [GetResponseJSONValue] successfully performed. With the following test data [title]. @26-09-2021 01:55:52.0931 AM
[ReportManager] API Action [GetResponseJSONValue] successfully performed. With the following test data [title]. @26-09-2021 01:55:52.0942 AM
[ReportManager] API Action [GetResponseJSONValue] successfully performed. With the following test data [title]. @26-09-2021 01:55:52.0953 AM
[ReportManager] API Action [GetResponseJSONValue] successfully performed. With the following test data [title]. @26-09-2021 01:55:52.0966 AM
[ReportManager] API Action [GetResponseJSONValue] successfully performed. With the following test data [title]. @26-09-2021 01:55:52.0978 AM
[ReportManager] API Action [GetResponseJSONValue] successfully performed. With the following test data [title]. @26-09-2021 01:55:52.0994 AM
[ReportManager] API Action [GetResponseJSONValue] successfully performed. With the following test data [title]. @26-09-2021 01:55:53.0007 AM
[ReportManager] API Action [GetResponseJSONValue] successfully performed. With the following test data [title]. @26-09-2021 01:55:53.0019 AM
[ReportManager] API Action [GetResponseJSONValue] successfully performed. With the following test data [title]. @26-09-2021 01:55:53.0030 AM
[ReportManager] API Action [GetResponseJSONValue] successfully performed. With the following test data [title]. @26-09-2021 01:55:53.0042 AM
[ReportManager] API Action [GetResponseJSONValue] successfully performed. With the following test data [title]. @26-09-2021 01:55:53.0054 AM
[ReportManager] API Action [GetResponseJSONValue] successfully performed. With the following test data [title]. @26-09-2021 01:55:53.0067 A

################################################################################################################################################
Starting Execution:	[68 out of 144] test cases in the current suite
Test Method:		[unitTests.tests_restActions.validateUserEmail]
################################################################################################################################################
[ReportManager] Response status code: [200], status line: [HTTP/1.1 200 OK] @26-09-2021 01:55:53.0255 AM
[ReportManager] Assertion Passed: Evaluating the actual response status code against the expected one... @26-09-2021 01:55:53.0255 AM
[ReportManager] Assertion [ValidateEquals] PASSED. Expected [200] and Actual [200]. Comparison Type [EQUALS]. Validation Type [POSITIVE]. @26-09-2021 01:55:53.0255 AM
[ReportManager] API Action [PerformRequest] successfully performed. With the following test data [Request Type: "GET" | Target Status Code: "200" | Service URL: "https://jsonplaceholder.typicode.com/users" | Content Type: "*/*" | Response Time: "56ms"]. @26-09-2021 01:55:53.0280 AM
[ReportManager] Successfully created attachment [API Request - Specifications] @26-09-2021 01:55:53.0322 AM
[ReportManager] Successfully created attachment [API Response - JSON Body] @26-09-2021 01:55:53.0405 AM
[ReportManager] Assertion [ValidateEquals] PASSED. Expected and Actual values are attached. Comparison Type [CONTAINS]. Validation Type [POSITIVE]. @26-09-2021 01:55:53.0406 AM
[ReportManager] Successfully created attachment [Validation Test Data - Expected Value] @26-09-2021 01:55:53.0447 AM
[ReportManager] Successfully created attachment [Validation Test Data - Actual Value] @26-09-2021 01:55:53.0528 AM
[ReportManager] API Action [GetResponseJSONValueAsList] successfully performed. With the following test data [$]. @26-09-2021 01:55:53.0536 AM
[ReportManager] API Action [GetResponseJSONValue] successfully performed. With the following test data [name]. @26-09-2021 01:55:53.0550 AM
[ReportManager] API Action [GetResponseJSONValue] successfully performed. With the following test data [email]. @26-09-2021 01:55:53.0564 AM
[ReportManager] Assertion [ValidateEquals] PASSED. Expected [Sincere@april.biz] and Actual [Sincere@april.biz]. Comparison Type [EQUALS]. Validation Type [POSITIVE]. @26-09-2021 01:55:53.0564 AM
[ReportManager] API Action [GetResponseJSONValue] successfully performed. With the following test data [name]. @26-09-2021 01:55:53.0577 AM
[ReportManager] API Action [GetResponseJSONValue] successfully performed. With the following test data [name]. @26-09-2021 01:55:53.0593 AM
[ReportManager] API Action [GetResponseJSONValue] successfully performed. With the following test data [name]. @26-09-2021 01:55:53.0608 AM
[ReportManager] API Action [GetResponseJSONValue] successfully performed. With the following test data [name]. @26-09-2021 01:55:53.0620 AM
[ReportManager] API Action [GetResponseJSONValue] successfully performed. With the following test data [name]. @26-09-2021 01:55:53.0632 AM
[ReportManager] API Action [GetResponseJSONValue] successfully performed. With the following test data [name]. @26-09-2021 01:55:53.0643 AM
[ReportManager] API Action [GetResponseJSONValue] successfully performed. With the following test data [name]. @26-09-2021 01:55:53.0654 AM
[ReportManager] API Action [GetResponseJSONValue] successfully performed. With the following test data [name]. @26-09-2021 01:55:53.0666 AM
[ReportManager] API Action [GetResponseJSONValue] successfully performed. With the following test data [name]. @26-09-2021 01:55:53.0678 A
[ReportManager] File Action [GetAbsolutePath] successfully performed. With the following test data [Relative Folder Path: "target/downloadedFiles/"]. @26-09-2021 01:55:53.0804 AM
[ReportManager] Attempting to run locally on: [Mac-64], [Safari], Headless Execution. @26-09-2021 01:55:53.0804 AM
[ReportManager] Successfully Opened Safari. @26-09-2021 01:55:54.0620 AM
[ReportManager] Initial window size: (800, 600) @26-09-2021 01:55:54.0650 AM
[ReportManager] Window size after SWD Maximize: (1176, 811) @26-09-2021 01:55:54.0674 AM
[ReportManager] Browser Action [MaximizeWindow] successfully performed. With the following test data [New screen size is now: (1176, 811)]. @26-09-2021 01:55:54.0675 A

################################################################################################################################################
Starting Execution:	[69 out of 144] test cases in the current suite
Test Method:		[testPackage01.Test_uploadFile.uploadFile_invisibleUploadInput]
################################################################################################################################################
[ReportManager] Target URL: [https://fineuploader.com/demos.html#gallery-view] @26-09-2021 01:55:54.0800 AM
[ReportManager] Initial URL: [] @26-09-2021 01:55:54.0831 AM
[ReportManager] Browser Action [NavigateToURL] successfully performed. With the following test data [https://fineuploader.com/demos.html#gallery-view]. @26-09-2021 01:55:56.0303 AM
[ReportManager] File Action [GetAbsolutePath] successfully performed. With the following test data [Relative File Path: "src/main/resources/images/shaft.png"]. @26-09-2021 01:55:56.0303 AM
[ReportManager] Successfully created attachment [File Action Actual Result - Command Log] @26-09-2021 01:55:56.0344 A
[ReportManager] Browser Action [CloseCurrentWindow] successfully performed. @26-09-2021 01:55:56.0874 AM
[ReportManager] Successfully created attachment [Browser Action Test Data - CloseCurrentWindow - Actual Value] @26-09-2021 01:55:56.0916 A
[ReportManager] File Action [GetAbsolutePath] successfully performed. With the following test data [Relative Folder Path: "target/downloadedFiles/"]. @26-09-2021 01:55:57.0043 AM
[ReportManager] Attempting to run locally on: [Mac-64], [Safari], Headless Execution. @26-09-2021 01:55:57.0043 AM
[ReportManager] Successfully Opened Safari. @26-09-2021 01:55:57.0910 AM
[ReportManager] Initial window size: (800, 600) @26-09-2021 01:55:58.0047 AM
[ReportManager] Window size after SWD Maximize: (1176, 811) @26-09-2021 01:55:58.0067 AM
[ReportManager] Browser Action [MaximizeWindow] successfully performed. With the following test data [New screen size is now: (1176, 811)]. @26-09-2021 01:55:58.0068 A

################################################################################################################################################
Starting Execution:	[70 out of 144] test cases in the current suite
Test Method:		[testPackage01.Test_uploadFile.uploadFile_visibleUploadInput]
################################################################################################################################################
[ReportManager] Target URL: [http://demo.guru99.com/test/upload/] @26-09-2021 01:55:58.0218 AM
[ReportManager] Initial URL: [] @26-09-2021 01:55:58.0281 AM
[ReportManager] Browser Action [NavigateToURL] successfully performed. With the following test data [http://demo.guru99.com/test/upload/]. @26-09-2021 01:55:59.0480 AM
[ReportManager] File Action [GetAbsolutePath] successfully performed. With the following test data [Relative File Path: "src/main/resources/images/shaft.png"]. @26-09-2021 01:55:59.0480 AM
[ReportManager] Successfully created attachment [File Action Actual Result - Command Log] @26-09-2021 01:55:59.0522 AM
[ReportManager] Element Action [TypeFileLocationForUpload] successfully performed. With the following test data [/Users/runner/work/SHAFT_ENGINE/SHAFT_ENGINE/src/main/resources/images/shaft.png]. @26-09-2021 01:55:59.0579 AM
[ReportManager] Element Action [Click] successfully performed. With the following test data [on]. @26-09-2021 01:55:59.0872 AM
[ReportManager] Element Action [Click] successfully performed. With the following test data [ Submit File]. @26-09-2021 01:56:00.0183 AM
[ReportManager] Element Action [GetText] successfully performed. With the following test data [1 file has been successfully uploaded.]. @26-09-2021 01:56:00.0764 AM
[ReportManager] Loaded Shared OpenCV @26-09-2021 01:56:00.0832 AM
[ReportManager] Assertion [ValidateElementAttribute] PASSED. Expected [Value Should be '1 file' for the 'Text' attribute, element locator 'By.id: res'] and Actual [1 file has been successfully uploaded.]. Comparison Type [CONTAINS]. Validation Type [POSITIVE]. @26-09-2021 01:56:01.0104 AM
[ReportManager] Successfully created attachment [Screenshot - 1632621360832_uploadFile_visibleUploadInput_ValidateElementAttribute_passed] @26-09-2021 01:56:01.0186 A
[ReportManager] Browser Action [CloseCurrentWindow] successfully performed. @26-09-2021 01:56:01.0452 AM
[ReportManager] Successfully created attachment [Browser Action Test Data - CloseCurrentWindow - Actual Value] @26-09-2021 01:56:01.0494 A

################################################################################################################################################
Starting Execution:	[71 out of 144] test cases in the current suite
Test Method:		[testPackage01.Test_AssertApiResponseEquals.assertApiResponseEquals_expectedToPass]
################################################################################################################################################
[ReportManager] Response status code: [200], status line: [HTTP/1.1 200 OK] @26-09-2021 01:56:01.0689 AM
[ReportManager] Assertion Passed: Evaluating the actual response status code against the expected one... @26-09-2021 01:56:01.0689 AM
[ReportManager] Assertion [ValidateEquals] PASSED. Expected [200] and Actual [200]. Comparison Type [EQUALS]. Validation Type [POSITIVE]. @26-09-2021 01:56:01.0689 AM
[ReportManager] API Action [PerformRequest] successfully performed. With the following test data [Request Type: "GET" | Target Status Code: "200" | Service URL: "https://jsonplaceholder.typicode.com/users" | Content Type: "*/*" | Response Time: "63ms"]. @26-09-2021 01:56:01.0719 AM
[ReportManager] Successfully created attachment [API Request - Specifications] @26-09-2021 01:56:01.0761 AM
[ReportManager] Successfully created attachment [API Response - JSON Body] @26-09-2021 01:56:01.0844 AM
[ReportManager] API Action [GetResponseJSONValueAsList] successfully performed. With the following test data [$]. @26-09-2021 01:56:01.0851 AM
[ReportManager] API Action [GetResponseJSONValue] successfully performed. With the following test data [name]. @26-09-2021 01:56:01.0866 AM
[ReportManager] API Action [GetResponseJSONValue] successfully performed. With the following test data [email]. @26-09-2021 01:56:01.0880 AM
[ReportManager] Verification [ValidateEquals] PASSED. Expected [Sincere@april.biz] and Actual [Sincere@april.biz]. Comparison Type [EQUALS]. Validation Type [POSITIVE]. @26-09-2021 01:56:01.0880 AM
[ReportManager] API Action [GetResponseJSONValue] successfully performed. With the following test data [username]. @26-09-2021 01:56:01.0894 AM
[ReportManager] Assertion [ValidateEquals] PASSED. Expected [Bret] and Actual [Bret]. Comparison Type [EQUALS]. Validation Type [POSITIVE]. @26-09-2021 01:56:01.0895 AM
[ReportManager] API Action [GetResponseJSONValue] successfully performed. With the following test data [name]. @26-09-2021 01:56:01.0909 AM
[ReportManager] API Action [GetResponseJSONValue] successfully performed. With the following test data [name]. @26-09-2021 01:56:01.0922 AM
[ReportManager] API Action [GetResponseJSONValue] successfully performed. With the following test data [name]. @26-09-2021 01:56:01.0939 AM
[ReportManager] API Action [GetResponseJSONValue] successfully performed. With the following test data [name]. @26-09-2021 01:56:01.0955 AM
[ReportManager] API Action [GetResponseJSONValue] successfully performed. With the following test data [name]. @26-09-2021 01:56:01.0972 AM
[ReportManager] API Action [GetResponseJSONValue] successfully performed. With the following test data [name]. @26-09-2021 01:56:01.0989 AM
[ReportManager] API Action [GetResponseJSONValue] successfully performed. With the following test data [name]. @26-09-2021 01:56:02.0006 AM
[ReportManager] API Action [GetResponseJSONValue] successfully performed. With the following test data [name]. @26-09-2021 01:56:02.0024 AM
[ReportManager] API Action [GetResponseJSONValue] successfully performed. With the following test data [name]. @26-09-2021 01:56:02.0051 A

################################################################################################################################################
Starting Execution:	[72 out of 144] test cases in the current suite
Test Method:		[testPackage01.Test_testData.f]
################################################################################################################################################
[ReportManager] Successfully loaded the following test data file [src/test/resources/TestDataFiles/testSuite01/TestData.xlsx]. @26-09-2021 01:56:02.0213 AM
[ReportManager] Successfully created attachment [Test Data - Excel] @26-09-2021 01:56:02.0295 AM
[ReportManager] Last Column Number is: [3]. Zero-based. @26-09-2021 01:56:02.0296 A

################################################################################################################################################
Starting Execution:	[73 out of 144] test cases in the current suite
Test Method:		[testPackage01.Test_PDF.testPDF_Downloaded]
################################################################################################################################################
[ReportManager] File Action [DoesFileExist] successfully performed. With the following test data [File Path: "src/test/resources/TestDataFiles/sample.pdf"]. @26-09-2021 01:56:02.0428 AM
[ReportManager] File Action [GetAbsolutePath] successfully performed. With the following test data [Relative File Path: "src/test/resources/TestDataFiles/sample.pdf"]. @26-09-2021 01:56:02.0429 AM
[ReportManager] Assertion [ValidateTrue] PASSED. Expected [TRUE] and Actual [TRUE]. Validation Type [POSITIVE]. @26-09-2021 01:56:43.0561 A
[ReportManager] File Action [GetAbsolutePath] successfully performed. With the following test data [Relative Folder Path: "target/downloadedFiles/"]. @26-09-2021 01:56:43.0585 AM
[ReportManager] Attempting to run locally on: [Mac-64], [Safari], Headless Execution. @26-09-2021 01:56:43.0585 AM
[ReportManager] Successfully Opened Safari. @26-09-2021 01:56:44.0368 AM
[ReportManager] Initial window size: (800, 600) @26-09-2021 01:56:44.0390 AM
[ReportManager] Window size after SWD Maximize: (1176, 811) @26-09-2021 01:56:44.0403 AM
[ReportManager] Browser Action [MaximizeWindow] successfully performed. With the following test data [New screen size is now: (1176, 811)]. @26-09-2021 01:56:44.0404 A

################################################################################################################################################
Starting Execution:	[74 out of 144] test cases in the current suite
Test Method:		[testPackage01.Test_ShadowDOM.shadowdom]
################################################################################################################################################
[ReportManager] Target URL: [https://mdn.github.io/web-components-examples/popup-info-box-web-component/] @26-09-2021 01:56:44.0678 AM
[ReportManager] Initial URL: [] @26-09-2021 01:56:44.0717 AM
[ReportManager] Browser Action [NavigateToURL] successfully performed. With the following test data [https://mdn.github.io/web-components-examples/popup-info-box-web-component/]. @26-09-2021 01:56:45.0167 AM
[ReportManager] Element Action [Type] successfully performed. With the following test data [Typing into SHADOW DOM...]. @26-09-2021 01:56:46.0102 AM
[ReportManager] Element Action [GetText] successfully performed. With the following test data [Typing into SHADOW DOM...]. @26-09-2021 01:56:46.0161 AM
[ReportManager] Loaded Shared OpenCV @26-09-2021 01:56:46.0215 AM
[ReportManager] Assertion [ValidateElementAttribute] PASSED. Expected [Value Should be 'Typing into SHADOW DOM...' for the 'Text' attribute, element locator 'By.id: cvc'] and Actual [Typing into SHADOW DOM...]. Comparison Type [EQUALS]. Validation Type [POSITIVE]. @26-09-2021 01:56:46.0490 AM
[ReportManager] Successfully created attachment [Screenshot - 1632621406215_shadowdom_ValidateElementAttribute_passed] @26-09-2021 01:56:46.0574 A
[ReportManager] Browser Action [CloseCurrentWindow] successfully performed. @26-09-2021 01:56:46.0833 AM
[ReportManager] Successfully created attachment [Browser Action Test Data - CloseCurrentWindow - Actual Value] @26-09-2021 01:56:46.0875 A
[ReportManager] File Action [GetAbsolutePath] successfully performed. With the following test data [Relative Folder Path: "target/downloadedFiles/"]. @26-09-2021 01:56:47.0003 AM
[ReportManager] Attempting to run locally on: [Mac-64], [Safari], Headless Execution. @26-09-2021 01:56:47.0003 AM
[ReportManager] Successfully Opened Safari. @26-09-2021 01:56:47.0862 AM
[ReportManager] Initial window size: (800, 600) @26-09-2021 01:56:47.0885 AM
[ReportManager] Window size after SWD Maximize: (1176, 811) @26-09-2021 01:56:47.0900 AM
[ReportManager] Browser Action [MaximizeWindow] successfully performed. With the following test data [New screen size is now: (1176, 811)]. @26-09-2021 01:56:47.0901 A

################################################################################################################################################
Starting Execution:	[75 out of 144] test cases in the current suite
Test Method:		[testPackage01.Test_clipboardActions.typeTextAndCopyPaste]
################################################################################################################################################
[ReportManager] Target URL: [https://www.google.com/ncr], and after redirection: [https://www.google.com] @26-09-2021 01:56:47.0944 AM
[ReportManager] Initial URL: [] @26-09-2021 01:56:47.0999 AM
[ReportManager] Browser Action [NavigateToURL] successfully performed. With the following test data [https://www.google.com/ncr]. @26-09-2021 01:56:49.0024 AM
[ReportManager] Element Action [Type] successfully performed. With the following test data [FIRST]. @26-09-2021 01:56:49.0346 A
[ReportManager] Browser Action [CloseCurrentWindow] successfully performed. @26-09-2021 01:56:49.0666 AM
[ReportManager] Successfully created attachment [Browser Action Test Data - CloseCurrentWindow - Actual Value] @26-09-2021 01:56:49.0708 A

################################################################################################################################################
Starting Execution:	[76 out of 144] test cases in the current suite
Test Method:		[testPackage01.Test_NewValidationHelper.f1]
################################################################################################################################################
[ReportManager] Assertion Passed: Checking valid user data @26-09-2021 01:56:49.0795 AM
[ReportManager] Successfully created attachment [Validation Test Data - Expected Value] @26-09-2021 01:56:49.0876 AM
[ReportManager] Successfully created attachment [Validation Test Data - Actual Value] @26-09-2021 01:56:49.0917 AM
[ReportManager] Assertion [ValidateEquals] PASSED. Expected and Actual values are attached. Comparison Type [EQUALS]. Validation Type [POSITIVE]. @26-09-2021 01:56:49.0917 A
[ReportManager] File Action [GetAbsolutePath] successfully performed. With the following test data [Relative Folder Path: "target/downloadedFiles/"]. @26-09-2021 01:56:50.0042 AM
[ReportManager] Attempting to run locally on: [Mac-64], [Safari], Headless Execution. @26-09-2021 01:56:50.0042 AM
[ReportManager] Successfully Opened Safari. @26-09-2021 01:56:50.0836 AM
[ReportManager] Initial window size: (800, 600) @26-09-2021 01:56:50.0865 AM
[ReportManager] Window size after SWD Maximize: (1176, 811) @26-09-2021 01:56:50.0890 AM
[ReportManager] Browser Action [MaximizeWindow] successfully performed. With the following test data [New screen size is now: (1176, 811)]. @26-09-2021 01:56:50.0891 AM
[ReportManager] Target URL: [https://the-internet.herokuapp.com/] @26-09-2021 01:56:50.0891 AM
[ReportManager] Initial URL: [] @26-09-2021 01:56:50.0959 AM
[ReportManager] Browser Action [NavigateToURL] successfully performed. With the following test data [https://the-internet.herokuapp.com/]. @26-09-2021 01:56:52.0248 A

################################################################################################################################################
Starting Execution:	[77 out of 144] test cases in the current suite
Test Method:		[testPackage01.Test_NewValidationHelper.f10]
################################################################################################################################################
[ReportManager] Assertion [ValidateElementExists] FAILED. Expected [Element Should Exist, locator 'By.tagName: div'] and Actual [Element Exists but is not unique]. Comparison Type [EQUALS]. Validation Type [POSITIVE]. @26-09-2021 01:56:52.0632 AM
[ReportManager] Successfully created attachment [Screenshot - 1632621412468_f10_ValidateElementExists_failed] @26-09-2021 01:56:52.0715 A
[ReportManager] Successfully Closed All Drivers. @26-09-2021 01:56:52.0945 A
[ReportManager] File Action [GetAbsolutePath] successfully performed. With the following test data [Relative Folder Path: "target/downloadedFiles/"]. @26-09-2021 01:56:53.0071 AM
[ReportManager] Attempting to run locally on: [Mac-64], [Safari], Headless Execution. @26-09-2021 01:56:53.0071 AM
[ReportManager] Successfully Opened Safari. @26-09-2021 01:56:53.0883 AM
[ReportManager] Initial window size: (800, 600) @26-09-2021 01:56:53.0910 AM
[ReportManager] Window size after SWD Maximize: (1176, 811) @26-09-2021 01:56:53.0934 AM
[ReportManager] Browser Action [MaximizeWindow] successfully performed. With the following test data [New screen size is now: (1176, 811)]. @26-09-2021 01:56:53.0934 AM
[ReportManager] Target URL: [https://the-internet.herokuapp.com/] @26-09-2021 01:56:53.0934 AM
[ReportManager] Initial URL: [] @26-09-2021 01:56:53.0986 AM
[ReportManager] Browser Action [NavigateToURL] successfully performed. With the following test data [https://the-internet.herokuapp.com/]. @26-09-2021 01:56:55.0235 A

################################################################################################################################################
Starting Execution:	[78 out of 144] test cases in the current suite
Test Method:		[testPackage01.Test_NewValidationHelper.f11]
################################################################################################################################################
[ReportManager] Assertion Passed: Checking that false tag doesn't exist @26-09-2021 01:57:06.0226 AM
[ReportManager] Successfully created attachment [Screenshot - 1632621426011_f11_ValidateElementExists_passed] @26-09-2021 01:57:06.0347 AM
[ReportManager] Assertion [ValidateElementExists] PASSED. Expected [Element Should not Exist, locator 'By.tagName: h3'] and Actual [Element Doesn't Exists]. Comparison Type [EQUALS]. Validation Type [NEGATIVE]. @26-09-2021 01:57:06.0347 A
[ReportManager] Successfully Closed All Drivers. @26-09-2021 01:57:06.0821 A
[ReportManager] File Action [GetAbsolutePath] successfully performed. With the following test data [Relative Folder Path: "target/downloadedFiles/"]. @26-09-2021 01:57:07.0049 AM
[ReportManager] Attempting to run locally on: [Mac-64], [Safari], Headless Execution. @26-09-2021 01:57:07.0049 AM
[ReportManager] Successfully Opened Safari. @26-09-2021 01:57:07.0835 AM
[ReportManager] Initial window size: (800, 600) @26-09-2021 01:57:07.0865 AM
[ReportManager] Window size after SWD Maximize: (1176, 811) @26-09-2021 01:57:07.0938 AM
[ReportManager] Browser Action [MaximizeWindow] successfully performed. With the following test data [New screen size is now: (1176, 811)]. @26-09-2021 01:57:07.0938 AM
[ReportManager] Target URL: [https://the-internet.herokuapp.com/] @26-09-2021 01:57:07.0938 AM
[ReportManager] Initial URL: [] @26-09-2021 01:57:07.0978 AM
[ReportManager] Browser Action [NavigateToURL] successfully performed. With the following test data [https://the-internet.herokuapp.com/]. @26-09-2021 01:57:09.0220 A

################################################################################################################################################
Starting Execution:	[79 out of 144] test cases in the current suite
Test Method:		[testPackage01.Test_NewValidationHelper.f12]
################################################################################################################################################
[ReportManager] Loaded Shared OpenCV @26-09-2021 01:57:09.0517 AM
[ReportManager] Assertion [ValidateElementExists] FAILED. Expected [Element Should not Exist, locator 'By.tagName: h1'] and Actual [Element Exists]. Comparison Type [EQUALS]. Validation Type [NEGATIVE]. @26-09-2021 01:57:09.0815 AM
[ReportManager] Successfully created attachment [Screenshot - 1632621429517_f12_ValidateElementExists_failed] @26-09-2021 01:57:09.0939 A
[ReportManager] Successfully Closed All Drivers. @26-09-2021 01:57:10.0293 A
[ReportManager] File Action [GetAbsolutePath] successfully performed. With the following test data [Relative Folder Path: "target/downloadedFiles/"]. @26-09-2021 01:57:10.0437 AM
[ReportManager] Attempting to run locally on: [Mac-64], [Safari], Headless Execution. @26-09-2021 01:57:10.0438 AM
[ReportManager] Successfully Opened Safari. @26-09-2021 01:57:11.0271 AM
[ReportManager] Initial window size: (800, 600) @26-09-2021 01:57:11.0281 AM
[ReportManager] Window size after SWD Maximize: (1176, 811) @26-09-2021 01:57:11.0304 AM
[ReportManager] Browser Action [MaximizeWindow] successfully performed. With the following test data [New screen size is now: (1176, 811)]. @26-09-2021 01:57:11.0304 AM
[ReportManager] Target URL: [https://the-internet.herokuapp.com/] @26-09-2021 01:57:11.0304 AM
[ReportManager] Initial URL: [] @26-09-2021 01:57:11.0362 AM
[ReportManager] Browser Action [NavigateToURL] successfully performed. With the following test data [https://the-internet.herokuapp.com/]. @26-09-2021 01:57:12.0987 A

################################################################################################################################################
Starting Execution:	[80 out of 144] test cases in the current suite
Test Method:		[testPackage01.Test_NewValidationHelper.f13]
################################################################################################################################################
[ReportManager] Assertion [ValidateElementExists] FAILED. Expected [Element Should not Exist, locator 'By.tagName: div'] and Actual [Element Exists but is not unique]. Comparison Type [EQUALS]. Validation Type [NEGATIVE]. @26-09-2021 01:57:13.0609 AM
[ReportManager] Successfully created attachment [Screenshot - 1632621433297_f13_ValidateElementExists_failed] @26-09-2021 01:57:13.0727 A
[ReportManager] Successfully Closed All Drivers. @26-09-2021 01:57:14.0435 A
[ReportManager] File Action [GetAbsolutePath] successfully performed. With the following test data [Relative Folder Path: "target/downloadedFiles/"]. @26-09-2021 01:57:14.0600 AM
[ReportManager] Attempting to run locally on: [Mac-64], [Safari], Headless Execution. @26-09-2021 01:57:14.0601 AM
[ReportManager] Successfully Opened Safari. @26-09-2021 01:57:15.0737 AM
[ReportManager] Initial window size: (800, 600) @26-09-2021 01:57:15.0788 AM
[ReportManager] Window size after SWD Maximize: (1176, 811) @26-09-2021 01:57:15.0843 AM
[ReportManager] Browser Action [MaximizeWindow] successfully performed. With the following test data [New screen size is now: (1176, 811)]. @26-09-2021 01:57:15.0844 AM
[ReportManager] Target URL: [https://the-internet.herokuapp.com/] @26-09-2021 01:57:15.0844 AM
[ReportManager] Initial URL: [] @26-09-2021 01:57:15.0943 AM
[ReportManager] Browser Action [NavigateToURL] successfully performed. With the following test data [https://the-internet.herokuapp.com/]. @26-09-2021 01:57:17.0259 A

################################################################################################################################################
Starting Execution:	[81 out of 144] test cases in the current suite
Test Method:		[testPackage01.Test_NewValidationHelper.f14]
################################################################################################################################################
[ReportManager] Element Action [GetText] successfully performed. With the following test data [Welcome to the-internet]. @26-09-2021 01:57:17.0618 AM
[ReportManager] Loaded Shared OpenCV @26-09-2021 01:57:17.0692 AM
[ReportManager] Assertion Passed: Asserting that the header text is correct @26-09-2021 01:57:18.0106 AM
[ReportManager] Successfully created attachment [Screenshot - 1632621437692_f14_ValidateElementAttribute_passed] @26-09-2021 01:57:18.0228 AM
[ReportManager] Assertion [ValidateElementAttribute] PASSED. Expected [Value Should be 'Welcome to the-internet' for the 'text' attribute, element locator 'By.tagName: h1'] and Actual [Welcome to the-internet]. Comparison Type [EQUALS]. Validation Type [POSITIVE]. @26-09-2021 01:57:18.0228 A
[ReportManager] Successfully Closed All Drivers. @26-09-2021 01:57:18.0718 A
[ReportManager] File Action [GetAbsolutePath] successfully performed. With the following test data [Relative Folder Path: "target/downloadedFiles/"]. @26-09-2021 01:57:18.0961 AM
[ReportManager] Attempting to run locally on: [Mac-64], [Safari], Headless Execution. @26-09-2021 01:57:18.0961 AM
[ReportManager] Successfully Opened Safari. @26-09-2021 01:57:19.0749 AM
[ReportManager] Initial window size: (800, 600) @26-09-2021 01:57:19.0763 AM
[ReportManager] Window size after SWD Maximize: (1176, 811) @26-09-2021 01:57:19.0783 AM
[ReportManager] Browser Action [MaximizeWindow] successfully performed. With the following test data [New screen size is now: (1176, 811)]. @26-09-2021 01:57:19.0784 AM
[ReportManager] Target URL: [https://the-internet.herokuapp.com/] @26-09-2021 01:57:19.0784 AM
[ReportManager] Initial URL: [] @26-09-2021 01:57:19.0850 AM
[ReportManager] Browser Action [NavigateToURL] successfully performed. With the following test data [https://the-internet.herokuapp.com/]. @26-09-2021 01:57:21.0033 A

################################################################################################################################################
Starting Execution:	[82 out of 144] test cases in the current suite
Test Method:		[testPackage01.Test_NewValidationHelper.f15]
################################################################################################################################################
[ReportManager] Element Action [GetText] successfully performed. With the following test data [Welcome to the-internet]. @26-09-2021 01:57:21.0238 AM
[ReportManager] Loaded Shared OpenCV @26-09-2021 01:57:21.0310 AM
[ReportManager] Assertion [ValidateElementAttribute] FAILED. Expected [Value Should not be 'Welcome' for the 'text' attribute, element locator 'By.tagName: h1'] and Actual [Welcome to the-internet]. Comparison Type [CONTAINS]. Validation Type [NEGATIVE]. @26-09-2021 01:57:21.0689 AM
[ReportManager] Successfully created attachment [Screenshot - 1632621441310_f15_ValidateElementAttribute_failed] @26-09-2021 01:57:21.0813 A
[ReportManager] Successfully Closed All Drivers. @26-09-2021 01:57:22.0277 A
[ReportManager] File Action [GetAbsolutePath] successfully performed. With the following test data [Relative Folder Path: "target/downloadedFiles/"]. @26-09-2021 01:57:22.0503 AM
[ReportManager] Attempting to run locally on: [Mac-64], [Safari], Headless Execution. @26-09-2021 01:57:22.0504 AM
[ReportManager] Successfully Opened Safari. @26-09-2021 01:57:23.0280 AM
[ReportManager] Initial window size: (800, 600) @26-09-2021 01:57:23.0304 AM
[ReportManager] Window size after SWD Maximize: (1176, 811) @26-09-2021 01:57:23.0317 AM
[ReportManager] Browser Action [MaximizeWindow] successfully performed. With the following test data [New screen size is now: (1176, 811)]. @26-09-2021 01:57:23.0317 AM
[ReportManager] Target URL: [https://the-internet.herokuapp.com/] @26-09-2021 01:57:23.0317 AM
[ReportManager] Initial URL: [] @26-09-2021 01:57:23.0373 AM
[ReportManager] Browser Action [NavigateToURL] successfully performed. With the following test data [https://the-internet.herokuapp.com/]. @26-09-2021 01:57:24.0578 A

################################################################################################################################################
Starting Execution:	[83 out of 144] test cases in the current suite
Test Method:		[testPackage01.Test_NewValidationHelper.f16]
################################################################################################################################################
[ReportManager] Element Action [IdentifyUniqueElement] failed. With the following test data [zero elements found matching this locator "By.tagName: h3".]. @26-09-2021 01:57:50.0217 AM
[ReportManager] Successfully created attachment [Screenshot - 1632621470087_f16_IdentifyUniqueElement_failed] @26-09-2021 01:57:50.0218 AM
[ReportManager] Assertion [ValidateElementAttribute] FAILED. Expected [Value Should not be 'Welcome' for the 'text' attribute, element locator 'By.tagName: h3'] and Actual [Failed to read the desired element attribute]. Comparison Type [CONTAINS]. Validation Type [NEGATIVE]. @26-09-2021 01:57:50.0219 A
[ReportManager] Successfully Closed All Drivers. @26-09-2021 01:57:50.0327 A
[ReportManager] File Action [GetAbsolutePath] successfully performed. With the following test data [Relative Folder Path: "target/downloadedFiles/"]. @26-09-2021 01:57:50.0330 AM
[ReportManager] Attempting to run locally on: [Mac-64], [Safari], Headless Execution. @26-09-2021 01:57:50.0330 A

################################################################################################################################################
Starting Execution:	[84 out of 144] test cases in the current suite
Test Method:		[testPackage01.Test_NewValidationHelper.f17]
###############################################################################################################################################



################################################################################################################################################
Starting Execution:	[85 out of 144] test cases in the current suite
Test Method:		[testPackage01.Test_NewValidationHelper.f18]
###############################################################################################################################################



################################################################################################################################################
Starting Execution:	[86 out of 144] test cases in the current suite
Test Method:		[testPackage01.Test_NewValidationHelper.f19]
###############################################################################################################################################


################################################################################################################################################
Starting Execution:	[87 out of 144] test cases in the current suite
Test Method:		[testPackage01.Test_NewValidationHelper.f2]
###############################################################################################################################################


################################################################################################################################################
Starting Execution:	[88 out of 144] test cases in the current suite
Test Method:		[testPackage01.Test_NewValidationHelper.f20]
###############################################################################################################################################



################################################################################################################################################
Starting Execution:	[89 out of 144] test cases in the current suite
Test Method:		[testPackage01.Test_NewValidationHelper.f21]
###############################################################################################################################################



################################################################################################################################################
Starting Execution:	[90 out of 144] test cases in the current suite
Test Method:		[testPackage01.Test_NewValidationHelper.f22]
###############################################################################################################################################


################################################################################################################################################
Starting Execution:	[91 out of 144] test cases in the current suite
Test Method:		[testPackage01.Test_NewValidationHelper.f23]
###############################################################################################################################################

################################################################################################################################################
Starting Execution:	[92 out of 144] test cases in the current suite
Test Method:		[testPackage01.Test_NewValidationHelper.f24]
###############################################################################################################################################

################################################################################################################################################
Starting Execution:	[93 out of 144] test cases in the current suite
Test Method:		[testPackage01.Test_NewValidationHelper.f25]
###############################################################################################################################################

################################################################################################################################################
Starting Execution:	[94 out of 144] test cases in the current suite
Test Method:		[testPackage01.Test_NewValidationHelper.f26]
###############################################################################################################################################

################################################################################################################################################
Starting Execution:	[95 out of 144] test cases in the current suite
Test Method:		[testPackage01.Test_NewValidationHelper.f27]
###############################################################################################################################################

################################################################################################################################################
Starting Execution:	[96 out of 144] test cases in the current suite
Test Method:		[testPackage01.Test_NewValidationHelper.f28]
###############################################################################################################################################

################################################################################################################################################
Starting Execution:	[97 out of 144] test cases in the current suite
Test Method:		[testPackage01.Test_NewValidationHelper.f29]
###############################################################################################################################################

################################################################################################################################################
Starting Execution:	[98 out of 144] test cases in the current suite
Test Method:		[testPackage01.Test_NewValidationHelper.f3]
###############################################################################################################################################

################################################################################################################################################
Starting Execution:	[99 out of 144] test cases in the current suite
Test Method:		[testPackage01.Test_NewValidationHelper.f30]
###############################################################################################################################################

################################################################################################################################################
Starting Execution:	[100 out of 144] test cases in the current suite
Test Method:		[testPackage01.Test_NewValidationHelper.f31]
###############################################################################################################################################

################################################################################################################################################
Starting Execution:	[101 out of 144] test cases in the current suite
Test Method:		[testPackage01.Test_NewValidationHelper.f32]
###############################################################################################################################################

################################################################################################################################################
Starting Execution:	[102 out of 144] test cases in the current suite
Test Method:		[testPackage01.Test_NewValidationHelper.f33]
###############################################################################################################################################

################################################################################################################################################
Starting Execution:	[103 out of 144] test cases in the current suite
Test Method:		[testPackage01.Test_NewValidationHelper.f34]
###############################################################################################################################################

################################################################################################################################################
Starting Execution:	[104 out of 144] test cases in the current suite
Test Method:		[testPackage01.Test_NewValidationHelper.f35]
###############################################################################################################################################

################################################################################################################################################
Starting Execution:	[105 out of 144] test cases in the current suite
Test Method:		[testPackage01.Test_NewValidationHelper.f36]
###############################################################################################################################################

################################################################################################################################################
Starting Execution:	[106 out of 144] test cases in the current suite
Test Method:		[testPackage01.Test_NewValidationHelper.f37]
###############################################################################################################################################

################################################################################################################################################
Starting Execution:	[107 out of 144] test cases in the current suite
Test Method:		[testPackage01.Test_NewValidationHelper.f3_1]
###############################################################################################################################################

################################################################################################################################################
Starting Execution:	[108 out of 144] test cases in the current suite
Test Method:		[testPackage01.Test_NewValidationHelper.f4]
###############################################################################################################################################

################################################################################################################################################
Starting Execution:	[109 out of 144] test cases in the current suite
Test Method:		[testPackage01.Test_NewValidationHelper.f5]
###############################################################################################################################################

################################################################################################################################################
Starting Execution:	[110 out of 144] test cases in the current suite
Test Method:		[testPackage01.Test_NewValidationHelper.f6]
###############################################################################################################################################

################################################################################################################################################
Starting Execution:	[111 out of 144] test cases in the current suite
Test Method:		[testPackage01.Test_NewValidationHelper.f6_1]
###############################################################################################################################################

################################################################################################################################################
Starting Execution:	[112 out of 144] test cases in the current suite
Test Method:		[testPackage01.Test_NewValidationHelper.f6_2]
###############################################################################################################################################

################################################################################################################################################
Starting Execution:	[113 out of 144] test cases in the current suite
Test Method:		[testPackage01.Test_NewValidationHelper.f7]
###############################################################################################################################################


################################################################################################################################################
Starting Execution:	[114 out of 144] test cases in the current suite
Test Method:		[testPackage01.Test_NewValidationHelper.f8]
###############################################################################################################################################



################################################################################################################################################
Starting Execution:	[115 out of 144] test cases in the current suite
Test Method:		[testPackage01.Test_NewValidationHelper.f9]
###############################################################################################################################################


################################################################################################################################################
Starting Execution:	[116 out of 144] test cases in the current suite
Test Method:		[testPackage01.Test_NewValidationHelper.forceFail]
###############################################################################################################################################

################################################################################################################################################
Starting Execution:	[117 out of 144] test cases in the current suite
Test Method:		[testPackage01.Test_NewValidationHelper.forceFail2]
###############################################################################################################################################

################################################################################################################################################
Starting Execution:	[118 out of 144] test cases in the current suite
Test Method:		[testPackage01.Test_JsonActions.f]
###############################################################################################################################################

################################################################################################################################################
Starting Execution:	[119 out of 144] test cases in the current suite
Test Method:		[testPackage01.Test_JsonActions.f2]
###############################################################################################################################################

################################################################################################################################################
Starting Execution:	[120 out of 144] test cases in the current suite
Test Method:		[testPackage01.Test_sendGraphqlRequest.sendGraphqlRequestUsingMutationAndVariables]
################################################################################################################################################
[ReportManager] GraphQl Request is being Performed with the Following Parameters [Service URL: https://api.spacex.land/graphql | Request Body: {"variables":"{\"name\": \"sherlock holmes\",\"rocket\": \"221B Baker Street\"}","query":"mutation ($name: String, $rocket: String) {\n  insert_users(objects: {name: $name, rocket: $rocket}) {\n    returning {\n      name\n      rocket\n    }\n  }\n}"}] @26-09-2021 01:58:10.0965 AM
[ReportManager] Response status code: [200], status line: [HTTP/1.1 200 OK] @26-09-2021 01:58:11.0584 AM
[ReportManager] Assertion Passed: Evaluating the actual response status code against the expected one... @26-09-2021 01:58:11.0584 AM
[ReportManager] Assertion [ValidateEquals] PASSED. Expected [200] and Actual [200]. Comparison Type [EQUALS]. Validation Type [POSITIVE]. @26-09-2021 01:58:11.0584 AM
[ReportManager] API Action [PerformRequest] successfully performed. With the following test data [Request Type: "POST" | Target Status Code: "200" | Service URL: "https://api.spacex.land/graphql" | Content Type: "application/json" | Response Time: "518ms"]. @26-09-2021 01:58:11.0631 AM
[ReportManager] Successfully created attachment [API Request - Specifications] @26-09-2021 01:58:11.0631 AM
[ReportManager] Successfully created attachment [API Request - JSON Body] @26-09-2021 01:58:11.0632 AM
[ReportManager] Successfully created attachment [API Response - JSON Body] @26-09-2021 01:58:11.0633 AM
[ReportManager] API Action [GetResponseJSONValue] successfully performed. With the following test data [data.insert_users.returning[0].name]. @26-09-2021 01:58:11.0692 AM
[ReportManager] Assertion [ValidateEquals] PASSED. Expected [sherlock holmes] and Actual [sherlock holmes]. Comparison Type [EQUALS]. Validation Type [POSITIVE]. @26-09-2021 01:58:11.0692 A

################################################################################################################################################
Starting Execution:	[121 out of 144] test cases in the current suite
Test Method:		[testPackage01.Test_sendGraphqlRequest.sendGraphqlRequestUsingQuery]
################################################################################################################################################
[ReportManager] GraphQl Request is being Performed with the Following Parameters [Service URL: https://api.spacex.land/graphql | Request Body: {"query":"{company {ceo}}"}] @26-09-2021 01:58:11.0697 AM
[ReportManager] Response status code: [200], status line: [HTTP/1.1 200 OK] @26-09-2021 01:58:12.0004 AM
[ReportManager] Assertion Passed: Evaluating the actual response status code against the expected one... @26-09-2021 01:58:12.0004 AM
[ReportManager] Assertion [ValidateEquals] PASSED. Expected [200] and Actual [200]. Comparison Type [EQUALS]. Validation Type [POSITIVE]. @26-09-2021 01:58:12.0004 AM
[ReportManager] API Action [PerformRequest] successfully performed. With the following test data [Request Type: "POST" | Target Status Code: "200" | Service URL: "https://api.spacex.land/graphql" | Content Type: "application/json" | Response Time: "295ms"]. @26-09-2021 01:58:12.0017 AM
[ReportManager] Successfully created attachment [API Request - Specifications] @26-09-2021 01:58:12.0018 AM
[ReportManager] Successfully created attachment [API Request - JSON Body] @26-09-2021 01:58:12.0019 AM
[ReportManager] Successfully created attachment [API Response - JSON Body] @26-09-2021 01:58:12.0020 AM
[ReportManager] API Action [GetResponseJSONValue] successfully performed. With the following test data [data.company.ceo]. @26-09-2021 01:58:12.0033 AM
[ReportManager] Assertion [ValidateEquals] PASSED. Expected [Elon Musk] and Actual [Elon Musk]. Comparison Type [EQUALS]. Validation Type [POSITIVE]. @26-09-2021 01:58:12.0034 A
[ReportManager] File Action [GetAbsolutePath] successfully performed. With the following test data [Relative Folder Path: "target/downloadedFiles/"]. @26-09-2021 01:58:12.0037 AM
[ReportManager] Attempting to run locally on: [Mac-64], [Safari], Headless Execution. @26-09-2021 01:58:12.0037 AM
[ReportManager] Successfully Opened Safari. @26-09-2021 01:58:12.0834 AM
[ReportManager] Initial window size: (800, 600) @26-09-2021 01:58:12.0858 AM
[ReportManager] Window size after SWD Maximize: (1176, 811) @26-09-2021 01:58:12.0879 AM
[ReportManager] Browser Action [MaximizeWindow] successfully performed. With the following test data [New screen size is now: (1176, 811)]. @26-09-2021 01:58:12.0879 A

################################################################################################################################################
Starting Execution:	[122 out of 144] test cases in the current suite
Test Method:		[testPackage01.Test_dragAndDrop.dragAndDropJquery]
################################################################################################################################################
[ReportManager] Target URL: [https://jqueryui.com/resources/demos/droppable/default.html] @26-09-2021 01:58:12.0924 AM
[ReportManager] Initial URL: [] @26-09-2021 01:58:12.0965 AM
[ReportManager] Browser Action [NavigateToURL] successfully performed. With the following test data [https://jqueryui.com/resources/demos/droppable/default.html]. @26-09-2021 01:58:13.0720 AM
[ReportManager] Element Action [GetText] successfully performed. With the following test data [
	Drop here
]. @26-09-2021 01:58:13.0764 AM
[ReportManager] Element Action [DragAndDrop] successfully performed. With the following test data [Start point: (8, 18), End point: (8, 18)]. @26-09-2021 01:58:14.0899 AM
[ReportManager] Element Action [GetText] successfully performed. With the following test data [
	Dropped!
]. @26-09-2021 01:58:14.0939 AM
[ReportManager] Assertion Passed: Checking to see if the text has changed after performing drag and drop @26-09-2021 01:58:14.0940 AM
[ReportManager] Assertion [ValidateEquals] PASSED. Expected [
	Drop here
] and Actual [
	Dropped!
]. Comparison Type [EQUALS]. Validation Type [NEGATIVE]. @26-09-2021 01:58:14.0940 A
[ReportManager] Browser Action [CloseCurrentWindow] successfully performed. @26-09-2021 01:58:15.0042 AM
[ReportManager] Successfully created attachment [Browser Action Test Data - CloseCurrentWindow - Actual Value] @26-09-2021 01:58:15.0042 A
[ReportManager] File Action [GetAbsolutePath] successfully performed. With the following test data [Relative Folder Path: "target/downloadedFiles/"]. @26-09-2021 01:58:15.0045 AM
[ReportManager] Attempting to run locally on: [Mac-64], [Safari], Headless Execution. @26-09-2021 01:58:15.0045 AM
[ReportManager] Successfully Opened Safari. @26-09-2021 01:58:15.0874 AM
[ReportManager] Initial window size: (800, 600) @26-09-2021 01:58:15.0900 AM
[ReportManager] Window size after SWD Maximize: (1176, 811) @26-09-2021 01:58:15.0919 AM
[ReportManager] Browser Action [MaximizeWindow] successfully performed. With the following test data [New screen size is now: (1176, 811)]. @26-09-2021 01:58:15.0920 A

################################################################################################################################################
Starting Execution:	[123 out of 144] test cases in the current suite
Test Method:		[testPackage01.Test_dragAndDrop.dragAndDrop]
Test Description:	[TC001 - Test Drag and Drop function.]
################################################################################################################################################
[ReportManager] Target URL: [http://the-internet.herokuapp.com/drag_and_drop] @26-09-2021 01:58:15.0939 AM
[ReportManager] Initial URL: [] @26-09-2021 01:58:15.0980 AM
[ReportManager] Browser Action [NavigateToURL] successfully performed. With the following test data [http://the-internet.herokuapp.com/drag_and_drop]. @26-09-2021 01:58:16.0934 AM
[ReportManager] Attempting Drag and Drop @26-09-2021 01:58:16.0935 AM
[ReportManager] Element Action [DragAndDrop] successfully performed. With the following test data [Start point: (120, 89), End point: (335, 89)]. @26-09-2021 01:58:17.0711 A
[ReportManager] Browser Action [CloseCurrentWindow] successfully performed. @26-09-2021 01:58:17.0967 AM
[ReportManager] Successfully created attachment [Browser Action Test Data - CloseCurrentWindow - Actual Value] @26-09-2021 01:58:17.0968 A
[ReportManager] File Action [GetAbsolutePath] successfully performed. With the following test data [Relative Folder Path: "target/downloadedFiles/"]. @26-09-2021 01:58:17.0970 AM
[ReportManager] Attempting to run locally on: [Mac-64], [Safari], Headless Execution. @26-09-2021 01:58:17.0970 AM
[ReportManager] Successfully Opened Safari. @26-09-2021 01:58:18.0914 AM
[ReportManager] Initial window size: (800, 600) @26-09-2021 01:58:18.0946 AM
[ReportManager] Window size after SWD Maximize: (1176, 811) @26-09-2021 01:58:18.0969 AM
[ReportManager] Browser Action [MaximizeWindow] successfully performed. With the following test data [New screen size is now: (1176, 811)]. @26-09-2021 01:58:18.0969 A

################################################################################################################################################
Starting Execution:	[124 out of 144] test cases in the current suite
Test Method:		[testPackage01.Test_dragAndDrop.dragAndDropByOffset]
Test Description:	[TC002 - Test Drag and Drop by offset function.]
################################################################################################################################################
[ReportManager] Target URL: [https://jqueryui.com/resources/demos/draggable/default.html] @26-09-2021 01:58:18.0973 AM
[ReportManager] Initial URL: [] @26-09-2021 01:58:19.0033 AM
[ReportManager] Browser Action [NavigateToURL] successfully performed. With the following test data [https://jqueryui.com/resources/demos/draggable/default.html]. @26-09-2021 01:58:19.0699 AM
[ReportManager] Element Action [DragAndDropByOffset] successfully performed. With the following test data [Start point: (8, 8), End point: (108, 58)]. @26-09-2021 01:58:20.0491 A
[ReportManager] Browser Action [CloseCurrentWindow] successfully performed. @26-09-2021 01:58:20.0617 AM
[ReportManager] Successfully created attachment [Browser Action Test Data - CloseCurrentWindow - Actual Value] @26-09-2021 01:58:20.0618 A
[ReportManager] Successfully loaded the following test data file [src/test/resources/TestDataFiles/testSuite01/TestData.xlsx]. @26-09-2021 01:58:20.0659 AM
[ReportManager] Successfully created attachment [Test Data - Excel] @26-09-2021 01:58:20.0659 AM
[ReportManager] File Action [GetAbsolutePath] successfully performed. With the following test data [Relative Folder Path: "target/downloadedFiles/"]. @26-09-2021 01:58:20.0660 AM
[ReportManager] Attempting to run locally on: [Mac-64], [Safari], Headless Execution. @26-09-2021 01:58:20.0660 AM
[ReportManager] Successfully Opened Safari. @26-09-2021 01:58:21.0468 AM
[ReportManager] Initial window size: (800, 600) @26-09-2021 01:58:21.0489 AM
[ReportManager] Window size after SWD Maximize: (1176, 811) @26-09-2021 01:58:21.0506 AM
[ReportManager] Browser Action [MaximizeWindow] successfully performed. With the following test data [New screen size is now: (1176, 811)]. @26-09-2021 01:58:21.0507 A

################################################################################################################################################
Starting Execution:	[125 out of 144] test cases in the current suite
Test Method:		[testPackage01.Test_google.navigateToURLandVerifyGoogleLogoIsDisplayed]
Test Description:	[TC001 - Navigate to URL and Verify Google Logo is Displayed]
################################################################################################################################################
[ReportManager] Target URL: [https://www.google.com/ncr], and after redirection: [https://www.google.com] @26-09-2021 01:58:21.0515 AM
[ReportManager] Initial URL: [] @26-09-2021 01:58:21.0578 AM
[ReportManager] Browser Action [NavigateToURL] successfully performed. With the following test data [https://www.google.com/ncr]. @26-09-2021 01:58:23.0506 AM
[ReportManager] Loaded Shared OpenCV @26-09-2021 01:58:23.0623 AM
[ReportManager] Assertion [ValidateElementExists] PASSED. Expected [Element Should Exist, locator 'By.xpath: //*[@id='hplogo' or @alt='Google']'] and Actual [Element Exists]. Comparison Type [EQUALS]. Validation Type [POSITIVE]. @26-09-2021 01:58:23.0791 AM
[ReportManager] Successfully created attachment [Screenshot - 1632621503623_navigateToURLandVerifyGoogleLogoIsDisplayed_ValidateElementExists_passed] @26-09-2021 01:58:23.0794 A

################################################################################################################################################
Starting Execution:	[126 out of 144] test cases in the current suite
Test Method:		[testPackage01.Test_google.searchForQueryandAssertResultsNumDisplayed]
Test Description:	[TC002 - Search for Query and Assert that the number of results is displayed]
################################################################################################################################################
[ReportManager] Element Action [Type] successfully performed. With the following test data [SHAFT_Engine]. @26-09-2021 01:58:24.0247 AM
[ReportManager] Element Action [KeyPress] successfully performed. With the following test data [Enter]. @26-09-2021 01:58:24.0309 AM
[ReportManager] Element Action [GetText] successfully performed. With the following test data [About 966,000 results (0.71 seconds)Â ]. @26-09-2021 01:58:25.0853 AM
[ReportManager] Loaded Shared OpenCV @26-09-2021 01:58:26.0657 AM
[ReportManager] Assertion [ValidateElementAttribute] PASSED. Expected [Value Should not be '' for the 'Text' attribute, element locator 'By.id: appbar'] and Actual [About 966,000 results (0.71 seconds)Â ]. Comparison Type [EQUALS]. Validation Type [NEGATIVE]. @26-09-2021 01:58:26.0822 AM
[ReportManager] Successfully created attachment [Screenshot - 1632621506657_searchForQueryandAssertResultsNumDisplayed_ValidateElementAttribute_passed] @26-09-2021 01:58:26.0824 A

################################################################################################################################################
Starting Execution:	[127 out of 144] test cases in the current suite
Test Method:		[testPackage01.Test_google.clickNextThrice]
Test Description:	[TC003 - Clicks the next button to make sure that the framework can scroll element into view before clicking it]
################################################################################################################################################
[ReportManager] org.openqa.selenium.interactions.MoveTargetOutOfBoundsException:

Build info: version: '3.141.59', revision: 'e82be7d358', time: '2018-11-14T08:17:03'
System info: host: 'Mac-1632620944944.local', ip: '10.212.8.234', os.name: 'Mac OS X', os.arch: 'x86_64', os.version: '10.15.7', java.version: '16.0.2'
Driver info: org.openqa.selenium.safari.SafariDriver
Capabilities {acceptInsecureCerts: false, browserName: Safari, browserVersion: 14.1.2, javascriptEnabled: true, platform: MAC, platformName: MAC, safari:automaticInspection: false, safari:automaticProfiling: false, safari:diagnose: false, safari:platformBuildVersion: 19H1417, safari:platformVersion: 10.15.7, safari:useSimulator: false, setWindowRect: true, strictFileInteractability: false, webkit:WebRTC: {DisableICECandidateFiltering: false, DisableInsecureMediaCapture: false}}
Session ID: BB1CDDB7-85AC-4BEB-9394-0742A46F3EA2
java.base/jdk.internal.reflect.NativeConstructorAccessorImpl.newInstance0(Native Method)
java.base/jdk.internal.reflect.NativeConstructorAccessorImpl.newInstance(NativeConstructorAccessorImpl.java:78)
java.base/jdk.internal.reflect.DelegatingConstructorAccessorImpl.newInstance(DelegatingConstructorAccessorImpl.java:45)
java.base/java.lang.reflect.Constructor.newInstanceWithCaller(Constructor.java:499)
java.base/java.lang.reflect.Constructor.newInstance(Constructor.java:480)
org.openqa.selenium.remote.http.W3CHttpResponseCodec.createException(W3CHttpResponseCodec.java:187)
org.openqa.selenium.remote.http.W3CHttpResponseCodec.decode(W3CHttpResponseCodec.java:122)
org.openqa.selenium.remote.http.W3CHttpResponseCodec.decode(W3CHttpResponseCodec.java:49)
org.openqa.selenium.remote.HttpCommandExecutor.execute(HttpCommandExecutor.java:158)
org.openqa.selenium.remote.service.DriverCommandExecutor.execute(DriverCommandExecutor.java:83)
org.openqa.selenium.remote.RemoteWebDriver.execute(RemoteWebDriver.java:552)
org.openqa.selenium.remote.RemoteWebDriver.perform(RemoteWebDriver.java:618)
org.openqa.selenium.interactions.Actions$BuiltAction.perform(Actions.java:639)
org.openqa.selenium.interactions.Actions.perform(Actions.java:595)
com.shaft.gui.element.ElementActionsHelper.performHoverUsingJavascript(ElementActionsHelper.java:209)
com.shaft.gui.element.WebDriverElementActions.click(WebDriverElementActions.java:116)
com.shaft.gui.element.ElementActions.click(ElementActions.java:62)
poms.GoogleSearchResults.clickNext(GoogleSearchResults.java:51)
testPackage01.Test_google.clickNextThrice(Test_google.java:43)
java.base/jdk.internal.reflect.NativeMethodAccessorImpl.invoke0(Native Method)
java.base/jdk.internal.reflect.NativeMethodAccessorImpl.invoke(NativeMethodAccessorImpl.java:78)
java.base/jdk.internal.reflect.DelegatingMethodAccessorImpl.invoke(DelegatingMethodAccessorImpl.java:43)
java.base/java.lang.reflect.Method.invoke(Method.java:567)
org.testng.internal.MethodInvocationHelper.invokeMethod(MethodInvocationHelper.java:133)
org.testng.internal.TestInvoker.invokeMethod(TestInvoker.java:598)
org.testng.internal.TestInvoker.invokeTestMethod(TestInvoker.java:173)
org.testng.internal.MethodRunner.runInSequence(MethodRunner.java:46)
org.testng.internal.TestInvoker$MethodInvocationAgent.invoke(TestInvoker.java:824)
org.testng.internal.TestInvoker.invokeTestMethods(TestInvoker.java:146)
org.testng.internal.TestMethodWorker.invokeTestMethods(TestMethodWorker.java:146)
org.testng.internal.TestMethodWorker.run(TestMethodWorker.java:128)
java.base/java.util.ArrayList.forEach(ArrayList.java:1511)
org.testng.TestRunner.privateRun(TestRunner.java:794)
org.testng.TestRunner.run(TestRunner.java:596)
org.testng.SuiteRunner.runTest(SuiteRunner.java:377)
org.testng.SuiteRunner.runSequentially(SuiteRunner.java:371)
org.testng.SuiteRunner.privateRun(SuiteRunner.java:332)
org.testng.SuiteRunner.run(SuiteRunner.java:276)
org.testng.SuiteRunnerWorker.runSuite(SuiteRunnerWorker.java:53)
org.testng.SuiteRunnerWorker.run(SuiteRunnerWorker.java:96)
org.testng.TestNG.runSuitesSequentially(TestNG.java:1212)
org.testng.TestNG.runSuitesLocally(TestNG.java:1134)
org.testng.TestNG.runSuites(TestNG.java:1063)
org.testng.TestNG.run(TestNG.java:1031)
org.apache.maven.surefire.testng.TestNGExecutor.run(TestNGExecutor.java:136)
org.apache.maven.surefire.testng.TestNGDirectoryTestSuite.executeMulti(TestNGDirectoryTestSuite.java:193)
org.apache.maven.surefire.testng.TestNGDirectoryTestSuite.execute(TestNGDirectoryTestSuite.java:94)
org.apache.maven.surefire.testng.TestNGProvider.invoke(TestNGProvider.java:145)
org.apache.maven.surefire.booter.ForkedBooter.runSuitesInProcess(ForkedBooter.java:428)
org.apache.maven.surefire.booter.ForkedBooter.execute(ForkedBooter.java:162)
org.apache.maven.surefire.booter.ForkedBooter.run(ForkedBooter.java:562)
org.apache.maven.surefire.booter.ForkedBooter.main(ForkedBooter.java:548) @26-09-2021 01:58:26.0986 AM
[ReportManager] Element Action [Click] successfully performed. With the following test data [Next]. @26-09-2021 01:58:27.0041 A
[ReportManager] Browser Action [CloseCurrentWindow] successfully performed. @26-09-2021 01:58:27.0396 AM
[ReportManager] Successfully created attachment [Browser Action Test Data - CloseCurrentWindow - Actual Value] @26-09-2021 01:58:27.0441 A

################################################################################################################################################
Starting Execution:	[128 out of 144] test cases in the current suite
Test Method:		[testPackage01.Test_chainableElementActions.chainElementActions]
################################################################################################################################################
[ReportManager] File Action [GetAbsolutePath] successfully performed. With the following test data [Relative Folder Path: "target/downloadedFiles/"]. @26-09-2021 01:58:27.0548 AM
[ReportManager] Attempting to run locally on: [Mac-64], [GoogleChrome], Headless Execution. @26-09-2021 01:58:27.0554 AM
[ReportManager] Identifying OS/Driver combination and selecting the correct driver version automatically. Please note that if a new driver executable will be downloaded it may take some time... @26-09-2021 01:58:27.0554 AM
[ReportManager] Successfully Opened Google Chrome. @26-09-2021 01:58:30.0913 AM
[ReportManager] Initial window size: (800, 600) @26-09-2021 01:58:30.0919 AM
[ReportManager] Window size after SWD Maximize: (800, 600) @26-09-2021 01:58:31.0060 AM
[ReportManager] Window size after Toolkit: (1920, 1080) @26-09-2021 01:58:31.0572 AM
[ReportManager] Browser Action [MaximizeWindow] successfully performed. With the following test data [New screen size is now: (1920, 1080)]. @26-09-2021 01:58:31.0573 AM
[ReportManager] Target URL: [https://www.google.com/ncr], and after redirection: [https://www.google.com] @26-09-2021 01:58:31.0573 AM
[ReportManager] Initial URL: [data:,] @26-09-2021 01:58:31.0611 AM
[ReportManager] Browser Action [NavigateToURL] successfully performed. With the following test data [https://www.google.com/ncr]. @26-09-2021 01:58:32.0421 AM
[ReportManager] Element Action [Type] successfully performed. With the following test data [chained type 1]. @26-09-2021 01:58:32.0777 AM
[ReportManager] Element Action [Type] successfully performed. With the following test data [chained type 2]. @26-09-2021 01:58:33.0017 AM
[ReportManager] Element Action [TypeAppend] successfully performed. With the following test data [345]. @26-09-2021 01:58:33.0092 AM
[ReportManager] Element Action [GetText] successfully performed. With the following test data [chained type 2345]. @26-09-2021 01:58:33.0172 AM
[ReportManager] Loaded Shared OpenCV @26-09-2021 01:58:33.0602 AM
[ReportManager] Assertion [ValidateElementAttribute] PASSED. Expected [Value Should be 'chained type 2345' for the 'text' attribute, element locator 'By.name: q'] and Actual [chained type 2345]. Comparison Type [EQUALS]. Validation Type [POSITIVE]. @26-09-2021 01:58:33.0847 AM
[ReportManager] Successfully created attachment [Screenshot - 1632621513602_chainElementActions_ValidateElementAttribute_passed] @26-09-2021 01:58:33.0849 AM
[ReportManager] Browser Action [CloseCurrentWindow] successfully performed. @26-09-2021 01:58:34.0066 AM
[ReportManager] Successfully created attachment [Browser Action Test Data - CloseCurrentWindow - Actual Value] @26-09-2021 01:58:34.0068 A

################################################################################################################################################
Starting Execution:	[129 out of 144] test cases in the current suite
Test Method:		[testPackage01.Test_JsonCompareWithSpecialCharacters.specialCharacters]
################################################################################################################################################
[ReportManager] File Action [GetAbsolutePath] successfully performed. With the following test data [Relative Folder Path: "src/test/resources/TestJsonFiles/specialCharacters.json"]. @26-09-2021 01:58:34.0086 AM
[ReportManager] File Action [ReadFromFile] successfully performed. With the following test data [File Path: "/Users/runner/work/SHAFT_ENGINE/SHAFT_ENGINE/src/test/resources/TestJsonFiles/specialCharacters.json"]. @26-09-2021 01:58:34.0094 AM
[ReportManager] Successfully created attachment [File Action Actual Result - Command Log] @26-09-2021 01:58:34.0095 AM
[ReportManager] Comparing the provided API response with the file at this path "src/test/resources/TestJsonFiles/specialCharacters.json", comparison type "EQUALS" @26-09-2021 01:58:34.0096 AM
[ReportManager] API Action [CompareJSON] successfully performed. With the following test data [src/test/resources/TestJsonFiles/specialCharacters.json]. @26-09-2021 01:58:34.0117 AM
[ReportManager] File Action [GetAbsolutePath] successfully performed. With the following test data [Relative Folder Path: "src/test/resources/TestJsonFiles/specialCharacters.json"]. @26-09-2021 01:58:34.0120 AM
[ReportManager] File Action [ReadFromFile] successfully performed. With the following test data [File Path: "/Users/runner/work/SHAFT_ENGINE/SHAFT_ENGINE/src/test/resources/TestJsonFiles/specialCharacters.json"]. @26-09-2021 01:58:34.0121 AM
[ReportManager] Verification [ValidateJSONFileContent] PASSED. Expected [Response data should match the JSON File in this path 'src/test/resources/TestJsonFiles/specialCharacters.json'] and Actual [TRUE]. Comparison Type [EQUALS]. Validation Type [POSITIVE]. @26-09-2021 01:58:34.0135 AM
[ReportManager] Successfully created attachment [Validation Test Data - Expected JSON Value] @26-09-2021 01:58:34.0138 AM
[ReportManager] Successfully created attachment [Validation Test Data - Actual JSON Value] @26-09-2021 01:58:34.0139 A

################################################################################################################################################
Starting Execution:	[130 out of 144] test cases in the current suite
Test Method:		[testPackage01.Test_JsonCompareWithSpecialCharacters.specialCharacters_assertion]
################################################################################################################################################
[ReportManager] File Action [GetAbsolutePath] successfully performed. With the following test data [Relative Folder Path: "src/test/resources/TestJsonFiles/specialCharacters.json"]. @26-09-2021 01:58:34.0145 AM
[ReportManager] File Action [ReadFromFile] successfully performed. With the following test data [File Path: "/Users/runner/work/SHAFT_ENGINE/SHAFT_ENGINE/src/test/resources/TestJsonFiles/specialCharacters.json"]. @26-09-2021 01:58:34.0146 AM
[ReportManager] Successfully created attachment [File Action Actual Result - Command Log] @26-09-2021 01:58:34.0146 AM
[ReportManager] Comparing the provided API response with the file at this path "src/test/resources/TestJsonFiles/specialCharacters.json", comparison type "CONTAINS" @26-09-2021 01:58:34.0147 AM
[ReportManager] API Action [CompareJSON] successfully performed. With the following test data [src/test/resources/TestJsonFiles/specialCharacters.json]. @26-09-2021 01:58:34.0162 AM
[ReportManager] File Action [GetAbsolutePath] successfully performed. With the following test data [Relative Folder Path: "src/test/resources/TestJsonFiles/specialCharacters.json"]. @26-09-2021 01:58:34.0163 AM
[ReportManager] File Action [ReadFromFile] successfully performed. With the following test data [File Path: "/Users/runner/work/SHAFT_ENGINE/SHAFT_ENGINE/src/test/resources/TestJsonFiles/specialCharacters.json"]. @26-09-2021 01:58:34.0163 AM
[ReportManager] Assertion Passed: trying out the log message @26-09-2021 01:58:34.0170 AM
[ReportManager] Successfully created attachment [Validation Test Data - Expected JSON Value] @26-09-2021 01:58:34.0172 AM
[ReportManager] Successfully created attachment [Validation Test Data - Actual JSON Value] @26-09-2021 01:58:34.0173 AM
[ReportManager] Assertion [ValidateJSONFileContent] PASSED. Expected [Response data should match the JSON File in this path 'src/test/resources/TestJsonFiles/specialCharacters.json'] and Actual [TRUE]. Comparison Type [CONTAINS]. Validation Type [POSITIVE]. @26-09-2021 01:58:34.0173 A

################################################################################################################################################
Starting Execution:	[131 out of 144] test cases in the current suite
Test Method:		[testPackage01.Test_SkipDueToIssue.doNotSkip]
################################################################################################################################################
[ReportManager] This should not be skipped. @26-09-2021 01:58:34.0181 A

################################################################################################################################################
Starting Execution:	[132 out of 144] test cases in the current suite
Test Method:		[testPackage01.Test_SkipDueToIssue.skip]
################################################################################################################################################
[ReportManager] This should be skipped. @26-09-2021 01:58:34.0194 A

################################################################################################################################################
Starting Execution:	[133 out of 144] test cases in the current suite
Test Method:		[testPackage01.Test_SkipDueToIssue.skip2]
################################################################################################################################################
[ReportManager] This should be skipped. @26-09-2021 01:58:34.0203 A

################################################################################################################################################
Starting Execution:	[134 out of 144] test cases in the current suite
Test Method:		[testPackage01.Test_JSONFileManager.readStringFromJson]
################################################################################################################################################
[ReportManager] Successfully loaded the following test data file [src/test/resources/TestDataFiles/simpleJSON.json]. @26-09-2021 01:58:34.0211 AM
[ReportManager] Successfully created attachment [Test Data - JSON] @26-09-2021 01:58:34.0212 AM
[ReportManager] Assertion [ValidateEquals] PASSED. Expected [Mohab Mohie] and Actual [Mohab Mohie]. Comparison Type [EQUALS]. Validation Type [POSITIVE]. @26-09-2021 01:58:34.0236 A
[ReportManager] File Action [GetAbsolutePath] successfully performed. With the following test data [Relative Folder Path: "target/downloadedFiles/"]. @26-09-2021 01:58:34.0239 AM
[ReportManager] Attempting to run locally on: [Mac-64], [Safari], Headless Execution. @26-09-2021 01:58:34.0239 AM
[ReportManager] Successfully Opened Safari. @26-09-2021 01:58:35.0066 AM
[ReportManager] Initial window size: (800, 600) @26-09-2021 01:58:35.0125 AM
[ReportManager] Window size after SWD Maximize: (1176, 811) @26-09-2021 01:58:35.0155 AM
[ReportManager] Browser Action [MaximizeWindow] successfully performed. With the following test data [New screen size is now: (1176, 811)]. @26-09-2021 01:58:35.0155 A

################################################################################################################################################
Starting Execution:	[135 out of 144] test cases in the current suite
Test Method:		[testPackage01.Test_assertEquals.test_assertElementAttribute]
################################################################################################################################################
[ReportManager] Target URL: [https://www.google.com/ncr], and after redirection: [https://www.google.com] @26-09-2021 01:58:35.0158 AM
[ReportManager] Initial URL: [] @26-09-2021 01:58:35.0214 AM
[ReportManager] Browser Action [NavigateToURL] successfully performed. With the following test data [https://www.google.com/ncr]. @26-09-2021 01:58:36.0151 AM
[ReportManager] Element Action [Type] successfully performed. With the following test data [INC_004010050:Another SCHEDULER with the same name [Duplicate Job Name] already exists.]. @26-09-2021 01:58:38.0532 AM
[ReportManager] Element Action [GetText] successfully performed. With the following test data [INC_004010050:Another SCHEDULER with the same name [Duplicate Job Name] already exists.]. @26-09-2021 01:58:38.0587 AM
[ReportManager] Loaded Shared OpenCV @26-09-2021 01:58:38.0673 AM
[ReportManager] Assertion [ValidateElementAttribute] PASSED. Expected [Value Should be 'INC_004010050:Another SCHEDULER with the same name \[Duplicate Job Name\] already exists.' for the 'text' attribute, element locator 'By.name: q'] and Actual [INC_004010050:Another SCHEDULER with the same name [Duplicate Job Name] already exists.]. Comparison Type [MATCHES]. Validation Type [POSITIVE]. @26-09-2021 01:58:38.0832 AM
[ReportManager] Successfully created attachment [Screenshot - 1632621518673_test_assertElementAttribute_ValidateElementAttribute_passed] @26-09-2021 01:58:38.0835 A
[ReportManager] Browser Action [CloseCurrentWindow] successfully performed. @26-09-2021 01:58:39.0010 AM
[ReportManager] Successfully created attachment [Browser Action Test Data - CloseCurrentWindow - Actual Value] @26-09-2021 01:58:39.0011 A
[ReportManager] File Action [GetAbsolutePath] successfully performed. With the following test data [Relative Folder Path: "target/downloadedFiles/"]. @26-09-2021 01:58:39.0013 AM
[ReportManager] Attempting to run locally on: [Mac-64], [Safari], Headless Execution. @26-09-2021 01:58:39.0013 AM
[ReportManager] Successfully Opened Safari. @26-09-2021 01:58:39.0802 AM
[ReportManager] Initial window size: (800, 600) @26-09-2021 01:58:39.0812 AM
[ReportManager] Window size after SWD Maximize: (1176, 811) @26-09-2021 01:58:39.0832 AM
[ReportManager] Browser Action [MaximizeWindow] successfully performed. With the following test data [New screen size is now: (1176, 811)]. @26-09-2021 01:58:39.0833 A

################################################################################################################################################
Starting Execution:	[136 out of 144] test cases in the current suite
Test Method:		[testPackage01.Test_IsElementClickable.testIsElementClickable]
################################################################################################################################################
[ReportManager] Target URL: [https://the-internet.herokuapp.com/] @26-09-2021 01:58:39.0837 AM
[ReportManager] Initial URL: [] @26-09-2021 01:58:39.0882 AM
[ReportManager] Browser Action [NavigateToURL] successfully performed. With the following test data [https://the-internet.herokuapp.com/]. @26-09-2021 01:58:41.0294 AM
[ReportManager] Element Action [IsElementClickable] successfully performed. @26-09-2021 01:58:41.0502 AM
[ReportManager] Assertion [ValidateTrue] PASSED. Expected [TRUE] and Actual [TRUE]. Validation Type [POSITIVE]. @26-09-2021 01:58:41.0502 A
[ReportManager] Browser Action [CloseCurrentWindow] successfully performed. @26-09-2021 01:58:41.0789 AM
[ReportManager] Successfully created attachment [Browser Action Test Data - CloseCurrentWindow - Actual Value] @26-09-2021 01:58:41.0790 A
[ReportManager] Successfully loaded the following test data file [src/test/resources/TestDataFiles/testSuite01/TestData.xlsx]. @26-09-2021 01:58:41.0824 AM
[ReportManager] Successfully created attachment [Test Data - Excel] @26-09-2021 01:58:41.0824 AM
[ReportManager] Attempting to run using Playwright locally on: [Mac-64], [Safari], Headless Execution. @26-09-2021 01:59:03.0763 AM
[ReportManager] File Action [GetAbsolutePath] successfully performed. With the following test data [Relative Folder Path: "target/downloadedFiles/"]. @26-09-2021 01:59:03.0764 AM
[ReportManager] Initial window size: (1280, 720) @26-09-2021 01:59:10.0869 AM
[ReportManager] Window size after Toolkit: com.microsoft.playwright.options.ViewportSize@489d4db @26-09-2021 01:59:10.0878 AM
[ReportManager] Browser Action [MaximizeWindow] successfully performed. With the following test data [New screen size is now: (1920, 1080)]. @26-09-2021 01:59:10.0879 A

################################################################################################################################################
Starting Execution:	[137 out of 144] test cases in the current suite
Test Method:		[testPackage01.Test_google_playwright.navigateToURLandVerifyGoogleLogoIsDisplayed]
Test Description:	[TC001 - Navigate to URL and Verify Google Logo is Displayed]
################################################################################################################################################
[ReportManager] Target URL: [https://www.google.com/ncr], and after redirection: [https://www.google.com] @26-09-2021 01:59:10.0883 AM
[ReportManager] Initial URL: [about:blank] @26-09-2021 01:59:11.0389 AM
[ReportManager] Browser Action [NavigateToURL] successfully performed. With the following test data [https://www.google.com/ncr]. @26-09-2021 01:59:13.0024 AM
[ReportManager] Loaded Shared OpenCV @26-09-2021 01:59:13.0125 AM
[ReportManager] Assertion [ValidateElementExists] PASSED. Expected [Element Should Exist, locator 'xpath=//*[@id='hplogo' or @alt='Google']'] and Actual [Element Exists]. Comparison Type [EQUALS]. Validation Type [POSITIVE]. @26-09-2021 01:59:13.0323 AM
[ReportManager] Successfully created attachment [Screenshot - 1632621553122_navigateToURLandVerifyGoogleLogoIsDisplayed_ValidateElementExists_passed] @26-09-2021 01:59:13.0326 A

################################################################################################################################################
Starting Execution:	[138 out of 144] test cases in the current suite
Test Method:		[testPackage01.Test_google_playwright.searchForQueryandAssertResultsNumDisplayed]
Test Description:	[TC002 - Search for Query and Assert that the number of results is displayed]
################################################################################################################################################
[ReportManager] Element Action [Type] successfully performed. With the following test data [SHAFT_Engine]. @26-09-2021 01:59:13.0622 AM
[ReportManager] Element Action [KeyPress] successfully performed. With the following test data [Enter]. @26-09-2021 01:59:13.0669 AM
[ReportManager] Element Action [GetText] successfully performed. With the following test data [About 966,000 results (0.81 seconds)Â 
]. @26-09-2021 01:59:15.0483 AM
[ReportManager] Loaded Shared OpenCV @26-09-2021 01:59:16.0253 AM
[ReportManager] Assertion [ValidateElementAttribute] PASSED. Expected [Value Should not be '' for the 'text' attribute, element locator 'xpath=//div[@id='appbar']'] and Actual [About 966,000 results (0.81 seconds)Â 
]. Comparison Type [EQUALS]. Validation Type [NEGATIVE]. @26-09-2021 01:59:16.0466 AM
[ReportManager] Successfully created attachment [Screenshot - 1632621556252_searchForQueryandAssertResultsNumDisplayed_ValidateElementAttribute_passed] @26-09-2021 01:59:16.0468 A

################################################################################################################################################
Starting Execution:	[139 out of 144] test cases in the current suite
Test Method:		[testPackage01.Test_google_playwright.clickNextThrice]
Test Description:	[TC003 - Clicks the next button to make sure that the framework can scroll element into view before clicking it]
################################################################################################################################################
[ReportManager] Element Action [Click] successfully performed. With the following test data [Next]. @26-09-2021 01:59:16.0803 A
[ReportManager] Failed to find video recording. @26-09-2021 01:59:16.0805 AM
[ReportManager] Successfully Closed PlayWright Driver. @26-09-2021 01:59:16.0846 A
[ReportManager] File Action [GetAbsolutePath] successfully performed. With the following test data [Relative Folder Path: "target/downloadedFiles/"]. @26-09-2021 01:59:16.0888 AM
[ReportManager] Attempting to run locally on: [Mac-64], [Safari], Headless Execution. @26-09-2021 01:59:16.0889 AM
[ReportManager] Successfully Opened Safari. @26-09-2021 01:59:17.0893 AM
[ReportManager] Initial window size: (800, 600) @26-09-2021 01:59:17.0908 AM
[ReportManager] Window size after SWD Maximize: (1176, 811) @26-09-2021 01:59:17.0919 AM
[ReportManager] Browser Action [MaximizeWindow] successfully performed. With the following test data [New screen size is now: (1176, 811)]. @26-09-2021 01:59:17.0920 A

################################################################################################################################################
Starting Execution:	[140 out of 144] test cases in the current suite
Test Method:		[testPackage01.Test_verifyEquals.test_assertElementAttribute]
################################################################################################################################################
[ReportManager] Target URL: [https://www.google.com/ncr], and after redirection: [https://www.google.com] @26-09-2021 01:59:17.0922 AM
[ReportManager] Initial URL: [] @26-09-2021 01:59:17.0968 AM
[ReportManager] Browser Action [NavigateToURL] successfully performed. With the following test data [https://www.google.com/ncr]. @26-09-2021 01:59:18.0904 AM
[ReportManager] Element Action [Type] successfully performed. With the following test data [INC_004010050:Another SCHEDULER with the same name [Duplicate Job Name] already exists.]. @26-09-2021 01:59:21.0299 AM
[ReportManager] Element Action [GetText] successfully performed. With the following test data [INC_004010050:Another SCHEDULER with the same name [Duplicate Job Name] already exists.]. @26-09-2021 01:59:21.0346 AM
[ReportManager] Loaded Shared OpenCV @26-09-2021 01:59:21.0431 AM
[ReportManager] Verification [ValidateElementAttribute] PASSED. Expected [Value Should be 'INC_004010050:Another SCHEDULER with the same name \[Duplicate Job Name\] already exists.' for the 'text' attribute, element locator 'By.name: q'] and Actual [INC_004010050:Another SCHEDULER with the same name [Duplicate Job Name] already exists.]. Comparison Type [MATCHES]. Validation Type [POSITIVE]. @26-09-2021 01:59:21.0608 AM
[ReportManager] Successfully created attachment [Screenshot - 1632621561430_test_assertElementAttribute_ValidateElementAttribute_passed] @26-09-2021 01:59:21.0612 A
[ReportManager] Browser Action [CloseCurrentWindow] successfully performed. @26-09-2021 01:59:21.0807 AM
[ReportManager] Successfully created attachment [Browser Action Test Data - CloseCurrentWindow - Actual Value] @26-09-2021 01:59:21.0808 A

################################################################################################################################################
Starting Execution:	[141 out of 144] test cases in the current suite
Test Method:		[testPackage01.Test_SelectedValue.multipleSelect]
################################################################################################################################################
[ReportManager] File Action [GetAbsolutePath] successfully performed. With the following test data [Relative Folder Path: "target/downloadedFiles/"]. @26-09-2021 01:59:21.0811 AM
[ReportManager] Attempting to run locally on: [Mac-64], [GoogleChrome], Headless Execution. @26-09-2021 01:59:21.0812 AM
[ReportManager] Identifying OS/Driver combination and selecting the correct driver version automatically. Please note that if a new driver executable will be downloaded it may take some time... @26-09-2021 01:59:21.0812 AM
[ReportManager] Successfully Opened Google Chrome. @26-09-2021 01:59:22.0356 AM
[ReportManager] Initial window size: (800, 600) @26-09-2021 01:59:22.0362 AM
[ReportManager] Window size after SWD Maximize: (800, 600) @26-09-2021 01:59:22.0554 AM
[ReportManager] Window size after Toolkit: (1920, 1080) @26-09-2021 01:59:23.0176 AM
[ReportManager] Browser Action [MaximizeWindow] successfully performed. With the following test data [New screen size is now: (1920, 1080)]. @26-09-2021 01:59:23.0177 AM
[ReportManager] Target URL: [https://yari-demos.prod.mdn.mozit.cloud/en-US/docs/Web/HTML/Element/select/_sample_.Advanced_select_with_multiple_features.html] @26-09-2021 01:59:23.0178 AM
[ReportManager] Initial URL: [data:,] @26-09-2021 01:59:23.0219 AM
[ReportManager] Browser Action [NavigateToURL] successfully performed. With the following test data [https://yari-demos.prod.mdn.mozit.cloud/en-US/docs/Web/HTML/Element/select/_sample_.Advanced_select_with_multiple_features.html]. @26-09-2021 01:59:23.0445 AM
[ReportManager] Element Action [Select] successfully performed. With the following test data [Dog]. @26-09-2021 01:59:23.0672 AM
[ReportManager] Element Action [Select] successfully performed. With the following test data [Cat]. @26-09-2021 01:59:23.0832 AM
[ReportManager] Element Action [GetSelectedText] successfully performed. With the following test data [DogCat]. @26-09-2021 01:59:23.0956 AM
[ReportManager] DogCat @26-09-2021 01:59:23.0956 AM
[ReportManager] Element Action [GetSelectedText] successfully performed. With the following test data [DogCat]. @26-09-2021 01:59:24.0055 AM
[ReportManager] Loaded Shared OpenCV @26-09-2021 01:59:24.0540 AM
[ReportManager] Assertion [ValidateElementAttribute] PASSED. Expected [Value Should be 'DogCat' for the 'selectedText' attribute, element locator 'By.tagName: select'] and Actual [DogCat]. Comparison Type [EQUALS]. Validation Type [POSITIVE]. @26-09-2021 01:59:24.0727 AM
[ReportManager] Successfully created attachment [Screenshot - 1632621564539_multipleSelect_ValidateElementAttribute_passed] @26-09-2021 01:59:24.0728 AM
[ReportManager] Browser Action [CloseCurrentWindow] successfully performed. @26-09-2021 01:59:24.0907 AM
[ReportManager] Successfully created attachment [Browser Action Test Data - CloseCurrentWindow - Actual Value] @26-09-2021 01:59:24.0908 A

################################################################################################################################################
Starting Execution:	[142 out of 144] test cases in the current suite
Test Method:		[testPackage01.Test_SelectedValue.simpleSelect]
################################################################################################################################################
[ReportManager] File Action [GetAbsolutePath] successfully performed. With the following test data [Relative Folder Path: "target/downloadedFiles/"]. @26-09-2021 01:59:24.0919 AM
[ReportManager] Attempting to run locally on: [Mac-64], [GoogleChrome], Headless Execution. @26-09-2021 01:59:24.0920 AM
[ReportManager] Identifying OS/Driver combination and selecting the correct driver version automatically. Please note that if a new driver executable will be downloaded it may take some time... @26-09-2021 01:59:24.0920 AM
[ReportManager] Successfully Opened Google Chrome. @26-09-2021 01:59:25.0482 AM
[ReportManager] Initial window size: (800, 600) @26-09-2021 01:59:25.0489 AM
[ReportManager] Window size after SWD Maximize: (800, 600) @26-09-2021 01:59:25.0625 AM
[ReportManager] Window size after Toolkit: (1920, 1080) @26-09-2021 01:59:26.0297 AM
[ReportManager] Browser Action [MaximizeWindow] successfully performed. With the following test data [New screen size is now: (1920, 1080)]. @26-09-2021 01:59:26.0299 AM
[ReportManager] Target URL: [https://yari-demos.prod.mdn.mozit.cloud/en-US/docs/Web/HTML/Element/select/_sample_.Basic_select.html] @26-09-2021 01:59:26.0299 AM
[ReportManager] Initial URL: [data:,] @26-09-2021 01:59:26.0381 AM
[ReportManager] Browser Action [NavigateToURL] successfully performed. With the following test data [https://yari-demos.prod.mdn.mozit.cloud/en-US/docs/Web/HTML/Element/select/_sample_.Basic_select.html]. @26-09-2021 01:59:26.0663 AM
[ReportManager] Element Action [Select] successfully performed. With the following test data [Third Value]. @26-09-2021 01:59:26.0914 AM
[ReportManager] Element Action [GetSelectedText] successfully performed. With the following test data [Third Value]. @26-09-2021 01:59:26.0984 AM
[ReportManager] Third Value @26-09-2021 01:59:26.0984 AM
[ReportManager] Element Action [GetSelectedText] successfully performed. With the following test data [Third Value]. @26-09-2021 01:59:27.0044 AM
[ReportManager] Loaded Shared OpenCV @26-09-2021 01:59:27.0544 AM
[ReportManager] Assertion [ValidateElementAttribute] PASSED. Expected [Value Should be 'Third Value' for the 'selectedText' attribute, element locator 'By.tagName: select'] and Actual [Third Value]. Comparison Type [EQUALS]. Validation Type [POSITIVE]. @26-09-2021 01:59:27.0727 AM
[ReportManager] Successfully created attachment [Screenshot - 1632621567543_simpleSelect_ValidateElementAttribute_passed] @26-09-2021 01:59:27.0727 AM
[ReportManager] Browser Action [CloseCurrentWindow] successfully performed. @26-09-2021 01:59:27.0906 AM
[ReportManager] Successfully created attachment [Browser Action Test Data - CloseCurrentWindow - Actual Value] @26-09-2021 01:59:27.0907 A
[ReportManager] File Action [GetAbsolutePath] successfully performed. With the following test data [Relative Folder Path: "target/downloadedFiles/"]. @26-09-2021 01:59:27.0910 AM
[ReportManager] Attempting to run locally on: [Mac-64], [Safari], Headless Execution. @26-09-2021 01:59:27.0910 AM
[ReportManager] Successfully Opened Safari. @26-09-2021 01:59:28.0784 AM
[ReportManager] Initial window size: (800, 600) @26-09-2021 01:59:28.0814 AM
[ReportManager] Window size after SWD Maximize: (1176, 811) @26-09-2021 01:59:28.0845 AM
[ReportManager] Browser Action [MaximizeWindow] successfully performed. With the following test data [New screen size is now: (1176, 811)]. @26-09-2021 01:59:28.0845 A

################################################################################################################################################
Starting Execution:	[143 out of 144] test cases in the current suite
Test Method:		[testPackage01.Test_dynamicLoading.dynamicLoading_elementIsHidden]
################################################################################################################################################
[ReportManager] Target URL: [https://the-internet.herokuapp.com/dynamic_loading/1] @26-09-2021 01:59:28.0850 AM
[ReportManager] Initial URL: [] @26-09-2021 01:59:28.0916 AM
[ReportManager] Browser Action [NavigateToURL] successfully performed. With the following test data [https://the-internet.herokuapp.com/dynamic_loading/1]. @26-09-2021 01:59:30.0115 AM
[ReportManager] Element Action [Click] successfully performed. With the following test data [Start]. @26-09-2021 01:59:30.0436 AM
[ReportManager] Element Action [GetText] successfully performed. With the following test data [
    Hello World!
  ]. @26-09-2021 01:59:30.0477 A
[ReportManager] Browser Action [CloseCurrentWindow] successfully performed. @26-09-2021 01:59:30.0580 AM
[ReportManager] Successfully created attachment [Browser Action Test Data - CloseCurrentWindow - Actual Value] @26-09-2021 01:59:30.0580 A
[ReportManager] File Action [GetAbsolutePath] successfully performed. With the following test data [Relative Folder Path: "target/downloadedFiles/"]. @26-09-2021 01:59:30.0582 AM
[ReportManager] Attempting to run locally on: [Mac-64], [Safari], Headless Execution. @26-09-2021 01:59:30.0582 AM
[ReportManager] Successfully Opened Safari. @26-09-2021 01:59:31.0485 AM
[ReportManager] Initial window size: (800, 600) @26-09-2021 01:59:31.0498 AM
[ReportManager] Window size after SWD Maximize: (1176, 811) @26-09-2021 01:59:31.0519 AM
[ReportManager] Browser Action [MaximizeWindow] successfully performed. With the following test data [New screen size is now: (1176, 811)]. @26-09-2021 01:59:31.0520 A

################################################################################################################################################
Starting Execution:	[144 out of 144] test cases in the current suite
Test Method:		[testPackage01.Test_dynamicLoading.dynamicLoading_elementIsRendered]
################################################################################################################################################
[ReportManager] Target URL: [https://the-internet.herokuapp.com/dynamic_loading/2] @26-09-2021 01:59:31.0522 AM
[ReportManager] Initial URL: [] @26-09-2021 01:59:31.0579 AM
[ReportManager] Browser Action [NavigateToURL] successfully performed. With the following test data [https://the-internet.herokuapp.com/dynamic_loading/2]. @26-09-2021 01:59:32.0812 AM
[ReportManager] Element Action [Click] successfully performed. With the following test data [Start]. @26-09-2021 01:59:33.0193 AM
[ReportManager] Element Action [GetText] successfully performed. With the following test data [Hello World!]. @26-09-2021 01:59:38.0628 AM
[ReportManager] Loaded Shared OpenCV @26-09-2021 01:59:38.0687 AM
[ReportManager] Assertion [ValidateElementAttribute] PASSED. Expected [Value Should be 'Hello World!' for the 'text' attribute, element locator 'By.id: finish'] and Actual [Hello World!]. Comparison Type [CONTAINS]. Validation Type [POSITIVE]. @26-09-2021 01:59:38.0775 AM
[ReportManager] Successfully created attachment [Screenshot - 1632621578687_dynamicLoading_elementIsRendered_ValidateElementAttribute_passed] @26-09-2021 01:59:38.0776 A
[ReportManager] Browser Action [CloseCurrentWindow] successfully performed. @26-09-2021 01:59:38.0885 AM
[ReportManager] Successfully created attachment [Browser Action Test Data - CloseCurrentWindow - Actual Value] @26-09-2021 01:59:38.0885 A

################################################################################################################################################
Test Closure Activities
################################################################################################################################################
[ReportManager] Successfully created attachment [SHAFT Engine Logs - Execution log] @26-09-2021 01:59:38.0920 AM

################################################################################################################################################
This test run was powered by SHAFT Engine Version: [SHAFT Engine v5.3.20210902]
SHAFT Engine is licensed under the MIT License: [https://github.com/MohabMohie/SHAFT_ENGINE/blob/master/LICENSE].
################################################################################################################################################