################################################################################################################################################
Detected SHAFT Engine Version: [SHAFT Engine v5.3.20210902]
################################################################################################################################################

################################################################################################################################################
Starting Execution:	[1 out of 144] test cases in the current suite
Test Method:		[unitTests.tests_validations_assertions.assertComparativeRelation_greaterThanOrEquals_false_equals_expectedToFail]
################################################################################################################################################
[ReportManager] Assertion [ValidateComparativeRelation] FAILED. Expected [1] and Actual [1]. Comparison Type [GREATER_THAN_OR_EQUALS]. Validation Type [NEGATIVE]. @23-09-2021 08:47:15.0849 A

################################################################################################################################################
Starting Execution:	[2 out of 144] test cases in the current suite
Test Method:		[unitTests.tests_validations_assertions.assertComparativeRelation_greaterThanOrEquals_false_equals_expectedToPass]
################################################################################################################################################
[ReportManager] Assertion [ValidateComparativeRelation] PASSED. Expected [2] and Actual [1]. Comparison Type [GREATER_THAN_OR_EQUALS]. Validation Type [NEGATIVE]. @23-09-2021 08:47:15.0949 A

################################################################################################################################################
Starting Execution:	[3 out of 144] test cases in the current suite
Test Method:		[unitTests.tests_validations_assertions.assertComparativeRelation_greaterThanOrEquals_false_greaterThan_expectedToFail]
################################################################################################################################################
[ReportManager] Assertion [ValidateComparativeRelation] FAILED. Expected [1] and Actual [2]. Comparison Type [GREATER_THAN_OR_EQUALS]. Validation Type [NEGATIVE]. @23-09-2021 08:47:15.0956 A

################################################################################################################################################
Starting Execution:	[4 out of 144] test cases in the current suite
Test Method:		[unitTests.tests_validations_assertions.assertComparativeRelation_greaterThanOrEquals_false_greaterThan_expectedToPass]
################################################################################################################################################
[ReportManager] Assertion [ValidateComparativeRelation] PASSED. Expected [2] and Actual [1]. Comparison Type [GREATER_THAN_OR_EQUALS]. Validation Type [NEGATIVE]. @23-09-2021 08:47:15.0963 A

################################################################################################################################################
Starting Execution:	[5 out of 144] test cases in the current suite
Test Method:		[unitTests.tests_validations_assertions.assertComparativeRelation_greaterThanOrEquals_true_equals_expectedToFail]
################################################################################################################################################
[ReportManager] Assertion [ValidateComparativeRelation] FAILED. Expected [1] and Actual [0]. Comparison Type [GREATER_THAN_OR_EQUALS]. Validation Type [POSITIVE]. @23-09-2021 08:47:15.0970 A

################################################################################################################################################
Starting Execution:	[6 out of 144] test cases in the current suite
Test Method:		[unitTests.tests_validations_assertions.assertComparativeRelation_greaterThanOrEquals_true_equals_expectedToPass]
################################################################################################################################################
[ReportManager] Assertion [ValidateComparativeRelation] PASSED. Expected [1] and Actual [1]. Comparison Type [GREATER_THAN_OR_EQUALS]. Validation Type [POSITIVE]. @23-09-2021 08:47:15.0976 A

################################################################################################################################################
Starting Execution:	[7 out of 144] test cases in the current suite
Test Method:		[unitTests.tests_validations_assertions.assertComparativeRelation_greaterThanOrEquals_true_greaterThan_expectedToFail]
################################################################################################################################################
[ReportManager] Assertion [ValidateComparativeRelation] FAILED. Expected [2] and Actual [1]. Comparison Type [GREATER_THAN_OR_EQUALS]. Validation Type [POSITIVE]. @23-09-2021 08:47:15.0981 A

################################################################################################################################################
Starting Execution:	[8 out of 144] test cases in the current suite
Test Method:		[unitTests.tests_validations_assertions.assertComparativeRelation_greaterThanOrEquals_true_greaterThan_expectedToPass]
################################################################################################################################################
[ReportManager] Assertion [ValidateComparativeRelation] PASSED. Expected [1] and Actual [2]. Comparison Type [GREATER_THAN_OR_EQUALS]. Validation Type [POSITIVE]. @23-09-2021 08:47:15.0987 A
[ReportManager] File Action [GetAbsolutePath] successfully performed. With the following test data [Relative Folder Path: "target/downloadedFiles/"]. @23-09-2021 08:47:16.0000 AM
[ReportManager] Attempting to run remotely on: [Linux-64], [GoogleChrome], [http://localhost:4444/wd/hub], Headless Execution. @23-09-2021 08:47:16.0028 AM
[ReportManager] Successfully Opened [GoogleChrome]. @23-09-2021 08:47:17.0719 AM
[ReportManager] Target URL: [https://www.google.com/ncr], and after redirection: [www.google.com] @23-09-2021 08:47:17.0791 AM
[ReportManager] Initial URL: [data:,] @23-09-2021 08:47:17.0909 AM
[ReportManager] Browser Action [NavigateToURL] successfully performed. With the following test data [https://www.google.com/ncr]. @23-09-2021 08:47:19.0239 A

################################################################################################################################################
Starting Execution:	[9 out of 144] test cases in the current suite
Test Method:		[unitTests.tests_validations_assertions.assertElementAttribute_false_caseInsensitiveComparison_expectedToFail]
################################################################################################################################################
[ReportManager] Element Action [Type] successfully performed. With the following test data [AUTOMATION]. @23-09-2021 08:47:19.0777 AM
[ReportManager] Element Action [GetText] successfully performed. With the following test data [AUTOMATION]. @23-09-2021 08:47:19.0929 AM
[ReportManager] Loaded Shared OpenCV @23-09-2021 08:47:20.0603 AM
[ReportManager] Assertion [ValidateElementAttribute] FAILED. Expected [Value Should not be 'AutomaTion' for the 'text' attribute, element locator 'By.name: q'] and Actual [AUTOMATION]. Comparison Type [CASE_INSENSITIVE]. Validation Type [NEGATIVE]. @23-09-2021 08:47:20.0882 AM
[ReportManager] Successfully created attachment [Screenshot - 1632386840139_assertElementAttribute_false_caseInsensitiveComparison_expectedToFail_ValidateElementAttribute_failed] @23-09-2021 08:47:20.0908 A
[ReportManager] Browser Action [CloseCurrentWindow] successfully performed. @23-09-2021 08:47:21.0074 AM
[ReportManager] Successfully created attachment [Browser Action Test Data - CloseCurrentWindow - Actual Value] @23-09-2021 08:47:21.0081 A
[ReportManager] File Action [GetAbsolutePath] successfully performed. With the following test data [Relative Folder Path: "target/downloadedFiles/"]. @23-09-2021 08:47:21.0093 AM
[ReportManager] Attempting to run remotely on: [Linux-64], [GoogleChrome], [http://localhost:4444/wd/hub], Headless Execution. @23-09-2021 08:47:21.0096 AM
[ReportManager] Successfully Opened [GoogleChrome]. @23-09-2021 08:47:21.0346 AM
[ReportManager] Target URL: [https://www.google.com/ncr], and after redirection: [www.google.com] @23-09-2021 08:47:21.0366 AM
[ReportManager] Initial URL: [data:,] @23-09-2021 08:47:21.0431 AM
[ReportManager] Browser Action [NavigateToURL] successfully performed. With the following test data [https://www.google.com/ncr]. @23-09-2021 08:47:22.0324 A

################################################################################################################################################
Starting Execution:	[10 out of 144] test cases in the current suite
Test Method:		[unitTests.tests_validations_assertions.assertElementAttribute_false_caseInsensitiveComparison_expectedToPass]
################################################################################################################################################
[ReportManager] Element Action [Type] successfully performed. With the following test data [AUTOMATION]. @23-09-2021 08:47:22.0776 AM
[ReportManager] Element Action [GetText] successfully performed. With the following test data [AUTOMATION]. @23-09-2021 08:47:22.0918 AM
[ReportManager] Loaded Shared OpenCV @23-09-2021 08:47:23.0093 AM
[ReportManager] Assertion [ValidateElementAttribute] PASSED. Expected [Value Should not be 'AutomaTion123' for the 'text' attribute, element locator 'By.name: q'] and Actual [AUTOMATION]. Comparison Type [CASE_INSENSITIVE]. Validation Type [NEGATIVE]. @23-09-2021 08:47:23.0205 AM
[ReportManager] Successfully created attachment [Screenshot - 1632386843093_assertElementAttribute_false_caseInsensitiveComparison_expectedToPass_ValidateElementAttribute_passed] @23-09-2021 08:47:23.0208 A
[ReportManager] Browser Action [CloseCurrentWindow] successfully performed. @23-09-2021 08:47:23.0347 AM
[ReportManager] Successfully created attachment [Browser Action Test Data - CloseCurrentWindow - Actual Value] @23-09-2021 08:47:23.0349 A
[ReportManager] File Action [GetAbsolutePath] successfully performed. With the following test data [Relative Folder Path: "target/downloadedFiles/"]. @23-09-2021 08:47:23.0358 AM
[ReportManager] Attempting to run remotely on: [Linux-64], [GoogleChrome], [http://localhost:4444/wd/hub], Headless Execution. @23-09-2021 08:47:23.0358 AM
[ReportManager] Successfully Opened [GoogleChrome]. @23-09-2021 08:47:23.0602 AM
[ReportManager] Target URL: [https://www.google.com/ncr], and after redirection: [www.google.com] @23-09-2021 08:47:23.0623 AM
[ReportManager] Initial URL: [data:,] @23-09-2021 08:47:23.0701 AM
[ReportManager] Browser Action [NavigateToURL] successfully performed. With the following test data [https://www.google.com/ncr]. @23-09-2021 08:47:24.0570 A

################################################################################################################################################
Starting Execution:	[11 out of 144] test cases in the current suite
Test Method:		[unitTests.tests_validations_assertions.assertElementAttribute_false_containsComparison_expectedToFail]
################################################################################################################################################
[ReportManager] Element Action [Type] successfully performed. With the following test data [Automation123]. @23-09-2021 08:47:24.0968 AM
[ReportManager] Element Action [GetText] successfully performed. With the following test data [Automation123]. @23-09-2021 08:47:25.0090 AM
[ReportManager] Loaded Shared OpenCV @23-09-2021 08:47:25.0244 AM
[ReportManager] Assertion [ValidateElementAttribute] FAILED. Expected [Value Should not be 'Automation' for the 'text' attribute, element locator 'By.name: q'] and Actual [Automation123]. Comparison Type [CONTAINS]. Validation Type [NEGATIVE]. @23-09-2021 08:47:25.0320 AM
[ReportManager] Successfully created attachment [Screenshot - 1632386845244_assertElementAttribute_false_containsComparison_expectedToFail_ValidateElementAttribute_failed] @23-09-2021 08:47:25.0321 A
[ReportManager] Browser Action [CloseCurrentWindow] successfully performed. @23-09-2021 08:47:25.0481 AM
[ReportManager] Successfully created attachment [Browser Action Test Data - CloseCurrentWindow - Actual Value] @23-09-2021 08:47:25.0482 A
[ReportManager] File Action [GetAbsolutePath] successfully performed. With the following test data [Relative Folder Path: "target/downloadedFiles/"]. @23-09-2021 08:47:25.0487 AM
[ReportManager] Attempting to run remotely on: [Linux-64], [GoogleChrome], [http://localhost:4444/wd/hub], Headless Execution. @23-09-2021 08:47:25.0487 AM
[ReportManager] Successfully Opened [GoogleChrome]. @23-09-2021 08:47:25.0725 AM
[ReportManager] Target URL: [https://www.google.com/ncr], and after redirection: [www.google.com] @23-09-2021 08:47:25.0739 AM
[ReportManager] Initial URL: [data:,] @23-09-2021 08:47:25.0791 AM
[ReportManager] Browser Action [NavigateToURL] successfully performed. With the following test data [https://www.google.com/ncr]. @23-09-2021 08:47:26.0618 A

################################################################################################################################################
Starting Execution:	[12 out of 144] test cases in the current suite
Test Method:		[unitTests.tests_validations_assertions.assertElementAttribute_false_containsComparison_expectedToPass]
################################################################################################################################################
[ReportManager] Element Action [Type] successfully performed. With the following test data [Automation123]. @23-09-2021 08:47:27.0020 AM
[ReportManager] Element Action [GetText] successfully performed. With the following test data [Automation123]. @23-09-2021 08:47:27.0137 AM
[ReportManager] Loaded Shared OpenCV @23-09-2021 08:47:27.0287 AM
[ReportManager] Assertion [ValidateElementAttribute] PASSED. Expected [Value Should not be 'Automation1234' for the 'text' attribute, element locator 'By.name: q'] and Actual [Automation123]. Comparison Type [CONTAINS]. Validation Type [NEGATIVE]. @23-09-2021 08:47:27.0357 AM
[ReportManager] Successfully created attachment [Screenshot - 1632386847287_assertElementAttribute_false_containsComparison_expectedToPass_ValidateElementAttribute_passed] @23-09-2021 08:47:27.0358 A
[ReportManager] Browser Action [CloseCurrentWindow] successfully performed. @23-09-2021 08:47:27.0499 AM
[ReportManager] Successfully created attachment [Browser Action Test Data - CloseCurrentWindow - Actual Value] @23-09-2021 08:47:27.0500 A
[ReportManager] File Action [GetAbsolutePath] successfully performed. With the following test data [Relative Folder Path: "target/downloadedFiles/"]. @23-09-2021 08:47:27.0509 AM
[ReportManager] Attempting to run remotely on: [Linux-64], [GoogleChrome], [http://localhost:4444/wd/hub], Headless Execution. @23-09-2021 08:47:27.0509 AM
[ReportManager] Successfully Opened [GoogleChrome]. @23-09-2021 08:47:27.0725 AM
[ReportManager] Target URL: [https://www.google.com/ncr], and after redirection: [www.google.com] @23-09-2021 08:47:27.0752 AM
[ReportManager] Initial URL: [data:,] @23-09-2021 08:47:27.0816 AM
[ReportManager] Browser Action [NavigateToURL] successfully performed. With the following test data [https://www.google.com/ncr]. @23-09-2021 08:47:28.0671 A

################################################################################################################################################
Starting Execution:	[13 out of 144] test cases in the current suite
Test Method:		[unitTests.tests_validations_assertions.assertElementAttribute_false_literalComparison_expectedToFail]
################################################################################################################################################
[ReportManager] Element Action [Type] successfully performed. With the following test data [Automation!@#$%^&*()_+{}[]\';/.,]. @23-09-2021 08:47:29.0170 AM
[ReportManager] Element Action [GetText] successfully performed. With the following test data [Automation!@#$%^&*()_+{}[]\';/.,]. @23-09-2021 08:47:29.0297 AM
[ReportManager] Loaded Shared OpenCV @23-09-2021 08:47:29.0453 AM
[ReportManager] Assertion [ValidateElementAttribute] PASSED. Expected [Value Should not be 'Automation!@#$%^&*()_+{}[]\\';/.,' for the 'text' attribute, element locator 'By.name: q'] and Actual [Automation!@#$%^&*()_+{}[]\';/.,]. Comparison Type [EQUALS]. Validation Type [NEGATIVE]. @23-09-2021 08:47:29.0536 AM
[ReportManager] Successfully created attachment [Screenshot - 1632386849452_assertElementAttribute_false_literalComparison_expectedToFail_ValidateElementAttribute_passed] @23-09-2021 08:47:29.0538 A
[ReportManager] Browser Action [CloseCurrentWindow] successfully performed. @23-09-2021 08:47:29.0674 AM
[ReportManager] Successfully created attachment [Browser Action Test Data - CloseCurrentWindow - Actual Value] @23-09-2021 08:47:29.0675 A
[ReportManager] File Action [GetAbsolutePath] successfully performed. With the following test data [Relative Folder Path: "target/downloadedFiles/"]. @23-09-2021 08:47:29.0686 AM
[ReportManager] Attempting to run remotely on: [Linux-64], [GoogleChrome], [http://localhost:4444/wd/hub], Headless Execution. @23-09-2021 08:47:29.0687 AM
[ReportManager] Successfully Opened [GoogleChrome]. @23-09-2021 08:47:29.0917 AM
[ReportManager] Target URL: [https://www.google.com/ncr], and after redirection: [www.google.com] @23-09-2021 08:47:29.0933 AM
[ReportManager] Initial URL: [data:,] @23-09-2021 08:47:29.0983 AM
[ReportManager] Browser Action [NavigateToURL] successfully performed. With the following test data [https://www.google.com/ncr]. @23-09-2021 08:47:30.0890 A

################################################################################################################################################
Starting Execution:	[14 out of 144] test cases in the current suite
Test Method:		[unitTests.tests_validations_assertions.assertElementAttribute_false_literalComparison_expectedToPass]
################################################################################################################################################
[ReportManager] Element Action [Type] successfully performed. With the following test data [Automation!@#$%^&*()_+{}[]\';/.,]. @23-09-2021 08:47:31.0364 AM
[ReportManager] Element Action [GetText] successfully performed. With the following test data [Automation!@#$%^&*()_+{}[]\';/.,]. @23-09-2021 08:47:31.0468 AM
[ReportManager] Loaded Shared OpenCV @23-09-2021 08:47:31.0632 AM
[ReportManager] Assertion [ValidateElementAttribute] PASSED. Expected [Value Should not be 'Automation' for the 'text' attribute, element locator 'By.name: q'] and Actual [Automation!@#$%^&*()_+{}[]\';/.,]. Comparison Type [EQUALS]. Validation Type [NEGATIVE]. @23-09-2021 08:47:31.0712 AM
[ReportManager] Successfully created attachment [Screenshot - 1632386851632_assertElementAttribute_false_literalComparison_expectedToPass_ValidateElementAttribute_passed] @23-09-2021 08:47:31.0714 A
[ReportManager] Browser Action [CloseCurrentWindow] successfully performed. @23-09-2021 08:47:31.0836 AM
[ReportManager] Successfully created attachment [Browser Action Test Data - CloseCurrentWindow - Actual Value] @23-09-2021 08:47:31.0837 A
[ReportManager] File Action [GetAbsolutePath] successfully performed. With the following test data [Relative Folder Path: "target/downloadedFiles/"]. @23-09-2021 08:47:31.0846 AM
[ReportManager] Attempting to run remotely on: [Linux-64], [GoogleChrome], [http://localhost:4444/wd/hub], Headless Execution. @23-09-2021 08:47:31.0847 AM
[ReportManager] Successfully Opened [GoogleChrome]. @23-09-2021 08:47:32.0061 AM
[ReportManager] Target URL: [https://www.google.com/ncr], and after redirection: [www.google.com] @23-09-2021 08:47:32.0086 AM
[ReportManager] Initial URL: [data:,] @23-09-2021 08:47:32.0136 AM
[ReportManager] Browser Action [NavigateToURL] successfully performed. With the following test data [https://www.google.com/ncr]. @23-09-2021 08:47:32.0969 A

################################################################################################################################################
Starting Execution:	[15 out of 144] test cases in the current suite
Test Method:		[unitTests.tests_validations_assertions.assertElementAttribute_false_regexComparison_expectedToFail]
################################################################################################################################################
[ReportManager] Element Action [Type] successfully performed. With the following test data [Automation123]. @23-09-2021 08:47:33.0307 AM
[ReportManager] Element Action [GetText] successfully performed. With the following test data [Automation123]. @23-09-2021 08:47:33.0401 AM
[ReportManager] Loaded Shared OpenCV @23-09-2021 08:47:33.0537 AM
[ReportManager] Assertion [ValidateElementAttribute] FAILED. Expected [Value Should not be 'Automation.*' for the 'text' attribute, element locator 'By.name: q'] and Actual [Automation123]. Comparison Type [MATCHES]. Validation Type [NEGATIVE]. @23-09-2021 08:47:33.0604 AM
[ReportManager] Successfully created attachment [Screenshot - 1632386853536_assertElementAttribute_false_regexComparison_expectedToFail_ValidateElementAttribute_failed] @23-09-2021 08:47:33.0605 A
[ReportManager] Browser Action [CloseCurrentWindow] successfully performed. @23-09-2021 08:47:33.0729 AM
[ReportManager] Successfully created attachment [Browser Action Test Data - CloseCurrentWindow - Actual Value] @23-09-2021 08:47:33.0730 A
[ReportManager] File Action [GetAbsolutePath] successfully performed. With the following test data [Relative Folder Path: "target/downloadedFiles/"]. @23-09-2021 08:47:33.0733 AM
[ReportManager] Attempting to run remotely on: [Linux-64], [GoogleChrome], [http://localhost:4444/wd/hub], Headless Execution. @23-09-2021 08:47:33.0734 AM
[ReportManager] Successfully Opened [GoogleChrome]. @23-09-2021 08:47:33.0971 AM
[ReportManager] Target URL: [https://www.google.com/ncr], and after redirection: [www.google.com] @23-09-2021 08:47:33.0984 AM
[ReportManager] Initial URL: [data:,] @23-09-2021 08:47:34.0032 AM
[ReportManager] Browser Action [NavigateToURL] successfully performed. With the following test data [https://www.google.com/ncr]. @23-09-2021 08:47:34.0862 A

################################################################################################################################################
Starting Execution:	[16 out of 144] test cases in the current suite
Test Method:		[unitTests.tests_validations_assertions.assertElementAttribute_false_regexComparison_expectedToPass]
################################################################################################################################################
[ReportManager] Element Action [Type] successfully performed. With the following test data [Automation123]. @23-09-2021 08:47:35.0219 AM
[ReportManager] Element Action [GetText] successfully performed. With the following test data [Automation123]. @23-09-2021 08:47:35.0332 AM
[ReportManager] Loaded Shared OpenCV @23-09-2021 08:47:35.0470 AM
[ReportManager] Assertion [ValidateElementAttribute] PASSED. Expected [Value Should not be 'Automation' for the 'text' attribute, element locator 'By.name: q'] and Actual [Automation123]. Comparison Type [MATCHES]. Validation Type [NEGATIVE]. @23-09-2021 08:47:35.0538 AM
[ReportManager] Successfully created attachment [Screenshot - 1632386855470_assertElementAttribute_false_regexComparison_expectedToPass_ValidateElementAttribute_passed] @23-09-2021 08:47:35.0539 A
[ReportManager] Browser Action [CloseCurrentWindow] successfully performed. @23-09-2021 08:47:35.0678 AM
[ReportManager] Successfully created attachment [Browser Action Test Data - CloseCurrentWindow - Actual Value] @23-09-2021 08:47:35.0678 A
[ReportManager] File Action [GetAbsolutePath] successfully performed. With the following test data [Relative Folder Path: "target/downloadedFiles/"]. @23-09-2021 08:47:35.0686 AM
[ReportManager] Attempting to run remotely on: [Linux-64], [GoogleChrome], [http://localhost:4444/wd/hub], Headless Execution. @23-09-2021 08:47:35.0686 AM
[ReportManager] Successfully Opened [GoogleChrome]. @23-09-2021 08:47:35.0931 AM
[ReportManager] Target URL: [https://www.google.com/ncr], and after redirection: [www.google.com] @23-09-2021 08:47:35.0945 AM
[ReportManager] Initial URL: [data:,] @23-09-2021 08:47:36.0000 AM
[ReportManager] Browser Action [NavigateToURL] successfully performed. With the following test data [https://www.google.com/ncr]. @23-09-2021 08:47:36.0954 A

################################################################################################################################################
Starting Execution:	[17 out of 144] test cases in the current suite
Test Method:		[unitTests.tests_validations_assertions.assertElementAttribute_true_caseInsensitiveComparison_expectedToFail]
################################################################################################################################################
[ReportManager] Element Action [Type] successfully performed. With the following test data [AUTOMATION]. @23-09-2021 08:47:37.0324 AM
[ReportManager] Element Action [GetText] successfully performed. With the following test data [AUTOMATION]. @23-09-2021 08:47:37.0431 AM
[ReportManager] Loaded Shared OpenCV @23-09-2021 08:47:37.0566 AM
[ReportManager] Assertion [ValidateElementAttribute] FAILED. Expected [Value Should be 'AutomaTion123' for the 'text' attribute, element locator 'By.name: q'] and Actual [AUTOMATION]. Comparison Type [CASE_INSENSITIVE]. Validation Type [POSITIVE]. @23-09-2021 08:47:37.0644 AM
[ReportManager] Successfully created attachment [Screenshot - 1632386857566_assertElementAttribute_true_caseInsensitiveComparison_expectedToFail_ValidateElementAttribute_failed] @23-09-2021 08:47:37.0645 A
[ReportManager] Browser Action [CloseCurrentWindow] successfully performed. @23-09-2021 08:47:37.0786 AM
[ReportManager] Successfully created attachment [Browser Action Test Data - CloseCurrentWindow - Actual Value] @23-09-2021 08:47:37.0787 A
[ReportManager] File Action [GetAbsolutePath] successfully performed. With the following test data [Relative Folder Path: "target/downloadedFiles/"]. @23-09-2021 08:47:37.0789 AM
[ReportManager] Attempting to run remotely on: [Linux-64], [GoogleChrome], [http://localhost:4444/wd/hub], Headless Execution. @23-09-2021 08:47:37.0790 AM
[ReportManager] Successfully Opened [GoogleChrome]. @23-09-2021 08:47:37.0993 AM
[ReportManager] Target URL: [https://www.google.com/ncr], and after redirection: [www.google.com] @23-09-2021 08:47:38.0004 AM
[ReportManager] Initial URL: [data:,] @23-09-2021 08:47:38.0046 AM
[ReportManager] Browser Action [NavigateToURL] successfully performed. With the following test data [https://www.google.com/ncr]. @23-09-2021 08:47:38.0866 A

################################################################################################################################################
Starting Execution:	[18 out of 144] test cases in the current suite
Test Method:		[unitTests.tests_validations_assertions.assertElementAttribute_true_caseInsensitiveComparison_expectedToPass]
################################################################################################################################################
[ReportManager] Element Action [Type] successfully performed. With the following test data [AUTOMATION]. @23-09-2021 08:47:39.0228 AM
[ReportManager] Element Action [GetText] successfully performed. With the following test data [AUTOMATION]. @23-09-2021 08:47:39.0326 AM
[ReportManager] Loaded Shared OpenCV @23-09-2021 08:47:39.0466 AM
[ReportManager] Assertion [ValidateElementAttribute] PASSED. Expected [Value Should be 'AutomaTion' for the 'text' attribute, element locator 'By.name: q'] and Actual [AUTOMATION]. Comparison Type [CASE_INSENSITIVE]. Validation Type [POSITIVE]. @23-09-2021 08:47:39.0532 AM
[ReportManager] Successfully created attachment [Screenshot - 1632386859466_assertElementAttribute_true_caseInsensitiveComparison_expectedToPass_ValidateElementAttribute_passed] @23-09-2021 08:47:39.0533 A
[ReportManager] Browser Action [CloseCurrentWindow] successfully performed. @23-09-2021 08:47:39.0654 AM
[ReportManager] Successfully created attachment [Browser Action Test Data - CloseCurrentWindow - Actual Value] @23-09-2021 08:47:39.0655 A
[ReportManager] File Action [GetAbsolutePath] successfully performed. With the following test data [Relative Folder Path: "target/downloadedFiles/"]. @23-09-2021 08:47:39.0658 AM
[ReportManager] Attempting to run remotely on: [Linux-64], [GoogleChrome], [http://localhost:4444/wd/hub], Headless Execution. @23-09-2021 08:47:39.0658 AM
[ReportManager] Successfully Opened [GoogleChrome]. @23-09-2021 08:47:39.0850 AM
[ReportManager] Target URL: [https://www.google.com/ncr], and after redirection: [www.google.com] @23-09-2021 08:47:39.0864 AM
[ReportManager] Initial URL: [data:,] @23-09-2021 08:47:39.0916 AM
[ReportManager] Browser Action [NavigateToURL] successfully performed. With the following test data [https://www.google.com/ncr]. @23-09-2021 08:47:40.0690 A

################################################################################################################################################
Starting Execution:	[19 out of 144] test cases in the current suite
Test Method:		[unitTests.tests_validations_assertions.assertElementAttribute_true_containsComparison_expectedToFail]
################################################################################################################################################
[ReportManager] Element Action [Type] successfully performed. With the following test data [Automation123]. @23-09-2021 08:47:41.0045 AM
[ReportManager] Element Action [GetText] successfully performed. With the following test data [Automation123]. @23-09-2021 08:47:41.0172 AM
[ReportManager] Loaded Shared OpenCV @23-09-2021 08:47:41.0304 AM
[ReportManager] Assertion [ValidateElementAttribute] FAILED. Expected [Value Should be 'Automation1234' for the 'text' attribute, element locator 'By.name: q'] and Actual [Automation123]. Comparison Type [CONTAINS]. Validation Type [POSITIVE]. @23-09-2021 08:47:41.0372 AM
[ReportManager] Successfully created attachment [Screenshot - 1632386861304_assertElementAttribute_true_containsComparison_expectedToFail_ValidateElementAttribute_failed] @23-09-2021 08:47:41.0373 A
[ReportManager] Browser Action [CloseCurrentWindow] successfully performed. @23-09-2021 08:47:41.0513 AM
[ReportManager] Successfully created attachment [Browser Action Test Data - CloseCurrentWindow - Actual Value] @23-09-2021 08:47:41.0513 A
[ReportManager] File Action [GetAbsolutePath] successfully performed. With the following test data [Relative Folder Path: "target/downloadedFiles/"]. @23-09-2021 08:47:41.0516 AM
[ReportManager] Attempting to run remotely on: [Linux-64], [GoogleChrome], [http://localhost:4444/wd/hub], Headless Execution. @23-09-2021 08:47:41.0517 AM
[ReportManager] Successfully Opened [GoogleChrome]. @23-09-2021 08:47:41.0727 AM
[ReportManager] Target URL: [https://www.google.com/ncr], and after redirection: [www.google.com] @23-09-2021 08:47:41.0746 AM
[ReportManager] Initial URL: [data:,] @23-09-2021 08:47:41.0788 AM
[ReportManager] Browser Action [NavigateToURL] successfully performed. With the following test data [https://www.google.com/ncr]. @23-09-2021 08:47:42.0571 A

################################################################################################################################################
Starting Execution:	[20 out of 144] test cases in the current suite
Test Method:		[unitTests.tests_validations_assertions.assertElementAttribute_true_containsComparison_expectedToPass]
################################################################################################################################################
[ReportManager] Element Action [Type] successfully performed. With the following test data [Automation123]. @23-09-2021 08:47:43.0015 AM
[ReportManager] Element Action [GetText] successfully performed. With the following test data [Automation123]. @23-09-2021 08:47:43.0122 AM
[ReportManager] Loaded Shared OpenCV @23-09-2021 08:47:43.0236 AM
[ReportManager] Assertion [ValidateElementAttribute] PASSED. Expected [Value Should be 'Automation' for the 'text' attribute, element locator 'By.name: q'] and Actual [Automation123]. Comparison Type [CONTAINS]. Validation Type [POSITIVE]. @23-09-2021 08:47:43.0308 AM
[ReportManager] Successfully created attachment [Screenshot - 1632386863236_assertElementAttribute_true_containsComparison_expectedToPass_ValidateElementAttribute_passed] @23-09-2021 08:47:43.0309 A
[ReportManager] Browser Action [CloseCurrentWindow] successfully performed. @23-09-2021 08:47:43.0437 AM
[ReportManager] Successfully created attachment [Browser Action Test Data - CloseCurrentWindow - Actual Value] @23-09-2021 08:47:43.0437 A
[ReportManager] File Action [GetAbsolutePath] successfully performed. With the following test data [Relative Folder Path: "target/downloadedFiles/"]. @23-09-2021 08:47:43.0441 AM
[ReportManager] Attempting to run remotely on: [Linux-64], [GoogleChrome], [http://localhost:4444/wd/hub], Headless Execution. @23-09-2021 08:47:43.0441 AM
[ReportManager] Successfully Opened [GoogleChrome]. @23-09-2021 08:47:43.0690 AM
[ReportManager] Target URL: [https://www.google.com/ncr], and after redirection: [www.google.com] @23-09-2021 08:47:43.0702 AM
[ReportManager] Initial URL: [data:,] @23-09-2021 08:47:43.0740 AM
[ReportManager] Browser Action [NavigateToURL] successfully performed. With the following test data [https://www.google.com/ncr]. @23-09-2021 08:47:44.0603 A

################################################################################################################################################
Starting Execution:	[21 out of 144] test cases in the current suite
Test Method:		[unitTests.tests_validations_assertions.assertElementAttribute_true_literalComparison_expectedToFail]
################################################################################################################################################
[ReportManager] Element Action [Type] successfully performed. With the following test data [Automation!@#$%^&*()_+{}[]\';/.,]. @23-09-2021 08:47:45.0085 AM
[ReportManager] Element Action [GetText] successfully performed. With the following test data [Automation!@#$%^&*()_+{}[]\';/.,]. @23-09-2021 08:47:45.0185 AM
[ReportManager] Loaded Shared OpenCV @23-09-2021 08:47:45.0351 AM
[ReportManager] Assertion [ValidateElementAttribute] FAILED. Expected [Value Should be 'Automation' for the 'text' attribute, element locator 'By.name: q'] and Actual [Automation!@#$%^&*()_+{}[]\';/.,]. Comparison Type [EQUALS]. Validation Type [POSITIVE]. @23-09-2021 08:47:45.0454 AM
[ReportManager] Successfully created attachment [Screenshot - 1632386865350_assertElementAttribute_true_literalComparison_expectedToFail_ValidateElementAttribute_failed] @23-09-2021 08:47:45.0456 A
[ReportManager] Browser Action [CloseCurrentWindow] successfully performed. @23-09-2021 08:47:45.0584 AM
[ReportManager] Successfully created attachment [Browser Action Test Data - CloseCurrentWindow - Actual Value] @23-09-2021 08:47:45.0585 A
[ReportManager] File Action [GetAbsolutePath] successfully performed. With the following test data [Relative Folder Path: "target/downloadedFiles/"]. @23-09-2021 08:47:45.0589 AM
[ReportManager] Attempting to run remotely on: [Linux-64], [GoogleChrome], [http://localhost:4444/wd/hub], Headless Execution. @23-09-2021 08:47:45.0589 AM
[ReportManager] Successfully Opened [GoogleChrome]. @23-09-2021 08:47:45.0854 AM
[ReportManager] Target URL: [https://www.google.com/ncr], and after redirection: [www.google.com] @23-09-2021 08:47:45.0869 AM
[ReportManager] Initial URL: [data:,] @23-09-2021 08:47:45.0920 AM
[ReportManager] Browser Action [NavigateToURL] successfully performed. With the following test data [https://www.google.com/ncr]. @23-09-2021 08:47:46.0793 A

################################################################################################################################################
Starting Execution:	[22 out of 144] test cases in the current suite
Test Method:		[unitTests.tests_validations_assertions.assertElementAttribute_true_literalComparison_expectedToPass]
################################################################################################################################################
[ReportManager] Element Action [Type] successfully performed. With the following test data [Automation!@#$%^&*()_+{}[]\';/.,]. @23-09-2021 08:47:47.0227 AM
[ReportManager] Element Action [GetText] successfully performed. With the following test data [Automation!@#$%^&*()_+{}[]\';/.,]. @23-09-2021 08:47:47.0315 AM
[ReportManager] Loaded Shared OpenCV @23-09-2021 08:47:47.0445 AM
[ReportManager] Assertion [ValidateElementAttribute] PASSED. Expected [Value Should be 'Automation!@#$%^&*()_+{}[]\';/.,' for the 'text' attribute, element locator 'By.name: q'] and Actual [Automation!@#$%^&*()_+{}[]\';/.,]. Comparison Type [EQUALS]. Validation Type [POSITIVE]. @23-09-2021 08:47:47.0514 AM
[ReportManager] Successfully created attachment [Screenshot - 1632386867445_assertElementAttribute_true_literalComparison_expectedToPass_ValidateElementAttribute_passed] @23-09-2021 08:47:47.0515 A
[ReportManager] Browser Action [CloseCurrentWindow] successfully performed. @23-09-2021 08:47:47.0635 AM
[ReportManager] Successfully created attachment [Browser Action Test Data - CloseCurrentWindow - Actual Value] @23-09-2021 08:47:47.0636 A
[ReportManager] File Action [GetAbsolutePath] successfully performed. With the following test data [Relative Folder Path: "target/downloadedFiles/"]. @23-09-2021 08:47:47.0638 AM
[ReportManager] Attempting to run remotely on: [Linux-64], [GoogleChrome], [http://localhost:4444/wd/hub], Headless Execution. @23-09-2021 08:47:47.0639 AM
[ReportManager] Successfully Opened [GoogleChrome]. @23-09-2021 08:47:47.0878 AM
[ReportManager] Target URL: [https://www.google.com/ncr], and after redirection: [www.google.com] @23-09-2021 08:47:47.0890 AM
[ReportManager] Initial URL: [data:,] @23-09-2021 08:47:47.0931 AM
[ReportManager] Browser Action [NavigateToURL] successfully performed. With the following test data [https://www.google.com/ncr]. @23-09-2021 08:47:48.0717 A

################################################################################################################################################
Starting Execution:	[23 out of 144] test cases in the current suite
Test Method:		[unitTests.tests_validations_assertions.assertElementAttribute_true_regexComparison_expectedToFail]
################################################################################################################################################
[ReportManager] Element Action [Type] successfully performed. With the following test data [Automation123]. @23-09-2021 08:47:49.0050 AM
[ReportManager] Element Action [GetText] successfully performed. With the following test data [Automation123]. @23-09-2021 08:47:49.0137 AM
[ReportManager] Loaded Shared OpenCV @23-09-2021 08:47:49.0271 AM
[ReportManager] Assertion [ValidateElementAttribute] FAILED. Expected [Value Should be 'Automation' for the 'text' attribute, element locator 'By.name: q'] and Actual [Automation123]. Comparison Type [MATCHES]. Validation Type [POSITIVE]. @23-09-2021 08:47:49.0336 AM
[ReportManager] Successfully created attachment [Screenshot - 1632386869271_assertElementAttribute_true_regexComparison_expectedToFail_ValidateElementAttribute_failed] @23-09-2021 08:47:49.0337 A
[ReportManager] Browser Action [CloseCurrentWindow] successfully performed. @23-09-2021 08:47:49.0464 AM
[ReportManager] Successfully created attachment [Browser Action Test Data - CloseCurrentWindow - Actual Value] @23-09-2021 08:47:49.0465 A
[ReportManager] File Action [GetAbsolutePath] successfully performed. With the following test data [Relative Folder Path: "target/downloadedFiles/"]. @23-09-2021 08:47:49.0469 AM
[ReportManager] Attempting to run remotely on: [Linux-64], [GoogleChrome], [http://localhost:4444/wd/hub], Headless Execution. @23-09-2021 08:47:49.0470 AM
[ReportManager] Successfully Opened [GoogleChrome]. @23-09-2021 08:47:49.0664 AM
[ReportManager] Target URL: [https://www.google.com/ncr], and after redirection: [www.google.com] @23-09-2021 08:47:49.0677 AM
[ReportManager] Initial URL: [data:,] @23-09-2021 08:47:49.0720 AM
[ReportManager] Browser Action [NavigateToURL] successfully performed. With the following test data [https://www.google.com/ncr]. @23-09-2021 08:47:50.0522 A

################################################################################################################################################
Starting Execution:	[24 out of 144] test cases in the current suite
Test Method:		[unitTests.tests_validations_assertions.assertElementAttribute_true_regexComparison_expectedToPass]
################################################################################################################################################
[ReportManager] Element Action [Type] successfully performed. With the following test data [Automation123]. @23-09-2021 08:47:50.0877 AM
[ReportManager] Element Action [GetText] successfully performed. With the following test data [Automation123]. @23-09-2021 08:47:50.0972 AM
[ReportManager] Loaded Shared OpenCV @23-09-2021 08:47:51.0124 AM
[ReportManager] Assertion [ValidateElementAttribute] PASSED. Expected [Value Should be 'Automation.*' for the 'text' attribute, element locator 'By.name: q'] and Actual [Automation123]. Comparison Type [MATCHES]. Validation Type [POSITIVE]. @23-09-2021 08:47:51.0192 AM
[ReportManager] Successfully created attachment [Screenshot - 1632386871124_assertElementAttribute_true_regexComparison_expectedToPass_ValidateElementAttribute_passed] @23-09-2021 08:47:51.0193 A
[ReportManager] Browser Action [CloseCurrentWindow] successfully performed. @23-09-2021 08:47:51.0326 AM
[ReportManager] Successfully created attachment [Browser Action Test Data - CloseCurrentWindow - Actual Value] @23-09-2021 08:47:51.0327 A
[ReportManager] File Action [GetAbsolutePath] successfully performed. With the following test data [Relative Folder Path: "target/downloadedFiles/"]. @23-09-2021 08:47:51.0334 AM
[ReportManager] Attempting to run remotely on: [Linux-64], [GoogleChrome], [http://localhost:4444/wd/hub], Headless Execution. @23-09-2021 08:47:51.0335 AM
[ReportManager] Successfully Opened [GoogleChrome]. @23-09-2021 08:47:51.0527 AM
[ReportManager] Target URL: [https://www.google.com/ncr], and after redirection: [www.google.com] @23-09-2021 08:47:51.0537 AM
[ReportManager] Initial URL: [data:,] @23-09-2021 08:47:51.0573 AM
[ReportManager] Browser Action [NavigateToURL] successfully performed. With the following test data [https://www.google.com/ncr]. @23-09-2021 08:47:52.0371 A

################################################################################################################################################
Starting Execution:	[25 out of 144] test cases in the current suite
Test Method:		[unitTests.tests_validations_assertions.assertElementAttribute_type_true_literalComparison_expectedToPass]
################################################################################################################################################
[ReportManager] Element Action [Type] successfully performed. With the following test data [Automation!@#$%^&*()_+{}[]\';/.,]. @23-09-2021 08:47:52.0789 AM
[ReportManager] Element Action [GetText] successfully performed. With the following test data [Automation!@#$%^&*()_+{}[]\';/.,]. @23-09-2021 08:47:52.0870 AM
[ReportManager] Loaded Shared OpenCV @23-09-2021 08:47:52.0995 AM
[ReportManager] Assertion [ValidateElementAttribute] PASSED. Expected [Value Should be 'Automation!@#$%^&*()_+{}[]\';/.,' for the 'text' attribute, element locator 'By.name: q'] and Actual [Automation!@#$%^&*()_+{}[]\';/.,]. Comparison Type [EQUALS]. Validation Type [POSITIVE]. @23-09-2021 08:47:53.0066 AM
[ReportManager] Successfully created attachment [Screenshot - 1632386872995_assertElementAttribute_type_true_literalComparison_expectedToPass_ValidateElementAttribute_passed] @23-09-2021 08:47:53.0067 A
[ReportManager] Browser Action [CloseCurrentWindow] successfully performed. @23-09-2021 08:47:53.0192 AM
[ReportManager] Successfully created attachment [Browser Action Test Data - CloseCurrentWindow - Actual Value] @23-09-2021 08:47:53.0193 A
[ReportManager] File Action [GetAbsolutePath] successfully performed. With the following test data [Relative Folder Path: "target/downloadedFiles/"]. @23-09-2021 08:47:53.0195 AM
[ReportManager] Attempting to run remotely on: [Linux-64], [GoogleChrome], [http://localhost:4444/wd/hub], Headless Execution. @23-09-2021 08:47:53.0196 AM
[ReportManager] Successfully Opened [GoogleChrome]. @23-09-2021 08:47:53.0391 AM
[ReportManager] Target URL: [https://www.google.com/ncr], and after redirection: [www.google.com] @23-09-2021 08:47:53.0401 AM
[ReportManager] Initial URL: [data:,] @23-09-2021 08:47:53.0451 AM
[ReportManager] Browser Action [NavigateToURL] successfully performed. With the following test data [https://www.google.com/ncr]. @23-09-2021 08:47:54.0376 A

################################################################################################################################################
Starting Execution:	[26 out of 144] test cases in the current suite
Test Method:		[unitTests.tests_validations_assertions.assertElementExists_false_expectedToFail]
################################################################################################################################################
[ReportManager] Assertion [ValidateElementExists] PASSED. Expected [Element Should not Exist, locator 'By.id: hplogo'] and Actual [Element Doesn't Exists]. Comparison Type [EQUALS]. Validation Type [NEGATIVE]. @23-09-2021 08:48:04.0746 AM
[ReportManager] Successfully created attachment [Screenshot - 1632386884670_assertElementExists_false_expectedToFail_ValidateElementExists_passed] @23-09-2021 08:48:04.0746 A
[ReportManager] Browser Action [CloseCurrentWindow] successfully performed. @23-09-2021 08:48:04.0871 AM
[ReportManager] Successfully created attachment [Browser Action Test Data - CloseCurrentWindow - Actual Value] @23-09-2021 08:48:04.0872 A
[ReportManager] File Action [GetAbsolutePath] successfully performed. With the following test data [Relative Folder Path: "target/downloadedFiles/"]. @23-09-2021 08:48:04.0875 AM
[ReportManager] Attempting to run remotely on: [Linux-64], [GoogleChrome], [http://localhost:4444/wd/hub], Headless Execution. @23-09-2021 08:48:04.0875 AM
[ReportManager] Successfully Opened [GoogleChrome]. @23-09-2021 08:48:05.0059 AM
[ReportManager] Target URL: [https://www.google.com/ncr], and after redirection: [www.google.com] @23-09-2021 08:48:05.0075 AM
[ReportManager] Initial URL: [data:,] @23-09-2021 08:48:05.0113 AM
[ReportManager] Browser Action [NavigateToURL] successfully performed. With the following test data [https://www.google.com/ncr]. @23-09-2021 08:48:05.0932 A

################################################################################################################################################
Starting Execution:	[27 out of 144] test cases in the current suite
Test Method:		[unitTests.tests_validations_assertions.assertElementExists_false_expectedToPass]
################################################################################################################################################
[ReportManager] Assertion [ValidateElementExists] PASSED. Expected [Element Should not Exist, locator 'By.id: fakeElement'] and Actual [Element Doesn't Exists]. Comparison Type [EQUALS]. Validation Type [NEGATIVE]. @23-09-2021 08:48:16.0298 AM
[ReportManager] Successfully created attachment [Screenshot - 1632386896235_assertElementExists_false_expectedToPass_ValidateElementExists_passed] @23-09-2021 08:48:16.0299 A
[ReportManager] Browser Action [CloseCurrentWindow] successfully performed. @23-09-2021 08:48:16.0418 AM
[ReportManager] Successfully created attachment [Browser Action Test Data - CloseCurrentWindow - Actual Value] @23-09-2021 08:48:16.0419 A
[ReportManager] File Action [GetAbsolutePath] successfully performed. With the following test data [Relative Folder Path: "target/downloadedFiles/"]. @23-09-2021 08:48:16.0423 AM
[ReportManager] Attempting to run remotely on: [Linux-64], [GoogleChrome], [http://localhost:4444/wd/hub], Headless Execution. @23-09-2021 08:48:16.0423 AM
[ReportManager] Successfully Opened [GoogleChrome]. @23-09-2021 08:48:16.0609 AM
[ReportManager] Target URL: [https://www.google.com/ncr], and after redirection: [www.google.com] @23-09-2021 08:48:16.0620 AM
[ReportManager] Initial URL: [data:,] @23-09-2021 08:48:16.0659 AM
[ReportManager] Browser Action [NavigateToURL] successfully performed. With the following test data [https://www.google.com/ncr]. @23-09-2021 08:48:17.0539 A

################################################################################################################################################
Starting Execution:	[28 out of 144] test cases in the current suite
Test Method:		[unitTests.tests_validations_assertions.assertElementExists_false_multipleElementsFound_expectedToFail]
################################################################################################################################################
[ReportManager] Assertion [ValidateElementExists] FAILED. Expected [Element Should not Exist, locator 'By.xpath: //div'] and Actual [Element Exists but is not unique]. Comparison Type [EQUALS]. Validation Type [NEGATIVE]. @23-09-2021 08:48:17.0781 AM
[ReportManager] Successfully created attachment [Screenshot - 1632386897720_assertElementExists_false_multipleElementsFound_expectedToFail_ValidateElementExists_failed] @23-09-2021 08:48:17.0782 A
[ReportManager] Browser Action [CloseCurrentWindow] successfully performed. @23-09-2021 08:48:17.0910 AM
[ReportManager] Successfully created attachment [Browser Action Test Data - CloseCurrentWindow - Actual Value] @23-09-2021 08:48:17.0911 A
[ReportManager] File Action [GetAbsolutePath] successfully performed. With the following test data [Relative Folder Path: "target/downloadedFiles/"]. @23-09-2021 08:48:17.0917 AM
[ReportManager] Attempting to run remotely on: [Linux-64], [GoogleChrome], [http://localhost:4444/wd/hub], Headless Execution. @23-09-2021 08:48:17.0917 AM
[ReportManager] Successfully Opened [GoogleChrome]. @23-09-2021 08:48:18.0139 AM
[ReportManager] Target URL: [https://www.google.com/ncr], and after redirection: [www.google.com] @23-09-2021 08:48:18.0150 AM
[ReportManager] Initial URL: [data:,] @23-09-2021 08:48:18.0187 AM
[ReportManager] Browser Action [NavigateToURL] successfully performed. With the following test data [https://www.google.com/ncr]. @23-09-2021 08:48:18.0993 A

################################################################################################################################################
Starting Execution:	[29 out of 144] test cases in the current suite
Test Method:		[unitTests.tests_validations_assertions.assertElementExists_true_expectedToFail]
################################################################################################################################################
[ReportManager] Assertion [ValidateElementExists] FAILED. Expected [Element Should Exist, locator 'By.id: fakeElement'] and Actual [Element Doesn't Exists]. Comparison Type [EQUALS]. Validation Type [POSITIVE]. @23-09-2021 08:48:49.0610 AM
[ReportManager] Successfully created attachment [Screenshot - 1632386929554_assertElementExists_true_expectedToFail_ValidateElementExists_failed] @23-09-2021 08:48:49.0611 A
[ReportManager] Browser Action [CloseCurrentWindow] successfully performed. @23-09-2021 08:48:49.0729 AM
[ReportManager] Successfully created attachment [Browser Action Test Data - CloseCurrentWindow - Actual Value] @23-09-2021 08:48:49.0730 A
[ReportManager] File Action [GetAbsolutePath] successfully performed. With the following test data [Relative Folder Path: "target/downloadedFiles/"]. @23-09-2021 08:48:49.0734 AM
[ReportManager] Attempting to run remotely on: [Linux-64], [GoogleChrome], [http://localhost:4444/wd/hub], Headless Execution. @23-09-2021 08:48:49.0734 AM
[ReportManager] Successfully Opened [GoogleChrome]. @23-09-2021 08:48:49.0932 AM
[ReportManager] Target URL: [https://www.google.com/ncr], and after redirection: [www.google.com] @23-09-2021 08:48:49.0942 AM
[ReportManager] Initial URL: [data:,] @23-09-2021 08:48:49.0984 AM
[ReportManager] Browser Action [NavigateToURL] successfully performed. With the following test data [https://www.google.com/ncr]. @23-09-2021 08:48:50.0812 A

################################################################################################################################################
Starting Execution:	[30 out of 144] test cases in the current suite
Test Method:		[unitTests.tests_validations_assertions.assertElementExists_true_expectedToPass]
################################################################################################################################################
[ReportManager] Loaded Shared OpenCV @23-09-2021 08:48:50.0998 AM
[ReportManager] Assertion [ValidateElementExists] PASSED. Expected [Element Should Exist, locator 'By.xpath: //*[@id='hplogo' or @alt='Google']'] and Actual [Element Exists]. Comparison Type [EQUALS]. Validation Type [POSITIVE]. @23-09-2021 08:48:51.0071 AM
[ReportManager] Successfully created attachment [Screenshot - 1632386930998_assertElementExists_true_expectedToPass_ValidateElementExists_passed] @23-09-2021 08:48:51.0072 A
[ReportManager] Browser Action [CloseCurrentWindow] successfully performed. @23-09-2021 08:48:51.0192 AM
[ReportManager] Successfully created attachment [Browser Action Test Data - CloseCurrentWindow - Actual Value] @23-09-2021 08:48:51.0193 A
[ReportManager] File Action [GetAbsolutePath] successfully performed. With the following test data [Relative Folder Path: "target/downloadedFiles/"]. @23-09-2021 08:48:51.0195 AM
[ReportManager] Attempting to run remotely on: [Linux-64], [GoogleChrome], [http://localhost:4444/wd/hub], Headless Execution. @23-09-2021 08:48:51.0196 AM
[ReportManager] Successfully Opened [GoogleChrome]. @23-09-2021 08:48:51.0386 AM
[ReportManager] Target URL: [https://www.google.com/ncr], and after redirection: [www.google.com] @23-09-2021 08:48:51.0396 AM
[ReportManager] Initial URL: [data:,] @23-09-2021 08:48:51.0436 AM
[ReportManager] Browser Action [NavigateToURL] successfully performed. With the following test data [https://www.google.com/ncr]. @23-09-2021 08:48:52.0238 A

################################################################################################################################################
Starting Execution:	[31 out of 144] test cases in the current suite
Test Method:		[unitTests.tests_validations_assertions.assertElementExists_true_multipleElementsFound_expectedToFail]
################################################################################################################################################
[ReportManager] Assertion [ValidateElementExists] FAILED. Expected [Element Should Exist, locator 'By.xpath: //div'] and Actual [Element Exists but is not unique]. Comparison Type [EQUALS]. Validation Type [POSITIVE]. @23-09-2021 08:48:52.0459 AM
[ReportManager] Successfully created attachment [Screenshot - 1632386932403_assertElementExists_true_multipleElementsFound_expectedToFail_ValidateElementExists_failed] @23-09-2021 08:48:52.0460 A
[ReportManager] Browser Action [CloseCurrentWindow] successfully performed. @23-09-2021 08:48:52.0581 AM
[ReportManager] Successfully created attachment [Browser Action Test Data - CloseCurrentWindow - Actual Value] @23-09-2021 08:48:52.0582 A

################################################################################################################################################
Starting Execution:	[32 out of 144] test cases in the current suite
Test Method:		[unitTests.tests_validations_assertions.assertEquals_false_expectedToFail]
################################################################################################################################################
[ReportManager] Assertion [ValidateEquals] FAILED. Expected [1] and Actual [1]. Comparison Type [EQUALS]. Validation Type [NEGATIVE]. @23-09-2021 08:48:52.0591 A

################################################################################################################################################
Starting Execution:	[33 out of 144] test cases in the current suite
Test Method:		[unitTests.tests_validations_assertions.assertEquals_false_expectedToPass]
################################################################################################################################################
[ReportManager] Assertion [ValidateEquals] PASSED. Expected [1] and Actual [2]. Comparison Type [EQUALS]. Validation Type [NEGATIVE]. @23-09-2021 08:48:52.0594 A

################################################################################################################################################
Starting Execution:	[34 out of 144] test cases in the current suite
Test Method:		[unitTests.tests_validations_assertions.assertEquals_longCharacters]
################################################################################################################################################
[ReportManager] Verification [ValidateEquals] PASSED. Expected and Actual values are attached. Comparison Type [EQUALS]. Validation Type [POSITIVE]. @23-09-2021 08:48:52.0599 AM
[ReportManager] Successfully created attachment [Validation Test Data - Expected Value] @23-09-2021 08:48:52.0600 AM
[ReportManager] Successfully created attachment [Validation Test Data - Actual Value] @23-09-2021 08:48:52.0600 AM
[ReportManager] Assertion [ValidateEquals] PASSED. Expected and Actual values are attached. Comparison Type [EQUALS]. Validation Type [POSITIVE]. @23-09-2021 08:48:52.0600 AM
[ReportManager] Successfully created attachment [Validation Test Data - Expected Value] @23-09-2021 08:48:52.0600 AM
[ReportManager] Successfully created attachment [Validation Test Data - Actual Value] @23-09-2021 08:48:52.0600 A

################################################################################################################################################
Starting Execution:	[35 out of 144] test cases in the current suite
Test Method:		[unitTests.tests_validations_assertions.assertEquals_longCharacters_Discreet]
################################################################################################################################################
[ReportManager] Assertion [ValidateEquals] PASSED. Expected [1LH5pROcDBjjQk0t0mCr0lXuzQu9lcGj28kY8R1H81X67eVAQJgWQhILiRWVPUgZ6uCtK5cnBkF55Jr9vYngjGO1Iyf0Mktv6lruDlL9T8MAUPcUZJGHZtji6nIeadujDSNmWMj5d6C8zlFqw0CRqBU0hO5adIasHgBSNoLotAjce3NGXoDwAlp3rYreeV16VIyZXROQY] and Actual [1LH5pROcDBjjQk0t0mCr0lXuzQu9lcGj28kY8R1H81X67eVAQJgWQhILiRWVPUgZ6uCtK5cnBkF55Jr9vYngjGO1Iyf0Mktv6lruDlL9T8MAUPcUZJGHZtji6nIeadujDSNmWMj5d6C8zlFqw0CRqBU0hO5adIasHgBSNoLotAjce3NGXoDwAlp3rYreeV16VIyZXROQY]. Comparison Type [EQUALS]. Validation Type [POSITIVE]. @23-09-2021 08:48:52.0603 A

################################################################################################################################################
Starting Execution:	[36 out of 144] test cases in the current suite
Test Method:		[unitTests.tests_validations_assertions.assertEquals_true_expectedToFail]
################################################################################################################################################
[ReportManager] Assertion [ValidateEquals] FAILED. Expected [1] and Actual [2]. Comparison Type [EQUALS]. Validation Type [POSITIVE]. @23-09-2021 08:48:52.0605 A

################################################################################################################################################
Starting Execution:	[37 out of 144] test cases in the current suite
Test Method:		[unitTests.tests_validations_assertions.assertEquals_true_expectedToPass]
Test Description:	[Assert that assertEquals works as expected when the two values are equal.]
################################################################################################################################################
[ReportManager] Verification [ValidateEquals] PASSED. Expected [1] and Actual [1]. Comparison Type [EQUALS]. Validation Type [POSITIVE]. @23-09-2021 08:48:52.0615 AM
[ReportManager] Assertion [ValidateEquals] PASSED. Expected [1] and Actual [1]. Comparison Type [EQUALS]. Validation Type [POSITIVE]. @23-09-2021 08:48:52.0616 A

################################################################################################################################################
Starting Execution:	[38 out of 144] test cases in the current suite
Test Method:		[unitTests.tests_validations_assertions.assertEquals_true_expectedToPass__]
################################################################################################################################################
[ReportManager] Assertion [ValidateEquals] PASSED. Expected [1] and Actual [1]. Comparison Type [EQUALS]. Validation Type [POSITIVE]. @23-09-2021 08:48:52.0623 A

################################################################################################################################################
Starting Execution:	[39 out of 144] test cases in the current suite
Test Method:		[unitTests.tests_validations_assertions.assertFileExists_false_expectedToFail]
################################################################################################################################################
[ReportManager] File Action [DoesFileExist] successfully performed. With the following test data [File Path: "src/main/java/com/shaft/gui/element/ElementActions.java"]. @23-09-2021 08:48:52.0628 AM
[ReportManager] Assertion [ValidateFileExists] FAILED. Expected [File 'src/main/java/com/shaft/gui/element/ElementActions.java' should not exist, after up to '1' retries] and Actual [File exists]. Validation Type [NEGATIVE]. @23-09-2021 08:48:52.0650 A

################################################################################################################################################
Starting Execution:	[40 out of 144] test cases in the current suite
Test Method:		[unitTests.tests_validations_assertions.assertFileExists_false_expectedToPass]
################################################################################################################################################
[ReportManager] File Action [DoesFileExist] successfully performed. With the following test data [File Path: "src/main/java/com/shaft/gui/element/ElementActions.java_fail"]. @23-09-2021 08:48:53.0153 AM
[ReportManager] Assertion [ValidateFileExists] PASSED. Expected [File 'src/main/java/com/shaft/gui/element/ElementActions.java_fail' should not exist, after up to '1' retries] and Actual [File does not exist]. Validation Type [NEGATIVE]. @23-09-2021 08:48:53.0153 A

################################################################################################################################################
Starting Execution:	[41 out of 144] test cases in the current suite
Test Method:		[unitTests.tests_validations_assertions.assertFileExists_true_expectedToFail]
################################################################################################################################################
[ReportManager] File Action [DoesFileExist] successfully performed. With the following test data [File Path: "src/main/java/com/shaft/gui/element/ElementActions.java_fail"]. @23-09-2021 08:48:53.0657 AM
[ReportManager] Assertion [ValidateFileExists] FAILED. Expected [File 'src/main/java/com/shaft/gui/element/ElementActions.java_fail' should exist, after up to '1' retries] and Actual [File does not exist]. Validation Type [POSITIVE]. @23-09-2021 08:48:53.0657 A

################################################################################################################################################
Starting Execution:	[42 out of 144] test cases in the current suite
Test Method:		[unitTests.tests_validations_assertions.assertFileExists_true_expectedToPass]
################################################################################################################################################
[ReportManager] File Action [DoesFileExist] successfully performed. With the following test data [File Path: "src/main/java/com/shaft/gui/element/ElementActions.java"]. @23-09-2021 08:48:53.0661 AM
[ReportManager] Assertion [ValidateFileExists] PASSED. Expected [File 'src/main/java/com/shaft/gui/element/ElementActions.java' should exist, after up to '1' retries] and Actual [File exists]. Validation Type [POSITIVE]. @23-09-2021 08:48:53.0661 A

################################################################################################################################################
Starting Execution:	[43 out of 144] test cases in the current suite
Test Method:		[unitTests.tests_validations_assertions.assertNull_false_expectedToFail]
################################################################################################################################################
[ReportManager] Assertion [ValidateNull] FAILED. Expected [NULL] and Actual [NULL]. Comparison Type [EQUALS]. Validation Type [NEGATIVE]. @23-09-2021 08:48:53.0663 A

################################################################################################################################################
Starting Execution:	[44 out of 144] test cases in the current suite
Test Method:		[unitTests.tests_validations_assertions.assertNull_false_expectedToPass]
################################################################################################################################################
[ReportManager] Assertion [ValidateNull] PASSED. Expected [NULL] and Actual [1]. Comparison Type [EQUALS]. Validation Type [NEGATIVE]. @23-09-2021 08:48:53.0665 A

################################################################################################################################################
Starting Execution:	[45 out of 144] test cases in the current suite
Test Method:		[unitTests.tests_validations_assertions.assertNull_true_expectedToFail]
################################################################################################################################################
[ReportManager] Assertion [ValidateNull] FAILED. Expected [NULL] and Actual [1]. Comparison Type [EQUALS]. Validation Type [POSITIVE]. @23-09-2021 08:48:53.0668 A

################################################################################################################################################
Starting Execution:	[46 out of 144] test cases in the current suite
Test Method:		[unitTests.tests_validations_assertions.assertNull_true_expectedToPass]
################################################################################################################################################
[ReportManager] Assertion [ValidateNull] PASSED. Expected [NULL] and Actual [NULL]. Comparison Type [EQUALS]. Validation Type [POSITIVE]. @23-09-2021 08:48:53.0670 A

################################################################################################################################################
Starting Execution:	[47 out of 144] test cases in the current suite
Test Method:		[unitTests.tests_restActions.getPostsAndAssertBodyForSpecificTitle]
################################################################################################################################################
[ReportManager] Response status code: [200], status line: [HTTP/1.1 200 OK] @23-09-2021 08:48:56.0085 AM
[ReportManager] Assertion Passed: Evaluating the actual response status code against the expected one... @23-09-2021 08:48:56.0086 AM
[ReportManager] Assertion [ValidateEquals] PASSED. Expected [200] and Actual [200]. Comparison Type [EQUALS]. Validation Type [POSITIVE]. @23-09-2021 08:48:56.0086 AM
[ReportManager] API Action [PerformRequest] successfully performed. With the following test data [Request Type: "GET" | Target Status Code: "200" | Service URL: "https://jsonplaceholder.typicode.com/posts" | Content Type: "*/*" | Response Time: "841ms"]. @23-09-2021 08:48:57.0300 AM
[ReportManager] Successfully created attachment [API Request - Specifications] @23-09-2021 08:48:57.0301 AM
[ReportManager] Successfully created attachment [API Response - JSON Body] @23-09-2021 08:48:57.0566 AM
[ReportManager] API Action [GetResponseJSONValueAsList] successfully performed. @23-09-2021 08:48:57.0609 AM
[ReportManager] API Action [GetResponseJSONValue] successfully performed. With the following test data [title]. @23-09-2021 08:48:57.0636 AM
[ReportManager] API Action [GetResponseJSONValue] successfully performed. With the following test data [title]. @23-09-2021 08:48:57.0658 AM
[ReportManager] API Action [GetResponseJSONValue] successfully performed. With the following test data [body]. @23-09-2021 08:48:57.0683 AM
[ReportManager] Assertion [ValidateEquals] PASSED. Expected [qui neque nisi nulla] and Actual [est rerum tempore vitae
sequi sint nihil reprehenderit dolor beatae ea dolores neque
fugiat blanditiis voluptate porro vel nihil molestiae ut reiciendis
qui aperiam non debitis possimus qui neque nisi nulla]. Comparison Type [CONTAINS]. Validation Type [POSITIVE]. @23-09-2021 08:48:57.0683 AM
[ReportManager] API Action [GetResponseJSONValue] successfully performed. With the following test data [title]. @23-09-2021 08:48:57.0697 AM
[ReportManager] API Action [GetResponseJSONValue] successfully performed. With the following test data [title]. @23-09-2021 08:48:57.0711 AM
[ReportManager] API Action [GetResponseJSONValue] successfully performed. With the following test data [title]. @23-09-2021 08:48:57.0728 AM
[ReportManager] API Action [GetResponseJSONValue] successfully performed. With the following test data [title]. @23-09-2021 08:48:57.0744 AM
[ReportManager] API Action [GetResponseJSONValue] successfully performed. With the following test data [title]. @23-09-2021 08:48:57.0759 AM
[ReportManager] API Action [GetResponseJSONValue] successfully performed. With the following test data [title]. @23-09-2021 08:48:57.0776 AM
[ReportManager] API Action [GetResponseJSONValue] successfully performed. With the following test data [title]. @23-09-2021 08:48:57.0793 AM
[ReportManager] API Action [GetResponseJSONValue] successfully performed. With the following test data [title]. @23-09-2021 08:48:57.0806 AM
[ReportManager] API Action [GetResponseJSONValue] successfully performed. With the following test data [title]. @23-09-2021 08:48:57.0821 AM
[ReportManager] API Action [GetResponseJSONValue] successfully performed. With the following test data [title]. @23-09-2021 08:48:57.0835 AM
[ReportManager] API Action [GetResponseJSONValue] successfully performed. With the following test data [title]. @23-09-2021 08:48:57.0861 AM
[ReportManager] API Action [GetResponseJSONValue] successfully performed. With the following test data [title]. @23-09-2021 08:48:57.0890 AM
[ReportManager] API Action [GetResponseJSONValue] successfully performed. With the following test data [title]. @23-09-2021 08:48:57.0901 AM
[ReportManager] API Action [GetResponseJSONValue] successfully performed. With the following test data [title]. @23-09-2021 08:48:57.0916 AM
[ReportManager] API Action [GetResponseJSONValue] successfully performed. With the following test data [title]. @23-09-2021 08:48:57.0936 AM
[ReportManager] API Action [GetResponseJSONValue] successfully performed. With the following test data [title]. @23-09-2021 08:48:57.0952 AM
[ReportManager] API Action [GetResponseJSONValue] successfully performed. With the following test data [title]. @23-09-2021 08:48:57.0965 AM
[ReportManager] API Action [GetResponseJSONValue] successfully performed. With the following test data [title]. @23-09-2021 08:48:57.0977 AM
[ReportManager] API Action [GetResponseJSONValue] successfully performed. With the following test data [title]. @23-09-2021 08:48:57.0987 AM
[ReportManager] API Action [GetResponseJSONValue] successfully performed. With the following test data [title]. @23-09-2021 08:48:58.0001 AM
[ReportManager] API Action [GetResponseJSONValue] successfully performed. With the following test data [title]. @23-09-2021 08:48:58.0013 AM
[ReportManager] API Action [GetResponseJSONValue] successfully performed. With the following test data [title]. @23-09-2021 08:48:58.0031 AM
[ReportManager] API Action [GetResponseJSONValue] successfully performed. With the following test data [title]. @23-09-2021 08:48:58.0041 AM
[ReportManager] API Action [GetResponseJSONValue] successfully performed. With the following test data [title]. @23-09-2021 08:48:58.0052 AM
[ReportManager] API Action [GetResponseJSONValue] successfully performed. With the following test data [title]. @23-09-2021 08:48:58.0066 AM
[ReportManager] API Action [GetResponseJSONValue] successfully performed. With the following test data [title]. @23-09-2021 08:48:58.0077 AM
[ReportManager] API Action [GetResponseJSONValue] successfully performed. With the following test data [title]. @23-09-2021 08:48:58.0094 AM
[ReportManager] API Action [GetResponseJSONValue] successfully performed. With the following test data [title]. @23-09-2021 08:48:58.0110 AM
[ReportManager] API Action [GetResponseJSONValue] successfully performed. With the following test data [title]. @23-09-2021 08:48:58.0120 AM
[ReportManager] API Action [GetResponseJSONValue] successfully performed. With the following test data [title]. @23-09-2021 08:48:58.0130 AM
[ReportManager] API Action [GetResponseJSONValue] successfully performed. With the following test data [title]. @23-09-2021 08:48:58.0140 AM
[ReportManager] API Action [GetResponseJSONValue] successfully performed. With the following test data [title]. @23-09-2021 08:48:58.0151 AM
[ReportManager] API Action [GetResponseJSONValue] successfully performed. With the following test data [title]. @23-09-2021 08:48:58.0167 AM
[ReportManager] API Action [GetResponseJSONValue] successfully performed. With the following test data [title]. @23-09-2021 08:48:58.0175 AM
[ReportManager] API Action [GetResponseJSONValue] successfully performed. With the following test data [title]. @23-09-2021 08:48:58.0185 AM
[ReportManager] API Action [GetResponseJSONValue] successfully performed. With the following test data [title]. @23-09-2021 08:48:58.0195 AM
[ReportManager] API Action [GetResponseJSONValue] successfully performed. With the following test data [title]. @23-09-2021 08:48:58.0206 AM
[ReportManager] API Action [GetResponseJSONValue] successfully performed. With the following test data [title]. @23-09-2021 08:48:58.0217 AM
[ReportManager] API Action [GetResponseJSONValue] successfully performed. With the following test data [title]. @23-09-2021 08:48:58.0234 AM
[ReportManager] API Action [GetResponseJSONValue] successfully performed. With the following test data [title]. @23-09-2021 08:48:58.0243 AM
[ReportManager] API Action [GetResponseJSONValue] successfully performed. With the following test data [title]. @23-09-2021 08:48:58.0251 AM
[ReportManager] API Action [GetResponseJSONValue] successfully performed. With the following test data [title]. @23-09-2021 08:48:58.0263 AM
[ReportManager] API Action [GetResponseJSONValue] successfully performed. With the following test data [title]. @23-09-2021 08:48:58.0273 AM
[ReportManager] API Action [GetResponseJSONValue] successfully performed. With the following test data [title]. @23-09-2021 08:48:58.0287 AM
[ReportManager] API Action [GetResponseJSONValue] successfully performed. With the following test data [title]. @23-09-2021 08:48:58.0299 AM
[ReportManager] API Action [GetResponseJSONValue] successfully performed. With the following test data [title]. @23-09-2021 08:48:58.0309 AM
[ReportManager] API Action [GetResponseJSONValue] successfully performed. With the following test data [title]. @23-09-2021 08:48:58.0320 AM
[ReportManager] API Action [GetResponseJSONValue] successfully performed. With the following test data [title]. @23-09-2021 08:48:58.0337 AM
[ReportManager] API Action [GetResponseJSONValue] successfully performed. With the following test data [title]. @23-09-2021 08:48:58.0348 AM
[ReportManager] API Action [GetResponseJSONValue] successfully performed. With the following test data [title]. @23-09-2021 08:48:58.0358 AM
[ReportManager] API Action [GetResponseJSONValue] successfully performed. With the following test data [title]. @23-09-2021 08:48:58.0370 AM
[ReportManager] API Action [GetResponseJSONValue] successfully performed. With the following test data [title]. @23-09-2021 08:48:58.0382 AM
[ReportManager] API Action [GetResponseJSONValue] successfully performed. With the following test data [title]. @23-09-2021 08:48:58.0394 AM
[ReportManager] API Action [GetResponseJSONValue] successfully performed. With the following test data [title]. @23-09-2021 08:48:58.0404 AM
[ReportManager] API Action [GetResponseJSONValue] successfully performed. With the following test data [title]. @23-09-2021 08:48:58.0413 AM
[ReportManager] API Action [GetResponseJSONValue] successfully performed. With the following test data [title]. @23-09-2021 08:48:58.0422 AM
[ReportManager] API Action [GetResponseJSONValue] successfully performed. With the following test data [title]. @23-09-2021 08:48:58.0431 AM
[ReportManager] API Action [GetResponseJSONValue] successfully performed. With the following test data [title]. @23-09-2021 08:48:58.0441 AM
[ReportManager] API Action [GetResponseJSONValue] successfully performed. With the following test data [title]. @23-09-2021 08:48:58.0460 AM
[ReportManager] API Action [GetResponseJSONValue] successfully performed. With the following test data [title]. @23-09-2021 08:48:58.0504 AM
[ReportManager] API Action [GetResponseJSONValue] successfully performed. With the following test data [title]. @23-09-2021 08:48:58.0514 AM
[ReportManager] API Action [GetResponseJSONValue] successfully performed. With the following test data [title]. @23-09-2021 08:48:58.0523 AM
[ReportManager] API Action [GetResponseJSONValue] successfully performed. With the following test data [title]. @23-09-2021 08:48:58.0532 AM
[ReportManager] API Action [GetResponseJSONValue] successfully performed. With the following test data [title]. @23-09-2021 08:48:58.0543 AM
[ReportManager] API Action [GetResponseJSONValue] successfully performed. With the following test data [title]. @23-09-2021 08:48:58.0555 AM
[ReportManager] API Action [GetResponseJSONValue] successfully performed. With the following test data [title]. @23-09-2021 08:48:58.0565 AM
[ReportManager] API Action [GetResponseJSONValue] successfully performed. With the following test data [title]. @23-09-2021 08:48:58.0580 AM
[ReportManager] API Action [GetResponseJSONValue] successfully performed. With the following test data [title]. @23-09-2021 08:48:58.0589 AM
[ReportManager] API Action [GetResponseJSONValue] successfully performed. With the following test data [title]. @23-09-2021 08:48:58.0598 AM
[ReportManager] API Action [GetResponseJSONValue] successfully performed. With the following test data [title]. @23-09-2021 08:48:58.0609 AM
[ReportManager] API Action [GetResponseJSONValue] successfully performed. With the following test data [title]. @23-09-2021 08:48:58.0617 AM
[ReportManager] API Action [GetResponseJSONValue] successfully performed. With the following test data [title]. @23-09-2021 08:48:58.0630 AM
[ReportManager] API Action [GetResponseJSONValue] successfully performed. With the following test data [title]. @23-09-2021 08:48:58.0650 AM
[ReportManager] API Action [GetResponseJSONValue] successfully performed. With the following test data [title]. @23-09-2021 08:48:58.0659 AM
[ReportManager] API Action [GetResponseJSONValue] successfully performed. With the following test data [title]. @23-09-2021 08:48:58.0668 AM
[ReportManager] API Action [GetResponseJSONValue] successfully performed. With the following test data [title]. @23-09-2021 08:48:58.0676 AM
[ReportManager] API Action [GetResponseJSONValue] successfully performed. With the following test data [title]. @23-09-2021 08:48:58.0689 AM
[ReportManager] API Action [GetResponseJSONValue] successfully performed. With the following test data [title]. @23-09-2021 08:48:58.0699 AM
[ReportManager] API Action [GetResponseJSONValue] successfully performed. With the following test data [title]. @23-09-2021 08:48:58.0708 AM
[ReportManager] API Action [GetResponseJSONValue] successfully performed. With the following test data [title]. @23-09-2021 08:48:58.0715 AM
[ReportManager] API Action [GetResponseJSONValue] successfully performed. With the following test data [title]. @23-09-2021 08:48:58.0723 AM
[ReportManager] API Action [GetResponseJSONValue] successfully performed. With the following test data [title]. @23-09-2021 08:48:58.0731 AM
[ReportManager] API Action [GetResponseJSONValue] successfully performed. With the following test data [title]. @23-09-2021 08:48:58.0738 AM
[ReportManager] API Action [GetResponseJSONValue] successfully performed. With the following test data [title]. @23-09-2021 08:48:58.0746 AM
[ReportManager] API Action [GetResponseJSONValue] successfully performed. With the following test data [title]. @23-09-2021 08:48:58.0760 AM
[ReportManager] API Action [GetResponseJSONValue] successfully performed. With the following test data [title]. @23-09-2021 08:48:58.0768 AM
[ReportManager] API Action [GetResponseJSONValue] successfully performed. With the following test data [title]. @23-09-2021 08:48:58.0775 AM
[ReportManager] API Action [GetResponseJSONValue] successfully performed. With the following test data [title]. @23-09-2021 08:48:58.0781 AM
[ReportManager] API Action [GetResponseJSONValue] successfully performed. With the following test data [title]. @23-09-2021 08:48:58.0788 AM
[ReportManager] API Action [GetResponseJSONValue] successfully performed. With the following test data [title]. @23-09-2021 08:48:58.0796 AM
[ReportManager] API Action [GetResponseJSONValue] successfully performed. With the following test data [title]. @23-09-2021 08:48:58.0804 AM
[ReportManager] API Action [GetResponseJSONValue] successfully performed. With the following test data [title]. @23-09-2021 08:48:58.0812 AM
[ReportManager] API Action [GetResponseJSONValue] successfully performed. With the following test data [title]. @23-09-2021 08:48:58.0821 AM
[ReportManager] API Action [GetResponseJSONValue] successfully performed. With the following test data [title]. @23-09-2021 08:48:58.0828 AM
[ReportManager] API Action [GetResponseJSONValue] successfully performed. With the following test data [title]. @23-09-2021 08:48:58.0836 AM
[ReportManager] API Action [GetResponseJSONValue] successfully performed. With the following test data [title]. @23-09-2021 08:48:58.0843 AM
[ReportManager] API Action [GetResponseJSONValue] successfully performed. With the following test data [title]. @23-09-2021 08:48:58.0850 AM
[ReportManager] API Action [GetResponseJSONValue] successfully performed. With the following test data [title]. @23-09-2021 08:48:58.0858 A

################################################################################################################################################
Starting Execution:	[48 out of 144] test cases in the current suite
Test Method:		[unitTests.tests_restActions.validateUserEmail]
################################################################################################################################################
[ReportManager] Response status code: [200], status line: [HTTP/1.1 200 OK] @23-09-2021 08:48:58.0962 AM
[ReportManager] Assertion Passed: Evaluating the actual response status code against the expected one... @23-09-2021 08:48:58.0962 AM
[ReportManager] Assertion [ValidateEquals] PASSED. Expected [200] and Actual [200]. Comparison Type [EQUALS]. Validation Type [POSITIVE]. @23-09-2021 08:48:58.0962 AM
[ReportManager] API Action [PerformRequest] successfully performed. With the following test data [Request Type: "GET" | Target Status Code: "200" | Service URL: "https://jsonplaceholder.typicode.com/users" | Content Type: "*/*" | Response Time: "72ms"]. @23-09-2021 08:48:58.0979 AM
[ReportManager] Successfully created attachment [API Request - Specifications] @23-09-2021 08:48:58.0979 AM
[ReportManager] Successfully created attachment [API Response - JSON Body] @23-09-2021 08:48:58.0980 AM
[ReportManager] Assertion [ValidateEquals] PASSED. Expected and Actual values are attached. Comparison Type [CONTAINS]. Validation Type [POSITIVE]. @23-09-2021 08:48:58.0980 AM
[ReportManager] Successfully created attachment [Validation Test Data - Expected Value] @23-09-2021 08:48:58.0980 AM
[ReportManager] Successfully created attachment [Validation Test Data - Actual Value] @23-09-2021 08:48:58.0981 AM
[ReportManager] API Action [GetResponseJSONValueAsList] successfully performed. With the following test data [$]. @23-09-2021 08:48:58.0985 AM
[ReportManager] API Action [GetResponseJSONValue] successfully performed. With the following test data [name]. @23-09-2021 08:48:58.0992 AM
[ReportManager] API Action [GetResponseJSONValue] successfully performed. With the following test data [email]. @23-09-2021 08:48:59.0000 AM
[ReportManager] Assertion [ValidateEquals] PASSED. Expected [Sincere@april.biz] and Actual [Sincere@april.biz]. Comparison Type [EQUALS]. Validation Type [POSITIVE]. @23-09-2021 08:48:59.0000 AM
[ReportManager] API Action [GetResponseJSONValue] successfully performed. With the following test data [name]. @23-09-2021 08:48:59.0008 AM
[ReportManager] API Action [GetResponseJSONValue] successfully performed. With the following test data [name]. @23-09-2021 08:48:59.0015 AM
[ReportManager] API Action [GetResponseJSONValue] successfully performed. With the following test data [name]. @23-09-2021 08:48:59.0022 AM
[ReportManager] API Action [GetResponseJSONValue] successfully performed. With the following test data [name]. @23-09-2021 08:48:59.0030 AM
[ReportManager] API Action [GetResponseJSONValue] successfully performed. With the following test data [name]. @23-09-2021 08:48:59.0037 AM
[ReportManager] API Action [GetResponseJSONValue] successfully performed. With the following test data [name]. @23-09-2021 08:48:59.0045 AM
[ReportManager] API Action [GetResponseJSONValue] successfully performed. With the following test data [name]. @23-09-2021 08:48:59.0052 AM
[ReportManager] API Action [GetResponseJSONValue] successfully performed. With the following test data [name]. @23-09-2021 08:48:59.0059 AM
[ReportManager] API Action [GetResponseJSONValue] successfully performed. With the following test data [name]. @23-09-2021 08:48:59.0093 A
[ReportManager] File Action [GetAbsolutePath] successfully performed. With the following test data [Relative Folder Path: "target/downloadedFiles/"]. @23-09-2021 08:48:59.0100 AM
[ReportManager] Attempting to run remotely on: [Linux-64], [GoogleChrome], [http://localhost:4444/wd/hub], Headless Execution. @23-09-2021 08:48:59.0100 AM
[ReportManager] Successfully Opened [GoogleChrome]. @23-09-2021 08:48:59.0346 A

################################################################################################################################################
Starting Execution:	[49 out of 144] test cases in the current suite
Test Method:		[unitTests.tests_element_elementActions.waitForElementToBePresent_false_expectedToFail]
################################################################################################################################################
[ReportManager] Target URL: [https://www.google.com/ncr], and after redirection: [www.google.com] @23-09-2021 08:48:59.0359 AM
[ReportManager] Initial URL: [data:,] @23-09-2021 08:48:59.0414 AM
[ReportManager] Browser Action [NavigateToURL] successfully performed. With the following test data [https://www.google.com/ncr]. @23-09-2021 08:49:00.0221 AM
[ReportManager] Waiting for element to be present; elementLocator [By.xpath: //*[@id='hplogo' or @alt='Google']], numberOfTries[1], stateOfPresence[false]... @23-09-2021 08:49:00.0226 AM
[ReportManager] Element Action [WaitForElementToBePresent] failed. With the following test data [waited for the element's state of presence to be (false). Element locator (By.xpath: //*[@id='hplogo' or @alt='Google'])]. @23-09-2021 08:49:00.0410 AM
[ReportManager] Successfully created attachment [Screenshot - 1632386940354_waitForElementToBePresent_false_expectedToFail_WaitForElementToBePresent_failed] @23-09-2021 08:49:00.0410 A
[ReportManager] Browser Action [CloseCurrentWindow] successfully performed. @23-09-2021 08:49:00.0545 AM
[ReportManager] Successfully created attachment [Browser Action Test Data - CloseCurrentWindow - Actual Value] @23-09-2021 08:49:00.0546 A
[ReportManager] File Action [GetAbsolutePath] successfully performed. With the following test data [Relative Folder Path: "target/downloadedFiles/"]. @23-09-2021 08:49:00.0548 AM
[ReportManager] Attempting to run remotely on: [Linux-64], [GoogleChrome], [http://localhost:4444/wd/hub], Headless Execution. @23-09-2021 08:49:00.0548 AM
[ReportManager] Successfully Opened [GoogleChrome]. @23-09-2021 08:49:00.0724 A

################################################################################################################################################
Starting Execution:	[50 out of 144] test cases in the current suite
Test Method:		[unitTests.tests_element_elementActions.waitForElementToBePresent_false_expectedToPass]
################################################################################################################################################
[ReportManager] Target URL: [https://www.google.com/ncr], and after redirection: [www.google.com] @23-09-2021 08:49:00.0746 AM
[ReportManager] Initial URL: [data:,] @23-09-2021 08:49:00.0788 AM
[ReportManager] Browser Action [NavigateToURL] successfully performed. With the following test data [https://www.google.com/ncr]. @23-09-2021 08:49:01.0606 AM
[ReportManager] Waiting for element to be present; elementLocator [By.id: bla], numberOfTries[1], stateOfPresence[false]... @23-09-2021 08:49:01.0606 AM
[ReportManager] Element Action [WaitForElementToBePresent] successfully performed. With the following test data [waited for the element's state of presence to be (false). Element locator (By.id: bla)]. @23-09-2021 08:49:06.0718 A
[ReportManager] Browser Action [CloseCurrentWindow] successfully performed. @23-09-2021 08:49:06.0840 AM
[ReportManager] Successfully created attachment [Browser Action Test Data - CloseCurrentWindow - Actual Value] @23-09-2021 08:49:06.0841 A
[ReportManager] File Action [GetAbsolutePath] successfully performed. With the following test data [Relative Folder Path: "target/downloadedFiles/"]. @23-09-2021 08:49:06.0843 AM
[ReportManager] Attempting to run remotely on: [Linux-64], [GoogleChrome], [http://localhost:4444/wd/hub], Headless Execution. @23-09-2021 08:49:06.0844 AM
[ReportManager] Successfully Opened [GoogleChrome]. @23-09-2021 08:49:07.0040 A

################################################################################################################################################
Starting Execution:	[51 out of 144] test cases in the current suite
Test Method:		[unitTests.tests_element_elementActions.waitForElementToBePresent_moreThanOneElement_expectedToFail]
################################################################################################################################################
[ReportManager] Target URL: [https://www.google.com/ncr], and after redirection: [www.google.com] @23-09-2021 08:49:07.0058 AM
[ReportManager] Initial URL: [data:,] @23-09-2021 08:49:07.0095 AM
[ReportManager] Browser Action [NavigateToURL] successfully performed. With the following test data [https://www.google.com/ncr]. @23-09-2021 08:49:07.0971 AM
[ReportManager] Waiting for element to be present; elementLocator [By.xpath: //*], numberOfTries[1], stateOfPresence[false]... @23-09-2021 08:49:07.0972 AM
[ReportManager] Element Action [WaitForElementToBePresent] failed. With the following test data [waited for the element's state of presence to be (false). Element locator (By.xpath: //*)]. @23-09-2021 08:49:08.0158 AM
[ReportManager] Successfully created attachment [Screenshot - 1632386948101_waitForElementToBePresent_moreThanOneElement_expectedToFail_WaitForElementToBePresent_failed] @23-09-2021 08:49:08.0159 A
[ReportManager] Browser Action [CloseCurrentWindow] successfully performed. @23-09-2021 08:49:08.0275 AM
[ReportManager] Successfully created attachment [Browser Action Test Data - CloseCurrentWindow - Actual Value] @23-09-2021 08:49:08.0276 A
[ReportManager] File Action [GetAbsolutePath] successfully performed. With the following test data [Relative Folder Path: "target/downloadedFiles/"]. @23-09-2021 08:49:08.0279 AM
[ReportManager] Attempting to run remotely on: [Linux-64], [GoogleChrome], [http://localhost:4444/wd/hub], Headless Execution. @23-09-2021 08:49:08.0281 AM
[ReportManager] Successfully Opened [GoogleChrome]. @23-09-2021 08:49:08.0465 A

################################################################################################################################################
Starting Execution:	[52 out of 144] test cases in the current suite
Test Method:		[unitTests.tests_element_elementActions.waitForElementToBePresent_true_expectedToFail]
################################################################################################################################################
[ReportManager] Target URL: [https://www.google.com/ncr], and after redirection: [www.google.com] @23-09-2021 08:49:08.0479 AM
[ReportManager] Initial URL: [data:,] @23-09-2021 08:49:08.0518 AM
[ReportManager] Browser Action [NavigateToURL] successfully performed. With the following test data [https://www.google.com/ncr]. @23-09-2021 08:49:09.0336 AM
[ReportManager] Waiting for element to be present; elementLocator [By.id: bla], numberOfTries[1], stateOfPresence[true]... @23-09-2021 08:49:09.0336 AM
[ReportManager] Element Action [WaitForElementToBePresent] failed. With the following test data [waited for the element's state of presence to be (true). Element locator (By.id: bla)]. @23-09-2021 08:49:14.0568 AM
[ReportManager] Successfully created attachment [Screenshot - 1632386954517_waitForElementToBePresent_true_expectedToFail_WaitForElementToBePresent_failed] @23-09-2021 08:49:14.0568 A
[ReportManager] Browser Action [CloseCurrentWindow] successfully performed. @23-09-2021 08:49:14.0689 AM
[ReportManager] Successfully created attachment [Browser Action Test Data - CloseCurrentWindow - Actual Value] @23-09-2021 08:49:14.0690 A
[ReportManager] File Action [GetAbsolutePath] successfully performed. With the following test data [Relative Folder Path: "target/downloadedFiles/"]. @23-09-2021 08:49:14.0692 AM
[ReportManager] Attempting to run remotely on: [Linux-64], [GoogleChrome], [http://localhost:4444/wd/hub], Headless Execution. @23-09-2021 08:49:14.0693 AM
[ReportManager] Successfully Opened [GoogleChrome]. @23-09-2021 08:49:14.0885 A

################################################################################################################################################
Starting Execution:	[53 out of 144] test cases in the current suite
Test Method:		[unitTests.tests_element_elementActions.waitForElementToBePresent_true_expectedToPass]
################################################################################################################################################
[ReportManager] Target URL: [https://www.google.com/ncr], and after redirection: [www.google.com] @23-09-2021 08:49:14.0898 AM
[ReportManager] Initial URL: [data:,] @23-09-2021 08:49:14.0936 AM
[ReportManager] Browser Action [NavigateToURL] successfully performed. With the following test data [https://www.google.com/ncr]. @23-09-2021 08:49:15.0776 AM
[ReportManager] Waiting for element to be present; elementLocator [By.xpath: //*[@id='hplogo' or @alt='Google']], numberOfTries[1], stateOfPresence[true]... @23-09-2021 08:49:15.0777 AM
[ReportManager] Element Action [WaitForElementToBePresent] successfully performed. With the following test data [waited for the element's state of presence to be (true). Element locator (By.xpath: //*[@id='hplogo' or @alt='Google'])]. @23-09-2021 08:49:15.0836 AM
[ReportManager] File Action [DoesFileExist] successfully performed. With the following test data [File Path: "src/test/resources/DynamicObjectRepository/unitTests_tests_element_elementActions_waitForElementToBePresent_true_expectedToPass_By_xpath_id_hplogo_or_alt_Google.png"]. @23-09-2021 08:49:15.0839 AM
[ReportManager] File Action [DoesFileExist] successfully performed. With the following test data [File Path: "src/test/resources/DynamicObjectRepository/unitTests_tests_element_elementActions_waitForElementToBePresent_true_expectedToPass_By_xpath_id_hplogo_or_alt_Google.png"]. @23-09-2021 08:49:15.0973 AM
[ReportManager] Passing the test and saving a reference image @23-09-2021 08:49:15.0973 AM
[ReportManager] File Action [GetAbsolutePath] successfully performed. With the following test data [Relative File Path: "src/test/resources/DynamicObjectRepository/unitTests_tests_element_elementActions_waitForElementToBePresent_true_expectedToPass_By_xpath_id_hplogo_or_alt_Google.png"]. @23-09-2021 08:49:15.0973 AM
[ReportManager] File Action [WriteToFile] successfully performed. With the following test data [Target File Path: "/home/runner/work/SHAFT_ENGINE/SHAFT_ENGINE/src/test/resources/DynamicObjectRepository/unitTests_tests_element_elementActions_waitForElementToBePresent_true_expectedToPass_By_xpath_id_hplogo_or_alt_Google.png"]. @23-09-2021 08:49:15.0975 AM
[ReportManager] Assertion Passed: Using Visual AI; OpenCV @23-09-2021 08:49:15.0975 AM
[ReportManager] Successfully created attachment [Validation Test Data - Actual Screenshot] @23-09-2021 08:49:15.0976 AM
[ReportManager] Assertion [ValidateElementMatches] PASSED. Expected [Element should match the reference screenshot] and Actual [TRUE]. Comparison Type [EXACT_OPENCV]. Validation Type [POSITIVE]. @23-09-2021 08:49:15.0976 A
[ReportManager] Browser Action [CloseCurrentWindow] successfully performed. @23-09-2021 08:49:16.0096 AM
[ReportManager] Successfully created attachment [Browser Action Test Data - CloseCurrentWindow - Actual Value] @23-09-2021 08:49:16.0096 A
[ReportManager] File Action [GetAbsolutePath] successfully performed. With the following test data [Relative Folder Path: "target/downloadedFiles/"]. @23-09-2021 08:49:16.0099 AM
[ReportManager] Attempting to run remotely on: [Linux-64], [GoogleChrome], [http://localhost:4444/wd/hub], Headless Execution. @23-09-2021 08:49:16.0100 AM
[ReportManager] Successfully Opened [GoogleChrome]. @23-09-2021 08:49:16.0289 AM
[ReportManager] Target URL: [https://duckduckgo.com] @23-09-2021 08:49:16.0302 AM
[ReportManager] Initial URL: [data:,] @23-09-2021 08:49:16.0354 AM
[ReportManager] Browser Action [NavigateToURL] successfully performed. With the following test data [https://duckduckgo.com]. @23-09-2021 08:49:17.0024 A

################################################################################################################################################
Starting Execution:	[54 out of 144] test cases in the current suite
Test Method:		[unitTests.tests_browserActions.fullScreenWindow]
################################################################################################################################################
[ReportManager] Initial Windows Size: 800x600 @23-09-2021 08:49:17.0034 AM
[ReportManager] Initial window size: (800, 600) @23-09-2021 08:49:17.0042 AM
[ReportManager] Window size after Toolkit: (1920, 1080) @23-09-2021 08:49:17.0262 AM
[ReportManager] Browser Action [MaximizeWindow] successfully performed. With the following test data [New screen size is now: (1920, 1080)]. @23-09-2021 08:49:17.0264 AM
[ReportManager] Current Windows Size after fullScreen: 1920x1080 @23-09-2021 08:49:17.0268 AM
[ReportManager] Browser Action [FullScreenWindow] successfully performed. @23-09-2021 08:49:17.0283 AM
[ReportManager] Successfully created attachment [Browser Action Test Data - FullScreenWindow - Actual Value] @23-09-2021 08:49:17.0285 A
[ReportManager] Target URL: [https://duckduckgo.com] @23-09-2021 08:49:17.0289 AM
[ReportManager] Initial URL: [https://duckduckgo.com] @23-09-2021 08:49:17.0353 AM
[ReportManager] Browser Action [NavigateToURL] successfully performed. With the following test data [https://duckduckgo.com]. @23-09-2021 08:49:17.0700 AM
[ReportManager] Browser Action [CloseCurrentWindow] successfully performed. @23-09-2021 08:49:17.0793 AM
[ReportManager] Successfully created attachment [Browser Action Test Data - CloseCurrentWindow - Actual Value] @23-09-2021 08:49:17.0798 A
[ReportManager] File Action [GetAbsolutePath] successfully performed. With the following test data [Relative Folder Path: "target/downloadedFiles/"]. @23-09-2021 08:49:17.0800 AM
[ReportManager] Attempting to run remotely on: [Linux-64], [GoogleChrome], [http://localhost:4444/wd/hub], Headless Execution. @23-09-2021 08:49:17.0800 AM
[ReportManager] Successfully Opened [GoogleChrome]. @23-09-2021 08:49:18.0043 AM
[ReportManager] Target URL: [https://duckduckgo.com] @23-09-2021 08:49:18.0054 AM
[ReportManager] Initial URL: [data:,] @23-09-2021 08:49:18.0097 AM
[ReportManager] Browser Action [NavigateToURL] successfully performed. With the following test data [https://duckduckgo.com]. @23-09-2021 08:49:18.0703 A

################################################################################################################################################
Starting Execution:	[55 out of 144] test cases in the current suite
Test Method:		[unitTests.tests_browserActions.getCurrentURL]
################################################################################################################################################
[ReportManager] Browser Action [GetCurrentURL] successfully performed. With the following test data [https://duckduckgo.com/]. @23-09-2021 08:49:18.0750 A
[ReportManager] Target URL: [https://duckduckgo.com] @23-09-2021 08:49:18.0751 AM
[ReportManager] Initial URL: [https://duckduckgo.com] @23-09-2021 08:49:18.0818 AM
[ReportManager] Browser Action [NavigateToURL] successfully performed. With the following test data [https://duckduckgo.com]. @23-09-2021 08:49:19.0210 AM
[ReportManager] Browser Action [CloseCurrentWindow] successfully performed. @23-09-2021 08:49:19.0313 AM
[ReportManager] Successfully created attachment [Browser Action Test Data - CloseCurrentWindow - Actual Value] @23-09-2021 08:49:19.0314 A
[ReportManager] File Action [GetAbsolutePath] successfully performed. With the following test data [Relative Folder Path: "target/downloadedFiles/"]. @23-09-2021 08:49:19.0316 AM
[ReportManager] Attempting to run remotely on: [Linux-64], [GoogleChrome], [http://localhost:4444/wd/hub], Headless Execution. @23-09-2021 08:49:19.0316 AM
[ReportManager] Successfully Opened [GoogleChrome]. @23-09-2021 08:49:19.0522 AM
[ReportManager] Target URL: [https://duckduckgo.com] @23-09-2021 08:49:19.0532 AM
[ReportManager] Initial URL: [data:,] @23-09-2021 08:49:19.0585 AM
[ReportManager] Browser Action [NavigateToURL] successfully performed. With the following test data [https://duckduckgo.com]. @23-09-2021 08:49:20.0217 A

################################################################################################################################################
Starting Execution:	[56 out of 144] test cases in the current suite
Test Method:		[unitTests.tests_browserActions.getCurrentWindowTitle]
################################################################################################################################################
[ReportManager] Browser Action [GetCurrentWindowTitle] successfully performed. With the following test data [DuckDuckGo  Privacy, simplified.]. @23-09-2021 08:49:20.0263 A
[ReportManager] Target URL: [https://duckduckgo.com] @23-09-2021 08:49:20.0264 AM
[ReportManager] Initial URL: [https://duckduckgo.com] @23-09-2021 08:49:20.0338 AM
[ReportManager] Browser Action [NavigateToURL] successfully performed. With the following test data [https://duckduckgo.com]. @23-09-2021 08:49:20.0658 AM
[ReportManager] Browser Action [CloseCurrentWindow] successfully performed. @23-09-2021 08:49:20.0754 AM
[ReportManager] Successfully created attachment [Browser Action Test Data - CloseCurrentWindow - Actual Value] @23-09-2021 08:49:20.0754 A
[ReportManager] File Action [GetAbsolutePath] successfully performed. With the following test data [Relative Folder Path: "target/downloadedFiles/"]. @23-09-2021 08:49:20.0756 AM
[ReportManager] Attempting to run remotely on: [Linux-64], [GoogleChrome], [http://localhost:4444/wd/hub], Headless Execution. @23-09-2021 08:49:20.0757 AM
[ReportManager] Successfully Opened [GoogleChrome]. @23-09-2021 08:49:21.0033 AM
[ReportManager] Target URL: [https://duckduckgo.com] @23-09-2021 08:49:21.0060 AM
[ReportManager] Initial URL: [data:,] @23-09-2021 08:49:21.0099 AM
[ReportManager] Browser Action [NavigateToURL] successfully performed. With the following test data [https://duckduckgo.com]. @23-09-2021 08:49:21.0743 A

################################################################################################################################################
Starting Execution:	[57 out of 144] test cases in the current suite
Test Method:		[unitTests.tests_browserActions.getPageSource]
################################################################################################################################################
[ReportManager] Browser Action [GetPageSource] successfully performed. @23-09-2021 08:49:21.0789 AM
[ReportManager] Successfully created attachment [Browser Action Test Data - GetPageSource - Actual Value] @23-09-2021 08:49:21.0789 A
[ReportManager] Target URL: [https://duckduckgo.com] @23-09-2021 08:49:21.0791 AM
[ReportManager] Initial URL: [https://duckduckgo.com] @23-09-2021 08:49:21.0843 AM
[ReportManager] Browser Action [NavigateToURL] successfully performed. With the following test data [https://duckduckgo.com]. @23-09-2021 08:49:22.0202 AM
[ReportManager] Browser Action [CloseCurrentWindow] successfully performed. @23-09-2021 08:49:22.0294 AM
[ReportManager] Successfully created attachment [Browser Action Test Data - CloseCurrentWindow - Actual Value] @23-09-2021 08:49:22.0294 A
[ReportManager] File Action [GetAbsolutePath] successfully performed. With the following test data [Relative Folder Path: "target/downloadedFiles/"]. @23-09-2021 08:49:22.0306 AM
[ReportManager] Attempting to run remotely on: [Linux-64], [GoogleChrome], [http://localhost:4444/wd/hub], Headless Execution. @23-09-2021 08:49:22.0306 AM
[ReportManager] Successfully Opened [GoogleChrome]. @23-09-2021 08:49:22.0551 AM
[ReportManager] Target URL: [https://duckduckgo.com] @23-09-2021 08:49:22.0561 AM
[ReportManager] Initial URL: [data:,] @23-09-2021 08:49:22.0597 AM
[ReportManager] Browser Action [NavigateToURL] successfully performed. With the following test data [https://duckduckgo.com]. @23-09-2021 08:49:23.0272 A

################################################################################################################################################
Starting Execution:	[58 out of 144] test cases in the current suite
Test Method:		[unitTests.tests_browserActions.getWindowHandle]
################################################################################################################################################
[ReportManager] Browser Action [GetWindowHandle] successfully performed. With the following test data [CDwindow-6D2091FBDEA99E488585A7DF4D603B6F]. @23-09-2021 08:49:23.0308 A
[ReportManager] Target URL: [https://duckduckgo.com] @23-09-2021 08:49:23.0310 AM
[ReportManager] Initial URL: [https://duckduckgo.com] @23-09-2021 08:49:23.0361 AM
[ReportManager] Browser Action [NavigateToURL] successfully performed. With the following test data [https://duckduckgo.com]. @23-09-2021 08:49:23.0689 AM
[ReportManager] Browser Action [CloseCurrentWindow] successfully performed. @23-09-2021 08:49:23.0789 AM
[ReportManager] Successfully created attachment [Browser Action Test Data - CloseCurrentWindow - Actual Value] @23-09-2021 08:49:23.0790 A
[ReportManager] File Action [GetAbsolutePath] successfully performed. With the following test data [Relative Folder Path: "target/downloadedFiles/"]. @23-09-2021 08:49:23.0792 AM
[ReportManager] Attempting to run remotely on: [Linux-64], [GoogleChrome], [http://localhost:4444/wd/hub], Headless Execution. @23-09-2021 08:49:23.0792 AM
[ReportManager] Successfully Opened [GoogleChrome]. @23-09-2021 08:49:24.0025 AM
[ReportManager] Target URL: [https://duckduckgo.com] @23-09-2021 08:49:24.0036 AM
[ReportManager] Initial URL: [data:,] @23-09-2021 08:49:24.0075 AM
[ReportManager] Browser Action [NavigateToURL] successfully performed. With the following test data [https://duckduckgo.com]. @23-09-2021 08:49:24.0665 A

################################################################################################################################################
Starting Execution:	[59 out of 144] test cases in the current suite
Test Method:		[unitTests.tests_browserActions.getWindowPosition]
################################################################################################################################################
[ReportManager] Browser Action [GetWindowPosition] successfully performed. With the following test data [(0, 0)]. @23-09-2021 08:49:24.0708 A
[ReportManager] Target URL: [https://duckduckgo.com] @23-09-2021 08:49:24.0710 AM
[ReportManager] Initial URL: [https://duckduckgo.com] @23-09-2021 08:49:24.0769 AM
[ReportManager] Browser Action [NavigateToURL] successfully performed. With the following test data [https://duckduckgo.com]. @23-09-2021 08:49:25.0085 AM
[ReportManager] Browser Action [CloseCurrentWindow] successfully performed. @23-09-2021 08:49:25.0181 AM
[ReportManager] Successfully created attachment [Browser Action Test Data - CloseCurrentWindow - Actual Value] @23-09-2021 08:49:25.0181 A
[ReportManager] File Action [GetAbsolutePath] successfully performed. With the following test data [Relative Folder Path: "target/downloadedFiles/"]. @23-09-2021 08:49:25.0185 AM
[ReportManager] Attempting to run remotely on: [Linux-64], [GoogleChrome], [http://localhost:4444/wd/hub], Headless Execution. @23-09-2021 08:49:25.0185 AM
[ReportManager] Successfully Opened [GoogleChrome]. @23-09-2021 08:49:25.0378 AM
[ReportManager] Target URL: [https://duckduckgo.com] @23-09-2021 08:49:25.0399 AM
[ReportManager] Initial URL: [data:,] @23-09-2021 08:49:25.0435 AM
[ReportManager] Browser Action [NavigateToURL] successfully performed. With the following test data [https://duckduckgo.com]. @23-09-2021 08:49:26.0025 A

################################################################################################################################################
Starting Execution:	[60 out of 144] test cases in the current suite
Test Method:		[unitTests.tests_browserActions.getWindowSize]
################################################################################################################################################
[ReportManager] Browser Action [GetWindowSize] successfully performed. With the following test data [(800, 600)]. @23-09-2021 08:49:26.0064 A
[ReportManager] Target URL: [https://duckduckgo.com] @23-09-2021 08:49:26.0067 AM
[ReportManager] Initial URL: [https://duckduckgo.com] @23-09-2021 08:49:26.0115 AM
[ReportManager] Browser Action [NavigateToURL] successfully performed. With the following test data [https://duckduckgo.com]. @23-09-2021 08:49:26.0425 AM
[ReportManager] Browser Action [CloseCurrentWindow] successfully performed. @23-09-2021 08:49:26.0522 AM
[ReportManager] Successfully created attachment [Browser Action Test Data - CloseCurrentWindow - Actual Value] @23-09-2021 08:49:26.0522 A
[ReportManager] File Action [GetAbsolutePath] successfully performed. With the following test data [Relative Folder Path: "target/downloadedFiles/"]. @23-09-2021 08:49:26.0525 AM
[ReportManager] Attempting to run remotely on: [Linux-64], [GoogleChrome], [http://localhost:4444/wd/hub], Headless Execution. @23-09-2021 08:49:26.0525 AM
[ReportManager] Successfully Opened [GoogleChrome]. @23-09-2021 08:49:26.0714 AM
[ReportManager] Target URL: [https://duckduckgo.com] @23-09-2021 08:49:26.0732 AM
[ReportManager] Initial URL: [data:,] @23-09-2021 08:49:26.0766 AM
[ReportManager] Browser Action [NavigateToURL] successfully performed. With the following test data [https://duckduckgo.com]. @23-09-2021 08:49:27.0409 A

################################################################################################################################################
Starting Execution:	[61 out of 144] test cases in the current suite
Test Method:		[unitTests.tests_browserActions.maximizeWindow]
################################################################################################################################################
[ReportManager] Initial window size: (800, 600) @23-09-2021 08:49:27.0415 AM
[ReportManager] Window size after Toolkit: (1920, 1080) @23-09-2021 08:49:27.0631 AM
[ReportManager] Browser Action [MaximizeWindow] successfully performed. With the following test data [New screen size is now: (1920, 1080)]. @23-09-2021 08:49:27.0634 A
[ReportManager] Target URL: [https://duckduckgo.com] @23-09-2021 08:49:27.0637 AM
[ReportManager] Initial URL: [https://duckduckgo.com] @23-09-2021 08:49:27.0707 AM
[ReportManager] Browser Action [NavigateToURL] successfully performed. With the following test data [https://duckduckgo.com]. @23-09-2021 08:49:28.0028 AM
[ReportManager] Browser Action [CloseCurrentWindow] successfully performed. @23-09-2021 08:49:28.0126 AM
[ReportManager] Successfully created attachment [Browser Action Test Data - CloseCurrentWindow - Actual Value] @23-09-2021 08:49:28.0126 A
[ReportManager] File Action [GetAbsolutePath] successfully performed. With the following test data [Relative Folder Path: "target/downloadedFiles/"]. @23-09-2021 08:49:28.0128 AM
[ReportManager] Attempting to run remotely on: [Linux-64], [GoogleChrome], [http://localhost:4444/wd/hub], Headless Execution. @23-09-2021 08:49:28.0129 AM
[ReportManager] Successfully Opened [GoogleChrome]. @23-09-2021 08:49:28.0334 AM
[ReportManager] Target URL: [https://duckduckgo.com] @23-09-2021 08:49:28.0359 AM
[ReportManager] Initial URL: [data:,] @23-09-2021 08:49:28.0396 AM
[ReportManager] Browser Action [NavigateToURL] successfully performed. With the following test data [https://duckduckgo.com]. @23-09-2021 08:49:28.0976 A

################################################################################################################################################
Starting Execution:	[62 out of 144] test cases in the current suite
Test Method:		[unitTests.tests_browserActions.navigateBack]
################################################################################################################################################
[ReportManager] Target URL: [https://www.google.com/ncr], and after redirection: [https://www.google.com] @23-09-2021 08:49:28.0978 AM
[ReportManager] Initial URL: [https://duckduckgo.com] @23-09-2021 08:49:29.0046 AM
[ReportManager] Browser Action [NavigateToURL] successfully performed. With the following test data [https://www.google.com/ncr]. @23-09-2021 08:49:29.0827 AM
[ReportManager] Browser Action [NavigateBack] successfully performed. With the following test data [https://duckduckgo.com/]. @23-09-2021 08:49:30.0185 AM
[ReportManager] Browser Action [GetCurrentURL] successfully performed. With the following test data [https://duckduckgo.com/]. @23-09-2021 08:49:30.0228 AM
[ReportManager] Assertion Passed: Confirming that navigating back was successful @23-09-2021 08:49:30.0356 AM
[ReportManager] Successfully created attachment [Screenshot - 1632386970300_navigateBack_ValidateBrowserAttribute_passed] @23-09-2021 08:49:30.0357 AM
[ReportManager] Assertion [ValidateBrowserAttribute] PASSED. Expected [Value Should be 'https://duckduckgo.com' for the 'CurrentUrl' attribute] and Actual [https://duckduckgo.com/]. Comparison Type [CONTAINS]. Validation Type [POSITIVE]. @23-09-2021 08:49:30.0357 A
[ReportManager] Target URL: [https://duckduckgo.com] @23-09-2021 08:49:30.0358 AM
[ReportManager] Initial URL: [https://duckduckgo.com] @23-09-2021 08:49:30.0409 AM
[ReportManager] Browser Action [NavigateToURL] successfully performed. With the following test data [https://duckduckgo.com]. @23-09-2021 08:49:30.0714 AM
[ReportManager] Browser Action [CloseCurrentWindow] successfully performed. @23-09-2021 08:49:30.0809 AM
[ReportManager] Successfully created attachment [Browser Action Test Data - CloseCurrentWindow - Actual Value] @23-09-2021 08:49:30.0810 A
[ReportManager] File Action [GetAbsolutePath] successfully performed. With the following test data [Relative Folder Path: "target/downloadedFiles/"]. @23-09-2021 08:49:30.0811 AM
[ReportManager] Attempting to run remotely on: [Linux-64], [GoogleChrome], [http://localhost:4444/wd/hub], Headless Execution. @23-09-2021 08:49:30.0812 AM
[ReportManager] Successfully Opened [GoogleChrome]. @23-09-2021 08:49:31.0040 AM
[ReportManager] Target URL: [https://duckduckgo.com] @23-09-2021 08:49:31.0058 AM
[ReportManager] Initial URL: [data:,] @23-09-2021 08:49:31.0109 AM
[ReportManager] Browser Action [NavigateToURL] successfully performed. With the following test data [https://duckduckgo.com]. @23-09-2021 08:49:31.0752 A

################################################################################################################################################
Starting Execution:	[63 out of 144] test cases in the current suite
Test Method:		[unitTests.tests_browserActions.navigateForward]
################################################################################################################################################
[ReportManager] Target URL: [https://www.google.com/ncr], and after redirection: [https://www.google.com] @23-09-2021 08:49:31.0759 AM
[ReportManager] Initial URL: [https://duckduckgo.com] @23-09-2021 08:49:31.0813 AM
[ReportManager] Browser Action [NavigateToURL] successfully performed. With the following test data [https://www.google.com/ncr]. @23-09-2021 08:49:32.0589 AM
[ReportManager] Browser Action [NavigateBack] successfully performed. With the following test data [https://duckduckgo.com/]. @23-09-2021 08:49:32.0915 AM
[ReportManager] Browser Action [NavigateForward] successfully performed. With the following test data [https://www.google.com/]. @23-09-2021 08:49:33.0298 A
[ReportManager] Target URL: [https://duckduckgo.com] @23-09-2021 08:49:33.0302 AM
[ReportManager] Initial URL: [https://www.google.com] @23-09-2021 08:49:33.0377 AM
[ReportManager] Browser Action [NavigateToURL] successfully performed. With the following test data [https://duckduckgo.com]. @23-09-2021 08:49:33.0796 AM
[ReportManager] Browser Action [CloseCurrentWindow] successfully performed. @23-09-2021 08:49:33.0887 AM
[ReportManager] Successfully created attachment [Browser Action Test Data - CloseCurrentWindow - Actual Value] @23-09-2021 08:49:33.0887 A
[ReportManager] File Action [GetAbsolutePath] successfully performed. With the following test data [Relative Folder Path: "target/downloadedFiles/"]. @23-09-2021 08:49:33.0890 AM
[ReportManager] Attempting to run remotely on: [Linux-64], [GoogleChrome], [http://localhost:4444/wd/hub], Headless Execution. @23-09-2021 08:49:33.0894 AM
[ReportManager] Successfully Opened [GoogleChrome]. @23-09-2021 08:49:34.0086 AM
[ReportManager] Target URL: [https://duckduckgo.com] @23-09-2021 08:49:34.0097 AM
[ReportManager] Initial URL: [data:,] @23-09-2021 08:49:34.0136 AM
[ReportManager] Browser Action [NavigateToURL] successfully performed. With the following test data [https://duckduckgo.com]. @23-09-2021 08:49:34.0700 A

################################################################################################################################################
Starting Execution:	[64 out of 144] test cases in the current suite
Test Method:		[unitTests.tests_browserActions.navigateToURL]
################################################################################################################################################
[ReportManager] Target URL: [https://duckduckgo.com] @23-09-2021 08:49:34.0706 AM
[ReportManager] Initial URL: [https://duckduckgo.com] @23-09-2021 08:49:34.0755 AM
[ReportManager] Browser Action [NavigateToURL] successfully performed. With the following test data [https://duckduckgo.com]. @23-09-2021 08:49:35.0057 A
[ReportManager] Target URL: [https://duckduckgo.com] @23-09-2021 08:49:35.0059 AM
[ReportManager] Initial URL: [https://duckduckgo.com] @23-09-2021 08:49:35.0108 AM
[ReportManager] Browser Action [NavigateToURL] successfully performed. With the following test data [https://duckduckgo.com]. @23-09-2021 08:49:35.0399 AM
[ReportManager] Browser Action [CloseCurrentWindow] successfully performed. @23-09-2021 08:49:35.0494 AM
[ReportManager] Successfully created attachment [Browser Action Test Data - CloseCurrentWindow - Actual Value] @23-09-2021 08:49:35.0494 A
[ReportManager] File Action [GetAbsolutePath] successfully performed. With the following test data [Relative Folder Path: "target/downloadedFiles/"]. @23-09-2021 08:49:35.0496 AM
[ReportManager] Attempting to run remotely on: [Linux-64], [GoogleChrome], [http://localhost:4444/wd/hub], Headless Execution. @23-09-2021 08:49:35.0496 AM
[ReportManager] Successfully Opened [GoogleChrome]. @23-09-2021 08:49:35.0706 AM
[ReportManager] Target URL: [https://duckduckgo.com] @23-09-2021 08:49:35.0718 AM
[ReportManager] Initial URL: [data:,] @23-09-2021 08:49:35.0755 AM
[ReportManager] Browser Action [NavigateToURL] successfully performed. With the following test data [https://duckduckgo.com]. @23-09-2021 08:49:36.0398 A

################################################################################################################################################
Starting Execution:	[65 out of 144] test cases in the current suite
Test Method:		[unitTests.tests_browserActions.navigateToURLWithRedirection]
################################################################################################################################################
[ReportManager] Target URL: [https://www.google.com/ncr], and after redirection: [https://www.google.com] @23-09-2021 08:49:36.0401 AM
[ReportManager] Initial URL: [https://duckduckgo.com] @23-09-2021 08:49:36.0454 AM
[ReportManager] Browser Action [NavigateToURL] successfully performed. With the following test data [https://www.google.com/ncr]. @23-09-2021 08:49:37.0234 A
[ReportManager] Target URL: [https://duckduckgo.com] @23-09-2021 08:49:37.0237 AM
[ReportManager] Initial URL: [https://www.google.com] @23-09-2021 08:49:37.0314 AM
[ReportManager] Browser Action [NavigateToURL] successfully performed. With the following test data [https://duckduckgo.com]. @23-09-2021 08:49:37.0772 AM
[ReportManager] Browser Action [CloseCurrentWindow] successfully performed. @23-09-2021 08:49:37.0867 AM
[ReportManager] Successfully created attachment [Browser Action Test Data - CloseCurrentWindow - Actual Value] @23-09-2021 08:49:37.0867 A
[ReportManager] File Action [GetAbsolutePath] successfully performed. With the following test data [Relative Folder Path: "target/downloadedFiles/"]. @23-09-2021 08:49:37.0869 AM
[ReportManager] Attempting to run remotely on: [Linux-64], [GoogleChrome], [http://localhost:4444/wd/hub], Headless Execution. @23-09-2021 08:49:37.0869 AM
[ReportManager] Successfully Opened [GoogleChrome]. @23-09-2021 08:49:38.0098 AM
[ReportManager] Target URL: [https://duckduckgo.com] @23-09-2021 08:49:38.0108 AM
[ReportManager] Initial URL: [data:,] @23-09-2021 08:49:38.0146 AM
[ReportManager] Browser Action [NavigateToURL] successfully performed. With the following test data [https://duckduckgo.com]. @23-09-2021 08:49:38.0740 A

################################################################################################################################################
Starting Execution:	[66 out of 144] test cases in the current suite
Test Method:		[unitTests.tests_browserActions.refreshCurrentPage]
################################################################################################################################################
[ReportManager] Browser Action [RefreshCurrentPage] successfully performed. @23-09-2021 08:49:38.0950 AM
[ReportManager] Successfully created attachment [Browser Action Test Data - RefreshCurrentPage - Actual Value] @23-09-2021 08:49:38.0950 A
[ReportManager] Target URL: [https://duckduckgo.com] @23-09-2021 08:49:38.0953 AM
[ReportManager] Initial URL: [https://duckduckgo.com] @23-09-2021 08:49:39.0014 AM
[ReportManager] Browser Action [NavigateToURL] successfully performed. With the following test data [https://duckduckgo.com]. @23-09-2021 08:49:39.0292 AM
[ReportManager] Browser Action [CloseCurrentWindow] successfully performed. @23-09-2021 08:49:39.0385 AM
[ReportManager] Successfully created attachment [Browser Action Test Data - CloseCurrentWindow - Actual Value] @23-09-2021 08:49:39.0386 A
[ReportManager] File Action [GetAbsolutePath] successfully performed. With the following test data [Relative Folder Path: "target/downloadedFiles/"]. @23-09-2021 08:49:39.0394 AM
[ReportManager] Attempting to run remotely on: [Linux-64], [GoogleChrome], [http://localhost:4444/wd/hub], Headless Execution. @23-09-2021 08:49:39.0394 AM
[ReportManager] Successfully Opened [GoogleChrome]. @23-09-2021 08:49:39.0583 AM
[ReportManager] Target URL: [https://duckduckgo.com] @23-09-2021 08:49:39.0594 AM
[ReportManager] Initial URL: [data:,] @23-09-2021 08:49:39.0645 AM
[ReportManager] Browser Action [NavigateToURL] successfully performed. With the following test data [https://duckduckgo.com]. @23-09-2021 08:49:40.0240 A

################################################################################################################################################
Starting Execution:	[67 out of 144] test cases in the current suite
Test Method:		[unitTests.tests_browserActions.setWindowSize]
################################################################################################################################################
[ReportManager] Initial window size: (800, 600) @23-09-2021 08:49:40.0249 AM
[ReportManager] Window size after SWD: (1280, 720) @23-09-2021 08:49:40.0468 AM
[ReportManager] Browser Action [SetWindowSize] successfully performed. With the following test data [New screen size is now: (1280, 720)]. @23-09-2021 08:49:40.0469 A
[ReportManager] Target URL: [https://duckduckgo.com] @23-09-2021 08:49:40.0470 AM
[ReportManager] Initial URL: [https://duckduckgo.com] @23-09-2021 08:49:40.0534 AM
[ReportManager] Browser Action [NavigateToURL] successfully performed. With the following test data [https://duckduckgo.com]. @23-09-2021 08:49:40.0843 AM
[ReportManager] Browser Action [CloseCurrentWindow] successfully performed. @23-09-2021 08:49:40.0938 AM
[ReportManager] Successfully created attachment [Browser Action Test Data - CloseCurrentWindow - Actual Value] @23-09-2021 08:49:40.0938 A
[ReportManager] Successfully loaded the following test data file [src/test/resources/TestDataFiles/testSuite01/TestData.xlsx]. @23-09-2021 08:49:41.0788 AM
[ReportManager] Successfully created attachment [Test Data - Excel] @23-09-2021 08:49:41.0789 A

################################################################################################################################################
Starting Execution:	[68 out of 144] test cases in the current suite
Test Method:		[unitTests.tests_io_excelFileManager.getCellData_rowName_expectedToPass]
################################################################################################################################################
[ReportManager] testRowData. @23-09-2021 08:49:41.0804 A
[ReportManager] Successfully loaded the following test data file [src/test/resources/TestDataFiles/testSuite01/TestData.xlsx]. @23-09-2021 08:49:41.0849 AM
[ReportManager] Successfully created attachment [Test Data - Excel] @23-09-2021 08:49:41.0849 AM
[ReportManager] File Action [GetAbsolutePath] successfully performed. With the following test data [Relative Folder Path: "target/downloadedFiles/"]. @23-09-2021 08:49:41.0849 AM
[ReportManager] Attempting to run remotely on: [Linux-64], [GoogleChrome], [http://localhost:4444/wd/hub], Headless Execution. @23-09-2021 08:49:41.0849 AM
[ReportManager] Successfully Opened [GoogleChrome]. @23-09-2021 08:49:42.0136 A

################################################################################################################################################
Starting Execution:	[69 out of 144] test cases in the current suite
Test Method:		[testPackage01.Test_google.navigateToURLandVerifyGoogleLogoIsDisplayed]
Test Description:	[TC001 - Navigate to URL and Verify Google Logo is Displayed]
################################################################################################################################################
[ReportManager] Target URL: [https://www.google.com/ncr], and after redirection: [https://www.google.com] @23-09-2021 08:49:42.0148 AM
[ReportManager] Initial URL: [data:,] @23-09-2021 08:49:42.0195 AM
[ReportManager] Browser Action [NavigateToURL] successfully performed. With the following test data [https://www.google.com/ncr]. @23-09-2021 08:49:42.0992 AM
[ReportManager] Loaded Shared OpenCV @23-09-2021 08:49:43.0177 AM
[ReportManager] Assertion [ValidateElementExists] PASSED. Expected [Element Should Exist, locator 'By.xpath: //*[@id='hplogo' or @alt='Google']'] and Actual [Element Exists]. Comparison Type [EQUALS]. Validation Type [POSITIVE]. @23-09-2021 08:49:43.0250 AM
[ReportManager] Successfully created attachment [Screenshot - 1632386983176_navigateToURLandVerifyGoogleLogoIsDisplayed_ValidateElementExists_passed] @23-09-2021 08:49:43.0251 A

################################################################################################################################################
Starting Execution:	[70 out of 144] test cases in the current suite
Test Method:		[testPackage01.Test_google.searchForQueryandAssertResultsNumDisplayed]
Test Description:	[TC002 - Search for Query and Assert that the number of results is displayed]
################################################################################################################################################
[ReportManager] Element Action [Type] successfully performed. With the following test data [SHAFT_Engine]. @23-09-2021 08:49:43.0655 AM
[ReportManager] Element Action [KeyPress] successfully performed. With the following test data [Enter]. @23-09-2021 08:49:45.0249 AM
[ReportManager] Element Action [GetText] successfully performed. With the following test data [About 836,000 results (0.75 seconds) ]. @23-09-2021 08:49:45.0341 AM
[ReportManager] Loaded Shared OpenCV @23-09-2021 08:49:45.0481 AM
[ReportManager] Assertion [ValidateElementAttribute] PASSED. Expected [Value Should not be '' for the 'Text' attribute, element locator 'By.id: appbar'] and Actual [About 836,000 results (0.75 seconds) ]. Comparison Type [EQUALS]. Validation Type [NEGATIVE]. @23-09-2021 08:49:45.0563 AM
[ReportManager] Successfully created attachment [Screenshot - 1632386985481_searchForQueryandAssertResultsNumDisplayed_ValidateElementAttribute_passed] @23-09-2021 08:49:45.0564 A

################################################################################################################################################
Starting Execution:	[71 out of 144] test cases in the current suite
Test Method:		[testPackage01.Test_google.clickNextThrice]
Test Description:	[TC003 - Clicks the next button to make sure that the framework can scroll element into view before clicking it]
################################################################################################################################################
[ReportManager] Element Action [Click] successfully performed. With the following test data [Next]. @23-09-2021 08:49:47.0200 A
[ReportManager] Browser Action [CloseCurrentWindow] successfully performed. @23-09-2021 08:49:47.0382 AM
[ReportManager] Successfully created attachment [Browser Action Test Data - CloseCurrentWindow - Actual Value] @23-09-2021 08:49:47.0383 A

################################################################################################################################################
Starting Execution:	[72 out of 144] test cases in the current suite
Test Method:		[testPackage01.Test_testData.f]
################################################################################################################################################
[ReportManager] Successfully loaded the following test data file [src/test/resources/TestDataFiles/testSuite01/TestData.xlsx]. @23-09-2021 08:49:47.0432 AM
[ReportManager] Successfully created attachment [Test Data - Excel] @23-09-2021 08:49:47.0432 AM
[ReportManager] Last Column Number is: [3]. Zero-based. @23-09-2021 08:49:47.0432 A

################################################################################################################################################
Starting Execution:	[73 out of 144] test cases in the current suite
Test Method:		[testPackage01.Test_PDF.testPDF_Downloaded]
################################################################################################################################################
[ReportManager] File Action [DoesFileExist] successfully performed. With the following test data [File Path: "src/test/resources/TestDataFiles/sample.pdf"]. @23-09-2021 08:49:47.0445 AM
[ReportManager] File Action [GetAbsolutePath] successfully performed. With the following test data [Relative File Path: "src/test/resources/TestDataFiles/sample.pdf"]. @23-09-2021 08:49:47.0445 AM
[ReportManager] Assertion [ValidateTrue] PASSED. Expected [TRUE] and Actual [TRUE]. Validation Type [POSITIVE]. @23-09-2021 08:49:47.0862 A

################################################################################################################################################
Starting Execution:	[74 out of 144] test cases in the current suite
Test Method:		[testPackage01.Test_JSONFileManager.readStringFromJson]
################################################################################################################################################
[ReportManager] Successfully loaded the following test data file [src/test/resources/TestDataFiles/simpleJSON.json]. @23-09-2021 08:49:47.0874 AM
[ReportManager] Successfully created attachment [Test Data - JSON] @23-09-2021 08:49:47.0874 AM
[ReportManager] Assertion [ValidateEquals] PASSED. Expected [Mohab Mohie] and Actual [Mohab Mohie]. Comparison Type [EQUALS]. Validation Type [POSITIVE]. @23-09-2021 08:49:47.0894 A
[ReportManager] File Action [GetAbsolutePath] successfully performed. With the following test data [Relative Folder Path: "target/downloadedFiles/"]. @23-09-2021 08:49:47.0896 AM
[ReportManager] Attempting to run remotely on: [Linux-64], [GoogleChrome], [http://localhost:4444/wd/hub], Headless Execution. @23-09-2021 08:49:47.0896 AM
[ReportManager] Successfully Opened [GoogleChrome]. @23-09-2021 08:49:48.0133 A

################################################################################################################################################
Starting Execution:	[75 out of 144] test cases in the current suite
Test Method:		[testPackage01.Test_dragAndDrop.dragAndDropJquery]
################################################################################################################################################
[ReportManager] Target URL: [https://jqueryui.com/resources/demos/droppable/default.html] @23-09-2021 08:49:48.0148 AM
[ReportManager] Initial URL: [data:,] @23-09-2021 08:49:48.0184 AM
[ReportManager] Browser Action [NavigateToURL] successfully performed. With the following test data [https://jqueryui.com/resources/demos/droppable/default.html]. @23-09-2021 08:49:48.0670 AM
[ReportManager] Element Action [GetText] successfully performed. With the following test data [Drop here]. @23-09-2021 08:49:48.0759 AM
[ReportManager] Element Action [DragAndDrop] successfully performed. With the following test data [Start point: (8, 18), End point: (8, 18)]. @23-09-2021 08:49:50.0071 AM
[ReportManager] Element Action [GetText] successfully performed. With the following test data [Dropped!]. @23-09-2021 08:49:50.0132 AM
[ReportManager] Assertion Passed: Checking to see if the text has changed after performing drag and drop @23-09-2021 08:49:50.0132 AM
[ReportManager] Assertion [ValidateEquals] PASSED. Expected [Drop here] and Actual [Dropped!]. Comparison Type [EQUALS]. Validation Type [NEGATIVE]. @23-09-2021 08:49:50.0132 A
[ReportManager] Browser Action [CloseCurrentWindow] successfully performed. @23-09-2021 08:49:50.0228 AM
[ReportManager] Successfully created attachment [Browser Action Test Data - CloseCurrentWindow - Actual Value] @23-09-2021 08:49:50.0229 A
[ReportManager] File Action [GetAbsolutePath] successfully performed. With the following test data [Relative Folder Path: "target/downloadedFiles/"]. @23-09-2021 08:49:50.0233 AM
[ReportManager] Attempting to run remotely on: [Linux-64], [GoogleChrome], [http://localhost:4444/wd/hub], Headless Execution. @23-09-2021 08:49:50.0233 AM
[ReportManager] Successfully Opened [GoogleChrome]. @23-09-2021 08:49:50.0431 A

################################################################################################################################################
Starting Execution:	[76 out of 144] test cases in the current suite
Test Method:		[testPackage01.Test_dragAndDrop.dragAndDrop]
Test Description:	[TC001 - Test Drag and Drop function.]
################################################################################################################################################
[ReportManager] Target URL: [http://the-internet.herokuapp.com/drag_and_drop] @23-09-2021 08:49:50.0443 AM
[ReportManager] Initial URL: [data:,] @23-09-2021 08:49:50.0493 AM
[ReportManager] Browser Action [NavigateToURL] successfully performed. With the following test data [http://the-internet.herokuapp.com/drag_and_drop]. @23-09-2021 08:49:51.0037 AM
[ReportManager] Attempting Drag and Drop @23-09-2021 08:49:51.0037 AM
[ReportManager] Element Action [DragAndDrop] successfully performed. With the following test data [Start point: (32, 89), End point: (247, 89)]. @23-09-2021 08:49:52.0221 A
[ReportManager] Browser Action [CloseCurrentWindow] successfully performed. @23-09-2021 08:49:52.0315 AM
[ReportManager] Successfully created attachment [Browser Action Test Data - CloseCurrentWindow - Actual Value] @23-09-2021 08:49:52.0315 A
[ReportManager] File Action [GetAbsolutePath] successfully performed. With the following test data [Relative Folder Path: "target/downloadedFiles/"]. @23-09-2021 08:49:52.0319 AM
[ReportManager] Attempting to run remotely on: [Linux-64], [GoogleChrome], [http://localhost:4444/wd/hub], Headless Execution. @23-09-2021 08:49:52.0319 AM
[ReportManager] Successfully Opened [GoogleChrome]. @23-09-2021 08:49:52.0502 A

################################################################################################################################################
Starting Execution:	[77 out of 144] test cases in the current suite
Test Method:		[testPackage01.Test_dragAndDrop.dragAndDropByOffset]
Test Description:	[TC002 - Test Drag and Drop by offset function.]
################################################################################################################################################
[ReportManager] Target URL: [https://jqueryui.com/resources/demos/draggable/default.html] @23-09-2021 08:49:52.0515 AM
[ReportManager] Initial URL: [data:,] @23-09-2021 08:49:52.0551 AM
[ReportManager] Browser Action [NavigateToURL] successfully performed. With the following test data [https://jqueryui.com/resources/demos/draggable/default.html]. @23-09-2021 08:49:52.0986 AM
[ReportManager] Element Action [DragAndDropByOffset] successfully performed. With the following test data [Start point: (8, 8), End point: (108, 58)]. @23-09-2021 08:49:53.0130 A
[ReportManager] Browser Action [CloseCurrentWindow] successfully performed. @23-09-2021 08:49:53.0221 AM
[ReportManager] Successfully created attachment [Browser Action Test Data - CloseCurrentWindow - Actual Value] @23-09-2021 08:49:53.0221 A
[ReportManager] File Action [GetAbsolutePath] successfully performed. With the following test data [Relative Folder Path: "target/downloadedFiles/"]. @23-09-2021 08:49:53.0223 AM
[ReportManager] Attempting to run remotely on: [Linux-64], [GoogleChrome], [http://localhost:4444/wd/hub], Headless Execution. @23-09-2021 08:49:53.0223 AM
[ReportManager] Successfully Opened [GoogleChrome]. @23-09-2021 08:49:53.0422 A

################################################################################################################################################
Starting Execution:	[78 out of 144] test cases in the current suite
Test Method:		[testPackage01.Test_verifyEquals.test_assertElementAttribute]
################################################################################################################################################
[ReportManager] Target URL: [https://www.google.com/ncr], and after redirection: [https://www.google.com] @23-09-2021 08:49:53.0439 AM
[ReportManager] Initial URL: [data:,] @23-09-2021 08:49:53.0487 AM
[ReportManager] Browser Action [NavigateToURL] successfully performed. With the following test data [https://www.google.com/ncr]. @23-09-2021 08:49:54.0281 AM
[ReportManager] Element Action [Type] successfully performed. With the following test data [INC_004010050:Another SCHEDULER with the same name [Duplicate Job Name] already exists.]. @23-09-2021 08:49:54.0953 AM
[ReportManager] Element Action [GetText] successfully performed. With the following test data [INC_004010050:Another SCHEDULER with the same name [Duplicate Job Name] already exists.]. @23-09-2021 08:49:55.0031 AM
[ReportManager] Loaded Shared OpenCV @23-09-2021 08:49:55.0167 AM
[ReportManager] Verification [ValidateElementAttribute] PASSED. Expected [Value Should be 'INC_004010050:Another SCHEDULER with the same name \[Duplicate Job Name\] already exists.' for the 'text' attribute, element locator 'By.name: q'] and Actual [INC_004010050:Another SCHEDULER with the same name [Duplicate Job Name] already exists.]. Comparison Type [MATCHES]. Validation Type [POSITIVE]. @23-09-2021 08:49:55.0276 AM
[ReportManager] Successfully created attachment [Screenshot - 1632386995167_test_assertElementAttribute_ValidateElementAttribute_passed] @23-09-2021 08:49:55.0277 A
[ReportManager] Browser Action [CloseCurrentWindow] successfully performed. @23-09-2021 08:49:55.0398 AM
[ReportManager] Successfully created attachment [Browser Action Test Data - CloseCurrentWindow - Actual Value] @23-09-2021 08:49:55.0399 A
[ReportManager] Successfully loaded the following test data file [src/test/resources/TestDataFiles/testSuite01/TestData.xlsx]. @23-09-2021 08:49:55.0429 AM
[ReportManager] Successfully created attachment [Test Data - Excel] @23-09-2021 08:49:55.0429 AM
[ReportManager] Attempting to run using Playwright locally on: [Linux-64], [GoogleChrome], Headless Execution. @23-09-2021 08:50:10.0163 AM
[ReportManager] File Action [GetAbsolutePath] successfully performed. With the following test data [Relative Folder Path: "target/downloadedFiles/"]. @23-09-2021 08:50:10.0163 AM
[ReportManager] Initial window size: (1280, 720) @23-09-2021 08:50:10.0764 AM
[ReportManager] Window size after Toolkit: com.microsoft.playwright.options.ViewportSize@6002379e @23-09-2021 08:50:10.0770 AM
[ReportManager] Browser Action [MaximizeWindow] successfully performed. With the following test data [New screen size is now: (1920, 1080)]. @23-09-2021 08:50:10.0771 A

################################################################################################################################################
Starting Execution:	[79 out of 144] test cases in the current suite
Test Method:		[testPackage01.Test_google_playwright.navigateToURLandVerifyGoogleLogoIsDisplayed]
Test Description:	[TC001 - Navigate to URL and Verify Google Logo is Displayed]
################################################################################################################################################
[ReportManager] Target URL: [https://www.google.com/ncr], and after redirection: [https://www.google.com] @23-09-2021 08:50:10.0778 AM
[ReportManager] Initial URL: [about:blank] @23-09-2021 08:50:11.0245 AM
[ReportManager] Browser Action [NavigateToURL] successfully performed. With the following test data [https://www.google.com/ncr]. @23-09-2021 08:50:12.0519 AM
[ReportManager] Loaded Shared OpenCV @23-09-2021 08:50:12.0737 AM
[ReportManager] Assertion [ValidateElementExists] PASSED. Expected [Element Should Exist, locator 'xpath=//*[@id='hplogo' or @alt='Google']'] and Actual [Element Exists]. Comparison Type [EQUALS]. Validation Type [POSITIVE]. @23-09-2021 08:50:12.0934 AM
[ReportManager] Successfully created attachment [Screenshot - 1632387012734_navigateToURLandVerifyGoogleLogoIsDisplayed_ValidateElementExists_passed] @23-09-2021 08:50:12.0935 A

################################################################################################################################################
Starting Execution:	[80 out of 144] test cases in the current suite
Test Method:		[testPackage01.Test_google_playwright.searchForQueryandAssertResultsNumDisplayed]
Test Description:	[TC002 - Search for Query and Assert that the number of results is displayed]
################################################################################################################################################
[ReportManager] Element Action [Type] successfully performed. With the following test data [SHAFT_Engine]. @23-09-2021 08:50:13.0182 AM
[ReportManager] Element Action [KeyPress] successfully performed. With the following test data [Enter]. @23-09-2021 08:50:13.0221 AM
[ReportManager] Element Action [GetText] successfully performed. With the following test data [About 836,000 results (0.76 seconds)]. @23-09-2021 08:50:14.0222 AM
[ReportManager] Loaded Shared OpenCV @23-09-2021 08:50:15.0604 AM
[ReportManager] Assertion [ValidateElementAttribute] PASSED. Expected [Value Should not be '' for the 'text' attribute, element locator 'xpath=//div[@id='appbar']'] and Actual [About 836,000 results (0.76 seconds)]. Comparison Type [EQUALS]. Validation Type [NEGATIVE]. @23-09-2021 08:50:15.0841 AM
[ReportManager] Successfully created attachment [Screenshot - 1632387015603_searchForQueryandAssertResultsNumDisplayed_ValidateElementAttribute_passed] @23-09-2021 08:50:15.0843 A

################################################################################################################################################
Starting Execution:	[81 out of 144] test cases in the current suite
Test Method:		[testPackage01.Test_google_playwright.clickNextThrice]
Test Description:	[TC003 - Clicks the next button to make sure that the framework can scroll element into view before clicking it]
################################################################################################################################################
[ReportManager] Element Action [Click] successfully performed. With the following test data [Next]. @23-09-2021 08:50:16.0111 A
[ReportManager] Failed to find video recording. @23-09-2021 08:50:16.0113 AM
[ReportManager] Successfully Closed PlayWright Driver. @23-09-2021 08:50:16.0151 A

################################################################################################################################################
Starting Execution:	[82 out of 144] test cases in the current suite
Test Method:		[testPackage01.Test_JsonActions.f]
###############################################################################################################################################

################################################################################################################################################
Starting Execution:	[83 out of 144] test cases in the current suite
Test Method:		[testPackage01.Test_JsonActions.f2]
###############################################################################################################################################

################################################################################################################################################
Starting Execution:	[84 out of 144] test cases in the current suite
Test Method:		[testPackage01.Test_AssertApiResponseEquals.assertApiResponseEquals_expectedToPass]
################################################################################################################################################
[ReportManager] Response status code: [200], status line: [HTTP/1.1 200 OK] @23-09-2021 08:50:16.0246 AM
[ReportManager] Assertion Passed: Evaluating the actual response status code against the expected one... @23-09-2021 08:50:16.0246 AM
[ReportManager] Assertion [ValidateEquals] PASSED. Expected [200] and Actual [200]. Comparison Type [EQUALS]. Validation Type [POSITIVE]. @23-09-2021 08:50:16.0246 AM
[ReportManager] API Action [PerformRequest] successfully performed. With the following test data [Request Type: "GET" | Target Status Code: "200" | Service URL: "https://jsonplaceholder.typicode.com/users" | Content Type: "*/*" | Response Time: "68ms"]. @23-09-2021 08:50:16.0262 AM
[ReportManager] Successfully created attachment [API Request - Specifications] @23-09-2021 08:50:16.0263 AM
[ReportManager] Successfully created attachment [API Response - JSON Body] @23-09-2021 08:50:16.0263 AM
[ReportManager] API Action [GetResponseJSONValueAsList] successfully performed. With the following test data [$]. @23-09-2021 08:50:16.0266 AM
[ReportManager] API Action [GetResponseJSONValue] successfully performed. With the following test data [name]. @23-09-2021 08:50:16.0275 AM
[ReportManager] API Action [GetResponseJSONValue] successfully performed. With the following test data [email]. @23-09-2021 08:50:16.0282 AM
[ReportManager] Verification [ValidateEquals] PASSED. Expected [Sincere@april.biz] and Actual [Sincere@april.biz]. Comparison Type [EQUALS]. Validation Type [POSITIVE]. @23-09-2021 08:50:16.0282 AM
[ReportManager] API Action [GetResponseJSONValue] successfully performed. With the following test data [username]. @23-09-2021 08:50:16.0290 AM
[ReportManager] Assertion [ValidateEquals] PASSED. Expected [Bret] and Actual [Bret]. Comparison Type [EQUALS]. Validation Type [POSITIVE]. @23-09-2021 08:50:16.0290 AM
[ReportManager] API Action [GetResponseJSONValue] successfully performed. With the following test data [name]. @23-09-2021 08:50:16.0297 AM
[ReportManager] API Action [GetResponseJSONValue] successfully performed. With the following test data [name]. @23-09-2021 08:50:16.0304 AM
[ReportManager] API Action [GetResponseJSONValue] successfully performed. With the following test data [name]. @23-09-2021 08:50:16.0311 AM
[ReportManager] API Action [GetResponseJSONValue] successfully performed. With the following test data [name]. @23-09-2021 08:50:16.0319 AM
[ReportManager] API Action [GetResponseJSONValue] successfully performed. With the following test data [name]. @23-09-2021 08:50:16.0326 AM
[ReportManager] API Action [GetResponseJSONValue] successfully performed. With the following test data [name]. @23-09-2021 08:50:16.0334 AM
[ReportManager] API Action [GetResponseJSONValue] successfully performed. With the following test data [name]. @23-09-2021 08:50:16.0342 AM
[ReportManager] API Action [GetResponseJSONValue] successfully performed. With the following test data [name]. @23-09-2021 08:50:16.0349 AM
[ReportManager] API Action [GetResponseJSONValue] successfully performed. With the following test data [name]. @23-09-2021 08:50:16.0372 A
[ReportManager] File Action [GetAbsolutePath] successfully performed. With the following test data [Relative Folder Path: "target/downloadedFiles/"]. @23-09-2021 08:50:16.0382 AM
[ReportManager] Attempting to run remotely on: [Linux-64], [GoogleChrome], [http://localhost:4444/wd/hub], Headless Execution. @23-09-2021 08:50:16.0382 AM
[ReportManager] Successfully Opened [GoogleChrome]. @23-09-2021 08:50:16.0599 A

################################################################################################################################################
Starting Execution:	[85 out of 144] test cases in the current suite
Test Method:		[testPackage01.Test_ShadowDOM.shadowdom]
################################################################################################################################################
[ReportManager] Target URL: [https://mdn.github.io/web-components-examples/popup-info-box-web-component/] @23-09-2021 08:50:16.0611 AM
[ReportManager] Initial URL: [data:,] @23-09-2021 08:50:16.0660 AM
[ReportManager] Browser Action [NavigateToURL] successfully performed. With the following test data [https://mdn.github.io/web-components-examples/popup-info-box-web-component/]. @23-09-2021 08:50:17.0012 AM
[ReportManager] Element Action [Type] successfully performed. With the following test data [Typing into SHADOW DOM...]. @23-09-2021 08:50:17.0257 AM
[ReportManager] Element Action [GetText] successfully performed. With the following test data [Typing into SHADOW DOM...]. @23-09-2021 08:50:17.0350 AM
[ReportManager] Loaded Shared OpenCV @23-09-2021 08:50:17.0458 AM
[ReportManager] Assertion [ValidateElementAttribute] PASSED. Expected [Value Should be 'Typing into SHADOW DOM...' for the 'Text' attribute, element locator 'By.id: cvc'] and Actual [Typing into SHADOW DOM...]. Comparison Type [EQUALS]. Validation Type [POSITIVE]. @23-09-2021 08:50:17.0521 AM
[ReportManager] Successfully created attachment [Screenshot - 1632387017458_shadowdom_ValidateElementAttribute_passed] @23-09-2021 08:50:17.0521 A
[ReportManager] Browser Action [CloseCurrentWindow] successfully performed. @23-09-2021 08:50:17.0605 AM
[ReportManager] Successfully created attachment [Browser Action Test Data - CloseCurrentWindow - Actual Value] @23-09-2021 08:50:17.0606 A

################################################################################################################################################
Starting Execution:	[86 out of 144] test cases in the current suite
Test Method:		[testPackage01.Test_SelectedValue.multipleSelect]
################################################################################################################################################
[ReportManager] File Action [GetAbsolutePath] successfully performed. With the following test data [Relative Folder Path: "target/downloadedFiles/"]. @23-09-2021 08:50:17.0609 AM
[ReportManager] Attempting to run remotely on: [Linux-64], [GoogleChrome], [http://localhost:4444/wd/hub], Headless Execution. @23-09-2021 08:50:17.0609 AM
[ReportManager] Successfully Opened [GoogleChrome]. @23-09-2021 08:50:17.0802 AM
[ReportManager] Target URL: [https://yari-demos.prod.mdn.mozit.cloud/en-US/docs/Web/HTML/Element/select/_sample_.Advanced_select_with_multiple_features.html] @23-09-2021 08:50:17.0817 AM
[ReportManager] Initial URL: [data:,] @23-09-2021 08:50:17.0863 AM
[ReportManager] Browser Action [NavigateToURL] successfully performed. With the following test data [https://yari-demos.prod.mdn.mozit.cloud/en-US/docs/Web/HTML/Element/select/_sample_.Advanced_select_with_multiple_features.html]. @23-09-2021 08:50:18.0179 AM
[ReportManager] Element Action [Select] successfully performed. With the following test data [Dog]. @23-09-2021 08:50:18.0374 AM
[ReportManager] Element Action [Select] successfully performed. With the following test data [Cat]. @23-09-2021 08:50:18.0561 AM
[ReportManager] Element Action [GetSelectedText] successfully performed. With the following test data [DogCat]. @23-09-2021 08:50:18.0676 AM
[ReportManager] DogCat @23-09-2021 08:50:18.0676 AM
[ReportManager] Element Action [GetSelectedText] successfully performed. With the following test data [DogCat]. @23-09-2021 08:50:18.0812 AM
[ReportManager] Loaded Shared OpenCV @23-09-2021 08:50:18.0919 AM
[ReportManager] Assertion [ValidateElementAttribute] PASSED. Expected [Value Should be 'DogCat' for the 'selectedText' attribute, element locator 'By.tagName: select'] and Actual [DogCat]. Comparison Type [EQUALS]. Validation Type [POSITIVE]. @23-09-2021 08:50:18.0982 AM
[ReportManager] Successfully created attachment [Screenshot - 1632387018919_multipleSelect_ValidateElementAttribute_passed] @23-09-2021 08:50:18.0983 AM
[ReportManager] Browser Action [CloseCurrentWindow] successfully performed. @23-09-2021 08:50:19.0085 AM
[ReportManager] Successfully created attachment [Browser Action Test Data - CloseCurrentWindow - Actual Value] @23-09-2021 08:50:19.0085 A

################################################################################################################################################
Starting Execution:	[87 out of 144] test cases in the current suite
Test Method:		[testPackage01.Test_SelectedValue.simpleSelect]
################################################################################################################################################
[ReportManager] File Action [GetAbsolutePath] successfully performed. With the following test data [Relative Folder Path: "target/downloadedFiles/"]. @23-09-2021 08:50:19.0094 AM
[ReportManager] Attempting to run remotely on: [Linux-64], [GoogleChrome], [http://localhost:4444/wd/hub], Headless Execution. @23-09-2021 08:50:19.0094 AM
[ReportManager] Successfully Opened [GoogleChrome]. @23-09-2021 08:50:19.0279 AM
[ReportManager] Target URL: [https://yari-demos.prod.mdn.mozit.cloud/en-US/docs/Web/HTML/Element/select/_sample_.Basic_select.html] @23-09-2021 08:50:19.0298 AM
[ReportManager] Initial URL: [data:,] @23-09-2021 08:50:19.0333 AM
[ReportManager] Browser Action [NavigateToURL] successfully performed. With the following test data [https://yari-demos.prod.mdn.mozit.cloud/en-US/docs/Web/HTML/Element/select/_sample_.Basic_select.html]. @23-09-2021 08:50:19.0522 AM
[ReportManager] Element Action [Select] successfully performed. With the following test data [Third Value]. @23-09-2021 08:50:19.0796 AM
[ReportManager] Element Action [GetSelectedText] successfully performed. With the following test data [Third Value]. @23-09-2021 08:50:19.0892 AM
[ReportManager] Third Value @23-09-2021 08:50:19.0892 AM
[ReportManager] Element Action [GetSelectedText] successfully performed. With the following test data [Third Value]. @23-09-2021 08:50:19.0984 AM
[ReportManager] Loaded Shared OpenCV @23-09-2021 08:50:20.0109 AM
[ReportManager] Assertion [ValidateElementAttribute] PASSED. Expected [Value Should be 'Third Value' for the 'selectedText' attribute, element locator 'By.tagName: select'] and Actual [Third Value]. Comparison Type [EQUALS]. Validation Type [POSITIVE]. @23-09-2021 08:50:20.0181 AM
[ReportManager] Successfully created attachment [Screenshot - 1632387020109_simpleSelect_ValidateElementAttribute_passed] @23-09-2021 08:50:20.0182 AM
[ReportManager] Browser Action [CloseCurrentWindow] successfully performed. @23-09-2021 08:50:20.0223 AM
[ReportManager] Successfully created attachment [Browser Action Test Data - CloseCurrentWindow - Actual Value] @23-09-2021 08:50:20.0223 A
[ReportManager] File Action [GetAbsolutePath] successfully performed. With the following test data [Relative Folder Path: "target/downloadedFiles/"]. @23-09-2021 08:50:20.0226 AM
[ReportManager] Attempting to run remotely on: [Linux-64], [GoogleChrome], [http://localhost:4444/wd/hub], Headless Execution. @23-09-2021 08:50:20.0226 AM
[ReportManager] Successfully Opened [GoogleChrome]. @23-09-2021 08:50:20.0413 A

################################################################################################################################################
Starting Execution:	[88 out of 144] test cases in the current suite
Test Method:		[testPackage01.Test_IsElementClickable.testIsElementClickable]
################################################################################################################################################
[ReportManager] Target URL: [https://the-internet.herokuapp.com/] @23-09-2021 08:50:20.0427 AM
[ReportManager] Initial URL: [data:,] @23-09-2021 08:50:20.0470 AM
[ReportManager] Browser Action [NavigateToURL] successfully performed. With the following test data [https://the-internet.herokuapp.com/]. @23-09-2021 08:50:21.0202 AM
[ReportManager] Element Action [IsElementClickable] successfully performed. @23-09-2021 08:50:21.0324 AM
[ReportManager] Assertion [ValidateTrue] PASSED. Expected [TRUE] and Actual [TRUE]. Validation Type [POSITIVE]. @23-09-2021 08:50:21.0324 A
[ReportManager] Browser Action [CloseCurrentWindow] successfully performed. @23-09-2021 08:50:21.0412 AM
[ReportManager] Successfully created attachment [Browser Action Test Data - CloseCurrentWindow - Actual Value] @23-09-2021 08:50:21.0412 A
[ReportManager] File Action [GetAbsolutePath] successfully performed. With the following test data [Relative Folder Path: "target/downloadedFiles/"]. @23-09-2021 08:50:21.0414 AM
[ReportManager] Attempting to run remotely on: [Linux-64], [GoogleChrome], [http://localhost:4444/wd/hub], Headless Execution. @23-09-2021 08:50:21.0414 AM
[ReportManager] Successfully Opened [GoogleChrome]. @23-09-2021 08:50:21.0602 A

################################################################################################################################################
Starting Execution:	[89 out of 144] test cases in the current suite
Test Method:		[testPackage01.Test_clipboardActions.typeTextAndCopyPaste]
################################################################################################################################################
[ReportManager] Target URL: [https://www.google.com/ncr], and after redirection: [https://www.google.com] @23-09-2021 08:50:21.0614 AM
[ReportManager] Initial URL: [data:,] @23-09-2021 08:50:21.0658 AM
[ReportManager] Browser Action [NavigateToURL] successfully performed. With the following test data [https://www.google.com/ncr]. @23-09-2021 08:50:22.0443 AM
[ReportManager] Element Action [Type] successfully performed. With the following test data [FIRST]. @23-09-2021 08:50:22.0725 AM
[ReportManager] Element Action [ClipboardActions] successfully performed. With the following test data [select all]. @23-09-2021 08:50:22.0778 AM
[ReportManager] Element Action [ClipboardActions] successfully performed. With the following test data [copy]. @23-09-2021 08:50:22.0822 AM
[ReportManager] Element Action [ClipboardActions] successfully performed. With the following test data [unselect]. @23-09-2021 08:50:22.0874 AM
[ReportManager] Element Action [ClipboardActions] successfully performed. With the following test data [paste]. @23-09-2021 08:50:22.0935 AM
[ReportManager] Element Action [ClipboardActions] successfully performed. With the following test data [select all]. @23-09-2021 08:50:22.0990 AM
[ReportManager] Element Action [Type] successfully performed. @23-09-2021 08:50:23.0193 AM
[ReportManager] Element Action [ClipboardActions] successfully performed. With the following test data [cut]. @23-09-2021 08:50:23.0193 AM
[ReportManager] Element Action [ClipboardActions] successfully performed. With the following test data [paste]. @23-09-2021 08:50:23.0253 AM
[ReportManager] Element Action [ClipboardActions] successfully performed. With the following test data [paste]. @23-09-2021 08:50:23.0308 A
[ReportManager] Browser Action [CloseCurrentWindow] successfully performed. @23-09-2021 08:50:23.0461 AM
[ReportManager] Successfully created attachment [Browser Action Test Data - CloseCurrentWindow - Actual Value] @23-09-2021 08:50:23.0463 A
[ReportManager] File Action [GetAbsolutePath] successfully performed. With the following test data [Relative Folder Path: "target/downloadedFiles/"]. @23-09-2021 08:50:23.0473 AM
[ReportManager] Attempting to run remotely on: [Linux-64], [GoogleChrome], [http://localhost:4444/wd/hub], Headless Execution. @23-09-2021 08:50:23.0473 AM
[ReportManager] Successfully Opened [GoogleChrome]. @23-09-2021 08:50:23.0696 A

################################################################################################################################################
Starting Execution:	[90 out of 144] test cases in the current suite
Test Method:		[testPackage01.Test_dynamicLoading.dynamicLoading_elementIsHidden]
################################################################################################################################################
[ReportManager] Target URL: [https://the-internet.herokuapp.com/dynamic_loading/1] @23-09-2021 08:50:23.0708 AM
[ReportManager] Initial URL: [data:,] @23-09-2021 08:50:23.0745 AM
[ReportManager] Browser Action [NavigateToURL] successfully performed. With the following test data [https://the-internet.herokuapp.com/dynamic_loading/1]. @23-09-2021 08:50:24.0445 AM
[ReportManager] Element Action [Click] successfully performed. With the following test data [Start]. @23-09-2021 08:50:24.0720 AM
[ReportManager] Element Action [GetText] successfully performed. With the following test data [
    Hello World!
  ]. @23-09-2021 08:50:24.0810 AM
[ReportManager] Loaded Shared OpenCV @23-09-2021 08:50:24.0945 AM
[ReportManager] Assertion [ValidateElementAttribute] PASSED. Expected [Value Should be 'Hello World!' for the 'text' attribute, element locator 'By.id: finish'] and Actual [
    Hello World!
  ]. Comparison Type [CONTAINS]. Validation Type [POSITIVE]. @23-09-2021 08:50:25.0010 AM
[ReportManager] Successfully created attachment [Screenshot - 1632387024944_dynamicLoading_elementIsHidden_ValidateElementAttribute_passed] @23-09-2021 08:50:25.0011 A
[ReportManager] Browser Action [CloseCurrentWindow] successfully performed. @23-09-2021 08:50:25.0101 AM
[ReportManager] Successfully created attachment [Browser Action Test Data - CloseCurrentWindow - Actual Value] @23-09-2021 08:50:25.0103 A
[ReportManager] File Action [GetAbsolutePath] successfully performed. With the following test data [Relative Folder Path: "target/downloadedFiles/"]. @23-09-2021 08:50:25.0104 AM
[ReportManager] Attempting to run remotely on: [Linux-64], [GoogleChrome], [http://localhost:4444/wd/hub], Headless Execution. @23-09-2021 08:50:25.0104 AM
[ReportManager] Successfully Opened [GoogleChrome]. @23-09-2021 08:50:25.0295 A

################################################################################################################################################
Starting Execution:	[91 out of 144] test cases in the current suite
Test Method:		[testPackage01.Test_dynamicLoading.dynamicLoading_elementIsRendered]
################################################################################################################################################
[ReportManager] Target URL: [https://the-internet.herokuapp.com/dynamic_loading/2] @23-09-2021 08:50:25.0308 AM
[ReportManager] Initial URL: [data:,] @23-09-2021 08:50:25.0344 AM
[ReportManager] Browser Action [NavigateToURL] successfully performed. With the following test data [https://the-internet.herokuapp.com/dynamic_loading/2]. @23-09-2021 08:50:25.0993 AM
[ReportManager] Element Action [Click] successfully performed. With the following test data [Start]. @23-09-2021 08:50:26.0290 AM
[ReportManager] Element Action [GetText] successfully performed. With the following test data [Hello World!]. @23-09-2021 08:50:31.0435 AM
[ReportManager] Loaded Shared OpenCV @23-09-2021 08:50:31.0561 AM
[ReportManager] Assertion [ValidateElementAttribute] PASSED. Expected [Value Should be 'Hello World!' for the 'text' attribute, element locator 'By.id: finish'] and Actual [Hello World!]. Comparison Type [CONTAINS]. Validation Type [POSITIVE]. @23-09-2021 08:50:31.0626 AM
[ReportManager] Successfully created attachment [Screenshot - 1632387031561_dynamicLoading_elementIsRendered_ValidateElementAttribute_passed] @23-09-2021 08:50:31.0626 A
[ReportManager] Browser Action [CloseCurrentWindow] successfully performed. @23-09-2021 08:50:31.0713 AM
[ReportManager] Successfully created attachment [Browser Action Test Data - CloseCurrentWindow - Actual Value] @23-09-2021 08:50:31.0713 A

################################################################################################################################################
Starting Execution:	[92 out of 144] test cases in the current suite
Test Method:		[testPackage01.Test_JsonCompareWithSpecialCharacters.specialCharacters]
################################################################################################################################################
[ReportManager] File Action [GetAbsolutePath] successfully performed. With the following test data [Relative Folder Path: "src/test/resources/TestJsonFiles/specialCharacters.json"]. @23-09-2021 08:50:31.0720 AM
[ReportManager] File Action [ReadFromFile] successfully performed. With the following test data [File Path: "/home/runner/work/SHAFT_ENGINE/SHAFT_ENGINE/src/test/resources/TestJsonFiles/specialCharacters.json"]. @23-09-2021 08:50:31.0728 AM
[ReportManager] Successfully created attachment [File Action Actual Result - Command Log] @23-09-2021 08:50:31.0728 AM
[ReportManager] Comparing the provided API response with the file at this path "src/test/resources/TestJsonFiles/specialCharacters.json", comparison type "EQUALS" @23-09-2021 08:50:31.0729 AM
[ReportManager] API Action [CompareJSON] successfully performed. With the following test data [src/test/resources/TestJsonFiles/specialCharacters.json]. @23-09-2021 08:50:31.0761 AM
[ReportManager] File Action [GetAbsolutePath] successfully performed. With the following test data [Relative Folder Path: "src/test/resources/TestJsonFiles/specialCharacters.json"]. @23-09-2021 08:50:31.0761 AM
[ReportManager] File Action [ReadFromFile] successfully performed. With the following test data [File Path: "/home/runner/work/SHAFT_ENGINE/SHAFT_ENGINE/src/test/resources/TestJsonFiles/specialCharacters.json"]. @23-09-2021 08:50:31.0762 AM
[ReportManager] Verification [ValidateJSONFileContent] PASSED. Expected [Response data should match the JSON File in this path 'src/test/resources/TestJsonFiles/specialCharacters.json'] and Actual [TRUE]. Comparison Type [EQUALS]. Validation Type [POSITIVE]. @23-09-2021 08:50:31.0767 AM
[ReportManager] Successfully created attachment [Validation Test Data - Expected JSON Value] @23-09-2021 08:50:31.0767 AM
[ReportManager] Successfully created attachment [Validation Test Data - Actual JSON Value] @23-09-2021 08:50:31.0768 A

################################################################################################################################################
Starting Execution:	[93 out of 144] test cases in the current suite
Test Method:		[testPackage01.Test_JsonCompareWithSpecialCharacters.specialCharacters_assertion]
################################################################################################################################################
[ReportManager] File Action [GetAbsolutePath] successfully performed. With the following test data [Relative Folder Path: "src/test/resources/TestJsonFiles/specialCharacters.json"]. @23-09-2021 08:50:31.0775 AM
[ReportManager] File Action [ReadFromFile] successfully performed. With the following test data [File Path: "/home/runner/work/SHAFT_ENGINE/SHAFT_ENGINE/src/test/resources/TestJsonFiles/specialCharacters.json"]. @23-09-2021 08:50:31.0775 AM
[ReportManager] Successfully created attachment [File Action Actual Result - Command Log] @23-09-2021 08:50:31.0775 AM
[ReportManager] Comparing the provided API response with the file at this path "src/test/resources/TestJsonFiles/specialCharacters.json", comparison type "CONTAINS" @23-09-2021 08:50:31.0776 AM
[ReportManager] API Action [CompareJSON] successfully performed. With the following test data [src/test/resources/TestJsonFiles/specialCharacters.json]. @23-09-2021 08:50:31.0791 AM
[ReportManager] File Action [GetAbsolutePath] successfully performed. With the following test data [Relative Folder Path: "src/test/resources/TestJsonFiles/specialCharacters.json"]. @23-09-2021 08:50:31.0791 AM
[ReportManager] File Action [ReadFromFile] successfully performed. With the following test data [File Path: "/home/runner/work/SHAFT_ENGINE/SHAFT_ENGINE/src/test/resources/TestJsonFiles/specialCharacters.json"]. @23-09-2021 08:50:31.0791 AM
[ReportManager] Assertion Passed: trying out the log message @23-09-2021 08:50:31.0794 AM
[ReportManager] Successfully created attachment [Validation Test Data - Expected JSON Value] @23-09-2021 08:50:31.0794 AM
[ReportManager] Successfully created attachment [Validation Test Data - Actual JSON Value] @23-09-2021 08:50:31.0796 AM
[ReportManager] Assertion [ValidateJSONFileContent] PASSED. Expected [Response data should match the JSON File in this path 'src/test/resources/TestJsonFiles/specialCharacters.json'] and Actual [TRUE]. Comparison Type [CONTAINS]. Validation Type [POSITIVE]. @23-09-2021 08:50:31.0796 A
[ReportManager] File Action [GetAbsolutePath] successfully performed. With the following test data [Relative Folder Path: "target/downloadedFiles/"]. @23-09-2021 08:50:31.0804 AM
[ReportManager] Attempting to run remotely on: [Linux-64], [GoogleChrome], [http://localhost:4444/wd/hub], Headless Execution. @23-09-2021 08:50:31.0804 AM
[ReportManager] Successfully Opened [GoogleChrome]. @23-09-2021 08:50:31.0991 A

################################################################################################################################################
Starting Execution:	[94 out of 144] test cases in the current suite
Test Method:		[testPackage01.Test_uploadFile.uploadFile_invisibleUploadInput]
################################################################################################################################################
[ReportManager] Target URL: [https://fineuploader.com/demos.html#gallery-view] @23-09-2021 08:50:32.0004 AM
[ReportManager] Initial URL: [data:,] @23-09-2021 08:50:32.0042 AM
[ReportManager] Browser Action [NavigateToURL] successfully performed. With the following test data [https://fineuploader.com/demos.html#gallery-view]. @23-09-2021 08:50:33.0690 AM
[ReportManager] File Action [GetAbsolutePath] successfully performed. With the following test data [Relative File Path: "src/main/resources/images/shaft.png"]. @23-09-2021 08:50:33.0690 AM
[ReportManager] Successfully created attachment [File Action Actual Result - Command Log] @23-09-2021 08:50:33.0690 AM
[ReportManager] Element Action [TypeFileLocationForUpload] successfully performed. With the following test data [/home/runner/work/SHAFT_ENGINE/SHAFT_ENGINE/src/main/resources/images/shaft.png]. @23-09-2021 08:50:33.0866 AM
[ReportManager] Attempting to getAttribute [src] from elementLocator [By.xpath: //div[@id='fine-uploader-gallery']//div[@class='qq-thumbnail-wrapper']/img]. @23-09-2021 08:50:33.0867 AM
[ReportManager] Element Action [GetAttribute] successfully performed. @23-09-2021 08:50:33.0973 AM
[ReportManager] Successfully created attachment [Element Action Test Data - GetAttribute - Actual Value] @23-09-2021 08:50:33.0973 AM
[ReportManager] Loaded Shared OpenCV @23-09-2021 08:50:34.0120 AM
[ReportManager] Assertion [ValidateElementAttribute] PASSED. Expected and Actual values are attached. Comparison Type [CONTAINS]. Validation Type [POSITIVE]. @23-09-2021 08:50:34.0197 AM
[ReportManager] Successfully created attachment [Validation Test Data - Expected Value] @23-09-2021 08:50:34.0197 AM
[ReportManager] Successfully created attachment [Validation Test Data - Actual Value] @23-09-2021 08:50:34.0197 AM
[ReportManager] Successfully created attachment [Screenshot - 1632387034120_uploadFile_invisibleUploadInput_ValidateElementAttribute_passed] @23-09-2021 08:50:34.0198 A
[ReportManager] Browser Action [CloseCurrentWindow] successfully performed. @23-09-2021 08:50:34.0332 AM
[ReportManager] Successfully created attachment [Browser Action Test Data - CloseCurrentWindow - Actual Value] @23-09-2021 08:50:34.0333 A
[ReportManager] File Action [GetAbsolutePath] successfully performed. With the following test data [Relative Folder Path: "target/downloadedFiles/"]. @23-09-2021 08:50:34.0335 AM
[ReportManager] Attempting to run remotely on: [Linux-64], [GoogleChrome], [http://localhost:4444/wd/hub], Headless Execution. @23-09-2021 08:50:34.0335 AM
[ReportManager] Successfully Opened [GoogleChrome]. @23-09-2021 08:50:34.0516 A

################################################################################################################################################
Starting Execution:	[95 out of 144] test cases in the current suite
Test Method:		[testPackage01.Test_uploadFile.uploadFile_visibleUploadInput]
################################################################################################################################################
[ReportManager] Target URL: [http://demo.guru99.com/test/upload/] @23-09-2021 08:50:34.0530 AM
[ReportManager] Initial URL: [data:,] @23-09-2021 08:50:34.0573 AM
[ReportManager] Browser Action [NavigateToURL] successfully performed. With the following test data [http://demo.guru99.com/test/upload/]. @23-09-2021 08:50:35.0509 AM
[ReportManager] File Action [GetAbsolutePath] successfully performed. With the following test data [Relative File Path: "src/main/resources/images/shaft.png"]. @23-09-2021 08:50:35.0509 AM
[ReportManager] Successfully created attachment [File Action Actual Result - Command Log] @23-09-2021 08:50:35.0510 AM
[ReportManager] Element Action [TypeFileLocationForUpload] successfully performed. With the following test data [/home/runner/work/SHAFT_ENGINE/SHAFT_ENGINE/src/main/resources/images/shaft.png]. @23-09-2021 08:50:35.0663 AM
[ReportManager] Element Action [Click] successfully performed. With the following test data [on]. @23-09-2021 08:50:35.0957 AM
[ReportManager] Element Action [Click] successfully performed. With the following test data [Submit File]. @23-09-2021 08:50:36.0225 AM
[ReportManager] Element Action [GetText] successfully performed. With the following test data [1 file
has been successfully uploaded.]. @23-09-2021 08:50:36.0834 AM
[ReportManager] Loaded Shared OpenCV @23-09-2021 08:50:36.0961 AM
[ReportManager] Assertion [ValidateElementAttribute] PASSED. Expected [Value Should be '1 file' for the 'Text' attribute, element locator 'By.id: res'] and Actual [1 file
has been successfully uploaded.]. Comparison Type [CONTAINS]. Validation Type [POSITIVE]. @23-09-2021 08:50:37.0025 AM
[ReportManager] Successfully created attachment [Screenshot - 1632387036961_uploadFile_visibleUploadInput_ValidateElementAttribute_passed] @23-09-2021 08:50:37.0026 A
[ReportManager] Browser Action [CloseCurrentWindow] successfully performed. @23-09-2021 08:50:37.0133 AM
[ReportManager] Successfully created attachment [Browser Action Test Data - CloseCurrentWindow - Actual Value] @23-09-2021 08:50:37.0134 A
[ReportManager] File Action [GetAbsolutePath] successfully performed. With the following test data [Relative Folder Path: "target/downloadedFiles/"]. @23-09-2021 08:50:37.0136 AM
[ReportManager] Attempting to run remotely on: [Linux-64], [GoogleChrome], [http://localhost:4444/wd/hub], Headless Execution. @23-09-2021 08:50:37.0136 AM
[ReportManager] Successfully Opened [GoogleChrome]. @23-09-2021 08:50:37.0312 A

################################################################################################################################################
Starting Execution:	[96 out of 144] test cases in the current suite
Test Method:		[testPackage01.Test_assertEquals.test_assertElementAttribute]
################################################################################################################################################
[ReportManager] Target URL: [https://www.google.com/ncr], and after redirection: [https://www.google.com] @23-09-2021 08:50:37.0323 AM
[ReportManager] Initial URL: [data:,] @23-09-2021 08:50:37.0373 AM
[ReportManager] Browser Action [NavigateToURL] successfully performed. With the following test data [https://www.google.com/ncr]. @23-09-2021 08:50:38.0147 AM
[ReportManager] Element Action [Type] successfully performed. With the following test data [INC_004010050:Another SCHEDULER with the same name [Duplicate Job Name] already exists.]. @23-09-2021 08:50:38.0801 AM
[ReportManager] Element Action [GetText] successfully performed. With the following test data [INC_004010050:Another SCHEDULER with the same name [Duplicate Job Name] already exists.]. @23-09-2021 08:50:38.0883 AM
[ReportManager] Loaded Shared OpenCV @23-09-2021 08:50:39.0006 AM
[ReportManager] Assertion [ValidateElementAttribute] PASSED. Expected [Value Should be 'INC_004010050:Another SCHEDULER with the same name \[Duplicate Job Name\] already exists.' for the 'text' attribute, element locator 'By.name: q'] and Actual [INC_004010050:Another SCHEDULER with the same name [Duplicate Job Name] already exists.]. Comparison Type [MATCHES]. Validation Type [POSITIVE]. @23-09-2021 08:50:39.0075 AM
[ReportManager] Successfully created attachment [Screenshot - 1632387039006_test_assertElementAttribute_ValidateElementAttribute_passed] @23-09-2021 08:50:39.0076 A
[ReportManager] Browser Action [CloseCurrentWindow] successfully performed. @23-09-2021 08:50:39.0197 AM
[ReportManager] Successfully created attachment [Browser Action Test Data - CloseCurrentWindow - Actual Value] @23-09-2021 08:50:39.0198 A

################################################################################################################################################
Starting Execution:	[97 out of 144] test cases in the current suite
Test Method:		[testPackage01.Test_NewValidationHelper.f1]
################################################################################################################################################
[ReportManager] Assertion Passed: Checking valid user data @23-09-2021 08:50:39.0202 AM
[ReportManager] Successfully created attachment [Validation Test Data - Expected Value] @23-09-2021 08:50:39.0202 AM
[ReportManager] Successfully created attachment [Validation Test Data - Actual Value] @23-09-2021 08:50:39.0202 AM
[ReportManager] Assertion [ValidateEquals] PASSED. Expected and Actual values are attached. Comparison Type [EQUALS]. Validation Type [POSITIVE]. @23-09-2021 08:50:39.0202 A
[ReportManager] File Action [GetAbsolutePath] successfully performed. With the following test data [Relative Folder Path: "target/downloadedFiles/"]. @23-09-2021 08:50:39.0206 AM
[ReportManager] Attempting to run remotely on: [Linux-64], [GoogleChrome], [http://localhost:4444/wd/hub], Headless Execution. @23-09-2021 08:50:39.0206 AM
[ReportManager] Successfully Opened [GoogleChrome]. @23-09-2021 08:50:39.0385 AM
[ReportManager] Target URL: [https://the-internet.herokuapp.com/] @23-09-2021 08:50:39.0395 AM
[ReportManager] Initial URL: [data:,] @23-09-2021 08:50:39.0433 AM
[ReportManager] Browser Action [NavigateToURL] successfully performed. With the following test data [https://the-internet.herokuapp.com/]. @23-09-2021 08:50:40.0107 A

################################################################################################################################################
Starting Execution:	[98 out of 144] test cases in the current suite
Test Method:		[testPackage01.Test_NewValidationHelper.f10]
################################################################################################################################################
[ReportManager] Assertion [ValidateElementExists] FAILED. Expected [Element Should Exist, locator 'By.tagName: div'] and Actual [Element Exists but is not unique]. Comparison Type [EQUALS]. Validation Type [POSITIVE]. @23-09-2021 08:50:40.0348 AM
[ReportManager] Successfully created attachment [Screenshot - 1632387040290_f10_ValidateElementExists_failed] @23-09-2021 08:50:40.0349 A
[ReportManager] Successfully Closed All Drivers. @23-09-2021 08:50:40.0466 A
[ReportManager] File Action [GetAbsolutePath] successfully performed. With the following test data [Relative Folder Path: "target/downloadedFiles/"]. @23-09-2021 08:50:40.0468 AM
[ReportManager] Attempting to run remotely on: [Linux-64], [GoogleChrome], [http://localhost:4444/wd/hub], Headless Execution. @23-09-2021 08:50:40.0468 AM
[ReportManager] Successfully Opened [GoogleChrome]. @23-09-2021 08:50:40.0651 AM
[ReportManager] Target URL: [https://the-internet.herokuapp.com/] @23-09-2021 08:50:40.0661 AM
[ReportManager] Initial URL: [data:,] @23-09-2021 08:50:40.0697 AM
[ReportManager] Browser Action [NavigateToURL] successfully performed. With the following test data [https://the-internet.herokuapp.com/]. @23-09-2021 08:50:41.0997 A

################################################################################################################################################
Starting Execution:	[99 out of 144] test cases in the current suite
Test Method:		[testPackage01.Test_NewValidationHelper.f11]
################################################################################################################################################
[ReportManager] Assertion Passed: Checking that false tag doesn't exist @23-09-2021 08:50:52.0358 AM
[ReportManager] Successfully created attachment [Screenshot - 1632387052303_f11_ValidateElementExists_passed] @23-09-2021 08:50:52.0359 AM
[ReportManager] Assertion [ValidateElementExists] PASSED. Expected [Element Should not Exist, locator 'By.tagName: h3'] and Actual [Element Doesn't Exists]. Comparison Type [EQUALS]. Validation Type [NEGATIVE]. @23-09-2021 08:50:52.0359 A
[ReportManager] Successfully Closed All Drivers. @23-09-2021 08:50:52.0432 A
[ReportManager] File Action [GetAbsolutePath] successfully performed. With the following test data [Relative Folder Path: "target/downloadedFiles/"]. @23-09-2021 08:50:52.0436 AM
[ReportManager] Attempting to run remotely on: [Linux-64], [GoogleChrome], [http://localhost:4444/wd/hub], Headless Execution. @23-09-2021 08:50:52.0436 AM
[ReportManager] Successfully Opened [GoogleChrome]. @23-09-2021 08:50:52.0673 AM
[ReportManager] Target URL: [https://the-internet.herokuapp.com/] @23-09-2021 08:50:52.0704 AM
[ReportManager] Initial URL: [data:,] @23-09-2021 08:50:52.0739 AM
[ReportManager] Browser Action [NavigateToURL] successfully performed. With the following test data [https://the-internet.herokuapp.com/]. @23-09-2021 08:50:53.0440 A

################################################################################################################################################
Starting Execution:	[100 out of 144] test cases in the current suite
Test Method:		[testPackage01.Test_NewValidationHelper.f12]
################################################################################################################################################
[ReportManager] Loaded Shared OpenCV @23-09-2021 08:50:53.0622 AM
[ReportManager] Assertion [ValidateElementExists] FAILED. Expected [Element Should not Exist, locator 'By.tagName: h1'] and Actual [Element Exists]. Comparison Type [EQUALS]. Validation Type [NEGATIVE]. @23-09-2021 08:50:53.0693 AM
[ReportManager] Successfully created attachment [Screenshot - 1632387053622_f12_ValidateElementExists_failed] @23-09-2021 08:50:53.0694 A
[ReportManager] Successfully Closed All Drivers. @23-09-2021 08:50:53.0769 A
[ReportManager] File Action [GetAbsolutePath] successfully performed. With the following test data [Relative Folder Path: "target/downloadedFiles/"]. @23-09-2021 08:50:53.0772 AM
[ReportManager] Attempting to run remotely on: [Linux-64], [GoogleChrome], [http://localhost:4444/wd/hub], Headless Execution. @23-09-2021 08:50:53.0772 AM
[ReportManager] Successfully Opened [GoogleChrome]. @23-09-2021 08:50:53.0961 AM
[ReportManager] Target URL: [https://the-internet.herokuapp.com/] @23-09-2021 08:50:53.0970 AM
[ReportManager] Initial URL: [data:,] @23-09-2021 08:50:54.0011 AM
[ReportManager] Browser Action [NavigateToURL] successfully performed. With the following test data [https://the-internet.herokuapp.com/]. @23-09-2021 08:50:54.0721 A

################################################################################################################################################
Starting Execution:	[101 out of 144] test cases in the current suite
Test Method:		[testPackage01.Test_NewValidationHelper.f13]
################################################################################################################################################
[ReportManager] Assertion [ValidateElementExists] FAILED. Expected [Element Should not Exist, locator 'By.tagName: div'] and Actual [Element Exists but is not unique]. Comparison Type [EQUALS]. Validation Type [NEGATIVE]. @23-09-2021 08:50:54.0950 AM
[ReportManager] Successfully created attachment [Screenshot - 1632387054886_f13_ValidateElementExists_failed] @23-09-2021 08:50:54.0951 A
[ReportManager] Successfully Closed All Drivers. @23-09-2021 08:50:55.0023 A
[ReportManager] File Action [GetAbsolutePath] successfully performed. With the following test data [Relative Folder Path: "target/downloadedFiles/"]. @23-09-2021 08:50:55.0024 AM
[ReportManager] Attempting to run remotely on: [Linux-64], [GoogleChrome], [http://localhost:4444/wd/hub], Headless Execution. @23-09-2021 08:50:55.0024 AM
[ReportManager] Successfully Opened [GoogleChrome]. @23-09-2021 08:50:55.0202 AM
[ReportManager] Target URL: [https://the-internet.herokuapp.com/] @23-09-2021 08:50:55.0216 AM
[ReportManager] Initial URL: [data:,] @23-09-2021 08:50:55.0252 AM
[ReportManager] Browser Action [NavigateToURL] successfully performed. With the following test data [https://the-internet.herokuapp.com/]. @23-09-2021 08:50:55.0919 A

################################################################################################################################################
Starting Execution:	[102 out of 144] test cases in the current suite
Test Method:		[testPackage01.Test_NewValidationHelper.f14]
################################################################################################################################################
[ReportManager] Element Action [GetText] successfully performed. With the following test data [Welcome to the-internet]. @23-09-2021 08:50:56.0003 AM
[ReportManager] Loaded Shared OpenCV @23-09-2021 08:50:56.0140 AM
[ReportManager] Assertion Passed: Asserting that the header text is correct @23-09-2021 08:50:56.0215 AM
[ReportManager] Successfully created attachment [Screenshot - 1632387056140_f14_ValidateElementAttribute_passed] @23-09-2021 08:50:56.0216 AM
[ReportManager] Assertion [ValidateElementAttribute] PASSED. Expected [Value Should be 'Welcome to the-internet' for the 'text' attribute, element locator 'By.tagName: h1'] and Actual [Welcome to the-internet]. Comparison Type [EQUALS]. Validation Type [POSITIVE]. @23-09-2021 08:50:56.0216 A
[ReportManager] Successfully Closed All Drivers. @23-09-2021 08:50:56.0288 A
[ReportManager] File Action [GetAbsolutePath] successfully performed. With the following test data [Relative Folder Path: "target/downloadedFiles/"]. @23-09-2021 08:50:56.0290 AM
[ReportManager] Attempting to run remotely on: [Linux-64], [GoogleChrome], [http://localhost:4444/wd/hub], Headless Execution. @23-09-2021 08:50:56.0290 AM
[ReportManager] Successfully Opened [GoogleChrome]. @23-09-2021 08:50:56.0473 AM
[ReportManager] Target URL: [https://the-internet.herokuapp.com/] @23-09-2021 08:50:56.0482 AM
[ReportManager] Initial URL: [data:,] @23-09-2021 08:50:56.0523 AM
[ReportManager] Browser Action [NavigateToURL] successfully performed. With the following test data [https://the-internet.herokuapp.com/]. @23-09-2021 08:50:57.0179 A

################################################################################################################################################
Starting Execution:	[103 out of 144] test cases in the current suite
Test Method:		[testPackage01.Test_NewValidationHelper.f15]
################################################################################################################################################
[ReportManager] Element Action [GetText] successfully performed. With the following test data [Welcome to the-internet]. @23-09-2021 08:50:57.0253 AM
[ReportManager] Loaded Shared OpenCV @23-09-2021 08:50:57.0385 AM
[ReportManager] Assertion [ValidateElementAttribute] FAILED. Expected [Value Should not be 'Welcome' for the 'text' attribute, element locator 'By.tagName: h1'] and Actual [Welcome to the-internet]. Comparison Type [CONTAINS]. Validation Type [NEGATIVE]. @23-09-2021 08:50:57.0464 AM
[ReportManager] Successfully created attachment [Screenshot - 1632387057385_f15_ValidateElementAttribute_failed] @23-09-2021 08:50:57.0465 A
[ReportManager] Successfully Closed All Drivers. @23-09-2021 08:50:57.0539 A
[ReportManager] File Action [GetAbsolutePath] successfully performed. With the following test data [Relative Folder Path: "target/downloadedFiles/"]. @23-09-2021 08:50:57.0541 AM
[ReportManager] Attempting to run remotely on: [Linux-64], [GoogleChrome], [http://localhost:4444/wd/hub], Headless Execution. @23-09-2021 08:50:57.0541 AM
[ReportManager] Successfully Opened [GoogleChrome]. @23-09-2021 08:50:57.0729 AM
[ReportManager] Target URL: [https://the-internet.herokuapp.com/] @23-09-2021 08:50:57.0741 AM
[ReportManager] Initial URL: [data:,] @23-09-2021 08:50:57.0778 AM
[ReportManager] Browser Action [NavigateToURL] successfully performed. With the following test data [https://the-internet.herokuapp.com/]. @23-09-2021 08:50:58.0432 A

################################################################################################################################################
Starting Execution:	[104 out of 144] test cases in the current suite
Test Method:		[testPackage01.Test_NewValidationHelper.f16]
################################################################################################################################################
[ReportManager] Element Action [IdentifyUniqueElement] failed. With the following test data [zero elements found matching this locator "By.tagName: h3".]. @23-09-2021 08:51:23.0949 AM
[ReportManager] Successfully created attachment [Screenshot - 1632387083888_f16_IdentifyUniqueElement_failed] @23-09-2021 08:51:23.0949 AM
[ReportManager] Assertion [ValidateElementAttribute] FAILED. Expected [Value Should not be 'Welcome' for the 'text' attribute, element locator 'By.tagName: h3'] and Actual [Failed to read the desired element attribute]. Comparison Type [CONTAINS]. Validation Type [NEGATIVE]. @23-09-2021 08:51:23.0950 A
[ReportManager] Successfully Closed All Drivers. @23-09-2021 08:51:24.0025 A
[ReportManager] File Action [GetAbsolutePath] successfully performed. With the following test data [Relative Folder Path: "target/downloadedFiles/"]. @23-09-2021 08:51:24.0028 AM
[ReportManager] Attempting to run remotely on: [Linux-64], [GoogleChrome], [http://localhost:4444/wd/hub], Headless Execution. @23-09-2021 08:51:24.0029 AM
[ReportManager] Successfully Opened [GoogleChrome]. @23-09-2021 08:51:24.0226 AM
[ReportManager] Target URL: [https://the-internet.herokuapp.com/] @23-09-2021 08:51:24.0235 AM
[ReportManager] Initial URL: [data:,] @23-09-2021 08:51:24.0271 AM
[ReportManager] Browser Action [NavigateToURL] successfully performed. With the following test data [https://the-internet.herokuapp.com/]. @23-09-2021 08:51:24.0950 A

################################################################################################################################################
Starting Execution:	[105 out of 144] test cases in the current suite
Test Method:		[testPackage01.Test_NewValidationHelper.f17]
################################################################################################################################################
[ReportManager] Attempting to getAttribute [text2] from elementLocator [By.tagName: h1]. @23-09-2021 08:51:24.0959 AM
[ReportManager] Element Action [GetAttribute] successfully performed. @23-09-2021 08:51:25.0026 AM
[ReportManager] Loaded Shared OpenCV @23-09-2021 08:51:25.0172 AM
[ReportManager] Assertion [ValidateElementAttribute] PASSED. Expected [Value Should not be 'Welcome' for the 'text2' attribute, element locator 'By.tagName: h1'] and Actual [null]. Comparison Type [CONTAINS]. Validation Type [NEGATIVE]. @23-09-2021 08:51:25.0245 AM
[ReportManager] Successfully created attachment [Screenshot - 1632387085172_f17_ValidateElementAttribute_passed] @23-09-2021 08:51:25.0246 A
[ReportManager] Successfully Closed All Drivers. @23-09-2021 08:51:25.0324 A
[ReportManager] File Action [GetAbsolutePath] successfully performed. With the following test data [Relative Folder Path: "target/downloadedFiles/"]. @23-09-2021 08:51:25.0334 AM
[ReportManager] Attempting to run remotely on: [Linux-64], [GoogleChrome], [http://localhost:4444/wd/hub], Headless Execution. @23-09-2021 08:51:25.0335 AM
[ReportManager] Successfully Opened [GoogleChrome]. @23-09-2021 08:51:25.0509 AM
[ReportManager] Target URL: [https://the-internet.herokuapp.com/] @23-09-2021 08:51:25.0519 AM
[ReportManager] Initial URL: [data:,] @23-09-2021 08:51:25.0558 AM
[ReportManager] Browser Action [NavigateToURL] successfully performed. With the following test data [https://the-internet.herokuapp.com/]. @23-09-2021 08:51:26.0245 A

################################################################################################################################################
Starting Execution:	[106 out of 144] test cases in the current suite
Test Method:		[testPackage01.Test_NewValidationHelper.f18]
################################################################################################################################################
[ReportManager] Element Action [GetText] successfully performed. With the following test data [Welcome to the-internet]. @23-09-2021 08:51:26.0322 AM
[ReportManager] Loaded Shared OpenCV @23-09-2021 08:51:26.0452 AM
[ReportManager] Assertion [ValidateElementAttribute] PASSED. Expected [Value Should not be 'no' for the 'text' attribute, element locator 'By.tagName: h1'] and Actual [Welcome to the-internet]. Comparison Type [CONTAINS]. Validation Type [NEGATIVE]. @23-09-2021 08:51:26.0539 AM
[ReportManager] Successfully created attachment [Screenshot - 1632387086452_f18_ValidateElementAttribute_passed] @23-09-2021 08:51:26.0540 A
[ReportManager] Successfully Closed All Drivers. @23-09-2021 08:51:26.0613 A
[ReportManager] File Action [GetAbsolutePath] successfully performed. With the following test data [Relative Folder Path: "target/downloadedFiles/"]. @23-09-2021 08:51:26.0615 AM
[ReportManager] Attempting to run remotely on: [Linux-64], [GoogleChrome], [http://localhost:4444/wd/hub], Headless Execution. @23-09-2021 08:51:26.0615 AM
[ReportManager] Successfully Opened [GoogleChrome]. @23-09-2021 08:51:26.0828 AM
[ReportManager] Target URL: [https://the-internet.herokuapp.com/] @23-09-2021 08:51:26.0837 AM
[ReportManager] Initial URL: [data:,] @23-09-2021 08:51:26.0871 AM
[ReportManager] Browser Action [NavigateToURL] successfully performed. With the following test data [https://the-internet.herokuapp.com/]. @23-09-2021 08:51:27.0532 A

################################################################################################################################################
Starting Execution:	[107 out of 144] test cases in the current suite
Test Method:		[testPackage01.Test_NewValidationHelper.f19]
################################################################################################################################################
[ReportManager] Element Action [GetTagName] successfully performed. With the following test data [h1]. @23-09-2021 08:51:27.0599 AM
[ReportManager] Loaded Shared OpenCV @23-09-2021 08:51:27.0739 AM
[ReportManager] Assertion [ValidateElementAttribute] PASSED. Expected [Value Should be 'h' for the 'tagname' attribute, element locator 'By.tagName: h1'] and Actual [h1]. Comparison Type [CONTAINS]. Validation Type [POSITIVE]. @23-09-2021 08:51:27.0810 AM
[ReportManager] Successfully created attachment [Screenshot - 1632387087739_f19_ValidateElementAttribute_passed] @23-09-2021 08:51:27.0811 A
[ReportManager] Successfully Closed All Drivers. @23-09-2021 08:51:27.0885 A

################################################################################################################################################
Starting Execution:	[108 out of 144] test cases in the current suite
Test Method:		[testPackage01.Test_NewValidationHelper.f2]
################################################################################################################################################
[ReportManager] Assertion Failed: Checking valid user data @23-09-2021 08:51:27.0890 AM
[ReportManager] Assertion [ValidateEquals] FAILED. Expected [1] and Actual [2]. Comparison Type [EQUALS]. Validation Type [POSITIVE]. @23-09-2021 08:51:27.0890 A
[ReportManager] File Action [GetAbsolutePath] successfully performed. With the following test data [Relative Folder Path: "target/downloadedFiles/"]. @23-09-2021 08:51:27.0893 AM
[ReportManager] Attempting to run remotely on: [Linux-64], [GoogleChrome], [http://localhost:4444/wd/hub], Headless Execution. @23-09-2021 08:51:27.0893 AM
[ReportManager] Successfully Opened [GoogleChrome]. @23-09-2021 08:51:28.0082 AM
[ReportManager] Target URL: [https://the-internet.herokuapp.com/] @23-09-2021 08:51:28.0091 AM
[ReportManager] Initial URL: [data:,] @23-09-2021 08:51:28.0128 AM
[ReportManager] Browser Action [NavigateToURL] successfully performed. With the following test data [https://the-internet.herokuapp.com/]. @23-09-2021 08:51:28.0799 A

################################################################################################################################################
Starting Execution:	[109 out of 144] test cases in the current suite
Test Method:		[testPackage01.Test_NewValidationHelper.f20]
################################################################################################################################################
[ReportManager] Element Action [GetSize] successfully performed. With the following test data [(755, 61)]. @23-09-2021 08:51:28.0870 AM
[ReportManager] Loaded Shared OpenCV @23-09-2021 08:51:29.0002 AM
[ReportManager] Assertion [ValidateElementAttribute] PASSED. Expected [Value Should not be 'a' for the 'size' attribute, element locator 'By.tagName: h1'] and Actual [(755, 61)]. Comparison Type [CONTAINS]. Validation Type [NEGATIVE]. @23-09-2021 08:51:29.0078 AM
[ReportManager] Successfully created attachment [Screenshot - 1632387089002_f20_ValidateElementAttribute_passed] @23-09-2021 08:51:29.0080 A
[ReportManager] Successfully Closed All Drivers. @23-09-2021 08:51:29.0153 A
[ReportManager] File Action [GetAbsolutePath] successfully performed. With the following test data [Relative Folder Path: "target/downloadedFiles/"]. @23-09-2021 08:51:29.0154 AM
[ReportManager] Attempting to run remotely on: [Linux-64], [GoogleChrome], [http://localhost:4444/wd/hub], Headless Execution. @23-09-2021 08:51:29.0154 AM
[ReportManager] Successfully Opened [GoogleChrome]. @23-09-2021 08:51:29.0324 AM
[ReportManager] Target URL: [https://the-internet.herokuapp.com/] @23-09-2021 08:51:29.0336 AM
[ReportManager] Initial URL: [data:,] @23-09-2021 08:51:29.0370 AM
[ReportManager] Browser Action [NavigateToURL] successfully performed. With the following test data [https://the-internet.herokuapp.com/]. @23-09-2021 08:51:30.0047 A

################################################################################################################################################
Starting Execution:	[110 out of 144] test cases in the current suite
Test Method:		[testPackage01.Test_NewValidationHelper.f21]
################################################################################################################################################
[ReportManager] Element Action [IdentifyUniqueElement] failed. With the following test data [zero elements found matching this locator "By.tagName: h3".]. @23-09-2021 08:51:55.0561 AM
[ReportManager] Successfully created attachment [Screenshot - 1632387115499_f21_IdentifyUniqueElement_failed] @23-09-2021 08:51:55.0561 AM
[ReportManager] Assertion [ValidateElementAttribute] FAILED. Expected [Value Should be 'Welcome' for the 'text' attribute, element locator 'By.tagName: h3'] and Actual [Failed to read the desired element attribute]. Comparison Type [CONTAINS]. Validation Type [POSITIVE]. @23-09-2021 08:51:55.0562 A
[ReportManager] Successfully Closed All Drivers. @23-09-2021 08:51:55.0636 A
[ReportManager] File Action [GetAbsolutePath] successfully performed. With the following test data [Relative Folder Path: "target/downloadedFiles/"]. @23-09-2021 08:51:55.0638 AM
[ReportManager] Attempting to run remotely on: [Linux-64], [GoogleChrome], [http://localhost:4444/wd/hub], Headless Execution. @23-09-2021 08:51:55.0638 AM
[ReportManager] Successfully Opened [GoogleChrome]. @23-09-2021 08:51:55.0807 AM
[ReportManager] Target URL: [https://the-internet.herokuapp.com/] @23-09-2021 08:51:55.0816 AM
[ReportManager] Initial URL: [data:,] @23-09-2021 08:51:55.0856 AM
[ReportManager] Browser Action [NavigateToURL] successfully performed. With the following test data [https://the-internet.herokuapp.com/]. @23-09-2021 08:51:56.0534 A

################################################################################################################################################
Starting Execution:	[111 out of 144] test cases in the current suite
Test Method:		[testPackage01.Test_NewValidationHelper.f22]
################################################################################################################################################
[ReportManager] Element Action [GetText] successfully performed. With the following test data [Welcome to the-internet]. @23-09-2021 08:51:56.0605 AM
[ReportManager] Loaded Shared OpenCV @23-09-2021 08:51:56.0732 AM
[ReportManager] Assertion [ValidateElementAttribute] FAILED. Expected [Value Should be 'yyy' for the 'text' attribute, element locator 'By.tagName: h1'] and Actual [Welcome to the-internet]. Comparison Type [CONTAINS]. Validation Type [POSITIVE]. @23-09-2021 08:51:56.0803 AM
[ReportManager] Successfully created attachment [Screenshot - 1632387116732_f22_ValidateElementAttribute_failed] @23-09-2021 08:51:56.0804 A
[ReportManager] Successfully Closed All Drivers. @23-09-2021 08:51:56.0874 A

################################################################################################################################################
Starting Execution:	[112 out of 144] test cases in the current suite
Test Method:		[testPackage01.Test_NewValidationHelper.f23]
################################################################################################################################################
[ReportManager] Assertion Passed: confirming that the actual is greater than or equal to the expected @23-09-2021 08:51:56.0880 AM
[ReportManager] Assertion [ValidateComparativeRelation] PASSED. Expected [1] and Actual [1]. Comparison Type [GREATER_THAN_OR_EQUALS]. Validation Type [POSITIVE]. @23-09-2021 08:51:56.0880 A

################################################################################################################################################
Starting Execution:	[113 out of 144] test cases in the current suite
Test Method:		[testPackage01.Test_NewValidationHelper.f24]
################################################################################################################################################
[ReportManager] Assertion [ValidateComparativeRelation] PASSED. Expected [1] and Actual [10]. Comparison Type [GREATER_THAN_OR_EQUALS]. Validation Type [POSITIVE]. @23-09-2021 08:51:56.0882 A

################################################################################################################################################
Starting Execution:	[114 out of 144] test cases in the current suite
Test Method:		[testPackage01.Test_NewValidationHelper.f25]
################################################################################################################################################
[ReportManager] Assertion [ValidateComparativeRelation] PASSED. Expected [1] and Actual [1]. Comparison Type [EQUALS]. Validation Type [POSITIVE]. @23-09-2021 08:51:56.0885 A

################################################################################################################################################
Starting Execution:	[115 out of 144] test cases in the current suite
Test Method:		[testPackage01.Test_NewValidationHelper.f26]
################################################################################################################################################
[ReportManager] Assertion [ValidateComparativeRelation] PASSED. Expected [1] and Actual [5]. Comparison Type [GREATER_THAN]. Validation Type [POSITIVE]. @23-09-2021 08:51:56.0888 A

################################################################################################################################################
Starting Execution:	[116 out of 144] test cases in the current suite
Test Method:		[testPackage01.Test_NewValidationHelper.f27]
################################################################################################################################################
[ReportManager] Assertion [ValidateComparativeRelation] PASSED. Expected [11] and Actual [5]. Comparison Type [LESS_THAN]. Validation Type [POSITIVE]. @23-09-2021 08:51:56.0891 A

################################################################################################################################################
Starting Execution:	[117 out of 144] test cases in the current suite
Test Method:		[testPackage01.Test_NewValidationHelper.f28]
################################################################################################################################################
[ReportManager] Assertion [ValidateComparativeRelation] PASSED. Expected [11] and Actual [5]. Comparison Type [LESS_THAN_OR_EQUALS]. Validation Type [POSITIVE]. @23-09-2021 08:51:56.0893 A

################################################################################################################################################
Starting Execution:	[118 out of 144] test cases in the current suite
Test Method:		[testPackage01.Test_NewValidationHelper.f29]
################################################################################################################################################
[ReportManager] Assertion [ValidateComparativeRelation] PASSED. Expected [11] and Actual [11]. Comparison Type [LESS_THAN_OR_EQUALS]. Validation Type [POSITIVE]. @23-09-2021 08:51:56.0894 A

################################################################################################################################################
Starting Execution:	[119 out of 144] test cases in the current suite
Test Method:		[testPackage01.Test_NewValidationHelper.f3]
################################################################################################################################################
[ReportManager] Assertion [ValidateEquals] PASSED. Expected [1] and Actual [2]. Comparison Type [EQUALS]. Validation Type [NEGATIVE]. @23-09-2021 08:51:56.0898 A

################################################################################################################################################
Starting Execution:	[120 out of 144] test cases in the current suite
Test Method:		[testPackage01.Test_NewValidationHelper.f30]
################################################################################################################################################
[ReportManager] Assertion [ValidateComparativeRelation] FAILED. Expected [-9] and Actual [11]. Comparison Type [LESS_THAN_OR_EQUALS]. Validation Type [POSITIVE]. @23-09-2021 08:51:56.0900 A

################################################################################################################################################
Starting Execution:	[121 out of 144] test cases in the current suite
Test Method:		[testPackage01.Test_NewValidationHelper.f31]
################################################################################################################################################
[ReportManager] Assertion [ValidateTrue] PASSED. Expected [TRUE] and Actual [TRUE]. Validation Type [POSITIVE]. @23-09-2021 08:51:56.0902 A

################################################################################################################################################
Starting Execution:	[122 out of 144] test cases in the current suite
Test Method:		[testPackage01.Test_NewValidationHelper.f32]
################################################################################################################################################
[ReportManager] Assertion [ValidateTrue] PASSED. Expected [FALSE] and Actual [FALSE]. Validation Type [NEGATIVE]. @23-09-2021 08:51:56.0904 A

################################################################################################################################################
Starting Execution:	[123 out of 144] test cases in the current suite
Test Method:		[testPackage01.Test_NewValidationHelper.f33]
################################################################################################################################################
[ReportManager] Assertion [ValidateTrue] FAILED. Expected [FALSE] and Actual [TRUE]. Validation Type [NEGATIVE]. @23-09-2021 08:51:56.0907 A

################################################################################################################################################
Starting Execution:	[124 out of 144] test cases in the current suite
Test Method:		[testPackage01.Test_NewValidationHelper.f34]
################################################################################################################################################
[ReportManager] Assertion [ValidateTrue] FAILED. Expected [TRUE] and Actual [FALSE]. Validation Type [POSITIVE]. @23-09-2021 08:51:56.0910 A

################################################################################################################################################
Starting Execution:	[125 out of 144] test cases in the current suite
Test Method:		[testPackage01.Test_NewValidationHelper.f35]
################################################################################################################################################
[ReportManager] File Action [DoesFileExist] successfully performed. With the following test data [File Path: "pom.xml"]. @23-09-2021 08:51:56.0913 AM
[ReportManager] Assertion [ValidateFileExists] PASSED. Expected [File 'pom.xml' should exist, after up to '1' retries] and Actual [File exists]. Validation Type [POSITIVE]. @23-09-2021 08:51:56.0913 A

################################################################################################################################################
Starting Execution:	[126 out of 144] test cases in the current suite
Test Method:		[testPackage01.Test_NewValidationHelper.f36]
################################################################################################################################################
[ReportManager] File Action [DoesFileExist] successfully performed. With the following test data [File Path: "src/test/java/testPackage01/Test_NewValidationHelper.java"]. @23-09-2021 08:51:56.0917 AM
[ReportManager] Assertion [ValidateFileExists] PASSED. Expected [File 'src/test/java/testPackage01/Test_NewValidationHelper.java' should exist, after up to '1' retries] and Actual [File exists]. Validation Type [POSITIVE]. @23-09-2021 08:51:56.0917 A

################################################################################################################################################
Starting Execution:	[127 out of 144] test cases in the current suite
Test Method:		[testPackage01.Test_NewValidationHelper.f37]
################################################################################################################################################
[ReportManager] File Action [DoesFileExist] successfully performed. With the following test data [File Path: "pom.xml"]. @23-09-2021 08:51:56.0919 AM
[ReportManager] Assertion Failed: confirming that the file does't exist after 5 retries @23-09-2021 08:51:56.0919 AM
[ReportManager] Assertion [ValidateFileExists] FAILED. Expected [File 'pom.xml' should not exist, after up to '5' retries] and Actual [File exists]. Validation Type [NEGATIVE]. @23-09-2021 08:51:56.0919 A

################################################################################################################################################
Starting Execution:	[128 out of 144] test cases in the current suite
Test Method:		[testPackage01.Test_NewValidationHelper.f3_1]
################################################################################################################################################
[ReportManager] Assertion Passed: Checking valid user data @23-09-2021 08:51:56.0921 AM
[ReportManager] Assertion [ValidateEquals] PASSED. Expected [null] and Actual [null]. Comparison Type [EQUALS]. Validation Type [POSITIVE]. @23-09-2021 08:51:56.0921 A

################################################################################################################################################
Starting Execution:	[129 out of 144] test cases in the current suite
Test Method:		[testPackage01.Test_NewValidationHelper.f4]
################################################################################################################################################
[ReportManager] Assertion [ValidateEquals] PASSED. Expected [1] and Actual [123]. Comparison Type [CONTAINS]. Validation Type [POSITIVE]. @23-09-2021 08:51:56.0927 A

################################################################################################################################################
Starting Execution:	[130 out of 144] test cases in the current suite
Test Method:		[testPackage01.Test_NewValidationHelper.f5]
################################################################################################################################################
[ReportManager] Assertion [ValidateNull] PASSED. Expected [NULL] and Actual [1]. Comparison Type [EQUALS]. Validation Type [NEGATIVE]. @23-09-2021 08:51:56.0929 A

################################################################################################################################################
Starting Execution:	[131 out of 144] test cases in the current suite
Test Method:		[testPackage01.Test_NewValidationHelper.f6]
################################################################################################################################################
[ReportManager] Assertion Failed: Making sure that null string is not equal to null object @23-09-2021 08:51:56.0931 AM
[ReportManager] Assertion [ValidateNull] FAILED. Expected [NULL] and Actual [NULL]. Comparison Type [EQUALS]. Validation Type [POSITIVE]. @23-09-2021 08:51:56.0931 A

################################################################################################################################################
Starting Execution:	[132 out of 144] test cases in the current suite
Test Method:		[testPackage01.Test_NewValidationHelper.f6_1]
################################################################################################################################################
[ReportManager] Assertion [ValidateNull] FAILED. Expected [NULL] and Actual [NULL]. Comparison Type [EQUALS]. Validation Type [NEGATIVE]. @23-09-2021 08:51:56.0937 A

################################################################################################################################################
Starting Execution:	[133 out of 144] test cases in the current suite
Test Method:		[testPackage01.Test_NewValidationHelper.f6_2]
################################################################################################################################################
[ReportManager] Assertion Failed: Making sure that null string is not equal to null object @23-09-2021 08:51:56.0939 AM
[ReportManager] Assertion [ValidateNull] FAILED. Expected [NULL] and Actual [not null]. Comparison Type [EQUALS]. Validation Type [POSITIVE]. @23-09-2021 08:51:56.0939 A

################################################################################################################################################
Starting Execution:	[134 out of 144] test cases in the current suite
Test Method:		[testPackage01.Test_NewValidationHelper.f7]
################################################################################################################################################
[ReportManager] Assertion [ValidateNull] PASSED. Expected [NULL] and Actual [NULL]. Comparison Type [EQUALS]. Validation Type [POSITIVE]. @23-09-2021 08:51:56.0940 A
[ReportManager] File Action [GetAbsolutePath] successfully performed. With the following test data [Relative Folder Path: "target/downloadedFiles/"]. @23-09-2021 08:51:56.0942 AM
[ReportManager] Attempting to run remotely on: [Linux-64], [GoogleChrome], [http://localhost:4444/wd/hub], Headless Execution. @23-09-2021 08:51:56.0942 AM
[ReportManager] Successfully Opened [GoogleChrome]. @23-09-2021 08:51:57.0144 AM
[ReportManager] Target URL: [https://the-internet.herokuapp.com/] @23-09-2021 08:51:57.0154 AM
[ReportManager] Initial URL: [data:,] @23-09-2021 08:51:57.0189 AM
[ReportManager] Browser Action [NavigateToURL] successfully performed. With the following test data [https://the-internet.herokuapp.com/]. @23-09-2021 08:51:57.0877 A

################################################################################################################################################
Starting Execution:	[135 out of 144] test cases in the current suite
Test Method:		[testPackage01.Test_NewValidationHelper.f8]
################################################################################################################################################
[ReportManager] Loaded Shared OpenCV @23-09-2021 08:51:58.0066 AM
[ReportManager] Assertion [ValidateElementExists] PASSED. Expected [Element Should Exist, locator 'By.tagName: h1'] and Actual [Element Exists]. Comparison Type [EQUALS]. Validation Type [POSITIVE]. @23-09-2021 08:51:58.0137 AM
[ReportManager] Successfully created attachment [Screenshot - 1632387118066_f8_ValidateElementExists_passed] @23-09-2021 08:51:58.0138 A
[ReportManager] Successfully Closed All Drivers. @23-09-2021 08:51:58.0209 A
[ReportManager] File Action [GetAbsolutePath] successfully performed. With the following test data [Relative Folder Path: "target/downloadedFiles/"]. @23-09-2021 08:51:58.0211 AM
[ReportManager] Attempting to run remotely on: [Linux-64], [GoogleChrome], [http://localhost:4444/wd/hub], Headless Execution. @23-09-2021 08:51:58.0211 AM
[ReportManager] Successfully Opened [GoogleChrome]. @23-09-2021 08:51:58.0387 AM
[ReportManager] Target URL: [https://the-internet.herokuapp.com/] @23-09-2021 08:51:58.0397 AM
[ReportManager] Initial URL: [data:,] @23-09-2021 08:51:58.0432 AM
[ReportManager] Browser Action [NavigateToURL] successfully performed. With the following test data [https://the-internet.herokuapp.com/]. @23-09-2021 08:51:59.0095 A

################################################################################################################################################
Starting Execution:	[136 out of 144] test cases in the current suite
Test Method:		[testPackage01.Test_NewValidationHelper.f9]
################################################################################################################################################
[ReportManager] Assertion [ValidateElementExists] FAILED. Expected [Element Should Exist, locator 'By.tagName: h3'] and Actual [Element Doesn't Exists]. Comparison Type [EQUALS]. Validation Type [POSITIVE]. @23-09-2021 08:52:29.0709 AM
[ReportManager] Successfully created attachment [Screenshot - 1632387149648_f9_ValidateElementExists_failed] @23-09-2021 08:52:29.0711 A
[ReportManager] Successfully Closed All Drivers. @23-09-2021 08:52:29.0783 A

################################################################################################################################################
Starting Execution:	[137 out of 144] test cases in the current suite
Test Method:		[testPackage01.Test_NewValidationHelper.forceFail]
################################################################################################################################################
[ReportManager] Assertion [ValidateFail] FAILED. Successfully force failed the test. @23-09-2021 08:52:29.0786 A

################################################################################################################################################
Starting Execution:	[138 out of 144] test cases in the current suite
Test Method:		[testPackage01.Test_NewValidationHelper.forceFail2]
################################################################################################################################################
[ReportManager] Assertion Failed: Custom Message @23-09-2021 08:52:29.0790 AM
[ReportManager] Assertion [ValidateFail] FAILED. Successfully force failed the test. @23-09-2021 08:52:29.0790 A

################################################################################################################################################
Starting Execution:	[139 out of 144] test cases in the current suite
Test Method:		[testPackage01.Test_sendGraphqlRequest.sendGraphqlRequestUsingMutationAndVariables]
################################################################################################################################################
[ReportManager] GraphQl Request is being Performed with the Following Parameters [Service URL: https://api.spacex.land/graphql | Request Body: {"variables":"{\"name\": \"sherlock holmes\",\"rocket\": \"221B Baker Street\"}","query":"mutation ($name: String, $rocket: String) {\n  insert_users(objects: {name: $name, rocket: $rocket}) {\n    returning {\n      name\n      rocket\n    }\n  }\n}"}] @23-09-2021 08:52:29.0792 AM
[ReportManager] Response status code: [200], status line: [HTTP/1.1 200 OK] @23-09-2021 08:52:30.0204 AM
[ReportManager] Assertion Passed: Evaluating the actual response status code against the expected one... @23-09-2021 08:52:30.0205 AM
[ReportManager] Assertion [ValidateEquals] PASSED. Expected [200] and Actual [200]. Comparison Type [EQUALS]. Validation Type [POSITIVE]. @23-09-2021 08:52:30.0205 AM
[ReportManager] API Action [PerformRequest] successfully performed. With the following test data [Request Type: "POST" | Target Status Code: "200" | Service URL: "https://api.spacex.land/graphql" | Content Type: "application/json" | Response Time: "339ms"]. @23-09-2021 08:52:30.0215 AM
[ReportManager] Successfully created attachment [API Request - Specifications] @23-09-2021 08:52:30.0216 AM
[ReportManager] Successfully created attachment [API Request - JSON Body] @23-09-2021 08:52:30.0216 AM
[ReportManager] Successfully created attachment [API Response - JSON Body] @23-09-2021 08:52:30.0216 AM
[ReportManager] API Action [GetResponseJSONValue] successfully performed. With the following test data [data.insert_users.returning[0].name]. @23-09-2021 08:52:30.0264 AM
[ReportManager] Assertion [ValidateEquals] PASSED. Expected [sherlock holmes] and Actual [sherlock holmes]. Comparison Type [EQUALS]. Validation Type [POSITIVE]. @23-09-2021 08:52:30.0264 A

################################################################################################################################################
Starting Execution:	[140 out of 144] test cases in the current suite
Test Method:		[testPackage01.Test_sendGraphqlRequest.sendGraphqlRequestUsingQuery]
################################################################################################################################################
[ReportManager] GraphQl Request is being Performed with the Following Parameters [Service URL: https://api.spacex.land/graphql | Request Body: {"query":"{company {ceo}}"}] @23-09-2021 08:52:30.0271 AM
[ReportManager] Response status code: [200], status line: [HTTP/1.1 200 OK] @23-09-2021 08:52:30.0438 AM
[ReportManager] Assertion Passed: Evaluating the actual response status code against the expected one... @23-09-2021 08:52:30.0438 AM
[ReportManager] Assertion [ValidateEquals] PASSED. Expected [200] and Actual [200]. Comparison Type [EQUALS]. Validation Type [POSITIVE]. @23-09-2021 08:52:30.0438 AM
[ReportManager] API Action [PerformRequest] successfully performed. With the following test data [Request Type: "POST" | Target Status Code: "200" | Service URL: "https://api.spacex.land/graphql" | Content Type: "application/json" | Response Time: "163ms"]. @23-09-2021 08:52:30.0448 AM
[ReportManager] Successfully created attachment [API Request - Specifications] @23-09-2021 08:52:30.0448 AM
[ReportManager] Successfully created attachment [API Request - JSON Body] @23-09-2021 08:52:30.0449 AM
[ReportManager] Successfully created attachment [API Response - JSON Body] @23-09-2021 08:52:30.0449 AM
[ReportManager] API Action [GetResponseJSONValue] successfully performed. With the following test data [data.company.ceo]. @23-09-2021 08:52:30.0456 AM
[ReportManager] Assertion [ValidateEquals] PASSED. Expected [Elon Musk] and Actual [Elon Musk]. Comparison Type [EQUALS]. Validation Type [POSITIVE]. @23-09-2021 08:52:30.0456 A

################################################################################################################################################
Starting Execution:	[141 out of 144] test cases in the current suite
Test Method:		[testPackage01.Test_chainableElementActions.chainElementActions]
################################################################################################################################################
[ReportManager] File Action [GetAbsolutePath] successfully performed. With the following test data [Relative Folder Path: "target/downloadedFiles/"]. @23-09-2021 08:52:30.0463 AM
[ReportManager] Attempting to run remotely on: [Linux-64], [GoogleChrome], [http://localhost:4444/wd/hub], Headless Execution. @23-09-2021 08:52:30.0464 AM
[ReportManager] Successfully Opened [GoogleChrome]. @23-09-2021 08:52:30.0653 AM
[ReportManager] Target URL: [https://www.google.com/ncr], and after redirection: [https://www.google.com] @23-09-2021 08:52:30.0663 AM
[ReportManager] Initial URL: [data:,] @23-09-2021 08:52:30.0700 AM
[ReportManager] Browser Action [NavigateToURL] successfully performed. With the following test data [https://www.google.com/ncr]. @23-09-2021 08:52:31.0486 AM
[ReportManager] Element Action [Type] successfully performed. With the following test data [chained type 1]. @23-09-2021 08:52:31.0791 AM
[ReportManager] Element Action [Type] successfully performed. With the following test data [chained type 2]. @23-09-2021 08:52:32.0077 AM
[ReportManager] Element Action [TypeAppend] successfully performed. With the following test data [345]. @23-09-2021 08:52:32.0160 AM
[ReportManager] Element Action [GetText] successfully performed. With the following test data [chained type 2345]. @23-09-2021 08:52:32.0258 AM
[ReportManager] Loaded Shared OpenCV @23-09-2021 08:52:32.0379 AM
[ReportManager] Assertion [ValidateElementAttribute] PASSED. Expected [Value Should be 'chained type 2345' for the 'text' attribute, element locator 'By.name: q'] and Actual [chained type 2345]. Comparison Type [EQUALS]. Validation Type [POSITIVE]. @23-09-2021 08:52:32.0450 AM
[ReportManager] Successfully created attachment [Screenshot - 1632387152379_chainElementActions_ValidateElementAttribute_passed] @23-09-2021 08:52:32.0451 AM
[ReportManager] Browser Action [CloseCurrentWindow] successfully performed. @23-09-2021 08:52:32.0566 AM
[ReportManager] Successfully created attachment [Browser Action Test Data - CloseCurrentWindow - Actual Value] @23-09-2021 08:52:32.0567 A

################################################################################################################################################
Starting Execution:	[142 out of 144] test cases in the current suite
Test Method:		[testPackage01.Test_SkipDueToIssue.doNotSkip]
################################################################################################################################################
[ReportManager] This should not be skipped. @23-09-2021 08:52:32.0571 A

################################################################################################################################################
Starting Execution:	[143 out of 144] test cases in the current suite
Test Method:		[testPackage01.Test_SkipDueToIssue.skip]
################################################################################################################################################
[ReportManager] This should be skipped. @23-09-2021 08:52:32.0578 A

################################################################################################################################################
Starting Execution:	[144 out of 144] test cases in the current suite
Test Method:		[testPackage01.Test_SkipDueToIssue.skip2]
################################################################################################################################################
[ReportManager] This should be skipped. @23-09-2021 08:52:32.0582 A

################################################################################################################################################
Test Closure Activities
################################################################################################################################################
[ReportManager] Successfully created attachment [SHAFT Engine Logs - Execution log] @23-09-2021 08:52:32.0618 AM

################################################################################################################################################
This test run was powered by SHAFT Engine Version: [SHAFT Engine v5.3.20210902]
SHAFT Engine is licensed under the MIT License: [https://github.com/MohabMohie/SHAFT_ENGINE/blob/master/LICENSE].
################################################################################################################################################