################################################################################################################################################
Detected SHAFT Engine Version: [SHAFT Engine v5.4.20211202-BETA]
################################################################################################################################################
[ReportManager] File Action [GetAbsolutePath] successfully performed. With the following test data [Relative Folder Path: "target/downloadedFiles/"]. @17-12-2021 01:57:03.0046 AM
[ReportManager] Attempting to run locally on: [Mac-64], [Safari], Headless Execution. @17-12-2021 01:57:03.0062 AM
[ReportManager] Successfully Opened Safari. @17-12-2021 01:57:08.0670 AM
[ReportManager] Initial window size: (800, 600) @17-12-2021 01:57:08.0691 AM
[ReportManager] Window size after SWD Maximize: (1176, 802) @17-12-2021 01:57:08.0746 AM
[ReportManager] Browser Action [MaximizeWindow] successfully performed. With the following test data [New screen size is now: (1176, 802)]. @17-12-2021 01:57:08.0755 A

################################################################################################################################################
Starting Execution:	[1 out of 146] test cases in the current suite
Test Method:		[unitTests.tests_element_elementActions.waitForElementToBePresent_false_expectedToFail]
################################################################################################################################################
[ReportManager] Target URL: [https://www.google.com/ncr], and after redirection: [www.google.com] @17-12-2021 01:57:08.0948 AM
[ReportManager] Initial URL: [] @17-12-2021 01:57:09.0021 AM
[ReportManager] Browser Action [NavigateToURL] successfully performed. With the following test data [https://www.google.com/ncr]. @17-12-2021 01:57:11.0409 AM
[ReportManager] Waiting for element to be present; elementLocator [By.xpath: //*[@id='hplogo' or @alt='Google']], numberOfTries[1], stateOfPresence[false]... @17-12-2021 01:57:11.0419 AM
[ReportManager] Element Action [WaitForElementToBePresent] failed. With the following test data [waited for the element's state of presence to be (false). Element locator (By.xpath: //*[@id='hplogo' or @alt='Google'])]. @17-12-2021 01:57:14.0647 AM
[ReportManager] Successfully created attachment [Screenshot - 1639706231583_waitForElementToBePresent_false_expectedToFail_WaitForElementToBePresent_failed] @17-12-2021 01:57:14.0662 A
[ReportManager] Browser Action [CloseCurrentWindow] successfully performed. @17-12-2021 01:57:14.0841 AM
[ReportManager] Successfully created attachment [Browser Action Test Data - CloseCurrentWindow - Actual Value] @17-12-2021 01:57:14.0842 A
[ReportManager] File Action [GetAbsolutePath] successfully performed. With the following test data [Relative Folder Path: "target/downloadedFiles/"]. @17-12-2021 01:57:14.0858 AM
[ReportManager] Attempting to run locally on: [Mac-64], [Safari], Headless Execution. @17-12-2021 01:57:14.0858 AM
[ReportManager] Successfully Opened Safari. @17-12-2021 01:57:15.0810 AM
[ReportManager] Initial window size: (800, 600) @17-12-2021 01:57:15.0842 AM
[ReportManager] Window size after SWD Maximize: (1176, 803) @17-12-2021 01:57:15.0967 AM
[ReportManager] Browser Action [MaximizeWindow] successfully performed. With the following test data [New screen size is now: (1176, 803)]. @17-12-2021 01:57:15.0967 A

################################################################################################################################################
Starting Execution:	[2 out of 146] test cases in the current suite
Test Method:		[unitTests.tests_element_elementActions.waitForElementToBePresent_false_expectedToPass]
################################################################################################################################################
[ReportManager] Target URL: [https://www.google.com/ncr], and after redirection: [www.google.com] @17-12-2021 01:57:15.0980 AM
[ReportManager] Initial URL: [] @17-12-2021 01:57:16.0023 AM
[ReportManager] Browser Action [NavigateToURL] successfully performed. With the following test data [https://www.google.com/ncr]. @17-12-2021 01:57:17.0348 AM
[ReportManager] Waiting for element to be present; elementLocator [By.id: bla], numberOfTries[1], stateOfPresence[false]... @17-12-2021 01:57:17.0349 AM
[ReportManager] org.openqa.selenium.TimeoutException:
Expected condition failed: waiting for com.shaft.gui.element.ElementActionsHelper$$Lambda$625/0x00000008011379c0@451f3f66 (tried for 5 second(s) with 1000 milliseconds interval)
org.openqa.selenium.support.ui.FluentWait.timeoutException(FluentWait.java:263)
org.openqa.selenium.support.ui.FluentWait.until(FluentWait.java:231)
com.shaft.gui.element.ElementActionsHelper.waitForElementPresence(ElementActionsHelper.java:63)
com.shaft.gui.element.ElementActionsHelper.waitForElementPresence(ElementActionsHelper.java:37)
com.shaft.gui.element.WebDriverElementActions.getMatchingElementsCount(WebDriverElementActions.java:1468)
com.shaft.gui.element.WebDriverElementActions.waitForElementToBePresent(WebDriverElementActions.java:1293)
com.shaft.gui.element.ElementActions.waitForElementToBePresent(ElementActions.java:622)
unitTests.tests_element_elementActions.waitForElementToBePresent_false_expectedToPass(tests_element_elementActions.java:48)
java.base/jdk.internal.reflect.NativeMethodAccessorImpl.invoke0(Native Method)
java.base/jdk.internal.reflect.NativeMethodAccessorImpl.invoke(NativeMethodAccessorImpl.java:77)
java.base/jdk.internal.reflect.DelegatingMethodAccessorImpl.invoke(DelegatingMethodAccessorImpl.java:43)
java.base/java.lang.reflect.Method.invoke(Method.java:568)
org.testng.internal.MethodInvocationHelper.invokeMethod(MethodInvocationHelper.java:133)
org.testng.internal.TestInvoker.invokeMethod(TestInvoker.java:598)
org.testng.internal.TestInvoker.invokeTestMethod(TestInvoker.java:173)
org.testng.internal.MethodRunner.runInSequence(MethodRunner.java:46)
org.testng.internal.TestInvoker$MethodInvocationAgent.invoke(TestInvoker.java:824)
org.testng.internal.TestInvoker.invokeTestMethods(TestInvoker.java:146)
org.testng.internal.TestMethodWorker.invokeTestMethods(TestMethodWorker.java:146)
org.testng.internal.TestMethodWorker.run(TestMethodWorker.java:128)
java.base/java.util.ArrayList.forEach(ArrayList.java:1511)
org.testng.TestRunner.privateRun(TestRunner.java:794)
org.testng.TestRunner.run(TestRunner.java:596)
org.testng.SuiteRunner.runTest(SuiteRunner.java:377)
org.testng.SuiteRunner.runSequentially(SuiteRunner.java:371)
org.testng.SuiteRunner.privateRun(SuiteRunner.java:332)
org.testng.SuiteRunner.run(SuiteRunner.java:276)
org.testng.SuiteRunnerWorker.runSuite(SuiteRunnerWorker.java:53)
org.testng.SuiteRunnerWorker.run(SuiteRunnerWorker.java:96)
org.testng.TestNG.runSuitesSequentially(TestNG.java:1212)
org.testng.TestNG.runSuitesLocally(TestNG.java:1134)
org.testng.TestNG.runSuites(TestNG.java:1063)
org.testng.TestNG.run(TestNG.java:1031)
org.apache.maven.surefire.testng.TestNGExecutor.run(TestNGExecutor.java:136)
org.apache.maven.surefire.testng.TestNGDirectoryTestSuite.executeMulti(TestNGDirectoryTestSuite.java:193)
org.apache.maven.surefire.testng.TestNGDirectoryTestSuite.execute(TestNGDirectoryTestSuite.java:94)
org.apache.maven.surefire.testng.TestNGProvider.invoke(TestNGProvider.java:145)
org.apache.maven.surefire.booter.ForkedBooter.runSuitesInProcess(ForkedBooter.java:428)
org.apache.maven.surefire.booter.ForkedBooter.execute(ForkedBooter.java:162)
org.apache.maven.surefire.booter.ForkedBooter.run(ForkedBooter.java:562)
org.apache.maven.surefire.booter.ForkedBooter.main(ForkedBooter.java:548)

Caused by: org.openqa.selenium.NoSuchElementException:
For documentation on this error, please visit: https://selenium.dev/exceptions/#no_such_element
Build info: version: '4.1.0', revision: '87802e897b'
System info: host: 'Mac-1639706011551.local', ip: '10.212.20.178', os.name: 'Mac OS X', os.arch: 'x86_64', os.version: '11.5', java.version: '17.0.1'
Driver info: org.openqa.selenium.safari.SafariDriver
Command: [16B7935C-3D12-4527-921E-A4E2C22871A2, findElement {using=id, value=bla}]
Capabilities {acceptInsecureCerts: false, browserName: Safari, browserVersion: 15.1, goog:loggingPrefs: {browser: ALL, client: ALL, driver: ALL, performance: ALL, profiler: ALL, server: ALL}, javascriptEnabled: true, pageLoadStrategy: normal, platform: MAC, platformName: MAC, safari:automaticInspection: false, safari:automaticProfiling: false, safari:diagnose: false, safari:platformBuildVersion: 20G224, safari:platformVersion: 11.6.1, safari:useSimulator: false, setWindowRect: true, strictFileInteractability: false, timeouts: {pageLoad: 30000, script: 30000}, webkit:WebRTC: {DisableICECandidateFiltering: false, DisableInsecureMediaCapture: false}}
Session ID: 16B7935C-3D12-4527-921E-A4E2C22871A2
java.base/jdk.internal.reflect.NativeConstructorAccessorImpl.newInstance0(Native Method)
java.base/jdk.internal.reflect.NativeConstructorAccessorImpl.newInstance(NativeConstructorAccessorImpl.java:77)
java.base/jdk.internal.reflect.DelegatingConstructorAccessorImpl.newInstance(DelegatingConstructorAccessorImpl.java:45)
java.base/java.lang.reflect.Constructor.newInstanceWithCaller(Constructor.java:499)
java.base/java.lang.reflect.Constructor.newInstance(Constructor.java:480)
org.openqa.selenium.remote.codec.w3c.W3CHttpResponseCodec.createException(W3CHttpResponseCodec.java:200)
org.openqa.selenium.remote.codec.w3c.W3CHttpResponseCodec.decode(W3CHttpResponseCodec.java:133)
org.openqa.selenium.remote.codec.w3c.W3CHttpResponseCodec.decode(W3CHttpResponseCodec.java:53)
org.openqa.selenium.remote.HttpCommandExecutor.execute(HttpCommandExecutor.java:184)
org.openqa.selenium.remote.service.DriverCommandExecutor.invokeExecute(DriverCommandExecutor.java:164)
org.openqa.selenium.remote.service.DriverCommandExecutor.execute(DriverCommandExecutor.java:139)
org.openqa.selenium.remote.RemoteWebDriver.execute(RemoteWebDriver.java:559)
org.openqa.selenium.remote.ElementLocation$ElementFinder$2.findElement(ElementLocation.java:162)
org.openqa.selenium.remote.ElementLocation.findElement(ElementLocation.java:60)
org.openqa.selenium.remote.RemoteWebDriver.findElement(RemoteWebDriver.java:383)
org.openqa.selenium.remote.RemoteWebDriver.findElement(RemoteWebDriver.java:375)
com.shaft.gui.element.ElementActionsHelper.lambda$waitForElementPresence$0(ElementActionsHelper.java:66)
org.openqa.selenium.support.ui.FluentWait.until(FluentWait.java:208)
com.shaft.gui.element.ElementActionsHelper.waitForElementPresence(ElementActionsHelper.java:63)
com.shaft.gui.element.ElementActionsHelper.waitForElementPresence(ElementActionsHelper.java:37)
com.shaft.gui.element.WebDriverElementActions.getMatchingElementsCount(WebDriverElementActions.java:1468)
com.shaft.gui.element.WebDriverElementActions.waitForElementToBePresent(WebDriverElementActions.java:1293)
com.shaft.gui.element.ElementActions.waitForElementToBePresent(ElementActions.java:622)
unitTests.tests_element_elementActions.waitForElementToBePresent_false_expectedToPass(tests_element_elementActions.java:48)
java.base/jdk.internal.reflect.NativeMethodAccessorImpl.invoke0(Native Method)
java.base/jdk.internal.reflect.NativeMethodAccessorImpl.invoke(NativeMethodAccessorImpl.java:77)
java.base/jdk.internal.reflect.DelegatingMethodAccessorImpl.invoke(DelegatingMethodAccessorImpl.java:43)
java.base/java.lang.reflect.Method.invoke(Method.java:568)
org.testng.internal.MethodInvocationHelper.invokeMethod(MethodInvocationHelper.java:133)
org.testng.internal.TestInvoker.invokeMethod(TestInvoker.java:598)
org.testng.internal.TestInvoker.invokeTestMethod(TestInvoker.java:173)
org.testng.internal.MethodRunner.runInSequence(MethodRunner.java:46)
org.testng.internal.TestInvoker$MethodInvocationAgent.invoke(TestInvoker.java:824)
org.testng.internal.TestInvoker.invokeTestMethods(TestInvoker.java:146)
org.testng.internal.TestMethodWorker.invokeTestMethods(TestMethodWorker.java:146)
org.testng.internal.TestMethodWorker.run(TestMethodWorker.java:128)
java.base/java.util.ArrayList.forEach(ArrayList.java:1511)
org.testng.TestRunner.privateRun(TestRunner.java:794)
org.testng.TestRunner.run(TestRunner.java:596)
org.testng.SuiteRunner.runTest(SuiteRunner.java:377)
org.testng.SuiteRunner.runSequentially(SuiteRunner.java:371)
org.testng.SuiteRunner.privateRun(SuiteRunner.java:332)
org.testng.SuiteRunner.run(SuiteRunner.java:276)
org.testng.SuiteRunnerWorker.runSuite(SuiteRunnerWorker.java:53)
org.testng.SuiteRunnerWorker.run(SuiteRunnerWorker.java:96)
org.testng.TestNG.runSuitesSequentially(TestNG.java:1212)
org.testng.TestNG.runSuitesLocally(TestNG.java:1134)
org.testng.TestNG.runSuites(TestNG.java:1063)
org.testng.TestNG.run(TestNG.java:1031)
org.apache.maven.surefire.testng.TestNGExecutor.run(TestNGExecutor.java:136)
org.apache.maven.surefire.testng.TestNGDirectoryTestSuite.executeMulti(TestNGDirectoryTestSuite.java:193)
org.apache.maven.surefire.testng.TestNGDirectoryTestSuite.execute(TestNGDirectoryTestSuite.java:94)
org.apache.maven.surefire.testng.TestNGProvider.invoke(TestNGProvider.java:145)
org.apache.maven.surefire.booter.ForkedBooter.runSuitesInProcess(ForkedBooter.java:428)
org.apache.maven.surefire.booter.ForkedBooter.execute(ForkedBooter.java:162)
org.apache.maven.surefire.booter.ForkedBooter.run(ForkedBooter.java:562)
org.apache.maven.surefire.booter.ForkedBooter.main(ForkedBooter.java:548) @17-12-2021 01:57:22.0701 AM
[ReportManager] Element Action [WaitForElementToBePresent] successfully performed. With the following test data [waited for the element's state of presence to be (false). Element locator (By.id: bla)]. @17-12-2021 01:57:22.0702 A
[ReportManager] Browser Action [CloseCurrentWindow] successfully performed. @17-12-2021 01:57:22.0883 AM
[ReportManager] Successfully created attachment [Browser Action Test Data - CloseCurrentWindow - Actual Value] @17-12-2021 01:57:22.0884 A
[ReportManager] File Action [GetAbsolutePath] successfully performed. With the following test data [Relative Folder Path: "target/downloadedFiles/"]. @17-12-2021 01:57:22.0890 AM
[ReportManager] Attempting to run locally on: [Mac-64], [Safari], Headless Execution. @17-12-2021 01:57:22.0890 AM
[ReportManager] Successfully Opened Safari. @17-12-2021 01:57:23.0763 AM
[ReportManager] Initial window size: (800, 600) @17-12-2021 01:57:23.0780 AM
[ReportManager] Window size after SWD Maximize: (1176, 803) @17-12-2021 01:57:23.0809 AM
[ReportManager] Browser Action [MaximizeWindow] successfully performed. With the following test data [New screen size is now: (1176, 803)]. @17-12-2021 01:57:23.0810 A

################################################################################################################################################
Starting Execution:	[3 out of 146] test cases in the current suite
Test Method:		[unitTests.tests_element_elementActions.waitForElementToBePresent_moreThanOneElement_expectedToFail]
################################################################################################################################################
[ReportManager] Target URL: [https://www.google.com/ncr], and after redirection: [www.google.com] @17-12-2021 01:57:23.0816 AM
[ReportManager] Initial URL: [] @17-12-2021 01:57:23.0879 AM
[ReportManager] Browser Action [NavigateToURL] successfully performed. With the following test data [https://www.google.com/ncr]. @17-12-2021 01:57:25.0111 AM
[ReportManager] Waiting for element to be present; elementLocator [By.xpath: //*], numberOfTries[1], stateOfPresence[false]... @17-12-2021 01:57:25.0111 AM
[ReportManager] Element Action [WaitForElementToBePresent] failed. With the following test data [waited for the element's state of presence to be (false). Element locator (By.xpath: //*)]. @17-12-2021 01:57:25.0301 AM
[ReportManager] Successfully created attachment [Screenshot - 1639706245182_waitForElementToBePresent_moreThanOneElement_expectedToFail_WaitForElementToBePresent_failed] @17-12-2021 01:57:25.0305 A
[ReportManager] Browser Action [CloseCurrentWindow] successfully performed. @17-12-2021 01:57:25.0423 AM
[ReportManager] Successfully created attachment [Browser Action Test Data - CloseCurrentWindow - Actual Value] @17-12-2021 01:57:25.0424 A
[ReportManager] File Action [GetAbsolutePath] successfully performed. With the following test data [Relative Folder Path: "target/downloadedFiles/"]. @17-12-2021 01:57:25.0429 AM
[ReportManager] Attempting to run locally on: [Mac-64], [Safari], Headless Execution. @17-12-2021 01:57:25.0430 AM
[ReportManager] Successfully Opened Safari. @17-12-2021 01:57:26.0275 AM
[ReportManager] Initial window size: (800, 600) @17-12-2021 01:57:26.0290 AM
[ReportManager] Window size after SWD Maximize: (1176, 803) @17-12-2021 01:57:26.0320 AM
[ReportManager] Browser Action [MaximizeWindow] successfully performed. With the following test data [New screen size is now: (1176, 803)]. @17-12-2021 01:57:26.0320 A

################################################################################################################################################
Starting Execution:	[4 out of 146] test cases in the current suite
Test Method:		[unitTests.tests_element_elementActions.waitForElementToBePresent_true_expectedToFail]
################################################################################################################################################
[ReportManager] Target URL: [https://www.google.com/ncr], and after redirection: [www.google.com] @17-12-2021 01:57:26.0352 AM
[ReportManager] Initial URL: [] @17-12-2021 01:57:26.0389 AM
[ReportManager] Browser Action [NavigateToURL] successfully performed. With the following test data [https://www.google.com/ncr]. @17-12-2021 01:57:27.0605 AM
[ReportManager] Waiting for element to be present; elementLocator [By.id: bla], numberOfTries[1], stateOfPresence[true]... @17-12-2021 01:57:27.0605 AM
[ReportManager] org.openqa.selenium.TimeoutException:
Expected condition failed: waiting for com.shaft.gui.element.ElementActionsHelper$$Lambda$625/0x00000008011379c0@3ac76ad9 (tried for 5 second(s) with 1000 milliseconds interval)
org.openqa.selenium.support.ui.FluentWait.timeoutException(FluentWait.java:263)
org.openqa.selenium.support.ui.FluentWait.until(FluentWait.java:231)
com.shaft.gui.element.ElementActionsHelper.waitForElementPresence(ElementActionsHelper.java:63)
com.shaft.gui.element.ElementActionsHelper.waitForElementPresence(ElementActionsHelper.java:37)
com.shaft.gui.element.WebDriverElementActions.getMatchingElementsCount(WebDriverElementActions.java:1468)
com.shaft.gui.element.WebDriverElementActions.waitForElementToBePresent(WebDriverElementActions.java:1293)
com.shaft.gui.element.ElementActions.waitForElementToBePresent(ElementActions.java:622)
unitTests.tests_element_elementActions.waitForElementToBePresent_true_expectedToFail(tests_element_elementActions.java:39)
java.base/jdk.internal.reflect.NativeMethodAccessorImpl.invoke0(Native Method)
java.base/jdk.internal.reflect.NativeMethodAccessorImpl.invoke(NativeMethodAccessorImpl.java:77)
java.base/jdk.internal.reflect.DelegatingMethodAccessorImpl.invoke(DelegatingMethodAccessorImpl.java:43)
java.base/java.lang.reflect.Method.invoke(Method.java:568)
org.testng.internal.MethodInvocationHelper.invokeMethod(MethodInvocationHelper.java:133)
org.testng.internal.TestInvoker.invokeMethod(TestInvoker.java:598)
org.testng.internal.TestInvoker.invokeTestMethod(TestInvoker.java:173)
org.testng.internal.MethodRunner.runInSequence(MethodRunner.java:46)
org.testng.internal.TestInvoker$MethodInvocationAgent.invoke(TestInvoker.java:824)
org.testng.internal.TestInvoker.invokeTestMethods(TestInvoker.java:146)
org.testng.internal.TestMethodWorker.invokeTestMethods(TestMethodWorker.java:146)
org.testng.internal.TestMethodWorker.run(TestMethodWorker.java:128)
java.base/java.util.ArrayList.forEach(ArrayList.java:1511)
org.testng.TestRunner.privateRun(TestRunner.java:794)
org.testng.TestRunner.run(TestRunner.java:596)
org.testng.SuiteRunner.runTest(SuiteRunner.java:377)
org.testng.SuiteRunner.runSequentially(SuiteRunner.java:371)
org.testng.SuiteRunner.privateRun(SuiteRunner.java:332)
org.testng.SuiteRunner.run(SuiteRunner.java:276)
org.testng.SuiteRunnerWorker.runSuite(SuiteRunnerWorker.java:53)
org.testng.SuiteRunnerWorker.run(SuiteRunnerWorker.java:96)
org.testng.TestNG.runSuitesSequentially(TestNG.java:1212)
org.testng.TestNG.runSuitesLocally(TestNG.java:1134)
org.testng.TestNG.runSuites(TestNG.java:1063)
org.testng.TestNG.run(TestNG.java:1031)
org.apache.maven.surefire.testng.TestNGExecutor.run(TestNGExecutor.java:136)
org.apache.maven.surefire.testng.TestNGDirectoryTestSuite.executeMulti(TestNGDirectoryTestSuite.java:193)
org.apache.maven.surefire.testng.TestNGDirectoryTestSuite.execute(TestNGDirectoryTestSuite.java:94)
org.apache.maven.surefire.testng.TestNGProvider.invoke(TestNGProvider.java:145)
org.apache.maven.surefire.booter.ForkedBooter.runSuitesInProcess(ForkedBooter.java:428)
org.apache.maven.surefire.booter.ForkedBooter.execute(ForkedBooter.java:162)
org.apache.maven.surefire.booter.ForkedBooter.run(ForkedBooter.java:562)
org.apache.maven.surefire.booter.ForkedBooter.main(ForkedBooter.java:548)

Caused by: org.openqa.selenium.NoSuchElementException:
For documentation on this error, please visit: https://selenium.dev/exceptions/#no_such_element
Build info: version: '4.1.0', revision: '87802e897b'
System info: host: 'Mac-1639706011551.local', ip: '10.212.20.178', os.name: 'Mac OS X', os.arch: 'x86_64', os.version: '11.5', java.version: '17.0.1'
Driver info: org.openqa.selenium.safari.SafariDriver
Command: [C76F028D-768D-43B6-B79A-523F316C8B4D, findElement {using=id, value=bla}]
Capabilities {acceptInsecureCerts: false, browserName: Safari, browserVersion: 15.1, goog:loggingPrefs: {browser: ALL, client: ALL, driver: ALL, performance: ALL, profiler: ALL, server: ALL}, javascriptEnabled: true, pageLoadStrategy: normal, platform: MAC, platformName: MAC, safari:automaticInspection: false, safari:automaticProfiling: false, safari:diagnose: false, safari:platformBuildVersion: 20G224, safari:platformVersion: 11.6.1, safari:useSimulator: false, setWindowRect: true, strictFileInteractability: false, timeouts: {pageLoad: 30000, script: 30000}, webkit:WebRTC: {DisableICECandidateFiltering: false, DisableInsecureMediaCapture: false}}
Session ID: C76F028D-768D-43B6-B79A-523F316C8B4D
java.base/jdk.internal.reflect.NativeConstructorAccessorImpl.newInstance0(Native Method)
java.base/jdk.internal.reflect.NativeConstructorAccessorImpl.newInstance(NativeConstructorAccessorImpl.java:77)
java.base/jdk.internal.reflect.DelegatingConstructorAccessorImpl.newInstance(DelegatingConstructorAccessorImpl.java:45)
java.base/java.lang.reflect.Constructor.newInstanceWithCaller(Constructor.java:499)
java.base/java.lang.reflect.Constructor.newInstance(Constructor.java:480)
org.openqa.selenium.remote.codec.w3c.W3CHttpResponseCodec.createException(W3CHttpResponseCodec.java:200)
org.openqa.selenium.remote.codec.w3c.W3CHttpResponseCodec.decode(W3CHttpResponseCodec.java:133)
org.openqa.selenium.remote.codec.w3c.W3CHttpResponseCodec.decode(W3CHttpResponseCodec.java:53)
org.openqa.selenium.remote.HttpCommandExecutor.execute(HttpCommandExecutor.java:184)
org.openqa.selenium.remote.service.DriverCommandExecutor.invokeExecute(DriverCommandExecutor.java:164)
org.openqa.selenium.remote.service.DriverCommandExecutor.execute(DriverCommandExecutor.java:139)
org.openqa.selenium.remote.RemoteWebDriver.execute(RemoteWebDriver.java:559)
org.openqa.selenium.remote.ElementLocation$ElementFinder$2.findElement(ElementLocation.java:162)
org.openqa.selenium.remote.ElementLocation.findElement(ElementLocation.java:60)
org.openqa.selenium.remote.RemoteWebDriver.findElement(RemoteWebDriver.java:383)
org.openqa.selenium.remote.RemoteWebDriver.findElement(RemoteWebDriver.java:375)
com.shaft.gui.element.ElementActionsHelper.lambda$waitForElementPresence$0(ElementActionsHelper.java:66)
org.openqa.selenium.support.ui.FluentWait.until(FluentWait.java:208)
com.shaft.gui.element.ElementActionsHelper.waitForElementPresence(ElementActionsHelper.java:63)
com.shaft.gui.element.ElementActionsHelper.waitForElementPresence(ElementActionsHelper.java:37)
com.shaft.gui.element.WebDriverElementActions.getMatchingElementsCount(WebDriverElementActions.java:1468)
com.shaft.gui.element.WebDriverElementActions.waitForElementToBePresent(WebDriverElementActions.java:1293)
com.shaft.gui.element.ElementActions.waitForElementToBePresent(ElementActions.java:622)
unitTests.tests_element_elementActions.waitForElementToBePresent_true_expectedToFail(tests_element_elementActions.java:39)
java.base/jdk.internal.reflect.NativeMethodAccessorImpl.invoke0(Native Method)
java.base/jdk.internal.reflect.NativeMethodAccessorImpl.invoke(NativeMethodAccessorImpl.java:77)
java.base/jdk.internal.reflect.DelegatingMethodAccessorImpl.invoke(DelegatingMethodAccessorImpl.java:43)
java.base/java.lang.reflect.Method.invoke(Method.java:568)
org.testng.internal.MethodInvocationHelper.invokeMethod(MethodInvocationHelper.java:133)
org.testng.internal.TestInvoker.invokeMethod(TestInvoker.java:598)
org.testng.internal.TestInvoker.invokeTestMethod(TestInvoker.java:173)
org.testng.internal.MethodRunner.runInSequence(MethodRunner.java:46)
org.testng.internal.TestInvoker$MethodInvocationAgent.invoke(TestInvoker.java:824)
org.testng.internal.TestInvoker.invokeTestMethods(TestInvoker.java:146)
org.testng.internal.TestMethodWorker.invokeTestMethods(TestMethodWorker.java:146)
org.testng.internal.TestMethodWorker.run(TestMethodWorker.java:128)
java.base/java.util.ArrayList.forEach(ArrayList.java:1511)
org.testng.TestRunner.privateRun(TestRunner.java:794)
org.testng.TestRunner.run(TestRunner.java:596)
org.testng.SuiteRunner.runTest(SuiteRunner.java:377)
org.testng.SuiteRunner.runSequentially(SuiteRunner.java:371)
org.testng.SuiteRunner.privateRun(SuiteRunner.java:332)
org.testng.SuiteRunner.run(SuiteRunner.java:276)
org.testng.SuiteRunnerWorker.runSuite(SuiteRunnerWorker.java:53)
org.testng.SuiteRunnerWorker.run(SuiteRunnerWorker.java:96)
org.testng.TestNG.runSuitesSequentially(TestNG.java:1212)
org.testng.TestNG.runSuitesLocally(TestNG.java:1134)
org.testng.TestNG.runSuites(TestNG.java:1063)
org.testng.TestNG.run(TestNG.java:1031)
org.apache.maven.surefire.testng.TestNGExecutor.run(TestNGExecutor.java:136)
org.apache.maven.surefire.testng.TestNGDirectoryTestSuite.executeMulti(TestNGDirectoryTestSuite.java:193)
org.apache.maven.surefire.testng.TestNGDirectoryTestSuite.execute(TestNGDirectoryTestSuite.java:94)
org.apache.maven.surefire.testng.TestNGProvider.invoke(TestNGProvider.java:145)
org.apache.maven.surefire.booter.ForkedBooter.runSuitesInProcess(ForkedBooter.java:428)
org.apache.maven.surefire.booter.ForkedBooter.execute(ForkedBooter.java:162)
org.apache.maven.surefire.booter.ForkedBooter.run(ForkedBooter.java:562)
org.apache.maven.surefire.booter.ForkedBooter.main(ForkedBooter.java:548) @17-12-2021 01:57:32.0732 AM
[ReportManager] Element Action [WaitForElementToBePresent] failed. With the following test data [waited for the element's state of presence to be (true). Element locator (By.id: bla)]. @17-12-2021 01:57:32.0857 AM
[ReportManager] Successfully created attachment [Screenshot - 1639706252763_waitForElementToBePresent_true_expectedToFail_WaitForElementToBePresent_failed] @17-12-2021 01:57:32.0862 A
[ReportManager] Browser Action [CloseCurrentWindow] successfully performed. @17-12-2021 01:57:33.0226 AM
[ReportManager] Successfully created attachment [Browser Action Test Data - CloseCurrentWindow - Actual Value] @17-12-2021 01:57:33.0227 A
[ReportManager] File Action [GetAbsolutePath] successfully performed. With the following test data [Relative Folder Path: "target/downloadedFiles/"]. @17-12-2021 01:57:33.0231 AM
[ReportManager] Attempting to run locally on: [Mac-64], [Safari], Headless Execution. @17-12-2021 01:57:33.0231 AM
[ReportManager] Successfully Opened Safari. @17-12-2021 01:57:34.0084 AM
[ReportManager] Initial window size: (800, 600) @17-12-2021 01:57:34.0110 AM
[ReportManager] Window size after SWD Maximize: (1176, 803) @17-12-2021 01:57:34.0142 AM
[ReportManager] Browser Action [MaximizeWindow] successfully performed. With the following test data [New screen size is now: (1176, 803)]. @17-12-2021 01:57:34.0142 A

################################################################################################################################################
Starting Execution:	[5 out of 146] test cases in the current suite
Test Method:		[unitTests.tests_element_elementActions.waitForElementToBePresent_true_expectedToPass]
################################################################################################################################################
[ReportManager] Target URL: [https://www.google.com/ncr], and after redirection: [www.google.com] @17-12-2021 01:57:34.0148 AM
[ReportManager] Initial URL: [] @17-12-2021 01:57:34.0205 AM
[ReportManager] Browser Action [NavigateToURL] successfully performed. With the following test data [https://www.google.com/ncr]. @17-12-2021 01:57:35.0407 AM
[ReportManager] Waiting for element to be present; elementLocator [By.xpath: //*[@id='hplogo' or @alt='Google']], numberOfTries[1], stateOfPresence[true]... @17-12-2021 01:57:35.0408 AM
[ReportManager] Element Action [WaitForElementToBePresent] successfully performed. With the following test data [waited for the element's state of presence to be (true). Element locator (By.xpath: //*[@id='hplogo' or @alt='Google'])]. @17-12-2021 01:57:35.0438 AM
[ReportManager] File Action [DoesFileExist] successfully performed. With the following test data [File Path: "src/main/resources/dynamicObjectRepository/unitTests_tests_element_elementActions_waitForElementToBePresent_true_expectedToPass_By_xpath_id_hplogo_or_alt_Google.png"]. @17-12-2021 01:57:35.0452 AM
[ReportManager] File Action [DoesFileExist] successfully performed. With the following test data [File Path: "src/main/resources/dynamicObjectRepository/unitTests_tests_element_elementActions_waitForElementToBePresent_true_expectedToPass_By_xpath_id_hplogo_or_alt_Google.png"]. @17-12-2021 01:57:35.0521 AM
[ReportManager] Passing the test and saving a reference image @17-12-2021 01:57:35.0521 AM
[ReportManager] File Action [GetAbsolutePath] successfully performed. With the following test data [Relative File Path: "src/main/resources/dynamicObjectRepository/unitTests_tests_element_elementActions_waitForElementToBePresent_true_expectedToPass_By_xpath_id_hplogo_or_alt_Google.png"]. @17-12-2021 01:57:35.0522 AM
[ReportManager] File Action [WriteToFile] successfully performed. With the following test data [Target File Path: "/Users/runner/work/SHAFT_ENGINE/SHAFT_ENGINE/src/main/resources/dynamicObjectRepository/unitTests_tests_element_elementActions_waitForElementToBePresent_true_expectedToPass_By_xpath_id_hplogo_or_alt_Google.png"]. @17-12-2021 01:57:35.0524 AM
[ReportManager] Assertion Passed: Using Visual AI; OpenCV @17-12-2021 01:57:35.0526 AM
[ReportManager] Successfully created attachment [Validation Test Data - Actual Screenshot] @17-12-2021 01:57:35.0526 AM
[ReportManager] Assertion [ValidateElementMatches] PASSED. Expected [Element should match the reference screenshot] and Actual [TRUE]. Comparison Type [EXACT_OPENCV]. Validation Type [POSITIVE]. @17-12-2021 01:57:35.0527 A
[ReportManager] Browser Action [CloseCurrentWindow] successfully performed. @17-12-2021 01:57:35.0834 AM
[ReportManager] Successfully created attachment [Browser Action Test Data - CloseCurrentWindow - Actual Value] @17-12-2021 01:57:35.0875 A
[ReportManager] File Action [GetAbsolutePath] successfully performed. With the following test data [Relative Folder Path: "target/downloadedFiles/"]. @17-12-2021 01:57:35.0880 AM
[ReportManager] Attempting to run locally on: [Mac-64], [Safari], Headless Execution. @17-12-2021 01:57:35.0880 AM
[ReportManager] An Exception Occured with this Message: Could not start a new session. Possible causes are invalid address of the remote server or browser start-up failure.. @17-12-2021 01:57:36.0070 AM
[ReportManager] Successfully created attachment [Exception Stack Trace - org.openqa.selenium.SessionNotCreatedException] @17-12-2021 01:57:36.0070 AM
[ReportManager] Driver Factory Action [createNewLocalDriverInstanceForSafari] failed. With the following test data [Failed to create a session on DESKTOP_SAFARI]. @17-12-2021 01:57:36.0071 A

################################################################################################################################################
Starting Execution:	[6 out of 146] test cases in the current suite
Test Method:		[unitTests.tests_browserActions.fullScreenWindow]
###############################################################################################################################################



################################################################################################################################################
Starting Execution:	[7 out of 146] test cases in the current suite
Test Method:		[unitTests.tests_browserActions.getCurrentURL]
###############################################################################################################################################



################################################################################################################################################
Starting Execution:	[8 out of 146] test cases in the current suite
Test Method:		[unitTests.tests_browserActions.getCurrentWindowTitle]
###############################################################################################################################################



################################################################################################################################################
Starting Execution:	[9 out of 146] test cases in the current suite
Test Method:		[unitTests.tests_browserActions.getPageSource]
###############################################################################################################################################



################################################################################################################################################
Starting Execution:	[10 out of 146] test cases in the current suite
Test Method:		[unitTests.tests_browserActions.getWindowHandle]
###############################################################################################################################################



################################################################################################################################################
Starting Execution:	[11 out of 146] test cases in the current suite
Test Method:		[unitTests.tests_browserActions.getWindowPosition]
###############################################################################################################################################



################################################################################################################################################
Starting Execution:	[12 out of 146] test cases in the current suite
Test Method:		[unitTests.tests_browserActions.getWindowSize]
###############################################################################################################################################



################################################################################################################################################
Starting Execution:	[13 out of 146] test cases in the current suite
Test Method:		[unitTests.tests_browserActions.maximizeWindow]
###############################################################################################################################################



################################################################################################################################################
Starting Execution:	[14 out of 146] test cases in the current suite
Test Method:		[unitTests.tests_browserActions.navigateBack]
###############################################################################################################################################



################################################################################################################################################
Starting Execution:	[15 out of 146] test cases in the current suite
Test Method:		[unitTests.tests_browserActions.navigateForward]
###############################################################################################################################################



################################################################################################################################################
Starting Execution:	[16 out of 146] test cases in the current suite
Test Method:		[unitTests.tests_browserActions.navigateToURL]
###############################################################################################################################################



################################################################################################################################################
Starting Execution:	[17 out of 146] test cases in the current suite
Test Method:		[unitTests.tests_browserActions.navigateToURLWithRedirection]
###############################################################################################################################################



################################################################################################################################################
Starting Execution:	[18 out of 146] test cases in the current suite
Test Method:		[unitTests.tests_browserActions.refreshCurrentPage]
###############################################################################################################################################



################################################################################################################################################
Starting Execution:	[19 out of 146] test cases in the current suite
Test Method:		[unitTests.tests_browserActions.setWindowSize]
###############################################################################################################################################

[ReportManager] Successfully loaded the following test data file [src/test/resources/testDataFiles/testSuite01/TestData.xlsx]. @17-12-2021 01:57:37.0939 AM
[ReportManager] Successfully created attachment [Test Data - Excel] @17-12-2021 01:57:37.0940 A

################################################################################################################################################
Starting Execution:	[20 out of 146] test cases in the current suite
Test Method:		[unitTests.tests_io_excelFileManager.getCellData_rowName_expectedToPass]
################################################################################################################################################
[ReportManager] testRowData. @17-12-2021 01:57:37.0955 A

################################################################################################################################################
Starting Execution:	[21 out of 146] test cases in the current suite
Test Method:		[unitTests.tests_validations_assertions.assertComparativeRelation_greaterThanOrEquals_false_equals_expectedToFail]
################################################################################################################################################
[ReportManager] Assertion [ValidateComparativeRelation] FAILED. Expected [1] and Actual [1]. Comparison Type [GREATER_THAN_OR_EQUALS]. Validation Type [NEGATIVE]. @17-12-2021 01:57:37.0965 A

################################################################################################################################################
Starting Execution:	[22 out of 146] test cases in the current suite
Test Method:		[unitTests.tests_validations_assertions.assertComparativeRelation_greaterThanOrEquals_false_equals_expectedToPass]
################################################################################################################################################
[ReportManager] Assertion [ValidateComparativeRelation] PASSED. Expected [2] and Actual [1]. Comparison Type [GREATER_THAN_OR_EQUALS]. Validation Type [NEGATIVE]. @17-12-2021 01:57:37.0970 A

################################################################################################################################################
Starting Execution:	[23 out of 146] test cases in the current suite
Test Method:		[unitTests.tests_validations_assertions.assertComparativeRelation_greaterThanOrEquals_false_greaterThan_expectedToFail]
################################################################################################################################################
[ReportManager] Assertion [ValidateComparativeRelation] FAILED. Expected [1] and Actual [2]. Comparison Type [GREATER_THAN_OR_EQUALS]. Validation Type [NEGATIVE]. @17-12-2021 01:57:37.0988 A

################################################################################################################################################
Starting Execution:	[24 out of 146] test cases in the current suite
Test Method:		[unitTests.tests_validations_assertions.assertComparativeRelation_greaterThanOrEquals_false_greaterThan_expectedToPass]
################################################################################################################################################
[ReportManager] Assertion [ValidateComparativeRelation] PASSED. Expected [2] and Actual [1]. Comparison Type [GREATER_THAN_OR_EQUALS]. Validation Type [NEGATIVE]. @17-12-2021 01:57:37.0992 A

################################################################################################################################################
Starting Execution:	[25 out of 146] test cases in the current suite
Test Method:		[unitTests.tests_validations_assertions.assertComparativeRelation_greaterThanOrEquals_true_equals_expectedToFail]
################################################################################################################################################
[ReportManager] Assertion [ValidateComparativeRelation] FAILED. Expected [1] and Actual [0]. Comparison Type [GREATER_THAN_OR_EQUALS]. Validation Type [POSITIVE]. @17-12-2021 01:57:37.0998 A

################################################################################################################################################
Starting Execution:	[26 out of 146] test cases in the current suite
Test Method:		[unitTests.tests_validations_assertions.assertComparativeRelation_greaterThanOrEquals_true_equals_expectedToPass]
################################################################################################################################################
[ReportManager] Assertion [ValidateComparativeRelation] PASSED. Expected [1] and Actual [1]. Comparison Type [GREATER_THAN_OR_EQUALS]. Validation Type [POSITIVE]. @17-12-2021 01:57:38.0007 A

################################################################################################################################################
Starting Execution:	[27 out of 146] test cases in the current suite
Test Method:		[unitTests.tests_validations_assertions.assertComparativeRelation_greaterThanOrEquals_true_greaterThan_expectedToFail]
################################################################################################################################################
[ReportManager] Assertion [ValidateComparativeRelation] FAILED. Expected [2] and Actual [1]. Comparison Type [GREATER_THAN_OR_EQUALS]. Validation Type [POSITIVE]. @17-12-2021 01:57:38.0016 A

################################################################################################################################################
Starting Execution:	[28 out of 146] test cases in the current suite
Test Method:		[unitTests.tests_validations_assertions.assertComparativeRelation_greaterThanOrEquals_true_greaterThan_expectedToPass]
################################################################################################################################################
[ReportManager] Assertion [ValidateComparativeRelation] PASSED. Expected [1] and Actual [2]. Comparison Type [GREATER_THAN_OR_EQUALS]. Validation Type [POSITIVE]. @17-12-2021 01:57:38.0023 A
[ReportManager] File Action [GetAbsolutePath] successfully performed. With the following test data [Relative Folder Path: "target/downloadedFiles/"]. @17-12-2021 01:57:38.0038 AM
[ReportManager] Attempting to run locally on: [Mac-64], [Safari], Headless Execution. @17-12-2021 01:57:38.0038 AM
[ReportManager] An Exception Occured with this Message: Could not start a new session. Possible causes are invalid address of the remote server or browser start-up failure.. @17-12-2021 01:57:38.0220 AM
[ReportManager] Successfully created attachment [Exception Stack Trace - org.openqa.selenium.SessionNotCreatedException] @17-12-2021 01:57:38.0221 AM
[ReportManager] Driver Factory Action [createNewLocalDriverInstanceForSafari] failed. With the following test data [Failed to create a session on DESKTOP_SAFARI]. @17-12-2021 01:57:38.0221 A

################################################################################################################################################
Starting Execution:	[29 out of 146] test cases in the current suite
Test Method:		[unitTests.tests_validations_assertions.assertElementAttribute_false_caseInsensitiveComparison_expectedToFail]
###############################################################################################################################################



################################################################################################################################################
Starting Execution:	[30 out of 146] test cases in the current suite
Test Method:		[unitTests.tests_validations_assertions.assertElementAttribute_false_caseInsensitiveComparison_expectedToPass]
###############################################################################################################################################



################################################################################################################################################
Starting Execution:	[31 out of 146] test cases in the current suite
Test Method:		[unitTests.tests_validations_assertions.assertElementAttribute_false_containsComparison_expectedToFail]
###############################################################################################################################################



################################################################################################################################################
Starting Execution:	[32 out of 146] test cases in the current suite
Test Method:		[unitTests.tests_validations_assertions.assertElementAttribute_false_containsComparison_expectedToPass]
###############################################################################################################################################



################################################################################################################################################
Starting Execution:	[33 out of 146] test cases in the current suite
Test Method:		[unitTests.tests_validations_assertions.assertElementAttribute_false_literalComparison_expectedToFail]
###############################################################################################################################################



################################################################################################################################################
Starting Execution:	[34 out of 146] test cases in the current suite
Test Method:		[unitTests.tests_validations_assertions.assertElementAttribute_false_literalComparison_expectedToPass]
###############################################################################################################################################



################################################################################################################################################
Starting Execution:	[35 out of 146] test cases in the current suite
Test Method:		[unitTests.tests_validations_assertions.assertElementAttribute_false_regexComparison_expectedToFail]
###############################################################################################################################################



################################################################################################################################################
Starting Execution:	[36 out of 146] test cases in the current suite
Test Method:		[unitTests.tests_validations_assertions.assertElementAttribute_false_regexComparison_expectedToPass]
###############################################################################################################################################



################################################################################################################################################
Starting Execution:	[37 out of 146] test cases in the current suite
Test Method:		[unitTests.tests_validations_assertions.assertElementAttribute_true_caseInsensitiveComparison_expectedToFail]
###############################################################################################################################################



################################################################################################################################################
Starting Execution:	[38 out of 146] test cases in the current suite
Test Method:		[unitTests.tests_validations_assertions.assertElementAttribute_true_caseInsensitiveComparison_expectedToPass]
###############################################################################################################################################



################################################################################################################################################
Starting Execution:	[39 out of 146] test cases in the current suite
Test Method:		[unitTests.tests_validations_assertions.assertElementAttribute_true_containsComparison_expectedToFail]
###############################################################################################################################################



################################################################################################################################################
Starting Execution:	[40 out of 146] test cases in the current suite
Test Method:		[unitTests.tests_validations_assertions.assertElementAttribute_true_containsComparison_expectedToPass]
###############################################################################################################################################



################################################################################################################################################
Starting Execution:	[41 out of 146] test cases in the current suite
Test Method:		[unitTests.tests_validations_assertions.assertElementAttribute_true_literalComparison_expectedToFail]
###############################################################################################################################################



################################################################################################################################################
Starting Execution:	[42 out of 146] test cases in the current suite
Test Method:		[unitTests.tests_validations_assertions.assertElementAttribute_true_literalComparison_expectedToPass]
###############################################################################################################################################



################################################################################################################################################
Starting Execution:	[43 out of 146] test cases in the current suite
Test Method:		[unitTests.tests_validations_assertions.assertElementAttribute_true_regexComparison_expectedToFail]
###############################################################################################################################################



################################################################################################################################################
Starting Execution:	[44 out of 146] test cases in the current suite
Test Method:		[unitTests.tests_validations_assertions.assertElementAttribute_true_regexComparison_expectedToPass]
###############################################################################################################################################



################################################################################################################################################
Starting Execution:	[45 out of 146] test cases in the current suite
Test Method:		[unitTests.tests_validations_assertions.assertElementAttribute_type_true_literalComparison_expectedToPass]
###############################################################################################################################################



################################################################################################################################################
Starting Execution:	[46 out of 146] test cases in the current suite
Test Method:		[unitTests.tests_validations_assertions.assertElementExists_false_expectedToFail]
###############################################################################################################################################



################################################################################################################################################
Starting Execution:	[47 out of 146] test cases in the current suite
Test Method:		[unitTests.tests_validations_assertions.assertElementExists_false_expectedToPass]
###############################################################################################################################################



################################################################################################################################################
Starting Execution:	[48 out of 146] test cases in the current suite
Test Method:		[unitTests.tests_validations_assertions.assertElementExists_false_multipleElementsFound_expectedToFail]
###############################################################################################################################################



################################################################################################################################################
Starting Execution:	[49 out of 146] test cases in the current suite
Test Method:		[unitTests.tests_validations_assertions.assertElementExists_true_expectedToFail]
###############################################################################################################################################



################################################################################################################################################
Starting Execution:	[50 out of 146] test cases in the current suite
Test Method:		[unitTests.tests_validations_assertions.assertElementExists_true_expectedToPass]
###############################################################################################################################################



################################################################################################################################################
Starting Execution:	[51 out of 146] test cases in the current suite
Test Method:		[unitTests.tests_validations_assertions.assertElementExists_true_multipleElementsFound_expectedToFail]
###############################################################################################################################################


################################################################################################################################################
Starting Execution:	[52 out of 146] test cases in the current suite
Test Method:		[unitTests.tests_validations_assertions.assertEquals_false_expectedToFail]
###############################################################################################################################################

################################################################################################################################################
Starting Execution:	[53 out of 146] test cases in the current suite
Test Method:		[unitTests.tests_validations_assertions.assertEquals_false_expectedToPass]
###############################################################################################################################################

################################################################################################################################################
Starting Execution:	[54 out of 146] test cases in the current suite
Test Method:		[unitTests.tests_validations_assertions.assertEquals_longCharacters]
###############################################################################################################################################

################################################################################################################################################
Starting Execution:	[55 out of 146] test cases in the current suite
Test Method:		[unitTests.tests_validations_assertions.assertEquals_longCharacters_Discreet]
###############################################################################################################################################

################################################################################################################################################
Starting Execution:	[56 out of 146] test cases in the current suite
Test Method:		[unitTests.tests_validations_assertions.assertEquals_true_expectedToFail]
###############################################################################################################################################

################################################################################################################################################
Starting Execution:	[57 out of 146] test cases in the current suite
Test Method:		[unitTests.tests_validations_assertions.assertEquals_true_expectedToPass]
Test Description:	[Assert that assertEquals works as expected when the two values are equal.]
###############################################################################################################################################

################################################################################################################################################
Starting Execution:	[58 out of 146] test cases in the current suite
Test Method:		[unitTests.tests_validations_assertions.assertEquals_true_expectedToPass__]
###############################################################################################################################################

################################################################################################################################################
Starting Execution:	[59 out of 146] test cases in the current suite
Test Method:		[unitTests.tests_validations_assertions.assertFileExists_false_expectedToFail]
###############################################################################################################################################

################################################################################################################################################
Starting Execution:	[60 out of 146] test cases in the current suite
Test Method:		[unitTests.tests_validations_assertions.assertFileExists_false_expectedToPass]
###############################################################################################################################################

################################################################################################################################################
Starting Execution:	[61 out of 146] test cases in the current suite
Test Method:		[unitTests.tests_validations_assertions.assertFileExists_true_expectedToFail]
###############################################################################################################################################

################################################################################################################################################
Starting Execution:	[62 out of 146] test cases in the current suite
Test Method:		[unitTests.tests_validations_assertions.assertFileExists_true_expectedToPass]
###############################################################################################################################################

################################################################################################################################################
Starting Execution:	[63 out of 146] test cases in the current suite
Test Method:		[unitTests.tests_validations_assertions.assertNull_false_expectedToFail]
###############################################################################################################################################

################################################################################################################################################
Starting Execution:	[64 out of 146] test cases in the current suite
Test Method:		[unitTests.tests_validations_assertions.assertNull_false_expectedToPass]
###############################################################################################################################################

################################################################################################################################################
Starting Execution:	[65 out of 146] test cases in the current suite
Test Method:		[unitTests.tests_validations_assertions.assertNull_true_expectedToFail]
###############################################################################################################################################

################################################################################################################################################
Starting Execution:	[66 out of 146] test cases in the current suite
Test Method:		[unitTests.tests_validations_assertions.assertNull_true_expectedToPass]
###############################################################################################################################################

################################################################################################################################################
Starting Execution:	[67 out of 146] test cases in the current suite
Test Method:		[unitTests.tests_restActions.getPostsAndAssertBodyForSpecificTitle]
################################################################################################################################################
[ReportManager] Response status code: [200], status line: [HTTP/1.1 200 OK] @17-12-2021 01:57:41.0087 AM
[ReportManager] Assertion Passed: Evaluating the actual response status code against the expected one... @17-12-2021 01:57:41.0093 AM
[ReportManager] Assertion [ValidateComparativeRelation] PASSED. Expected [200] and Actual [200]. Comparison Type [EQUALS]. Validation Type [POSITIVE]. @17-12-2021 01:57:41.0093 AM
[ReportManager] API Action [PerformRequest] successfully performed. With the following test data [Request Type: "GET" | Target Status Code: "200" | Service URL: "https://jsonplaceholder.typicode.com/posts" | Content Type: "*/*" | Response Time: "681ms"]. @17-12-2021 01:57:42.0166 AM
[ReportManager] Successfully created attachment [API Request - Specifications] @17-12-2021 01:57:42.0167 AM
[ReportManager] Successfully created attachment [API Response - JSON Body] @17-12-2021 01:57:42.0414 AM
[ReportManager] API Action [GetResponseJSONValueAsList] successfully performed. @17-12-2021 01:57:42.0468 AM
[ReportManager] API Action [GetResponseJSONValue] successfully performed. With the following test data [title]. @17-12-2021 01:57:42.0497 AM
[ReportManager] API Action [GetResponseJSONValue] successfully performed. With the following test data [title]. @17-12-2021 01:57:42.0515 AM
[ReportManager] API Action [GetResponseJSONValue] successfully performed. With the following test data [body]. @17-12-2021 01:57:42.0534 AM
[ReportManager] Assertion [ValidateEquals] PASSED. Expected [qui neque nisi nulla] and Actual [est rerum tempore vitae
sequi sint nihil reprehenderit dolor beatae ea dolores neque
fugiat blanditiis voluptate porro vel nihil molestiae ut reiciendis
qui aperiam non debitis possimus qui neque nisi nulla]. Comparison Type [CONTAINS]. Validation Type [POSITIVE]. @17-12-2021 01:57:42.0537 AM
[ReportManager] API Action [GetResponseJSONValue] successfully performed. With the following test data [title]. @17-12-2021 01:57:42.0553 AM
[ReportManager] API Action [GetResponseJSONValue] successfully performed. With the following test data [title]. @17-12-2021 01:57:42.0593 AM
[ReportManager] API Action [GetResponseJSONValue] successfully performed. With the following test data [title]. @17-12-2021 01:57:42.0606 AM
[ReportManager] API Action [GetResponseJSONValue] successfully performed. With the following test data [title]. @17-12-2021 01:57:42.0618 AM
[ReportManager] API Action [GetResponseJSONValue] successfully performed. With the following test data [title]. @17-12-2021 01:57:42.0631 AM
[ReportManager] API Action [GetResponseJSONValue] successfully performed. With the following test data [title]. @17-12-2021 01:57:42.0643 AM
[ReportManager] API Action [GetResponseJSONValue] successfully performed. With the following test data [title]. @17-12-2021 01:57:42.0656 AM
[ReportManager] API Action [GetResponseJSONValue] successfully performed. With the following test data [title]. @17-12-2021 01:57:42.0668 AM
[ReportManager] API Action [GetResponseJSONValue] successfully performed. With the following test data [title]. @17-12-2021 01:57:42.0681 AM
[ReportManager] API Action [GetResponseJSONValue] successfully performed. With the following test data [title]. @17-12-2021 01:57:42.0693 AM
[ReportManager] API Action [GetResponseJSONValue] successfully performed. With the following test data [title]. @17-12-2021 01:57:42.0706 AM
[ReportManager] API Action [GetResponseJSONValue] successfully performed. With the following test data [title]. @17-12-2021 01:57:42.0721 AM
[ReportManager] API Action [GetResponseJSONValue] successfully performed. With the following test data [title]. @17-12-2021 01:57:42.0733 AM
[ReportManager] API Action [GetResponseJSONValue] successfully performed. With the following test data [title]. @17-12-2021 01:57:42.0746 AM
[ReportManager] API Action [GetResponseJSONValue] successfully performed. With the following test data [title]. @17-12-2021 01:57:42.0759 AM
[ReportManager] API Action [GetResponseJSONValue] successfully performed. With the following test data [title]. @17-12-2021 01:57:42.0771 AM
[ReportManager] API Action [GetResponseJSONValue] successfully performed. With the following test data [title]. @17-12-2021 01:57:42.0785 AM
[ReportManager] API Action [GetResponseJSONValue] successfully performed. With the following test data [title]. @17-12-2021 01:57:42.0798 AM
[ReportManager] API Action [GetResponseJSONValue] successfully performed. With the following test data [title]. @17-12-2021 01:57:42.0810 AM
[ReportManager] API Action [GetResponseJSONValue] successfully performed. With the following test data [title]. @17-12-2021 01:57:42.0823 AM
[ReportManager] API Action [GetResponseJSONValue] successfully performed. With the following test data [title]. @17-12-2021 01:57:42.0834 AM
[ReportManager] API Action [GetResponseJSONValue] successfully performed. With the following test data [title]. @17-12-2021 01:57:42.0846 AM
[ReportManager] API Action [GetResponseJSONValue] successfully performed. With the following test data [title]. @17-12-2021 01:57:42.0857 AM
[ReportManager] API Action [GetResponseJSONValue] successfully performed. With the following test data [title]. @17-12-2021 01:57:42.0869 AM
[ReportManager] API Action [GetResponseJSONValue] successfully performed. With the following test data [title]. @17-12-2021 01:57:42.0880 AM
[ReportManager] API Action [GetResponseJSONValue] successfully performed. With the following test data [title]. @17-12-2021 01:57:42.0892 AM
[ReportManager] API Action [GetResponseJSONValue] successfully performed. With the following test data [title]. @17-12-2021 01:57:42.0904 AM
[ReportManager] API Action [GetResponseJSONValue] successfully performed. With the following test data [title]. @17-12-2021 01:57:42.0915 AM
[ReportManager] API Action [GetResponseJSONValue] successfully performed. With the following test data [title]. @17-12-2021 01:57:42.0927 AM
[ReportManager] API Action [GetResponseJSONValue] successfully performed. With the following test data [title]. @17-12-2021 01:57:42.0939 AM
[ReportManager] API Action [GetResponseJSONValue] successfully performed. With the following test data [title]. @17-12-2021 01:57:42.0950 AM
[ReportManager] API Action [GetResponseJSONValue] successfully performed. With the following test data [title]. @17-12-2021 01:57:42.0961 AM
[ReportManager] API Action [GetResponseJSONValue] successfully performed. With the following test data [title]. @17-12-2021 01:57:42.0972 AM
[ReportManager] API Action [GetResponseJSONValue] successfully performed. With the following test data [title]. @17-12-2021 01:57:42.0983 AM
[ReportManager] API Action [GetResponseJSONValue] successfully performed. With the following test data [title]. @17-12-2021 01:57:42.0995 AM
[ReportManager] API Action [GetResponseJSONValue] successfully performed. With the following test data [title]. @17-12-2021 01:57:43.0006 AM
[ReportManager] API Action [GetResponseJSONValue] successfully performed. With the following test data [title]. @17-12-2021 01:57:43.0017 AM
[ReportManager] API Action [GetResponseJSONValue] successfully performed. With the following test data [title]. @17-12-2021 01:57:43.0029 AM
[ReportManager] API Action [GetResponseJSONValue] successfully performed. With the following test data [title]. @17-12-2021 01:57:43.0040 AM
[ReportManager] API Action [GetResponseJSONValue] successfully performed. With the following test data [title]. @17-12-2021 01:57:43.0051 AM
[ReportManager] API Action [GetResponseJSONValue] successfully performed. With the following test data [title]. @17-12-2021 01:57:43.0062 AM
[ReportManager] API Action [GetResponseJSONValue] successfully performed. With the following test data [title]. @17-12-2021 01:57:43.0074 AM
[ReportManager] API Action [GetResponseJSONValue] successfully performed. With the following test data [title]. @17-12-2021 01:57:43.0085 AM
[ReportManager] API Action [GetResponseJSONValue] successfully performed. With the following test data [title]. @17-12-2021 01:57:43.0098 AM
[ReportManager] API Action [GetResponseJSONValue] successfully performed. With the following test data [title]. @17-12-2021 01:57:43.0110 AM
[ReportManager] API Action [GetResponseJSONValue] successfully performed. With the following test data [title]. @17-12-2021 01:57:43.0121 AM
[ReportManager] API Action [GetResponseJSONValue] successfully performed. With the following test data [title]. @17-12-2021 01:57:43.0133 AM
[ReportManager] API Action [GetResponseJSONValue] successfully performed. With the following test data [title]. @17-12-2021 01:57:43.0144 AM
[ReportManager] API Action [GetResponseJSONValue] successfully performed. With the following test data [title]. @17-12-2021 01:57:43.0156 AM
[ReportManager] API Action [GetResponseJSONValue] successfully performed. With the following test data [title]. @17-12-2021 01:57:43.0171 AM
[ReportManager] API Action [GetResponseJSONValue] successfully performed. With the following test data [title]. @17-12-2021 01:57:43.0182 AM
[ReportManager] API Action [GetResponseJSONValue] successfully performed. With the following test data [title]. @17-12-2021 01:57:43.0194 AM
[ReportManager] API Action [GetResponseJSONValue] successfully performed. With the following test data [title]. @17-12-2021 01:57:43.0205 AM
[ReportManager] API Action [GetResponseJSONValue] successfully performed. With the following test data [title]. @17-12-2021 01:57:43.0216 AM
[ReportManager] API Action [GetResponseJSONValue] successfully performed. With the following test data [title]. @17-12-2021 01:57:43.0227 AM
[ReportManager] API Action [GetResponseJSONValue] successfully performed. With the following test data [title]. @17-12-2021 01:57:43.0239 AM
[ReportManager] API Action [GetResponseJSONValue] successfully performed. With the following test data [title]. @17-12-2021 01:57:43.0250 AM
[ReportManager] API Action [GetResponseJSONValue] successfully performed. With the following test data [title]. @17-12-2021 01:57:43.0260 AM
[ReportManager] API Action [GetResponseJSONValue] successfully performed. With the following test data [title]. @17-12-2021 01:57:43.0271 AM
[ReportManager] API Action [GetResponseJSONValue] successfully performed. With the following test data [title]. @17-12-2021 01:57:43.0297 AM
[ReportManager] API Action [GetResponseJSONValue] successfully performed. With the following test data [title]. @17-12-2021 01:57:43.0308 AM
[ReportManager] API Action [GetResponseJSONValue] successfully performed. With the following test data [title]. @17-12-2021 01:57:43.0318 AM
[ReportManager] API Action [GetResponseJSONValue] successfully performed. With the following test data [title]. @17-12-2021 01:57:43.0329 AM
[ReportManager] API Action [GetResponseJSONValue] successfully performed. With the following test data [title]. @17-12-2021 01:57:43.0339 AM
[ReportManager] API Action [GetResponseJSONValue] successfully performed. With the following test data [title]. @17-12-2021 01:57:43.0349 AM
[ReportManager] API Action [GetResponseJSONValue] successfully performed. With the following test data [title]. @17-12-2021 01:57:43.0360 AM
[ReportManager] API Action [GetResponseJSONValue] successfully performed. With the following test data [title]. @17-12-2021 01:57:43.0370 AM
[ReportManager] API Action [GetResponseJSONValue] successfully performed. With the following test data [title]. @17-12-2021 01:57:43.0381 AM
[ReportManager] API Action [GetResponseJSONValue] successfully performed. With the following test data [title]. @17-12-2021 01:57:43.0392 AM
[ReportManager] API Action [GetResponseJSONValue] successfully performed. With the following test data [title]. @17-12-2021 01:57:43.0402 AM
[ReportManager] API Action [GetResponseJSONValue] successfully performed. With the following test data [title]. @17-12-2021 01:57:43.0413 AM
[ReportManager] API Action [GetResponseJSONValue] successfully performed. With the following test data [title]. @17-12-2021 01:57:43.0424 AM
[ReportManager] API Action [GetResponseJSONValue] successfully performed. With the following test data [title]. @17-12-2021 01:57:43.0435 AM
[ReportManager] API Action [GetResponseJSONValue] successfully performed. With the following test data [title]. @17-12-2021 01:57:43.0445 AM
[ReportManager] API Action [GetResponseJSONValue] successfully performed. With the following test data [title]. @17-12-2021 01:57:43.0456 AM
[ReportManager] API Action [GetResponseJSONValue] successfully performed. With the following test data [title]. @17-12-2021 01:57:43.0467 AM
[ReportManager] API Action [GetResponseJSONValue] successfully performed. With the following test data [title]. @17-12-2021 01:57:43.0478 AM
[ReportManager] API Action [GetResponseJSONValue] successfully performed. With the following test data [title]. @17-12-2021 01:57:43.0489 AM
[ReportManager] API Action [GetResponseJSONValue] successfully performed. With the following test data [title]. @17-12-2021 01:57:43.0499 AM
[ReportManager] API Action [GetResponseJSONValue] successfully performed. With the following test data [title]. @17-12-2021 01:57:43.0510 AM
[ReportManager] API Action [GetResponseJSONValue] successfully performed. With the following test data [title]. @17-12-2021 01:57:43.0521 AM
[ReportManager] API Action [GetResponseJSONValue] successfully performed. With the following test data [title]. @17-12-2021 01:57:43.0532 AM
[ReportManager] API Action [GetResponseJSONValue] successfully performed. With the following test data [title]. @17-12-2021 01:57:43.0543 AM
[ReportManager] API Action [GetResponseJSONValue] successfully performed. With the following test data [title]. @17-12-2021 01:57:43.0554 AM
[ReportManager] API Action [GetResponseJSONValue] successfully performed. With the following test data [title]. @17-12-2021 01:57:43.0569 AM
[ReportManager] API Action [GetResponseJSONValue] successfully performed. With the following test data [title]. @17-12-2021 01:57:43.0584 AM
[ReportManager] API Action [GetResponseJSONValue] successfully performed. With the following test data [title]. @17-12-2021 01:57:43.0595 AM
[ReportManager] API Action [GetResponseJSONValue] successfully performed. With the following test data [title]. @17-12-2021 01:57:43.0606 AM
[ReportManager] API Action [GetResponseJSONValue] successfully performed. With the following test data [title]. @17-12-2021 01:57:43.0617 AM
[ReportManager] API Action [GetResponseJSONValue] successfully performed. With the following test data [title]. @17-12-2021 01:57:43.0648 AM
[ReportManager] API Action [GetResponseJSONValue] successfully performed. With the following test data [title]. @17-12-2021 01:57:43.0666 AM
[ReportManager] API Action [GetResponseJSONValue] successfully performed. With the following test data [title]. @17-12-2021 01:57:43.0683 AM
[ReportManager] API Action [GetResponseJSONValue] successfully performed. With the following test data [title]. @17-12-2021 01:57:43.0693 AM
[ReportManager] API Action [GetResponseJSONValue] successfully performed. With the following test data [title]. @17-12-2021 01:57:43.0704 AM
[ReportManager] API Action [GetResponseJSONValue] successfully performed. With the following test data [title]. @17-12-2021 01:57:43.0714 AM
[ReportManager] API Action [GetResponseJSONValue] successfully performed. With the following test data [title]. @17-12-2021 01:57:43.0725 AM
[ReportManager] API Action [GetResponseJSONValue] successfully performed. With the following test data [title]. @17-12-2021 01:57:43.0735 AM
[ReportManager] API Action [GetResponseJSONValue] successfully performed. With the following test data [title]. @17-12-2021 01:57:43.0746 A

################################################################################################################################################
Starting Execution:	[68 out of 146] test cases in the current suite
Test Method:		[unitTests.tests_restActions.validateUserEmail]
################################################################################################################################################
[ReportManager] Response status code: [200], status line: [HTTP/1.1 200 OK] @17-12-2021 01:57:43.0811 AM
[ReportManager] Assertion Passed: Evaluating the actual response status code against the expected one... @17-12-2021 01:57:43.0812 AM
[ReportManager] Assertion [ValidateComparativeRelation] PASSED. Expected [200] and Actual [200]. Comparison Type [EQUALS]. Validation Type [POSITIVE]. @17-12-2021 01:57:43.0812 AM
[ReportManager] API Action [PerformRequest] successfully performed. With the following test data [Request Type: "GET" | Target Status Code: "200" | Service URL: "https://jsonplaceholder.typicode.com/users" | Content Type: "*/*" | Response Time: "53ms"]. @17-12-2021 01:57:43.0833 AM
[ReportManager] Successfully created attachment [API Request - Specifications] @17-12-2021 01:57:43.0834 AM
[ReportManager] Successfully created attachment [API Response - JSON Body] @17-12-2021 01:57:43.0835 AM
[ReportManager] Assertion [ValidateEquals] PASSED. Expected and Actual values are attached. Comparison Type [CONTAINS]. Validation Type [POSITIVE]. @17-12-2021 01:57:43.0835 AM
[ReportManager] Successfully created attachment [Validation Test Data - Expected Value] @17-12-2021 01:57:43.0836 AM
[ReportManager] Successfully created attachment [Validation Test Data - Actual Value] @17-12-2021 01:57:43.0836 AM
[ReportManager] API Action [GetResponseJSONValueAsList] successfully performed. With the following test data [$]. @17-12-2021 01:57:43.0843 AM
[ReportManager] API Action [GetResponseJSONValue] successfully performed. With the following test data [name]. @17-12-2021 01:57:43.0854 AM
[ReportManager] API Action [GetResponseJSONValue] successfully performed. With the following test data [email]. @17-12-2021 01:57:43.0864 AM
[ReportManager] Assertion [ValidateEquals] PASSED. Expected [Sincere@april.biz] and Actual [Sincere@april.biz]. Comparison Type [EQUALS]. Validation Type [POSITIVE]. @17-12-2021 01:57:43.0865 AM
[ReportManager] API Action [GetResponseJSONValue] successfully performed. With the following test data [name]. @17-12-2021 01:57:43.0876 AM
[ReportManager] API Action [GetResponseJSONValue] successfully performed. With the following test data [name]. @17-12-2021 01:57:43.0886 AM
[ReportManager] API Action [GetResponseJSONValue] successfully performed. With the following test data [name]. @17-12-2021 01:57:43.0897 AM
[ReportManager] API Action [GetResponseJSONValue] successfully performed. With the following test data [name]. @17-12-2021 01:57:43.0907 AM
[ReportManager] API Action [GetResponseJSONValue] successfully performed. With the following test data [name]. @17-12-2021 01:57:43.0917 AM
[ReportManager] API Action [GetResponseJSONValue] successfully performed. With the following test data [name]. @17-12-2021 01:57:43.0928 AM
[ReportManager] API Action [GetResponseJSONValue] successfully performed. With the following test data [name]. @17-12-2021 01:57:43.0938 AM
[ReportManager] API Action [GetResponseJSONValue] successfully performed. With the following test data [name]. @17-12-2021 01:57:43.0948 AM
[ReportManager] API Action [GetResponseJSONValue] successfully performed. With the following test data [name]. @17-12-2021 01:57:43.0958 A
[ReportManager] File Action [GetAbsolutePath] successfully performed. With the following test data [Relative Folder Path: "target/downloadedFiles/"]. @17-12-2021 01:57:43.0961 AM
[ReportManager] Attempting to run locally on: [Mac-64], [Safari], Headless Execution. @17-12-2021 01:57:43.0961 AM
[ReportManager] Successfully Opened Safari. @17-12-2021 01:57:44.0819 AM
[ReportManager] Initial window size: (800, 600) @17-12-2021 01:57:44.0845 AM
[ReportManager] Window size after SWD Maximize: (1176, 803) @17-12-2021 01:57:44.0879 AM
[ReportManager] Browser Action [MaximizeWindow] successfully performed. With the following test data [New screen size is now: (1176, 803)]. @17-12-2021 01:57:44.0880 A

################################################################################################################################################
Starting Execution:	[69 out of 146] test cases in the current suite
Test Method:		[testPackage01.Test_uploadFile.uploadFile_invisibleUploadInput]
################################################################################################################################################
[ReportManager] Target URL: [https://fineuploader.com/demos.html#gallery-view] @17-12-2021 01:57:44.0883 AM
[ReportManager] Initial URL: [] @17-12-2021 01:57:44.0979 AM
[ReportManager] Browser Action [NavigateToURL] successfully performed. With the following test data [https://fineuploader.com/demos.html#gallery-view]. @17-12-2021 01:57:46.0375 AM
[ReportManager] File Action [GetAbsolutePath] successfully performed. With the following test data [Relative File Path: "src/main/resources/images/shaft.png"]. @17-12-2021 01:57:46.0376 AM
[ReportManager] Successfully created attachment [File Action Actual Result - Command Log] @17-12-2021 01:57:46.0376 AM
[ReportManager] Element Action [TypeFileLocationForUpload] successfully performed. With the following test data [/Users/runner/work/SHAFT_ENGINE/SHAFT_ENGINE/src/main/resources/images/shaft.png]. @17-12-2021 01:57:46.0427 AM
[ReportManager] Attempting to getAttribute [src] from elementLocator [By.xpath: //div[@id='fine-uploader-gallery']//div[@class='qq-thumbnail-wrapper']/img]. @17-12-2021 01:57:46.0430 AM
[ReportManager] Element Action [GetAttribute] successfully performed. @17-12-2021 01:57:46.0582 AM
[ReportManager] Successfully created attachment [Element Action Test Data - GetAttribute - Actual Value] @17-12-2021 01:57:46.0584 AM
[ReportManager] Loaded Shared OpenCV @17-12-2021 01:57:47.0797 AM
[ReportManager] Assertion Passed: Then I Assert that the element found by [By.xpath: //div[@id='fine-uploader-gallery']//div[@class='qq-thumbnail-wrapper']/img] attribute [src] contains [data:image/png;base64]. @17-12-2021 01:57:48.0135 AM
[ReportManager] Successfully created attachment [Validation Test Data - Expected Value] @17-12-2021 01:57:48.0136 AM
[ReportManager] Successfully created attachment [Validation Test Data - Actual Value] @17-12-2021 01:57:48.0137 AM
[ReportManager] Successfully created attachment [Screenshot - 1639706266677_uploadFile_invisibleUploadInput_ValidateElementAttribute_passed] @17-12-2021 01:57:48.0139 AM
[ReportManager] Assertion [ValidateElementAttribute] PASSED. Expected and Actual values are attached. Comparison Type [CONTAINS]. Validation Type [POSITIVE]. @17-12-2021 01:57:48.0139 A
[ReportManager] Browser Action [CloseCurrentWindow] successfully performed. @17-12-2021 01:57:48.0516 AM
[ReportManager] Successfully created attachment [Browser Action Test Data - CloseCurrentWindow - Actual Value] @17-12-2021 01:57:48.0517 A
[ReportManager] File Action [GetAbsolutePath] successfully performed. With the following test data [Relative Folder Path: "target/downloadedFiles/"]. @17-12-2021 01:57:48.0520 AM
[ReportManager] Attempting to run locally on: [Mac-64], [Safari], Headless Execution. @17-12-2021 01:57:48.0521 AM
[ReportManager] Successfully Opened Safari. @17-12-2021 01:57:49.0482 AM
[ReportManager] Initial window size: (800, 600) @17-12-2021 01:57:49.0511 AM
[ReportManager] Window size after SWD Maximize: (1176, 803) @17-12-2021 01:57:49.0595 AM
[ReportManager] Browser Action [MaximizeWindow] successfully performed. With the following test data [New screen size is now: (1176, 803)]. @17-12-2021 01:57:49.0595 A

################################################################################################################################################
Starting Execution:	[70 out of 146] test cases in the current suite
Test Method:		[testPackage01.Test_uploadFile.uploadFile_visibleUploadInput]
################################################################################################################################################
[ReportManager] Target URL: [http://demo.guru99.com/test/upload/] @17-12-2021 01:57:49.0599 AM
[ReportManager] Initial URL: [] @17-12-2021 01:57:49.0653 AM
[ReportManager] Browser Action [NavigateToURL] successfully performed. With the following test data [http://demo.guru99.com/test/upload/]. @17-12-2021 01:57:51.0857 AM
[ReportManager] File Action [GetAbsolutePath] successfully performed. With the following test data [Relative Folder Path: "src/main/resources/images/shaft.png"]. @17-12-2021 01:57:51.0857 AM
[ReportManager] Element Action [TypeFileLocationForUpload] successfully performed. With the following test data [/Users/runner/work/SHAFT_ENGINE/SHAFT_ENGINE/src/main/resources/images/shaft.png]. @17-12-2021 01:57:53.0693 AM
[ReportManager] Element Action [Click] successfully performed. With the following test data [By.id: terms]. @17-12-2021 01:57:53.0901 AM
[ReportManager] Element Action [Click] successfully performed. With the following test data [By.id: submitbutton]. @17-12-2021 01:57:54.0103 AM
[ReportManager] Element Action [GetText] successfully performed. With the following test data [1 file has been successfully uploaded.]. @17-12-2021 01:57:54.0732 AM
[ReportManager] Loaded Shared OpenCV @17-12-2021 01:57:54.0823 AM
[ReportManager] Assertion Passed: Then I Assert that the element found by [By.id: res] attribute [Text] contains [1 file]. @17-12-2021 01:57:54.0914 AM
[ReportManager] Successfully created attachment [Screenshot - 1639706274823_uploadFile_visibleUploadInput_ValidateElementAttribute_passed] @17-12-2021 01:57:54.0916 AM
[ReportManager] Assertion [ValidateElementAttribute] PASSED. Expected [Value Should be '1 file' for the 'Text' attribute, element locator 'By.id: res'] and Actual [1 file has been successfully uploaded.]. Comparison Type [CONTAINS]. Validation Type [POSITIVE]. @17-12-2021 01:57:54.0916 A
[ReportManager] Browser Action [CloseCurrentWindow] successfully performed. @17-12-2021 01:57:55.0231 AM
[ReportManager] Successfully created attachment [Browser Action Test Data - CloseCurrentWindow - Actual Value] @17-12-2021 01:57:55.0231 A

################################################################################################################################################
Starting Execution:	[71 out of 146] test cases in the current suite
Test Method:		[testPackage01.Test_AssertApiResponseEquals.assertApiResponseEquals_expectedToPass]
################################################################################################################################################
[ReportManager] Response status code: [200], status line: [HTTP/1.1 200 OK] @17-12-2021 01:57:55.0273 AM
[ReportManager] Assertion Passed: Evaluating the actual response status code against the expected one... @17-12-2021 01:57:55.0273 AM
[ReportManager] Assertion [ValidateComparativeRelation] PASSED. Expected [200] and Actual [200]. Comparison Type [EQUALS]. Validation Type [POSITIVE]. @17-12-2021 01:57:55.0273 AM
[ReportManager] API Action [PerformRequest] successfully performed. With the following test data [Request Type: "GET" | Target Status Code: "200" | Service URL: "https://jsonplaceholder.typicode.com/users" | Content Type: "*/*" | Response Time: "33ms"]. @17-12-2021 01:57:55.0295 AM
[ReportManager] Successfully created attachment [API Request - Specifications] @17-12-2021 01:57:55.0295 AM
[ReportManager] Successfully created attachment [API Response - JSON Body] @17-12-2021 01:57:55.0296 AM
[ReportManager] API Action [GetResponseJSONValueAsList] successfully performed. With the following test data [$]. @17-12-2021 01:57:55.0303 AM
[ReportManager] API Action [GetResponseJSONValue] successfully performed. With the following test data [name]. @17-12-2021 01:57:55.0313 AM
[ReportManager] API Action [GetResponseJSONValue] successfully performed. With the following test data [email]. @17-12-2021 01:57:55.0326 AM
[ReportManager] Verification [ValidateEquals] PASSED. Expected [Sincere@april.biz] and Actual [Sincere@april.biz]. Comparison Type [EQUALS]. Validation Type [POSITIVE]. @17-12-2021 01:57:55.0327 AM
[ReportManager] API Action [GetResponseJSONValue] successfully performed. With the following test data [username]. @17-12-2021 01:57:55.0337 AM
[ReportManager] Assertion [ValidateEquals] PASSED. Expected [Bret] and Actual [Bret]. Comparison Type [EQUALS]. Validation Type [POSITIVE]. @17-12-2021 01:57:55.0337 AM
[ReportManager] API Action [GetResponseJSONValue] successfully performed. With the following test data [name]. @17-12-2021 01:57:55.0347 AM
[ReportManager] API Action [GetResponseJSONValue] successfully performed. With the following test data [name]. @17-12-2021 01:57:55.0358 AM
[ReportManager] API Action [GetResponseJSONValue] successfully performed. With the following test data [name]. @17-12-2021 01:57:55.0368 AM
[ReportManager] API Action [GetResponseJSONValue] successfully performed. With the following test data [name]. @17-12-2021 01:57:55.0378 AM
[ReportManager] API Action [GetResponseJSONValue] successfully performed. With the following test data [name]. @17-12-2021 01:57:55.0388 AM
[ReportManager] API Action [GetResponseJSONValue] successfully performed. With the following test data [name]. @17-12-2021 01:57:55.0398 AM
[ReportManager] API Action [GetResponseJSONValue] successfully performed. With the following test data [name]. @17-12-2021 01:57:55.0408 AM
[ReportManager] API Action [GetResponseJSONValue] successfully performed. With the following test data [name]. @17-12-2021 01:57:55.0418 AM
[ReportManager] API Action [GetResponseJSONValue] successfully performed. With the following test data [name]. @17-12-2021 01:57:55.0429 A

################################################################################################################################################
Starting Execution:	[72 out of 146] test cases in the current suite
Test Method:		[testPackage01.Test_testData.f]
################################################################################################################################################
[ReportManager] Successfully loaded the following test data file [src/test/resources/testDataFiles/testSuite01/TestData.xlsx]. @17-12-2021 01:57:55.0463 AM
[ReportManager] Successfully created attachment [Test Data - Excel] @17-12-2021 01:57:55.0464 AM
[ReportManager] Last Column Number is: [3]. Zero-based. @17-12-2021 01:57:55.0465 A

################################################################################################################################################
Starting Execution:	[73 out of 146] test cases in the current suite
Test Method:		[testPackage01.Test_PDF.testPDF1]
################################################################################################################################################
[ReportManager] File Action [DoesFileExist] successfully performed. With the following test data [File Path: "src/test/resources/testDataFiles/sample.pdf"]. @17-12-2021 01:57:55.0471 AM
[ReportManager] File Action [GetAbsolutePath] successfully performed. With the following test data [Relative Folder Path: "src/test/resources/testDataFiles/sample.pdf"]. @17-12-2021 01:57:55.0472 AM
[ReportManager] Assertion Passed: Checking to see that the pdf file contains [A Simple PDF File] @17-12-2021 01:57:59.0693 AM
[ReportManager] Successfully created attachment [Validation Test Data - Expected Value] @17-12-2021 01:57:59.0694 AM
[ReportManager] Successfully created attachment [Validation Test Data - Actual Value] @17-12-2021 01:57:59.0695 AM
[ReportManager] Assertion [ValidateEquals] PASSED. Expected and Actual values are attached. Comparison Type [CONTAINS]. Validation Type [POSITIVE]. @17-12-2021 01:57:59.0695 A

################################################################################################################################################
Starting Execution:	[74 out of 146] test cases in the current suite
Test Method:		[testPackage01.Test_PDF.testPDF2]
################################################################################################################################################
[ReportManager] File Action [DoesFileExist] successfully performed. With the following test data [File Path: "src/test/resources/testDataFiles/sample.pdf"]. @17-12-2021 01:57:59.0701 AM
[ReportManager] File Action [GetAbsolutePath] successfully performed. With the following test data [Relative Folder Path: "src/test/resources/testDataFiles/sample.pdf"]. @17-12-2021 01:57:59.0701 AM
[ReportManager] Assertion Passed: Checking to see that the pdf file contains [A Simple PDF File] @17-12-2021 01:57:59.0723 AM
[ReportManager] Successfully created attachment [Validation Test Data - Expected Value] @17-12-2021 01:57:59.0723 AM
[ReportManager] Successfully created attachment [Validation Test Data - Actual Value] @17-12-2021 01:57:59.0724 AM
[ReportManager] Assertion [ValidateEquals] PASSED. Expected and Actual values are attached. Comparison Type [CONTAINS]. Validation Type [POSITIVE]. @17-12-2021 01:57:59.0724 A
[ReportManager] File Action [GetAbsolutePath] successfully performed. With the following test data [Relative Folder Path: "target/downloadedFiles/"]. @17-12-2021 01:57:59.0726 AM
[ReportManager] Attempting to run locally on: [Mac-64], [Safari], Headless Execution. @17-12-2021 01:57:59.0727 AM
[ReportManager] Successfully Opened Safari. @17-12-2021 01:58:00.0547 AM
[ReportManager] Initial window size: (800, 600) @17-12-2021 01:58:00.0565 AM
[ReportManager] Window size after SWD Maximize: (1176, 803) @17-12-2021 01:58:00.0584 AM
[ReportManager] Browser Action [MaximizeWindow] successfully performed. With the following test data [New screen size is now: (1176, 803)]. @17-12-2021 01:58:00.0584 A

################################################################################################################################################
Starting Execution:	[75 out of 146] test cases in the current suite
Test Method:		[testPackage01.Test_ShadowDOM.shadowdom]
################################################################################################################################################
[ReportManager] Target URL: [https://mdn.github.io/web-components-examples/popup-info-box-web-component/] @17-12-2021 01:58:00.0636 AM
[ReportManager] Initial URL: [] @17-12-2021 01:58:00.0668 AM
[ReportManager] Browser Action [NavigateToURL] successfully performed. With the following test data [https://mdn.github.io/web-components-examples/popup-info-box-web-component/]. @17-12-2021 01:58:00.0917 AM
[ReportManager] Element Action [Type] successfully performed. With the following test data [Typing into SHADOW DOM...]. @17-12-2021 01:58:01.0650 AM
[ReportManager] Element Action [GetText] successfully performed. With the following test data [Typing into SHADOW DOM...]. @17-12-2021 01:58:01.0720 AM
[ReportManager] Loaded Shared OpenCV @17-12-2021 01:58:01.0782 AM
[ReportManager] Assertion [ValidateElementAttribute] PASSED. Expected [Value Should be 'Typing into SHADOW DOM...' for the 'Text' attribute, element locator 'By.id: cvc'] and Actual [Typing into SHADOW DOM...]. Comparison Type [EQUALS]. Validation Type [POSITIVE]. @17-12-2021 01:58:01.0986 AM
[ReportManager] Successfully created attachment [Screenshot - 1639706281782_shadowdom_ValidateElementAttribute_passed] @17-12-2021 01:58:01.0987 A
[ReportManager] Browser Action [CloseCurrentWindow] successfully performed. @17-12-2021 01:58:02.0328 AM
[ReportManager] Successfully created attachment [Browser Action Test Data - CloseCurrentWindow - Actual Value] @17-12-2021 01:58:02.0329 A
[ReportManager] File Action [GetAbsolutePath] successfully performed. With the following test data [Relative Folder Path: "target/downloadedFiles/"]. @17-12-2021 01:58:02.0331 AM
[ReportManager] Attempting to run locally on: [Mac-64], [Safari], Headless Execution. @17-12-2021 01:58:02.0331 AM
[ReportManager] Successfully Opened Safari. @17-12-2021 01:58:03.0148 AM
[ReportManager] Initial window size: (800, 600) @17-12-2021 01:58:03.0159 AM
[ReportManager] Window size after SWD Maximize: (1176, 803) @17-12-2021 01:58:03.0178 AM
[ReportManager] Browser Action [MaximizeWindow] successfully performed. With the following test data [New screen size is now: (1176, 803)]. @17-12-2021 01:58:03.0178 A

################################################################################################################################################
Starting Execution:	[76 out of 146] test cases in the current suite
Test Method:		[testPackage01.Test_clipboardActions.typeTextAndCopyPaste]
################################################################################################################################################
[ReportManager] Target URL: [https://www.google.com/ncr], and after redirection: [https://www.google.com] @17-12-2021 01:58:03.0181 AM
[ReportManager] Initial URL: [] @17-12-2021 01:58:03.0239 AM
[ReportManager] Browser Action [NavigateToURL] successfully performed. With the following test data [https://www.google.com/ncr]. @17-12-2021 01:58:04.0522 AM
[ReportManager] Element Action [Type] successfully performed. With the following test data [FIRST]. @17-12-2021 01:58:04.0746 A
[ReportManager] Browser Action [CloseCurrentWindow] successfully performed. @17-12-2021 01:58:05.0071 AM
[ReportManager] Successfully created attachment [Browser Action Test Data - CloseCurrentWindow - Actual Value] @17-12-2021 01:58:05.0072 A

################################################################################################################################################
Starting Execution:	[77 out of 146] test cases in the current suite
Test Method:		[testPackage01.Test_NewValidationHelper.f1]
################################################################################################################################################
[ReportManager] Assertion Passed: Checking valid user data @17-12-2021 01:58:05.0075 AM
[ReportManager] Successfully created attachment [Validation Test Data - Expected Value] @17-12-2021 01:58:05.0075 AM
[ReportManager] Successfully created attachment [Validation Test Data - Actual Value] @17-12-2021 01:58:05.0076 AM
[ReportManager] Assertion [ValidateEquals] PASSED. Expected and Actual values are attached. Comparison Type [EQUALS]. Validation Type [POSITIVE]. @17-12-2021 01:58:05.0076 A
[ReportManager] File Action [GetAbsolutePath] successfully performed. With the following test data [Relative Folder Path: "target/downloadedFiles/"]. @17-12-2021 01:58:05.0078 AM
[ReportManager] Attempting to run locally on: [Mac-64], [Safari], Headless Execution. @17-12-2021 01:58:05.0078 AM
[ReportManager] Successfully Opened Safari. @17-12-2021 01:58:05.0913 AM
[ReportManager] Initial window size: (800, 600) @17-12-2021 01:58:05.0923 AM
[ReportManager] Window size after SWD Maximize: (1176, 803) @17-12-2021 01:58:05.0953 AM
[ReportManager] Browser Action [MaximizeWindow] successfully performed. With the following test data [New screen size is now: (1176, 803)]. @17-12-2021 01:58:05.0953 AM
[ReportManager] Target URL: [https://the-internet.herokuapp.com/] @17-12-2021 01:58:05.0953 AM
[ReportManager] Initial URL: [] @17-12-2021 01:58:05.0992 AM
[ReportManager] Browser Action [NavigateToURL] successfully performed. With the following test data [https://the-internet.herokuapp.com/]. @17-12-2021 01:58:06.0373 A

################################################################################################################################################
Starting Execution:	[78 out of 146] test cases in the current suite
Test Method:		[testPackage01.Test_NewValidationHelper.f10]
################################################################################################################################################
[ReportManager] Loaded Shared OpenCV @17-12-2021 01:58:06.0522 AM
[ReportManager] Assertion [ValidateElementExists] FAILED. Expected [Element Should Exist, locator 'By.tagName: div'] and Actual [Element Exists but is not unique]. Comparison Type [EQUALS]. Validation Type [POSITIVE]. @17-12-2021 01:58:06.0668 AM
[ReportManager] Successfully created attachment [Screenshot - 1639706286522_f10_ValidateElementExists_failed] @17-12-2021 01:58:06.0670 A
[ReportManager] Successfully Closed All Drivers. @17-12-2021 01:58:07.0005 A
[ReportManager] File Action [GetAbsolutePath] successfully performed. With the following test data [Relative Folder Path: "target/downloadedFiles/"]. @17-12-2021 01:58:07.0007 AM
[ReportManager] Attempting to run locally on: [Mac-64], [Safari], Headless Execution. @17-12-2021 01:58:07.0008 AM
[ReportManager] Successfully Opened Safari. @17-12-2021 01:58:07.0802 AM
[ReportManager] Initial window size: (800, 600) @17-12-2021 01:58:07.0820 AM
[ReportManager] Window size after SWD Maximize: (1176, 803) @17-12-2021 01:58:07.0850 AM
[ReportManager] Browser Action [MaximizeWindow] successfully performed. With the following test data [New screen size is now: (1176, 803)]. @17-12-2021 01:58:07.0850 AM
[ReportManager] Target URL: [https://the-internet.herokuapp.com/] @17-12-2021 01:58:07.0850 AM
[ReportManager] Initial URL: [] @17-12-2021 01:58:07.0890 AM
[ReportManager] Browser Action [NavigateToURL] successfully performed. With the following test data [https://the-internet.herokuapp.com/]. @17-12-2021 01:58:08.0244 A

################################################################################################################################################
Starting Execution:	[79 out of 146] test cases in the current suite
Test Method:		[testPackage01.Test_NewValidationHelper.f11]
################################################################################################################################################
[ReportManager] org.openqa.selenium.TimeoutException:
Expected condition failed: waiting for com.shaft.gui.element.ElementActionsHelper$$Lambda$625/0x00000008011379c0@1a237e7b (tried for 5 second(s) with 1000 milliseconds interval)
org.openqa.selenium.support.ui.FluentWait.timeoutException(FluentWait.java:263)
org.openqa.selenium.support.ui.FluentWait.until(FluentWait.java:231)
com.shaft.gui.element.ElementActionsHelper.waitForElementPresence(ElementActionsHelper.java:63)
com.shaft.gui.element.ElementActionsHelper.waitForElementPresence(ElementActionsHelper.java:37)
com.shaft.gui.element.WebDriverElementActions.getMatchingElementsCount(WebDriverElementActions.java:1468)
com.shaft.gui.element.WebDriverElementActions.getElementsCount(WebDriverElementActions.java:559)
com.shaft.gui.element.ElementActions.getElementsCount(ElementActions.java:261)
com.shaft.validation.ValidationsHelper.validateElementExists(ValidationsHelper.java:149)
com.shaft.validation.Assertions.assertElementExists(Assertions.java:118)
testPackage01.Test_NewValidationHelper.f11(Test_NewValidationHelper.java:137)
java.base/jdk.internal.reflect.NativeMethodAccessorImpl.invoke0(Native Method)
java.base/jdk.internal.reflect.NativeMethodAccessorImpl.invoke(NativeMethodAccessorImpl.java:77)
java.base/jdk.internal.reflect.DelegatingMethodAccessorImpl.invoke(DelegatingMethodAccessorImpl.java:43)
java.base/java.lang.reflect.Method.invoke(Method.java:568)
org.testng.internal.MethodInvocationHelper.invokeMethod(MethodInvocationHelper.java:133)
org.testng.internal.TestInvoker.invokeMethod(TestInvoker.java:598)
org.testng.internal.TestInvoker.invokeTestMethod(TestInvoker.java:173)
org.testng.internal.MethodRunner.runInSequence(MethodRunner.java:46)
org.testng.internal.TestInvoker$MethodInvocationAgent.invoke(TestInvoker.java:824)
org.testng.internal.TestInvoker.invokeTestMethods(TestInvoker.java:146)
org.testng.internal.TestMethodWorker.invokeTestMethods(TestMethodWorker.java:146)
org.testng.internal.TestMethodWorker.run(TestMethodWorker.java:128)
java.base/java.util.ArrayList.forEach(ArrayList.java:1511)
org.testng.TestRunner.privateRun(TestRunner.java:794)
org.testng.TestRunner.run(TestRunner.java:596)
org.testng.SuiteRunner.runTest(SuiteRunner.java:377)
org.testng.SuiteRunner.runSequentially(SuiteRunner.java:371)
org.testng.SuiteRunner.privateRun(SuiteRunner.java:332)
org.testng.SuiteRunner.run(SuiteRunner.java:276)
org.testng.SuiteRunnerWorker.runSuite(SuiteRunnerWorker.java:53)
org.testng.SuiteRunnerWorker.run(SuiteRunnerWorker.java:96)
org.testng.TestNG.runSuitesSequentially(TestNG.java:1212)
org.testng.TestNG.runSuitesLocally(TestNG.java:1134)
org.testng.TestNG.runSuites(TestNG.java:1063)
org.testng.TestNG.run(TestNG.java:1031)
org.apache.maven.surefire.testng.TestNGExecutor.run(TestNGExecutor.java:136)
org.apache.maven.surefire.testng.TestNGDirectoryTestSuite.executeMulti(TestNGDirectoryTestSuite.java:193)
org.apache.maven.surefire.testng.TestNGDirectoryTestSuite.execute(TestNGDirectoryTestSuite.java:94)
org.apache.maven.surefire.testng.TestNGProvider.invoke(TestNGProvider.java:145)
org.apache.maven.surefire.booter.ForkedBooter.runSuitesInProcess(ForkedBooter.java:428)
org.apache.maven.surefire.booter.ForkedBooter.execute(ForkedBooter.java:162)
org.apache.maven.surefire.booter.ForkedBooter.run(ForkedBooter.java:562)
org.apache.maven.surefire.booter.ForkedBooter.main(ForkedBooter.java:548)

Caused by: org.openqa.selenium.NoSuchElementException:
For documentation on this error, please visit: https://selenium.dev/exceptions/#no_such_element
Build info: version: '4.1.0', revision: '87802e897b'
System info: host: 'Mac-1639706011551.local', ip: '10.212.20.178', os.name: 'Mac OS X', os.arch: 'x86_64', os.version: '11.5', java.version: '17.0.1'
Driver info: org.openqa.selenium.safari.SafariDriver
Command: [58FF12F3-51DB-4303-BDB7-FC32146ACB3A, findElement {using=tag name, value=h3}]
Capabilities {acceptInsecureCerts: false, browserName: Safari, browserVersion: 15.1, goog:loggingPrefs: {browser: ALL, client: ALL, driver: ALL, performance: ALL, profiler: ALL, server: ALL}, javascriptEnabled: true, pageLoadStrategy: normal, platform: MAC, platformName: MAC, safari:automaticInspection: false, safari:automaticProfiling: false, safari:diagnose: false, safari:platformBuildVersion: 20G224, safari:platformVersion: 11.6.1, safari:useSimulator: false, setWindowRect: true, strictFileInteractability: false, timeouts: {pageLoad: 30000, script: 30000}, webkit:WebRTC: {DisableICECandidateFiltering: false, DisableInsecureMediaCapture: false}}
Session ID: 58FF12F3-51DB-4303-BDB7-FC32146ACB3A
jdk.internal.reflect.GeneratedConstructorAccessor57.newInstance(Unknown Source)
java.base/jdk.internal.reflect.DelegatingConstructorAccessorImpl.newInstance(DelegatingConstructorAccessorImpl.java:45)
java.base/java.lang.reflect.Constructor.newInstanceWithCaller(Constructor.java:499)
java.base/java.lang.reflect.Constructor.newInstance(Constructor.java:480)
org.openqa.selenium.remote.codec.w3c.W3CHttpResponseCodec.createException(W3CHttpResponseCodec.java:200)
org.openqa.selenium.remote.codec.w3c.W3CHttpResponseCodec.decode(W3CHttpResponseCodec.java:133)
org.openqa.selenium.remote.codec.w3c.W3CHttpResponseCodec.decode(W3CHttpResponseCodec.java:53)
org.openqa.selenium.remote.HttpCommandExecutor.execute(HttpCommandExecutor.java:184)
org.openqa.selenium.remote.service.DriverCommandExecutor.invokeExecute(DriverCommandExecutor.java:164)
org.openqa.selenium.remote.service.DriverCommandExecutor.execute(DriverCommandExecutor.java:139)
org.openqa.selenium.remote.RemoteWebDriver.execute(RemoteWebDriver.java:559)
org.openqa.selenium.remote.ElementLocation$ElementFinder$2.findElement(ElementLocation.java:162)
org.openqa.selenium.remote.ElementLocation.findElement(ElementLocation.java:60)
org.openqa.selenium.remote.RemoteWebDriver.findElement(RemoteWebDriver.java:383)
org.openqa.selenium.remote.RemoteWebDriver.findElement(RemoteWebDriver.java:375)
com.shaft.gui.element.ElementActionsHelper.lambda$waitForElementPresence$0(ElementActionsHelper.java:66)
org.openqa.selenium.support.ui.FluentWait.until(FluentWait.java:208)
com.shaft.gui.element.ElementActionsHelper.waitForElementPresence(ElementActionsHelper.java:63)
com.shaft.gui.element.ElementActionsHelper.waitForElementPresence(ElementActionsHelper.java:37)
com.shaft.gui.element.WebDriverElementActions.getMatchingElementsCount(WebDriverElementActions.java:1468)
com.shaft.gui.element.WebDriverElementActions.getElementsCount(WebDriverElementActions.java:559)
com.shaft.gui.element.ElementActions.getElementsCount(ElementActions.java:261)
com.shaft.validation.ValidationsHelper.validateElementExists(ValidationsHelper.java:149)
com.shaft.validation.Assertions.assertElementExists(Assertions.java:118)
testPackage01.Test_NewValidationHelper.f11(Test_NewValidationHelper.java:137)
java.base/jdk.internal.reflect.NativeMethodAccessorImpl.invoke0(Native Method)
java.base/jdk.internal.reflect.NativeMethodAccessorImpl.invoke(NativeMethodAccessorImpl.java:77)
java.base/jdk.internal.reflect.DelegatingMethodAccessorImpl.invoke(DelegatingMethodAccessorImpl.java:43)
java.base/java.lang.reflect.Method.invoke(Method.java:568)
org.testng.internal.MethodInvocationHelper.invokeMethod(MethodInvocationHelper.java:133)
org.testng.internal.TestInvoker.invokeMethod(TestInvoker.java:598)
org.testng.internal.TestInvoker.invokeTestMethod(TestInvoker.java:173)
org.testng.internal.MethodRunner.runInSequence(MethodRunner.java:46)
org.testng.internal.TestInvoker$MethodInvocationAgent.invoke(TestInvoker.java:824)
org.testng.internal.TestInvoker.invokeTestMethods(TestInvoker.java:146)
org.testng.internal.TestMethodWorker.invokeTestMethods(TestMethodWorker.java:146)
org.testng.internal.TestMethodWorker.run(TestMethodWorker.java:128)
java.base/java.util.ArrayList.forEach(ArrayList.java:1511)
org.testng.TestRunner.privateRun(TestRunner.java:794)
org.testng.TestRunner.run(TestRunner.java:596)
org.testng.SuiteRunner.runTest(SuiteRunner.java:377)
org.testng.SuiteRunner.runSequentially(SuiteRunner.java:371)
org.testng.SuiteRunner.privateRun(SuiteRunner.java:332)
org.testng.SuiteRunner.run(SuiteRunner.java:276)
org.testng.SuiteRunnerWorker.runSuite(SuiteRunnerWorker.java:53)
org.testng.SuiteRunnerWorker.run(SuiteRunnerWorker.java:96)
org.testng.TestNG.runSuitesSequentially(TestNG.java:1212)
org.testng.TestNG.runSuitesLocally(TestNG.java:1134)
org.testng.TestNG.runSuites(TestNG.java:1063)
org.testng.TestNG.run(TestNG.java:1031)
org.apache.maven.surefire.testng.TestNGExecutor.run(TestNGExecutor.java:136)
org.apache.maven.surefire.testng.TestNGDirectoryTestSuite.executeMulti(TestNGDirectoryTestSuite.java:193)
org.apache.maven.surefire.testng.TestNGDirectoryTestSuite.execute(TestNGDirectoryTestSuite.java:94)
org.apache.maven.surefire.testng.TestNGProvider.invoke(TestNGProvider.java:145)
org.apache.maven.surefire.booter.ForkedBooter.runSuitesInProcess(ForkedBooter.java:428)
org.apache.maven.surefire.booter.ForkedBooter.execute(ForkedBooter.java:162)
org.apache.maven.surefire.booter.ForkedBooter.run(ForkedBooter.java:562)
org.apache.maven.surefire.booter.ForkedBooter.main(ForkedBooter.java:548) @17-12-2021 01:58:13.0576 AM
[ReportManager] org.openqa.selenium.TimeoutException:
Expected condition failed: waiting for com.shaft.gui.element.ElementActionsHelper$$Lambda$625/0x00000008011379c0@1668ba45 (tried for 5 second(s) with 1000 milliseconds interval)
org.openqa.selenium.support.ui.FluentWait.timeoutException(FluentWait.java:263)
org.openqa.selenium.support.ui.FluentWait.until(FluentWait.java:231)
com.shaft.gui.element.ElementActionsHelper.waitForElementPresence(ElementActionsHelper.java:63)
com.shaft.gui.element.ElementActionsHelper.waitForElementPresence(ElementActionsHelper.java:37)
com.shaft.gui.element.WebDriverElementActions.getMatchingElementsCount(WebDriverElementActions.java:1468)
com.shaft.gui.element.WebDriverElementActions.getElementsCount(WebDriverElementActions.java:559)
com.shaft.gui.element.ElementActions.getElementsCount(ElementActions.java:261)
com.shaft.gui.image.ScreenshotManager.internalCaptureScreenShot(ScreenshotManager.java:394)
com.shaft.gui.image.ScreenshotManager.captureScreenShot(ScreenshotManager.java:141)
com.shaft.validation.ValidationsHelper.reportValidationState(ValidationsHelper.java:823)
com.shaft.validation.ValidationsHelper.pass(ValidationsHelper.java:564)
com.shaft.validation.ValidationsHelper.validateElementExists(ValidationsHelper.java:166)
com.shaft.validation.Assertions.assertElementExists(Assertions.java:118)
testPackage01.Test_NewValidationHelper.f11(Test_NewValidationHelper.java:137)
java.base/jdk.internal.reflect.NativeMethodAccessorImpl.invoke0(Native Method)
java.base/jdk.internal.reflect.NativeMethodAccessorImpl.invoke(NativeMethodAccessorImpl.java:77)
java.base/jdk.internal.reflect.DelegatingMethodAccessorImpl.invoke(DelegatingMethodAccessorImpl.java:43)
java.base/java.lang.reflect.Method.invoke(Method.java:568)
org.testng.internal.MethodInvocationHelper.invokeMethod(MethodInvocationHelper.java:133)
org.testng.internal.TestInvoker.invokeMethod(TestInvoker.java:598)
org.testng.internal.TestInvoker.invokeTestMethod(TestInvoker.java:173)
org.testng.internal.MethodRunner.runInSequence(MethodRunner.java:46)
org.testng.internal.TestInvoker$MethodInvocationAgent.invoke(TestInvoker.java:824)
org.testng.internal.TestInvoker.invokeTestMethods(TestInvoker.java:146)
org.testng.internal.TestMethodWorker.invokeTestMethods(TestMethodWorker.java:146)
org.testng.internal.TestMethodWorker.run(TestMethodWorker.java:128)
java.base/java.util.ArrayList.forEach(ArrayList.java:1511)
org.testng.TestRunner.privateRun(TestRunner.java:794)
org.testng.TestRunner.run(TestRunner.java:596)
org.testng.SuiteRunner.runTest(SuiteRunner.java:377)
org.testng.SuiteRunner.runSequentially(SuiteRunner.java:371)
org.testng.SuiteRunner.privateRun(SuiteRunner.java:332)
org.testng.SuiteRunner.run(SuiteRunner.java:276)
org.testng.SuiteRunnerWorker.runSuite(SuiteRunnerWorker.java:53)
org.testng.SuiteRunnerWorker.run(SuiteRunnerWorker.java:96)
org.testng.TestNG.runSuitesSequentially(TestNG.java:1212)
org.testng.TestNG.runSuitesLocally(TestNG.java:1134)
org.testng.TestNG.runSuites(TestNG.java:1063)
org.testng.TestNG.run(TestNG.java:1031)
org.apache.maven.surefire.testng.TestNGExecutor.run(TestNGExecutor.java:136)
org.apache.maven.surefire.testng.TestNGDirectoryTestSuite.executeMulti(TestNGDirectoryTestSuite.java:193)
org.apache.maven.surefire.testng.TestNGDirectoryTestSuite.execute(TestNGDirectoryTestSuite.java:94)
org.apache.maven.surefire.testng.TestNGProvider.invoke(TestNGProvider.java:145)
org.apache.maven.surefire.booter.ForkedBooter.runSuitesInProcess(ForkedBooter.java:428)
org.apache.maven.surefire.booter.ForkedBooter.execute(ForkedBooter.java:162)
org.apache.maven.surefire.booter.ForkedBooter.run(ForkedBooter.java:562)
org.apache.maven.surefire.booter.ForkedBooter.main(ForkedBooter.java:548)

Caused by: org.openqa.selenium.NoSuchElementException:
For documentation on this error, please visit: https://selenium.dev/exceptions/#no_such_element
Build info: version: '4.1.0', revision: '87802e897b'
System info: host: 'Mac-1639706011551.local', ip: '10.212.20.178', os.name: 'Mac OS X', os.arch: 'x86_64', os.version: '11.5', java.version: '17.0.1'
Driver info: org.openqa.selenium.safari.SafariDriver
Command: [58FF12F3-51DB-4303-BDB7-FC32146ACB3A, findElement {using=tag name, value=h3}]
Capabilities {acceptInsecureCerts: false, browserName: Safari, browserVersion: 15.1, goog:loggingPrefs: {browser: ALL, client: ALL, driver: ALL, performance: ALL, profiler: ALL, server: ALL}, javascriptEnabled: true, pageLoadStrategy: normal, platform: MAC, platformName: MAC, safari:automaticInspection: false, safari:automaticProfiling: false, safari:diagnose: false, safari:platformBuildVersion: 20G224, safari:platformVersion: 11.6.1, safari:useSimulator: false, setWindowRect: true, strictFileInteractability: false, timeouts: {pageLoad: 30000, script: 30000}, webkit:WebRTC: {DisableICECandidateFiltering: false, DisableInsecureMediaCapture: false}}
Session ID: 58FF12F3-51DB-4303-BDB7-FC32146ACB3A
jdk.internal.reflect.GeneratedConstructorAccessor57.newInstance(Unknown Source)
java.base/jdk.internal.reflect.DelegatingConstructorAccessorImpl.newInstance(DelegatingConstructorAccessorImpl.java:45)
java.base/java.lang.reflect.Constructor.newInstanceWithCaller(Constructor.java:499)
java.base/java.lang.reflect.Constructor.newInstance(Constructor.java:480)
org.openqa.selenium.remote.codec.w3c.W3CHttpResponseCodec.createException(W3CHttpResponseCodec.java:200)
org.openqa.selenium.remote.codec.w3c.W3CHttpResponseCodec.decode(W3CHttpResponseCodec.java:133)
org.openqa.selenium.remote.codec.w3c.W3CHttpResponseCodec.decode(W3CHttpResponseCodec.java:53)
org.openqa.selenium.remote.HttpCommandExecutor.execute(HttpCommandExecutor.java:184)
org.openqa.selenium.remote.service.DriverCommandExecutor.invokeExecute(DriverCommandExecutor.java:164)
org.openqa.selenium.remote.service.DriverCommandExecutor.execute(DriverCommandExecutor.java:139)
org.openqa.selenium.remote.RemoteWebDriver.execute(RemoteWebDriver.java:559)
org.openqa.selenium.remote.ElementLocation$ElementFinder$2.findElement(ElementLocation.java:162)
org.openqa.selenium.remote.ElementLocation.findElement(ElementLocation.java:60)
org.openqa.selenium.remote.RemoteWebDriver.findElement(RemoteWebDriver.java:383)
org.openqa.selenium.remote.RemoteWebDriver.findElement(RemoteWebDriver.java:375)
com.shaft.gui.element.ElementActionsHelper.lambda$waitForElementPresence$0(ElementActionsHelper.java:66)
org.openqa.selenium.support.ui.FluentWait.until(FluentWait.java:208)
com.shaft.gui.element.ElementActionsHelper.waitForElementPresence(ElementActionsHelper.java:63)
com.shaft.gui.element.ElementActionsHelper.waitForElementPresence(ElementActionsHelper.java:37)
com.shaft.gui.element.WebDriverElementActions.getMatchingElementsCount(WebDriverElementActions.java:1468)
com.shaft.gui.element.WebDriverElementActions.getElementsCount(WebDriverElementActions.java:559)
com.shaft.gui.element.ElementActions.getElementsCount(ElementActions.java:261)
com.shaft.gui.image.ScreenshotManager.internalCaptureScreenShot(ScreenshotManager.java:394)
com.shaft.gui.image.ScreenshotManager.captureScreenShot(ScreenshotManager.java:141)
com.shaft.validation.ValidationsHelper.reportValidationState(ValidationsHelper.java:823)
com.shaft.validation.ValidationsHelper.pass(ValidationsHelper.java:564)
com.shaft.validation.ValidationsHelper.validateElementExists(ValidationsHelper.java:166)
com.shaft.validation.Assertions.assertElementExists(Assertions.java:118)
testPackage01.Test_NewValidationHelper.f11(Test_NewValidationHelper.java:137)
java.base/jdk.internal.reflect.NativeMethodAccessorImpl.invoke0(Native Method)
java.base/jdk.internal.reflect.NativeMethodAccessorImpl.invoke(NativeMethodAccessorImpl.java:77)
java.base/jdk.internal.reflect.DelegatingMethodAccessorImpl.invoke(DelegatingMethodAccessorImpl.java:43)
java.base/java.lang.reflect.Method.invoke(Method.java:568)
org.testng.internal.MethodInvocationHelper.invokeMethod(MethodInvocationHelper.java:133)
org.testng.internal.TestInvoker.invokeMethod(TestInvoker.java:598)
org.testng.internal.TestInvoker.invokeTestMethod(TestInvoker.java:173)
org.testng.internal.MethodRunner.runInSequence(MethodRunner.java:46)
org.testng.internal.TestInvoker$MethodInvocationAgent.invoke(TestInvoker.java:824)
org.testng.internal.TestInvoker.invokeTestMethods(TestInvoker.java:146)
org.testng.internal.TestMethodWorker.invokeTestMethods(TestMethodWorker.java:146)
org.testng.internal.TestMethodWorker.run(TestMethodWorker.java:128)
java.base/java.util.ArrayList.forEach(ArrayList.java:1511)
org.testng.TestRunner.privateRun(TestRunner.java:794)
org.testng.TestRunner.run(TestRunner.java:596)
org.testng.SuiteRunner.runTest(SuiteRunner.java:377)
org.testng.SuiteRunner.runSequentially(SuiteRunner.java:371)
org.testng.SuiteRunner.privateRun(SuiteRunner.java:332)
org.testng.SuiteRunner.run(SuiteRunner.java:276)
org.testng.SuiteRunnerWorker.runSuite(SuiteRunnerWorker.java:53)
org.testng.SuiteRunnerWorker.run(SuiteRunnerWorker.java:96)
org.testng.TestNG.runSuitesSequentially(TestNG.java:1212)
org.testng.TestNG.runSuitesLocally(TestNG.java:1134)
org.testng.TestNG.runSuites(TestNG.java:1063)
org.testng.TestNG.run(TestNG.java:1031)
org.apache.maven.surefire.testng.TestNGExecutor.run(TestNGExecutor.java:136)
org.apache.maven.surefire.testng.TestNGDirectoryTestSuite.executeMulti(TestNGDirectoryTestSuite.java:193)
org.apache.maven.surefire.testng.TestNGDirectoryTestSuite.execute(TestNGDirectoryTestSuite.java:94)
org.apache.maven.surefire.testng.TestNGProvider.invoke(TestNGProvider.java:145)
org.apache.maven.surefire.booter.ForkedBooter.runSuitesInProcess(ForkedBooter.java:428)
org.apache.maven.surefire.booter.ForkedBooter.execute(ForkedBooter.java:162)
org.apache.maven.surefire.booter.ForkedBooter.run(ForkedBooter.java:562)
org.apache.maven.surefire.booter.ForkedBooter.main(ForkedBooter.java:548) @17-12-2021 01:58:18.0783 AM
[ReportManager] Assertion Passed: Checking that false tag doesn't exist @17-12-2021 01:58:18.0902 AM
[ReportManager] Successfully created attachment [Screenshot - 1639706298810_f11_ValidateElementExists_passed] @17-12-2021 01:58:18.0902 AM
[ReportManager] Assertion [ValidateElementExists] PASSED. Expected [Element Should not Exist, locator 'By.tagName: h3'] and Actual [Element Doesn't Exists]. Comparison Type [EQUALS]. Validation Type [NEGATIVE]. @17-12-2021 01:58:18.0902 A
[ReportManager] Successfully Closed All Drivers. @17-12-2021 01:58:19.0031 A
[ReportManager] File Action [GetAbsolutePath] successfully performed. With the following test data [Relative Folder Path: "target/downloadedFiles/"]. @17-12-2021 01:58:19.0033 AM
[ReportManager] Attempting to run locally on: [Mac-64], [Safari], Headless Execution. @17-12-2021 01:58:19.0033 AM
[ReportManager] Successfully Opened Safari. @17-12-2021 01:58:19.0852 AM
[ReportManager] Initial window size: (800, 600) @17-12-2021 01:58:19.0872 AM
[ReportManager] Window size after SWD Maximize: (1176, 803) @17-12-2021 01:58:19.0886 AM
[ReportManager] Browser Action [MaximizeWindow] successfully performed. With the following test data [New screen size is now: (1176, 803)]. @17-12-2021 01:58:19.0886 AM
[ReportManager] Target URL: [https://the-internet.herokuapp.com/] @17-12-2021 01:58:19.0886 AM
[ReportManager] Initial URL: [] @17-12-2021 01:58:19.0938 AM
[ReportManager] Browser Action [NavigateToURL] successfully performed. With the following test data [https://the-internet.herokuapp.com/]. @17-12-2021 01:58:20.0268 A

################################################################################################################################################
Starting Execution:	[80 out of 146] test cases in the current suite
Test Method:		[testPackage01.Test_NewValidationHelper.f12]
################################################################################################################################################
[ReportManager] Loaded Shared OpenCV @17-12-2021 01:58:20.0429 AM
[ReportManager] Assertion [ValidateElementExists] FAILED. Expected [Element Should not Exist, locator 'By.tagName: h1'] and Actual [Element Exists]. Comparison Type [EQUALS]. Validation Type [NEGATIVE]. @17-12-2021 01:58:20.0558 AM
[ReportManager] Successfully created attachment [Screenshot - 1639706300429_f12_ValidateElementExists_failed] @17-12-2021 01:58:20.0560 A
[ReportManager] Successfully Closed All Drivers. @17-12-2021 01:58:20.0680 A
[ReportManager] File Action [GetAbsolutePath] successfully performed. With the following test data [Relative Folder Path: "target/downloadedFiles/"]. @17-12-2021 01:58:20.0683 AM
[ReportManager] Attempting to run locally on: [Mac-64], [Safari], Headless Execution. @17-12-2021 01:58:20.0683 AM
[ReportManager] Successfully Opened Safari. @17-12-2021 01:58:21.0539 AM
[ReportManager] Initial window size: (800, 600) @17-12-2021 01:58:21.0554 AM
[ReportManager] Window size after SWD Maximize: (1176, 803) @17-12-2021 01:58:21.0585 AM
[ReportManager] Browser Action [MaximizeWindow] successfully performed. With the following test data [New screen size is now: (1176, 803)]. @17-12-2021 01:58:21.0585 AM
[ReportManager] Target URL: [https://the-internet.herokuapp.com/] @17-12-2021 01:58:21.0586 AM
[ReportManager] Initial URL: [] @17-12-2021 01:58:21.0624 AM
[ReportManager] Browser Action [NavigateToURL] successfully performed. With the following test data [https://the-internet.herokuapp.com/]. @17-12-2021 01:58:22.0073 A

################################################################################################################################################
Starting Execution:	[81 out of 146] test cases in the current suite
Test Method:		[testPackage01.Test_NewValidationHelper.f13]
################################################################################################################################################
[ReportManager] Loaded Shared OpenCV @17-12-2021 01:58:22.0221 AM
[ReportManager] Assertion [ValidateElementExists] FAILED. Expected [Element Should not Exist, locator 'By.tagName: div'] and Actual [Element Exists but is not unique]. Comparison Type [EQUALS]. Validation Type [NEGATIVE]. @17-12-2021 01:58:22.0318 AM
[ReportManager] Successfully created attachment [Screenshot - 1639706302221_f13_ValidateElementExists_failed] @17-12-2021 01:58:22.0320 A
[ReportManager] Successfully Closed All Drivers. @17-12-2021 01:58:22.0615 A
[ReportManager] File Action [GetAbsolutePath] successfully performed. With the following test data [Relative Folder Path: "target/downloadedFiles/"]. @17-12-2021 01:58:22.0618 AM
[ReportManager] Attempting to run locally on: [Mac-64], [Safari], Headless Execution. @17-12-2021 01:58:22.0618 AM
[ReportManager] Successfully Opened Safari. @17-12-2021 01:58:23.0554 AM
[ReportManager] Initial window size: (800, 600) @17-12-2021 01:58:23.0625 AM
[ReportManager] Window size after SWD Maximize: (1176, 803) @17-12-2021 01:58:23.0663 AM
[ReportManager] Browser Action [MaximizeWindow] successfully performed. With the following test data [New screen size is now: (1176, 803)]. @17-12-2021 01:58:23.0663 AM
[ReportManager] Target URL: [https://the-internet.herokuapp.com/] @17-12-2021 01:58:23.0663 AM
[ReportManager] Initial URL: [] @17-12-2021 01:58:23.0744 AM
[ReportManager] Browser Action [NavigateToURL] successfully performed. With the following test data [https://the-internet.herokuapp.com/]. @17-12-2021 01:58:24.0447 A

################################################################################################################################################
Starting Execution:	[82 out of 146] test cases in the current suite
Test Method:		[testPackage01.Test_NewValidationHelper.f14]
################################################################################################################################################
[ReportManager] Element Action [GetText] successfully performed. With the following test data [Welcome to the-internet]. @17-12-2021 01:58:24.0523 AM
[ReportManager] Loaded Shared OpenCV @17-12-2021 01:58:24.0583 AM
[ReportManager] Assertion Passed: Asserting that the header text is correct @17-12-2021 01:58:24.0699 AM
[ReportManager] Successfully created attachment [Screenshot - 1639706304582_f14_ValidateElementAttribute_passed] @17-12-2021 01:58:24.0701 AM
[ReportManager] Assertion [ValidateElementAttribute] PASSED. Expected [Value Should be 'Welcome to the-internet' for the 'text' attribute, element locator 'By.tagName: h1'] and Actual [Welcome to the-internet]. Comparison Type [EQUALS]. Validation Type [POSITIVE]. @17-12-2021 01:58:24.0701 A
[ReportManager] Successfully Closed All Drivers. @17-12-2021 01:58:25.0038 A
[ReportManager] File Action [GetAbsolutePath] successfully performed. With the following test data [Relative Folder Path: "target/downloadedFiles/"]. @17-12-2021 01:58:25.0041 AM
[ReportManager] Attempting to run locally on: [Mac-64], [Safari], Headless Execution. @17-12-2021 01:58:25.0041 AM
[ReportManager] Successfully Opened Safari. @17-12-2021 01:58:26.0021 AM
[ReportManager] Initial window size: (800, 600) @17-12-2021 01:58:26.0070 AM
[ReportManager] Window size after SWD Maximize: (1176, 803) @17-12-2021 01:58:26.0106 AM
[ReportManager] Browser Action [MaximizeWindow] successfully performed. With the following test data [New screen size is now: (1176, 803)]. @17-12-2021 01:58:26.0106 AM
[ReportManager] Target URL: [https://the-internet.herokuapp.com/] @17-12-2021 01:58:26.0107 AM
[ReportManager] Initial URL: [] @17-12-2021 01:58:26.0207 AM
[ReportManager] Browser Action [NavigateToURL] successfully performed. With the following test data [https://the-internet.herokuapp.com/]. @17-12-2021 01:58:26.0900 A

################################################################################################################################################
Starting Execution:	[83 out of 146] test cases in the current suite
Test Method:		[testPackage01.Test_NewValidationHelper.f15]
################################################################################################################################################
[ReportManager] Element Action [GetText] successfully performed. With the following test data [Welcome to the-internet]. @17-12-2021 01:58:26.0974 AM
[ReportManager] Loaded Shared OpenCV @17-12-2021 01:58:27.0046 AM
[ReportManager] Assertion [ValidateElementAttribute] FAILED. Expected [Value Should not be 'Welcome' for the 'text' attribute, element locator 'By.tagName: h1'] and Actual [Welcome to the-internet]. Comparison Type [CONTAINS]. Validation Type [NEGATIVE]. @17-12-2021 01:58:27.0317 AM
[ReportManager] Successfully created attachment [Screenshot - 1639706307046_f15_ValidateElementAttribute_failed] @17-12-2021 01:58:27.0401 A
[ReportManager] Successfully Closed All Drivers. @17-12-2021 01:58:27.0719 A
[ReportManager] File Action [GetAbsolutePath] successfully performed. With the following test data [Relative Folder Path: "target/downloadedFiles/"]. @17-12-2021 01:58:27.0842 AM
[ReportManager] Attempting to run locally on: [Mac-64], [Safari], Headless Execution. @17-12-2021 01:58:27.0843 AM
[ReportManager] Successfully Opened Safari. @17-12-2021 01:58:28.0707 AM
[ReportManager] Initial window size: (800, 600) @17-12-2021 01:58:28.0734 AM
[ReportManager] Window size after SWD Maximize: (1176, 803) @17-12-2021 01:58:28.0819 AM
[ReportManager] Browser Action [MaximizeWindow] successfully performed. With the following test data [New screen size is now: (1176, 803)]. @17-12-2021 01:58:28.0820 AM
[ReportManager] Target URL: [https://the-internet.herokuapp.com/] @17-12-2021 01:58:28.0820 AM
[ReportManager] Initial URL: [] @17-12-2021 01:58:28.0936 AM
[ReportManager] Browser Action [NavigateToURL] successfully performed. With the following test data [https://the-internet.herokuapp.com/]. @17-12-2021 01:58:29.0498 A

################################################################################################################################################
Starting Execution:	[84 out of 146] test cases in the current suite
Test Method:		[testPackage01.Test_NewValidationHelper.f16]
################################################################################################################################################
[ReportManager] org.openqa.selenium.TimeoutException:
Expected condition failed: waiting for com.shaft.gui.element.ElementActionsHelper$$Lambda$625/0x00000008011379c0@49953381 (tried for 25 second(s) with 1000 milliseconds interval)
org.openqa.selenium.support.ui.FluentWait.timeoutException(FluentWait.java:263)
org.openqa.selenium.support.ui.FluentWait.until(FluentWait.java:231)
com.shaft.gui.element.ElementActionsHelper.waitForElementPresence(ElementActionsHelper.java:63)
com.shaft.gui.element.ElementActionsHelper.waitForElementPresence(ElementActionsHelper.java:41)
com.shaft.gui.element.WebDriverElementActions.getMatchingElementsCount(WebDriverElementActions.java:1470)
com.shaft.gui.element.WebDriverElementActions.identifyUniqueElement(WebDriverElementActions.java:1518)
com.shaft.gui.element.WebDriverElementActions.identifyUniqueElement(WebDriverElementActions.java:1316)
com.shaft.gui.element.WebDriverElementActions.getText(WebDriverElementActions.java:658)
com.shaft.gui.element.ElementActions.getText(ElementActions.java:311)
com.shaft.validation.ValidationsHelper.validateElementAttribute(ValidationsHelper.java:237)
com.shaft.validation.Assertions.assertElementAttribute(Assertions.java:201)
testPackage01.Test_NewValidationHelper.f16(Test_NewValidationHelper.java:181)
java.base/jdk.internal.reflect.NativeMethodAccessorImpl.invoke0(Native Method)
java.base/jdk.internal.reflect.NativeMethodAccessorImpl.invoke(NativeMethodAccessorImpl.java:77)
java.base/jdk.internal.reflect.DelegatingMethodAccessorImpl.invoke(DelegatingMethodAccessorImpl.java:43)
java.base/java.lang.reflect.Method.invoke(Method.java:568)
org.testng.internal.MethodInvocationHelper.invokeMethod(MethodInvocationHelper.java:133)
org.testng.internal.TestInvoker.invokeMethod(TestInvoker.java:598)
org.testng.internal.TestInvoker.invokeTestMethod(TestInvoker.java:173)
org.testng.internal.MethodRunner.runInSequence(MethodRunner.java:46)
org.testng.internal.TestInvoker$MethodInvocationAgent.invoke(TestInvoker.java:824)
org.testng.internal.TestInvoker.invokeTestMethods(TestInvoker.java:146)
org.testng.internal.TestMethodWorker.invokeTestMethods(TestMethodWorker.java:146)
org.testng.internal.TestMethodWorker.run(TestMethodWorker.java:128)
java.base/java.util.ArrayList.forEach(ArrayList.java:1511)
org.testng.TestRunner.privateRun(TestRunner.java:794)
org.testng.TestRunner.run(TestRunner.java:596)
org.testng.SuiteRunner.runTest(SuiteRunner.java:377)
org.testng.SuiteRunner.runSequentially(SuiteRunner.java:371)
org.testng.SuiteRunner.privateRun(SuiteRunner.java:332)
org.testng.SuiteRunner.run(SuiteRunner.java:276)
org.testng.SuiteRunnerWorker.runSuite(SuiteRunnerWorker.java:53)
org.testng.SuiteRunnerWorker.run(SuiteRunnerWorker.java:96)
org.testng.TestNG.runSuitesSequentially(TestNG.java:1212)
org.testng.TestNG.runSuitesLocally(TestNG.java:1134)
org.testng.TestNG.runSuites(TestNG.java:1063)
org.testng.TestNG.run(TestNG.java:1031)
org.apache.maven.surefire.testng.TestNGExecutor.run(TestNGExecutor.java:136)
org.apache.maven.surefire.testng.TestNGDirectoryTestSuite.executeMulti(TestNGDirectoryTestSuite.java:193)
org.apache.maven.surefire.testng.TestNGDirectoryTestSuite.execute(TestNGDirectoryTestSuite.java:94)
org.apache.maven.surefire.testng.TestNGProvider.invoke(TestNGProvider.java:145)
org.apache.maven.surefire.booter.ForkedBooter.runSuitesInProcess(ForkedBooter.java:428)
org.apache.maven.surefire.booter.ForkedBooter.execute(ForkedBooter.java:162)
org.apache.maven.surefire.booter.ForkedBooter.run(ForkedBooter.java:562)
org.apache.maven.surefire.booter.ForkedBooter.main(ForkedBooter.java:548)

Caused by: org.openqa.selenium.NoSuchElementException:
For documentation on this error, please visit: https://selenium.dev/exceptions/#no_such_element
Build info: version: '4.1.0', revision: '87802e897b'
System info: host: 'Mac-1639706011551.local', ip: '10.212.20.178', os.name: 'Mac OS X', os.arch: 'x86_64', os.version: '11.5', java.version: '17.0.1'
Driver info: org.openqa.selenium.safari.SafariDriver
Command: [CAF4A865-0854-4E64-AFFC-82B5281E2664, findElement {using=tag name, value=h3}]
Capabilities {acceptInsecureCerts: false, browserName: Safari, browserVersion: 15.1, goog:loggingPrefs: {browser: ALL, client: ALL, driver: ALL, performance: ALL, profiler: ALL, server: ALL}, javascriptEnabled: true, pageLoadStrategy: normal, platform: MAC, platformName: MAC, safari:automaticInspection: false, safari:automaticProfiling: false, safari:diagnose: false, safari:platformBuildVersion: 20G224, safari:platformVersion: 11.6.1, safari:useSimulator: false, setWindowRect: true, strictFileInteractability: false, timeouts: {pageLoad: 30000, script: 30000}, webkit:WebRTC: {DisableICECandidateFiltering: false, DisableInsecureMediaCapture: false}}
Session ID: CAF4A865-0854-4E64-AFFC-82B5281E2664
jdk.internal.reflect.GeneratedConstructorAccessor57.newInstance(Unknown Source)
java.base/jdk.internal.reflect.DelegatingConstructorAccessorImpl.newInstance(DelegatingConstructorAccessorImpl.java:45)
java.base/java.lang.reflect.Constructor.newInstanceWithCaller(Constructor.java:499)
java.base/java.lang.reflect.Constructor.newInstance(Constructor.java:480)
org.openqa.selenium.remote.codec.w3c.W3CHttpResponseCodec.createException(W3CHttpResponseCodec.java:200)
org.openqa.selenium.remote.codec.w3c.W3CHttpResponseCodec.decode(W3CHttpResponseCodec.java:133)
org.openqa.selenium.remote.codec.w3c.W3CHttpResponseCodec.decode(W3CHttpResponseCodec.java:53)
org.openqa.selenium.remote.HttpCommandExecutor.execute(HttpCommandExecutor.java:184)
org.openqa.selenium.remote.service.DriverCommandExecutor.invokeExecute(DriverCommandExecutor.java:164)
org.openqa.selenium.remote.service.DriverCommandExecutor.execute(DriverCommandExecutor.java:139)
org.openqa.selenium.remote.RemoteWebDriver.execute(RemoteWebDriver.java:559)
org.openqa.selenium.remote.ElementLocation$ElementFinder$2.findElement(ElementLocation.java:162)
org.openqa.selenium.remote.ElementLocation.findElement(ElementLocation.java:60)
org.openqa.selenium.remote.RemoteWebDriver.findElement(RemoteWebDriver.java:383)
org.openqa.selenium.remote.RemoteWebDriver.findElement(RemoteWebDriver.java:375)
com.shaft.gui.element.ElementActionsHelper.lambda$waitForElementPresence$0(ElementActionsHelper.java:66)
org.openqa.selenium.support.ui.FluentWait.until(FluentWait.java:208)
com.shaft.gui.element.ElementActionsHelper.waitForElementPresence(ElementActionsHelper.java:63)
com.shaft.gui.element.ElementActionsHelper.waitForElementPresence(ElementActionsHelper.java:41)
com.shaft.gui.element.WebDriverElementActions.getMatchingElementsCount(WebDriverElementActions.java:1470)
com.shaft.gui.element.WebDriverElementActions.identifyUniqueElement(WebDriverElementActions.java:1518)
com.shaft.gui.element.WebDriverElementActions.identifyUniqueElement(WebDriverElementActions.java:1316)
com.shaft.gui.element.WebDriverElementActions.getText(WebDriverElementActions.java:658)
com.shaft.gui.element.ElementActions.getText(ElementActions.java:311)
com.shaft.validation.ValidationsHelper.validateElementAttribute(ValidationsHelper.java:237)
com.shaft.validation.Assertions.assertElementAttribute(Assertions.java:201)
testPackage01.Test_NewValidationHelper.f16(Test_NewValidationHelper.java:181)
java.base/jdk.internal.reflect.NativeMethodAccessorImpl.invoke0(Native Method)
java.base/jdk.internal.reflect.NativeMethodAccessorImpl.invoke(NativeMethodAccessorImpl.java:77)
java.base/jdk.internal.reflect.DelegatingMethodAccessorImpl.invoke(DelegatingMethodAccessorImpl.java:43)
java.base/java.lang.reflect.Method.invoke(Method.java:568)
org.testng.internal.MethodInvocationHelper.invokeMethod(MethodInvocationHelper.java:133)
org.testng.internal.TestInvoker.invokeMethod(TestInvoker.java:598)
org.testng.internal.TestInvoker.invokeTestMethod(TestInvoker.java:173)
org.testng.internal.MethodRunner.runInSequence(MethodRunner.java:46)
org.testng.internal.TestInvoker$MethodInvocationAgent.invoke(TestInvoker.java:824)
org.testng.internal.TestInvoker.invokeTestMethods(TestInvoker.java:146)
org.testng.internal.TestMethodWorker.invokeTestMethods(TestMethodWorker.java:146)
org.testng.internal.TestMethodWorker.run(TestMethodWorker.java:128)
java.base/java.util.ArrayList.forEach(ArrayList.java:1511)
org.testng.TestRunner.privateRun(TestRunner.java:794)
org.testng.TestRunner.run(TestRunner.java:596)
org.testng.SuiteRunner.runTest(SuiteRunner.java:377)
org.testng.SuiteRunner.runSequentially(SuiteRunner.java:371)
org.testng.SuiteRunner.privateRun(SuiteRunner.java:332)
org.testng.SuiteRunner.run(SuiteRunner.java:276)
org.testng.SuiteRunnerWorker.runSuite(SuiteRunnerWorker.java:53)
org.testng.SuiteRunnerWorker.run(SuiteRunnerWorker.java:96)
org.testng.TestNG.runSuitesSequentially(TestNG.java:1212)
org.testng.TestNG.runSuitesLocally(TestNG.java:1134)
org.testng.TestNG.runSuites(TestNG.java:1063)
org.testng.TestNG.run(TestNG.java:1031)
org.apache.maven.surefire.testng.TestNGExecutor.run(TestNGExecutor.java:136)
org.apache.maven.surefire.testng.TestNGDirectoryTestSuite.executeMulti(TestNGDirectoryTestSuite.java:193)
org.apache.maven.surefire.testng.TestNGDirectoryTestSuite.execute(TestNGDirectoryTestSuite.java:94)
org.apache.maven.surefire.testng.TestNGProvider.invoke(TestNGProvider.java:145)
org.apache.maven.surefire.booter.ForkedBooter.runSuitesInProcess(ForkedBooter.java:428)
org.apache.maven.surefire.booter.ForkedBooter.execute(ForkedBooter.java:162)
org.apache.maven.surefire.booter.ForkedBooter.run(ForkedBooter.java:562)
org.apache.maven.surefire.booter.ForkedBooter.main(ForkedBooter.java:548) @17-12-2021 01:58:55.0657 AM
[ReportManager] Element Action [IdentifyUniqueElement] failed. With the following test data [zero elements found matching this locator "By.tagName: h3".]. @17-12-2021 01:58:55.0843 AM
[ReportManager] Successfully created attachment [Screenshot - 1639706335684_f16_IdentifyUniqueElement_failed] @17-12-2021 01:58:55.0926 AM
[ReportManager] Assertion [ValidateElementAttribute] FAILED. Expected [Value Should not be 'Welcome' for the 'text' attribute, element locator 'By.tagName: h3'] and Actual [Failed to read the desired element attribute]. Comparison Type [CONTAINS]. Validation Type [NEGATIVE]. @17-12-2021 01:58:55.0927 A
[ReportManager] Successfully Closed All Drivers. @17-12-2021 01:58:56.0260 A
[ReportManager] File Action [GetAbsolutePath] successfully performed. With the following test data [Relative Folder Path: "target/downloadedFiles/"]. @17-12-2021 01:58:56.0386 AM
[ReportManager] Attempting to run locally on: [Mac-64], [Safari], Headless Execution. @17-12-2021 01:58:56.0386 AM
[ReportManager] Successfully Opened Safari. @17-12-2021 01:58:57.0629 AM
[ReportManager] Initial window size: (800, 600) @17-12-2021 01:58:57.0642 AM
[ReportManager] Window size after SWD Maximize: (1176, 803) @17-12-2021 01:58:57.0657 AM
[ReportManager] Browser Action [MaximizeWindow] successfully performed. With the following test data [New screen size is now: (1176, 803)]. @17-12-2021 01:58:57.0657 AM
[ReportManager] Target URL: [https://the-internet.herokuapp.com/] @17-12-2021 01:58:57.0657 AM
[ReportManager] Initial URL: [] @17-12-2021 01:58:57.0716 AM
[ReportManager] Browser Action [NavigateToURL] successfully performed. With the following test data [https://the-internet.herokuapp.com/]. @17-12-2021 01:58:58.0081 A

################################################################################################################################################
Starting Execution:	[85 out of 146] test cases in the current suite
Test Method:		[testPackage01.Test_NewValidationHelper.f17]
################################################################################################################################################
[ReportManager] Attempting to getAttribute [text2] from elementLocator [By.tagName: h1]. @17-12-2021 01:58:58.0207 AM
[ReportManager] Element Action [GetAttribute] successfully performed. @17-12-2021 01:58:58.0265 AM
[ReportManager] Loaded Shared OpenCV @17-12-2021 01:58:58.0334 AM
[ReportManager] Assertion [ValidateElementAttribute] PASSED. Expected [Value Should not be 'Welcome' for the 'text2' attribute, element locator 'By.tagName: h1'] and Actual [null]. Comparison Type [CONTAINS]. Validation Type [NEGATIVE]. @17-12-2021 01:58:58.0597 AM
[ReportManager] Successfully created attachment [Screenshot - 1639706338334_f17_ValidateElementAttribute_passed] @17-12-2021 01:58:58.0637 A
[ReportManager] Successfully Closed All Drivers. @17-12-2021 01:58:58.0902 A
[ReportManager] File Action [GetAbsolutePath] successfully performed. With the following test data [Relative Folder Path: "target/downloadedFiles/"]. @17-12-2021 01:58:59.0030 AM
[ReportManager] Attempting to run locally on: [Mac-64], [Safari], Headless Execution. @17-12-2021 01:58:59.0030 AM
[ReportManager] Successfully Opened Safari. @17-12-2021 01:58:59.0863 AM
[ReportManager] Initial window size: (800, 600) @17-12-2021 01:58:59.0884 AM
[ReportManager] Window size after SWD Maximize: (1176, 803) @17-12-2021 01:58:59.0915 AM
[ReportManager] Browser Action [MaximizeWindow] successfully performed. With the following test data [New screen size is now: (1176, 803)]. @17-12-2021 01:58:59.0915 AM
[ReportManager] Target URL: [https://the-internet.herokuapp.com/] @17-12-2021 01:58:59.0915 AM
[ReportManager] Initial URL: [] @17-12-2021 01:58:59.0966 AM
[ReportManager] Browser Action [NavigateToURL] successfully performed. With the following test data [https://the-internet.herokuapp.com/]. @17-12-2021 01:59:00.0415 A

################################################################################################################################################
Starting Execution:	[86 out of 146] test cases in the current suite
Test Method:		[testPackage01.Test_NewValidationHelper.f18]
################################################################################################################################################
[ReportManager] Element Action [GetText] successfully performed. With the following test data [Welcome to the-internet]. @17-12-2021 01:59:00.0586 AM
[ReportManager] Loaded Shared OpenCV @17-12-2021 01:59:00.0653 AM
[ReportManager] Assertion [ValidateElementAttribute] PASSED. Expected [Value Should not be 'no' for the 'text' attribute, element locator 'By.tagName: h1'] and Actual [Welcome to the-internet]. Comparison Type [CONTAINS]. Validation Type [NEGATIVE]. @17-12-2021 01:59:00.0912 AM
[ReportManager] Successfully created attachment [Screenshot - 1639706340653_f18_ValidateElementAttribute_passed] @17-12-2021 01:59:00.0995 A
[ReportManager] Successfully Closed All Drivers. @17-12-2021 01:59:01.0381 A

################################################################################################################################################
Starting Execution:	[87 out of 146] test cases in the current suite
Test Method:		[testPackage01.Test_NewValidationHelper.f2]
################################################################################################################################################
[ReportManager] Assertion Failed: Checking valid user data @17-12-2021 01:59:01.0425 AM
[ReportManager] Assertion [ValidateEquals] FAILED. Expected [1] and Actual [2]. Comparison Type [EQUALS]. Validation Type [POSITIVE]. @17-12-2021 01:59:01.0425 A
[ReportManager] File Action [GetAbsolutePath] successfully performed. With the following test data [Relative Folder Path: "target/downloadedFiles/"]. @17-12-2021 01:59:01.0551 AM
[ReportManager] Attempting to run locally on: [Mac-64], [Safari], Headless Execution. @17-12-2021 01:59:01.0551 AM
[ReportManager] Successfully Opened Safari. @17-12-2021 01:59:02.0640 AM
[ReportManager] Initial window size: (800, 600) @17-12-2021 01:59:02.0662 AM
[ReportManager] Window size after SWD Maximize: (1176, 803) @17-12-2021 01:59:02.0692 AM
[ReportManager] Browser Action [MaximizeWindow] successfully performed. With the following test data [New screen size is now: (1176, 803)]. @17-12-2021 01:59:02.0692 AM
[ReportManager] Target URL: [https://the-internet.herokuapp.com/] @17-12-2021 01:59:02.0692 AM
[ReportManager] Initial URL: [] @17-12-2021 01:59:02.0752 AM
[ReportManager] Browser Action [NavigateToURL] successfully performed. With the following test data [https://the-internet.herokuapp.com/]. @17-12-2021 01:59:04.0313 A

################################################################################################################################################
Starting Execution:	[88 out of 146] test cases in the current suite
Test Method:		[testPackage01.Test_NewValidationHelper.f20]
################################################################################################################################################
[ReportManager] Element Action [GetSize] successfully performed. With the following test data [(971, 62)]. @17-12-2021 01:59:05.0595 AM
[ReportManager] Loaded Shared OpenCV @17-12-2021 01:59:05.0656 AM
[ReportManager] Assertion [ValidateElementAttribute] PASSED. Expected [Value Should not be 'a' for the 'size' attribute, element locator 'By.tagName: h1'] and Actual [(971, 62)]. Comparison Type [CONTAINS]. Validation Type [NEGATIVE]. @17-12-2021 01:59:05.0931 AM
[ReportManager] Successfully created attachment [Screenshot - 1639706345656_f20_ValidateElementAttribute_passed] @17-12-2021 01:59:06.0014 A
[ReportManager] Successfully Closed All Drivers. @17-12-2021 01:59:06.0317 A
[ReportManager] File Action [GetAbsolutePath] successfully performed. With the following test data [Relative Folder Path: "target/downloadedFiles/"]. @17-12-2021 01:59:06.0444 AM
[ReportManager] Attempting to run locally on: [Mac-64], [Safari], Headless Execution. @17-12-2021 01:59:06.0444 AM
[ReportManager] Successfully Opened Safari. @17-12-2021 01:59:07.0299 AM
[ReportManager] Initial window size: (800, 600) @17-12-2021 01:59:07.0317 AM
[ReportManager] Window size after SWD Maximize: (1176, 803) @17-12-2021 01:59:07.0349 AM
[ReportManager] Browser Action [MaximizeWindow] successfully performed. With the following test data [New screen size is now: (1176, 803)]. @17-12-2021 01:59:07.0349 AM
[ReportManager] Target URL: [https://the-internet.herokuapp.com/] @17-12-2021 01:59:07.0349 AM
[ReportManager] Initial URL: [] @17-12-2021 01:59:07.0402 AM
[ReportManager] Browser Action [NavigateToURL] successfully performed. With the following test data [https://the-internet.herokuapp.com/]. @17-12-2021 01:59:07.0936 A

################################################################################################################################################
Starting Execution:	[89 out of 146] test cases in the current suite
Test Method:		[testPackage01.Test_NewValidationHelper.f21]
################################################################################################################################################
[ReportManager] org.openqa.selenium.TimeoutException:
Expected condition failed: waiting for com.shaft.gui.element.ElementActionsHelper$$Lambda$625/0x00000008011379c0@6a5fcb32 (tried for 25 second(s) with 1000 milliseconds interval)
org.openqa.selenium.support.ui.FluentWait.timeoutException(FluentWait.java:263)
org.openqa.selenium.support.ui.FluentWait.until(FluentWait.java:231)
com.shaft.gui.element.ElementActionsHelper.waitForElementPresence(ElementActionsHelper.java:63)
com.shaft.gui.element.ElementActionsHelper.waitForElementPresence(ElementActionsHelper.java:41)
com.shaft.gui.element.WebDriverElementActions.getMatchingElementsCount(WebDriverElementActions.java:1470)
com.shaft.gui.element.WebDriverElementActions.identifyUniqueElement(WebDriverElementActions.java:1518)
com.shaft.gui.element.WebDriverElementActions.identifyUniqueElement(WebDriverElementActions.java:1316)
com.shaft.gui.element.WebDriverElementActions.getText(WebDriverElementActions.java:658)
com.shaft.gui.element.ElementActions.getText(ElementActions.java:311)
com.shaft.validation.ValidationsHelper.validateElementAttribute(ValidationsHelper.java:237)
com.shaft.validation.Assertions.assertElementAttribute(Assertions.java:201)
testPackage01.Test_NewValidationHelper.f21(Test_NewValidationHelper.java:210)
java.base/jdk.internal.reflect.NativeMethodAccessorImpl.invoke0(Native Method)
java.base/jdk.internal.reflect.NativeMethodAccessorImpl.invoke(NativeMethodAccessorImpl.java:77)
java.base/jdk.internal.reflect.DelegatingMethodAccessorImpl.invoke(DelegatingMethodAccessorImpl.java:43)
java.base/java.lang.reflect.Method.invoke(Method.java:568)
org.testng.internal.MethodInvocationHelper.invokeMethod(MethodInvocationHelper.java:133)
org.testng.internal.TestInvoker.invokeMethod(TestInvoker.java:598)
org.testng.internal.TestInvoker.invokeTestMethod(TestInvoker.java:173)
org.testng.internal.MethodRunner.runInSequence(MethodRunner.java:46)
org.testng.internal.TestInvoker$MethodInvocationAgent.invoke(TestInvoker.java:824)
org.testng.internal.TestInvoker.invokeTestMethods(TestInvoker.java:146)
org.testng.internal.TestMethodWorker.invokeTestMethods(TestMethodWorker.java:146)
org.testng.internal.TestMethodWorker.run(TestMethodWorker.java:128)
java.base/java.util.ArrayList.forEach(ArrayList.java:1511)
org.testng.TestRunner.privateRun(TestRunner.java:794)
org.testng.TestRunner.run(TestRunner.java:596)
org.testng.SuiteRunner.runTest(SuiteRunner.java:377)
org.testng.SuiteRunner.runSequentially(SuiteRunner.java:371)
org.testng.SuiteRunner.privateRun(SuiteRunner.java:332)
org.testng.SuiteRunner.run(SuiteRunner.java:276)
org.testng.SuiteRunnerWorker.runSuite(SuiteRunnerWorker.java:53)
org.testng.SuiteRunnerWorker.run(SuiteRunnerWorker.java:96)
org.testng.TestNG.runSuitesSequentially(TestNG.java:1212)
org.testng.TestNG.runSuitesLocally(TestNG.java:1134)
org.testng.TestNG.runSuites(TestNG.java:1063)
org.testng.TestNG.run(TestNG.java:1031)
org.apache.maven.surefire.testng.TestNGExecutor.run(TestNGExecutor.java:136)
org.apache.maven.surefire.testng.TestNGDirectoryTestSuite.executeMulti(TestNGDirectoryTestSuite.java:193)
org.apache.maven.surefire.testng.TestNGDirectoryTestSuite.execute(TestNGDirectoryTestSuite.java:94)
org.apache.maven.surefire.testng.TestNGProvider.invoke(TestNGProvider.java:145)
org.apache.maven.surefire.booter.ForkedBooter.runSuitesInProcess(ForkedBooter.java:428)
org.apache.maven.surefire.booter.ForkedBooter.execute(ForkedBooter.java:162)
org.apache.maven.surefire.booter.ForkedBooter.run(ForkedBooter.java:562)
org.apache.maven.surefire.booter.ForkedBooter.main(ForkedBooter.java:548)

Caused by: org.openqa.selenium.NoSuchElementException:
For documentation on this error, please visit: https://selenium.dev/exceptions/#no_such_element
Build info: version: '4.1.0', revision: '87802e897b'
System info: host: 'Mac-1639706011551.local', ip: '10.212.20.178', os.name: 'Mac OS X', os.arch: 'x86_64', os.version: '11.5', java.version: '17.0.1'
Driver info: org.openqa.selenium.safari.SafariDriver
Command: [077BF50C-D7F3-4106-8AE0-60A72A31EB9C, findElement {using=tag name, value=h3}]
Capabilities {acceptInsecureCerts: false, browserName: Safari, browserVersion: 15.1, goog:loggingPrefs: {browser: ALL, client: ALL, driver: ALL, performance: ALL, profiler: ALL, server: ALL}, javascriptEnabled: true, pageLoadStrategy: normal, platform: MAC, platformName: MAC, safari:automaticInspection: false, safari:automaticProfiling: false, safari:diagnose: false, safari:platformBuildVersion: 20G224, safari:platformVersion: 11.6.1, safari:useSimulator: false, setWindowRect: true, strictFileInteractability: false, timeouts: {pageLoad: 30000, script: 30000}, webkit:WebRTC: {DisableICECandidateFiltering: false, DisableInsecureMediaCapture: false}}
Session ID: 077BF50C-D7F3-4106-8AE0-60A72A31EB9C
jdk.internal.reflect.GeneratedConstructorAccessor57.newInstance(Unknown Source)
java.base/jdk.internal.reflect.DelegatingConstructorAccessorImpl.newInstance(DelegatingConstructorAccessorImpl.java:45)
java.base/java.lang.reflect.Constructor.newInstanceWithCaller(Constructor.java:499)
java.base/java.lang.reflect.Constructor.newInstance(Constructor.java:480)
org.openqa.selenium.remote.codec.w3c.W3CHttpResponseCodec.createException(W3CHttpResponseCodec.java:200)
org.openqa.selenium.remote.codec.w3c.W3CHttpResponseCodec.decode(W3CHttpResponseCodec.java:133)
org.openqa.selenium.remote.codec.w3c.W3CHttpResponseCodec.decode(W3CHttpResponseCodec.java:53)
org.openqa.selenium.remote.HttpCommandExecutor.execute(HttpCommandExecutor.java:184)
org.openqa.selenium.remote.service.DriverCommandExecutor.invokeExecute(DriverCommandExecutor.java:164)
org.openqa.selenium.remote.service.DriverCommandExecutor.execute(DriverCommandExecutor.java:139)
org.openqa.selenium.remote.RemoteWebDriver.execute(RemoteWebDriver.java:559)
org.openqa.selenium.remote.ElementLocation$ElementFinder$2.findElement(ElementLocation.java:162)
org.openqa.selenium.remote.ElementLocation.findElement(ElementLocation.java:60)
org.openqa.selenium.remote.RemoteWebDriver.findElement(RemoteWebDriver.java:383)
org.openqa.selenium.remote.RemoteWebDriver.findElement(RemoteWebDriver.java:375)
com.shaft.gui.element.ElementActionsHelper.lambda$waitForElementPresence$0(ElementActionsHelper.java:66)
org.openqa.selenium.support.ui.FluentWait.until(FluentWait.java:208)
com.shaft.gui.element.ElementActionsHelper.waitForElementPresence(ElementActionsHelper.java:63)
com.shaft.gui.element.ElementActionsHelper.waitForElementPresence(ElementActionsHelper.java:41)
com.shaft.gui.element.WebDriverElementActions.getMatchingElementsCount(WebDriverElementActions.java:1470)
com.shaft.gui.element.WebDriverElementActions.identifyUniqueElement(WebDriverElementActions.java:1518)
com.shaft.gui.element.WebDriverElementActions.identifyUniqueElement(WebDriverElementActions.java:1316)
com.shaft.gui.element.WebDriverElementActions.getText(WebDriverElementActions.java:658)
com.shaft.gui.element.ElementActions.getText(ElementActions.java:311)
com.shaft.validation.ValidationsHelper.validateElementAttribute(ValidationsHelper.java:237)
com.shaft.validation.Assertions.assertElementAttribute(Assertions.java:201)
testPackage01.Test_NewValidationHelper.f21(Test_NewValidationHelper.java:210)
java.base/jdk.internal.reflect.NativeMethodAccessorImpl.invoke0(Native Method)
java.base/jdk.internal.reflect.NativeMethodAccessorImpl.invoke(NativeMethodAccessorImpl.java:77)
java.base/jdk.internal.reflect.DelegatingMethodAccessorImpl.invoke(DelegatingMethodAccessorImpl.java:43)
java.base/java.lang.reflect.Method.invoke(Method.java:568)
org.testng.internal.MethodInvocationHelper.invokeMethod(MethodInvocationHelper.java:133)
org.testng.internal.TestInvoker.invokeMethod(TestInvoker.java:598)
org.testng.internal.TestInvoker.invokeTestMethod(TestInvoker.java:173)
org.testng.internal.MethodRunner.runInSequence(MethodRunner.java:46)
org.testng.internal.TestInvoker$MethodInvocationAgent.invoke(TestInvoker.java:824)
org.testng.internal.TestInvoker.invokeTestMethods(TestInvoker.java:146)
org.testng.internal.TestMethodWorker.invokeTestMethods(TestMethodWorker.java:146)
org.testng.internal.TestMethodWorker.run(TestMethodWorker.java:128)
java.base/java.util.ArrayList.forEach(ArrayList.java:1511)
org.testng.TestRunner.privateRun(TestRunner.java:794)
org.testng.TestRunner.run(TestRunner.java:596)
org.testng.SuiteRunner.runTest(SuiteRunner.java:377)
org.testng.SuiteRunner.runSequentially(SuiteRunner.java:371)
org.testng.SuiteRunner.privateRun(SuiteRunner.java:332)
org.testng.SuiteRunner.run(SuiteRunner.java:276)
org.testng.SuiteRunnerWorker.runSuite(SuiteRunnerWorker.java:53)
org.testng.SuiteRunnerWorker.run(SuiteRunnerWorker.java:96)
org.testng.TestNG.runSuitesSequentially(TestNG.java:1212)
org.testng.TestNG.runSuitesLocally(TestNG.java:1134)
org.testng.TestNG.runSuites(TestNG.java:1063)
org.testng.TestNG.run(TestNG.java:1031)
org.apache.maven.surefire.testng.TestNGExecutor.run(TestNGExecutor.java:136)
org.apache.maven.surefire.testng.TestNGDirectoryTestSuite.executeMulti(TestNGDirectoryTestSuite.java:193)
org.apache.maven.surefire.testng.TestNGDirectoryTestSuite.execute(TestNGDirectoryTestSuite.java:94)
org.apache.maven.surefire.testng.TestNGProvider.invoke(TestNGProvider.java:145)
org.apache.maven.surefire.booter.ForkedBooter.runSuitesInProcess(ForkedBooter.java:428)
org.apache.maven.surefire.booter.ForkedBooter.execute(ForkedBooter.java:162)
org.apache.maven.surefire.booter.ForkedBooter.run(ForkedBooter.java:562)
org.apache.maven.surefire.booter.ForkedBooter.main(ForkedBooter.java:548) @17-12-2021 01:59:33.0174 AM
[ReportManager] Element Action [IdentifyUniqueElement] failed. With the following test data [zero elements found matching this locator "By.tagName: h3".]. @17-12-2021 01:59:33.0366 AM
[ReportManager] Successfully created attachment [Screenshot - 1639706373206_f21_IdentifyUniqueElement_failed] @17-12-2021 01:59:33.0449 AM
[ReportManager] Assertion [ValidateElementAttribute] FAILED. Expected [Value Should be 'Welcome' for the 'text' attribute, element locator 'By.tagName: h3'] and Actual [Failed to read the desired element attribute]. Comparison Type [CONTAINS]. Validation Type [POSITIVE]. @17-12-2021 01:59:33.0450 A
[ReportManager] Successfully Closed All Drivers. @17-12-2021 01:59:33.0794 A
[ReportManager] File Action [GetAbsolutePath] successfully performed. With the following test data [Relative Folder Path: "target/downloadedFiles/"]. @17-12-2021 01:59:34.0003 AM
[ReportManager] Attempting to run locally on: [Mac-64], [Safari], Headless Execution. @17-12-2021 01:59:34.0003 AM
[ReportManager] An Exception Occured with this Message: Could not start a new session. Possible causes are invalid address of the remote server or browser start-up failure.. @17-12-2021 01:59:34.0072 AM
[ReportManager] Successfully created attachment [Exception Stack Trace - org.openqa.selenium.SessionNotCreatedException] @17-12-2021 01:59:34.0153 AM
[ReportManager] Driver Factory Action [createNewLocalDriverInstanceForSafari] failed. With the following test data [Failed to create a session on DESKTOP_SAFARI]. @17-12-2021 01:59:34.0153 A

################################################################################################################################################
Starting Execution:	[90 out of 146] test cases in the current suite
Test Method:		[testPackage01.Test_NewValidationHelper.f22]
###############################################################################################################################################


################################################################################################################################################
Starting Execution:	[91 out of 146] test cases in the current suite
Test Method:		[testPackage01.Test_NewValidationHelper.f23]
###############################################################################################################################################

################################################################################################################################################
Starting Execution:	[92 out of 146] test cases in the current suite
Test Method:		[testPackage01.Test_NewValidationHelper.f24]
###############################################################################################################################################

################################################################################################################################################
Starting Execution:	[93 out of 146] test cases in the current suite
Test Method:		[testPackage01.Test_NewValidationHelper.f25]
###############################################################################################################################################

################################################################################################################################################
Starting Execution:	[94 out of 146] test cases in the current suite
Test Method:		[testPackage01.Test_NewValidationHelper.f26]
###############################################################################################################################################

################################################################################################################################################
Starting Execution:	[95 out of 146] test cases in the current suite
Test Method:		[testPackage01.Test_NewValidationHelper.f27]
###############################################################################################################################################

################################################################################################################################################
Starting Execution:	[96 out of 146] test cases in the current suite
Test Method:		[testPackage01.Test_NewValidationHelper.f28]
###############################################################################################################################################

################################################################################################################################################
Starting Execution:	[97 out of 146] test cases in the current suite
Test Method:		[testPackage01.Test_NewValidationHelper.f29]
###############################################################################################################################################

################################################################################################################################################
Starting Execution:	[98 out of 146] test cases in the current suite
Test Method:		[testPackage01.Test_NewValidationHelper.f3]
###############################################################################################################################################

################################################################################################################################################
Starting Execution:	[99 out of 146] test cases in the current suite
Test Method:		[testPackage01.Test_NewValidationHelper.f30]
###############################################################################################################################################

################################################################################################################################################
Starting Execution:	[100 out of 146] test cases in the current suite
Test Method:		[testPackage01.Test_NewValidationHelper.f31]
###############################################################################################################################################

################################################################################################################################################
Starting Execution:	[101 out of 146] test cases in the current suite
Test Method:		[testPackage01.Test_NewValidationHelper.f32]
###############################################################################################################################################

################################################################################################################################################
Starting Execution:	[102 out of 146] test cases in the current suite
Test Method:		[testPackage01.Test_NewValidationHelper.f33]
###############################################################################################################################################

################################################################################################################################################
Starting Execution:	[103 out of 146] test cases in the current suite
Test Method:		[testPackage01.Test_NewValidationHelper.f34]
###############################################################################################################################################

################################################################################################################################################
Starting Execution:	[104 out of 146] test cases in the current suite
Test Method:		[testPackage01.Test_NewValidationHelper.f35]
###############################################################################################################################################

################################################################################################################################################
Starting Execution:	[105 out of 146] test cases in the current suite
Test Method:		[testPackage01.Test_NewValidationHelper.f36]
###############################################################################################################################################

################################################################################################################################################
Starting Execution:	[106 out of 146] test cases in the current suite
Test Method:		[testPackage01.Test_NewValidationHelper.f37]
###############################################################################################################################################

################################################################################################################################################
Starting Execution:	[107 out of 146] test cases in the current suite
Test Method:		[testPackage01.Test_NewValidationHelper.f3_1]
###############################################################################################################################################

################################################################################################################################################
Starting Execution:	[108 out of 146] test cases in the current suite
Test Method:		[testPackage01.Test_NewValidationHelper.f4]
###############################################################################################################################################

################################################################################################################################################
Starting Execution:	[109 out of 146] test cases in the current suite
Test Method:		[testPackage01.Test_NewValidationHelper.f5]
###############################################################################################################################################

################################################################################################################################################
Starting Execution:	[110 out of 146] test cases in the current suite
Test Method:		[testPackage01.Test_NewValidationHelper.f6]
###############################################################################################################################################

################################################################################################################################################
Starting Execution:	[111 out of 146] test cases in the current suite
Test Method:		[testPackage01.Test_NewValidationHelper.f6_1]
###############################################################################################################################################

################################################################################################################################################
Starting Execution:	[112 out of 146] test cases in the current suite
Test Method:		[testPackage01.Test_NewValidationHelper.f6_2]
###############################################################################################################################################

################################################################################################################################################
Starting Execution:	[113 out of 146] test cases in the current suite
Test Method:		[testPackage01.Test_NewValidationHelper.f7]
###############################################################################################################################################


################################################################################################################################################
Starting Execution:	[114 out of 146] test cases in the current suite
Test Method:		[testPackage01.Test_NewValidationHelper.f8]
###############################################################################################################################################



################################################################################################################################################
Starting Execution:	[115 out of 146] test cases in the current suite
Test Method:		[testPackage01.Test_NewValidationHelper.f9]
###############################################################################################################################################


################################################################################################################################################
Starting Execution:	[116 out of 146] test cases in the current suite
Test Method:		[testPackage01.Test_NewValidationHelper.forceFail]
###############################################################################################################################################

################################################################################################################################################
Starting Execution:	[117 out of 146] test cases in the current suite
Test Method:		[testPackage01.Test_NewValidationHelper.forceFail2]
###############################################################################################################################################

################################################################################################################################################
Starting Execution:	[118 out of 146] test cases in the current suite
Test Method:		[testPackage01.Test_JsonActions.f]
###############################################################################################################################################

################################################################################################################################################
Starting Execution:	[119 out of 146] test cases in the current suite
Test Method:		[testPackage01.Test_JsonActions.f2]
###############################################################################################################################################

################################################################################################################################################
Starting Execution:	[120 out of 146] test cases in the current suite
Test Method:		[testPackage01.Test_sendGraphqlRequest.sendGraphqlRequestUsingMutationAndVariables]
################################################################################################################################################
[ReportManager] GraphQl Request is being Performed with the Following Parameters [Service URL: https://api.spacex.land/graphql | Request Body: {"variables":"{\"name\": \"sherlock holmes\",\"rocket\": \"221B Baker Street\"}","query":"mutation ($name: String, $rocket: String) {\n  insert_users(objects: {name: $name, rocket: $rocket}) {\n    returning {\n      name\n      rocket\n    }\n  }\n}"}] @17-12-2021 01:59:38.0460 AM
[ReportManager] Response status code: [200], status line: [HTTP/1.1 200 OK] @17-12-2021 01:59:43.0264 AM
[ReportManager] Assertion Passed: Evaluating the actual response status code against the expected one... @17-12-2021 01:59:43.0265 AM
[ReportManager] Assertion [ValidateComparativeRelation] PASSED. Expected [200] and Actual [200]. Comparison Type [EQUALS]. Validation Type [POSITIVE]. @17-12-2021 01:59:43.0265 AM
[ReportManager] API Action [PerformRequest] successfully performed. With the following test data [Request Type: "POST" | Target Status Code: "200" | Service URL: "https://api.spacex.land/graphql" | Content Type: "application/json" | Response Time: "4648ms"]. @17-12-2021 01:59:43.0296 AM
[ReportManager] Successfully created attachment [API Request - Specifications] @17-12-2021 01:59:43.0337 AM
[ReportManager] Successfully created attachment [API Request - JSON Body] @17-12-2021 01:59:43.0421 AM
[ReportManager] Successfully created attachment [API Response - JSON Body] @17-12-2021 01:59:43.0462 AM
[ReportManager] API Action [GetResponseJSONValue] successfully performed. With the following test data [data.insert_users.returning[0].name]. @17-12-2021 01:59:43.0510 AM
[ReportManager] Assertion [ValidateEquals] PASSED. Expected [sherlock holmes] and Actual [sherlock holmes]. Comparison Type [EQUALS]. Validation Type [POSITIVE]. @17-12-2021 01:59:43.0511 A

################################################################################################################################################
Starting Execution:	[121 out of 146] test cases in the current suite
Test Method:		[testPackage01.Test_sendGraphqlRequest.sendGraphqlRequestUsingQuery]
################################################################################################################################################
[ReportManager] GraphQl Request is being Performed with the Following Parameters [Service URL: https://api.spacex.land/graphql | Request Body: {"query":"{company {ceo}}"}] @17-12-2021 01:59:43.0637 AM
[ReportManager] Response status code: [200], status line: [HTTP/1.1 200 OK] @17-12-2021 01:59:43.0701 AM
[ReportManager] Assertion Passed: Evaluating the actual response status code against the expected one... @17-12-2021 01:59:43.0702 AM
[ReportManager] Assertion [ValidateComparativeRelation] PASSED. Expected [200] and Actual [200]. Comparison Type [EQUALS]. Validation Type [POSITIVE]. @17-12-2021 01:59:43.0702 AM
[ReportManager] API Action [PerformRequest] successfully performed. With the following test data [Request Type: "POST" | Target Status Code: "200" | Service URL: "https://api.spacex.land/graphql" | Content Type: "application/json" | Response Time: "59ms"]. @17-12-2021 01:59:43.0714 AM
[ReportManager] Successfully created attachment [API Request - Specifications] @17-12-2021 01:59:43.0755 AM
[ReportManager] Successfully created attachment [API Request - JSON Body] @17-12-2021 01:59:43.0837 AM
[ReportManager] Successfully created attachment [API Response - JSON Body] @17-12-2021 01:59:43.0878 AM
[ReportManager] API Action [GetResponseJSONValue] successfully performed. With the following test data [data.company.ceo]. @17-12-2021 01:59:43.0889 AM
[ReportManager] Assertion [ValidateEquals] PASSED. Expected [Elon Musk] and Actual [Elon Musk]. Comparison Type [EQUALS]. Validation Type [POSITIVE]. @17-12-2021 01:59:43.0890 A

################################################################################################################################################
Starting Execution:	[122 out of 146] test cases in the current suite
Test Method:		[testPackage01.Test_MatchJsonSchema.checkAPI_ResponseSchema]
################################################################################################################################################
[ReportManager] Response status code: [200], status line: [HTTP/1.1 200 OK] @17-12-2021 01:59:44.0100 AM
[ReportManager] Assertion Passed: Evaluating the actual response status code against the expected one... @17-12-2021 01:59:44.0100 AM
[ReportManager] Assertion [ValidateComparativeRelation] PASSED. Expected [200] and Actual [200]. Comparison Type [EQUALS]. Validation Type [POSITIVE]. @17-12-2021 01:59:44.0100 AM
[ReportManager] API Action [PerformRequest] successfully performed. With the following test data [Request Type: "GET" | Target Status Code: "200" | Service URL: "http://api.zippopotam.us/us/90210" | Content Type: "*/*" | Response Time: "76ms"]. @17-12-2021 01:59:44.0113 AM
[ReportManager] Successfully created attachment [API Request - Specifications] @17-12-2021 01:59:44.0154 AM
[ReportManager] Successfully created attachment [API Response - JSON Body] @17-12-2021 01:59:44.0236 AM
[ReportManager] File Action [GetAbsolutePath] successfully performed. With the following test data [Relative Folder Path: "src/test/resources/testDataFiles/schema.json"]. @17-12-2021 01:59:44.0237 AM
[ReportManager] File Action [GetAbsolutePath] successfully performed. With the following test data [Relative Folder Path: "/Users/runner/work/SHAFT_ENGINE/SHAFT_ENGINE/src/test/resources/testDataFiles/schema.json"]. @17-12-2021 01:59:45.0021 AM
[ReportManager] File Action [ReadFromFile] successfully performed. With the following test data [File Path: "/Users/runner/work/SHAFT_ENGINE/SHAFT_ENGINE/src/test/resources/testDataFiles/schema.json"]. @17-12-2021 01:59:45.0021 AM
[ReportManager] Assertion Passed: Then I Assert that the API response schema matches that in this file [src/test/resources/testDataFiles/schema.json]. @17-12-2021 01:59:45.0023 AM
[ReportManager] Successfully created attachment [Validation Test Data - Expected JSON Value] @17-12-2021 01:59:45.0065 AM
[ReportManager] Successfully created attachment [Validation Test Data - Actual JSON Value] @17-12-2021 01:59:45.0148 AM
[ReportManager] Assertion [ValidateResponseFileSchema] PASSED. Expected [Response data should match the JSON File in this path '/Users/runner/work/SHAFT_ENGINE/SHAFT_ENGINE/src/test/resources/testDataFiles/schema.json'] and Actual [TRUE]. Comparison Type [EQUALS]. Validation Type [POSITIVE]. @17-12-2021 01:59:45.0149 A
[ReportManager] File Action [GetAbsolutePath] successfully performed. With the following test data [Relative Folder Path: "target/downloadedFiles/"]. @17-12-2021 01:59:45.0275 AM
[ReportManager] Attempting to run locally on: [Mac-64], [Safari], Headless Execution. @17-12-2021 01:59:45.0275 AM
[ReportManager] Successfully Opened Safari. @17-12-2021 01:59:46.0134 AM
[ReportManager] Initial window size: (800, 600) @17-12-2021 01:59:46.0181 AM
[ReportManager] Window size after SWD Maximize: (1176, 803) @17-12-2021 01:59:46.0216 AM
[ReportManager] Browser Action [MaximizeWindow] successfully performed. With the following test data [New screen size is now: (1176, 803)]. @17-12-2021 01:59:46.0216 A

################################################################################################################################################
Starting Execution:	[123 out of 146] test cases in the current suite
Test Method:		[testPackage01.Test_dragAndDrop.dragAndDropJquery]
################################################################################################################################################
[ReportManager] Target URL: [https://jqueryui.com/resources/demos/droppable/default.html] @17-12-2021 01:59:46.0340 AM
[ReportManager] Initial URL: [] @17-12-2021 01:59:46.0372 AM
[ReportManager] Browser Action [NavigateToURL] successfully performed. With the following test data [https://jqueryui.com/resources/demos/droppable/default.html]. @17-12-2021 01:59:46.0822 AM
[ReportManager] Element Action [GetText] successfully performed. With the following test data [
	Drop here
]. @17-12-2021 01:59:46.0868 AM
[ReportManager] Element Action [DragAndDrop] successfully performed. With the following test data [Start point: (8, 18), End point: (8, 18)]. @17-12-2021 01:59:47.0918 AM
[ReportManager] Element Action [GetText] successfully performed. With the following test data [
	Dropped!
]. @17-12-2021 01:59:47.0952 AM
[ReportManager] Assertion Passed: Checking to see if the text has changed after performing drag and drop @17-12-2021 01:59:47.0952 AM
[ReportManager] Assertion [ValidateEquals] PASSED. Expected [
	Drop here
] and Actual [
	Dropped!
]. Comparison Type [EQUALS]. Validation Type [NEGATIVE]. @17-12-2021 01:59:47.0952 A
[ReportManager] Browser Action [CloseCurrentWindow] successfully performed. @17-12-2021 01:59:48.0466 AM
[ReportManager] Successfully created attachment [Browser Action Test Data - CloseCurrentWindow - Actual Value] @17-12-2021 01:59:48.0508 A
[ReportManager] File Action [GetAbsolutePath] successfully performed. With the following test data [Relative Folder Path: "target/downloadedFiles/"]. @17-12-2021 01:59:48.0715 AM
[ReportManager] Attempting to run locally on: [Mac-64], [Safari], Headless Execution. @17-12-2021 01:59:48.0715 AM
[ReportManager] Successfully Opened Safari. @17-12-2021 01:59:49.0528 AM
[ReportManager] Initial window size: (800, 600) @17-12-2021 01:59:49.0548 AM
[ReportManager] Window size after SWD Maximize: (1176, 803) @17-12-2021 01:59:49.0580 AM
[ReportManager] Browser Action [MaximizeWindow] successfully performed. With the following test data [New screen size is now: (1176, 803)]. @17-12-2021 01:59:49.0580 A

################################################################################################################################################
Starting Execution:	[124 out of 146] test cases in the current suite
Test Method:		[testPackage01.Test_dragAndDrop.dragAndDrop]
Test Description:	[TC001 - Test Drag and Drop function.]
################################################################################################################################################
[ReportManager] Target URL: [http://the-internet.herokuapp.com/drag_and_drop] @17-12-2021 01:59:49.0706 AM
[ReportManager] Initial URL: [] @17-12-2021 01:59:49.0739 AM
[ReportManager] Browser Action [NavigateToURL] successfully performed. With the following test data [http://the-internet.herokuapp.com/drag_and_drop]. @17-12-2021 01:59:50.0231 AM
[ReportManager] Attempting Drag and Drop @17-12-2021 01:59:50.0231 AM
[ReportManager] Element Action [DragAndDrop] successfully performed. With the following test data [Start point: (120, 89), End point: (335, 89)]. @17-12-2021 01:59:50.0915 A
[ReportManager] Browser Action [CloseCurrentWindow] successfully performed. @17-12-2021 01:59:51.0299 AM
[ReportManager] Successfully created attachment [Browser Action Test Data - CloseCurrentWindow - Actual Value] @17-12-2021 01:59:51.0340 A
[ReportManager] File Action [GetAbsolutePath] successfully performed. With the following test data [Relative Folder Path: "target/downloadedFiles/"]. @17-12-2021 01:59:51.0465 AM
[ReportManager] Attempting to run locally on: [Mac-64], [Safari], Headless Execution. @17-12-2021 01:59:51.0465 AM
[ReportManager] Successfully Opened Safari. @17-12-2021 01:59:52.0310 AM
[ReportManager] Initial window size: (800, 600) @17-12-2021 01:59:52.0330 AM
[ReportManager] Window size after SWD Maximize: (1176, 803) @17-12-2021 01:59:52.0355 AM
[ReportManager] Browser Action [MaximizeWindow] successfully performed. With the following test data [New screen size is now: (1176, 803)]. @17-12-2021 01:59:52.0356 A

################################################################################################################################################
Starting Execution:	[125 out of 146] test cases in the current suite
Test Method:		[testPackage01.Test_dragAndDrop.dragAndDropByOffset]
Test Description:	[TC002 - Test Drag and Drop by offset function.]
################################################################################################################################################
[ReportManager] Target URL: [https://jqueryui.com/resources/demos/draggable/default.html] @17-12-2021 01:59:52.0482 AM
[ReportManager] Initial URL: [] @17-12-2021 01:59:52.0516 AM
[ReportManager] Browser Action [NavigateToURL] successfully performed. With the following test data [https://jqueryui.com/resources/demos/draggable/default.html]. @17-12-2021 01:59:53.0052 AM
[ReportManager] Element Action [DragAndDropByOffset] successfully performed. With the following test data [Start point: (8, 8), End point: (108, 58)]. @17-12-2021 01:59:53.0840 A
[ReportManager] Browser Action [CloseCurrentWindow] successfully performed. @17-12-2021 01:59:54.0401 AM
[ReportManager] Successfully created attachment [Browser Action Test Data - CloseCurrentWindow - Actual Value] @17-12-2021 01:59:54.0443 A
[ReportManager] Successfully loaded the following test data file [src/test/resources/testDataFiles/testSuite01/TestData.xlsx]. @17-12-2021 01:59:54.0611 AM
[ReportManager] Successfully created attachment [Test Data - Excel] @17-12-2021 01:59:54.0652 AM
[ReportManager] File Action [GetAbsolutePath] successfully performed. With the following test data [Relative Folder Path: "target/downloadedFiles/"]. @17-12-2021 01:59:54.0653 AM
[ReportManager] Attempting to run locally on: [Mac-64], [Safari], Headless Execution. @17-12-2021 01:59:54.0653 AM
[ReportManager] Successfully Opened Safari. @17-12-2021 01:59:55.0492 AM
[ReportManager] Initial window size: (800, 600) @17-12-2021 01:59:55.0519 AM
[ReportManager] Window size after SWD Maximize: (1176, 803) @17-12-2021 01:59:55.0542 AM
[ReportManager] Browser Action [MaximizeWindow] successfully performed. With the following test data [New screen size is now: (1176, 803)]. @17-12-2021 01:59:55.0543 A

################################################################################################################################################
Starting Execution:	[126 out of 146] test cases in the current suite
Test Method:		[testPackage01.Test_google.navigateToURLandVerifyGoogleLogoIsDisplayed]
Test Description:	[TC001 - Navigate to URL and Verify Google Logo is Displayed]
################################################################################################################################################
[ReportManager] Target URL: [https://www.google.com/ncr], and after redirection: [https://www.google.com] @17-12-2021 01:59:55.0600 AM
[ReportManager] Initial URL: [] @17-12-2021 01:59:55.0636 AM
[ReportManager] Browser Action [NavigateToURL] successfully performed. With the following test data [https://www.google.com/ncr]. @17-12-2021 01:59:56.0940 AM
[ReportManager] Loaded Shared OpenCV @17-12-2021 01:59:57.0020 AM
[ReportManager] Assertion Passed: Then I Assert that the element found by [By.xpath: //*[@id='hplogo' or @alt='Google']] exists. @17-12-2021 01:59:57.0305 AM
[ReportManager] Successfully created attachment [Screenshot - 1639706397020_navigateToURLandVerifyGoogleLogoIsDisplayed_ValidateElementExists_passed] @17-12-2021 01:59:57.0388 AM
[ReportManager] Assertion [ValidateElementExists] PASSED. Expected [Element Should Exist, locator 'By.xpath: //*[@id='hplogo' or @alt='Google']'] and Actual [Element Exists]. Comparison Type [EQUALS]. Validation Type [POSITIVE]. @17-12-2021 01:59:57.0389 A

################################################################################################################################################
Starting Execution:	[127 out of 146] test cases in the current suite
Test Method:		[testPackage01.Test_google.searchForQueryandAssertResultsNumDisplayed]
Test Description:	[TC002 - Search for Query and Assert that the number of results is displayed]
################################################################################################################################################
[ReportManager] Element Action [Type] successfully performed. With the following test data [SHAFT_Engine]. @17-12-2021 01:59:57.0792 AM
[ReportManager] Element Action [KeyPress] successfully performed. With the following test data [Enter]. @17-12-2021 01:59:57.0912 AM
[ReportManager] Element Action [GetText] successfully performed. With the following test data [About 703,000 results (0.74 seconds)]. @17-12-2021 01:59:58.0990 AM
[ReportManager] Loaded Shared OpenCV @17-12-2021 02:00:00.0814 AM
[ReportManager] Assertion Passed: Then I Assert that the element found by [By.id: appbar] text does not equal []. @17-12-2021 02:00:01.0041 AM
[ReportManager] Successfully created attachment [Screenshot - 1639706400814_searchForQueryandAssertResultsNumDisplayed_ValidateElementAttribute_passed] @17-12-2021 02:00:01.0125 AM
[ReportManager] Assertion [ValidateElementAttribute] PASSED. Expected [Value Should not be '' for the 'text' attribute, element locator 'By.id: appbar'] and Actual [About 703,000 results (0.74 seconds)]. Comparison Type [EQUALS]. Validation Type [NEGATIVE]. @17-12-2021 02:00:01.0126 A

################################################################################################################################################
Starting Execution:	[128 out of 146] test cases in the current suite
Test Method:		[testPackage01.Test_google.clickNextThrice]
Test Description:	[TC003 - Clicks the next button to make sure that the framework can scroll element into view before clicking it]
################################################################################################################################################
[ReportManager] Element Action [Click] successfully performed. With the following test data [By.xpath: //span[text()='Next']]. @17-12-2021 02:00:01.0474 A
[ReportManager] Successfully Closed All Drivers. @17-12-2021 02:00:02.0045 A
[ReportManager] File Action [GetAbsolutePath] successfully performed. With the following test data [Relative Folder Path: "target/downloadedFiles/"]. @17-12-2021 02:00:02.0088 AM
[ReportManager] Attempting to run locally on: [Mac-64], [Safari], Headless Execution. @17-12-2021 02:00:02.0088 AM
[ReportManager] Successfully Opened Safari. @17-12-2021 02:00:03.0109 AM
[ReportManager] Initial window size: (800, 600) @17-12-2021 02:00:03.0128 AM
[ReportManager] Window size after SWD Maximize: (1176, 803) @17-12-2021 02:00:03.0168 AM
[ReportManager] Browser Action [MaximizeWindow] successfully performed. With the following test data [New screen size is now: (1176, 803)]. @17-12-2021 02:00:03.0169 A

################################################################################################################################################
Starting Execution:	[129 out of 146] test cases in the current suite
Test Method:		[testPackage01.Test_chainableElementActions.chainElementActions]
################################################################################################################################################
[ReportManager] Target URL: [https://www.google.com/ncr], and after redirection: [https://www.google.com] @17-12-2021 02:00:03.0293 AM
[ReportManager] Initial URL: [] @17-12-2021 02:00:03.0334 AM
[ReportManager] Browser Action [NavigateToURL] successfully performed. With the following test data [https://www.google.com/ncr]. @17-12-2021 02:00:04.0696 AM
[ReportManager] Element Action [Type] successfully performed. With the following test data [chained type 1]. @17-12-2021 02:00:04.0992 AM
[ReportManager] Element Action [Type] successfully performed. With the following test data [chained type 2]. @17-12-2021 02:00:05.0324 AM
[ReportManager] Element Action [TypeAppend] successfully performed. With the following test data [345]. @17-12-2021 02:00:05.0392 AM
[ReportManager] Element Action [GetText] successfully performed. With the following test data [chained type 2345]. @17-12-2021 02:00:05.0476 AM
[ReportManager] Loaded Shared OpenCV @17-12-2021 02:00:05.0561 AM
[ReportManager] Assertion Passed: Then I Assert that the element found by [By.name: q] text is equal to [chained type 2345]. @17-12-2021 02:00:05.0821 AM
[ReportManager] Successfully created attachment [Screenshot - 1639706405561_chainElementActions_ValidateElementAttribute_passed] @17-12-2021 02:00:05.0904 AM
[ReportManager] Assertion [ValidateElementAttribute] PASSED. Expected [Value Should be 'chained type 2345' for the 'text' attribute, element locator 'By.name: q'] and Actual [chained type 2345]. Comparison Type [EQUALS]. Validation Type [POSITIVE]. @17-12-2021 02:00:05.0904 A
[ReportManager] Successfully Closed All Drivers. @17-12-2021 02:00:06.0359 A
[ReportManager] File Action [GetAbsolutePath] successfully performed. With the following test data [Relative Folder Path: "target/downloadedFiles/"]. @17-12-2021 02:00:06.0484 AM
[ReportManager] Attempting to run locally on: [Mac-64], [Safari], Headless Execution. @17-12-2021 02:00:06.0484 AM
[ReportManager] Successfully Opened Safari. @17-12-2021 02:00:07.0364 AM
[ReportManager] Initial window size: (800, 600) @17-12-2021 02:00:07.0403 AM
[ReportManager] Window size after SWD Maximize: (1176, 803) @17-12-2021 02:00:07.0420 AM
[ReportManager] Browser Action [MaximizeWindow] successfully performed. With the following test data [New screen size is now: (1176, 803)]. @17-12-2021 02:00:07.0421 A

################################################################################################################################################
Starting Execution:	[130 out of 146] test cases in the current suite
Test Method:		[testPackage01.Test_RelativeLocators.relativeLocatorsTest1]
################################################################################################################################################
[ReportManager] Target URL: [https://duckduckgo.com/] @17-12-2021 02:00:07.0674 AM
[ReportManager] Initial URL: [] @17-12-2021 02:00:07.0712 AM
[ReportManager] Browser Action [NavigateToURL] successfully performed. With the following test data [https://duckduckgo.com/]. @17-12-2021 02:00:08.0575 AM
[ReportManager] Element Action [Type] successfully performed. With the following test data [SHAFT_Engine]. @17-12-2021 02:00:08.0851 AM
[ReportManager] Element Action [KeyPress] successfully performed. With the following test data [ENTER]. @17-12-2021 02:00:09.0587 AM
[ReportManager] Element Action [GetText] successfully performed. With the following test data [GitHub - MohabMohie/SHAFT_ENGINE: SHAFT_ENGINE is a Test ...]. @17-12-2021 02:00:10.0941 AM
[ReportManager] Loaded Shared OpenCV @17-12-2021 02:00:11.0084 AM
[ReportManager] Assertion Passed: Then I Assert that the element found by [Relative Locator: {root={xpath=//a[@class='result__a js-result-title-link']}, filters=[{kind=below, args=[{xpath=//input[@name='q']}]}]}] text does not equal []. @17-12-2021 02:00:11.0379 AM
[ReportManager] Successfully created attachment [Screenshot - 1639706411084_relativeLocatorsTest1_ValidateElementAttribute_passed] @17-12-2021 02:00:11.0465 AM
[ReportManager] Assertion [ValidateElementAttribute] PASSED. Expected [Value Should not be '' for the 'text' attribute, element locator '[unknown locator]'] and Actual [GitHub - MohabMohie/SHAFT_ENGINE: SHAFT_ENGINE is a Test ...]. Comparison Type [EQUALS]. Validation Type [NEGATIVE]. @17-12-2021 02:00:11.0465 A
[ReportManager] Browser Action [CloseCurrentWindow] successfully performed. @17-12-2021 02:00:12.0017 AM
[ReportManager] Successfully created attachment [Browser Action Test Data - CloseCurrentWindow - Actual Value] @17-12-2021 02:00:12.0061 A

################################################################################################################################################
Starting Execution:	[131 out of 146] test cases in the current suite
Test Method:		[testPackage01.Test_JsonCompareWithSpecialCharacters.specialCharacters]
################################################################################################################################################
[ReportManager] File Action [GetAbsolutePath] successfully performed. With the following test data [Relative Folder Path: "src/test/resources/testDataFiles/specialCharacters.json"]. @17-12-2021 02:00:12.0190 AM
[ReportManager] File Action [ReadFromFile] successfully performed. With the following test data [File Path: "/Users/runner/work/SHAFT_ENGINE/SHAFT_ENGINE/src/test/resources/testDataFiles/specialCharacters.json"]. @17-12-2021 02:00:12.0191 AM
[ReportManager] Successfully created attachment [File Action Actual Result - Command Log] @17-12-2021 02:00:12.0273 AM
[ReportManager] Comparing the provided API response with the file at this path "src/test/resources/testDataFiles/specialCharacters.json", comparison type "EQUALS" @17-12-2021 02:00:12.0275 AM
[ReportManager] API Action [CompareJSON] successfully performed. With the following test data [src/test/resources/testDataFiles/specialCharacters.json]. @17-12-2021 02:00:12.0284 AM
[ReportManager] File Action [GetAbsolutePath] successfully performed. With the following test data [Relative Folder Path: "src/test/resources/testDataFiles/specialCharacters.json"]. @17-12-2021 02:00:12.0284 AM
[ReportManager] File Action [ReadFromFile] successfully performed. With the following test data [File Path: "/Users/runner/work/SHAFT_ENGINE/SHAFT_ENGINE/src/test/resources/testDataFiles/specialCharacters.json"]. @17-12-2021 02:00:12.0285 AM
[ReportManager] Verification [ValidateJSONFileContent] PASSED. Expected [Response data should match the JSON File in this path 'src/test/resources/testDataFiles/specialCharacters.json'] and Actual [TRUE]. Comparison Type [EQUALS]. Validation Type [POSITIVE]. @17-12-2021 02:00:12.0290 AM
[ReportManager] Successfully created attachment [Validation Test Data - Expected JSON Value] @17-12-2021 02:00:12.0372 AM
[ReportManager] Successfully created attachment [Validation Test Data - Actual JSON Value] @17-12-2021 02:00:12.0415 A

################################################################################################################################################
Starting Execution:	[132 out of 146] test cases in the current suite
Test Method:		[testPackage01.Test_JsonCompareWithSpecialCharacters.specialCharacters_assertion]
################################################################################################################################################
[ReportManager] File Action [GetAbsolutePath] successfully performed. With the following test data [Relative Folder Path: "src/test/resources/testDataFiles/specialCharacters.json"]. @17-12-2021 02:00:12.0586 AM
[ReportManager] File Action [ReadFromFile] successfully performed. With the following test data [File Path: "/Users/runner/work/SHAFT_ENGINE/SHAFT_ENGINE/src/test/resources/testDataFiles/specialCharacters.json"]. @17-12-2021 02:00:12.0587 AM
[ReportManager] Successfully created attachment [File Action Actual Result - Command Log] @17-12-2021 02:00:12.0628 AM
[ReportManager] Comparing the provided API response with the file at this path "src/test/resources/testDataFiles/specialCharacters.json", comparison type "CONTAINS" @17-12-2021 02:00:12.0628 AM
[ReportManager] API Action [CompareJSON] successfully performed. With the following test data [src/test/resources/testDataFiles/specialCharacters.json]. @17-12-2021 02:00:12.0638 AM
[ReportManager] File Action [GetAbsolutePath] successfully performed. With the following test data [Relative Folder Path: "src/test/resources/testDataFiles/specialCharacters.json"]. @17-12-2021 02:00:12.0638 AM
[ReportManager] File Action [ReadFromFile] successfully performed. With the following test data [File Path: "/Users/runner/work/SHAFT_ENGINE/SHAFT_ENGINE/src/test/resources/testDataFiles/specialCharacters.json"]. @17-12-2021 02:00:12.0638 AM
[ReportManager] Assertion Passed: trying out the log message @17-12-2021 02:00:12.0643 AM
[ReportManager] Successfully created attachment [Validation Test Data - Expected JSON Value] @17-12-2021 02:00:12.0726 AM
[ReportManager] Successfully created attachment [Validation Test Data - Actual JSON Value] @17-12-2021 02:00:12.0769 AM
[ReportManager] Assertion [ValidateJSONFileContent] PASSED. Expected [Response data should match the JSON File in this path 'src/test/resources/testDataFiles/specialCharacters.json'] and Actual [TRUE]. Comparison Type [CONTAINS]. Validation Type [POSITIVE]. @17-12-2021 02:00:12.0769 A

################################################################################################################################################
Starting Execution:	[133 out of 146] test cases in the current suite
Test Method:		[testPackage01.Test_SkipDueToIssue.doNotSkip]
################################################################################################################################################
[ReportManager] This should not be skipped. @17-12-2021 02:00:12.0897 A

################################################################################################################################################
Starting Execution:	[134 out of 146] test cases in the current suite
Test Method:		[testPackage01.Test_SkipDueToIssue.skip]
################################################################################################################################################
[ReportManager] This should be skipped. @17-12-2021 02:00:13.0028 A

################################################################################################################################################
Starting Execution:	[135 out of 146] test cases in the current suite
Test Method:		[testPackage01.Test_SkipDueToIssue.skip2]
################################################################################################################################################
[ReportManager] This should be skipped. @17-12-2021 02:00:13.0156 A

################################################################################################################################################
Starting Execution:	[136 out of 146] test cases in the current suite
Test Method:		[testPackage01.Test_JSONFileManager.readStringFromJson]
################################################################################################################################################
[ReportManager] File Action [GetAbsolutePath] successfully performed. With the following test data [Relative Folder Path: "src/test/resources/testDataFiles/simpleJSON.json"]. @17-12-2021 02:00:13.0284 AM
[ReportManager] Successfully loaded the following test data file [src/test/resources/testDataFiles/simpleJSON.json]. @17-12-2021 02:00:13.0284 AM
[ReportManager] Successfully created attachment [Test Data - JSON] @17-12-2021 02:00:13.0367 AM
[ReportManager] File Action [GetAbsolutePath] successfully performed. With the following test data [Relative Folder Path: "src/test/resources/testDataFiles/simpleJSON.json"]. @17-12-2021 02:00:13.0368 AM
[ReportManager] Assertion [ValidateEquals] PASSED. Expected [Mohab Mohie] and Actual [Mohab Mohie]. Comparison Type [EQUALS]. Validation Type [POSITIVE]. @17-12-2021 02:00:13.0382 A
[ReportManager] File Action [GetAbsolutePath] successfully performed. With the following test data [Relative Folder Path: "target/downloadedFiles/"]. @17-12-2021 02:00:13.0507 AM
[ReportManager] Attempting to run locally on: [Mac-64], [Safari], Headless Execution. @17-12-2021 02:00:13.0507 AM
[ReportManager] Successfully Opened Safari. @17-12-2021 02:00:14.0393 AM
[ReportManager] Initial window size: (800, 600) @17-12-2021 02:00:14.0419 AM
[ReportManager] Window size after SWD Maximize: (1176, 803) @17-12-2021 02:00:14.0444 AM
[ReportManager] Browser Action [MaximizeWindow] successfully performed. With the following test data [New screen size is now: (1176, 803)]. @17-12-2021 02:00:14.0444 A

################################################################################################################################################
Starting Execution:	[137 out of 146] test cases in the current suite
Test Method:		[testPackage01.Test_assertEquals.test_assertElementAttribute]
################################################################################################################################################
[ReportManager] Target URL: [https://www.google.com/ncr], and after redirection: [https://www.google.com] @17-12-2021 02:00:14.0499 AM
[ReportManager] Initial URL: [] @17-12-2021 02:00:14.0543 AM
[ReportManager] Browser Action [NavigateToURL] successfully performed. With the following test data [https://www.google.com/ncr]. @17-12-2021 02:00:16.0006 AM
[ReportManager] Element Action [Type] successfully performed. With the following test data [INC_004010050:Another SCHEDULER with the same name [Duplicate Job Name] already exists.]. @17-12-2021 02:00:16.0817 AM
[ReportManager] Element Action [GetText] successfully performed. With the following test data [INC_004010050:Another SCHEDULER with the same name [Duplicate Job Name] already exists.]. @17-12-2021 02:00:16.0909 AM
[ReportManager] Loaded Shared OpenCV @17-12-2021 02:00:16.0975 AM
[ReportManager] Assertion [ValidateElementAttribute] PASSED. Expected [Value Should be 'INC_004010050:Another SCHEDULER with the same name \[Duplicate Job Name\] already exists.' for the 'text' attribute, element locator 'By.name: q'] and Actual [INC_004010050:Another SCHEDULER with the same name [Duplicate Job Name] already exists.]. Comparison Type [MATCHES]. Validation Type [POSITIVE]. @17-12-2021 02:00:17.0241 AM
[ReportManager] Successfully created attachment [Screenshot - 1639706416975_test_assertElementAttribute_ValidateElementAttribute_passed] @17-12-2021 02:00:17.0328 A
[ReportManager] Browser Action [CloseCurrentWindow] successfully performed. @17-12-2021 02:00:17.0762 AM
[ReportManager] Successfully created attachment [Browser Action Test Data - CloseCurrentWindow - Actual Value] @17-12-2021 02:00:17.0804 A
[ReportManager] File Action [GetAbsolutePath] successfully performed. With the following test data [Relative Folder Path: "target/downloadedFiles/"]. @17-12-2021 02:00:17.0887 AM
[ReportManager] Attempting to run locally on: [Mac-64], [Safari], Headless Execution. @17-12-2021 02:00:17.0887 AM
[ReportManager] Successfully Opened Safari. @17-12-2021 02:00:18.0708 AM
[ReportManager] Initial window size: (800, 600) @17-12-2021 02:00:18.0736 AM
[ReportManager] Window size after SWD Maximize: (1176, 803) @17-12-2021 02:00:18.0750 AM
[ReportManager] Browser Action [MaximizeWindow] successfully performed. With the following test data [New screen size is now: (1176, 803)]. @17-12-2021 02:00:18.0751 A

################################################################################################################################################
Starting Execution:	[138 out of 146] test cases in the current suite
Test Method:		[testPackage01.Test_IsElementClickable.testIsElementClickable]
################################################################################################################################################
[ReportManager] Target URL: [https://the-internet.herokuapp.com/] @17-12-2021 02:00:18.0877 AM
[ReportManager] Initial URL: [] @17-12-2021 02:00:18.0911 AM
[ReportManager] Browser Action [NavigateToURL] successfully performed. With the following test data [https://the-internet.herokuapp.com/]. @17-12-2021 02:00:19.0273 AM
[ReportManager] Element Action [IsElementClickable] successfully performed. @17-12-2021 02:00:19.0381 AM
[ReportManager] Assertion [ValidateTrue] PASSED. Expected [TRUE] and Actual [TRUE]. Validation Type [POSITIVE]. @17-12-2021 02:00:19.0381 A
[ReportManager] Browser Action [CloseCurrentWindow] successfully performed. @17-12-2021 02:00:19.0909 AM
[ReportManager] Successfully created attachment [Browser Action Test Data - CloseCurrentWindow - Actual Value] @17-12-2021 02:00:19.0951 A
[ReportManager] Successfully loaded the following test data file [src/test/resources/testDataFiles/testSuite01/TestData.xlsx]. @17-12-2021 02:00:20.0107 AM
[ReportManager] Successfully created attachment [Test Data - Excel] @17-12-2021 02:00:20.0190 AM
[ReportManager] Attempting to run using Playwright locally on: [Mac-64], [Safari], Headless Execution. @17-12-2021 02:01:52.0223 AM
[ReportManager] File Action [GetAbsolutePath] successfully performed. With the following test data [Relative Folder Path: "target/downloadedFiles/"]. @17-12-2021 02:01:52.0224 AM
[ReportManager] Initial window size: (1280, 720) @17-12-2021 02:01:57.0075 AM
[ReportManager] Window size after Toolkit: com.microsoft.playwright.options.ViewportSize@70190c3a @17-12-2021 02:01:57.0083 AM
[ReportManager] Browser Action [MaximizeWindow] successfully performed. With the following test data [New screen size is now: (1920, 1080)]. @17-12-2021 02:01:57.0084 A

################################################################################################################################################
Starting Execution:	[139 out of 146] test cases in the current suite
Test Method:		[testPackage01.Test_google_playwright.navigateToURLandVerifyGoogleLogoIsDisplayed]
Test Description:	[TC001 - Navigate to URL and Verify Google Logo is Displayed]
################################################################################################################################################
[ReportManager] Target URL: [https://www.google.com/ncr], and after redirection: [https://www.google.com] @17-12-2021 02:01:57.0230 AM
[ReportManager] Initial URL: [about:blank] @17-12-2021 02:01:57.0696 AM
[ReportManager] Browser Action [NavigateToURL] successfully performed. With the following test data [https://www.google.com/ncr]. @17-12-2021 02:01:59.0679 AM
[ReportManager] Loaded Shared OpenCV @17-12-2021 02:01:59.0781 AM
[ReportManager] Assertion [ValidateElementExists] PASSED. Expected [Element Should Exist, locator 'xpath=//*[@id='hplogo' or @alt='Google']'] and Actual [Element Exists]. Comparison Type [EQUALS]. Validation Type [POSITIVE]. @17-12-2021 02:02:00.0062 AM
[ReportManager] Successfully created attachment [Screenshot - 1639706519776_navigateToURLandVerifyGoogleLogoIsDisplayed_ValidateElementExists_passed] @17-12-2021 02:02:00.0084 A

################################################################################################################################################
Starting Execution:	[140 out of 146] test cases in the current suite
Test Method:		[testPackage01.Test_google_playwright.searchForQueryandAssertResultsNumDisplayed]
Test Description:	[TC002 - Search for Query and Assert that the number of results is displayed]
################################################################################################################################################
[ReportManager] Element Action [Type] successfully performed. With the following test data [SHAFT_Engine]. @17-12-2021 02:02:00.0310 AM
[ReportManager] Element Action [KeyPress] successfully performed. With the following test data [Enter]. @17-12-2021 02:02:00.0360 AM
[ReportManager] Element Action [GetText] successfully performed. With the following test data [About 703,000 results (0.66 seconds)
]. @17-12-2021 02:02:01.0338 AM
[ReportManager] Loaded Shared OpenCV @17-12-2021 02:02:03.0146 AM
[ReportManager] Assertion [ValidateElementAttribute] PASSED. Expected [Value Should not be '' for the 'text' attribute, element locator 'xpath=//div[@id='appbar']'] and Actual [About 703,000 results (0.66 seconds)
]. Comparison Type [EQUALS]. Validation Type [NEGATIVE]. @17-12-2021 02:02:03.0357 AM
[ReportManager] Successfully created attachment [Screenshot - 1639706523145_searchForQueryandAssertResultsNumDisplayed_ValidateElementAttribute_passed] @17-12-2021 02:02:03.0359 A

################################################################################################################################################
Starting Execution:	[141 out of 146] test cases in the current suite
Test Method:		[testPackage01.Test_google_playwright.clickNextThrice]
Test Description:	[TC003 - Clicks the next button to make sure that the framework can scroll element into view before clicking it]
################################################################################################################################################
[ReportManager] Element Action [Click] successfully performed. With the following test data [Next]. @17-12-2021 02:02:03.0760 A
[ReportManager] Failed to find video recording. @17-12-2021 02:02:03.0763 AM
[ReportManager] Successfully Closed PlayWright Driver. @17-12-2021 02:02:03.0821 A
[ReportManager] File Action [GetAbsolutePath] successfully performed. With the following test data [Relative Folder Path: "target/downloadedFiles/"]. @17-12-2021 02:02:03.0823 AM
[ReportManager] Attempting to run locally on: [Mac-64], [Safari], Headless Execution. @17-12-2021 02:02:03.0823 AM
[ReportManager] Successfully Opened Safari. @17-12-2021 02:02:04.0684 AM
[ReportManager] Initial window size: (800, 600) @17-12-2021 02:02:04.0701 AM
[ReportManager] Window size after SWD Maximize: (1176, 803) @17-12-2021 02:02:04.0716 AM
[ReportManager] Browser Action [MaximizeWindow] successfully performed. With the following test data [New screen size is now: (1176, 803)]. @17-12-2021 02:02:04.0716 A

################################################################################################################################################
Starting Execution:	[142 out of 146] test cases in the current suite
Test Method:		[testPackage01.Test_verifyEquals.test_assertElementAttribute]
################################################################################################################################################
[ReportManager] Target URL: [https://www.google.com/ncr], and after redirection: [https://www.google.com] @17-12-2021 02:02:04.0718 AM
[ReportManager] Initial URL: [] @17-12-2021 02:02:04.0819 AM
[ReportManager] Browser Action [NavigateToURL] successfully performed. With the following test data [https://www.google.com/ncr]. @17-12-2021 02:02:06.0020 AM
[ReportManager] Element Action [Type] successfully performed. With the following test data [INC_004010050:Another SCHEDULER with the same name [Duplicate Job Name] already exists.]. @17-12-2021 02:02:06.0657 AM
[ReportManager] Element Action [GetText] successfully performed. With the following test data [INC_004010050:Another SCHEDULER with the same name [Duplicate Job Name] already exists.]. @17-12-2021 02:02:06.0727 AM
[ReportManager] Loaded Shared OpenCV @17-12-2021 02:02:06.0793 AM
[ReportManager] Verification [ValidateElementAttribute] PASSED. Expected [Value Should be 'INC_004010050:Another SCHEDULER with the same name \[Duplicate Job Name\] already exists.' for the 'text' attribute, element locator 'By.name: q'] and Actual [INC_004010050:Another SCHEDULER with the same name [Duplicate Job Name] already exists.]. Comparison Type [MATCHES]. Validation Type [POSITIVE]. @17-12-2021 02:02:06.0888 AM
[ReportManager] Successfully created attachment [Screenshot - 1639706526793_test_assertElementAttribute_ValidateElementAttribute_passed] @17-12-2021 02:02:06.0889 A
[ReportManager] Browser Action [CloseCurrentWindow] successfully performed. @17-12-2021 02:02:07.0272 AM
[ReportManager] Successfully created attachment [Browser Action Test Data - CloseCurrentWindow - Actual Value] @17-12-2021 02:02:07.0273 A

################################################################################################################################################
Starting Execution:	[143 out of 146] test cases in the current suite
Test Method:		[testPackage01.Test_SelectedValue.multipleSelect]
################################################################################################################################################
[ReportManager] File Action [GetAbsolutePath] successfully performed. With the following test data [Relative Folder Path: "target/downloadedFiles/"]. @17-12-2021 02:02:07.0275 AM
[ReportManager] Attempting to run locally on: [Mac-64], [GoogleChrome], Headless Execution. @17-12-2021 02:02:07.0277 AM
[ReportManager] Identifying OS/Driver combination and selecting the correct driver version automatically. Please note that if a new driver executable will be downloaded it may take some time... @17-12-2021 02:02:07.0277 AM
[ReportManager] Successfully Opened Google Chrome. @17-12-2021 02:02:10.0895 AM
[ReportManager] Initial window size: (1920, 1080) @17-12-2021 02:02:10.0903 AM
[ReportManager] Window size after SWD Maximize: (1920, 1080) @17-12-2021 02:02:11.0071 AM
[ReportManager] Window size after Toolkit: (1920, 1080) @17-12-2021 02:02:11.0513 AM
[ReportManager] Browser Action [MaximizeWindow] successfully performed. With the following test data [New screen size is now: (1920, 1080)]. @17-12-2021 02:02:11.0517 AM
[ReportManager] Target URL: [https://yari-demos.prod.mdn.mozit.cloud/en-US/docs/Web/HTML/Element/select/_sample_.Advanced_select_with_multiple_features.html] @17-12-2021 02:02:11.0517 AM
[ReportManager] Initial URL: [data:,] @17-12-2021 02:02:11.0557 AM
[ReportManager] Browser Action [NavigateToURL] successfully performed. With the following test data [https://yari-demos.prod.mdn.mozit.cloud/en-US/docs/Web/HTML/Element/select/_sample_.Advanced_select_with_multiple_features.html]. @17-12-2021 02:02:11.0858 AM
[ReportManager] Element Action [Select] successfully performed. With the following test data [Dog]. @17-12-2021 02:02:12.0105 AM
[ReportManager] Element Action [Select] successfully performed. With the following test data [Cat]. @17-12-2021 02:02:12.0300 AM
[ReportManager] Element Action [GetSelectedText] successfully performed. With the following test data [DogCat]. @17-12-2021 02:02:12.0436 AM
[ReportManager] DogCat @17-12-2021 02:02:12.0437 AM
[ReportManager] Element Action [GetSelectedText] successfully performed. With the following test data [DogCat]. @17-12-2021 02:02:12.0566 AM
[ReportManager] Loaded Shared OpenCV @17-12-2021 02:02:12.0979 AM
[ReportManager] Assertion [ValidateElementAttribute] PASSED. Expected [Value Should be 'DogCat' for the 'selectedText' attribute, element locator 'By.tagName: select'] and Actual [DogCat]. Comparison Type [EQUALS]. Validation Type [POSITIVE]. @17-12-2021 02:02:13.0146 AM
[ReportManager] Successfully created attachment [Screenshot - 1639706532979_multipleSelect_ValidateElementAttribute_passed] @17-12-2021 02:02:13.0147 AM
[ReportManager] Browser Action [CloseCurrentWindow] successfully performed. @17-12-2021 02:02:13.0304 AM
[ReportManager] Successfully created attachment [Browser Action Test Data - CloseCurrentWindow - Actual Value] @17-12-2021 02:02:13.0305 A

################################################################################################################################################
Starting Execution:	[144 out of 146] test cases in the current suite
Test Method:		[testPackage01.Test_SelectedValue.simpleSelect]
################################################################################################################################################
[ReportManager] File Action [GetAbsolutePath] successfully performed. With the following test data [Relative Folder Path: "target/downloadedFiles/"]. @17-12-2021 02:02:13.0309 AM
[ReportManager] Attempting to run locally on: [Mac-64], [GoogleChrome], Headless Execution. @17-12-2021 02:02:13.0309 AM
[ReportManager] Identifying OS/Driver combination and selecting the correct driver version automatically. Please note that if a new driver executable will be downloaded it may take some time... @17-12-2021 02:02:13.0310 AM
[ReportManager] Successfully Opened Google Chrome. @17-12-2021 02:02:13.0853 AM
[ReportManager] Initial window size: (1920, 1080) @17-12-2021 02:02:13.0857 AM
[ReportManager] Window size after SWD Maximize: (1920, 1080) @17-12-2021 02:02:13.0992 AM
[ReportManager] Window size after Toolkit: (1920, 1080) @17-12-2021 02:02:14.0557 AM
[ReportManager] Browser Action [MaximizeWindow] successfully performed. With the following test data [New screen size is now: (1920, 1080)]. @17-12-2021 02:02:14.0561 AM
[ReportManager] Target URL: [https://yari-demos.prod.mdn.mozit.cloud/en-US/docs/Web/HTML/Element/select/_sample_.Basic_select.html] @17-12-2021 02:02:14.0562 AM
[ReportManager] Initial URL: [data:,] @17-12-2021 02:02:14.0606 AM
[ReportManager] Browser Action [NavigateToURL] successfully performed. With the following test data [https://yari-demos.prod.mdn.mozit.cloud/en-US/docs/Web/HTML/Element/select/_sample_.Basic_select.html]. @17-12-2021 02:02:20.0176 AM
[ReportManager] Element Action [Select] successfully performed. With the following test data [Third Value]. @17-12-2021 02:02:20.0431 AM
[ReportManager] Element Action [GetSelectedText] successfully performed. With the following test data [Third Value]. @17-12-2021 02:02:20.0507 AM
[ReportManager] Third Value @17-12-2021 02:02:20.0508 AM
[ReportManager] Element Action [GetSelectedText] successfully performed. With the following test data [Third Value]. @17-12-2021 02:02:20.0581 AM
[ReportManager] Loaded Shared OpenCV @17-12-2021 02:02:20.0848 AM
[ReportManager] Assertion [ValidateElementAttribute] PASSED. Expected [Value Should be 'Third Value' for the 'selectedText' attribute, element locator 'By.tagName: select'] and Actual [Third Value]. Comparison Type [EQUALS]. Validation Type [POSITIVE]. @17-12-2021 02:02:21.0022 AM
[ReportManager] Successfully created attachment [Screenshot - 1639706540848_simpleSelect_ValidateElementAttribute_passed] @17-12-2021 02:02:21.0023 AM
[ReportManager] Browser Action [CloseCurrentWindow] successfully performed. @17-12-2021 02:02:21.0191 AM
[ReportManager] Successfully created attachment [Browser Action Test Data - CloseCurrentWindow - Actual Value] @17-12-2021 02:02:21.0192 A
[ReportManager] File Action [GetAbsolutePath] successfully performed. With the following test data [Relative Folder Path: "target/downloadedFiles/"]. @17-12-2021 02:02:21.0195 AM
[ReportManager] Attempting to run locally on: [Mac-64], [Safari], Headless Execution. @17-12-2021 02:02:21.0195 AM
[ReportManager] Successfully Opened Safari. @17-12-2021 02:02:22.0156 AM
[ReportManager] Initial window size: (800, 600) @17-12-2021 02:02:22.0183 AM
[ReportManager] Window size after SWD Maximize: (1176, 803) @17-12-2021 02:02:22.0199 AM
[ReportManager] Browser Action [MaximizeWindow] successfully performed. With the following test data [New screen size is now: (1176, 803)]. @17-12-2021 02:02:22.0199 A

################################################################################################################################################
Starting Execution:	[145 out of 146] test cases in the current suite
Test Method:		[testPackage01.Test_dynamicLoading.dynamicLoading_elementIsHidden]
################################################################################################################################################
[ReportManager] Target URL: [https://the-internet.herokuapp.com/dynamic_loading/1] @17-12-2021 02:02:22.0204 AM
[ReportManager] Initial URL: [] @17-12-2021 02:02:22.0257 AM
[ReportManager] Browser Action [NavigateToURL] successfully performed. With the following test data [https://the-internet.herokuapp.com/dynamic_loading/1]. @17-12-2021 02:02:22.0699 AM
[ReportManager] Element Action [Click] successfully performed. With the following test data [By.xpath: //button[text()='Start']]. @17-12-2021 02:02:22.0904 AM
[ReportManager] Element Action [GetText] successfully performed. With the following test data [
    Hello World!
  ]. @17-12-2021 02:02:22.0976 A
[ReportManager] Browser Action [CloseCurrentWindow] successfully performed. @17-12-2021 02:02:23.0181 AM
[ReportManager] Successfully created attachment [Browser Action Test Data - CloseCurrentWindow - Actual Value] @17-12-2021 02:02:23.0182 A
[ReportManager] File Action [GetAbsolutePath] successfully performed. With the following test data [Relative Folder Path: "target/downloadedFiles/"]. @17-12-2021 02:02:23.0185 AM
[ReportManager] Attempting to run locally on: [Mac-64], [Safari], Headless Execution. @17-12-2021 02:02:23.0186 AM
[ReportManager] Successfully Opened Safari. @17-12-2021 02:02:24.0253 AM
[ReportManager] Initial window size: (800, 600) @17-12-2021 02:02:24.0269 AM
[ReportManager] Window size after SWD Maximize: (1176, 803) @17-12-2021 02:02:24.0306 AM
[ReportManager] Browser Action [MaximizeWindow] successfully performed. With the following test data [New screen size is now: (1176, 803)]. @17-12-2021 02:02:24.0307 A

################################################################################################################################################
Starting Execution:	[146 out of 146] test cases in the current suite
Test Method:		[testPackage01.Test_dynamicLoading.dynamicLoading_elementIsRendered]
################################################################################################################################################
[ReportManager] Target URL: [https://the-internet.herokuapp.com/dynamic_loading/2] @17-12-2021 02:02:24.0309 AM
[ReportManager] Initial URL: [] @17-12-2021 02:02:24.0425 AM
[ReportManager] Browser Action [NavigateToURL] successfully performed. With the following test data [https://the-internet.herokuapp.com/dynamic_loading/2]. @17-12-2021 02:02:25.0236 AM
[ReportManager] Element Action [Click] successfully performed. With the following test data [By.xpath: //button[text()='Start']]. @17-12-2021 02:02:25.0576 AM
[ReportManager] Element Action [GetText] successfully performed. With the following test data [Hello World!]. @17-12-2021 02:02:31.0178 AM
[ReportManager] Loaded Shared OpenCV @17-12-2021 02:02:31.0232 AM
[ReportManager] Assertion [ValidateElementAttribute] PASSED. Expected [Value Should be 'Hello World!' for the 'text' attribute, element locator 'By.id: finish'] and Actual [Hello World!]. Comparison Type [CONTAINS]. Validation Type [POSITIVE]. @17-12-2021 02:02:31.0316 AM
[ReportManager] Successfully created attachment [Screenshot - 1639706551232_dynamicLoading_elementIsRendered_ValidateElementAttribute_passed] @17-12-2021 02:02:31.0317 A
[ReportManager] Browser Action [CloseCurrentWindow] successfully performed. @17-12-2021 02:02:31.0602 AM
[ReportManager] Successfully created attachment [Browser Action Test Data - CloseCurrentWindow - Actual Value] @17-12-2021 02:02:31.0603 A
[ReportManager] Successfully created attachment [SHAFT Engine Logs - Execution log] @17-12-2021 02:02:31.0638 AM

################################################################################################################################################
This test run was powered by SHAFT Engine Version: [SHAFT Engine v5.4.20211202-BETA]
SHAFT Engine is licensed under the MIT License: [https://github.com/MohabMohie/SHAFT_ENGINE/blob/master/LICENSE].
################################################################################################################################################