################################################################################################################################################
Detected SHAFT Engine Version: [SHAFT Engine v5.4.20211104-BETA]
################################################################################################################################################
[ReportManager] File Action [GetAbsolutePath] successfully performed. With the following test data [Relative Folder Path: "target/downloadedFiles/"]. @10-11-2021 01:49:29.0772 AM
[ReportManager] Attempting to run locally on: [Mac-64], [Safari], Headless Execution. @10-11-2021 01:49:29.0788 AM
[ReportManager] Successfully Opened Safari. @10-11-2021 01:49:34.0013 AM
[ReportManager] Initial window size: (800, 600) @10-11-2021 01:49:34.0031 AM
[ReportManager] Window size after SWD Maximize: (1176, 810) @10-11-2021 01:49:34.0068 AM
[ReportManager] Browser Action [MaximizeWindow] successfully performed. With the following test data [New screen size is now: (1176, 810)]. @10-11-2021 01:49:34.0075 A

################################################################################################################################################
Starting Execution:	[1 out of 146] test cases in the current suite
Test Method:		[unitTests.tests_element_elementActions.waitForElementToBePresent_false_expectedToFail]
################################################################################################################################################
[ReportManager] Target URL: [https://www.google.com/ncr], and after redirection: [www.google.com] @10-11-2021 01:49:34.0211 AM
[ReportManager] Initial URL: [] @10-11-2021 01:49:34.0274 AM
[ReportManager] Browser Action [NavigateToURL] successfully performed. With the following test data [https://www.google.com/ncr]. @10-11-2021 01:49:35.0946 AM
[ReportManager] Waiting for element to be present; elementLocator [By.xpath: //*[@id='hplogo' or @alt='Google']], numberOfTries[1], stateOfPresence[false]... @10-11-2021 01:49:35.0955 AM
[ReportManager] Element Action [WaitForElementToBePresent] failed. With the following test data [waited for the element's state of presence to be (false). Element locator (By.xpath: //*[@id='hplogo' or @alt='Google'])]. @10-11-2021 01:49:38.0455 AM
[ReportManager] Successfully created attachment [Screenshot - 1636508976022_waitForElementToBePresent_false_expectedToFail_WaitForElementToBePresent_failed] @10-11-2021 01:49:38.0469 A
[ReportManager] Browser Action [CloseCurrentWindow] successfully performed. @10-11-2021 01:49:38.0611 AM
[ReportManager] Successfully created attachment [Browser Action Test Data - CloseCurrentWindow - Actual Value] @10-11-2021 01:49:38.0613 A
[ReportManager] File Action [GetAbsolutePath] successfully performed. With the following test data [Relative Folder Path: "target/downloadedFiles/"]. @10-11-2021 01:49:38.0629 AM
[ReportManager] Attempting to run locally on: [Mac-64], [Safari], Headless Execution. @10-11-2021 01:49:38.0630 AM
[ReportManager] Successfully Opened Safari. @10-11-2021 01:49:39.0531 AM
[ReportManager] Initial window size: (800, 600) @10-11-2021 01:49:39.0545 AM
[ReportManager] Window size after SWD Maximize: (1176, 811) @10-11-2021 01:49:39.0567 AM
[ReportManager] Browser Action [MaximizeWindow] successfully performed. With the following test data [New screen size is now: (1176, 811)]. @10-11-2021 01:49:39.0568 A

################################################################################################################################################
Starting Execution:	[2 out of 146] test cases in the current suite
Test Method:		[unitTests.tests_element_elementActions.waitForElementToBePresent_false_expectedToPass]
################################################################################################################################################
[ReportManager] Target URL: [https://www.google.com/ncr], and after redirection: [www.google.com] @10-11-2021 01:49:39.0573 AM
[ReportManager] Initial URL: [] @10-11-2021 01:49:39.0650 AM
[ReportManager] Browser Action [NavigateToURL] successfully performed. With the following test data [https://www.google.com/ncr]. @10-11-2021 01:49:40.0683 AM
[ReportManager] Waiting for element to be present; elementLocator [By.id: bla], numberOfTries[1], stateOfPresence[false]... @10-11-2021 01:49:40.0684 A
[ReportManager] Browser Action [CloseCurrentWindow] successfully performed. @10-11-2021 01:49:41.0128 AM
[ReportManager] Successfully created attachment [Browser Action Test Data - CloseCurrentWindow - Actual Value] @10-11-2021 01:49:41.0129 A
[ReportManager] File Action [GetAbsolutePath] successfully performed. With the following test data [Relative Folder Path: "target/downloadedFiles/"]. @10-11-2021 01:49:41.0134 AM
[ReportManager] Attempting to run locally on: [Mac-64], [Safari], Headless Execution. @10-11-2021 01:49:41.0135 AM
[ReportManager] Successfully Opened Safari. @10-11-2021 01:49:41.0997 AM
[ReportManager] Initial window size: (800, 600) @10-11-2021 01:49:42.0008 AM
[ReportManager] Window size after SWD Maximize: (1176, 811) @10-11-2021 01:49:42.0030 AM
[ReportManager] Browser Action [MaximizeWindow] successfully performed. With the following test data [New screen size is now: (1176, 811)]. @10-11-2021 01:49:42.0030 A

################################################################################################################################################
Starting Execution:	[3 out of 146] test cases in the current suite
Test Method:		[unitTests.tests_element_elementActions.waitForElementToBePresent_moreThanOneElement_expectedToFail]
################################################################################################################################################
[ReportManager] Target URL: [https://www.google.com/ncr], and after redirection: [www.google.com] @10-11-2021 01:49:42.0034 AM
[ReportManager] Initial URL: [] @10-11-2021 01:49:42.0105 AM
[ReportManager] Browser Action [NavigateToURL] successfully performed. With the following test data [https://www.google.com/ncr]. @10-11-2021 01:49:43.0810 AM
[ReportManager] Waiting for element to be present; elementLocator [By.xpath: //*], numberOfTries[1], stateOfPresence[false]... @10-11-2021 01:49:43.0811 AM
[ReportManager] Element Action [WaitForElementToBePresent] failed. With the following test data [waited for the element's state of presence to be (false). Element locator (By.xpath: //*)]. @10-11-2021 01:49:43.0964 AM
[ReportManager] Successfully created attachment [Screenshot - 1636508983864_waitForElementToBePresent_moreThanOneElement_expectedToFail_WaitForElementToBePresent_failed] @10-11-2021 01:49:43.0968 A
[ReportManager] Browser Action [CloseCurrentWindow] successfully performed. @10-11-2021 01:49:44.0220 AM
[ReportManager] Successfully created attachment [Browser Action Test Data - CloseCurrentWindow - Actual Value] @10-11-2021 01:49:44.0221 A
[ReportManager] File Action [GetAbsolutePath] successfully performed. With the following test data [Relative Folder Path: "target/downloadedFiles/"]. @10-11-2021 01:49:44.0228 AM
[ReportManager] Attempting to run locally on: [Mac-64], [Safari], Headless Execution. @10-11-2021 01:49:44.0229 AM
[ReportManager] Successfully Opened Safari. @10-11-2021 01:49:45.0109 AM
[ReportManager] Initial window size: (800, 600) @10-11-2021 01:49:45.0116 AM
[ReportManager] Window size after SWD Maximize: (1176, 811) @10-11-2021 01:49:45.0143 AM
[ReportManager] Browser Action [MaximizeWindow] successfully performed. With the following test data [New screen size is now: (1176, 811)]. @10-11-2021 01:49:45.0144 A

################################################################################################################################################
Starting Execution:	[4 out of 146] test cases in the current suite
Test Method:		[unitTests.tests_element_elementActions.waitForElementToBePresent_true_expectedToFail]
################################################################################################################################################
[ReportManager] Target URL: [https://www.google.com/ncr], and after redirection: [www.google.com] @10-11-2021 01:49:45.0148 AM
[ReportManager] Initial URL: [] @10-11-2021 01:49:45.0224 AM
[ReportManager] Browser Action [NavigateToURL] successfully performed. With the following test data [https://www.google.com/ncr]. @10-11-2021 01:49:46.0633 AM
[ReportManager] Waiting for element to be present; elementLocator [By.id: bla], numberOfTries[1], stateOfPresence[true]... @10-11-2021 01:49:46.0633 A
[ReportManager] Browser Action [CloseCurrentWindow] successfully performed. @10-11-2021 01:49:47.0028 AM
[ReportManager] Successfully created attachment [Browser Action Test Data - CloseCurrentWindow - Actual Value] @10-11-2021 01:49:47.0029 A
[ReportManager] File Action [GetAbsolutePath] successfully performed. With the following test data [Relative Folder Path: "target/downloadedFiles/"]. @10-11-2021 01:49:47.0034 AM
[ReportManager] Attempting to run locally on: [Mac-64], [Safari], Headless Execution. @10-11-2021 01:49:47.0035 AM
[ReportManager] Successfully Opened Safari. @10-11-2021 01:49:47.0863 AM
[ReportManager] Initial window size: (800, 600) @10-11-2021 01:49:47.0878 AM
[ReportManager] Window size after SWD Maximize: (1176, 811) @10-11-2021 01:49:47.0900 AM
[ReportManager] Browser Action [MaximizeWindow] successfully performed. With the following test data [New screen size is now: (1176, 811)]. @10-11-2021 01:49:47.0901 A

################################################################################################################################################
Starting Execution:	[5 out of 146] test cases in the current suite
Test Method:		[unitTests.tests_element_elementActions.waitForElementToBePresent_true_expectedToPass]
################################################################################################################################################
[ReportManager] Target URL: [https://www.google.com/ncr], and after redirection: [www.google.com] @10-11-2021 01:49:47.0904 AM
[ReportManager] Initial URL: [] @10-11-2021 01:49:47.0973 AM
[ReportManager] Browser Action [NavigateToURL] successfully performed. With the following test data [https://www.google.com/ncr]. @10-11-2021 01:49:49.0454 AM
[ReportManager] Waiting for element to be present; elementLocator [By.xpath: //*[@id='hplogo' or @alt='Google']], numberOfTries[1], stateOfPresence[true]... @10-11-2021 01:49:49.0455 AM
[ReportManager] Element Action [WaitForElementToBePresent] successfully performed. With the following test data [waited for the element's state of presence to be (true). Element locator (By.xpath: //*[@id='hplogo' or @alt='Google'])]. @10-11-2021 01:49:49.0476 AM
[ReportManager] File Action [DoesFileExist] successfully performed. With the following test data [File Path: "src/main/resources/dynamicObjectRepository/unitTests_tests_element_elementActions_waitForElementToBePresent_true_expectedToPass_By_xpath_id_hplogo_or_alt_Google.png"]. @10-11-2021 01:49:49.0493 AM
[ReportManager] File Action [DoesFileExist] successfully performed. With the following test data [File Path: "src/main/resources/dynamicObjectRepository/unitTests_tests_element_elementActions_waitForElementToBePresent_true_expectedToPass_By_xpath_id_hplogo_or_alt_Google.png"]. @10-11-2021 01:49:49.0561 AM
[ReportManager] Passing the test and saving a reference image @10-11-2021 01:49:49.0562 AM
[ReportManager] File Action [GetAbsolutePath] successfully performed. With the following test data [Relative File Path: "src/main/resources/dynamicObjectRepository/unitTests_tests_element_elementActions_waitForElementToBePresent_true_expectedToPass_By_xpath_id_hplogo_or_alt_Google.png"]. @10-11-2021 01:49:49.0562 AM
[ReportManager] File Action [WriteToFile] successfully performed. With the following test data [Target File Path: "/Users/runner/work/SHAFT_ENGINE/SHAFT_ENGINE/src/main/resources/dynamicObjectRepository/unitTests_tests_element_elementActions_waitForElementToBePresent_true_expectedToPass_By_xpath_id_hplogo_or_alt_Google.png"]. @10-11-2021 01:49:49.0563 AM
[ReportManager] Assertion Passed: Using Visual AI; OpenCV @10-11-2021 01:49:49.0565 AM
[ReportManager] Successfully created attachment [Validation Test Data - Actual Screenshot] @10-11-2021 01:49:49.0566 AM
[ReportManager] Assertion [ValidateElementMatches] PASSED. Expected [Element should match the reference screenshot] and Actual [TRUE]. Comparison Type [EXACT_OPENCV]. Validation Type [POSITIVE]. @10-11-2021 01:49:49.0566 A
[ReportManager] Browser Action [CloseCurrentWindow] successfully performed. @10-11-2021 01:49:49.0908 AM
[ReportManager] Successfully created attachment [Browser Action Test Data - CloseCurrentWindow - Actual Value] @10-11-2021 01:49:49.0909 A
[ReportManager] File Action [GetAbsolutePath] successfully performed. With the following test data [Relative Folder Path: "target/downloadedFiles/"]. @10-11-2021 01:49:49.0914 AM
[ReportManager] Attempting to run locally on: [Mac-64], [Safari], Headless Execution. @10-11-2021 01:49:49.0914 AM
[ReportManager] Successfully Opened Safari. @10-11-2021 01:49:50.0727 AM
[ReportManager] Initial window size: (800, 600) @10-11-2021 01:49:50.0739 AM
[ReportManager] Window size after SWD Maximize: (1176, 811) @10-11-2021 01:49:50.0764 AM
[ReportManager] Browser Action [MaximizeWindow] successfully performed. With the following test data [New screen size is now: (1176, 811)]. @10-11-2021 01:49:50.0764 AM
[ReportManager] Target URL: [https://duckduckgo.com] @10-11-2021 01:49:50.0765 AM
[ReportManager] Initial URL: [] @10-11-2021 01:49:50.0828 AM
[ReportManager] Browser Action [NavigateToURL] successfully performed. With the following test data [https://duckduckgo.com]. @10-11-2021 01:49:52.0776 A

################################################################################################################################################
Starting Execution:	[6 out of 146] test cases in the current suite
Test Method:		[unitTests.tests_browserActions.fullScreenWindow]
################################################################################################################################################
[ReportManager] Initial Windows Size: 1176x811 @10-11-2021 01:49:52.0792 AM
[ReportManager] Current Windows Size after fullScreen: 1176x885 @10-11-2021 01:49:52.0983 AM
[ReportManager] Browser Action [FullScreenWindow] successfully performed. @10-11-2021 01:49:53.0010 AM
[ReportManager] Successfully created attachment [Browser Action Test Data - FullScreenWindow - Actual Value] @10-11-2021 01:49:53.0012 A
[ReportManager] Target URL: [https://duckduckgo.com] @10-11-2021 01:49:53.0016 AM
[ReportManager] Initial URL: [https://duckduckgo.com] @10-11-2021 01:49:53.0077 AM
[ReportManager] Browser Action [NavigateToURL] successfully performed. With the following test data [https://duckduckgo.com]. @10-11-2021 01:49:53.0910 AM
[ReportManager] Browser Action [CloseCurrentWindow] successfully performed. @10-11-2021 01:49:54.0248 AM
[ReportManager] Successfully created attachment [Browser Action Test Data - CloseCurrentWindow - Actual Value] @10-11-2021 01:49:54.0250 A
[ReportManager] File Action [GetAbsolutePath] successfully performed. With the following test data [Relative Folder Path: "target/downloadedFiles/"]. @10-11-2021 01:49:54.0258 AM
[ReportManager] Attempting to run locally on: [Mac-64], [Safari], Headless Execution. @10-11-2021 01:49:54.0258 AM
[ReportManager] Successfully Opened Safari. @10-11-2021 01:49:55.0069 AM
[ReportManager] Initial window size: (800, 600) @10-11-2021 01:49:55.0076 AM
[ReportManager] Window size after SWD Maximize: (1176, 811) @10-11-2021 01:49:55.0099 AM
[ReportManager] Browser Action [MaximizeWindow] successfully performed. With the following test data [New screen size is now: (1176, 811)]. @10-11-2021 01:49:55.0099 AM
[ReportManager] Target URL: [https://duckduckgo.com] @10-11-2021 01:49:55.0100 AM
[ReportManager] Initial URL: [] @10-11-2021 01:49:55.0165 AM
[ReportManager] Browser Action [NavigateToURL] successfully performed. With the following test data [https://duckduckgo.com]. @10-11-2021 01:49:55.0812 A

################################################################################################################################################
Starting Execution:	[7 out of 146] test cases in the current suite
Test Method:		[unitTests.tests_browserActions.getCurrentURL]
################################################################################################################################################
[ReportManager] Browser Action [GetCurrentURL] successfully performed. With the following test data [https://duckduckgo.com/]. @10-11-2021 01:49:55.0846 A
[ReportManager] Target URL: [https://duckduckgo.com] @10-11-2021 01:49:55.0853 AM
[ReportManager] Initial URL: [https://duckduckgo.com] @10-11-2021 01:49:55.0881 AM
[ReportManager] Browser Action [NavigateToURL] successfully performed. With the following test data [https://duckduckgo.com]. @10-11-2021 01:49:56.0198 AM
[ReportManager] Browser Action [CloseCurrentWindow] successfully performed. @10-11-2021 01:49:56.0510 AM
[ReportManager] Successfully created attachment [Browser Action Test Data - CloseCurrentWindow - Actual Value] @10-11-2021 01:49:56.0511 A
[ReportManager] File Action [GetAbsolutePath] successfully performed. With the following test data [Relative Folder Path: "target/downloadedFiles/"]. @10-11-2021 01:49:56.0514 AM
[ReportManager] Attempting to run locally on: [Mac-64], [Safari], Headless Execution. @10-11-2021 01:49:56.0514 AM
[ReportManager] Successfully Opened Safari. @10-11-2021 01:49:57.0309 AM
[ReportManager] Initial window size: (800, 600) @10-11-2021 01:49:57.0347 AM
[ReportManager] Window size after SWD Maximize: (1176, 811) @10-11-2021 01:49:57.0377 AM
[ReportManager] Browser Action [MaximizeWindow] successfully performed. With the following test data [New screen size is now: (1176, 811)]. @10-11-2021 01:49:57.0377 AM
[ReportManager] Target URL: [https://duckduckgo.com] @10-11-2021 01:49:57.0377 AM
[ReportManager] Initial URL: [] @10-11-2021 01:49:57.0435 AM
[ReportManager] Browser Action [NavigateToURL] successfully performed. With the following test data [https://duckduckgo.com]. @10-11-2021 01:49:58.0149 A

################################################################################################################################################
Starting Execution:	[8 out of 146] test cases in the current suite
Test Method:		[unitTests.tests_browserActions.getCurrentWindowTitle]
################################################################################################################################################
[ReportManager] Browser Action [GetCurrentWindowTitle] successfully performed. With the following test data [DuckDuckGo â€” Privacy, simplified.]. @10-11-2021 01:49:58.0183 A
[ReportManager] Target URL: [https://duckduckgo.com] @10-11-2021 01:49:58.0185 AM
[ReportManager] Initial URL: [https://duckduckgo.com] @10-11-2021 01:49:58.0218 AM
[ReportManager] Browser Action [NavigateToURL] successfully performed. With the following test data [https://duckduckgo.com]. @10-11-2021 01:49:58.0544 AM
[ReportManager] Browser Action [CloseCurrentWindow] successfully performed. @10-11-2021 01:49:58.0955 AM
[ReportManager] Successfully created attachment [Browser Action Test Data - CloseCurrentWindow - Actual Value] @10-11-2021 01:49:58.0956 A
[ReportManager] File Action [GetAbsolutePath] successfully performed. With the following test data [Relative Folder Path: "target/downloadedFiles/"]. @10-11-2021 01:49:58.0963 AM
[ReportManager] Attempting to run locally on: [Mac-64], [Safari], Headless Execution. @10-11-2021 01:49:58.0963 AM
[ReportManager] Successfully Opened Safari. @10-11-2021 01:49:59.0781 AM
[ReportManager] Initial window size: (800, 600) @10-11-2021 01:49:59.0791 AM
[ReportManager] Window size after SWD Maximize: (1176, 811) @10-11-2021 01:49:59.0816 AM
[ReportManager] Browser Action [MaximizeWindow] successfully performed. With the following test data [New screen size is now: (1176, 811)]. @10-11-2021 01:49:59.0817 AM
[ReportManager] Target URL: [https://duckduckgo.com] @10-11-2021 01:49:59.0817 AM
[ReportManager] Initial URL: [] @10-11-2021 01:49:59.0872 AM
[ReportManager] Browser Action [NavigateToURL] successfully performed. With the following test data [https://duckduckgo.com]. @10-11-2021 01:50:00.0555 A

################################################################################################################################################
Starting Execution:	[9 out of 146] test cases in the current suite
Test Method:		[unitTests.tests_browserActions.getPageSource]
################################################################################################################################################
[ReportManager] Browser Action [GetPageSource] successfully performed. @10-11-2021 01:50:00.0592 AM
[ReportManager] Successfully created attachment [Browser Action Test Data - GetPageSource - Actual Value] @10-11-2021 01:50:00.0593 A
[ReportManager] Target URL: [https://duckduckgo.com] @10-11-2021 01:50:00.0595 AM
[ReportManager] Initial URL: [https://duckduckgo.com] @10-11-2021 01:50:00.0621 AM
[ReportManager] Browser Action [NavigateToURL] successfully performed. With the following test data [https://duckduckgo.com]. @10-11-2021 01:50:00.0937 AM
[ReportManager] Browser Action [CloseCurrentWindow] successfully performed. @10-11-2021 01:50:01.0313 AM
[ReportManager] Successfully created attachment [Browser Action Test Data - CloseCurrentWindow - Actual Value] @10-11-2021 01:50:01.0314 A
[ReportManager] File Action [GetAbsolutePath] successfully performed. With the following test data [Relative Folder Path: "target/downloadedFiles/"]. @10-11-2021 01:50:01.0317 AM
[ReportManager] Attempting to run locally on: [Mac-64], [Safari], Headless Execution. @10-11-2021 01:50:01.0318 AM
[ReportManager] Successfully Opened Safari. @10-11-2021 01:50:02.0111 AM
[ReportManager] Initial window size: (800, 600) @10-11-2021 01:50:02.0138 AM
[ReportManager] Window size after SWD Maximize: (1176, 811) @10-11-2021 01:50:02.0174 AM
[ReportManager] Browser Action [MaximizeWindow] successfully performed. With the following test data [New screen size is now: (1176, 811)]. @10-11-2021 01:50:02.0174 AM
[ReportManager] Target URL: [https://duckduckgo.com] @10-11-2021 01:50:02.0174 AM
[ReportManager] Initial URL: [] @10-11-2021 01:50:02.0216 AM
[ReportManager] Browser Action [NavigateToURL] successfully performed. With the following test data [https://duckduckgo.com]. @10-11-2021 01:50:02.0872 A

################################################################################################################################################
Starting Execution:	[10 out of 146] test cases in the current suite
Test Method:		[unitTests.tests_browserActions.getWindowHandle]
################################################################################################################################################
[ReportManager] Browser Action [GetWindowHandle] successfully performed. With the following test data [page-7C884C4B-4C15-45F9-884F-49C1B9972C15]. @10-11-2021 01:50:02.0905 A
[ReportManager] Target URL: [https://duckduckgo.com] @10-11-2021 01:50:02.0907 AM
[ReportManager] Initial URL: [https://duckduckgo.com] @10-11-2021 01:50:02.0937 AM
[ReportManager] Browser Action [NavigateToURL] successfully performed. With the following test data [https://duckduckgo.com]. @10-11-2021 01:50:03.0273 AM
[ReportManager] Browser Action [CloseCurrentWindow] successfully performed. @10-11-2021 01:50:03.0653 AM
[ReportManager] Successfully created attachment [Browser Action Test Data - CloseCurrentWindow - Actual Value] @10-11-2021 01:50:03.0654 A
[ReportManager] File Action [GetAbsolutePath] successfully performed. With the following test data [Relative Folder Path: "target/downloadedFiles/"]. @10-11-2021 01:50:03.0658 AM
[ReportManager] Attempting to run locally on: [Mac-64], [Safari], Headless Execution. @10-11-2021 01:50:03.0659 AM
[ReportManager] Successfully Opened Safari. @10-11-2021 01:50:04.0483 AM
[ReportManager] Initial window size: (800, 600) @10-11-2021 01:50:04.0507 AM
[ReportManager] Window size after SWD Maximize: (1176, 811) @10-11-2021 01:50:04.0529 AM
[ReportManager] Browser Action [MaximizeWindow] successfully performed. With the following test data [New screen size is now: (1176, 811)]. @10-11-2021 01:50:04.0530 AM
[ReportManager] Target URL: [https://duckduckgo.com] @10-11-2021 01:50:04.0530 AM
[ReportManager] Initial URL: [] @10-11-2021 01:50:04.0597 AM
[ReportManager] Browser Action [NavigateToURL] successfully performed. With the following test data [https://duckduckgo.com]. @10-11-2021 01:50:05.0283 A

################################################################################################################################################
Starting Execution:	[11 out of 146] test cases in the current suite
Test Method:		[unitTests.tests_browserActions.getWindowPosition]
################################################################################################################################################
[ReportManager] Browser Action [GetWindowPosition] successfully performed. With the following test data [(0, 23)]. @10-11-2021 01:50:05.0313 A
[ReportManager] Target URL: [https://duckduckgo.com] @10-11-2021 01:50:05.0315 AM
[ReportManager] Initial URL: [https://duckduckgo.com] @10-11-2021 01:50:05.0342 AM
[ReportManager] Browser Action [NavigateToURL] successfully performed. With the following test data [https://duckduckgo.com]. @10-11-2021 01:50:05.0646 AM
[ReportManager] Browser Action [CloseCurrentWindow] successfully performed. @10-11-2021 01:50:05.0969 AM
[ReportManager] Successfully created attachment [Browser Action Test Data - CloseCurrentWindow - Actual Value] @10-11-2021 01:50:05.0970 A
[ReportManager] File Action [GetAbsolutePath] successfully performed. With the following test data [Relative Folder Path: "target/downloadedFiles/"]. @10-11-2021 01:50:05.0973 AM
[ReportManager] Attempting to run locally on: [Mac-64], [Safari], Headless Execution. @10-11-2021 01:50:05.0973 AM
[ReportManager] Successfully Opened Safari. @10-11-2021 01:50:06.0826 AM
[ReportManager] Initial window size: (800, 600) @10-11-2021 01:50:06.0852 AM
[ReportManager] Window size after SWD Maximize: (1176, 811) @10-11-2021 01:50:06.0865 AM
[ReportManager] Browser Action [MaximizeWindow] successfully performed. With the following test data [New screen size is now: (1176, 811)]. @10-11-2021 01:50:06.0866 AM
[ReportManager] Target URL: [https://duckduckgo.com] @10-11-2021 01:50:06.0866 AM
[ReportManager] Initial URL: [] @10-11-2021 01:50:06.0936 AM
[ReportManager] Browser Action [NavigateToURL] successfully performed. With the following test data [https://duckduckgo.com]. @10-11-2021 01:50:07.0788 A

################################################################################################################################################
Starting Execution:	[12 out of 146] test cases in the current suite
Test Method:		[unitTests.tests_browserActions.getWindowSize]
################################################################################################################################################
[ReportManager] Browser Action [GetWindowSize] successfully performed. With the following test data [(1176, 811)]. @10-11-2021 01:50:07.0811 A
[ReportManager] Target URL: [https://duckduckgo.com] @10-11-2021 01:50:07.0814 AM
[ReportManager] Initial URL: [https://duckduckgo.com] @10-11-2021 01:50:07.0862 AM
[ReportManager] Browser Action [NavigateToURL] successfully performed. With the following test data [https://duckduckgo.com]. @10-11-2021 01:50:08.0235 AM
[ReportManager] Browser Action [CloseCurrentWindow] successfully performed. @10-11-2021 01:50:08.0667 AM
[ReportManager] Successfully created attachment [Browser Action Test Data - CloseCurrentWindow - Actual Value] @10-11-2021 01:50:08.0668 A
[ReportManager] File Action [GetAbsolutePath] successfully performed. With the following test data [Relative Folder Path: "target/downloadedFiles/"]. @10-11-2021 01:50:08.0671 AM
[ReportManager] Attempting to run locally on: [Mac-64], [Safari], Headless Execution. @10-11-2021 01:50:08.0671 AM
[ReportManager] Successfully Opened Safari. @10-11-2021 01:50:09.0466 AM
[ReportManager] Initial window size: (800, 600) @10-11-2021 01:50:09.0477 AM
[ReportManager] Window size after SWD Maximize: (1176, 811) @10-11-2021 01:50:09.0499 AM
[ReportManager] Browser Action [MaximizeWindow] successfully performed. With the following test data [New screen size is now: (1176, 811)]. @10-11-2021 01:50:09.0500 AM
[ReportManager] Target URL: [https://duckduckgo.com] @10-11-2021 01:50:09.0500 AM
[ReportManager] Initial URL: [] @10-11-2021 01:50:09.0578 AM
[ReportManager] Browser Action [NavigateToURL] successfully performed. With the following test data [https://duckduckgo.com]. @10-11-2021 01:50:10.0305 A

################################################################################################################################################
Starting Execution:	[13 out of 146] test cases in the current suite
Test Method:		[unitTests.tests_browserActions.maximizeWindow]
################################################################################################################################################
[ReportManager] Initial window size: (1176, 811) @10-11-2021 01:50:10.0314 AM
[ReportManager] Window size after SWD Maximize: (1176, 811) @10-11-2021 01:50:10.0321 AM
[ReportManager] Window size after Toolkit: (1920, 1080) @10-11-2021 01:50:10.0355 AM
[ReportManager] Browser Action [MaximizeWindow] successfully performed. With the following test data [New screen size is now: (1920, 1080)]. @10-11-2021 01:50:10.0358 A
[ReportManager] Target URL: [https://duckduckgo.com] @10-11-2021 01:50:10.0361 AM
[ReportManager] Initial URL: [https://duckduckgo.com] @10-11-2021 01:50:10.0406 AM
[ReportManager] Browser Action [NavigateToURL] successfully performed. With the following test data [https://duckduckgo.com]. @10-11-2021 01:50:10.0747 AM
[ReportManager] Browser Action [CloseCurrentWindow] successfully performed. @10-11-2021 01:50:11.0037 AM
[ReportManager] Successfully created attachment [Browser Action Test Data - CloseCurrentWindow - Actual Value] @10-11-2021 01:50:11.0037 A
[ReportManager] File Action [GetAbsolutePath] successfully performed. With the following test data [Relative Folder Path: "target/downloadedFiles/"]. @10-11-2021 01:50:11.0040 AM
[ReportManager] Attempting to run locally on: [Mac-64], [Safari], Headless Execution. @10-11-2021 01:50:11.0040 AM
[ReportManager] Successfully Opened Safari. @10-11-2021 01:50:11.0837 AM
[ReportManager] Initial window size: (800, 600) @10-11-2021 01:50:11.0859 AM
[ReportManager] Window size after SWD Maximize: (1176, 811) @10-11-2021 01:50:11.0871 AM
[ReportManager] Browser Action [MaximizeWindow] successfully performed. With the following test data [New screen size is now: (1176, 811)]. @10-11-2021 01:50:11.0872 AM
[ReportManager] Target URL: [https://duckduckgo.com] @10-11-2021 01:50:11.0872 AM
[ReportManager] Initial URL: [] @10-11-2021 01:50:11.0933 AM
[ReportManager] Browser Action [NavigateToURL] successfully performed. With the following test data [https://duckduckgo.com]. @10-11-2021 01:50:12.0577 A

################################################################################################################################################
Starting Execution:	[14 out of 146] test cases in the current suite
Test Method:		[unitTests.tests_browserActions.navigateBack]
################################################################################################################################################
[ReportManager] Target URL: [https://www.google.com/ncr], and after redirection: [https://www.google.com] @10-11-2021 01:50:12.0580 AM
[ReportManager] Initial URL: [https://duckduckgo.com] @10-11-2021 01:50:12.0642 AM
[ReportManager] Browser Action [NavigateToURL] successfully performed. With the following test data [https://www.google.com/ncr]. @10-11-2021 01:50:14.0183 AM
[ReportManager] Browser Action [NavigateBack] successfully performed. With the following test data [https://duckduckgo.com/]. @10-11-2021 01:50:14.0304 AM
[ReportManager] Browser Action [GetCurrentURL] successfully performed. With the following test data [https://duckduckgo.com/]. @10-11-2021 01:50:14.0327 AM
[ReportManager] Assertion Passed: Confirming that navigating back was successful @10-11-2021 01:50:14.0456 AM
[ReportManager] Successfully created attachment [Screenshot - 1636509014362_navigateBack_ValidateBrowserAttribute_passed] @10-11-2021 01:50:14.0460 AM
[ReportManager] Assertion [ValidateBrowserAttribute] PASSED. Expected [Value Should be 'https://duckduckgo.com' for the 'CurrentUrl' attribute] and Actual [https://duckduckgo.com/]. Comparison Type [CONTAINS]. Validation Type [POSITIVE]. @10-11-2021 01:50:14.0460 A
[ReportManager] Target URL: [https://duckduckgo.com] @10-11-2021 01:50:14.0466 AM
[ReportManager] Initial URL: [https://duckduckgo.com] @10-11-2021 01:50:14.0496 AM
[ReportManager] Browser Action [NavigateToURL] successfully performed. With the following test data [https://duckduckgo.com]. @10-11-2021 01:50:14.0811 AM
[ReportManager] Browser Action [CloseCurrentWindow] successfully performed. @10-11-2021 01:50:15.0207 AM
[ReportManager] Successfully created attachment [Browser Action Test Data - CloseCurrentWindow - Actual Value] @10-11-2021 01:50:15.0208 A
[ReportManager] File Action [GetAbsolutePath] successfully performed. With the following test data [Relative Folder Path: "target/downloadedFiles/"]. @10-11-2021 01:50:15.0211 AM
[ReportManager] Attempting to run locally on: [Mac-64], [Safari], Headless Execution. @10-11-2021 01:50:15.0211 AM
[ReportManager] Successfully Opened Safari. @10-11-2021 01:50:16.0065 AM
[ReportManager] Initial window size: (800, 600) @10-11-2021 01:50:16.0073 AM
[ReportManager] Window size after SWD Maximize: (1176, 811) @10-11-2021 01:50:16.0091 AM
[ReportManager] Browser Action [MaximizeWindow] successfully performed. With the following test data [New screen size is now: (1176, 811)]. @10-11-2021 01:50:16.0093 AM
[ReportManager] Target URL: [https://duckduckgo.com] @10-11-2021 01:50:16.0093 AM
[ReportManager] Initial URL: [] @10-11-2021 01:50:16.0167 AM
[ReportManager] Browser Action [NavigateToURL] successfully performed. With the following test data [https://duckduckgo.com]. @10-11-2021 01:50:16.0824 A

################################################################################################################################################
Starting Execution:	[15 out of 146] test cases in the current suite
Test Method:		[unitTests.tests_browserActions.navigateForward]
################################################################################################################################################
[ReportManager] Target URL: [https://www.google.com/ncr], and after redirection: [https://www.google.com] @10-11-2021 01:50:16.0828 AM
[ReportManager] Initial URL: [https://duckduckgo.com] @10-11-2021 01:50:16.0868 AM
[ReportManager] Browser Action [NavigateToURL] successfully performed. With the following test data [https://www.google.com/ncr]. @10-11-2021 01:50:18.0453 AM
[ReportManager] Browser Action [NavigateBack] successfully performed. With the following test data [https://duckduckgo.com/]. @10-11-2021 01:50:18.0608 AM
[ReportManager] Browser Action [NavigateForward] successfully performed. With the following test data [https://www.google.com/]. @10-11-2021 01:50:18.0720 A
[ReportManager] Target URL: [https://duckduckgo.com] @10-11-2021 01:50:18.0722 AM
[ReportManager] Initial URL: [https://www.google.com] @10-11-2021 01:50:18.0753 AM
[ReportManager] Browser Action [NavigateToURL] successfully performed. With the following test data [https://duckduckgo.com]. @10-11-2021 01:50:19.0024 AM
[ReportManager] Browser Action [CloseCurrentWindow] successfully performed. @10-11-2021 01:50:19.0331 AM
[ReportManager] Successfully created attachment [Browser Action Test Data - CloseCurrentWindow - Actual Value] @10-11-2021 01:50:19.0332 A
[ReportManager] File Action [GetAbsolutePath] successfully performed. With the following test data [Relative Folder Path: "target/downloadedFiles/"]. @10-11-2021 01:50:19.0334 AM
[ReportManager] Attempting to run locally on: [Mac-64], [Safari], Headless Execution. @10-11-2021 01:50:19.0335 AM
[ReportManager] Successfully Opened Safari. @10-11-2021 01:50:20.0089 AM
[ReportManager] Initial window size: (800, 600) @10-11-2021 01:50:20.0095 AM
[ReportManager] Window size after SWD Maximize: (1176, 811) @10-11-2021 01:50:20.0114 AM
[ReportManager] Browser Action [MaximizeWindow] successfully performed. With the following test data [New screen size is now: (1176, 811)]. @10-11-2021 01:50:20.0114 AM
[ReportManager] Target URL: [https://duckduckgo.com] @10-11-2021 01:50:20.0114 AM
[ReportManager] Initial URL: [] @10-11-2021 01:50:20.0149 AM
[ReportManager] Browser Action [NavigateToURL] successfully performed. With the following test data [https://duckduckgo.com]. @10-11-2021 01:50:20.0804 A

################################################################################################################################################
Starting Execution:	[16 out of 146] test cases in the current suite
Test Method:		[unitTests.tests_browserActions.navigateToURL]
################################################################################################################################################
[ReportManager] Target URL: [https://duckduckgo.com] @10-11-2021 01:50:20.0807 AM
[ReportManager] Initial URL: [https://duckduckgo.com] @10-11-2021 01:50:20.0846 AM
[ReportManager] Browser Action [NavigateToURL] successfully performed. With the following test data [https://duckduckgo.com]. @10-11-2021 01:50:21.0154 A
[ReportManager] Target URL: [https://duckduckgo.com] @10-11-2021 01:50:21.0160 AM
[ReportManager] Initial URL: [https://duckduckgo.com] @10-11-2021 01:50:21.0187 AM
[ReportManager] Browser Action [NavigateToURL] successfully performed. With the following test data [https://duckduckgo.com]. @10-11-2021 01:50:21.0500 AM
[ReportManager] Browser Action [CloseCurrentWindow] successfully performed. @10-11-2021 01:50:21.0936 AM
[ReportManager] Successfully created attachment [Browser Action Test Data - CloseCurrentWindow - Actual Value] @10-11-2021 01:50:21.0937 A
[ReportManager] File Action [GetAbsolutePath] successfully performed. With the following test data [Relative Folder Path: "target/downloadedFiles/"]. @10-11-2021 01:50:21.0939 AM
[ReportManager] Attempting to run locally on: [Mac-64], [Safari], Headless Execution. @10-11-2021 01:50:21.0940 AM
[ReportManager] Successfully Opened Safari. @10-11-2021 01:50:22.0733 AM
[ReportManager] Initial window size: (800, 600) @10-11-2021 01:50:22.0742 AM
[ReportManager] Window size after SWD Maximize: (1176, 811) @10-11-2021 01:50:22.0764 AM
[ReportManager] Browser Action [MaximizeWindow] successfully performed. With the following test data [New screen size is now: (1176, 811)]. @10-11-2021 01:50:22.0764 AM
[ReportManager] Target URL: [https://duckduckgo.com] @10-11-2021 01:50:22.0764 AM
[ReportManager] Initial URL: [] @10-11-2021 01:50:22.0830 AM
[ReportManager] Browser Action [NavigateToURL] successfully performed. With the following test data [https://duckduckgo.com]. @10-11-2021 01:50:23.0458 A

################################################################################################################################################
Starting Execution:	[17 out of 146] test cases in the current suite
Test Method:		[unitTests.tests_browserActions.navigateToURLWithRedirection]
################################################################################################################################################
[ReportManager] Target URL: [https://www.google.com/ncr], and after redirection: [https://www.google.com] @10-11-2021 01:50:23.0461 AM
[ReportManager] Initial URL: [https://duckduckgo.com] @10-11-2021 01:50:23.0490 AM
[ReportManager] Browser Action [NavigateToURL] successfully performed. With the following test data [https://www.google.com/ncr]. @10-11-2021 01:50:25.0071 A
[ReportManager] Target URL: [https://duckduckgo.com] @10-11-2021 01:50:25.0073 AM
[ReportManager] Initial URL: [https://www.google.com] @10-11-2021 01:50:25.0104 AM
[ReportManager] Browser Action [NavigateToURL] successfully performed. With the following test data [https://duckduckgo.com]. @10-11-2021 01:50:25.0378 AM
[ReportManager] Browser Action [CloseCurrentWindow] successfully performed. @10-11-2021 01:50:25.0761 AM
[ReportManager] Successfully created attachment [Browser Action Test Data - CloseCurrentWindow - Actual Value] @10-11-2021 01:50:25.0762 A
[ReportManager] File Action [GetAbsolutePath] successfully performed. With the following test data [Relative Folder Path: "target/downloadedFiles/"]. @10-11-2021 01:50:25.0764 AM
[ReportManager] Attempting to run locally on: [Mac-64], [Safari], Headless Execution. @10-11-2021 01:50:25.0764 AM
[ReportManager] Successfully Opened Safari. @10-11-2021 01:50:26.0540 AM
[ReportManager] Initial window size: (800, 600) @10-11-2021 01:50:26.0560 AM
[ReportManager] Window size after SWD Maximize: (1176, 811) @10-11-2021 01:50:26.0570 AM
[ReportManager] Browser Action [MaximizeWindow] successfully performed. With the following test data [New screen size is now: (1176, 811)]. @10-11-2021 01:50:26.0571 AM
[ReportManager] Target URL: [https://duckduckgo.com] @10-11-2021 01:50:26.0571 AM
[ReportManager] Initial URL: [] @10-11-2021 01:50:26.0610 AM
[ReportManager] Browser Action [NavigateToURL] successfully performed. With the following test data [https://duckduckgo.com]. @10-11-2021 01:50:27.0267 A

################################################################################################################################################
Starting Execution:	[18 out of 146] test cases in the current suite
Test Method:		[unitTests.tests_browserActions.refreshCurrentPage]
################################################################################################################################################
[ReportManager] Browser Action [RefreshCurrentPage] successfully performed. @10-11-2021 01:50:27.0527 AM
[ReportManager] Successfully created attachment [Browser Action Test Data - RefreshCurrentPage - Actual Value] @10-11-2021 01:50:27.0527 A
[ReportManager] Target URL: [https://duckduckgo.com] @10-11-2021 01:50:27.0530 AM
[ReportManager] Initial URL: [https://duckduckgo.com] @10-11-2021 01:50:27.0556 AM
[ReportManager] Browser Action [NavigateToURL] successfully performed. With the following test data [https://duckduckgo.com]. @10-11-2021 01:50:27.0880 AM
[ReportManager] Browser Action [CloseCurrentWindow] successfully performed. @10-11-2021 01:50:28.0226 AM
[ReportManager] Successfully created attachment [Browser Action Test Data - CloseCurrentWindow - Actual Value] @10-11-2021 01:50:28.0226 A
[ReportManager] File Action [GetAbsolutePath] successfully performed. With the following test data [Relative Folder Path: "target/downloadedFiles/"]. @10-11-2021 01:50:28.0229 AM
[ReportManager] Attempting to run locally on: [Mac-64], [Safari], Headless Execution. @10-11-2021 01:50:28.0229 AM
[ReportManager] Successfully Opened Safari. @10-11-2021 01:50:29.0064 AM
[ReportManager] Initial window size: (800, 600) @10-11-2021 01:50:29.0080 AM
[ReportManager] Window size after SWD Maximize: (1176, 811) @10-11-2021 01:50:29.0104 AM
[ReportManager] Browser Action [MaximizeWindow] successfully performed. With the following test data [New screen size is now: (1176, 811)]. @10-11-2021 01:50:29.0104 AM
[ReportManager] Target URL: [https://duckduckgo.com] @10-11-2021 01:50:29.0104 AM
[ReportManager] Initial URL: [] @10-11-2021 01:50:29.0186 AM
[ReportManager] Browser Action [NavigateToURL] successfully performed. With the following test data [https://duckduckgo.com]. @10-11-2021 01:50:29.0910 A

################################################################################################################################################
Starting Execution:	[19 out of 146] test cases in the current suite
Test Method:		[unitTests.tests_browserActions.setWindowSize]
################################################################################################################################################
[ReportManager] Initial window size: (1176, 811) @10-11-2021 01:50:29.0920 AM
[ReportManager] Window size after SWD: (1280, 720) @10-11-2021 01:50:29.0947 AM
[ReportManager] Browser Action [SetWindowSize] successfully performed. With the following test data [New screen size is now: (1280, 720)]. @10-11-2021 01:50:29.0947 A
[ReportManager] Target URL: [https://duckduckgo.com] @10-11-2021 01:50:29.0950 AM
[ReportManager] Initial URL: [https://duckduckgo.com] @10-11-2021 01:50:30.0000 AM
[ReportManager] Browser Action [NavigateToURL] successfully performed. With the following test data [https://duckduckgo.com]. @10-11-2021 01:50:30.0327 AM
[ReportManager] Browser Action [CloseCurrentWindow] successfully performed. @10-11-2021 01:50:30.0624 AM
[ReportManager] Successfully created attachment [Browser Action Test Data - CloseCurrentWindow - Actual Value] @10-11-2021 01:50:30.0625 A
[ReportManager] Successfully loaded the following test data file [src/test/resources/TestDataFiles/testSuite01/TestData.xlsx]. @10-11-2021 01:50:31.0460 AM
[ReportManager] Successfully created attachment [Test Data - Excel] @10-11-2021 01:50:31.0461 A

################################################################################################################################################
Starting Execution:	[20 out of 146] test cases in the current suite
Test Method:		[unitTests.tests_io_excelFileManager.getCellData_rowName_expectedToPass]
################################################################################################################################################
[ReportManager] testRowData. @10-11-2021 01:50:31.0473 A

################################################################################################################################################
Starting Execution:	[21 out of 146] test cases in the current suite
Test Method:		[unitTests.tests_validations_assertions.assertComparativeRelation_greaterThanOrEquals_false_equals_expectedToFail]
################################################################################################################################################
[ReportManager] Assertion [ValidateComparativeRelation] FAILED. Expected [1] and Actual [1]. Comparison Type [GREATER_THAN_OR_EQUALS]. Validation Type [NEGATIVE]. @10-11-2021 01:50:31.0479 A

################################################################################################################################################
Starting Execution:	[22 out of 146] test cases in the current suite
Test Method:		[unitTests.tests_validations_assertions.assertComparativeRelation_greaterThanOrEquals_false_equals_expectedToPass]
################################################################################################################################################
[ReportManager] Assertion [ValidateComparativeRelation] PASSED. Expected [2] and Actual [1]. Comparison Type [GREATER_THAN_OR_EQUALS]. Validation Type [NEGATIVE]. @10-11-2021 01:50:31.0484 A

################################################################################################################################################
Starting Execution:	[23 out of 146] test cases in the current suite
Test Method:		[unitTests.tests_validations_assertions.assertComparativeRelation_greaterThanOrEquals_false_greaterThan_expectedToFail]
################################################################################################################################################
[ReportManager] Assertion [ValidateComparativeRelation] FAILED. Expected [1] and Actual [2]. Comparison Type [GREATER_THAN_OR_EQUALS]. Validation Type [NEGATIVE]. @10-11-2021 01:50:31.0488 A

################################################################################################################################################
Starting Execution:	[24 out of 146] test cases in the current suite
Test Method:		[unitTests.tests_validations_assertions.assertComparativeRelation_greaterThanOrEquals_false_greaterThan_expectedToPass]
################################################################################################################################################
[ReportManager] Assertion [ValidateComparativeRelation] PASSED. Expected [2] and Actual [1]. Comparison Type [GREATER_THAN_OR_EQUALS]. Validation Type [NEGATIVE]. @10-11-2021 01:50:31.0492 A

################################################################################################################################################
Starting Execution:	[25 out of 146] test cases in the current suite
Test Method:		[unitTests.tests_validations_assertions.assertComparativeRelation_greaterThanOrEquals_true_equals_expectedToFail]
################################################################################################################################################
[ReportManager] Assertion [ValidateComparativeRelation] FAILED. Expected [1] and Actual [0]. Comparison Type [GREATER_THAN_OR_EQUALS]. Validation Type [POSITIVE]. @10-11-2021 01:50:31.0496 A

################################################################################################################################################
Starting Execution:	[26 out of 146] test cases in the current suite
Test Method:		[unitTests.tests_validations_assertions.assertComparativeRelation_greaterThanOrEquals_true_equals_expectedToPass]
################################################################################################################################################
[ReportManager] Assertion [ValidateComparativeRelation] PASSED. Expected [1] and Actual [1]. Comparison Type [GREATER_THAN_OR_EQUALS]. Validation Type [POSITIVE]. @10-11-2021 01:50:31.0500 A

################################################################################################################################################
Starting Execution:	[27 out of 146] test cases in the current suite
Test Method:		[unitTests.tests_validations_assertions.assertComparativeRelation_greaterThanOrEquals_true_greaterThan_expectedToFail]
################################################################################################################################################
[ReportManager] Assertion [ValidateComparativeRelation] FAILED. Expected [2] and Actual [1]. Comparison Type [GREATER_THAN_OR_EQUALS]. Validation Type [POSITIVE]. @10-11-2021 01:50:31.0504 A

################################################################################################################################################
Starting Execution:	[28 out of 146] test cases in the current suite
Test Method:		[unitTests.tests_validations_assertions.assertComparativeRelation_greaterThanOrEquals_true_greaterThan_expectedToPass]
################################################################################################################################################
[ReportManager] Assertion [ValidateComparativeRelation] PASSED. Expected [1] and Actual [2]. Comparison Type [GREATER_THAN_OR_EQUALS]. Validation Type [POSITIVE]. @10-11-2021 01:50:31.0507 A
[ReportManager] File Action [GetAbsolutePath] successfully performed. With the following test data [Relative Folder Path: "target/downloadedFiles/"]. @10-11-2021 01:50:31.0510 AM
[ReportManager] Attempting to run locally on: [Mac-64], [Safari], Headless Execution. @10-11-2021 01:50:31.0511 AM
[ReportManager] Successfully Opened Safari. @10-11-2021 01:50:32.0310 AM
[ReportManager] Initial window size: (800, 600) @10-11-2021 01:50:32.0330 AM
[ReportManager] Window size after SWD Maximize: (1176, 811) @10-11-2021 01:50:32.0345 AM
[ReportManager] Browser Action [MaximizeWindow] successfully performed. With the following test data [New screen size is now: (1176, 811)]. @10-11-2021 01:50:32.0345 AM
[ReportManager] Target URL: [https://www.google.com/ncr], and after redirection: [www.google.com] @10-11-2021 01:50:32.0345 AM
[ReportManager] Initial URL: [] @10-11-2021 01:50:32.0387 AM
[ReportManager] Browser Action [NavigateToURL] successfully performed. With the following test data [https://www.google.com/ncr]. @10-11-2021 01:50:33.0850 A

################################################################################################################################################
Starting Execution:	[29 out of 146] test cases in the current suite
Test Method:		[unitTests.tests_validations_assertions.assertElementAttribute_false_caseInsensitiveComparison_expectedToFail]
################################################################################################################################################
[ReportManager] Element Action [Type] successfully performed. With the following test data [AUTOMATION]. @10-11-2021 01:50:34.0218 AM
[ReportManager] Element Action [GetText] successfully performed. With the following test data [AUTOMATION]. @10-11-2021 01:50:34.0260 AM
[ReportManager] Loaded Shared OpenCV @10-11-2021 01:50:35.0301 AM
[ReportManager] Assertion [ValidateElementAttribute] FAILED. Expected [Value Should not be 'AutomaTion' for the 'text' attribute, element locator 'By.name: q'] and Actual [AUTOMATION]. Comparison Type [CASE_INSENSITIVE]. Validation Type [NEGATIVE]. @10-11-2021 01:50:35.0619 AM
[ReportManager] Successfully created attachment [Screenshot - 1636509034317_assertElementAttribute_false_caseInsensitiveComparison_expectedToFail_ValidateElementAttribute_failed] @10-11-2021 01:50:35.0624 A
[ReportManager] Browser Action [CloseCurrentWindow] successfully performed. @10-11-2021 01:50:36.0020 AM
[ReportManager] Successfully created attachment [Browser Action Test Data - CloseCurrentWindow - Actual Value] @10-11-2021 01:50:36.0021 A
[ReportManager] File Action [GetAbsolutePath] successfully performed. With the following test data [Relative Folder Path: "target/downloadedFiles/"]. @10-11-2021 01:50:36.0024 AM
[ReportManager] Attempting to run locally on: [Mac-64], [Safari], Headless Execution. @10-11-2021 01:50:36.0024 AM
[ReportManager] Successfully Opened Safari. @10-11-2021 01:50:36.0827 AM
[ReportManager] Initial window size: (800, 600) @10-11-2021 01:50:36.0856 AM
[ReportManager] Window size after SWD Maximize: (1176, 811) @10-11-2021 01:50:36.0870 AM
[ReportManager] Browser Action [MaximizeWindow] successfully performed. With the following test data [New screen size is now: (1176, 811)]. @10-11-2021 01:50:36.0870 AM
[ReportManager] Target URL: [https://www.google.com/ncr], and after redirection: [www.google.com] @10-11-2021 01:50:36.0870 AM
[ReportManager] Initial URL: [] @10-11-2021 01:50:36.0913 AM
[ReportManager] Browser Action [NavigateToURL] successfully performed. With the following test data [https://www.google.com/ncr]. @10-11-2021 01:50:38.0499 A

################################################################################################################################################
Starting Execution:	[30 out of 146] test cases in the current suite
Test Method:		[unitTests.tests_validations_assertions.assertElementAttribute_false_caseInsensitiveComparison_expectedToPass]
################################################################################################################################################
[ReportManager] Element Action [Type] successfully performed. With the following test data [AUTOMATION]. @10-11-2021 01:50:38.0856 AM
[ReportManager] Element Action [GetText] successfully performed. With the following test data [AUTOMATION]. @10-11-2021 01:50:38.0908 AM
[ReportManager] Loaded Shared OpenCV @10-11-2021 01:50:38.0957 AM
[ReportManager] Assertion [ValidateElementAttribute] PASSED. Expected [Value Should not be 'AutomaTion123' for the 'text' attribute, element locator 'By.name: q'] and Actual [AUTOMATION]. Comparison Type [CASE_INSENSITIVE]. Validation Type [NEGATIVE]. @10-11-2021 01:50:39.0075 AM
[ReportManager] Successfully created attachment [Screenshot - 1636509038957_assertElementAttribute_false_caseInsensitiveComparison_expectedToPass_ValidateElementAttribute_passed] @10-11-2021 01:50:39.0077 A
[ReportManager] Browser Action [CloseCurrentWindow] successfully performed. @10-11-2021 01:50:39.0382 AM
[ReportManager] Successfully created attachment [Browser Action Test Data - CloseCurrentWindow - Actual Value] @10-11-2021 01:50:39.0383 A
[ReportManager] File Action [GetAbsolutePath] successfully performed. With the following test data [Relative Folder Path: "target/downloadedFiles/"]. @10-11-2021 01:50:39.0386 AM
[ReportManager] Attempting to run locally on: [Mac-64], [Safari], Headless Execution. @10-11-2021 01:50:39.0386 AM
[ReportManager] Successfully Opened Safari. @10-11-2021 01:50:40.0162 AM
[ReportManager] Initial window size: (800, 600) @10-11-2021 01:50:40.0167 AM
[ReportManager] Window size after SWD Maximize: (1176, 811) @10-11-2021 01:50:40.0182 AM
[ReportManager] Browser Action [MaximizeWindow] successfully performed. With the following test data [New screen size is now: (1176, 811)]. @10-11-2021 01:50:40.0182 AM
[ReportManager] Target URL: [https://www.google.com/ncr], and after redirection: [www.google.com] @10-11-2021 01:50:40.0182 AM
[ReportManager] Initial URL: [] @10-11-2021 01:50:40.0223 AM
[ReportManager] Browser Action [NavigateToURL] successfully performed. With the following test data [https://www.google.com/ncr]. @10-11-2021 01:50:41.0665 A

################################################################################################################################################
Starting Execution:	[31 out of 146] test cases in the current suite
Test Method:		[unitTests.tests_validations_assertions.assertElementAttribute_false_containsComparison_expectedToFail]
################################################################################################################################################
[ReportManager] Element Action [Type] successfully performed. With the following test data [Automation123]. @10-11-2021 01:50:42.0014 AM
[ReportManager] Element Action [GetText] successfully performed. With the following test data [Automation123]. @10-11-2021 01:50:42.0079 AM
[ReportManager] Loaded Shared OpenCV @10-11-2021 01:50:42.0127 AM
[ReportManager] Assertion [ValidateElementAttribute] FAILED. Expected [Value Should not be 'Automation' for the 'text' attribute, element locator 'By.name: q'] and Actual [Automation123]. Comparison Type [CONTAINS]. Validation Type [NEGATIVE]. @10-11-2021 01:50:42.0233 AM
[ReportManager] Successfully created attachment [Screenshot - 1636509042127_assertElementAttribute_false_containsComparison_expectedToFail_ValidateElementAttribute_failed] @10-11-2021 01:50:42.0234 A
[ReportManager] Browser Action [CloseCurrentWindow] successfully performed. @10-11-2021 01:50:42.0281 AM
[ReportManager] Successfully created attachment [Browser Action Test Data - CloseCurrentWindow - Actual Value] @10-11-2021 01:50:42.0289 A
[ReportManager] File Action [GetAbsolutePath] successfully performed. With the following test data [Relative Folder Path: "target/downloadedFiles/"]. @10-11-2021 01:50:42.0295 AM
[ReportManager] Attempting to run locally on: [Mac-64], [Safari], Headless Execution. @10-11-2021 01:50:42.0296 AM
[ReportManager] Successfully Opened Safari. @10-11-2021 01:50:43.0106 AM
[ReportManager] Initial window size: (800, 600) @10-11-2021 01:50:43.0112 AM
[ReportManager] Window size after SWD Maximize: (1176, 811) @10-11-2021 01:50:43.0130 AM
[ReportManager] Browser Action [MaximizeWindow] successfully performed. With the following test data [New screen size is now: (1176, 811)]. @10-11-2021 01:50:43.0131 AM
[ReportManager] Target URL: [https://www.google.com/ncr], and after redirection: [www.google.com] @10-11-2021 01:50:43.0131 AM
[ReportManager] Initial URL: [] @10-11-2021 01:50:43.0197 AM
[ReportManager] Browser Action [NavigateToURL] successfully performed. With the following test data [https://www.google.com/ncr]. @10-11-2021 01:50:44.0661 A

################################################################################################################################################
Starting Execution:	[32 out of 146] test cases in the current suite
Test Method:		[unitTests.tests_validations_assertions.assertElementAttribute_false_containsComparison_expectedToPass]
################################################################################################################################################
[ReportManager] Element Action [Type] successfully performed. With the following test data [Automation123]. @10-11-2021 01:50:45.0016 AM
[ReportManager] Element Action [GetText] successfully performed. With the following test data [Automation123]. @10-11-2021 01:50:45.0063 AM
[ReportManager] Loaded Shared OpenCV @10-11-2021 01:50:45.0108 AM
[ReportManager] Assertion [ValidateElementAttribute] PASSED. Expected [Value Should not be 'Automation1234' for the 'text' attribute, element locator 'By.name: q'] and Actual [Automation123]. Comparison Type [CONTAINS]. Validation Type [NEGATIVE]. @10-11-2021 01:50:45.0208 AM
[ReportManager] Successfully created attachment [Screenshot - 1636509045108_assertElementAttribute_false_containsComparison_expectedToPass_ValidateElementAttribute_passed] @10-11-2021 01:50:45.0210 A
[ReportManager] Browser Action [CloseCurrentWindow] successfully performed. @10-11-2021 01:50:45.0520 AM
[ReportManager] Successfully created attachment [Browser Action Test Data - CloseCurrentWindow - Actual Value] @10-11-2021 01:50:45.0521 A
[ReportManager] File Action [GetAbsolutePath] successfully performed. With the following test data [Relative Folder Path: "target/downloadedFiles/"]. @10-11-2021 01:50:45.0525 AM
[ReportManager] Attempting to run locally on: [Mac-64], [Safari], Headless Execution. @10-11-2021 01:50:45.0525 AM
[ReportManager] Successfully Opened Safari. @10-11-2021 01:50:46.0318 AM
[ReportManager] Initial window size: (800, 600) @10-11-2021 01:50:46.0349 AM
[ReportManager] Window size after SWD Maximize: (1176, 811) @10-11-2021 01:50:46.0386 AM
[ReportManager] Browser Action [MaximizeWindow] successfully performed. With the following test data [New screen size is now: (1176, 811)]. @10-11-2021 01:50:46.0386 AM
[ReportManager] Target URL: [https://www.google.com/ncr], and after redirection: [www.google.com] @10-11-2021 01:50:46.0386 AM
[ReportManager] Initial URL: [] @10-11-2021 01:50:46.0427 AM
[ReportManager] Browser Action [NavigateToURL] successfully performed. With the following test data [https://www.google.com/ncr]. @10-11-2021 01:50:48.0027 A

################################################################################################################################################
Starting Execution:	[33 out of 146] test cases in the current suite
Test Method:		[unitTests.tests_validations_assertions.assertElementAttribute_false_literalComparison_expectedToFail]
################################################################################################################################################
[ReportManager] Element Action [Type] successfully performed. With the following test data [Automation!@#$%^&*()_+{}[]\';/.,]. @10-11-2021 01:50:48.0929 AM
[ReportManager] Element Action [GetText] successfully performed. With the following test data [Automation!@#$%^&*()_+{}[]\';/.,]. @10-11-2021 01:50:48.0976 AM
[ReportManager] Loaded Shared OpenCV @10-11-2021 01:50:49.0024 AM
[ReportManager] Assertion [ValidateElementAttribute] PASSED. Expected [Value Should not be 'Automation!@#$%^&*()_+{}[]\\';/.,' for the 'text' attribute, element locator 'By.name: q'] and Actual [Automation!@#$%^&*()_+{}[]\';/.,]. Comparison Type [EQUALS]. Validation Type [NEGATIVE]. @10-11-2021 01:50:49.0177 AM
[ReportManager] Successfully created attachment [Screenshot - 1636509049024_assertElementAttribute_false_literalComparison_expectedToFail_ValidateElementAttribute_passed] @10-11-2021 01:50:49.0178 A
[ReportManager] Browser Action [CloseCurrentWindow] successfully performed. @10-11-2021 01:50:49.0589 AM
[ReportManager] Successfully created attachment [Browser Action Test Data - CloseCurrentWindow - Actual Value] @10-11-2021 01:50:49.0590 A
[ReportManager] File Action [GetAbsolutePath] successfully performed. With the following test data [Relative Folder Path: "target/downloadedFiles/"]. @10-11-2021 01:50:49.0595 AM
[ReportManager] Attempting to run locally on: [Mac-64], [Safari], Headless Execution. @10-11-2021 01:50:49.0596 AM
[ReportManager] Successfully Opened Safari. @10-11-2021 01:50:50.0421 AM
[ReportManager] Initial window size: (800, 600) @10-11-2021 01:50:50.0448 AM
[ReportManager] Window size after SWD Maximize: (1176, 811) @10-11-2021 01:50:50.0479 AM
[ReportManager] Browser Action [MaximizeWindow] successfully performed. With the following test data [New screen size is now: (1176, 811)]. @10-11-2021 01:50:50.0480 AM
[ReportManager] Target URL: [https://www.google.com/ncr], and after redirection: [www.google.com] @10-11-2021 01:50:50.0480 AM
[ReportManager] Initial URL: [] @10-11-2021 01:50:50.0578 AM
[ReportManager] Browser Action [NavigateToURL] successfully performed. With the following test data [https://www.google.com/ncr]. @10-11-2021 01:50:52.0187 A

################################################################################################################################################
Starting Execution:	[34 out of 146] test cases in the current suite
Test Method:		[unitTests.tests_validations_assertions.assertElementAttribute_false_literalComparison_expectedToPass]
################################################################################################################################################
[ReportManager] Element Action [Type] successfully performed. With the following test data [Automation!@#$%^&*()_+{}[]\';/.,]. @10-11-2021 01:50:52.0919 AM
[ReportManager] Element Action [GetText] successfully performed. With the following test data [Automation!@#$%^&*()_+{}[]\';/.,]. @10-11-2021 01:50:52.0997 AM
[ReportManager] Loaded Shared OpenCV @10-11-2021 01:50:53.0046 AM
[ReportManager] Assertion [ValidateElementAttribute] PASSED. Expected [Value Should not be 'Automation' for the 'text' attribute, element locator 'By.name: q'] and Actual [Automation!@#$%^&*()_+{}[]\';/.,]. Comparison Type [EQUALS]. Validation Type [NEGATIVE]. @10-11-2021 01:50:53.0147 AM
[ReportManager] Successfully created attachment [Screenshot - 1636509053046_assertElementAttribute_false_literalComparison_expectedToPass_ValidateElementAttribute_passed] @10-11-2021 01:50:53.0148 A
[ReportManager] Browser Action [CloseCurrentWindow] successfully performed. @10-11-2021 01:50:53.0440 AM
[ReportManager] Successfully created attachment [Browser Action Test Data - CloseCurrentWindow - Actual Value] @10-11-2021 01:50:53.0441 A
[ReportManager] File Action [GetAbsolutePath] successfully performed. With the following test data [Relative Folder Path: "target/downloadedFiles/"]. @10-11-2021 01:50:53.0445 AM
[ReportManager] Attempting to run locally on: [Mac-64], [Safari], Headless Execution. @10-11-2021 01:50:53.0445 AM
[ReportManager] Successfully Opened Safari. @10-11-2021 01:50:54.0241 AM
[ReportManager] Initial window size: (800, 600) @10-11-2021 01:50:54.0265 AM
[ReportManager] Window size after SWD Maximize: (1176, 811) @10-11-2021 01:50:54.0280 AM
[ReportManager] Browser Action [MaximizeWindow] successfully performed. With the following test data [New screen size is now: (1176, 811)]. @10-11-2021 01:50:54.0280 AM
[ReportManager] Target URL: [https://www.google.com/ncr], and after redirection: [www.google.com] @10-11-2021 01:50:54.0280 AM
[ReportManager] Initial URL: [] @10-11-2021 01:50:54.0328 AM
[ReportManager] Browser Action [NavigateToURL] successfully performed. With the following test data [https://www.google.com/ncr]. @10-11-2021 01:50:55.0561 A

################################################################################################################################################
Starting Execution:	[35 out of 146] test cases in the current suite
Test Method:		[unitTests.tests_validations_assertions.assertElementAttribute_false_regexComparison_expectedToFail]
################################################################################################################################################
[ReportManager] Element Action [Type] successfully performed. With the following test data [Automation123]. @10-11-2021 01:50:55.0960 AM
[ReportManager] Element Action [GetText] successfully performed. With the following test data [Automation123]. @10-11-2021 01:50:56.0003 AM
[ReportManager] Loaded Shared OpenCV @10-11-2021 01:50:56.0050 AM
[ReportManager] Assertion [ValidateElementAttribute] FAILED. Expected [Value Should not be 'Automation.*' for the 'text' attribute, element locator 'By.name: q'] and Actual [Automation123]. Comparison Type [MATCHES]. Validation Type [NEGATIVE]. @10-11-2021 01:50:56.0149 AM
[ReportManager] Successfully created attachment [Screenshot - 1636509056050_assertElementAttribute_false_regexComparison_expectedToFail_ValidateElementAttribute_failed] @10-11-2021 01:50:56.0150 A
[ReportManager] Browser Action [CloseCurrentWindow] successfully performed. @10-11-2021 01:50:56.0630 AM
[ReportManager] Successfully created attachment [Browser Action Test Data - CloseCurrentWindow - Actual Value] @10-11-2021 01:50:56.0631 A
[ReportManager] File Action [GetAbsolutePath] successfully performed. With the following test data [Relative Folder Path: "target/downloadedFiles/"]. @10-11-2021 01:50:56.0636 AM
[ReportManager] Attempting to run locally on: [Mac-64], [Safari], Headless Execution. @10-11-2021 01:50:56.0636 AM
[ReportManager] Successfully Opened Safari. @10-11-2021 01:50:57.0468 AM
[ReportManager] Initial window size: (800, 600) @10-11-2021 01:50:57.0479 AM
[ReportManager] Window size after SWD Maximize: (1176, 811) @10-11-2021 01:50:57.0499 AM
[ReportManager] Browser Action [MaximizeWindow] successfully performed. With the following test data [New screen size is now: (1176, 811)]. @10-11-2021 01:50:57.0499 AM
[ReportManager] Target URL: [https://www.google.com/ncr], and after redirection: [www.google.com] @10-11-2021 01:50:57.0500 AM
[ReportManager] Initial URL: [] @10-11-2021 01:50:57.0562 AM
[ReportManager] Browser Action [NavigateToURL] successfully performed. With the following test data [https://www.google.com/ncr]. @10-11-2021 01:50:59.0237 A

################################################################################################################################################
Starting Execution:	[36 out of 146] test cases in the current suite
Test Method:		[unitTests.tests_validations_assertions.assertElementAttribute_false_regexComparison_expectedToPass]
################################################################################################################################################
[ReportManager] Element Action [Type] successfully performed. With the following test data [Automation123]. @10-11-2021 01:50:59.0613 AM
[ReportManager] Element Action [GetText] successfully performed. With the following test data [Automation123]. @10-11-2021 01:50:59.0695 AM
[ReportManager] Loaded Shared OpenCV @10-11-2021 01:50:59.0746 AM
[ReportManager] Assertion [ValidateElementAttribute] PASSED. Expected [Value Should not be 'Automation' for the 'text' attribute, element locator 'By.name: q'] and Actual [Automation123]. Comparison Type [MATCHES]. Validation Type [NEGATIVE]. @10-11-2021 01:50:59.0846 AM
[ReportManager] Successfully created attachment [Screenshot - 1636509059746_assertElementAttribute_false_regexComparison_expectedToPass_ValidateElementAttribute_passed] @10-11-2021 01:50:59.0847 A
[ReportManager] Browser Action [CloseCurrentWindow] successfully performed. @10-11-2021 01:51:00.0298 AM
[ReportManager] Successfully created attachment [Browser Action Test Data - CloseCurrentWindow - Actual Value] @10-11-2021 01:51:00.0299 A
[ReportManager] File Action [GetAbsolutePath] successfully performed. With the following test data [Relative Folder Path: "target/downloadedFiles/"]. @10-11-2021 01:51:00.0302 AM
[ReportManager] Attempting to run locally on: [Mac-64], [Safari], Headless Execution. @10-11-2021 01:51:00.0302 AM
[ReportManager] Successfully Opened Safari. @10-11-2021 01:51:01.0129 AM
[ReportManager] Initial window size: (800, 600) @10-11-2021 01:51:01.0151 AM
[ReportManager] Window size after SWD Maximize: (1176, 811) @10-11-2021 01:51:01.0181 AM
[ReportManager] Browser Action [MaximizeWindow] successfully performed. With the following test data [New screen size is now: (1176, 811)]. @10-11-2021 01:51:01.0181 AM
[ReportManager] Target URL: [https://www.google.com/ncr], and after redirection: [www.google.com] @10-11-2021 01:51:01.0181 AM
[ReportManager] Initial URL: [] @10-11-2021 01:51:01.0236 AM
[ReportManager] Browser Action [NavigateToURL] successfully performed. With the following test data [https://www.google.com/ncr]. @10-11-2021 01:51:02.0962 A

################################################################################################################################################
Starting Execution:	[37 out of 146] test cases in the current suite
Test Method:		[unitTests.tests_validations_assertions.assertElementAttribute_true_caseInsensitiveComparison_expectedToFail]
################################################################################################################################################
[ReportManager] Element Action [Type] successfully performed. With the following test data [AUTOMATION]. @10-11-2021 01:51:03.0308 AM
[ReportManager] Element Action [GetText] successfully performed. With the following test data [AUTOMATION]. @10-11-2021 01:51:03.0352 AM
[ReportManager] Loaded Shared OpenCV @10-11-2021 01:51:03.0402 AM
[ReportManager] Assertion [ValidateElementAttribute] FAILED. Expected [Value Should be 'AutomaTion123' for the 'text' attribute, element locator 'By.name: q'] and Actual [AUTOMATION]. Comparison Type [CASE_INSENSITIVE]. Validation Type [POSITIVE]. @10-11-2021 01:51:03.0505 AM
[ReportManager] Successfully created attachment [Screenshot - 1636509063402_assertElementAttribute_true_caseInsensitiveComparison_expectedToFail_ValidateElementAttribute_failed] @10-11-2021 01:51:03.0506 A
[ReportManager] Browser Action [CloseCurrentWindow] successfully performed. @10-11-2021 01:51:03.0942 AM
[ReportManager] Successfully created attachment [Browser Action Test Data - CloseCurrentWindow - Actual Value] @10-11-2021 01:51:03.0943 A
[ReportManager] File Action [GetAbsolutePath] successfully performed. With the following test data [Relative Folder Path: "target/downloadedFiles/"]. @10-11-2021 01:51:03.0946 AM
[ReportManager] Attempting to run locally on: [Mac-64], [Safari], Headless Execution. @10-11-2021 01:51:03.0946 AM
[ReportManager] Successfully Opened Safari. @10-11-2021 01:51:04.0767 AM
[ReportManager] Initial window size: (800, 600) @10-11-2021 01:51:04.0778 AM
[ReportManager] Window size after SWD Maximize: (1176, 811) @10-11-2021 01:51:04.0797 AM
[ReportManager] Browser Action [MaximizeWindow] successfully performed. With the following test data [New screen size is now: (1176, 811)]. @10-11-2021 01:51:04.0797 AM
[ReportManager] Target URL: [https://www.google.com/ncr], and after redirection: [www.google.com] @10-11-2021 01:51:04.0797 AM
[ReportManager] Initial URL: [] @10-11-2021 01:51:04.0869 AM
[ReportManager] Browser Action [NavigateToURL] successfully performed. With the following test data [https://www.google.com/ncr]. @10-11-2021 01:51:06.0463 A

################################################################################################################################################
Starting Execution:	[38 out of 146] test cases in the current suite
Test Method:		[unitTests.tests_validations_assertions.assertElementAttribute_true_caseInsensitiveComparison_expectedToPass]
################################################################################################################################################
[ReportManager] Element Action [Type] successfully performed. With the following test data [AUTOMATION]. @10-11-2021 01:51:06.0830 AM
[ReportManager] Element Action [GetText] successfully performed. With the following test data [AUTOMATION]. @10-11-2021 01:51:06.0884 AM
[ReportManager] Loaded Shared OpenCV @10-11-2021 01:51:06.0934 AM
[ReportManager] Assertion [ValidateElementAttribute] PASSED. Expected [Value Should be 'AutomaTion' for the 'text' attribute, element locator 'By.name: q'] and Actual [AUTOMATION]. Comparison Type [CASE_INSENSITIVE]. Validation Type [POSITIVE]. @10-11-2021 01:51:07.0033 AM
[ReportManager] Successfully created attachment [Screenshot - 1636509066934_assertElementAttribute_true_caseInsensitiveComparison_expectedToPass_ValidateElementAttribute_passed] @10-11-2021 01:51:07.0035 A
[ReportManager] Browser Action [CloseCurrentWindow] successfully performed. @10-11-2021 01:51:07.0464 AM
[ReportManager] Successfully created attachment [Browser Action Test Data - CloseCurrentWindow - Actual Value] @10-11-2021 01:51:07.0465 A
[ReportManager] File Action [GetAbsolutePath] successfully performed. With the following test data [Relative Folder Path: "target/downloadedFiles/"]. @10-11-2021 01:51:07.0468 AM
[ReportManager] Attempting to run locally on: [Mac-64], [Safari], Headless Execution. @10-11-2021 01:51:07.0468 AM
[ReportManager] Successfully Opened Safari. @10-11-2021 01:51:08.0287 AM
[ReportManager] Initial window size: (800, 600) @10-11-2021 01:51:08.0297 AM
[ReportManager] Window size after SWD Maximize: (1176, 811) @10-11-2021 01:51:08.0319 AM
[ReportManager] Browser Action [MaximizeWindow] successfully performed. With the following test data [New screen size is now: (1176, 811)]. @10-11-2021 01:51:08.0319 AM
[ReportManager] Target URL: [https://www.google.com/ncr], and after redirection: [www.google.com] @10-11-2021 01:51:08.0319 AM
[ReportManager] Initial URL: [] @10-11-2021 01:51:08.0377 AM
[ReportManager] Browser Action [NavigateToURL] successfully performed. With the following test data [https://www.google.com/ncr]. @10-11-2021 01:51:09.0972 A

################################################################################################################################################
Starting Execution:	[39 out of 146] test cases in the current suite
Test Method:		[unitTests.tests_validations_assertions.assertElementAttribute_true_containsComparison_expectedToFail]
################################################################################################################################################
[ReportManager] Element Action [Type] successfully performed. With the following test data [Automation123]. @10-11-2021 01:51:10.0325 AM
[ReportManager] Element Action [GetText] successfully performed. With the following test data [Automation123]. @10-11-2021 01:51:10.0370 AM
[ReportManager] Loaded Shared OpenCV @10-11-2021 01:51:10.0418 AM
[ReportManager] Assertion [ValidateElementAttribute] FAILED. Expected [Value Should be 'Automation1234' for the 'text' attribute, element locator 'By.name: q'] and Actual [Automation123]. Comparison Type [CONTAINS]. Validation Type [POSITIVE]. @10-11-2021 01:51:10.0514 AM
[ReportManager] Successfully created attachment [Screenshot - 1636509070418_assertElementAttribute_true_containsComparison_expectedToFail_ValidateElementAttribute_failed] @10-11-2021 01:51:10.0515 A
[ReportManager] Browser Action [CloseCurrentWindow] successfully performed. @10-11-2021 01:51:10.0851 AM
[ReportManager] Successfully created attachment [Browser Action Test Data - CloseCurrentWindow - Actual Value] @10-11-2021 01:51:10.0852 A
[ReportManager] File Action [GetAbsolutePath] successfully performed. With the following test data [Relative Folder Path: "target/downloadedFiles/"]. @10-11-2021 01:51:10.0855 AM
[ReportManager] Attempting to run locally on: [Mac-64], [Safari], Headless Execution. @10-11-2021 01:51:10.0855 AM
[ReportManager] Successfully Opened Safari. @10-11-2021 01:51:11.0663 AM
[ReportManager] Initial window size: (800, 600) @10-11-2021 01:51:11.0690 AM
[ReportManager] Window size after SWD Maximize: (1176, 811) @10-11-2021 01:51:11.0717 AM
[ReportManager] Browser Action [MaximizeWindow] successfully performed. With the following test data [New screen size is now: (1176, 811)]. @10-11-2021 01:51:11.0717 AM
[ReportManager] Target URL: [https://www.google.com/ncr], and after redirection: [www.google.com] @10-11-2021 01:51:11.0717 AM
[ReportManager] Initial URL: [] @10-11-2021 01:51:11.0787 AM
[ReportManager] Browser Action [NavigateToURL] successfully performed. With the following test data [https://www.google.com/ncr]. @10-11-2021 01:51:13.0463 A

################################################################################################################################################
Starting Execution:	[40 out of 146] test cases in the current suite
Test Method:		[unitTests.tests_validations_assertions.assertElementAttribute_true_containsComparison_expectedToPass]
################################################################################################################################################
[ReportManager] Element Action [Type] successfully performed. With the following test data [Automation123]. @10-11-2021 01:51:13.0854 AM
[ReportManager] Element Action [GetText] successfully performed. With the following test data [Automation123]. @10-11-2021 01:51:13.0904 AM
[ReportManager] Loaded Shared OpenCV @10-11-2021 01:51:13.0956 AM
[ReportManager] Assertion [ValidateElementAttribute] PASSED. Expected [Value Should be 'Automation' for the 'text' attribute, element locator 'By.name: q'] and Actual [Automation123]. Comparison Type [CONTAINS]. Validation Type [POSITIVE]. @10-11-2021 01:51:14.0058 AM
[ReportManager] Successfully created attachment [Screenshot - 1636509073956_assertElementAttribute_true_containsComparison_expectedToPass_ValidateElementAttribute_passed] @10-11-2021 01:51:14.0059 A
[ReportManager] Browser Action [CloseCurrentWindow] successfully performed. @10-11-2021 01:51:14.0196 AM
[ReportManager] Successfully created attachment [Browser Action Test Data - CloseCurrentWindow - Actual Value] @10-11-2021 01:51:14.0197 A
[ReportManager] File Action [GetAbsolutePath] successfully performed. With the following test data [Relative Folder Path: "target/downloadedFiles/"]. @10-11-2021 01:51:14.0200 AM
[ReportManager] Attempting to run locally on: [Mac-64], [Safari], Headless Execution. @10-11-2021 01:51:14.0200 AM
[ReportManager] Successfully Opened Safari. @10-11-2021 01:51:15.0013 AM
[ReportManager] Initial window size: (800, 600) @10-11-2021 01:51:15.0026 AM
[ReportManager] Window size after SWD Maximize: (1176, 811) @10-11-2021 01:51:15.0048 AM
[ReportManager] Browser Action [MaximizeWindow] successfully performed. With the following test data [New screen size is now: (1176, 811)]. @10-11-2021 01:51:15.0049 AM
[ReportManager] Target URL: [https://www.google.com/ncr], and after redirection: [www.google.com] @10-11-2021 01:51:15.0049 AM
[ReportManager] Initial URL: [] @10-11-2021 01:51:15.0090 AM
[ReportManager] Browser Action [NavigateToURL] successfully performed. With the following test data [https://www.google.com/ncr]. @10-11-2021 01:51:16.0618 A

################################################################################################################################################
Starting Execution:	[41 out of 146] test cases in the current suite
Test Method:		[unitTests.tests_validations_assertions.assertElementAttribute_true_literalComparison_expectedToFail]
################################################################################################################################################
[ReportManager] Element Action [Type] successfully performed. With the following test data [Automation!@#$%^&*()_+{}[]\';/.,]. @10-11-2021 01:51:17.0698 AM
[ReportManager] Element Action [GetText] successfully performed. With the following test data [Automation!@#$%^&*()_+{}[]\';/.,]. @10-11-2021 01:51:17.0746 AM
[ReportManager] Loaded Shared OpenCV @10-11-2021 01:51:17.0795 AM
[ReportManager] Assertion [ValidateElementAttribute] FAILED. Expected [Value Should be 'Automation' for the 'text' attribute, element locator 'By.name: q'] and Actual [Automation!@#$%^&*()_+{}[]\';/.,]. Comparison Type [EQUALS]. Validation Type [POSITIVE]. @10-11-2021 01:51:17.0893 AM
[ReportManager] Successfully created attachment [Screenshot - 1636509077794_assertElementAttribute_true_literalComparison_expectedToFail_ValidateElementAttribute_failed] @10-11-2021 01:51:17.0895 A
[ReportManager] Browser Action [CloseCurrentWindow] successfully performed. @10-11-2021 01:51:18.0278 AM
[ReportManager] Successfully created attachment [Browser Action Test Data - CloseCurrentWindow - Actual Value] @10-11-2021 01:51:18.0279 A
[ReportManager] File Action [GetAbsolutePath] successfully performed. With the following test data [Relative Folder Path: "target/downloadedFiles/"]. @10-11-2021 01:51:18.0282 AM
[ReportManager] Attempting to run locally on: [Mac-64], [Safari], Headless Execution. @10-11-2021 01:51:18.0282 AM
[ReportManager] Successfully Opened Safari. @10-11-2021 01:51:19.0065 AM
[ReportManager] Initial window size: (800, 600) @10-11-2021 01:51:19.0076 AM
[ReportManager] Window size after SWD Maximize: (1176, 811) @10-11-2021 01:51:19.0097 AM
[ReportManager] Browser Action [MaximizeWindow] successfully performed. With the following test data [New screen size is now: (1176, 811)]. @10-11-2021 01:51:19.0098 AM
[ReportManager] Target URL: [https://www.google.com/ncr], and after redirection: [www.google.com] @10-11-2021 01:51:19.0098 AM
[ReportManager] Initial URL: [] @10-11-2021 01:51:19.0169 AM
[ReportManager] Browser Action [NavigateToURL] successfully performed. With the following test data [https://www.google.com/ncr]. @10-11-2021 01:51:20.0182 A

################################################################################################################################################
Starting Execution:	[42 out of 146] test cases in the current suite
Test Method:		[unitTests.tests_validations_assertions.assertElementAttribute_true_literalComparison_expectedToPass]
################################################################################################################################################
[ReportManager] Element Action [Type] successfully performed. With the following test data [Automation!@#$%^&*()_+{}[]\';/.,]. @10-11-2021 01:51:21.0077 AM
[ReportManager] Element Action [GetText] successfully performed. With the following test data [Automation!@#$%^&*()_+{}[]\';/.,]. @10-11-2021 01:51:21.0145 AM
[ReportManager] Loaded Shared OpenCV @10-11-2021 01:51:21.0200 AM
[ReportManager] Assertion [ValidateElementAttribute] PASSED. Expected [Value Should be 'Automation!@#$%^&*()_+{}[]\';/.,' for the 'text' attribute, element locator 'By.name: q'] and Actual [Automation!@#$%^&*()_+{}[]\';/.,]. Comparison Type [EQUALS]. Validation Type [POSITIVE]. @10-11-2021 01:51:21.0302 AM
[ReportManager] Successfully created attachment [Screenshot - 1636509081200_assertElementAttribute_true_literalComparison_expectedToPass_ValidateElementAttribute_passed] @10-11-2021 01:51:21.0303 A
[ReportManager] Browser Action [CloseCurrentWindow] successfully performed. @10-11-2021 01:51:21.0437 AM
[ReportManager] Successfully created attachment [Browser Action Test Data - CloseCurrentWindow - Actual Value] @10-11-2021 01:51:21.0438 A
[ReportManager] File Action [GetAbsolutePath] successfully performed. With the following test data [Relative Folder Path: "target/downloadedFiles/"]. @10-11-2021 01:51:21.0442 AM
[ReportManager] Attempting to run locally on: [Mac-64], [Safari], Headless Execution. @10-11-2021 01:51:21.0442 AM
[ReportManager] Successfully Opened Safari. @10-11-2021 01:51:22.0228 AM
[ReportManager] Initial window size: (800, 600) @10-11-2021 01:51:22.0254 AM
[ReportManager] Window size after SWD Maximize: (1176, 811) @10-11-2021 01:51:22.0276 AM
[ReportManager] Browser Action [MaximizeWindow] successfully performed. With the following test data [New screen size is now: (1176, 811)]. @10-11-2021 01:51:22.0277 AM
[ReportManager] Target URL: [https://www.google.com/ncr], and after redirection: [www.google.com] @10-11-2021 01:51:22.0277 AM
[ReportManager] Initial URL: [] @10-11-2021 01:51:22.0348 AM
[ReportManager] Browser Action [NavigateToURL] successfully performed. With the following test data [https://www.google.com/ncr]. @10-11-2021 01:51:23.0986 A

################################################################################################################################################
Starting Execution:	[43 out of 146] test cases in the current suite
Test Method:		[unitTests.tests_validations_assertions.assertElementAttribute_true_regexComparison_expectedToFail]
################################################################################################################################################
[ReportManager] Element Action [Type] successfully performed. With the following test data [Automation123]. @10-11-2021 01:51:24.0407 AM
[ReportManager] Element Action [GetText] successfully performed. With the following test data [Automation123]. @10-11-2021 01:51:24.0449 AM
[ReportManager] Loaded Shared OpenCV @10-11-2021 01:51:24.0501 AM
[ReportManager] Assertion [ValidateElementAttribute] FAILED. Expected [Value Should be 'Automation' for the 'text' attribute, element locator 'By.name: q'] and Actual [Automation123]. Comparison Type [MATCHES]. Validation Type [POSITIVE]. @10-11-2021 01:51:24.0598 AM
[ReportManager] Successfully created attachment [Screenshot - 1636509084500_assertElementAttribute_true_regexComparison_expectedToFail_ValidateElementAttribute_failed] @10-11-2021 01:51:24.0599 A
[ReportManager] Browser Action [CloseCurrentWindow] successfully performed. @10-11-2021 01:51:24.0999 AM
[ReportManager] Successfully created attachment [Browser Action Test Data - CloseCurrentWindow - Actual Value] @10-11-2021 01:51:25.0000 A
[ReportManager] File Action [GetAbsolutePath] successfully performed. With the following test data [Relative Folder Path: "target/downloadedFiles/"]. @10-11-2021 01:51:25.0003 AM
[ReportManager] Attempting to run locally on: [Mac-64], [Safari], Headless Execution. @10-11-2021 01:51:25.0004 AM
[ReportManager] Successfully Opened Safari. @10-11-2021 01:51:25.0822 AM
[ReportManager] Initial window size: (800, 600) @10-11-2021 01:51:25.0830 AM
[ReportManager] Window size after SWD Maximize: (1176, 811) @10-11-2021 01:51:25.0851 AM
[ReportManager] Browser Action [MaximizeWindow] successfully performed. With the following test data [New screen size is now: (1176, 811)]. @10-11-2021 01:51:25.0851 AM
[ReportManager] Target URL: [https://www.google.com/ncr], and after redirection: [www.google.com] @10-11-2021 01:51:25.0851 AM
[ReportManager] Initial URL: [] @10-11-2021 01:51:25.0893 AM
[ReportManager] Browser Action [NavigateToURL] successfully performed. With the following test data [https://www.google.com/ncr]. @10-11-2021 01:51:27.0500 A

################################################################################################################################################
Starting Execution:	[44 out of 146] test cases in the current suite
Test Method:		[unitTests.tests_validations_assertions.assertElementAttribute_true_regexComparison_expectedToPass]
################################################################################################################################################
[ReportManager] Element Action [Type] successfully performed. With the following test data [Automation123]. @10-11-2021 01:51:27.0897 AM
[ReportManager] Element Action [GetText] successfully performed. With the following test data [Automation123]. @10-11-2021 01:51:27.0936 AM
[ReportManager] Loaded Shared OpenCV @10-11-2021 01:51:27.0982 AM
[ReportManager] Assertion [ValidateElementAttribute] PASSED. Expected [Value Should be 'Automation.*' for the 'text' attribute, element locator 'By.name: q'] and Actual [Automation123]. Comparison Type [MATCHES]. Validation Type [POSITIVE]. @10-11-2021 01:51:28.0076 AM
[ReportManager] Successfully created attachment [Screenshot - 1636509087982_assertElementAttribute_true_regexComparison_expectedToPass_ValidateElementAttribute_passed] @10-11-2021 01:51:28.0078 A
[ReportManager] Browser Action [CloseCurrentWindow] successfully performed. @10-11-2021 01:51:28.0358 AM
[ReportManager] Successfully created attachment [Browser Action Test Data - CloseCurrentWindow - Actual Value] @10-11-2021 01:51:28.0359 A
[ReportManager] File Action [GetAbsolutePath] successfully performed. With the following test data [Relative Folder Path: "target/downloadedFiles/"]. @10-11-2021 01:51:28.0362 AM
[ReportManager] Attempting to run locally on: [Mac-64], [Safari], Headless Execution. @10-11-2021 01:51:28.0362 AM
[ReportManager] Successfully Opened Safari. @10-11-2021 01:51:29.0179 AM
[ReportManager] Initial window size: (800, 600) @10-11-2021 01:51:29.0203 AM
[ReportManager] Window size after SWD Maximize: (1176, 811) @10-11-2021 01:51:29.0214 AM
[ReportManager] Browser Action [MaximizeWindow] successfully performed. With the following test data [New screen size is now: (1176, 811)]. @10-11-2021 01:51:29.0214 AM
[ReportManager] Target URL: [https://www.google.com/ncr], and after redirection: [www.google.com] @10-11-2021 01:51:29.0214 AM
[ReportManager] Initial URL: [] @10-11-2021 01:51:29.0297 AM
[ReportManager] Browser Action [NavigateToURL] successfully performed. With the following test data [https://www.google.com/ncr]. @10-11-2021 01:51:30.0954 A

################################################################################################################################################
Starting Execution:	[45 out of 146] test cases in the current suite
Test Method:		[unitTests.tests_validations_assertions.assertElementAttribute_type_true_literalComparison_expectedToPass]
################################################################################################################################################
[ReportManager] Element Action [Type] successfully performed. With the following test data [Automation!@#$%^&*()_+{}[]\';/.,]. @10-11-2021 01:51:31.0852 AM
[ReportManager] Element Action [GetText] successfully performed. With the following test data [Automation!@#$%^&*()_+{}[]\';/.,]. @10-11-2021 01:51:31.0897 AM
[ReportManager] Loaded Shared OpenCV @10-11-2021 01:51:31.0946 AM
[ReportManager] Assertion [ValidateElementAttribute] PASSED. Expected [Value Should be 'Automation!@#$%^&*()_+{}[]\';/.,' for the 'text' attribute, element locator 'By.name: q'] and Actual [Automation!@#$%^&*()_+{}[]\';/.,]. Comparison Type [EQUALS]. Validation Type [POSITIVE]. @10-11-2021 01:51:32.0041 AM
[ReportManager] Successfully created attachment [Screenshot - 1636509091946_assertElementAttribute_type_true_literalComparison_expectedToPass_ValidateElementAttribute_passed] @10-11-2021 01:51:32.0043 A
[ReportManager] Browser Action [CloseCurrentWindow] successfully performed. @10-11-2021 01:51:32.0394 AM
[ReportManager] Successfully created attachment [Browser Action Test Data - CloseCurrentWindow - Actual Value] @10-11-2021 01:51:32.0395 A
[ReportManager] File Action [GetAbsolutePath] successfully performed. With the following test data [Relative Folder Path: "target/downloadedFiles/"]. @10-11-2021 01:51:32.0398 AM
[ReportManager] Attempting to run locally on: [Mac-64], [Safari], Headless Execution. @10-11-2021 01:51:32.0398 AM
[ReportManager] Successfully Opened Safari. @10-11-2021 01:51:33.0193 AM
[ReportManager] Initial window size: (800, 600) @10-11-2021 01:51:33.0200 AM
[ReportManager] Window size after SWD Maximize: (1176, 811) @10-11-2021 01:51:33.0216 AM
[ReportManager] Browser Action [MaximizeWindow] successfully performed. With the following test data [New screen size is now: (1176, 811)]. @10-11-2021 01:51:33.0216 AM
[ReportManager] Target URL: [https://www.google.com/ncr], and after redirection: [www.google.com] @10-11-2021 01:51:33.0216 AM
[ReportManager] Initial URL: [] @10-11-2021 01:51:33.0253 AM
[ReportManager] Browser Action [NavigateToURL] successfully performed. With the following test data [https://www.google.com/ncr]. @10-11-2021 01:51:34.0807 A

################################################################################################################################################
Starting Execution:	[46 out of 146] test cases in the current suite
Test Method:		[unitTests.tests_validations_assertions.assertElementExists_false_expectedToFail]
###############################################################################################################################################
[ReportManager] Browser Action [CloseCurrentWindow] successfully performed. @10-11-2021 01:51:35.0167 AM
[ReportManager] Successfully created attachment [Browser Action Test Data - CloseCurrentWindow - Actual Value] @10-11-2021 01:51:35.0168 A
[ReportManager] File Action [GetAbsolutePath] successfully performed. With the following test data [Relative Folder Path: "target/downloadedFiles/"]. @10-11-2021 01:51:35.0171 AM
[ReportManager] Attempting to run locally on: [Mac-64], [Safari], Headless Execution. @10-11-2021 01:51:35.0171 AM
[ReportManager] Successfully Opened Safari. @10-11-2021 01:51:36.0021 AM
[ReportManager] Initial window size: (800, 600) @10-11-2021 01:51:36.0026 AM
[ReportManager] Window size after SWD Maximize: (1176, 811) @10-11-2021 01:51:36.0050 AM
[ReportManager] Browser Action [MaximizeWindow] successfully performed. With the following test data [New screen size is now: (1176, 811)]. @10-11-2021 01:51:36.0051 AM
[ReportManager] Target URL: [https://www.google.com/ncr], and after redirection: [www.google.com] @10-11-2021 01:51:36.0051 AM
[ReportManager] Initial URL: [] @10-11-2021 01:51:36.0111 AM
[ReportManager] Browser Action [NavigateToURL] successfully performed. With the following test data [https://www.google.com/ncr]. @10-11-2021 01:51:37.0752 A

################################################################################################################################################
Starting Execution:	[47 out of 146] test cases in the current suite
Test Method:		[unitTests.tests_validations_assertions.assertElementExists_false_expectedToPass]
###############################################################################################################################################
[ReportManager] Browser Action [CloseCurrentWindow] successfully performed. @10-11-2021 01:51:37.0902 AM
[ReportManager] Successfully created attachment [Browser Action Test Data - CloseCurrentWindow - Actual Value] @10-11-2021 01:51:37.0902 A
[ReportManager] File Action [GetAbsolutePath] successfully performed. With the following test data [Relative Folder Path: "target/downloadedFiles/"]. @10-11-2021 01:51:37.0906 AM
[ReportManager] Attempting to run locally on: [Mac-64], [Safari], Headless Execution. @10-11-2021 01:51:37.0906 AM
[ReportManager] Successfully Opened Safari. @10-11-2021 01:51:38.0787 AM
[ReportManager] Initial window size: (800, 600) @10-11-2021 01:51:38.0887 AM
[ReportManager] Window size after SWD Maximize: (1176, 811) @10-11-2021 01:51:38.0898 AM
[ReportManager] Browser Action [MaximizeWindow] successfully performed. With the following test data [New screen size is now: (1176, 811)]. @10-11-2021 01:51:38.0898 AM
[ReportManager] Target URL: [https://www.google.com/ncr], and after redirection: [www.google.com] @10-11-2021 01:51:38.0898 AM
[ReportManager] Initial URL: [] @10-11-2021 01:51:38.0940 AM
[ReportManager] Browser Action [NavigateToURL] successfully performed. With the following test data [https://www.google.com/ncr]. @10-11-2021 01:51:40.0538 A

################################################################################################################################################
Starting Execution:	[48 out of 146] test cases in the current suite
Test Method:		[unitTests.tests_validations_assertions.assertElementExists_false_multipleElementsFound_expectedToFail]
################################################################################################################################################
[ReportManager] Loaded Shared OpenCV @10-11-2021 01:51:40.0603 AM
[ReportManager] Assertion [ValidateElementExists] FAILED. Expected [Element Should not Exist, locator 'By.xpath: //div'] and Actual [Element Exists but is not unique]. Comparison Type [EQUALS]. Validation Type [NEGATIVE]. @10-11-2021 01:51:40.0693 AM
[ReportManager] Successfully created attachment [Screenshot - 1636509100603_assertElementExists_false_multipleElementsFound_expectedToFail_ValidateElementExists_failed] @10-11-2021 01:51:40.0694 A
[ReportManager] Browser Action [CloseCurrentWindow] successfully performed. @10-11-2021 01:51:41.0016 AM
[ReportManager] Successfully created attachment [Browser Action Test Data - CloseCurrentWindow - Actual Value] @10-11-2021 01:51:41.0017 A
[ReportManager] File Action [GetAbsolutePath] successfully performed. With the following test data [Relative Folder Path: "target/downloadedFiles/"]. @10-11-2021 01:51:41.0020 AM
[ReportManager] Attempting to run locally on: [Mac-64], [Safari], Headless Execution. @10-11-2021 01:51:41.0020 AM
[ReportManager] Successfully Opened Safari. @10-11-2021 01:51:41.0816 AM
[ReportManager] Initial window size: (800, 600) @10-11-2021 01:51:41.0827 AM
[ReportManager] Window size after SWD Maximize: (1176, 811) @10-11-2021 01:51:41.0838 AM
[ReportManager] Browser Action [MaximizeWindow] successfully performed. With the following test data [New screen size is now: (1176, 811)]. @10-11-2021 01:51:41.0838 AM
[ReportManager] Target URL: [https://www.google.com/ncr], and after redirection: [www.google.com] @10-11-2021 01:51:41.0838 AM
[ReportManager] Initial URL: [] @10-11-2021 01:51:41.0874 AM
[ReportManager] Browser Action [NavigateToURL] successfully performed. With the following test data [https://www.google.com/ncr]. @10-11-2021 01:51:42.0827 A

################################################################################################################################################
Starting Execution:	[49 out of 146] test cases in the current suite
Test Method:		[unitTests.tests_validations_assertions.assertElementExists_true_expectedToFail]
###############################################################################################################################################
[ReportManager] Browser Action [CloseCurrentWindow] successfully performed. @10-11-2021 01:51:43.0062 AM
[ReportManager] Successfully created attachment [Browser Action Test Data - CloseCurrentWindow - Actual Value] @10-11-2021 01:51:43.0063 A
[ReportManager] File Action [GetAbsolutePath] successfully performed. With the following test data [Relative Folder Path: "target/downloadedFiles/"]. @10-11-2021 01:51:43.0067 AM
[ReportManager] Attempting to run locally on: [Mac-64], [Safari], Headless Execution. @10-11-2021 01:51:43.0068 AM
[ReportManager] Successfully Opened Safari. @10-11-2021 01:51:43.0914 AM
[ReportManager] Initial window size: (800, 600) @10-11-2021 01:51:43.0921 AM
[ReportManager] Window size after SWD Maximize: (1176, 811) @10-11-2021 01:51:43.0933 AM
[ReportManager] Browser Action [MaximizeWindow] successfully performed. With the following test data [New screen size is now: (1176, 811)]. @10-11-2021 01:51:43.0936 AM
[ReportManager] Target URL: [https://www.google.com/ncr], and after redirection: [www.google.com] @10-11-2021 01:51:43.0936 AM
[ReportManager] Initial URL: [] @10-11-2021 01:51:43.0984 AM
[ReportManager] Browser Action [NavigateToURL] successfully performed. With the following test data [https://www.google.com/ncr]. @10-11-2021 01:51:45.0645 A

################################################################################################################################################
Starting Execution:	[50 out of 146] test cases in the current suite
Test Method:		[unitTests.tests_validations_assertions.assertElementExists_true_expectedToPass]
################################################################################################################################################
[ReportManager] Loaded Shared OpenCV @10-11-2021 01:51:45.0718 AM
[ReportManager] Assertion [ValidateElementExists] PASSED. Expected [Element Should Exist, locator 'By.xpath: //*[@id='hplogo' or @alt='Google']'] and Actual [Element Exists]. Comparison Type [EQUALS]. Validation Type [POSITIVE]. @10-11-2021 01:51:45.0845 AM
[ReportManager] Successfully created attachment [Screenshot - 1636509105718_assertElementExists_true_expectedToPass_ValidateElementExists_passed] @10-11-2021 01:51:45.0846 A
[ReportManager] Browser Action [CloseCurrentWindow] successfully performed. @10-11-2021 01:51:45.0954 AM
[ReportManager] Successfully created attachment [Browser Action Test Data - CloseCurrentWindow - Actual Value] @10-11-2021 01:51:45.0955 A
[ReportManager] File Action [GetAbsolutePath] successfully performed. With the following test data [Relative Folder Path: "target/downloadedFiles/"]. @10-11-2021 01:51:45.0958 AM
[ReportManager] Attempting to run locally on: [Mac-64], [Safari], Headless Execution. @10-11-2021 01:51:45.0958 AM
[ReportManager] Successfully Opened Safari. @10-11-2021 01:51:46.0809 AM
[ReportManager] Initial window size: (800, 600) @10-11-2021 01:51:46.0832 AM
[ReportManager] Window size after SWD Maximize: (1176, 811) @10-11-2021 01:51:46.0847 AM
[ReportManager] Browser Action [MaximizeWindow] successfully performed. With the following test data [New screen size is now: (1176, 811)]. @10-11-2021 01:51:46.0847 AM
[ReportManager] Target URL: [https://www.google.com/ncr], and after redirection: [www.google.com] @10-11-2021 01:51:46.0847 AM
[ReportManager] Initial URL: [] @10-11-2021 01:51:46.0899 AM
[ReportManager] Browser Action [NavigateToURL] successfully performed. With the following test data [https://www.google.com/ncr]. @10-11-2021 01:51:48.0534 A

################################################################################################################################################
Starting Execution:	[51 out of 146] test cases in the current suite
Test Method:		[unitTests.tests_validations_assertions.assertElementExists_true_multipleElementsFound_expectedToFail]
################################################################################################################################################
[ReportManager] Loaded Shared OpenCV @10-11-2021 01:51:48.0608 AM
[ReportManager] Assertion [ValidateElementExists] FAILED. Expected [Element Should Exist, locator 'By.xpath: //div'] and Actual [Element Exists but is not unique]. Comparison Type [EQUALS]. Validation Type [POSITIVE]. @10-11-2021 01:51:48.0714 AM
[ReportManager] Successfully created attachment [Screenshot - 1636509108608_assertElementExists_true_multipleElementsFound_expectedToFail_ValidateElementExists_failed] @10-11-2021 01:51:48.0715 A
[ReportManager] Browser Action [CloseCurrentWindow] successfully performed. @10-11-2021 01:51:49.0017 AM
[ReportManager] Successfully created attachment [Browser Action Test Data - CloseCurrentWindow - Actual Value] @10-11-2021 01:51:49.0017 A

################################################################################################################################################
Starting Execution:	[52 out of 146] test cases in the current suite
Test Method:		[unitTests.tests_validations_assertions.assertEquals_false_expectedToFail]
################################################################################################################################################
[ReportManager] Assertion [ValidateEquals] FAILED. Expected [1] and Actual [1]. Comparison Type [EQUALS]. Validation Type [NEGATIVE]. @10-11-2021 01:51:49.0022 A

################################################################################################################################################
Starting Execution:	[53 out of 146] test cases in the current suite
Test Method:		[unitTests.tests_validations_assertions.assertEquals_false_expectedToPass]
################################################################################################################################################
[ReportManager] Assertion [ValidateEquals] PASSED. Expected [1] and Actual [2]. Comparison Type [EQUALS]. Validation Type [NEGATIVE]. @10-11-2021 01:51:49.0025 A

################################################################################################################################################
Starting Execution:	[54 out of 146] test cases in the current suite
Test Method:		[unitTests.tests_validations_assertions.assertEquals_longCharacters]
################################################################################################################################################
[ReportManager] Verification [ValidateEquals] PASSED. Expected and Actual values are attached. Comparison Type [EQUALS]. Validation Type [POSITIVE]. @10-11-2021 01:51:49.0032 AM
[ReportManager] Successfully created attachment [Validation Test Data - Expected Value] @10-11-2021 01:51:49.0033 AM
[ReportManager] Successfully created attachment [Validation Test Data - Actual Value] @10-11-2021 01:51:49.0033 AM
[ReportManager] Assertion [ValidateEquals] PASSED. Expected and Actual values are attached. Comparison Type [EQUALS]. Validation Type [POSITIVE]. @10-11-2021 01:51:49.0033 AM
[ReportManager] Successfully created attachment [Validation Test Data - Expected Value] @10-11-2021 01:51:49.0034 AM
[ReportManager] Successfully created attachment [Validation Test Data - Actual Value] @10-11-2021 01:51:49.0034 A

################################################################################################################################################
Starting Execution:	[55 out of 146] test cases in the current suite
Test Method:		[unitTests.tests_validations_assertions.assertEquals_longCharacters_Discreet]
################################################################################################################################################
[ReportManager] Assertion [ValidateEquals] PASSED. Expected [1LH5pROcDBjjQk0t0mCr0lXuzQu9lcGj28kY8R1H81X67eVAQJgWQhILiRWVPUgZ6uCtK5cnBkF55Jr9vYngjGO1Iyf0Mktv6lruDlL9T8MAUPcUZJGHZtji6nIeadujDSNmWMj5d6C8zlFqw0CRqBU0hO5adIasHgBSNoLotAjce3NGXoDwAlp3rYreeV16VIyZXROQY] and Actual [1LH5pROcDBjjQk0t0mCr0lXuzQu9lcGj28kY8R1H81X67eVAQJgWQhILiRWVPUgZ6uCtK5cnBkF55Jr9vYngjGO1Iyf0Mktv6lruDlL9T8MAUPcUZJGHZtji6nIeadujDSNmWMj5d6C8zlFqw0CRqBU0hO5adIasHgBSNoLotAjce3NGXoDwAlp3rYreeV16VIyZXROQY]. Comparison Type [EQUALS]. Validation Type [POSITIVE]. @10-11-2021 01:51:49.0037 A

################################################################################################################################################
Starting Execution:	[56 out of 146] test cases in the current suite
Test Method:		[unitTests.tests_validations_assertions.assertEquals_true_expectedToFail]
################################################################################################################################################
[ReportManager] Assertion [ValidateEquals] FAILED. Expected [1] and Actual [2]. Comparison Type [EQUALS]. Validation Type [POSITIVE]. @10-11-2021 01:51:49.0042 A

################################################################################################################################################
Starting Execution:	[57 out of 146] test cases in the current suite
Test Method:		[unitTests.tests_validations_assertions.assertEquals_true_expectedToPass]
Test Description:	[Assert that assertEquals works as expected when the two values are equal.]
################################################################################################################################################
[ReportManager] Verification [ValidateEquals] PASSED. Expected [1] and Actual [1]. Comparison Type [EQUALS]. Validation Type [POSITIVE]. @10-11-2021 01:51:49.0053 AM
[ReportManager] Assertion [ValidateEquals] PASSED. Expected [1] and Actual [1]. Comparison Type [EQUALS]. Validation Type [POSITIVE]. @10-11-2021 01:51:49.0053 A

################################################################################################################################################
Starting Execution:	[58 out of 146] test cases in the current suite
Test Method:		[unitTests.tests_validations_assertions.assertEquals_true_expectedToPass__]
################################################################################################################################################
[ReportManager] Assertion [ValidateEquals] PASSED. Expected [1] and Actual [1]. Comparison Type [EQUALS]. Validation Type [POSITIVE]. @10-11-2021 01:51:49.0063 A

################################################################################################################################################
Starting Execution:	[59 out of 146] test cases in the current suite
Test Method:		[unitTests.tests_validations_assertions.assertFileExists_false_expectedToFail]
################################################################################################################################################
[ReportManager] File Action [DoesFileExist] successfully performed. With the following test data [File Path: "src/main/java/com/shaft/gui/element/ElementActions.java"]. @10-11-2021 01:51:49.0068 AM
[ReportManager] Assertion [ValidateFileExists] FAILED. Expected [File 'src/main/java/com/shaft/gui/element/ElementActions.java' should not exist, after up to '1' retries] and Actual [File exists]. Validation Type [NEGATIVE]. @10-11-2021 01:51:49.0080 A

################################################################################################################################################
Starting Execution:	[60 out of 146] test cases in the current suite
Test Method:		[unitTests.tests_validations_assertions.assertFileExists_false_expectedToPass]
################################################################################################################################################
[ReportManager] File Action [DoesFileExist] successfully performed. With the following test data [File Path: "src/main/java/com/shaft/gui/element/ElementActions.java_fail"]. @10-11-2021 01:51:49.0614 AM
[ReportManager] Assertion [ValidateFileExists] PASSED. Expected [File 'src/main/java/com/shaft/gui/element/ElementActions.java_fail' should not exist, after up to '1' retries] and Actual [File does not exist]. Validation Type [NEGATIVE]. @10-11-2021 01:51:49.0614 A

################################################################################################################################################
Starting Execution:	[61 out of 146] test cases in the current suite
Test Method:		[unitTests.tests_validations_assertions.assertFileExists_true_expectedToFail]
################################################################################################################################################
[ReportManager] File Action [DoesFileExist] successfully performed. With the following test data [File Path: "src/main/java/com/shaft/gui/element/ElementActions.java_fail"]. @10-11-2021 01:51:50.0265 AM
[ReportManager] Assertion [ValidateFileExists] FAILED. Expected [File 'src/main/java/com/shaft/gui/element/ElementActions.java_fail' should exist, after up to '1' retries] and Actual [File does not exist]. Validation Type [POSITIVE]. @10-11-2021 01:51:50.0265 A

################################################################################################################################################
Starting Execution:	[62 out of 146] test cases in the current suite
Test Method:		[unitTests.tests_validations_assertions.assertFileExists_true_expectedToPass]
################################################################################################################################################
[ReportManager] File Action [DoesFileExist] successfully performed. With the following test data [File Path: "src/main/java/com/shaft/gui/element/ElementActions.java"]. @10-11-2021 01:51:50.0269 AM
[ReportManager] Assertion [ValidateFileExists] PASSED. Expected [File 'src/main/java/com/shaft/gui/element/ElementActions.java' should exist, after up to '1' retries] and Actual [File exists]. Validation Type [POSITIVE]. @10-11-2021 01:51:50.0269 A

################################################################################################################################################
Starting Execution:	[63 out of 146] test cases in the current suite
Test Method:		[unitTests.tests_validations_assertions.assertNull_false_expectedToFail]
################################################################################################################################################
[ReportManager] Assertion [ValidateNull] FAILED. Expected [NULL] and Actual [NULL]. Comparison Type [EQUALS]. Validation Type [NEGATIVE]. @10-11-2021 01:51:50.0272 A

################################################################################################################################################
Starting Execution:	[64 out of 146] test cases in the current suite
Test Method:		[unitTests.tests_validations_assertions.assertNull_false_expectedToPass]
################################################################################################################################################
[ReportManager] Assertion [ValidateNull] PASSED. Expected [NULL] and Actual [1]. Comparison Type [EQUALS]. Validation Type [NEGATIVE]. @10-11-2021 01:51:50.0277 A

################################################################################################################################################
Starting Execution:	[65 out of 146] test cases in the current suite
Test Method:		[unitTests.tests_validations_assertions.assertNull_true_expectedToFail]
################################################################################################################################################
[ReportManager] Assertion [ValidateNull] FAILED. Expected [NULL] and Actual [1]. Comparison Type [EQUALS]. Validation Type [POSITIVE]. @10-11-2021 01:51:50.0281 A

################################################################################################################################################
Starting Execution:	[66 out of 146] test cases in the current suite
Test Method:		[unitTests.tests_validations_assertions.assertNull_true_expectedToPass]
################################################################################################################################################
[ReportManager] Assertion [ValidateNull] PASSED. Expected [NULL] and Actual [NULL]. Comparison Type [EQUALS]. Validation Type [POSITIVE]. @10-11-2021 01:51:50.0285 A

################################################################################################################################################
Starting Execution:	[67 out of 146] test cases in the current suite
Test Method:		[unitTests.tests_restActions.getPostsAndAssertBodyForSpecificTitle]
################################################################################################################################################
[ReportManager] Response status code: [200], status line: [HTTP/1.1 200 OK] @10-11-2021 01:51:52.0561 AM
[ReportManager] Assertion Passed: Evaluating the actual response status code against the expected one... @10-11-2021 01:51:52.0567 AM
[ReportManager] Assertion [ValidateComparativeRelation] PASSED. Expected [200] and Actual [200]. Comparison Type [EQUALS]. Validation Type [POSITIVE]. @10-11-2021 01:51:52.0567 AM
[ReportManager] API Action [PerformRequest] successfully performed. With the following test data [Request Type: "GET" | Target Status Code: "200" | Service URL: "https://jsonplaceholder.typicode.com/posts" | Content Type: "*/*" | Response Time: "716ms"]. @10-11-2021 01:51:53.0924 AM
[ReportManager] Successfully created attachment [API Request - Specifications] @10-11-2021 01:51:53.0925 AM
[ReportManager] Successfully created attachment [API Response - JSON Body] @10-11-2021 01:51:54.0224 AM
[ReportManager] API Action [GetResponseJSONValueAsList] successfully performed. @10-11-2021 01:51:54.0253 AM
[ReportManager] API Action [GetResponseJSONValue] successfully performed. With the following test data [title]. @10-11-2021 01:51:54.0274 AM
[ReportManager] API Action [GetResponseJSONValue] successfully performed. With the following test data [title]. @10-11-2021 01:51:54.0288 AM
[ReportManager] API Action [GetResponseJSONValue] successfully performed. With the following test data [body]. @10-11-2021 01:51:54.0302 AM
[ReportManager] Assertion [ValidateEquals] PASSED. Expected [qui neque nisi nulla] and Actual [est rerum tempore vitae
sequi sint nihil reprehenderit dolor beatae ea dolores neque
fugiat blanditiis voluptate porro vel nihil molestiae ut reiciendis
qui aperiam non debitis possimus qui neque nisi nulla]. Comparison Type [CONTAINS]. Validation Type [POSITIVE]. @10-11-2021 01:51:54.0302 AM
[ReportManager] API Action [GetResponseJSONValue] successfully performed. With the following test data [title]. @10-11-2021 01:51:54.0315 AM
[ReportManager] API Action [GetResponseJSONValue] successfully performed. With the following test data [title]. @10-11-2021 01:51:54.0332 AM
[ReportManager] API Action [GetResponseJSONValue] successfully performed. With the following test data [title]. @10-11-2021 01:51:54.0348 AM
[ReportManager] API Action [GetResponseJSONValue] successfully performed. With the following test data [title]. @10-11-2021 01:51:54.0360 AM
[ReportManager] API Action [GetResponseJSONValue] successfully performed. With the following test data [title]. @10-11-2021 01:51:54.0372 AM
[ReportManager] API Action [GetResponseJSONValue] successfully performed. With the following test data [title]. @10-11-2021 01:51:54.0384 AM
[ReportManager] API Action [GetResponseJSONValue] successfully performed. With the following test data [title]. @10-11-2021 01:51:54.0396 AM
[ReportManager] API Action [GetResponseJSONValue] successfully performed. With the following test data [title]. @10-11-2021 01:51:54.0408 AM
[ReportManager] API Action [GetResponseJSONValue] successfully performed. With the following test data [title]. @10-11-2021 01:51:54.0421 AM
[ReportManager] API Action [GetResponseJSONValue] successfully performed. With the following test data [title]. @10-11-2021 01:51:54.0433 AM
[ReportManager] API Action [GetResponseJSONValue] successfully performed. With the following test data [title]. @10-11-2021 01:51:54.0447 AM
[ReportManager] API Action [GetResponseJSONValue] successfully performed. With the following test data [title]. @10-11-2021 01:51:54.0461 AM
[ReportManager] API Action [GetResponseJSONValue] successfully performed. With the following test data [title]. @10-11-2021 01:51:54.0473 AM
[ReportManager] API Action [GetResponseJSONValue] successfully performed. With the following test data [title]. @10-11-2021 01:51:54.0485 AM
[ReportManager] API Action [GetResponseJSONValue] successfully performed. With the following test data [title]. @10-11-2021 01:51:54.0498 AM
[ReportManager] API Action [GetResponseJSONValue] successfully performed. With the following test data [title]. @10-11-2021 01:51:54.0510 AM
[ReportManager] API Action [GetResponseJSONValue] successfully performed. With the following test data [title]. @10-11-2021 01:51:54.0521 AM
[ReportManager] API Action [GetResponseJSONValue] successfully performed. With the following test data [title]. @10-11-2021 01:51:54.0533 AM
[ReportManager] API Action [GetResponseJSONValue] successfully performed. With the following test data [title]. @10-11-2021 01:51:54.0544 AM
[ReportManager] API Action [GetResponseJSONValue] successfully performed. With the following test data [title]. @10-11-2021 01:51:54.0556 AM
[ReportManager] API Action [GetResponseJSONValue] successfully performed. With the following test data [title]. @10-11-2021 01:51:54.0568 AM
[ReportManager] API Action [GetResponseJSONValue] successfully performed. With the following test data [title]. @10-11-2021 01:51:54.0579 AM
[ReportManager] API Action [GetResponseJSONValue] successfully performed. With the following test data [title]. @10-11-2021 01:51:54.0591 AM
[ReportManager] API Action [GetResponseJSONValue] successfully performed. With the following test data [title]. @10-11-2021 01:51:54.0603 AM
[ReportManager] API Action [GetResponseJSONValue] successfully performed. With the following test data [title]. @10-11-2021 01:51:54.0614 AM
[ReportManager] API Action [GetResponseJSONValue] successfully performed. With the following test data [title]. @10-11-2021 01:51:54.0625 AM
[ReportManager] API Action [GetResponseJSONValue] successfully performed. With the following test data [title]. @10-11-2021 01:51:54.0637 AM
[ReportManager] API Action [GetResponseJSONValue] successfully performed. With the following test data [title]. @10-11-2021 01:51:54.0649 AM
[ReportManager] API Action [GetResponseJSONValue] successfully performed. With the following test data [title]. @10-11-2021 01:51:54.0660 AM
[ReportManager] API Action [GetResponseJSONValue] successfully performed. With the following test data [title]. @10-11-2021 01:51:54.0671 AM
[ReportManager] API Action [GetResponseJSONValue] successfully performed. With the following test data [title]. @10-11-2021 01:51:54.0682 AM
[ReportManager] API Action [GetResponseJSONValue] successfully performed. With the following test data [title]. @10-11-2021 01:51:54.0693 AM
[ReportManager] API Action [GetResponseJSONValue] successfully performed. With the following test data [title]. @10-11-2021 01:51:54.0705 AM
[ReportManager] API Action [GetResponseJSONValue] successfully performed. With the following test data [title]. @10-11-2021 01:51:54.0730 AM
[ReportManager] API Action [GetResponseJSONValue] successfully performed. With the following test data [title]. @10-11-2021 01:51:54.0741 AM
[ReportManager] API Action [GetResponseJSONValue] successfully performed. With the following test data [title]. @10-11-2021 01:51:54.0752 AM
[ReportManager] API Action [GetResponseJSONValue] successfully performed. With the following test data [title]. @10-11-2021 01:51:54.0763 AM
[ReportManager] API Action [GetResponseJSONValue] successfully performed. With the following test data [title]. @10-11-2021 01:51:54.0773 AM
[ReportManager] API Action [GetResponseJSONValue] successfully performed. With the following test data [title]. @10-11-2021 01:51:54.0784 AM
[ReportManager] API Action [GetResponseJSONValue] successfully performed. With the following test data [title]. @10-11-2021 01:51:54.0795 AM
[ReportManager] API Action [GetResponseJSONValue] successfully performed. With the following test data [title]. @10-11-2021 01:51:54.0806 AM
[ReportManager] API Action [GetResponseJSONValue] successfully performed. With the following test data [title]. @10-11-2021 01:51:54.0817 AM
[ReportManager] API Action [GetResponseJSONValue] successfully performed. With the following test data [title]. @10-11-2021 01:51:54.0828 AM
[ReportManager] API Action [GetResponseJSONValue] successfully performed. With the following test data [title]. @10-11-2021 01:51:54.0845 AM
[ReportManager] API Action [GetResponseJSONValue] successfully performed. With the following test data [title]. @10-11-2021 01:51:54.0855 AM
[ReportManager] API Action [GetResponseJSONValue] successfully performed. With the following test data [title]. @10-11-2021 01:51:54.0866 AM
[ReportManager] API Action [GetResponseJSONValue] successfully performed. With the following test data [title]. @10-11-2021 01:51:54.0876 AM
[ReportManager] API Action [GetResponseJSONValue] successfully performed. With the following test data [title]. @10-11-2021 01:51:54.0886 AM
[ReportManager] API Action [GetResponseJSONValue] successfully performed. With the following test data [title]. @10-11-2021 01:51:54.0896 AM
[ReportManager] API Action [GetResponseJSONValue] successfully performed. With the following test data [title]. @10-11-2021 01:51:54.0906 AM
[ReportManager] API Action [GetResponseJSONValue] successfully performed. With the following test data [title]. @10-11-2021 01:51:54.0916 AM
[ReportManager] API Action [GetResponseJSONValue] successfully performed. With the following test data [title]. @10-11-2021 01:51:54.0927 AM
[ReportManager] API Action [GetResponseJSONValue] successfully performed. With the following test data [title]. @10-11-2021 01:51:54.0936 AM
[ReportManager] API Action [GetResponseJSONValue] successfully performed. With the following test data [title]. @10-11-2021 01:51:54.0946 AM
[ReportManager] API Action [GetResponseJSONValue] successfully performed. With the following test data [title]. @10-11-2021 01:51:54.0957 AM
[ReportManager] API Action [GetResponseJSONValue] successfully performed. With the following test data [title]. @10-11-2021 01:51:54.0966 AM
[ReportManager] API Action [GetResponseJSONValue] successfully performed. With the following test data [title]. @10-11-2021 01:51:54.0976 AM
[ReportManager] API Action [GetResponseJSONValue] successfully performed. With the following test data [title]. @10-11-2021 01:51:54.0986 AM
[ReportManager] API Action [GetResponseJSONValue] successfully performed. With the following test data [title]. @10-11-2021 01:51:54.0996 AM
[ReportManager] API Action [GetResponseJSONValue] successfully performed. With the following test data [title]. @10-11-2021 01:51:55.0023 AM
[ReportManager] API Action [GetResponseJSONValue] successfully performed. With the following test data [title]. @10-11-2021 01:51:55.0033 AM
[ReportManager] API Action [GetResponseJSONValue] successfully performed. With the following test data [title]. @10-11-2021 01:51:55.0042 AM
[ReportManager] API Action [GetResponseJSONValue] successfully performed. With the following test data [title]. @10-11-2021 01:51:55.0052 AM
[ReportManager] API Action [GetResponseJSONValue] successfully performed. With the following test data [title]. @10-11-2021 01:51:55.0062 AM
[ReportManager] API Action [GetResponseJSONValue] successfully performed. With the following test data [title]. @10-11-2021 01:51:55.0072 AM
[ReportManager] API Action [GetResponseJSONValue] successfully performed. With the following test data [title]. @10-11-2021 01:51:55.0082 AM
[ReportManager] API Action [GetResponseJSONValue] successfully performed. With the following test data [title]. @10-11-2021 01:51:55.0096 AM
[ReportManager] API Action [GetResponseJSONValue] successfully performed. With the following test data [title]. @10-11-2021 01:51:55.0106 AM
[ReportManager] API Action [GetResponseJSONValue] successfully performed. With the following test data [title]. @10-11-2021 01:51:55.0115 AM
[ReportManager] API Action [GetResponseJSONValue] successfully performed. With the following test data [title]. @10-11-2021 01:51:55.0124 AM
[ReportManager] API Action [GetResponseJSONValue] successfully performed. With the following test data [title]. @10-11-2021 01:51:55.0134 AM
[ReportManager] API Action [GetResponseJSONValue] successfully performed. With the following test data [title]. @10-11-2021 01:51:55.0144 AM
[ReportManager] API Action [GetResponseJSONValue] successfully performed. With the following test data [title]. @10-11-2021 01:51:55.0154 AM
[ReportManager] API Action [GetResponseJSONValue] successfully performed. With the following test data [title]. @10-11-2021 01:51:55.0164 AM
[ReportManager] API Action [GetResponseJSONValue] successfully performed. With the following test data [title]. @10-11-2021 01:51:55.0174 AM
[ReportManager] API Action [GetResponseJSONValue] successfully performed. With the following test data [title]. @10-11-2021 01:51:55.0186 AM
[ReportManager] API Action [GetResponseJSONValue] successfully performed. With the following test data [title]. @10-11-2021 01:51:55.0196 AM
[ReportManager] API Action [GetResponseJSONValue] successfully performed. With the following test data [title]. @10-11-2021 01:51:55.0206 AM
[ReportManager] API Action [GetResponseJSONValue] successfully performed. With the following test data [title]. @10-11-2021 01:51:55.0216 AM
[ReportManager] API Action [GetResponseJSONValue] successfully performed. With the following test data [title]. @10-11-2021 01:51:55.0225 AM
[ReportManager] API Action [GetResponseJSONValue] successfully performed. With the following test data [title]. @10-11-2021 01:51:55.0235 AM
[ReportManager] API Action [GetResponseJSONValue] successfully performed. With the following test data [title]. @10-11-2021 01:51:55.0244 AM
[ReportManager] API Action [GetResponseJSONValue] successfully performed. With the following test data [title]. @10-11-2021 01:51:55.0255 AM
[ReportManager] API Action [GetResponseJSONValue] successfully performed. With the following test data [title]. @10-11-2021 01:51:55.0265 AM
[ReportManager] API Action [GetResponseJSONValue] successfully performed. With the following test data [title]. @10-11-2021 01:51:55.0275 AM
[ReportManager] API Action [GetResponseJSONValue] successfully performed. With the following test data [title]. @10-11-2021 01:51:55.0284 AM
[ReportManager] API Action [GetResponseJSONValue] successfully performed. With the following test data [title]. @10-11-2021 01:51:55.0293 AM
[ReportManager] API Action [GetResponseJSONValue] successfully performed. With the following test data [title]. @10-11-2021 01:51:55.0303 AM
[ReportManager] API Action [GetResponseJSONValue] successfully performed. With the following test data [title]. @10-11-2021 01:51:55.0312 AM
[ReportManager] API Action [GetResponseJSONValue] successfully performed. With the following test data [title]. @10-11-2021 01:51:55.0321 AM
[ReportManager] API Action [GetResponseJSONValue] successfully performed. With the following test data [title]. @10-11-2021 01:51:55.0331 AM
[ReportManager] API Action [GetResponseJSONValue] successfully performed. With the following test data [title]. @10-11-2021 01:51:55.0341 AM
[ReportManager] API Action [GetResponseJSONValue] successfully performed. With the following test data [title]. @10-11-2021 01:51:55.0350 AM
[ReportManager] API Action [GetResponseJSONValue] successfully performed. With the following test data [title]. @10-11-2021 01:51:55.0360 AM
[ReportManager] API Action [GetResponseJSONValue] successfully performed. With the following test data [title]. @10-11-2021 01:51:55.0369 AM
[ReportManager] API Action [GetResponseJSONValue] successfully performed. With the following test data [title]. @10-11-2021 01:51:55.0380 AM
[ReportManager] API Action [GetResponseJSONValue] successfully performed. With the following test data [title]. @10-11-2021 01:51:55.0393 AM
[ReportManager] API Action [GetResponseJSONValue] successfully performed. With the following test data [title]. @10-11-2021 01:51:55.0404 A

################################################################################################################################################
Starting Execution:	[68 out of 146] test cases in the current suite
Test Method:		[unitTests.tests_restActions.validateUserEmail]
################################################################################################################################################
[ReportManager] Response status code: [200], status line: [HTTP/1.1 200 OK] @10-11-2021 01:51:55.0479 AM
[ReportManager] Assertion Passed: Evaluating the actual response status code against the expected one... @10-11-2021 01:51:55.0479 AM
[ReportManager] Assertion [ValidateComparativeRelation] PASSED. Expected [200] and Actual [200]. Comparison Type [EQUALS]. Validation Type [POSITIVE]. @10-11-2021 01:51:55.0480 AM
[ReportManager] API Action [PerformRequest] successfully performed. With the following test data [Request Type: "GET" | Target Status Code: "200" | Service URL: "https://jsonplaceholder.typicode.com/users" | Content Type: "*/*" | Response Time: "62ms"]. @10-11-2021 01:51:55.0505 AM
[ReportManager] Successfully created attachment [API Request - Specifications] @10-11-2021 01:51:55.0506 AM
[ReportManager] Successfully created attachment [API Response - JSON Body] @10-11-2021 01:51:55.0507 AM
[ReportManager] Assertion [ValidateEquals] PASSED. Expected and Actual values are attached. Comparison Type [CONTAINS]. Validation Type [POSITIVE]. @10-11-2021 01:51:55.0508 AM
[ReportManager] Successfully created attachment [Validation Test Data - Expected Value] @10-11-2021 01:51:55.0509 AM
[ReportManager] Successfully created attachment [Validation Test Data - Actual Value] @10-11-2021 01:51:55.0509 AM
[ReportManager] API Action [GetResponseJSONValueAsList] successfully performed. With the following test data [$]. @10-11-2021 01:51:55.0517 AM
[ReportManager] API Action [GetResponseJSONValue] successfully performed. With the following test data [name]. @10-11-2021 01:51:55.0528 AM
[ReportManager] API Action [GetResponseJSONValue] successfully performed. With the following test data [email]. @10-11-2021 01:51:55.0538 AM
[ReportManager] Assertion [ValidateEquals] PASSED. Expected [Sincere@april.biz] and Actual [Sincere@april.biz]. Comparison Type [EQUALS]. Validation Type [POSITIVE]. @10-11-2021 01:51:55.0538 AM
[ReportManager] API Action [GetResponseJSONValue] successfully performed. With the following test data [name]. @10-11-2021 01:51:55.0549 AM
[ReportManager] API Action [GetResponseJSONValue] successfully performed. With the following test data [name]. @10-11-2021 01:51:55.0559 AM
[ReportManager] API Action [GetResponseJSONValue] successfully performed. With the following test data [name]. @10-11-2021 01:51:55.0569 AM
[ReportManager] API Action [GetResponseJSONValue] successfully performed. With the following test data [name]. @10-11-2021 01:51:55.0579 AM
[ReportManager] API Action [GetResponseJSONValue] successfully performed. With the following test data [name]. @10-11-2021 01:51:55.0589 AM
[ReportManager] API Action [GetResponseJSONValue] successfully performed. With the following test data [name]. @10-11-2021 01:51:55.0599 AM
[ReportManager] API Action [GetResponseJSONValue] successfully performed. With the following test data [name]. @10-11-2021 01:51:55.0609 AM
[ReportManager] API Action [GetResponseJSONValue] successfully performed. With the following test data [name]. @10-11-2021 01:51:55.0619 AM
[ReportManager] API Action [GetResponseJSONValue] successfully performed. With the following test data [name]. @10-11-2021 01:51:55.0629 A
[ReportManager] File Action [GetAbsolutePath] successfully performed. With the following test data [Relative Folder Path: "target/downloadedFiles/"]. @10-11-2021 01:51:55.0632 AM
[ReportManager] Attempting to run locally on: [Mac-64], [Safari], Headless Execution. @10-11-2021 01:51:55.0633 AM
[ReportManager] Successfully Opened Safari. @10-11-2021 01:51:56.0416 AM
[ReportManager] Initial window size: (800, 600) @10-11-2021 01:51:56.0434 AM
[ReportManager] Window size after SWD Maximize: (1176, 811) @10-11-2021 01:51:56.0466 AM
[ReportManager] Browser Action [MaximizeWindow] successfully performed. With the following test data [New screen size is now: (1176, 811)]. @10-11-2021 01:51:56.0466 A

################################################################################################################################################
Starting Execution:	[69 out of 146] test cases in the current suite
Test Method:		[testPackage01.Test_uploadFile.uploadFile_invisibleUploadInput]
################################################################################################################################################
[ReportManager] Target URL: [https://fineuploader.com/demos.html#gallery-view] @10-11-2021 01:51:56.0471 AM
[ReportManager] Initial URL: [] @10-11-2021 01:51:56.0505 AM
[ReportManager] Browser Action [NavigateToURL] successfully performed. With the following test data [https://fineuploader.com/demos.html#gallery-view]. @10-11-2021 01:51:58.0108 AM
[ReportManager] File Action [GetAbsolutePath] successfully performed. With the following test data [Relative File Path: "src/main/resources/images/shaft.png"]. @10-11-2021 01:51:58.0108 AM
[ReportManager] Successfully created attachment [File Action Actual Result - Command Log] @10-11-2021 01:51:58.0109 AM
[ReportManager] Element Action [TypeFileLocationForUpload] successfully performed. With the following test data [/Users/runner/work/SHAFT_ENGINE/SHAFT_ENGINE/src/main/resources/images/shaft.png]. @10-11-2021 01:51:58.0237 AM
[ReportManager] Attempting to getAttribute [src] from elementLocator [By.xpath: //div[@id='fine-uploader-gallery']//div[@class='qq-thumbnail-wrapper']/img]. @10-11-2021 01:51:58.0238 AM
[ReportManager] Element Action [GetAttribute] successfully performed. @10-11-2021 01:51:58.0471 AM
[ReportManager] Successfully created attachment [Element Action Test Data - GetAttribute - Actual Value] @10-11-2021 01:51:58.0472 AM
[ReportManager] Loaded Shared OpenCV @10-11-2021 01:51:58.0549 AM
[ReportManager] Assertion [ValidateElementAttribute] PASSED. Expected and Actual values are attached. Comparison Type [CONTAINS]. Validation Type [POSITIVE]. @10-11-2021 01:51:58.0659 AM
[ReportManager] Successfully created attachment [Validation Test Data - Expected Value] @10-11-2021 01:51:58.0660 AM
[ReportManager] Successfully created attachment [Validation Test Data - Actual Value] @10-11-2021 01:51:58.0660 AM
[ReportManager] Successfully created attachment [Screenshot - 1636509118549_uploadFile_invisibleUploadInput_ValidateElementAttribute_passed] @10-11-2021 01:51:58.0661 A
[ReportManager] Browser Action [CloseCurrentWindow] successfully performed. @10-11-2021 01:51:58.0779 AM
[ReportManager] Successfully created attachment [Browser Action Test Data - CloseCurrentWindow - Actual Value] @10-11-2021 01:51:58.0780 A
[ReportManager] File Action [GetAbsolutePath] successfully performed. With the following test data [Relative Folder Path: "target/downloadedFiles/"]. @10-11-2021 01:51:58.0784 AM
[ReportManager] Attempting to run locally on: [Mac-64], [Safari], Headless Execution. @10-11-2021 01:51:58.0784 AM
[ReportManager] Successfully Opened Safari. @10-11-2021 01:51:59.0598 AM
[ReportManager] Initial window size: (800, 600) @10-11-2021 01:51:59.0604 AM
[ReportManager] Window size after SWD Maximize: (1176, 811) @10-11-2021 01:51:59.0616 AM
[ReportManager] Browser Action [MaximizeWindow] successfully performed. With the following test data [New screen size is now: (1176, 811)]. @10-11-2021 01:51:59.0617 A

################################################################################################################################################
Starting Execution:	[70 out of 146] test cases in the current suite
Test Method:		[testPackage01.Test_uploadFile.uploadFile_visibleUploadInput]
################################################################################################################################################
[ReportManager] Target URL: [http://demo.guru99.com/test/upload/] @10-11-2021 01:51:59.0628 AM
[ReportManager] Initial URL: [] @10-11-2021 01:51:59.0710 AM
[ReportManager] Browser Action [NavigateToURL] successfully performed. With the following test data [http://demo.guru99.com/test/upload/]. @10-11-2021 01:52:01.0447 AM
[ReportManager] File Action [GetAbsolutePath] successfully performed. With the following test data [Relative File Path: "src/main/resources/images/shaft.png"]. @10-11-2021 01:52:01.0448 AM
[ReportManager] Successfully created attachment [File Action Actual Result - Command Log] @10-11-2021 01:52:01.0448 AM
[ReportManager] Element Action [TypeFileLocationForUpload] successfully performed. With the following test data [/Users/runner/work/SHAFT_ENGINE/SHAFT_ENGINE/src/main/resources/images/shaft.png]. @10-11-2021 01:52:01.0518 AM
[ReportManager] Element Action [Click] successfully performed. With the following test data [on]. @10-11-2021 01:52:01.0789 AM
[ReportManager] Element Action [Click] successfully performed. With the following test data [ Submit File]. @10-11-2021 01:52:03.0078 AM
[ReportManager] Element Action [GetText] successfully performed. With the following test data [1 file has been successfully uploaded.]. @10-11-2021 01:52:03.0797 AM
[ReportManager] Loaded Shared OpenCV @10-11-2021 01:52:03.0858 AM
[ReportManager] Assertion [ValidateElementAttribute] PASSED. Expected [Value Should be '1 file' for the 'Text' attribute, element locator 'By.id: res'] and Actual [1 file has been successfully uploaded.]. Comparison Type [CONTAINS]. Validation Type [POSITIVE]. @10-11-2021 01:52:03.0945 AM
[ReportManager] Successfully created attachment [Screenshot - 1636509123857_uploadFile_visibleUploadInput_ValidateElementAttribute_passed] @10-11-2021 01:52:03.0946 A
[ReportManager] Browser Action [CloseCurrentWindow] successfully performed. @10-11-2021 01:52:04.0287 AM
[ReportManager] Successfully created attachment [Browser Action Test Data - CloseCurrentWindow - Actual Value] @10-11-2021 01:52:04.0288 A

################################################################################################################################################
Starting Execution:	[71 out of 146] test cases in the current suite
Test Method:		[testPackage01.Test_AssertApiResponseEquals.assertApiResponseEquals_expectedToPass]
################################################################################################################################################
[ReportManager] Response status code: [200], status line: [HTTP/1.1 200 OK] @10-11-2021 01:52:04.0351 AM
[ReportManager] Assertion Passed: Evaluating the actual response status code against the expected one... @10-11-2021 01:52:04.0351 AM
[ReportManager] Assertion [ValidateComparativeRelation] PASSED. Expected [200] and Actual [200]. Comparison Type [EQUALS]. Validation Type [POSITIVE]. @10-11-2021 01:52:04.0351 AM
[ReportManager] API Action [PerformRequest] successfully performed. With the following test data [Request Type: "GET" | Target Status Code: "200" | Service URL: "https://jsonplaceholder.typicode.com/users" | Content Type: "*/*" | Response Time: "52ms"]. @10-11-2021 01:52:04.0384 AM
[ReportManager] Successfully created attachment [API Request - Specifications] @10-11-2021 01:52:04.0385 AM
[ReportManager] Successfully created attachment [API Response - JSON Body] @10-11-2021 01:52:04.0386 AM
[ReportManager] API Action [GetResponseJSONValueAsList] successfully performed. With the following test data [$]. @10-11-2021 01:52:04.0400 AM
[ReportManager] API Action [GetResponseJSONValue] successfully performed. With the following test data [name]. @10-11-2021 01:52:04.0416 AM
[ReportManager] API Action [GetResponseJSONValue] successfully performed. With the following test data [email]. @10-11-2021 01:52:04.0437 AM
[ReportManager] Verification [ValidateEquals] PASSED. Expected [Sincere@april.biz] and Actual [Sincere@april.biz]. Comparison Type [EQUALS]. Validation Type [POSITIVE]. @10-11-2021 01:52:04.0438 AM
[ReportManager] API Action [GetResponseJSONValue] successfully performed. With the following test data [username]. @10-11-2021 01:52:04.0457 AM
[ReportManager] Assertion [ValidateEquals] PASSED. Expected [Bret] and Actual [Bret]. Comparison Type [EQUALS]. Validation Type [POSITIVE]. @10-11-2021 01:52:04.0457 AM
[ReportManager] API Action [GetResponseJSONValue] successfully performed. With the following test data [name]. @10-11-2021 01:52:04.0470 AM
[ReportManager] API Action [GetResponseJSONValue] successfully performed. With the following test data [name]. @10-11-2021 01:52:04.0483 AM
[ReportManager] API Action [GetResponseJSONValue] successfully performed. With the following test data [name]. @10-11-2021 01:52:04.0495 AM
[ReportManager] API Action [GetResponseJSONValue] successfully performed. With the following test data [name]. @10-11-2021 01:52:04.0515 AM
[ReportManager] API Action [GetResponseJSONValue] successfully performed. With the following test data [name]. @10-11-2021 01:52:04.0532 AM
[ReportManager] API Action [GetResponseJSONValue] successfully performed. With the following test data [name]. @10-11-2021 01:52:04.0549 AM
[ReportManager] API Action [GetResponseJSONValue] successfully performed. With the following test data [name]. @10-11-2021 01:52:04.0570 AM
[ReportManager] API Action [GetResponseJSONValue] successfully performed. With the following test data [name]. @10-11-2021 01:52:04.0596 AM
[ReportManager] API Action [GetResponseJSONValue] successfully performed. With the following test data [name]. @10-11-2021 01:52:04.0624 A

################################################################################################################################################
Starting Execution:	[72 out of 146] test cases in the current suite
Test Method:		[testPackage01.Test_testData.f]
################################################################################################################################################
[ReportManager] Successfully loaded the following test data file [src/test/resources/TestDataFiles/testSuite01/TestData.xlsx]. @10-11-2021 01:52:04.0702 AM
[ReportManager] Successfully created attachment [Test Data - Excel] @10-11-2021 01:52:04.0703 AM
[ReportManager] Last Column Number is: [3]. Zero-based. @10-11-2021 01:52:04.0704 A

################################################################################################################################################
Starting Execution:	[73 out of 146] test cases in the current suite
Test Method:		[testPackage01.Test_PDF.testPDF1]
################################################################################################################################################
[ReportManager] File Action [DoesFileExist] successfully performed. With the following test data [File Path: "src/test/resources/TestDataFiles/sample.pdf"]. @10-11-2021 01:52:04.0729 AM
[ReportManager] File Action [GetAbsolutePath] successfully performed. With the following test data [Relative Folder Path: "src/test/resources/TestDataFiles/sample.pdf"]. @10-11-2021 01:52:04.0734 AM
[ReportManager] Assertion Passed: Checking to see that the pdf file contains [A Simple PDF File] @10-11-2021 01:52:08.0209 AM
[ReportManager] Successfully created attachment [Validation Test Data - Expected Value] @10-11-2021 01:52:08.0210 AM
[ReportManager] Successfully created attachment [Validation Test Data - Actual Value] @10-11-2021 01:52:08.0210 AM
[ReportManager] Assertion [ValidateEquals] PASSED. Expected and Actual values are attached. Comparison Type [CONTAINS]. Validation Type [POSITIVE]. @10-11-2021 01:52:08.0210 A

################################################################################################################################################
Starting Execution:	[74 out of 146] test cases in the current suite
Test Method:		[testPackage01.Test_PDF.testPDF2]
################################################################################################################################################
[ReportManager] File Action [DoesFileExist] successfully performed. With the following test data [File Path: "src/test/resources/TestDataFiles/sample.pdf"]. @10-11-2021 01:52:08.0222 AM
[ReportManager] File Action [GetAbsolutePath] successfully performed. With the following test data [Relative Folder Path: "src/test/resources/TestDataFiles/sample.pdf"]. @10-11-2021 01:52:08.0222 AM
[ReportManager] Assertion Passed: Checking to see that the pdf file contains [A Simple PDF File] @10-11-2021 01:52:08.0241 AM
[ReportManager] Successfully created attachment [Validation Test Data - Expected Value] @10-11-2021 01:52:08.0242 AM
[ReportManager] Successfully created attachment [Validation Test Data - Actual Value] @10-11-2021 01:52:08.0243 AM
[ReportManager] Assertion [ValidateEquals] PASSED. Expected and Actual values are attached. Comparison Type [CONTAINS]. Validation Type [POSITIVE]. @10-11-2021 01:52:08.0243 A
[ReportManager] File Action [GetAbsolutePath] successfully performed. With the following test data [Relative Folder Path: "target/downloadedFiles/"]. @10-11-2021 01:52:08.0249 AM
[ReportManager] Attempting to run locally on: [Mac-64], [Safari], Headless Execution. @10-11-2021 01:52:08.0250 AM
[ReportManager] Successfully Opened Safari. @10-11-2021 01:52:09.0097 AM
[ReportManager] Initial window size: (800, 600) @10-11-2021 01:52:09.0111 AM
[ReportManager] Window size after SWD Maximize: (1176, 811) @10-11-2021 01:52:09.0124 AM
[ReportManager] Browser Action [MaximizeWindow] successfully performed. With the following test data [New screen size is now: (1176, 811)]. @10-11-2021 01:52:09.0125 A

################################################################################################################################################
Starting Execution:	[75 out of 146] test cases in the current suite
Test Method:		[testPackage01.Test_ShadowDOM.shadowdom]
################################################################################################################################################
[ReportManager] Target URL: [https://mdn.github.io/web-components-examples/popup-info-box-web-component/] @10-11-2021 01:52:09.0128 AM
[ReportManager] Initial URL: [] @10-11-2021 01:52:09.0229 AM
[ReportManager] Browser Action [NavigateToURL] successfully performed. With the following test data [https://mdn.github.io/web-components-examples/popup-info-box-web-component/]. @10-11-2021 01:52:09.0789 AM
[ReportManager] Element Action [Type] successfully performed. With the following test data [Typing into SHADOW DOM...]. @10-11-2021 01:52:10.0895 AM
[ReportManager] Element Action [GetText] successfully performed. With the following test data [Typing into SHADOW DOM...]. @10-11-2021 01:52:10.0949 AM
[ReportManager] Loaded Shared OpenCV @10-11-2021 01:52:11.0006 AM
[ReportManager] Assertion [ValidateElementAttribute] PASSED. Expected [Value Should be 'Typing into SHADOW DOM...' for the 'Text' attribute, element locator 'By.id: cvc'] and Actual [Typing into SHADOW DOM...]. Comparison Type [EQUALS]. Validation Type [POSITIVE]. @10-11-2021 01:52:11.0144 AM
[ReportManager] Successfully created attachment [Screenshot - 1636509131006_shadowdom_ValidateElementAttribute_passed] @10-11-2021 01:52:11.0145 A
[ReportManager] Browser Action [CloseCurrentWindow] successfully performed. @10-11-2021 01:52:11.0425 AM
[ReportManager] Successfully created attachment [Browser Action Test Data - CloseCurrentWindow - Actual Value] @10-11-2021 01:52:11.0426 A
[ReportManager] File Action [GetAbsolutePath] successfully performed. With the following test data [Relative Folder Path: "target/downloadedFiles/"]. @10-11-2021 01:52:11.0429 AM
[ReportManager] Attempting to run locally on: [Mac-64], [Safari], Headless Execution. @10-11-2021 01:52:11.0430 AM
[ReportManager] Successfully Opened Safari. @10-11-2021 01:52:12.0248 AM
[ReportManager] Initial window size: (800, 600) @10-11-2021 01:52:12.0259 AM
[ReportManager] Window size after SWD Maximize: (1176, 811) @10-11-2021 01:52:12.0281 AM
[ReportManager] Browser Action [MaximizeWindow] successfully performed. With the following test data [New screen size is now: (1176, 811)]. @10-11-2021 01:52:12.0281 A

################################################################################################################################################
Starting Execution:	[76 out of 146] test cases in the current suite
Test Method:		[testPackage01.Test_clipboardActions.typeTextAndCopyPaste]
################################################################################################################################################
[ReportManager] Target URL: [https://www.google.com/ncr], and after redirection: [https://www.google.com] @10-11-2021 01:52:12.0286 AM
[ReportManager] Initial URL: [] @10-11-2021 01:52:12.0357 AM
[ReportManager] Browser Action [NavigateToURL] successfully performed. With the following test data [https://www.google.com/ncr]. @10-11-2021 01:52:14.0026 AM
[ReportManager] Element Action [Type] successfully performed. With the following test data [FIRST]. @10-11-2021 01:52:14.0366 A
[ReportManager] Browser Action [CloseCurrentWindow] successfully performed. @10-11-2021 01:52:14.0779 AM
[ReportManager] Successfully created attachment [Browser Action Test Data - CloseCurrentWindow - Actual Value] @10-11-2021 01:52:14.0780 A

################################################################################################################################################
Starting Execution:	[77 out of 146] test cases in the current suite
Test Method:		[testPackage01.Test_NewValidationHelper.f1]
################################################################################################################################################
[ReportManager] Assertion Passed: Checking valid user data @10-11-2021 01:52:14.0784 AM
[ReportManager] Successfully created attachment [Validation Test Data - Expected Value] @10-11-2021 01:52:14.0785 AM
[ReportManager] Successfully created attachment [Validation Test Data - Actual Value] @10-11-2021 01:52:14.0785 AM
[ReportManager] Assertion [ValidateEquals] PASSED. Expected and Actual values are attached. Comparison Type [EQUALS]. Validation Type [POSITIVE]. @10-11-2021 01:52:14.0785 A
[ReportManager] File Action [GetAbsolutePath] successfully performed. With the following test data [Relative Folder Path: "target/downloadedFiles/"]. @10-11-2021 01:52:14.0790 AM
[ReportManager] Attempting to run locally on: [Mac-64], [Safari], Headless Execution. @10-11-2021 01:52:14.0790 AM
[ReportManager] Successfully Opened Safari. @10-11-2021 01:52:15.0582 AM
[ReportManager] Initial window size: (800, 600) @10-11-2021 01:52:15.0600 AM
[ReportManager] Window size after SWD Maximize: (1176, 811) @10-11-2021 01:52:15.0652 AM
[ReportManager] Browser Action [MaximizeWindow] successfully performed. With the following test data [New screen size is now: (1176, 811)]. @10-11-2021 01:52:15.0652 AM
[ReportManager] Target URL: [https://the-internet.herokuapp.com/] @10-11-2021 01:52:15.0652 AM
[ReportManager] Initial URL: [] @10-11-2021 01:52:15.0707 AM
[ReportManager] Browser Action [NavigateToURL] successfully performed. With the following test data [https://the-internet.herokuapp.com/]. @10-11-2021 01:52:16.0938 A

################################################################################################################################################
Starting Execution:	[78 out of 146] test cases in the current suite
Test Method:		[testPackage01.Test_NewValidationHelper.f10]
################################################################################################################################################
[ReportManager] Loaded Shared OpenCV @10-11-2021 01:52:17.0039 AM
[ReportManager] Assertion [ValidateElementExists] FAILED. Expected [Element Should Exist, locator 'By.tagName: div'] and Actual [Element Exists but is not unique]. Comparison Type [EQUALS]. Validation Type [POSITIVE]. @10-11-2021 01:52:17.0155 AM
[ReportManager] Successfully created attachment [Screenshot - 1636509137039_f10_ValidateElementExists_failed] @10-11-2021 01:52:17.0157 A



################################################################################################################################################
Starting Execution:	[79 out of 146] test cases in the current suite
Test Method:		[testPackage01.Test_NewValidationHelper.f11]
###############################################################################################################################################



################################################################################################################################################
Starting Execution:	[80 out of 146] test cases in the current suite
Test Method:		[testPackage01.Test_NewValidationHelper.f12]
###############################################################################################################################################



################################################################################################################################################
Starting Execution:	[81 out of 146] test cases in the current suite
Test Method:		[testPackage01.Test_NewValidationHelper.f13]
###############################################################################################################################################



################################################################################################################################################
Starting Execution:	[82 out of 146] test cases in the current suite
Test Method:		[testPackage01.Test_NewValidationHelper.f14]
###############################################################################################################################################



################################################################################################################################################
Starting Execution:	[83 out of 146] test cases in the current suite
Test Method:		[testPackage01.Test_NewValidationHelper.f15]
###############################################################################################################################################



################################################################################################################################################
Starting Execution:	[84 out of 146] test cases in the current suite
Test Method:		[testPackage01.Test_NewValidationHelper.f16]
###############################################################################################################################################



################################################################################################################################################
Starting Execution:	[85 out of 146] test cases in the current suite
Test Method:		[testPackage01.Test_NewValidationHelper.f17]
###############################################################################################################################################



################################################################################################################################################
Starting Execution:	[86 out of 146] test cases in the current suite
Test Method:		[testPackage01.Test_NewValidationHelper.f18]
###############################################################################################################################################


################################################################################################################################################
Starting Execution:	[87 out of 146] test cases in the current suite
Test Method:		[testPackage01.Test_NewValidationHelper.f2]
###############################################################################################################################################


################################################################################################################################################
Starting Execution:	[88 out of 146] test cases in the current suite
Test Method:		[testPackage01.Test_NewValidationHelper.f20]
###############################################################################################################################################



################################################################################################################################################
Starting Execution:	[89 out of 146] test cases in the current suite
Test Method:		[testPackage01.Test_NewValidationHelper.f21]
###############################################################################################################################################



################################################################################################################################################
Starting Execution:	[90 out of 146] test cases in the current suite
Test Method:		[testPackage01.Test_NewValidationHelper.f22]
###############################################################################################################################################


################################################################################################################################################
Starting Execution:	[91 out of 146] test cases in the current suite
Test Method:		[testPackage01.Test_NewValidationHelper.f23]
###############################################################################################################################################

################################################################################################################################################
Starting Execution:	[92 out of 146] test cases in the current suite
Test Method:		[testPackage01.Test_NewValidationHelper.f24]
###############################################################################################################################################

################################################################################################################################################
Starting Execution:	[93 out of 146] test cases in the current suite
Test Method:		[testPackage01.Test_NewValidationHelper.f25]
###############################################################################################################################################

################################################################################################################################################
Starting Execution:	[94 out of 146] test cases in the current suite
Test Method:		[testPackage01.Test_NewValidationHelper.f26]
###############################################################################################################################################

################################################################################################################################################
Starting Execution:	[95 out of 146] test cases in the current suite
Test Method:		[testPackage01.Test_NewValidationHelper.f27]
###############################################################################################################################################

################################################################################################################################################
Starting Execution:	[96 out of 146] test cases in the current suite
Test Method:		[testPackage01.Test_NewValidationHelper.f28]
###############################################################################################################################################

################################################################################################################################################
Starting Execution:	[97 out of 146] test cases in the current suite
Test Method:		[testPackage01.Test_NewValidationHelper.f29]
###############################################################################################################################################

################################################################################################################################################
Starting Execution:	[98 out of 146] test cases in the current suite
Test Method:		[testPackage01.Test_NewValidationHelper.f3]
###############################################################################################################################################

################################################################################################################################################
Starting Execution:	[99 out of 146] test cases in the current suite
Test Method:		[testPackage01.Test_NewValidationHelper.f30]
###############################################################################################################################################

################################################################################################################################################
Starting Execution:	[100 out of 146] test cases in the current suite
Test Method:		[testPackage01.Test_NewValidationHelper.f31]
###############################################################################################################################################

################################################################################################################################################
Starting Execution:	[101 out of 146] test cases in the current suite
Test Method:		[testPackage01.Test_NewValidationHelper.f32]
###############################################################################################################################################

################################################################################################################################################
Starting Execution:	[102 out of 146] test cases in the current suite
Test Method:		[testPackage01.Test_NewValidationHelper.f33]
###############################################################################################################################################

################################################################################################################################################
Starting Execution:	[103 out of 146] test cases in the current suite
Test Method:		[testPackage01.Test_NewValidationHelper.f34]
###############################################################################################################################################

################################################################################################################################################
Starting Execution:	[104 out of 146] test cases in the current suite
Test Method:		[testPackage01.Test_NewValidationHelper.f35]
###############################################################################################################################################

################################################################################################################################################
Starting Execution:	[105 out of 146] test cases in the current suite
Test Method:		[testPackage01.Test_NewValidationHelper.f36]
###############################################################################################################################################

################################################################################################################################################
Starting Execution:	[106 out of 146] test cases in the current suite
Test Method:		[testPackage01.Test_NewValidationHelper.f37]
###############################################################################################################################################

################################################################################################################################################
Starting Execution:	[107 out of 146] test cases in the current suite
Test Method:		[testPackage01.Test_NewValidationHelper.f3_1]
###############################################################################################################################################

################################################################################################################################################
Starting Execution:	[108 out of 146] test cases in the current suite
Test Method:		[testPackage01.Test_NewValidationHelper.f4]
###############################################################################################################################################

################################################################################################################################################
Starting Execution:	[109 out of 146] test cases in the current suite
Test Method:		[testPackage01.Test_NewValidationHelper.f5]
###############################################################################################################################################

################################################################################################################################################
Starting Execution:	[110 out of 146] test cases in the current suite
Test Method:		[testPackage01.Test_NewValidationHelper.f6]
###############################################################################################################################################

################################################################################################################################################
Starting Execution:	[111 out of 146] test cases in the current suite
Test Method:		[testPackage01.Test_NewValidationHelper.f6_1]
###############################################################################################################################################

################################################################################################################################################
Starting Execution:	[112 out of 146] test cases in the current suite
Test Method:		[testPackage01.Test_NewValidationHelper.f6_2]
###############################################################################################################################################

################################################################################################################################################
Starting Execution:	[113 out of 146] test cases in the current suite
Test Method:		[testPackage01.Test_NewValidationHelper.f7]
###############################################################################################################################################


################################################################################################################################################
Starting Execution:	[114 out of 146] test cases in the current suite
Test Method:		[testPackage01.Test_NewValidationHelper.f8]
###############################################################################################################################################



################################################################################################################################################
Starting Execution:	[115 out of 146] test cases in the current suite
Test Method:		[testPackage01.Test_NewValidationHelper.f9]
###############################################################################################################################################


################################################################################################################################################
Starting Execution:	[116 out of 146] test cases in the current suite
Test Method:		[testPackage01.Test_NewValidationHelper.forceFail]
###############################################################################################################################################

################################################################################################################################################
Starting Execution:	[117 out of 146] test cases in the current suite
Test Method:		[testPackage01.Test_NewValidationHelper.forceFail2]
###############################################################################################################################################

################################################################################################################################################
Starting Execution:	[118 out of 146] test cases in the current suite
Test Method:		[testPackage01.Test_JsonActions.f]
###############################################################################################################################################

################################################################################################################################################
Starting Execution:	[119 out of 146] test cases in the current suite
Test Method:		[testPackage01.Test_JsonActions.f2]
###############################################################################################################################################

################################################################################################################################################
Starting Execution:	[120 out of 146] test cases in the current suite
Test Method:		[testPackage01.Test_sendGraphqlRequest.sendGraphqlRequestUsingMutationAndVariables]
################################################################################################################################################
[ReportManager] GraphQl Request is being Performed with the Following Parameters [Service URL: https://api.spacex.land/graphql | Request Body: {"variables":"{\"name\": \"sherlock holmes\",\"rocket\": \"221B Baker Street\"}","query":"mutation ($name: String, $rocket: String) {\n  insert_users(objects: {name: $name, rocket: $rocket}) {\n    returning {\n      name\n      rocket\n    }\n  }\n}"}] @10-11-2021 01:52:17.0733 AM
[ReportManager] Response status code: [200], status line: [HTTP/1.1 200 OK] @10-11-2021 01:52:18.0273 AM
[ReportManager] Assertion Passed: Evaluating the actual response status code against the expected one... @10-11-2021 01:52:18.0273 AM
[ReportManager] Assertion [ValidateComparativeRelation] PASSED. Expected [200] and Actual [200]. Comparison Type [EQUALS]. Validation Type [POSITIVE]. @10-11-2021 01:52:18.0273 AM
[ReportManager] API Action [PerformRequest] successfully performed. With the following test data [Request Type: "POST" | Target Status Code: "200" | Service URL: "https://api.spacex.land/graphql" | Content Type: "application/json" | Response Time: "425ms"]. @10-11-2021 01:52:18.0312 AM
[ReportManager] Successfully created attachment [API Request - Specifications] @10-11-2021 01:52:18.0313 AM
[ReportManager] Successfully created attachment [API Request - JSON Body] @10-11-2021 01:52:18.0314 AM
[ReportManager] Successfully created attachment [API Response - JSON Body] @10-11-2021 01:52:18.0314 AM
[ReportManager] API Action [GetResponseJSONValue] successfully performed. With the following test data [data.insert_users.returning[0].name]. @10-11-2021 01:52:18.0388 AM
[ReportManager] Assertion [ValidateEquals] PASSED. Expected [sherlock holmes] and Actual [sherlock holmes]. Comparison Type [EQUALS]. Validation Type [POSITIVE]. @10-11-2021 01:52:18.0388 A

################################################################################################################################################
Starting Execution:	[121 out of 146] test cases in the current suite
Test Method:		[testPackage01.Test_sendGraphqlRequest.sendGraphqlRequestUsingQuery]
################################################################################################################################################
[ReportManager] GraphQl Request is being Performed with the Following Parameters [Service URL: https://api.spacex.land/graphql | Request Body: {"query":"{company {ceo}}"}] @10-11-2021 01:52:18.0392 AM
[ReportManager] Response status code: [200], status line: [HTTP/1.1 200 OK] @10-11-2021 01:52:18.0669 AM
[ReportManager] Assertion Passed: Evaluating the actual response status code against the expected one... @10-11-2021 01:52:18.0670 AM
[ReportManager] Assertion [ValidateComparativeRelation] PASSED. Expected [200] and Actual [200]. Comparison Type [EQUALS]. Validation Type [POSITIVE]. @10-11-2021 01:52:18.0670 AM
[ReportManager] API Action [PerformRequest] successfully performed. With the following test data [Request Type: "POST" | Target Status Code: "200" | Service URL: "https://api.spacex.land/graphql" | Content Type: "application/json" | Response Time: "272ms"]. @10-11-2021 01:52:18.0683 AM
[ReportManager] Successfully created attachment [API Request - Specifications] @10-11-2021 01:52:18.0684 AM
[ReportManager] Successfully created attachment [API Request - JSON Body] @10-11-2021 01:52:18.0684 AM
[ReportManager] Successfully created attachment [API Response - JSON Body] @10-11-2021 01:52:18.0685 AM
[ReportManager] API Action [GetResponseJSONValue] successfully performed. With the following test data [data.company.ceo]. @10-11-2021 01:52:18.0698 AM
[ReportManager] Assertion [ValidateEquals] PASSED. Expected [Elon Musk] and Actual [Elon Musk]. Comparison Type [EQUALS]. Validation Type [POSITIVE]. @10-11-2021 01:52:18.0698 A

################################################################################################################################################
Starting Execution:	[122 out of 146] test cases in the current suite
Test Method:		[testPackage01.Test_MatchJsonSchema.checkAPI_ResponseSchema]
################################################################################################################################################
[ReportManager] Response status code: [200], status line: [HTTP/1.1 200 OK] @10-11-2021 01:52:18.0812 AM
[ReportManager] Assertion Passed: Evaluating the actual response status code against the expected one... @10-11-2021 01:52:18.0813 AM
[ReportManager] Assertion [ValidateComparativeRelation] PASSED. Expected [200] and Actual [200]. Comparison Type [EQUALS]. Validation Type [POSITIVE]. @10-11-2021 01:52:18.0813 AM
[ReportManager] API Action [PerformRequest] successfully performed. With the following test data [Request Type: "GET" | Target Status Code: "200" | Service URL: "http://api.zippopotam.us/us/90210" | Content Type: "*/*" | Response Time: "102ms"]. @10-11-2021 01:52:18.0827 AM
[ReportManager] Successfully created attachment [API Request - Specifications] @10-11-2021 01:52:18.0827 AM
[ReportManager] Successfully created attachment [API Response - JSON Body] @10-11-2021 01:52:18.0828 AM
[ReportManager] File Action [GetAbsolutePath] successfully performed. With the following test data [Relative Folder Path: "src/test/resources/testDataFiles/schema.json"]. @10-11-2021 01:52:18.0829 AM
[ReportManager] File Action [GetAbsolutePath] successfully performed. With the following test data [Relative Folder Path: "/Users/runner/work/SHAFT_ENGINE/SHAFT_ENGINE/src/test/resources/testDataFiles/schema.json"]. @10-11-2021 01:52:19.0638 AM
[ReportManager] File Action [ReadFromFile] successfully performed. With the following test data [File Path: "/Users/runner/work/SHAFT_ENGINE/SHAFT_ENGINE/src/test/resources/testDataFiles/schema.json"]. @10-11-2021 01:52:19.0639 AM
[ReportManager] Assertion Passed: Then I Assert that the API response schema matches that in this file [src/test/resources/testDataFiles/schema.json]. @10-11-2021 01:52:19.0640 AM
[ReportManager] Successfully created attachment [Validation Test Data - Expected JSON Value] @10-11-2021 01:52:19.0641 AM
[ReportManager] Successfully created attachment [Validation Test Data - Actual JSON Value] @10-11-2021 01:52:19.0642 AM
[ReportManager] Assertion [ValidateResponseFileSchema] PASSED. Expected [Response data should match the JSON File in this path '/Users/runner/work/SHAFT_ENGINE/SHAFT_ENGINE/src/test/resources/testDataFiles/schema.json'] and Actual [TRUE]. Comparison Type [EQUALS]. Validation Type [POSITIVE]. @10-11-2021 01:52:19.0642 A
[ReportManager] File Action [GetAbsolutePath] successfully performed. With the following test data [Relative Folder Path: "target/downloadedFiles/"]. @10-11-2021 01:52:19.0646 AM
[ReportManager] Attempting to run locally on: [Mac-64], [Safari], Headless Execution. @10-11-2021 01:52:19.0646 A

################################################################################################################################################
Starting Execution:	[123 out of 146] test cases in the current suite
Test Method:		[testPackage01.Test_dragAndDrop.dragAndDropJquery]
###############################################################################################################################################



################################################################################################################################################
Starting Execution:	[124 out of 146] test cases in the current suite
Test Method:		[testPackage01.Test_dragAndDrop.dragAndDrop]
Test Description:	[TC001 - Test Drag and Drop function.]
###############################################################################################################################################



################################################################################################################################################
Starting Execution:	[125 out of 146] test cases in the current suite
Test Method:		[testPackage01.Test_dragAndDrop.dragAndDropByOffset]
Test Description:	[TC002 - Test Drag and Drop by offset function.]
###############################################################################################################################################

[ReportManager] Successfully loaded the following test data file [src/test/resources/TestDataFiles/testSuite01/TestData.xlsx]. @10-11-2021 01:52:19.0876 AM
[ReportManager] Successfully created attachment [Test Data - Excel] @10-11-2021 01:52:19.0877 AM
[ReportManager] File Action [GetAbsolutePath] successfully performed. With the following test data [Relative Folder Path: "target/downloadedFiles/"]. @10-11-2021 01:52:19.0877 AM
[ReportManager] Attempting to run locally on: [Mac-64], [Safari], Headless Execution. @10-11-2021 01:52:19.0877 AM
[ReportManager] Successfully Opened Safari. @10-11-2021 01:52:20.0623 AM
[ReportManager] Initial window size: (800, 600) @10-11-2021 01:52:20.0644 AM
[ReportManager] Window size after SWD Maximize: (1176, 811) @10-11-2021 01:52:20.0659 AM
[ReportManager] Browser Action [MaximizeWindow] successfully performed. With the following test data [New screen size is now: (1176, 811)]. @10-11-2021 01:52:20.0659 A

################################################################################################################################################
Starting Execution:	[126 out of 146] test cases in the current suite
Test Method:		[testPackage01.Test_google.navigateToURLandVerifyGoogleLogoIsDisplayed]
Test Description:	[TC001 - Navigate to URL and Verify Google Logo is Displayed]
################################################################################################################################################
[ReportManager] Target URL: [https://www.google.com/ncr], and after redirection: [https://www.google.com] @10-11-2021 01:52:20.0662 AM
[ReportManager] Initial URL: [] @10-11-2021 01:52:20.0735 AM
[ReportManager] Browser Action [NavigateToURL] successfully performed. With the following test data [https://www.google.com/ncr]. @10-11-2021 01:52:21.0757 AM
[ReportManager] Loaded Shared OpenCV @10-11-2021 01:52:21.0968 AM
[ReportManager] Assertion Passed: Then I Assert that the element found by [By.xpath: //*[@id='hplogo' or @alt='Google']] exists. @10-11-2021 01:52:22.0088 AM
[ReportManager] Successfully created attachment [Screenshot - 1636509141968_navigateToURLandVerifyGoogleLogoIsDisplayed_ValidateElementExists_passed] @10-11-2021 01:52:22.0089 AM
[ReportManager] Assertion [ValidateElementExists] PASSED. Expected [Element Should Exist, locator 'By.xpath: //*[@id='hplogo' or @alt='Google']'] and Actual [Element Exists]. Comparison Type [EQUALS]. Validation Type [POSITIVE]. @10-11-2021 01:52:22.0089 A

################################################################################################################################################
Starting Execution:	[127 out of 146] test cases in the current suite
Test Method:		[testPackage01.Test_google.searchForQueryandAssertResultsNumDisplayed]
Test Description:	[TC002 - Search for Query and Assert that the number of results is displayed]
################################################################################################################################################
[ReportManager] Element Action [Type] successfully performed. With the following test data [SHAFT_Engine]. @10-11-2021 01:52:22.0498 AM
[ReportManager] Element Action [KeyPress] successfully performed. With the following test data [Enter]. @10-11-2021 01:52:22.0548 A

################################################################################################################################################
Starting Execution:	[128 out of 146] test cases in the current suite
Test Method:		[testPackage01.Test_google.clickNextThrice]
Test Description:	[TC003 - Clicks the next button to make sure that the framework can scroll element into view before clicking it]
###############################################################################################################################################
[ReportManager] Browser Action [CloseCurrentWindow] successfully performed. @10-11-2021 01:52:22.0800 AM
[ReportManager] Successfully created attachment [Browser Action Test Data - CloseCurrentWindow - Actual Value] @10-11-2021 01:52:22.0801 A

################################################################################################################################################
Starting Execution:	[129 out of 146] test cases in the current suite
Test Method:		[testPackage01.Test_chainableElementActions.chainElementActions]
################################################################################################################################################
[ReportManager] File Action [GetAbsolutePath] successfully performed. With the following test data [Relative Folder Path: "target/downloadedFiles/"]. @10-11-2021 01:52:22.0803 AM
[ReportManager] Attempting to run locally on: [Mac-64], [GoogleChrome], Headless Execution. @10-11-2021 01:52:22.0805 AM
[ReportManager] Identifying OS/Driver combination and selecting the correct driver version automatically. Please note that if a new driver executable will be downloaded it may take some time... @10-11-2021 01:52:22.0805 AM
[ReportManager] Successfully Opened Google Chrome. @10-11-2021 01:52:25.0909 AM
[ReportManager] Initial window size: (1920, 1080) @10-11-2021 01:52:25.0920 AM
[ReportManager] Window size after SWD Maximize: (1920, 1080) @10-11-2021 01:52:26.0105 AM
[ReportManager] Window size after Toolkit: (1920, 1080) @10-11-2021 01:52:26.0642 AM
[ReportManager] Browser Action [MaximizeWindow] successfully performed. With the following test data [New screen size is now: (1920, 1080)]. @10-11-2021 01:52:26.0645 AM
[ReportManager] Target URL: [https://www.google.com/ncr], and after redirection: [https://www.google.com] @10-11-2021 01:52:26.0645 AM
[ReportManager] Initial URL: [data:,] @10-11-2021 01:52:26.0680 AM
[ReportManager] Browser Action [NavigateToURL] successfully performed. With the following test data [https://www.google.com/ncr]. @10-11-2021 01:52:27.0626 AM
[ReportManager] Element Action [Type] successfully performed. With the following test data [chained type 1]. @10-11-2021 01:52:28.0021 AM
[ReportManager] Element Action [Type] successfully performed. With the following test data [chained type 2]. @10-11-2021 01:52:28.0319 AM
[ReportManager] Element Action [TypeAppend] successfully performed. With the following test data [345]. @10-11-2021 01:52:28.0385 AM
[ReportManager] Element Action [GetText] successfully performed. With the following test data [chained type 2345]. @10-11-2021 01:52:28.0467 AM
[ReportManager] Loaded Shared OpenCV @10-11-2021 01:52:28.0836 AM
[ReportManager] Assertion [ValidateElementAttribute] PASSED. Expected [Value Should be 'chained type 2345' for the 'text' attribute, element locator 'By.name: q'] and Actual [chained type 2345]. Comparison Type [EQUALS]. Validation Type [POSITIVE]. @10-11-2021 01:52:29.0011 AM
[ReportManager] Successfully created attachment [Screenshot - 1636509148836_chainElementActions_ValidateElementAttribute_passed] @10-11-2021 01:52:29.0012 AM
[ReportManager] Browser Action [CloseCurrentWindow] successfully performed. @10-11-2021 01:52:29.0239 AM
[ReportManager] Successfully created attachment [Browser Action Test Data - CloseCurrentWindow - Actual Value] @10-11-2021 01:52:29.0239 A
[ReportManager] File Action [GetAbsolutePath] successfully performed. With the following test data [Relative Folder Path: "target/downloadedFiles/"]. @10-11-2021 01:52:29.0243 AM
[ReportManager] Attempting to run locally on: [Mac-64], [Safari], Headless Execution. @10-11-2021 01:52:29.0243 AM
[ReportManager] Successfully Opened Safari. @10-11-2021 01:52:30.0245 AM
[ReportManager] Initial window size: (800, 600) @10-11-2021 01:52:30.0250 AM
[ReportManager] Window size after SWD Maximize: (1176, 811) @10-11-2021 01:52:30.0261 AM
[ReportManager] Browser Action [MaximizeWindow] successfully performed. With the following test data [New screen size is now: (1176, 811)]. @10-11-2021 01:52:30.0261 A

################################################################################################################################################
Starting Execution:	[130 out of 146] test cases in the current suite
Test Method:		[testPackage01.Test_RelativeLocators.relativeLocatorsTest1]
################################################################################################################################################
[ReportManager] Target URL: [https://duckduckgo.com/] @10-11-2021 01:52:30.0265 AM
[ReportManager] Initial URL: [] @10-11-2021 01:52:30.0297 AM
[ReportManager] Browser Action [NavigateToURL] successfully performed. With the following test data [https://duckduckgo.com/]. @10-11-2021 01:52:31.0091 AM
[ReportManager] Element Action [Type] successfully performed. With the following test data [SHAFT_Engine]. @10-11-2021 01:52:31.0409 AM
[ReportManager] Element Action [KeyPress] successfully performed. With the following test data [ENTER]. @10-11-2021 01:52:31.0460 A
[ReportManager] Browser Action [CloseCurrentWindow] successfully performed. @10-11-2021 01:52:34.0225 AM
[ReportManager] Successfully created attachment [Browser Action Test Data - CloseCurrentWindow - Actual Value] @10-11-2021 01:52:34.0226 A

################################################################################################################################################
Starting Execution:	[131 out of 146] test cases in the current suite
Test Method:		[testPackage01.Test_JsonCompareWithSpecialCharacters.specialCharacters]
################################################################################################################################################
[ReportManager] File Action [GetAbsolutePath] successfully performed. With the following test data [Relative Folder Path: "src/test/resources/testDataFiles/specialCharacters.json"]. @10-11-2021 01:52:34.0231 AM
[ReportManager] File Action [ReadFromFile] successfully performed. With the following test data [File Path: "/Users/runner/work/SHAFT_ENGINE/SHAFT_ENGINE/src/test/resources/testDataFiles/specialCharacters.json"]. @10-11-2021 01:52:34.0231 AM
[ReportManager] Successfully created attachment [File Action Actual Result - Command Log] @10-11-2021 01:52:34.0232 AM
[ReportManager] Comparing the provided API response with the file at this path "src/test/resources/testDataFiles/specialCharacters.json", comparison type "EQUALS" @10-11-2021 01:52:34.0233 AM
[ReportManager] API Action [CompareJSON] successfully performed. With the following test data [src/test/resources/testDataFiles/specialCharacters.json]. @10-11-2021 01:52:34.0241 AM
[ReportManager] File Action [GetAbsolutePath] successfully performed. With the following test data [Relative Folder Path: "src/test/resources/testDataFiles/specialCharacters.json"]. @10-11-2021 01:52:34.0241 AM
[ReportManager] File Action [ReadFromFile] successfully performed. With the following test data [File Path: "/Users/runner/work/SHAFT_ENGINE/SHAFT_ENGINE/src/test/resources/testDataFiles/specialCharacters.json"]. @10-11-2021 01:52:34.0241 AM
[ReportManager] Verification [ValidateJSONFileContent] PASSED. Expected [Response data should match the JSON File in this path 'src/test/resources/testDataFiles/specialCharacters.json'] and Actual [TRUE]. Comparison Type [EQUALS]. Validation Type [POSITIVE]. @10-11-2021 01:52:34.0245 AM
[ReportManager] Successfully created attachment [Validation Test Data - Expected JSON Value] @10-11-2021 01:52:34.0247 AM
[ReportManager] Successfully created attachment [Validation Test Data - Actual JSON Value] @10-11-2021 01:52:34.0248 A

################################################################################################################################################
Starting Execution:	[132 out of 146] test cases in the current suite
Test Method:		[testPackage01.Test_JsonCompareWithSpecialCharacters.specialCharacters_assertion]
################################################################################################################################################
[ReportManager] File Action [GetAbsolutePath] successfully performed. With the following test data [Relative Folder Path: "src/test/resources/testDataFiles/specialCharacters.json"]. @10-11-2021 01:52:34.0251 AM
[ReportManager] File Action [ReadFromFile] successfully performed. With the following test data [File Path: "/Users/runner/work/SHAFT_ENGINE/SHAFT_ENGINE/src/test/resources/testDataFiles/specialCharacters.json"]. @10-11-2021 01:52:34.0251 AM
[ReportManager] Successfully created attachment [File Action Actual Result - Command Log] @10-11-2021 01:52:34.0252 AM
[ReportManager] Comparing the provided API response with the file at this path "src/test/resources/testDataFiles/specialCharacters.json", comparison type "CONTAINS" @10-11-2021 01:52:34.0252 AM
[ReportManager] API Action [CompareJSON] successfully performed. With the following test data [src/test/resources/testDataFiles/specialCharacters.json]. @10-11-2021 01:52:34.0262 AM
[ReportManager] File Action [GetAbsolutePath] successfully performed. With the following test data [Relative Folder Path: "src/test/resources/testDataFiles/specialCharacters.json"]. @10-11-2021 01:52:34.0262 AM
[ReportManager] File Action [ReadFromFile] successfully performed. With the following test data [File Path: "/Users/runner/work/SHAFT_ENGINE/SHAFT_ENGINE/src/test/resources/testDataFiles/specialCharacters.json"]. @10-11-2021 01:52:34.0262 AM
[ReportManager] Assertion Passed: trying out the log message @10-11-2021 01:52:34.0266 AM
[ReportManager] Successfully created attachment [Validation Test Data - Expected JSON Value] @10-11-2021 01:52:34.0266 AM
[ReportManager] Successfully created attachment [Validation Test Data - Actual JSON Value] @10-11-2021 01:52:34.0267 AM
[ReportManager] Assertion [ValidateJSONFileContent] PASSED. Expected [Response data should match the JSON File in this path 'src/test/resources/testDataFiles/specialCharacters.json'] and Actual [TRUE]. Comparison Type [CONTAINS]. Validation Type [POSITIVE]. @10-11-2021 01:52:34.0267 A

################################################################################################################################################
Starting Execution:	[133 out of 146] test cases in the current suite
Test Method:		[testPackage01.Test_SkipDueToIssue.doNotSkip]
################################################################################################################################################
[ReportManager] This should not be skipped. @10-11-2021 01:52:34.0272 A

################################################################################################################################################
Starting Execution:	[134 out of 146] test cases in the current suite
Test Method:		[testPackage01.Test_SkipDueToIssue.skip]
################################################################################################################################################
[ReportManager] This should be skipped. @10-11-2021 01:52:34.0277 A

################################################################################################################################################
Starting Execution:	[135 out of 146] test cases in the current suite
Test Method:		[testPackage01.Test_SkipDueToIssue.skip2]
################################################################################################################################################
[ReportManager] This should be skipped. @10-11-2021 01:52:34.0283 A

################################################################################################################################################
Starting Execution:	[136 out of 146] test cases in the current suite
Test Method:		[testPackage01.Test_JSONFileManager.readStringFromJson]
################################################################################################################################################
[ReportManager] File Action [GetAbsolutePath] successfully performed. With the following test data [Relative Folder Path: "src/test/resources/testDataFiles/simpleJSON.json"]. @10-11-2021 01:52:34.0289 AM
[ReportManager] Successfully loaded the following test data file [src/test/resources/testDataFiles/simpleJSON.json]. @10-11-2021 01:52:34.0289 AM
[ReportManager] Successfully created attachment [Test Data - JSON] @10-11-2021 01:52:34.0290 AM
[ReportManager] File Action [GetAbsolutePath] successfully performed. With the following test data [Relative Folder Path: "src/test/resources/testDataFiles/simpleJSON.json"]. @10-11-2021 01:52:34.0294 AM
[ReportManager] Assertion [ValidateEquals] PASSED. Expected [Mohab Mohie] and Actual [Mohab Mohie]. Comparison Type [EQUALS]. Validation Type [POSITIVE]. @10-11-2021 01:52:34.0308 A
[ReportManager] File Action [GetAbsolutePath] successfully performed. With the following test data [Relative Folder Path: "target/downloadedFiles/"]. @10-11-2021 01:52:34.0310 AM
[ReportManager] Attempting to run locally on: [Mac-64], [Safari], Headless Execution. @10-11-2021 01:52:34.0310 AM
[ReportManager] Successfully Opened Safari. @10-11-2021 01:52:35.0042 AM
[ReportManager] Initial window size: (800, 600) @10-11-2021 01:52:35.0064 AM
[ReportManager] Window size after SWD Maximize: (1176, 811) @10-11-2021 01:52:35.0091 AM
[ReportManager] Browser Action [MaximizeWindow] successfully performed. With the following test data [New screen size is now: (1176, 811)]. @10-11-2021 01:52:35.0092 A

################################################################################################################################################
Starting Execution:	[137 out of 146] test cases in the current suite
Test Method:		[testPackage01.Test_assertEquals.test_assertElementAttribute]
################################################################################################################################################
[ReportManager] Target URL: [https://www.google.com/ncr], and after redirection: [https://www.google.com] @10-11-2021 01:52:35.0098 AM
[ReportManager] Initial URL: [] @10-11-2021 01:52:35.0134 AM
[ReportManager] Browser Action [NavigateToURL] successfully performed. With the following test data [https://www.google.com/ncr]. @10-11-2021 01:52:36.0179 AM
[ReportManager] Element Action [Type] successfully performed. With the following test data [INC_004010050:Another SCHEDULER with the same name [Duplicate Job Name] already exists.]. @10-11-2021 01:52:38.0319 AM
[ReportManager] Element Action [GetText] successfully performed. With the following test data [INC_004010050:Another SCHEDULER with the same name [Duplicate Job Name] already exists.]. @10-11-2021 01:52:38.0384 AM
[ReportManager] Loaded Shared OpenCV @10-11-2021 01:52:38.0434 AM
[ReportManager] Assertion [ValidateElementAttribute] PASSED. Expected [Value Should be 'INC_004010050:Another SCHEDULER with the same name \[Duplicate Job Name\] already exists.' for the 'text' attribute, element locator 'By.name: q'] and Actual [INC_004010050:Another SCHEDULER with the same name [Duplicate Job Name] already exists.]. Comparison Type [MATCHES]. Validation Type [POSITIVE]. @10-11-2021 01:52:38.0576 AM
[ReportManager] Successfully created attachment [Screenshot - 1636509158434_test_assertElementAttribute_ValidateElementAttribute_passed] @10-11-2021 01:52:38.0577 A
[ReportManager] Browser Action [CloseCurrentWindow] successfully performed. @10-11-2021 01:52:38.0887 AM
[ReportManager] Successfully created attachment [Browser Action Test Data - CloseCurrentWindow - Actual Value] @10-11-2021 01:52:38.0888 A
[ReportManager] File Action [GetAbsolutePath] successfully performed. With the following test data [Relative Folder Path: "target/downloadedFiles/"]. @10-11-2021 01:52:38.0889 AM
[ReportManager] Attempting to run locally on: [Mac-64], [Safari], Headless Execution. @10-11-2021 01:52:38.0889 AM
[ReportManager] Successfully Opened Safari. @10-11-2021 01:52:39.0709 AM
[ReportManager] Initial window size: (800, 600) @10-11-2021 01:52:39.0732 AM
[ReportManager] Window size after SWD Maximize: (1176, 811) @10-11-2021 01:52:39.0745 AM
[ReportManager] Browser Action [MaximizeWindow] successfully performed. With the following test data [New screen size is now: (1176, 811)]. @10-11-2021 01:52:39.0745 A

################################################################################################################################################
Starting Execution:	[138 out of 146] test cases in the current suite
Test Method:		[testPackage01.Test_IsElementClickable.testIsElementClickable]
################################################################################################################################################
[ReportManager] Target URL: [https://the-internet.herokuapp.com/] @10-11-2021 01:52:39.0749 AM
[ReportManager] Initial URL: [] @10-11-2021 01:52:39.0787 AM
[ReportManager] Browser Action [NavigateToURL] successfully performed. With the following test data [https://the-internet.herokuapp.com/]. @10-11-2021 01:52:40.0954 AM
[ReportManager] Element Action [IsElementClickable] successfully performed. @10-11-2021 01:52:41.0006 AM
[ReportManager] Assertion [ValidateTrue] PASSED. Expected [TRUE] and Actual [TRUE]. Validation Type [POSITIVE]. @10-11-2021 01:52:41.0006 A
[ReportManager] Browser Action [CloseCurrentWindow] successfully performed. @10-11-2021 01:52:41.0423 AM
[ReportManager] Successfully created attachment [Browser Action Test Data - CloseCurrentWindow - Actual Value] @10-11-2021 01:52:41.0424 A
[ReportManager] Successfully loaded the following test data file [src/test/resources/TestDataFiles/testSuite01/TestData.xlsx]. @10-11-2021 01:52:41.0461 AM
[ReportManager] Successfully created attachment [Test Data - Excel] @10-11-2021 01:52:41.0462 AM
[ReportManager] Attempting to run using Playwright locally on: [Mac-64], [Safari], Headless Execution. @10-11-2021 01:53:04.0976 AM
[ReportManager] File Action [GetAbsolutePath] successfully performed. With the following test data [Relative Folder Path: "target/downloadedFiles/"]. @10-11-2021 01:53:04.0977 AM
[ReportManager] Initial window size: (1280, 720) @10-11-2021 01:53:11.0302 AM
[ReportManager] Window size after Toolkit: com.microsoft.playwright.options.ViewportSize@3d79f678 @10-11-2021 01:53:11.0313 AM
[ReportManager] Browser Action [MaximizeWindow] successfully performed. With the following test data [New screen size is now: (1920, 1080)]. @10-11-2021 01:53:11.0314 A

################################################################################################################################################
Starting Execution:	[139 out of 146] test cases in the current suite
Test Method:		[testPackage01.Test_google_playwright.navigateToURLandVerifyGoogleLogoIsDisplayed]
Test Description:	[TC001 - Navigate to URL and Verify Google Logo is Displayed]
################################################################################################################################################
[ReportManager] Target URL: [https://www.google.com/ncr], and after redirection: [https://www.google.com] @10-11-2021 01:53:11.0321 AM
[ReportManager] Initial URL: [about:blank] @10-11-2021 01:53:11.0773 AM
[ReportManager] Browser Action [NavigateToURL] successfully performed. With the following test data [https://www.google.com/ncr]. @10-11-2021 01:53:13.0838 AM
[ReportManager] Loaded Shared OpenCV @10-11-2021 01:53:13.0918 AM
[ReportManager] Assertion [ValidateElementExists] PASSED. Expected [Element Should Exist, locator 'xpath=//*[@id='hplogo' or @alt='Google']'] and Actual [Element Exists]. Comparison Type [EQUALS]. Validation Type [POSITIVE]. @10-11-2021 01:53:14.0088 AM
[ReportManager] Successfully created attachment [Screenshot - 1636509193915_navigateToURLandVerifyGoogleLogoIsDisplayed_ValidateElementExists_passed] @10-11-2021 01:53:14.0089 A

################################################################################################################################################
Starting Execution:	[140 out of 146] test cases in the current suite
Test Method:		[testPackage01.Test_google_playwright.searchForQueryandAssertResultsNumDisplayed]
Test Description:	[TC002 - Search for Query and Assert that the number of results is displayed]
################################################################################################################################################
[ReportManager] Element Action [Type] successfully performed. With the following test data [SHAFT_Engine]. @10-11-2021 01:53:14.0245 AM
[ReportManager] Element Action [KeyPress] successfully performed. With the following test data [Enter]. @10-11-2021 01:53:14.0325 AM
[ReportManager] Element Action [GetText] successfully performed. With the following test data [About 701,000 results (0.69 seconds)Â 
]. @10-11-2021 01:53:15.0806 AM
[ReportManager] Loaded Shared OpenCV @10-11-2021 01:53:17.0075 AM
[ReportManager] Assertion [ValidateElementAttribute] PASSED. Expected [Value Should not be '' for the 'text' attribute, element locator 'xpath=//div[@id='appbar']'] and Actual [About 701,000 results (0.69 seconds)Â 
]. Comparison Type [EQUALS]. Validation Type [NEGATIVE]. @10-11-2021 01:53:17.0287 AM
[ReportManager] Successfully created attachment [Screenshot - 1636509197074_searchForQueryandAssertResultsNumDisplayed_ValidateElementAttribute_passed] @10-11-2021 01:53:17.0289 A

################################################################################################################################################
Starting Execution:	[141 out of 146] test cases in the current suite
Test Method:		[testPackage01.Test_google_playwright.clickNextThrice]
Test Description:	[TC003 - Clicks the next button to make sure that the framework can scroll element into view before clicking it]
################################################################################################################################################
[ReportManager] Element Action [Click] successfully performed. With the following test data [Next]. @10-11-2021 01:53:17.0601 A
[ReportManager] Failed to find video recording. @10-11-2021 01:53:17.0603 AM
[ReportManager] Successfully Closed PlayWright Driver. @10-11-2021 01:53:17.0650 A
[ReportManager] File Action [GetAbsolutePath] successfully performed. With the following test data [Relative Folder Path: "target/downloadedFiles/"]. @10-11-2021 01:53:17.0654 AM
[ReportManager] Attempting to run locally on: [Mac-64], [Safari], Headless Execution. @10-11-2021 01:53:17.0654 AM
[ReportManager] Successfully Opened Safari. @10-11-2021 01:53:18.0588 AM
[ReportManager] Initial window size: (800, 600) @10-11-2021 01:53:18.0593 AM
[ReportManager] Window size after SWD Maximize: (1176, 811) @10-11-2021 01:53:18.0616 AM
[ReportManager] Browser Action [MaximizeWindow] successfully performed. With the following test data [New screen size is now: (1176, 811)]. @10-11-2021 01:53:18.0616 A

################################################################################################################################################
Starting Execution:	[142 out of 146] test cases in the current suite
Test Method:		[testPackage01.Test_verifyEquals.test_assertElementAttribute]
################################################################################################################################################
[ReportManager] Target URL: [https://www.google.com/ncr], and after redirection: [https://www.google.com] @10-11-2021 01:53:18.0619 AM
[ReportManager] Initial URL: [] @10-11-2021 01:53:18.0691 AM
[ReportManager] Browser Action [NavigateToURL] successfully performed. With the following test data [https://www.google.com/ncr]. @10-11-2021 01:53:20.0075 AM
[ReportManager] Element Action [Type] successfully performed. With the following test data [INC_004010050:Another SCHEDULER with the same name [Duplicate Job Name] already exists.]. @10-11-2021 01:53:22.0186 AM
[ReportManager] Element Action [GetText] successfully performed. With the following test data [INC_004010050:Another SCHEDULER with the same name [Duplicate Job Name] already exists.]. @10-11-2021 01:53:22.0241 AM
[ReportManager] Loaded Shared OpenCV @10-11-2021 01:53:22.0290 AM
[ReportManager] Verification [ValidateElementAttribute] PASSED. Expected [Value Should be 'INC_004010050:Another SCHEDULER with the same name \[Duplicate Job Name\] already exists.' for the 'text' attribute, element locator 'By.name: q'] and Actual [INC_004010050:Another SCHEDULER with the same name [Duplicate Job Name] already exists.]. Comparison Type [MATCHES]. Validation Type [POSITIVE]. @10-11-2021 01:53:22.0450 AM
[ReportManager] Successfully created attachment [Screenshot - 1636509202290_test_assertElementAttribute_ValidateElementAttribute_passed] @10-11-2021 01:53:22.0451 A
[ReportManager] Browser Action [CloseCurrentWindow] successfully performed. @10-11-2021 01:53:22.0704 AM
[ReportManager] Successfully created attachment [Browser Action Test Data - CloseCurrentWindow - Actual Value] @10-11-2021 01:53:22.0706 A

################################################################################################################################################
Starting Execution:	[143 out of 146] test cases in the current suite
Test Method:		[testPackage01.Test_SelectedValue.multipleSelect]
################################################################################################################################################
[ReportManager] File Action [GetAbsolutePath] successfully performed. With the following test data [Relative Folder Path: "target/downloadedFiles/"]. @10-11-2021 01:53:22.0711 AM
[ReportManager] Attempting to run locally on: [Mac-64], [GoogleChrome], Headless Execution. @10-11-2021 01:53:22.0711 AM
[ReportManager] Identifying OS/Driver combination and selecting the correct driver version automatically. Please note that if a new driver executable will be downloaded it may take some time... @10-11-2021 01:53:22.0711 AM
[ReportManager] Successfully Opened Google Chrome. @10-11-2021 01:53:23.0247 AM
[ReportManager] Initial window size: (1920, 1080) @10-11-2021 01:53:23.0285 AM
[ReportManager] Window size after SWD Maximize: (1920, 1080) @10-11-2021 01:53:23.0479 AM
[ReportManager] Window size after Toolkit: (1920, 1080) @10-11-2021 01:53:23.0951 AM
[ReportManager] Browser Action [MaximizeWindow] successfully performed. With the following test data [New screen size is now: (1920, 1080)]. @10-11-2021 01:53:23.0954 AM
[ReportManager] Target URL: [https://yari-demos.prod.mdn.mozit.cloud/en-US/docs/Web/HTML/Element/select/_sample_.Advanced_select_with_multiple_features.html] @10-11-2021 01:53:23.0955 AM
[ReportManager] Initial URL: [data:,] @10-11-2021 01:53:23.0981 AM
[ReportManager] Browser Action [NavigateToURL] successfully performed. With the following test data [https://yari-demos.prod.mdn.mozit.cloud/en-US/docs/Web/HTML/Element/select/_sample_.Advanced_select_with_multiple_features.html]. @10-11-2021 01:53:24.0193 AM
[ReportManager] Element Action [Select] successfully performed. With the following test data [Dog]. @10-11-2021 01:53:24.0390 AM
[ReportManager] Element Action [Select] successfully performed. With the following test data [Cat]. @10-11-2021 01:53:24.0555 AM
[ReportManager] Element Action [GetSelectedText] successfully performed. With the following test data [DogCat]. @10-11-2021 01:53:24.0650 AM
[ReportManager] DogCat @10-11-2021 01:53:24.0650 AM
[ReportManager] Element Action [GetSelectedText] successfully performed. With the following test data [DogCat]. @10-11-2021 01:53:24.0740 AM
[ReportManager] Loaded Shared OpenCV @10-11-2021 01:53:27.0841 AM
[ReportManager] Assertion [ValidateElementAttribute] PASSED. Expected [Value Should be 'DogCat' for the 'selectedText' attribute, element locator 'By.tagName: select'] and Actual [DogCat]. Comparison Type [EQUALS]. Validation Type [POSITIVE]. @10-11-2021 01:53:28.0092 AM
[ReportManager] Successfully created attachment [Screenshot - 1636509207840_multipleSelect_ValidateElementAttribute_passed] @10-11-2021 01:53:28.0093 AM
[ReportManager] Browser Action [CloseCurrentWindow] successfully performed. @10-11-2021 01:53:28.0246 AM
[ReportManager] Successfully created attachment [Browser Action Test Data - CloseCurrentWindow - Actual Value] @10-11-2021 01:53:28.0246 A

################################################################################################################################################
Starting Execution:	[144 out of 146] test cases in the current suite
Test Method:		[testPackage01.Test_SelectedValue.simpleSelect]
################################################################################################################################################
[ReportManager] File Action [GetAbsolutePath] successfully performed. With the following test data [Relative Folder Path: "target/downloadedFiles/"]. @10-11-2021 01:53:28.0254 AM
[ReportManager] Attempting to run locally on: [Mac-64], [GoogleChrome], Headless Execution. @10-11-2021 01:53:28.0254 AM
[ReportManager] Identifying OS/Driver combination and selecting the correct driver version automatically. Please note that if a new driver executable will be downloaded it may take some time... @10-11-2021 01:53:28.0255 AM
[ReportManager] Successfully Opened Google Chrome. @10-11-2021 01:53:28.0873 AM
[ReportManager] Initial window size: (1920, 1080) @10-11-2021 01:53:28.0876 AM
[ReportManager] Window size after SWD Maximize: (1920, 1080) @10-11-2021 01:53:29.0121 AM
[ReportManager] Window size after Toolkit: (1920, 1080) @10-11-2021 01:53:29.0581 AM
[ReportManager] Browser Action [MaximizeWindow] successfully performed. With the following test data [New screen size is now: (1920, 1080)]. @10-11-2021 01:53:29.0584 AM
[ReportManager] Target URL: [https://yari-demos.prod.mdn.mozit.cloud/en-US/docs/Web/HTML/Element/select/_sample_.Basic_select.html] @10-11-2021 01:53:29.0584 AM
[ReportManager] Initial URL: [data:,] @10-11-2021 01:53:29.0611 AM
[ReportManager] Browser Action [NavigateToURL] successfully performed. With the following test data [https://yari-demos.prod.mdn.mozit.cloud/en-US/docs/Web/HTML/Element/select/_sample_.Basic_select.html]. @10-11-2021 01:53:29.0834 AM
[ReportManager] Element Action [Select] successfully performed. With the following test data [Third Value]. @10-11-2021 01:53:30.0088 AM
[ReportManager] Element Action [GetSelectedText] successfully performed. With the following test data [Third Value]. @10-11-2021 01:53:30.0162 AM
[ReportManager] Third Value @10-11-2021 01:53:30.0162 AM
[ReportManager] Element Action [GetSelectedText] successfully performed. With the following test data [Third Value]. @10-11-2021 01:53:30.0222 AM
[ReportManager] Loaded Shared OpenCV @10-11-2021 01:53:34.0149 AM
[ReportManager] Assertion [ValidateElementAttribute] PASSED. Expected [Value Should be 'Third Value' for the 'selectedText' attribute, element locator 'By.tagName: select'] and Actual [Third Value]. Comparison Type [EQUALS]. Validation Type [POSITIVE]. @10-11-2021 01:53:34.0317 AM
[ReportManager] Successfully created attachment [Screenshot - 1636509214149_simpleSelect_ValidateElementAttribute_passed] @10-11-2021 01:53:34.0318 AM
[ReportManager] Browser Action [CloseCurrentWindow] successfully performed. @10-11-2021 01:53:34.0461 AM
[ReportManager] Successfully created attachment [Browser Action Test Data - CloseCurrentWindow - Actual Value] @10-11-2021 01:53:34.0462 A
[ReportManager] File Action [GetAbsolutePath] successfully performed. With the following test data [Relative Folder Path: "target/downloadedFiles/"]. @10-11-2021 01:53:34.0467 AM
[ReportManager] Attempting to run locally on: [Mac-64], [Safari], Headless Execution. @10-11-2021 01:53:34.0467 AM
[ReportManager] Successfully Opened Safari. @10-11-2021 01:53:35.0263 AM
[ReportManager] Initial window size: (800, 600) @10-11-2021 01:53:35.0278 AM
[ReportManager] Window size after SWD Maximize: (1176, 811) @10-11-2021 01:53:35.0289 AM
[ReportManager] Browser Action [MaximizeWindow] successfully performed. With the following test data [New screen size is now: (1176, 811)]. @10-11-2021 01:53:35.0289 A

################################################################################################################################################
Starting Execution:	[145 out of 146] test cases in the current suite
Test Method:		[testPackage01.Test_dynamicLoading.dynamicLoading_elementIsHidden]
################################################################################################################################################
[ReportManager] Target URL: [https://the-internet.herokuapp.com/dynamic_loading/1] @10-11-2021 01:53:35.0293 AM
[ReportManager] Initial URL: [] @10-11-2021 01:53:35.0332 AM
[ReportManager] Browser Action [NavigateToURL] successfully performed. With the following test data [https://the-internet.herokuapp.com/dynamic_loading/1]. @10-11-2021 01:53:36.0522 AM
[ReportManager] Element Action [Click] successfully performed. With the following test data [Start]. @10-11-2021 01:53:36.0775 AM
[ReportManager] Element Action [GetText] successfully performed. With the following test data [
    Hello World!
  ]. @10-11-2021 01:53:36.0800 A
[ReportManager] Browser Action [CloseCurrentWindow] successfully performed. @10-11-2021 01:53:37.0119 AM
[ReportManager] Successfully created attachment [Browser Action Test Data - CloseCurrentWindow - Actual Value] @10-11-2021 01:53:37.0125 A
[ReportManager] File Action [GetAbsolutePath] successfully performed. With the following test data [Relative Folder Path: "target/downloadedFiles/"]. @10-11-2021 01:53:37.0139 AM
[ReportManager] Attempting to run locally on: [Mac-64], [Safari], Headless Execution. @10-11-2021 01:53:37.0139 AM
[ReportManager] Successfully Opened Safari. @10-11-2021 01:53:37.0931 AM
[ReportManager] Initial window size: (800, 600) @10-11-2021 01:53:37.0960 AM
[ReportManager] Window size after SWD Maximize: (1176, 811) @10-11-2021 01:53:37.0985 AM
[ReportManager] Browser Action [MaximizeWindow] successfully performed. With the following test data [New screen size is now: (1176, 811)]. @10-11-2021 01:53:37.0986 A

################################################################################################################################################
Starting Execution:	[146 out of 146] test cases in the current suite
Test Method:		[testPackage01.Test_dynamicLoading.dynamicLoading_elementIsRendered]
################################################################################################################################################
[ReportManager] Target URL: [https://the-internet.herokuapp.com/dynamic_loading/2] @10-11-2021 01:53:37.0988 AM
[ReportManager] Initial URL: [] @10-11-2021 01:53:38.0058 AM
[ReportManager] Browser Action [NavigateToURL] successfully performed. With the following test data [https://the-internet.herokuapp.com/dynamic_loading/2]. @10-11-2021 01:53:39.0337 AM
[ReportManager] Element Action [Click] successfully performed. With the following test data [Start]. @10-11-2021 01:53:39.0614 A
[ReportManager] Browser Action [CloseCurrentWindow] successfully performed. @10-11-2021 01:53:39.0792 AM
[ReportManager] Successfully created attachment [Browser Action Test Data - CloseCurrentWindow - Actual Value] @10-11-2021 01:53:39.0793 A
[ReportManager] Successfully created attachment [SHAFT Engine Logs - Execution log] @10-11-2021 01:53:39.0829 AM

################################################################################################################################################
This test run was powered by SHAFT Engine Version: [SHAFT Engine v5.4.20211104-BETA]
SHAFT Engine is licensed under the MIT License: [https://github.com/MohabMohie/SHAFT_ENGINE/blob/master/LICENSE].
################################################################################################################################################