{
  "uid" : "567092e4dd5471b7",
  "name" : "TC002 - Search for Query and Assert that the number of results is displayed",
  "fullName" : "testPackage01.Test_google.searchForQueryandAssertResultsNumDisplayed",
  "historyId" : "d305933be8c1545e88e65f9f5733babf",
  "time" : {
    "start" : 1632448680986,
    "stop" : 1632448707892,
    "duration" : 26906
  },
  "status" : "failed",
  "statusMessage" : "Assertion [ValidateElementAttribute] FAILED. Expected [Value Should not be '' for the 'Text' attribute, element locator 'By.id: appbar'] and Actual [Failed to read the desired element attribute]. Comparison Type [EQUALS]. Validation Type [NEGATIVE].",
  "statusTrace" : "java.lang.AssertionError: Assertion [ValidateElementAttribute] FAILED. Expected [Value Should not be '' for the 'Text' attribute, element locator 'By.id: appbar'] and Actual [Failed to read the desired element attribute]. Comparison Type [EQUALS]. Validation Type [NEGATIVE].\n\tat org.testng.Assert.fail(Assert.java:87)\n\tat com.shaft.validation.ValidationHelper.reportValidationState(ValidationHelper.java:793)\n\tat com.shaft.validation.ValidationHelper.fail(ValidationHelper.java:558)\n\tat com.shaft.validation.ValidationHelper.validateElementAttribute(ValidationHelper.java:248)\n\tat com.shaft.validation.Assertions.assertElementAttribute(Assertions.java:200)\n\tat poms.GoogleSearchResults.assertResultsStatsExistsAndIsNotEmpty(GoogleSearchResults.java:33)\n\tat testPackage01.Test_google.searchForQueryandAssertResultsNumDisplayed(Test_google.java:36)\n\tat java.base/jdk.internal.reflect.NativeMethodAccessorImpl.invoke0(Native Method)\n\tat java.base/jdk.internal.reflect.NativeMethodAccessorImpl.invoke(NativeMethodAccessorImpl.java:78)\n\tat java.base/jdk.internal.reflect.DelegatingMethodAccessorImpl.invoke(DelegatingMethodAccessorImpl.java:43)\n\tat java.base/java.lang.reflect.Method.invoke(Method.java:567)\n\tat org.testng.internal.MethodInvocationHelper.invokeMethod(MethodInvocationHelper.java:133)\n\tat org.testng.internal.TestInvoker.invokeMethod(TestInvoker.java:598)\n\tat org.testng.internal.TestInvoker.invokeTestMethod(TestInvoker.java:173)\n\tat org.testng.internal.MethodRunner.runInSequence(MethodRunner.java:46)\n\tat org.testng.internal.TestInvoker$MethodInvocationAgent.invoke(TestInvoker.java:824)\n\tat org.testng.internal.TestInvoker.invokeTestMethods(TestInvoker.java:146)\n\tat org.testng.internal.TestMethodWorker.invokeTestMethods(TestMethodWorker.java:146)\n\tat org.testng.internal.TestMethodWorker.run(TestMethodWorker.java:128)\n\tat java.base/java.util.ArrayList.forEach(ArrayList.java:1511)\n\tat org.testng.TestRunner.privateRun(TestRunner.java:794)\n\tat org.testng.TestRunner.run(TestRunner.java:596)\n\tat org.testng.SuiteRunner.runTest(SuiteRunner.java:377)\n\tat org.testng.SuiteRunner.runSequentially(SuiteRunner.java:371)\n\tat org.testng.SuiteRunner.privateRun(SuiteRunner.java:332)\n\tat org.testng.SuiteRunner.run(SuiteRunner.java:276)\n\tat org.testng.SuiteRunnerWorker.runSuite(SuiteRunnerWorker.java:53)\n\tat org.testng.SuiteRunnerWorker.run(SuiteRunnerWorker.java:96)\n\tat org.testng.TestNG.runSuitesSequentially(TestNG.java:1212)\n\tat org.testng.TestNG.runSuitesLocally(TestNG.java:1134)\n\tat org.testng.TestNG.runSuites(TestNG.java:1063)\n\tat org.testng.TestNG.run(TestNG.java:1031)\n\tat org.apache.maven.surefire.testng.TestNGExecutor.run(TestNGExecutor.java:136)\n\tat org.apache.maven.surefire.testng.TestNGDirectoryTestSuite.executeMulti(TestNGDirectoryTestSuite.java:193)\n\tat org.apache.maven.surefire.testng.TestNGDirectoryTestSuite.execute(TestNGDirectoryTestSuite.java:94)\n\tat org.apache.maven.surefire.testng.TestNGProvider.invoke(TestNGProvider.java:145)\n\tat org.apache.maven.surefire.booter.ForkedBooter.runSuitesInProcess(ForkedBooter.java:428)\n\tat org.apache.maven.surefire.booter.ForkedBooter.execute(ForkedBooter.java:162)\n\tat org.apache.maven.surefire.booter.ForkedBooter.run(ForkedBooter.java:562)\n\tat org.apache.maven.surefire.booter.ForkedBooter.main(ForkedBooter.java:548)\nCaused by: java.lang.AssertionError: Element Action [IdentifyUniqueElement] failed. With the following test data [zero elements found matching this locator \"By.id: appbar\".].\n\tat org.testng.Assert.fail(Assert.java:99)\n\tat com.shaft.gui.element.WebDriverElementActions.failAction(WebDriverElementActions.java:1442)\n\tat com.shaft.gui.element.WebDriverElementActions.failAction(WebDriverElementActions.java:1296)\n\tat com.shaft.gui.element.WebDriverElementActions.identifyUniqueElement(WebDriverElementActions.java:1511)\n\tat com.shaft.gui.element.WebDriverElementActions.identifyUniqueElement(WebDriverElementActions.java:1305)\n\tat com.shaft.gui.element.WebDriverElementActions.getText(WebDriverElementActions.java:645)\n\tat com.shaft.gui.element.ElementActions.getText(ElementActions.java:310)\n\tat com.shaft.validation.ValidationHelper.validateElementAttribute(ValidationHelper.java:234)\n\t... 36 more\n",
  "flaky" : true,
  "newFailed" : true,
  "beforeStages" : [ {
    "name" : "beforeClass",
    "time" : {
      "start" : 1632448678394,
      "stop" : 1632448679320,
      "duration" : 926
    },
    "description" : "",
    "status" : "passed",
    "steps" : [ {
      "name" : "Successfully loaded the following test data file [src/test/resources/TestDataFiles/testSuite01/TestData.xlsx].",
      "time" : {
        "start" : 1632448678437,
        "stop" : 1632448678437,
        "duration" : 0
      },
      "status" : "passed",
      "steps" : [ ],
      "attachments" : [ {
        "uid" : "9e862b515db3c795",
        "name" : "Attachment: Test Data - Excel",
        "source" : "9e862b515db3c795.xlsx",
        "type" : "application/vnd.openxmlformats-officedocument.spreadsheetml.sheet",
        "size" : 12483
      } ],
      "parameters" : [ {
        "name" : "actionCounter",
        "value" : "508"
      }, {
        "name" : "logText",
        "value" : "Successfully loaded the following test data file [src/test/resources/TestDataFiles/testSuite01/TestData.xlsx]."
      }, {
        "name" : "attachments",
        "value" : "[[Test Data, Excel, java.io.FileInputStream@2c9f7f1c]]"
      } ],
      "stepsCount" : 0,
      "attachmentsCount" : 1,
      "shouldDisplayMessage" : false,
      "hasContent" : true
    }, {
      "name" : "Attempting to run locally on: [Mac-64], [Safari], Headless Execution.",
      "time" : {
        "start" : 1632448678438,
        "stop" : 1632448678438,
        "duration" : 0
      },
      "status" : "passed",
      "steps" : [ ],
      "attachments" : [ ],
      "parameters" : [ {
        "name" : "actionCounter",
        "value" : "509"
      }, {
        "name" : "logText",
        "value" : "Attempting to run locally on: [Mac-64], [Safari], Headless Execution."
      } ],
      "stepsCount" : 0,
      "attachmentsCount" : 0,
      "shouldDisplayMessage" : false,
      "hasContent" : true
    }, {
      "name" : "Successfully Opened Safari.",
      "time" : {
        "start" : 1632448679277,
        "stop" : 1632448679277,
        "duration" : 0
      },
      "status" : "passed",
      "steps" : [ ],
      "attachments" : [ ],
      "parameters" : [ {
        "name" : "actionCounter",
        "value" : "510"
      }, {
        "name" : "logText",
        "value" : "Successfully Opened Safari."
      } ],
      "stepsCount" : 0,
      "attachmentsCount" : 0,
      "shouldDisplayMessage" : false,
      "hasContent" : true
    }, {
      "name" : "Browser Action [MaximizeWindow] successfully performed. With the following test data [New screen size is now: (1176, 811)].",
      "time" : {
        "start" : 1632448679319,
        "stop" : 1632448679319,
        "duration" : 0
      },
      "status" : "passed",
      "steps" : [ ],
      "attachments" : [ ],
      "parameters" : [ {
        "name" : "actionCounter",
        "value" : "511"
      }, {
        "name" : "logText",
        "value" : "Browser Action [MaximizeWindow] successfully performed. With the following test data [New screen size is now: (1176, 811)]."
      }, {
        "name" : "attachments",
        "value" : "[null]"
      } ],
      "stepsCount" : 0,
      "attachmentsCount" : 0,
      "shouldDisplayMessage" : false,
      "hasContent" : true
    } ],
    "attachments" : [ {
      "uid" : "6c71e2ed878157cb",
      "name" : "Attachment: SHAFT Engine Logs - Current Method log: beforeClass",
      "source" : "6c71e2ed878157cb.txt",
      "type" : "text/plain",
      "size" : 953
    } ],
    "parameters" : [ ],
    "stepsCount" : 4,
    "attachmentsCount" : 2,
    "shouldDisplayMessage" : false,
    "hasContent" : true
  } ],
  "testStage" : {
    "status" : "failed",
    "statusMessage" : "Assertion [ValidateElementAttribute] FAILED. Expected [Value Should not be '' for the 'Text' attribute, element locator 'By.id: appbar'] and Actual [Failed to read the desired element attribute]. Comparison Type [EQUALS]. Validation Type [NEGATIVE].",
    "statusTrace" : "java.lang.AssertionError: Assertion [ValidateElementAttribute] FAILED. Expected [Value Should not be '' for the 'Text' attribute, element locator 'By.id: appbar'] and Actual [Failed to read the desired element attribute]. Comparison Type [EQUALS]. Validation Type [NEGATIVE].\n\tat org.testng.Assert.fail(Assert.java:87)\n\tat com.shaft.validation.ValidationHelper.reportValidationState(ValidationHelper.java:793)\n\tat com.shaft.validation.ValidationHelper.fail(ValidationHelper.java:558)\n\tat com.shaft.validation.ValidationHelper.validateElementAttribute(ValidationHelper.java:248)\n\tat com.shaft.validation.Assertions.assertElementAttribute(Assertions.java:200)\n\tat poms.GoogleSearchResults.assertResultsStatsExistsAndIsNotEmpty(GoogleSearchResults.java:33)\n\tat testPackage01.Test_google.searchForQueryandAssertResultsNumDisplayed(Test_google.java:36)\n\tat java.base/jdk.internal.reflect.NativeMethodAccessorImpl.invoke0(Native Method)\n\tat java.base/jdk.internal.reflect.NativeMethodAccessorImpl.invoke(NativeMethodAccessorImpl.java:78)\n\tat java.base/jdk.internal.reflect.DelegatingMethodAccessorImpl.invoke(DelegatingMethodAccessorImpl.java:43)\n\tat java.base/java.lang.reflect.Method.invoke(Method.java:567)\n\tat org.testng.internal.MethodInvocationHelper.invokeMethod(MethodInvocationHelper.java:133)\n\tat org.testng.internal.TestInvoker.invokeMethod(TestInvoker.java:598)\n\tat org.testng.internal.TestInvoker.invokeTestMethod(TestInvoker.java:173)\n\tat org.testng.internal.MethodRunner.runInSequence(MethodRunner.java:46)\n\tat org.testng.internal.TestInvoker$MethodInvocationAgent.invoke(TestInvoker.java:824)\n\tat org.testng.internal.TestInvoker.invokeTestMethods(TestInvoker.java:146)\n\tat org.testng.internal.TestMethodWorker.invokeTestMethods(TestMethodWorker.java:146)\n\tat org.testng.internal.TestMethodWorker.run(TestMethodWorker.java:128)\n\tat java.base/java.util.ArrayList.forEach(ArrayList.java:1511)\n\tat org.testng.TestRunner.privateRun(TestRunner.java:794)\n\tat org.testng.TestRunner.run(TestRunner.java:596)\n\tat org.testng.SuiteRunner.runTest(SuiteRunner.java:377)\n\tat org.testng.SuiteRunner.runSequentially(SuiteRunner.java:371)\n\tat org.testng.SuiteRunner.privateRun(SuiteRunner.java:332)\n\tat org.testng.SuiteRunner.run(SuiteRunner.java:276)\n\tat org.testng.SuiteRunnerWorker.runSuite(SuiteRunnerWorker.java:53)\n\tat org.testng.SuiteRunnerWorker.run(SuiteRunnerWorker.java:96)\n\tat org.testng.TestNG.runSuitesSequentially(TestNG.java:1212)\n\tat org.testng.TestNG.runSuitesLocally(TestNG.java:1134)\n\tat org.testng.TestNG.runSuites(TestNG.java:1063)\n\tat org.testng.TestNG.run(TestNG.java:1031)\n\tat org.apache.maven.surefire.testng.TestNGExecutor.run(TestNGExecutor.java:136)\n\tat org.apache.maven.surefire.testng.TestNGDirectoryTestSuite.executeMulti(TestNGDirectoryTestSuite.java:193)\n\tat org.apache.maven.surefire.testng.TestNGDirectoryTestSuite.execute(TestNGDirectoryTestSuite.java:94)\n\tat org.apache.maven.surefire.testng.TestNGProvider.invoke(TestNGProvider.java:145)\n\tat org.apache.maven.surefire.booter.ForkedBooter.runSuitesInProcess(ForkedBooter.java:428)\n\tat org.apache.maven.surefire.booter.ForkedBooter.execute(ForkedBooter.java:162)\n\tat org.apache.maven.surefire.booter.ForkedBooter.run(ForkedBooter.java:562)\n\tat org.apache.maven.surefire.booter.ForkedBooter.main(ForkedBooter.java:548)\nCaused by: java.lang.AssertionError: Element Action [IdentifyUniqueElement] failed. With the following test data [zero elements found matching this locator \"By.id: appbar\".].\n\tat org.testng.Assert.fail(Assert.java:99)\n\tat com.shaft.gui.element.WebDriverElementActions.failAction(WebDriverElementActions.java:1442)\n\tat com.shaft.gui.element.WebDriverElementActions.failAction(WebDriverElementActions.java:1296)\n\tat com.shaft.gui.element.WebDriverElementActions.identifyUniqueElement(WebDriverElementActions.java:1511)\n\tat com.shaft.gui.element.WebDriverElementActions.identifyUniqueElement(WebDriverElementActions.java:1305)\n\tat com.shaft.gui.element.WebDriverElementActions.getText(WebDriverElementActions.java:645)\n\tat com.shaft.gui.element.ElementActions.getText(ElementActions.java:310)\n\tat com.shaft.validation.ValidationHelper.validateElementAttribute(ValidationHelper.java:234)\n\t... 36 more\n",
    "steps" : [ {
      "name" : "Element Action [Type] successfully performed. With the following test data [SHAFT_Engine].",
      "time" : {
        "start" : 1632448681584,
        "stop" : 1632448681584,
        "duration" : 0
      },
      "status" : "passed",
      "steps" : [ ],
      "attachments" : [ ],
      "parameters" : [ {
        "name" : "actionCounter",
        "value" : "514"
      }, {
        "name" : "logText",
        "value" : "Element Action [Type] successfully performed. With the following test data [SHAFT_Engine]."
      } ],
      "stepsCount" : 0,
      "attachmentsCount" : 0,
      "shouldDisplayMessage" : false,
      "hasContent" : true
    }, {
      "name" : "Element Action [KeyPress] successfully performed. With the following test data [Enter].",
      "time" : {
        "start" : 1632448681646,
        "stop" : 1632448681647,
        "duration" : 1
      },
      "status" : "passed",
      "steps" : [ ],
      "attachments" : [ ],
      "parameters" : [ {
        "name" : "actionCounter",
        "value" : "515"
      }, {
        "name" : "logText",
        "value" : "Element Action [KeyPress] successfully performed. With the following test data [Enter]."
      } ],
      "stepsCount" : 0,
      "attachmentsCount" : 0,
      "shouldDisplayMessage" : false,
      "hasContent" : true
    }, {
      "name" : "Element Action [IdentifyUniqueElement] failed. With the following test data [zero elements found matching this locator \"By.id: appbar\".].",
      "time" : {
        "start" : 1632448707888,
        "stop" : 1632448707889,
        "duration" : 1
      },
      "status" : "passed",
      "steps" : [ ],
      "attachments" : [ {
        "uid" : "c90a9e41115e9307",
        "name" : "Attachment: Screenshot - 1632448707811_searchForQueryandAssertResultsNumDisplayed_IdentifyUniqueElement_failed",
        "source" : "c90a9e41115e9307.png",
        "type" : "image/png",
        "size" : 56929
      } ],
      "parameters" : [ {
        "name" : "actionCounter",
        "value" : "516"
      }, {
        "name" : "logText",
        "value" : "Element Action [IdentifyUniqueElement] failed. With the following test data [zero elements found matching this locator \"By.id: appbar\".]."
      }, {
        "name" : "attachments",
        "value" : "[[Screenshot, 1632448707811_searchForQueryandAssertResultsNumDisplayed_IdentifyUniqueElement_failed, java.io.ByteArrayInputStream@6423e0f9]]"
      } ],
      "stepsCount" : 0,
      "attachmentsCount" : 1,
      "shouldDisplayMessage" : false,
      "hasContent" : true
    }, {
      "name" : "Assertion [ValidateElementAttribute] FAILED. Expected [Value Should not be '' for the 'Text' attribute, element locator 'By.id: appbar'] and Actual [Failed to read the desired element attribute]. Comparison Type [EQUALS]. Validation Type [NEGATIVE].",
      "time" : {
        "start" : 1632448707890,
        "stop" : 1632448707890,
        "duration" : 0
      },
      "status" : "passed",
      "steps" : [ ],
      "attachments" : [ ],
      "parameters" : [ {
        "name" : "actionCounter",
        "value" : "517"
      }, {
        "name" : "logText",
        "value" : "Assertion [ValidateElementAttribute] FAILED. Expected [Value Should not be '' for the 'Text' attribute, element locator 'By.id: appbar'] and Actual [Failed to read the desired element attribute]. Comparison Type [EQUALS]. Validation Type [NEGATIVE]."
      }, {
        "name" : "attachments",
        "value" : "null"
      } ],
      "stepsCount" : 0,
      "attachmentsCount" : 0,
      "shouldDisplayMessage" : false,
      "hasContent" : true
    } ],
    "attachments" : [ {
      "uid" : "af89047fae7d801a",
      "name" : "Attachment: SHAFT Engine Logs - Current Method log: searchForQueryandAssertResultsNumDisplayed",
      "source" : "af89047fae7d801a.txt",
      "type" : "text/plain",
      "size" : 1464
    } ],
    "parameters" : [ ],
    "stepsCount" : 4,
    "attachmentsCount" : 2,
    "shouldDisplayMessage" : true,
    "hasContent" : true
  },
  "afterStages" : [ {
    "name" : "afterClass",
    "time" : {
      "start" : 1632448707899,
      "stop" : 1632448708013,
      "duration" : 114
    },
    "description" : "",
    "status" : "passed",
    "steps" : [ {
      "name" : "Browser Action [CloseCurrentWindow] successfully performed.",
      "time" : {
        "start" : 1632448708011,
        "stop" : 1632448708012,
        "duration" : 1
      },
      "status" : "passed",
      "steps" : [ ],
      "attachments" : [ {
        "uid" : "b718abae9338830e",
        "name" : "Attachment: Browser Action Test Data - CloseCurrentWindow - Actual Value",
        "source" : "b718abae9338830e.html",
        "type" : "text/html",
        "size" : 7349
      } ],
      "parameters" : [ {
        "name" : "actionCounter",
        "value" : "518"
      }, {
        "name" : "logText",
        "value" : "Browser Action [CloseCurrentWindow] successfully performed."
      }, {
        "name" : "attachments",
        "value" : "[[Browser Action Test Data - CloseCurrentWindow, Actual Value, <html><head><meta http-equiv=\"content-type\" content=\"text/html; charset=utf-8\"><meta name=\"viewport\" content=\"initial-scale=1\"><title>https://www.google.com/search?q=SHAFT_Engine&amp;source=hp&amp;ei=pzBNYeanF4eY_QbHpKvgCw&amp;iflsig=ALs-wAMAAAAAYU0-t4ttsRjvERZxuEMidpEbIzsxee55&amp;oq=SHAFT_Engine&amp;gs_lcp=Cgdnd3Mtd2l6EAMyBAgAEAoyBAgAEAoyBAgAEAoyBAgAEAoyBwgAEMkDEAoyBAgAEB4yBAgAEB4yCAgAEAUQChAeOggIABCABBCxAzoICC4QgAQQsQM6DgguEIAEELEDEMcBEKMCOg4ILhCABBCxAxDHARDRAzoLCC4QgAQQsQMQgwE6BQguEIAEOgsILhCABBCxAxCTAjoOCAAQgAQQsQMQgwEQyQM6CwgAEIAEELEDEIMBOggIABCxAxCDAToRCC4QgAQQsQMQgwEQxwEQrwE6DQguELEDEIMBEAoQkwI6CgguELEDEIMBEAo6CggAELEDEIMBEAo6BwguELEDEAo6BwgAELEDEAo6BAguEApQ6glY9gxglw5oAHAAeAKAAagBiAH-BpIBAzkuMpgBAKABAQ&amp;sclient=gws-wiz&amp;ved=0ahUKEwiml5idwZbzAhUHTN8KHUfSCrwQ4dUDCAw&amp;uact=5</title></head>\n<body style=\"font-family: arial, sans-serif; background-color: #fff; color: #000; padding:20px; font-size:18px;\" onload=\"e=document.getElementById('captcha');if(e){e.focus();}\">\n<div style=\"max-width:400px;\">\n<hr noshade=\"\" size=\"1\" style=\"color:#ccc; background-color:#ccc;\"><br>\n<form id=\"captcha-form\" action=\"index\" method=\"post\">\n<script type=\"text/javascript\" async=\"\" src=\"https://www.gstatic.com/recaptcha/releases/tftmXwdbgCvrXiHxr5HGbIaL/recaptcha__en.js\" crossorigin=\"anonymous\" integrity=\"sha384-cOazIJF2cwen9PJSk2VFUMw8IAvgfITpWastzSU1OHy8/qJeuuSBpbPJYjfInJ8U\"></script><script src=\"https://www.google.com/recaptcha/api.js\" async=\"\" defer=\"\"></script>\n<script>var submitCallback = function(response) {document.getElementById('captcha-form').submit();};</script>\n<div id=\"recaptcha\" class=\"g-recaptcha\" data-sitekey=\"6LfwuyUTAAAAAOAmoS0fdqijC2PbbdH4kjq62Y1b\" data-callback=\"submitCallback\" data-s=\"Vkur9qNNxZGAik6m7JS8M38YcTDEDmWG3CgwmVtG69OB44yclteFl7oL407IA0CfwgvnJLeP27XrRfAUkjtff0uGYgRTfUwjZVEg3sX0agIqn4b07Wq0KeCcD5uNYOY-1s-VyHWT4z0BcKwcLuOxmv0NSa4jCIuXxF7q9ckzNE39CZ4JolMqFJM9gBtzUmYyvP8dtG3-3vFn-vMLfjMIuTojtwN7gCPqYwUXCb8\"><div style=\"width: 304px; height: 78px;\"><div><iframe title=\"reCAPTCHA\" src=\"https://www.google.com/recaptcha/api2/anchor?ar=1&amp;k=6LfwuyUTAAAAAOAmoS0fdqijC2PbbdH4kjq62Y1b&amp;co=aHR0cHM6Ly93d3cuZ29vZ2xlLmNvbTo0NDM.&amp;hl=en&amp;v=tftmXwdbgCvrXiHxr5HGbIaL&amp;size=normal&amp;s=Vkur9qNNxZGAik6m7JS8M38YcTDEDmWG3CgwmVtG69OB44yclteFl7oL407IA0CfwgvnJLeP27XrRfAUkjtff0uGYgRTfUwjZVEg3sX0agIqn4b07Wq0KeCcD5uNYOY-1s-VyHWT4z0BcKwcLuOxmv0NSa4jCIuXxF7q9ckzNE39CZ4JolMqFJM9gBtzUmYyvP8dtG3-3vFn-vMLfjMIuTojtwN7gCPqYwUXCb8&amp;cb=tt4d3l8uvokf\" width=\"304\" height=\"78\" role=\"presentation\" name=\"a-nrn8lcxczjps\" frameborder=\"0\" scrolling=\"no\" sandbox=\"allow-forms allow-popups allow-same-origin allow-scripts allow-top-navigation allow-modals allow-popups-to-escape-sandbox allow-storage-access-by-user-activation\"></iframe></div><textarea id=\"g-recaptcha-response\" name=\"g-recaptcha-response\" class=\"g-recaptcha-response\" style=\"width: 250px; height: 40px; border: 1px solid rgb(193, 193, 193); margin: 10px 25px; padding: 0px; resize: none; display: none;\"></textarea></div><iframe style=\"display: none;\"></iframe></div>\n<input type=\"hidden\" name=\"q\" value=\"EgTHB6YRGKnhtIoGIhAsSTbkCR3y6EO8LQirJxAgMgFy\"><input type=\"hidden\" name=\"continue\" value=\"https://www.google.com/search?q=SHAFT_Engine&amp;source=hp&amp;ei=pzBNYeanF4eY_QbHpKvgCw&amp;iflsig=ALs-wAMAAAAAYU0-t4ttsRjvERZxuEMidpEbIzsxee55&amp;oq=SHAFT_Engine&amp;gs_lcp=Cgdnd3Mtd2l6EAMyBAgAEAoyBAgAEAoyBAgAEAoyBAgAEAoyBwgAEMkDEAoyBAgAEB4yBAgAEB4yCAgAEAUQChAeOggIABCABBCxAzoICC4QgAQQsQM6DgguEIAEELEDEMcBEKMCOg4ILhCABBCxAxDHARDRAzoLCC4QgAQQsQMQgwE6BQguEIAEOgsILhCABBCxAxCTAjoOCAAQgAQQsQMQgwEQyQM6CwgAEIAEELEDEIMBOggIABCxAxCDAToRCC4QgAQQsQMQgwEQxwEQrwE6DQguELEDEIMBEAoQkwI6CgguELEDEIMBEAo6CggAELEDEIMBEAo6BwguELEDEAo6BwgAELEDEAo6BAguEApQ6glY9gxglw5oAHAAeAKAAagBiAH-BpIBAzkuMpgBAKABAQ&amp;sclient=gws-wiz&amp;ved=0ahUKEwiml5idwZbzAhUHTN8KHUfSCrwQ4dUDCAw&amp;uact=5\">\n</form>\n<hr noshade=\"\" size=\"1\" style=\"color:#ccc; background-color:#ccc;\">\n\n<div style=\"font-size:13px;\">\n<b>About this page</b><br><br>\n\nOur systems have detected unusual traffic from your computer network.  This page checks to see if it's really you sending the requests, and not a robot.  <a href=\"#\" onclick=\"document.getElementById('infoDiv').style.display='block';\">Why did this happen?</a><br><br>\n\n<div id=\"infoDiv\" style=\"display:none; background-color:#eee; padding:10px; margin:0 0 15px 0; line-height:1.4em;\">\nThis page appears when Google automatically detects requests coming from your computer network which appear to be in violation of the <a href=\"//www.google.com/policies/terms/\">Terms of Service</a>. The block will expire shortly after those requests stop.  In the meantime, solving the above CAPTCHA will let you continue to use our services.<br><br>This traffic may have been sent by malicious software, a browser plug-in, or a script that sends automated requests.  If you share your network connection, ask your administrator for help â€” a different computer using the same IP address may be responsible.  <a href=\"//support.google.com/websearch/answer/86640\">Learn more</a><br><br>Sometimes you may be asked to solve the CAPTCHA if you are using advanced terms that robots are known to use, or sending requests very quickly.\n</div>\n\nIP address: 199.7.166.17<br>Time: 2021-09-24T01:58:01Z<br>URL: https://www.google.com/search?q=SHAFT_Engine&amp;source=hp&amp;ei=pzBNYeanF4eY_QbHpKvgCw&amp;iflsig=ALs-wAMAAAAAYU0-t4ttsRjvERZxuEMidpEbIzsxee55&amp;oq=SHAFT_Engine&amp;gs_lcp=Cgdnd3Mtd2l6EAMyBAgAEAoyBAgAEAoyBAgAEAoyBAgAEAoyBwgAEMkDEAoyBAgAEB4yBAgAEB4yCAgAEAUQChAeOggIABCABBCxAzoICC4QgAQQsQM6DgguEIAEELEDEMcBEKMCOg4ILhCABBCxAxDHARDRAzoLCC4QgAQQsQMQgwE6BQguEIAEOgsILhCABBCxAxCTAjoOCAAQgAQQsQMQgwEQyQM6CwgAEIAEELEDEIMBOggIABCxAxCDAToRCC4QgAQQsQMQgwEQxwEQrwE6DQguELEDEIMBEAoQkwI6CgguELEDEIMBEAo6CggAELEDEIMBEAo6BwguELEDEAo6BwgAELEDEAo6BAguEApQ6glY9gxglw5oAHAAeAKAAagBiAH-BpIBAzkuMpgBAKABAQ&amp;sclient=gws-wiz&amp;ved=0ahUKEwiml5idwZbzAhUHTN8KHUfSCrwQ4dUDCAw&amp;uact=5<br>\n</div>\n</div>\n\n\n<div style=\"background-color: rgb(255, 255, 255); border: 1px solid rgb(204, 204, 204); box-shadow: rgba(0, 0, 0, 0.2) 2px 2px 3px; position: absolute; transition: visibility 0s linear 0.3s, opacity 0.3s linear; opacity: 0; visibility: hidden; z-index: 2000000000; left: 0px; top: -10000px;\"><div style=\"width: 100%; height: 100%; position: fixed; top: 0px; left: 0px; z-index: 2000000000; background-color: rgb(255, 255, 255); opacity: 0.05;\"></div><div class=\"g-recaptcha-bubble-arrow\" style=\"border: 11px solid transparent; width: 0px; height: 0px; position: absolute; pointer-events: none; margin-top: -11px; z-index: 2000000000;\"></div><div class=\"g-recaptcha-bubble-arrow\" style=\"border: 10px solid transparent; width: 0px; height: 0px; position: absolute; pointer-events: none; margin-top: -10px; z-index: 2000000000;\"></div><div style=\"z-index: 2000000000; position: relative;\"><iframe title=\"recaptcha challenge\" src=\"https://www.google.com/recaptcha/api2/bframe?hl=en&amp;v=tftmXwdbgCvrXiHxr5HGbIaL&amp;k=6LfwuyUTAAAAAOAmoS0fdqijC2PbbdH4kjq62Y1b&amp;cb=v28k38we4wp1\" name=\"c-nrn8lcxczjps\" frameborder=\"0\" scrolling=\"no\" sandbox=\"allow-forms allow-popups allow-same-origin allow-scripts allow-top-navigation allow-modals allow-popups-to-escape-sandbox allow-storage-access-by-user-activation\" style=\"width: 100%; height: 100%;\"></iframe></div></div></body></html>]]"
      } ],
      "stepsCount" : 0,
      "attachmentsCount" : 1,
      "shouldDisplayMessage" : false,
      "hasContent" : true
    } ],
    "attachments" : [ {
      "uid" : "463cd9530f2d0db1",
      "name" : "Attachment: SHAFT Engine Logs - Current Method log: afterClass",
      "source" : "463cd9530f2d0db1.txt",
      "type" : "text/plain",
      "size" : 243
    } ],
    "parameters" : [ ],
    "stepsCount" : 1,
    "attachmentsCount" : 2,
    "shouldDisplayMessage" : false,
    "hasContent" : true
  }, {
    "name" : "closureActivities",
    "time" : {
      "start" : 1632448775871,
      "stop" : 1632448776655,
      "duration" : 784
    },
    "description" : "",
    "status" : "passed",
    "steps" : [ {
      "name" : "Successfully Closed All Drivers.",
      "time" : {
        "start" : 1632448775872,
        "stop" : 1632448775872,
        "duration" : 0
      },
      "status" : "passed",
      "steps" : [ ],
      "attachments" : [ ],
      "parameters" : [ {
        "name" : "actionCounter",
        "value" : "603"
      }, {
        "name" : "logText",
        "value" : "Successfully Closed All Drivers."
      } ],
      "stepsCount" : 0,
      "attachmentsCount" : 0,
      "shouldDisplayMessage" : false,
      "hasContent" : true
    }, {
      "name" : "Issue Summary: Total Issues = 8, New issues for Failed Tests = 6, Open issues for Passed Tests = 2, Open issues for Failed Tests = 0. Kindly check the attached Issue details.",
      "time" : {
        "start" : 1632448775887,
        "stop" : 1632448775888,
        "duration" : 1
      },
      "status" : "passed",
      "steps" : [ ],
      "attachments" : [ {
        "uid" : "fa433f24e2f32f91",
        "name" : "Attachment: SHAFT Engine Logs - Issues log CSV: 20210924-015935",
        "source" : "fa433f24e2f32f91.csv",
        "type" : "text/csv",
        "size" : 1060
      } ],
      "parameters" : [ {
        "name" : "actionCounter",
        "value" : "604"
      }, {
        "name" : "logText",
        "value" : "Issue Summary: Total Issues = 8, New issues for Failed Tests = 6, Open issues for Passed Tests = 2, Open issues for Failed Tests = 0. Kindly check the attached Issue details."
      }, {
        "name" : "attachments",
        "value" : "[[SHAFT Engine Logs, Issues log CSV: 20210924-015935, java.io.ByteArrayInputStream@627afb6f]]"
      } ],
      "stepsCount" : 0,
      "attachmentsCount" : 1,
      "shouldDisplayMessage" : false,
      "hasContent" : true
    } ],
    "attachments" : [ {
      "uid" : "2f90f3e161f0d5ab",
      "name" : "Attachment: SHAFT Engine Logs - Execution log: 20210924-015935",
      "source" : "2f90f3e161f0d5ab.txt",
      "type" : "text/plain",
      "size" : 255138
    }, {
      "uid" : "31daf72d7fc51c89",
      "name" : "Attachment: HTML - Extent Emailable Execution Report",
      "source" : "31daf72d7fc51c89.html",
      "type" : "text/html",
      "size" : 8440709
    } ],
    "parameters" : [ ],
    "stepsCount" : 2,
    "attachmentsCount" : 3,
    "shouldDisplayMessage" : false,
    "hasContent" : true
  } ],
  "labels" : [ {
    "name" : "package",
    "value" : "testPackage01.Test_google"
  }, {
    "name" : "testClass",
    "value" : "testPackage01.Test_google"
  }, {
    "name" : "testMethod",
    "value" : "searchForQueryandAssertResultsNumDisplayed"
  }, {
    "name" : "parentSuite",
    "value" : "SHAFT: Custom Suite"
  }, {
    "name" : "suite",
    "value" : "SHAFT: Custom Test"
  }, {
    "name" : "subSuite",
    "value" : "testPackage01.Test_google"
  }, {
    "name" : "host",
    "value" : "Mac-1632447550776.local"
  }, {
    "name" : "thread",
    "value" : "5156@Mac-1632447550776.local.main(1)"
  }, {
    "name" : "framework",
    "value" : "testng"
  }, {
    "name" : "language",
    "value" : "java"
  }, {
    "name" : "resultFormat",
    "value" : "allure2"
  } ],
  "parameters" : [ ],
  "links" : [ ],
  "hidden" : false,
  "retry" : false,
  "extra" : {
    "severity" : "normal",
    "retries" : [ ],
    "categories" : [ {
      "name" : "Product defects",
      "matchedStatuses" : [ ],
      "flaky" : false
    } ],
    "history" : {
      "statistic" : {
        "failed" : 2,
        "broken" : 0,
        "skipped" : 0,
        "passed" : 7,
        "unknown" : 0,
        "total" : 9
      },
      "items" : [ {
        "uid" : "648a2a4ce66c6be",
        "reportUrl" : "https://MohabMohie.github.io/SHAFT_ENGINE/allure/macOS/Web/758//#testresult/648a2a4ce66c6be",
        "status" : "passed",
        "time" : {
          "start" : 1632436783704,
          "stop" : 1632436786626,
          "duration" : 2922
        }
      }, {
        "uid" : "391846296715006f",
        "reportUrl" : "https://MohabMohie.github.io/SHAFT_ENGINE/allure/macOS/Web/754//#testresult/391846296715006f",
        "status" : "failed",
        "statusDetails" : "Assertion [ValidateElementAttribute] FAILED. Expected [Value Should not be '' for the 'Text' attribute, element locator 'By.id: appbar'] and Actual [Failed to read the desired element attribute]. Comparison Type [EQUALS]. Validation Type [NEGATIVE].",
        "time" : {
          "start" : 1632362550910,
          "stop" : 1632362576660,
          "duration" : 25750
        }
      }, {
        "uid" : "e72b8991f9926cd4",
        "reportUrl" : "https://MohabMohie.github.io/SHAFT_ENGINE/allure/macOS/Web/752//#testresult/e72b8991f9926cd4",
        "status" : "passed",
        "time" : {
          "start" : 1632320463964,
          "stop" : 1632320466865,
          "duration" : 2901
        }
      }, {
        "uid" : "2c9d5728e1c322f2",
        "reportUrl" : "https://MohabMohie.github.io/SHAFT_ENGINE/allure/macOS/Web/750//#testresult/2c9d5728e1c322f2",
        "status" : "passed",
        "time" : {
          "start" : 1632276178424,
          "stop" : 1632276180888,
          "duration" : 2464
        }
      }, {
        "uid" : "31bd1fb4bb90286f",
        "reportUrl" : "https://MohabMohie.github.io/SHAFT_ENGINE/allure/macOS/Web/738//#testresult/31bd1fb4bb90286f",
        "status" : "passed",
        "time" : {
          "start" : 1632103308908,
          "stop" : 1632103311163,
          "duration" : 2255
        }
      }, {
        "uid" : "ba05083182e6ef29",
        "reportUrl" : "https://MohabMohie.github.io/SHAFT_ENGINE/allure/macOS/Web/736//#testresult/ba05083182e6ef29",
        "status" : "passed",
        "time" : {
          "start" : 1631930319444,
          "stop" : 1631930321707,
          "duration" : 2263
        }
      }, {
        "uid" : "9588ac7a39a36285",
        "reportUrl" : "https://MohabMohie.github.io/SHAFT_ENGINE/allure/macOS/Web/735//#testresult/9588ac7a39a36285",
        "status" : "passed",
        "time" : {
          "start" : 1631844158731,
          "stop" : 1631844161160,
          "duration" : 2429
        }
      }, {
        "uid" : "b0d1fb864e37c627",
        "reportUrl" : "https://MohabMohie.github.io/SHAFT_ENGINE/allure/macOS/Web/734//#testresult/b0d1fb864e37c627",
        "status" : "passed",
        "time" : {
          "start" : 1631821120328,
          "stop" : 1631821122675,
          "duration" : 2347
        }
      } ]
    },
    "tags" : [ ]
  },
  "source" : "567092e4dd5471b7.json",
  "parameterValues" : [ ]
}