################################################################################################################################################
Detected SHAFT Engine Version: [SHAFT Engine v5.4.20211202-BETA]
################################################################################################################################################
[ReportManager] File Action [GetAbsolutePath] successfully performed. With the following test data [Relative Folder Path: "target/downloadedFiles/"]. @02-01-2022 06:36:44.0813 AM
[ReportManager] Attempting to run locally on: [Mac-64], [Safari], Headless Execution. @02-01-2022 06:36:44.0829 AM
[ReportManager] An Exception Occured with this Message: Could not start a new session. Possible causes are invalid address of the remote server or browser start-up failure.. @02-01-2022 06:36:46.0312 AM
[ReportManager] Successfully created attachment [Exception Stack Trace - org.openqa.selenium.SessionNotCreatedException] @02-01-2022 06:36:46.0394 AM
[ReportManager] Driver Factory Action [createNewLocalDriverInstanceForSafari] failed. With the following test data [Failed to create a session on DESKTOP_SAFARI]. @02-01-2022 06:36:46.0395 A

################################################################################################################################################
Starting Execution:	[1 out of 146] test cases in the current suite
Test Method:		[unitTests.tests_element_elementActions.waitForElementToBePresent_false_expectedToFail]
###############################################################################################################################################



################################################################################################################################################
Starting Execution:	[2 out of 146] test cases in the current suite
Test Method:		[unitTests.tests_element_elementActions.waitForElementToBePresent_false_expectedToPass]
###############################################################################################################################################



################################################################################################################################################
Starting Execution:	[3 out of 146] test cases in the current suite
Test Method:		[unitTests.tests_element_elementActions.waitForElementToBePresent_moreThanOneElement_expectedToFail]
###############################################################################################################################################



################################################################################################################################################
Starting Execution:	[4 out of 146] test cases in the current suite
Test Method:		[unitTests.tests_element_elementActions.waitForElementToBePresent_true_expectedToFail]
###############################################################################################################################################



################################################################################################################################################
Starting Execution:	[5 out of 146] test cases in the current suite
Test Method:		[unitTests.tests_element_elementActions.waitForElementToBePresent_true_expectedToPass]
###############################################################################################################################################

[ReportManager] File Action [GetAbsolutePath] successfully performed. With the following test data [Relative Folder Path: "target/downloadedFiles/"]. @02-01-2022 06:36:47.0381 AM
[ReportManager] Attempting to run locally on: [Mac-64], [Safari], Headless Execution. @02-01-2022 06:36:47.0382 AM
[ReportManager] Successfully Opened Safari. @02-01-2022 06:36:53.0819 AM
[ReportManager] Initial window size: (800, 600) @02-01-2022 06:36:53.0848 AM
[ReportManager] Window size after SWD Maximize: (1176, 802) @02-01-2022 06:36:53.0948 AM
[ReportManager] Browser Action [MaximizeWindow] successfully performed. With the following test data [New screen size is now: (1176, 802)]. @02-01-2022 06:36:53.0949 AM
[ReportManager] Target URL: [https://duckduckgo.com] @02-01-2022 06:36:53.0955 AM
[ReportManager] Initial URL: [] @02-01-2022 06:36:54.0031 AM
[ReportManager] Browser Action [NavigateToURL] successfully performed. With the following test data [https://duckduckgo.com]. @02-01-2022 06:36:55.0716 A

################################################################################################################################################
Starting Execution:	[6 out of 146] test cases in the current suite
Test Method:		[unitTests.tests_browserActions.fullScreenWindow]
################################################################################################################################################
[ReportManager] Initial Windows Size: 1176x802 @02-01-2022 06:36:55.0933 AM
[ReportManager] Current Windows Size after fullScreen: 1176x885 @02-01-2022 06:36:56.0742 AM
[ReportManager] Browser Action [FullScreenWindow] successfully performed. @02-01-2022 06:36:56.0778 AM
[ReportManager] Successfully created attachment [Browser Action Test Data - FullScreenWindow - Actual Value] @02-01-2022 06:36:56.0822 A
[ReportManager] Target URL: [https://duckduckgo.com] @02-01-2022 06:36:57.0050 AM
[ReportManager] Initial URL: [https://duckduckgo.com] @02-01-2022 06:36:57.0399 AM
[ReportManager] Browser Action [NavigateToURL] successfully performed. With the following test data [https://duckduckgo.com]. @02-01-2022 06:36:58.0005 AM
[ReportManager] Browser Action [CloseCurrentWindow] successfully performed. @02-01-2022 06:36:58.0690 AM
[ReportManager] Successfully created attachment [Browser Action Test Data - CloseCurrentWindow - Actual Value] @02-01-2022 06:36:58.0733 A
[ReportManager] File Action [GetAbsolutePath] successfully performed. With the following test data [Relative Folder Path: "target/downloadedFiles/"]. @02-01-2022 06:36:58.0865 AM
[ReportManager] Attempting to run locally on: [Mac-64], [Safari], Headless Execution. @02-01-2022 06:36:58.0865 AM
[ReportManager] An Exception Occured with this Message: Could not start a new session. Possible causes are invalid address of the remote server or browser start-up failure.. @02-01-2022 06:36:59.0320 AM
[ReportManager] Successfully created attachment [Exception Stack Trace - org.openqa.selenium.SessionNotCreatedException] @02-01-2022 06:36:59.0320 AM
[ReportManager] Driver Factory Action [createNewLocalDriverInstanceForSafari] failed. With the following test data [Failed to create a session on DESKTOP_SAFARI]. @02-01-2022 06:36:59.0321 A

################################################################################################################################################
Starting Execution:	[7 out of 146] test cases in the current suite
Test Method:		[unitTests.tests_browserActions.getCurrentURL]
###############################################################################################################################################



################################################################################################################################################
Starting Execution:	[8 out of 146] test cases in the current suite
Test Method:		[unitTests.tests_browserActions.getCurrentWindowTitle]
###############################################################################################################################################



################################################################################################################################################
Starting Execution:	[9 out of 146] test cases in the current suite
Test Method:		[unitTests.tests_browserActions.getPageSource]
###############################################################################################################################################



################################################################################################################################################
Starting Execution:	[10 out of 146] test cases in the current suite
Test Method:		[unitTests.tests_browserActions.getWindowHandle]
###############################################################################################################################################



################################################################################################################################################
Starting Execution:	[11 out of 146] test cases in the current suite
Test Method:		[unitTests.tests_browserActions.getWindowPosition]
###############################################################################################################################################



################################################################################################################################################
Starting Execution:	[12 out of 146] test cases in the current suite
Test Method:		[unitTests.tests_browserActions.getWindowSize]
###############################################################################################################################################



################################################################################################################################################
Starting Execution:	[13 out of 146] test cases in the current suite
Test Method:		[unitTests.tests_browserActions.maximizeWindow]
###############################################################################################################################################



################################################################################################################################################
Starting Execution:	[14 out of 146] test cases in the current suite
Test Method:		[unitTests.tests_browserActions.navigateBack]
###############################################################################################################################################



################################################################################################################################################
Starting Execution:	[15 out of 146] test cases in the current suite
Test Method:		[unitTests.tests_browserActions.navigateForward]
###############################################################################################################################################



################################################################################################################################################
Starting Execution:	[16 out of 146] test cases in the current suite
Test Method:		[unitTests.tests_browserActions.navigateToURL]
###############################################################################################################################################



################################################################################################################################################
Starting Execution:	[17 out of 146] test cases in the current suite
Test Method:		[unitTests.tests_browserActions.navigateToURLWithRedirection]
###############################################################################################################################################



################################################################################################################################################
Starting Execution:	[18 out of 146] test cases in the current suite
Test Method:		[unitTests.tests_browserActions.refreshCurrentPage]
###############################################################################################################################################



################################################################################################################################################
Starting Execution:	[19 out of 146] test cases in the current suite
Test Method:		[unitTests.tests_browserActions.setWindowSize]
###############################################################################################################################################

[ReportManager] Successfully loaded the following test data file [src/test/resources/testDataFiles/testSuite01/TestData.xlsx]. @02-01-2022 06:37:01.0238 AM
[ReportManager] Successfully created attachment [Test Data - Excel] @02-01-2022 06:37:01.0238 A

################################################################################################################################################
Starting Execution:	[20 out of 146] test cases in the current suite
Test Method:		[unitTests.tests_io_excelFileManager.getCellData_rowName_expectedToPass]
################################################################################################################################################
[ReportManager] testRowData. @02-01-2022 06:37:01.0251 A

################################################################################################################################################
Starting Execution:	[21 out of 146] test cases in the current suite
Test Method:		[unitTests.tests_validations_assertions.assertComparativeRelation_greaterThanOrEquals_false_equals_expectedToFail]
################################################################################################################################################
[ReportManager] Assertion [ValidateComparativeRelation] FAILED. Expected [1] and Actual [1]. Comparison Type [GREATER_THAN_OR_EQUALS]. Validation Type [NEGATIVE]. @02-01-2022 06:37:01.0263 A

################################################################################################################################################
Starting Execution:	[22 out of 146] test cases in the current suite
Test Method:		[unitTests.tests_validations_assertions.assertComparativeRelation_greaterThanOrEquals_false_equals_expectedToPass]
################################################################################################################################################
[ReportManager] Assertion [ValidateComparativeRelation] PASSED. Expected [2] and Actual [1]. Comparison Type [GREATER_THAN_OR_EQUALS]. Validation Type [NEGATIVE]. @02-01-2022 06:37:01.0268 A

################################################################################################################################################
Starting Execution:	[23 out of 146] test cases in the current suite
Test Method:		[unitTests.tests_validations_assertions.assertComparativeRelation_greaterThanOrEquals_false_greaterThan_expectedToFail]
################################################################################################################################################
[ReportManager] Assertion [ValidateComparativeRelation] FAILED. Expected [1] and Actual [2]. Comparison Type [GREATER_THAN_OR_EQUALS]. Validation Type [NEGATIVE]. @02-01-2022 06:37:01.0274 A

################################################################################################################################################
Starting Execution:	[24 out of 146] test cases in the current suite
Test Method:		[unitTests.tests_validations_assertions.assertComparativeRelation_greaterThanOrEquals_false_greaterThan_expectedToPass]
################################################################################################################################################
[ReportManager] Assertion [ValidateComparativeRelation] PASSED. Expected [2] and Actual [1]. Comparison Type [GREATER_THAN_OR_EQUALS]. Validation Type [NEGATIVE]. @02-01-2022 06:37:01.0279 A

################################################################################################################################################
Starting Execution:	[25 out of 146] test cases in the current suite
Test Method:		[unitTests.tests_validations_assertions.assertComparativeRelation_greaterThanOrEquals_true_equals_expectedToFail]
################################################################################################################################################
[ReportManager] Assertion [ValidateComparativeRelation] FAILED. Expected [1] and Actual [0]. Comparison Type [GREATER_THAN_OR_EQUALS]. Validation Type [POSITIVE]. @02-01-2022 06:37:01.0283 A

################################################################################################################################################
Starting Execution:	[26 out of 146] test cases in the current suite
Test Method:		[unitTests.tests_validations_assertions.assertComparativeRelation_greaterThanOrEquals_true_equals_expectedToPass]
################################################################################################################################################
[ReportManager] Assertion [ValidateComparativeRelation] PASSED. Expected [1] and Actual [1]. Comparison Type [GREATER_THAN_OR_EQUALS]. Validation Type [POSITIVE]. @02-01-2022 06:37:01.0287 A

################################################################################################################################################
Starting Execution:	[27 out of 146] test cases in the current suite
Test Method:		[unitTests.tests_validations_assertions.assertComparativeRelation_greaterThanOrEquals_true_greaterThan_expectedToFail]
################################################################################################################################################
[ReportManager] Assertion [ValidateComparativeRelation] FAILED. Expected [2] and Actual [1]. Comparison Type [GREATER_THAN_OR_EQUALS]. Validation Type [POSITIVE]. @02-01-2022 06:37:01.0291 A

################################################################################################################################################
Starting Execution:	[28 out of 146] test cases in the current suite
Test Method:		[unitTests.tests_validations_assertions.assertComparativeRelation_greaterThanOrEquals_true_greaterThan_expectedToPass]
################################################################################################################################################
[ReportManager] Assertion [ValidateComparativeRelation] PASSED. Expected [1] and Actual [2]. Comparison Type [GREATER_THAN_OR_EQUALS]. Validation Type [POSITIVE]. @02-01-2022 06:37:01.0296 A
[ReportManager] File Action [GetAbsolutePath] successfully performed. With the following test data [Relative Folder Path: "target/downloadedFiles/"]. @02-01-2022 06:37:01.0299 AM
[ReportManager] Attempting to run locally on: [Mac-64], [Safari], Headless Execution. @02-01-2022 06:37:01.0299 AM
[ReportManager] Successfully Opened Safari. @02-01-2022 06:37:02.0187 AM
[ReportManager] Initial window size: (800, 600) @02-01-2022 06:37:02.0218 AM
[ReportManager] Window size after SWD Maximize: (1176, 802) @02-01-2022 06:37:02.0253 AM
[ReportManager] Browser Action [MaximizeWindow] successfully performed. With the following test data [New screen size is now: (1176, 802)]. @02-01-2022 06:37:02.0254 AM
[ReportManager] Target URL: [https://www.google.com/ncr], and after redirection: [www.google.com] @02-01-2022 06:37:02.0254 AM
[ReportManager] Initial URL: [] @02-01-2022 06:37:02.0338 AM
[ReportManager] Browser Action [NavigateToURL] successfully performed. With the following test data [https://www.google.com/ncr]. @02-01-2022 06:37:04.0138 A

################################################################################################################################################
Starting Execution:	[29 out of 146] test cases in the current suite
Test Method:		[unitTests.tests_validations_assertions.assertElementAttribute_false_caseInsensitiveComparison_expectedToFail]
################################################################################################################################################
[ReportManager] Element Action [Type] successfully performed. With the following test data [AUTOMATION]. @02-01-2022 06:37:04.0437 AM
[ReportManager] Element Action [GetText] successfully performed. With the following test data [AUTOMATION]. @02-01-2022 06:37:04.0518 AM
[ReportManager] Loaded Shared OpenCV @02-01-2022 06:37:06.0465 AM
[ReportManager] Assertion [ValidateElementAttribute] FAILED. Expected [Value Should not be 'AutomaTion' for the 'text' attribute, element locator 'By.name: q'] and Actual [AUTOMATION]. Comparison Type [CASE_INSENSITIVE]. Validation Type [NEGATIVE]. @02-01-2022 06:37:10.0878 AM
[ReportManager] Successfully created attachment [Screenshot - 1641105424668_assertElementAttribute_false_caseInsensitiveComparison_expectedToFail_ValidateElementAttribute_failed] @02-01-2022 06:37:10.0892 A
[ReportManager] Browser Action [CloseCurrentWindow] successfully performed. @02-01-2022 06:37:11.0079 AM
[ReportManager] Successfully created attachment [Browser Action Test Data - CloseCurrentWindow - Actual Value] @02-01-2022 06:37:11.0080 A
[ReportManager] File Action [GetAbsolutePath] successfully performed. With the following test data [Relative Folder Path: "target/downloadedFiles/"]. @02-01-2022 06:37:11.0085 AM
[ReportManager] Attempting to run locally on: [Mac-64], [Safari], Headless Execution. @02-01-2022 06:37:11.0085 AM
[ReportManager] Successfully Opened Safari. @02-01-2022 06:37:11.0973 AM
[ReportManager] Initial window size: (800, 600) @02-01-2022 06:37:11.0991 AM
[ReportManager] Window size after SWD Maximize: (1176, 803) @02-01-2022 06:37:12.0076 AM
[ReportManager] Browser Action [MaximizeWindow] successfully performed. With the following test data [New screen size is now: (1176, 803)]. @02-01-2022 06:37:12.0076 AM
[ReportManager] Target URL: [https://www.google.com/ncr], and after redirection: [www.google.com] @02-01-2022 06:37:12.0076 AM
[ReportManager] Initial URL: [] @02-01-2022 06:37:12.0149 AM
[ReportManager] Browser Action [NavigateToURL] successfully performed. With the following test data [https://www.google.com/ncr]. @02-01-2022 06:37:13.0937 A

################################################################################################################################################
Starting Execution:	[30 out of 146] test cases in the current suite
Test Method:		[unitTests.tests_validations_assertions.assertElementAttribute_false_caseInsensitiveComparison_expectedToPass]
################################################################################################################################################
[ReportManager] Element Action [Type] successfully performed. With the following test data [AUTOMATION]. @02-01-2022 06:37:14.0178 AM
[ReportManager] Element Action [GetText] successfully performed. With the following test data [AUTOMATION]. @02-01-2022 06:37:14.0267 AM
[ReportManager] Loaded Shared OpenCV @02-01-2022 06:37:14.0466 AM
[ReportManager] Assertion [ValidateElementAttribute] PASSED. Expected [Value Should not be 'AutomaTion123' for the 'text' attribute, element locator 'By.name: q'] and Actual [AUTOMATION]. Comparison Type [CASE_INSENSITIVE]. Validation Type [NEGATIVE]. @02-01-2022 06:37:14.0592 AM
[ReportManager] Successfully created attachment [Screenshot - 1641105434465_assertElementAttribute_false_caseInsensitiveComparison_expectedToPass_ValidateElementAttribute_passed] @02-01-2022 06:37:14.0596 A
[ReportManager] Browser Action [CloseCurrentWindow] successfully performed. @02-01-2022 06:37:14.0798 AM
[ReportManager] Successfully created attachment [Browser Action Test Data - CloseCurrentWindow - Actual Value] @02-01-2022 06:37:14.0799 A
[ReportManager] File Action [GetAbsolutePath] successfully performed. With the following test data [Relative Folder Path: "target/downloadedFiles/"]. @02-01-2022 06:37:14.0806 AM
[ReportManager] Attempting to run locally on: [Mac-64], [Safari], Headless Execution. @02-01-2022 06:37:14.0806 AM
[ReportManager] Successfully Opened Safari. @02-01-2022 06:37:15.0650 AM
[ReportManager] Initial window size: (800, 600) @02-01-2022 06:37:15.0663 AM
[ReportManager] Window size after SWD Maximize: (1176, 803) @02-01-2022 06:37:15.0712 AM
[ReportManager] Browser Action [MaximizeWindow] successfully performed. With the following test data [New screen size is now: (1176, 803)]. @02-01-2022 06:37:15.0713 AM
[ReportManager] Target URL: [https://www.google.com/ncr], and after redirection: [www.google.com] @02-01-2022 06:37:15.0713 AM
[ReportManager] Initial URL: [] @02-01-2022 06:37:15.0754 AM
[ReportManager] Browser Action [NavigateToURL] successfully performed. With the following test data [https://www.google.com/ncr]. @02-01-2022 06:37:17.0484 A

################################################################################################################################################
Starting Execution:	[31 out of 146] test cases in the current suite
Test Method:		[unitTests.tests_validations_assertions.assertElementAttribute_false_containsComparison_expectedToFail]
################################################################################################################################################
[ReportManager] Element Action [Type] successfully performed. With the following test data [Automation123]. @02-01-2022 06:37:17.0760 AM
[ReportManager] Element Action [GetText] successfully performed. With the following test data [Automation123]. @02-01-2022 06:37:17.0837 AM
[ReportManager] Loaded Shared OpenCV @02-01-2022 06:37:17.0958 AM
[ReportManager] Assertion [ValidateElementAttribute] FAILED. Expected [Value Should not be 'Automation' for the 'text' attribute, element locator 'By.name: q'] and Actual [Automation123]. Comparison Type [CONTAINS]. Validation Type [NEGATIVE]. @02-01-2022 06:37:18.0079 AM
[ReportManager] Successfully created attachment [Screenshot - 1641105437958_assertElementAttribute_false_containsComparison_expectedToFail_ValidateElementAttribute_failed] @02-01-2022 06:37:18.0081 A
[ReportManager] Browser Action [CloseCurrentWindow] successfully performed. @02-01-2022 06:37:18.0524 AM
[ReportManager] Successfully created attachment [Browser Action Test Data - CloseCurrentWindow - Actual Value] @02-01-2022 06:37:18.0525 A
[ReportManager] File Action [GetAbsolutePath] successfully performed. With the following test data [Relative Folder Path: "target/downloadedFiles/"]. @02-01-2022 06:37:18.0529 AM
[ReportManager] Attempting to run locally on: [Mac-64], [Safari], Headless Execution. @02-01-2022 06:37:18.0529 AM
[ReportManager] Successfully Opened Safari. @02-01-2022 06:37:19.0389 AM
[ReportManager] Initial window size: (800, 600) @02-01-2022 06:37:19.0427 AM
[ReportManager] Window size after SWD Maximize: (1176, 803) @02-01-2022 06:37:19.0457 AM
[ReportManager] Browser Action [MaximizeWindow] successfully performed. With the following test data [New screen size is now: (1176, 803)]. @02-01-2022 06:37:19.0458 AM
[ReportManager] Target URL: [https://www.google.com/ncr], and after redirection: [www.google.com] @02-01-2022 06:37:19.0458 AM
[ReportManager] Initial URL: [] @02-01-2022 06:37:19.0580 AM
[ReportManager] Browser Action [NavigateToURL] successfully performed. With the following test data [https://www.google.com/ncr]. @02-01-2022 06:37:21.0391 A

################################################################################################################################################
Starting Execution:	[32 out of 146] test cases in the current suite
Test Method:		[unitTests.tests_validations_assertions.assertElementAttribute_false_containsComparison_expectedToPass]
################################################################################################################################################
[ReportManager] Element Action [Type] successfully performed. With the following test data [Automation123]. @02-01-2022 06:37:21.0658 AM
[ReportManager] Element Action [GetText] successfully performed. With the following test data [Automation123]. @02-01-2022 06:37:21.0745 AM
[ReportManager] Loaded Shared OpenCV @02-01-2022 06:37:21.0882 AM
[ReportManager] Assertion [ValidateElementAttribute] PASSED. Expected [Value Should not be 'Automation1234' for the 'text' attribute, element locator 'By.name: q'] and Actual [Automation123]. Comparison Type [CONTAINS]. Validation Type [NEGATIVE]. @02-01-2022 06:37:21.0995 AM
[ReportManager] Successfully created attachment [Screenshot - 1641105441881_assertElementAttribute_false_containsComparison_expectedToPass_ValidateElementAttribute_passed] @02-01-2022 06:37:21.0997 A
[ReportManager] Browser Action [CloseCurrentWindow] successfully performed. @02-01-2022 06:37:22.0483 AM
[ReportManager] Successfully created attachment [Browser Action Test Data - CloseCurrentWindow - Actual Value] @02-01-2022 06:37:23.0103 A
[ReportManager] File Action [GetAbsolutePath] successfully performed. With the following test data [Relative Folder Path: "target/downloadedFiles/"]. @02-01-2022 06:37:23.0160 AM
[ReportManager] Attempting to run locally on: [Mac-64], [Safari], Headless Execution. @02-01-2022 06:37:23.0160 AM
[ReportManager] Successfully Opened Safari. @02-01-2022 06:37:24.0041 AM
[ReportManager] Initial window size: (800, 600) @02-01-2022 06:37:24.0080 AM
[ReportManager] Window size after SWD Maximize: (1176, 803) @02-01-2022 06:37:24.0113 AM
[ReportManager] Browser Action [MaximizeWindow] successfully performed. With the following test data [New screen size is now: (1176, 803)]. @02-01-2022 06:37:24.0114 AM
[ReportManager] Target URL: [https://www.google.com/ncr], and after redirection: [www.google.com] @02-01-2022 06:37:24.0114 AM
[ReportManager] Initial URL: [] @02-01-2022 06:37:24.0159 AM
[ReportManager] Browser Action [NavigateToURL] successfully performed. With the following test data [https://www.google.com/ncr]. @02-01-2022 06:37:26.0474 A

################################################################################################################################################
Starting Execution:	[33 out of 146] test cases in the current suite
Test Method:		[unitTests.tests_validations_assertions.assertElementAttribute_false_literalComparison_expectedToFail]
################################################################################################################################################
[ReportManager] Element Action [Type] successfully performed. With the following test data [Automation!@#$%^&*()_+{}[]\';/.,]. @02-01-2022 06:37:26.0896 AM
[ReportManager] Element Action [GetText] successfully performed. With the following test data [Automation!@#$%^&*()_+{}[]\';/.,]. @02-01-2022 06:37:26.0972 AM
[ReportManager] Loaded Shared OpenCV @02-01-2022 06:37:27.0178 AM
[ReportManager] Assertion [ValidateElementAttribute] PASSED. Expected [Value Should not be 'Automation!@#$%^&*()_+{}[]\\';/.,' for the 'text' attribute, element locator 'By.name: q'] and Actual [Automation!@#$%^&*()_+{}[]\';/.,]. Comparison Type [EQUALS]. Validation Type [NEGATIVE]. @02-01-2022 06:37:27.0283 AM
[ReportManager] Successfully created attachment [Screenshot - 1641105447178_assertElementAttribute_false_literalComparison_expectedToFail_ValidateElementAttribute_passed] @02-01-2022 06:37:27.0287 A
[ReportManager] Browser Action [CloseCurrentWindow] successfully performed. @02-01-2022 06:37:27.0669 AM
[ReportManager] Successfully created attachment [Browser Action Test Data - CloseCurrentWindow - Actual Value] @02-01-2022 06:37:27.0670 A
[ReportManager] File Action [GetAbsolutePath] successfully performed. With the following test data [Relative Folder Path: "target/downloadedFiles/"]. @02-01-2022 06:37:27.0674 AM
[ReportManager] Attempting to run locally on: [Mac-64], [Safari], Headless Execution. @02-01-2022 06:37:27.0674 AM
[ReportManager] Successfully Opened Safari. @02-01-2022 06:37:28.0551 AM
[ReportManager] Initial window size: (800, 600) @02-01-2022 06:37:28.0596 AM
[ReportManager] Window size after SWD Maximize: (1176, 803) @02-01-2022 06:37:28.0617 AM
[ReportManager] Browser Action [MaximizeWindow] successfully performed. With the following test data [New screen size is now: (1176, 803)]. @02-01-2022 06:37:28.0618 AM
[ReportManager] Target URL: [https://www.google.com/ncr], and after redirection: [www.google.com] @02-01-2022 06:37:28.0618 AM
[ReportManager] Initial URL: [] @02-01-2022 06:37:28.0687 AM
[ReportManager] Browser Action [NavigateToURL] successfully performed. With the following test data [https://www.google.com/ncr]. @02-01-2022 06:37:30.0444 A

################################################################################################################################################
Starting Execution:	[34 out of 146] test cases in the current suite
Test Method:		[unitTests.tests_validations_assertions.assertElementAttribute_false_literalComparison_expectedToPass]
################################################################################################################################################
[ReportManager] Element Action [Type] successfully performed. With the following test data [Automation!@#$%^&*()_+{}[]\';/.,]. @02-01-2022 06:37:30.0830 AM
[ReportManager] Element Action [GetText] successfully performed. With the following test data [Automation!@#$%^&*()_+{}[]\';/.,]. @02-01-2022 06:37:30.0905 AM
[ReportManager] Loaded Shared OpenCV @02-01-2022 06:37:31.0037 AM
[ReportManager] Assertion [ValidateElementAttribute] PASSED. Expected [Value Should not be 'Automation' for the 'text' attribute, element locator 'By.name: q'] and Actual [Automation!@#$%^&*()_+{}[]\';/.,]. Comparison Type [EQUALS]. Validation Type [NEGATIVE]. @02-01-2022 06:37:31.0211 AM
[ReportManager] Successfully created attachment [Screenshot - 1641105451037_assertElementAttribute_false_literalComparison_expectedToPass_ValidateElementAttribute_passed] @02-01-2022 06:37:31.0220 A
[ReportManager] Browser Action [CloseCurrentWindow] successfully performed. @02-01-2022 06:37:31.0421 AM
[ReportManager] Successfully created attachment [Browser Action Test Data - CloseCurrentWindow - Actual Value] @02-01-2022 06:37:31.0422 A
[ReportManager] File Action [GetAbsolutePath] successfully performed. With the following test data [Relative Folder Path: "target/downloadedFiles/"]. @02-01-2022 06:37:31.0428 AM
[ReportManager] Attempting to run locally on: [Mac-64], [Safari], Headless Execution. @02-01-2022 06:37:31.0429 AM
[ReportManager] Successfully Opened Safari. @02-01-2022 06:37:32.0384 AM
[ReportManager] Initial window size: (800, 600) @02-01-2022 06:37:32.0419 AM
[ReportManager] Window size after SWD Maximize: (1176, 803) @02-01-2022 06:37:32.0451 AM
[ReportManager] Browser Action [MaximizeWindow] successfully performed. With the following test data [New screen size is now: (1176, 803)]. @02-01-2022 06:37:32.0451 AM
[ReportManager] Target URL: [https://www.google.com/ncr], and after redirection: [www.google.com] @02-01-2022 06:37:32.0451 AM
[ReportManager] Initial URL: [] @02-01-2022 06:37:32.0504 AM
[ReportManager] Browser Action [NavigateToURL] successfully performed. With the following test data [https://www.google.com/ncr]. @02-01-2022 06:37:34.0306 A

################################################################################################################################################
Starting Execution:	[35 out of 146] test cases in the current suite
Test Method:		[unitTests.tests_validations_assertions.assertElementAttribute_false_regexComparison_expectedToFail]
################################################################################################################################################
[ReportManager] Element Action [Type] successfully performed. With the following test data [Automation123]. @02-01-2022 06:37:34.0579 AM
[ReportManager] Element Action [GetText] successfully performed. With the following test data [Automation123]. @02-01-2022 06:37:34.0662 AM
[ReportManager] Loaded Shared OpenCV @02-01-2022 06:37:34.0800 AM
[ReportManager] Assertion [ValidateElementAttribute] FAILED. Expected [Value Should not be 'Automation.*' for the 'text' attribute, element locator 'By.name: q'] and Actual [Automation123]. Comparison Type [MATCHES]. Validation Type [NEGATIVE]. @02-01-2022 06:37:34.0905 AM
[ReportManager] Successfully created attachment [Screenshot - 1641105454800_assertElementAttribute_false_regexComparison_expectedToFail_ValidateElementAttribute_failed] @02-01-2022 06:37:34.0906 A
[ReportManager] Browser Action [CloseCurrentWindow] successfully performed. @02-01-2022 06:37:35.0203 AM
[ReportManager] Successfully created attachment [Browser Action Test Data - CloseCurrentWindow - Actual Value] @02-01-2022 06:37:35.0204 A
[ReportManager] File Action [GetAbsolutePath] successfully performed. With the following test data [Relative Folder Path: "target/downloadedFiles/"]. @02-01-2022 06:37:35.0208 AM
[ReportManager] Attempting to run locally on: [Mac-64], [Safari], Headless Execution. @02-01-2022 06:37:35.0208 AM
[ReportManager] Successfully Opened Safari. @02-01-2022 06:37:36.0048 AM
[ReportManager] Initial window size: (800, 600) @02-01-2022 06:37:36.0071 AM
[ReportManager] Window size after SWD Maximize: (1176, 803) @02-01-2022 06:37:36.0088 AM
[ReportManager] Browser Action [MaximizeWindow] successfully performed. With the following test data [New screen size is now: (1176, 803)]. @02-01-2022 06:37:36.0088 AM
[ReportManager] Target URL: [https://www.google.com/ncr], and after redirection: [www.google.com] @02-01-2022 06:37:36.0089 AM
[ReportManager] Initial URL: [] @02-01-2022 06:37:36.0186 AM
[ReportManager] Browser Action [NavigateToURL] successfully performed. With the following test data [https://www.google.com/ncr]. @02-01-2022 06:37:37.0865 A

################################################################################################################################################
Starting Execution:	[36 out of 146] test cases in the current suite
Test Method:		[unitTests.tests_validations_assertions.assertElementAttribute_false_regexComparison_expectedToPass]
################################################################################################################################################
[ReportManager] Element Action [Type] successfully performed. With the following test data [Automation123]. @02-01-2022 06:37:38.0120 AM
[ReportManager] Element Action [GetText] successfully performed. With the following test data [Automation123]. @02-01-2022 06:37:38.0188 AM
[ReportManager] Loaded Shared OpenCV @02-01-2022 06:37:38.0247 AM
[ReportManager] Assertion [ValidateElementAttribute] PASSED. Expected [Value Should not be 'Automation' for the 'text' attribute, element locator 'By.name: q'] and Actual [Automation123]. Comparison Type [MATCHES]. Validation Type [NEGATIVE]. @02-01-2022 06:37:38.0421 AM
[ReportManager] Successfully created attachment [Screenshot - 1641105458246_assertElementAttribute_false_regexComparison_expectedToPass_ValidateElementAttribute_passed] @02-01-2022 06:37:38.0422 A
[ReportManager] Browser Action [CloseCurrentWindow] successfully performed. @02-01-2022 06:37:38.0690 AM
[ReportManager] Successfully created attachment [Browser Action Test Data - CloseCurrentWindow - Actual Value] @02-01-2022 06:37:38.0691 A
[ReportManager] File Action [GetAbsolutePath] successfully performed. With the following test data [Relative Folder Path: "target/downloadedFiles/"]. @02-01-2022 06:37:38.0695 AM
[ReportManager] Attempting to run locally on: [Mac-64], [Safari], Headless Execution. @02-01-2022 06:37:38.0696 AM
[ReportManager] Successfully Opened Safari. @02-01-2022 06:37:39.0522 AM
[ReportManager] Initial window size: (800, 600) @02-01-2022 06:37:39.0551 AM
[ReportManager] Window size after SWD Maximize: (1176, 803) @02-01-2022 06:37:39.0581 AM
[ReportManager] Browser Action [MaximizeWindow] successfully performed. With the following test data [New screen size is now: (1176, 803)]. @02-01-2022 06:37:39.0581 AM
[ReportManager] Target URL: [https://www.google.com/ncr], and after redirection: [www.google.com] @02-01-2022 06:37:39.0581 AM
[ReportManager] Initial URL: [] @02-01-2022 06:37:39.0621 AM
[ReportManager] Browser Action [NavigateToURL] successfully performed. With the following test data [https://www.google.com/ncr]. @02-01-2022 06:37:41.0359 A

################################################################################################################################################
Starting Execution:	[37 out of 146] test cases in the current suite
Test Method:		[unitTests.tests_validations_assertions.assertElementAttribute_true_caseInsensitiveComparison_expectedToFail]
################################################################################################################################################
[ReportManager] Element Action [Type] successfully performed. With the following test data [AUTOMATION]. @02-01-2022 06:37:41.0611 AM
[ReportManager] Element Action [GetText] successfully performed. With the following test data [AUTOMATION]. @02-01-2022 06:37:41.0680 AM
[ReportManager] Loaded Shared OpenCV @02-01-2022 06:37:41.0740 AM
[ReportManager] Assertion [ValidateElementAttribute] FAILED. Expected [Value Should be 'AutomaTion123' for the 'text' attribute, element locator 'By.name: q'] and Actual [AUTOMATION]. Comparison Type [CASE_INSENSITIVE]. Validation Type [POSITIVE]. @02-01-2022 06:37:41.0881 AM
[ReportManager] Successfully created attachment [Screenshot - 1641105461739_assertElementAttribute_true_caseInsensitiveComparison_expectedToFail_ValidateElementAttribute_failed] @02-01-2022 06:37:41.0882 A
[ReportManager] Browser Action [CloseCurrentWindow] successfully performed. @02-01-2022 06:37:42.0183 AM
[ReportManager] Successfully created attachment [Browser Action Test Data - CloseCurrentWindow - Actual Value] @02-01-2022 06:37:42.0184 A
[ReportManager] File Action [GetAbsolutePath] successfully performed. With the following test data [Relative Folder Path: "target/downloadedFiles/"]. @02-01-2022 06:37:42.0191 AM
[ReportManager] Attempting to run locally on: [Mac-64], [Safari], Headless Execution. @02-01-2022 06:37:42.0192 AM
[ReportManager] Successfully Opened Safari. @02-01-2022 06:37:43.0050 AM
[ReportManager] Initial window size: (800, 600) @02-01-2022 06:37:43.0070 AM
[ReportManager] Window size after SWD Maximize: (1176, 803) @02-01-2022 06:37:43.0085 AM
[ReportManager] Browser Action [MaximizeWindow] successfully performed. With the following test data [New screen size is now: (1176, 803)]. @02-01-2022 06:37:43.0086 AM
[ReportManager] Target URL: [https://www.google.com/ncr], and after redirection: [www.google.com] @02-01-2022 06:37:43.0086 AM
[ReportManager] Initial URL: [] @02-01-2022 06:37:43.0162 AM
[ReportManager] Browser Action [NavigateToURL] successfully performed. With the following test data [https://www.google.com/ncr]. @02-01-2022 06:37:44.0879 A

################################################################################################################################################
Starting Execution:	[38 out of 146] test cases in the current suite
Test Method:		[unitTests.tests_validations_assertions.assertElementAttribute_true_caseInsensitiveComparison_expectedToPass]
################################################################################################################################################
[ReportManager] Element Action [Type] successfully performed. With the following test data [AUTOMATION]. @02-01-2022 06:37:45.0125 AM
[ReportManager] Element Action [GetText] successfully performed. With the following test data [AUTOMATION]. @02-01-2022 06:37:45.0198 AM
[ReportManager] Loaded Shared OpenCV @02-01-2022 06:37:45.0347 AM
[ReportManager] Assertion [ValidateElementAttribute] PASSED. Expected [Value Should be 'AutomaTion' for the 'text' attribute, element locator 'By.name: q'] and Actual [AUTOMATION]. Comparison Type [CASE_INSENSITIVE]. Validation Type [POSITIVE]. @02-01-2022 06:37:45.0455 AM
[ReportManager] Successfully created attachment [Screenshot - 1641105465346_assertElementAttribute_true_caseInsensitiveComparison_expectedToPass_ValidateElementAttribute_passed] @02-01-2022 06:37:45.0456 A
[ReportManager] Browser Action [CloseCurrentWindow] successfully performed. @02-01-2022 06:37:45.0761 AM
[ReportManager] Successfully created attachment [Browser Action Test Data - CloseCurrentWindow - Actual Value] @02-01-2022 06:37:45.0762 A
[ReportManager] File Action [GetAbsolutePath] successfully performed. With the following test data [Relative Folder Path: "target/downloadedFiles/"]. @02-01-2022 06:37:45.0766 AM
[ReportManager] Attempting to run locally on: [Mac-64], [Safari], Headless Execution. @02-01-2022 06:37:45.0766 AM
[ReportManager] Successfully Opened Safari. @02-01-2022 06:37:46.0585 AM
[ReportManager] Initial window size: (800, 600) @02-01-2022 06:37:46.0619 AM
[ReportManager] Window size after SWD Maximize: (1176, 803) @02-01-2022 06:37:46.0648 AM
[ReportManager] Browser Action [MaximizeWindow] successfully performed. With the following test data [New screen size is now: (1176, 803)]. @02-01-2022 06:37:46.0649 AM
[ReportManager] Target URL: [https://www.google.com/ncr], and after redirection: [www.google.com] @02-01-2022 06:37:46.0649 AM
[ReportManager] Initial URL: [] @02-01-2022 06:37:46.0692 AM
[ReportManager] Browser Action [NavigateToURL] successfully performed. With the following test data [https://www.google.com/ncr]. @02-01-2022 06:37:48.0259 A

################################################################################################################################################
Starting Execution:	[39 out of 146] test cases in the current suite
Test Method:		[unitTests.tests_validations_assertions.assertElementAttribute_true_containsComparison_expectedToFail]
################################################################################################################################################
[ReportManager] Element Action [Type] successfully performed. With the following test data [Automation123]. @02-01-2022 06:37:48.0579 AM
[ReportManager] Element Action [GetText] successfully performed. With the following test data [Automation123]. @02-01-2022 06:37:48.0640 AM
[ReportManager] Loaded Shared OpenCV @02-01-2022 06:37:48.0752 AM
[ReportManager] Assertion [ValidateElementAttribute] FAILED. Expected [Value Should be 'Automation1234' for the 'text' attribute, element locator 'By.name: q'] and Actual [Automation123]. Comparison Type [CONTAINS]. Validation Type [POSITIVE]. @02-01-2022 06:37:48.0875 AM
[ReportManager] Successfully created attachment [Screenshot - 1641105468747_assertElementAttribute_true_containsComparison_expectedToFail_ValidateElementAttribute_failed] @02-01-2022 06:37:48.0876 A
[ReportManager] Browser Action [CloseCurrentWindow] successfully performed. @02-01-2022 06:37:49.0301 AM
[ReportManager] Successfully created attachment [Browser Action Test Data - CloseCurrentWindow - Actual Value] @02-01-2022 06:37:49.0303 A
[ReportManager] File Action [GetAbsolutePath] successfully performed. With the following test data [Relative Folder Path: "target/downloadedFiles/"]. @02-01-2022 06:37:49.0307 AM
[ReportManager] Attempting to run locally on: [Mac-64], [Safari], Headless Execution. @02-01-2022 06:37:49.0307 AM
[ReportManager] An Exception Occured with this Message: Could not start a new session. Possible causes are invalid address of the remote server or browser start-up failure.. @02-01-2022 06:37:49.0328 AM
[ReportManager] Successfully created attachment [Exception Stack Trace - org.openqa.selenium.SessionNotCreatedException] @02-01-2022 06:37:49.0328 AM
[ReportManager] Driver Factory Action [createNewLocalDriverInstanceForSafari] failed. With the following test data [Failed to create a session on DESKTOP_SAFARI]. @02-01-2022 06:37:49.0329 A

################################################################################################################################################
Starting Execution:	[40 out of 146] test cases in the current suite
Test Method:		[unitTests.tests_validations_assertions.assertElementAttribute_true_containsComparison_expectedToPass]
###############################################################################################################################################



################################################################################################################################################
Starting Execution:	[41 out of 146] test cases in the current suite
Test Method:		[unitTests.tests_validations_assertions.assertElementAttribute_true_literalComparison_expectedToFail]
###############################################################################################################################################



################################################################################################################################################
Starting Execution:	[42 out of 146] test cases in the current suite
Test Method:		[unitTests.tests_validations_assertions.assertElementAttribute_true_literalComparison_expectedToPass]
###############################################################################################################################################



################################################################################################################################################
Starting Execution:	[43 out of 146] test cases in the current suite
Test Method:		[unitTests.tests_validations_assertions.assertElementAttribute_true_regexComparison_expectedToFail]
###############################################################################################################################################



################################################################################################################################################
Starting Execution:	[44 out of 146] test cases in the current suite
Test Method:		[unitTests.tests_validations_assertions.assertElementAttribute_true_regexComparison_expectedToPass]
###############################################################################################################################################



################################################################################################################################################
Starting Execution:	[45 out of 146] test cases in the current suite
Test Method:		[unitTests.tests_validations_assertions.assertElementAttribute_type_true_literalComparison_expectedToPass]
###############################################################################################################################################



################################################################################################################################################
Starting Execution:	[46 out of 146] test cases in the current suite
Test Method:		[unitTests.tests_validations_assertions.assertElementExists_false_expectedToFail]
###############################################################################################################################################



################################################################################################################################################
Starting Execution:	[47 out of 146] test cases in the current suite
Test Method:		[unitTests.tests_validations_assertions.assertElementExists_false_expectedToPass]
###############################################################################################################################################



################################################################################################################################################
Starting Execution:	[48 out of 146] test cases in the current suite
Test Method:		[unitTests.tests_validations_assertions.assertElementExists_false_multipleElementsFound_expectedToFail]
###############################################################################################################################################



################################################################################################################################################
Starting Execution:	[49 out of 146] test cases in the current suite
Test Method:		[unitTests.tests_validations_assertions.assertElementExists_true_expectedToFail]
###############################################################################################################################################



################################################################################################################################################
Starting Execution:	[50 out of 146] test cases in the current suite
Test Method:		[unitTests.tests_validations_assertions.assertElementExists_true_expectedToPass]
###############################################################################################################################################



################################################################################################################################################
Starting Execution:	[51 out of 146] test cases in the current suite
Test Method:		[unitTests.tests_validations_assertions.assertElementExists_true_multipleElementsFound_expectedToFail]
###############################################################################################################################################


################################################################################################################################################
Starting Execution:	[52 out of 146] test cases in the current suite
Test Method:		[unitTests.tests_validations_assertions.assertEquals_false_expectedToFail]
###############################################################################################################################################

################################################################################################################################################
Starting Execution:	[53 out of 146] test cases in the current suite
Test Method:		[unitTests.tests_validations_assertions.assertEquals_false_expectedToPass]
###############################################################################################################################################

################################################################################################################################################
Starting Execution:	[54 out of 146] test cases in the current suite
Test Method:		[unitTests.tests_validations_assertions.assertEquals_longCharacters]
###############################################################################################################################################

################################################################################################################################################
Starting Execution:	[55 out of 146] test cases in the current suite
Test Method:		[unitTests.tests_validations_assertions.assertEquals_longCharacters_Discreet]
###############################################################################################################################################

################################################################################################################################################
Starting Execution:	[56 out of 146] test cases in the current suite
Test Method:		[unitTests.tests_validations_assertions.assertEquals_true_expectedToFail]
###############################################################################################################################################

################################################################################################################################################
Starting Execution:	[57 out of 146] test cases in the current suite
Test Method:		[unitTests.tests_validations_assertions.assertEquals_true_expectedToPass]
Test Description:	[Assert that assertEquals works as expected when the two values are equal.]
###############################################################################################################################################

################################################################################################################################################
Starting Execution:	[58 out of 146] test cases in the current suite
Test Method:		[unitTests.tests_validations_assertions.assertEquals_true_expectedToPass__]
###############################################################################################################################################

################################################################################################################################################
Starting Execution:	[59 out of 146] test cases in the current suite
Test Method:		[unitTests.tests_validations_assertions.assertFileExists_false_expectedToFail]
###############################################################################################################################################

################################################################################################################################################
Starting Execution:	[60 out of 146] test cases in the current suite
Test Method:		[unitTests.tests_validations_assertions.assertFileExists_false_expectedToPass]
###############################################################################################################################################

################################################################################################################################################
Starting Execution:	[61 out of 146] test cases in the current suite
Test Method:		[unitTests.tests_validations_assertions.assertFileExists_true_expectedToFail]
###############################################################################################################################################

################################################################################################################################################
Starting Execution:	[62 out of 146] test cases in the current suite
Test Method:		[unitTests.tests_validations_assertions.assertFileExists_true_expectedToPass]
###############################################################################################################################################

################################################################################################################################################
Starting Execution:	[63 out of 146] test cases in the current suite
Test Method:		[unitTests.tests_validations_assertions.assertNull_false_expectedToFail]
###############################################################################################################################################

################################################################################################################################################
Starting Execution:	[64 out of 146] test cases in the current suite
Test Method:		[unitTests.tests_validations_assertions.assertNull_false_expectedToPass]
###############################################################################################################################################

################################################################################################################################################
Starting Execution:	[65 out of 146] test cases in the current suite
Test Method:		[unitTests.tests_validations_assertions.assertNull_true_expectedToFail]
###############################################################################################################################################

################################################################################################################################################
Starting Execution:	[66 out of 146] test cases in the current suite
Test Method:		[unitTests.tests_validations_assertions.assertNull_true_expectedToPass]
###############################################################################################################################################

################################################################################################################################################
Starting Execution:	[67 out of 146] test cases in the current suite
Test Method:		[unitTests.tests_restActions.getPostsAndAssertBodyForSpecificTitle]
################################################################################################################################################
[ReportManager] Response status code: [200], status line: [HTTP/1.1 200 OK] @02-01-2022 06:37:52.0215 AM
[ReportManager] Assertion Passed: Evaluating the actual response status code against the expected one... @02-01-2022 06:37:52.0220 AM
[ReportManager] Assertion [ValidateComparativeRelation] PASSED. Expected [200] and Actual [200]. Comparison Type [EQUALS]. Validation Type [POSITIVE]. @02-01-2022 06:37:52.0220 AM
[ReportManager] API Action [PerformRequest] successfully performed. With the following test data [Request Type: "GET" | Target Status Code: "200" | Service URL: "https://jsonplaceholder.typicode.com/posts" | Content Type: "*/*" | Response Time: "700ms"]. @02-01-2022 06:37:53.0333 AM
[ReportManager] Successfully created attachment [API Request - Specifications] @02-01-2022 06:37:53.0334 AM
[ReportManager] Successfully created attachment [API Response - JSON Body] @02-01-2022 06:37:53.0787 AM
[ReportManager] API Action [GetResponseJSONValueAsList] successfully performed. @02-01-2022 06:37:53.0836 AM
[ReportManager] API Action [GetResponseJSONValue] successfully performed. With the following test data [title]. @02-01-2022 06:37:53.0872 AM
[ReportManager] API Action [GetResponseJSONValue] successfully performed. With the following test data [title]. @02-01-2022 06:37:53.0907 AM
[ReportManager] API Action [GetResponseJSONValue] successfully performed. With the following test data [body]. @02-01-2022 06:37:53.0937 AM
[ReportManager] Assertion [ValidateEquals] PASSED. Expected [qui neque nisi nulla] and Actual [est rerum tempore vitae
sequi sint nihil reprehenderit dolor beatae ea dolores neque
fugiat blanditiis voluptate porro vel nihil molestiae ut reiciendis
qui aperiam non debitis possimus qui neque nisi nulla]. Comparison Type [CONTAINS]. Validation Type [POSITIVE]. @02-01-2022 06:37:53.0938 AM
[ReportManager] API Action [GetResponseJSONValue] successfully performed. With the following test data [title]. @02-01-2022 06:37:53.0964 AM
[ReportManager] API Action [GetResponseJSONValue] successfully performed. With the following test data [title]. @02-01-2022 06:37:53.0984 AM
[ReportManager] API Action [GetResponseJSONValue] successfully performed. With the following test data [title]. @02-01-2022 06:37:54.0003 AM
[ReportManager] API Action [GetResponseJSONValue] successfully performed. With the following test data [title]. @02-01-2022 06:37:54.0020 AM
[ReportManager] API Action [GetResponseJSONValue] successfully performed. With the following test data [title]. @02-01-2022 06:37:54.0040 AM
[ReportManager] API Action [GetResponseJSONValue] successfully performed. With the following test data [title]. @02-01-2022 06:37:54.0069 AM
[ReportManager] API Action [GetResponseJSONValue] successfully performed. With the following test data [title]. @02-01-2022 06:37:54.0083 AM
[ReportManager] API Action [GetResponseJSONValue] successfully performed. With the following test data [title]. @02-01-2022 06:37:54.0098 AM
[ReportManager] API Action [GetResponseJSONValue] successfully performed. With the following test data [title]. @02-01-2022 06:37:54.0113 AM
[ReportManager] API Action [GetResponseJSONValue] successfully performed. With the following test data [title]. @02-01-2022 06:37:54.0127 AM
[ReportManager] API Action [GetResponseJSONValue] successfully performed. With the following test data [title]. @02-01-2022 06:37:54.0141 AM
[ReportManager] API Action [GetResponseJSONValue] successfully performed. With the following test data [title]. @02-01-2022 06:37:54.0157 AM
[ReportManager] API Action [GetResponseJSONValue] successfully performed. With the following test data [title]. @02-01-2022 06:37:54.0171 AM
[ReportManager] API Action [GetResponseJSONValue] successfully performed. With the following test data [title]. @02-01-2022 06:37:54.0184 AM
[ReportManager] API Action [GetResponseJSONValue] successfully performed. With the following test data [title]. @02-01-2022 06:37:54.0198 AM
[ReportManager] API Action [GetResponseJSONValue] successfully performed. With the following test data [title]. @02-01-2022 06:37:54.0221 AM
[ReportManager] API Action [GetResponseJSONValue] successfully performed. With the following test data [title]. @02-01-2022 06:37:54.0237 AM
[ReportManager] API Action [GetResponseJSONValue] successfully performed. With the following test data [title]. @02-01-2022 06:37:54.0252 AM
[ReportManager] API Action [GetResponseJSONValue] successfully performed. With the following test data [title]. @02-01-2022 06:37:54.0269 AM
[ReportManager] API Action [GetResponseJSONValue] successfully performed. With the following test data [title]. @02-01-2022 06:37:54.0285 AM
[ReportManager] API Action [GetResponseJSONValue] successfully performed. With the following test data [title]. @02-01-2022 06:37:54.0300 AM
[ReportManager] API Action [GetResponseJSONValue] successfully performed. With the following test data [title]. @02-01-2022 06:37:54.0315 AM
[ReportManager] API Action [GetResponseJSONValue] successfully performed. With the following test data [title]. @02-01-2022 06:37:54.0329 AM
[ReportManager] API Action [GetResponseJSONValue] successfully performed. With the following test data [title]. @02-01-2022 06:37:54.0343 AM
[ReportManager] API Action [GetResponseJSONValue] successfully performed. With the following test data [title]. @02-01-2022 06:37:54.0357 AM
[ReportManager] API Action [GetResponseJSONValue] successfully performed. With the following test data [title]. @02-01-2022 06:37:54.0370 AM
[ReportManager] API Action [GetResponseJSONValue] successfully performed. With the following test data [title]. @02-01-2022 06:37:54.0390 AM
[ReportManager] API Action [GetResponseJSONValue] successfully performed. With the following test data [title]. @02-01-2022 06:37:54.0405 AM
[ReportManager] API Action [GetResponseJSONValue] successfully performed. With the following test data [title]. @02-01-2022 06:37:54.0430 AM
[ReportManager] API Action [GetResponseJSONValue] successfully performed. With the following test data [title]. @02-01-2022 06:37:54.0450 AM
[ReportManager] API Action [GetResponseJSONValue] successfully performed. With the following test data [title]. @02-01-2022 06:37:54.0468 AM
[ReportManager] API Action [GetResponseJSONValue] successfully performed. With the following test data [title]. @02-01-2022 06:37:54.0482 AM
[ReportManager] API Action [GetResponseJSONValue] successfully performed. With the following test data [title]. @02-01-2022 06:37:54.0518 AM
[ReportManager] API Action [GetResponseJSONValue] successfully performed. With the following test data [title]. @02-01-2022 06:37:54.0531 AM
[ReportManager] API Action [GetResponseJSONValue] successfully performed. With the following test data [title]. @02-01-2022 06:37:54.0544 AM
[ReportManager] API Action [GetResponseJSONValue] successfully performed. With the following test data [title]. @02-01-2022 06:37:54.0557 AM
[ReportManager] API Action [GetResponseJSONValue] successfully performed. With the following test data [title]. @02-01-2022 06:37:54.0568 AM
[ReportManager] API Action [GetResponseJSONValue] successfully performed. With the following test data [title]. @02-01-2022 06:37:54.0579 AM
[ReportManager] API Action [GetResponseJSONValue] successfully performed. With the following test data [title]. @02-01-2022 06:37:54.0591 AM
[ReportManager] API Action [GetResponseJSONValue] successfully performed. With the following test data [title]. @02-01-2022 06:37:54.0603 AM
[ReportManager] API Action [GetResponseJSONValue] successfully performed. With the following test data [title]. @02-01-2022 06:37:54.0616 AM
[ReportManager] API Action [GetResponseJSONValue] successfully performed. With the following test data [title]. @02-01-2022 06:37:54.0628 AM
[ReportManager] API Action [GetResponseJSONValue] successfully performed. With the following test data [title]. @02-01-2022 06:37:54.0640 AM
[ReportManager] API Action [GetResponseJSONValue] successfully performed. With the following test data [title]. @02-01-2022 06:37:54.0655 AM
[ReportManager] API Action [GetResponseJSONValue] successfully performed. With the following test data [title]. @02-01-2022 06:37:54.0667 AM
[ReportManager] API Action [GetResponseJSONValue] successfully performed. With the following test data [title]. @02-01-2022 06:37:54.0679 AM
[ReportManager] API Action [GetResponseJSONValue] successfully performed. With the following test data [title]. @02-01-2022 06:37:54.0691 AM
[ReportManager] API Action [GetResponseJSONValue] successfully performed. With the following test data [title]. @02-01-2022 06:37:54.0704 AM
[ReportManager] API Action [GetResponseJSONValue] successfully performed. With the following test data [title]. @02-01-2022 06:37:54.0717 AM
[ReportManager] API Action [GetResponseJSONValue] successfully performed. With the following test data [title]. @02-01-2022 06:37:54.0729 AM
[ReportManager] API Action [GetResponseJSONValue] successfully performed. With the following test data [title]. @02-01-2022 06:37:54.0744 AM
[ReportManager] API Action [GetResponseJSONValue] successfully performed. With the following test data [title]. @02-01-2022 06:37:54.0758 AM
[ReportManager] API Action [GetResponseJSONValue] successfully performed. With the following test data [title]. @02-01-2022 06:37:54.0771 AM
[ReportManager] API Action [GetResponseJSONValue] successfully performed. With the following test data [title]. @02-01-2022 06:37:54.0784 AM
[ReportManager] API Action [GetResponseJSONValue] successfully performed. With the following test data [title]. @02-01-2022 06:37:54.0796 AM
[ReportManager] API Action [GetResponseJSONValue] successfully performed. With the following test data [title]. @02-01-2022 06:37:54.0809 AM
[ReportManager] API Action [GetResponseJSONValue] successfully performed. With the following test data [title]. @02-01-2022 06:37:54.0822 AM
[ReportManager] API Action [GetResponseJSONValue] successfully performed. With the following test data [title]. @02-01-2022 06:37:54.0836 AM
[ReportManager] API Action [GetResponseJSONValue] successfully performed. With the following test data [title]. @02-01-2022 06:37:54.0850 AM
[ReportManager] API Action [GetResponseJSONValue] successfully performed. With the following test data [title]. @02-01-2022 06:37:54.0881 AM
[ReportManager] API Action [GetResponseJSONValue] successfully performed. With the following test data [title]. @02-01-2022 06:37:54.0893 AM
[ReportManager] API Action [GetResponseJSONValue] successfully performed. With the following test data [title]. @02-01-2022 06:37:54.0905 AM
[ReportManager] API Action [GetResponseJSONValue] successfully performed. With the following test data [title]. @02-01-2022 06:37:54.0917 AM
[ReportManager] API Action [GetResponseJSONValue] successfully performed. With the following test data [title]. @02-01-2022 06:37:54.0929 AM
[ReportManager] API Action [GetResponseJSONValue] successfully performed. With the following test data [title]. @02-01-2022 06:37:54.0941 AM
[ReportManager] API Action [GetResponseJSONValue] successfully performed. With the following test data [title]. @02-01-2022 06:37:54.0952 AM
[ReportManager] API Action [GetResponseJSONValue] successfully performed. With the following test data [title]. @02-01-2022 06:37:54.0964 AM
[ReportManager] API Action [GetResponseJSONValue] successfully performed. With the following test data [title]. @02-01-2022 06:37:54.0976 AM
[ReportManager] API Action [GetResponseJSONValue] successfully performed. With the following test data [title]. @02-01-2022 06:37:54.0987 AM
[ReportManager] API Action [GetResponseJSONValue] successfully performed. With the following test data [title]. @02-01-2022 06:37:54.0998 AM
[ReportManager] API Action [GetResponseJSONValue] successfully performed. With the following test data [title]. @02-01-2022 06:37:55.0009 AM
[ReportManager] API Action [GetResponseJSONValue] successfully performed. With the following test data [title]. @02-01-2022 06:37:55.0022 AM
[ReportManager] API Action [GetResponseJSONValue] successfully performed. With the following test data [title]. @02-01-2022 06:37:55.0034 AM
[ReportManager] API Action [GetResponseJSONValue] successfully performed. With the following test data [title]. @02-01-2022 06:37:55.0047 AM
[ReportManager] API Action [GetResponseJSONValue] successfully performed. With the following test data [title]. @02-01-2022 06:37:55.0060 AM
[ReportManager] API Action [GetResponseJSONValue] successfully performed. With the following test data [title]. @02-01-2022 06:37:55.0071 AM
[ReportManager] API Action [GetResponseJSONValue] successfully performed. With the following test data [title]. @02-01-2022 06:37:55.0084 AM
[ReportManager] API Action [GetResponseJSONValue] successfully performed. With the following test data [title]. @02-01-2022 06:37:55.0097 AM
[ReportManager] API Action [GetResponseJSONValue] successfully performed. With the following test data [title]. @02-01-2022 06:37:55.0110 AM
[ReportManager] API Action [GetResponseJSONValue] successfully performed. With the following test data [title]. @02-01-2022 06:37:55.0125 AM
[ReportManager] API Action [GetResponseJSONValue] successfully performed. With the following test data [title]. @02-01-2022 06:37:55.0137 AM
[ReportManager] API Action [GetResponseJSONValue] successfully performed. With the following test data [title]. @02-01-2022 06:37:55.0150 AM
[ReportManager] API Action [GetResponseJSONValue] successfully performed. With the following test data [title]. @02-01-2022 06:37:55.0162 AM
[ReportManager] API Action [GetResponseJSONValue] successfully performed. With the following test data [title]. @02-01-2022 06:37:55.0175 AM
[ReportManager] API Action [GetResponseJSONValue] successfully performed. With the following test data [title]. @02-01-2022 06:37:55.0187 AM
[ReportManager] API Action [GetResponseJSONValue] successfully performed. With the following test data [title]. @02-01-2022 06:37:55.0200 AM
[ReportManager] API Action [GetResponseJSONValue] successfully performed. With the following test data [title]. @02-01-2022 06:37:55.0211 AM
[ReportManager] API Action [GetResponseJSONValue] successfully performed. With the following test data [title]. @02-01-2022 06:37:55.0222 AM
[ReportManager] API Action [GetResponseJSONValue] successfully performed. With the following test data [title]. @02-01-2022 06:37:55.0233 AM
[ReportManager] API Action [GetResponseJSONValue] successfully performed. With the following test data [title]. @02-01-2022 06:37:55.0243 AM
[ReportManager] API Action [GetResponseJSONValue] successfully performed. With the following test data [title]. @02-01-2022 06:37:55.0255 AM
[ReportManager] API Action [GetResponseJSONValue] successfully performed. With the following test data [title]. @02-01-2022 06:37:55.0266 AM
[ReportManager] API Action [GetResponseJSONValue] successfully performed. With the following test data [title]. @02-01-2022 06:37:55.0297 AM
[ReportManager] API Action [GetResponseJSONValue] successfully performed. With the following test data [title]. @02-01-2022 06:37:55.0308 AM
[ReportManager] API Action [GetResponseJSONValue] successfully performed. With the following test data [title]. @02-01-2022 06:37:55.0320 AM
[ReportManager] API Action [GetResponseJSONValue] successfully performed. With the following test data [title]. @02-01-2022 06:37:55.0331 AM
[ReportManager] API Action [GetResponseJSONValue] successfully performed. With the following test data [title]. @02-01-2022 06:37:55.0342 AM
[ReportManager] API Action [GetResponseJSONValue] successfully performed. With the following test data [title]. @02-01-2022 06:37:55.0354 A

################################################################################################################################################
Starting Execution:	[68 out of 146] test cases in the current suite
Test Method:		[unitTests.tests_restActions.validateUserEmail]
################################################################################################################################################
[ReportManager] Response status code: [200], status line: [HTTP/1.1 200 OK] @02-01-2022 06:37:55.0422 AM
[ReportManager] Assertion Passed: Evaluating the actual response status code against the expected one... @02-01-2022 06:37:55.0423 AM
[ReportManager] Assertion [ValidateComparativeRelation] PASSED. Expected [200] and Actual [200]. Comparison Type [EQUALS]. Validation Type [POSITIVE]. @02-01-2022 06:37:55.0423 AM
[ReportManager] API Action [PerformRequest] successfully performed. With the following test data [Request Type: "GET" | Target Status Code: "200" | Service URL: "https://jsonplaceholder.typicode.com/users" | Content Type: "*/*" | Response Time: "58ms"]. @02-01-2022 06:37:55.0444 AM
[ReportManager] Successfully created attachment [API Request - Specifications] @02-01-2022 06:37:55.0445 AM
[ReportManager] Successfully created attachment [API Response - JSON Body] @02-01-2022 06:37:55.0446 AM
[ReportManager] Assertion [ValidateEquals] PASSED. Expected and Actual values are attached. Comparison Type [CONTAINS]. Validation Type [POSITIVE]. @02-01-2022 06:37:55.0446 AM
[ReportManager] Successfully created attachment [Validation Test Data - Expected Value] @02-01-2022 06:37:55.0446 AM
[ReportManager] Successfully created attachment [Validation Test Data - Actual Value] @02-01-2022 06:37:55.0447 AM
[ReportManager] API Action [GetResponseJSONValueAsList] successfully performed. With the following test data [$]. @02-01-2022 06:37:55.0454 AM
[ReportManager] API Action [GetResponseJSONValue] successfully performed. With the following test data [name]. @02-01-2022 06:37:55.0467 AM
[ReportManager] API Action [GetResponseJSONValue] successfully performed. With the following test data [email]. @02-01-2022 06:37:55.0479 AM
[ReportManager] Assertion [ValidateEquals] PASSED. Expected [Sincere@april.biz] and Actual [Sincere@april.biz]. Comparison Type [EQUALS]. Validation Type [POSITIVE]. @02-01-2022 06:37:55.0479 AM
[ReportManager] API Action [GetResponseJSONValue] successfully performed. With the following test data [name]. @02-01-2022 06:37:55.0490 AM
[ReportManager] API Action [GetResponseJSONValue] successfully performed. With the following test data [name]. @02-01-2022 06:37:55.0501 AM
[ReportManager] API Action [GetResponseJSONValue] successfully performed. With the following test data [name]. @02-01-2022 06:37:55.0512 AM
[ReportManager] API Action [GetResponseJSONValue] successfully performed. With the following test data [name]. @02-01-2022 06:37:55.0522 AM
[ReportManager] API Action [GetResponseJSONValue] successfully performed. With the following test data [name]. @02-01-2022 06:37:55.0533 AM
[ReportManager] API Action [GetResponseJSONValue] successfully performed. With the following test data [name]. @02-01-2022 06:37:55.0544 AM
[ReportManager] API Action [GetResponseJSONValue] successfully performed. With the following test data [name]. @02-01-2022 06:37:55.0555 AM
[ReportManager] API Action [GetResponseJSONValue] successfully performed. With the following test data [name]. @02-01-2022 06:37:55.0568 AM
[ReportManager] API Action [GetResponseJSONValue] successfully performed. With the following test data [name]. @02-01-2022 06:37:55.0579 A
[ReportManager] File Action [GetAbsolutePath] successfully performed. With the following test data [Relative Folder Path: "target/downloadedFiles/"]. @02-01-2022 06:37:55.0582 AM
[ReportManager] Attempting to run locally on: [Mac-64], [Safari], Headless Execution. @02-01-2022 06:37:55.0582 AM
[ReportManager] Successfully Opened Safari. @02-01-2022 06:37:56.0421 AM
[ReportManager] Initial window size: (800, 600) @02-01-2022 06:37:56.0453 AM
[ReportManager] Window size after SWD Maximize: (1176, 803) @02-01-2022 06:37:56.0482 AM
[ReportManager] Browser Action [MaximizeWindow] successfully performed. With the following test data [New screen size is now: (1176, 803)]. @02-01-2022 06:37:56.0483 A

################################################################################################################################################
Starting Execution:	[69 out of 146] test cases in the current suite
Test Method:		[testPackage01.Test_uploadFile.uploadFile_invisibleUploadInput]
################################################################################################################################################
[ReportManager] Target URL: [https://fineuploader.com/demos.html#gallery-view] @02-01-2022 06:37:56.0503 AM
[ReportManager] Initial URL: [] @02-01-2022 06:37:56.0625 AM
[ReportManager] Browser Action [NavigateToURL] successfully performed. With the following test data [https://fineuploader.com/demos.html#gallery-view]. @02-01-2022 06:37:58.0429 AM
[ReportManager] File Action [GetAbsolutePath] successfully performed. With the following test data [Relative File Path: "src/main/resources/images/shaft.png"]. @02-01-2022 06:37:58.0429 AM
[ReportManager] Successfully created attachment [File Action Actual Result - Command Log] @02-01-2022 06:38:00.0223 AM
[ReportManager] Element Action [TypeFileLocationForUpload] successfully performed. With the following test data [/Users/runner/work/SHAFT_ENGINE/SHAFT_ENGINE/src/main/resources/images/shaft.png]. @02-01-2022 06:38:00.0286 AM
[ReportManager] Attempting to getAttribute [src] from elementLocator [By.xpath: //div[@id='fine-uploader-gallery']//div[@class='qq-thumbnail-wrapper']/img]. @02-01-2022 06:38:00.0289 AM
[ReportManager] Element Action [GetAttribute] successfully performed. @02-01-2022 06:38:00.0377 AM
[ReportManager] Successfully created attachment [Element Action Test Data - GetAttribute - Actual Value] @02-01-2022 06:38:00.0379 AM
[ReportManager] Loaded Shared OpenCV @02-01-2022 06:38:00.0506 AM
[ReportManager] Assertion Passed: Then I Assert that the element found by [By.xpath: //div[@id='fine-uploader-gallery']//div[@class='qq-thumbnail-wrapper']/img] attribute [src] contains [data:image/png;base64]. @02-01-2022 06:38:00.0638 AM
[ReportManager] Successfully created attachment [Validation Test Data - Expected Value] @02-01-2022 06:38:00.0639 AM
[ReportManager] Successfully created attachment [Validation Test Data - Actual Value] @02-01-2022 06:38:00.0640 AM
[ReportManager] Successfully created attachment [Screenshot - 1641105480506_uploadFile_invisibleUploadInput_ValidateElementAttribute_passed] @02-01-2022 06:38:00.0641 AM
[ReportManager] Assertion [ValidateElementAttribute] PASSED. Expected and Actual values are attached. Comparison Type [CONTAINS]. Validation Type [POSITIVE]. @02-01-2022 06:38:00.0641 A
[ReportManager] Browser Action [CloseCurrentWindow] successfully performed. @02-01-2022 06:38:00.0979 AM
[ReportManager] Successfully created attachment [Browser Action Test Data - CloseCurrentWindow - Actual Value] @02-01-2022 06:38:00.0980 A
[ReportManager] File Action [GetAbsolutePath] successfully performed. With the following test data [Relative Folder Path: "target/downloadedFiles/"]. @02-01-2022 06:38:00.0985 AM
[ReportManager] Attempting to run locally on: [Mac-64], [Safari], Headless Execution. @02-01-2022 06:38:00.0986 AM
[ReportManager] Successfully Opened Safari. @02-01-2022 06:38:01.0917 AM
[ReportManager] Initial window size: (800, 600) @02-01-2022 06:38:01.0948 AM
[ReportManager] Window size after SWD Maximize: (1176, 803) @02-01-2022 06:38:01.0987 AM
[ReportManager] Browser Action [MaximizeWindow] successfully performed. With the following test data [New screen size is now: (1176, 803)]. @02-01-2022 06:38:01.0988 A

################################################################################################################################################
Starting Execution:	[70 out of 146] test cases in the current suite
Test Method:		[testPackage01.Test_uploadFile.uploadFile_visibleUploadInput]
################################################################################################################################################
[ReportManager] Target URL: [http://demo.guru99.com/test/upload/] @02-01-2022 06:38:02.0006 AM
[ReportManager] Initial URL: [] @02-01-2022 06:38:02.0077 AM
[ReportManager] Browser Action [NavigateToURL] successfully performed. With the following test data [http://demo.guru99.com/test/upload/]. @02-01-2022 06:38:04.0357 AM
[ReportManager] File Action [GetAbsolutePath] successfully performed. With the following test data [Relative Folder Path: "src/main/resources/images/shaft.png"]. @02-01-2022 06:38:04.0358 AM
[ReportManager] Element Action [TypeFileLocationForUpload] successfully performed. With the following test data [/Users/runner/work/SHAFT_ENGINE/SHAFT_ENGINE/src/main/resources/images/shaft.png]. @02-01-2022 06:38:04.0478 AM
[ReportManager] Element Action [Click] successfully performed. With the following test data [By.id: terms]. @02-01-2022 06:38:05.0040 AM
[ReportManager] Element Action [Click] successfully performed. With the following test data [By.id: submitbutton]. @02-01-2022 06:38:05.0265 AM
[ReportManager] Element Action [GetText] successfully performed. With the following test data [1 file has been successfully uploaded.]. @02-01-2022 06:38:05.0874 AM
[ReportManager] Loaded Shared OpenCV @02-01-2022 06:38:05.0984 AM
[ReportManager] Assertion Passed: Then I Assert that the element found by [By.id: res] attribute [Text] contains [1 file]. @02-01-2022 06:38:06.0144 AM
[ReportManager] Successfully created attachment [Screenshot - 1641105485984_uploadFile_visibleUploadInput_ValidateElementAttribute_passed] @02-01-2022 06:38:06.0147 AM
[ReportManager] Assertion [ValidateElementAttribute] PASSED. Expected [Value Should be '1 file' for the 'Text' attribute, element locator 'By.id: res'] and Actual [1 file has been successfully uploaded.]. Comparison Type [CONTAINS]. Validation Type [POSITIVE]. @02-01-2022 06:38:06.0147 A
[ReportManager] Browser Action [CloseCurrentWindow] successfully performed. @02-01-2022 06:38:07.0453 AM
[ReportManager] Successfully created attachment [Browser Action Test Data - CloseCurrentWindow - Actual Value] @02-01-2022 06:38:07.0454 A

################################################################################################################################################
Starting Execution:	[71 out of 146] test cases in the current suite
Test Method:		[testPackage01.Test_AssertApiResponseEquals.assertApiResponseEquals_expectedToPass]
################################################################################################################################################
[ReportManager] Response status code: [200], status line: [HTTP/1.1 200 OK] @02-01-2022 06:38:07.0536 AM
[ReportManager] Assertion Passed: Evaluating the actual response status code against the expected one... @02-01-2022 06:38:07.0537 AM
[ReportManager] Assertion [ValidateComparativeRelation] PASSED. Expected [200] and Actual [200]. Comparison Type [EQUALS]. Validation Type [POSITIVE]. @02-01-2022 06:38:07.0537 AM
[ReportManager] API Action [PerformRequest] successfully performed. With the following test data [Request Type: "GET" | Target Status Code: "200" | Service URL: "https://jsonplaceholder.typicode.com/users" | Content Type: "*/*" | Response Time: "73ms"]. @02-01-2022 06:38:07.0559 AM
[ReportManager] Successfully created attachment [API Request - Specifications] @02-01-2022 06:38:07.0560 AM
[ReportManager] Successfully created attachment [API Response - JSON Body] @02-01-2022 06:38:07.0560 AM
[ReportManager] API Action [GetResponseJSONValueAsList] successfully performed. With the following test data [$]. @02-01-2022 06:38:07.0565 AM
[ReportManager] API Action [GetResponseJSONValue] successfully performed. With the following test data [name]. @02-01-2022 06:38:07.0577 AM
[ReportManager] API Action [GetResponseJSONValue] successfully performed. With the following test data [email]. @02-01-2022 06:38:07.0592 AM
[ReportManager] Verification [ValidateEquals] PASSED. Expected [Sincere@april.biz] and Actual [Sincere@april.biz]. Comparison Type [EQUALS]. Validation Type [POSITIVE]. @02-01-2022 06:38:07.0592 AM
[ReportManager] API Action [GetResponseJSONValue] successfully performed. With the following test data [username]. @02-01-2022 06:38:07.0606 AM
[ReportManager] Assertion [ValidateEquals] PASSED. Expected [Bret] and Actual [Bret]. Comparison Type [EQUALS]. Validation Type [POSITIVE]. @02-01-2022 06:38:07.0606 AM
[ReportManager] API Action [GetResponseJSONValue] successfully performed. With the following test data [name]. @02-01-2022 06:38:07.0618 AM
[ReportManager] API Action [GetResponseJSONValue] successfully performed. With the following test data [name]. @02-01-2022 06:38:07.0633 AM
[ReportManager] API Action [GetResponseJSONValue] successfully performed. With the following test data [name]. @02-01-2022 06:38:07.0643 AM
[ReportManager] API Action [GetResponseJSONValue] successfully performed. With the following test data [name]. @02-01-2022 06:38:07.0653 AM
[ReportManager] API Action [GetResponseJSONValue] successfully performed. With the following test data [name]. @02-01-2022 06:38:07.0664 AM
[ReportManager] API Action [GetResponseJSONValue] successfully performed. With the following test data [name]. @02-01-2022 06:38:07.0675 AM
[ReportManager] API Action [GetResponseJSONValue] successfully performed. With the following test data [name]. @02-01-2022 06:38:07.0686 AM
[ReportManager] API Action [GetResponseJSONValue] successfully performed. With the following test data [name]. @02-01-2022 06:38:07.0696 AM
[ReportManager] API Action [GetResponseJSONValue] successfully performed. With the following test data [name]. @02-01-2022 06:38:07.0709 A

################################################################################################################################################
Starting Execution:	[72 out of 146] test cases in the current suite
Test Method:		[testPackage01.Test_testData.f]
################################################################################################################################################
[ReportManager] Successfully loaded the following test data file [src/test/resources/testDataFiles/testSuite01/TestData.xlsx]. @02-01-2022 06:38:07.0749 AM
[ReportManager] Successfully created attachment [Test Data - Excel] @02-01-2022 06:38:07.0749 AM
[ReportManager] Last Column Number is: [3]. Zero-based. @02-01-2022 06:38:07.0750 A

################################################################################################################################################
Starting Execution:	[73 out of 146] test cases in the current suite
Test Method:		[testPackage01.Test_PDF.testPDF1]
################################################################################################################################################
[ReportManager] File Action [DoesFileExist] successfully performed. With the following test data [File Path: "src/test/resources/testDataFiles/sample.pdf"]. @02-01-2022 06:38:07.0757 AM
[ReportManager] File Action [GetAbsolutePath] successfully performed. With the following test data [Relative Folder Path: "src/test/resources/testDataFiles/sample.pdf"]. @02-01-2022 06:38:07.0758 AM
[ReportManager] Assertion Passed: Checking to see that the pdf file contains [A Simple PDF File] @02-01-2022 06:38:12.0399 AM
[ReportManager] Successfully created attachment [Validation Test Data - Expected Value] @02-01-2022 06:38:12.0400 AM
[ReportManager] Successfully created attachment [Validation Test Data - Actual Value] @02-01-2022 06:38:12.0400 AM
[ReportManager] Assertion [ValidateEquals] PASSED. Expected and Actual values are attached. Comparison Type [CONTAINS]. Validation Type [POSITIVE]. @02-01-2022 06:38:12.0400 A

################################################################################################################################################
Starting Execution:	[74 out of 146] test cases in the current suite
Test Method:		[testPackage01.Test_PDF.testPDF2]
################################################################################################################################################
[ReportManager] File Action [DoesFileExist] successfully performed. With the following test data [File Path: "src/test/resources/testDataFiles/sample.pdf"]. @02-01-2022 06:38:12.0406 AM
[ReportManager] File Action [GetAbsolutePath] successfully performed. With the following test data [Relative Folder Path: "src/test/resources/testDataFiles/sample.pdf"]. @02-01-2022 06:38:12.0406 AM
[ReportManager] Assertion Passed: Checking to see that the pdf file contains [A Simple PDF File] @02-01-2022 06:38:12.0422 AM
[ReportManager] Successfully created attachment [Validation Test Data - Expected Value] @02-01-2022 06:38:12.0423 AM
[ReportManager] Successfully created attachment [Validation Test Data - Actual Value] @02-01-2022 06:38:12.0423 AM
[ReportManager] Assertion [ValidateEquals] PASSED. Expected and Actual values are attached. Comparison Type [CONTAINS]. Validation Type [POSITIVE]. @02-01-2022 06:38:12.0423 A
[ReportManager] File Action [GetAbsolutePath] successfully performed. With the following test data [Relative Folder Path: "target/downloadedFiles/"]. @02-01-2022 06:38:12.0427 AM
[ReportManager] Attempting to run locally on: [Mac-64], [Safari], Headless Execution. @02-01-2022 06:38:12.0427 AM
[ReportManager] Successfully Opened Safari. @02-01-2022 06:38:13.0380 AM
[ReportManager] Initial window size: (800, 600) @02-01-2022 06:38:13.0409 AM
[ReportManager] Window size after SWD Maximize: (1176, 803) @02-01-2022 06:38:13.0448 AM
[ReportManager] Browser Action [MaximizeWindow] successfully performed. With the following test data [New screen size is now: (1176, 803)]. @02-01-2022 06:38:13.0449 A

################################################################################################################################################
Starting Execution:	[75 out of 146] test cases in the current suite
Test Method:		[testPackage01.Test_ShadowDOM.shadowdom]
################################################################################################################################################
[ReportManager] Target URL: [https://mdn.github.io/web-components-examples/popup-info-box-web-component/] @02-01-2022 06:38:13.0452 AM
[ReportManager] Initial URL: [] @02-01-2022 06:38:13.0499 AM
[ReportManager] Browser Action [NavigateToURL] successfully performed. With the following test data [https://mdn.github.io/web-components-examples/popup-info-box-web-component/]. @02-01-2022 06:38:14.0153 AM
[ReportManager] Element Action [Type] successfully performed. With the following test data [Typing into SHADOW DOM...]. @02-01-2022 06:38:14.0986 AM
[ReportManager] Element Action [GetText] successfully performed. With the following test data [Typing into SHADOW DOM...]. @02-01-2022 06:38:15.0101 AM
[ReportManager] Loaded Shared OpenCV @02-01-2022 06:38:15.0160 AM
[ReportManager] Assertion [ValidateElementAttribute] PASSED. Expected [Value Should be 'Typing into SHADOW DOM...' for the 'Text' attribute, element locator 'By.id: cvc'] and Actual [Typing into SHADOW DOM...]. Comparison Type [EQUALS]. Validation Type [POSITIVE]. @02-01-2022 06:38:15.0368 AM
[ReportManager] Successfully created attachment [Screenshot - 1641105495160_shadowdom_ValidateElementAttribute_passed] @02-01-2022 06:38:15.0370 A
[ReportManager] Browser Action [CloseCurrentWindow] successfully performed. @02-01-2022 06:38:15.0758 AM
[ReportManager] Successfully created attachment [Browser Action Test Data - CloseCurrentWindow - Actual Value] @02-01-2022 06:38:15.0759 A
[ReportManager] File Action [GetAbsolutePath] successfully performed. With the following test data [Relative Folder Path: "target/downloadedFiles/"]. @02-01-2022 06:38:15.0761 AM
[ReportManager] Attempting to run locally on: [Mac-64], [Safari], Headless Execution. @02-01-2022 06:38:15.0762 AM
[ReportManager] Successfully Opened Safari. @02-01-2022 06:38:16.0639 AM
[ReportManager] Initial window size: (800, 600) @02-01-2022 06:38:16.0653 AM
[ReportManager] Window size after SWD Maximize: (1176, 803) @02-01-2022 06:38:16.0682 AM
[ReportManager] Browser Action [MaximizeWindow] successfully performed. With the following test data [New screen size is now: (1176, 803)]. @02-01-2022 06:38:16.0682 A

################################################################################################################################################
Starting Execution:	[76 out of 146] test cases in the current suite
Test Method:		[testPackage01.Test_clipboardActions.typeTextAndCopyPaste]
################################################################################################################################################
[ReportManager] Target URL: [https://www.google.com/ncr], and after redirection: [https://www.google.com] @02-01-2022 06:38:16.0685 AM
[ReportManager] Initial URL: [] @02-01-2022 06:38:16.0743 AM
[ReportManager] Browser Action [NavigateToURL] successfully performed. With the following test data [https://www.google.com/ncr]. @02-01-2022 06:38:18.0888 AM
[ReportManager] Element Action [Type] successfully performed. With the following test data [FIRST]. @02-01-2022 06:38:19.0099 A
[ReportManager] Browser Action [CloseCurrentWindow] successfully performed. @02-01-2022 06:38:19.0395 AM
[ReportManager] Successfully created attachment [Browser Action Test Data - CloseCurrentWindow - Actual Value] @02-01-2022 06:38:19.0396 A

################################################################################################################################################
Starting Execution:	[77 out of 146] test cases in the current suite
Test Method:		[testPackage01.Test_NewValidationHelper.f1]
################################################################################################################################################
[ReportManager] Assertion Passed: Checking valid user data @02-01-2022 06:38:19.0400 AM
[ReportManager] Successfully created attachment [Validation Test Data - Expected Value] @02-01-2022 06:38:19.0401 AM
[ReportManager] Successfully created attachment [Validation Test Data - Actual Value] @02-01-2022 06:38:19.0401 AM
[ReportManager] Assertion [ValidateEquals] PASSED. Expected and Actual values are attached. Comparison Type [EQUALS]. Validation Type [POSITIVE]. @02-01-2022 06:38:19.0401 A
[ReportManager] File Action [GetAbsolutePath] successfully performed. With the following test data [Relative Folder Path: "target/downloadedFiles/"]. @02-01-2022 06:38:19.0404 AM
[ReportManager] Attempting to run locally on: [Mac-64], [Safari], Headless Execution. @02-01-2022 06:38:19.0404 AM
[ReportManager] Successfully Opened Safari. @02-01-2022 06:38:20.0434 AM
[ReportManager] Initial window size: (800, 600) @02-01-2022 06:38:20.0442 AM
[ReportManager] Window size after SWD Maximize: (1176, 803) @02-01-2022 06:38:20.0513 AM
[ReportManager] Browser Action [MaximizeWindow] successfully performed. With the following test data [New screen size is now: (1176, 803)]. @02-01-2022 06:38:20.0513 AM
[ReportManager] Target URL: [https://the-internet.herokuapp.com/] @02-01-2022 06:38:20.0514 AM
[ReportManager] Initial URL: [] @02-01-2022 06:38:20.0694 AM
[ReportManager] Browser Action [NavigateToURL] successfully performed. With the following test data [https://the-internet.herokuapp.com/]. @02-01-2022 06:38:21.0845 A

################################################################################################################################################
Starting Execution:	[78 out of 146] test cases in the current suite
Test Method:		[testPackage01.Test_NewValidationHelper.f10]
################################################################################################################################################
[ReportManager] Loaded Shared OpenCV @02-01-2022 06:38:21.0970 AM
[ReportManager] Assertion [ValidateElementExists] FAILED. Expected [Element Should Exist, locator 'By.tagName: div'] and Actual [Element Exists but is not unique]. Comparison Type [EQUALS]. Validation Type [POSITIVE]. @02-01-2022 06:38:22.0086 AM
[ReportManager] Successfully created attachment [Screenshot - 1641105501969_f10_ValidateElementExists_failed] @02-01-2022 06:38:22.0088 A
[ReportManager] Successfully Closed All Drivers. @02-01-2022 06:38:22.0383 A
[ReportManager] File Action [GetAbsolutePath] successfully performed. With the following test data [Relative Folder Path: "target/downloadedFiles/"]. @02-01-2022 06:38:22.0385 AM
[ReportManager] Attempting to run locally on: [Mac-64], [Safari], Headless Execution. @02-01-2022 06:38:22.0386 AM
[ReportManager] An Exception Occured with this Message: Could not start a new session. Possible causes are invalid address of the remote server or browser start-up failure.. @02-01-2022 06:38:22.0612 AM
[ReportManager] Successfully created attachment [Exception Stack Trace - org.openqa.selenium.SessionNotCreatedException] @02-01-2022 06:38:22.0612 AM
[ReportManager] Driver Factory Action [createNewLocalDriverInstanceForSafari] failed. With the following test data [Failed to create a session on DESKTOP_SAFARI]. @02-01-2022 06:38:22.0613 A

################################################################################################################################################
Starting Execution:	[79 out of 146] test cases in the current suite
Test Method:		[testPackage01.Test_NewValidationHelper.f11]
###############################################################################################################################################



################################################################################################################################################
Starting Execution:	[80 out of 146] test cases in the current suite
Test Method:		[testPackage01.Test_NewValidationHelper.f12]
###############################################################################################################################################



################################################################################################################################################
Starting Execution:	[81 out of 146] test cases in the current suite
Test Method:		[testPackage01.Test_NewValidationHelper.f13]
###############################################################################################################################################



################################################################################################################################################
Starting Execution:	[82 out of 146] test cases in the current suite
Test Method:		[testPackage01.Test_NewValidationHelper.f14]
###############################################################################################################################################



################################################################################################################################################
Starting Execution:	[83 out of 146] test cases in the current suite
Test Method:		[testPackage01.Test_NewValidationHelper.f15]
###############################################################################################################################################



################################################################################################################################################
Starting Execution:	[84 out of 146] test cases in the current suite
Test Method:		[testPackage01.Test_NewValidationHelper.f16]
###############################################################################################################################################



################################################################################################################################################
Starting Execution:	[85 out of 146] test cases in the current suite
Test Method:		[testPackage01.Test_NewValidationHelper.f17]
###############################################################################################################################################



################################################################################################################################################
Starting Execution:	[86 out of 146] test cases in the current suite
Test Method:		[testPackage01.Test_NewValidationHelper.f18]
###############################################################################################################################################


################################################################################################################################################
Starting Execution:	[87 out of 146] test cases in the current suite
Test Method:		[testPackage01.Test_NewValidationHelper.f2]
###############################################################################################################################################


################################################################################################################################################
Starting Execution:	[88 out of 146] test cases in the current suite
Test Method:		[testPackage01.Test_NewValidationHelper.f20]
###############################################################################################################################################



################################################################################################################################################
Starting Execution:	[89 out of 146] test cases in the current suite
Test Method:		[testPackage01.Test_NewValidationHelper.f21]
###############################################################################################################################################



################################################################################################################################################
Starting Execution:	[90 out of 146] test cases in the current suite
Test Method:		[testPackage01.Test_NewValidationHelper.f22]
###############################################################################################################################################


################################################################################################################################################
Starting Execution:	[91 out of 146] test cases in the current suite
Test Method:		[testPackage01.Test_NewValidationHelper.f23]
###############################################################################################################################################

################################################################################################################################################
Starting Execution:	[92 out of 146] test cases in the current suite
Test Method:		[testPackage01.Test_NewValidationHelper.f24]
###############################################################################################################################################

################################################################################################################################################
Starting Execution:	[93 out of 146] test cases in the current suite
Test Method:		[testPackage01.Test_NewValidationHelper.f25]
###############################################################################################################################################

################################################################################################################################################
Starting Execution:	[94 out of 146] test cases in the current suite
Test Method:		[testPackage01.Test_NewValidationHelper.f26]
###############################################################################################################################################

################################################################################################################################################
Starting Execution:	[95 out of 146] test cases in the current suite
Test Method:		[testPackage01.Test_NewValidationHelper.f27]
###############################################################################################################################################

################################################################################################################################################
Starting Execution:	[96 out of 146] test cases in the current suite
Test Method:		[testPackage01.Test_NewValidationHelper.f28]
###############################################################################################################################################

################################################################################################################################################
Starting Execution:	[97 out of 146] test cases in the current suite
Test Method:		[testPackage01.Test_NewValidationHelper.f29]
###############################################################################################################################################

################################################################################################################################################
Starting Execution:	[98 out of 146] test cases in the current suite
Test Method:		[testPackage01.Test_NewValidationHelper.f3]
###############################################################################################################################################

################################################################################################################################################
Starting Execution:	[99 out of 146] test cases in the current suite
Test Method:		[testPackage01.Test_NewValidationHelper.f30]
###############################################################################################################################################

################################################################################################################################################
Starting Execution:	[100 out of 146] test cases in the current suite
Test Method:		[testPackage01.Test_NewValidationHelper.f31]
###############################################################################################################################################

################################################################################################################################################
Starting Execution:	[101 out of 146] test cases in the current suite
Test Method:		[testPackage01.Test_NewValidationHelper.f32]
###############################################################################################################################################

################################################################################################################################################
Starting Execution:	[102 out of 146] test cases in the current suite
Test Method:		[testPackage01.Test_NewValidationHelper.f33]
###############################################################################################################################################

################################################################################################################################################
Starting Execution:	[103 out of 146] test cases in the current suite
Test Method:		[testPackage01.Test_NewValidationHelper.f34]
###############################################################################################################################################

################################################################################################################################################
Starting Execution:	[104 out of 146] test cases in the current suite
Test Method:		[testPackage01.Test_NewValidationHelper.f35]
###############################################################################################################################################

################################################################################################################################################
Starting Execution:	[105 out of 146] test cases in the current suite
Test Method:		[testPackage01.Test_NewValidationHelper.f36]
###############################################################################################################################################

################################################################################################################################################
Starting Execution:	[106 out of 146] test cases in the current suite
Test Method:		[testPackage01.Test_NewValidationHelper.f37]
###############################################################################################################################################

################################################################################################################################################
Starting Execution:	[107 out of 146] test cases in the current suite
Test Method:		[testPackage01.Test_NewValidationHelper.f3_1]
###############################################################################################################################################

################################################################################################################################################
Starting Execution:	[108 out of 146] test cases in the current suite
Test Method:		[testPackage01.Test_NewValidationHelper.f4]
###############################################################################################################################################

################################################################################################################################################
Starting Execution:	[109 out of 146] test cases in the current suite
Test Method:		[testPackage01.Test_NewValidationHelper.f5]
###############################################################################################################################################

################################################################################################################################################
Starting Execution:	[110 out of 146] test cases in the current suite
Test Method:		[testPackage01.Test_NewValidationHelper.f6]
###############################################################################################################################################

################################################################################################################################################
Starting Execution:	[111 out of 146] test cases in the current suite
Test Method:		[testPackage01.Test_NewValidationHelper.f6_1]
###############################################################################################################################################

################################################################################################################################################
Starting Execution:	[112 out of 146] test cases in the current suite
Test Method:		[testPackage01.Test_NewValidationHelper.f6_2]
###############################################################################################################################################

################################################################################################################################################
Starting Execution:	[113 out of 146] test cases in the current suite
Test Method:		[testPackage01.Test_NewValidationHelper.f7]
###############################################################################################################################################


################################################################################################################################################
Starting Execution:	[114 out of 146] test cases in the current suite
Test Method:		[testPackage01.Test_NewValidationHelper.f8]
###############################################################################################################################################



################################################################################################################################################
Starting Execution:	[115 out of 146] test cases in the current suite
Test Method:		[testPackage01.Test_NewValidationHelper.f9]
###############################################################################################################################################


################################################################################################################################################
Starting Execution:	[116 out of 146] test cases in the current suite
Test Method:		[testPackage01.Test_NewValidationHelper.forceFail]
###############################################################################################################################################

################################################################################################################################################
Starting Execution:	[117 out of 146] test cases in the current suite
Test Method:		[testPackage01.Test_NewValidationHelper.forceFail2]
###############################################################################################################################################

################################################################################################################################################
Starting Execution:	[118 out of 146] test cases in the current suite
Test Method:		[testPackage01.Test_JsonActions.f]
###############################################################################################################################################

################################################################################################################################################
Starting Execution:	[119 out of 146] test cases in the current suite
Test Method:		[testPackage01.Test_JsonActions.f2]
###############################################################################################################################################

################################################################################################################################################
Starting Execution:	[120 out of 146] test cases in the current suite
Test Method:		[testPackage01.Test_sendGraphqlRequest.sendGraphqlRequestUsingMutationAndVariables]
################################################################################################################################################
[ReportManager] GraphQl Request is being Performed with the Following Parameters [Service URL: https://api.spacex.land/graphql | Request Body: {"variables":"{\"name\": \"sherlock holmes\",\"rocket\": \"221B Baker Street\"}","query":"mutation ($name: String, $rocket: String) {\n  insert_users(objects: {name: $name, rocket: $rocket}) {\n    returning {\n      name\n      rocket\n    }\n  }\n}"}] @02-01-2022 06:38:22.0974 AM
[ReportManager] Response status code: [200], status line: [HTTP/1.1 200 OK] @02-01-2022 06:38:28.0982 AM
[ReportManager] Assertion Passed: Evaluating the actual response status code against the expected one... @02-01-2022 06:38:28.0983 AM
[ReportManager] Assertion [ValidateComparativeRelation] PASSED. Expected [200] and Actual [200]. Comparison Type [EQUALS]. Validation Type [POSITIVE]. @02-01-2022 06:38:28.0983 AM
[ReportManager] API Action [PerformRequest] successfully performed. With the following test data [Request Type: "POST" | Target Status Code: "200" | Service URL: "https://api.spacex.land/graphql" | Content Type: "application/json" | Response Time: "5883ms"]. @02-01-2022 06:38:29.0012 AM
[ReportManager] Successfully created attachment [API Request - Specifications] @02-01-2022 06:38:29.0012 AM
[ReportManager] Successfully created attachment [API Request - JSON Body] @02-01-2022 06:38:29.0013 AM
[ReportManager] Successfully created attachment [API Response - JSON Body] @02-01-2022 06:38:29.0013 AM
[ReportManager] API Action [GetResponseJSONValue] successfully performed. With the following test data [data.insert_users.returning[0].name]. @02-01-2022 06:38:29.0061 AM
[ReportManager] Assertion [ValidateEquals] PASSED. Expected [sherlock holmes] and Actual [sherlock holmes]. Comparison Type [EQUALS]. Validation Type [POSITIVE]. @02-01-2022 06:38:29.0061 A

################################################################################################################################################
Starting Execution:	[121 out of 146] test cases in the current suite
Test Method:		[testPackage01.Test_sendGraphqlRequest.sendGraphqlRequestUsingQuery]
################################################################################################################################################
[ReportManager] GraphQl Request is being Performed with the Following Parameters [Service URL: https://api.spacex.land/graphql | Request Body: {"query":"{company {ceo}}"}] @02-01-2022 06:38:29.0068 AM
[ReportManager] Response status code: [200], status line: [HTTP/1.1 200 OK] @02-01-2022 06:38:29.0335 AM
[ReportManager] Assertion Passed: Evaluating the actual response status code against the expected one... @02-01-2022 06:38:29.0336 AM
[ReportManager] Assertion [ValidateComparativeRelation] PASSED. Expected [200] and Actual [200]. Comparison Type [EQUALS]. Validation Type [POSITIVE]. @02-01-2022 06:38:29.0336 AM
[ReportManager] API Action [PerformRequest] successfully performed. With the following test data [Request Type: "POST" | Target Status Code: "200" | Service URL: "https://api.spacex.land/graphql" | Content Type: "application/json" | Response Time: "262ms"]. @02-01-2022 06:38:29.0347 AM
[ReportManager] Successfully created attachment [API Request - Specifications] @02-01-2022 06:38:29.0348 AM
[ReportManager] Successfully created attachment [API Request - JSON Body] @02-01-2022 06:38:29.0348 AM
[ReportManager] Successfully created attachment [API Response - JSON Body] @02-01-2022 06:38:29.0349 AM
[ReportManager] API Action [GetResponseJSONValue] successfully performed. With the following test data [data.company.ceo]. @02-01-2022 06:38:29.0360 AM
[ReportManager] Assertion [ValidateEquals] PASSED. Expected [Elon Musk] and Actual [Elon Musk]. Comparison Type [EQUALS]. Validation Type [POSITIVE]. @02-01-2022 06:38:29.0361 A

################################################################################################################################################
Starting Execution:	[122 out of 146] test cases in the current suite
Test Method:		[testPackage01.Test_MatchJsonSchema.checkAPI_ResponseSchema]
################################################################################################################################################
[ReportManager] Response status code: [200], status line: [HTTP/1.1 200 OK] @02-01-2022 06:38:29.0496 AM
[ReportManager] Assertion Passed: Evaluating the actual response status code against the expected one... @02-01-2022 06:38:29.0496 AM
[ReportManager] Assertion [ValidateComparativeRelation] PASSED. Expected [200] and Actual [200]. Comparison Type [EQUALS]. Validation Type [POSITIVE]. @02-01-2022 06:38:29.0497 AM
[ReportManager] API Action [PerformRequest] successfully performed. With the following test data [Request Type: "GET" | Target Status Code: "200" | Service URL: "http://api.zippopotam.us/us/90210" | Content Type: "*/*" | Response Time: "127ms"]. @02-01-2022 06:38:29.0508 AM
[ReportManager] Successfully created attachment [API Request - Specifications] @02-01-2022 06:38:29.0509 AM
[ReportManager] Successfully created attachment [API Response - JSON Body] @02-01-2022 06:38:29.0509 AM
[ReportManager] File Action [GetAbsolutePath] successfully performed. With the following test data [Relative Folder Path: "src/test/resources/testDataFiles/schema.json"]. @02-01-2022 06:38:29.0510 AM
[ReportManager] File Action [GetAbsolutePath] successfully performed. With the following test data [Relative Folder Path: "/Users/runner/work/SHAFT_ENGINE/SHAFT_ENGINE/src/test/resources/testDataFiles/schema.json"]. @02-01-2022 06:38:30.0176 AM
[ReportManager] File Action [ReadFromFile] successfully performed. With the following test data [File Path: "/Users/runner/work/SHAFT_ENGINE/SHAFT_ENGINE/src/test/resources/testDataFiles/schema.json"]. @02-01-2022 06:38:30.0176 AM
[ReportManager] Assertion Passed: Then I Assert that the API response schema matches that in this file [src/test/resources/testDataFiles/schema.json]. @02-01-2022 06:38:30.0178 AM
[ReportManager] Successfully created attachment [Validation Test Data - Expected JSON Value] @02-01-2022 06:38:30.0179 AM
[ReportManager] Successfully created attachment [Validation Test Data - Actual JSON Value] @02-01-2022 06:38:30.0179 AM
[ReportManager] Assertion [ValidateResponseFileSchema] PASSED. Expected [Response data should match the JSON File in this path '/Users/runner/work/SHAFT_ENGINE/SHAFT_ENGINE/src/test/resources/testDataFiles/schema.json'] and Actual [TRUE]. Comparison Type [EQUALS]. Validation Type [POSITIVE]. @02-01-2022 06:38:30.0179 A
[ReportManager] File Action [GetAbsolutePath] successfully performed. With the following test data [Relative Folder Path: "target/downloadedFiles/"]. @02-01-2022 06:38:30.0182 AM
[ReportManager] Attempting to run locally on: [Mac-64], [Safari], Headless Execution. @02-01-2022 06:38:30.0182 AM
[ReportManager] Successfully Opened Safari. @02-01-2022 06:38:31.0018 AM
[ReportManager] Initial window size: (800, 600) @02-01-2022 06:38:31.0049 AM
[ReportManager] Window size after SWD Maximize: (1176, 803) @02-01-2022 06:38:31.0094 AM
[ReportManager] Browser Action [MaximizeWindow] successfully performed. With the following test data [New screen size is now: (1176, 803)]. @02-01-2022 06:38:31.0095 A

################################################################################################################################################
Starting Execution:	[123 out of 146] test cases in the current suite
Test Method:		[testPackage01.Test_dragAndDrop.dragAndDropJquery]
################################################################################################################################################
[ReportManager] Target URL: [https://jqueryui.com/resources/demos/droppable/default.html] @02-01-2022 06:38:31.0097 AM
[ReportManager] Initial URL: [] @02-01-2022 06:38:31.0162 AM
[ReportManager] Browser Action [NavigateToURL] successfully performed. With the following test data [https://jqueryui.com/resources/demos/droppable/default.html]. @02-01-2022 06:38:31.0707 AM
[ReportManager] Element Action [GetText] successfully performed. With the following test data [
	Drop here
]. @02-01-2022 06:38:31.0797 AM
[ReportManager] Element Action [DragAndDrop] successfully performed. With the following test data [Start point: (8, 18), End point: (8, 18)]. @02-01-2022 06:38:32.0879 AM
[ReportManager] Element Action [GetText] successfully performed. With the following test data [
	Dropped!
]. @02-01-2022 06:38:32.0921 AM
[ReportManager] Assertion Passed: Checking to see if the text has changed after performing drag and drop @02-01-2022 06:38:32.0921 AM
[ReportManager] Assertion [ValidateEquals] PASSED. Expected [
	Drop here
] and Actual [
	Dropped!
]. Comparison Type [EQUALS]. Validation Type [NEGATIVE]. @02-01-2022 06:38:32.0921 A
[ReportManager] Browser Action [CloseCurrentWindow] successfully performed. @02-01-2022 06:38:33.0345 AM
[ReportManager] Successfully created attachment [Browser Action Test Data - CloseCurrentWindow - Actual Value] @02-01-2022 06:38:33.0346 A
[ReportManager] File Action [GetAbsolutePath] successfully performed. With the following test data [Relative Folder Path: "target/downloadedFiles/"]. @02-01-2022 06:38:33.0348 AM
[ReportManager] Attempting to run locally on: [Mac-64], [Safari], Headless Execution. @02-01-2022 06:38:33.0348 AM
[ReportManager] An Exception Occured with this Message: Could not start a new session. Possible causes are invalid address of the remote server or browser start-up failure.. @02-01-2022 06:38:33.0717 AM
[ReportManager] Successfully created attachment [Exception Stack Trace - org.openqa.selenium.SessionNotCreatedException] @02-01-2022 06:38:33.0757 AM
[ReportManager] Driver Factory Action [createNewLocalDriverInstanceForSafari] failed. With the following test data [Failed to create a session on DESKTOP_SAFARI]. @02-01-2022 06:38:33.0758 A

################################################################################################################################################
Starting Execution:	[124 out of 146] test cases in the current suite
Test Method:		[testPackage01.Test_dragAndDrop.dragAndDrop]
Test Description:	[TC001 - Test Drag and Drop function.]
###############################################################################################################################################



################################################################################################################################################
Starting Execution:	[125 out of 146] test cases in the current suite
Test Method:		[testPackage01.Test_dragAndDrop.dragAndDropByOffset]
Test Description:	[TC002 - Test Drag and Drop by offset function.]
###############################################################################################################################################

[ReportManager] Successfully loaded the following test data file [src/test/resources/testDataFiles/testSuite01/TestData.xlsx]. @02-01-2022 06:38:34.0132 AM
[ReportManager] Successfully created attachment [Test Data - Excel] @02-01-2022 06:38:34.0132 AM
[ReportManager] File Action [GetAbsolutePath] successfully performed. With the following test data [Relative Folder Path: "target/downloadedFiles/"]. @02-01-2022 06:38:34.0133 AM
[ReportManager] Attempting to run locally on: [Mac-64], [Safari], Headless Execution. @02-01-2022 06:38:34.0133 AM
[ReportManager] Successfully Opened Safari. @02-01-2022 06:38:35.0003 AM
[ReportManager] Initial window size: (800, 600) @02-01-2022 06:38:35.0054 AM
[ReportManager] Window size after SWD Maximize: (1176, 803) @02-01-2022 06:38:35.0117 AM
[ReportManager] Browser Action [MaximizeWindow] successfully performed. With the following test data [New screen size is now: (1176, 803)]. @02-01-2022 06:38:35.0118 A

################################################################################################################################################
Starting Execution:	[126 out of 146] test cases in the current suite
Test Method:		[testPackage01.Test_google.navigateToURLandVerifyGoogleLogoIsDisplayed]
Test Description:	[TC001 - Navigate to URL and Verify Google Logo is Displayed]
################################################################################################################################################
[ReportManager] Target URL: [https://www.google.com/ncr], and after redirection: [https://www.google.com] @02-01-2022 06:38:35.0142 AM
[ReportManager] Initial URL: [] @02-01-2022 06:38:35.0178 AM
[ReportManager] Browser Action [NavigateToURL] successfully performed. With the following test data [https://www.google.com/ncr]. @02-01-2022 06:38:37.0399 AM
[ReportManager] Loaded Shared OpenCV @02-01-2022 06:38:37.0492 AM
[ReportManager] Assertion Passed: Then I Assert that the element found by [By.xpath: //*[@id='hplogo' or @alt='Google']] exists. @02-01-2022 06:38:37.0618 AM
[ReportManager] Successfully created attachment [Screenshot - 1641105517492_navigateToURLandVerifyGoogleLogoIsDisplayed_ValidateElementExists_passed] @02-01-2022 06:38:37.0619 AM
[ReportManager] Assertion [ValidateElementExists] PASSED. Expected [Element Should Exist, locator 'By.xpath: //*[@id='hplogo' or @alt='Google']'] and Actual [Element Exists]. Comparison Type [EQUALS]. Validation Type [POSITIVE]. @02-01-2022 06:38:37.0619 A

################################################################################################################################################
Starting Execution:	[127 out of 146] test cases in the current suite
Test Method:		[testPackage01.Test_google.searchForQueryandAssertResultsNumDisplayed]
Test Description:	[TC002 - Search for Query and Assert that the number of results is displayed]
################################################################################################################################################
[ReportManager] Element Action [Type] successfully performed. With the following test data [SHAFT_Engine]. @02-01-2022 06:38:38.0166 AM
[ReportManager] Element Action [KeyPress] successfully performed. With the following test data [Enter]. @02-01-2022 06:38:38.0446 AM
[ReportManager] Element Action [GetText] successfully performed. With the following test data [About 851,000 results (0.72 seconds)]. @02-01-2022 06:38:39.0624 AM
[ReportManager] Loaded Shared OpenCV @02-01-2022 06:38:40.0614 AM
[ReportManager] Assertion Passed: Then I Assert that the element found by [By.id: appbar] text does not equal []. @02-01-2022 06:38:40.0739 AM
[ReportManager] Successfully created attachment [Screenshot - 1641105520614_searchForQueryandAssertResultsNumDisplayed_ValidateElementAttribute_passed] @02-01-2022 06:38:40.0741 AM
[ReportManager] Assertion [ValidateElementAttribute] PASSED. Expected [Value Should not be '' for the 'text' attribute, element locator 'By.id: appbar'] and Actual [About 851,000 results (0.72 seconds)]. Comparison Type [EQUALS]. Validation Type [NEGATIVE]. @02-01-2022 06:38:40.0741 A

################################################################################################################################################
Starting Execution:	[128 out of 146] test cases in the current suite
Test Method:		[testPackage01.Test_google.clickNextThrice]
Test Description:	[TC003 - Clicks the next button to make sure that the framework can scroll element into view before clicking it]
################################################################################################################################################
[ReportManager] Element Action [Click] successfully performed. With the following test data [By.xpath: //span[text()='Next']]. @02-01-2022 06:38:41.0980 A
[ReportManager] Successfully Closed All Drivers. @02-01-2022 06:38:42.0227 A
[ReportManager] File Action [GetAbsolutePath] successfully performed. With the following test data [Relative Folder Path: "target/downloadedFiles/"]. @02-01-2022 06:38:42.0230 AM
[ReportManager] Attempting to run locally on: [Mac-64], [Safari], Headless Execution. @02-01-2022 06:38:42.0230 AM
[ReportManager] Successfully Opened Safari. @02-01-2022 06:38:43.0135 AM
[ReportManager] Initial window size: (800, 600) @02-01-2022 06:38:43.0177 AM
[ReportManager] Window size after SWD Maximize: (1176, 803) @02-01-2022 06:38:43.0193 AM
[ReportManager] Browser Action [MaximizeWindow] successfully performed. With the following test data [New screen size is now: (1176, 803)]. @02-01-2022 06:38:43.0193 A

################################################################################################################################################
Starting Execution:	[129 out of 146] test cases in the current suite
Test Method:		[testPackage01.Test_chainableElementActions.chainElementActions]
################################################################################################################################################
[ReportManager] Target URL: [https://www.google.com/ncr], and after redirection: [https://www.google.com] @02-01-2022 06:38:43.0238 AM
[ReportManager] Initial URL: [] @02-01-2022 06:38:43.0300 AM
[ReportManager] Browser Action [NavigateToURL] successfully performed. With the following test data [https://www.google.com/ncr]. @02-01-2022 06:38:45.0086 AM
[ReportManager] Element Action [Type] successfully performed. With the following test data [chained type 1]. @02-01-2022 06:38:45.0410 AM
[ReportManager] Element Action [Type] successfully performed. With the following test data [chained type 2]. @02-01-2022 06:38:45.0893 AM
[ReportManager] Element Action [TypeAppend] successfully performed. With the following test data [345]. @02-01-2022 06:38:45.0948 AM
[ReportManager] Element Action [GetText] successfully performed. With the following test data [chained type 2345]. @02-01-2022 06:38:46.0009 AM
[ReportManager] Loaded Shared OpenCV @02-01-2022 06:38:46.0071 AM
[ReportManager] Assertion Passed: Then I Assert that the element found by [By.name: q] text is equal to [chained type 2345]. @02-01-2022 06:38:46.0194 AM
[ReportManager] Successfully created attachment [Screenshot - 1641105526071_chainElementActions_ValidateElementAttribute_passed] @02-01-2022 06:38:46.0196 AM
[ReportManager] Assertion [ValidateElementAttribute] PASSED. Expected [Value Should be 'chained type 2345' for the 'text' attribute, element locator 'By.name: q'] and Actual [chained type 2345]. Comparison Type [EQUALS]. Validation Type [POSITIVE]. @02-01-2022 06:38:46.0196 A
[ReportManager] Successfully Closed All Drivers. @02-01-2022 06:38:46.0368 A
[ReportManager] File Action [GetAbsolutePath] successfully performed. With the following test data [Relative Folder Path: "target/downloadedFiles/"]. @02-01-2022 06:38:46.0371 AM
[ReportManager] Attempting to run locally on: [Mac-64], [Safari], Headless Execution. @02-01-2022 06:38:46.0371 AM
[ReportManager] Successfully Opened Safari. @02-01-2022 06:38:47.0231 AM
[ReportManager] Initial window size: (800, 600) @02-01-2022 06:38:47.0285 AM
[ReportManager] Window size after SWD Maximize: (1176, 803) @02-01-2022 06:38:47.0332 AM
[ReportManager] Browser Action [MaximizeWindow] successfully performed. With the following test data [New screen size is now: (1176, 803)]. @02-01-2022 06:38:47.0333 A

################################################################################################################################################
Starting Execution:	[130 out of 146] test cases in the current suite
Test Method:		[testPackage01.Test_RelativeLocators.relativeLocatorsTest1]
################################################################################################################################################
[ReportManager] Target URL: [https://duckduckgo.com/] @02-01-2022 06:38:47.0541 AM
[ReportManager] Initial URL: [] @02-01-2022 06:38:47.0573 AM
[ReportManager] Browser Action [NavigateToURL] successfully performed. With the following test data [https://duckduckgo.com/]. @02-01-2022 06:38:48.0218 AM
[ReportManager] Element Action [Type] successfully performed. With the following test data [SHAFT_Engine]. @02-01-2022 06:38:48.0489 AM
[ReportManager] Element Action [KeyPress] successfully performed. With the following test data [ENTER]. @02-01-2022 06:38:48.0567 AM
[ReportManager] Element Action [GetText] successfully performed. With the following test data [GitHub - MohabMohie/SHAFT_ENGINE: SHAFT_ENGINE is a Test ...]. @02-01-2022 06:38:49.0992 AM
[ReportManager] Loaded Shared OpenCV @02-01-2022 06:38:50.0134 AM
[ReportManager] Assertion Passed: Then I Assert that the element found by [Relative Locator: {root={xpath=//a[@class='result__a js-result-title-link']}, filters=[{kind=below, args=[{xpath=//input[@name='q']}]}]}] text does not equal []. @02-01-2022 06:38:50.0276 AM
[ReportManager] Successfully created attachment [Screenshot - 1641105530133_relativeLocatorsTest1_ValidateElementAttribute_passed] @02-01-2022 06:38:50.0279 AM
[ReportManager] Assertion [ValidateElementAttribute] PASSED. Expected [Value Should not be '' for the 'text' attribute, element locator '[unknown locator]'] and Actual [GitHub - MohabMohie/SHAFT_ENGINE: SHAFT_ENGINE is a Test ...]. Comparison Type [EQUALS]. Validation Type [NEGATIVE]. @02-01-2022 06:38:50.0279 A
[ReportManager] Browser Action [CloseCurrentWindow] successfully performed. @02-01-2022 06:38:50.0674 AM
[ReportManager] Successfully created attachment [Browser Action Test Data - CloseCurrentWindow - Actual Value] @02-01-2022 06:38:50.0675 A

################################################################################################################################################
Starting Execution:	[131 out of 146] test cases in the current suite
Test Method:		[testPackage01.Test_JsonCompareWithSpecialCharacters.specialCharacters]
################################################################################################################################################
[ReportManager] File Action [GetAbsolutePath] successfully performed. With the following test data [Relative Folder Path: "src/test/resources/testDataFiles/specialCharacters.json"]. @02-01-2022 06:38:50.0680 AM
[ReportManager] File Action [ReadFromFile] successfully performed. With the following test data [File Path: "/Users/runner/work/SHAFT_ENGINE/SHAFT_ENGINE/src/test/resources/testDataFiles/specialCharacters.json"]. @02-01-2022 06:38:50.0681 AM
[ReportManager] Successfully created attachment [File Action Actual Result - Command Log] @02-01-2022 06:38:50.0681 AM
[ReportManager] Comparing the provided API response with the file at this path "src/test/resources/testDataFiles/specialCharacters.json", comparison type "EQUALS" @02-01-2022 06:38:50.0683 AM
[ReportManager] API Action [CompareJSON] successfully performed. With the following test data [src/test/resources/testDataFiles/specialCharacters.json]. @02-01-2022 06:38:50.0690 AM
[ReportManager] File Action [GetAbsolutePath] successfully performed. With the following test data [Relative Folder Path: "src/test/resources/testDataFiles/specialCharacters.json"]. @02-01-2022 06:38:50.0691 AM
[ReportManager] File Action [ReadFromFile] successfully performed. With the following test data [File Path: "/Users/runner/work/SHAFT_ENGINE/SHAFT_ENGINE/src/test/resources/testDataFiles/specialCharacters.json"]. @02-01-2022 06:38:50.0691 AM
[ReportManager] Verification [ValidateJSONFileContent] PASSED. Expected [Response data should match the JSON File in this path 'src/test/resources/testDataFiles/specialCharacters.json'] and Actual [TRUE]. Comparison Type [EQUALS]. Validation Type [POSITIVE]. @02-01-2022 06:38:50.0696 AM
[ReportManager] Successfully created attachment [Validation Test Data - Expected JSON Value] @02-01-2022 06:38:50.0697 AM
[ReportManager] Successfully created attachment [Validation Test Data - Actual JSON Value] @02-01-2022 06:38:50.0697 A

################################################################################################################################################
Starting Execution:	[132 out of 146] test cases in the current suite
Test Method:		[testPackage01.Test_JsonCompareWithSpecialCharacters.specialCharacters_assertion]
################################################################################################################################################
[ReportManager] File Action [GetAbsolutePath] successfully performed. With the following test data [Relative Folder Path: "src/test/resources/testDataFiles/specialCharacters.json"]. @02-01-2022 06:38:50.0700 AM
[ReportManager] File Action [ReadFromFile] successfully performed. With the following test data [File Path: "/Users/runner/work/SHAFT_ENGINE/SHAFT_ENGINE/src/test/resources/testDataFiles/specialCharacters.json"]. @02-01-2022 06:38:50.0700 AM
[ReportManager] Successfully created attachment [File Action Actual Result - Command Log] @02-01-2022 06:38:50.0701 AM
[ReportManager] Comparing the provided API response with the file at this path "src/test/resources/testDataFiles/specialCharacters.json", comparison type "CONTAINS" @02-01-2022 06:38:50.0701 AM
[ReportManager] API Action [CompareJSON] successfully performed. With the following test data [src/test/resources/testDataFiles/specialCharacters.json]. @02-01-2022 06:38:50.0709 AM
[ReportManager] File Action [GetAbsolutePath] successfully performed. With the following test data [Relative Folder Path: "src/test/resources/testDataFiles/specialCharacters.json"]. @02-01-2022 06:38:50.0710 AM
[ReportManager] File Action [ReadFromFile] successfully performed. With the following test data [File Path: "/Users/runner/work/SHAFT_ENGINE/SHAFT_ENGINE/src/test/resources/testDataFiles/specialCharacters.json"]. @02-01-2022 06:38:50.0710 AM
[ReportManager] Assertion Passed: trying out the log message @02-01-2022 06:38:50.0714 AM
[ReportManager] Successfully created attachment [Validation Test Data - Expected JSON Value] @02-01-2022 06:38:50.0715 AM
[ReportManager] Successfully created attachment [Validation Test Data - Actual JSON Value] @02-01-2022 06:38:50.0715 AM
[ReportManager] Assertion [ValidateJSONFileContent] PASSED. Expected [Response data should match the JSON File in this path 'src/test/resources/testDataFiles/specialCharacters.json'] and Actual [TRUE]. Comparison Type [CONTAINS]. Validation Type [POSITIVE]. @02-01-2022 06:38:50.0715 A

################################################################################################################################################
Starting Execution:	[133 out of 146] test cases in the current suite
Test Method:		[testPackage01.Test_SkipDueToIssue.doNotSkip]
################################################################################################################################################
[ReportManager] This should not be skipped. @02-01-2022 06:38:50.0719 A

################################################################################################################################################
Starting Execution:	[134 out of 146] test cases in the current suite
Test Method:		[testPackage01.Test_SkipDueToIssue.skip]
################################################################################################################################################
[ReportManager] This should be skipped. @02-01-2022 06:38:50.0725 A

################################################################################################################################################
Starting Execution:	[135 out of 146] test cases in the current suite
Test Method:		[testPackage01.Test_SkipDueToIssue.skip2]
################################################################################################################################################
[ReportManager] This should be skipped. @02-01-2022 06:38:50.0730 A

################################################################################################################################################
Starting Execution:	[136 out of 146] test cases in the current suite
Test Method:		[testPackage01.Test_JSONFileManager.readStringFromJson]
################################################################################################################################################
[ReportManager] File Action [GetAbsolutePath] successfully performed. With the following test data [Relative Folder Path: "src/test/resources/testDataFiles/simpleJSON.json"]. @02-01-2022 06:38:50.0734 AM
[ReportManager] Successfully loaded the following test data file [src/test/resources/testDataFiles/simpleJSON.json]. @02-01-2022 06:38:50.0735 AM
[ReportManager] Successfully created attachment [Test Data - JSON] @02-01-2022 06:38:50.0736 AM
[ReportManager] File Action [GetAbsolutePath] successfully performed. With the following test data [Relative Folder Path: "src/test/resources/testDataFiles/simpleJSON.json"]. @02-01-2022 06:38:50.0737 AM
[ReportManager] Assertion [ValidateEquals] PASSED. Expected [Mohab Mohie] and Actual [Mohab Mohie]. Comparison Type [EQUALS]. Validation Type [POSITIVE]. @02-01-2022 06:38:50.0751 A
[ReportManager] File Action [GetAbsolutePath] successfully performed. With the following test data [Relative Folder Path: "target/downloadedFiles/"]. @02-01-2022 06:38:50.0754 AM
[ReportManager] Attempting to run locally on: [Mac-64], [Safari], Headless Execution. @02-01-2022 06:38:50.0754 AM
[ReportManager] Successfully Opened Safari. @02-01-2022 06:38:51.0598 AM
[ReportManager] Initial window size: (800, 600) @02-01-2022 06:38:51.0637 AM
[ReportManager] Window size after SWD Maximize: (1176, 803) @02-01-2022 06:38:51.0654 AM
[ReportManager] Browser Action [MaximizeWindow] successfully performed. With the following test data [New screen size is now: (1176, 803)]. @02-01-2022 06:38:51.0655 A

################################################################################################################################################
Starting Execution:	[137 out of 146] test cases in the current suite
Test Method:		[testPackage01.Test_assertEquals.test_assertElementAttribute]
################################################################################################################################################
[ReportManager] Target URL: [https://www.google.com/ncr], and after redirection: [https://www.google.com] @02-01-2022 06:38:51.0702 AM
[ReportManager] Initial URL: [] @02-01-2022 06:38:51.0742 AM
[ReportManager] Browser Action [NavigateToURL] successfully performed. With the following test data [https://www.google.com/ncr]. @02-01-2022 06:38:53.0421 AM
[ReportManager] Element Action [Type] successfully performed. With the following test data [INC_004010050:Another SCHEDULER with the same name [Duplicate Job Name] already exists.]. @02-01-2022 06:38:54.0107 AM
[ReportManager] Element Action [GetText] successfully performed. With the following test data [INC_004010050:Another SCHEDULER with the same name [Duplicate Job Name] already exists.]. @02-01-2022 06:38:54.0183 AM
[ReportManager] Loaded Shared OpenCV @02-01-2022 06:38:54.0267 AM
[ReportManager] Assertion [ValidateElementAttribute] PASSED. Expected [Value Should be 'INC_004010050:Another SCHEDULER with the same name \[Duplicate Job Name\] already exists.' for the 'text' attribute, element locator 'By.name: q'] and Actual [INC_004010050:Another SCHEDULER with the same name [Duplicate Job Name] already exists.]. Comparison Type [MATCHES]. Validation Type [POSITIVE]. @02-01-2022 06:38:54.0369 AM
[ReportManager] Successfully created attachment [Screenshot - 1641105534267_test_assertElementAttribute_ValidateElementAttribute_passed] @02-01-2022 06:38:54.0371 A
[ReportManager] Browser Action [CloseCurrentWindow] successfully performed. @02-01-2022 06:38:54.0798 AM
[ReportManager] Successfully created attachment [Browser Action Test Data - CloseCurrentWindow - Actual Value] @02-01-2022 06:38:54.0800 A
[ReportManager] File Action [GetAbsolutePath] successfully performed. With the following test data [Relative Folder Path: "target/downloadedFiles/"]. @02-01-2022 06:38:54.0802 AM
[ReportManager] Attempting to run locally on: [Mac-64], [Safari], Headless Execution. @02-01-2022 06:38:54.0803 AM
[ReportManager] Successfully Opened Safari. @02-01-2022 06:38:55.0632 AM
[ReportManager] Initial window size: (800, 600) @02-01-2022 06:38:55.0651 AM
[ReportManager] Window size after SWD Maximize: (1176, 803) @02-01-2022 06:38:55.0676 AM
[ReportManager] Browser Action [MaximizeWindow] successfully performed. With the following test data [New screen size is now: (1176, 803)]. @02-01-2022 06:38:55.0677 A

################################################################################################################################################
Starting Execution:	[138 out of 146] test cases in the current suite
Test Method:		[testPackage01.Test_IsElementClickable.testIsElementClickable]
################################################################################################################################################
[ReportManager] Target URL: [https://the-internet.herokuapp.com/] @02-01-2022 06:38:55.0681 AM
[ReportManager] Initial URL: [] @02-01-2022 06:38:55.0731 AM
[ReportManager] Browser Action [NavigateToURL] successfully performed. With the following test data [https://the-internet.herokuapp.com/]. @02-01-2022 06:38:57.0001 AM
[ReportManager] Element Action [IsElementClickable] successfully performed. @02-01-2022 06:38:57.0079 AM
[ReportManager] Assertion [ValidateTrue] PASSED. Expected [TRUE] and Actual [TRUE]. Validation Type [POSITIVE]. @02-01-2022 06:38:57.0079 A
[ReportManager] Browser Action [CloseCurrentWindow] successfully performed. @02-01-2022 06:38:57.0448 AM
[ReportManager] Successfully created attachment [Browser Action Test Data - CloseCurrentWindow - Actual Value] @02-01-2022 06:38:57.0448 A
[ReportManager] Successfully loaded the following test data file [src/test/resources/testDataFiles/testSuite01/TestData.xlsx]. @02-01-2022 06:38:57.0492 AM
[ReportManager] Successfully created attachment [Test Data - Excel] @02-01-2022 06:38:57.0493 AM
[ReportManager] Attempting to run using Playwright locally on: [Mac-64], [Safari], Headless Execution. @02-01-2022 06:39:20.0685 AM
[ReportManager] File Action [GetAbsolutePath] successfully performed. With the following test data [Relative Folder Path: "target/downloadedFiles/"]. @02-01-2022 06:39:20.0686 AM
[ReportManager] Initial window size: (1280, 720) @02-01-2022 06:39:26.0047 AM
[ReportManager] Window size after Toolkit: com.microsoft.playwright.options.ViewportSize@57508fcf @02-01-2022 06:39:26.0057 AM
[ReportManager] Browser Action [MaximizeWindow] successfully performed. With the following test data [New screen size is now: (1920, 1080)]. @02-01-2022 06:39:26.0058 A

################################################################################################################################################
Starting Execution:	[139 out of 146] test cases in the current suite
Test Method:		[testPackage01.Test_google_playwright.navigateToURLandVerifyGoogleLogoIsDisplayed]
Test Description:	[TC001 - Navigate to URL and Verify Google Logo is Displayed]
################################################################################################################################################
[ReportManager] Target URL: [https://www.google.com/ncr], and after redirection: [https://www.google.com] @02-01-2022 06:39:26.0062 AM
[ReportManager] Initial URL: [about:blank] @02-01-2022 06:39:26.0649 AM
[ReportManager] Browser Action [NavigateToURL] successfully performed. With the following test data [https://www.google.com/ncr]. @02-01-2022 06:39:29.0592 AM
[ReportManager] Loaded Shared OpenCV @02-01-2022 06:39:29.0677 AM
[ReportManager] Assertion [ValidateElementExists] PASSED. Expected [Element Should Exist, locator 'xpath=//*[@id='hplogo' or @alt='Google']'] and Actual [Element Exists]. Comparison Type [EQUALS]. Validation Type [POSITIVE]. @02-01-2022 06:39:29.0999 AM
[ReportManager] Successfully created attachment [Screenshot - 1641105569674_navigateToURLandVerifyGoogleLogoIsDisplayed_ValidateElementExists_passed] @02-01-2022 06:39:30.0000 A

################################################################################################################################################
Starting Execution:	[140 out of 146] test cases in the current suite
Test Method:		[testPackage01.Test_google_playwright.searchForQueryandAssertResultsNumDisplayed]
Test Description:	[TC002 - Search for Query and Assert that the number of results is displayed]
################################################################################################################################################
[ReportManager] Element Action [Type] successfully performed. With the following test data [SHAFT_Engine]. @02-01-2022 06:39:30.0174 AM
[ReportManager] Element Action [KeyPress] successfully performed. With the following test data [Enter]. @02-01-2022 06:39:30.0207 AM
[ReportManager] Element Action [GetText] successfully performed. With the following test data [About 851,000 results (0.55 seconds)
]. @02-01-2022 06:39:31.0123 AM
[ReportManager] Loaded Shared OpenCV @02-01-2022 06:39:33.0202 AM
[ReportManager] Assertion [ValidateElementAttribute] PASSED. Expected [Value Should not be '' for the 'text' attribute, element locator 'xpath=//div[@id='appbar']'] and Actual [About 851,000 results (0.55 seconds)
]. Comparison Type [EQUALS]. Validation Type [NEGATIVE]. @02-01-2022 06:39:33.0416 AM
[ReportManager] Successfully created attachment [Screenshot - 1641105573201_searchForQueryandAssertResultsNumDisplayed_ValidateElementAttribute_passed] @02-01-2022 06:39:33.0418 A

################################################################################################################################################
Starting Execution:	[141 out of 146] test cases in the current suite
Test Method:		[testPackage01.Test_google_playwright.clickNextThrice]
Test Description:	[TC003 - Clicks the next button to make sure that the framework can scroll element into view before clicking it]
################################################################################################################################################
[ReportManager] Element Action [Click] successfully performed. With the following test data [Next]. @02-01-2022 06:39:33.0901 A
[ReportManager] Failed to find video recording. @02-01-2022 06:39:33.0903 AM
[ReportManager] Successfully Closed PlayWright Driver. @02-01-2022 06:39:33.0951 A
[ReportManager] File Action [GetAbsolutePath] successfully performed. With the following test data [Relative Folder Path: "target/downloadedFiles/"]. @02-01-2022 06:39:33.0952 AM
[ReportManager] Attempting to run locally on: [Mac-64], [Safari], Headless Execution. @02-01-2022 06:39:33.0952 AM
[ReportManager] An Exception Occured with this Message: Could not start a new session. Possible causes are invalid address of the remote server or browser start-up failure.. @02-01-2022 06:39:34.0007 AM
[ReportManager] Successfully created attachment [Exception Stack Trace - org.openqa.selenium.SessionNotCreatedException] @02-01-2022 06:39:34.0008 AM
[ReportManager] Driver Factory Action [createNewLocalDriverInstanceForSafari] failed. With the following test data [Failed to create a session on DESKTOP_SAFARI]. @02-01-2022 06:39:34.0008 A

################################################################################################################################################
Starting Execution:	[142 out of 146] test cases in the current suite
Test Method:		[testPackage01.Test_verifyEquals.test_assertElementAttribute]
###############################################################################################################################################


################################################################################################################################################
Starting Execution:	[143 out of 146] test cases in the current suite
Test Method:		[testPackage01.Test_SelectedValue.multipleSelect]
################################################################################################################################################
[ReportManager] File Action [GetAbsolutePath] successfully performed. With the following test data [Relative Folder Path: "target/downloadedFiles/"]. @02-01-2022 06:39:34.0016 AM
[ReportManager] Attempting to run locally on: [Mac-64], [GoogleChrome], Headless Execution. @02-01-2022 06:39:34.0017 AM
[ReportManager] Identifying OS/Driver combination and selecting the correct driver version automatically. Please note that if a new driver executable will be downloaded it may take some time... @02-01-2022 06:39:34.0018 AM
[ReportManager] Successfully Opened Google Chrome. @02-01-2022 06:39:44.0303 AM
[ReportManager] Initial window size: (1920, 1080) @02-01-2022 06:39:44.0307 AM
[ReportManager] Window size after SWD Maximize: (1920, 1080) @02-01-2022 06:39:44.0549 AM
[ReportManager] Window size after Toolkit: (1920, 1080) @02-01-2022 06:39:45.0119 AM
[ReportManager] Browser Action [MaximizeWindow] successfully performed. With the following test data [New screen size is now: (1920, 1080)]. @02-01-2022 06:39:45.0123 AM
[ReportManager] Target URL: [https://yari-demos.prod.mdn.mozit.cloud/en-US/docs/Web/HTML/Element/select/_sample_.Advanced_select_with_multiple_features.html] @02-01-2022 06:39:45.0123 AM
[ReportManager] Initial URL: [data:,] @02-01-2022 06:39:45.0161 AM
[ReportManager] Browser Action [NavigateToURL] successfully performed. With the following test data [https://yari-demos.prod.mdn.mozit.cloud/en-US/docs/Web/HTML/Element/select/_sample_.Advanced_select_with_multiple_features.html]. @02-01-2022 06:39:47.0213 AM
[ReportManager] Element Action [Select] successfully performed. With the following test data [Dog]. @02-01-2022 06:39:47.0486 AM
[ReportManager] Element Action [Select] successfully performed. With the following test data [Cat]. @02-01-2022 06:39:47.0677 AM
[ReportManager] Element Action [GetSelectedText] successfully performed. With the following test data [DogCat]. @02-01-2022 06:39:47.0798 AM
[ReportManager] DogCat @02-01-2022 06:39:47.0798 AM
[ReportManager] Element Action [GetSelectedText] successfully performed. With the following test data [DogCat]. @02-01-2022 06:39:47.0894 AM
[ReportManager] Loaded Shared OpenCV @02-01-2022 06:39:48.0237 AM
[ReportManager] Assertion [ValidateElementAttribute] PASSED. Expected [Value Should be 'DogCat' for the 'selectedText' attribute, element locator 'By.tagName: select'] and Actual [DogCat]. Comparison Type [EQUALS]. Validation Type [POSITIVE]. @02-01-2022 06:39:48.0407 AM
[ReportManager] Successfully created attachment [Screenshot - 1641105588237_multipleSelect_ValidateElementAttribute_passed] @02-01-2022 06:39:48.0407 AM
[ReportManager] Browser Action [CloseCurrentWindow] successfully performed. @02-01-2022 06:39:48.0670 AM
[ReportManager] Successfully created attachment [Browser Action Test Data - CloseCurrentWindow - Actual Value] @02-01-2022 06:39:48.0670 A

################################################################################################################################################
Starting Execution:	[144 out of 146] test cases in the current suite
Test Method:		[testPackage01.Test_SelectedValue.simpleSelect]
################################################################################################################################################
[ReportManager] File Action [GetAbsolutePath] successfully performed. With the following test data [Relative Folder Path: "target/downloadedFiles/"]. @02-01-2022 06:39:48.0717 AM
[ReportManager] Attempting to run locally on: [Mac-64], [GoogleChrome], Headless Execution. @02-01-2022 06:39:48.0717 AM
[ReportManager] Identifying OS/Driver combination and selecting the correct driver version automatically. Please note that if a new driver executable will be downloaded it may take some time... @02-01-2022 06:39:48.0717 AM
[ReportManager] Successfully Opened Google Chrome. @02-01-2022 06:39:49.0295 AM
[ReportManager] Initial window size: (1920, 1080) @02-01-2022 06:39:49.0299 AM
[ReportManager] Window size after SWD Maximize: (1920, 1080) @02-01-2022 06:39:49.0419 AM
[ReportManager] Window size after Toolkit: (1920, 1080) @02-01-2022 06:39:49.0788 AM
[ReportManager] Browser Action [MaximizeWindow] successfully performed. With the following test data [New screen size is now: (1920, 1080)]. @02-01-2022 06:39:49.0791 AM
[ReportManager] Target URL: [https://yari-demos.prod.mdn.mozit.cloud/en-US/docs/Web/HTML/Element/select/_sample_.Basic_select.html] @02-01-2022 06:39:49.0791 AM
[ReportManager] Initial URL: [data:,] @02-01-2022 06:39:49.0828 AM
[ReportManager] Browser Action [NavigateToURL] successfully performed. With the following test data [https://yari-demos.prod.mdn.mozit.cloud/en-US/docs/Web/HTML/Element/select/_sample_.Basic_select.html]. @02-01-2022 06:39:51.0602 AM
[ReportManager] Element Action [Select] successfully performed. With the following test data [Third Value]. @02-01-2022 06:39:51.0870 AM
[ReportManager] Element Action [GetSelectedText] successfully performed. With the following test data [Third Value]. @02-01-2022 06:39:51.0953 AM
[ReportManager] Third Value @02-01-2022 06:39:51.0953 AM
[ReportManager] Element Action [GetSelectedText] successfully performed. With the following test data [Third Value]. @02-01-2022 06:39:52.0019 AM
[ReportManager] Loaded Shared OpenCV @02-01-2022 06:39:52.0350 AM
[ReportManager] Assertion [ValidateElementAttribute] PASSED. Expected [Value Should be 'Third Value' for the 'selectedText' attribute, element locator 'By.tagName: select'] and Actual [Third Value]. Comparison Type [EQUALS]. Validation Type [POSITIVE]. @02-01-2022 06:39:52.0521 AM
[ReportManager] Successfully created attachment [Screenshot - 1641105592350_simpleSelect_ValidateElementAttribute_passed] @02-01-2022 06:39:52.0522 AM
[ReportManager] Browser Action [CloseCurrentWindow] successfully performed. @02-01-2022 06:39:52.0794 AM
[ReportManager] Successfully created attachment [Browser Action Test Data - CloseCurrentWindow - Actual Value] @02-01-2022 06:39:52.0794 A
[ReportManager] File Action [GetAbsolutePath] successfully performed. With the following test data [Relative Folder Path: "target/downloadedFiles/"]. @02-01-2022 06:39:52.0796 AM
[ReportManager] Attempting to run locally on: [Mac-64], [Safari], Headless Execution. @02-01-2022 06:39:52.0796 AM
[ReportManager] Successfully Opened Safari. @02-01-2022 06:39:53.0667 AM
[ReportManager] Initial window size: (800, 600) @02-01-2022 06:39:53.0703 AM
[ReportManager] Window size after SWD Maximize: (1176, 803) @02-01-2022 06:39:53.0718 AM
[ReportManager] Browser Action [MaximizeWindow] successfully performed. With the following test data [New screen size is now: (1176, 803)]. @02-01-2022 06:39:53.0718 A

################################################################################################################################################
Starting Execution:	[145 out of 146] test cases in the current suite
Test Method:		[testPackage01.Test_dynamicLoading.dynamicLoading_elementIsHidden]
################################################################################################################################################
[ReportManager] Target URL: [https://the-internet.herokuapp.com/dynamic_loading/1] @02-01-2022 06:39:53.0762 AM
[ReportManager] Initial URL: [] @02-01-2022 06:39:53.0804 AM
[ReportManager] Browser Action [NavigateToURL] successfully performed. With the following test data [https://the-internet.herokuapp.com/dynamic_loading/1]. @02-01-2022 06:39:54.0942 AM
[ReportManager] Element Action [Click] successfully performed. With the following test data [By.xpath: //button[text()='Start']]. @02-01-2022 06:39:55.0142 AM
[ReportManager] Element Action [GetText] successfully performed. With the following test data [
    Hello World!
  ]. @02-01-2022 06:39:55.0197 A
[ReportManager] Browser Action [CloseCurrentWindow] successfully performed. @02-01-2022 06:39:57.0094 AM
[ReportManager] Successfully created attachment [Browser Action Test Data - CloseCurrentWindow - Actual Value] @02-01-2022 06:39:57.0095 A
[ReportManager] File Action [GetAbsolutePath] successfully performed. With the following test data [Relative Folder Path: "target/downloadedFiles/"]. @02-01-2022 06:39:57.0097 AM
[ReportManager] Attempting to run locally on: [Mac-64], [Safari], Headless Execution. @02-01-2022 06:39:57.0097 AM
[ReportManager] Successfully Opened Safari. @02-01-2022 06:39:58.0036 AM
[ReportManager] Initial window size: (800, 600) @02-01-2022 06:39:58.0088 AM
[ReportManager] Window size after SWD Maximize: (1176, 803) @02-01-2022 06:39:58.0138 AM
[ReportManager] Browser Action [MaximizeWindow] successfully performed. With the following test data [New screen size is now: (1176, 803)]. @02-01-2022 06:39:58.0138 A

################################################################################################################################################
Starting Execution:	[146 out of 146] test cases in the current suite
Test Method:		[testPackage01.Test_dynamicLoading.dynamicLoading_elementIsRendered]
################################################################################################################################################
[ReportManager] Target URL: [https://the-internet.herokuapp.com/dynamic_loading/2] @02-01-2022 06:39:58.0152 AM
[ReportManager] Initial URL: [] @02-01-2022 06:39:58.0254 AM
[ReportManager] Browser Action [NavigateToURL] successfully performed. With the following test data [https://the-internet.herokuapp.com/dynamic_loading/2]. @02-01-2022 06:39:59.0600 AM
[ReportManager] Element Action [Click] successfully performed. With the following test data [By.xpath: //button[text()='Start']]. @02-01-2022 06:39:59.0814 AM
[ReportManager] Element Action [GetText] successfully performed. With the following test data [Hello World!]. @02-01-2022 06:40:05.0074 AM
[ReportManager] Loaded Shared OpenCV @02-01-2022 06:40:05.0132 AM
[ReportManager] Assertion [ValidateElementAttribute] PASSED. Expected [Value Should be 'Hello World!' for the 'text' attribute, element locator 'By.id: finish'] and Actual [Hello World!]. Comparison Type [CONTAINS]. Validation Type [POSITIVE]. @02-01-2022 06:40:05.0223 AM
[ReportManager] Successfully created attachment [Screenshot - 1641105605132_dynamicLoading_elementIsRendered_ValidateElementAttribute_passed] @02-01-2022 06:40:05.0224 A
[ReportManager] Browser Action [CloseCurrentWindow] successfully performed. @02-01-2022 06:40:05.0635 AM
[ReportManager] Successfully created attachment [Browser Action Test Data - CloseCurrentWindow - Actual Value] @02-01-2022 06:40:05.0637 A
[ReportManager] Successfully created attachment [SHAFT Engine Logs - Execution log] @02-01-2022 06:40:05.0671 AM

################################################################################################################################################
This test run was powered by SHAFT Engine Version: [SHAFT Engine v5.4.20211202-BETA]
SHAFT Engine is licensed under the MIT License: [https://github.com/MohabMohie/SHAFT_ENGINE/blob/master/LICENSE].
################################################################################################################################################