################################################################################################################################################
Detected SHAFT Engine Version: [SHAFT Engine v5.4.20211030-BETA]
################################################################################################################################################
[ReportManager] File Action [GetAbsolutePath] successfully performed. With the following test data [Relative Folder Path: "target/downloadedFiles/"]. @03-11-2021 05:22:19.0496 AM
[ReportManager] Attempting to run locally on: [Mac-64], [Safari], Headless Execution. @03-11-2021 05:22:19.0515 AM
[ReportManager] Successfully Opened Safari. @03-11-2021 05:22:24.0171 AM
[ReportManager] Initial window size: (800, 600) @03-11-2021 05:22:24.0195 AM
[ReportManager] Window size after SWD Maximize: (1176, 810) @03-11-2021 05:22:24.0224 AM
[ReportManager] Browser Action [MaximizeWindow] successfully performed. With the following test data [New screen size is now: (1176, 810)]. @03-11-2021 05:22:24.0225 A

################################################################################################################################################
Starting Execution:	[1 out of 144] test cases in the current suite
Test Method:		[unitTests.tests_element_elementActions.waitForElementToBePresent_false_expectedToFail]
################################################################################################################################################
[ReportManager] Target URL: [https://www.google.com/ncr], and after redirection: [www.google.com] @03-11-2021 05:22:24.0406 AM
[ReportManager] Initial URL: [] @03-11-2021 05:22:24.0471 AM
[ReportManager] Browser Action [NavigateToURL] successfully performed. With the following test data [https://www.google.com/ncr]. @03-11-2021 05:22:25.0695 AM
[ReportManager] Waiting for element to be present; elementLocator [By.xpath: //*[@id='hplogo' or @alt='Google']], numberOfTries[1], stateOfPresence[false]... @03-11-2021 05:22:25.0707 AM
[ReportManager] Element Action [WaitForElementToBePresent] failed. With the following test data [waited for the element's state of presence to be (false). Element locator (By.xpath: //*[@id='hplogo' or @alt='Google'])]. @03-11-2021 05:22:28.0145 AM
[ReportManager] Successfully created attachment [Screenshot - 1635916945790_waitForElementToBePresent_false_expectedToFail_WaitForElementToBePresent_failed] @03-11-2021 05:22:28.0156 A
[ReportManager] Browser Action [CloseCurrentWindow] successfully performed. @03-11-2021 05:22:28.0252 AM
[ReportManager] Successfully created attachment [Browser Action Test Data - CloseCurrentWindow - Actual Value] @03-11-2021 05:22:28.0258 A
[ReportManager] File Action [GetAbsolutePath] successfully performed. With the following test data [Relative Folder Path: "target/downloadedFiles/"]. @03-11-2021 05:22:28.0272 AM
[ReportManager] Attempting to run locally on: [Mac-64], [Safari], Headless Execution. @03-11-2021 05:22:28.0273 AM
[ReportManager] Successfully Opened Safari. @03-11-2021 05:22:29.0137 AM
[ReportManager] Initial window size: (800, 600) @03-11-2021 05:22:29.0177 AM
[ReportManager] Window size after SWD Maximize: (1176, 811) @03-11-2021 05:22:29.0233 AM
[ReportManager] Browser Action [MaximizeWindow] successfully performed. With the following test data [New screen size is now: (1176, 811)]. @03-11-2021 05:22:29.0234 A

################################################################################################################################################
Starting Execution:	[2 out of 144] test cases in the current suite
Test Method:		[unitTests.tests_element_elementActions.waitForElementToBePresent_false_expectedToPass]
################################################################################################################################################
[ReportManager] Target URL: [https://www.google.com/ncr], and after redirection: [www.google.com] @03-11-2021 05:22:29.0239 AM
[ReportManager] Initial URL: [] @03-11-2021 05:22:29.0299 AM
[ReportManager] Browser Action [NavigateToURL] successfully performed. With the following test data [https://www.google.com/ncr]. @03-11-2021 05:22:30.0432 AM
[ReportManager] Waiting for element to be present; elementLocator [By.id: bla], numberOfTries[1], stateOfPresence[false]... @03-11-2021 05:22:30.0433 A
[ReportManager] Browser Action [CloseCurrentWindow] successfully performed. @03-11-2021 05:22:30.0552 AM
[ReportManager] Successfully created attachment [Browser Action Test Data - CloseCurrentWindow - Actual Value] @03-11-2021 05:22:30.0553 A
[ReportManager] File Action [GetAbsolutePath] successfully performed. With the following test data [Relative Folder Path: "target/downloadedFiles/"]. @03-11-2021 05:22:30.0559 AM
[ReportManager] Attempting to run locally on: [Mac-64], [Safari], Headless Execution. @03-11-2021 05:22:30.0559 AM
[ReportManager] Successfully Opened Safari. @03-11-2021 05:22:31.0455 AM
[ReportManager] Initial window size: (800, 600) @03-11-2021 05:22:31.0461 AM
[ReportManager] Window size after SWD Maximize: (1176, 811) @03-11-2021 05:22:31.0474 AM
[ReportManager] Browser Action [MaximizeWindow] successfully performed. With the following test data [New screen size is now: (1176, 811)]. @03-11-2021 05:22:31.0474 A

################################################################################################################################################
Starting Execution:	[3 out of 144] test cases in the current suite
Test Method:		[unitTests.tests_element_elementActions.waitForElementToBePresent_moreThanOneElement_expectedToFail]
################################################################################################################################################
[ReportManager] Target URL: [https://www.google.com/ncr], and after redirection: [www.google.com] @03-11-2021 05:22:31.0486 AM
[ReportManager] Initial URL: [] @03-11-2021 05:22:31.0542 AM
[ReportManager] Browser Action [NavigateToURL] successfully performed. With the following test data [https://www.google.com/ncr]. @03-11-2021 05:22:32.0450 AM
[ReportManager] Waiting for element to be present; elementLocator [By.xpath: //*], numberOfTries[1], stateOfPresence[false]... @03-11-2021 05:22:32.0450 AM
[ReportManager] Element Action [WaitForElementToBePresent] failed. With the following test data [waited for the element's state of presence to be (false). Element locator (By.xpath: //*)]. @03-11-2021 05:22:32.0624 AM
[ReportManager] Successfully created attachment [Screenshot - 1635916952517_waitForElementToBePresent_moreThanOneElement_expectedToFail_WaitForElementToBePresent_failed] @03-11-2021 05:22:32.0627 A
[ReportManager] Browser Action [CloseCurrentWindow] successfully performed. @03-11-2021 05:22:32.0743 AM
[ReportManager] Successfully created attachment [Browser Action Test Data - CloseCurrentWindow - Actual Value] @03-11-2021 05:22:32.0744 A
[ReportManager] File Action [GetAbsolutePath] successfully performed. With the following test data [Relative Folder Path: "target/downloadedFiles/"]. @03-11-2021 05:22:32.0750 AM
[ReportManager] Attempting to run locally on: [Mac-64], [Safari], Headless Execution. @03-11-2021 05:22:32.0751 AM
[ReportManager] Successfully Opened Safari. @03-11-2021 05:22:33.0621 AM
[ReportManager] Initial window size: (800, 600) @03-11-2021 05:22:33.0628 AM
[ReportManager] Window size after SWD Maximize: (1176, 811) @03-11-2021 05:22:33.0640 AM
[ReportManager] Browser Action [MaximizeWindow] successfully performed. With the following test data [New screen size is now: (1176, 811)]. @03-11-2021 05:22:33.0641 A

################################################################################################################################################
Starting Execution:	[4 out of 144] test cases in the current suite
Test Method:		[unitTests.tests_element_elementActions.waitForElementToBePresent_true_expectedToFail]
################################################################################################################################################
[ReportManager] Target URL: [https://www.google.com/ncr], and after redirection: [www.google.com] @03-11-2021 05:22:33.0650 AM
[ReportManager] Initial URL: [] @03-11-2021 05:22:33.0709 AM
[ReportManager] Browser Action [NavigateToURL] successfully performed. With the following test data [https://www.google.com/ncr]. @03-11-2021 05:22:35.0257 AM
[ReportManager] Waiting for element to be present; elementLocator [By.id: bla], numberOfTries[1], stateOfPresence[true]... @03-11-2021 05:22:35.0258 A
[ReportManager] Browser Action [CloseCurrentWindow] successfully performed. @03-11-2021 05:22:35.0400 AM
[ReportManager] Successfully created attachment [Browser Action Test Data - CloseCurrentWindow - Actual Value] @03-11-2021 05:22:35.0401 A
[ReportManager] File Action [GetAbsolutePath] successfully performed. With the following test data [Relative Folder Path: "target/downloadedFiles/"]. @03-11-2021 05:22:35.0406 AM
[ReportManager] Attempting to run locally on: [Mac-64], [Safari], Headless Execution. @03-11-2021 05:22:35.0407 AM
[ReportManager] Successfully Opened Safari. @03-11-2021 05:22:36.0247 AM
[ReportManager] Initial window size: (800, 600) @03-11-2021 05:22:36.0256 AM
[ReportManager] Window size after SWD Maximize: (1176, 811) @03-11-2021 05:22:36.0279 AM
[ReportManager] Browser Action [MaximizeWindow] successfully performed. With the following test data [New screen size is now: (1176, 811)]. @03-11-2021 05:22:36.0280 A

################################################################################################################################################
Starting Execution:	[5 out of 144] test cases in the current suite
Test Method:		[unitTests.tests_element_elementActions.waitForElementToBePresent_true_expectedToPass]
################################################################################################################################################
[ReportManager] Target URL: [https://www.google.com/ncr], and after redirection: [www.google.com] @03-11-2021 05:22:36.0288 AM
[ReportManager] Initial URL: [] @03-11-2021 05:22:36.0367 AM
[ReportManager] Browser Action [NavigateToURL] successfully performed. With the following test data [https://www.google.com/ncr]. @03-11-2021 05:22:37.0792 AM
[ReportManager] Waiting for element to be present; elementLocator [By.xpath: //*[@id='hplogo' or @alt='Google']], numberOfTries[1], stateOfPresence[true]... @03-11-2021 05:22:37.0793 AM
[ReportManager] Element Action [WaitForElementToBePresent] successfully performed. With the following test data [waited for the element's state of presence to be (true). Element locator (By.xpath: //*[@id='hplogo' or @alt='Google'])]. @03-11-2021 05:22:37.0825 AM
[ReportManager] File Action [DoesFileExist] successfully performed. With the following test data [File Path: "src/test/resources/DynamicObjectRepository/unitTests_tests_element_elementActions_waitForElementToBePresent_true_expectedToPass_By_xpath_id_hplogo_or_alt_Google.png"]. @03-11-2021 05:22:37.0849 AM
[ReportManager] File Action [DoesFileExist] successfully performed. With the following test data [File Path: "src/test/resources/DynamicObjectRepository/unitTests_tests_element_elementActions_waitForElementToBePresent_true_expectedToPass_By_xpath_id_hplogo_or_alt_Google.png"]. @03-11-2021 05:22:37.0938 AM
[ReportManager] Passing the test and saving a reference image @03-11-2021 05:22:37.0939 AM
[ReportManager] File Action [GetAbsolutePath] successfully performed. With the following test data [Relative File Path: "src/test/resources/DynamicObjectRepository/unitTests_tests_element_elementActions_waitForElementToBePresent_true_expectedToPass_By_xpath_id_hplogo_or_alt_Google.png"]. @03-11-2021 05:22:37.0939 AM
[ReportManager] File Action [WriteToFile] successfully performed. With the following test data [Target File Path: "/Users/runner/work/SHAFT_ENGINE/SHAFT_ENGINE/src/test/resources/DynamicObjectRepository/unitTests_tests_element_elementActions_waitForElementToBePresent_true_expectedToPass_By_xpath_id_hplogo_or_alt_Google.png"]. @03-11-2021 05:22:37.0941 AM
[ReportManager] Assertion Passed: Using Visual AI; OpenCV @03-11-2021 05:22:37.0943 AM
[ReportManager] Successfully created attachment [Validation Test Data - Actual Screenshot] @03-11-2021 05:22:37.0944 AM
[ReportManager] Assertion [ValidateElementMatches] PASSED. Expected [Element should match the reference screenshot] and Actual [TRUE]. Comparison Type [EXACT_OPENCV]. Validation Type [POSITIVE]. @03-11-2021 05:22:37.0944 A
[ReportManager] Browser Action [CloseCurrentWindow] successfully performed. @03-11-2021 05:22:38.0005 AM
[ReportManager] Successfully created attachment [Browser Action Test Data - CloseCurrentWindow - Actual Value] @03-11-2021 05:22:38.0007 A
[ReportManager] File Action [GetAbsolutePath] successfully performed. With the following test data [Relative Folder Path: "target/downloadedFiles/"]. @03-11-2021 05:22:38.0021 AM
[ReportManager] Attempting to run locally on: [Mac-64], [Safari], Headless Execution. @03-11-2021 05:22:38.0021 AM
[ReportManager] Successfully Opened Safari. @03-11-2021 05:22:38.0885 AM
[ReportManager] Initial window size: (800, 600) @03-11-2021 05:22:38.0903 AM
[ReportManager] Window size after SWD Maximize: (1176, 811) @03-11-2021 05:22:38.0926 AM
[ReportManager] Browser Action [MaximizeWindow] successfully performed. With the following test data [New screen size is now: (1176, 811)]. @03-11-2021 05:22:38.0934 AM
[ReportManager] Target URL: [https://duckduckgo.com] @03-11-2021 05:22:38.0936 AM
[ReportManager] Initial URL: [] @03-11-2021 05:22:38.0989 AM
[ReportManager] Browser Action [NavigateToURL] successfully performed. With the following test data [https://duckduckgo.com]. @03-11-2021 05:22:39.0896 A

################################################################################################################################################
Starting Execution:	[6 out of 144] test cases in the current suite
Test Method:		[unitTests.tests_browserActions.fullScreenWindow]
################################################################################################################################################
[ReportManager] Initial Windows Size: 1176x811 @03-11-2021 05:22:39.0907 AM
[ReportManager] Current Windows Size after fullScreen: 1176x885 @03-11-2021 05:22:40.0201 AM
[ReportManager] Browser Action [FullScreenWindow] successfully performed. @03-11-2021 05:22:40.0222 AM
[ReportManager] Successfully created attachment [Browser Action Test Data - FullScreenWindow - Actual Value] @03-11-2021 05:22:40.0225 A
[ReportManager] Target URL: [https://duckduckgo.com] @03-11-2021 05:22:40.0232 AM
[ReportManager] Initial URL: [https://duckduckgo.com] @03-11-2021 05:22:40.0306 AM
[ReportManager] Browser Action [NavigateToURL] successfully performed. With the following test data [https://duckduckgo.com]. @03-11-2021 05:22:40.0836 AM
[ReportManager] Browser Action [CloseCurrentWindow] successfully performed. @03-11-2021 05:22:40.0896 AM
[ReportManager] Successfully created attachment [Browser Action Test Data - CloseCurrentWindow - Actual Value] @03-11-2021 05:22:40.0899 A
[ReportManager] File Action [GetAbsolutePath] successfully performed. With the following test data [Relative Folder Path: "target/downloadedFiles/"]. @03-11-2021 05:22:40.0906 AM
[ReportManager] Attempting to run locally on: [Mac-64], [Safari], Headless Execution. @03-11-2021 05:22:40.0906 AM
[ReportManager] Successfully Opened Safari. @03-11-2021 05:22:41.0554 AM
[ReportManager] Initial window size: (800, 600) @03-11-2021 05:22:41.0581 AM
[ReportManager] Window size after SWD Maximize: (1176, 811) @03-11-2021 05:22:41.0615 AM
[ReportManager] Browser Action [MaximizeWindow] successfully performed. With the following test data [New screen size is now: (1176, 811)]. @03-11-2021 05:22:41.0616 AM
[ReportManager] Target URL: [https://duckduckgo.com] @03-11-2021 05:22:41.0616 AM
[ReportManager] Initial URL: [] @03-11-2021 05:22:41.0704 AM
[ReportManager] Browser Action [NavigateToURL] successfully performed. With the following test data [https://duckduckgo.com]. @03-11-2021 05:22:42.0498 A

################################################################################################################################################
Starting Execution:	[7 out of 144] test cases in the current suite
Test Method:		[unitTests.tests_browserActions.getCurrentURL]
################################################################################################################################################
[ReportManager] Browser Action [GetCurrentURL] successfully performed. With the following test data [https://duckduckgo.com/]. @03-11-2021 05:22:42.0531 A
[ReportManager] Target URL: [https://duckduckgo.com] @03-11-2021 05:22:42.0533 AM
[ReportManager] Initial URL: [https://duckduckgo.com] @03-11-2021 05:22:42.0573 AM
[ReportManager] Browser Action [NavigateToURL] successfully performed. With the following test data [https://duckduckgo.com]. @03-11-2021 05:22:42.0997 AM
[ReportManager] Browser Action [CloseCurrentWindow] successfully performed. @03-11-2021 05:22:43.0051 AM
[ReportManager] Successfully created attachment [Browser Action Test Data - CloseCurrentWindow - Actual Value] @03-11-2021 05:22:43.0052 A
[ReportManager] File Action [GetAbsolutePath] successfully performed. With the following test data [Relative Folder Path: "target/downloadedFiles/"]. @03-11-2021 05:22:43.0057 AM
[ReportManager] Attempting to run locally on: [Mac-64], [Safari], Headless Execution. @03-11-2021 05:22:43.0058 AM
[ReportManager] Successfully Opened Safari. @03-11-2021 05:22:43.0841 AM
[ReportManager] Initial window size: (800, 600) @03-11-2021 05:22:43.0858 AM
[ReportManager] Window size after SWD Maximize: (1176, 811) @03-11-2021 05:22:43.0872 AM
[ReportManager] Browser Action [MaximizeWindow] successfully performed. With the following test data [New screen size is now: (1176, 811)]. @03-11-2021 05:22:43.0872 AM
[ReportManager] Target URL: [https://duckduckgo.com] @03-11-2021 05:22:43.0873 AM
[ReportManager] Initial URL: [] @03-11-2021 05:22:43.0950 AM
[ReportManager] Browser Action [NavigateToURL] successfully performed. With the following test data [https://duckduckgo.com]. @03-11-2021 05:22:44.0627 A

################################################################################################################################################
Starting Execution:	[8 out of 144] test cases in the current suite
Test Method:		[unitTests.tests_browserActions.getCurrentWindowTitle]
################################################################################################################################################
[ReportManager] Browser Action [GetCurrentWindowTitle] successfully performed. With the following test data [DuckDuckGo â€” Privacy, simplified.]. @03-11-2021 05:22:44.0653 A
[ReportManager] Target URL: [https://duckduckgo.com] @03-11-2021 05:22:44.0656 AM
[ReportManager] Initial URL: [https://duckduckgo.com] @03-11-2021 05:22:44.0688 AM
[ReportManager] Browser Action [NavigateToURL] successfully performed. With the following test data [https://duckduckgo.com]. @03-11-2021 05:22:44.0996 AM
[ReportManager] Browser Action [CloseCurrentWindow] successfully performed. @03-11-2021 05:22:45.0268 AM
[ReportManager] Successfully created attachment [Browser Action Test Data - CloseCurrentWindow - Actual Value] @03-11-2021 05:22:45.0269 A
[ReportManager] File Action [GetAbsolutePath] successfully performed. With the following test data [Relative Folder Path: "target/downloadedFiles/"]. @03-11-2021 05:22:45.0277 AM
[ReportManager] Attempting to run locally on: [Mac-64], [Safari], Headless Execution. @03-11-2021 05:22:45.0278 AM
[ReportManager] Successfully Opened Safari. @03-11-2021 05:22:46.0094 AM
[ReportManager] Initial window size: (800, 600) @03-11-2021 05:22:46.0104 AM
[ReportManager] Window size after SWD Maximize: (1176, 811) @03-11-2021 05:22:46.0129 AM
[ReportManager] Browser Action [MaximizeWindow] successfully performed. With the following test data [New screen size is now: (1176, 811)]. @03-11-2021 05:22:46.0129 AM
[ReportManager] Target URL: [https://duckduckgo.com] @03-11-2021 05:22:46.0130 AM
[ReportManager] Initial URL: [] @03-11-2021 05:22:46.0190 AM
[ReportManager] Browser Action [NavigateToURL] successfully performed. With the following test data [https://duckduckgo.com]. @03-11-2021 05:22:46.0823 A

################################################################################################################################################
Starting Execution:	[9 out of 144] test cases in the current suite
Test Method:		[unitTests.tests_browserActions.getPageSource]
################################################################################################################################################
[ReportManager] Browser Action [GetPageSource] successfully performed. @03-11-2021 05:22:46.0865 AM
[ReportManager] Successfully created attachment [Browser Action Test Data - GetPageSource - Actual Value] @03-11-2021 05:22:46.0865 A
[ReportManager] Target URL: [https://duckduckgo.com] @03-11-2021 05:22:46.0868 AM
[ReportManager] Initial URL: [https://duckduckgo.com] @03-11-2021 05:22:46.0899 AM
[ReportManager] Browser Action [NavigateToURL] successfully performed. With the following test data [https://duckduckgo.com]. @03-11-2021 05:22:47.0202 AM
[ReportManager] Browser Action [CloseCurrentWindow] successfully performed. @03-11-2021 05:22:47.0330 AM
[ReportManager] Successfully created attachment [Browser Action Test Data - CloseCurrentWindow - Actual Value] @03-11-2021 05:22:47.0331 A
[ReportManager] File Action [GetAbsolutePath] successfully performed. With the following test data [Relative Folder Path: "target/downloadedFiles/"]. @03-11-2021 05:22:47.0334 AM
[ReportManager] Attempting to run locally on: [Mac-64], [Safari], Headless Execution. @03-11-2021 05:22:47.0334 AM
[ReportManager] Successfully Opened Safari. @03-11-2021 05:22:48.0169 AM
[ReportManager] Initial window size: (800, 600) @03-11-2021 05:22:48.0199 AM
[ReportManager] Window size after SWD Maximize: (1176, 811) @03-11-2021 05:22:48.0226 AM
[ReportManager] Browser Action [MaximizeWindow] successfully performed. With the following test data [New screen size is now: (1176, 811)]. @03-11-2021 05:22:48.0227 AM
[ReportManager] Target URL: [https://duckduckgo.com] @03-11-2021 05:22:48.0227 AM
[ReportManager] Initial URL: [] @03-11-2021 05:22:48.0279 AM
[ReportManager] Browser Action [NavigateToURL] successfully performed. With the following test data [https://duckduckgo.com]. @03-11-2021 05:22:48.0958 A

################################################################################################################################################
Starting Execution:	[10 out of 144] test cases in the current suite
Test Method:		[unitTests.tests_browserActions.getWindowHandle]
################################################################################################################################################
[ReportManager] Browser Action [GetWindowHandle] successfully performed. With the following test data [page-5752640A-3065-41A0-BEAF-A252A10481C7]. @03-11-2021 05:22:48.0997 A
[ReportManager] Target URL: [https://duckduckgo.com] @03-11-2021 05:22:49.0000 AM
[ReportManager] Initial URL: [https://duckduckgo.com] @03-11-2021 05:22:49.0035 AM
[ReportManager] Browser Action [NavigateToURL] successfully performed. With the following test data [https://duckduckgo.com]. @03-11-2021 05:22:49.0345 AM
[ReportManager] Browser Action [CloseCurrentWindow] successfully performed. @03-11-2021 05:22:49.0543 AM
[ReportManager] Successfully created attachment [Browser Action Test Data - CloseCurrentWindow - Actual Value] @03-11-2021 05:22:49.0544 A
[ReportManager] File Action [GetAbsolutePath] successfully performed. With the following test data [Relative Folder Path: "target/downloadedFiles/"]. @03-11-2021 05:22:49.0548 AM
[ReportManager] Attempting to run locally on: [Mac-64], [Safari], Headless Execution. @03-11-2021 05:22:49.0548 AM
[ReportManager] Successfully Opened Safari. @03-11-2021 05:22:50.0407 AM
[ReportManager] Initial window size: (800, 600) @03-11-2021 05:22:50.0425 AM
[ReportManager] Window size after SWD Maximize: (1176, 811) @03-11-2021 05:22:50.0436 AM
[ReportManager] Browser Action [MaximizeWindow] successfully performed. With the following test data [New screen size is now: (1176, 811)]. @03-11-2021 05:22:50.0437 AM
[ReportManager] Target URL: [https://duckduckgo.com] @03-11-2021 05:22:50.0437 AM
[ReportManager] Initial URL: [] @03-11-2021 05:22:50.0476 AM
[ReportManager] Browser Action [NavigateToURL] successfully performed. With the following test data [https://duckduckgo.com]. @03-11-2021 05:22:51.0106 A

################################################################################################################################################
Starting Execution:	[11 out of 144] test cases in the current suite
Test Method:		[unitTests.tests_browserActions.getWindowPosition]
################################################################################################################################################
[ReportManager] Browser Action [GetWindowPosition] successfully performed. With the following test data [(0, 23)]. @03-11-2021 05:22:51.0144 A
[ReportManager] Target URL: [https://duckduckgo.com] @03-11-2021 05:22:51.0146 AM
[ReportManager] Initial URL: [https://duckduckgo.com] @03-11-2021 05:22:51.0207 AM
[ReportManager] Browser Action [NavigateToURL] successfully performed. With the following test data [https://duckduckgo.com]. @03-11-2021 05:22:51.0550 AM
[ReportManager] Browser Action [CloseCurrentWindow] successfully performed. @03-11-2021 05:22:51.0779 AM
[ReportManager] Successfully created attachment [Browser Action Test Data - CloseCurrentWindow - Actual Value] @03-11-2021 05:22:51.0780 A
[ReportManager] File Action [GetAbsolutePath] successfully performed. With the following test data [Relative Folder Path: "target/downloadedFiles/"]. @03-11-2021 05:22:51.0783 AM
[ReportManager] Attempting to run locally on: [Mac-64], [Safari], Headless Execution. @03-11-2021 05:22:51.0784 AM
[ReportManager] Successfully Opened Safari. @03-11-2021 05:22:52.0526 AM
[ReportManager] Initial window size: (800, 600) @03-11-2021 05:22:52.0532 AM
[ReportManager] Window size after SWD Maximize: (1176, 811) @03-11-2021 05:22:52.0559 AM
[ReportManager] Browser Action [MaximizeWindow] successfully performed. With the following test data [New screen size is now: (1176, 811)]. @03-11-2021 05:22:52.0559 AM
[ReportManager] Target URL: [https://duckduckgo.com] @03-11-2021 05:22:52.0560 AM
[ReportManager] Initial URL: [] @03-11-2021 05:22:52.0615 AM
[ReportManager] Browser Action [NavigateToURL] successfully performed. With the following test data [https://duckduckgo.com]. @03-11-2021 05:22:53.0235 A

################################################################################################################################################
Starting Execution:	[12 out of 144] test cases in the current suite
Test Method:		[unitTests.tests_browserActions.getWindowSize]
################################################################################################################################################
[ReportManager] Browser Action [GetWindowSize] successfully performed. With the following test data [(1176, 811)]. @03-11-2021 05:22:53.0292 A
[ReportManager] Target URL: [https://duckduckgo.com] @03-11-2021 05:22:53.0294 AM
[ReportManager] Initial URL: [https://duckduckgo.com] @03-11-2021 05:22:53.0324 AM
[ReportManager] Browser Action [NavigateToURL] successfully performed. With the following test data [https://duckduckgo.com]. @03-11-2021 05:22:53.0639 AM
[ReportManager] Browser Action [CloseCurrentWindow] successfully performed. @03-11-2021 05:22:53.0751 AM
[ReportManager] Successfully created attachment [Browser Action Test Data - CloseCurrentWindow - Actual Value] @03-11-2021 05:22:53.0752 A
[ReportManager] File Action [GetAbsolutePath] successfully performed. With the following test data [Relative Folder Path: "target/downloadedFiles/"]. @03-11-2021 05:22:53.0755 AM
[ReportManager] Attempting to run locally on: [Mac-64], [Safari], Headless Execution. @03-11-2021 05:22:53.0755 AM
[ReportManager] Successfully Opened Safari. @03-11-2021 05:22:54.0535 AM
[ReportManager] Initial window size: (800, 600) @03-11-2021 05:22:54.0543 AM
[ReportManager] Window size after SWD Maximize: (1176, 811) @03-11-2021 05:22:54.0558 AM
[ReportManager] Browser Action [MaximizeWindow] successfully performed. With the following test data [New screen size is now: (1176, 811)]. @03-11-2021 05:22:54.0559 AM
[ReportManager] Target URL: [https://duckduckgo.com] @03-11-2021 05:22:54.0559 AM
[ReportManager] Initial URL: [] @03-11-2021 05:22:54.0602 AM
[ReportManager] Browser Action [NavigateToURL] successfully performed. With the following test data [https://duckduckgo.com]. @03-11-2021 05:22:55.0233 A

################################################################################################################################################
Starting Execution:	[13 out of 144] test cases in the current suite
Test Method:		[unitTests.tests_browserActions.maximizeWindow]
################################################################################################################################################
[ReportManager] Initial window size: (1176, 811) @03-11-2021 05:22:55.0242 AM
[ReportManager] Window size after SWD Maximize: (1176, 811) @03-11-2021 05:22:55.0250 AM
[ReportManager] Window size after Toolkit: (1920, 1080) @03-11-2021 05:22:55.0292 AM
[ReportManager] Browser Action [MaximizeWindow] successfully performed. With the following test data [New screen size is now: (1920, 1080)]. @03-11-2021 05:22:55.0308 A
[ReportManager] Target URL: [https://duckduckgo.com] @03-11-2021 05:22:55.0311 AM
[ReportManager] Initial URL: [https://duckduckgo.com] @03-11-2021 05:22:55.0347 AM
[ReportManager] Browser Action [NavigateToURL] successfully performed. With the following test data [https://duckduckgo.com]. @03-11-2021 05:22:55.0667 AM
[ReportManager] Browser Action [CloseCurrentWindow] successfully performed. @03-11-2021 05:22:55.0781 AM
[ReportManager] Successfully created attachment [Browser Action Test Data - CloseCurrentWindow - Actual Value] @03-11-2021 05:22:55.0782 A
[ReportManager] File Action [GetAbsolutePath] successfully performed. With the following test data [Relative Folder Path: "target/downloadedFiles/"]. @03-11-2021 05:22:55.0784 AM
[ReportManager] Attempting to run locally on: [Mac-64], [Safari], Headless Execution. @03-11-2021 05:22:55.0785 AM
[ReportManager] Successfully Opened Safari. @03-11-2021 05:22:56.0588 AM
[ReportManager] Initial window size: (800, 600) @03-11-2021 05:22:56.0594 AM
[ReportManager] Window size after SWD Maximize: (1176, 811) @03-11-2021 05:22:56.0605 AM
[ReportManager] Browser Action [MaximizeWindow] successfully performed. With the following test data [New screen size is now: (1176, 811)]. @03-11-2021 05:22:56.0605 AM
[ReportManager] Target URL: [https://duckduckgo.com] @03-11-2021 05:22:56.0605 AM
[ReportManager] Initial URL: [] @03-11-2021 05:22:56.0660 AM
[ReportManager] Browser Action [NavigateToURL] successfully performed. With the following test data [https://duckduckgo.com]. @03-11-2021 05:22:57.0297 A

################################################################################################################################################
Starting Execution:	[14 out of 144] test cases in the current suite
Test Method:		[unitTests.tests_browserActions.navigateBack]
################################################################################################################################################
[ReportManager] Target URL: [https://www.google.com/ncr], and after redirection: [https://www.google.com] @03-11-2021 05:22:57.0313 AM
[ReportManager] Initial URL: [https://duckduckgo.com] @03-11-2021 05:22:57.0362 AM
[ReportManager] Browser Action [NavigateToURL] successfully performed. With the following test data [https://www.google.com/ncr]. @03-11-2021 05:22:58.0080 AM
[ReportManager] Browser Action [NavigateBack] successfully performed. With the following test data [https://duckduckgo.com/]. @03-11-2021 05:22:58.0222 AM
[ReportManager] Browser Action [GetCurrentURL] successfully performed. With the following test data [https://duckduckgo.com/]. @03-11-2021 05:22:58.0243 AM
[ReportManager] Assertion Passed: Confirming that navigating back was successful @03-11-2021 05:22:58.0378 AM
[ReportManager] Successfully created attachment [Screenshot - 1635916978282_navigateBack_ValidateBrowserAttribute_passed] @03-11-2021 05:22:58.0382 AM
[ReportManager] Assertion [ValidateBrowserAttribute] PASSED. Expected [Value Should be 'https://duckduckgo.com' for the 'CurrentUrl' attribute] and Actual [https://duckduckgo.com/]. Comparison Type [CONTAINS]. Validation Type [POSITIVE]. @03-11-2021 05:22:58.0382 A
[ReportManager] Target URL: [https://duckduckgo.com] @03-11-2021 05:22:58.0384 AM
[ReportManager] Initial URL: [https://duckduckgo.com] @03-11-2021 05:22:58.0420 AM
[ReportManager] Browser Action [NavigateToURL] successfully performed. With the following test data [https://duckduckgo.com]. @03-11-2021 05:22:58.0733 AM
[ReportManager] Browser Action [CloseCurrentWindow] successfully performed. @03-11-2021 05:22:58.0899 AM
[ReportManager] Successfully created attachment [Browser Action Test Data - CloseCurrentWindow - Actual Value] @03-11-2021 05:22:58.0900 A
[ReportManager] File Action [GetAbsolutePath] successfully performed. With the following test data [Relative Folder Path: "target/downloadedFiles/"]. @03-11-2021 05:22:58.0902 AM
[ReportManager] Attempting to run locally on: [Mac-64], [Safari], Headless Execution. @03-11-2021 05:22:58.0903 AM
[ReportManager] Successfully Opened Safari. @03-11-2021 05:22:59.0728 AM
[ReportManager] Initial window size: (800, 600) @03-11-2021 05:22:59.0737 AM
[ReportManager] Window size after SWD Maximize: (1176, 811) @03-11-2021 05:22:59.0758 AM
[ReportManager] Browser Action [MaximizeWindow] successfully performed. With the following test data [New screen size is now: (1176, 811)]. @03-11-2021 05:22:59.0759 AM
[ReportManager] Target URL: [https://duckduckgo.com] @03-11-2021 05:22:59.0759 AM
[ReportManager] Initial URL: [] @03-11-2021 05:22:59.0809 AM
[ReportManager] Browser Action [NavigateToURL] successfully performed. With the following test data [https://duckduckgo.com]. @03-11-2021 05:23:00.0491 A

################################################################################################################################################
Starting Execution:	[15 out of 144] test cases in the current suite
Test Method:		[unitTests.tests_browserActions.navigateForward]
################################################################################################################################################
[ReportManager] Target URL: [https://www.google.com/ncr], and after redirection: [https://www.google.com] @03-11-2021 05:23:00.0496 AM
[ReportManager] Initial URL: [https://duckduckgo.com] @03-11-2021 05:23:00.0523 AM
[ReportManager] Browser Action [NavigateToURL] successfully performed. With the following test data [https://www.google.com/ncr]. @03-11-2021 05:23:01.0323 AM
[ReportManager] Browser Action [NavigateBack] successfully performed. With the following test data [https://duckduckgo.com/]. @03-11-2021 05:23:01.0453 AM
[ReportManager] Browser Action [NavigateForward] successfully performed. With the following test data [https://www.google.com/]. @03-11-2021 05:23:01.0555 A
[ReportManager] Target URL: [https://duckduckgo.com] @03-11-2021 05:23:01.0557 AM
[ReportManager] Initial URL: [https://www.google.com] @03-11-2021 05:23:01.0593 AM
[ReportManager] Browser Action [NavigateToURL] successfully performed. With the following test data [https://duckduckgo.com]. @03-11-2021 05:23:01.0892 AM
[ReportManager] Browser Action [CloseCurrentWindow] successfully performed. @03-11-2021 05:23:01.0985 AM
[ReportManager] Successfully created attachment [Browser Action Test Data - CloseCurrentWindow - Actual Value] @03-11-2021 05:23:01.0986 A
[ReportManager] File Action [GetAbsolutePath] successfully performed. With the following test data [Relative Folder Path: "target/downloadedFiles/"]. @03-11-2021 05:23:01.0989 AM
[ReportManager] Attempting to run locally on: [Mac-64], [Safari], Headless Execution. @03-11-2021 05:23:01.0989 AM
[ReportManager] Successfully Opened Safari. @03-11-2021 05:23:02.0804 AM
[ReportManager] Initial window size: (800, 600) @03-11-2021 05:23:02.0810 AM
[ReportManager] Window size after SWD Maximize: (1176, 811) @03-11-2021 05:23:02.0825 AM
[ReportManager] Browser Action [MaximizeWindow] successfully performed. With the following test data [New screen size is now: (1176, 811)]. @03-11-2021 05:23:02.0825 AM
[ReportManager] Target URL: [https://duckduckgo.com] @03-11-2021 05:23:02.0825 AM
[ReportManager] Initial URL: [] @03-11-2021 05:23:02.0900 AM
[ReportManager] Browser Action [NavigateToURL] successfully performed. With the following test data [https://duckduckgo.com]. @03-11-2021 05:23:03.0539 A

################################################################################################################################################
Starting Execution:	[16 out of 144] test cases in the current suite
Test Method:		[unitTests.tests_browserActions.navigateToURL]
################################################################################################################################################
[ReportManager] Target URL: [https://duckduckgo.com] @03-11-2021 05:23:03.0542 AM
[ReportManager] Initial URL: [https://duckduckgo.com] @03-11-2021 05:23:03.0584 AM
[ReportManager] Browser Action [NavigateToURL] successfully performed. With the following test data [https://duckduckgo.com]. @03-11-2021 05:23:03.0876 A
[ReportManager] Target URL: [https://duckduckgo.com] @03-11-2021 05:23:03.0882 AM
[ReportManager] Initial URL: [https://duckduckgo.com] @03-11-2021 05:23:03.0909 AM
[ReportManager] Browser Action [NavigateToURL] successfully performed. With the following test data [https://duckduckgo.com]. @03-11-2021 05:23:04.0236 AM
[ReportManager] Browser Action [CloseCurrentWindow] successfully performed. @03-11-2021 05:23:04.0391 AM
[ReportManager] Successfully created attachment [Browser Action Test Data - CloseCurrentWindow - Actual Value] @03-11-2021 05:23:04.0392 A
[ReportManager] File Action [GetAbsolutePath] successfully performed. With the following test data [Relative Folder Path: "target/downloadedFiles/"]. @03-11-2021 05:23:04.0395 AM
[ReportManager] Attempting to run locally on: [Mac-64], [Safari], Headless Execution. @03-11-2021 05:23:04.0395 AM
[ReportManager] Successfully Opened Safari. @03-11-2021 05:23:05.0171 AM
[ReportManager] Initial window size: (800, 600) @03-11-2021 05:23:05.0185 AM
[ReportManager] Window size after SWD Maximize: (1176, 811) @03-11-2021 05:23:05.0198 AM
[ReportManager] Browser Action [MaximizeWindow] successfully performed. With the following test data [New screen size is now: (1176, 811)]. @03-11-2021 05:23:05.0198 AM
[ReportManager] Target URL: [https://duckduckgo.com] @03-11-2021 05:23:05.0198 AM
[ReportManager] Initial URL: [] @03-11-2021 05:23:05.0254 AM
[ReportManager] Browser Action [NavigateToURL] successfully performed. With the following test data [https://duckduckgo.com]. @03-11-2021 05:23:05.0891 A

################################################################################################################################################
Starting Execution:	[17 out of 144] test cases in the current suite
Test Method:		[unitTests.tests_browserActions.navigateToURLWithRedirection]
################################################################################################################################################
[ReportManager] Target URL: [https://www.google.com/ncr], and after redirection: [https://www.google.com] @03-11-2021 05:23:05.0897 AM
[ReportManager] Initial URL: [https://duckduckgo.com] @03-11-2021 05:23:05.0935 AM
[ReportManager] Browser Action [NavigateToURL] successfully performed. With the following test data [https://www.google.com/ncr]. @03-11-2021 05:23:06.0648 A
[ReportManager] Target URL: [https://duckduckgo.com] @03-11-2021 05:23:06.0650 AM
[ReportManager] Initial URL: [https://www.google.com] @03-11-2021 05:23:06.0676 AM
[ReportManager] Browser Action [NavigateToURL] successfully performed. With the following test data [https://duckduckgo.com]. @03-11-2021 05:23:06.0973 AM
[ReportManager] Browser Action [CloseCurrentWindow] successfully performed. @03-11-2021 05:23:07.0118 AM
[ReportManager] Successfully created attachment [Browser Action Test Data - CloseCurrentWindow - Actual Value] @03-11-2021 05:23:07.0118 A
[ReportManager] File Action [GetAbsolutePath] successfully performed. With the following test data [Relative Folder Path: "target/downloadedFiles/"]. @03-11-2021 05:23:07.0121 AM
[ReportManager] Attempting to run locally on: [Mac-64], [Safari], Headless Execution. @03-11-2021 05:23:07.0121 AM
[ReportManager] Successfully Opened Safari. @03-11-2021 05:23:07.0938 AM
[ReportManager] Initial window size: (800, 600) @03-11-2021 05:23:07.0944 AM
[ReportManager] Window size after SWD Maximize: (1176, 811) @03-11-2021 05:23:07.0960 AM
[ReportManager] Browser Action [MaximizeWindow] successfully performed. With the following test data [New screen size is now: (1176, 811)]. @03-11-2021 05:23:07.0975 AM
[ReportManager] Target URL: [https://duckduckgo.com] @03-11-2021 05:23:07.0975 AM
[ReportManager] Initial URL: [] @03-11-2021 05:23:08.0010 AM
[ReportManager] Browser Action [NavigateToURL] successfully performed. With the following test data [https://duckduckgo.com]. @03-11-2021 05:23:08.0638 A

################################################################################################################################################
Starting Execution:	[18 out of 144] test cases in the current suite
Test Method:		[unitTests.tests_browserActions.refreshCurrentPage]
################################################################################################################################################
[ReportManager] Browser Action [RefreshCurrentPage] successfully performed. @03-11-2021 05:23:08.0910 AM
[ReportManager] Successfully created attachment [Browser Action Test Data - RefreshCurrentPage - Actual Value] @03-11-2021 05:23:08.0911 A
[ReportManager] Target URL: [https://duckduckgo.com] @03-11-2021 05:23:08.0913 AM
[ReportManager] Initial URL: [https://duckduckgo.com] @03-11-2021 05:23:08.0939 AM
[ReportManager] Browser Action [NavigateToURL] successfully performed. With the following test data [https://duckduckgo.com]. @03-11-2021 05:23:09.0281 AM
[ReportManager] Browser Action [CloseCurrentWindow] successfully performed. @03-11-2021 05:23:09.0505 AM
[ReportManager] Successfully created attachment [Browser Action Test Data - CloseCurrentWindow - Actual Value] @03-11-2021 05:23:09.0506 A
[ReportManager] File Action [GetAbsolutePath] successfully performed. With the following test data [Relative Folder Path: "target/downloadedFiles/"]. @03-11-2021 05:23:09.0509 AM
[ReportManager] Attempting to run locally on: [Mac-64], [Safari], Headless Execution. @03-11-2021 05:23:09.0509 AM
[ReportManager] Successfully Opened Safari. @03-11-2021 05:23:10.0340 AM
[ReportManager] Initial window size: (800, 600) @03-11-2021 05:23:10.0345 AM
[ReportManager] Window size after SWD Maximize: (1176, 811) @03-11-2021 05:23:10.0359 AM
[ReportManager] Browser Action [MaximizeWindow] successfully performed. With the following test data [New screen size is now: (1176, 811)]. @03-11-2021 05:23:10.0359 AM
[ReportManager] Target URL: [https://duckduckgo.com] @03-11-2021 05:23:10.0360 AM
[ReportManager] Initial URL: [] @03-11-2021 05:23:10.0404 AM
[ReportManager] Browser Action [NavigateToURL] successfully performed. With the following test data [https://duckduckgo.com]. @03-11-2021 05:23:11.0042 A

################################################################################################################################################
Starting Execution:	[19 out of 144] test cases in the current suite
Test Method:		[unitTests.tests_browserActions.setWindowSize]
################################################################################################################################################
[ReportManager] Initial window size: (1176, 811) @03-11-2021 05:23:11.0054 AM
[ReportManager] Window size after SWD: (1280, 720) @03-11-2021 05:23:11.0085 AM
[ReportManager] Browser Action [SetWindowSize] successfully performed. With the following test data [New screen size is now: (1280, 720)]. @03-11-2021 05:23:11.0085 A
[ReportManager] Target URL: [https://duckduckgo.com] @03-11-2021 05:23:11.0087 AM
[ReportManager] Initial URL: [https://duckduckgo.com] @03-11-2021 05:23:11.0124 AM
[ReportManager] Browser Action [NavigateToURL] successfully performed. With the following test data [https://duckduckgo.com]. @03-11-2021 05:23:11.0425 AM
[ReportManager] Browser Action [CloseCurrentWindow] successfully performed. @03-11-2021 05:23:11.0643 AM
[ReportManager] Successfully created attachment [Browser Action Test Data - CloseCurrentWindow - Actual Value] @03-11-2021 05:23:11.0644 A
[ReportManager] Successfully loaded the following test data file [src/test/resources/TestDataFiles/testSuite01/TestData.xlsx]. @03-11-2021 05:23:12.0747 AM
[ReportManager] Successfully created attachment [Test Data - Excel] @03-11-2021 05:23:12.0747 A

################################################################################################################################################
Starting Execution:	[20 out of 144] test cases in the current suite
Test Method:		[unitTests.tests_io_excelFileManager.getCellData_rowName_expectedToPass]
################################################################################################################################################
[ReportManager] testRowData. @03-11-2021 05:23:12.0761 A

################################################################################################################################################
Starting Execution:	[21 out of 144] test cases in the current suite
Test Method:		[unitTests.tests_validations_assertions.assertComparativeRelation_greaterThanOrEquals_false_equals_expectedToFail]
################################################################################################################################################
[ReportManager] Assertion [ValidateComparativeRelation] FAILED. Expected [1] and Actual [1]. Comparison Type [GREATER_THAN_OR_EQUALS]. Validation Type [NEGATIVE]. @03-11-2021 05:23:12.0768 A

################################################################################################################################################
Starting Execution:	[22 out of 144] test cases in the current suite
Test Method:		[unitTests.tests_validations_assertions.assertComparativeRelation_greaterThanOrEquals_false_equals_expectedToPass]
################################################################################################################################################
[ReportManager] Assertion [ValidateComparativeRelation] PASSED. Expected [2] and Actual [1]. Comparison Type [GREATER_THAN_OR_EQUALS]. Validation Type [NEGATIVE]. @03-11-2021 05:23:12.0773 A

################################################################################################################################################
Starting Execution:	[23 out of 144] test cases in the current suite
Test Method:		[unitTests.tests_validations_assertions.assertComparativeRelation_greaterThanOrEquals_false_greaterThan_expectedToFail]
################################################################################################################################################
[ReportManager] Assertion [ValidateComparativeRelation] FAILED. Expected [1] and Actual [2]. Comparison Type [GREATER_THAN_OR_EQUALS]. Validation Type [NEGATIVE]. @03-11-2021 05:23:12.0779 A

################################################################################################################################################
Starting Execution:	[24 out of 144] test cases in the current suite
Test Method:		[unitTests.tests_validations_assertions.assertComparativeRelation_greaterThanOrEquals_false_greaterThan_expectedToPass]
################################################################################################################################################
[ReportManager] Assertion [ValidateComparativeRelation] PASSED. Expected [2] and Actual [1]. Comparison Type [GREATER_THAN_OR_EQUALS]. Validation Type [NEGATIVE]. @03-11-2021 05:23:12.0784 A

################################################################################################################################################
Starting Execution:	[25 out of 144] test cases in the current suite
Test Method:		[unitTests.tests_validations_assertions.assertComparativeRelation_greaterThanOrEquals_true_equals_expectedToFail]
################################################################################################################################################
[ReportManager] Assertion [ValidateComparativeRelation] FAILED. Expected [1] and Actual [0]. Comparison Type [GREATER_THAN_OR_EQUALS]. Validation Type [POSITIVE]. @03-11-2021 05:23:12.0790 A

################################################################################################################################################
Starting Execution:	[26 out of 144] test cases in the current suite
Test Method:		[unitTests.tests_validations_assertions.assertComparativeRelation_greaterThanOrEquals_true_equals_expectedToPass]
################################################################################################################################################
[ReportManager] Assertion [ValidateComparativeRelation] PASSED. Expected [1] and Actual [1]. Comparison Type [GREATER_THAN_OR_EQUALS]. Validation Type [POSITIVE]. @03-11-2021 05:23:12.0797 A

################################################################################################################################################
Starting Execution:	[27 out of 144] test cases in the current suite
Test Method:		[unitTests.tests_validations_assertions.assertComparativeRelation_greaterThanOrEquals_true_greaterThan_expectedToFail]
################################################################################################################################################
[ReportManager] Assertion [ValidateComparativeRelation] FAILED. Expected [2] and Actual [1]. Comparison Type [GREATER_THAN_OR_EQUALS]. Validation Type [POSITIVE]. @03-11-2021 05:23:12.0803 A

################################################################################################################################################
Starting Execution:	[28 out of 144] test cases in the current suite
Test Method:		[unitTests.tests_validations_assertions.assertComparativeRelation_greaterThanOrEquals_true_greaterThan_expectedToPass]
################################################################################################################################################
[ReportManager] Assertion [ValidateComparativeRelation] PASSED. Expected [1] and Actual [2]. Comparison Type [GREATER_THAN_OR_EQUALS]. Validation Type [POSITIVE]. @03-11-2021 05:23:12.0808 A
[ReportManager] File Action [GetAbsolutePath] successfully performed. With the following test data [Relative Folder Path: "target/downloadedFiles/"]. @03-11-2021 05:23:12.0816 AM
[ReportManager] Attempting to run locally on: [Mac-64], [Safari], Headless Execution. @03-11-2021 05:23:12.0817 AM
[ReportManager] Successfully Opened Safari. @03-11-2021 05:23:13.0636 AM
[ReportManager] Initial window size: (800, 600) @03-11-2021 05:23:13.0642 AM
[ReportManager] Window size after SWD Maximize: (1176, 811) @03-11-2021 05:23:13.0658 AM
[ReportManager] Browser Action [MaximizeWindow] successfully performed. With the following test data [New screen size is now: (1176, 811)]. @03-11-2021 05:23:13.0659 AM
[ReportManager] Target URL: [https://www.google.com/ncr], and after redirection: [www.google.com] @03-11-2021 05:23:13.0659 AM
[ReportManager] Initial URL: [] @03-11-2021 05:23:13.0707 AM
[ReportManager] Browser Action [NavigateToURL] successfully performed. With the following test data [https://www.google.com/ncr]. @03-11-2021 05:23:14.0490 A

################################################################################################################################################
Starting Execution:	[29 out of 144] test cases in the current suite
Test Method:		[unitTests.tests_validations_assertions.assertElementAttribute_false_caseInsensitiveComparison_expectedToFail]
################################################################################################################################################
[ReportManager] Element Action [Type] successfully performed. With the following test data [AUTOMATION]. @03-11-2021 05:23:14.0959 AM
[ReportManager] Element Action [GetText] successfully performed. With the following test data [AUTOMATION]. @03-11-2021 05:23:15.0036 AM
[ReportManager] Loaded Shared OpenCV @03-11-2021 05:23:16.0213 AM
[ReportManager] Assertion [ValidateElementAttribute] FAILED. Expected [Value Should not be 'AutomaTion' for the 'text' attribute, element locator 'By.name: q'] and Actual [AUTOMATION]. Comparison Type [CASE_INSENSITIVE]. Validation Type [NEGATIVE]. @03-11-2021 05:23:16.0523 AM
[ReportManager] Successfully created attachment [Screenshot - 1635916995099_assertElementAttribute_false_caseInsensitiveComparison_expectedToFail_ValidateElementAttribute_failed] @03-11-2021 05:23:16.0527 A
[ReportManager] Browser Action [CloseCurrentWindow] successfully performed. @03-11-2021 05:23:16.0571 AM
[ReportManager] Successfully created attachment [Browser Action Test Data - CloseCurrentWindow - Actual Value] @03-11-2021 05:23:16.0572 A
[ReportManager] File Action [GetAbsolutePath] successfully performed. With the following test data [Relative Folder Path: "target/downloadedFiles/"]. @03-11-2021 05:23:16.0580 AM
[ReportManager] Attempting to run locally on: [Mac-64], [Safari], Headless Execution. @03-11-2021 05:23:16.0580 AM
[ReportManager] Successfully Opened Safari. @03-11-2021 05:23:17.0396 AM
[ReportManager] Initial window size: (800, 600) @03-11-2021 05:23:17.0401 AM
[ReportManager] Window size after SWD Maximize: (1176, 811) @03-11-2021 05:23:17.0424 AM
[ReportManager] Browser Action [MaximizeWindow] successfully performed. With the following test data [New screen size is now: (1176, 811)]. @03-11-2021 05:23:17.0424 AM
[ReportManager] Target URL: [https://www.google.com/ncr], and after redirection: [www.google.com] @03-11-2021 05:23:17.0424 AM
[ReportManager] Initial URL: [] @03-11-2021 05:23:17.0471 AM
[ReportManager] Browser Action [NavigateToURL] successfully performed. With the following test data [https://www.google.com/ncr]. @03-11-2021 05:23:18.0871 A

################################################################################################################################################
Starting Execution:	[30 out of 144] test cases in the current suite
Test Method:		[unitTests.tests_validations_assertions.assertElementAttribute_false_caseInsensitiveComparison_expectedToPass]
################################################################################################################################################
[ReportManager] Element Action [Type] successfully performed. With the following test data [AUTOMATION]. @03-11-2021 05:23:19.0348 AM
[ReportManager] Element Action [GetText] successfully performed. With the following test data [AUTOMATION]. @03-11-2021 05:23:19.0414 AM
[ReportManager] Loaded Shared OpenCV @03-11-2021 05:23:19.0479 AM
[ReportManager] Assertion [ValidateElementAttribute] PASSED. Expected [Value Should not be 'AutomaTion123' for the 'text' attribute, element locator 'By.name: q'] and Actual [AUTOMATION]. Comparison Type [CASE_INSENSITIVE]. Validation Type [NEGATIVE]. @03-11-2021 05:23:19.0658 AM
[ReportManager] Successfully created attachment [Screenshot - 1635916999479_assertElementAttribute_false_caseInsensitiveComparison_expectedToPass_ValidateElementAttribute_passed] @03-11-2021 05:23:19.0674 A
[ReportManager] Browser Action [CloseCurrentWindow] successfully performed. @03-11-2021 05:23:19.0737 AM
[ReportManager] Successfully created attachment [Browser Action Test Data - CloseCurrentWindow - Actual Value] @03-11-2021 05:23:19.0747 A
[ReportManager] File Action [GetAbsolutePath] successfully performed. With the following test data [Relative Folder Path: "target/downloadedFiles/"]. @03-11-2021 05:23:19.0768 AM
[ReportManager] Attempting to run locally on: [Mac-64], [Safari], Headless Execution. @03-11-2021 05:23:19.0768 AM
[ReportManager] Successfully Opened Safari. @03-11-2021 05:23:20.0619 AM
[ReportManager] Initial window size: (800, 600) @03-11-2021 05:23:20.0634 AM
[ReportManager] Window size after SWD Maximize: (1176, 811) @03-11-2021 05:23:20.0655 AM
[ReportManager] Browser Action [MaximizeWindow] successfully performed. With the following test data [New screen size is now: (1176, 811)]. @03-11-2021 05:23:20.0656 AM
[ReportManager] Target URL: [https://www.google.com/ncr], and after redirection: [www.google.com] @03-11-2021 05:23:20.0656 AM
[ReportManager] Initial URL: [] @03-11-2021 05:23:20.0695 AM
[ReportManager] Browser Action [NavigateToURL] successfully performed. With the following test data [https://www.google.com/ncr]. @03-11-2021 05:23:22.0085 A

################################################################################################################################################
Starting Execution:	[31 out of 144] test cases in the current suite
Test Method:		[unitTests.tests_validations_assertions.assertElementAttribute_false_containsComparison_expectedToFail]
################################################################################################################################################
[ReportManager] Element Action [Type] successfully performed. With the following test data [Automation123]. @03-11-2021 05:23:22.0603 AM
[ReportManager] Element Action [GetText] successfully performed. With the following test data [Automation123]. @03-11-2021 05:23:22.0657 AM
[ReportManager] Loaded Shared OpenCV @03-11-2021 05:23:22.0714 AM
[ReportManager] Assertion [ValidateElementAttribute] FAILED. Expected [Value Should not be 'Automation' for the 'text' attribute, element locator 'By.name: q'] and Actual [Automation123]. Comparison Type [CONTAINS]. Validation Type [NEGATIVE]. @03-11-2021 05:23:22.0816 AM
[ReportManager] Successfully created attachment [Screenshot - 1635917002714_assertElementAttribute_false_containsComparison_expectedToFail_ValidateElementAttribute_failed] @03-11-2021 05:23:22.0817 A
[ReportManager] Browser Action [CloseCurrentWindow] successfully performed. @03-11-2021 05:23:23.0038 AM
[ReportManager] Successfully created attachment [Browser Action Test Data - CloseCurrentWindow - Actual Value] @03-11-2021 05:23:23.0039 A
[ReportManager] File Action [GetAbsolutePath] successfully performed. With the following test data [Relative Folder Path: "target/downloadedFiles/"]. @03-11-2021 05:23:23.0043 AM
[ReportManager] Attempting to run locally on: [Mac-64], [Safari], Headless Execution. @03-11-2021 05:23:23.0043 AM
[ReportManager] Successfully Opened Safari. @03-11-2021 05:23:23.0862 AM
[ReportManager] Initial window size: (800, 600) @03-11-2021 05:23:23.0925 AM
[ReportManager] Window size after SWD Maximize: (1176, 811) @03-11-2021 05:23:23.0972 AM
[ReportManager] Browser Action [MaximizeWindow] successfully performed. With the following test data [New screen size is now: (1176, 811)]. @03-11-2021 05:23:23.0973 AM
[ReportManager] Target URL: [https://www.google.com/ncr], and after redirection: [www.google.com] @03-11-2021 05:23:23.0973 AM
[ReportManager] Initial URL: [] @03-11-2021 05:23:24.0015 AM
[ReportManager] Browser Action [NavigateToURL] successfully performed. With the following test data [https://www.google.com/ncr]. @03-11-2021 05:23:25.0525 A

################################################################################################################################################
Starting Execution:	[32 out of 144] test cases in the current suite
Test Method:		[unitTests.tests_validations_assertions.assertElementAttribute_false_containsComparison_expectedToPass]
################################################################################################################################################
[ReportManager] Element Action [Type] successfully performed. With the following test data [Automation123]. @03-11-2021 05:23:26.0034 AM
[ReportManager] Element Action [GetText] successfully performed. With the following test data [Automation123]. @03-11-2021 05:23:26.0105 AM
[ReportManager] Loaded Shared OpenCV @03-11-2021 05:23:26.0163 AM
[ReportManager] Assertion [ValidateElementAttribute] PASSED. Expected [Value Should not be 'Automation1234' for the 'text' attribute, element locator 'By.name: q'] and Actual [Automation123]. Comparison Type [CONTAINS]. Validation Type [NEGATIVE]. @03-11-2021 05:23:26.0272 AM
[ReportManager] Successfully created attachment [Screenshot - 1635917006163_assertElementAttribute_false_containsComparison_expectedToPass_ValidateElementAttribute_passed] @03-11-2021 05:23:26.0274 A
[ReportManager] Browser Action [CloseCurrentWindow] successfully performed. @03-11-2021 05:23:26.0482 AM
[ReportManager] Successfully created attachment [Browser Action Test Data - CloseCurrentWindow - Actual Value] @03-11-2021 05:23:26.0483 A
[ReportManager] File Action [GetAbsolutePath] successfully performed. With the following test data [Relative Folder Path: "target/downloadedFiles/"]. @03-11-2021 05:23:26.0489 AM
[ReportManager] Attempting to run locally on: [Mac-64], [Safari], Headless Execution. @03-11-2021 05:23:26.0489 AM
[ReportManager] Successfully Opened Safari. @03-11-2021 05:23:27.0400 AM
[ReportManager] Initial window size: (800, 600) @03-11-2021 05:23:27.0407 AM
[ReportManager] Window size after SWD Maximize: (1176, 811) @03-11-2021 05:23:27.0436 AM
[ReportManager] Browser Action [MaximizeWindow] successfully performed. With the following test data [New screen size is now: (1176, 811)]. @03-11-2021 05:23:27.0437 AM
[ReportManager] Target URL: [https://www.google.com/ncr], and after redirection: [www.google.com] @03-11-2021 05:23:27.0437 AM
[ReportManager] Initial URL: [] @03-11-2021 05:23:27.0497 AM
[ReportManager] Browser Action [NavigateToURL] successfully performed. With the following test data [https://www.google.com/ncr]. @03-11-2021 05:23:28.0977 A

################################################################################################################################################
Starting Execution:	[33 out of 144] test cases in the current suite
Test Method:		[unitTests.tests_validations_assertions.assertElementAttribute_false_literalComparison_expectedToFail]
################################################################################################################################################
[ReportManager] Element Action [Type] successfully performed. With the following test data [Automation!@#$%^&*()_+{}[]\';/.,]. @03-11-2021 05:23:30.0098 AM
[ReportManager] Element Action [GetText] successfully performed. With the following test data [Automation!@#$%^&*()_+{}[]\';/.,]. @03-11-2021 05:23:30.0158 AM
[ReportManager] Loaded Shared OpenCV @03-11-2021 05:23:30.0216 AM
[ReportManager] Assertion [ValidateElementAttribute] PASSED. Expected [Value Should not be 'Automation!@#$%^&*()_+{}[]\\';/.,' for the 'text' attribute, element locator 'By.name: q'] and Actual [Automation!@#$%^&*()_+{}[]\';/.,]. Comparison Type [EQUALS]. Validation Type [NEGATIVE]. @03-11-2021 05:23:30.0318 AM
[ReportManager] Successfully created attachment [Screenshot - 1635917010215_assertElementAttribute_false_literalComparison_expectedToFail_ValidateElementAttribute_passed] @03-11-2021 05:23:30.0319 A
[ReportManager] Browser Action [CloseCurrentWindow] successfully performed. @03-11-2021 05:23:30.0455 AM
[ReportManager] Successfully created attachment [Browser Action Test Data - CloseCurrentWindow - Actual Value] @03-11-2021 05:23:30.0455 A
[ReportManager] File Action [GetAbsolutePath] successfully performed. With the following test data [Relative Folder Path: "target/downloadedFiles/"]. @03-11-2021 05:23:30.0461 AM
[ReportManager] Attempting to run locally on: [Mac-64], [Safari], Headless Execution. @03-11-2021 05:23:30.0461 AM
[ReportManager] Successfully Opened Safari. @03-11-2021 05:23:31.0235 AM
[ReportManager] Initial window size: (800, 600) @03-11-2021 05:23:31.0243 AM
[ReportManager] Window size after SWD Maximize: (1176, 811) @03-11-2021 05:23:31.0259 AM
[ReportManager] Browser Action [MaximizeWindow] successfully performed. With the following test data [New screen size is now: (1176, 811)]. @03-11-2021 05:23:31.0259 AM
[ReportManager] Target URL: [https://www.google.com/ncr], and after redirection: [www.google.com] @03-11-2021 05:23:31.0259 AM
[ReportManager] Initial URL: [] @03-11-2021 05:23:31.0302 AM
[ReportManager] Browser Action [NavigateToURL] successfully performed. With the following test data [https://www.google.com/ncr]. @03-11-2021 05:23:32.0705 A

################################################################################################################################################
Starting Execution:	[34 out of 144] test cases in the current suite
Test Method:		[unitTests.tests_validations_assertions.assertElementAttribute_false_literalComparison_expectedToPass]
################################################################################################################################################
[ReportManager] Element Action [Type] successfully performed. With the following test data [Automation!@#$%^&*()_+{}[]\';/.,]. @03-11-2021 05:23:33.0816 AM
[ReportManager] Element Action [GetText] successfully performed. With the following test data [Automation!@#$%^&*()_+{}[]\';/.,]. @03-11-2021 05:23:33.0867 AM
[ReportManager] Loaded Shared OpenCV @03-11-2021 05:23:33.0923 AM
[ReportManager] Assertion [ValidateElementAttribute] PASSED. Expected [Value Should not be 'Automation' for the 'text' attribute, element locator 'By.name: q'] and Actual [Automation!@#$%^&*()_+{}[]\';/.,]. Comparison Type [EQUALS]. Validation Type [NEGATIVE]. @03-11-2021 05:23:34.0024 AM
[ReportManager] Successfully created attachment [Screenshot - 1635917013923_assertElementAttribute_false_literalComparison_expectedToPass_ValidateElementAttribute_passed] @03-11-2021 05:23:34.0027 A
[ReportManager] Browser Action [CloseCurrentWindow] successfully performed. @03-11-2021 05:23:34.0138 AM
[ReportManager] Successfully created attachment [Browser Action Test Data - CloseCurrentWindow - Actual Value] @03-11-2021 05:23:34.0144 A
[ReportManager] File Action [GetAbsolutePath] successfully performed. With the following test data [Relative Folder Path: "target/downloadedFiles/"]. @03-11-2021 05:23:34.0164 AM
[ReportManager] Attempting to run locally on: [Mac-64], [Safari], Headless Execution. @03-11-2021 05:23:34.0164 AM
[ReportManager] Successfully Opened Safari. @03-11-2021 05:23:35.0062 AM
[ReportManager] Initial window size: (800, 600) @03-11-2021 05:23:35.0067 AM
[ReportManager] Window size after SWD Maximize: (1176, 811) @03-11-2021 05:23:35.0094 AM
[ReportManager] Browser Action [MaximizeWindow] successfully performed. With the following test data [New screen size is now: (1176, 811)]. @03-11-2021 05:23:35.0094 AM
[ReportManager] Target URL: [https://www.google.com/ncr], and after redirection: [www.google.com] @03-11-2021 05:23:35.0094 AM
[ReportManager] Initial URL: [] @03-11-2021 05:23:35.0177 AM
[ReportManager] Browser Action [NavigateToURL] successfully performed. With the following test data [https://www.google.com/ncr]. @03-11-2021 05:23:36.0152 A

################################################################################################################################################
Starting Execution:	[35 out of 144] test cases in the current suite
Test Method:		[unitTests.tests_validations_assertions.assertElementAttribute_false_regexComparison_expectedToFail]
################################################################################################################################################
[ReportManager] Element Action [Type] successfully performed. With the following test data [Automation123]. @03-11-2021 05:23:36.0734 AM
[ReportManager] Element Action [GetText] successfully performed. With the following test data [Automation123]. @03-11-2021 05:23:36.0792 AM
[ReportManager] Loaded Shared OpenCV @03-11-2021 05:23:36.0849 AM
[ReportManager] Assertion [ValidateElementAttribute] FAILED. Expected [Value Should not be 'Automation.*' for the 'text' attribute, element locator 'By.name: q'] and Actual [Automation123]. Comparison Type [MATCHES]. Validation Type [NEGATIVE]. @03-11-2021 05:23:36.0953 AM
[ReportManager] Successfully created attachment [Screenshot - 1635917016849_assertElementAttribute_false_regexComparison_expectedToFail_ValidateElementAttribute_failed] @03-11-2021 05:23:36.0954 A
[ReportManager] Browser Action [CloseCurrentWindow] successfully performed. @03-11-2021 05:23:37.0037 AM
[ReportManager] Successfully created attachment [Browser Action Test Data - CloseCurrentWindow - Actual Value] @03-11-2021 05:23:37.0039 A
[ReportManager] File Action [GetAbsolutePath] successfully performed. With the following test data [Relative Folder Path: "target/downloadedFiles/"]. @03-11-2021 05:23:37.0044 AM
[ReportManager] Attempting to run locally on: [Mac-64], [Safari], Headless Execution. @03-11-2021 05:23:37.0045 AM
[ReportManager] Successfully Opened Safari. @03-11-2021 05:23:37.0822 AM
[ReportManager] Initial window size: (800, 600) @03-11-2021 05:23:37.0827 AM
[ReportManager] Window size after SWD Maximize: (1176, 811) @03-11-2021 05:23:37.0837 AM
[ReportManager] Browser Action [MaximizeWindow] successfully performed. With the following test data [New screen size is now: (1176, 811)]. @03-11-2021 05:23:37.0838 AM
[ReportManager] Target URL: [https://www.google.com/ncr], and after redirection: [www.google.com] @03-11-2021 05:23:37.0838 AM
[ReportManager] Initial URL: [] @03-11-2021 05:23:37.0876 AM
[ReportManager] Browser Action [NavigateToURL] successfully performed. With the following test data [https://www.google.com/ncr]. @03-11-2021 05:23:39.0301 A

################################################################################################################################################
Starting Execution:	[36 out of 144] test cases in the current suite
Test Method:		[unitTests.tests_validations_assertions.assertElementAttribute_false_regexComparison_expectedToPass]
################################################################################################################################################
[ReportManager] Element Action [Type] successfully performed. With the following test data [Automation123]. @03-11-2021 05:23:39.0811 AM
[ReportManager] Element Action [GetText] successfully performed. With the following test data [Automation123]. @03-11-2021 05:23:39.0862 AM
[ReportManager] Loaded Shared OpenCV @03-11-2021 05:23:39.0913 AM
[ReportManager] Assertion [ValidateElementAttribute] PASSED. Expected [Value Should not be 'Automation' for the 'text' attribute, element locator 'By.name: q'] and Actual [Automation123]. Comparison Type [MATCHES]. Validation Type [NEGATIVE]. @03-11-2021 05:23:40.0016 AM
[ReportManager] Successfully created attachment [Screenshot - 1635917019913_assertElementAttribute_false_regexComparison_expectedToPass_ValidateElementAttribute_passed] @03-11-2021 05:23:40.0017 A
[ReportManager] Browser Action [CloseCurrentWindow] successfully performed. @03-11-2021 05:23:40.0203 AM
[ReportManager] Successfully created attachment [Browser Action Test Data - CloseCurrentWindow - Actual Value] @03-11-2021 05:23:40.0204 A
[ReportManager] File Action [GetAbsolutePath] successfully performed. With the following test data [Relative Folder Path: "target/downloadedFiles/"]. @03-11-2021 05:23:40.0208 AM
[ReportManager] Attempting to run locally on: [Mac-64], [Safari], Headless Execution. @03-11-2021 05:23:40.0209 AM
[ReportManager] Successfully Opened Safari. @03-11-2021 05:23:41.0001 AM
[ReportManager] Initial window size: (800, 600) @03-11-2021 05:23:41.0006 AM
[ReportManager] Window size after SWD Maximize: (1176, 811) @03-11-2021 05:23:41.0024 AM
[ReportManager] Browser Action [MaximizeWindow] successfully performed. With the following test data [New screen size is now: (1176, 811)]. @03-11-2021 05:23:41.0025 AM
[ReportManager] Target URL: [https://www.google.com/ncr], and after redirection: [www.google.com] @03-11-2021 05:23:41.0025 AM
[ReportManager] Initial URL: [] @03-11-2021 05:23:41.0062 AM
[ReportManager] Browser Action [NavigateToURL] successfully performed. With the following test data [https://www.google.com/ncr]. @03-11-2021 05:23:42.0332 A

################################################################################################################################################
Starting Execution:	[37 out of 144] test cases in the current suite
Test Method:		[unitTests.tests_validations_assertions.assertElementAttribute_true_caseInsensitiveComparison_expectedToFail]
################################################################################################################################################
[ReportManager] Element Action [Type] successfully performed. With the following test data [AUTOMATION]. @03-11-2021 05:23:42.0733 AM
[ReportManager] Element Action [GetText] successfully performed. With the following test data [AUTOMATION]. @03-11-2021 05:23:42.0793 AM
[ReportManager] Loaded Shared OpenCV @03-11-2021 05:23:42.0841 AM
[ReportManager] Assertion [ValidateElementAttribute] FAILED. Expected [Value Should be 'AutomaTion123' for the 'text' attribute, element locator 'By.name: q'] and Actual [AUTOMATION]. Comparison Type [CASE_INSENSITIVE]. Validation Type [POSITIVE]. @03-11-2021 05:23:42.0942 AM
[ReportManager] Successfully created attachment [Screenshot - 1635917022841_assertElementAttribute_true_caseInsensitiveComparison_expectedToFail_ValidateElementAttribute_failed] @03-11-2021 05:23:42.0943 A
[ReportManager] Browser Action [CloseCurrentWindow] successfully performed. @03-11-2021 05:23:43.0076 AM
[ReportManager] Successfully created attachment [Browser Action Test Data - CloseCurrentWindow - Actual Value] @03-11-2021 05:23:43.0077 A
[ReportManager] File Action [GetAbsolutePath] successfully performed. With the following test data [Relative Folder Path: "target/downloadedFiles/"]. @03-11-2021 05:23:43.0080 AM
[ReportManager] Attempting to run locally on: [Mac-64], [Safari], Headless Execution. @03-11-2021 05:23:43.0080 A

################################################################################################################################################
Starting Execution:	[38 out of 144] test cases in the current suite
Test Method:		[unitTests.tests_validations_assertions.assertElementAttribute_true_caseInsensitiveComparison_expectedToPass]
###############################################################################################################################################



################################################################################################################################################
Starting Execution:	[39 out of 144] test cases in the current suite
Test Method:		[unitTests.tests_validations_assertions.assertElementAttribute_true_containsComparison_expectedToFail]
###############################################################################################################################################



################################################################################################################################################
Starting Execution:	[40 out of 144] test cases in the current suite
Test Method:		[unitTests.tests_validations_assertions.assertElementAttribute_true_containsComparison_expectedToPass]
###############################################################################################################################################



################################################################################################################################################
Starting Execution:	[41 out of 144] test cases in the current suite
Test Method:		[unitTests.tests_validations_assertions.assertElementAttribute_true_literalComparison_expectedToFail]
###############################################################################################################################################



################################################################################################################################################
Starting Execution:	[42 out of 144] test cases in the current suite
Test Method:		[unitTests.tests_validations_assertions.assertElementAttribute_true_literalComparison_expectedToPass]
###############################################################################################################################################



################################################################################################################################################
Starting Execution:	[43 out of 144] test cases in the current suite
Test Method:		[unitTests.tests_validations_assertions.assertElementAttribute_true_regexComparison_expectedToFail]
###############################################################################################################################################



################################################################################################################################################
Starting Execution:	[44 out of 144] test cases in the current suite
Test Method:		[unitTests.tests_validations_assertions.assertElementAttribute_true_regexComparison_expectedToPass]
###############################################################################################################################################



################################################################################################################################################
Starting Execution:	[45 out of 144] test cases in the current suite
Test Method:		[unitTests.tests_validations_assertions.assertElementAttribute_type_true_literalComparison_expectedToPass]
###############################################################################################################################################



################################################################################################################################################
Starting Execution:	[46 out of 144] test cases in the current suite
Test Method:		[unitTests.tests_validations_assertions.assertElementExists_false_expectedToFail]
###############################################################################################################################################



################################################################################################################################################
Starting Execution:	[47 out of 144] test cases in the current suite
Test Method:		[unitTests.tests_validations_assertions.assertElementExists_false_expectedToPass]
###############################################################################################################################################



################################################################################################################################################
Starting Execution:	[48 out of 144] test cases in the current suite
Test Method:		[unitTests.tests_validations_assertions.assertElementExists_false_multipleElementsFound_expectedToFail]
###############################################################################################################################################



################################################################################################################################################
Starting Execution:	[49 out of 144] test cases in the current suite
Test Method:		[unitTests.tests_validations_assertions.assertElementExists_true_expectedToFail]
###############################################################################################################################################



################################################################################################################################################
Starting Execution:	[50 out of 144] test cases in the current suite
Test Method:		[unitTests.tests_validations_assertions.assertElementExists_true_expectedToPass]
###############################################################################################################################################



################################################################################################################################################
Starting Execution:	[51 out of 144] test cases in the current suite
Test Method:		[unitTests.tests_validations_assertions.assertElementExists_true_multipleElementsFound_expectedToFail]
###############################################################################################################################################


################################################################################################################################################
Starting Execution:	[52 out of 144] test cases in the current suite
Test Method:		[unitTests.tests_validations_assertions.assertEquals_false_expectedToFail]
###############################################################################################################################################

################################################################################################################################################
Starting Execution:	[53 out of 144] test cases in the current suite
Test Method:		[unitTests.tests_validations_assertions.assertEquals_false_expectedToPass]
###############################################################################################################################################

################################################################################################################################################
Starting Execution:	[54 out of 144] test cases in the current suite
Test Method:		[unitTests.tests_validations_assertions.assertEquals_longCharacters]
###############################################################################################################################################

################################################################################################################################################
Starting Execution:	[55 out of 144] test cases in the current suite
Test Method:		[unitTests.tests_validations_assertions.assertEquals_longCharacters_Discreet]
###############################################################################################################################################

################################################################################################################################################
Starting Execution:	[56 out of 144] test cases in the current suite
Test Method:		[unitTests.tests_validations_assertions.assertEquals_true_expectedToFail]
###############################################################################################################################################

################################################################################################################################################
Starting Execution:	[57 out of 144] test cases in the current suite
Test Method:		[unitTests.tests_validations_assertions.assertEquals_true_expectedToPass]
Test Description:	[Assert that assertEquals works as expected when the two values are equal.]
###############################################################################################################################################

################################################################################################################################################
Starting Execution:	[58 out of 144] test cases in the current suite
Test Method:		[unitTests.tests_validations_assertions.assertEquals_true_expectedToPass__]
###############################################################################################################################################

################################################################################################################################################
Starting Execution:	[59 out of 144] test cases in the current suite
Test Method:		[unitTests.tests_validations_assertions.assertFileExists_false_expectedToFail]
###############################################################################################################################################

################################################################################################################################################
Starting Execution:	[60 out of 144] test cases in the current suite
Test Method:		[unitTests.tests_validations_assertions.assertFileExists_false_expectedToPass]
###############################################################################################################################################

################################################################################################################################################
Starting Execution:	[61 out of 144] test cases in the current suite
Test Method:		[unitTests.tests_validations_assertions.assertFileExists_true_expectedToFail]
###############################################################################################################################################

################################################################################################################################################
Starting Execution:	[62 out of 144] test cases in the current suite
Test Method:		[unitTests.tests_validations_assertions.assertFileExists_true_expectedToPass]
###############################################################################################################################################

################################################################################################################################################
Starting Execution:	[63 out of 144] test cases in the current suite
Test Method:		[unitTests.tests_validations_assertions.assertNull_false_expectedToFail]
###############################################################################################################################################

################################################################################################################################################
Starting Execution:	[64 out of 144] test cases in the current suite
Test Method:		[unitTests.tests_validations_assertions.assertNull_false_expectedToPass]
###############################################################################################################################################

################################################################################################################################################
Starting Execution:	[65 out of 144] test cases in the current suite
Test Method:		[unitTests.tests_validations_assertions.assertNull_true_expectedToFail]
###############################################################################################################################################

################################################################################################################################################
Starting Execution:	[66 out of 144] test cases in the current suite
Test Method:		[unitTests.tests_validations_assertions.assertNull_true_expectedToPass]
###############################################################################################################################################

################################################################################################################################################
Starting Execution:	[67 out of 144] test cases in the current suite
Test Method:		[unitTests.tests_restActions.getPostsAndAssertBodyForSpecificTitle]
################################################################################################################################################
[ReportManager] Response status code: [200], status line: [HTTP/1.1 200 OK] @03-11-2021 05:23:45.0190 AM
[ReportManager] Assertion Passed: Evaluating the actual response status code against the expected one... @03-11-2021 05:23:45.0190 AM
[ReportManager] Assertion [ValidateEquals] PASSED. Expected [200] and Actual [200]. Comparison Type [EQUALS]. Validation Type [POSITIVE]. @03-11-2021 05:23:45.0191 AM
[ReportManager] API Action [PerformRequest] successfully performed. With the following test data [Request Type: "GET" | Target Status Code: "200" | Service URL: "https://jsonplaceholder.typicode.com/posts" | Content Type: "*/*" | Response Time: "531ms"]. @03-11-2021 05:23:46.0082 AM
[ReportManager] Successfully created attachment [API Request - Specifications] @03-11-2021 05:23:46.0083 AM
[ReportManager] Successfully created attachment [API Response - JSON Body] @03-11-2021 05:23:46.0337 AM
[ReportManager] API Action [GetResponseJSONValueAsList] successfully performed. @03-11-2021 05:23:46.0363 AM
[ReportManager] API Action [GetResponseJSONValue] successfully performed. With the following test data [title]. @03-11-2021 05:23:46.0389 AM
[ReportManager] API Action [GetResponseJSONValue] successfully performed. With the following test data [title]. @03-11-2021 05:23:46.0411 AM
[ReportManager] API Action [GetResponseJSONValue] successfully performed. With the following test data [body]. @03-11-2021 05:23:46.0428 AM
[ReportManager] Assertion [ValidateEquals] PASSED. Expected [qui neque nisi nulla] and Actual [est rerum tempore vitae
sequi sint nihil reprehenderit dolor beatae ea dolores neque
fugiat blanditiis voluptate porro vel nihil molestiae ut reiciendis
qui aperiam non debitis possimus qui neque nisi nulla]. Comparison Type [CONTAINS]. Validation Type [POSITIVE]. @03-11-2021 05:23:46.0429 AM
[ReportManager] API Action [GetResponseJSONValue] successfully performed. With the following test data [title]. @03-11-2021 05:23:46.0446 AM
[ReportManager] API Action [GetResponseJSONValue] successfully performed. With the following test data [title]. @03-11-2021 05:23:46.0465 AM
[ReportManager] API Action [GetResponseJSONValue] successfully performed. With the following test data [title]. @03-11-2021 05:23:46.0480 AM
[ReportManager] API Action [GetResponseJSONValue] successfully performed. With the following test data [title]. @03-11-2021 05:23:46.0495 AM
[ReportManager] API Action [GetResponseJSONValue] successfully performed. With the following test data [title]. @03-11-2021 05:23:46.0512 AM
[ReportManager] API Action [GetResponseJSONValue] successfully performed. With the following test data [title]. @03-11-2021 05:23:46.0528 AM
[ReportManager] API Action [GetResponseJSONValue] successfully performed. With the following test data [title]. @03-11-2021 05:23:46.0546 AM
[ReportManager] API Action [GetResponseJSONValue] successfully performed. With the following test data [title]. @03-11-2021 05:23:46.0561 AM
[ReportManager] API Action [GetResponseJSONValue] successfully performed. With the following test data [title]. @03-11-2021 05:23:46.0577 AM
[ReportManager] API Action [GetResponseJSONValue] successfully performed. With the following test data [title]. @03-11-2021 05:23:46.0592 AM
[ReportManager] API Action [GetResponseJSONValue] successfully performed. With the following test data [title]. @03-11-2021 05:23:46.0610 AM
[ReportManager] API Action [GetResponseJSONValue] successfully performed. With the following test data [title]. @03-11-2021 05:23:46.0626 AM
[ReportManager] API Action [GetResponseJSONValue] successfully performed. With the following test data [title]. @03-11-2021 05:23:46.0641 AM
[ReportManager] API Action [GetResponseJSONValue] successfully performed. With the following test data [title]. @03-11-2021 05:23:46.0655 AM
[ReportManager] API Action [GetResponseJSONValue] successfully performed. With the following test data [title]. @03-11-2021 05:23:46.0670 AM
[ReportManager] API Action [GetResponseJSONValue] successfully performed. With the following test data [title]. @03-11-2021 05:23:46.0686 AM
[ReportManager] API Action [GetResponseJSONValue] successfully performed. With the following test data [title]. @03-11-2021 05:23:46.0701 AM
[ReportManager] API Action [GetResponseJSONValue] successfully performed. With the following test data [title]. @03-11-2021 05:23:46.0718 AM
[ReportManager] API Action [GetResponseJSONValue] successfully performed. With the following test data [title]. @03-11-2021 05:23:46.0732 AM
[ReportManager] API Action [GetResponseJSONValue] successfully performed. With the following test data [title]. @03-11-2021 05:23:46.0748 AM
[ReportManager] API Action [GetResponseJSONValue] successfully performed. With the following test data [title]. @03-11-2021 05:23:46.0763 AM
[ReportManager] API Action [GetResponseJSONValue] successfully performed. With the following test data [title]. @03-11-2021 05:23:46.0778 AM
[ReportManager] API Action [GetResponseJSONValue] successfully performed. With the following test data [title]. @03-11-2021 05:23:46.0793 AM
[ReportManager] API Action [GetResponseJSONValue] successfully performed. With the following test data [title]. @03-11-2021 05:23:46.0809 AM
[ReportManager] API Action [GetResponseJSONValue] successfully performed. With the following test data [title]. @03-11-2021 05:23:46.0823 AM
[ReportManager] API Action [GetResponseJSONValue] successfully performed. With the following test data [title]. @03-11-2021 05:23:46.0838 AM
[ReportManager] API Action [GetResponseJSONValue] successfully performed. With the following test data [title]. @03-11-2021 05:23:46.0853 AM
[ReportManager] API Action [GetResponseJSONValue] successfully performed. With the following test data [title]. @03-11-2021 05:23:46.0872 AM
[ReportManager] API Action [GetResponseJSONValue] successfully performed. With the following test data [title]. @03-11-2021 05:23:46.0887 AM
[ReportManager] API Action [GetResponseJSONValue] successfully performed. With the following test data [title]. @03-11-2021 05:23:46.0902 AM
[ReportManager] API Action [GetResponseJSONValue] successfully performed. With the following test data [title]. @03-11-2021 05:23:46.0917 AM
[ReportManager] API Action [GetResponseJSONValue] successfully performed. With the following test data [title]. @03-11-2021 05:23:46.0932 AM
[ReportManager] API Action [GetResponseJSONValue] successfully performed. With the following test data [title]. @03-11-2021 05:23:46.0961 AM
[ReportManager] API Action [GetResponseJSONValue] successfully performed. With the following test data [title]. @03-11-2021 05:23:46.0974 AM
[ReportManager] API Action [GetResponseJSONValue] successfully performed. With the following test data [title]. @03-11-2021 05:23:46.0989 AM
[ReportManager] API Action [GetResponseJSONValue] successfully performed. With the following test data [title]. @03-11-2021 05:23:47.0003 AM
[ReportManager] API Action [GetResponseJSONValue] successfully performed. With the following test data [title]. @03-11-2021 05:23:47.0017 AM
[ReportManager] API Action [GetResponseJSONValue] successfully performed. With the following test data [title]. @03-11-2021 05:23:47.0033 AM
[ReportManager] API Action [GetResponseJSONValue] successfully performed. With the following test data [title]. @03-11-2021 05:23:47.0051 AM
[ReportManager] API Action [GetResponseJSONValue] successfully performed. With the following test data [title]. @03-11-2021 05:23:47.0065 AM
[ReportManager] API Action [GetResponseJSONValue] successfully performed. With the following test data [title]. @03-11-2021 05:23:47.0078 AM
[ReportManager] API Action [GetResponseJSONValue] successfully performed. With the following test data [title]. @03-11-2021 05:23:47.0089 AM
[ReportManager] API Action [GetResponseJSONValue] successfully performed. With the following test data [title]. @03-11-2021 05:23:47.0100 AM
[ReportManager] API Action [GetResponseJSONValue] successfully performed. With the following test data [title]. @03-11-2021 05:23:47.0112 AM
[ReportManager] API Action [GetResponseJSONValue] successfully performed. With the following test data [title]. @03-11-2021 05:23:47.0123 AM
[ReportManager] API Action [GetResponseJSONValue] successfully performed. With the following test data [title]. @03-11-2021 05:23:47.0134 AM
[ReportManager] API Action [GetResponseJSONValue] successfully performed. With the following test data [title]. @03-11-2021 05:23:47.0146 AM
[ReportManager] API Action [GetResponseJSONValue] successfully performed. With the following test data [title]. @03-11-2021 05:23:47.0157 AM
[ReportManager] API Action [GetResponseJSONValue] successfully performed. With the following test data [title]. @03-11-2021 05:23:47.0176 AM
[ReportManager] API Action [GetResponseJSONValue] successfully performed. With the following test data [title]. @03-11-2021 05:23:47.0188 AM
[ReportManager] API Action [GetResponseJSONValue] successfully performed. With the following test data [title]. @03-11-2021 05:23:47.0200 AM
[ReportManager] API Action [GetResponseJSONValue] successfully performed. With the following test data [title]. @03-11-2021 05:23:47.0214 AM
[ReportManager] API Action [GetResponseJSONValue] successfully performed. With the following test data [title]. @03-11-2021 05:23:47.0228 AM
[ReportManager] API Action [GetResponseJSONValue] successfully performed. With the following test data [title]. @03-11-2021 05:23:47.0241 AM
[ReportManager] API Action [GetResponseJSONValue] successfully performed. With the following test data [title]. @03-11-2021 05:23:47.0251 AM
[ReportManager] API Action [GetResponseJSONValue] successfully performed. With the following test data [title]. @03-11-2021 05:23:47.0262 AM
[ReportManager] API Action [GetResponseJSONValue] successfully performed. With the following test data [title]. @03-11-2021 05:23:47.0274 AM
[ReportManager] API Action [GetResponseJSONValue] successfully performed. With the following test data [title]. @03-11-2021 05:23:47.0287 AM
[ReportManager] API Action [GetResponseJSONValue] successfully performed. With the following test data [title]. @03-11-2021 05:23:47.0303 AM
[ReportManager] API Action [GetResponseJSONValue] successfully performed. With the following test data [title]. @03-11-2021 05:23:47.0329 AM
[ReportManager] API Action [GetResponseJSONValue] successfully performed. With the following test data [title]. @03-11-2021 05:23:47.0340 AM
[ReportManager] API Action [GetResponseJSONValue] successfully performed. With the following test data [title]. @03-11-2021 05:23:47.0351 AM
[ReportManager] API Action [GetResponseJSONValue] successfully performed. With the following test data [title]. @03-11-2021 05:23:47.0363 AM
[ReportManager] API Action [GetResponseJSONValue] successfully performed. With the following test data [title]. @03-11-2021 05:23:47.0377 AM
[ReportManager] API Action [GetResponseJSONValue] successfully performed. With the following test data [title]. @03-11-2021 05:23:47.0387 AM
[ReportManager] API Action [GetResponseJSONValue] successfully performed. With the following test data [title]. @03-11-2021 05:23:47.0398 AM
[ReportManager] API Action [GetResponseJSONValue] successfully performed. With the following test data [title]. @03-11-2021 05:23:47.0409 AM
[ReportManager] API Action [GetResponseJSONValue] successfully performed. With the following test data [title]. @03-11-2021 05:23:47.0420 AM
[ReportManager] API Action [GetResponseJSONValue] successfully performed. With the following test data [title]. @03-11-2021 05:23:47.0430 AM
[ReportManager] API Action [GetResponseJSONValue] successfully performed. With the following test data [title]. @03-11-2021 05:23:47.0441 AM
[ReportManager] API Action [GetResponseJSONValue] successfully performed. With the following test data [title]. @03-11-2021 05:23:47.0451 AM
[ReportManager] API Action [GetResponseJSONValue] successfully performed. With the following test data [title]. @03-11-2021 05:23:47.0462 AM
[ReportManager] API Action [GetResponseJSONValue] successfully performed. With the following test data [title]. @03-11-2021 05:23:47.0472 AM
[ReportManager] API Action [GetResponseJSONValue] successfully performed. With the following test data [title]. @03-11-2021 05:23:47.0482 AM
[ReportManager] API Action [GetResponseJSONValue] successfully performed. With the following test data [title]. @03-11-2021 05:23:47.0493 AM
[ReportManager] API Action [GetResponseJSONValue] successfully performed. With the following test data [title]. @03-11-2021 05:23:47.0503 AM
[ReportManager] API Action [GetResponseJSONValue] successfully performed. With the following test data [title]. @03-11-2021 05:23:47.0514 AM
[ReportManager] API Action [GetResponseJSONValue] successfully performed. With the following test data [title]. @03-11-2021 05:23:47.0525 AM
[ReportManager] API Action [GetResponseJSONValue] successfully performed. With the following test data [title]. @03-11-2021 05:23:47.0535 AM
[ReportManager] API Action [GetResponseJSONValue] successfully performed. With the following test data [title]. @03-11-2021 05:23:47.0546 AM
[ReportManager] API Action [GetResponseJSONValue] successfully performed. With the following test data [title]. @03-11-2021 05:23:47.0557 AM
[ReportManager] API Action [GetResponseJSONValue] successfully performed. With the following test data [title]. @03-11-2021 05:23:47.0567 AM
[ReportManager] API Action [GetResponseJSONValue] successfully performed. With the following test data [title]. @03-11-2021 05:23:47.0578 AM
[ReportManager] API Action [GetResponseJSONValue] successfully performed. With the following test data [title]. @03-11-2021 05:23:47.0589 AM
[ReportManager] API Action [GetResponseJSONValue] successfully performed. With the following test data [title]. @03-11-2021 05:23:47.0599 AM
[ReportManager] API Action [GetResponseJSONValue] successfully performed. With the following test data [title]. @03-11-2021 05:23:47.0610 AM
[ReportManager] API Action [GetResponseJSONValue] successfully performed. With the following test data [title]. @03-11-2021 05:23:47.0620 AM
[ReportManager] API Action [GetResponseJSONValue] successfully performed. With the following test data [title]. @03-11-2021 05:23:47.0630 AM
[ReportManager] API Action [GetResponseJSONValue] successfully performed. With the following test data [title]. @03-11-2021 05:23:47.0640 AM
[ReportManager] API Action [GetResponseJSONValue] successfully performed. With the following test data [title]. @03-11-2021 05:23:47.0651 AM
[ReportManager] API Action [GetResponseJSONValue] successfully performed. With the following test data [title]. @03-11-2021 05:23:47.0661 AM
[ReportManager] API Action [GetResponseJSONValue] successfully performed. With the following test data [title]. @03-11-2021 05:23:47.0671 AM
[ReportManager] API Action [GetResponseJSONValue] successfully performed. With the following test data [title]. @03-11-2021 05:23:47.0682 AM
[ReportManager] API Action [GetResponseJSONValue] successfully performed. With the following test data [title]. @03-11-2021 05:23:47.0693 AM
[ReportManager] API Action [GetResponseJSONValue] successfully performed. With the following test data [title]. @03-11-2021 05:23:47.0702 AM
[ReportManager] API Action [GetResponseJSONValue] successfully performed. With the following test data [title]. @03-11-2021 05:23:47.0712 AM
[ReportManager] API Action [GetResponseJSONValue] successfully performed. With the following test data [title]. @03-11-2021 05:23:47.0723 AM
[ReportManager] API Action [GetResponseJSONValue] successfully performed. With the following test data [title]. @03-11-2021 05:23:47.0733 A

################################################################################################################################################
Starting Execution:	[68 out of 144] test cases in the current suite
Test Method:		[unitTests.tests_restActions.validateUserEmail]
################################################################################################################################################
[ReportManager] Response status code: [200], status line: [HTTP/1.1 200 OK] @03-11-2021 05:23:47.0790 AM
[ReportManager] Assertion Passed: Evaluating the actual response status code against the expected one... @03-11-2021 05:23:47.0790 AM
[ReportManager] Assertion [ValidateEquals] PASSED. Expected [200] and Actual [200]. Comparison Type [EQUALS]. Validation Type [POSITIVE]. @03-11-2021 05:23:47.0791 AM
[ReportManager] API Action [PerformRequest] successfully performed. With the following test data [Request Type: "GET" | Target Status Code: "200" | Service URL: "https://jsonplaceholder.typicode.com/users" | Content Type: "*/*" | Response Time: "46ms"]. @03-11-2021 05:23:47.0811 AM
[ReportManager] Successfully created attachment [API Request - Specifications] @03-11-2021 05:23:47.0812 AM
[ReportManager] Successfully created attachment [API Response - JSON Body] @03-11-2021 05:23:47.0812 AM
[ReportManager] Assertion [ValidateEquals] PASSED. Expected and Actual values are attached. Comparison Type [CONTAINS]. Validation Type [POSITIVE]. @03-11-2021 05:23:47.0813 AM
[ReportManager] Successfully created attachment [Validation Test Data - Expected Value] @03-11-2021 05:23:47.0813 AM
[ReportManager] Successfully created attachment [Validation Test Data - Actual Value] @03-11-2021 05:23:47.0813 AM
[ReportManager] API Action [GetResponseJSONValueAsList] successfully performed. With the following test data [$]. @03-11-2021 05:23:47.0819 AM
[ReportManager] API Action [GetResponseJSONValue] successfully performed. With the following test data [name]. @03-11-2021 05:23:47.0831 AM
[ReportManager] API Action [GetResponseJSONValue] successfully performed. With the following test data [email]. @03-11-2021 05:23:47.0842 AM
[ReportManager] Assertion [ValidateEquals] PASSED. Expected [Sincere@april.biz] and Actual [Sincere@april.biz]. Comparison Type [EQUALS]. Validation Type [POSITIVE]. @03-11-2021 05:23:47.0842 AM
[ReportManager] API Action [GetResponseJSONValue] successfully performed. With the following test data [name]. @03-11-2021 05:23:47.0853 AM
[ReportManager] API Action [GetResponseJSONValue] successfully performed. With the following test data [name]. @03-11-2021 05:23:47.0864 AM
[ReportManager] API Action [GetResponseJSONValue] successfully performed. With the following test data [name]. @03-11-2021 05:23:47.0875 AM
[ReportManager] API Action [GetResponseJSONValue] successfully performed. With the following test data [name]. @03-11-2021 05:23:47.0885 AM
[ReportManager] API Action [GetResponseJSONValue] successfully performed. With the following test data [name]. @03-11-2021 05:23:47.0896 AM
[ReportManager] API Action [GetResponseJSONValue] successfully performed. With the following test data [name]. @03-11-2021 05:23:47.0907 AM
[ReportManager] API Action [GetResponseJSONValue] successfully performed. With the following test data [name]. @03-11-2021 05:23:47.0918 AM
[ReportManager] API Action [GetResponseJSONValue] successfully performed. With the following test data [name]. @03-11-2021 05:23:47.0929 AM
[ReportManager] API Action [GetResponseJSONValue] successfully performed. With the following test data [name]. @03-11-2021 05:23:47.0940 A
[ReportManager] File Action [GetAbsolutePath] successfully performed. With the following test data [Relative Folder Path: "target/downloadedFiles/"]. @03-11-2021 05:23:47.0944 AM
[ReportManager] Attempting to run locally on: [Mac-64], [Safari], Headless Execution. @03-11-2021 05:23:47.0944 AM
[ReportManager] Successfully Opened Safari. @03-11-2021 05:23:48.0718 AM
[ReportManager] Initial window size: (800, 600) @03-11-2021 05:23:48.0739 AM
[ReportManager] Window size after SWD Maximize: (1176, 811) @03-11-2021 05:23:48.0777 AM
[ReportManager] Browser Action [MaximizeWindow] successfully performed. With the following test data [New screen size is now: (1176, 811)]. @03-11-2021 05:23:48.0778 A

################################################################################################################################################
Starting Execution:	[69 out of 144] test cases in the current suite
Test Method:		[testPackage01.Test_uploadFile.uploadFile_invisibleUploadInput]
################################################################################################################################################
[ReportManager] Target URL: [https://fineuploader.com/demos.html#gallery-view] @03-11-2021 05:23:48.0781 AM
[ReportManager] Initial URL: [] @03-11-2021 05:23:48.0836 AM
[ReportManager] Browser Action [NavigateToURL] successfully performed. With the following test data [https://fineuploader.com/demos.html#gallery-view]. @03-11-2021 05:23:50.0323 AM
[ReportManager] File Action [GetAbsolutePath] successfully performed. With the following test data [Relative File Path: "src/main/resources/images/shaft.png"]. @03-11-2021 05:23:50.0323 AM
[ReportManager] Successfully created attachment [File Action Actual Result - Command Log] @03-11-2021 05:23:50.0324 A
[ReportManager] Browser Action [CloseCurrentWindow] successfully performed. @03-11-2021 05:23:50.0666 AM
[ReportManager] Successfully created attachment [Browser Action Test Data - CloseCurrentWindow - Actual Value] @03-11-2021 05:23:50.0667 A
[ReportManager] File Action [GetAbsolutePath] successfully performed. With the following test data [Relative Folder Path: "target/downloadedFiles/"]. @03-11-2021 05:23:50.0671 AM
[ReportManager] Attempting to run locally on: [Mac-64], [Safari], Headless Execution. @03-11-2021 05:23:50.0671 AM
[ReportManager] Successfully Opened Safari. @03-11-2021 05:23:51.0574 AM
[ReportManager] Initial window size: (800, 600) @03-11-2021 05:23:51.0579 AM
[ReportManager] Window size after SWD Maximize: (1176, 811) @03-11-2021 05:23:51.0591 AM
[ReportManager] Browser Action [MaximizeWindow] successfully performed. With the following test data [New screen size is now: (1176, 811)]. @03-11-2021 05:23:51.0591 A

################################################################################################################################################
Starting Execution:	[70 out of 144] test cases in the current suite
Test Method:		[testPackage01.Test_uploadFile.uploadFile_visibleUploadInput]
################################################################################################################################################
[ReportManager] Target URL: [http://demo.guru99.com/test/upload/] @03-11-2021 05:23:51.0601 AM
[ReportManager] Initial URL: [] @03-11-2021 05:23:51.0671 AM
[ReportManager] Browser Action [NavigateToURL] successfully performed. With the following test data [http://demo.guru99.com/test/upload/]. @03-11-2021 05:23:52.0831 AM
[ReportManager] File Action [GetAbsolutePath] successfully performed. With the following test data [Relative File Path: "src/main/resources/images/shaft.png"]. @03-11-2021 05:23:52.0832 AM
[ReportManager] Successfully created attachment [File Action Actual Result - Command Log] @03-11-2021 05:23:52.0832 AM
[ReportManager] Element Action [TypeFileLocationForUpload] successfully performed. With the following test data [/Users/runner/work/SHAFT_ENGINE/SHAFT_ENGINE/src/main/resources/images/shaft.png]. @03-11-2021 05:23:52.0878 AM
[ReportManager] Element Action [Click] successfully performed. With the following test data [on]. @03-11-2021 05:23:53.0135 AM
[ReportManager] Element Action [Click] successfully performed. With the following test data [ Submit File]. @03-11-2021 05:23:53.0406 AM
[ReportManager] Element Action [GetText] successfully performed. With the following test data [1 file has been successfully uploaded.]. @03-11-2021 05:23:53.0985 AM
[ReportManager] Loaded Shared OpenCV @03-11-2021 05:23:54.0038 AM
[ReportManager] Assertion [ValidateElementAttribute] PASSED. Expected [Value Should be '1 file' for the 'Text' attribute, element locator 'By.id: res'] and Actual [1 file has been successfully uploaded.]. Comparison Type [CONTAINS]. Validation Type [POSITIVE]. @03-11-2021 05:23:54.0159 AM
[ReportManager] Successfully created attachment [Screenshot - 1635917034037_uploadFile_visibleUploadInput_ValidateElementAttribute_passed] @03-11-2021 05:23:54.0160 A
[ReportManager] Browser Action [CloseCurrentWindow] successfully performed. @03-11-2021 05:23:54.0346 AM
[ReportManager] Successfully created attachment [Browser Action Test Data - CloseCurrentWindow - Actual Value] @03-11-2021 05:23:54.0347 A

################################################################################################################################################
Starting Execution:	[71 out of 144] test cases in the current suite
Test Method:		[testPackage01.Test_AssertApiResponseEquals.assertApiResponseEquals_expectedToPass]
################################################################################################################################################
[ReportManager] Response status code: [200], status line: [HTTP/1.1 200 OK] @03-11-2021 05:23:54.0396 AM
[ReportManager] Assertion Passed: Evaluating the actual response status code against the expected one... @03-11-2021 05:23:54.0397 AM
[ReportManager] Assertion [ValidateEquals] PASSED. Expected [200] and Actual [200]. Comparison Type [EQUALS]. Validation Type [POSITIVE]. @03-11-2021 05:23:54.0397 AM
[ReportManager] API Action [PerformRequest] successfully performed. With the following test data [Request Type: "GET" | Target Status Code: "200" | Service URL: "https://jsonplaceholder.typicode.com/users" | Content Type: "*/*" | Response Time: "39ms"]. @03-11-2021 05:23:54.0420 AM
[ReportManager] Successfully created attachment [API Request - Specifications] @03-11-2021 05:23:54.0421 AM
[ReportManager] Successfully created attachment [API Response - JSON Body] @03-11-2021 05:23:54.0422 AM
[ReportManager] API Action [GetResponseJSONValueAsList] successfully performed. With the following test data [$]. @03-11-2021 05:23:54.0430 AM
[ReportManager] API Action [GetResponseJSONValue] successfully performed. With the following test data [name]. @03-11-2021 05:23:54.0443 AM
[ReportManager] API Action [GetResponseJSONValue] successfully performed. With the following test data [email]. @03-11-2021 05:23:54.0456 AM
[ReportManager] Verification [ValidateEquals] PASSED. Expected [Sincere@april.biz] and Actual [Sincere@april.biz]. Comparison Type [EQUALS]. Validation Type [POSITIVE]. @03-11-2021 05:23:54.0456 AM
[ReportManager] API Action [GetResponseJSONValue] successfully performed. With the following test data [username]. @03-11-2021 05:23:54.0470 AM
[ReportManager] Assertion [ValidateEquals] PASSED. Expected [Bret] and Actual [Bret]. Comparison Type [EQUALS]. Validation Type [POSITIVE]. @03-11-2021 05:23:54.0470 AM
[ReportManager] API Action [GetResponseJSONValue] successfully performed. With the following test data [name]. @03-11-2021 05:23:54.0484 AM
[ReportManager] API Action [GetResponseJSONValue] successfully performed. With the following test data [name]. @03-11-2021 05:23:54.0497 AM
[ReportManager] API Action [GetResponseJSONValue] successfully performed. With the following test data [name]. @03-11-2021 05:23:54.0511 AM
[ReportManager] API Action [GetResponseJSONValue] successfully performed. With the following test data [name]. @03-11-2021 05:23:54.0525 AM
[ReportManager] API Action [GetResponseJSONValue] successfully performed. With the following test data [name]. @03-11-2021 05:23:54.0539 AM
[ReportManager] API Action [GetResponseJSONValue] successfully performed. With the following test data [name]. @03-11-2021 05:23:54.0552 AM
[ReportManager] API Action [GetResponseJSONValue] successfully performed. With the following test data [name]. @03-11-2021 05:23:54.0567 AM
[ReportManager] API Action [GetResponseJSONValue] successfully performed. With the following test data [name]. @03-11-2021 05:23:54.0581 AM
[ReportManager] API Action [GetResponseJSONValue] successfully performed. With the following test data [name]. @03-11-2021 05:23:54.0594 A

################################################################################################################################################
Starting Execution:	[72 out of 144] test cases in the current suite
Test Method:		[testPackage01.Test_testData.f]
################################################################################################################################################
[ReportManager] Successfully loaded the following test data file [src/test/resources/TestDataFiles/testSuite01/TestData.xlsx]. @03-11-2021 05:23:54.0649 AM
[ReportManager] Successfully created attachment [Test Data - Excel] @03-11-2021 05:23:54.0650 AM
[ReportManager] Last Column Number is: [3]. Zero-based. @03-11-2021 05:23:54.0651 A

################################################################################################################################################
Starting Execution:	[73 out of 144] test cases in the current suite
Test Method:		[testPackage01.Test_PDF.testPDF_Downloaded]
################################################################################################################################################
[ReportManager] File Action [DoesFileExist] successfully performed. With the following test data [File Path: "src/test/resources/TestDataFiles/sample.pdf"]. @03-11-2021 05:23:54.0660 AM
[ReportManager] File Action [GetAbsolutePath] successfully performed. With the following test data [Relative File Path: "src/test/resources/TestDataFiles/sample.pdf"]. @03-11-2021 05:23:54.0661 AM
[ReportManager] Assertion [ValidateTrue] PASSED. Expected [TRUE] and Actual [TRUE]. Validation Type [POSITIVE]. @03-11-2021 05:23:57.0878 A
[ReportManager] File Action [GetAbsolutePath] successfully performed. With the following test data [Relative Folder Path: "target/downloadedFiles/"]. @03-11-2021 05:23:57.0882 AM
[ReportManager] Attempting to run locally on: [Mac-64], [Safari], Headless Execution. @03-11-2021 05:23:57.0882 AM
[ReportManager] Successfully Opened Safari. @03-11-2021 05:23:58.0681 AM
[ReportManager] Initial window size: (800, 600) @03-11-2021 05:23:58.0689 AM
[ReportManager] Window size after SWD Maximize: (1176, 811) @03-11-2021 05:23:58.0708 AM
[ReportManager] Browser Action [MaximizeWindow] successfully performed. With the following test data [New screen size is now: (1176, 811)]. @03-11-2021 05:23:58.0709 A

################################################################################################################################################
Starting Execution:	[74 out of 144] test cases in the current suite
Test Method:		[testPackage01.Test_ShadowDOM.shadowdom]
################################################################################################################################################
[ReportManager] Target URL: [https://mdn.github.io/web-components-examples/popup-info-box-web-component/] @03-11-2021 05:23:58.0712 AM
[ReportManager] Initial URL: [] @03-11-2021 05:23:58.0773 AM
[ReportManager] Browser Action [NavigateToURL] successfully performed. With the following test data [https://mdn.github.io/web-components-examples/popup-info-box-web-component/]. @03-11-2021 05:23:59.0099 AM
[ReportManager] Element Action [Type] successfully performed. With the following test data [Typing into SHADOW DOM...]. @03-11-2021 05:24:00.0023 AM
[ReportManager] Element Action [GetText] successfully performed. With the following test data [Typing into SHADOW DOM...]. @03-11-2021 05:24:00.0088 AM
[ReportManager] Loaded Shared OpenCV @03-11-2021 05:24:00.0153 AM
[ReportManager] Assertion [ValidateElementAttribute] PASSED. Expected [Value Should be 'Typing into SHADOW DOM...' for the 'Text' attribute, element locator 'By.id: cvc'] and Actual [Typing into SHADOW DOM...]. Comparison Type [EQUALS]. Validation Type [POSITIVE]. @03-11-2021 05:24:00.0516 AM
[ReportManager] Successfully created attachment [Screenshot - 1635917040153_shadowdom_ValidateElementAttribute_passed] @03-11-2021 05:24:00.0517 A
[ReportManager] Browser Action [CloseCurrentWindow] successfully performed. @03-11-2021 05:24:00.0549 AM
[ReportManager] Successfully created attachment [Browser Action Test Data - CloseCurrentWindow - Actual Value] @03-11-2021 05:24:00.0557 A
[ReportManager] File Action [GetAbsolutePath] successfully performed. With the following test data [Relative Folder Path: "target/downloadedFiles/"]. @03-11-2021 05:24:00.0570 AM
[ReportManager] Attempting to run locally on: [Mac-64], [Safari], Headless Execution. @03-11-2021 05:24:00.0570 AM
[ReportManager] Successfully Opened Safari. @03-11-2021 05:24:01.0699 AM
[ReportManager] Initial window size: (800, 600) @03-11-2021 05:24:01.0705 AM
[ReportManager] Window size after SWD Maximize: (1176, 811) @03-11-2021 05:24:01.0729 AM
[ReportManager] Browser Action [MaximizeWindow] successfully performed. With the following test data [New screen size is now: (1176, 811)]. @03-11-2021 05:24:01.0729 A

################################################################################################################################################
Starting Execution:	[75 out of 144] test cases in the current suite
Test Method:		[testPackage01.Test_clipboardActions.typeTextAndCopyPaste]
################################################################################################################################################
[ReportManager] Target URL: [https://www.google.com/ncr], and after redirection: [https://www.google.com] @03-11-2021 05:24:01.0733 AM
[ReportManager] Initial URL: [] @03-11-2021 05:24:01.0803 AM
[ReportManager] Browser Action [NavigateToURL] successfully performed. With the following test data [https://www.google.com/ncr]. @03-11-2021 05:24:03.0157 AM
[ReportManager] Element Action [Type] successfully performed. With the following test data [FIRST]. @03-11-2021 05:24:03.0448 A
[ReportManager] Browser Action [CloseCurrentWindow] successfully performed. @03-11-2021 05:24:03.0716 AM
[ReportManager] Successfully created attachment [Browser Action Test Data - CloseCurrentWindow - Actual Value] @03-11-2021 05:24:03.0717 A

################################################################################################################################################
Starting Execution:	[76 out of 144] test cases in the current suite
Test Method:		[testPackage01.Test_NewValidationHelper.f1]
################################################################################################################################################
[ReportManager] Assertion Passed: Checking valid user data @03-11-2021 05:24:03.0720 AM
[ReportManager] Successfully created attachment [Validation Test Data - Expected Value] @03-11-2021 05:24:03.0720 AM
[ReportManager] Successfully created attachment [Validation Test Data - Actual Value] @03-11-2021 05:24:03.0721 AM
[ReportManager] Assertion [ValidateEquals] PASSED. Expected and Actual values are attached. Comparison Type [EQUALS]. Validation Type [POSITIVE]. @03-11-2021 05:24:03.0721 A
[ReportManager] File Action [GetAbsolutePath] successfully performed. With the following test data [Relative Folder Path: "target/downloadedFiles/"]. @03-11-2021 05:24:03.0723 AM
[ReportManager] Attempting to run locally on: [Mac-64], [Safari], Headless Execution. @03-11-2021 05:24:03.0723 AM
[ReportManager] Successfully Opened Safari. @03-11-2021 05:24:04.0581 AM
[ReportManager] Initial window size: (800, 600) @03-11-2021 05:24:04.0636 AM
[ReportManager] Window size after SWD Maximize: (1176, 811) @03-11-2021 05:24:04.0651 AM
[ReportManager] Browser Action [MaximizeWindow] successfully performed. With the following test data [New screen size is now: (1176, 811)]. @03-11-2021 05:24:04.0651 AM
[ReportManager] Target URL: [https://the-internet.herokuapp.com/] @03-11-2021 05:24:04.0652 AM
[ReportManager] Initial URL: [] @03-11-2021 05:24:04.0700 AM
[ReportManager] Browser Action [NavigateToURL] successfully performed. With the following test data [https://the-internet.herokuapp.com/]. @03-11-2021 05:24:05.0195 A

################################################################################################################################################
Starting Execution:	[77 out of 144] test cases in the current suite
Test Method:		[testPackage01.Test_NewValidationHelper.f10]
################################################################################################################################################
[ReportManager] Assertion [ValidateElementExists] FAILED. Expected [Element Should Exist, locator 'By.tagName: div'] and Actual [Element Exists but is not unique]. Comparison Type [EQUALS]. Validation Type [POSITIVE]. @03-11-2021 05:24:05.0387 AM
[ReportManager] Successfully created attachment [Screenshot - 1635917045286_f10_ValidateElementExists_failed] @03-11-2021 05:24:05.0388 A



################################################################################################################################################
Starting Execution:	[78 out of 144] test cases in the current suite
Test Method:		[testPackage01.Test_NewValidationHelper.f11]
###############################################################################################################################################



################################################################################################################################################
Starting Execution:	[79 out of 144] test cases in the current suite
Test Method:		[testPackage01.Test_NewValidationHelper.f12]
###############################################################################################################################################



################################################################################################################################################
Starting Execution:	[80 out of 144] test cases in the current suite
Test Method:		[testPackage01.Test_NewValidationHelper.f13]
###############################################################################################################################################



################################################################################################################################################
Starting Execution:	[81 out of 144] test cases in the current suite
Test Method:		[testPackage01.Test_NewValidationHelper.f14]
###############################################################################################################################################



################################################################################################################################################
Starting Execution:	[82 out of 144] test cases in the current suite
Test Method:		[testPackage01.Test_NewValidationHelper.f15]
###############################################################################################################################################



################################################################################################################################################
Starting Execution:	[83 out of 144] test cases in the current suite
Test Method:		[testPackage01.Test_NewValidationHelper.f16]
###############################################################################################################################################



################################################################################################################################################
Starting Execution:	[84 out of 144] test cases in the current suite
Test Method:		[testPackage01.Test_NewValidationHelper.f17]
###############################################################################################################################################



################################################################################################################################################
Starting Execution:	[85 out of 144] test cases in the current suite
Test Method:		[testPackage01.Test_NewValidationHelper.f18]
###############################################################################################################################################


################################################################################################################################################
Starting Execution:	[86 out of 144] test cases in the current suite
Test Method:		[testPackage01.Test_NewValidationHelper.f2]
###############################################################################################################################################


################################################################################################################################################
Starting Execution:	[87 out of 144] test cases in the current suite
Test Method:		[testPackage01.Test_NewValidationHelper.f20]
###############################################################################################################################################



################################################################################################################################################
Starting Execution:	[88 out of 144] test cases in the current suite
Test Method:		[testPackage01.Test_NewValidationHelper.f21]
###############################################################################################################################################



################################################################################################################################################
Starting Execution:	[89 out of 144] test cases in the current suite
Test Method:		[testPackage01.Test_NewValidationHelper.f22]
###############################################################################################################################################


################################################################################################################################################
Starting Execution:	[90 out of 144] test cases in the current suite
Test Method:		[testPackage01.Test_NewValidationHelper.f23]
###############################################################################################################################################

################################################################################################################################################
Starting Execution:	[91 out of 144] test cases in the current suite
Test Method:		[testPackage01.Test_NewValidationHelper.f24]
###############################################################################################################################################

################################################################################################################################################
Starting Execution:	[92 out of 144] test cases in the current suite
Test Method:		[testPackage01.Test_NewValidationHelper.f25]
###############################################################################################################################################

################################################################################################################################################
Starting Execution:	[93 out of 144] test cases in the current suite
Test Method:		[testPackage01.Test_NewValidationHelper.f26]
###############################################################################################################################################

################################################################################################################################################
Starting Execution:	[94 out of 144] test cases in the current suite
Test Method:		[testPackage01.Test_NewValidationHelper.f27]
###############################################################################################################################################

################################################################################################################################################
Starting Execution:	[95 out of 144] test cases in the current suite
Test Method:		[testPackage01.Test_NewValidationHelper.f28]
###############################################################################################################################################

################################################################################################################################################
Starting Execution:	[96 out of 144] test cases in the current suite
Test Method:		[testPackage01.Test_NewValidationHelper.f29]
###############################################################################################################################################

################################################################################################################################################
Starting Execution:	[97 out of 144] test cases in the current suite
Test Method:		[testPackage01.Test_NewValidationHelper.f3]
###############################################################################################################################################

################################################################################################################################################
Starting Execution:	[98 out of 144] test cases in the current suite
Test Method:		[testPackage01.Test_NewValidationHelper.f30]
###############################################################################################################################################

################################################################################################################################################
Starting Execution:	[99 out of 144] test cases in the current suite
Test Method:		[testPackage01.Test_NewValidationHelper.f31]
###############################################################################################################################################

################################################################################################################################################
Starting Execution:	[100 out of 144] test cases in the current suite
Test Method:		[testPackage01.Test_NewValidationHelper.f32]
###############################################################################################################################################

################################################################################################################################################
Starting Execution:	[101 out of 144] test cases in the current suite
Test Method:		[testPackage01.Test_NewValidationHelper.f33]
###############################################################################################################################################

################################################################################################################################################
Starting Execution:	[102 out of 144] test cases in the current suite
Test Method:		[testPackage01.Test_NewValidationHelper.f34]
###############################################################################################################################################

################################################################################################################################################
Starting Execution:	[103 out of 144] test cases in the current suite
Test Method:		[testPackage01.Test_NewValidationHelper.f35]
###############################################################################################################################################

################################################################################################################################################
Starting Execution:	[104 out of 144] test cases in the current suite
Test Method:		[testPackage01.Test_NewValidationHelper.f36]
###############################################################################################################################################

################################################################################################################################################
Starting Execution:	[105 out of 144] test cases in the current suite
Test Method:		[testPackage01.Test_NewValidationHelper.f37]
###############################################################################################################################################

################################################################################################################################################
Starting Execution:	[106 out of 144] test cases in the current suite
Test Method:		[testPackage01.Test_NewValidationHelper.f3_1]
###############################################################################################################################################

################################################################################################################################################
Starting Execution:	[107 out of 144] test cases in the current suite
Test Method:		[testPackage01.Test_NewValidationHelper.f4]
###############################################################################################################################################

################################################################################################################################################
Starting Execution:	[108 out of 144] test cases in the current suite
Test Method:		[testPackage01.Test_NewValidationHelper.f5]
###############################################################################################################################################

################################################################################################################################################
Starting Execution:	[109 out of 144] test cases in the current suite
Test Method:		[testPackage01.Test_NewValidationHelper.f6]
###############################################################################################################################################

################################################################################################################################################
Starting Execution:	[110 out of 144] test cases in the current suite
Test Method:		[testPackage01.Test_NewValidationHelper.f6_1]
###############################################################################################################################################

################################################################################################################################################
Starting Execution:	[111 out of 144] test cases in the current suite
Test Method:		[testPackage01.Test_NewValidationHelper.f6_2]
###############################################################################################################################################

################################################################################################################################################
Starting Execution:	[112 out of 144] test cases in the current suite
Test Method:		[testPackage01.Test_NewValidationHelper.f7]
###############################################################################################################################################


################################################################################################################################################
Starting Execution:	[113 out of 144] test cases in the current suite
Test Method:		[testPackage01.Test_NewValidationHelper.f8]
###############################################################################################################################################



################################################################################################################################################
Starting Execution:	[114 out of 144] test cases in the current suite
Test Method:		[testPackage01.Test_NewValidationHelper.f9]
###############################################################################################################################################


################################################################################################################################################
Starting Execution:	[115 out of 144] test cases in the current suite
Test Method:		[testPackage01.Test_NewValidationHelper.forceFail]
###############################################################################################################################################

################################################################################################################################################
Starting Execution:	[116 out of 144] test cases in the current suite
Test Method:		[testPackage01.Test_NewValidationHelper.forceFail2]
###############################################################################################################################################

################################################################################################################################################
Starting Execution:	[117 out of 144] test cases in the current suite
Test Method:		[testPackage01.Test_JsonActions.f]
###############################################################################################################################################

################################################################################################################################################
Starting Execution:	[118 out of 144] test cases in the current suite
Test Method:		[testPackage01.Test_JsonActions.f2]
###############################################################################################################################################

################################################################################################################################################
Starting Execution:	[119 out of 144] test cases in the current suite
Test Method:		[testPackage01.Test_sendGraphqlRequest.sendGraphqlRequestUsingMutationAndVariables]
################################################################################################################################################
[ReportManager] GraphQl Request is being Performed with the Following Parameters [Service URL: https://api.spacex.land/graphql | Request Body: {"variables":"{\"name\": \"sherlock holmes\",\"rocket\": \"221B Baker Street\"}","query":"mutation ($name: String, $rocket: String) {\n  insert_users(objects: {name: $name, rocket: $rocket}) {\n    returning {\n      name\n      rocket\n    }\n  }\n}"}] @03-11-2021 05:24:05.0656 AM
[ReportManager] Response status code: [200], status line: [HTTP/1.1 200 OK] @03-11-2021 05:24:07.0043 AM
[ReportManager] Assertion Passed: Evaluating the actual response status code against the expected one... @03-11-2021 05:24:07.0043 AM
[ReportManager] Assertion [ValidateEquals] PASSED. Expected [200] and Actual [200]. Comparison Type [EQUALS]. Validation Type [POSITIVE]. @03-11-2021 05:24:07.0044 AM
[ReportManager] API Action [PerformRequest] successfully performed. With the following test data [Request Type: "POST" | Target Status Code: "200" | Service URL: "https://api.spacex.land/graphql" | Content Type: "application/json" | Response Time: "1278ms"]. @03-11-2021 05:24:07.0079 AM
[ReportManager] Successfully created attachment [API Request - Specifications] @03-11-2021 05:24:07.0080 AM
[ReportManager] Successfully created attachment [API Request - JSON Body] @03-11-2021 05:24:07.0081 AM
[ReportManager] Successfully created attachment [API Response - JSON Body] @03-11-2021 05:24:07.0081 AM
[ReportManager] API Action [GetResponseJSONValue] successfully performed. With the following test data [data.insert_users.returning[0].name]. @03-11-2021 05:24:07.0128 AM
[ReportManager] Assertion [ValidateEquals] PASSED. Expected [sherlock holmes] and Actual [sherlock holmes]. Comparison Type [EQUALS]. Validation Type [POSITIVE]. @03-11-2021 05:24:07.0128 A

################################################################################################################################################
Starting Execution:	[120 out of 144] test cases in the current suite
Test Method:		[testPackage01.Test_sendGraphqlRequest.sendGraphqlRequestUsingQuery]
################################################################################################################################################
[ReportManager] GraphQl Request is being Performed with the Following Parameters [Service URL: https://api.spacex.land/graphql | Request Body: {"query":"{company {ceo}}"}] @03-11-2021 05:24:07.0132 AM
[ReportManager] Response status code: [200], status line: [HTTP/1.1 200 OK] @03-11-2021 05:24:07.0243 AM
[ReportManager] Assertion Passed: Evaluating the actual response status code against the expected one... @03-11-2021 05:24:07.0244 AM
[ReportManager] Assertion [ValidateEquals] PASSED. Expected [200] and Actual [200]. Comparison Type [EQUALS]. Validation Type [POSITIVE]. @03-11-2021 05:24:07.0244 AM
[ReportManager] API Action [PerformRequest] successfully performed. With the following test data [Request Type: "POST" | Target Status Code: "200" | Service URL: "https://api.spacex.land/graphql" | Content Type: "application/json" | Response Time: "106ms"]. @03-11-2021 05:24:07.0255 AM
[ReportManager] Successfully created attachment [API Request - Specifications] @03-11-2021 05:24:07.0256 AM
[ReportManager] Successfully created attachment [API Request - JSON Body] @03-11-2021 05:24:07.0257 AM
[ReportManager] Successfully created attachment [API Response - JSON Body] @03-11-2021 05:24:07.0257 AM
[ReportManager] API Action [GetResponseJSONValue] successfully performed. With the following test data [data.company.ceo]. @03-11-2021 05:24:07.0269 AM
[ReportManager] Assertion [ValidateEquals] PASSED. Expected [Elon Musk] and Actual [Elon Musk]. Comparison Type [EQUALS]. Validation Type [POSITIVE]. @03-11-2021 05:24:07.0269 A

################################################################################################################################################
Starting Execution:	[121 out of 144] test cases in the current suite
Test Method:		[testPackage01.Test_MatchJsonSchema.checkAPI_ResponseSchema]
################################################################################################################################################
[ReportManager] Response status code: [200], status line: [HTTP/1.1 200 OK] @03-11-2021 05:24:07.0383 AM
[ReportManager] Assertion Passed: Evaluating the actual response status code against the expected one... @03-11-2021 05:24:07.0383 AM
[ReportManager] Assertion [ValidateEquals] PASSED. Expected [200] and Actual [200]. Comparison Type [EQUALS]. Validation Type [POSITIVE]. @03-11-2021 05:24:07.0383 AM
[ReportManager] API Action [PerformRequest] successfully performed. With the following test data [Request Type: "GET" | Target Status Code: "200" | Service URL: "http://api.zippopotam.us/us/90210" | Content Type: "*/*" | Response Time: "105ms"]. @03-11-2021 05:24:07.0395 AM
[ReportManager] Successfully created attachment [API Request - Specifications] @03-11-2021 05:24:07.0396 AM
[ReportManager] Successfully created attachment [API Response - JSON Body] @03-11-2021 05:24:07.0397 AM
[ReportManager] File Action [GetAbsolutePath] successfully performed. With the following test data [Relative Folder Path: "src/test/resources/TestJsonFiles/schema.json"]. @03-11-2021 05:24:07.0400 AM
[ReportManager] File Action [GetAbsolutePath] successfully performed. With the following test data [Relative Folder Path: "/Users/runner/work/SHAFT_ENGINE/SHAFT_ENGINE/src/test/resources/TestJsonFiles/schema.json"]. @03-11-2021 05:24:08.0063 AM
[ReportManager] File Action [ReadFromFile] successfully performed. With the following test data [File Path: "/Users/runner/work/SHAFT_ENGINE/SHAFT_ENGINE/src/test/resources/TestJsonFiles/schema.json"]. @03-11-2021 05:24:08.0070 AM
[ReportManager] Assertion [ValidateResponseFileSchema] PASSED. Expected [Response data should match the JSON File in this path '/Users/runner/work/SHAFT_ENGINE/SHAFT_ENGINE/src/test/resources/TestJsonFiles/schema.json'] and Actual [TRUE]. Comparison Type [EQUALS]. Validation Type [POSITIVE]. @03-11-2021 05:24:08.0071 AM
[ReportManager] Successfully created attachment [Validation Test Data - Expected JSON Value] @03-11-2021 05:24:08.0072 AM
[ReportManager] Successfully created attachment [Validation Test Data - Actual JSON Value] @03-11-2021 05:24:08.0073 A
[ReportManager] File Action [GetAbsolutePath] successfully performed. With the following test data [Relative Folder Path: "target/downloadedFiles/"]. @03-11-2021 05:24:08.0076 AM
[ReportManager] Attempting to run locally on: [Mac-64], [Safari], Headless Execution. @03-11-2021 05:24:08.0076 AM
[ReportManager] Successfully Opened Safari. @03-11-2021 05:24:08.0852 AM
[ReportManager] Initial window size: (800, 600) @03-11-2021 05:24:08.0865 AM
[ReportManager] Window size after SWD Maximize: (1176, 811) @03-11-2021 05:24:08.0879 AM
[ReportManager] Browser Action [MaximizeWindow] successfully performed. With the following test data [New screen size is now: (1176, 811)]. @03-11-2021 05:24:08.0879 A

################################################################################################################################################
Starting Execution:	[122 out of 144] test cases in the current suite
Test Method:		[testPackage01.Test_dragAndDrop.dragAndDropJquery]
################################################################################################################################################
[ReportManager] Target URL: [https://jqueryui.com/resources/demos/droppable/default.html] @03-11-2021 05:24:08.0882 AM
[ReportManager] Initial URL: [] @03-11-2021 05:24:08.0928 AM
[ReportManager] Browser Action [NavigateToURL] successfully performed. With the following test data [https://jqueryui.com/resources/demos/droppable/default.html]. @03-11-2021 05:24:09.0240 AM
[ReportManager] Element Action [GetText] successfully performed. With the following test data [
	Drop here
]. @03-11-2021 05:24:09.0279 AM
[ReportManager] Element Action [DragAndDrop] successfully performed. With the following test data [Start point: (8, 18), End point: (8, 18)]. @03-11-2021 05:24:10.0308 AM
[ReportManager] Element Action [GetText] successfully performed. With the following test data [
	Dropped!
]. @03-11-2021 05:24:10.0335 AM
[ReportManager] Assertion Passed: Checking to see if the text has changed after performing drag and drop @03-11-2021 05:24:10.0335 AM
[ReportManager] Assertion [ValidateEquals] PASSED. Expected [
	Drop here
] and Actual [
	Dropped!
]. Comparison Type [EQUALS]. Validation Type [NEGATIVE]. @03-11-2021 05:24:10.0335 A
[ReportManager] Browser Action [CloseCurrentWindow] successfully performed. @03-11-2021 05:24:10.0471 AM
[ReportManager] Successfully created attachment [Browser Action Test Data - CloseCurrentWindow - Actual Value] @03-11-2021 05:24:10.0471 A
[ReportManager] File Action [GetAbsolutePath] successfully performed. With the following test data [Relative Folder Path: "target/downloadedFiles/"]. @03-11-2021 05:24:10.0473 AM
[ReportManager] Attempting to run locally on: [Mac-64], [Safari], Headless Execution. @03-11-2021 05:24:10.0473 AM
[ReportManager] Successfully Opened Safari. @03-11-2021 05:24:11.0294 AM
[ReportManager] Initial window size: (800, 600) @03-11-2021 05:24:11.0299 AM
[ReportManager] Window size after SWD Maximize: (1176, 811) @03-11-2021 05:24:11.0324 AM
[ReportManager] Browser Action [MaximizeWindow] successfully performed. With the following test data [New screen size is now: (1176, 811)]. @03-11-2021 05:24:11.0324 A

################################################################################################################################################
Starting Execution:	[123 out of 144] test cases in the current suite
Test Method:		[testPackage01.Test_dragAndDrop.dragAndDrop]
Test Description:	[TC001 - Test Drag and Drop function.]
################################################################################################################################################
[ReportManager] Target URL: [http://the-internet.herokuapp.com/drag_and_drop] @03-11-2021 05:24:11.0327 AM
[ReportManager] Initial URL: [] @03-11-2021 05:24:11.0394 AM
[ReportManager] Browser Action [NavigateToURL] successfully performed. With the following test data [http://the-internet.herokuapp.com/drag_and_drop]. @03-11-2021 05:24:11.0843 AM
[ReportManager] Attempting Drag and Drop @03-11-2021 05:24:11.0844 AM
[ReportManager] Element Action [DragAndDrop] successfully performed. With the following test data [Start point: (120, 89), End point: (335, 89)]. @03-11-2021 05:24:12.0471 A
[ReportManager] Browser Action [CloseCurrentWindow] successfully performed. @03-11-2021 05:24:12.0695 AM
[ReportManager] Successfully created attachment [Browser Action Test Data - CloseCurrentWindow - Actual Value] @03-11-2021 05:24:12.0696 A
[ReportManager] File Action [GetAbsolutePath] successfully performed. With the following test data [Relative Folder Path: "target/downloadedFiles/"]. @03-11-2021 05:24:12.0698 AM
[ReportManager] Attempting to run locally on: [Mac-64], [Safari], Headless Execution. @03-11-2021 05:24:12.0698 AM
[ReportManager] Successfully Opened Safari. @03-11-2021 05:24:13.0515 AM
[ReportManager] Initial window size: (800, 600) @03-11-2021 05:24:13.0523 AM
[ReportManager] Window size after SWD Maximize: (1176, 811) @03-11-2021 05:24:13.0543 AM
[ReportManager] Browser Action [MaximizeWindow] successfully performed. With the following test data [New screen size is now: (1176, 811)]. @03-11-2021 05:24:13.0543 A

################################################################################################################################################
Starting Execution:	[124 out of 144] test cases in the current suite
Test Method:		[testPackage01.Test_dragAndDrop.dragAndDropByOffset]
Test Description:	[TC002 - Test Drag and Drop by offset function.]
################################################################################################################################################
[ReportManager] Target URL: [https://jqueryui.com/resources/demos/draggable/default.html] @03-11-2021 05:24:13.0547 AM
[ReportManager] Initial URL: [] @03-11-2021 05:24:13.0607 AM
[ReportManager] Browser Action [NavigateToURL] successfully performed. With the following test data [https://jqueryui.com/resources/demos/draggable/default.html]. @03-11-2021 05:24:14.0174 AM
[ReportManager] Element Action [DragAndDropByOffset] successfully performed. With the following test data [Start point: (8, 8), End point: (108, 58)]. @03-11-2021 05:24:14.0935 A
[ReportManager] Browser Action [CloseCurrentWindow] successfully performed. @03-11-2021 05:24:15.0036 AM
[ReportManager] Successfully created attachment [Browser Action Test Data - CloseCurrentWindow - Actual Value] @03-11-2021 05:24:15.0037 A
[ReportManager] Successfully loaded the following test data file [src/test/resources/TestDataFiles/testSuite01/TestData.xlsx]. @03-11-2021 05:24:15.0076 AM
[ReportManager] Successfully created attachment [Test Data - Excel] @03-11-2021 05:24:15.0077 AM
[ReportManager] File Action [GetAbsolutePath] successfully performed. With the following test data [Relative Folder Path: "target/downloadedFiles/"]. @03-11-2021 05:24:15.0077 AM
[ReportManager] Attempting to run locally on: [Mac-64], [Safari], Headless Execution. @03-11-2021 05:24:15.0077 AM
[ReportManager] Successfully Opened Safari. @03-11-2021 05:24:15.0906 AM
[ReportManager] Initial window size: (800, 600) @03-11-2021 05:24:15.0910 AM
[ReportManager] Window size after SWD Maximize: (1176, 811) @03-11-2021 05:24:15.0926 AM
[ReportManager] Browser Action [MaximizeWindow] successfully performed. With the following test data [New screen size is now: (1176, 811)]. @03-11-2021 05:24:15.0926 A

################################################################################################################################################
Starting Execution:	[125 out of 144] test cases in the current suite
Test Method:		[testPackage01.Test_google.navigateToURLandVerifyGoogleLogoIsDisplayed]
Test Description:	[TC001 - Navigate to URL and Verify Google Logo is Displayed]
################################################################################################################################################
[ReportManager] Target URL: [https://www.google.com/ncr], and after redirection: [https://www.google.com] @03-11-2021 05:24:15.0941 AM
[ReportManager] Initial URL: [] @03-11-2021 05:24:15.0986 AM
[ReportManager] Browser Action [NavigateToURL] successfully performed. With the following test data [https://www.google.com/ncr]. @03-11-2021 05:24:17.0398 AM
[ReportManager] Loaded Shared OpenCV @03-11-2021 05:24:17.0467 AM
[ReportManager] Assertion [ValidateElementExists] PASSED. Expected [Element Should Exist, locator 'By.xpath: //*[@id='hplogo' or @alt='Google']'] and Actual [Element Exists]. Comparison Type [EQUALS]. Validation Type [POSITIVE]. @03-11-2021 05:24:17.0573 AM
[ReportManager] Successfully created attachment [Screenshot - 1635917057467_navigateToURLandVerifyGoogleLogoIsDisplayed_ValidateElementExists_passed] @03-11-2021 05:24:17.0574 A

################################################################################################################################################
Starting Execution:	[126 out of 144] test cases in the current suite
Test Method:		[testPackage01.Test_google.searchForQueryandAssertResultsNumDisplayed]
Test Description:	[TC002 - Search for Query and Assert that the number of results is displayed]
################################################################################################################################################
[ReportManager] Element Action [Type] successfully performed. With the following test data [SHAFT_Engine]. @03-11-2021 05:24:18.0052 AM
[ReportManager] Element Action [KeyPress] successfully performed. With the following test data [Enter]. @03-11-2021 05:24:18.0098 A

################################################################################################################################################
Starting Execution:	[127 out of 144] test cases in the current suite
Test Method:		[testPackage01.Test_google.clickNextThrice]
Test Description:	[TC003 - Clicks the next button to make sure that the framework can scroll element into view before clicking it]
###############################################################################################################################################
[ReportManager] Browser Action [CloseCurrentWindow] successfully performed. @03-11-2021 05:24:18.0234 AM
[ReportManager] Successfully created attachment [Browser Action Test Data - CloseCurrentWindow - Actual Value] @03-11-2021 05:24:18.0234 A

################################################################################################################################################
Starting Execution:	[128 out of 144] test cases in the current suite
Test Method:		[testPackage01.Test_chainableElementActions.chainElementActions]
################################################################################################################################################
[ReportManager] File Action [GetAbsolutePath] successfully performed. With the following test data [Relative Folder Path: "target/downloadedFiles/"]. @03-11-2021 05:24:18.0237 AM
[ReportManager] Attempting to run locally on: [Mac-64], [GoogleChrome], Headless Execution. @03-11-2021 05:24:18.0239 AM
[ReportManager] Identifying OS/Driver combination and selecting the correct driver version automatically. Please note that if a new driver executable will be downloaded it may take some time... @03-11-2021 05:24:18.0239 AM
[ReportManager] Successfully Opened Google Chrome. @03-11-2021 05:24:21.0338 AM
[ReportManager] Initial window size: (1920, 1080) @03-11-2021 05:24:21.0344 AM
[ReportManager] Window size after SWD Maximize: (1920, 1080) @03-11-2021 05:24:21.0591 AM
[ReportManager] Window size after Toolkit: (1920, 1080) @03-11-2021 05:24:22.0102 AM
[ReportManager] Browser Action [MaximizeWindow] successfully performed. With the following test data [New screen size is now: (1920, 1080)]. @03-11-2021 05:24:22.0105 AM
[ReportManager] Target URL: [https://www.google.com/ncr], and after redirection: [https://www.google.com] @03-11-2021 05:24:22.0105 AM
[ReportManager] Initial URL: [data:,] @03-11-2021 05:24:22.0137 AM
[ReportManager] Browser Action [NavigateToURL] successfully performed. With the following test data [https://www.google.com/ncr]. @03-11-2021 05:24:22.0915 AM
[ReportManager] Element Action [Type] successfully performed. With the following test data [chained type 1]. @03-11-2021 05:24:23.0393 AM
[ReportManager] Element Action [Type] successfully performed. With the following test data [chained type 2]. @03-11-2021 05:24:23.0701 AM
[ReportManager] Element Action [TypeAppend] successfully performed. With the following test data [345]. @03-11-2021 05:24:23.0783 AM
[ReportManager] Element Action [GetText] successfully performed. With the following test data [chained type 2345]. @03-11-2021 05:24:23.0857 AM
[ReportManager] Loaded Shared OpenCV @03-11-2021 05:24:24.0201 AM
[ReportManager] Assertion [ValidateElementAttribute] PASSED. Expected [Value Should be 'chained type 2345' for the 'text' attribute, element locator 'By.name: q'] and Actual [chained type 2345]. Comparison Type [EQUALS]. Validation Type [POSITIVE]. @03-11-2021 05:24:24.0380 AM
[ReportManager] Successfully created attachment [Screenshot - 1635917064201_chainElementActions_ValidateElementAttribute_passed] @03-11-2021 05:24:24.0381 AM
[ReportManager] Browser Action [CloseCurrentWindow] successfully performed. @03-11-2021 05:24:24.0606 AM
[ReportManager] Successfully created attachment [Browser Action Test Data - CloseCurrentWindow - Actual Value] @03-11-2021 05:24:24.0607 A

################################################################################################################################################
Starting Execution:	[129 out of 144] test cases in the current suite
Test Method:		[testPackage01.Test_JsonCompareWithSpecialCharacters.specialCharacters]
################################################################################################################################################
[ReportManager] File Action [GetAbsolutePath] successfully performed. With the following test data [Relative Folder Path: "src/test/resources/TestJsonFiles/specialCharacters.json"]. @03-11-2021 05:24:24.0810 AM
[ReportManager] File Action [ReadFromFile] successfully performed. With the following test data [File Path: "/Users/runner/work/SHAFT_ENGINE/SHAFT_ENGINE/src/test/resources/TestJsonFiles/specialCharacters.json"]. @03-11-2021 05:24:24.0810 AM
[ReportManager] Successfully created attachment [File Action Actual Result - Command Log] @03-11-2021 05:24:24.0811 AM
[ReportManager] Comparing the provided API response with the file at this path "src/test/resources/TestJsonFiles/specialCharacters.json", comparison type "EQUALS" @03-11-2021 05:24:24.0813 AM
[ReportManager] API Action [CompareJSON] successfully performed. With the following test data [src/test/resources/TestJsonFiles/specialCharacters.json]. @03-11-2021 05:24:24.0820 AM
[ReportManager] File Action [GetAbsolutePath] successfully performed. With the following test data [Relative Folder Path: "src/test/resources/TestJsonFiles/specialCharacters.json"]. @03-11-2021 05:24:24.0820 AM
[ReportManager] File Action [ReadFromFile] successfully performed. With the following test data [File Path: "/Users/runner/work/SHAFT_ENGINE/SHAFT_ENGINE/src/test/resources/TestJsonFiles/specialCharacters.json"]. @03-11-2021 05:24:24.0820 AM
[ReportManager] Verification [ValidateJSONFileContent] PASSED. Expected [Response data should match the JSON File in this path 'src/test/resources/TestJsonFiles/specialCharacters.json'] and Actual [TRUE]. Comparison Type [EQUALS]. Validation Type [POSITIVE]. @03-11-2021 05:24:24.0826 AM
[ReportManager] Successfully created attachment [Validation Test Data - Expected JSON Value] @03-11-2021 05:24:24.0827 AM
[ReportManager] Successfully created attachment [Validation Test Data - Actual JSON Value] @03-11-2021 05:24:24.0829 A

################################################################################################################################################
Starting Execution:	[130 out of 144] test cases in the current suite
Test Method:		[testPackage01.Test_JsonCompareWithSpecialCharacters.specialCharacters_assertion]
################################################################################################################################################
[ReportManager] File Action [GetAbsolutePath] successfully performed. With the following test data [Relative Folder Path: "src/test/resources/TestJsonFiles/specialCharacters.json"]. @03-11-2021 05:24:24.0832 AM
[ReportManager] File Action [ReadFromFile] successfully performed. With the following test data [File Path: "/Users/runner/work/SHAFT_ENGINE/SHAFT_ENGINE/src/test/resources/TestJsonFiles/specialCharacters.json"]. @03-11-2021 05:24:24.0833 AM
[ReportManager] Successfully created attachment [File Action Actual Result - Command Log] @03-11-2021 05:24:24.0833 AM
[ReportManager] Comparing the provided API response with the file at this path "src/test/resources/TestJsonFiles/specialCharacters.json", comparison type "CONTAINS" @03-11-2021 05:24:24.0834 AM
[ReportManager] API Action [CompareJSON] successfully performed. With the following test data [src/test/resources/TestJsonFiles/specialCharacters.json]. @03-11-2021 05:24:24.0842 AM
[ReportManager] File Action [GetAbsolutePath] successfully performed. With the following test data [Relative Folder Path: "src/test/resources/TestJsonFiles/specialCharacters.json"]. @03-11-2021 05:24:24.0842 AM
[ReportManager] File Action [ReadFromFile] successfully performed. With the following test data [File Path: "/Users/runner/work/SHAFT_ENGINE/SHAFT_ENGINE/src/test/resources/TestJsonFiles/specialCharacters.json"]. @03-11-2021 05:24:24.0842 AM
[ReportManager] Assertion Passed: trying out the log message @03-11-2021 05:24:24.0846 AM
[ReportManager] Successfully created attachment [Validation Test Data - Expected JSON Value] @03-11-2021 05:24:24.0847 AM
[ReportManager] Successfully created attachment [Validation Test Data - Actual JSON Value] @03-11-2021 05:24:24.0848 AM
[ReportManager] Assertion [ValidateJSONFileContent] PASSED. Expected [Response data should match the JSON File in this path 'src/test/resources/TestJsonFiles/specialCharacters.json'] and Actual [TRUE]. Comparison Type [CONTAINS]. Validation Type [POSITIVE]. @03-11-2021 05:24:24.0848 A

################################################################################################################################################
Starting Execution:	[131 out of 144] test cases in the current suite
Test Method:		[testPackage01.Test_SkipDueToIssue.doNotSkip]
################################################################################################################################################
[ReportManager] This should not be skipped. @03-11-2021 05:24:24.0851 A

################################################################################################################################################
Starting Execution:	[132 out of 144] test cases in the current suite
Test Method:		[testPackage01.Test_SkipDueToIssue.skip]
################################################################################################################################################
[ReportManager] This should be skipped. @03-11-2021 05:24:24.0858 A

################################################################################################################################################
Starting Execution:	[133 out of 144] test cases in the current suite
Test Method:		[testPackage01.Test_SkipDueToIssue.skip2]
################################################################################################################################################
[ReportManager] This should be skipped. @03-11-2021 05:24:24.0863 A

################################################################################################################################################
Starting Execution:	[134 out of 144] test cases in the current suite
Test Method:		[testPackage01.Test_JSONFileManager.readStringFromJson]
################################################################################################################################################
[ReportManager] Successfully loaded the following test data file [src/test/resources/TestDataFiles/simpleJSON.json]. @03-11-2021 05:24:24.0868 AM
[ReportManager] Successfully created attachment [Test Data - JSON] @03-11-2021 05:24:24.0869 AM
[ReportManager] Assertion [ValidateEquals] PASSED. Expected [Mohab Mohie] and Actual [Mohab Mohie]. Comparison Type [EQUALS]. Validation Type [POSITIVE]. @03-11-2021 05:24:24.0885 A
[ReportManager] File Action [GetAbsolutePath] successfully performed. With the following test data [Relative Folder Path: "target/downloadedFiles/"]. @03-11-2021 05:24:24.0888 AM
[ReportManager] Attempting to run locally on: [Mac-64], [Safari], Headless Execution. @03-11-2021 05:24:24.0889 AM
[ReportManager] Successfully Opened Safari. @03-11-2021 05:24:25.0690 AM
[ReportManager] Initial window size: (800, 600) @03-11-2021 05:24:25.0712 AM
[ReportManager] Window size after SWD Maximize: (1176, 811) @03-11-2021 05:24:25.0725 AM
[ReportManager] Browser Action [MaximizeWindow] successfully performed. With the following test data [New screen size is now: (1176, 811)]. @03-11-2021 05:24:25.0725 A

################################################################################################################################################
Starting Execution:	[135 out of 144] test cases in the current suite
Test Method:		[testPackage01.Test_assertEquals.test_assertElementAttribute]
################################################################################################################################################
[ReportManager] Target URL: [https://www.google.com/ncr], and after redirection: [https://www.google.com] @03-11-2021 05:24:25.0735 AM
[ReportManager] Initial URL: [] @03-11-2021 05:24:25.0809 AM
[ReportManager] Browser Action [NavigateToURL] successfully performed. With the following test data [https://www.google.com/ncr]. @03-11-2021 05:24:27.0144 AM
[ReportManager] Element Action [Type] successfully performed. With the following test data [INC_004010050:Another SCHEDULER with the same name [Duplicate Job Name] already exists.]. @03-11-2021 05:24:29.0841 AM
[ReportManager] Element Action [GetText] successfully performed. With the following test data [INC_004010050:Another SCHEDULER with the same name [Duplicate Job Name] already exists.]. @03-11-2021 05:24:29.0895 AM
[ReportManager] Loaded Shared OpenCV @03-11-2021 05:24:29.0950 AM
[ReportManager] Assertion [ValidateElementAttribute] PASSED. Expected [Value Should be 'INC_004010050:Another SCHEDULER with the same name \[Duplicate Job Name\] already exists.' for the 'text' attribute, element locator 'By.name: q'] and Actual [INC_004010050:Another SCHEDULER with the same name [Duplicate Job Name] already exists.]. Comparison Type [MATCHES]. Validation Type [POSITIVE]. @03-11-2021 05:24:30.0041 AM
[ReportManager] Successfully created attachment [Screenshot - 1635917069950_test_assertElementAttribute_ValidateElementAttribute_passed] @03-11-2021 05:24:30.0042 A
[ReportManager] Browser Action [CloseCurrentWindow] successfully performed. @03-11-2021 05:24:30.0113 AM
[ReportManager] Successfully created attachment [Browser Action Test Data - CloseCurrentWindow - Actual Value] @03-11-2021 05:24:30.0114 A
[ReportManager] File Action [GetAbsolutePath] successfully performed. With the following test data [Relative Folder Path: "target/downloadedFiles/"]. @03-11-2021 05:24:30.0116 AM
[ReportManager] Attempting to run locally on: [Mac-64], [Safari], Headless Execution. @03-11-2021 05:24:30.0118 AM
[ReportManager] Successfully Opened Safari. @03-11-2021 05:24:30.0973 AM
[ReportManager] Initial window size: (800, 600) @03-11-2021 05:24:30.0983 AM
[ReportManager] Window size after SWD Maximize: (1176, 811) @03-11-2021 05:24:31.0004 AM
[ReportManager] Browser Action [MaximizeWindow] successfully performed. With the following test data [New screen size is now: (1176, 811)]. @03-11-2021 05:24:31.0004 A

################################################################################################################################################
Starting Execution:	[136 out of 144] test cases in the current suite
Test Method:		[testPackage01.Test_IsElementClickable.testIsElementClickable]
################################################################################################################################################
[ReportManager] Target URL: [https://the-internet.herokuapp.com/] @03-11-2021 05:24:31.0010 AM
[ReportManager] Initial URL: [] @03-11-2021 05:24:31.0092 AM
[ReportManager] Browser Action [NavigateToURL] successfully performed. With the following test data [https://the-internet.herokuapp.com/]. @03-11-2021 05:24:31.0533 AM
[ReportManager] Element Action [IsElementClickable] successfully performed. @03-11-2021 05:24:31.0589 AM
[ReportManager] Assertion [ValidateTrue] PASSED. Expected [TRUE] and Actual [TRUE]. Validation Type [POSITIVE]. @03-11-2021 05:24:31.0589 A
[ReportManager] Browser Action [CloseCurrentWindow] successfully performed. @03-11-2021 05:24:31.0674 AM
[ReportManager] Successfully created attachment [Browser Action Test Data - CloseCurrentWindow - Actual Value] @03-11-2021 05:24:31.0675 A
[ReportManager] Successfully loaded the following test data file [src/test/resources/TestDataFiles/testSuite01/TestData.xlsx]. @03-11-2021 05:24:31.0707 AM
[ReportManager] Successfully created attachment [Test Data - Excel] @03-11-2021 05:24:31.0708 AM
[ReportManager] Attempting to run using Playwright locally on: [Mac-64], [Safari], Headless Execution. @03-11-2021 05:25:09.0225 AM
[ReportManager] File Action [GetAbsolutePath] successfully performed. With the following test data [Relative Folder Path: "target/downloadedFiles/"]. @03-11-2021 05:25:09.0226 AM
[ReportManager] Initial window size: (1280, 720) @03-11-2021 05:25:16.0069 AM
[ReportManager] Window size after Toolkit: com.microsoft.playwright.options.ViewportSize@73af8ccb @03-11-2021 05:25:16.0079 AM
[ReportManager] Browser Action [MaximizeWindow] successfully performed. With the following test data [New screen size is now: (1920, 1080)]. @03-11-2021 05:25:16.0079 A

################################################################################################################################################
Starting Execution:	[137 out of 144] test cases in the current suite
Test Method:		[testPackage01.Test_google_playwright.navigateToURLandVerifyGoogleLogoIsDisplayed]
Test Description:	[TC001 - Navigate to URL and Verify Google Logo is Displayed]
################################################################################################################################################
[ReportManager] Target URL: [https://www.google.com/ncr], and after redirection: [https://www.google.com] @03-11-2021 05:25:16.0083 AM
[ReportManager] Initial URL: [about:blank] @03-11-2021 05:25:16.0613 AM
[ReportManager] Browser Action [NavigateToURL] successfully performed. With the following test data [https://www.google.com/ncr]. @03-11-2021 05:25:18.0292 AM
[ReportManager] Loaded Shared OpenCV @03-11-2021 05:25:18.0384 AM
[ReportManager] Assertion [ValidateElementExists] PASSED. Expected [Element Should Exist, locator 'xpath=//*[@id='hplogo' or @alt='Google']'] and Actual [Element Exists]. Comparison Type [EQUALS]. Validation Type [POSITIVE]. @03-11-2021 05:25:18.0589 AM
[ReportManager] Successfully created attachment [Screenshot - 1635917118381_navigateToURLandVerifyGoogleLogoIsDisplayed_ValidateElementExists_passed] @03-11-2021 05:25:18.0590 A

################################################################################################################################################
Starting Execution:	[138 out of 144] test cases in the current suite
Test Method:		[testPackage01.Test_google_playwright.searchForQueryandAssertResultsNumDisplayed]
Test Description:	[TC002 - Search for Query and Assert that the number of results is displayed]
################################################################################################################################################
[ReportManager] Element Action [Type] successfully performed. With the following test data [SHAFT_Engine]. @03-11-2021 05:25:18.0867 AM
[ReportManager] Element Action [KeyPress] successfully performed. With the following test data [Enter]. @03-11-2021 05:25:18.0900 AM
[ReportManager] Element Action [GetText] successfully performed. With the following test data [About 907,000 results (0.62 seconds)Â 
]. @03-11-2021 05:25:20.0514 AM
[ReportManager] Loaded Shared OpenCV @03-11-2021 05:25:21.0235 AM
[ReportManager] Assertion [ValidateElementAttribute] PASSED. Expected [Value Should not be '' for the 'text' attribute, element locator 'xpath=//div[@id='appbar']'] and Actual [About 907,000 results (0.62 seconds)Â 
]. Comparison Type [EQUALS]. Validation Type [NEGATIVE]. @03-11-2021 05:25:21.0434 AM
[ReportManager] Successfully created attachment [Screenshot - 1635917121231_searchForQueryandAssertResultsNumDisplayed_ValidateElementAttribute_passed] @03-11-2021 05:25:21.0437 A

################################################################################################################################################
Starting Execution:	[139 out of 144] test cases in the current suite
Test Method:		[testPackage01.Test_google_playwright.clickNextThrice]
Test Description:	[TC003 - Clicks the next button to make sure that the framework can scroll element into view before clicking it]
################################################################################################################################################
[ReportManager] Element Action [Click] successfully performed. With the following test data [Next]. @03-11-2021 05:25:21.0754 A
[ReportManager] Failed to find video recording. @03-11-2021 05:25:21.0756 AM
[ReportManager] Successfully Closed PlayWright Driver. @03-11-2021 05:25:21.0807 A
[ReportManager] File Action [GetAbsolutePath] successfully performed. With the following test data [Relative Folder Path: "target/downloadedFiles/"]. @03-11-2021 05:25:21.0814 AM
[ReportManager] Attempting to run locally on: [Mac-64], [Safari], Headless Execution. @03-11-2021 05:25:21.0814 AM
[ReportManager] Successfully Opened Safari. @03-11-2021 05:25:22.0646 AM
[ReportManager] Initial window size: (800, 600) @03-11-2021 05:25:22.0654 AM
[ReportManager] Window size after SWD Maximize: (1176, 811) @03-11-2021 05:25:22.0675 AM
[ReportManager] Browser Action [MaximizeWindow] successfully performed. With the following test data [New screen size is now: (1176, 811)]. @03-11-2021 05:25:22.0675 A

################################################################################################################################################
Starting Execution:	[140 out of 144] test cases in the current suite
Test Method:		[testPackage01.Test_verifyEquals.test_assertElementAttribute]
################################################################################################################################################
[ReportManager] Target URL: [https://www.google.com/ncr], and after redirection: [https://www.google.com] @03-11-2021 05:25:22.0678 AM
[ReportManager] Initial URL: [] @03-11-2021 05:25:22.0769 AM
[ReportManager] Browser Action [NavigateToURL] successfully performed. With the following test data [https://www.google.com/ncr]. @03-11-2021 05:25:24.0101 AM
[ReportManager] Element Action [Type] successfully performed. With the following test data [INC_004010050:Another SCHEDULER with the same name [Duplicate Job Name] already exists.]. @03-11-2021 05:25:26.0547 AM
[ReportManager] Element Action [GetText] successfully performed. With the following test data [INC_004010050:Another SCHEDULER with the same name [Duplicate Job Name] already exists.]. @03-11-2021 05:25:26.0620 AM
[ReportManager] Loaded Shared OpenCV @03-11-2021 05:25:26.0686 AM
[ReportManager] Verification [ValidateElementAttribute] PASSED. Expected [Value Should be 'INC_004010050:Another SCHEDULER with the same name \[Duplicate Job Name\] already exists.' for the 'text' attribute, element locator 'By.name: q'] and Actual [INC_004010050:Another SCHEDULER with the same name [Duplicate Job Name] already exists.]. Comparison Type [MATCHES]. Validation Type [POSITIVE]. @03-11-2021 05:25:26.0838 AM
[ReportManager] Successfully created attachment [Screenshot - 1635917126686_test_assertElementAttribute_ValidateElementAttribute_passed] @03-11-2021 05:25:26.0839 A
[ReportManager] Browser Action [CloseCurrentWindow] successfully performed. @03-11-2021 05:25:26.0945 AM
[ReportManager] Successfully created attachment [Browser Action Test Data - CloseCurrentWindow - Actual Value] @03-11-2021 05:25:26.0946 A

################################################################################################################################################
Starting Execution:	[141 out of 144] test cases in the current suite
Test Method:		[testPackage01.Test_SelectedValue.multipleSelect]
################################################################################################################################################
[ReportManager] File Action [GetAbsolutePath] successfully performed. With the following test data [Relative Folder Path: "target/downloadedFiles/"]. @03-11-2021 05:25:26.0951 AM
[ReportManager] Attempting to run locally on: [Mac-64], [GoogleChrome], Headless Execution. @03-11-2021 05:25:26.0951 AM
[ReportManager] Identifying OS/Driver combination and selecting the correct driver version automatically. Please note that if a new driver executable will be downloaded it may take some time... @03-11-2021 05:25:26.0951 AM
[ReportManager] Successfully Opened Google Chrome. @03-11-2021 05:25:27.0632 AM
[ReportManager] Initial window size: (1920, 1080) @03-11-2021 05:25:27.0635 AM
[ReportManager] Window size after SWD Maximize: (1920, 1080) @03-11-2021 05:25:27.0761 AM
[ReportManager] Window size after Toolkit: (1920, 1080) @03-11-2021 05:25:28.0203 AM
[ReportManager] Browser Action [MaximizeWindow] successfully performed. With the following test data [New screen size is now: (1920, 1080)]. @03-11-2021 05:25:28.0206 AM
[ReportManager] Target URL: [https://yari-demos.prod.mdn.mozit.cloud/en-US/docs/Web/HTML/Element/select/_sample_.Advanced_select_with_multiple_features.html] @03-11-2021 05:25:28.0206 AM
[ReportManager] Initial URL: [data:,] @03-11-2021 05:25:28.0260 AM
[ReportManager] Browser Action [NavigateToURL] successfully performed. With the following test data [https://yari-demos.prod.mdn.mozit.cloud/en-US/docs/Web/HTML/Element/select/_sample_.Advanced_select_with_multiple_features.html]. @03-11-2021 05:25:28.0733 AM
[ReportManager] Element Action [Select] successfully performed. With the following test data [Dog]. @03-11-2021 05:25:28.0918 AM
[ReportManager] Element Action [Select] successfully performed. With the following test data [Cat]. @03-11-2021 05:25:29.0072 AM
[ReportManager] Element Action [GetSelectedText] successfully performed. With the following test data [DogCat]. @03-11-2021 05:25:29.0161 AM
[ReportManager] DogCat @03-11-2021 05:25:29.0161 AM
[ReportManager] Element Action [GetSelectedText] successfully performed. With the following test data [DogCat]. @03-11-2021 05:25:29.0234 AM
[ReportManager] Loaded Shared OpenCV @03-11-2021 05:25:29.0576 AM
[ReportManager] Assertion [ValidateElementAttribute] PASSED. Expected [Value Should be 'DogCat' for the 'selectedText' attribute, element locator 'By.tagName: select'] and Actual [DogCat]. Comparison Type [EQUALS]. Validation Type [POSITIVE]. @03-11-2021 05:25:29.0743 AM
[ReportManager] Successfully created attachment [Screenshot - 1635917129576_multipleSelect_ValidateElementAttribute_passed] @03-11-2021 05:25:29.0744 AM
[ReportManager] Browser Action [CloseCurrentWindow] successfully performed. @03-11-2021 05:25:29.0984 AM
[ReportManager] Successfully created attachment [Browser Action Test Data - CloseCurrentWindow - Actual Value] @03-11-2021 05:25:29.0984 A

################################################################################################################################################
Starting Execution:	[142 out of 144] test cases in the current suite
Test Method:		[testPackage01.Test_SelectedValue.simpleSelect]
################################################################################################################################################
[ReportManager] File Action [GetAbsolutePath] successfully performed. With the following test data [Relative Folder Path: "target/downloadedFiles/"]. @03-11-2021 05:25:29.0987 AM
[ReportManager] Attempting to run locally on: [Mac-64], [GoogleChrome], Headless Execution. @03-11-2021 05:25:29.0987 AM
[ReportManager] Identifying OS/Driver combination and selecting the correct driver version automatically. Please note that if a new driver executable will be downloaded it may take some time... @03-11-2021 05:25:29.0988 AM
[ReportManager] Successfully Opened Google Chrome. @03-11-2021 05:25:30.0519 AM
[ReportManager] Initial window size: (1920, 1080) @03-11-2021 05:25:30.0522 AM
[ReportManager] Window size after SWD Maximize: (1920, 1080) @03-11-2021 05:25:30.0633 AM
[ReportManager] Window size after Toolkit: (1920, 1080) @03-11-2021 05:25:31.0167 AM
[ReportManager] Browser Action [MaximizeWindow] successfully performed. With the following test data [New screen size is now: (1920, 1080)]. @03-11-2021 05:25:31.0169 AM
[ReportManager] Target URL: [https://yari-demos.prod.mdn.mozit.cloud/en-US/docs/Web/HTML/Element/select/_sample_.Basic_select.html] @03-11-2021 05:25:31.0170 AM
[ReportManager] Initial URL: [data:,] @03-11-2021 05:25:31.0201 AM
[ReportManager] Browser Action [NavigateToURL] successfully performed. With the following test data [https://yari-demos.prod.mdn.mozit.cloud/en-US/docs/Web/HTML/Element/select/_sample_.Basic_select.html]. @03-11-2021 05:25:31.0384 AM
[ReportManager] Element Action [Select] successfully performed. With the following test data [Third Value]. @03-11-2021 05:25:31.0607 AM
[ReportManager] Element Action [GetSelectedText] successfully performed. With the following test data [Third Value]. @03-11-2021 05:25:31.0668 AM
[ReportManager] Third Value @03-11-2021 05:25:31.0668 AM
[ReportManager] Element Action [GetSelectedText] successfully performed. With the following test data [Third Value]. @03-11-2021 05:25:31.0721 AM
[ReportManager] Loaded Shared OpenCV @03-11-2021 05:25:32.0014 AM
[ReportManager] Assertion [ValidateElementAttribute] PASSED. Expected [Value Should be 'Third Value' for the 'selectedText' attribute, element locator 'By.tagName: select'] and Actual [Third Value]. Comparison Type [EQUALS]. Validation Type [POSITIVE]. @03-11-2021 05:25:32.0184 AM
[ReportManager] Successfully created attachment [Screenshot - 1635917132013_simpleSelect_ValidateElementAttribute_passed] @03-11-2021 05:25:32.0185 AM
[ReportManager] Browser Action [CloseCurrentWindow] successfully performed. @03-11-2021 05:25:32.0358 AM
[ReportManager] Successfully created attachment [Browser Action Test Data - CloseCurrentWindow - Actual Value] @03-11-2021 05:25:32.0358 A
[ReportManager] File Action [GetAbsolutePath] successfully performed. With the following test data [Relative Folder Path: "target/downloadedFiles/"]. @03-11-2021 05:25:32.0360 AM
[ReportManager] Attempting to run locally on: [Mac-64], [Safari], Headless Execution. @03-11-2021 05:25:32.0360 AM
[ReportManager] Successfully Opened Safari. @03-11-2021 05:25:33.0138 AM
[ReportManager] Initial window size: (800, 600) @03-11-2021 05:25:33.0142 AM
[ReportManager] Window size after SWD Maximize: (1176, 811) @03-11-2021 05:25:33.0161 AM
[ReportManager] Browser Action [MaximizeWindow] successfully performed. With the following test data [New screen size is now: (1176, 811)]. @03-11-2021 05:25:33.0162 A

################################################################################################################################################
Starting Execution:	[143 out of 144] test cases in the current suite
Test Method:		[testPackage01.Test_dynamicLoading.dynamicLoading_elementIsHidden]
################################################################################################################################################
[ReportManager] Target URL: [https://the-internet.herokuapp.com/dynamic_loading/1] @03-11-2021 05:25:33.0165 AM
[ReportManager] Initial URL: [] @03-11-2021 05:25:33.0208 AM
[ReportManager] Browser Action [NavigateToURL] successfully performed. With the following test data [https://the-internet.herokuapp.com/dynamic_loading/1]. @03-11-2021 05:25:33.0658 AM
[ReportManager] Element Action [Click] successfully performed. With the following test data [Start]. @03-11-2021 05:25:33.0902 AM
[ReportManager] Element Action [GetText] successfully performed. With the following test data [
    Hello World!
  ]. @03-11-2021 05:25:33.0930 A
[ReportManager] Browser Action [CloseCurrentWindow] successfully performed. @03-11-2021 05:25:34.0176 AM
[ReportManager] Successfully created attachment [Browser Action Test Data - CloseCurrentWindow - Actual Value] @03-11-2021 05:25:34.0176 A
[ReportManager] File Action [GetAbsolutePath] successfully performed. With the following test data [Relative Folder Path: "target/downloadedFiles/"]. @03-11-2021 05:25:34.0178 AM
[ReportManager] Attempting to run locally on: [Mac-64], [Safari], Headless Execution. @03-11-2021 05:25:34.0179 AM
[ReportManager] Successfully Opened Safari. @03-11-2021 05:25:34.0984 AM
[ReportManager] Initial window size: (800, 600) @03-11-2021 05:25:35.0009 AM
[ReportManager] Window size after SWD Maximize: (1176, 811) @03-11-2021 05:25:35.0024 AM
[ReportManager] Browser Action [MaximizeWindow] successfully performed. With the following test data [New screen size is now: (1176, 811)]. @03-11-2021 05:25:35.0025 A

################################################################################################################################################
Starting Execution:	[144 out of 144] test cases in the current suite
Test Method:		[testPackage01.Test_dynamicLoading.dynamicLoading_elementIsRendered]
################################################################################################################################################
[ReportManager] Target URL: [https://the-internet.herokuapp.com/dynamic_loading/2] @03-11-2021 05:25:35.0040 AM
[ReportManager] Initial URL: [] @03-11-2021 05:25:35.0085 AM
[ReportManager] Browser Action [NavigateToURL] successfully performed. With the following test data [https://the-internet.herokuapp.com/dynamic_loading/2]. @03-11-2021 05:25:35.0538 AM
[ReportManager] Element Action [Click] successfully performed. With the following test data [Start]. @03-11-2021 05:25:35.0789 A
[ReportManager] Browser Action [CloseCurrentWindow] successfully performed. @03-11-2021 05:25:36.0062 AM
[ReportManager] Successfully created attachment [Browser Action Test Data - CloseCurrentWindow - Actual Value] @03-11-2021 05:25:36.0063 A

################################################################################################################################################
Test Closure Activities
################################################################################################################################################
[ReportManager] Successfully created attachment [SHAFT Engine Logs - Execution log] @03-11-2021 05:25:36.0094 AM

################################################################################################################################################
This test run was powered by SHAFT Engine Version: [SHAFT Engine v5.4.20211030-BETA]
SHAFT Engine is licensed under the MIT License: [https://github.com/MohabMohie/SHAFT_ENGINE/blob/master/LICENSE].
################################################################################################################################################