################################################################################################################################################
Detected SHAFT Engine Version: [SHAFT Engine v5.4.20211025-BETA]
################################################################################################################################################
[ReportManager] File Action [GetAbsolutePath] successfully performed. With the following test data [Relative Folder Path: "target/downloadedFiles/"]. @26-10-2021 01:48:29.0776 AM
[ReportManager] Attempting to run locally on: [Mac-64], [Safari], Headless Execution. @26-10-2021 01:48:29.0796 AM
[ReportManager] Successfully Opened Safari. @26-10-2021 01:48:34.0378 AM
[ReportManager] Initial window size: (800, 600) @26-10-2021 01:48:34.0410 AM
[ReportManager] Window size after SWD Maximize: (1176, 810) @26-10-2021 01:48:34.0464 AM
[ReportManager] Browser Action [MaximizeWindow] successfully performed. With the following test data [New screen size is now: (1176, 810)]. @26-10-2021 01:48:34.0472 A

################################################################################################################################################
Starting Execution:	[1 out of 143] test cases in the current suite
Test Method:		[unitTests.tests_element_elementActions.waitForElementToBePresent_false_expectedToFail]
################################################################################################################################################
[ReportManager] Target URL: [https://www.google.com/ncr], and after redirection: [www.google.com] @26-10-2021 01:48:34.0670 AM
[ReportManager] Initial URL: [] @26-10-2021 01:48:34.0748 AM
[ReportManager] Browser Action [NavigateToURL] successfully performed. With the following test data [https://www.google.com/ncr]. @26-10-2021 01:48:35.0850 AM
[ReportManager] Waiting for element to be present; elementLocator [By.xpath: //*[@id='hplogo' or @alt='Google']], numberOfTries[1], stateOfPresence[false]... @26-10-2021 01:48:35.0859 AM
[ReportManager] Element Action [WaitForElementToBePresent] failed. With the following test data [waited for the element's state of presence to be (false). Element locator (By.xpath: //*[@id='hplogo' or @alt='Google'])]. @26-10-2021 01:48:37.0919 AM
[ReportManager] Successfully created attachment [Screenshot - 1635212915953_waitForElementToBePresent_false_expectedToFail_WaitForElementToBePresent_failed] @26-10-2021 01:48:37.0932 A
[ReportManager] Browser Action [CloseCurrentWindow] successfully performed. @26-10-2021 01:48:38.0045 AM
[ReportManager] Successfully created attachment [Browser Action Test Data - CloseCurrentWindow - Actual Value] @26-10-2021 01:48:38.0046 A
[ReportManager] File Action [GetAbsolutePath] successfully performed. With the following test data [Relative Folder Path: "target/downloadedFiles/"]. @26-10-2021 01:48:38.0065 AM
[ReportManager] Attempting to run locally on: [Mac-64], [Safari], Headless Execution. @26-10-2021 01:48:38.0065 AM
[ReportManager] Successfully Opened Safari. @26-10-2021 01:48:38.0974 AM
[ReportManager] Initial window size: (800, 600) @26-10-2021 01:48:38.0983 AM
[ReportManager] Window size after SWD Maximize: (1176, 811) @26-10-2021 01:48:39.0003 AM
[ReportManager] Browser Action [MaximizeWindow] successfully performed. With the following test data [New screen size is now: (1176, 811)]. @26-10-2021 01:48:39.0004 A

################################################################################################################################################
Starting Execution:	[2 out of 143] test cases in the current suite
Test Method:		[unitTests.tests_element_elementActions.waitForElementToBePresent_false_expectedToPass]
################################################################################################################################################
[ReportManager] Target URL: [https://www.google.com/ncr], and after redirection: [www.google.com] @26-10-2021 01:48:39.0010 AM
[ReportManager] Initial URL: [] @26-10-2021 01:48:39.0074 AM
[ReportManager] Browser Action [NavigateToURL] successfully performed. With the following test data [https://www.google.com/ncr]. @26-10-2021 01:48:40.0087 AM
[ReportManager] Waiting for element to be present; elementLocator [By.id: bla], numberOfTries[1], stateOfPresence[false]... @26-10-2021 01:48:40.0087 A
[ReportManager] Browser Action [CloseCurrentWindow] successfully performed. @26-10-2021 01:48:40.0263 AM
[ReportManager] Successfully created attachment [Browser Action Test Data - CloseCurrentWindow - Actual Value] @26-10-2021 01:48:40.0264 A
[ReportManager] File Action [GetAbsolutePath] successfully performed. With the following test data [Relative Folder Path: "target/downloadedFiles/"]. @26-10-2021 01:48:40.0269 AM
[ReportManager] Attempting to run locally on: [Mac-64], [Safari], Headless Execution. @26-10-2021 01:48:40.0269 AM
[ReportManager] Successfully Opened Safari. @26-10-2021 01:48:41.0096 AM
[ReportManager] Initial window size: (800, 600) @26-10-2021 01:48:41.0104 AM
[ReportManager] Window size after SWD Maximize: (1176, 811) @26-10-2021 01:48:41.0128 AM
[ReportManager] Browser Action [MaximizeWindow] successfully performed. With the following test data [New screen size is now: (1176, 811)]. @26-10-2021 01:48:41.0128 A

################################################################################################################################################
Starting Execution:	[3 out of 143] test cases in the current suite
Test Method:		[unitTests.tests_element_elementActions.waitForElementToBePresent_moreThanOneElement_expectedToFail]
################################################################################################################################################
[ReportManager] Target URL: [https://www.google.com/ncr], and after redirection: [www.google.com] @26-10-2021 01:48:41.0135 AM
[ReportManager] Initial URL: [] @26-10-2021 01:48:41.0204 AM
[ReportManager] Browser Action [NavigateToURL] successfully performed. With the following test data [https://www.google.com/ncr]. @26-10-2021 01:48:42.0030 AM
[ReportManager] Waiting for element to be present; elementLocator [By.xpath: //*], numberOfTries[1], stateOfPresence[false]... @26-10-2021 01:48:42.0030 AM
[ReportManager] Element Action [WaitForElementToBePresent] failed. With the following test data [waited for the element's state of presence to be (false). Element locator (By.xpath: //*)]. @26-10-2021 01:48:42.0210 AM
[ReportManager] Successfully created attachment [Screenshot - 1635212922103_waitForElementToBePresent_moreThanOneElement_expectedToFail_WaitForElementToBePresent_failed] @26-10-2021 01:48:42.0214 A
[ReportManager] Browser Action [CloseCurrentWindow] successfully performed. @26-10-2021 01:48:42.0274 AM
[ReportManager] Successfully created attachment [Browser Action Test Data - CloseCurrentWindow - Actual Value] @26-10-2021 01:48:42.0276 A
[ReportManager] File Action [GetAbsolutePath] successfully performed. With the following test data [Relative Folder Path: "target/downloadedFiles/"]. @26-10-2021 01:48:42.0289 AM
[ReportManager] Attempting to run locally on: [Mac-64], [Safari], Headless Execution. @26-10-2021 01:48:42.0289 AM
[ReportManager] Successfully Opened Safari. @26-10-2021 01:48:43.0138 AM
[ReportManager] Initial window size: (800, 600) @26-10-2021 01:48:43.0158 AM
[ReportManager] Window size after SWD Maximize: (1176, 811) @26-10-2021 01:48:43.0174 AM
[ReportManager] Browser Action [MaximizeWindow] successfully performed. With the following test data [New screen size is now: (1176, 811)]. @26-10-2021 01:48:43.0175 A

################################################################################################################################################
Starting Execution:	[4 out of 143] test cases in the current suite
Test Method:		[unitTests.tests_element_elementActions.waitForElementToBePresent_true_expectedToFail]
################################################################################################################################################
[ReportManager] Target URL: [https://www.google.com/ncr], and after redirection: [www.google.com] @26-10-2021 01:48:43.0185 AM
[ReportManager] Initial URL: [] @26-10-2021 01:48:43.0261 AM
[ReportManager] Browser Action [NavigateToURL] successfully performed. With the following test data [https://www.google.com/ncr]. @26-10-2021 01:48:43.0992 AM
[ReportManager] Waiting for element to be present; elementLocator [By.id: bla], numberOfTries[1], stateOfPresence[true]... @26-10-2021 01:48:43.0993 A
[ReportManager] Browser Action [CloseCurrentWindow] successfully performed. @26-10-2021 01:48:44.0274 AM
[ReportManager] Successfully created attachment [Browser Action Test Data - CloseCurrentWindow - Actual Value] @26-10-2021 01:48:44.0275 A
[ReportManager] File Action [GetAbsolutePath] successfully performed. With the following test data [Relative Folder Path: "target/downloadedFiles/"]. @26-10-2021 01:48:44.0279 AM
[ReportManager] Attempting to run locally on: [Mac-64], [Safari], Headless Execution. @26-10-2021 01:48:44.0279 AM
[ReportManager] Successfully Opened Safari. @26-10-2021 01:48:45.0147 AM
[ReportManager] Initial window size: (800, 600) @26-10-2021 01:48:45.0159 AM
[ReportManager] Window size after SWD Maximize: (1176, 811) @26-10-2021 01:48:45.0183 AM
[ReportManager] Browser Action [MaximizeWindow] successfully performed. With the following test data [New screen size is now: (1176, 811)]. @26-10-2021 01:48:45.0184 A

################################################################################################################################################
Starting Execution:	[5 out of 143] test cases in the current suite
Test Method:		[unitTests.tests_element_elementActions.waitForElementToBePresent_true_expectedToPass]
################################################################################################################################################
[ReportManager] Target URL: [https://www.google.com/ncr], and after redirection: [www.google.com] @26-10-2021 01:48:45.0189 AM
[ReportManager] Initial URL: [] @26-10-2021 01:48:45.0253 AM
[ReportManager] Browser Action [NavigateToURL] successfully performed. With the following test data [https://www.google.com/ncr]. @26-10-2021 01:48:46.0101 AM
[ReportManager] Waiting for element to be present; elementLocator [By.xpath: //*[@id='hplogo' or @alt='Google']], numberOfTries[1], stateOfPresence[true]... @26-10-2021 01:48:46.0102 AM
[ReportManager] Element Action [WaitForElementToBePresent] successfully performed. With the following test data [waited for the element's state of presence to be (true). Element locator (By.xpath: //*[@id='hplogo' or @alt='Google'])]. @26-10-2021 01:48:46.0125 AM
[ReportManager] File Action [DoesFileExist] successfully performed. With the following test data [File Path: "src/test/resources/DynamicObjectRepository/unitTests_tests_element_elementActions_waitForElementToBePresent_true_expectedToPass_By_xpath_id_hplogo_or_alt_Google.png"]. @26-10-2021 01:48:46.0144 AM
[ReportManager] File Action [DoesFileExist] successfully performed. With the following test data [File Path: "src/test/resources/DynamicObjectRepository/unitTests_tests_element_elementActions_waitForElementToBePresent_true_expectedToPass_By_xpath_id_hplogo_or_alt_Google.png"]. @26-10-2021 01:48:46.0229 AM
[ReportManager] Passing the test and saving a reference image @26-10-2021 01:48:46.0230 AM
[ReportManager] File Action [GetAbsolutePath] successfully performed. With the following test data [Relative File Path: "src/test/resources/DynamicObjectRepository/unitTests_tests_element_elementActions_waitForElementToBePresent_true_expectedToPass_By_xpath_id_hplogo_or_alt_Google.png"]. @26-10-2021 01:48:46.0230 AM
[ReportManager] File Action [WriteToFile] successfully performed. With the following test data [Target File Path: "/Users/runner/work/SHAFT_ENGINE/SHAFT_ENGINE/src/test/resources/DynamicObjectRepository/unitTests_tests_element_elementActions_waitForElementToBePresent_true_expectedToPass_By_xpath_id_hplogo_or_alt_Google.png"]. @26-10-2021 01:48:46.0233 AM
[ReportManager] Assertion Passed: Using Visual AI; OpenCV @26-10-2021 01:48:46.0235 AM
[ReportManager] Successfully created attachment [Validation Test Data - Actual Screenshot] @26-10-2021 01:48:46.0236 AM
[ReportManager] Assertion [ValidateElementMatches] PASSED. Expected [Element should match the reference screenshot] and Actual [TRUE]. Comparison Type [EXACT_OPENCV]. Validation Type [POSITIVE]. @26-10-2021 01:48:46.0236 A
[ReportManager] Browser Action [CloseCurrentWindow] successfully performed. @26-10-2021 01:48:46.0473 AM
[ReportManager] Successfully created attachment [Browser Action Test Data - CloseCurrentWindow - Actual Value] @26-10-2021 01:48:46.0474 A
[ReportManager] File Action [GetAbsolutePath] successfully performed. With the following test data [Relative Folder Path: "target/downloadedFiles/"]. @26-10-2021 01:48:46.0478 AM
[ReportManager] Attempting to run locally on: [Mac-64], [Safari], Headless Execution. @26-10-2021 01:48:46.0478 AM
[ReportManager] Successfully Opened Safari. @26-10-2021 01:48:47.0292 AM
[ReportManager] Initial window size: (800, 600) @26-10-2021 01:48:47.0298 AM
[ReportManager] Window size after SWD Maximize: (1176, 811) @26-10-2021 01:48:47.0324 AM
[ReportManager] Browser Action [MaximizeWindow] successfully performed. With the following test data [New screen size is now: (1176, 811)]. @26-10-2021 01:48:47.0325 AM
[ReportManager] Target URL: [https://duckduckgo.com] @26-10-2021 01:48:47.0325 AM
[ReportManager] Initial URL: [] @26-10-2021 01:48:47.0388 AM
[ReportManager] Browser Action [NavigateToURL] successfully performed. With the following test data [https://duckduckgo.com]. @26-10-2021 01:48:50.0368 A

################################################################################################################################################
Starting Execution:	[6 out of 143] test cases in the current suite
Test Method:		[unitTests.tests_browserActions.fullScreenWindow]
################################################################################################################################################
[ReportManager] Initial Windows Size: 1176x811 @26-10-2021 01:48:50.0378 AM
[ReportManager] Current Windows Size after fullScreen: 1176x885 @26-10-2021 01:48:50.0667 AM
[ReportManager] Browser Action [FullScreenWindow] successfully performed. @26-10-2021 01:48:50.0693 AM
[ReportManager] Successfully created attachment [Browser Action Test Data - FullScreenWindow - Actual Value] @26-10-2021 01:48:50.0695 A
[ReportManager] Target URL: [https://duckduckgo.com] @26-10-2021 01:48:50.0700 AM
[ReportManager] Initial URL: [https://duckduckgo.com] @26-10-2021 01:48:50.0764 AM
[ReportManager] Browser Action [NavigateToURL] successfully performed. With the following test data [https://duckduckgo.com]. @26-10-2021 01:48:51.0725 AM
[ReportManager] Browser Action [CloseCurrentWindow] successfully performed. @26-10-2021 01:48:51.0764 AM
[ReportManager] Successfully created attachment [Browser Action Test Data - CloseCurrentWindow - Actual Value] @26-10-2021 01:48:51.0767 A
[ReportManager] File Action [GetAbsolutePath] successfully performed. With the following test data [Relative Folder Path: "target/downloadedFiles/"]. @26-10-2021 01:48:51.0771 AM
[ReportManager] Attempting to run locally on: [Mac-64], [Safari], Headless Execution. @26-10-2021 01:48:51.0771 AM
[ReportManager] Successfully Opened Safari. @26-10-2021 01:48:52.0708 AM
[ReportManager] Initial window size: (800, 600) @26-10-2021 01:48:52.0725 AM
[ReportManager] Window size after SWD Maximize: (1176, 811) @26-10-2021 01:48:52.0759 AM
[ReportManager] Browser Action [MaximizeWindow] successfully performed. With the following test data [New screen size is now: (1176, 811)]. @26-10-2021 01:48:52.0760 AM
[ReportManager] Target URL: [https://duckduckgo.com] @26-10-2021 01:48:52.0760 AM
[ReportManager] Initial URL: [] @26-10-2021 01:48:52.0795 AM
[ReportManager] Browser Action [NavigateToURL] successfully performed. With the following test data [https://duckduckgo.com]. @26-10-2021 01:48:54.0351 A

################################################################################################################################################
Starting Execution:	[7 out of 143] test cases in the current suite
Test Method:		[unitTests.tests_browserActions.getCurrentURL]
################################################################################################################################################
[ReportManager] Browser Action [GetCurrentURL] successfully performed. With the following test data [https://duckduckgo.com/]. @26-10-2021 01:48:54.0399 A
[ReportManager] Target URL: [https://duckduckgo.com] @26-10-2021 01:48:54.0401 AM
[ReportManager] Initial URL: [https://duckduckgo.com] @26-10-2021 01:48:54.0432 AM
[ReportManager] Browser Action [NavigateToURL] successfully performed. With the following test data [https://duckduckgo.com]. @26-10-2021 01:48:54.0995 AM
[ReportManager] Browser Action [CloseCurrentWindow] successfully performed. @26-10-2021 01:48:55.0208 AM
[ReportManager] Successfully created attachment [Browser Action Test Data - CloseCurrentWindow - Actual Value] @26-10-2021 01:48:55.0209 A
[ReportManager] File Action [GetAbsolutePath] successfully performed. With the following test data [Relative Folder Path: "target/downloadedFiles/"]. @26-10-2021 01:48:55.0212 AM
[ReportManager] Attempting to run locally on: [Mac-64], [Safari], Headless Execution. @26-10-2021 01:48:55.0212 AM
[ReportManager] Successfully Opened Safari. @26-10-2021 01:48:55.0973 AM
[ReportManager] Initial window size: (800, 600) @26-10-2021 01:48:55.0995 AM
[ReportManager] Window size after SWD Maximize: (1176, 811) @26-10-2021 01:48:56.0020 AM
[ReportManager] Browser Action [MaximizeWindow] successfully performed. With the following test data [New screen size is now: (1176, 811)]. @26-10-2021 01:48:56.0020 AM
[ReportManager] Target URL: [https://duckduckgo.com] @26-10-2021 01:48:56.0021 AM
[ReportManager] Initial URL: [] @26-10-2021 01:48:56.0082 AM
[ReportManager] Browser Action [NavigateToURL] successfully performed. With the following test data [https://duckduckgo.com]. @26-10-2021 01:48:57.0576 A

################################################################################################################################################
Starting Execution:	[8 out of 143] test cases in the current suite
Test Method:		[unitTests.tests_browserActions.getCurrentWindowTitle]
################################################################################################################################################
[ReportManager] Browser Action [GetCurrentWindowTitle] successfully performed. With the following test data [DuckDuckGo â€” Privacy, simplified.]. @26-10-2021 01:48:57.0612 A
[ReportManager] Target URL: [https://duckduckgo.com] @26-10-2021 01:48:57.0615 AM
[ReportManager] Initial URL: [https://duckduckgo.com] @26-10-2021 01:48:57.0662 AM
[ReportManager] Browser Action [NavigateToURL] successfully performed. With the following test data [https://duckduckgo.com]. @26-10-2021 01:48:58.0216 AM
[ReportManager] Browser Action [CloseCurrentWindow] successfully performed. @26-10-2021 01:48:58.0347 AM
[ReportManager] Successfully created attachment [Browser Action Test Data - CloseCurrentWindow - Actual Value] @26-10-2021 01:48:58.0348 A
[ReportManager] File Action [GetAbsolutePath] successfully performed. With the following test data [Relative Folder Path: "target/downloadedFiles/"]. @26-10-2021 01:48:58.0355 AM
[ReportManager] Attempting to run locally on: [Mac-64], [Safari], Headless Execution. @26-10-2021 01:48:58.0355 AM
[ReportManager] Successfully Opened Safari. @26-10-2021 01:48:59.0161 AM
[ReportManager] Initial window size: (800, 600) @26-10-2021 01:48:59.0167 AM
[ReportManager] Window size after SWD Maximize: (1176, 811) @26-10-2021 01:48:59.0190 AM
[ReportManager] Browser Action [MaximizeWindow] successfully performed. With the following test data [New screen size is now: (1176, 811)]. @26-10-2021 01:48:59.0190 AM
[ReportManager] Target URL: [https://duckduckgo.com] @26-10-2021 01:48:59.0191 AM
[ReportManager] Initial URL: [] @26-10-2021 01:48:59.0251 AM
[ReportManager] Browser Action [NavigateToURL] successfully performed. With the following test data [https://duckduckgo.com]. @26-10-2021 01:49:00.0803 A

################################################################################################################################################
Starting Execution:	[9 out of 143] test cases in the current suite
Test Method:		[unitTests.tests_browserActions.getPageSource]
################################################################################################################################################
[ReportManager] Browser Action [GetPageSource] successfully performed. @26-10-2021 01:49:00.0835 AM
[ReportManager] Successfully created attachment [Browser Action Test Data - GetPageSource - Actual Value] @26-10-2021 01:49:00.0836 A
[ReportManager] Target URL: [https://duckduckgo.com] @26-10-2021 01:49:00.0838 AM
[ReportManager] Initial URL: [https://duckduckgo.com] @26-10-2021 01:49:00.0882 AM
[ReportManager] Browser Action [NavigateToURL] successfully performed. With the following test data [https://duckduckgo.com]. @26-10-2021 01:49:01.0441 AM
[ReportManager] Browser Action [CloseCurrentWindow] successfully performed. @26-10-2021 01:49:01.0535 AM
[ReportManager] Successfully created attachment [Browser Action Test Data - CloseCurrentWindow - Actual Value] @26-10-2021 01:49:01.0536 A
[ReportManager] File Action [GetAbsolutePath] successfully performed. With the following test data [Relative Folder Path: "target/downloadedFiles/"]. @26-10-2021 01:49:01.0539 AM
[ReportManager] Attempting to run locally on: [Mac-64], [Safari], Headless Execution. @26-10-2021 01:49:01.0539 A

################################################################################################################################################
Starting Execution:	[10 out of 143] test cases in the current suite
Test Method:		[unitTests.tests_browserActions.getWindowHandle]
###############################################################################################################################################



################################################################################################################################################
Starting Execution:	[11 out of 143] test cases in the current suite
Test Method:		[unitTests.tests_browserActions.getWindowPosition]
###############################################################################################################################################



################################################################################################################################################
Starting Execution:	[12 out of 143] test cases in the current suite
Test Method:		[unitTests.tests_browserActions.getWindowSize]
###############################################################################################################################################



################################################################################################################################################
Starting Execution:	[13 out of 143] test cases in the current suite
Test Method:		[unitTests.tests_browserActions.maximizeWindow]
###############################################################################################################################################



################################################################################################################################################
Starting Execution:	[14 out of 143] test cases in the current suite
Test Method:		[unitTests.tests_browserActions.navigateBack]
###############################################################################################################################################



################################################################################################################################################
Starting Execution:	[15 out of 143] test cases in the current suite
Test Method:		[unitTests.tests_browserActions.navigateForward]
###############################################################################################################################################



################################################################################################################################################
Starting Execution:	[16 out of 143] test cases in the current suite
Test Method:		[unitTests.tests_browserActions.navigateToURL]
###############################################################################################################################################



################################################################################################################################################
Starting Execution:	[17 out of 143] test cases in the current suite
Test Method:		[unitTests.tests_browserActions.navigateToURLWithRedirection]
###############################################################################################################################################



################################################################################################################################################
Starting Execution:	[18 out of 143] test cases in the current suite
Test Method:		[unitTests.tests_browserActions.refreshCurrentPage]
###############################################################################################################################################



################################################################################################################################################
Starting Execution:	[19 out of 143] test cases in the current suite
Test Method:		[unitTests.tests_browserActions.setWindowSize]
###############################################################################################################################################

[ReportManager] Successfully loaded the following test data file [src/test/resources/TestDataFiles/testSuite01/TestData.xlsx]. @26-10-2021 01:49:02.0623 AM
[ReportManager] Successfully created attachment [Test Data - Excel] @26-10-2021 01:49:02.0623 A

################################################################################################################################################
Starting Execution:	[20 out of 143] test cases in the current suite
Test Method:		[unitTests.tests_io_excelFileManager.getCellData_rowName_expectedToPass]
################################################################################################################################################
[ReportManager] testRowData. @26-10-2021 01:49:02.0637 A

################################################################################################################################################
Starting Execution:	[21 out of 143] test cases in the current suite
Test Method:		[unitTests.tests_validations_assertions.assertComparativeRelation_greaterThanOrEquals_false_equals_expectedToFail]
################################################################################################################################################
[ReportManager] Assertion [ValidateComparativeRelation] FAILED. Expected [1] and Actual [1]. Comparison Type [GREATER_THAN_OR_EQUALS]. Validation Type [NEGATIVE]. @26-10-2021 01:49:02.0645 A

################################################################################################################################################
Starting Execution:	[22 out of 143] test cases in the current suite
Test Method:		[unitTests.tests_validations_assertions.assertComparativeRelation_greaterThanOrEquals_false_equals_expectedToPass]
################################################################################################################################################
[ReportManager] Assertion [ValidateComparativeRelation] PASSED. Expected [2] and Actual [1]. Comparison Type [GREATER_THAN_OR_EQUALS]. Validation Type [NEGATIVE]. @26-10-2021 01:49:02.0650 A

################################################################################################################################################
Starting Execution:	[23 out of 143] test cases in the current suite
Test Method:		[unitTests.tests_validations_assertions.assertComparativeRelation_greaterThanOrEquals_false_greaterThan_expectedToFail]
################################################################################################################################################
[ReportManager] Assertion [ValidateComparativeRelation] FAILED. Expected [1] and Actual [2]. Comparison Type [GREATER_THAN_OR_EQUALS]. Validation Type [NEGATIVE]. @26-10-2021 01:49:02.0655 A

################################################################################################################################################
Starting Execution:	[24 out of 143] test cases in the current suite
Test Method:		[unitTests.tests_validations_assertions.assertComparativeRelation_greaterThanOrEquals_false_greaterThan_expectedToPass]
################################################################################################################################################
[ReportManager] Assertion [ValidateComparativeRelation] PASSED. Expected [2] and Actual [1]. Comparison Type [GREATER_THAN_OR_EQUALS]. Validation Type [NEGATIVE]. @26-10-2021 01:49:02.0659 A

################################################################################################################################################
Starting Execution:	[25 out of 143] test cases in the current suite
Test Method:		[unitTests.tests_validations_assertions.assertComparativeRelation_greaterThanOrEquals_true_equals_expectedToFail]
################################################################################################################################################
[ReportManager] Assertion [ValidateComparativeRelation] FAILED. Expected [1] and Actual [0]. Comparison Type [GREATER_THAN_OR_EQUALS]. Validation Type [POSITIVE]. @26-10-2021 01:49:02.0663 A

################################################################################################################################################
Starting Execution:	[26 out of 143] test cases in the current suite
Test Method:		[unitTests.tests_validations_assertions.assertComparativeRelation_greaterThanOrEquals_true_equals_expectedToPass]
################################################################################################################################################
[ReportManager] Assertion [ValidateComparativeRelation] PASSED. Expected [1] and Actual [1]. Comparison Type [GREATER_THAN_OR_EQUALS]. Validation Type [POSITIVE]. @26-10-2021 01:49:02.0667 A

################################################################################################################################################
Starting Execution:	[27 out of 143] test cases in the current suite
Test Method:		[unitTests.tests_validations_assertions.assertComparativeRelation_greaterThanOrEquals_true_greaterThan_expectedToFail]
################################################################################################################################################
[ReportManager] Assertion [ValidateComparativeRelation] FAILED. Expected [2] and Actual [1]. Comparison Type [GREATER_THAN_OR_EQUALS]. Validation Type [POSITIVE]. @26-10-2021 01:49:02.0672 A

################################################################################################################################################
Starting Execution:	[28 out of 143] test cases in the current suite
Test Method:		[unitTests.tests_validations_assertions.assertComparativeRelation_greaterThanOrEquals_true_greaterThan_expectedToPass]
################################################################################################################################################
[ReportManager] Assertion [ValidateComparativeRelation] PASSED. Expected [1] and Actual [2]. Comparison Type [GREATER_THAN_OR_EQUALS]. Validation Type [POSITIVE]. @26-10-2021 01:49:02.0677 A
[ReportManager] File Action [GetAbsolutePath] successfully performed. With the following test data [Relative Folder Path: "target/downloadedFiles/"]. @26-10-2021 01:49:02.0680 AM
[ReportManager] Attempting to run locally on: [Mac-64], [Safari], Headless Execution. @26-10-2021 01:49:02.0680 AM
[ReportManager] Successfully Opened Safari. @26-10-2021 01:49:03.0499 AM
[ReportManager] Initial window size: (800, 600) @26-10-2021 01:49:03.0508 AM
[ReportManager] Window size after SWD Maximize: (1176, 811) @26-10-2021 01:49:03.0518 AM
[ReportManager] Browser Action [MaximizeWindow] successfully performed. With the following test data [New screen size is now: (1176, 811)]. @26-10-2021 01:49:03.0518 AM
[ReportManager] Target URL: [https://www.google.com/ncr], and after redirection: [www.google.com] @26-10-2021 01:49:03.0519 AM
[ReportManager] Initial URL: [] @26-10-2021 01:49:03.0557 AM
[ReportManager] Browser Action [NavigateToURL] successfully performed. With the following test data [https://www.google.com/ncr]. @26-10-2021 01:49:04.0903 A

################################################################################################################################################
Starting Execution:	[29 out of 143] test cases in the current suite
Test Method:		[unitTests.tests_validations_assertions.assertElementAttribute_false_caseInsensitiveComparison_expectedToFail]
################################################################################################################################################
[ReportManager] Element Action [Type] successfully performed. With the following test data [AUTOMATION]. @26-10-2021 01:49:05.0289 AM
[ReportManager] Element Action [GetText] successfully performed. With the following test data [AUTOMATION]. @26-10-2021 01:49:05.0357 AM
[ReportManager] Loaded Shared OpenCV @26-10-2021 01:49:06.0418 AM
[ReportManager] Assertion [ValidateElementAttribute] FAILED. Expected [Value Should not be 'AutomaTion' for the 'text' attribute, element locator 'By.name: q'] and Actual [AUTOMATION]. Comparison Type [CASE_INSENSITIVE]. Validation Type [NEGATIVE]. @26-10-2021 01:49:06.0792 AM
[ReportManager] Successfully created attachment [Screenshot - 1635212945422_assertElementAttribute_false_caseInsensitiveComparison_expectedToFail_ValidateElementAttribute_failed] @26-10-2021 01:49:06.0798 A
[ReportManager] Browser Action [CloseCurrentWindow] successfully performed. @26-10-2021 01:49:06.0844 AM
[ReportManager] Successfully created attachment [Browser Action Test Data - CloseCurrentWindow - Actual Value] @26-10-2021 01:49:06.0845 A
[ReportManager] File Action [GetAbsolutePath] successfully performed. With the following test data [Relative Folder Path: "target/downloadedFiles/"]. @26-10-2021 01:49:06.0871 AM
[ReportManager] Attempting to run locally on: [Mac-64], [Safari], Headless Execution. @26-10-2021 01:49:06.0872 AM
[ReportManager] Successfully Opened Safari. @26-10-2021 01:49:07.0688 AM
[ReportManager] Initial window size: (800, 600) @26-10-2021 01:49:07.0709 AM
[ReportManager] Window size after SWD Maximize: (1176, 811) @26-10-2021 01:49:07.0757 AM
[ReportManager] Browser Action [MaximizeWindow] successfully performed. With the following test data [New screen size is now: (1176, 811)]. @26-10-2021 01:49:07.0757 AM
[ReportManager] Target URL: [https://www.google.com/ncr], and after redirection: [www.google.com] @26-10-2021 01:49:07.0758 AM
[ReportManager] Initial URL: [] @26-10-2021 01:49:07.0815 AM
[ReportManager] Browser Action [NavigateToURL] successfully performed. With the following test data [https://www.google.com/ncr]. @26-10-2021 01:49:08.0519 A

################################################################################################################################################
Starting Execution:	[30 out of 143] test cases in the current suite
Test Method:		[unitTests.tests_validations_assertions.assertElementAttribute_false_caseInsensitiveComparison_expectedToPass]
################################################################################################################################################
[ReportManager] Element Action [Type] successfully performed. With the following test data [AUTOMATION]. @26-10-2021 01:49:08.0947 AM
[ReportManager] Element Action [GetText] successfully performed. With the following test data [AUTOMATION]. @26-10-2021 01:49:08.0997 AM
[ReportManager] Loaded Shared OpenCV @26-10-2021 01:49:09.0053 AM
[ReportManager] Assertion [ValidateElementAttribute] PASSED. Expected [Value Should not be 'AutomaTion123' for the 'text' attribute, element locator 'By.name: q'] and Actual [AUTOMATION]. Comparison Type [CASE_INSENSITIVE]. Validation Type [NEGATIVE]. @26-10-2021 01:49:09.0187 AM
[ReportManager] Successfully created attachment [Screenshot - 1635212949053_assertElementAttribute_false_caseInsensitiveComparison_expectedToPass_ValidateElementAttribute_passed] @26-10-2021 01:49:09.0189 A
[ReportManager] Browser Action [CloseCurrentWindow] successfully performed. @26-10-2021 01:49:09.0257 AM
[ReportManager] Successfully created attachment [Browser Action Test Data - CloseCurrentWindow - Actual Value] @26-10-2021 01:49:09.0265 A
[ReportManager] File Action [GetAbsolutePath] successfully performed. With the following test data [Relative Folder Path: "target/downloadedFiles/"]. @26-10-2021 01:49:09.0270 AM
[ReportManager] Attempting to run locally on: [Mac-64], [Safari], Headless Execution. @26-10-2021 01:49:09.0271 AM
[ReportManager] Successfully Opened Safari. @26-10-2021 01:49:10.0119 AM
[ReportManager] Initial window size: (800, 600) @26-10-2021 01:49:10.0130 AM
[ReportManager] Window size after SWD Maximize: (1176, 811) @26-10-2021 01:49:10.0144 AM
[ReportManager] Browser Action [MaximizeWindow] successfully performed. With the following test data [New screen size is now: (1176, 811)]. @26-10-2021 01:49:10.0144 AM
[ReportManager] Target URL: [https://www.google.com/ncr], and after redirection: [www.google.com] @26-10-2021 01:49:10.0144 AM
[ReportManager] Initial URL: [] @26-10-2021 01:49:10.0191 AM
[ReportManager] Browser Action [NavigateToURL] successfully performed. With the following test data [https://www.google.com/ncr]. @26-10-2021 01:49:10.0942 A

################################################################################################################################################
Starting Execution:	[31 out of 143] test cases in the current suite
Test Method:		[unitTests.tests_validations_assertions.assertElementAttribute_false_containsComparison_expectedToFail]
################################################################################################################################################
[ReportManager] Element Action [Type] successfully performed. With the following test data [Automation123]. @26-10-2021 01:49:11.0471 AM
[ReportManager] Element Action [GetText] successfully performed. With the following test data [Automation123]. @26-10-2021 01:49:11.0535 AM
[ReportManager] Loaded Shared OpenCV @26-10-2021 01:49:11.0586 AM
[ReportManager] Assertion [ValidateElementAttribute] FAILED. Expected [Value Should not be 'Automation' for the 'text' attribute, element locator 'By.name: q'] and Actual [Automation123]. Comparison Type [CONTAINS]. Validation Type [NEGATIVE]. @26-10-2021 01:49:11.0692 AM
[ReportManager] Successfully created attachment [Screenshot - 1635212951586_assertElementAttribute_false_containsComparison_expectedToFail_ValidateElementAttribute_failed] @26-10-2021 01:49:11.0694 A
[ReportManager] Browser Action [CloseCurrentWindow] successfully performed. @26-10-2021 01:49:11.0789 AM
[ReportManager] Successfully created attachment [Browser Action Test Data - CloseCurrentWindow - Actual Value] @26-10-2021 01:49:11.0790 A
[ReportManager] File Action [GetAbsolutePath] successfully performed. With the following test data [Relative Folder Path: "target/downloadedFiles/"]. @26-10-2021 01:49:11.0794 AM
[ReportManager] Attempting to run locally on: [Mac-64], [Safari], Headless Execution. @26-10-2021 01:49:11.0794 AM
[ReportManager] Successfully Opened Safari. @26-10-2021 01:49:12.0620 AM
[ReportManager] Initial window size: (800, 600) @26-10-2021 01:49:12.0629 AM
[ReportManager] Window size after SWD Maximize: (1176, 811) @26-10-2021 01:49:12.0655 AM
[ReportManager] Browser Action [MaximizeWindow] successfully performed. With the following test data [New screen size is now: (1176, 811)]. @26-10-2021 01:49:12.0656 AM
[ReportManager] Target URL: [https://www.google.com/ncr], and after redirection: [www.google.com] @26-10-2021 01:49:12.0656 AM
[ReportManager] Initial URL: [] @26-10-2021 01:49:12.0713 AM
[ReportManager] Browser Action [NavigateToURL] successfully performed. With the following test data [https://www.google.com/ncr]. @26-10-2021 01:49:13.0975 A

################################################################################################################################################
Starting Execution:	[32 out of 143] test cases in the current suite
Test Method:		[unitTests.tests_validations_assertions.assertElementAttribute_false_containsComparison_expectedToPass]
################################################################################################################################################
[ReportManager] Element Action [Type] successfully performed. With the following test data [Automation123]. @26-10-2021 01:49:14.0506 AM
[ReportManager] Element Action [GetText] successfully performed. With the following test data [Automation123]. @26-10-2021 01:49:14.0555 AM
[ReportManager] Loaded Shared OpenCV @26-10-2021 01:49:14.0608 AM
[ReportManager] Assertion [ValidateElementAttribute] PASSED. Expected [Value Should not be 'Automation1234' for the 'text' attribute, element locator 'By.name: q'] and Actual [Automation123]. Comparison Type [CONTAINS]. Validation Type [NEGATIVE]. @26-10-2021 01:49:14.0712 AM
[ReportManager] Successfully created attachment [Screenshot - 1635212954608_assertElementAttribute_false_containsComparison_expectedToPass_ValidateElementAttribute_passed] @26-10-2021 01:49:14.0714 A
[ReportManager] Browser Action [CloseCurrentWindow] successfully performed. @26-10-2021 01:49:14.0787 AM
[ReportManager] Successfully created attachment [Browser Action Test Data - CloseCurrentWindow - Actual Value] @26-10-2021 01:49:14.0788 A
[ReportManager] File Action [GetAbsolutePath] successfully performed. With the following test data [Relative Folder Path: "target/downloadedFiles/"]. @26-10-2021 01:49:14.0796 AM
[ReportManager] Attempting to run locally on: [Mac-64], [Safari], Headless Execution. @26-10-2021 01:49:14.0797 AM
[ReportManager] Successfully Opened Safari. @26-10-2021 01:49:15.0628 AM
[ReportManager] Initial window size: (800, 600) @26-10-2021 01:49:15.0635 AM
[ReportManager] Window size after SWD Maximize: (1176, 811) @26-10-2021 01:49:15.0658 AM
[ReportManager] Browser Action [MaximizeWindow] successfully performed. With the following test data [New screen size is now: (1176, 811)]. @26-10-2021 01:49:15.0659 AM
[ReportManager] Target URL: [https://www.google.com/ncr], and after redirection: [www.google.com] @26-10-2021 01:49:15.0659 AM
[ReportManager] Initial URL: [] @26-10-2021 01:49:15.0715 AM
[ReportManager] Browser Action [NavigateToURL] successfully performed. With the following test data [https://www.google.com/ncr]. @26-10-2021 01:49:17.0086 A

################################################################################################################################################
Starting Execution:	[33 out of 143] test cases in the current suite
Test Method:		[unitTests.tests_validations_assertions.assertElementAttribute_false_literalComparison_expectedToFail]
################################################################################################################################################
[ReportManager] Element Action [Type] successfully performed. With the following test data [Automation!@#$%^&*()_+{}[]\';/.,]. @26-10-2021 01:49:18.0131 AM
[ReportManager] Element Action [GetText] successfully performed. With the following test data [Automation!@#$%^&*()_+{}[]\';/.,]. @26-10-2021 01:49:18.0187 AM
[ReportManager] Loaded Shared OpenCV @26-10-2021 01:49:18.0244 AM
[ReportManager] Assertion [ValidateElementAttribute] PASSED. Expected [Value Should not be 'Automation!@#$%^&*()_+{}[]\\';/.,' for the 'text' attribute, element locator 'By.name: q'] and Actual [Automation!@#$%^&*()_+{}[]\';/.,]. Comparison Type [EQUALS]. Validation Type [NEGATIVE]. @26-10-2021 01:49:18.0427 AM
[ReportManager] Successfully created attachment [Screenshot - 1635212958243_assertElementAttribute_false_literalComparison_expectedToFail_ValidateElementAttribute_passed] @26-10-2021 01:49:18.0429 A
[ReportManager] Browser Action [CloseCurrentWindow] successfully performed. @26-10-2021 01:49:18.0683 AM
[ReportManager] Successfully created attachment [Browser Action Test Data - CloseCurrentWindow - Actual Value] @26-10-2021 01:49:18.0684 A
[ReportManager] File Action [GetAbsolutePath] successfully performed. With the following test data [Relative Folder Path: "target/downloadedFiles/"]. @26-10-2021 01:49:18.0690 AM
[ReportManager] Attempting to run locally on: [Mac-64], [Safari], Headless Execution. @26-10-2021 01:49:18.0690 AM
[ReportManager] Successfully Opened Safari. @26-10-2021 01:49:19.0467 AM
[ReportManager] Initial window size: (800, 600) @26-10-2021 01:49:19.0486 AM
[ReportManager] Window size after SWD Maximize: (1176, 811) @26-10-2021 01:49:19.0504 AM
[ReportManager] Browser Action [MaximizeWindow] successfully performed. With the following test data [New screen size is now: (1176, 811)]. @26-10-2021 01:49:19.0505 AM
[ReportManager] Target URL: [https://www.google.com/ncr], and after redirection: [www.google.com] @26-10-2021 01:49:19.0505 AM
[ReportManager] Initial URL: [] @26-10-2021 01:49:19.0551 AM
[ReportManager] Browser Action [NavigateToURL] successfully performed. With the following test data [https://www.google.com/ncr]. @26-10-2021 01:49:20.0340 A

################################################################################################################################################
Starting Execution:	[34 out of 143] test cases in the current suite
Test Method:		[unitTests.tests_validations_assertions.assertElementAttribute_false_literalComparison_expectedToPass]
################################################################################################################################################
[ReportManager] Element Action [Type] successfully performed. With the following test data [Automation!@#$%^&*()_+{}[]\';/.,]. @26-10-2021 01:49:21.0413 AM
[ReportManager] Element Action [GetText] successfully performed. With the following test data [Automation!@#$%^&*()_+{}[]\';/.,]. @26-10-2021 01:49:21.0458 AM
[ReportManager] Loaded Shared OpenCV @26-10-2021 01:49:21.0516 AM
[ReportManager] Assertion [ValidateElementAttribute] PASSED. Expected [Value Should not be 'Automation' for the 'text' attribute, element locator 'By.name: q'] and Actual [Automation!@#$%^&*()_+{}[]\';/.,]. Comparison Type [EQUALS]. Validation Type [NEGATIVE]. @26-10-2021 01:49:21.0679 AM
[ReportManager] Successfully created attachment [Screenshot - 1635212961516_assertElementAttribute_false_literalComparison_expectedToPass_ValidateElementAttribute_passed] @26-10-2021 01:49:21.0680 A
[ReportManager] Browser Action [CloseCurrentWindow] successfully performed. @26-10-2021 01:49:21.0772 AM
[ReportManager] Successfully created attachment [Browser Action Test Data - CloseCurrentWindow - Actual Value] @26-10-2021 01:49:21.0773 A
[ReportManager] File Action [GetAbsolutePath] successfully performed. With the following test data [Relative Folder Path: "target/downloadedFiles/"]. @26-10-2021 01:49:21.0776 AM
[ReportManager] Attempting to run locally on: [Mac-64], [Safari], Headless Execution. @26-10-2021 01:49:21.0777 AM
[ReportManager] Successfully Opened Safari. @26-10-2021 01:49:22.0626 AM
[ReportManager] Initial window size: (800, 600) @26-10-2021 01:49:22.0638 AM
[ReportManager] Window size after SWD Maximize: (1176, 811) @26-10-2021 01:49:22.0657 AM
[ReportManager] Browser Action [MaximizeWindow] successfully performed. With the following test data [New screen size is now: (1176, 811)]. @26-10-2021 01:49:22.0657 AM
[ReportManager] Target URL: [https://www.google.com/ncr], and after redirection: [www.google.com] @26-10-2021 01:49:22.0657 AM
[ReportManager] Initial URL: [] @26-10-2021 01:49:22.0716 AM
[ReportManager] Browser Action [NavigateToURL] successfully performed. With the following test data [https://www.google.com/ncr]. @26-10-2021 01:49:23.0433 A

################################################################################################################################################
Starting Execution:	[35 out of 143] test cases in the current suite
Test Method:		[unitTests.tests_validations_assertions.assertElementAttribute_false_regexComparison_expectedToFail]
################################################################################################################################################
[ReportManager] Element Action [Type] successfully performed. With the following test data [Automation123]. @26-10-2021 01:49:23.0983 AM
[ReportManager] Element Action [GetText] successfully performed. With the following test data [Automation123]. @26-10-2021 01:49:24.0026 AM
[ReportManager] Loaded Shared OpenCV @26-10-2021 01:49:24.0076 AM
[ReportManager] Assertion [ValidateElementAttribute] FAILED. Expected [Value Should not be 'Automation.*' for the 'text' attribute, element locator 'By.name: q'] and Actual [Automation123]. Comparison Type [MATCHES]. Validation Type [NEGATIVE]. @26-10-2021 01:49:24.0187 AM
[ReportManager] Successfully created attachment [Screenshot - 1635212964076_assertElementAttribute_false_regexComparison_expectedToFail_ValidateElementAttribute_failed] @26-10-2021 01:49:24.0189 A
[ReportManager] Browser Action [CloseCurrentWindow] successfully performed. @26-10-2021 01:49:24.0334 AM
[ReportManager] Successfully created attachment [Browser Action Test Data - CloseCurrentWindow - Actual Value] @26-10-2021 01:49:24.0335 A
[ReportManager] File Action [GetAbsolutePath] successfully performed. With the following test data [Relative Folder Path: "target/downloadedFiles/"]. @26-10-2021 01:49:24.0338 AM
[ReportManager] Attempting to run locally on: [Mac-64], [Safari], Headless Execution. @26-10-2021 01:49:24.0339 AM
[ReportManager] Successfully Opened Safari. @26-10-2021 01:49:25.0126 AM
[ReportManager] Initial window size: (800, 600) @26-10-2021 01:49:25.0133 AM
[ReportManager] Window size after SWD Maximize: (1176, 811) @26-10-2021 01:49:25.0150 AM
[ReportManager] Browser Action [MaximizeWindow] successfully performed. With the following test data [New screen size is now: (1176, 811)]. @26-10-2021 01:49:25.0151 AM
[ReportManager] Target URL: [https://www.google.com/ncr], and after redirection: [www.google.com] @26-10-2021 01:49:25.0151 AM
[ReportManager] Initial URL: [] @26-10-2021 01:49:25.0214 AM
[ReportManager] Browser Action [NavigateToURL] successfully performed. With the following test data [https://www.google.com/ncr]. @26-10-2021 01:49:25.0933 A

################################################################################################################################################
Starting Execution:	[36 out of 143] test cases in the current suite
Test Method:		[unitTests.tests_validations_assertions.assertElementAttribute_false_regexComparison_expectedToPass]
################################################################################################################################################
[ReportManager] Element Action [Type] successfully performed. With the following test data [Automation123]. @26-10-2021 01:49:26.0469 AM
[ReportManager] Element Action [GetText] successfully performed. With the following test data [Automation123]. @26-10-2021 01:49:26.0518 AM
[ReportManager] Loaded Shared OpenCV @26-10-2021 01:49:26.0573 AM
[ReportManager] Assertion [ValidateElementAttribute] PASSED. Expected [Value Should not be 'Automation' for the 'text' attribute, element locator 'By.name: q'] and Actual [Automation123]. Comparison Type [MATCHES]. Validation Type [NEGATIVE]. @26-10-2021 01:49:26.0669 AM
[ReportManager] Successfully created attachment [Screenshot - 1635212966573_assertElementAttribute_false_regexComparison_expectedToPass_ValidateElementAttribute_passed] @26-10-2021 01:49:26.0670 A
[ReportManager] Browser Action [CloseCurrentWindow] successfully performed. @26-10-2021 01:49:26.0808 AM
[ReportManager] Successfully created attachment [Browser Action Test Data - CloseCurrentWindow - Actual Value] @26-10-2021 01:49:26.0809 A
[ReportManager] File Action [GetAbsolutePath] successfully performed. With the following test data [Relative Folder Path: "target/downloadedFiles/"]. @26-10-2021 01:49:26.0812 AM
[ReportManager] Attempting to run locally on: [Mac-64], [Safari], Headless Execution. @26-10-2021 01:49:26.0812 AM
[ReportManager] Successfully Opened Safari. @26-10-2021 01:49:27.0673 AM
[ReportManager] Initial window size: (800, 600) @26-10-2021 01:49:27.0680 AM
[ReportManager] Window size after SWD Maximize: (1176, 811) @26-10-2021 01:49:27.0715 AM
[ReportManager] Browser Action [MaximizeWindow] successfully performed. With the following test data [New screen size is now: (1176, 811)]. @26-10-2021 01:49:27.0715 AM
[ReportManager] Target URL: [https://www.google.com/ncr], and after redirection: [www.google.com] @26-10-2021 01:49:27.0715 AM
[ReportManager] Initial URL: [] @26-10-2021 01:49:27.0755 AM
[ReportManager] Browser Action [NavigateToURL] successfully performed. With the following test data [https://www.google.com/ncr]. @26-10-2021 01:49:28.0534 A

################################################################################################################################################
Starting Execution:	[37 out of 143] test cases in the current suite
Test Method:		[unitTests.tests_validations_assertions.assertElementAttribute_true_caseInsensitiveComparison_expectedToFail]
################################################################################################################################################
[ReportManager] Element Action [Type] successfully performed. With the following test data [AUTOMATION]. @26-10-2021 01:49:28.0952 AM
[ReportManager] Element Action [GetText] successfully performed. With the following test data [AUTOMATION]. @26-10-2021 01:49:29.0000 AM
[ReportManager] Loaded Shared OpenCV @26-10-2021 01:49:29.0058 AM
[ReportManager] Assertion [ValidateElementAttribute] FAILED. Expected [Value Should be 'AutomaTion123' for the 'text' attribute, element locator 'By.name: q'] and Actual [AUTOMATION]. Comparison Type [CASE_INSENSITIVE]. Validation Type [POSITIVE]. @26-10-2021 01:49:29.0160 AM
[ReportManager] Successfully created attachment [Screenshot - 1635212969057_assertElementAttribute_true_caseInsensitiveComparison_expectedToFail_ValidateElementAttribute_failed] @26-10-2021 01:49:29.0161 A
[ReportManager] Browser Action [CloseCurrentWindow] successfully performed. @26-10-2021 01:49:29.0437 AM
[ReportManager] Successfully created attachment [Browser Action Test Data - CloseCurrentWindow - Actual Value] @26-10-2021 01:49:29.0437 A
[ReportManager] File Action [GetAbsolutePath] successfully performed. With the following test data [Relative Folder Path: "target/downloadedFiles/"]. @26-10-2021 01:49:29.0441 AM
[ReportManager] Attempting to run locally on: [Mac-64], [Safari], Headless Execution. @26-10-2021 01:49:29.0441 AM
[ReportManager] Successfully Opened Safari. @26-10-2021 01:49:30.0284 AM
[ReportManager] Initial window size: (800, 600) @26-10-2021 01:49:30.0296 AM
[ReportManager] Window size after SWD Maximize: (1176, 811) @26-10-2021 01:49:30.0310 AM
[ReportManager] Browser Action [MaximizeWindow] successfully performed. With the following test data [New screen size is now: (1176, 811)]. @26-10-2021 01:49:30.0311 AM
[ReportManager] Target URL: [https://www.google.com/ncr], and after redirection: [www.google.com] @26-10-2021 01:49:30.0311 AM
[ReportManager] Initial URL: [] @26-10-2021 01:49:30.0364 AM
[ReportManager] Browser Action [NavigateToURL] successfully performed. With the following test data [https://www.google.com/ncr]. @26-10-2021 01:49:31.0101 A

################################################################################################################################################
Starting Execution:	[38 out of 143] test cases in the current suite
Test Method:		[unitTests.tests_validations_assertions.assertElementAttribute_true_caseInsensitiveComparison_expectedToPass]
################################################################################################################################################
[ReportManager] Element Action [Type] successfully performed. With the following test data [AUTOMATION]. @26-10-2021 01:49:31.0573 AM
[ReportManager] Element Action [GetText] successfully performed. With the following test data [AUTOMATION]. @26-10-2021 01:49:31.0617 AM
[ReportManager] Loaded Shared OpenCV @26-10-2021 01:49:31.0675 AM
[ReportManager] Assertion [ValidateElementAttribute] PASSED. Expected [Value Should be 'AutomaTion' for the 'text' attribute, element locator 'By.name: q'] and Actual [AUTOMATION]. Comparison Type [CASE_INSENSITIVE]. Validation Type [POSITIVE]. @26-10-2021 01:49:31.0773 AM
[ReportManager] Successfully created attachment [Screenshot - 1635212971675_assertElementAttribute_true_caseInsensitiveComparison_expectedToPass_ValidateElementAttribute_passed] @26-10-2021 01:49:31.0774 A
[ReportManager] Browser Action [CloseCurrentWindow] successfully performed. @26-10-2021 01:49:32.0007 AM
[ReportManager] Successfully created attachment [Browser Action Test Data - CloseCurrentWindow - Actual Value] @26-10-2021 01:49:32.0007 A
[ReportManager] File Action [GetAbsolutePath] successfully performed. With the following test data [Relative Folder Path: "target/downloadedFiles/"]. @26-10-2021 01:49:32.0010 AM
[ReportManager] Attempting to run locally on: [Mac-64], [Safari], Headless Execution. @26-10-2021 01:49:32.0010 AM
[ReportManager] Successfully Opened Safari. @26-10-2021 01:49:32.0826 AM
[ReportManager] Initial window size: (800, 600) @26-10-2021 01:49:32.0832 AM
[ReportManager] Window size after SWD Maximize: (1176, 811) @26-10-2021 01:49:32.0849 AM
[ReportManager] Browser Action [MaximizeWindow] successfully performed. With the following test data [New screen size is now: (1176, 811)]. @26-10-2021 01:49:32.0850 AM
[ReportManager] Target URL: [https://www.google.com/ncr], and after redirection: [www.google.com] @26-10-2021 01:49:32.0850 AM
[ReportManager] Initial URL: [] @26-10-2021 01:49:32.0912 AM
[ReportManager] Browser Action [NavigateToURL] successfully performed. With the following test data [https://www.google.com/ncr]. @26-10-2021 01:49:34.0389 A

################################################################################################################################################
Starting Execution:	[39 out of 143] test cases in the current suite
Test Method:		[unitTests.tests_validations_assertions.assertElementAttribute_true_containsComparison_expectedToFail]
################################################################################################################################################
[ReportManager] Element Action [Type] successfully performed. With the following test data [Automation123]. @26-10-2021 01:49:34.0880 AM
[ReportManager] Element Action [GetText] successfully performed. With the following test data [Automation123]. @26-10-2021 01:49:34.0920 AM
[ReportManager] Loaded Shared OpenCV @26-10-2021 01:49:34.0970 AM
[ReportManager] Assertion [ValidateElementAttribute] FAILED. Expected [Value Should be 'Automation1234' for the 'text' attribute, element locator 'By.name: q'] and Actual [Automation123]. Comparison Type [CONTAINS]. Validation Type [POSITIVE]. @26-10-2021 01:49:35.0069 AM
[ReportManager] Successfully created attachment [Screenshot - 1635212974970_assertElementAttribute_true_containsComparison_expectedToFail_ValidateElementAttribute_failed] @26-10-2021 01:49:35.0071 A
[ReportManager] Browser Action [CloseCurrentWindow] successfully performed. @26-10-2021 01:49:35.0115 AM
[ReportManager] Successfully created attachment [Browser Action Test Data - CloseCurrentWindow - Actual Value] @26-10-2021 01:49:35.0116 A
[ReportManager] File Action [GetAbsolutePath] successfully performed. With the following test data [Relative Folder Path: "target/downloadedFiles/"]. @26-10-2021 01:49:35.0122 AM
[ReportManager] Attempting to run locally on: [Mac-64], [Safari], Headless Execution. @26-10-2021 01:49:35.0123 AM
[ReportManager] Successfully Opened Safari. @26-10-2021 01:49:35.0967 AM
[ReportManager] Initial window size: (800, 600) @26-10-2021 01:49:35.0987 AM
[ReportManager] Window size after SWD Maximize: (1176, 811) @26-10-2021 01:49:36.0000 AM
[ReportManager] Browser Action [MaximizeWindow] successfully performed. With the following test data [New screen size is now: (1176, 811)]. @26-10-2021 01:49:36.0001 AM
[ReportManager] Target URL: [https://www.google.com/ncr], and after redirection: [www.google.com] @26-10-2021 01:49:36.0001 AM
[ReportManager] Initial URL: [] @26-10-2021 01:49:36.0043 AM
[ReportManager] Browser Action [NavigateToURL] successfully performed. With the following test data [https://www.google.com/ncr]. @26-10-2021 01:49:38.0482 A

################################################################################################################################################
Starting Execution:	[40 out of 143] test cases in the current suite
Test Method:		[unitTests.tests_validations_assertions.assertElementAttribute_true_containsComparison_expectedToPass]
################################################################################################################################################
[ReportManager] Element Action [Type] successfully performed. With the following test data [Automation123]. @26-10-2021 01:49:39.0003 AM
[ReportManager] Element Action [GetText] successfully performed. With the following test data [Automation123]. @26-10-2021 01:49:39.0061 AM
[ReportManager] Loaded Shared OpenCV @26-10-2021 01:49:39.0112 AM
[ReportManager] Assertion [ValidateElementAttribute] PASSED. Expected [Value Should be 'Automation' for the 'text' attribute, element locator 'By.name: q'] and Actual [Automation123]. Comparison Type [CONTAINS]. Validation Type [POSITIVE]. @26-10-2021 01:49:39.0206 AM
[ReportManager] Successfully created attachment [Screenshot - 1635212979112_assertElementAttribute_true_containsComparison_expectedToPass_ValidateElementAttribute_passed] @26-10-2021 01:49:39.0207 A
[ReportManager] Browser Action [CloseCurrentWindow] successfully performed. @26-10-2021 01:49:39.0274 AM
[ReportManager] Successfully created attachment [Browser Action Test Data - CloseCurrentWindow - Actual Value] @26-10-2021 01:49:39.0275 A
[ReportManager] File Action [GetAbsolutePath] successfully performed. With the following test data [Relative Folder Path: "target/downloadedFiles/"]. @26-10-2021 01:49:39.0278 AM
[ReportManager] Attempting to run locally on: [Mac-64], [Safari], Headless Execution. @26-10-2021 01:49:39.0279 AM
[ReportManager] Successfully Opened Safari. @26-10-2021 01:49:40.0122 AM
[ReportManager] Initial window size: (800, 600) @26-10-2021 01:49:40.0141 AM
[ReportManager] Window size after SWD Maximize: (1176, 811) @26-10-2021 01:49:40.0151 AM
[ReportManager] Browser Action [MaximizeWindow] successfully performed. With the following test data [New screen size is now: (1176, 811)]. @26-10-2021 01:49:40.0152 AM
[ReportManager] Target URL: [https://www.google.com/ncr], and after redirection: [www.google.com] @26-10-2021 01:49:40.0152 AM
[ReportManager] Initial URL: [] @26-10-2021 01:49:40.0232 AM
[ReportManager] Browser Action [NavigateToURL] successfully performed. With the following test data [https://www.google.com/ncr]. @26-10-2021 01:49:40.0911 A

################################################################################################################################################
Starting Execution:	[41 out of 143] test cases in the current suite
Test Method:		[unitTests.tests_validations_assertions.assertElementAttribute_true_literalComparison_expectedToFail]
################################################################################################################################################
[ReportManager] Element Action [Type] successfully performed. With the following test data [Automation!@#$%^&*()_+{}[]\';/.,]. @26-10-2021 01:49:41.0946 AM
[ReportManager] Element Action [GetText] successfully performed. With the following test data [Automation!@#$%^&*()_+{}[]\';/.,]. @26-10-2021 01:49:41.0992 AM
[ReportManager] Loaded Shared OpenCV @26-10-2021 01:49:42.0042 AM
[ReportManager] Assertion [ValidateElementAttribute] FAILED. Expected [Value Should be 'Automation' for the 'text' attribute, element locator 'By.name: q'] and Actual [Automation!@#$%^&*()_+{}[]\';/.,]. Comparison Type [EQUALS]. Validation Type [POSITIVE]. @26-10-2021 01:49:42.0196 AM
[ReportManager] Successfully created attachment [Screenshot - 1635212982042_assertElementAttribute_true_literalComparison_expectedToFail_ValidateElementAttribute_failed] @26-10-2021 01:49:42.0197 A
[ReportManager] Browser Action [CloseCurrentWindow] successfully performed. @26-10-2021 01:49:42.0362 AM
[ReportManager] Successfully created attachment [Browser Action Test Data - CloseCurrentWindow - Actual Value] @26-10-2021 01:49:42.0362 A
[ReportManager] File Action [GetAbsolutePath] successfully performed. With the following test data [Relative Folder Path: "target/downloadedFiles/"]. @26-10-2021 01:49:42.0365 AM
[ReportManager] Attempting to run locally on: [Mac-64], [Safari], Headless Execution. @26-10-2021 01:49:42.0366 AM
[ReportManager] Successfully Opened Safari. @26-10-2021 01:49:43.0152 AM
[ReportManager] Initial window size: (800, 600) @26-10-2021 01:49:43.0159 AM
[ReportManager] Window size after SWD Maximize: (1176, 811) @26-10-2021 01:49:43.0172 AM
[ReportManager] Browser Action [MaximizeWindow] successfully performed. With the following test data [New screen size is now: (1176, 811)]. @26-10-2021 01:49:43.0173 AM
[ReportManager] Target URL: [https://www.google.com/ncr], and after redirection: [www.google.com] @26-10-2021 01:49:43.0173 AM
[ReportManager] Initial URL: [] @26-10-2021 01:49:43.0211 AM
[ReportManager] Browser Action [NavigateToURL] successfully performed. With the following test data [https://www.google.com/ncr]. @26-10-2021 01:49:44.0082 A

################################################################################################################################################
Starting Execution:	[42 out of 143] test cases in the current suite
Test Method:		[unitTests.tests_validations_assertions.assertElementAttribute_true_literalComparison_expectedToPass]
################################################################################################################################################
[ReportManager] Element Action [Type] successfully performed. With the following test data [Automation!@#$%^&*()_+{}[]\';/.,]. @26-10-2021 01:49:45.0135 AM
[ReportManager] Element Action [GetText] successfully performed. With the following test data [Automation!@#$%^&*()_+{}[]\';/.,]. @26-10-2021 01:49:45.0177 AM
[ReportManager] Loaded Shared OpenCV @26-10-2021 01:49:45.0231 AM
[ReportManager] Assertion [ValidateElementAttribute] PASSED. Expected [Value Should be 'Automation!@#$%^&*()_+{}[]\';/.,' for the 'text' attribute, element locator 'By.name: q'] and Actual [Automation!@#$%^&*()_+{}[]\';/.,]. Comparison Type [EQUALS]. Validation Type [POSITIVE]. @26-10-2021 01:49:45.0388 AM
[ReportManager] Successfully created attachment [Screenshot - 1635212985231_assertElementAttribute_true_literalComparison_expectedToPass_ValidateElementAttribute_passed] @26-10-2021 01:49:45.0389 A
[ReportManager] Browser Action [CloseCurrentWindow] successfully performed. @26-10-2021 01:49:45.0481 AM
[ReportManager] Successfully created attachment [Browser Action Test Data - CloseCurrentWindow - Actual Value] @26-10-2021 01:49:45.0482 A
[ReportManager] File Action [GetAbsolutePath] successfully performed. With the following test data [Relative Folder Path: "target/downloadedFiles/"]. @26-10-2021 01:49:45.0485 AM
[ReportManager] Attempting to run locally on: [Mac-64], [Safari], Headless Execution. @26-10-2021 01:49:45.0485 AM
[ReportManager] Successfully Opened Safari. @26-10-2021 01:49:46.0323 AM
[ReportManager] Initial window size: (800, 600) @26-10-2021 01:49:46.0330 AM
[ReportManager] Window size after SWD Maximize: (1176, 811) @26-10-2021 01:49:46.0341 AM
[ReportManager] Browser Action [MaximizeWindow] successfully performed. With the following test data [New screen size is now: (1176, 811)]. @26-10-2021 01:49:46.0343 AM
[ReportManager] Target URL: [https://www.google.com/ncr], and after redirection: [www.google.com] @26-10-2021 01:49:46.0344 AM
[ReportManager] Initial URL: [] @26-10-2021 01:49:46.0412 AM
[ReportManager] Browser Action [NavigateToURL] successfully performed. With the following test data [https://www.google.com/ncr]. @26-10-2021 01:49:47.0154 A

################################################################################################################################################
Starting Execution:	[43 out of 143] test cases in the current suite
Test Method:		[unitTests.tests_validations_assertions.assertElementAttribute_true_regexComparison_expectedToFail]
################################################################################################################################################
[ReportManager] Element Action [Type] successfully performed. With the following test data [Automation123]. @26-10-2021 01:49:47.0651 AM
[ReportManager] Element Action [GetText] successfully performed. With the following test data [Automation123]. @26-10-2021 01:49:47.0690 AM
[ReportManager] Loaded Shared OpenCV @26-10-2021 01:49:47.0739 AM
[ReportManager] Assertion [ValidateElementAttribute] FAILED. Expected [Value Should be 'Automation' for the 'text' attribute, element locator 'By.name: q'] and Actual [Automation123]. Comparison Type [MATCHES]. Validation Type [POSITIVE]. @26-10-2021 01:49:47.0888 AM
[ReportManager] Successfully created attachment [Screenshot - 1635212987738_assertElementAttribute_true_regexComparison_expectedToFail_ValidateElementAttribute_failed] @26-10-2021 01:49:47.0889 A
[ReportManager] Browser Action [CloseCurrentWindow] successfully performed. @26-10-2021 01:49:48.0052 AM
[ReportManager] Successfully created attachment [Browser Action Test Data - CloseCurrentWindow - Actual Value] @26-10-2021 01:49:48.0052 A
[ReportManager] File Action [GetAbsolutePath] successfully performed. With the following test data [Relative Folder Path: "target/downloadedFiles/"]. @26-10-2021 01:49:48.0056 AM
[ReportManager] Attempting to run locally on: [Mac-64], [Safari], Headless Execution. @26-10-2021 01:49:48.0056 AM
[ReportManager] Successfully Opened Safari. @26-10-2021 01:49:48.0890 AM
[ReportManager] Initial window size: (800, 600) @26-10-2021 01:49:48.0894 AM
[ReportManager] Window size after SWD Maximize: (1176, 811) @26-10-2021 01:49:48.0906 AM
[ReportManager] Browser Action [MaximizeWindow] successfully performed. With the following test data [New screen size is now: (1176, 811)]. @26-10-2021 01:49:48.0907 AM
[ReportManager] Target URL: [https://www.google.com/ncr], and after redirection: [www.google.com] @26-10-2021 01:49:48.0907 AM
[ReportManager] Initial URL: [] @26-10-2021 01:49:48.0977 AM
[ReportManager] Browser Action [NavigateToURL] successfully performed. With the following test data [https://www.google.com/ncr]. @26-10-2021 01:49:50.0501 A

################################################################################################################################################
Starting Execution:	[44 out of 143] test cases in the current suite
Test Method:		[unitTests.tests_validations_assertions.assertElementAttribute_true_regexComparison_expectedToPass]
################################################################################################################################################
[ReportManager] Element Action [Type] successfully performed. With the following test data [Automation123]. @26-10-2021 01:49:50.0918 AM
[ReportManager] Element Action [GetText] successfully performed. With the following test data [Automation123]. @26-10-2021 01:49:50.0959 AM
[ReportManager] Loaded Shared OpenCV @26-10-2021 01:49:51.0005 AM
[ReportManager] Assertion [ValidateElementAttribute] PASSED. Expected [Value Should be 'Automation.*' for the 'text' attribute, element locator 'By.name: q'] and Actual [Automation123]. Comparison Type [MATCHES]. Validation Type [POSITIVE]. @26-10-2021 01:49:51.0102 AM
[ReportManager] Successfully created attachment [Screenshot - 1635212991005_assertElementAttribute_true_regexComparison_expectedToPass_ValidateElementAttribute_passed] @26-10-2021 01:49:51.0104 A
[ReportManager] Browser Action [CloseCurrentWindow] successfully performed. @26-10-2021 01:49:51.0172 AM
[ReportManager] Successfully created attachment [Browser Action Test Data - CloseCurrentWindow - Actual Value] @26-10-2021 01:49:51.0173 A
[ReportManager] File Action [GetAbsolutePath] successfully performed. With the following test data [Relative Folder Path: "target/downloadedFiles/"]. @26-10-2021 01:49:51.0182 AM
[ReportManager] Attempting to run locally on: [Mac-64], [Safari], Headless Execution. @26-10-2021 01:49:51.0183 AM
[ReportManager] Successfully Opened Safari. @26-10-2021 01:49:52.0020 AM
[ReportManager] Initial window size: (800, 600) @26-10-2021 01:49:52.0039 AM
[ReportManager] Window size after SWD Maximize: (1176, 811) @26-10-2021 01:49:52.0050 AM
[ReportManager] Browser Action [MaximizeWindow] successfully performed. With the following test data [New screen size is now: (1176, 811)]. @26-10-2021 01:49:52.0051 AM
[ReportManager] Target URL: [https://www.google.com/ncr], and after redirection: [www.google.com] @26-10-2021 01:49:52.0051 AM
[ReportManager] Initial URL: [] @26-10-2021 01:49:52.0105 AM
[ReportManager] Browser Action [NavigateToURL] successfully performed. With the following test data [https://www.google.com/ncr]. @26-10-2021 01:49:53.0491 A

################################################################################################################################################
Starting Execution:	[45 out of 143] test cases in the current suite
Test Method:		[unitTests.tests_validations_assertions.assertElementAttribute_type_true_literalComparison_expectedToPass]
################################################################################################################################################
[ReportManager] Element Action [Type] successfully performed. With the following test data [Automation!@#$%^&*()_+{}[]\';/.,]. @26-10-2021 01:49:54.0611 AM
[ReportManager] Element Action [GetText] successfully performed. With the following test data [Automation!@#$%^&*()_+{}[]\';/.,]. @26-10-2021 01:49:54.0654 AM
[ReportManager] Loaded Shared OpenCV @26-10-2021 01:49:54.0703 AM
[ReportManager] Assertion [ValidateElementAttribute] PASSED. Expected [Value Should be 'Automation!@#$%^&*()_+{}[]\';/.,' for the 'text' attribute, element locator 'By.name: q'] and Actual [Automation!@#$%^&*()_+{}[]\';/.,]. Comparison Type [EQUALS]. Validation Type [POSITIVE]. @26-10-2021 01:49:54.0854 AM
[ReportManager] Successfully created attachment [Screenshot - 1635212994703_assertElementAttribute_type_true_literalComparison_expectedToPass_ValidateElementAttribute_passed] @26-10-2021 01:49:54.0855 A
[ReportManager] Browser Action [CloseCurrentWindow] successfully performed. @26-10-2021 01:49:55.0041 AM
[ReportManager] Successfully created attachment [Browser Action Test Data - CloseCurrentWindow - Actual Value] @26-10-2021 01:49:55.0041 A
[ReportManager] File Action [GetAbsolutePath] successfully performed. With the following test data [Relative Folder Path: "target/downloadedFiles/"]. @26-10-2021 01:49:55.0045 AM
[ReportManager] Attempting to run locally on: [Mac-64], [Safari], Headless Execution. @26-10-2021 01:49:55.0045 AM
[ReportManager] Successfully Opened Safari. @26-10-2021 01:49:55.0823 AM
[ReportManager] Initial window size: (800, 600) @26-10-2021 01:49:55.0837 AM
[ReportManager] Window size after SWD Maximize: (1176, 811) @26-10-2021 01:49:55.0847 AM
[ReportManager] Browser Action [MaximizeWindow] successfully performed. With the following test data [New screen size is now: (1176, 811)]. @26-10-2021 01:49:55.0847 AM
[ReportManager] Target URL: [https://www.google.com/ncr], and after redirection: [www.google.com] @26-10-2021 01:49:55.0847 AM
[ReportManager] Initial URL: [] @26-10-2021 01:49:55.0886 AM
[ReportManager] Browser Action [NavigateToURL] successfully performed. With the following test data [https://www.google.com/ncr]. @26-10-2021 01:49:58.0241 A

################################################################################################################################################
Starting Execution:	[46 out of 143] test cases in the current suite
Test Method:		[unitTests.tests_validations_assertions.assertElementExists_false_expectedToFail]
################################################################################################################################################
[ReportManager] Loaded Shared OpenCV @26-10-2021 01:49:58.0307 AM
[ReportManager] Assertion [ValidateElementExists] FAILED. Expected [Element Should not Exist, locator 'By.id: hplogo'] and Actual [Element Exists]. Comparison Type [EQUALS]. Validation Type [NEGATIVE]. @26-10-2021 01:49:58.0455 AM
[ReportManager] Successfully created attachment [Screenshot - 1635212998307_assertElementExists_false_expectedToFail_ValidateElementExists_failed] @26-10-2021 01:49:58.0456 A
[ReportManager] Browser Action [CloseCurrentWindow] successfully performed. @26-10-2021 01:49:58.0556 AM
[ReportManager] Successfully created attachment [Browser Action Test Data - CloseCurrentWindow - Actual Value] @26-10-2021 01:49:58.0557 A
[ReportManager] File Action [GetAbsolutePath] successfully performed. With the following test data [Relative Folder Path: "target/downloadedFiles/"]. @26-10-2021 01:49:58.0560 AM
[ReportManager] Attempting to run locally on: [Mac-64], [Safari], Headless Execution. @26-10-2021 01:49:58.0560 AM
[ReportManager] Successfully Opened Safari. @26-10-2021 01:49:59.0339 AM
[ReportManager] Initial window size: (800, 600) @26-10-2021 01:49:59.0360 AM
[ReportManager] Window size after SWD Maximize: (1176, 811) @26-10-2021 01:49:59.0373 AM
[ReportManager] Browser Action [MaximizeWindow] successfully performed. With the following test data [New screen size is now: (1176, 811)]. @26-10-2021 01:49:59.0376 AM
[ReportManager] Target URL: [https://www.google.com/ncr], and after redirection: [www.google.com] @26-10-2021 01:49:59.0376 AM
[ReportManager] Initial URL: [] @26-10-2021 01:49:59.0444 AM
[ReportManager] Browser Action [NavigateToURL] successfully performed. With the following test data [https://www.google.com/ncr]. @26-10-2021 01:50:00.0412 A

################################################################################################################################################
Starting Execution:	[47 out of 143] test cases in the current suite
Test Method:		[unitTests.tests_validations_assertions.assertElementExists_false_expectedToPass]
###############################################################################################################################################
[ReportManager] Browser Action [CloseCurrentWindow] successfully performed. @26-10-2021 01:50:00.0701 AM
[ReportManager] Successfully created attachment [Browser Action Test Data - CloseCurrentWindow - Actual Value] @26-10-2021 01:50:00.0702 A
[ReportManager] File Action [GetAbsolutePath] successfully performed. With the following test data [Relative Folder Path: "target/downloadedFiles/"]. @26-10-2021 01:50:00.0705 AM
[ReportManager] Attempting to run locally on: [Mac-64], [Safari], Headless Execution. @26-10-2021 01:50:00.0705 A

################################################################################################################################################
Starting Execution:	[48 out of 143] test cases in the current suite
Test Method:		[unitTests.tests_validations_assertions.assertElementExists_false_multipleElementsFound_expectedToFail]
###############################################################################################################################################



################################################################################################################################################
Starting Execution:	[49 out of 143] test cases in the current suite
Test Method:		[unitTests.tests_validations_assertions.assertElementExists_true_expectedToFail]
###############################################################################################################################################



################################################################################################################################################
Starting Execution:	[50 out of 143] test cases in the current suite
Test Method:		[unitTests.tests_validations_assertions.assertElementExists_true_expectedToPass]
###############################################################################################################################################



################################################################################################################################################
Starting Execution:	[51 out of 143] test cases in the current suite
Test Method:		[unitTests.tests_validations_assertions.assertElementExists_true_multipleElementsFound_expectedToFail]
###############################################################################################################################################


################################################################################################################################################
Starting Execution:	[52 out of 143] test cases in the current suite
Test Method:		[unitTests.tests_validations_assertions.assertEquals_false_expectedToFail]
###############################################################################################################################################

################################################################################################################################################
Starting Execution:	[53 out of 143] test cases in the current suite
Test Method:		[unitTests.tests_validations_assertions.assertEquals_false_expectedToPass]
###############################################################################################################################################

################################################################################################################################################
Starting Execution:	[54 out of 143] test cases in the current suite
Test Method:		[unitTests.tests_validations_assertions.assertEquals_longCharacters]
###############################################################################################################################################

################################################################################################################################################
Starting Execution:	[55 out of 143] test cases in the current suite
Test Method:		[unitTests.tests_validations_assertions.assertEquals_longCharacters_Discreet]
###############################################################################################################################################

################################################################################################################################################
Starting Execution:	[56 out of 143] test cases in the current suite
Test Method:		[unitTests.tests_validations_assertions.assertEquals_true_expectedToFail]
###############################################################################################################################################

################################################################################################################################################
Starting Execution:	[57 out of 143] test cases in the current suite
Test Method:		[unitTests.tests_validations_assertions.assertEquals_true_expectedToPass]
Test Description:	[Assert that assertEquals works as expected when the two values are equal.]
###############################################################################################################################################

################################################################################################################################################
Starting Execution:	[58 out of 143] test cases in the current suite
Test Method:		[unitTests.tests_validations_assertions.assertEquals_true_expectedToPass__]
###############################################################################################################################################

################################################################################################################################################
Starting Execution:	[59 out of 143] test cases in the current suite
Test Method:		[unitTests.tests_validations_assertions.assertFileExists_false_expectedToFail]
###############################################################################################################################################

################################################################################################################################################
Starting Execution:	[60 out of 143] test cases in the current suite
Test Method:		[unitTests.tests_validations_assertions.assertFileExists_false_expectedToPass]
###############################################################################################################################################

################################################################################################################################################
Starting Execution:	[61 out of 143] test cases in the current suite
Test Method:		[unitTests.tests_validations_assertions.assertFileExists_true_expectedToFail]
###############################################################################################################################################

################################################################################################################################################
Starting Execution:	[62 out of 143] test cases in the current suite
Test Method:		[unitTests.tests_validations_assertions.assertFileExists_true_expectedToPass]
###############################################################################################################################################

################################################################################################################################################
Starting Execution:	[63 out of 143] test cases in the current suite
Test Method:		[unitTests.tests_validations_assertions.assertNull_false_expectedToFail]
###############################################################################################################################################

################################################################################################################################################
Starting Execution:	[64 out of 143] test cases in the current suite
Test Method:		[unitTests.tests_validations_assertions.assertNull_false_expectedToPass]
###############################################################################################################################################

################################################################################################################################################
Starting Execution:	[65 out of 143] test cases in the current suite
Test Method:		[unitTests.tests_validations_assertions.assertNull_true_expectedToFail]
###############################################################################################################################################

################################################################################################################################################
Starting Execution:	[66 out of 143] test cases in the current suite
Test Method:		[unitTests.tests_validations_assertions.assertNull_true_expectedToPass]
###############################################################################################################################################

################################################################################################################################################
Starting Execution:	[67 out of 143] test cases in the current suite
Test Method:		[unitTests.tests_restActions.getPostsAndAssertBodyForSpecificTitle]
################################################################################################################################################
[ReportManager] Response status code: [200], status line: [HTTP/1.1 200 OK] @26-10-2021 01:50:02.0932 A

################################################################################################################################################
Starting Execution:	[68 out of 143] test cases in the current suite
Test Method:		[unitTests.tests_restActions.validateUserEmail]
################################################################################################################################################
[ReportManager] Response status code: [200], status line: [HTTP/1.1 200 OK] @26-10-2021 01:50:02.0991 A
[ReportManager] File Action [GetAbsolutePath] successfully performed. With the following test data [Relative Folder Path: "target/downloadedFiles/"]. @26-10-2021 01:50:02.0994 AM
[ReportManager] Attempting to run locally on: [Mac-64], [Safari], Headless Execution. @26-10-2021 01:50:02.0994 AM
[ReportManager] Successfully Opened Safari. @26-10-2021 01:50:03.0773 AM
[ReportManager] Initial window size: (800, 600) @26-10-2021 01:50:03.0781 AM
[ReportManager] Window size after SWD Maximize: (1176, 811) @26-10-2021 01:50:03.0806 AM
[ReportManager] Browser Action [MaximizeWindow] successfully performed. With the following test data [New screen size is now: (1176, 811)]. @26-10-2021 01:50:03.0806 A

################################################################################################################################################
Starting Execution:	[69 out of 143] test cases in the current suite
Test Method:		[testPackage01.Test_uploadFile.uploadFile_invisibleUploadInput]
################################################################################################################################################
[ReportManager] Target URL: [https://fineuploader.com/demos.html#gallery-view] @26-10-2021 01:50:03.0811 AM
[ReportManager] Initial URL: [] @26-10-2021 01:50:03.0878 AM
[ReportManager] Browser Action [NavigateToURL] successfully performed. With the following test data [https://fineuploader.com/demos.html#gallery-view]. @26-10-2021 01:50:05.0438 AM
[ReportManager] File Action [GetAbsolutePath] successfully performed. With the following test data [Relative File Path: "src/main/resources/images/shaft.png"]. @26-10-2021 01:50:05.0438 AM
[ReportManager] Successfully created attachment [File Action Actual Result - Command Log] @26-10-2021 01:50:05.0439 A
[ReportManager] Browser Action [CloseCurrentWindow] successfully performed. @26-10-2021 01:50:05.0636 AM
[ReportManager] Successfully created attachment [Browser Action Test Data - CloseCurrentWindow - Actual Value] @26-10-2021 01:50:05.0636 A
[ReportManager] File Action [GetAbsolutePath] successfully performed. With the following test data [Relative Folder Path: "target/downloadedFiles/"]. @26-10-2021 01:50:05.0641 AM
[ReportManager] Attempting to run locally on: [Mac-64], [Safari], Headless Execution. @26-10-2021 01:50:05.0641 AM
[ReportManager] Successfully Opened Safari. @26-10-2021 01:50:06.0476 AM
[ReportManager] Initial window size: (800, 600) @26-10-2021 01:50:06.0481 AM
[ReportManager] Window size after SWD Maximize: (1176, 811) @26-10-2021 01:50:06.0508 AM
[ReportManager] Browser Action [MaximizeWindow] successfully performed. With the following test data [New screen size is now: (1176, 811)]. @26-10-2021 01:50:06.0508 A

################################################################################################################################################
Starting Execution:	[70 out of 143] test cases in the current suite
Test Method:		[testPackage01.Test_uploadFile.uploadFile_visibleUploadInput]
################################################################################################################################################
[ReportManager] Target URL: [http://demo.guru99.com/test/upload/] @26-10-2021 01:50:06.0511 AM
[ReportManager] Initial URL: [] @26-10-2021 01:50:06.0631 AM
[ReportManager] Browser Action [NavigateToURL] successfully performed. With the following test data [http://demo.guru99.com/test/upload/]. @26-10-2021 01:50:08.0326 AM
[ReportManager] File Action [GetAbsolutePath] successfully performed. With the following test data [Relative File Path: "src/main/resources/images/shaft.png"]. @26-10-2021 01:50:08.0327 AM
[ReportManager] Successfully created attachment [File Action Actual Result - Command Log] @26-10-2021 01:50:08.0327 AM
[ReportManager] Element Action [TypeFileLocationForUpload] successfully performed. With the following test data [/Users/runner/work/SHAFT_ENGINE/SHAFT_ENGINE/src/main/resources/images/shaft.png]. @26-10-2021 01:50:08.0402 AM
[ReportManager] Element Action [Click] successfully performed. With the following test data [on]. @26-10-2021 01:50:08.0649 AM
[ReportManager] Element Action [Click] successfully performed. With the following test data [ Submit File]. @26-10-2021 01:50:08.0913 AM
[ReportManager] Element Action [GetText] successfully performed. With the following test data [1 file has been successfully uploaded.]. @26-10-2021 01:50:09.0630 AM
[ReportManager] Loaded Shared OpenCV @26-10-2021 01:50:09.0688 AM
[ReportManager] Assertion [ValidateElementAttribute] PASSED. Expected [Value Should be '1 file' for the 'Text' attribute, element locator 'By.id: res'] and Actual [1 file has been successfully uploaded.]. Comparison Type [CONTAINS]. Validation Type [POSITIVE]. @26-10-2021 01:50:09.0843 AM
[ReportManager] Successfully created attachment [Screenshot - 1635213009688_uploadFile_visibleUploadInput_ValidateElementAttribute_passed] @26-10-2021 01:50:09.0844 A
[ReportManager] Browser Action [CloseCurrentWindow] successfully performed. @26-10-2021 01:50:09.0976 AM
[ReportManager] Successfully created attachment [Browser Action Test Data - CloseCurrentWindow - Actual Value] @26-10-2021 01:50:09.0978 A

################################################################################################################################################
Starting Execution:	[71 out of 143] test cases in the current suite
Test Method:		[testPackage01.Test_AssertApiResponseEquals.assertApiResponseEquals_expectedToPass]
################################################################################################################################################
[ReportManager] Response status code: [200], status line: [HTTP/1.1 200 OK] @26-10-2021 01:50:10.0109 AM
[ReportManager] Assertion Passed: Evaluating the actual response status code against the expected one... @26-10-2021 01:50:10.0109 AM
[ReportManager] Assertion [ValidateEquals] PASSED. Expected [200] and Actual [200]. Comparison Type [EQUALS]. Validation Type [POSITIVE]. @26-10-2021 01:50:10.0110 AM
[ReportManager] API Action [PerformRequest] successfully performed. With the following test data [Request Type: "GET" | Target Status Code: "200" | Service URL: "https://jsonplaceholder.typicode.com/users" | Content Type: "*/*" | Response Time: "99ms"]. @26-10-2021 01:50:11.0704 AM
[ReportManager] Successfully created attachment [API Request - Specifications] @26-10-2021 01:50:11.0706 AM
[ReportManager] Successfully created attachment [API Response - JSON Body] @26-10-2021 01:50:11.0930 AM
[ReportManager] API Action [GetResponseJSONValueAsList] successfully performed. With the following test data [$]. @26-10-2021 01:50:11.0943 AM
[ReportManager] API Action [GetResponseJSONValue] successfully performed. With the following test data [name]. @26-10-2021 01:50:11.0965 AM
[ReportManager] API Action [GetResponseJSONValue] successfully performed. With the following test data [email]. @26-10-2021 01:50:11.0982 AM
[ReportManager] Verification [ValidateEquals] PASSED. Expected [Sincere@april.biz] and Actual [Sincere@april.biz]. Comparison Type [EQUALS]. Validation Type [POSITIVE]. @26-10-2021 01:50:11.0982 AM
[ReportManager] API Action [GetResponseJSONValue] successfully performed. With the following test data [username]. @26-10-2021 01:50:11.0996 AM
[ReportManager] Assertion [ValidateEquals] PASSED. Expected [Bret] and Actual [Bret]. Comparison Type [EQUALS]. Validation Type [POSITIVE]. @26-10-2021 01:50:11.0997 AM
[ReportManager] API Action [GetResponseJSONValue] successfully performed. With the following test data [name]. @26-10-2021 01:50:12.0011 AM
[ReportManager] API Action [GetResponseJSONValue] successfully performed. With the following test data [name]. @26-10-2021 01:50:12.0025 AM
[ReportManager] API Action [GetResponseJSONValue] successfully performed. With the following test data [name]. @26-10-2021 01:50:12.0043 AM
[ReportManager] API Action [GetResponseJSONValue] successfully performed. With the following test data [name]. @26-10-2021 01:50:12.0062 AM
[ReportManager] API Action [GetResponseJSONValue] successfully performed. With the following test data [name]. @26-10-2021 01:50:12.0078 AM
[ReportManager] API Action [GetResponseJSONValue] successfully performed. With the following test data [name]. @26-10-2021 01:50:12.0094 AM
[ReportManager] API Action [GetResponseJSONValue] successfully performed. With the following test data [name]. @26-10-2021 01:50:12.0115 AM
[ReportManager] API Action [GetResponseJSONValue] successfully performed. With the following test data [name]. @26-10-2021 01:50:12.0132 AM
[ReportManager] API Action [GetResponseJSONValue] successfully performed. With the following test data [name]. @26-10-2021 01:50:12.0150 A

################################################################################################################################################
Starting Execution:	[72 out of 143] test cases in the current suite
Test Method:		[testPackage01.Test_testData.f]
################################################################################################################################################
[ReportManager] Successfully loaded the following test data file [src/test/resources/TestDataFiles/testSuite01/TestData.xlsx]. @26-10-2021 01:50:12.0202 AM
[ReportManager] Successfully created attachment [Test Data - Excel] @26-10-2021 01:50:12.0203 AM
[ReportManager] Last Column Number is: [3]. Zero-based. @26-10-2021 01:50:12.0204 A

################################################################################################################################################
Starting Execution:	[73 out of 143] test cases in the current suite
Test Method:		[testPackage01.Test_PDF.testPDF_Downloaded]
################################################################################################################################################
[ReportManager] File Action [DoesFileExist] successfully performed. With the following test data [File Path: "src/test/resources/TestDataFiles/sample.pdf"]. @26-10-2021 01:50:12.0211 AM
[ReportManager] File Action [GetAbsolutePath] successfully performed. With the following test data [Relative File Path: "src/test/resources/TestDataFiles/sample.pdf"]. @26-10-2021 01:50:12.0212 AM
[ReportManager] Assertion [ValidateTrue] PASSED. Expected [TRUE] and Actual [TRUE]. Validation Type [POSITIVE]. @26-10-2021 01:50:15.0662 A
[ReportManager] File Action [GetAbsolutePath] successfully performed. With the following test data [Relative Folder Path: "target/downloadedFiles/"]. @26-10-2021 01:50:15.0666 AM
[ReportManager] Attempting to run locally on: [Mac-64], [Safari], Headless Execution. @26-10-2021 01:50:15.0666 AM
[ReportManager] Successfully Opened Safari. @26-10-2021 01:50:16.0468 AM
[ReportManager] Initial window size: (800, 600) @26-10-2021 01:50:16.0478 AM
[ReportManager] Window size after SWD Maximize: (1176, 811) @26-10-2021 01:50:16.0489 AM
[ReportManager] Browser Action [MaximizeWindow] successfully performed. With the following test data [New screen size is now: (1176, 811)]. @26-10-2021 01:50:16.0490 A

################################################################################################################################################
Starting Execution:	[74 out of 143] test cases in the current suite
Test Method:		[testPackage01.Test_ShadowDOM.shadowdom]
################################################################################################################################################
[ReportManager] Target URL: [https://mdn.github.io/web-components-examples/popup-info-box-web-component/] @26-10-2021 01:50:16.0504 AM
[ReportManager] Initial URL: [] @26-10-2021 01:50:16.0589 AM
[ReportManager] Browser Action [NavigateToURL] successfully performed. With the following test data [https://mdn.github.io/web-components-examples/popup-info-box-web-component/]. @26-10-2021 01:50:17.0038 AM
[ReportManager] Element Action [Type] successfully performed. With the following test data [Typing into SHADOW DOM...]. @26-10-2021 01:50:17.0995 AM
[ReportManager] Element Action [GetText] successfully performed. With the following test data [Typing into SHADOW DOM...]. @26-10-2021 01:50:18.0055 AM
[ReportManager] Loaded Shared OpenCV @26-10-2021 01:50:18.0161 AM
[ReportManager] Assertion [ValidateElementAttribute] PASSED. Expected [Value Should be 'Typing into SHADOW DOM...' for the 'Text' attribute, element locator 'By.id: cvc'] and Actual [Typing into SHADOW DOM...]. Comparison Type [EQUALS]. Validation Type [POSITIVE]. @26-10-2021 01:50:18.0264 AM
[ReportManager] Successfully created attachment [Screenshot - 1635213018161_shadowdom_ValidateElementAttribute_passed] @26-10-2021 01:50:18.0265 A
[ReportManager] Browser Action [CloseCurrentWindow] successfully performed. @26-10-2021 01:50:18.0461 AM
[ReportManager] Successfully created attachment [Browser Action Test Data - CloseCurrentWindow - Actual Value] @26-10-2021 01:50:18.0462 A
[ReportManager] File Action [GetAbsolutePath] successfully performed. With the following test data [Relative Folder Path: "target/downloadedFiles/"]. @26-10-2021 01:50:18.0464 AM
[ReportManager] Attempting to run locally on: [Mac-64], [Safari], Headless Execution. @26-10-2021 01:50:18.0464 AM
[ReportManager] Successfully Opened Safari. @26-10-2021 01:50:19.0284 AM
[ReportManager] Initial window size: (800, 600) @26-10-2021 01:50:19.0306 AM
[ReportManager] Window size after SWD Maximize: (1176, 811) @26-10-2021 01:50:19.0319 AM
[ReportManager] Browser Action [MaximizeWindow] successfully performed. With the following test data [New screen size is now: (1176, 811)]. @26-10-2021 01:50:19.0319 A

################################################################################################################################################
Starting Execution:	[75 out of 143] test cases in the current suite
Test Method:		[testPackage01.Test_clipboardActions.typeTextAndCopyPaste]
################################################################################################################################################
[ReportManager] Target URL: [https://www.google.com/ncr], and after redirection: [https://www.google.com] @26-10-2021 01:50:19.0322 AM
[ReportManager] Initial URL: [] @26-10-2021 01:50:19.0401 AM
[ReportManager] Browser Action [NavigateToURL] successfully performed. With the following test data [https://www.google.com/ncr]. @26-10-2021 01:50:20.0757 AM
[ReportManager] Element Action [Type] successfully performed. With the following test data [FIRST]. @26-10-2021 01:50:21.0029 A
[ReportManager] Browser Action [CloseCurrentWindow] successfully performed. @26-10-2021 01:50:21.0291 AM
[ReportManager] Successfully created attachment [Browser Action Test Data - CloseCurrentWindow - Actual Value] @26-10-2021 01:50:21.0291 A

################################################################################################################################################
Starting Execution:	[76 out of 143] test cases in the current suite
Test Method:		[testPackage01.Test_NewValidationHelper.f1]
################################################################################################################################################
[ReportManager] Assertion Passed: Checking valid user data @26-10-2021 01:50:21.0294 AM
[ReportManager] Successfully created attachment [Validation Test Data - Expected Value] @26-10-2021 01:50:21.0295 AM
[ReportManager] Successfully created attachment [Validation Test Data - Actual Value] @26-10-2021 01:50:21.0295 AM
[ReportManager] Assertion [ValidateEquals] PASSED. Expected and Actual values are attached. Comparison Type [EQUALS]. Validation Type [POSITIVE]. @26-10-2021 01:50:21.0295 A
[ReportManager] File Action [GetAbsolutePath] successfully performed. With the following test data [Relative Folder Path: "target/downloadedFiles/"]. @26-10-2021 01:50:21.0297 AM
[ReportManager] Attempting to run locally on: [Mac-64], [Safari], Headless Execution. @26-10-2021 01:50:21.0298 AM
[ReportManager] Successfully Opened Safari. @26-10-2021 01:50:22.0033 AM
[ReportManager] Initial window size: (800, 600) @26-10-2021 01:50:22.0052 AM
[ReportManager] Window size after SWD Maximize: (1176, 811) @26-10-2021 01:50:22.0067 AM
[ReportManager] Browser Action [MaximizeWindow] successfully performed. With the following test data [New screen size is now: (1176, 811)]. @26-10-2021 01:50:22.0067 AM
[ReportManager] Target URL: [https://the-internet.herokuapp.com/] @26-10-2021 01:50:22.0067 AM
[ReportManager] Initial URL: [] @26-10-2021 01:50:22.0111 AM
[ReportManager] Browser Action [NavigateToURL] successfully performed. With the following test data [https://the-internet.herokuapp.com/]. @26-10-2021 01:50:23.0365 A

################################################################################################################################################
Starting Execution:	[77 out of 143] test cases in the current suite
Test Method:		[testPackage01.Test_NewValidationHelper.f10]
################################################################################################################################################
[ReportManager] Assertion [ValidateElementExists] FAILED. Expected [Element Should Exist, locator 'By.tagName: div'] and Actual [Element Exists but is not unique]. Comparison Type [EQUALS]. Validation Type [POSITIVE]. @26-10-2021 01:50:23.0568 AM
[ReportManager] Successfully created attachment [Screenshot - 1635213023468_f10_ValidateElementExists_failed] @26-10-2021 01:50:23.0569 A



################################################################################################################################################
Starting Execution:	[78 out of 143] test cases in the current suite
Test Method:		[testPackage01.Test_NewValidationHelper.f11]
###############################################################################################################################################



################################################################################################################################################
Starting Execution:	[79 out of 143] test cases in the current suite
Test Method:		[testPackage01.Test_NewValidationHelper.f12]
###############################################################################################################################################



################################################################################################################################################
Starting Execution:	[80 out of 143] test cases in the current suite
Test Method:		[testPackage01.Test_NewValidationHelper.f13]
###############################################################################################################################################



################################################################################################################################################
Starting Execution:	[81 out of 143] test cases in the current suite
Test Method:		[testPackage01.Test_NewValidationHelper.f14]
###############################################################################################################################################



################################################################################################################################################
Starting Execution:	[82 out of 143] test cases in the current suite
Test Method:		[testPackage01.Test_NewValidationHelper.f15]
###############################################################################################################################################



################################################################################################################################################
Starting Execution:	[83 out of 143] test cases in the current suite
Test Method:		[testPackage01.Test_NewValidationHelper.f16]
###############################################################################################################################################



################################################################################################################################################
Starting Execution:	[84 out of 143] test cases in the current suite
Test Method:		[testPackage01.Test_NewValidationHelper.f17]
###############################################################################################################################################



################################################################################################################################################
Starting Execution:	[85 out of 143] test cases in the current suite
Test Method:		[testPackage01.Test_NewValidationHelper.f18]
###############################################################################################################################################


################################################################################################################################################
Starting Execution:	[86 out of 143] test cases in the current suite
Test Method:		[testPackage01.Test_NewValidationHelper.f2]
###############################################################################################################################################


################################################################################################################################################
Starting Execution:	[87 out of 143] test cases in the current suite
Test Method:		[testPackage01.Test_NewValidationHelper.f20]
###############################################################################################################################################



################################################################################################################################################
Starting Execution:	[88 out of 143] test cases in the current suite
Test Method:		[testPackage01.Test_NewValidationHelper.f21]
###############################################################################################################################################



################################################################################################################################################
Starting Execution:	[89 out of 143] test cases in the current suite
Test Method:		[testPackage01.Test_NewValidationHelper.f22]
###############################################################################################################################################


################################################################################################################################################
Starting Execution:	[90 out of 143] test cases in the current suite
Test Method:		[testPackage01.Test_NewValidationHelper.f23]
###############################################################################################################################################

################################################################################################################################################
Starting Execution:	[91 out of 143] test cases in the current suite
Test Method:		[testPackage01.Test_NewValidationHelper.f24]
###############################################################################################################################################

################################################################################################################################################
Starting Execution:	[92 out of 143] test cases in the current suite
Test Method:		[testPackage01.Test_NewValidationHelper.f25]
###############################################################################################################################################

################################################################################################################################################
Starting Execution:	[93 out of 143] test cases in the current suite
Test Method:		[testPackage01.Test_NewValidationHelper.f26]
###############################################################################################################################################

################################################################################################################################################
Starting Execution:	[94 out of 143] test cases in the current suite
Test Method:		[testPackage01.Test_NewValidationHelper.f27]
###############################################################################################################################################

################################################################################################################################################
Starting Execution:	[95 out of 143] test cases in the current suite
Test Method:		[testPackage01.Test_NewValidationHelper.f28]
###############################################################################################################################################

################################################################################################################################################
Starting Execution:	[96 out of 143] test cases in the current suite
Test Method:		[testPackage01.Test_NewValidationHelper.f29]
###############################################################################################################################################

################################################################################################################################################
Starting Execution:	[97 out of 143] test cases in the current suite
Test Method:		[testPackage01.Test_NewValidationHelper.f3]
###############################################################################################################################################

################################################################################################################################################
Starting Execution:	[98 out of 143] test cases in the current suite
Test Method:		[testPackage01.Test_NewValidationHelper.f30]
###############################################################################################################################################

################################################################################################################################################
Starting Execution:	[99 out of 143] test cases in the current suite
Test Method:		[testPackage01.Test_NewValidationHelper.f31]
###############################################################################################################################################

################################################################################################################################################
Starting Execution:	[100 out of 143] test cases in the current suite
Test Method:		[testPackage01.Test_NewValidationHelper.f32]
###############################################################################################################################################

################################################################################################################################################
Starting Execution:	[101 out of 143] test cases in the current suite
Test Method:		[testPackage01.Test_NewValidationHelper.f33]
###############################################################################################################################################

################################################################################################################################################
Starting Execution:	[102 out of 143] test cases in the current suite
Test Method:		[testPackage01.Test_NewValidationHelper.f34]
###############################################################################################################################################

################################################################################################################################################
Starting Execution:	[103 out of 143] test cases in the current suite
Test Method:		[testPackage01.Test_NewValidationHelper.f35]
###############################################################################################################################################

################################################################################################################################################
Starting Execution:	[104 out of 143] test cases in the current suite
Test Method:		[testPackage01.Test_NewValidationHelper.f36]
###############################################################################################################################################

################################################################################################################################################
Starting Execution:	[105 out of 143] test cases in the current suite
Test Method:		[testPackage01.Test_NewValidationHelper.f37]
###############################################################################################################################################

################################################################################################################################################
Starting Execution:	[106 out of 143] test cases in the current suite
Test Method:		[testPackage01.Test_NewValidationHelper.f3_1]
###############################################################################################################################################

################################################################################################################################################
Starting Execution:	[107 out of 143] test cases in the current suite
Test Method:		[testPackage01.Test_NewValidationHelper.f4]
###############################################################################################################################################

################################################################################################################################################
Starting Execution:	[108 out of 143] test cases in the current suite
Test Method:		[testPackage01.Test_NewValidationHelper.f5]
###############################################################################################################################################

################################################################################################################################################
Starting Execution:	[109 out of 143] test cases in the current suite
Test Method:		[testPackage01.Test_NewValidationHelper.f6]
###############################################################################################################################################

################################################################################################################################################
Starting Execution:	[110 out of 143] test cases in the current suite
Test Method:		[testPackage01.Test_NewValidationHelper.f6_1]
###############################################################################################################################################

################################################################################################################################################
Starting Execution:	[111 out of 143] test cases in the current suite
Test Method:		[testPackage01.Test_NewValidationHelper.f6_2]
###############################################################################################################################################

################################################################################################################################################
Starting Execution:	[112 out of 143] test cases in the current suite
Test Method:		[testPackage01.Test_NewValidationHelper.f7]
###############################################################################################################################################


################################################################################################################################################
Starting Execution:	[113 out of 143] test cases in the current suite
Test Method:		[testPackage01.Test_NewValidationHelper.f8]
###############################################################################################################################################



################################################################################################################################################
Starting Execution:	[114 out of 143] test cases in the current suite
Test Method:		[testPackage01.Test_NewValidationHelper.f9]
###############################################################################################################################################


################################################################################################################################################
Starting Execution:	[115 out of 143] test cases in the current suite
Test Method:		[testPackage01.Test_NewValidationHelper.forceFail]
###############################################################################################################################################

################################################################################################################################################
Starting Execution:	[116 out of 143] test cases in the current suite
Test Method:		[testPackage01.Test_NewValidationHelper.forceFail2]
###############################################################################################################################################

################################################################################################################################################
Starting Execution:	[117 out of 143] test cases in the current suite
Test Method:		[testPackage01.Test_JsonActions.f]
###############################################################################################################################################

################################################################################################################################################
Starting Execution:	[118 out of 143] test cases in the current suite
Test Method:		[testPackage01.Test_JsonActions.f2]
###############################################################################################################################################

################################################################################################################################################
Starting Execution:	[119 out of 143] test cases in the current suite
Test Method:		[testPackage01.Test_sendGraphqlRequest.sendGraphqlRequestUsingMutationAndVariables]
################################################################################################################################################
[ReportManager] GraphQl Request is being Performed with the Following Parameters [Service URL: https://api.spacex.land/graphql | Request Body: {"variables":"{\"name\": \"sherlock holmes\",\"rocket\": \"221B Baker Street\"}","query":"mutation ($name: String, $rocket: String) {\n  insert_users(objects: {name: $name, rocket: $rocket}) {\n    returning {\n      name\n      rocket\n    }\n  }\n}"}] @26-10-2021 01:50:23.0803 AM
[ReportManager] Response status code: [200], status line: [HTTP/1.1 200 OK] @26-10-2021 01:50:28.0397 AM
[ReportManager] Assertion Passed: Evaluating the actual response status code against the expected one... @26-10-2021 01:50:28.0398 AM
[ReportManager] Assertion [ValidateEquals] PASSED. Expected [200] and Actual [200]. Comparison Type [EQUALS]. Validation Type [POSITIVE]. @26-10-2021 01:50:28.0398 AM
[ReportManager] API Action [PerformRequest] successfully performed. With the following test data [Request Type: "POST" | Target Status Code: "200" | Service URL: "https://api.spacex.land/graphql" | Content Type: "application/json" | Response Time: "4499ms"]. @26-10-2021 01:50:28.0413 AM
[ReportManager] Successfully created attachment [API Request - Specifications] @26-10-2021 01:50:28.0413 AM
[ReportManager] Successfully created attachment [API Request - JSON Body] @26-10-2021 01:50:28.0414 AM
[ReportManager] Successfully created attachment [API Response - JSON Body] @26-10-2021 01:50:28.0415 AM
[ReportManager] API Action [GetResponseJSONValue] successfully performed. With the following test data [data.insert_users.returning[0].name]. @26-10-2021 01:50:28.0467 AM
[ReportManager] Assertion [ValidateEquals] PASSED. Expected [sherlock holmes] and Actual [sherlock holmes]. Comparison Type [EQUALS]. Validation Type [POSITIVE]. @26-10-2021 01:50:28.0467 A

################################################################################################################################################
Starting Execution:	[120 out of 143] test cases in the current suite
Test Method:		[testPackage01.Test_sendGraphqlRequest.sendGraphqlRequestUsingQuery]
################################################################################################################################################
[ReportManager] GraphQl Request is being Performed with the Following Parameters [Service URL: https://api.spacex.land/graphql | Request Body: {"query":"{company {ceo}}"}] @26-10-2021 01:50:28.0473 AM
[ReportManager] Response status code: [200], status line: [HTTP/1.1 200 OK] @26-10-2021 01:50:28.0752 AM
[ReportManager] Assertion Passed: Evaluating the actual response status code against the expected one... @26-10-2021 01:50:28.0752 AM
[ReportManager] Assertion [ValidateEquals] PASSED. Expected [200] and Actual [200]. Comparison Type [EQUALS]. Validation Type [POSITIVE]. @26-10-2021 01:50:28.0752 AM
[ReportManager] API Action [PerformRequest] successfully performed. With the following test data [Request Type: "POST" | Target Status Code: "200" | Service URL: "https://api.spacex.land/graphql" | Content Type: "application/json" | Response Time: "274ms"]. @26-10-2021 01:50:28.0772 AM
[ReportManager] Successfully created attachment [API Request - Specifications] @26-10-2021 01:50:28.0773 AM
[ReportManager] Successfully created attachment [API Request - JSON Body] @26-10-2021 01:50:28.0773 AM
[ReportManager] Successfully created attachment [API Response - JSON Body] @26-10-2021 01:50:28.0774 AM
[ReportManager] API Action [GetResponseJSONValue] successfully performed. With the following test data [data.company.ceo]. @26-10-2021 01:50:28.0788 AM
[ReportManager] Assertion [ValidateEquals] PASSED. Expected [Elon Musk] and Actual [Elon Musk]. Comparison Type [EQUALS]. Validation Type [POSITIVE]. @26-10-2021 01:50:28.0788 A
[ReportManager] File Action [GetAbsolutePath] successfully performed. With the following test data [Relative Folder Path: "target/downloadedFiles/"]. @26-10-2021 01:50:28.0791 AM
[ReportManager] Attempting to run locally on: [Mac-64], [Safari], Headless Execution. @26-10-2021 01:50:28.0791 AM
[ReportManager] Successfully Opened Safari. @26-10-2021 01:50:29.0576 AM
[ReportManager] Initial window size: (800, 600) @26-10-2021 01:50:29.0580 AM
[ReportManager] Window size after SWD Maximize: (1176, 811) @26-10-2021 01:50:29.0604 AM
[ReportManager] Browser Action [MaximizeWindow] successfully performed. With the following test data [New screen size is now: (1176, 811)]. @26-10-2021 01:50:29.0605 A

################################################################################################################################################
Starting Execution:	[121 out of 143] test cases in the current suite
Test Method:		[testPackage01.Test_dragAndDrop.dragAndDropJquery]
################################################################################################################################################
[ReportManager] Target URL: [https://jqueryui.com/resources/demos/droppable/default.html] @26-10-2021 01:50:29.0607 AM
[ReportManager] Initial URL: [] @26-10-2021 01:50:29.0667 AM
[ReportManager] Browser Action [NavigateToURL] successfully performed. With the following test data [https://jqueryui.com/resources/demos/droppable/default.html]. @26-10-2021 01:50:30.0165 AM
[ReportManager] Element Action [GetText] successfully performed. With the following test data [
	Drop here
]. @26-10-2021 01:50:30.0202 AM
[ReportManager] Element Action [DragAndDrop] successfully performed. With the following test data [Start point: (8, 18), End point: (8, 18)]. @26-10-2021 01:50:31.0238 AM
[ReportManager] Element Action [GetText] successfully performed. With the following test data [
	Dropped!
]. @26-10-2021 01:50:31.0262 AM
[ReportManager] Assertion Passed: Checking to see if the text has changed after performing drag and drop @26-10-2021 01:50:31.0262 AM
[ReportManager] Assertion [ValidateEquals] PASSED. Expected [
	Drop here
] and Actual [
	Dropped!
]. Comparison Type [EQUALS]. Validation Type [NEGATIVE]. @26-10-2021 01:50:31.0262 A
[ReportManager] Browser Action [CloseCurrentWindow] successfully performed. @26-10-2021 01:50:31.0444 AM
[ReportManager] Successfully created attachment [Browser Action Test Data - CloseCurrentWindow - Actual Value] @26-10-2021 01:50:31.0445 A
[ReportManager] File Action [GetAbsolutePath] successfully performed. With the following test data [Relative Folder Path: "target/downloadedFiles/"]. @26-10-2021 01:50:31.0447 AM
[ReportManager] Attempting to run locally on: [Mac-64], [Safari], Headless Execution. @26-10-2021 01:50:31.0447 AM
[ReportManager] Successfully Opened Safari. @26-10-2021 01:50:32.0238 AM
[ReportManager] Initial window size: (800, 600) @26-10-2021 01:50:32.0249 AM
[ReportManager] Window size after SWD Maximize: (1176, 811) @26-10-2021 01:50:32.0280 AM
[ReportManager] Browser Action [MaximizeWindow] successfully performed. With the following test data [New screen size is now: (1176, 811)]. @26-10-2021 01:50:32.0281 A

################################################################################################################################################
Starting Execution:	[122 out of 143] test cases in the current suite
Test Method:		[testPackage01.Test_dragAndDrop.dragAndDrop]
Test Description:	[TC001 - Test Drag and Drop function.]
################################################################################################################################################
[ReportManager] Target URL: [http://the-internet.herokuapp.com/drag_and_drop] @26-10-2021 01:50:32.0284 AM
[ReportManager] Initial URL: [] @26-10-2021 01:50:32.0355 AM
[ReportManager] Browser Action [NavigateToURL] successfully performed. With the following test data [http://the-internet.herokuapp.com/drag_and_drop]. @26-10-2021 01:50:33.0272 AM
[ReportManager] Attempting Drag and Drop @26-10-2021 01:50:33.0272 AM
[ReportManager] Element Action [DragAndDrop] successfully performed. With the following test data [Start point: (120, 89), End point: (335, 89)]. @26-10-2021 01:50:33.0880 A
[ReportManager] Browser Action [CloseCurrentWindow] successfully performed. @26-10-2021 01:50:33.0964 AM
[ReportManager] Successfully created attachment [Browser Action Test Data - CloseCurrentWindow - Actual Value] @26-10-2021 01:50:33.0965 A
[ReportManager] File Action [GetAbsolutePath] successfully performed. With the following test data [Relative Folder Path: "target/downloadedFiles/"]. @26-10-2021 01:50:33.0967 AM
[ReportManager] Attempting to run locally on: [Mac-64], [Safari], Headless Execution. @26-10-2021 01:50:33.0967 AM
[ReportManager] Successfully Opened Safari. @26-10-2021 01:50:34.0753 AM
[ReportManager] Initial window size: (800, 600) @26-10-2021 01:50:34.0771 AM
[ReportManager] Window size after SWD Maximize: (1176, 811) @26-10-2021 01:50:34.0782 AM
[ReportManager] Browser Action [MaximizeWindow] successfully performed. With the following test data [New screen size is now: (1176, 811)]. @26-10-2021 01:50:34.0782 A

################################################################################################################################################
Starting Execution:	[123 out of 143] test cases in the current suite
Test Method:		[testPackage01.Test_dragAndDrop.dragAndDropByOffset]
Test Description:	[TC002 - Test Drag and Drop by offset function.]
################################################################################################################################################
[ReportManager] Target URL: [https://jqueryui.com/resources/demos/draggable/default.html] @26-10-2021 01:50:34.0786 AM
[ReportManager] Initial URL: [] @26-10-2021 01:50:34.0853 AM
[ReportManager] Browser Action [NavigateToURL] successfully performed. With the following test data [https://jqueryui.com/resources/demos/draggable/default.html]. @26-10-2021 01:50:35.0337 AM
[ReportManager] Element Action [DragAndDropByOffset] successfully performed. With the following test data [Start point: (8, 8), End point: (108, 58)]. @26-10-2021 01:50:36.0091 A
[ReportManager] Browser Action [CloseCurrentWindow] successfully performed. @26-10-2021 01:50:36.0309 AM
[ReportManager] Successfully created attachment [Browser Action Test Data - CloseCurrentWindow - Actual Value] @26-10-2021 01:50:36.0309 A
[ReportManager] Successfully loaded the following test data file [src/test/resources/TestDataFiles/testSuite01/TestData.xlsx]. @26-10-2021 01:50:36.0343 AM
[ReportManager] Successfully created attachment [Test Data - Excel] @26-10-2021 01:50:36.0344 AM
[ReportManager] File Action [GetAbsolutePath] successfully performed. With the following test data [Relative Folder Path: "target/downloadedFiles/"]. @26-10-2021 01:50:36.0344 AM
[ReportManager] Attempting to run locally on: [Mac-64], [Safari], Headless Execution. @26-10-2021 01:50:36.0344 AM
[ReportManager] Successfully Opened Safari. @26-10-2021 01:50:37.0158 AM
[ReportManager] Initial window size: (800, 600) @26-10-2021 01:50:37.0165 AM
[ReportManager] Window size after SWD Maximize: (1176, 811) @26-10-2021 01:50:37.0184 AM
[ReportManager] Browser Action [MaximizeWindow] successfully performed. With the following test data [New screen size is now: (1176, 811)]. @26-10-2021 01:50:37.0184 A

################################################################################################################################################
Starting Execution:	[124 out of 143] test cases in the current suite
Test Method:		[testPackage01.Test_google.navigateToURLandVerifyGoogleLogoIsDisplayed]
Test Description:	[TC001 - Navigate to URL and Verify Google Logo is Displayed]
################################################################################################################################################
[ReportManager] Target URL: [https://www.google.com/ncr], and after redirection: [https://www.google.com] @26-10-2021 01:50:37.0187 AM
[ReportManager] Initial URL: [] @26-10-2021 01:50:37.0253 AM
[ReportManager] Browser Action [NavigateToURL] successfully performed. With the following test data [https://www.google.com/ncr]. @26-10-2021 01:50:38.0610 AM
[ReportManager] Loaded Shared OpenCV @26-10-2021 01:50:38.0677 AM
[ReportManager] Assertion [ValidateElementExists] PASSED. Expected [Element Should Exist, locator 'By.xpath: //*[@id='hplogo' or @alt='Google']'] and Actual [Element Exists]. Comparison Type [EQUALS]. Validation Type [POSITIVE]. @26-10-2021 01:50:38.0783 AM
[ReportManager] Successfully created attachment [Screenshot - 1635213038677_navigateToURLandVerifyGoogleLogoIsDisplayed_ValidateElementExists_passed] @26-10-2021 01:50:38.0785 A

################################################################################################################################################
Starting Execution:	[125 out of 143] test cases in the current suite
Test Method:		[testPackage01.Test_google.searchForQueryandAssertResultsNumDisplayed]
Test Description:	[TC002 - Search for Query and Assert that the number of results is displayed]
################################################################################################################################################
[ReportManager] Element Action [Type] successfully performed. With the following test data [SHAFT_Engine]. @26-10-2021 01:50:39.0250 AM
[ReportManager] Element Action [KeyPress] successfully performed. With the following test data [Enter]. @26-10-2021 01:50:39.0298 A

################################################################################################################################################
Starting Execution:	[126 out of 143] test cases in the current suite
Test Method:		[testPackage01.Test_google.clickNextThrice]
Test Description:	[TC003 - Clicks the next button to make sure that the framework can scroll element into view before clicking it]
###############################################################################################################################################
[ReportManager] Browser Action [CloseCurrentWindow] successfully performed. @26-10-2021 01:50:39.0442 AM
[ReportManager] Successfully created attachment [Browser Action Test Data - CloseCurrentWindow - Actual Value] @26-10-2021 01:50:39.0443 A

################################################################################################################################################
Starting Execution:	[127 out of 143] test cases in the current suite
Test Method:		[testPackage01.Test_chainableElementActions.chainElementActions]
################################################################################################################################################
[ReportManager] File Action [GetAbsolutePath] successfully performed. With the following test data [Relative Folder Path: "target/downloadedFiles/"]. @26-10-2021 01:50:39.0447 AM
[ReportManager] Attempting to run locally on: [Mac-64], [GoogleChrome], Headless Execution. @26-10-2021 01:50:39.0452 AM
[ReportManager] Identifying OS/Driver combination and selecting the correct driver version automatically. Please note that if a new driver executable will be downloaded it may take some time... @26-10-2021 01:50:39.0452 AM
[ReportManager] Successfully Opened Google Chrome. @26-10-2021 01:50:42.0389 AM
[ReportManager] Initial window size: (800, 600) @26-10-2021 01:50:42.0393 AM
[ReportManager] Window size after SWD Maximize: (800, 600) @26-10-2021 01:50:42.0616 AM
[ReportManager] Window size after Toolkit: (1920, 1080) @26-10-2021 01:50:43.0057 AM
[ReportManager] Browser Action [MaximizeWindow] successfully performed. With the following test data [New screen size is now: (1920, 1080)]. @26-10-2021 01:50:43.0062 AM
[ReportManager] Target URL: [https://www.google.com/ncr], and after redirection: [https://www.google.com] @26-10-2021 01:50:43.0062 AM
[ReportManager] Initial URL: [data:,] @26-10-2021 01:50:43.0095 AM
[ReportManager] Browser Action [NavigateToURL] successfully performed. With the following test data [https://www.google.com/ncr]. @26-10-2021 01:50:43.0954 AM
[ReportManager] Element Action [Type] successfully performed. With the following test data [chained type 1]. @26-10-2021 01:50:44.0340 AM
[ReportManager] Element Action [Type] successfully performed. With the following test data [chained type 2]. @26-10-2021 01:50:44.0614 AM
[ReportManager] Element Action [TypeAppend] successfully performed. With the following test data [345]. @26-10-2021 01:50:44.0685 AM
[ReportManager] Element Action [GetText] successfully performed. With the following test data [chained type 2345]. @26-10-2021 01:50:44.0757 AM
[ReportManager] Loaded Shared OpenCV @26-10-2021 01:50:45.0050 AM
[ReportManager] Assertion [ValidateElementAttribute] PASSED. Expected [Value Should be 'chained type 2345' for the 'text' attribute, element locator 'By.name: q'] and Actual [chained type 2345]. Comparison Type [EQUALS]. Validation Type [POSITIVE]. @26-10-2021 01:50:45.0230 AM
[ReportManager] Successfully created attachment [Screenshot - 1635213045050_chainElementActions_ValidateElementAttribute_passed] @26-10-2021 01:50:45.0231 AM
[ReportManager] Browser Action [CloseCurrentWindow] successfully performed. @26-10-2021 01:50:45.0467 AM
[ReportManager] Successfully created attachment [Browser Action Test Data - CloseCurrentWindow - Actual Value] @26-10-2021 01:50:45.0468 A

################################################################################################################################################
Starting Execution:	[128 out of 143] test cases in the current suite
Test Method:		[testPackage01.Test_JsonCompareWithSpecialCharacters.specialCharacters]
################################################################################################################################################
[ReportManager] File Action [GetAbsolutePath] successfully performed. With the following test data [Relative Folder Path: "src/test/resources/TestJsonFiles/specialCharacters.json"]. @26-10-2021 01:50:45.0476 AM
[ReportManager] File Action [ReadFromFile] successfully performed. With the following test data [File Path: "/Users/runner/work/SHAFT_ENGINE/SHAFT_ENGINE/src/test/resources/TestJsonFiles/specialCharacters.json"]. @26-10-2021 01:50:45.0483 AM
[ReportManager] Successfully created attachment [File Action Actual Result - Command Log] @26-10-2021 01:50:45.0483 AM
[ReportManager] Comparing the provided API response with the file at this path "src/test/resources/TestJsonFiles/specialCharacters.json", comparison type "EQUALS" @26-10-2021 01:50:45.0485 AM
[ReportManager] API Action [CompareJSON] successfully performed. With the following test data [src/test/resources/TestJsonFiles/specialCharacters.json]. @26-10-2021 01:50:45.0496 AM
[ReportManager] File Action [GetAbsolutePath] successfully performed. With the following test data [Relative Folder Path: "src/test/resources/TestJsonFiles/specialCharacters.json"]. @26-10-2021 01:50:45.0496 AM
[ReportManager] File Action [ReadFromFile] successfully performed. With the following test data [File Path: "/Users/runner/work/SHAFT_ENGINE/SHAFT_ENGINE/src/test/resources/TestJsonFiles/specialCharacters.json"]. @26-10-2021 01:50:45.0497 AM
[ReportManager] Verification [ValidateJSONFileContent] PASSED. Expected [Response data should match the JSON File in this path 'src/test/resources/TestJsonFiles/specialCharacters.json'] and Actual [TRUE]. Comparison Type [EQUALS]. Validation Type [POSITIVE]. @26-10-2021 01:50:45.0508 AM
[ReportManager] Successfully created attachment [Validation Test Data - Expected JSON Value] @26-10-2021 01:50:45.0509 AM
[ReportManager] Successfully created attachment [Validation Test Data - Actual JSON Value] @26-10-2021 01:50:45.0510 A

################################################################################################################################################
Starting Execution:	[129 out of 143] test cases in the current suite
Test Method:		[testPackage01.Test_JsonCompareWithSpecialCharacters.specialCharacters_assertion]
################################################################################################################################################
[ReportManager] File Action [GetAbsolutePath] successfully performed. With the following test data [Relative Folder Path: "src/test/resources/TestJsonFiles/specialCharacters.json"]. @26-10-2021 01:50:45.0513 AM
[ReportManager] File Action [ReadFromFile] successfully performed. With the following test data [File Path: "/Users/runner/work/SHAFT_ENGINE/SHAFT_ENGINE/src/test/resources/TestJsonFiles/specialCharacters.json"]. @26-10-2021 01:50:45.0513 AM
[ReportManager] Successfully created attachment [File Action Actual Result - Command Log] @26-10-2021 01:50:45.0514 AM
[ReportManager] Comparing the provided API response with the file at this path "src/test/resources/TestJsonFiles/specialCharacters.json", comparison type "CONTAINS" @26-10-2021 01:50:45.0514 AM
[ReportManager] API Action [CompareJSON] successfully performed. With the following test data [src/test/resources/TestJsonFiles/specialCharacters.json]. @26-10-2021 01:50:45.0525 AM
[ReportManager] File Action [GetAbsolutePath] successfully performed. With the following test data [Relative Folder Path: "src/test/resources/TestJsonFiles/specialCharacters.json"]. @26-10-2021 01:50:45.0525 AM
[ReportManager] File Action [ReadFromFile] successfully performed. With the following test data [File Path: "/Users/runner/work/SHAFT_ENGINE/SHAFT_ENGINE/src/test/resources/TestJsonFiles/specialCharacters.json"]. @26-10-2021 01:50:45.0525 AM
[ReportManager] Assertion Passed: trying out the log message @26-10-2021 01:50:45.0529 AM
[ReportManager] Successfully created attachment [Validation Test Data - Expected JSON Value] @26-10-2021 01:50:45.0530 AM
[ReportManager] Successfully created attachment [Validation Test Data - Actual JSON Value] @26-10-2021 01:50:45.0530 AM
[ReportManager] Assertion [ValidateJSONFileContent] PASSED. Expected [Response data should match the JSON File in this path 'src/test/resources/TestJsonFiles/specialCharacters.json'] and Actual [TRUE]. Comparison Type [CONTAINS]. Validation Type [POSITIVE]. @26-10-2021 01:50:45.0530 A

################################################################################################################################################
Starting Execution:	[130 out of 143] test cases in the current suite
Test Method:		[testPackage01.Test_SkipDueToIssue.doNotSkip]
################################################################################################################################################
[ReportManager] This should not be skipped. @26-10-2021 01:50:45.0534 A

################################################################################################################################################
Starting Execution:	[131 out of 143] test cases in the current suite
Test Method:		[testPackage01.Test_SkipDueToIssue.skip]
################################################################################################################################################
[ReportManager] This should be skipped. @26-10-2021 01:50:45.0539 A

################################################################################################################################################
Starting Execution:	[132 out of 143] test cases in the current suite
Test Method:		[testPackage01.Test_SkipDueToIssue.skip2]
################################################################################################################################################
[ReportManager] This should be skipped. @26-10-2021 01:50:45.0544 A

################################################################################################################################################
Starting Execution:	[133 out of 143] test cases in the current suite
Test Method:		[testPackage01.Test_JSONFileManager.readStringFromJson]
################################################################################################################################################
[ReportManager] Successfully loaded the following test data file [src/test/resources/TestDataFiles/simpleJSON.json]. @26-10-2021 01:50:45.0549 AM
[ReportManager] Successfully created attachment [Test Data - JSON] @26-10-2021 01:50:45.0550 AM
[ReportManager] Assertion [ValidateEquals] PASSED. Expected [Mohab Mohie] and Actual [Mohab Mohie]. Comparison Type [EQUALS]. Validation Type [POSITIVE]. @26-10-2021 01:50:45.0566 A
[ReportManager] File Action [GetAbsolutePath] successfully performed. With the following test data [Relative Folder Path: "target/downloadedFiles/"]. @26-10-2021 01:50:45.0568 AM
[ReportManager] Attempting to run locally on: [Mac-64], [Safari], Headless Execution. @26-10-2021 01:50:45.0569 AM
[ReportManager] Successfully Opened Safari. @26-10-2021 01:50:46.0690 AM
[ReportManager] Initial window size: (800, 600) @26-10-2021 01:50:46.0699 AM
[ReportManager] Window size after SWD Maximize: (1176, 811) @26-10-2021 01:50:46.0720 AM
[ReportManager] Browser Action [MaximizeWindow] successfully performed. With the following test data [New screen size is now: (1176, 811)]. @26-10-2021 01:50:46.0720 A

################################################################################################################################################
Starting Execution:	[134 out of 143] test cases in the current suite
Test Method:		[testPackage01.Test_assertEquals.test_assertElementAttribute]
################################################################################################################################################
[ReportManager] Target URL: [https://www.google.com/ncr], and after redirection: [https://www.google.com] @26-10-2021 01:50:46.0723 AM
[ReportManager] Initial URL: [] @26-10-2021 01:50:46.0785 AM
[ReportManager] Browser Action [NavigateToURL] successfully performed. With the following test data [https://www.google.com/ncr]. @26-10-2021 01:50:48.0124 AM
[ReportManager] Element Action [Type] successfully performed. With the following test data [INC_004010050:Another SCHEDULER with the same name [Duplicate Job Name] already exists.]. @26-10-2021 01:50:50.0713 AM
[ReportManager] Element Action [GetText] successfully performed. With the following test data [INC_004010050:Another SCHEDULER with the same name [Duplicate Job Name] already exists.]. @26-10-2021 01:50:50.0758 AM
[ReportManager] Loaded Shared OpenCV @26-10-2021 01:50:50.0802 AM
[ReportManager] Assertion [ValidateElementAttribute] PASSED. Expected [Value Should be 'INC_004010050:Another SCHEDULER with the same name \[Duplicate Job Name\] already exists.' for the 'text' attribute, element locator 'By.name: q'] and Actual [INC_004010050:Another SCHEDULER with the same name [Duplicate Job Name] already exists.]. Comparison Type [MATCHES]. Validation Type [POSITIVE]. @26-10-2021 01:50:50.0892 AM
[ReportManager] Successfully created attachment [Screenshot - 1635213050802_test_assertElementAttribute_ValidateElementAttribute_passed] @26-10-2021 01:50:50.0893 A
[ReportManager] Browser Action [CloseCurrentWindow] successfully performed. @26-10-2021 01:50:51.0015 AM
[ReportManager] Successfully created attachment [Browser Action Test Data - CloseCurrentWindow - Actual Value] @26-10-2021 01:50:51.0016 A
[ReportManager] File Action [GetAbsolutePath] successfully performed. With the following test data [Relative Folder Path: "target/downloadedFiles/"]. @26-10-2021 01:50:51.0017 AM
[ReportManager] Attempting to run locally on: [Mac-64], [Safari], Headless Execution. @26-10-2021 01:50:51.0018 AM
[ReportManager] Successfully Opened Safari. @26-10-2021 01:50:51.0818 AM
[ReportManager] Initial window size: (800, 600) @26-10-2021 01:50:51.0822 AM
[ReportManager] Window size after SWD Maximize: (1176, 811) @26-10-2021 01:50:51.0835 AM
[ReportManager] Browser Action [MaximizeWindow] successfully performed. With the following test data [New screen size is now: (1176, 811)]. @26-10-2021 01:50:51.0836 A

################################################################################################################################################
Starting Execution:	[135 out of 143] test cases in the current suite
Test Method:		[testPackage01.Test_IsElementClickable.testIsElementClickable]
################################################################################################################################################
[ReportManager] Target URL: [https://the-internet.herokuapp.com/] @26-10-2021 01:50:51.0843 AM
[ReportManager] Initial URL: [] @26-10-2021 01:50:51.0881 AM
[ReportManager] Browser Action [NavigateToURL] successfully performed. With the following test data [https://the-internet.herokuapp.com/]. @26-10-2021 01:50:53.0066 AM
[ReportManager] Element Action [IsElementClickable] successfully performed. @26-10-2021 01:50:53.0136 AM
[ReportManager] Assertion [ValidateTrue] PASSED. Expected [TRUE] and Actual [TRUE]. Validation Type [POSITIVE]. @26-10-2021 01:50:53.0137 A
[ReportManager] Browser Action [CloseCurrentWindow] successfully performed. @26-10-2021 01:50:53.0360 AM
[ReportManager] Successfully created attachment [Browser Action Test Data - CloseCurrentWindow - Actual Value] @26-10-2021 01:50:53.0361 A
[ReportManager] Successfully loaded the following test data file [src/test/resources/TestDataFiles/testSuite01/TestData.xlsx]. @26-10-2021 01:50:53.0399 AM
[ReportManager] Successfully created attachment [Test Data - Excel] @26-10-2021 01:50:53.0400 AM
[ReportManager] Attempting to run using Playwright locally on: [Mac-64], [Safari], Headless Execution. @26-10-2021 01:51:30.0862 AM
[ReportManager] File Action [GetAbsolutePath] successfully performed. With the following test data [Relative Folder Path: "target/downloadedFiles/"]. @26-10-2021 01:51:30.0863 AM
[ReportManager] Initial window size: (1280, 720) @26-10-2021 01:51:37.0021 AM
[ReportManager] Window size after Toolkit: com.microsoft.playwright.options.ViewportSize@41a625fe @26-10-2021 01:51:37.0029 AM
[ReportManager] Browser Action [MaximizeWindow] successfully performed. With the following test data [New screen size is now: (1920, 1080)]. @26-10-2021 01:51:37.0030 A

################################################################################################################################################
Starting Execution:	[136 out of 143] test cases in the current suite
Test Method:		[testPackage01.Test_google_playwright.navigateToURLandVerifyGoogleLogoIsDisplayed]
Test Description:	[TC001 - Navigate to URL and Verify Google Logo is Displayed]
################################################################################################################################################
[ReportManager] Target URL: [https://www.google.com/ncr], and after redirection: [https://www.google.com] @26-10-2021 01:51:37.0034 AM
[ReportManager] Initial URL: [about:blank] @26-10-2021 01:51:37.0627 AM
[ReportManager] Browser Action [NavigateToURL] successfully performed. With the following test data [https://www.google.com/ncr]. @26-10-2021 01:51:39.0183 AM
[ReportManager] Loaded Shared OpenCV @26-10-2021 01:51:39.0260 AM
[ReportManager] Assertion [ValidateElementExists] PASSED. Expected [Element Should Exist, locator 'xpath=//*[@id='hplogo' or @alt='Google']'] and Actual [Element Exists]. Comparison Type [EQUALS]. Validation Type [POSITIVE]. @26-10-2021 01:51:39.0425 AM
[ReportManager] Successfully created attachment [Screenshot - 1635213099257_navigateToURLandVerifyGoogleLogoIsDisplayed_ValidateElementExists_passed] @26-10-2021 01:51:39.0426 A

################################################################################################################################################
Starting Execution:	[137 out of 143] test cases in the current suite
Test Method:		[testPackage01.Test_google_playwright.searchForQueryandAssertResultsNumDisplayed]
Test Description:	[TC002 - Search for Query and Assert that the number of results is displayed]
################################################################################################################################################
[ReportManager] Element Action [Type] successfully performed. With the following test data [SHAFT_Engine]. @26-10-2021 01:51:39.0582 AM
[ReportManager] Element Action [KeyPress] successfully performed. With the following test data [Enter]. @26-10-2021 01:51:39.0706 AM
[ReportManager] Element Action [GetText] successfully performed. With the following test data [About 949,000 results (0.51 seconds)Â 
]. @26-10-2021 01:51:40.0986 AM
[ReportManager] Loaded Shared OpenCV @26-10-2021 01:51:41.0794 AM
[ReportManager] Assertion [ValidateElementAttribute] PASSED. Expected [Value Should not be '' for the 'text' attribute, element locator 'xpath=//div[@id='appbar']'] and Actual [About 949,000 results (0.51 seconds)Â 
]. Comparison Type [EQUALS]. Validation Type [NEGATIVE]. @26-10-2021 01:51:42.0007 AM
[ReportManager] Successfully created attachment [Screenshot - 1635213101793_searchForQueryandAssertResultsNumDisplayed_ValidateElementAttribute_passed] @26-10-2021 01:51:42.0009 A

################################################################################################################################################
Starting Execution:	[138 out of 143] test cases in the current suite
Test Method:		[testPackage01.Test_google_playwright.clickNextThrice]
Test Description:	[TC003 - Clicks the next button to make sure that the framework can scroll element into view before clicking it]
################################################################################################################################################
[ReportManager] Element Action [Click] successfully performed. With the following test data [Next]. @26-10-2021 01:51:42.0281 A
[ReportManager] Failed to find video recording. @26-10-2021 01:51:42.0283 AM
[ReportManager] Successfully Closed PlayWright Driver. @26-10-2021 01:51:42.0319 A
[ReportManager] File Action [GetAbsolutePath] successfully performed. With the following test data [Relative Folder Path: "target/downloadedFiles/"]. @26-10-2021 01:51:42.0346 AM
[ReportManager] Attempting to run locally on: [Mac-64], [Safari], Headless Execution. @26-10-2021 01:51:42.0346 AM
[ReportManager] Successfully Opened Safari. @26-10-2021 01:51:43.0147 AM
[ReportManager] Initial window size: (800, 600) @26-10-2021 01:51:43.0163 AM
[ReportManager] Window size after SWD Maximize: (1176, 811) @26-10-2021 01:51:43.0181 AM
[ReportManager] Browser Action [MaximizeWindow] successfully performed. With the following test data [New screen size is now: (1176, 811)]. @26-10-2021 01:51:43.0181 A

################################################################################################################################################
Starting Execution:	[139 out of 143] test cases in the current suite
Test Method:		[testPackage01.Test_verifyEquals.test_assertElementAttribute]
################################################################################################################################################
[ReportManager] Target URL: [https://www.google.com/ncr], and after redirection: [https://www.google.com] @26-10-2021 01:51:43.0184 AM
[ReportManager] Initial URL: [] @26-10-2021 01:51:43.0233 AM
[ReportManager] Browser Action [NavigateToURL] successfully performed. With the following test data [https://www.google.com/ncr]. @26-10-2021 01:51:43.0872 AM
[ReportManager] Element Action [Type] successfully performed. With the following test data [INC_004010050:Another SCHEDULER with the same name [Duplicate Job Name] already exists.]. @26-10-2021 01:51:46.0565 AM
[ReportManager] Element Action [GetText] successfully performed. With the following test data [INC_004010050:Another SCHEDULER with the same name [Duplicate Job Name] already exists.]. @26-10-2021 01:51:46.0608 AM
[ReportManager] Loaded Shared OpenCV @26-10-2021 01:51:46.0650 AM
[ReportManager] Verification [ValidateElementAttribute] PASSED. Expected [Value Should be 'INC_004010050:Another SCHEDULER with the same name \[Duplicate Job Name\] already exists.' for the 'text' attribute, element locator 'By.name: q'] and Actual [INC_004010050:Another SCHEDULER with the same name [Duplicate Job Name] already exists.]. Comparison Type [MATCHES]. Validation Type [POSITIVE]. @26-10-2021 01:51:46.0790 AM
[ReportManager] Successfully created attachment [Screenshot - 1635213106650_test_assertElementAttribute_ValidateElementAttribute_passed] @26-10-2021 01:51:46.0791 A
[ReportManager] Browser Action [CloseCurrentWindow] successfully performed. @26-10-2021 01:51:46.0948 AM
[ReportManager] Successfully created attachment [Browser Action Test Data - CloseCurrentWindow - Actual Value] @26-10-2021 01:51:46.0949 A

################################################################################################################################################
Starting Execution:	[140 out of 143] test cases in the current suite
Test Method:		[testPackage01.Test_SelectedValue.multipleSelect]
################################################################################################################################################
[ReportManager] File Action [GetAbsolutePath] successfully performed. With the following test data [Relative Folder Path: "target/downloadedFiles/"]. @26-10-2021 01:51:46.0951 AM
[ReportManager] Attempting to run locally on: [Mac-64], [GoogleChrome], Headless Execution. @26-10-2021 01:51:46.0952 AM
[ReportManager] Identifying OS/Driver combination and selecting the correct driver version automatically. Please note that if a new driver executable will be downloaded it may take some time... @26-10-2021 01:51:46.0952 AM
[ReportManager] Successfully Opened Google Chrome. @26-10-2021 01:51:47.0557 AM
[ReportManager] Initial window size: (800, 600) @26-10-2021 01:51:47.0566 AM
[ReportManager] Window size after SWD Maximize: (800, 600) @26-10-2021 01:51:47.0707 AM
[ReportManager] Window size after Toolkit: (1920, 1080) @26-10-2021 01:51:48.0044 AM
[ReportManager] Browser Action [MaximizeWindow] successfully performed. With the following test data [New screen size is now: (1920, 1080)]. @26-10-2021 01:51:48.0046 AM
[ReportManager] Target URL: [https://yari-demos.prod.mdn.mozit.cloud/en-US/docs/Web/HTML/Element/select/_sample_.Advanced_select_with_multiple_features.html] @26-10-2021 01:51:48.0046 AM
[ReportManager] Initial URL: [data:,] @26-10-2021 01:51:48.0073 AM
[ReportManager] Browser Action [NavigateToURL] successfully performed. With the following test data [https://yari-demos.prod.mdn.mozit.cloud/en-US/docs/Web/HTML/Element/select/_sample_.Advanced_select_with_multiple_features.html]. @26-10-2021 01:51:48.0371 AM
[ReportManager] Element Action [Select] successfully performed. With the following test data [Dog]. @26-10-2021 01:51:48.0559 AM
[ReportManager] Element Action [Select] successfully performed. With the following test data [Cat]. @26-10-2021 01:51:48.0714 AM
[ReportManager] Element Action [GetSelectedText] successfully performed. With the following test data [DogCat]. @26-10-2021 01:51:48.0811 AM
[ReportManager] DogCat @26-10-2021 01:51:48.0811 AM
[ReportManager] Element Action [GetSelectedText] successfully performed. With the following test data [DogCat]. @26-10-2021 01:51:48.0908 AM
[ReportManager] Loaded Shared OpenCV @26-10-2021 01:51:49.0554 AM
[ReportManager] Assertion [ValidateElementAttribute] PASSED. Expected [Value Should be 'DogCat' for the 'selectedText' attribute, element locator 'By.tagName: select'] and Actual [DogCat]. Comparison Type [EQUALS]. Validation Type [POSITIVE]. @26-10-2021 01:51:49.0720 AM
[ReportManager] Successfully created attachment [Screenshot - 1635213109554_multipleSelect_ValidateElementAttribute_passed] @26-10-2021 01:51:49.0722 AM
[ReportManager] Browser Action [CloseCurrentWindow] successfully performed. @26-10-2021 01:51:49.0957 AM
[ReportManager] Successfully created attachment [Browser Action Test Data - CloseCurrentWindow - Actual Value] @26-10-2021 01:51:49.0958 A

################################################################################################################################################
Starting Execution:	[141 out of 143] test cases in the current suite
Test Method:		[testPackage01.Test_SelectedValue.simpleSelect]
################################################################################################################################################
[ReportManager] File Action [GetAbsolutePath] successfully performed. With the following test data [Relative Folder Path: "target/downloadedFiles/"]. @26-10-2021 01:51:49.0961 AM
[ReportManager] Attempting to run locally on: [Mac-64], [GoogleChrome], Headless Execution. @26-10-2021 01:51:49.0962 AM
[ReportManager] Identifying OS/Driver combination and selecting the correct driver version automatically. Please note that if a new driver executable will be downloaded it may take some time... @26-10-2021 01:51:49.0962 AM
[ReportManager] Successfully Opened Google Chrome. @26-10-2021 01:51:50.0457 AM
[ReportManager] Initial window size: (800, 600) @26-10-2021 01:51:50.0463 AM
[ReportManager] Window size after SWD Maximize: (800, 600) @26-10-2021 01:51:50.0598 AM
[ReportManager] Window size after Toolkit: (1920, 1080) @26-10-2021 01:51:51.0100 AM
[ReportManager] Browser Action [MaximizeWindow] successfully performed. With the following test data [New screen size is now: (1920, 1080)]. @26-10-2021 01:51:51.0102 AM
[ReportManager] Target URL: [https://yari-demos.prod.mdn.mozit.cloud/en-US/docs/Web/HTML/Element/select/_sample_.Basic_select.html] @26-10-2021 01:51:51.0103 AM
[ReportManager] Initial URL: [data:,] @26-10-2021 01:51:51.0125 AM
[ReportManager] Browser Action [NavigateToURL] successfully performed. With the following test data [https://yari-demos.prod.mdn.mozit.cloud/en-US/docs/Web/HTML/Element/select/_sample_.Basic_select.html]. @26-10-2021 01:51:51.0297 AM
[ReportManager] Element Action [Select] successfully performed. With the following test data [Third Value]. @26-10-2021 01:51:51.0511 AM
[ReportManager] Element Action [GetSelectedText] successfully performed. With the following test data [Third Value]. @26-10-2021 01:51:51.0565 AM
[ReportManager] Third Value @26-10-2021 01:51:51.0565 AM
[ReportManager] Element Action [GetSelectedText] successfully performed. With the following test data [Third Value]. @26-10-2021 01:51:51.0616 AM
[ReportManager] Loaded Shared OpenCV @26-10-2021 01:51:52.0019 AM
[ReportManager] Assertion [ValidateElementAttribute] PASSED. Expected [Value Should be 'Third Value' for the 'selectedText' attribute, element locator 'By.tagName: select'] and Actual [Third Value]. Comparison Type [EQUALS]. Validation Type [POSITIVE]. @26-10-2021 01:51:52.0180 AM
[ReportManager] Successfully created attachment [Screenshot - 1635213112019_simpleSelect_ValidateElementAttribute_passed] @26-10-2021 01:51:52.0180 AM
[ReportManager] Browser Action [CloseCurrentWindow] successfully performed. @26-10-2021 01:51:52.0405 AM
[ReportManager] Successfully created attachment [Browser Action Test Data - CloseCurrentWindow - Actual Value] @26-10-2021 01:51:52.0405 A
[ReportManager] File Action [GetAbsolutePath] successfully performed. With the following test data [Relative Folder Path: "target/downloadedFiles/"]. @26-10-2021 01:51:52.0408 AM
[ReportManager] Attempting to run locally on: [Mac-64], [Safari], Headless Execution. @26-10-2021 01:51:52.0408 AM
[ReportManager] Successfully Opened Safari. @26-10-2021 01:51:53.0212 AM
[ReportManager] Initial window size: (800, 600) @26-10-2021 01:51:53.0217 AM
[ReportManager] Window size after SWD Maximize: (1176, 811) @26-10-2021 01:51:53.0231 AM
[ReportManager] Browser Action [MaximizeWindow] successfully performed. With the following test data [New screen size is now: (1176, 811)]. @26-10-2021 01:51:53.0231 A

################################################################################################################################################
Starting Execution:	[142 out of 143] test cases in the current suite
Test Method:		[testPackage01.Test_dynamicLoading.dynamicLoading_elementIsHidden]
################################################################################################################################################
[ReportManager] Target URL: [https://the-internet.herokuapp.com/dynamic_loading/1] @26-10-2021 01:51:53.0233 AM
[ReportManager] Initial URL: [] @26-10-2021 01:51:53.0272 AM
[ReportManager] Browser Action [NavigateToURL] successfully performed. With the following test data [https://the-internet.herokuapp.com/dynamic_loading/1]. @26-10-2021 01:51:54.0462 AM
[ReportManager] Element Action [Click] successfully performed. With the following test data [Start]. @26-10-2021 01:51:54.0720 AM
[ReportManager] Element Action [GetText] successfully performed. With the following test data [
    Hello World!
  ]. @26-10-2021 01:51:54.0749 A
[ReportManager] Browser Action [CloseCurrentWindow] successfully performed. @26-10-2021 01:51:54.0937 AM
[ReportManager] Successfully created attachment [Browser Action Test Data - CloseCurrentWindow - Actual Value] @26-10-2021 01:51:54.0937 A
[ReportManager] File Action [GetAbsolutePath] successfully performed. With the following test data [Relative Folder Path: "target/downloadedFiles/"]. @26-10-2021 01:51:54.0939 AM
[ReportManager] Attempting to run locally on: [Mac-64], [Safari], Headless Execution. @26-10-2021 01:51:54.0939 AM
[ReportManager] Successfully Opened Safari. @26-10-2021 01:51:55.0750 AM
[ReportManager] Initial window size: (800, 600) @26-10-2021 01:51:55.0761 AM
[ReportManager] Window size after SWD Maximize: (1176, 811) @26-10-2021 01:51:55.0785 AM
[ReportManager] Browser Action [MaximizeWindow] successfully performed. With the following test data [New screen size is now: (1176, 811)]. @26-10-2021 01:51:55.0785 A

################################################################################################################################################
Starting Execution:	[143 out of 143] test cases in the current suite
Test Method:		[testPackage01.Test_dynamicLoading.dynamicLoading_elementIsRendered]
################################################################################################################################################
[ReportManager] Target URL: [https://the-internet.herokuapp.com/dynamic_loading/2] @26-10-2021 01:51:55.0789 AM
[ReportManager] Initial URL: [] @26-10-2021 01:51:55.0859 AM
[ReportManager] Browser Action [NavigateToURL] successfully performed. With the following test data [https://the-internet.herokuapp.com/dynamic_loading/2]. @26-10-2021 01:51:57.0197 AM
[ReportManager] Element Action [Click] successfully performed. With the following test data [Start]. @26-10-2021 01:51:57.0469 A
[ReportManager] Browser Action [CloseCurrentWindow] successfully performed. @26-10-2021 01:51:57.0809 AM
[ReportManager] Successfully created attachment [Browser Action Test Data - CloseCurrentWindow - Actual Value] @26-10-2021 01:51:57.0809 A

################################################################################################################################################
Test Closure Activities
################################################################################################################################################
[ReportManager] Successfully created attachment [SHAFT Engine Logs - Execution log] @26-10-2021 01:51:57.0842 AM

################################################################################################################################################
This test run was powered by SHAFT Engine Version: [SHAFT Engine v5.4.20211025-BETA]
SHAFT Engine is licensed under the MIT License: [https://github.com/MohabMohie/SHAFT_ENGINE/blob/master/LICENSE].
################################################################################################################################################