################################################################################################################################################
Detected SHAFT Engine Version: [SHAFT Engine v6.1.20220113]
################################################################################################################################################
[ReportManager] File Action [GetAbsolutePath] successfully performed. With the following test data [Relative Folder Path: "target/downloadedFiles/"]. @22-02-2022 01:53:20.0327 AM
[ReportManager] Attempting to run locally on: [Mac-64], [Safari], Headless Execution. @22-02-2022 01:53:20.0356 AM
[ReportManager] Successfully Opened Safari. @22-02-2022 01:53:28.0575 AM
[ReportManager] Initial window size: (800, 600) @22-02-2022 01:53:28.0598 AM
[ReportManager] Window size after SWD Maximize: (1176, 802) @22-02-2022 01:53:28.0637 AM
[ReportManager] Browser Action [MaximizeWindow] successfully performed. With the following test data [New screen size is now: (1176, 802)]. @22-02-2022 01:53:28.0645 A

################################################################################################################################################
Starting Execution:	[1 out of 165] test cases in the current suite
Test Method:		[unitTests.tests_element_elementActions.waitForElementToBePresent_false_expectedToFail]
################################################################################################################################################
[ReportManager] Target URL: [https://www.google.com/ncr], and after redirection: [www.google.com] @22-02-2022 01:53:28.0876 AM
[ReportManager] Initial URL: [] @22-02-2022 01:53:28.0953 AM
[ReportManager] Browser Action [NavigateToURL] successfully performed. With the following test data [https://www.google.com/ncr]. @22-02-2022 01:53:31.0018 AM
[ReportManager] Waiting for element to be present; elementLocator [By.xpath: //*[@id='hplogo' or @alt='Google']], numberOfTries[1], stateOfPresence[false]... @22-02-2022 01:53:31.0028 AM
[ReportManager] Element Action [WaitForElementToBePresent] failed. With the following test data [waited for the element's state of presence to be (false). Element locator (By.xpath: //*[@id='hplogo' or @alt='Google'])]. @22-02-2022 01:53:34.0210 AM
[ReportManager] Successfully created attachment [Screenshot - 1645494811165_waitForElementToBePresent_false_expectedToFail_WaitForElementToBePresent_failed] @22-02-2022 01:53:34.0226 A
[ReportManager] Browser Action [CloseCurrentWindow] successfully performed. @22-02-2022 01:53:34.0403 AM
[ReportManager] Successfully created attachment [Browser Action Test Data - CloseCurrentWindow - Actual Value] @22-02-2022 01:53:34.0405 A
[ReportManager] File Action [GetAbsolutePath] successfully performed. With the following test data [Relative Folder Path: "target/downloadedFiles/"]. @22-02-2022 01:53:34.0421 AM
[ReportManager] Attempting to run locally on: [Mac-64], [Safari], Headless Execution. @22-02-2022 01:53:34.0421 AM
[ReportManager] Successfully Opened Safari. @22-02-2022 01:53:35.0357 AM
[ReportManager] Initial window size: (800, 600) @22-02-2022 01:53:35.0364 AM
[ReportManager] Window size after SWD Maximize: (1176, 803) @22-02-2022 01:53:35.0429 AM
[ReportManager] Browser Action [MaximizeWindow] successfully performed. With the following test data [New screen size is now: (1176, 803)]. @22-02-2022 01:53:35.0430 A

################################################################################################################################################
Starting Execution:	[2 out of 165] test cases in the current suite
Test Method:		[unitTests.tests_element_elementActions.waitForElementToBePresent_false_expectedToPass]
################################################################################################################################################
[ReportManager] Target URL: [https://www.google.com/ncr], and after redirection: [www.google.com] @22-02-2022 01:53:35.0435 AM
[ReportManager] Initial URL: [] @22-02-2022 01:53:35.0475 AM
[ReportManager] Browser Action [NavigateToURL] successfully performed. With the following test data [https://www.google.com/ncr]. @22-02-2022 01:53:36.0884 AM
[ReportManager] Waiting for element to be present; elementLocator [By.id: bla], numberOfTries[1], stateOfPresence[false]... @22-02-2022 01:53:36.0886 AM
[ReportManager] org.openqa.selenium.TimeoutException:
Expected condition failed: waiting for com.shaft.gui.element.ElementActionsHelper$$Lambda$642/0x000000080114ace8@729de0e1 (tried for 5 second(s) with 1000 milliseconds interval)
org.openqa.selenium.support.ui.FluentWait.timeoutException(FluentWait.java:263)
org.openqa.selenium.support.ui.FluentWait.until(FluentWait.java:231)
com.shaft.gui.element.ElementActionsHelper.waitForElementPresence(ElementActionsHelper.java:89)
com.shaft.gui.element.ElementActionsHelper.waitForElementPresence(ElementActionsHelper.java:37)
com.shaft.gui.element.WebDriverElementActions.getMatchingElementsCount(WebDriverElementActions.java:1481)
com.shaft.gui.element.WebDriverElementActions.waitForElementToBePresent(WebDriverElementActions.java:1295)
com.shaft.gui.element.ElementActions.waitForElementToBePresent(ElementActions.java:630)
unitTests.tests_element_elementActions.waitForElementToBePresent_false_expectedToPass(tests_element_elementActions.java:48)
java.base/jdk.internal.reflect.NativeMethodAccessorImpl.invoke0(Native Method)
java.base/jdk.internal.reflect.NativeMethodAccessorImpl.invoke(NativeMethodAccessorImpl.java:77)
java.base/jdk.internal.reflect.DelegatingMethodAccessorImpl.invoke(DelegatingMethodAccessorImpl.java:43)
java.base/java.lang.reflect.Method.invoke(Method.java:568)
org.testng.internal.invokers.MethodInvocationHelper.invokeMethod(MethodInvocationHelper.java:135)
org.testng.internal.invokers.TestInvoker.invokeMethod(TestInvoker.java:673)
org.testng.internal.invokers.TestInvoker.invokeTestMethod(TestInvoker.java:220)
org.testng.internal.invokers.MethodRunner.runInSequence(MethodRunner.java:50)
org.testng.internal.invokers.TestInvoker$MethodInvocationAgent.invoke(TestInvoker.java:945)
org.testng.internal.invokers.TestInvoker.invokeTestMethods(TestInvoker.java:193)
org.testng.internal.invokers.TestMethodWorker.invokeTestMethods(TestMethodWorker.java:146)
org.testng.internal.invokers.TestMethodWorker.run(TestMethodWorker.java:128)
java.base/java.util.ArrayList.forEach(ArrayList.java:1511)
org.testng.TestRunner.privateRun(TestRunner.java:808)
org.testng.TestRunner.run(TestRunner.java:603)
org.testng.SuiteRunner.runTest(SuiteRunner.java:429)
org.testng.SuiteRunner.runSequentially(SuiteRunner.java:423)
org.testng.SuiteRunner.privateRun(SuiteRunner.java:383)
org.testng.SuiteRunner.run(SuiteRunner.java:326)
org.testng.SuiteRunnerWorker.runSuite(SuiteRunnerWorker.java:52)
org.testng.SuiteRunnerWorker.run(SuiteRunnerWorker.java:95)
org.testng.TestNG.runSuitesSequentially(TestNG.java:1249)
org.testng.TestNG.runSuitesLocally(TestNG.java:1169)
org.testng.TestNG.runSuites(TestNG.java:1092)
org.testng.TestNG.run(TestNG.java:1060)
org.apache.maven.surefire.testng.TestNGExecutor.run(TestNGExecutor.java:136)
org.apache.maven.surefire.testng.TestNGDirectoryTestSuite.executeMulti(TestNGDirectoryTestSuite.java:193)
org.apache.maven.surefire.testng.TestNGDirectoryTestSuite.execute(TestNGDirectoryTestSuite.java:94)
org.apache.maven.surefire.testng.TestNGProvider.invoke(TestNGProvider.java:145)
org.apache.maven.surefire.booter.ForkedBooter.runSuitesInProcess(ForkedBooter.java:428)
org.apache.maven.surefire.booter.ForkedBooter.execute(ForkedBooter.java:162)
org.apache.maven.surefire.booter.ForkedBooter.run(ForkedBooter.java:562)
org.apache.maven.surefire.booter.ForkedBooter.main(ForkedBooter.java:548)

Caused by: org.openqa.selenium.NoSuchElementException:
For documentation on this error, please visit: https://selenium.dev/exceptions/#no_such_element
Build info: version: '4.1.2', revision: '9a5a329c5a'
System info: host: 'Mac-1645493128580.local', ip: '10.79.2.111', os.name: 'Mac OS X', os.arch: 'x86_64', os.version: '11.6.3', java.version: '17.0.2'
Driver info: org.openqa.selenium.safari.SafariDriver
Command: [B3CB25E5-A048-4DE7-B845-F1AA66FDD911, findElement {using=id, value=bla}]
Capabilities {acceptInsecureCerts: false, browserName: Safari, browserVersion: 15.3, goog:loggingPrefs: {browser: ALL, client: ALL, driver: ALL, performance: ALL, profiler: ALL, server: ALL}, javascriptEnabled: true, pageLoadStrategy: normal, platform: MAC, platformName: MAC, safari:automaticInspection: false, safari:automaticProfiling: false, safari:diagnose: false, safari:platformBuildVersion: 20G415, safari:platformVersion: 11.6.3, safari:useSimulator: false, setWindowRect: true, strictFileInteractability: false, timeouts: {pageLoad: 30000, script: 30000}, webkit:WebRTC: {DisableICECandidateFiltering: false, DisableInsecureMediaCapture: false}}
Session ID: B3CB25E5-A048-4DE7-B845-F1AA66FDD911
java.base/jdk.internal.reflect.NativeConstructorAccessorImpl.newInstance0(Native Method)
java.base/jdk.internal.reflect.NativeConstructorAccessorImpl.newInstance(NativeConstructorAccessorImpl.java:77)
java.base/jdk.internal.reflect.DelegatingConstructorAccessorImpl.newInstance(DelegatingConstructorAccessorImpl.java:45)
java.base/java.lang.reflect.Constructor.newInstanceWithCaller(Constructor.java:499)
java.base/java.lang.reflect.Constructor.newInstance(Constructor.java:480)
org.openqa.selenium.remote.codec.w3c.W3CHttpResponseCodec.createException(W3CHttpResponseCodec.java:200)
org.openqa.selenium.remote.codec.w3c.W3CHttpResponseCodec.decode(W3CHttpResponseCodec.java:133)
org.openqa.selenium.remote.codec.w3c.W3CHttpResponseCodec.decode(W3CHttpResponseCodec.java:53)
org.openqa.selenium.remote.HttpCommandExecutor.execute(HttpCommandExecutor.java:184)
org.openqa.selenium.remote.service.DriverCommandExecutor.invokeExecute(DriverCommandExecutor.java:167)
org.openqa.selenium.remote.service.DriverCommandExecutor.execute(DriverCommandExecutor.java:142)
org.openqa.selenium.remote.RemoteWebDriver.execute(RemoteWebDriver.java:558)
org.openqa.selenium.remote.ElementLocation$ElementFinder$2.findElement(ElementLocation.java:162)
org.openqa.selenium.remote.ElementLocation.findElement(ElementLocation.java:60)
org.openqa.selenium.remote.RemoteWebDriver.findElement(RemoteWebDriver.java:382)
org.openqa.selenium.remote.RemoteWebDriver.findElement(RemoteWebDriver.java:374)
com.shaft.gui.element.ElementActionsHelper.lambda$waitForElementPresence$0(ElementActionsHelper.java:92)
org.openqa.selenium.support.ui.FluentWait.until(FluentWait.java:208)
com.shaft.gui.element.ElementActionsHelper.waitForElementPresence(ElementActionsHelper.java:89)
com.shaft.gui.element.ElementActionsHelper.waitForElementPresence(ElementActionsHelper.java:37)
com.shaft.gui.element.WebDriverElementActions.getMatchingElementsCount(WebDriverElementActions.java:1481)
com.shaft.gui.element.WebDriverElementActions.waitForElementToBePresent(WebDriverElementActions.java:1295)
com.shaft.gui.element.ElementActions.waitForElementToBePresent(ElementActions.java:630)
unitTests.tests_element_elementActions.waitForElementToBePresent_false_expectedToPass(tests_element_elementActions.java:48)
java.base/jdk.internal.reflect.NativeMethodAccessorImpl.invoke0(Native Method)
java.base/jdk.internal.reflect.NativeMethodAccessorImpl.invoke(NativeMethodAccessorImpl.java:77)
java.base/jdk.internal.reflect.DelegatingMethodAccessorImpl.invoke(DelegatingMethodAccessorImpl.java:43)
java.base/java.lang.reflect.Method.invoke(Method.java:568)
org.testng.internal.invokers.MethodInvocationHelper.invokeMethod(MethodInvocationHelper.java:135)
org.testng.internal.invokers.TestInvoker.invokeMethod(TestInvoker.java:673)
org.testng.internal.invokers.TestInvoker.invokeTestMethod(TestInvoker.java:220)
org.testng.internal.invokers.MethodRunner.runInSequence(MethodRunner.java:50)
org.testng.internal.invokers.TestInvoker$MethodInvocationAgent.invoke(TestInvoker.java:945)
org.testng.internal.invokers.TestInvoker.invokeTestMethods(TestInvoker.java:193)
org.testng.internal.invokers.TestMethodWorker.invokeTestMethods(TestMethodWorker.java:146)
org.testng.internal.invokers.TestMethodWorker.run(TestMethodWorker.java:128)
java.base/java.util.ArrayList.forEach(ArrayList.java:1511)
org.testng.TestRunner.privateRun(TestRunner.java:808)
org.testng.TestRunner.run(TestRunner.java:603)
org.testng.SuiteRunner.runTest(SuiteRunner.java:429)
org.testng.SuiteRunner.runSequentially(SuiteRunner.java:423)
org.testng.SuiteRunner.privateRun(SuiteRunner.java:383)
org.testng.SuiteRunner.run(SuiteRunner.java:326)
org.testng.SuiteRunnerWorker.runSuite(SuiteRunnerWorker.java:52)
org.testng.SuiteRunnerWorker.run(SuiteRunnerWorker.java:95)
org.testng.TestNG.runSuitesSequentially(TestNG.java:1249)
org.testng.TestNG.runSuitesLocally(TestNG.java:1169)
org.testng.TestNG.runSuites(TestNG.java:1092)
org.testng.TestNG.run(TestNG.java:1060)
org.apache.maven.surefire.testng.TestNGExecutor.run(TestNGExecutor.java:136)
org.apache.maven.surefire.testng.TestNGDirectoryTestSuite.executeMulti(TestNGDirectoryTestSuite.java:193)
org.apache.maven.surefire.testng.TestNGDirectoryTestSuite.execute(TestNGDirectoryTestSuite.java:94)
org.apache.maven.surefire.testng.TestNGProvider.invoke(TestNGProvider.java:145)
org.apache.maven.surefire.booter.ForkedBooter.runSuitesInProcess(ForkedBooter.java:428)
org.apache.maven.surefire.booter.ForkedBooter.execute(ForkedBooter.java:162)
org.apache.maven.surefire.booter.ForkedBooter.run(ForkedBooter.java:562)
org.apache.maven.surefire.booter.ForkedBooter.main(ForkedBooter.java:548) @22-02-2022 01:53:42.0420 AM
[ReportManager] Element Action [WaitForElementToBePresent] successfully performed. With the following test data [waited for the element's state of presence to be (false). Element locator (By.id: bla)]. @22-02-2022 01:53:42.0422 A
[ReportManager] Browser Action [CloseCurrentWindow] successfully performed. @22-02-2022 01:53:42.0828 AM
[ReportManager] Successfully created attachment [Browser Action Test Data - CloseCurrentWindow - Actual Value] @22-02-2022 01:53:42.0829 A
[ReportManager] File Action [GetAbsolutePath] successfully performed. With the following test data [Relative Folder Path: "target/downloadedFiles/"]. @22-02-2022 01:53:42.0835 AM
[ReportManager] Attempting to run locally on: [Mac-64], [Safari], Headless Execution. @22-02-2022 01:53:42.0836 AM
[ReportManager] Successfully Opened Safari. @22-02-2022 01:53:43.0684 AM
[ReportManager] Initial window size: (800, 600) @22-02-2022 01:53:43.0705 AM
[ReportManager] Window size after SWD Maximize: (1176, 803) @22-02-2022 01:53:43.0726 AM
[ReportManager] Browser Action [MaximizeWindow] successfully performed. With the following test data [New screen size is now: (1176, 803)]. @22-02-2022 01:53:43.0727 A

################################################################################################################################################
Starting Execution:	[3 out of 165] test cases in the current suite
Test Method:		[unitTests.tests_element_elementActions.waitForElementToBePresent_moreThanOneElement_expectedToFail]
################################################################################################################################################
[ReportManager] Target URL: [https://www.google.com/ncr], and after redirection: [www.google.com] @22-02-2022 01:53:43.0777 AM
[ReportManager] Initial URL: [] @22-02-2022 01:53:43.0817 AM
[ReportManager] Browser Action [NavigateToURL] successfully performed. With the following test data [https://www.google.com/ncr]. @22-02-2022 01:53:45.0109 AM
[ReportManager] Waiting for element to be present; elementLocator [By.xpath: //*], numberOfTries[1], stateOfPresence[false]... @22-02-2022 01:53:45.0109 AM
[ReportManager] Element Action [WaitForElementToBePresent] failed. With the following test data [waited for the element's state of presence to be (false). Element locator (By.xpath: //*)]. @22-02-2022 01:53:45.0293 AM
[ReportManager] Successfully created attachment [Screenshot - 1645494825183_waitForElementToBePresent_moreThanOneElement_expectedToFail_WaitForElementToBePresent_failed] @22-02-2022 01:53:45.0298 A
[ReportManager] Browser Action [CloseCurrentWindow] successfully performed. @22-02-2022 01:53:45.0747 AM
[ReportManager] Successfully created attachment [Browser Action Test Data - CloseCurrentWindow - Actual Value] @22-02-2022 01:53:45.0748 A
[ReportManager] File Action [GetAbsolutePath] successfully performed. With the following test data [Relative Folder Path: "target/downloadedFiles/"]. @22-02-2022 01:53:45.0755 AM
[ReportManager] Attempting to run locally on: [Mac-64], [Safari], Headless Execution. @22-02-2022 01:53:45.0755 AM
[ReportManager] Successfully Opened Safari. @22-02-2022 01:53:46.0651 AM
[ReportManager] Initial window size: (800, 600) @22-02-2022 01:53:46.0660 AM
[ReportManager] Window size after SWD Maximize: (1176, 803) @22-02-2022 01:53:46.0679 AM
[ReportManager] Browser Action [MaximizeWindow] successfully performed. With the following test data [New screen size is now: (1176, 803)]. @22-02-2022 01:53:46.0680 A

################################################################################################################################################
Starting Execution:	[4 out of 165] test cases in the current suite
Test Method:		[unitTests.tests_element_elementActions.waitForElementToBePresent_true_expectedToFail]
################################################################################################################################################
[ReportManager] Target URL: [https://www.google.com/ncr], and after redirection: [www.google.com] @22-02-2022 01:53:46.0683 AM
[ReportManager] Initial URL: [] @22-02-2022 01:53:46.0753 AM
[ReportManager] Browser Action [NavigateToURL] successfully performed. With the following test data [https://www.google.com/ncr]. @22-02-2022 01:53:48.0205 AM
[ReportManager] Waiting for element to be present; elementLocator [By.id: bla], numberOfTries[1], stateOfPresence[true]... @22-02-2022 01:53:48.0206 AM
[ReportManager] org.openqa.selenium.TimeoutException:
Expected condition failed: waiting for com.shaft.gui.element.ElementActionsHelper$$Lambda$642/0x000000080114ace8@2c1b10f2 (tried for 5 second(s) with 1000 milliseconds interval)
org.openqa.selenium.support.ui.FluentWait.timeoutException(FluentWait.java:263)
org.openqa.selenium.support.ui.FluentWait.until(FluentWait.java:231)
com.shaft.gui.element.ElementActionsHelper.waitForElementPresence(ElementActionsHelper.java:89)
com.shaft.gui.element.ElementActionsHelper.waitForElementPresence(ElementActionsHelper.java:37)
com.shaft.gui.element.WebDriverElementActions.getMatchingElementsCount(WebDriverElementActions.java:1481)
com.shaft.gui.element.WebDriverElementActions.waitForElementToBePresent(WebDriverElementActions.java:1295)
com.shaft.gui.element.ElementActions.waitForElementToBePresent(ElementActions.java:630)
unitTests.tests_element_elementActions.waitForElementToBePresent_true_expectedToFail(tests_element_elementActions.java:39)
java.base/jdk.internal.reflect.NativeMethodAccessorImpl.invoke0(Native Method)
java.base/jdk.internal.reflect.NativeMethodAccessorImpl.invoke(NativeMethodAccessorImpl.java:77)
java.base/jdk.internal.reflect.DelegatingMethodAccessorImpl.invoke(DelegatingMethodAccessorImpl.java:43)
java.base/java.lang.reflect.Method.invoke(Method.java:568)
org.testng.internal.invokers.MethodInvocationHelper.invokeMethod(MethodInvocationHelper.java:135)
org.testng.internal.invokers.TestInvoker.invokeMethod(TestInvoker.java:673)
org.testng.internal.invokers.TestInvoker.invokeTestMethod(TestInvoker.java:220)
org.testng.internal.invokers.MethodRunner.runInSequence(MethodRunner.java:50)
org.testng.internal.invokers.TestInvoker$MethodInvocationAgent.invoke(TestInvoker.java:945)
org.testng.internal.invokers.TestInvoker.invokeTestMethods(TestInvoker.java:193)
org.testng.internal.invokers.TestMethodWorker.invokeTestMethods(TestMethodWorker.java:146)
org.testng.internal.invokers.TestMethodWorker.run(TestMethodWorker.java:128)
java.base/java.util.ArrayList.forEach(ArrayList.java:1511)
org.testng.TestRunner.privateRun(TestRunner.java:808)
org.testng.TestRunner.run(TestRunner.java:603)
org.testng.SuiteRunner.runTest(SuiteRunner.java:429)
org.testng.SuiteRunner.runSequentially(SuiteRunner.java:423)
org.testng.SuiteRunner.privateRun(SuiteRunner.java:383)
org.testng.SuiteRunner.run(SuiteRunner.java:326)
org.testng.SuiteRunnerWorker.runSuite(SuiteRunnerWorker.java:52)
org.testng.SuiteRunnerWorker.run(SuiteRunnerWorker.java:95)
org.testng.TestNG.runSuitesSequentially(TestNG.java:1249)
org.testng.TestNG.runSuitesLocally(TestNG.java:1169)
org.testng.TestNG.runSuites(TestNG.java:1092)
org.testng.TestNG.run(TestNG.java:1060)
org.apache.maven.surefire.testng.TestNGExecutor.run(TestNGExecutor.java:136)
org.apache.maven.surefire.testng.TestNGDirectoryTestSuite.executeMulti(TestNGDirectoryTestSuite.java:193)
org.apache.maven.surefire.testng.TestNGDirectoryTestSuite.execute(TestNGDirectoryTestSuite.java:94)
org.apache.maven.surefire.testng.TestNGProvider.invoke(TestNGProvider.java:145)
org.apache.maven.surefire.booter.ForkedBooter.runSuitesInProcess(ForkedBooter.java:428)
org.apache.maven.surefire.booter.ForkedBooter.execute(ForkedBooter.java:162)
org.apache.maven.surefire.booter.ForkedBooter.run(ForkedBooter.java:562)
org.apache.maven.surefire.booter.ForkedBooter.main(ForkedBooter.java:548)

Caused by: org.openqa.selenium.NoSuchElementException:
For documentation on this error, please visit: https://selenium.dev/exceptions/#no_such_element
Build info: version: '4.1.2', revision: '9a5a329c5a'
System info: host: 'Mac-1645493128580.local', ip: '10.79.2.111', os.name: 'Mac OS X', os.arch: 'x86_64', os.version: '11.6.3', java.version: '17.0.2'
Driver info: org.openqa.selenium.safari.SafariDriver
Command: [4A392ABE-1A8C-4F87-8055-B265594C0248, findElement {using=id, value=bla}]
Capabilities {acceptInsecureCerts: false, browserName: Safari, browserVersion: 15.3, goog:loggingPrefs: {browser: ALL, client: ALL, driver: ALL, performance: ALL, profiler: ALL, server: ALL}, javascriptEnabled: true, pageLoadStrategy: normal, platform: MAC, platformName: MAC, safari:automaticInspection: false, safari:automaticProfiling: false, safari:diagnose: false, safari:platformBuildVersion: 20G415, safari:platformVersion: 11.6.3, safari:useSimulator: false, setWindowRect: true, strictFileInteractability: false, timeouts: {pageLoad: 30000, script: 30000}, webkit:WebRTC: {DisableICECandidateFiltering: false, DisableInsecureMediaCapture: false}}
Session ID: 4A392ABE-1A8C-4F87-8055-B265594C0248
java.base/jdk.internal.reflect.NativeConstructorAccessorImpl.newInstance0(Native Method)
java.base/jdk.internal.reflect.NativeConstructorAccessorImpl.newInstance(NativeConstructorAccessorImpl.java:77)
java.base/jdk.internal.reflect.DelegatingConstructorAccessorImpl.newInstance(DelegatingConstructorAccessorImpl.java:45)
java.base/java.lang.reflect.Constructor.newInstanceWithCaller(Constructor.java:499)
java.base/java.lang.reflect.Constructor.newInstance(Constructor.java:480)
org.openqa.selenium.remote.codec.w3c.W3CHttpResponseCodec.createException(W3CHttpResponseCodec.java:200)
org.openqa.selenium.remote.codec.w3c.W3CHttpResponseCodec.decode(W3CHttpResponseCodec.java:133)
org.openqa.selenium.remote.codec.w3c.W3CHttpResponseCodec.decode(W3CHttpResponseCodec.java:53)
org.openqa.selenium.remote.HttpCommandExecutor.execute(HttpCommandExecutor.java:184)
org.openqa.selenium.remote.service.DriverCommandExecutor.invokeExecute(DriverCommandExecutor.java:167)
org.openqa.selenium.remote.service.DriverCommandExecutor.execute(DriverCommandExecutor.java:142)
org.openqa.selenium.remote.RemoteWebDriver.execute(RemoteWebDriver.java:558)
org.openqa.selenium.remote.ElementLocation$ElementFinder$2.findElement(ElementLocation.java:162)
org.openqa.selenium.remote.ElementLocation.findElement(ElementLocation.java:60)
org.openqa.selenium.remote.RemoteWebDriver.findElement(RemoteWebDriver.java:382)
org.openqa.selenium.remote.RemoteWebDriver.findElement(RemoteWebDriver.java:374)
com.shaft.gui.element.ElementActionsHelper.lambda$waitForElementPresence$0(ElementActionsHelper.java:92)
org.openqa.selenium.support.ui.FluentWait.until(FluentWait.java:208)
com.shaft.gui.element.ElementActionsHelper.waitForElementPresence(ElementActionsHelper.java:89)
com.shaft.gui.element.ElementActionsHelper.waitForElementPresence(ElementActionsHelper.java:37)
com.shaft.gui.element.WebDriverElementActions.getMatchingElementsCount(WebDriverElementActions.java:1481)
com.shaft.gui.element.WebDriverElementActions.waitForElementToBePresent(WebDriverElementActions.java:1295)
com.shaft.gui.element.ElementActions.waitForElementToBePresent(ElementActions.java:630)
unitTests.tests_element_elementActions.waitForElementToBePresent_true_expectedToFail(tests_element_elementActions.java:39)
java.base/jdk.internal.reflect.NativeMethodAccessorImpl.invoke0(Native Method)
java.base/jdk.internal.reflect.NativeMethodAccessorImpl.invoke(NativeMethodAccessorImpl.java:77)
java.base/jdk.internal.reflect.DelegatingMethodAccessorImpl.invoke(DelegatingMethodAccessorImpl.java:43)
java.base/java.lang.reflect.Method.invoke(Method.java:568)
org.testng.internal.invokers.MethodInvocationHelper.invokeMethod(MethodInvocationHelper.java:135)
org.testng.internal.invokers.TestInvoker.invokeMethod(TestInvoker.java:673)
org.testng.internal.invokers.TestInvoker.invokeTestMethod(TestInvoker.java:220)
org.testng.internal.invokers.MethodRunner.runInSequence(MethodRunner.java:50)
org.testng.internal.invokers.TestInvoker$MethodInvocationAgent.invoke(TestInvoker.java:945)
org.testng.internal.invokers.TestInvoker.invokeTestMethods(TestInvoker.java:193)
org.testng.internal.invokers.TestMethodWorker.invokeTestMethods(TestMethodWorker.java:146)
org.testng.internal.invokers.TestMethodWorker.run(TestMethodWorker.java:128)
java.base/java.util.ArrayList.forEach(ArrayList.java:1511)
org.testng.TestRunner.privateRun(TestRunner.java:808)
org.testng.TestRunner.run(TestRunner.java:603)
org.testng.SuiteRunner.runTest(SuiteRunner.java:429)
org.testng.SuiteRunner.runSequentially(SuiteRunner.java:423)
org.testng.SuiteRunner.privateRun(SuiteRunner.java:383)
org.testng.SuiteRunner.run(SuiteRunner.java:326)
org.testng.SuiteRunnerWorker.runSuite(SuiteRunnerWorker.java:52)
org.testng.SuiteRunnerWorker.run(SuiteRunnerWorker.java:95)
org.testng.TestNG.runSuitesSequentially(TestNG.java:1249)
org.testng.TestNG.runSuitesLocally(TestNG.java:1169)
org.testng.TestNG.runSuites(TestNG.java:1092)
org.testng.TestNG.run(TestNG.java:1060)
org.apache.maven.surefire.testng.TestNGExecutor.run(TestNGExecutor.java:136)
org.apache.maven.surefire.testng.TestNGDirectoryTestSuite.executeMulti(TestNGDirectoryTestSuite.java:193)
org.apache.maven.surefire.testng.TestNGDirectoryTestSuite.execute(TestNGDirectoryTestSuite.java:94)
org.apache.maven.surefire.testng.TestNGProvider.invoke(TestNGProvider.java:145)
org.apache.maven.surefire.booter.ForkedBooter.runSuitesInProcess(ForkedBooter.java:428)
org.apache.maven.surefire.booter.ForkedBooter.execute(ForkedBooter.java:162)
org.apache.maven.surefire.booter.ForkedBooter.run(ForkedBooter.java:562)
org.apache.maven.surefire.booter.ForkedBooter.main(ForkedBooter.java:548) @22-02-2022 01:53:53.0805 AM
[ReportManager] Element Action [WaitForElementToBePresent] failed. With the following test data [waited for the element's state of presence to be (true). Element locator (By.id: bla)]. @22-02-2022 01:53:53.0925 AM
[ReportManager] Successfully created attachment [Screenshot - 1645494833839_waitForElementToBePresent_true_expectedToFail_WaitForElementToBePresent_failed] @22-02-2022 01:53:53.0930 A
[ReportManager] Browser Action [CloseCurrentWindow] successfully performed. @22-02-2022 01:53:54.0223 AM
[ReportManager] Successfully created attachment [Browser Action Test Data - CloseCurrentWindow - Actual Value] @22-02-2022 01:53:54.0224 A
[ReportManager] File Action [GetAbsolutePath] successfully performed. With the following test data [Relative Folder Path: "target/downloadedFiles/"]. @22-02-2022 01:53:54.0229 AM
[ReportManager] Attempting to run locally on: [Mac-64], [Safari], Headless Execution. @22-02-2022 01:53:54.0230 AM
[ReportManager] Successfully Opened Safari. @22-02-2022 01:53:55.0112 AM
[ReportManager] Initial window size: (800, 600) @22-02-2022 01:53:55.0139 AM
[ReportManager] Window size after SWD Maximize: (1176, 803) @22-02-2022 01:53:55.0198 AM
[ReportManager] Browser Action [MaximizeWindow] successfully performed. With the following test data [New screen size is now: (1176, 803)]. @22-02-2022 01:53:55.0199 A

################################################################################################################################################
Starting Execution:	[5 out of 165] test cases in the current suite
Test Method:		[unitTests.tests_element_elementActions.waitForElementToBePresent_true_expectedToPass]
################################################################################################################################################
[ReportManager] Target URL: [https://www.google.com/ncr], and after redirection: [www.google.com] @22-02-2022 01:53:55.0204 AM
[ReportManager] Initial URL: [] @22-02-2022 01:53:55.0255 AM
[ReportManager] Browser Action [NavigateToURL] successfully performed. With the following test data [https://www.google.com/ncr]. @22-02-2022 01:53:56.0803 AM
[ReportManager] Waiting for element to be present; elementLocator [By.xpath: //*[@id='hplogo' or @alt='Google']], numberOfTries[1], stateOfPresence[true]... @22-02-2022 01:53:56.0803 AM
[ReportManager] Element Action [WaitForElementToBePresent] successfully performed. With the following test data [waited for the element's state of presence to be (true). Element locator (By.xpath: //*[@id='hplogo' or @alt='Google'])]. @22-02-2022 01:53:56.0838 AM
[ReportManager] File Action [DoesFileExist] successfully performed. With the following test data [File Path: "src/main/resources/dynamicObjectRepository/unitTests_tests_element_elementActions_waitForElementToBePresent_true_expectedToPass_By_xpath_id_hplogo_or_alt_Google.png"]. @22-02-2022 01:53:56.0847 AM
[ReportManager] File Action [DoesFileExist] successfully performed. With the following test data [File Path: "src/main/resources/dynamicObjectRepository/unitTests_tests_element_elementActions_waitForElementToBePresent_true_expectedToPass_By_xpath_id_hplogo_or_alt_Google.png"]. @22-02-2022 01:53:56.0936 AM
[ReportManager] Passing the test and saving a reference image @22-02-2022 01:53:56.0936 AM
[ReportManager] File Action [GetAbsolutePath] successfully performed. With the following test data [Relative File Path: "src/main/resources/dynamicObjectRepository/unitTests_tests_element_elementActions_waitForElementToBePresent_true_expectedToPass_By_xpath_id_hplogo_or_alt_Google.png"]. @22-02-2022 01:53:56.0936 AM
[ReportManager] File Action [WriteToFile] successfully performed. With the following test data [Target File Path: "/Users/runner/work/SHAFT_ENGINE/SHAFT_ENGINE/src/main/resources/dynamicObjectRepository/unitTests_tests_element_elementActions_waitForElementToBePresent_true_expectedToPass_By_xpath_id_hplogo_or_alt_Google.png"]. @22-02-2022 01:53:56.0939 AM
[ReportManager] Assertion Passed: Using Visual AI; OpenCV @22-02-2022 01:53:56.0941 AM
[ReportManager] Successfully created attachment [Validation Test Data - Actual Screenshot] @22-02-2022 01:53:56.0942 AM
[ReportManager] Assertion [ValidateElementMatches] PASSED. Expected [Element should match the reference screenshot] and Actual [TRUE]. Comparison Type [EXACT_OPENCV]. Validation Type [POSITIVE]. @22-02-2022 01:53:56.0942 A
[ReportManager] Browser Action [CloseCurrentWindow] successfully performed. @22-02-2022 01:53:57.0330 AM
[ReportManager] Successfully created attachment [Browser Action Test Data - CloseCurrentWindow - Actual Value] @22-02-2022 01:53:57.0331 A
[ReportManager] File Action [GetAbsolutePath] successfully performed. With the following test data [Relative Folder Path: "target/downloadedFiles/"]. @22-02-2022 01:53:57.0335 AM
[ReportManager] Attempting to run locally on: [Mac-64], [Safari], Headless Execution. @22-02-2022 01:53:57.0336 AM
[ReportManager] Successfully Opened Safari. @22-02-2022 01:53:58.0233 AM
[ReportManager] Initial window size: (800, 600) @22-02-2022 01:53:58.0265 AM
[ReportManager] Window size after SWD Maximize: (1176, 803) @22-02-2022 01:53:58.0304 AM
[ReportManager] Browser Action [MaximizeWindow] successfully performed. With the following test data [New screen size is now: (1176, 803)]. @22-02-2022 01:53:58.0305 AM
[ReportManager] Target URL: [https://duckduckgo.com] @22-02-2022 01:53:58.0305 AM
[ReportManager] Initial URL: [] @22-02-2022 01:53:58.0372 AM
[ReportManager] Browser Action [NavigateToURL] successfully performed. With the following test data [https://duckduckgo.com]. @22-02-2022 01:53:59.0569 A

################################################################################################################################################
Starting Execution:	[6 out of 165] test cases in the current suite
Test Method:		[unitTests.tests_browserActions.fullScreenWindow]
################################################################################################################################################
[ReportManager] Initial Windows Size: 1176x803 @22-02-2022 01:53:59.0587 AM
[ReportManager] Current Windows Size after fullScreen: 1176x885 @22-02-2022 01:53:59.0897 AM
[ReportManager] Browser Action [FullScreenWindow] successfully performed. @22-02-2022 01:53:59.0947 AM
[ReportManager] Successfully created attachment [Browser Action Test Data - FullScreenWindow - Actual Value] @22-02-2022 01:53:59.0949 A
[ReportManager] Target URL: [https://duckduckgo.com] @22-02-2022 01:53:59.0963 AM
[ReportManager] Initial URL: [https://duckduckgo.com] @22-02-2022 01:54:00.0075 AM
[ReportManager] Browser Action [NavigateToURL] successfully performed. With the following test data [https://duckduckgo.com]. @22-02-2022 01:54:00.0818 AM
[ReportManager] Browser Action [CloseCurrentWindow] successfully performed. @22-02-2022 01:54:01.0111 AM
[ReportManager] Successfully created attachment [Browser Action Test Data - CloseCurrentWindow - Actual Value] @22-02-2022 01:54:01.0115 A
[ReportManager] File Action [GetAbsolutePath] successfully performed. With the following test data [Relative Folder Path: "target/downloadedFiles/"]. @22-02-2022 01:54:01.0120 AM
[ReportManager] Attempting to run locally on: [Mac-64], [Safari], Headless Execution. @22-02-2022 01:54:01.0120 AM
[ReportManager] Successfully Opened Safari. @22-02-2022 01:54:02.0044 AM
[ReportManager] Initial window size: (800, 600) @22-02-2022 01:54:02.0056 AM
[ReportManager] Window size after SWD Maximize: (1176, 803) @22-02-2022 01:54:02.0076 AM
[ReportManager] Browser Action [MaximizeWindow] successfully performed. With the following test data [New screen size is now: (1176, 803)]. @22-02-2022 01:54:02.0077 AM
[ReportManager] Target URL: [https://duckduckgo.com] @22-02-2022 01:54:02.0077 AM
[ReportManager] Initial URL: [] @22-02-2022 01:54:02.0143 AM
[ReportManager] Browser Action [NavigateToURL] successfully performed. With the following test data [https://duckduckgo.com]. @22-02-2022 01:54:02.0995 A

################################################################################################################################################
Starting Execution:	[7 out of 165] test cases in the current suite
Test Method:		[unitTests.tests_browserActions.getCurrentURL]
################################################################################################################################################
[ReportManager] Browser Action [GetCurrentURL] successfully performed. With the following test data [https://duckduckgo.com/]. @22-02-2022 01:54:03.0021 A
[ReportManager] Target URL: [https://duckduckgo.com] @22-02-2022 01:54:03.0024 AM
[ReportManager] Initial URL: [https://duckduckgo.com] @22-02-2022 01:54:03.0060 AM
[ReportManager] Browser Action [NavigateToURL] successfully performed. With the following test data [https://duckduckgo.com]. @22-02-2022 01:54:03.0408 AM
[ReportManager] Browser Action [CloseCurrentWindow] successfully performed. @22-02-2022 01:54:03.0771 AM
[ReportManager] Successfully created attachment [Browser Action Test Data - CloseCurrentWindow - Actual Value] @22-02-2022 01:54:03.0772 A
[ReportManager] File Action [GetAbsolutePath] successfully performed. With the following test data [Relative Folder Path: "target/downloadedFiles/"]. @22-02-2022 01:54:03.0775 AM
[ReportManager] Attempting to run locally on: [Mac-64], [Safari], Headless Execution. @22-02-2022 01:54:03.0775 AM
[ReportManager] Successfully Opened Safari. @22-02-2022 01:54:04.0617 AM
[ReportManager] Initial window size: (800, 600) @22-02-2022 01:54:04.0631 AM
[ReportManager] Window size after SWD Maximize: (1176, 803) @22-02-2022 01:54:04.0656 AM
[ReportManager] Browser Action [MaximizeWindow] successfully performed. With the following test data [New screen size is now: (1176, 803)]. @22-02-2022 01:54:04.0656 AM
[ReportManager] Target URL: [https://duckduckgo.com] @22-02-2022 01:54:04.0656 AM
[ReportManager] Initial URL: [] @22-02-2022 01:54:04.0712 AM
[ReportManager] Browser Action [NavigateToURL] successfully performed. With the following test data [https://duckduckgo.com]. @22-02-2022 01:54:05.0437 A

################################################################################################################################################
Starting Execution:	[8 out of 165] test cases in the current suite
Test Method:		[unitTests.tests_browserActions.getCurrentWindowTitle]
################################################################################################################################################
[ReportManager] Browser Action [GetCurrentWindowTitle] successfully performed. With the following test data [DuckDuckGo â€” Privacy, simplified.]. @22-02-2022 01:54:05.0487 A
[ReportManager] Target URL: [https://duckduckgo.com] @22-02-2022 01:54:05.0490 AM
[ReportManager] Initial URL: [https://duckduckgo.com] @22-02-2022 01:54:05.0529 AM
[ReportManager] Browser Action [NavigateToURL] successfully performed. With the following test data [https://duckduckgo.com]. @22-02-2022 01:54:05.0857 AM
[ReportManager] Browser Action [CloseCurrentWindow] successfully performed. @22-02-2022 01:54:06.0274 AM
[ReportManager] Successfully created attachment [Browser Action Test Data - CloseCurrentWindow - Actual Value] @22-02-2022 01:54:06.0275 A
[ReportManager] File Action [GetAbsolutePath] successfully performed. With the following test data [Relative Folder Path: "target/downloadedFiles/"]. @22-02-2022 01:54:06.0284 AM
[ReportManager] Attempting to run locally on: [Mac-64], [Safari], Headless Execution. @22-02-2022 01:54:06.0284 AM
[ReportManager] Successfully Opened Safari. @22-02-2022 01:54:07.0133 AM
[ReportManager] Initial window size: (800, 600) @22-02-2022 01:54:07.0166 AM
[ReportManager] Window size after SWD Maximize: (1176, 803) @22-02-2022 01:54:07.0197 AM
[ReportManager] Browser Action [MaximizeWindow] successfully performed. With the following test data [New screen size is now: (1176, 803)]. @22-02-2022 01:54:07.0197 AM
[ReportManager] Target URL: [https://duckduckgo.com] @22-02-2022 01:54:07.0198 AM
[ReportManager] Initial URL: [] @22-02-2022 01:54:07.0249 AM
[ReportManager] Browser Action [NavigateToURL] successfully performed. With the following test data [https://duckduckgo.com]. @22-02-2022 01:54:08.0078 A

################################################################################################################################################
Starting Execution:	[9 out of 165] test cases in the current suite
Test Method:		[unitTests.tests_browserActions.getPageSource]
################################################################################################################################################
[ReportManager] Browser Action [GetPageSource] successfully performed. @22-02-2022 01:54:08.0113 AM
[ReportManager] Successfully created attachment [Browser Action Test Data - GetPageSource - Actual Value] @22-02-2022 01:54:08.0114 A
[ReportManager] Target URL: [https://duckduckgo.com] @22-02-2022 01:54:08.0117 AM
[ReportManager] Initial URL: [https://duckduckgo.com] @22-02-2022 01:54:08.0162 AM
[ReportManager] Browser Action [NavigateToURL] successfully performed. With the following test data [https://duckduckgo.com]. @22-02-2022 01:54:08.0510 AM
[ReportManager] Browser Action [CloseCurrentWindow] successfully performed. @22-02-2022 01:54:08.0948 AM
[ReportManager] Successfully created attachment [Browser Action Test Data - CloseCurrentWindow - Actual Value] @22-02-2022 01:54:08.0949 A
[ReportManager] File Action [GetAbsolutePath] successfully performed. With the following test data [Relative Folder Path: "target/downloadedFiles/"]. @22-02-2022 01:54:08.0952 AM
[ReportManager] Attempting to run locally on: [Mac-64], [Safari], Headless Execution. @22-02-2022 01:54:08.0952 AM
[ReportManager] An Exception Occured with this Message: Could not start a new session. Possible causes are invalid address of the remote server or browser start-up failure.. @22-02-2022 01:54:08.0965 AM
[ReportManager] Successfully created attachment [Exception Stack Trace - org.openqa.selenium.SessionNotCreatedException] @22-02-2022 01:54:08.0965 AM
[ReportManager] Driver Factory Action [createNewLocalDriverInstanceForSafari] failed. With the following test data [Failed to create a session on DESKTOP_SAFARI]. @22-02-2022 01:54:08.0966 A

################################################################################################################################################
Starting Execution:	[10 out of 165] test cases in the current suite
Test Method:		[unitTests.tests_browserActions.getWindowHandle]
###############################################################################################################################################



################################################################################################################################################
Starting Execution:	[11 out of 165] test cases in the current suite
Test Method:		[unitTests.tests_browserActions.getWindowPosition]
###############################################################################################################################################



################################################################################################################################################
Starting Execution:	[12 out of 165] test cases in the current suite
Test Method:		[unitTests.tests_browserActions.getWindowSize]
###############################################################################################################################################



################################################################################################################################################
Starting Execution:	[13 out of 165] test cases in the current suite
Test Method:		[unitTests.tests_browserActions.maximizeWindow]
###############################################################################################################################################



################################################################################################################################################
Starting Execution:	[14 out of 165] test cases in the current suite
Test Method:		[unitTests.tests_browserActions.navigateBack]
###############################################################################################################################################



################################################################################################################################################
Starting Execution:	[15 out of 165] test cases in the current suite
Test Method:		[unitTests.tests_browserActions.navigateForward]
###############################################################################################################################################



################################################################################################################################################
Starting Execution:	[16 out of 165] test cases in the current suite
Test Method:		[unitTests.tests_browserActions.navigateToURL]
###############################################################################################################################################



################################################################################################################################################
Starting Execution:	[17 out of 165] test cases in the current suite
Test Method:		[unitTests.tests_browserActions.navigateToURLWithRedirection]
###############################################################################################################################################



################################################################################################################################################
Starting Execution:	[18 out of 165] test cases in the current suite
Test Method:		[unitTests.tests_browserActions.refreshCurrentPage]
###############################################################################################################################################



################################################################################################################################################
Starting Execution:	[19 out of 165] test cases in the current suite
Test Method:		[unitTests.tests_browserActions.setWindowSize]
###############################################################################################################################################

[ReportManager] Successfully loaded the following test data file [src/test/resources/testDataFiles/testSuite01/TestData.xlsx]. @22-02-2022 01:54:10.0761 AM
[ReportManager] Successfully created attachment [Test Data - Excel] @22-02-2022 01:54:10.0762 A

################################################################################################################################################
Starting Execution:	[20 out of 165] test cases in the current suite
Test Method:		[unitTests.tests_io_excelFileManager.getCellData_rowName_expectedToPass]
################################################################################################################################################
[ReportManager] testRowData. @22-02-2022 01:54:10.0775 A

################################################################################################################################################
Starting Execution:	[21 out of 165] test cases in the current suite
Test Method:		[unitTests.tests_validations_assertions.assertComparativeRelation_greaterThanOrEquals_false_equals_expectedToFail]
################################################################################################################################################
[ReportManager] Assertion [ValidateComparativeRelation] FAILED. Expected [1] and Actual [1]. Comparison Type [GREATER_THAN_OR_EQUALS]. Validation Type [NEGATIVE]. @22-02-2022 01:54:10.0781 A

################################################################################################################################################
Starting Execution:	[22 out of 165] test cases in the current suite
Test Method:		[unitTests.tests_validations_assertions.assertComparativeRelation_greaterThanOrEquals_false_equals_expectedToPass]
################################################################################################################################################
[ReportManager] Assertion [ValidateComparativeRelation] PASSED. Expected [2] and Actual [1]. Comparison Type [GREATER_THAN_OR_EQUALS]. Validation Type [NEGATIVE]. @22-02-2022 01:54:10.0785 A

################################################################################################################################################
Starting Execution:	[23 out of 165] test cases in the current suite
Test Method:		[unitTests.tests_validations_assertions.assertComparativeRelation_greaterThanOrEquals_false_greaterThan_expectedToFail]
################################################################################################################################################
[ReportManager] Assertion [ValidateComparativeRelation] FAILED. Expected [1] and Actual [2]. Comparison Type [GREATER_THAN_OR_EQUALS]. Validation Type [NEGATIVE]. @22-02-2022 01:54:10.0790 A

################################################################################################################################################
Starting Execution:	[24 out of 165] test cases in the current suite
Test Method:		[unitTests.tests_validations_assertions.assertComparativeRelation_greaterThanOrEquals_false_greaterThan_expectedToPass]
################################################################################################################################################
[ReportManager] Assertion [ValidateComparativeRelation] PASSED. Expected [2] and Actual [1]. Comparison Type [GREATER_THAN_OR_EQUALS]. Validation Type [NEGATIVE]. @22-02-2022 01:54:10.0794 A

################################################################################################################################################
Starting Execution:	[25 out of 165] test cases in the current suite
Test Method:		[unitTests.tests_validations_assertions.assertComparativeRelation_greaterThanOrEquals_true_equals_expectedToFail]
################################################################################################################################################
[ReportManager] Assertion [ValidateComparativeRelation] FAILED. Expected [1] and Actual [0]. Comparison Type [GREATER_THAN_OR_EQUALS]. Validation Type [POSITIVE]. @22-02-2022 01:54:10.0798 A

################################################################################################################################################
Starting Execution:	[26 out of 165] test cases in the current suite
Test Method:		[unitTests.tests_validations_assertions.assertComparativeRelation_greaterThanOrEquals_true_equals_expectedToPass]
################################################################################################################################################
[ReportManager] Assertion [ValidateComparativeRelation] PASSED. Expected [1] and Actual [1]. Comparison Type [GREATER_THAN_OR_EQUALS]. Validation Type [POSITIVE]. @22-02-2022 01:54:10.0801 A

################################################################################################################################################
Starting Execution:	[27 out of 165] test cases in the current suite
Test Method:		[unitTests.tests_validations_assertions.assertComparativeRelation_greaterThanOrEquals_true_greaterThan_expectedToFail]
################################################################################################################################################
[ReportManager] Assertion [ValidateComparativeRelation] FAILED. Expected [2] and Actual [1]. Comparison Type [GREATER_THAN_OR_EQUALS]. Validation Type [POSITIVE]. @22-02-2022 01:54:10.0805 A

################################################################################################################################################
Starting Execution:	[28 out of 165] test cases in the current suite
Test Method:		[unitTests.tests_validations_assertions.assertComparativeRelation_greaterThanOrEquals_true_greaterThan_expectedToPass]
################################################################################################################################################
[ReportManager] Assertion [ValidateComparativeRelation] PASSED. Expected [1] and Actual [2]. Comparison Type [GREATER_THAN_OR_EQUALS]. Validation Type [POSITIVE]. @22-02-2022 01:54:10.0809 A
[ReportManager] File Action [GetAbsolutePath] successfully performed. With the following test data [Relative Folder Path: "target/downloadedFiles/"]. @22-02-2022 01:54:10.0812 AM
[ReportManager] Attempting to run locally on: [Mac-64], [Safari], Headless Execution. @22-02-2022 01:54:10.0812 AM
[ReportManager] An Exception Occured with this Message: Could not start a new session. Possible causes are invalid address of the remote server or browser start-up failure.. @22-02-2022 01:54:10.0909 AM
[ReportManager] Successfully created attachment [Exception Stack Trace - org.openqa.selenium.SessionNotCreatedException] @22-02-2022 01:54:10.0910 AM
[ReportManager] Driver Factory Action [createNewLocalDriverInstanceForSafari] failed. With the following test data [Failed to create a session on DESKTOP_SAFARI]. @22-02-2022 01:54:10.0910 A

################################################################################################################################################
Starting Execution:	[29 out of 165] test cases in the current suite
Test Method:		[unitTests.tests_validations_assertions.assertElementAttribute_false_caseInsensitiveComparison_expectedToFail]
###############################################################################################################################################



################################################################################################################################################
Starting Execution:	[30 out of 165] test cases in the current suite
Test Method:		[unitTests.tests_validations_assertions.assertElementAttribute_false_caseInsensitiveComparison_expectedToPass]
###############################################################################################################################################



################################################################################################################################################
Starting Execution:	[31 out of 165] test cases in the current suite
Test Method:		[unitTests.tests_validations_assertions.assertElementAttribute_false_containsComparison_expectedToFail]
###############################################################################################################################################



################################################################################################################################################
Starting Execution:	[32 out of 165] test cases in the current suite
Test Method:		[unitTests.tests_validations_assertions.assertElementAttribute_false_containsComparison_expectedToPass]
###############################################################################################################################################



################################################################################################################################################
Starting Execution:	[33 out of 165] test cases in the current suite
Test Method:		[unitTests.tests_validations_assertions.assertElementAttribute_false_literalComparison_expectedToFail]
###############################################################################################################################################



################################################################################################################################################
Starting Execution:	[34 out of 165] test cases in the current suite
Test Method:		[unitTests.tests_validations_assertions.assertElementAttribute_false_literalComparison_expectedToPass]
###############################################################################################################################################



################################################################################################################################################
Starting Execution:	[35 out of 165] test cases in the current suite
Test Method:		[unitTests.tests_validations_assertions.assertElementAttribute_false_regexComparison_expectedToFail]
###############################################################################################################################################



################################################################################################################################################
Starting Execution:	[36 out of 165] test cases in the current suite
Test Method:		[unitTests.tests_validations_assertions.assertElementAttribute_false_regexComparison_expectedToPass]
###############################################################################################################################################



################################################################################################################################################
Starting Execution:	[37 out of 165] test cases in the current suite
Test Method:		[unitTests.tests_validations_assertions.assertElementAttribute_true_caseInsensitiveComparison_expectedToFail]
###############################################################################################################################################



################################################################################################################################################
Starting Execution:	[38 out of 165] test cases in the current suite
Test Method:		[unitTests.tests_validations_assertions.assertElementAttribute_true_caseInsensitiveComparison_expectedToPass]
###############################################################################################################################################



################################################################################################################################################
Starting Execution:	[39 out of 165] test cases in the current suite
Test Method:		[unitTests.tests_validations_assertions.assertElementAttribute_true_containsComparison_expectedToFail]
###############################################################################################################################################



################################################################################################################################################
Starting Execution:	[40 out of 165] test cases in the current suite
Test Method:		[unitTests.tests_validations_assertions.assertElementAttribute_true_containsComparison_expectedToPass]
###############################################################################################################################################



################################################################################################################################################
Starting Execution:	[41 out of 165] test cases in the current suite
Test Method:		[unitTests.tests_validations_assertions.assertElementAttribute_true_literalComparison_expectedToFail]
###############################################################################################################################################



################################################################################################################################################
Starting Execution:	[42 out of 165] test cases in the current suite
Test Method:		[unitTests.tests_validations_assertions.assertElementAttribute_true_literalComparison_expectedToPass]
###############################################################################################################################################



################################################################################################################################################
Starting Execution:	[43 out of 165] test cases in the current suite
Test Method:		[unitTests.tests_validations_assertions.assertElementAttribute_true_regexComparison_expectedToFail]
###############################################################################################################################################



################################################################################################################################################
Starting Execution:	[44 out of 165] test cases in the current suite
Test Method:		[unitTests.tests_validations_assertions.assertElementAttribute_true_regexComparison_expectedToPass]
###############################################################################################################################################



################################################################################################################################################
Starting Execution:	[45 out of 165] test cases in the current suite
Test Method:		[unitTests.tests_validations_assertions.assertElementAttribute_type_true_literalComparison_expectedToPass]
###############################################################################################################################################



################################################################################################################################################
Starting Execution:	[46 out of 165] test cases in the current suite
Test Method:		[unitTests.tests_validations_assertions.assertElementExists_false_expectedToFail]
###############################################################################################################################################



################################################################################################################################################
Starting Execution:	[47 out of 165] test cases in the current suite
Test Method:		[unitTests.tests_validations_assertions.assertElementExists_false_expectedToPass]
###############################################################################################################################################



################################################################################################################################################
Starting Execution:	[48 out of 165] test cases in the current suite
Test Method:		[unitTests.tests_validations_assertions.assertElementExists_false_multipleElementsFound_expectedToFail]
###############################################################################################################################################



################################################################################################################################################
Starting Execution:	[49 out of 165] test cases in the current suite
Test Method:		[unitTests.tests_validations_assertions.assertElementExists_true_expectedToFail]
###############################################################################################################################################



################################################################################################################################################
Starting Execution:	[50 out of 165] test cases in the current suite
Test Method:		[unitTests.tests_validations_assertions.assertElementExists_true_expectedToPass]
###############################################################################################################################################



################################################################################################################################################
Starting Execution:	[51 out of 165] test cases in the current suite
Test Method:		[unitTests.tests_validations_assertions.assertElementExists_true_multipleElementsFound_expectedToFail]
###############################################################################################################################################


################################################################################################################################################
Starting Execution:	[52 out of 165] test cases in the current suite
Test Method:		[unitTests.tests_validations_assertions.assertEquals_false_expectedToFail]
###############################################################################################################################################

################################################################################################################################################
Starting Execution:	[53 out of 165] test cases in the current suite
Test Method:		[unitTests.tests_validations_assertions.assertEquals_false_expectedToPass]
###############################################################################################################################################

################################################################################################################################################
Starting Execution:	[54 out of 165] test cases in the current suite
Test Method:		[unitTests.tests_validations_assertions.assertEquals_longCharacters]
###############################################################################################################################################

################################################################################################################################################
Starting Execution:	[55 out of 165] test cases in the current suite
Test Method:		[unitTests.tests_validations_assertions.assertEquals_longCharacters_Discreet]
###############################################################################################################################################

################################################################################################################################################
Starting Execution:	[56 out of 165] test cases in the current suite
Test Method:		[unitTests.tests_validations_assertions.assertEquals_true_expectedToFail]
###############################################################################################################################################

################################################################################################################################################
Starting Execution:	[57 out of 165] test cases in the current suite
Test Method:		[unitTests.tests_validations_assertions.assertEquals_true_expectedToPass]
Test Description:	[Assert that assertEquals works as expected when the two values are equal.]
###############################################################################################################################################

################################################################################################################################################
Starting Execution:	[58 out of 165] test cases in the current suite
Test Method:		[unitTests.tests_validations_assertions.assertEquals_true_expectedToPass__]
###############################################################################################################################################

################################################################################################################################################
Starting Execution:	[59 out of 165] test cases in the current suite
Test Method:		[unitTests.tests_validations_assertions.assertFileExists_false_expectedToFail]
###############################################################################################################################################

################################################################################################################################################
Starting Execution:	[60 out of 165] test cases in the current suite
Test Method:		[unitTests.tests_validations_assertions.assertFileExists_false_expectedToPass]
###############################################################################################################################################

################################################################################################################################################
Starting Execution:	[61 out of 165] test cases in the current suite
Test Method:		[unitTests.tests_validations_assertions.assertFileExists_true_expectedToFail]
###############################################################################################################################################

################################################################################################################################################
Starting Execution:	[62 out of 165] test cases in the current suite
Test Method:		[unitTests.tests_validations_assertions.assertFileExists_true_expectedToPass]
###############################################################################################################################################

################################################################################################################################################
Starting Execution:	[63 out of 165] test cases in the current suite
Test Method:		[unitTests.tests_validations_assertions.assertNull_false_expectedToFail]
###############################################################################################################################################

################################################################################################################################################
Starting Execution:	[64 out of 165] test cases in the current suite
Test Method:		[unitTests.tests_validations_assertions.assertNull_false_expectedToPass]
###############################################################################################################################################

################################################################################################################################################
Starting Execution:	[65 out of 165] test cases in the current suite
Test Method:		[unitTests.tests_validations_assertions.assertNull_true_expectedToFail]
###############################################################################################################################################

################################################################################################################################################
Starting Execution:	[66 out of 165] test cases in the current suite
Test Method:		[unitTests.tests_validations_assertions.assertNull_true_expectedToPass]
###############################################################################################################################################

################################################################################################################################################
Starting Execution:	[67 out of 165] test cases in the current suite
Test Method:		[unitTests.tests_restActions.getPostsAndAssertBodyForSpecificTitle]
################################################################################################################################################
[ReportManager] Response status code: [200], status line: [HTTP/1.1 200 OK] @22-02-2022 01:54:13.0675 AM
[ReportManager] Assertion Passed: Evaluating the actual response status code against the expected one... @22-02-2022 01:54:13.0682 AM
[ReportManager] Assertion [ValidateComparativeRelation] PASSED. Expected [200] and Actual [200]. Comparison Type [EQUALS]. Validation Type [POSITIVE]. @22-02-2022 01:54:13.0682 AM
[ReportManager] API Action [PerformRequest] successfully performed. With the following test data [Request Type: "GET" | Target Status Code: "200" | Service URL: "https://jsonplaceholder.typicode.com/posts" | Content Type: "*/*" | Response Time: "542ms"]. @22-02-2022 01:54:14.0683 AM
[ReportManager] Successfully created attachment [API Request - Specifications] @22-02-2022 01:54:14.0684 AM
[ReportManager] Successfully created attachment [API Response - JSON Body] @22-02-2022 01:54:14.0942 AM
[ReportManager] API Action [GetResponseJSONValueAsList] successfully performed. @22-02-2022 01:54:14.0977 AM
[ReportManager] API Action [GetResponseJSONValue] successfully performed. With the following test data [title]. @22-02-2022 01:54:15.0001 AM
[ReportManager] API Action [GetResponseJSONValue] successfully performed. With the following test data [title]. @22-02-2022 01:54:15.0017 AM
[ReportManager] API Action [GetResponseJSONValue] successfully performed. With the following test data [body]. @22-02-2022 01:54:15.0033 AM
[ReportManager] Assertion [ValidateEquals] PASSED. Expected [qui neque nisi nulla] and Actual [est rerum tempore vitae
sequi sint nihil reprehenderit dolor beatae ea dolores neque
fugiat blanditiis voluptate porro vel nihil molestiae ut reiciendis
qui aperiam non debitis possimus qui neque nisi nulla]. Comparison Type [CONTAINS]. Validation Type [POSITIVE]. @22-02-2022 01:54:15.0036 AM
[ReportManager] API Action [GetResponseJSONValue] successfully performed. With the following test data [title]. @22-02-2022 01:54:15.0051 AM
[ReportManager] API Action [GetResponseJSONValue] successfully performed. With the following test data [title]. @22-02-2022 01:54:15.0066 AM
[ReportManager] API Action [GetResponseJSONValue] successfully performed. With the following test data [title]. @22-02-2022 01:54:15.0085 AM
[ReportManager] API Action [GetResponseJSONValue] successfully performed. With the following test data [title]. @22-02-2022 01:54:15.0102 AM
[ReportManager] API Action [GetResponseJSONValue] successfully performed. With the following test data [title]. @22-02-2022 01:54:15.0118 AM
[ReportManager] API Action [GetResponseJSONValue] successfully performed. With the following test data [title]. @22-02-2022 01:54:15.0133 AM
[ReportManager] API Action [GetResponseJSONValue] successfully performed. With the following test data [title]. @22-02-2022 01:54:15.0149 AM
[ReportManager] API Action [GetResponseJSONValue] successfully performed. With the following test data [title]. @22-02-2022 01:54:15.0165 AM
[ReportManager] API Action [GetResponseJSONValue] successfully performed. With the following test data [title]. @22-02-2022 01:54:15.0181 AM
[ReportManager] API Action [GetResponseJSONValue] successfully performed. With the following test data [title]. @22-02-2022 01:54:15.0196 AM
[ReportManager] API Action [GetResponseJSONValue] successfully performed. With the following test data [title]. @22-02-2022 01:54:15.0213 AM
[ReportManager] API Action [GetResponseJSONValue] successfully performed. With the following test data [title]. @22-02-2022 01:54:15.0228 AM
[ReportManager] API Action [GetResponseJSONValue] successfully performed. With the following test data [title]. @22-02-2022 01:54:15.0243 AM
[ReportManager] API Action [GetResponseJSONValue] successfully performed. With the following test data [title]. @22-02-2022 01:54:15.0263 AM
[ReportManager] API Action [GetResponseJSONValue] successfully performed. With the following test data [title]. @22-02-2022 01:54:15.0277 AM
[ReportManager] API Action [GetResponseJSONValue] successfully performed. With the following test data [title]. @22-02-2022 01:54:15.0291 AM
[ReportManager] API Action [GetResponseJSONValue] successfully performed. With the following test data [title]. @22-02-2022 01:54:15.0305 AM
[ReportManager] API Action [GetResponseJSONValue] successfully performed. With the following test data [title]. @22-02-2022 01:54:15.0318 AM
[ReportManager] API Action [GetResponseJSONValue] successfully performed. With the following test data [title]. @22-02-2022 01:54:15.0331 AM
[ReportManager] API Action [GetResponseJSONValue] successfully performed. With the following test data [title]. @22-02-2022 01:54:15.0345 AM
[ReportManager] API Action [GetResponseJSONValue] successfully performed. With the following test data [title]. @22-02-2022 01:54:15.0360 AM
[ReportManager] API Action [GetResponseJSONValue] successfully performed. With the following test data [title]. @22-02-2022 01:54:15.0374 AM
[ReportManager] API Action [GetResponseJSONValue] successfully performed. With the following test data [title]. @22-02-2022 01:54:15.0388 AM
[ReportManager] API Action [GetResponseJSONValue] successfully performed. With the following test data [title]. @22-02-2022 01:54:15.0402 AM
[ReportManager] API Action [GetResponseJSONValue] successfully performed. With the following test data [title]. @22-02-2022 01:54:15.0416 AM
[ReportManager] API Action [GetResponseJSONValue] successfully performed. With the following test data [title]. @22-02-2022 01:54:15.0430 AM
[ReportManager] API Action [GetResponseJSONValue] successfully performed. With the following test data [title]. @22-02-2022 01:54:15.0445 AM
[ReportManager] API Action [GetResponseJSONValue] successfully performed. With the following test data [title]. @22-02-2022 01:54:15.0459 AM
[ReportManager] API Action [GetResponseJSONValue] successfully performed. With the following test data [title]. @22-02-2022 01:54:15.0473 AM
[ReportManager] API Action [GetResponseJSONValue] successfully performed. With the following test data [title]. @22-02-2022 01:54:15.0486 AM
[ReportManager] API Action [GetResponseJSONValue] successfully performed. With the following test data [title]. @22-02-2022 01:54:15.0500 AM
[ReportManager] API Action [GetResponseJSONValue] successfully performed. With the following test data [title]. @22-02-2022 01:54:15.0514 AM
[ReportManager] API Action [GetResponseJSONValue] successfully performed. With the following test data [title]. @22-02-2022 01:54:15.0527 AM
[ReportManager] API Action [GetResponseJSONValue] successfully performed. With the following test data [title]. @22-02-2022 01:54:15.0540 AM
[ReportManager] API Action [GetResponseJSONValue] successfully performed. With the following test data [title]. @22-02-2022 01:54:15.0553 AM
[ReportManager] API Action [GetResponseJSONValue] successfully performed. With the following test data [title]. @22-02-2022 01:54:15.0567 AM
[ReportManager] API Action [GetResponseJSONValue] successfully performed. With the following test data [title]. @22-02-2022 01:54:15.0581 AM
[ReportManager] API Action [GetResponseJSONValue] successfully performed. With the following test data [title]. @22-02-2022 01:54:15.0594 AM
[ReportManager] API Action [GetResponseJSONValue] successfully performed. With the following test data [title]. @22-02-2022 01:54:15.0608 AM
[ReportManager] API Action [GetResponseJSONValue] successfully performed. With the following test data [title]. @22-02-2022 01:54:15.0621 AM
[ReportManager] API Action [GetResponseJSONValue] successfully performed. With the following test data [title]. @22-02-2022 01:54:15.0635 AM
[ReportManager] API Action [GetResponseJSONValue] successfully performed. With the following test data [title]. @22-02-2022 01:54:15.0649 AM
[ReportManager] API Action [GetResponseJSONValue] successfully performed. With the following test data [title]. @22-02-2022 01:54:15.0663 AM
[ReportManager] API Action [GetResponseJSONValue] successfully performed. With the following test data [title]. @22-02-2022 01:54:15.0676 AM
[ReportManager] API Action [GetResponseJSONValue] successfully performed. With the following test data [title]. @22-02-2022 01:54:15.0690 AM
[ReportManager] API Action [GetResponseJSONValue] successfully performed. With the following test data [title]. @22-02-2022 01:54:15.0704 AM
[ReportManager] API Action [GetResponseJSONValue] successfully performed. With the following test data [title]. @22-02-2022 01:54:15.0717 AM
[ReportManager] API Action [GetResponseJSONValue] successfully performed. With the following test data [title]. @22-02-2022 01:54:15.0731 AM
[ReportManager] API Action [GetResponseJSONValue] successfully performed. With the following test data [title]. @22-02-2022 01:54:15.0744 AM
[ReportManager] API Action [GetResponseJSONValue] successfully performed. With the following test data [title]. @22-02-2022 01:54:15.0758 AM
[ReportManager] API Action [GetResponseJSONValue] successfully performed. With the following test data [title]. @22-02-2022 01:54:15.0772 AM
[ReportManager] API Action [GetResponseJSONValue] successfully performed. With the following test data [title]. @22-02-2022 01:54:15.0784 AM
[ReportManager] API Action [GetResponseJSONValue] successfully performed. With the following test data [title]. @22-02-2022 01:54:15.0797 AM
[ReportManager] API Action [GetResponseJSONValue] successfully performed. With the following test data [title]. @22-02-2022 01:54:15.0810 AM
[ReportManager] API Action [GetResponseJSONValue] successfully performed. With the following test data [title]. @22-02-2022 01:54:15.0823 AM
[ReportManager] API Action [GetResponseJSONValue] successfully performed. With the following test data [title]. @22-02-2022 01:54:15.0836 AM
[ReportManager] API Action [GetResponseJSONValue] successfully performed. With the following test data [title]. @22-02-2022 01:54:15.0848 AM
[ReportManager] API Action [GetResponseJSONValue] successfully performed. With the following test data [title]. @22-02-2022 01:54:15.0861 AM
[ReportManager] API Action [GetResponseJSONValue] successfully performed. With the following test data [title]. @22-02-2022 01:54:15.0875 AM
[ReportManager] API Action [GetResponseJSONValue] successfully performed. With the following test data [title]. @22-02-2022 01:54:15.0907 AM
[ReportManager] API Action [GetResponseJSONValue] successfully performed. With the following test data [title]. @22-02-2022 01:54:15.0921 AM
[ReportManager] API Action [GetResponseJSONValue] successfully performed. With the following test data [title]. @22-02-2022 01:54:15.0934 AM
[ReportManager] API Action [GetResponseJSONValue] successfully performed. With the following test data [title]. @22-02-2022 01:54:15.0947 AM
[ReportManager] API Action [GetResponseJSONValue] successfully performed. With the following test data [title]. @22-02-2022 01:54:15.0960 AM
[ReportManager] API Action [GetResponseJSONValue] successfully performed. With the following test data [title]. @22-02-2022 01:54:15.0973 AM
[ReportManager] API Action [GetResponseJSONValue] successfully performed. With the following test data [title]. @22-02-2022 01:54:15.0985 AM
[ReportManager] API Action [GetResponseJSONValue] successfully performed. With the following test data [title]. @22-02-2022 01:54:15.0997 AM
[ReportManager] API Action [GetResponseJSONValue] successfully performed. With the following test data [title]. @22-02-2022 01:54:16.0010 AM
[ReportManager] API Action [GetResponseJSONValue] successfully performed. With the following test data [title]. @22-02-2022 01:54:16.0022 AM
[ReportManager] API Action [GetResponseJSONValue] successfully performed. With the following test data [title]. @22-02-2022 01:54:16.0035 AM
[ReportManager] API Action [GetResponseJSONValue] successfully performed. With the following test data [title]. @22-02-2022 01:54:16.0048 AM
[ReportManager] API Action [GetResponseJSONValue] successfully performed. With the following test data [title]. @22-02-2022 01:54:16.0060 AM
[ReportManager] API Action [GetResponseJSONValue] successfully performed. With the following test data [title]. @22-02-2022 01:54:16.0073 AM
[ReportManager] API Action [GetResponseJSONValue] successfully performed. With the following test data [title]. @22-02-2022 01:54:16.0086 AM
[ReportManager] API Action [GetResponseJSONValue] successfully performed. With the following test data [title]. @22-02-2022 01:54:16.0099 AM
[ReportManager] API Action [GetResponseJSONValue] successfully performed. With the following test data [title]. @22-02-2022 01:54:16.0111 AM
[ReportManager] API Action [GetResponseJSONValue] successfully performed. With the following test data [title]. @22-02-2022 01:54:16.0124 AM
[ReportManager] API Action [GetResponseJSONValue] successfully performed. With the following test data [title]. @22-02-2022 01:54:16.0136 AM
[ReportManager] API Action [GetResponseJSONValue] successfully performed. With the following test data [title]. @22-02-2022 01:54:16.0148 AM
[ReportManager] API Action [GetResponseJSONValue] successfully performed. With the following test data [title]. @22-02-2022 01:54:16.0161 AM
[ReportManager] API Action [GetResponseJSONValue] successfully performed. With the following test data [title]. @22-02-2022 01:54:16.0174 AM
[ReportManager] API Action [GetResponseJSONValue] successfully performed. With the following test data [title]. @22-02-2022 01:54:16.0189 AM
[ReportManager] API Action [GetResponseJSONValue] successfully performed. With the following test data [title]. @22-02-2022 01:54:16.0202 AM
[ReportManager] API Action [GetResponseJSONValue] successfully performed. With the following test data [title]. @22-02-2022 01:54:16.0215 AM
[ReportManager] API Action [GetResponseJSONValue] successfully performed. With the following test data [title]. @22-02-2022 01:54:16.0227 AM
[ReportManager] API Action [GetResponseJSONValue] successfully performed. With the following test data [title]. @22-02-2022 01:54:16.0239 AM
[ReportManager] API Action [GetResponseJSONValue] successfully performed. With the following test data [title]. @22-02-2022 01:54:16.0252 AM
[ReportManager] API Action [GetResponseJSONValue] successfully performed. With the following test data [title]. @22-02-2022 01:54:16.0265 AM
[ReportManager] API Action [GetResponseJSONValue] successfully performed. With the following test data [title]. @22-02-2022 01:54:16.0277 AM
[ReportManager] API Action [GetResponseJSONValue] successfully performed. With the following test data [title]. @22-02-2022 01:54:16.0290 AM
[ReportManager] API Action [GetResponseJSONValue] successfully performed. With the following test data [title]. @22-02-2022 01:54:16.0302 AM
[ReportManager] API Action [GetResponseJSONValue] successfully performed. With the following test data [title]. @22-02-2022 01:54:16.0315 AM
[ReportManager] API Action [GetResponseJSONValue] successfully performed. With the following test data [title]. @22-02-2022 01:54:16.0327 AM
[ReportManager] API Action [GetResponseJSONValue] successfully performed. With the following test data [title]. @22-02-2022 01:54:16.0339 AM
[ReportManager] API Action [GetResponseJSONValue] successfully performed. With the following test data [title]. @22-02-2022 01:54:16.0352 AM
[ReportManager] API Action [GetResponseJSONValue] successfully performed. With the following test data [title]. @22-02-2022 01:54:16.0364 AM
[ReportManager] API Action [GetResponseJSONValue] successfully performed. With the following test data [title]. @22-02-2022 01:54:16.0376 AM
[ReportManager] API Action [GetResponseJSONValue] successfully performed. With the following test data [title]. @22-02-2022 01:54:16.0388 A

################################################################################################################################################
Starting Execution:	[68 out of 165] test cases in the current suite
Test Method:		[unitTests.tests_restActions.validateUserEmail]
################################################################################################################################################
[ReportManager] Response status code: [200], status line: [HTTP/1.1 200 OK] @22-02-2022 01:54:16.0443 AM
[ReportManager] Assertion Passed: Evaluating the actual response status code against the expected one... @22-02-2022 01:54:16.0444 AM
[ReportManager] Assertion [ValidateComparativeRelation] PASSED. Expected [200] and Actual [200]. Comparison Type [EQUALS]. Validation Type [POSITIVE]. @22-02-2022 01:54:16.0444 AM
[ReportManager] API Action [PerformRequest] successfully performed. With the following test data [Request Type: "GET" | Target Status Code: "200" | Service URL: "https://jsonplaceholder.typicode.com/users" | Content Type: "*/*" | Response Time: "44ms"]. @22-02-2022 01:54:16.0469 AM
[ReportManager] Successfully created attachment [API Request - Specifications] @22-02-2022 01:54:16.0470 AM
[ReportManager] Successfully created attachment [API Response - JSON Body] @22-02-2022 01:54:16.0471 AM
[ReportManager] Assertion [ValidateEquals] PASSED. Expected and Actual values are attached. Comparison Type [CONTAINS]. Validation Type [POSITIVE]. @22-02-2022 01:54:16.0471 AM
[ReportManager] Successfully created attachment [Validation Test Data - Expected Value] @22-02-2022 01:54:16.0472 AM
[ReportManager] Successfully created attachment [Validation Test Data - Actual Value] @22-02-2022 01:54:16.0472 AM
[ReportManager] API Action [GetResponseJSONValueAsList] successfully performed. With the following test data [$]. @22-02-2022 01:54:16.0481 AM
[ReportManager] API Action [GetResponseJSONValue] successfully performed. With the following test data [name]. @22-02-2022 01:54:16.0495 AM
[ReportManager] API Action [GetResponseJSONValue] successfully performed. With the following test data [email]. @22-02-2022 01:54:16.0507 AM
[ReportManager] Assertion [ValidateEquals] PASSED. Expected [Sincere@april.biz] and Actual [Sincere@april.biz]. Comparison Type [EQUALS]. Validation Type [POSITIVE]. @22-02-2022 01:54:16.0508 AM
[ReportManager] API Action [GetResponseJSONValue] successfully performed. With the following test data [name]. @22-02-2022 01:54:16.0521 AM
[ReportManager] API Action [GetResponseJSONValue] successfully performed. With the following test data [name]. @22-02-2022 01:54:16.0534 AM
[ReportManager] API Action [GetResponseJSONValue] successfully performed. With the following test data [name]. @22-02-2022 01:54:16.0546 AM
[ReportManager] API Action [GetResponseJSONValue] successfully performed. With the following test data [name]. @22-02-2022 01:54:16.0558 AM
[ReportManager] API Action [GetResponseJSONValue] successfully performed. With the following test data [name]. @22-02-2022 01:54:16.0571 AM
[ReportManager] API Action [GetResponseJSONValue] successfully performed. With the following test data [name]. @22-02-2022 01:54:16.0586 AM
[ReportManager] API Action [GetResponseJSONValue] successfully performed. With the following test data [name]. @22-02-2022 01:54:16.0596 AM
[ReportManager] API Action [GetResponseJSONValue] successfully performed. With the following test data [name]. @22-02-2022 01:54:16.0606 AM
[ReportManager] API Action [GetResponseJSONValue] successfully performed. With the following test data [name]. @22-02-2022 01:54:16.0617 A
[ReportManager] File Action [GetAbsolutePath] successfully performed. With the following test data [Relative Folder Path: "target/downloadedFiles/"]. @22-02-2022 01:54:16.0620 AM
[ReportManager] Attempting to run locally on: [Mac-64], [Safari], Headless Execution. @22-02-2022 01:54:16.0621 AM
[ReportManager] Successfully Opened Safari. @22-02-2022 01:54:17.0479 AM
[ReportManager] Initial window size: (800, 600) @22-02-2022 01:54:17.0503 AM
[ReportManager] Window size after SWD Maximize: (1176, 803) @22-02-2022 01:54:17.0519 AM
[ReportManager] Browser Action [MaximizeWindow] successfully performed. With the following test data [New screen size is now: (1176, 803)]. @22-02-2022 01:54:17.0519 A

################################################################################################################################################
Starting Execution:	[69 out of 165] test cases in the current suite
Test Method:		[testPackage01.Test_uploadFile.uploadFile_invisibleUploadInput]
################################################################################################################################################
[ReportManager] Target URL: [https://fineuploader.com/demos.html#gallery-view] @22-02-2022 01:54:17.0565 AM
[ReportManager] Initial URL: [] @22-02-2022 01:54:17.0614 AM
[ReportManager] Browser Action [NavigateToURL] successfully performed. With the following test data [https://fineuploader.com/demos.html#gallery-view]. @22-02-2022 01:54:19.0106 AM
[ReportManager] File Action [GetAbsolutePath] successfully performed. With the following test data [Relative File Path: "src/main/resources/images/shaft.png"]. @22-02-2022 01:54:19.0106 AM
[ReportManager] Successfully created attachment [File Action Actual Result - Command Log] @22-02-2022 01:54:19.0107 AM
[ReportManager] Element Action [TypeFileLocationForUpload] successfully performed. With the following test data [/Users/runner/work/SHAFT_ENGINE/SHAFT_ENGINE/src/main/resources/images/shaft.png]. @22-02-2022 01:54:19.0159 AM
[ReportManager] Attempting to getAttribute [src] from elementLocator [By.xpath: //div[@id='fine-uploader-gallery']//div[@class='qq-thumbnail-wrapper']/img]. @22-02-2022 01:54:19.0162 AM
[ReportManager] Element Action [GetAttribute] successfully performed. @22-02-2022 01:54:19.0294 AM
[ReportManager] Successfully created attachment [Element Action Test Data - GetAttribute - Actual Value] @22-02-2022 01:54:19.0296 AM
[ReportManager] Assertion Passed: Then I Assert that the element found by [By.xpath: //div[@id='fine-uploader-gallery']//div[@class='qq-thumbnail-wrapper']/img] attribute [src] contains [data:image/png;base64]. @22-02-2022 01:54:19.0808 AM
[ReportManager] Successfully created attachment [Validation Test Data - Expected Value] @22-02-2022 01:54:19.0809 AM
[ReportManager] Successfully created attachment [Validation Test Data - Actual Value] @22-02-2022 01:54:19.0810 AM
[ReportManager] Successfully created attachment [Screenshot - 1645494859667_uploadFile_invisibleUploadInput_ValidateElementAttribute_passed] @22-02-2022 01:54:19.0814 AM
[ReportManager] Assertion [ValidateElementAttribute] PASSED. Expected and Actual values are attached. Comparison Type [CONTAINS]. Validation Type [POSITIVE]. @22-02-2022 01:54:19.0814 A
[ReportManager] Browser Action [CloseCurrentWindow] successfully performed. @22-02-2022 01:54:20.0259 AM
[ReportManager] Successfully created attachment [Browser Action Test Data - CloseCurrentWindow - Actual Value] @22-02-2022 01:54:20.0260 A
[ReportManager] File Action [GetAbsolutePath] successfully performed. With the following test data [Relative Folder Path: "target/downloadedFiles/"]. @22-02-2022 01:54:20.0265 AM
[ReportManager] Attempting to run locally on: [Mac-64], [Safari], Headless Execution. @22-02-2022 01:54:20.0265 AM
[ReportManager] Successfully Opened Safari. @22-02-2022 01:54:21.0078 AM
[ReportManager] Initial window size: (800, 600) @22-02-2022 01:54:21.0086 AM
[ReportManager] Window size after SWD Maximize: (1176, 803) @22-02-2022 01:54:21.0115 AM
[ReportManager] Browser Action [MaximizeWindow] successfully performed. With the following test data [New screen size is now: (1176, 803)]. @22-02-2022 01:54:21.0115 A

################################################################################################################################################
Starting Execution:	[70 out of 165] test cases in the current suite
Test Method:		[testPackage01.Test_uploadFile.uploadFile_visibleUploadInput]
################################################################################################################################################
[ReportManager] Target URL: [https://demo.guru99.com/test/upload/] @22-02-2022 01:54:21.0118 AM
[ReportManager] Initial URL: [] @22-02-2022 01:54:21.0163 AM
[ReportManager] Browser Action [NavigateToURL] successfully performed. With the following test data [https://demo.guru99.com/test/upload/]. @22-02-2022 01:54:22.0659 AM
[ReportManager] File Action [GetAbsolutePath] successfully performed. With the following test data [Relative Folder Path: "src/main/resources/images/shaft.png"]. @22-02-2022 01:54:22.0660 AM
[ReportManager] Element Action [TypeFileLocationForUpload] successfully performed. With the following test data [/Users/runner/work/SHAFT_ENGINE/SHAFT_ENGINE/src/main/resources/images/shaft.png]. @22-02-2022 01:54:22.0710 AM
[ReportManager] Element Action [Click] successfully performed. With the following test data [By.id: terms]. @22-02-2022 01:54:23.0873 AM
[ReportManager] Element Action [Click] successfully performed. With the following test data [By.id: submitbutton]. @22-02-2022 01:54:24.0066 AM
[ReportManager] Element Action [GetText] successfully performed. With the following test data [1 file has been successfully uploaded.]. @22-02-2022 01:54:24.0681 AM
[ReportManager] Assertion Passed: Then I Assert that the element found by [By.id: res] attribute [Text] contains [1 file]. @22-02-2022 01:54:24.0878 AM
[ReportManager] Successfully created attachment [Screenshot - 1645494864766_uploadFile_visibleUploadInput_ValidateElementAttribute_passed] @22-02-2022 01:54:24.0879 AM
[ReportManager] Assertion [ValidateElementAttribute] PASSED. Expected [Value Should be '1 file' for the 'Text' attribute, element locator 'By.id: res'] and Actual [1 file has been successfully uploaded.]. Comparison Type [CONTAINS]. Validation Type [POSITIVE]. @22-02-2022 01:54:24.0879 A
[ReportManager] Browser Action [CloseCurrentWindow] successfully performed. @22-02-2022 01:54:25.0316 AM
[ReportManager] Successfully created attachment [Browser Action Test Data - CloseCurrentWindow - Actual Value] @22-02-2022 01:54:25.0317 A

################################################################################################################################################
Starting Execution:	[71 out of 165] test cases in the current suite
Test Method:		[testPackage01.Test_AssertApiResponseEquals.assertApiResponseEquals_expectedToPass]
################################################################################################################################################
[ReportManager] Response status code: [200], status line: [HTTP/1.1 200 OK] @22-02-2022 01:54:25.0384 AM
[ReportManager] Assertion Passed: Evaluating the actual response status code against the expected one... @22-02-2022 01:54:25.0384 AM
[ReportManager] Assertion [ValidateComparativeRelation] PASSED. Expected [200] and Actual [200]. Comparison Type [EQUALS]. Validation Type [POSITIVE]. @22-02-2022 01:54:25.0384 AM
[ReportManager] API Action [PerformRequest] successfully performed. With the following test data [Request Type: "GET" | Target Status Code: "200" | Service URL: "https://jsonplaceholder.typicode.com/users" | Content Type: "*/*" | Response Time: "58ms"]. @22-02-2022 01:54:25.0407 AM
[ReportManager] Successfully created attachment [API Request - Specifications] @22-02-2022 01:54:25.0408 AM
[ReportManager] Successfully created attachment [API Response - JSON Body] @22-02-2022 01:54:25.0408 AM
[ReportManager] API Action [GetResponseJSONValueAsList] successfully performed. With the following test data [$]. @22-02-2022 01:54:25.0415 AM
[ReportManager] API Action [GetResponseJSONValue] successfully performed. With the following test data [name]. @22-02-2022 01:54:25.0428 AM
[ReportManager] API Action [GetResponseJSONValue] successfully performed. With the following test data [email]. @22-02-2022 01:54:25.0440 AM
[ReportManager] Verification [ValidateEquals] PASSED. Expected [Sincere@april.biz] and Actual [Sincere@april.biz]. Comparison Type [EQUALS]. Validation Type [POSITIVE]. @22-02-2022 01:54:25.0441 AM
[ReportManager] API Action [GetResponseJSONValue] successfully performed. With the following test data [username]. @22-02-2022 01:54:25.0451 AM
[ReportManager] Assertion [ValidateEquals] PASSED. Expected [Bret] and Actual [Bret]. Comparison Type [EQUALS]. Validation Type [POSITIVE]. @22-02-2022 01:54:25.0452 AM
[ReportManager] API Action [GetResponseJSONValue] successfully performed. With the following test data [name]. @22-02-2022 01:54:25.0462 AM
[ReportManager] API Action [GetResponseJSONValue] successfully performed. With the following test data [name]. @22-02-2022 01:54:25.0472 AM
[ReportManager] API Action [GetResponseJSONValue] successfully performed. With the following test data [name]. @22-02-2022 01:54:25.0482 AM
[ReportManager] API Action [GetResponseJSONValue] successfully performed. With the following test data [name]. @22-02-2022 01:54:25.0492 AM
[ReportManager] API Action [GetResponseJSONValue] successfully performed. With the following test data [name]. @22-02-2022 01:54:25.0503 AM
[ReportManager] API Action [GetResponseJSONValue] successfully performed. With the following test data [name]. @22-02-2022 01:54:25.0514 AM
[ReportManager] API Action [GetResponseJSONValue] successfully performed. With the following test data [name]. @22-02-2022 01:54:25.0525 AM
[ReportManager] API Action [GetResponseJSONValue] successfully performed. With the following test data [name]. @22-02-2022 01:54:25.0535 AM
[ReportManager] API Action [GetResponseJSONValue] successfully performed. With the following test data [name]. @22-02-2022 01:54:25.0546 A
[ReportManager] File Action [GetAbsolutePath] successfully performed. With the following test data [Relative Folder Path: "target/downloadedFiles/"]. @22-02-2022 01:54:25.0548 AM
[ReportManager] Attempting to run locally on: [Mac-64], [Safari], Headless Execution. @22-02-2022 01:54:25.0548 AM
[ReportManager] Successfully Opened Safari. @22-02-2022 01:54:26.0388 AM
[ReportManager] Initial window size: (800, 600) @22-02-2022 01:54:26.0405 AM
[ReportManager] Window size after SWD Maximize: (1176, 803) @22-02-2022 01:54:26.0421 AM
[ReportManager] Browser Action [MaximizeWindow] successfully performed. With the following test data [New screen size is now: (1176, 803)]. @22-02-2022 01:54:26.0421 AM
[ReportManager] Target URL: [http://the-internet.herokuapp.com/javascript_alerts] @22-02-2022 01:54:26.0421 AM
[ReportManager] Initial URL: [] @22-02-2022 01:54:26.0485 AM
[ReportManager] Browser Action [NavigateToURL] successfully performed. With the following test data [http://the-internet.herokuapp.com/javascript_alerts]. @22-02-2022 01:54:26.0923 A

################################################################################################################################################
Starting Execution:	[72 out of 165] test cases in the current suite
Test Method:		[testPackage01.TestJSPromptBox.dismissAlert]
################################################################################################################################################
[ReportManager] Element Action [Click] successfully performed. With the following test data [By.xpath: //button[contains(text(),'Click for JS Prompt')]]. @22-02-2022 01:54:27.0227 AM
[ReportManager] Alert is present @22-02-2022 01:54:27.0238 AM
[ReportManager] Element Action [DismissAlert] successfully performed. @22-02-2022 01:54:27.0253 A

################################################################################################################################################
Starting Execution:	[73 out of 165] test cases in the current suite
Test Method:		[testPackage01.TestJSPromptBox.assertOnCancelAlertResultText]
################################################################################################################################################
[ReportManager] Element Action [GetText] successfully performed. With the following test data [You entered: null]. @22-02-2022 01:54:27.0324 AM
[ReportManager] Assertion Passed: Then I Assert that the element found by [By.id: result] attribute [TEXT] is equal to [You entered: null]. @22-02-2022 01:54:27.0470 AM
[ReportManager] Successfully created attachment [Screenshot - 1645494867406_assertOnCancelAlertResultText_ValidateElementAttribute_passed] @22-02-2022 01:54:27.0471 AM
[ReportManager] Assertion [ValidateElementAttribute] PASSED. Expected [Value Should be 'You entered: null' for the 'text' attribute, element locator 'By.id: result'] and Actual [You entered: null]. Comparison Type [EQUALS]. Validation Type [POSITIVE]. @22-02-2022 01:54:27.0471 A

################################################################################################################################################
Starting Execution:	[74 out of 165] test cases in the current suite
Test Method:		[testPackage01.TestJSPromptBox.getAlertText]
################################################################################################################################################
[ReportManager] Element Action [Click] successfully performed. With the following test data [By.xpath: //button[contains(text(),'Click for JS Prompt')]]. @22-02-2022 01:54:27.0675 AM
[ReportManager] Alert is present @22-02-2022 01:54:27.0681 AM
[ReportManager] Alert Text is: [I am a JS prompt] @22-02-2022 01:54:27.0713 AM
[ReportManager] Element Action [GetAlertText] successfully performed. @22-02-2022 01:54:27.0714 AM
[ReportManager] Alert text is: [I am a JS prompt] @22-02-2022 01:54:27.0714 AM
[ReportManager] Alert is present @22-02-2022 01:54:27.0730 AM
[ReportManager] Alert Text is: [I am a JS prompt] @22-02-2022 01:54:27.0743 AM
[ReportManager] Element Action [GetAlertText] successfully performed. @22-02-2022 01:54:27.0743 AM
[ReportManager] Assertion Passed: Then I Assert that [I am a JS prompt] is equal to [I am a JS prompt]. @22-02-2022 01:54:27.0744 AM
[ReportManager] Assertion [ValidateEquals] PASSED. Expected [I am a JS prompt] and Actual [I am a JS prompt]. Comparison Type [EQUALS]. Validation Type [POSITIVE]. @22-02-2022 01:54:27.0744 A

################################################################################################################################################
Starting Execution:	[75 out of 165] test cases in the current suite
Test Method:		[testPackage01.TestJSPromptBox.acceptPromptAlertWithoutTypingTextMessage]
################################################################################################################################################
[ReportManager] Alert is not present @22-02-2022 01:54:57.0943 AM
[ReportManager] Element Action [WaitForAlertToBePresent] failed. @22-02-2022 01:54:58.0043 AM
[ReportManager] Successfully created attachment [Screenshot - 1645494897966_acceptPromptAlertWithoutTypingTextMessage_WaitForAlertToBePresent_failed] @22-02-2022 01:54:58.0044 A

################################################################################################################################################
Starting Execution:	[76 out of 165] test cases in the current suite
Test Method:		[testPackage01.TestJSPromptBox.assertOnConfirmPromptAlertWithoutTypingTextMessageResultText]
###############################################################################################################################################

################################################################################################################################################
Starting Execution:	[77 out of 165] test cases in the current suite
Test Method:		[testPackage01.TestJSPromptBox.acceptPromptAlertWithTextMessage]
###############################################################################################################################################

################################################################################################################################################
Starting Execution:	[78 out of 165] test cases in the current suite
Test Method:		[testPackage01.TestJSPromptBox.assertOnConfirmPromptAlertWithTextMessageResultText]
###############################################################################################################################################
[ReportManager] Browser Action [CloseCurrentWindow] successfully performed. @22-02-2022 01:54:58.0514 AM
[ReportManager] Successfully created attachment [Browser Action Test Data - CloseCurrentWindow - Actual Value] @22-02-2022 01:54:58.0515 A

################################################################################################################################################
Starting Execution:	[79 out of 165] test cases in the current suite
Test Method:		[testPackage01.Test_testData.f]
################################################################################################################################################
[ReportManager] Successfully loaded the following test data file [src/test/resources/testDataFiles/testSuite01/TestData.xlsx]. @22-02-2022 01:54:58.0553 AM
[ReportManager] Successfully created attachment [Test Data - Excel] @22-02-2022 01:54:58.0554 AM
[ReportManager] Last Column Number is: [3]. Zero-based. @22-02-2022 01:54:58.0555 A

################################################################################################################################################
Starting Execution:	[80 out of 165] test cases in the current suite
Test Method:		[testPackage01.Test_PDF.testPDF1]
################################################################################################################################################
[ReportManager] File Action [DoesFileExist] successfully performed. With the following test data [File Path: "src/test/resources/testDataFiles/sample.pdf"]. @22-02-2022 01:54:58.0565 AM
[ReportManager] File Action [GetAbsolutePath] successfully performed. With the following test data [Relative Folder Path: "src/test/resources/testDataFiles/sample.pdf"]. @22-02-2022 01:54:58.0566 AM
[ReportManager] Assertion Passed: Checking to see that the pdf file contains [A Simple PDF File] @22-02-2022 01:55:03.0747 AM
[ReportManager] Successfully created attachment [Validation Test Data - Expected Value] @22-02-2022 01:55:03.0747 AM
[ReportManager] Successfully created attachment [Validation Test Data - Actual Value] @22-02-2022 01:55:03.0748 AM
[ReportManager] Assertion [ValidateEquals] PASSED. Expected and Actual values are attached. Comparison Type [CONTAINS]. Validation Type [POSITIVE]. @22-02-2022 01:55:03.0748 A

################################################################################################################################################
Starting Execution:	[81 out of 165] test cases in the current suite
Test Method:		[testPackage01.Test_PDF.testPDF2]
################################################################################################################################################
[ReportManager] File Action [DoesFileExist] successfully performed. With the following test data [File Path: "src/test/resources/testDataFiles/sample.pdf"]. @22-02-2022 01:55:03.0754 AM
[ReportManager] File Action [GetAbsolutePath] successfully performed. With the following test data [Relative Folder Path: "src/test/resources/testDataFiles/sample.pdf"]. @22-02-2022 01:55:03.0754 AM
[ReportManager] Assertion Passed: Checking to see that the pdf file contains [A Simple PDF File] @22-02-2022 01:55:03.0768 AM
[ReportManager] Successfully created attachment [Validation Test Data - Expected Value] @22-02-2022 01:55:03.0768 AM
[ReportManager] Successfully created attachment [Validation Test Data - Actual Value] @22-02-2022 01:55:03.0769 AM
[ReportManager] Assertion [ValidateEquals] PASSED. Expected and Actual values are attached. Comparison Type [CONTAINS]. Validation Type [POSITIVE]. @22-02-2022 01:55:03.0769 A
[ReportManager] File Action [GetAbsolutePath] successfully performed. With the following test data [Relative Folder Path: "target/downloadedFiles/"]. @22-02-2022 01:55:03.0772 AM
[ReportManager] Attempting to run locally on: [Mac-64], [Safari], Headless Execution. @22-02-2022 01:55:03.0772 AM
[ReportManager] Successfully Opened Safari. @22-02-2022 01:55:04.0617 AM
[ReportManager] Initial window size: (800, 600) @22-02-2022 01:55:04.0641 AM
[ReportManager] Window size after SWD Maximize: (1176, 803) @22-02-2022 01:55:04.0681 AM
[ReportManager] Browser Action [MaximizeWindow] successfully performed. With the following test data [New screen size is now: (1176, 803)]. @22-02-2022 01:55:04.0682 A

################################################################################################################################################
Starting Execution:	[82 out of 165] test cases in the current suite
Test Method:		[testPackage01.Test_ShadowDOM.shadowdom]
################################################################################################################################################
[ReportManager] Target URL: [https://mdn.github.io/web-components-examples/popup-info-box-web-component/] @22-02-2022 01:55:04.0684 AM
[ReportManager] Initial URL: [] @22-02-2022 01:55:04.0793 AM
[ReportManager] Browser Action [NavigateToURL] successfully performed. With the following test data [https://mdn.github.io/web-components-examples/popup-info-box-web-component/]. @22-02-2022 01:55:05.0083 AM
[ReportManager] Element Action [Type] successfully performed. With the following test data [Typing into SHADOW DOM...]. @22-02-2022 01:55:05.0510 AM
[ReportManager] Element Action [GetText] successfully performed. With the following test data [Typing into SHADOW DOM...]. @22-02-2022 01:55:05.0572 AM
[ReportManager] Assertion [ValidateElementAttribute] PASSED. Expected [Value Should be 'Typing into SHADOW DOM...' for the 'Text' attribute, element locator 'By.id: cvc'] and Actual [Typing into SHADOW DOM...]. Comparison Type [EQUALS]. Validation Type [POSITIVE]. @22-02-2022 01:55:05.0797 AM
[ReportManager] Successfully created attachment [Screenshot - 1645494905654_shadowdom_ValidateElementAttribute_passed] @22-02-2022 01:55:05.0798 A
[ReportManager] Browser Action [CloseCurrentWindow] successfully performed. @22-02-2022 01:55:06.0193 AM
[ReportManager] Successfully created attachment [Browser Action Test Data - CloseCurrentWindow - Actual Value] @22-02-2022 01:55:06.0193 A
[ReportManager] File Action [GetAbsolutePath] successfully performed. With the following test data [Relative Folder Path: "target/downloadedFiles/"]. @22-02-2022 01:55:06.0196 AM
[ReportManager] Attempting to run locally on: [Mac-64], [Safari], Headless Execution. @22-02-2022 01:55:06.0196 AM
[ReportManager] Successfully Opened Safari. @22-02-2022 01:55:07.0026 AM
[ReportManager] Initial window size: (800, 600) @22-02-2022 01:55:07.0050 AM
[ReportManager] Window size after SWD Maximize: (1176, 803) @22-02-2022 01:55:07.0078 AM
[ReportManager] Browser Action [MaximizeWindow] successfully performed. With the following test data [New screen size is now: (1176, 803)]. @22-02-2022 01:55:07.0078 A

################################################################################################################################################
Starting Execution:	[83 out of 165] test cases in the current suite
Test Method:		[testPackage01.Test_clipboardActions.typeTextAndCopyPaste]
################################################################################################################################################
[ReportManager] Target URL: [https://www.google.com/ncr], and after redirection: [https://www.google.com] @22-02-2022 01:55:07.0081 AM
[ReportManager] Initial URL: [] @22-02-2022 01:55:07.0120 AM
[ReportManager] Browser Action [NavigateToURL] successfully performed. With the following test data [https://www.google.com/ncr]. @22-02-2022 01:55:08.0522 AM
[ReportManager] Element Action [Type] successfully performed. With the following test data [FIRST]. @22-02-2022 01:55:08.0824 A
[ReportManager] Browser Action [CloseCurrentWindow] successfully performed. @22-02-2022 01:55:09.0206 AM
[ReportManager] Successfully created attachment [Browser Action Test Data - CloseCurrentWindow - Actual Value] @22-02-2022 01:55:09.0207 A
[ReportManager] File Action [GetAbsolutePath] successfully performed. With the following test data [Relative Folder Path: "target/downloadedFiles/"]. @22-02-2022 01:55:09.0209 AM
[ReportManager] Attempting to run locally on: [Mac-64], [Safari], Headless Execution. @22-02-2022 01:55:09.0209 AM
[ReportManager] Successfully Opened Safari. @22-02-2022 01:55:10.0063 AM
[ReportManager] Initial window size: (800, 600) @22-02-2022 01:55:10.0084 AM
[ReportManager] Window size after SWD Maximize: (1176, 803) @22-02-2022 01:55:10.0114 AM
[ReportManager] Browser Action [MaximizeWindow] successfully performed. With the following test data [New screen size is now: (1176, 803)]. @22-02-2022 01:55:10.0114 AM
[ReportManager] Target URL: [http://the-internet.herokuapp.com/javascript_alerts] @22-02-2022 01:55:10.0114 AM
[ReportManager] Initial URL: [] @22-02-2022 01:55:10.0153 AM
[ReportManager] Browser Action [NavigateToURL] successfully performed. With the following test data [http://the-internet.herokuapp.com/javascript_alerts]. @22-02-2022 01:55:10.0639 A

################################################################################################################################################
Starting Execution:	[84 out of 165] test cases in the current suite
Test Method:		[testPackage01.TestJSAlertBox.getJSAlertText]
################################################################################################################################################
[ReportManager] Element Action [Click] successfully performed. With the following test data [By.xpath: //button[contains(text(),'Click for JS Alert')]]. @22-02-2022 01:55:10.0855 AM
[ReportManager] Alert is present @22-02-2022 01:55:10.0868 AM
[ReportManager] Alert Text is: [I am a JS Alert] @22-02-2022 01:55:10.0881 AM
[ReportManager] Element Action [GetAlertText] successfully performed. @22-02-2022 01:55:10.0881 AM
[ReportManager] Alert text is: [I am a JS Alert] @22-02-2022 01:55:10.0882 AM
[ReportManager] Alert is present @22-02-2022 01:55:10.0891 AM
[ReportManager] Alert Text is: [I am a JS Alert] @22-02-2022 01:55:10.0898 AM
[ReportManager] Element Action [GetAlertText] successfully performed. @22-02-2022 01:55:10.0898 AM
[ReportManager] Assertion Passed: Then I Assert that [I am a JS Alert] is equal to [I am a JS Alert]. @22-02-2022 01:55:10.0898 AM
[ReportManager] Assertion [ValidateEquals] PASSED. Expected [I am a JS Alert] and Actual [I am a JS Alert]. Comparison Type [EQUALS]. Validation Type [POSITIVE]. @22-02-2022 01:55:10.0898 A

################################################################################################################################################
Starting Execution:	[85 out of 165] test cases in the current suite
Test Method:		[testPackage01.TestJSAlertBox.acceptAlert]
################################################################################################################################################
[ReportManager] Alert is not present @22-02-2022 01:55:41.0456 AM
[ReportManager] Element Action [WaitForAlertToBePresent] failed. @22-02-2022 01:55:41.0559 AM
[ReportManager] Successfully created attachment [Screenshot - 1645494941481_acceptAlert_WaitForAlertToBePresent_failed] @22-02-2022 01:55:41.0560 A

################################################################################################################################################
Starting Execution:	[86 out of 165] test cases in the current suite
Test Method:		[testPackage01.TestJSAlertBox.assertOnConfirmAlertResultText]
###############################################################################################################################################
[ReportManager] Browser Action [CloseCurrentWindow] successfully performed. @22-02-2022 01:55:42.0048 AM
[ReportManager] Successfully created attachment [Browser Action Test Data - CloseCurrentWindow - Actual Value] @22-02-2022 01:55:42.0048 A

################################################################################################################################################
Starting Execution:	[87 out of 165] test cases in the current suite
Test Method:		[testPackage01.Test_checkJDKShellFilesGenerated.testJDKGeneratedSuccessfully]
################################################################################################################################################
[ReportManager] Configuring JDK @22-02-2022 01:55:42.0051 AM
[ReportManager] File Action [GetAbsolutePath] successfully performed. With the following test data [Relative File Path: "generateJdkMac.sh"]. @22-02-2022 01:55:42.0051 AM
[ReportManager] File Action [WriteToFile] successfully performed. With the following test data [Target File Path: "/Users/runner/work/SHAFT_ENGINE/SHAFT_ENGINE/generateJdkMac.sh"]. @22-02-2022 01:55:42.0052 AM
[ReportManager] Attempting to perform the following command locally. Command: [chmod u+x generateJdk.sh] @22-02-2022 01:55:42.0052 AM
[ReportManager] Terminal Action [PerformTerminalCommands] successfully performed. With the following test data [Host Name: "localHost" | Command: "chmod u+x generateJdk.sh" | Exit Status: "1"]. @22-02-2022 01:55:42.0079 AM
[ReportManager] Successfully created attachment [Terminal Action Actual Result - Command Log] @22-02-2022 01:55:42.0079 AM
[ReportManager] Assertion Passed: Then I Assert that [[#!/bin/bash, export JAVA_HOME=$(/usr/libexec/java_home), export PATH=$JAVA_HOME/bin:$PATH, source ~/.zshenv, echo $JAVA_HOME, echo $PATH, exec bash]] contains [JAVA_HOME=$(/usr/libexec/java_home)]. @22-02-2022 01:55:42.0080 AM
[ReportManager] Assertion [ValidateEquals] PASSED. Expected [JAVA_HOME=$(/usr/libexec/java_home)] and Actual [[#!/bin/bash, export JAVA_HOME=$(/usr/libexec/java_home), export PATH=$JAVA_HOME/bin:$PATH, source ~/.zshenv, echo $JAVA_HOME, echo $PATH, exec bash]]. Comparison Type [CONTAINS]. Validation Type [POSITIVE]. @22-02-2022 01:55:42.0080 A
[ReportManager] File Action [GetAbsolutePath] successfully performed. With the following test data [Relative Folder Path: "target/downloadedFiles/"]. @22-02-2022 01:55:42.0082 AM
[ReportManager] Attempting to run locally on: [Mac-64], [Safari], Headless Execution. @22-02-2022 01:55:42.0083 AM
[ReportManager] Successfully Opened Safari. @22-02-2022 01:55:43.0436 AM
[ReportManager] Initial window size: (800, 600) @22-02-2022 01:55:43.0459 AM
[ReportManager] Window size after SWD Maximize: (1176, 803) @22-02-2022 01:55:43.0496 AM
[ReportManager] Browser Action [MaximizeWindow] successfully performed. With the following test data [New screen size is now: (1176, 803)]. @22-02-2022 01:55:43.0497 AM
[ReportManager] Target URL: [http://the-internet.herokuapp.com/javascript_alerts] @22-02-2022 01:55:43.0497 AM
[ReportManager] Initial URL: [] @22-02-2022 01:55:43.0530 AM
[ReportManager] Browser Action [NavigateToURL] successfully performed. With the following test data [http://the-internet.herokuapp.com/javascript_alerts]. @22-02-2022 01:55:43.0994 A

################################################################################################################################################
Starting Execution:	[88 out of 165] test cases in the current suite
Test Method:		[testPackage01.TestJSConfirmBox.dismissAlert]
################################################################################################################################################
[ReportManager] Element Action [Click] successfully performed. With the following test data [By.xpath: //button[contains(text(),'Click for JS Confirm')]]. @22-02-2022 01:55:44.0250 AM
[ReportManager] Alert is present @22-02-2022 01:55:44.0257 AM
[ReportManager] Element Action [DismissAlert] successfully performed. @22-02-2022 01:55:44.0271 A

################################################################################################################################################
Starting Execution:	[89 out of 165] test cases in the current suite
Test Method:		[testPackage01.TestJSConfirmBox.assertOnCancelAlertResultText]
################################################################################################################################################
[ReportManager] Element Action [GetText] successfully performed. With the following test data [You clicked: Cancel]. @22-02-2022 01:55:44.0350 AM
[ReportManager] Assertion Passed: Then I Assert that the element found by [By.id: result] attribute [TEXT] is equal to [You clicked: Cancel]. @22-02-2022 01:55:44.0507 AM
[ReportManager] Successfully created attachment [Screenshot - 1645494944443_assertOnCancelAlertResultText_ValidateElementAttribute_passed] @22-02-2022 01:55:44.0508 AM
[ReportManager] Assertion [ValidateElementAttribute] PASSED. Expected [Value Should be 'You clicked: Cancel' for the 'text' attribute, element locator 'By.id: result'] and Actual [You clicked: Cancel]. Comparison Type [EQUALS]. Validation Type [POSITIVE]. @22-02-2022 01:55:44.0508 A

################################################################################################################################################
Starting Execution:	[90 out of 165] test cases in the current suite
Test Method:		[testPackage01.TestJSConfirmBox.getAlertText]
################################################################################################################################################
[ReportManager] Element Action [Click] successfully performed. With the following test data [By.xpath: //button[contains(text(),'Click for JS Confirm')]]. @22-02-2022 01:55:44.0704 AM
[ReportManager] Alert is present @22-02-2022 01:55:44.0710 AM
[ReportManager] Alert Text is: [I am a JS Confirm] @22-02-2022 01:55:44.0715 AM
[ReportManager] Element Action [GetAlertText] successfully performed. @22-02-2022 01:55:44.0716 AM
[ReportManager] Alert text is: [I am a JS Confirm] @22-02-2022 01:55:44.0716 AM
[ReportManager] Alert is present @22-02-2022 01:55:44.0722 AM
[ReportManager] Alert Text is: [I am a JS Confirm] @22-02-2022 01:55:44.0752 AM
[ReportManager] Element Action [GetAlertText] successfully performed. @22-02-2022 01:55:44.0753 AM
[ReportManager] Assertion Passed: Then I Assert that [I am a JS Confirm] is equal to [I am a JS Confirm]. @22-02-2022 01:55:44.0753 AM
[ReportManager] Assertion [ValidateEquals] PASSED. Expected [I am a JS Confirm] and Actual [I am a JS Confirm]. Comparison Type [EQUALS]. Validation Type [POSITIVE]. @22-02-2022 01:55:44.0753 A

################################################################################################################################################
Starting Execution:	[91 out of 165] test cases in the current suite
Test Method:		[testPackage01.TestJSConfirmBox.acceptAlert]
################################################################################################################################################
[ReportManager] Alert is not present @22-02-2022 01:56:15.0205 AM
[ReportManager] Element Action [WaitForAlertToBePresent] failed. @22-02-2022 01:56:15.0299 AM
[ReportManager] Successfully created attachment [Screenshot - 1645494975227_acceptAlert_WaitForAlertToBePresent_failed] @22-02-2022 01:56:15.0300 A

################################################################################################################################################
Starting Execution:	[92 out of 165] test cases in the current suite
Test Method:		[testPackage01.TestJSConfirmBox.assertOnConfirmAlertResultText]
###############################################################################################################################################
[ReportManager] Browser Action [CloseCurrentWindow] successfully performed. @22-02-2022 01:56:15.0704 AM
[ReportManager] Successfully created attachment [Browser Action Test Data - CloseCurrentWindow - Actual Value] @22-02-2022 01:56:15.0705 A

################################################################################################################################################
Starting Execution:	[93 out of 165] test cases in the current suite
Test Method:		[testPackage01.Test_NewValidationHelper.f1]
################################################################################################################################################
[ReportManager] Assertion Passed: Checking valid user data @22-02-2022 01:56:15.0708 AM
[ReportManager] Successfully created attachment [Validation Test Data - Expected Value] @22-02-2022 01:56:15.0708 AM
[ReportManager] Successfully created attachment [Validation Test Data - Actual Value] @22-02-2022 01:56:15.0709 AM
[ReportManager] Assertion [ValidateEquals] PASSED. Expected and Actual values are attached. Comparison Type [EQUALS]. Validation Type [POSITIVE]. @22-02-2022 01:56:15.0709 A
[ReportManager] File Action [GetAbsolutePath] successfully performed. With the following test data [Relative Folder Path: "target/downloadedFiles/"]. @22-02-2022 01:56:15.0711 AM
[ReportManager] Attempting to run locally on: [Mac-64], [Safari], Headless Execution. @22-02-2022 01:56:15.0711 AM
[ReportManager] Successfully Opened Safari. @22-02-2022 01:56:17.0055 AM
[ReportManager] Initial window size: (800, 600) @22-02-2022 01:56:17.0068 AM
[ReportManager] Window size after SWD Maximize: (1176, 803) @22-02-2022 01:56:17.0100 AM
[ReportManager] Browser Action [MaximizeWindow] successfully performed. With the following test data [New screen size is now: (1176, 803)]. @22-02-2022 01:56:17.0100 AM
[ReportManager] Target URL: [https://the-internet.herokuapp.com/] @22-02-2022 01:56:17.0100 AM
[ReportManager] Initial URL: [] @22-02-2022 01:56:17.0141 AM
[ReportManager] Browser Action [NavigateToURL] successfully performed. With the following test data [https://the-internet.herokuapp.com/]. @22-02-2022 01:56:17.0645 A

################################################################################################################################################
Starting Execution:	[94 out of 165] test cases in the current suite
Test Method:		[testPackage01.Test_NewValidationHelper.f10]
################################################################################################################################################
[ReportManager] Assertion [ValidateElementExists] FAILED. Expected [Element Should Exist, locator 'By.tagName: div'] and Actual [Element Exists but is not unique]. Comparison Type [EQUALS]. Validation Type [POSITIVE]. @22-02-2022 01:56:17.0938 AM
[ReportManager] Successfully created attachment [Screenshot - 1645494977864_f10_ValidateElementExists_failed] @22-02-2022 01:56:17.0940 A
[ReportManager] Successfully Closed All Drivers. @22-02-2022 01:56:18.0186 A
[ReportManager] File Action [GetAbsolutePath] successfully performed. With the following test data [Relative Folder Path: "target/downloadedFiles/"]. @22-02-2022 01:56:18.0188 AM
[ReportManager] Attempting to run locally on: [Mac-64], [Safari], Headless Execution. @22-02-2022 01:56:18.0188 AM
[ReportManager] An Exception Occured with this Message: Could not start a new session. Possible causes are invalid address of the remote server or browser start-up failure.. @22-02-2022 01:56:18.0403 AM
[ReportManager] Successfully created attachment [Exception Stack Trace - org.openqa.selenium.SessionNotCreatedException] @22-02-2022 01:56:18.0404 AM
[ReportManager] Driver Factory Action [createNewLocalDriverInstanceForSafari] failed. With the following test data [Failed to create a session on DESKTOP_SAFARI]. @22-02-2022 01:56:18.0404 A

################################################################################################################################################
Starting Execution:	[95 out of 165] test cases in the current suite
Test Method:		[testPackage01.Test_NewValidationHelper.f11]
###############################################################################################################################################



################################################################################################################################################
Starting Execution:	[96 out of 165] test cases in the current suite
Test Method:		[testPackage01.Test_NewValidationHelper.f12]
###############################################################################################################################################



################################################################################################################################################
Starting Execution:	[97 out of 165] test cases in the current suite
Test Method:		[testPackage01.Test_NewValidationHelper.f13]
###############################################################################################################################################



################################################################################################################################################
Starting Execution:	[98 out of 165] test cases in the current suite
Test Method:		[testPackage01.Test_NewValidationHelper.f14]
###############################################################################################################################################



################################################################################################################################################
Starting Execution:	[99 out of 165] test cases in the current suite
Test Method:		[testPackage01.Test_NewValidationHelper.f15]
###############################################################################################################################################



################################################################################################################################################
Starting Execution:	[100 out of 165] test cases in the current suite
Test Method:		[testPackage01.Test_NewValidationHelper.f16]
###############################################################################################################################################



################################################################################################################################################
Starting Execution:	[101 out of 165] test cases in the current suite
Test Method:		[testPackage01.Test_NewValidationHelper.f17]
###############################################################################################################################################



################################################################################################################################################
Starting Execution:	[102 out of 165] test cases in the current suite
Test Method:		[testPackage01.Test_NewValidationHelper.f18]
###############################################################################################################################################


################################################################################################################################################
Starting Execution:	[103 out of 165] test cases in the current suite
Test Method:		[testPackage01.Test_NewValidationHelper.f2]
###############################################################################################################################################


################################################################################################################################################
Starting Execution:	[104 out of 165] test cases in the current suite
Test Method:		[testPackage01.Test_NewValidationHelper.f20]
###############################################################################################################################################



################################################################################################################################################
Starting Execution:	[105 out of 165] test cases in the current suite
Test Method:		[testPackage01.Test_NewValidationHelper.f21]
###############################################################################################################################################



################################################################################################################################################
Starting Execution:	[106 out of 165] test cases in the current suite
Test Method:		[testPackage01.Test_NewValidationHelper.f22]
###############################################################################################################################################


################################################################################################################################################
Starting Execution:	[107 out of 165] test cases in the current suite
Test Method:		[testPackage01.Test_NewValidationHelper.f23]
###############################################################################################################################################

################################################################################################################################################
Starting Execution:	[108 out of 165] test cases in the current suite
Test Method:		[testPackage01.Test_NewValidationHelper.f24]
###############################################################################################################################################

################################################################################################################################################
Starting Execution:	[109 out of 165] test cases in the current suite
Test Method:		[testPackage01.Test_NewValidationHelper.f25]
###############################################################################################################################################

################################################################################################################################################
Starting Execution:	[110 out of 165] test cases in the current suite
Test Method:		[testPackage01.Test_NewValidationHelper.f26]
###############################################################################################################################################

################################################################################################################################################
Starting Execution:	[111 out of 165] test cases in the current suite
Test Method:		[testPackage01.Test_NewValidationHelper.f27]
###############################################################################################################################################

################################################################################################################################################
Starting Execution:	[112 out of 165] test cases in the current suite
Test Method:		[testPackage01.Test_NewValidationHelper.f28]
###############################################################################################################################################

################################################################################################################################################
Starting Execution:	[113 out of 165] test cases in the current suite
Test Method:		[testPackage01.Test_NewValidationHelper.f29]
###############################################################################################################################################

################################################################################################################################################
Starting Execution:	[114 out of 165] test cases in the current suite
Test Method:		[testPackage01.Test_NewValidationHelper.f3]
###############################################################################################################################################

################################################################################################################################################
Starting Execution:	[115 out of 165] test cases in the current suite
Test Method:		[testPackage01.Test_NewValidationHelper.f30]
###############################################################################################################################################

################################################################################################################################################
Starting Execution:	[116 out of 165] test cases in the current suite
Test Method:		[testPackage01.Test_NewValidationHelper.f31]
###############################################################################################################################################

################################################################################################################################################
Starting Execution:	[117 out of 165] test cases in the current suite
Test Method:		[testPackage01.Test_NewValidationHelper.f32]
###############################################################################################################################################

################################################################################################################################################
Starting Execution:	[118 out of 165] test cases in the current suite
Test Method:		[testPackage01.Test_NewValidationHelper.f33]
###############################################################################################################################################

################################################################################################################################################
Starting Execution:	[119 out of 165] test cases in the current suite
Test Method:		[testPackage01.Test_NewValidationHelper.f34]
###############################################################################################################################################

################################################################################################################################################
Starting Execution:	[120 out of 165] test cases in the current suite
Test Method:		[testPackage01.Test_NewValidationHelper.f35]
###############################################################################################################################################

################################################################################################################################################
Starting Execution:	[121 out of 165] test cases in the current suite
Test Method:		[testPackage01.Test_NewValidationHelper.f36]
###############################################################################################################################################

################################################################################################################################################
Starting Execution:	[122 out of 165] test cases in the current suite
Test Method:		[testPackage01.Test_NewValidationHelper.f37]
###############################################################################################################################################

################################################################################################################################################
Starting Execution:	[123 out of 165] test cases in the current suite
Test Method:		[testPackage01.Test_NewValidationHelper.f3_1]
###############################################################################################################################################

################################################################################################################################################
Starting Execution:	[124 out of 165] test cases in the current suite
Test Method:		[testPackage01.Test_NewValidationHelper.f4]
###############################################################################################################################################

################################################################################################################################################
Starting Execution:	[125 out of 165] test cases in the current suite
Test Method:		[testPackage01.Test_NewValidationHelper.f5]
###############################################################################################################################################

################################################################################################################################################
Starting Execution:	[126 out of 165] test cases in the current suite
Test Method:		[testPackage01.Test_NewValidationHelper.f6]
###############################################################################################################################################

################################################################################################################################################
Starting Execution:	[127 out of 165] test cases in the current suite
Test Method:		[testPackage01.Test_NewValidationHelper.f6_1]
###############################################################################################################################################

################################################################################################################################################
Starting Execution:	[128 out of 165] test cases in the current suite
Test Method:		[testPackage01.Test_NewValidationHelper.f6_2]
###############################################################################################################################################

################################################################################################################################################
Starting Execution:	[129 out of 165] test cases in the current suite
Test Method:		[testPackage01.Test_NewValidationHelper.f7]
###############################################################################################################################################


################################################################################################################################################
Starting Execution:	[130 out of 165] test cases in the current suite
Test Method:		[testPackage01.Test_NewValidationHelper.f8]
###############################################################################################################################################



################################################################################################################################################
Starting Execution:	[131 out of 165] test cases in the current suite
Test Method:		[testPackage01.Test_NewValidationHelper.f9]
###############################################################################################################################################


################################################################################################################################################
Starting Execution:	[132 out of 165] test cases in the current suite
Test Method:		[testPackage01.Test_NewValidationHelper.forceFail]
###############################################################################################################################################

################################################################################################################################################
Starting Execution:	[133 out of 165] test cases in the current suite
Test Method:		[testPackage01.Test_NewValidationHelper.forceFail2]
###############################################################################################################################################

################################################################################################################################################
Starting Execution:	[134 out of 165] test cases in the current suite
Test Method:		[testPackage01.Test_JsonActions.f]
###############################################################################################################################################

################################################################################################################################################
Starting Execution:	[135 out of 165] test cases in the current suite
Test Method:		[testPackage01.Test_JsonActions.f2]
###############################################################################################################################################

################################################################################################################################################
Starting Execution:	[136 out of 165] test cases in the current suite
Test Method:		[testPackage01.Test_sendGraphqlRequest.sendGraphqlRequestUsingMutationAndVariables]
################################################################################################################################################
[ReportManager] GraphQl Request is being Performed with the Following Parameters [Service URL: https://api.spacex.land/graphql | Request Body: {"variables":"{\"name\": \"sherlock holmes\",\"rocket\": \"221B Baker Street\"}","query":"mutation ($name: String, $rocket: String) {\n  insert_users(objects: {name: $name, rocket: $rocket}) {\n    returning {\n      name\n      rocket\n    }\n  }\n}"}] @22-02-2022 01:56:18.0729 AM
[ReportManager] Response status code: [200], status line: [HTTP/1.1 200 OK] @22-02-2022 01:56:19.0115 AM
[ReportManager] Assertion Passed: Evaluating the actual response status code against the expected one... @22-02-2022 01:56:19.0115 AM
[ReportManager] Assertion [ValidateComparativeRelation] PASSED. Expected [200] and Actual [200]. Comparison Type [EQUALS]. Validation Type [POSITIVE]. @22-02-2022 01:56:19.0115 AM
[ReportManager] API Action [PerformRequest] successfully performed. With the following test data [Request Type: "POST" | Target Status Code: "200" | Service URL: "https://api.spacex.land/graphql" | Content Type: "application/json" | Response Time: "220ms"]. @22-02-2022 01:56:19.0145 AM
[ReportManager] Successfully created attachment [API Request - Specifications] @22-02-2022 01:56:19.0146 AM
[ReportManager] Successfully created attachment [API Request - JSON Body] @22-02-2022 01:56:19.0147 AM
[ReportManager] Successfully created attachment [API Response - JSON Body] @22-02-2022 01:56:19.0148 AM
[ReportManager] API Action [GetResponseJSONValue] successfully performed. With the following test data [data.insert_users.returning[0].name]. @22-02-2022 01:56:19.0201 AM
[ReportManager] Assertion [ValidateEquals] PASSED. Expected [sherlock holmes] and Actual [sherlock holmes]. Comparison Type [EQUALS]. Validation Type [POSITIVE]. @22-02-2022 01:56:19.0201 A

################################################################################################################################################
Starting Execution:	[137 out of 165] test cases in the current suite
Test Method:		[testPackage01.Test_sendGraphqlRequest.sendGraphqlRequestUsingQuery]
################################################################################################################################################
[ReportManager] GraphQl Request is being Performed with the Following Parameters [Service URL: https://api.spacex.land/graphql | Request Body: {"query":"{company {ceo}}"}] @22-02-2022 01:56:19.0205 AM
[ReportManager] Response status code: [200], status line: [HTTP/1.1 200 OK] @22-02-2022 01:56:19.0415 AM
[ReportManager] Assertion Passed: Evaluating the actual response status code against the expected one... @22-02-2022 01:56:19.0415 AM
[ReportManager] Assertion [ValidateComparativeRelation] PASSED. Expected [200] and Actual [200]. Comparison Type [EQUALS]. Validation Type [POSITIVE]. @22-02-2022 01:56:19.0415 AM
[ReportManager] API Action [PerformRequest] successfully performed. With the following test data [Request Type: "POST" | Target Status Code: "200" | Service URL: "https://api.spacex.land/graphql" | Content Type: "application/json" | Response Time: "203ms"]. @22-02-2022 01:56:19.0428 AM
[ReportManager] Successfully created attachment [API Request - Specifications] @22-02-2022 01:56:19.0428 AM
[ReportManager] Successfully created attachment [API Request - JSON Body] @22-02-2022 01:56:19.0429 AM
[ReportManager] Successfully created attachment [API Response - JSON Body] @22-02-2022 01:56:19.0429 AM
[ReportManager] API Action [GetResponseJSONValue] successfully performed. With the following test data [data.company.ceo]. @22-02-2022 01:56:19.0445 AM
[ReportManager] Assertion [ValidateEquals] PASSED. Expected [Elon Musk] and Actual [Elon Musk]. Comparison Type [EQUALS]. Validation Type [POSITIVE]. @22-02-2022 01:56:19.0446 A

################################################################################################################################################
Starting Execution:	[138 out of 165] test cases in the current suite
Test Method:		[testPackage01.Test_MatchJsonSchema.checkAPI_ResponseSchema]
################################################################################################################################################
[ReportManager] Response status code: [200], status line: [HTTP/1.1 200 OK] @22-02-2022 01:56:19.0550 AM
[ReportManager] Assertion Passed: Evaluating the actual response status code against the expected one... @22-02-2022 01:56:19.0550 AM
[ReportManager] Assertion [ValidateComparativeRelation] PASSED. Expected [200] and Actual [200]. Comparison Type [EQUALS]. Validation Type [POSITIVE]. @22-02-2022 01:56:19.0550 AM
[ReportManager] API Action [PerformRequest] successfully performed. With the following test data [Request Type: "GET" | Target Status Code: "200" | Service URL: "http://api.zippopotam.us/us/90210" | Content Type: "*/*" | Response Time: "95ms"]. @22-02-2022 01:56:19.0562 AM
[ReportManager] Successfully created attachment [API Request - Specifications] @22-02-2022 01:56:19.0563 AM
[ReportManager] Successfully created attachment [API Response - JSON Body] @22-02-2022 01:56:19.0564 AM
[ReportManager] File Action [GetAbsolutePath] successfully performed. With the following test data [Relative Folder Path: "src/test/resources/testDataFiles/schema.json"]. @22-02-2022 01:56:19.0565 AM
[ReportManager] File Action [GetAbsolutePath] successfully performed. With the following test data [Relative Folder Path: "/Users/runner/work/SHAFT_ENGINE/SHAFT_ENGINE/src/test/resources/testDataFiles/schema.json"]. @22-02-2022 01:56:20.0375 AM
[ReportManager] File Action [ReadFromFile] successfully performed. With the following test data [File Path: "/Users/runner/work/SHAFT_ENGINE/SHAFT_ENGINE/src/test/resources/testDataFiles/schema.json"]. @22-02-2022 01:56:20.0375 AM
[ReportManager] Assertion Passed: Then I Assert that the API response schema matches that in this file [src/test/resources/testDataFiles/schema.json]. @22-02-2022 01:56:20.0376 AM
[ReportManager] Successfully created attachment [Validation Test Data - Expected JSON Value] @22-02-2022 01:56:20.0377 AM
[ReportManager] Successfully created attachment [Validation Test Data - Actual JSON Value] @22-02-2022 01:56:20.0378 AM
[ReportManager] Assertion [ValidateResponseFileSchema] PASSED. Expected [Response data should match the JSON File in this path '/Users/runner/work/SHAFT_ENGINE/SHAFT_ENGINE/src/test/resources/testDataFiles/schema.json'] and Actual [TRUE]. Comparison Type [EQUALS]. Validation Type [POSITIVE]. @22-02-2022 01:56:20.0378 A
[ReportManager] File Action [GetAbsolutePath] successfully performed. With the following test data [Relative Folder Path: "target/downloadedFiles/"]. @22-02-2022 01:56:20.0380 AM
[ReportManager] Attempting to run locally on: [Mac-64], [Safari], Headless Execution. @22-02-2022 01:56:20.0380 AM
[ReportManager] Successfully Opened Safari. @22-02-2022 01:56:21.0218 AM
[ReportManager] Initial window size: (800, 600) @22-02-2022 01:56:21.0237 AM
[ReportManager] Window size after SWD Maximize: (1176, 803) @22-02-2022 01:56:21.0250 AM
[ReportManager] Browser Action [MaximizeWindow] successfully performed. With the following test data [New screen size is now: (1176, 803)]. @22-02-2022 01:56:21.0250 A

################################################################################################################################################
Starting Execution:	[139 out of 165] test cases in the current suite
Test Method:		[testPackage01.Test_dragAndDrop.dragAndDropJquery]
################################################################################################################################################
[ReportManager] Target URL: [https://jqueryui.com/resources/demos/droppable/default.html] @22-02-2022 01:56:21.0254 AM
[ReportManager] Initial URL: [] @22-02-2022 01:56:21.0302 AM
[ReportManager] Browser Action [NavigateToURL] successfully performed. With the following test data [https://jqueryui.com/resources/demos/droppable/default.html]. @22-02-2022 01:56:21.0649 AM
[ReportManager] Element Action [GetText] successfully performed. With the following test data [
	Drop here
]. @22-02-2022 01:56:21.0689 AM
[ReportManager] Element Action [DragAndDrop] successfully performed. With the following test data [Start point: (8, 18), End point: (8, 18)]. @22-02-2022 01:56:22.0755 AM
[ReportManager] Element Action [GetText] successfully performed. With the following test data [
	Dropped!
]. @22-02-2022 01:56:22.0788 AM
[ReportManager] Assertion Passed: Checking to see if the text has changed after performing drag and drop @22-02-2022 01:56:22.0789 AM
[ReportManager] Assertion [ValidateEquals] PASSED. Expected [
	Drop here
] and Actual [
	Dropped!
]. Comparison Type [EQUALS]. Validation Type [NEGATIVE]. @22-02-2022 01:56:22.0789 A
[ReportManager] Browser Action [CloseCurrentWindow] successfully performed. @22-02-2022 01:56:23.0204 AM
[ReportManager] Successfully created attachment [Browser Action Test Data - CloseCurrentWindow - Actual Value] @22-02-2022 01:56:23.0205 A
[ReportManager] File Action [GetAbsolutePath] successfully performed. With the following test data [Relative Folder Path: "target/downloadedFiles/"]. @22-02-2022 01:56:23.0207 AM
[ReportManager] Attempting to run locally on: [Mac-64], [Safari], Headless Execution. @22-02-2022 01:56:23.0207 AM
[ReportManager] Successfully Opened Safari. @22-02-2022 01:56:24.0043 AM
[ReportManager] Initial window size: (800, 600) @22-02-2022 01:56:24.0053 AM
[ReportManager] Window size after SWD Maximize: (1176, 803) @22-02-2022 01:56:24.0081 AM
[ReportManager] Browser Action [MaximizeWindow] successfully performed. With the following test data [New screen size is now: (1176, 803)]. @22-02-2022 01:56:24.0082 A

################################################################################################################################################
Starting Execution:	[140 out of 165] test cases in the current suite
Test Method:		[testPackage01.Test_dragAndDrop.dragAndDrop]
Test Description:	[TC001 - Test Drag and Drop function.]
################################################################################################################################################
[ReportManager] Target URL: [http://the-internet.herokuapp.com/drag_and_drop] @22-02-2022 01:56:24.0084 AM
[ReportManager] Initial URL: [] @22-02-2022 01:56:24.0125 AM
[ReportManager] Browser Action [NavigateToURL] successfully performed. With the following test data [http://the-internet.herokuapp.com/drag_and_drop]. @22-02-2022 01:56:24.0806 AM
[ReportManager] Attempting Drag and Drop @22-02-2022 01:56:24.0807 AM
[ReportManager] Element Action [DragAndDrop] successfully performed. With the following test data [Start point: (120, 89), End point: (335, 89)]. @22-02-2022 01:56:25.0494 A
[ReportManager] Browser Action [CloseCurrentWindow] successfully performed. @22-02-2022 01:56:25.0844 AM
[ReportManager] Successfully created attachment [Browser Action Test Data - CloseCurrentWindow - Actual Value] @22-02-2022 01:56:25.0845 A
[ReportManager] File Action [GetAbsolutePath] successfully performed. With the following test data [Relative Folder Path: "target/downloadedFiles/"]. @22-02-2022 01:56:25.0847 AM
[ReportManager] Attempting to run locally on: [Mac-64], [Safari], Headless Execution. @22-02-2022 01:56:25.0847 AM
[ReportManager] Successfully Opened Safari. @22-02-2022 01:56:26.0709 AM
[ReportManager] Initial window size: (800, 600) @22-02-2022 01:56:26.0735 AM
[ReportManager] Window size after SWD Maximize: (1176, 803) @22-02-2022 01:56:26.0748 AM
[ReportManager] Browser Action [MaximizeWindow] successfully performed. With the following test data [New screen size is now: (1176, 803)]. @22-02-2022 01:56:26.0748 A

################################################################################################################################################
Starting Execution:	[141 out of 165] test cases in the current suite
Test Method:		[testPackage01.Test_dragAndDrop.dragAndDropByOffset]
Test Description:	[TC002 - Test Drag and Drop by offset function.]
################################################################################################################################################
[ReportManager] Target URL: [https://jqueryui.com/resources/demos/draggable/default.html] @22-02-2022 01:56:26.0753 AM
[ReportManager] Initial URL: [] @22-02-2022 01:56:26.0811 AM
[ReportManager] Browser Action [NavigateToURL] successfully performed. With the following test data [https://jqueryui.com/resources/demos/draggable/default.html]. @22-02-2022 01:56:27.0249 AM
[ReportManager] Element Action [DragAndDropByOffset] successfully performed. With the following test data [Start point: (8, 8), End point: (108, 58)]. @22-02-2022 01:56:28.0039 A
[ReportManager] Browser Action [CloseCurrentWindow] successfully performed. @22-02-2022 01:56:28.0454 AM
[ReportManager] Successfully created attachment [Browser Action Test Data - CloseCurrentWindow - Actual Value] @22-02-2022 01:56:28.0455 A
[ReportManager] Successfully loaded the following test data file [src/test/resources/testDataFiles/testSuite01/TestData.xlsx]. @22-02-2022 01:56:28.0493 AM
[ReportManager] Successfully created attachment [Test Data - Excel] @22-02-2022 01:56:28.0494 AM
[ReportManager] File Action [GetAbsolutePath] successfully performed. With the following test data [Relative Folder Path: "target/downloadedFiles/"]. @22-02-2022 01:56:28.0494 AM
[ReportManager] Attempting to run locally on: [Mac-64], [Safari], Headless Execution. @22-02-2022 01:56:28.0494 AM
[ReportManager] Successfully Opened Safari. @22-02-2022 01:56:29.0345 AM
[ReportManager] Initial window size: (800, 600) @22-02-2022 01:56:29.0365 AM
[ReportManager] Window size after SWD Maximize: (1176, 803) @22-02-2022 01:56:29.0380 AM
[ReportManager] Browser Action [MaximizeWindow] successfully performed. With the following test data [New screen size is now: (1176, 803)]. @22-02-2022 01:56:29.0381 A

################################################################################################################################################
Starting Execution:	[142 out of 165] test cases in the current suite
Test Method:		[testPackage01.Test_google.navigateToURLandVerifyGoogleLogoIsDisplayed]
Test Description:	[TC001 - Navigate to URL and Verify Google Logo is Displayed]
################################################################################################################################################
[ReportManager] Target URL: [https://www.google.com/ncr], and after redirection: [https://www.google.com] @22-02-2022 01:56:29.0383 AM
[ReportManager] Initial URL: [] @22-02-2022 01:56:29.0445 AM
[ReportManager] Browser Action [NavigateToURL] successfully performed. With the following test data [https://www.google.com/ncr]. @22-02-2022 01:56:30.0981 AM
[ReportManager] Assertion Passed: Then I Assert that the element found by [By.xpath: //*[@id='hplogo' or @alt='Google']] exists. @22-02-2022 01:56:31.0160 AM
[ReportManager] Successfully created attachment [Screenshot - 1645494991093_navigateToURLandVerifyGoogleLogoIsDisplayed_ValidateElementExists_passed] @22-02-2022 01:56:31.0161 AM
[ReportManager] Assertion [ValidateElementExists] PASSED. Expected [Element Should Exist, locator 'By.xpath: //*[@id='hplogo' or @alt='Google']'] and Actual [Element Exists]. Comparison Type [EQUALS]. Validation Type [POSITIVE]. @22-02-2022 01:56:31.0161 A

################################################################################################################################################
Starting Execution:	[143 out of 165] test cases in the current suite
Test Method:		[testPackage01.Test_google.searchForQueryandAssertResultsNumDisplayed]
Test Description:	[TC002 - Search for Query and Assert that the number of results is displayed]
################################################################################################################################################
[ReportManager] Element Action [Type] successfully performed. With the following test data [SHAFT_Engine]. @22-02-2022 01:56:31.0478 AM
[ReportManager] Element Action [KeyPress] successfully performed. With the following test data [Enter]. @22-02-2022 01:56:31.0540 AM
[ReportManager] Element Action [GetText] successfully performed. With the following test data [About 494,000 results (0.53 seconds)Â Quick SettingsSee all settingsPrivacySearch historyYour data in SearchUsing SearchExplicit results filterLearn more about SafeSearchHide explicit resultsLanguagesEnglishAdvanced searchAppearanceLight themeDark themeDevice defaultSupportSearch help]. @22-02-2022 01:56:32.0966 AM
[ReportManager] Assertion Passed: Then I Assert that the element found by [By.id: appbar] text does not equal []. @22-02-2022 01:56:33.0224 AM
[ReportManager] Successfully created attachment [Screenshot - 1645494993091_searchForQueryandAssertResultsNumDisplayed_ValidateElementAttribute_passed] @22-02-2022 01:56:33.0225 AM
[ReportManager] Assertion [ValidateElementAttribute] PASSED. Expected [Value Should not be '' for the 'text' attribute, element locator 'By.id: appbar'] and Actual [About 494,000 results (0.53 seconds)Â Quick SettingsSee all settingsPrivacySearch historyYour data in SearchUsing SearchExplicit results filterLearn more about SafeSearchHide explicit resultsLanguagesEnglishAdvanced searchAppearanceLight themeDark themeDevice defaultSupportSearch help]. Comparison Type [EQUALS]. Validation Type [NEGATIVE]. @22-02-2022 01:56:33.0225 A

################################################################################################################################################
Starting Execution:	[144 out of 165] test cases in the current suite
Test Method:		[testPackage01.Test_google.clickNextThrice]
Test Description:	[TC003 - Clicks the next button to make sure that the framework can scroll element into view before clicking it]
################################################################################################################################################
[ReportManager] Element Action [Click] successfully performed. With the following test data [By.xpath: //span[text()='Next']]. @22-02-2022 01:56:33.0414 A
[ReportManager] Successfully Closed All Drivers. @22-02-2022 01:56:33.0675 A
[ReportManager] File Action [GetAbsolutePath] successfully performed. With the following test data [Relative Folder Path: "target/downloadedFiles/"]. @22-02-2022 01:56:33.0677 AM
[ReportManager] Attempting to run locally on: [Mac-64], [Safari], Headless Execution. @22-02-2022 01:56:33.0677 AM
[ReportManager] Successfully Opened Safari. @22-02-2022 01:56:34.0499 AM
[ReportManager] Initial window size: (800, 600) @22-02-2022 01:56:34.0517 AM
[ReportManager] Window size after SWD Maximize: (1176, 803) @22-02-2022 01:56:34.0549 AM
[ReportManager] Browser Action [MaximizeWindow] successfully performed. With the following test data [New screen size is now: (1176, 803)]. @22-02-2022 01:56:34.0550 A

################################################################################################################################################
Starting Execution:	[145 out of 165] test cases in the current suite
Test Method:		[testPackage01.Test_chainableElementActions.chainElementActions]
################################################################################################################################################
[ReportManager] Target URL: [https://www.google.com/ncr], and after redirection: [https://www.google.com] @22-02-2022 01:56:34.0561 AM
[ReportManager] Initial URL: [] @22-02-2022 01:56:34.0603 AM
[ReportManager] Browser Action [NavigateToURL] successfully performed. With the following test data [https://www.google.com/ncr]. @22-02-2022 01:56:36.0064 AM
[ReportManager] Element Action [Type] successfully performed. With the following test data [chained type 1]. @22-02-2022 01:56:36.0337 AM
[ReportManager] Element Action [Type] successfully performed. With the following test data [chained type 2]. @22-02-2022 01:56:36.0597 AM
[ReportManager] Element Action [TypeAppend] successfully performed. With the following test data [345]. @22-02-2022 01:56:36.0684 AM
[ReportManager] Element Action [GetText] successfully performed. With the following test data [chained type 2345]. @22-02-2022 01:56:36.0766 AM
[ReportManager] Assertion Passed: Then I Assert that the element found by [By.name: q] text is equal to [chained type 2345]. @22-02-2022 01:56:36.0974 AM
[ReportManager] Successfully created attachment [Screenshot - 1645494996858_chainElementActions_ValidateElementAttribute_passed] @22-02-2022 01:56:36.0975 AM
[ReportManager] Assertion [ValidateElementAttribute] PASSED. Expected [Value Should be 'chained type 2345' for the 'text' attribute, element locator 'By.name: q'] and Actual [chained type 2345]. Comparison Type [EQUALS]. Validation Type [POSITIVE]. @22-02-2022 01:56:36.0975 A
[ReportManager] Successfully Closed All Drivers. @22-02-2022 01:56:37.0374 A
[ReportManager] File Action [GetAbsolutePath] successfully performed. With the following test data [Relative Folder Path: "target/downloadedFiles/"]. @22-02-2022 01:56:37.0377 AM
[ReportManager] Attempting to run locally on: [Mac-64], [Safari], Headless Execution. @22-02-2022 01:56:37.0377 AM
[ReportManager] An Exception Occured with this Message: Could not start a new session. Possible causes are invalid address of the remote server or browser start-up failure.. @22-02-2022 01:56:37.0467 AM
[ReportManager] Successfully created attachment [Exception Stack Trace - org.openqa.selenium.SessionNotCreatedException] @22-02-2022 01:56:37.0467 AM
[ReportManager] Driver Factory Action [createNewLocalDriverInstanceForSafari] failed. With the following test data [Failed to create a session on DESKTOP_SAFARI]. @22-02-2022 01:56:37.0468 A

################################################################################################################################################
Starting Execution:	[146 out of 165] test cases in the current suite
Test Method:		[testPackage01.Test_RelativeLocators.relativeLocatorsTest1]
###############################################################################################################################################


################################################################################################################################################
Starting Execution:	[147 out of 165] test cases in the current suite
Test Method:		[testPackage01.Test_JsonCompareWithSpecialCharacters.specialCharacters]
################################################################################################################################################
[ReportManager] File Action [GetAbsolutePath] successfully performed. With the following test data [Relative Folder Path: "src/test/resources/testDataFiles/specialCharacters.json"]. @22-02-2022 01:56:37.0483 AM
[ReportManager] File Action [ReadFromFile] successfully performed. With the following test data [File Path: "/Users/runner/work/SHAFT_ENGINE/SHAFT_ENGINE/src/test/resources/testDataFiles/specialCharacters.json"]. @22-02-2022 01:56:37.0485 AM
[ReportManager] Successfully created attachment [File Action Actual Result - Command Log] @22-02-2022 01:56:37.0486 AM
[ReportManager] Comparing the provided API response with the file at this path "src/test/resources/testDataFiles/specialCharacters.json", comparison type "EQUALS" @22-02-2022 01:56:37.0488 AM
[ReportManager] API Action [CompareJSON] successfully performed. With the following test data [src/test/resources/testDataFiles/specialCharacters.json]. @22-02-2022 01:56:37.0498 AM
[ReportManager] File Action [GetAbsolutePath] successfully performed. With the following test data [Relative Folder Path: "src/test/resources/testDataFiles/specialCharacters.json"]. @22-02-2022 01:56:37.0498 AM
[ReportManager] File Action [ReadFromFile] successfully performed. With the following test data [File Path: "/Users/runner/work/SHAFT_ENGINE/SHAFT_ENGINE/src/test/resources/testDataFiles/specialCharacters.json"]. @22-02-2022 01:56:37.0498 AM
[ReportManager] Verification [ValidateJSONFileContent] PASSED. Expected [Response data should match the JSON File in this path 'src/test/resources/testDataFiles/specialCharacters.json'] and Actual [TRUE]. Comparison Type [EQUALS]. Validation Type [POSITIVE]. @22-02-2022 01:56:37.0502 AM
[ReportManager] Successfully created attachment [Validation Test Data - Expected JSON Value] @22-02-2022 01:56:37.0503 AM
[ReportManager] Successfully created attachment [Validation Test Data - Actual JSON Value] @22-02-2022 01:56:37.0503 A

################################################################################################################################################
Starting Execution:	[148 out of 165] test cases in the current suite
Test Method:		[testPackage01.Test_JsonCompareWithSpecialCharacters.specialCharacters_assertion]
################################################################################################################################################
[ReportManager] File Action [GetAbsolutePath] successfully performed. With the following test data [Relative Folder Path: "src/test/resources/testDataFiles/specialCharacters.json"]. @22-02-2022 01:56:37.0511 AM
[ReportManager] File Action [ReadFromFile] successfully performed. With the following test data [File Path: "/Users/runner/work/SHAFT_ENGINE/SHAFT_ENGINE/src/test/resources/testDataFiles/specialCharacters.json"]. @22-02-2022 01:56:37.0511 AM
[ReportManager] Successfully created attachment [File Action Actual Result - Command Log] @22-02-2022 01:56:37.0512 AM
[ReportManager] Comparing the provided API response with the file at this path "src/test/resources/testDataFiles/specialCharacters.json", comparison type "CONTAINS" @22-02-2022 01:56:37.0512 AM
[ReportManager] API Action [CompareJSON] successfully performed. With the following test data [src/test/resources/testDataFiles/specialCharacters.json]. @22-02-2022 01:56:37.0520 AM
[ReportManager] File Action [GetAbsolutePath] successfully performed. With the following test data [Relative Folder Path: "src/test/resources/testDataFiles/specialCharacters.json"]. @22-02-2022 01:56:37.0520 AM
[ReportManager] File Action [ReadFromFile] successfully performed. With the following test data [File Path: "/Users/runner/work/SHAFT_ENGINE/SHAFT_ENGINE/src/test/resources/testDataFiles/specialCharacters.json"]. @22-02-2022 01:56:37.0521 AM
[ReportManager] Assertion Passed: trying out the log message @22-02-2022 01:56:37.0524 AM
[ReportManager] Successfully created attachment [Validation Test Data - Expected JSON Value] @22-02-2022 01:56:37.0525 AM
[ReportManager] Successfully created attachment [Validation Test Data - Actual JSON Value] @22-02-2022 01:56:37.0526 AM
[ReportManager] Assertion [ValidateJSONFileContent] PASSED. Expected [Response data should match the JSON File in this path 'src/test/resources/testDataFiles/specialCharacters.json'] and Actual [TRUE]. Comparison Type [CONTAINS]. Validation Type [POSITIVE]. @22-02-2022 01:56:37.0526 A

################################################################################################################################################
Starting Execution:	[149 out of 165] test cases in the current suite
Test Method:		[testPackage01.Test_SkipDueToIssue.doNotSkip]
################################################################################################################################################
[ReportManager] This should not be skipped. @22-02-2022 01:56:37.0530 A

################################################################################################################################################
Starting Execution:	[150 out of 165] test cases in the current suite
Test Method:		[testPackage01.Test_SkipDueToIssue.skip]
################################################################################################################################################
[ReportManager] This should be skipped. @22-02-2022 01:56:37.0538 A

################################################################################################################################################
Starting Execution:	[151 out of 165] test cases in the current suite
Test Method:		[testPackage01.Test_SkipDueToIssue.skip2]
################################################################################################################################################
[ReportManager] This should be skipped. @22-02-2022 01:56:37.0545 A

################################################################################################################################################
Starting Execution:	[152 out of 165] test cases in the current suite
Test Method:		[testPackage01.Test_JSONFileManager.readStringFromJson]
################################################################################################################################################
[ReportManager] File Action [GetAbsolutePath] successfully performed. With the following test data [Relative Folder Path: "src/test/resources/testDataFiles/simpleJSON.json"]. @22-02-2022 01:56:37.0552 AM
[ReportManager] Successfully loaded the following test data file [src/test/resources/testDataFiles/simpleJSON.json]. @22-02-2022 01:56:37.0553 AM
[ReportManager] Successfully created attachment [Test Data - JSON] @22-02-2022 01:56:37.0553 AM
[ReportManager] File Action [GetAbsolutePath] successfully performed. With the following test data [Relative Folder Path: "src/test/resources/testDataFiles/simpleJSON.json"]. @22-02-2022 01:56:37.0554 AM
[ReportManager] Assertion [ValidateEquals] PASSED. Expected [Mohab Mohie] and Actual [Mohab Mohie]. Comparison Type [EQUALS]. Validation Type [POSITIVE]. @22-02-2022 01:56:37.0569 A
[ReportManager] File Action [GetAbsolutePath] successfully performed. With the following test data [Relative Folder Path: "target/downloadedFiles/"]. @22-02-2022 01:56:37.0572 AM
[ReportManager] Attempting to run locally on: [Mac-64], [Safari], Headless Execution. @22-02-2022 01:56:37.0573 AM
[ReportManager] Successfully Opened Safari. @22-02-2022 01:56:38.0463 AM
[ReportManager] Initial window size: (800, 600) @22-02-2022 01:56:38.0478 AM
[ReportManager] Window size after SWD Maximize: (1176, 803) @22-02-2022 01:56:38.0506 AM
[ReportManager] Browser Action [MaximizeWindow] successfully performed. With the following test data [New screen size is now: (1176, 803)]. @22-02-2022 01:56:38.0507 A

################################################################################################################################################
Starting Execution:	[153 out of 165] test cases in the current suite
Test Method:		[testPackage01.Test_assertEquals.test_assertElementAttribute]
################################################################################################################################################
[ReportManager] Target URL: [https://www.google.com/ncr], and after redirection: [https://www.google.com] @22-02-2022 01:56:38.0511 AM
[ReportManager] Initial URL: [] @22-02-2022 01:56:38.0589 AM
[ReportManager] Browser Action [NavigateToURL] successfully performed. With the following test data [https://www.google.com/ncr]. @22-02-2022 01:56:39.0918 AM
[ReportManager] Element Action [Type] successfully performed. With the following test data [INC_004010050:Another SCHEDULER with the same name [Duplicate Job Name] already exists.]. @22-02-2022 01:56:40.0727 AM
[ReportManager] Element Action [GetText] successfully performed. With the following test data [INC_004010050:Another SCHEDULER with the same name [Duplicate Job Name] already exists.]. @22-02-2022 01:56:40.0782 AM
[ReportManager] Assertion [ValidateElementAttribute] PASSED. Expected [Value Should be 'INC_004010050:Another SCHEDULER with the same name \[Duplicate Job Name\] already exists.' for the 'text' attribute, element locator 'By.name: q'] and Actual [INC_004010050:Another SCHEDULER with the same name [Duplicate Job Name] already exists.]. Comparison Type [MATCHES]. Validation Type [POSITIVE]. @22-02-2022 01:56:40.0939 AM
[ReportManager] Successfully created attachment [Screenshot - 1645495000870_test_assertElementAttribute_ValidateElementAttribute_passed] @22-02-2022 01:56:40.0941 A
[ReportManager] Browser Action [CloseCurrentWindow] successfully performed. @22-02-2022 01:56:41.0183 AM
[ReportManager] Successfully created attachment [Browser Action Test Data - CloseCurrentWindow - Actual Value] @22-02-2022 01:56:41.0184 A
[ReportManager] File Action [GetAbsolutePath] successfully performed. With the following test data [Relative Folder Path: "target/downloadedFiles/"]. @22-02-2022 01:56:41.0185 AM
[ReportManager] Attempting to run locally on: [Mac-64], [Safari], Headless Execution. @22-02-2022 01:56:41.0186 AM
[ReportManager] Successfully Opened Safari. @22-02-2022 01:56:42.0078 AM
[ReportManager] Initial window size: (800, 600) @22-02-2022 01:56:42.0083 AM
[ReportManager] Window size after SWD Maximize: (1176, 803) @22-02-2022 01:56:42.0115 AM
[ReportManager] Browser Action [MaximizeWindow] successfully performed. With the following test data [New screen size is now: (1176, 803)]. @22-02-2022 01:56:42.0115 A

################################################################################################################################################
Starting Execution:	[154 out of 165] test cases in the current suite
Test Method:		[testPackage01.Test_IsElementClickable.testIsElementClickable]
################################################################################################################################################
[ReportManager] Target URL: [https://the-internet.herokuapp.com/] @22-02-2022 01:56:42.0118 AM
[ReportManager] Initial URL: [] @22-02-2022 01:56:42.0164 AM
[ReportManager] Browser Action [NavigateToURL] successfully performed. With the following test data [https://the-internet.herokuapp.com/]. @22-02-2022 01:56:42.0789 AM
[ReportManager] Element Action [IsElementClickable] successfully performed. @22-02-2022 01:56:42.0874 AM
[ReportManager] Assertion [ValidateTrue] PASSED. Expected [TRUE] and Actual [TRUE]. Validation Type [POSITIVE]. @22-02-2022 01:56:42.0874 A
[ReportManager] Browser Action [CloseCurrentWindow] successfully performed. @22-02-2022 01:56:43.0111 AM
[ReportManager] Successfully created attachment [Browser Action Test Data - CloseCurrentWindow - Actual Value] @22-02-2022 01:56:43.0111 A
[ReportManager] Successfully loaded the following test data file [src/test/resources/testDataFiles/testSuite01/TestData.xlsx]. @22-02-2022 01:56:43.0172 AM
[ReportManager] Successfully created attachment [Test Data - Excel] @22-02-2022 01:56:43.0173 AM
[ReportManager] Attempting to run using Playwright locally on: [Mac-64], [Safari], Headless Execution. @22-02-2022 01:57:06.0227 AM
[ReportManager] File Action [GetAbsolutePath] successfully performed. With the following test data [Relative Folder Path: "target/downloadedFiles/"]. @22-02-2022 01:57:06.0229 AM
[ReportManager] Initial window size: (1280, 720) @22-02-2022 01:57:10.0534 AM
[ReportManager] Window size after Toolkit: com.microsoft.playwright.options.ViewportSize@1aeb3f76 @22-02-2022 01:57:10.0543 AM
[ReportManager] Browser Action [MaximizeWindow] successfully performed. With the following test data [New screen size is now: (1920, 1080)]. @22-02-2022 01:57:10.0544 A

################################################################################################################################################
Starting Execution:	[155 out of 165] test cases in the current suite
Test Method:		[testPackage01.Test_google_playwright.navigateToURLandVerifyGoogleLogoIsDisplayed]
Test Description:	[TC001 - Navigate to URL and Verify Google Logo is Displayed]
################################################################################################################################################
[ReportManager] Target URL: [https://www.google.com/ncr], and after redirection: [https://www.google.com] @22-02-2022 01:57:10.0548 AM
[ReportManager] Initial URL: [about:blank] @22-02-2022 01:57:11.0127 AM
[ReportManager] Browser Action [NavigateToURL] successfully performed. With the following test data [https://www.google.com/ncr]. @22-02-2022 01:57:13.0439 AM
[ReportManager] Assertion [ValidateElementExists] PASSED. Expected [Element Should Exist, locator 'xpath=//*[@id='hplogo' or @alt='Google']'] and Actual [Element Exists]. Comparison Type [EQUALS]. Validation Type [POSITIVE]. @22-02-2022 01:57:13.0719 AM
[ReportManager] Successfully created attachment [Screenshot - 1645495033600_navigateToURLandVerifyGoogleLogoIsDisplayed_ValidateElementExists_passed] @22-02-2022 01:57:13.0721 A

################################################################################################################################################
Starting Execution:	[156 out of 165] test cases in the current suite
Test Method:		[testPackage01.Test_google_playwright.searchForQueryandAssertResultsNumDisplayed]
Test Description:	[TC002 - Search for Query and Assert that the number of results is displayed]
################################################################################################################################################
[ReportManager] Element Action [Type] successfully performed. With the following test data [SHAFT_Engine]. @22-02-2022 01:57:13.0989 AM
[ReportManager] Element Action [KeyPress] successfully performed. With the following test data [Enter]. @22-02-2022 01:57:14.0025 AM
[ReportManager] Element Action [GetText] successfully performed. With the following test data [About 798,000 results (0.40 seconds)Â 
]. @22-02-2022 01:57:14.0836 AM
[ReportManager] Assertion [ValidateElementAttribute] PASSED. Expected [Value Should not be '' for the 'text' attribute, element locator 'xpath=//div[@id='appbar']'] and Actual [About 798,000 results (0.40 seconds)Â 
]. Comparison Type [EQUALS]. Validation Type [NEGATIVE]. @22-02-2022 01:57:16.0323 AM
[ReportManager] Successfully created attachment [Screenshot - 1645495036183_searchForQueryandAssertResultsNumDisplayed_ValidateElementAttribute_passed] @22-02-2022 01:57:16.0324 A

################################################################################################################################################
Starting Execution:	[157 out of 165] test cases in the current suite
Test Method:		[testPackage01.Test_google_playwright.clickNextThrice]
Test Description:	[TC003 - Clicks the next button to make sure that the framework can scroll element into view before clicking it]
################################################################################################################################################
[ReportManager] Element Action [Click] successfully performed. With the following test data [Next]. @22-02-2022 01:57:16.0587 A
[ReportManager] Failed to find video recording. @22-02-2022 01:57:16.0590 AM
[ReportManager] Successfully Closed PlayWright Driver. @22-02-2022 01:57:16.0631 A
[ReportManager] File Action [GetAbsolutePath] successfully performed. With the following test data [Relative Folder Path: "target/downloadedFiles/"]. @22-02-2022 01:57:16.0633 AM
[ReportManager] Attempting to run locally on: [Mac-64], [Safari], Headless Execution. @22-02-2022 01:57:16.0633 AM
[ReportManager] Successfully Opened Safari. @22-02-2022 01:57:17.0493 AM
[ReportManager] Initial window size: (800, 600) @22-02-2022 01:57:17.0509 AM
[ReportManager] Window size after SWD Maximize: (1176, 803) @22-02-2022 01:57:17.0547 AM
[ReportManager] Browser Action [MaximizeWindow] successfully performed. With the following test data [New screen size is now: (1176, 803)]. @22-02-2022 01:57:17.0547 A

################################################################################################################################################
Starting Execution:	[158 out of 165] test cases in the current suite
Test Method:		[testPackage01.Test_verifyEquals.test_assertElementAttribute]
################################################################################################################################################
[ReportManager] Target URL: [https://www.google.com/ncr], and after redirection: [https://www.google.com] @22-02-2022 01:57:17.0550 AM
[ReportManager] Initial URL: [] @22-02-2022 01:57:17.0607 AM
[ReportManager] Browser Action [NavigateToURL] successfully performed. With the following test data [https://www.google.com/ncr]. @22-02-2022 01:57:18.0964 AM
[ReportManager] Element Action [Type] successfully performed. With the following test data [INC_004010050:Another SCHEDULER with the same name [Duplicate Job Name] already exists.]. @22-02-2022 01:57:19.0765 AM
[ReportManager] Element Action [GetText] successfully performed. With the following test data [INC_004010050:Another SCHEDULER with the same name [Duplicate Job Name] already exists.]. @22-02-2022 01:57:19.0836 AM
[ReportManager] Verification [ValidateElementAttribute] PASSED. Expected [Value Should be 'INC_004010050:Another SCHEDULER with the same name \[Duplicate Job Name\] already exists.' for the 'text' attribute, element locator 'By.name: q'] and Actual [INC_004010050:Another SCHEDULER with the same name [Duplicate Job Name] already exists.]. Comparison Type [MATCHES]. Validation Type [POSITIVE]. @22-02-2022 01:57:19.0979 AM
[ReportManager] Successfully created attachment [Screenshot - 1645495039915_test_assertElementAttribute_ValidateElementAttribute_passed] @22-02-2022 01:57:19.0981 A
[ReportManager] Browser Action [CloseCurrentWindow] successfully performed. @22-02-2022 01:57:20.0382 AM
[ReportManager] Successfully created attachment [Browser Action Test Data - CloseCurrentWindow - Actual Value] @22-02-2022 01:57:20.0382 A

################################################################################################################################################
Starting Execution:	[159 out of 165] test cases in the current suite
Test Method:		[testPackage01.Test_SelectedValue.multipleSelect]
################################################################################################################################################
[ReportManager] File Action [GetAbsolutePath] successfully performed. With the following test data [Relative Folder Path: "target/downloadedFiles/"]. @22-02-2022 01:57:20.0385 AM
[ReportManager] Attempting to run locally on: [Mac-64], [GoogleChrome], Headless Execution. @22-02-2022 01:57:20.0386 AM
[ReportManager] Identifying OS/Driver combination and selecting the correct driver version automatically. Please note that if a new driver executable will be downloaded it may take some time... @22-02-2022 01:57:20.0386 AM
[ReportManager] Successfully Opened Google Chrome. @22-02-2022 01:57:23.0790 AM
[ReportManager] Initial window size: (1920, 1080) @22-02-2022 01:57:23.0795 AM
[ReportManager] Window size after SWD Maximize: (1920, 1080) @22-02-2022 01:57:23.0974 AM
[ReportManager] Window size after Toolkit: (1920, 1080) @22-02-2022 01:57:24.0518 AM
[ReportManager] Browser Action [MaximizeWindow] successfully performed. With the following test data [New screen size is now: (1920, 1080)]. @22-02-2022 01:57:24.0521 AM
[ReportManager] Target URL: [https://yari-demos.prod.mdn.mozit.cloud/en-US/docs/Web/HTML/Element/select/_sample_.Advanced_select_with_multiple_features.html] @22-02-2022 01:57:24.0522 AM
[ReportManager] Initial URL: [data:,] @22-02-2022 01:57:24.0552 AM
[ReportManager] Browser Action [NavigateToURL] successfully performed. With the following test data [https://yari-demos.prod.mdn.mozit.cloud/en-US/docs/Web/HTML/Element/select/_sample_.Advanced_select_with_multiple_features.html]. @22-02-2022 01:57:24.0802 AM
[ReportManager] Element Action [Select] successfully performed. With the following test data [Dog]. @22-02-2022 01:57:25.0008 AM
[ReportManager] Element Action [Select] successfully performed. With the following test data [Cat]. @22-02-2022 01:57:25.0172 AM
[ReportManager] Element Action [GetSelectedText] successfully performed. With the following test data [DogCat]. @22-02-2022 01:57:25.0273 AM
[ReportManager] DogCat @22-02-2022 01:57:25.0273 AM
[ReportManager] Element Action [GetSelectedText] successfully performed. With the following test data [DogCat]. @22-02-2022 01:57:25.0353 AM
[ReportManager] Assertion [ValidateElementAttribute] PASSED. Expected [Value Should be 'DogCat' for the 'selectedText' attribute, element locator 'By.tagName: select'] and Actual [DogCat]. Comparison Type [EQUALS]. Validation Type [POSITIVE]. @22-02-2022 01:57:25.0946 AM
[ReportManager] Successfully created attachment [Screenshot - 1645495045800_multipleSelect_ValidateElementAttribute_passed] @22-02-2022 01:57:25.0947 AM
[ReportManager] Browser Action [CloseCurrentWindow] successfully performed. @22-02-2022 01:57:26.0324 AM
[ReportManager] Successfully created attachment [Browser Action Test Data - CloseCurrentWindow - Actual Value] @22-02-2022 01:57:26.0324 A

################################################################################################################################################
Starting Execution:	[160 out of 165] test cases in the current suite
Test Method:		[testPackage01.Test_SelectedValue.simpleSelect]
################################################################################################################################################
[ReportManager] File Action [GetAbsolutePath] successfully performed. With the following test data [Relative Folder Path: "target/downloadedFiles/"]. @22-02-2022 01:57:26.0330 AM
[ReportManager] Attempting to run locally on: [Mac-64], [GoogleChrome], Headless Execution. @22-02-2022 01:57:26.0330 AM
[ReportManager] Identifying OS/Driver combination and selecting the correct driver version automatically. Please note that if a new driver executable will be downloaded it may take some time... @22-02-2022 01:57:26.0330 AM
[ReportManager] Successfully Opened Google Chrome. @22-02-2022 01:57:26.0901 AM
[ReportManager] Initial window size: (1920, 1080) @22-02-2022 01:57:26.0906 AM
[ReportManager] Window size after SWD Maximize: (1920, 1080) @22-02-2022 01:57:27.0088 AM
[ReportManager] Window size after Toolkit: (1920, 1080) @22-02-2022 01:57:27.0583 AM
[ReportManager] Browser Action [MaximizeWindow] successfully performed. With the following test data [New screen size is now: (1920, 1080)]. @22-02-2022 01:57:27.0586 AM
[ReportManager] Target URL: [https://yari-demos.prod.mdn.mozit.cloud/en-US/docs/Web/HTML/Element/select/_sample_.Basic_select.html] @22-02-2022 01:57:27.0586 AM
[ReportManager] Initial URL: [data:,] @22-02-2022 01:57:27.0613 AM
[ReportManager] Browser Action [NavigateToURL] successfully performed. With the following test data [https://yari-demos.prod.mdn.mozit.cloud/en-US/docs/Web/HTML/Element/select/_sample_.Basic_select.html]. @22-02-2022 01:57:27.0858 AM
[ReportManager] Element Action [Select] successfully performed. With the following test data [Third Value]. @22-02-2022 01:57:28.0130 AM
[ReportManager] Element Action [GetSelectedText] successfully performed. With the following test data [Third Value]. @22-02-2022 01:57:28.0208 AM
[ReportManager] Third Value @22-02-2022 01:57:28.0208 AM
[ReportManager] Element Action [GetSelectedText] successfully performed. With the following test data [Third Value]. @22-02-2022 01:57:28.0279 AM
[ReportManager] Assertion [ValidateElementAttribute] PASSED. Expected [Value Should be 'Third Value' for the 'selectedText' attribute, element locator 'By.tagName: select'] and Actual [Third Value]. Comparison Type [EQUALS]. Validation Type [POSITIVE]. @22-02-2022 01:57:28.0691 AM
[ReportManager] Successfully created attachment [Screenshot - 1645495048586_simpleSelect_ValidateElementAttribute_passed] @22-02-2022 01:57:28.0691 AM
[ReportManager] Browser Action [CloseCurrentWindow] successfully performed. @22-02-2022 01:57:28.0954 AM
[ReportManager] Successfully created attachment [Browser Action Test Data - CloseCurrentWindow - Actual Value] @22-02-2022 01:57:28.0955 A
[ReportManager] File Action [GetAbsolutePath] successfully performed. With the following test data [Relative Folder Path: "target/downloadedFiles/"]. @22-02-2022 01:57:28.0957 AM
[ReportManager] Attempting to run locally on: [Mac-64], [Safari], Headless Execution. @22-02-2022 01:57:28.0957 AM
[ReportManager] An Exception Occured with this Message: Could not start a new session. Possible causes are invalid address of the remote server or browser start-up failure.. @22-02-2022 01:57:29.0003 AM
[ReportManager] Successfully created attachment [Exception Stack Trace - org.openqa.selenium.SessionNotCreatedException] @22-02-2022 01:57:29.0004 AM
[ReportManager] Driver Factory Action [createNewLocalDriverInstanceForSafari] failed. With the following test data [Failed to create a session on DESKTOP_SAFARI]. @22-02-2022 01:57:29.0004 A

################################################################################################################################################
Starting Execution:	[161 out of 165] test cases in the current suite
Test Method:		[testPackage01.Test_dynamicLoading.dynamicLoading_elementIsHidden]
###############################################################################################################################################



################################################################################################################################################
Starting Execution:	[162 out of 165] test cases in the current suite
Test Method:		[testPackage01.Test_dynamicLoading.dynamicLoading_elementIsRendered]
###############################################################################################################################################


################################################################################################################################################
Starting Execution:	[163 out of 165] test cases in the current suite
Test Method:		[dsl.testDsl.testButton]
################################################################################################################################################
[ReportManager] File Action [GetAbsolutePath] successfully performed. With the following test data [Relative Folder Path: "target/downloadedFiles/"]. @22-02-2022 01:57:29.0016 AM
[ReportManager] Attempting to run locally on: [Mac-64], [Safari], Headless Execution. @22-02-2022 01:57:29.0016 AM
[ReportManager] Successfully Opened Safari. @22-02-2022 01:57:29.0942 AM
[ReportManager] Initial window size: (800, 600) @22-02-2022 01:57:29.0968 AM
[ReportManager] Window size after SWD Maximize: (1176, 803) @22-02-2022 01:57:29.0981 AM
[ReportManager] Browser Action [MaximizeWindow] successfully performed. With the following test data [New screen size is now: (1176, 803)]. @22-02-2022 01:57:29.0981 AM
[ReportManager] Target URL: [http://the-internet.herokuapp.com/] @22-02-2022 01:57:29.0982 AM
[ReportManager] Initial URL: [] @22-02-2022 01:57:30.0032 AM
[ReportManager] Browser Action [NavigateToURL] successfully performed. With the following test data [http://the-internet.herokuapp.com/]. @22-02-2022 01:57:30.0725 AM
[ReportManager] Element Action [Click] successfully performed. With the following test data [By.linkText: Add/Remove Elements]. @22-02-2022 01:57:30.0911 AM
[ReportManager] Element Action [GetText] successfully performed. With the following test data [Add Element]. @22-02-2022 01:57:31.0036 AM
[ReportManager] Assertion Passed: Then I Assert that [Add Element] is equal to [Add Element]. @22-02-2022 01:57:31.0037 AM
[ReportManager] Assertion [ValidateEquals] PASSED. Expected [Add Element] and Actual [Add Element]. Comparison Type [EQUALS]. Validation Type [POSITIVE]. @22-02-2022 01:57:31.0037 AM
[ReportManager] Element Action [Click] successfully performed. With the following test data [By.xpath: //button[text()='Add Element']]. @22-02-2022 01:57:31.0250 AM
[ReportManager] Attempting to getAttribute [disabled] from elementLocator [By.xpath: //button[text()='Add Element']]. @22-02-2022 01:57:31.0250 AM
[ReportManager] Element Action [GetAttribute] successfully performed. @22-02-2022 01:57:31.0307 AM
[ReportManager] Element Action [GetText] successfully performed. With the following test data [Delete]. @22-02-2022 01:57:31.0345 AM
[ReportManager] Assertion Passed: Then I Assert that [Delete] is equal to [Delete]. @22-02-2022 01:57:31.0345 AM
[ReportManager] Assertion [ValidateEquals] PASSED. Expected [Delete] and Actual [Delete]. Comparison Type [EQUALS]. Validation Type [POSITIVE]. @22-02-2022 01:57:31.0345 A

################################################################################################################################################
Starting Execution:	[164 out of 165] test cases in the current suite
Test Method:		[dsl.testDsl.testCheckBox]
################################################################################################################################################
[ReportManager] File Action [GetAbsolutePath] successfully performed. With the following test data [Relative Folder Path: "target/downloadedFiles/"]. @22-02-2022 01:57:31.0710 AM
[ReportManager] Attempting to run locally on: [Mac-64], [Safari], Headless Execution. @22-02-2022 01:57:31.0711 AM
[ReportManager] Successfully Opened Safari. @22-02-2022 01:57:32.0547 AM
[ReportManager] Initial window size: (800, 600) @22-02-2022 01:57:32.0569 AM
[ReportManager] Window size after SWD Maximize: (1176, 803) @22-02-2022 01:57:32.0582 AM
[ReportManager] Browser Action [MaximizeWindow] successfully performed. With the following test data [New screen size is now: (1176, 803)]. @22-02-2022 01:57:32.0582 AM
[ReportManager] Target URL: [http://the-internet.herokuapp.com/] @22-02-2022 01:57:32.0582 AM
[ReportManager] Initial URL: [] @22-02-2022 01:57:32.0632 AM
[ReportManager] Browser Action [NavigateToURL] successfully performed. With the following test data [http://the-internet.herokuapp.com/]. @22-02-2022 01:57:33.0134 AM
[ReportManager] Element Action [Click] successfully performed. With the following test data [By.linkText: Checkboxes]. @22-02-2022 01:57:33.0349 AM
[ReportManager] Element Action [Click] successfully performed. With the following test data [By.xpath: (//INPUT[@type='checkbox'])[1]]. @22-02-2022 01:57:33.0623 AM
[ReportManager] Element Action [Click] successfully performed. With the following test data [By.xpath: (//INPUT[@type='checkbox'])[2]]. @22-02-2022 01:57:33.0791 A

################################################################################################################################################
Starting Execution:	[165 out of 165] test cases in the current suite
Test Method:		[dsl.testDsl.testLabel]
################################################################################################################################################
[ReportManager] File Action [GetAbsolutePath] successfully performed. With the following test data [Relative Folder Path: "target/downloadedFiles/"]. @22-02-2022 01:57:34.0208 AM
[ReportManager] Attempting to run locally on: [Mac-64], [Safari], Headless Execution. @22-02-2022 01:57:34.0209 AM
[ReportManager] Successfully Opened Safari. @22-02-2022 01:57:35.0051 AM
[ReportManager] Initial window size: (800, 600) @22-02-2022 01:57:35.0072 AM
[ReportManager] Window size after SWD Maximize: (1176, 803) @22-02-2022 01:57:35.0086 AM
[ReportManager] Browser Action [MaximizeWindow] successfully performed. With the following test data [New screen size is now: (1176, 803)]. @22-02-2022 01:57:35.0086 AM
[ReportManager] Element Action [GetText] successfully performed. With the following test data [Welcome to the-internet]. @22-02-2022 01:57:35.0673 AM
[ReportManager] Assertion Passed: Then I Assert that [Welcome to the-internet] is equal to [Welcome to the-internet]. @22-02-2022 01:57:35.0673 AM
[ReportManager] Assertion [ValidateEquals] PASSED. Expected [Welcome to the-internet] and Actual [Welcome to the-internet]. Comparison Type [EQUALS]. Validation Type [POSITIVE]. @22-02-2022 01:57:35.0673 A
[ReportManager] Successfully created attachment [SHAFT Engine Logs - Execution log] @22-02-2022 01:57:36.0107 AM

################################################################################################################################################
This test run was powered by SHAFT Engine Version: [SHAFT Engine v6.1.20220113]
SHAFT Engine is licensed under the MIT License: [https://github.com/MohabMohie/SHAFT_ENGINE/blob/master/LICENSE].
################################################################################################################################################